001b29763790d2c22cfef261cfdf5984,1156350300,24,bd-jp1y.qdgz886.cn/nc-s1-wap/*
00574b217a7edcee818a172458b9d3b9,1156360700,26,bd-jp1y.qdgz886.cn/nc-s1-wap/*
0085d0ea4b93825d949fbcb4421de8a8,1156533100,1,coco.coco.beer/wcb/mw-f05-010-1804-02/*
01765e0266db22ba0d820617d1478401,1156520100,123,m.lexinvip.net/*
027721419f0b22bf94c696c051029439,1156130200,1,ly.zsb13.cn/qtpg/wap/*
05325c9ac44ae44477d46db4422adba1,1156341700,42,www.ujiabb.com/app/*
05558f3f17e0e05193f456b0a20f9599,1156360400,17,www.ujiabb.com/app/*
058cc67e39fceb9be287f4dde62099c3,1156440600,1,www.ujiabb.com/app/*
067857f2c8a9c824bdc1160be6c8af06,1156341800,23,gx.3861edu.cn/zonghe_m/*
0725096de4d75861020e5369a9f3379f,1156340100,1,ly.zsb13.cn/qtpg/wap/*
0782baae6215481db61a42d4eac02bc0,1156320700,9,www.ujiabb.com/app/*
08115bf106c8bd13bda24754cb977b86,1156511600,10,www.ujiabb.com/app/*
084c65aee07d61136e3545234c86e906,1156512000,27,m.lexinvip.net/*
086353c94e8d3e3d0ae81b60a115cbc8,1156430700,13,88.58cytv.com/*
0884ba4962e15d3e8807c85e8629322e,1156110000,2,www.ujiabb.com/app/*
0901191bb090f403a57f99d2a48c5ba4,1156341200,25,bd-jp1y.qdgz886.cn/nc-s1-wap/*
091e89c4cc7d4f56a84f3120a00a6023,1156430100,18,www.thcycc.com/zt/rjm666/wchuancheng/*
0a45291a3385567f5be6d34b032e9f09,1156130600,48,www.ujiabb.com/app/*
0b06b77b6a6ddf0909742e4fdc746e94,1156130200,42,m.lexinvip.net/*
0b18f4f5ccd5e2f57acd18823b6eb8d8,1156460100,209,m.lexinvip.net/*
0c1db4a8f627e33cd62eb857f0e6f079,1156110000,22,www.ujiabb.com/app/*
0cb2d8c1d325a131af576b7acedfb74d,1156350200,64,m.lexinvip.net/*
0cc9e976706aef2bd2d6fc8e252f6b80,1156420100,29,zs.meibeimeima.com/*
0d186f0dbf31c1d5d86dd977606a8613,1156451400,1,coco.coco.beer/wcb/mw-f05-010-1804-02/*
0df265f154ca059eb73ba77d59f2251f,1156130600,1,coco.coco.beer/wcb/mw-f05-010-1804-02/*
0df2faf2289a711cd780c3129c3e98ab,1156440300,16,bd-jp1y.qdgz886.cn/nc-s3-wap/*
0e8bb24d28c7a55f69e424991b941148,1156510700,25,bd-jp1y.qdgz886.cn/nc-s1-wap/*
0e8c727802dcee9243a74e10ef3f8ce4,1156310000,18,www.sscbtg.com/zt/rjm666/wbtgrjm/*
0f2626910ce6e9dbae15ec5bbea49b07,1156341200,5,www.ujiabb.com/app/*
0f2ca03b95cfda3653063fb0d5805f2e,1156341100,22,www.ujiabb.com/app/*
0f6ecca8b0be4b41782dbf888b237e79,1156340400,1,88.58cytv.com/*
0f7d8217ffa23abe4ea7569af1902141,1156350300,2,m.seven-trees.com/*
0fa23e740c3581ef8972ff2f79354879,1156341600,38,bd-jp1y.qdgz886.cn/nc-s1-wap/*
0fa9c23c6ba5ac9d3664e3de629aef43,1156530500,2,zs.meibeimeima.com/*
10125a03d1d9ecfaba3faba8f485f5df,1156510100,17,88.58cytv.com/*
101b3999bc13e67a3c5e59f1c17bf763,1156320300,7,m.ibbsale.com/*
1030db91acf75f73437ea2ca4f4a749b,1156330100,1,wapbd.7158.cn/7158/031750/wap/21_0_0_w.html*
10c1e6e93cde09b353732b7e53efe89c,1156350400,68,m.lexinvip.net/*
114b07ff7aa78696ef4baa20fb85171d,1156320100,78,bd-ob.obency.com/*
12fb8870f1464a656e0201ca5d72283b,1156421800,5,yfzs01.hch688.cn/yp01/klydd4-m/*
14187f2defe3591ae731ef2f3de8af44,1156422800,5,bd-jp1y.qdgz886.cn/nc-s1-wap/*
14a8b3a1b4a530c2c2fcf10e2e3babf7,1156130100,86,www.ujiabb.com/app/*
14dcb2486ccbb9e421ffc85c01db11e8,1156420100,3,gx.3861edu.cn/zonghe_m/*
151a7eeb6912574107ec7bc2d842f8d1,1156360800,4,bdgm.sypt02.cn/mmjd/mw-z08-001-1804/*
16c97aebd5b264455feaa1791f46e51b,1156360800,12,zs.meibeimeima.com/*
171cf80794adf8c95946b9626a795b03,1156330700,18,www.ujiabb.com/app/*
17378c92540c81a53a7fa8edb2096182,1156500000,11,bd-ob.obency.com/*
17c1cfbeebf564a97dcfa686ecf77ef0,1156350200,85,gx.3861edu.cn/zonghe_m/*
17d86cc1eab6c3cc03ebea7e472e6d37,1156440100,26,zs.meibeimeima.com/*
1824e5c1290dc0775a1d0a39c2a76152,1156431200,18,bdgm.sypt02.cn/mmjd/mw-z08-001-1804/*
189ad451f0719f592acb883f8ebc3181,1156440600,1,88.58cytv.com/*
18eefb0f8929bf3327810229d158fce8,1156511900,80,bdgm.sypt02.cn/mmjd/mw-z08-001-1804/*
1978fefc50db3cb14ff6984667cfb9a7,1156420800,7,m.lexinvip.net/*
19b130ac789ba2ad50a357703ace03ca,1156330400,27,bd-jp1y.qdgz886.cn/nc-s1-wap/*
19d43a0ca1a8c0cffa6e99029c7df011,1156431300,68,m.lexinvip.net/*
1a375603d988bb4a5fd7f22eaeac7166,1156340200,22,www.qtpg8.com/*
1a558679e712284aa8314abf0d4ea25a,1156330700,3,88.58cytv.com/*
1a6e48aeb735b898874b65c2326074a7,1156440100,81,gx.3861edu.cn/zonghe_m/*
1a8309a18feae255926bae4463d257a6,1156130200,50,www.ujiabb.com/app/*
1aa8f8e3e55ec280b3c6bc52fdfada19,1156420200,1,zs.meibeimeima.com/*
1abe6c75f91b00ac2c1a8bfd6fee1ba3,1156450100,3,m.lexinvip.net/*
1b1c5f9580874ba4cdb18973dc2d546d,1156440100,2,www.ujiabb.com/app/*
1c0dee6a43fd34d44088fbf643ee965e,1156330700,75,bd-ob.obency.com/*
1cc0b3c23e4ff3ae1a9c733a407a68bd,1156420100,2,www.ujiabb.com/app/*
1d5d5a7e4522ad314b45b39e7b2accb6,1156320500,1,m.lexinvip.net/*
1e183334be3827c13b4091170f8f3c16,1156110000,5,www.ujiabb.com/app/*
1e35addd9356a06ff42d34f879613103,1156450200,88,m.lexinvip.net/*
1e8be37d93aa0f524463560fc27c470f,1156451400,16,www.qtpg8.com/*
1e96fa1ee572db59e3f5c6be92930c55,1156530100,66,m.lexinvip.net/*
1f1e0f263e15a6a87f516b55b79bd98f,1156450100,1,m.lexinvip.net/*
1f6fb1194b6acf828e094a89d9b00564,1156210200,110,m.lexinvip.net/*
1fcbca814b7b6487de97dfa87f237fe2,1156530100,18,zs.meibeimeima.com/*
20738057c54231484631c4be8da6d126,1156341500,39,bd-jp1y.qdgz886.cn/nc-s1-wap/*
20db4b0aac73ab1a6ea64ad0d31ffcbc,1156321000,19,www.qtpg8.com/*
2113d4d1956ba6f7d68a283d0ce03f27,1156340600,1,m.lexinvip.net/*
213c3c88d921833375a5eb6bcdb1ff9a,1156420200,50,www.ujiabb.com/app/*
21b5d557e66ff7e6d81d1e7e60156d60,1156340100,67,m.lexinvip.net/*
220973f055ae5f7ba78525625d619914,1156450900,28,yfzs01.hch688.cn/yp01/klydd4-m/*
2246bea4434090069ad132a0cad7ac40,1156331000,34,bd-ob.obency.com/*
227eabdd380cc71ae832f93939c4c674,1156330100,24,88.58cytv.com/*
235efa469c2acbc45379a1c20e1cba51,1156445200,173,m.lexinvip.net/*
23f8573c98ed9e8c52969e6cbbb65e42,1156130500,28,bd-jp1y.qdgz886.cn/nc-s1-wap/*
24130481a4c3c9ec64f42566e9c306d5,1156330300,50,gx.3861edu.cn/zonghe_m/*
24d7375c512e305a6c53630d858bd9fc,1156360700,26,m.lexinvip.net/*
254772914bb71415d44060087947b0c7,1156440100,30,m.lexinvip.net/*
2601f64c24fb6c90e86b26bee1b15e21,1156511800,53,m.lexinvip.net/*
269e135fae3c270777d7c72bcd790554,1156360900,124,m.lexinvip.net/*
28c10e25437eaefd623002cc098b955f,1156460100,2,www.ujiabb.com/app/*
28c3bcff0ebe6f642c350d4d29c2fda7,1156430200,1,m.ibbsale.com/*
28caad1c5491aa732fa8017473220fa9,1156450200,69,yfzs01.hch688.cn/yp01/klydd4-m/*
2957735007219b76bd87c3c66b51860d,1156500000,18,m.ibbsale.com/*
299ba95d0cfc34869907b88ea8e0f883,1156341200,1,m.lexinvip.net/*
29f28bf2a8d62644d37849d9d9fd89ca,1156510100,32,bd-ob.obency.com/*
2a4e2cc1fc9b5e1b6a71b9c875dd553c,1156341100,18,www.thcycc.com/zt/rjm666/wchuancheng/*
2abd25bc3b04af9eef2d478b437b4c11,1156511500,24,www.ujiabb.com/app/*
2b70dba11fb01470ff39bdbb9ea7fb38,1156350200,1,88.58cytv.com/*
2bd9d7d078e0630a2eedb95672acdc83,1156331000,106,bd-ob.obency.com/*
2c46b015fb69f834996ecf8a77008f19,1156341300,1,www.tclqzmp.com/zt/rjm666/wrjmkaichuang/*
2c6b39d4a0760e217a58578e3ccd1261,1156420900,2,zs.meibeimeima.com/*
2ce67607a792b42a8e278482baca01c1,1156360600,28,bd-jp1y.qdgz886.cn/nc-s1-wap/*
2d2ee494f063379c8993eacd796c275c,1156511700,19,88.58cytv.com/*
2d3588c54280e838d0952cc72e4d9e1f,1156320200,1,m.seven-trees.com/*
2d57346e685817e73500d579d043a64d,1156320800,36,bd-ob.obency.com/*
2d6e7860d6c3d681f5cd85c30d147578,1156350800,64,www.ujiabb.com/app/*
2e7a324411fa91a4b348f5f395d7310e,1156340100,22,zs.meibeimeima.com/*
2ed8d43f857461426a8be647af7fa490,1156420100,20,www.qtpg8.com/*
2f4852c1f09f543d2382c8cc5c848e6c,1156361000,15,bd-jp1y.qdgz886.cn/nc-s1-wap/*
2f49d81254071722f05d479bbcce652c,1156500000,31,zs.meibeimeima.com/*
2f6d7b2c7cdba70c6e2a27fbbea67831,1156510500,4,www.ujiabb.com/app/*
2faa717085affff46b88de03164dbd25,1156350100,40,m.lexinvip.net/*
3071be14dccc9e646d8e60bdf2769dbb,1156420500,31,bd-jp1y.qdgz886.cn/nc-s1-wap/*
314f00e6c8c7f4524c6f437cdd720fd5,1156522600,1,www.ujiabb.com/app/*
31690bc868879919057c1bef7e3faedd,1156341200,1,m.lexinvip.net/*
3173d908cbd1604e948888e6d7141d5b,1156360100,1,coco.coco.beer/wcb/mw-f05-010-1804-02/*
317a0b923cd5c2f98d494e645e89afb8,1156130900,63,m.lexinvip.net/*
3214ed38e54f7fde86ee4beacac4691e,1156440100,19,www.ujiabb.com/app/*
325b41708ecb8b7a457b62e108bcbec8,1156320600,18,m.lexinvip.net/*
326b89c69b404c6e7fde11ff3cdd93ca,1156320400,92,gx.3861edu.cn/zonghe_m/*
32891b5cbaac64389e5894c87d12906f,1156131100,4,gx.3861edu.cn/zonghe_m/*
3289778eb4179297f842c12db78a94f2,1156440300,4,bd-jp1y.qdgz886.cn/nc-s1-wap/*
32e62fe28ee8cc39242b4e49413457f6,1156130400,1,m.lexinvip.net/*
32f58212ead01e80cf0f6ea05e93ce03,1156330100,70,m.lexinvip.net/*
33c9c983c67f0a5cd08890460fbb56ac,1156350900,116,m.lexinvip.net/*
34def61ac248465143f48b0bc15507e0,1156130800,40,bd-ob.obency.com/*
35041f0b61d1d4d711ee83762b1208ae,1156131000,32,bd-ob.obency.com/*
356dc9e2f9107b82b1b595836fb25a2e,1156360300,96,m.lexinvip.net/*
363fac06cca3397b6215881b99ddc041,1156440300,25,bd-jp1y.qdgz886.cn/nc-s1-wap/*
369d3a76a6b9a6e5927da8836874e68b,1156450100,4,m.lexinvip.net/*
36c23e9e8a41d844396f758d5ebacdcd,1156360400,79,bdgm.sypt02.cn/mmjd/mw-z08-001-1804/*
36e8535d3a8101928284ce0f1a29b988,1156530600,20,www.tclqzmp.com/zt/rjm666/wrjmkaichuang/*
3713a651a67218b19d9a6a94506e3f06,1156500000,3,m.ibbsale.com/*
3723f19878e5b365fd2b69b5a063ef5c,1156320100,1,www.ujiabb.com/app/*
3777694936077a4ae5bfef1016cb1b6b,1156120000,1,m.lexinvip.net/*
377c5d1c09c696a19e2580559d7df3bb,1156321000,4,m.lexinvip.net/*
379d3a29a6e4b8e43a3fb95cbbee6828,1156341300,1,m.lexinvip.net/*
38533d905be7d942d6e5a1e85b3d863f,1156450300,12,gx.3861edu.cn/zonghe_m/*
38e042a952c7fdf651507f6ecbae964e,1156340600,31,m.lexinvip.net/*
39b52ee68606b1ddaa3d62d7aaf7de4f,1156320600,64,m.lexinvip.net/*
39da9f366ed34df3bf32d7e559001db5,1156310000,1,m.lexinvip.net/*
39de0d9684955472d6fde77d214a2d6f,1156330400,89,gx.3861edu.cn/zonghe_m/*
3a33d412486620aacaaa4ba9a8f647d3,1156510100,30,m.lexinvip.net/*
3bf5208c22ee674a6749ec6a39805943,1156340400,88,bdgm.sypt02.cn/mmjd/mw-z08-001-1804/*
3ca495a5a58ce5cf57f86d169969b974,1156341600,4,www.qtpg8.com/*
3cebd0c450d349f17aa815238a9af912,1156441900,46,m.lexinvip.net/*
3db697db8b4f96777b88928e4a305070,1156330200,1,bd-ob.obency.com/*
3dc49d4dd68742b01e9a4890d8a509fb,1156360400,39,bd-ob.obency.com/*
3e14b8e7e022d8857714474a3f463dcf,1156340600,7,m.lexinvip.net/*
3e1dbd26db20881b16688e8548873e30,1156511400,1,www.ujiabb.com/app/*
3fc7f3f21986a44c586afd1d4eba9f17,1156120000,1,ly.zsb13.cn/qtpg/wap/*
3ffc6c9b4254075dc51ff7dc7272aa4e,1156420300,1,www.silumeishi.com/*
40d249bd90a77d3d78b97645d02a1260,1156361100,7,m.lexinvip.net/*
40f1fe0187a2818bf1e094eb2223dd00,1156330100,16,www.thcycc.com/zt/rjm666/wchuancheng/*
423bf32cce13dce5d491fd2d6116a60a,1156340400,28,bd-jp1y.qdgz886.cn/nc-s1-wap/*
436dfeda10d15ee1b4d0fcd53b5ef8cb,1156131000,42,www.ujiabb.com/app/*
439aaab8bff4d0fe74e77dd3c79266e5,1156513300,7,bd-ob.obency.com/*
442c0cf736fbc3fad1d0b28d96c37874,1156451300,1,m.seven-trees.com/*
443de65eb16b010a2e40aee61a802bde,1156510700,67,www.ujiabb.com/app/*
449ec358a3813a6fa0e9a0ba218d4fc2,1156310000,23,www.csjmiaodongpaigu.com/*
44ce796b719aeae39b8187c4657c7272,1156360500,57,svip.zsb027.cn/join5/wap/*
45f7aa5e6011c84dc284b02f247a8880,1156510900,38,bd-ob.obency.com/*
4673c5a6ba2155c0654c9b8c915a0456,1156511700,4,m.ibbsale.com/*
47ea66b62436cbafc904682a82c87d37,1156341300,20,svip.zsb027.cn/join5/wap/*
47faa85cb13974a562cdfc6995bdfb5d,1156420100,1,m.lexinvip.net/*
47fb278c20b0880b707ce9e9b501f492,1156532900,5,www.ujiabb.com/app/*
48086429b0aa1e02dd21c0898dde3530,1156500000,38,m.ibbsale.com/*
4821e5a316122fd983f87d342816add7,1156510900,23,gx.3861edu.cn/zonghe_m/*
483f6c209dcadb165a1aa077a3547091,1156610800,2,by.sxqnxc.cn/ztb/roujiamo.html*
48bee02f8c795efd216a15c0f5aa0b74,1156110000,2,bd-ob.obency.com/*
48d927234349212e0b00b41d0ca03e62,1156440100,8,bd-jp1y.qdgz886.cn/nc-s1-wap/*
497c0bb6d828a7f65b3acb9d1eb1e283,1156530900,1,coco.coco.beer/wcb/mw-f05-010-1804-02/*
49b89108a9b391f9ab8d222626d47b9f,1156340500,22,88.58cytv.com/*
4a288205c962a2ff4ae3e10a727441d2,1156320500,40,bd-ob.obency.com/*
4a46362ec88a78c2fa47b4281a0f5fbd,1156310000,64,m.lexinvip.net/*
4a744f683abc7fbdf372a9839fd4a93d,1156441900,82,gx.3861edu.cn/zonghe_m/*
4abc879ccb90197ded1a6679c0e975ff,1156341600,4,www.ujiabb.com/app/*
4b0836c43de6e0da469d9354d12c4baa,1156130100,56,bd-jp1y.qdgz886.cn/nc-s1-wap/*
4b206cd80e35cf5e663f5a14abe98d6b,1156430100,1,coco.coco.beer/wcb/mw-f05-010-1804-02/*
4b4e71976265137248ba7e137e0e2e4d,1156511900,41,gx.3861edu.cn/zonghe_m/*
4b991181a7e206ec96f8e7883b2fc3b4,1156513400,11,88.58cytv.com/*
4bb9504bc0521c9aa77f257401c7a122,1156450800,16,bdgm.sypt02.cn/mmjd/mw-z08-001-1804/*
4bd6e1fe3ff0e1085324369a1f1d321c,1156110000,14,www.sscbtg.com/zt/rjm666/wbtgrjm/*
4c30a5eca29e07ec808895b5285238b0,1156450900,2,bd-jp1y.qdgz886.cn/nc-s1-wap/*
4c70e6caf4b12c77dc80bcf001ef6510,1156341700,2,m.isjmw.com/youjiabaobei/*
4c90da3fefd32c078c150fc9f6bfb08d,1156442000,1,bd-jp1y.qdgz886.cn/nc-s1-wap/*
4d04421af2633545c17feac11fc20a96,1156340800,1,m.lexinvip.net/*
4d3d4343633b48308279daadb55876a6,1156441900,1,m.lexinvip.net/*
4dd2ad3dc84ca27266ead378174eef0a,1156320300,1,m.lexinvip.net/*
4dde05f5bc27b592240cf9590c450242,1156330200,57,m.lexinvip.net/*
4e70afd1be9696c8526da04da3d09b96,1156321300,11,www.thcycc.com/zt/rjm666/wchuancheng/*
4eac1c71e68deccef3f8de58282ceb37,1156341600,49,www.ujiabb.com/app/*
4f188141dbee177809772bfe94cd2c57,1156440300,27,www.qtpg8.com/*
4fbd7f59b3ddf20f28d041eb284306d5,1156320500,49,www.ujiabb.com/app/*
50c033e395c310a9320fb36b05bee981,1156510100,32,gx.3861edu.cn/zonghe_m/*
512d55cb5993db10a7b5df4866467224,1156510100,2,m.seven-trees.com/*
5158831e6954a827cd7570fa37dc0bd2,1156340800,28,zs.meibeimeima.com/*
51790e525a7312e61b076a0022c1623f,1156340600,1,ly.zsb13.cn/qtpg/wap/*
51e4bbdf585f9a762b59670624194253,1156511600,24,m.lexinvip.net/*
52254f2aaf90584f853d0b1ec73aa6aa,1156320200,13,bd-ob.obency.com/*
52291e297e39fc208d7affab1afa25d1,1156441900,41,www.ujiabb.com/app/*
531bd1084ed26723b8358501e1623f19,1156371500,17,www.tclqzmp.com/zt/rjm666/wrjmkaichuang/*
53d9aef08c3fb512678cf2683ac2f509,1156330200,9,www.ujiabb.com/app/*
5413862f23369a87fa47e867f7c00046,1156310000,1,www.csjmiaodongpaigu.com/*
545bd4a38bacf1364d8664fb696aded8,1156360400,29,bd-jp1y.qdgz886.cn/nc-s1-wap/*
54880b23f44a23957cff70dd2495b406,1156440100,21,www.ujiabb.com/app/*
549b5f5313d33d66b09d47980edd7819,1156510600,88,www.ujiabb.com/app/*
54dbf636591e35de3487042c3e6b7adf,1156341800,1,www.ujiabb.com/app/*
551e44e25246a3bfbcec3925889ad17a,1156510100,2,ly.zsb13.cn/qtpg/wap/*
556ec4086186d54227381c95b7572ca6,1156511900,1,ly.zsb13.cn/qtpg/wap/*
56304813c7a58df093eb4c901689ca46,1156510900,49,www.ujiabb.com/app/*
56df3ee60ce37a4e7f3df59534b2f5bc,1156511500,47,www.ujiabb.com/app/*
57f65dd329880de78bbcce82008b86f5,1156510600,88,yfzs01.hch688.cn/yp01/klydd4-m/*
58832d19f9fe3533034013c7db6a803e,1156130200,1,www.ujiabb.com/app/*
58e1b1b98c282ac4f3b7cbc41cc19c49,1156510500,28,bd-jp1y.qdgz886.cn/nc-s3-wap/*
597df7572ea49e08a4612fb964a289d7,1156130400,1,bddtlm.zsld69.com/web/2248/13903/19605/index_tpl.htm*
5a384498a69ef5d6a0bac66f63e415cc,1156440300,30,yfzs01.hch688.cn/yp01/klydd4-m/*
5a7b0cc2698674b2e119085a22f47e66,1156450900,38,www.ujiabb.com/app/*
5ae51fff28a8fa2e4c6c489590c9d7e0,1156360700,4,bd-ob.obency.com/*
5c331ccb0c6fc058ecf4ee19d52bf37c,1156130400,18,m.lexinvip.net/*
5cbe2fc8ca1b1214f38f5874f62ca185,1156320500,87,gx.3861edu.cn/zonghe_m/*
5d119d652740eb3591fb38d956e6543f,1156330300,1,m.lexinvip.net/*
5ec2462050cc7ff44bf863b6b2f12b10,1156330100,27,bd-jp1y.qdgz886.cn/nc-s1-wap/*
5eceeec8c2bc93f0f0b622089008e60d,1156430700,15,zs.meibeimeima.com/*
5edd1dd0f35b84b7e5eb870e32a4963e,1156511800,39,bd-ob.obency.com/*
5f214eb8938fe3a4796542d699ae6c38,1156360800,11,bd-jp1y.qdgz886.cn/nc-s1-wap/*
5f4b40dafcc6bbd855d078416ecbcff3,1156330100,61,m.lexinvip.net/*
60976a3e3d9124b9100f48eb7bd4dbae,1156532500,1,zs.meibeimeima.com/*
60bc0c50f9b8b4f1afc73a0bee67a2ff,1156530100,16,m.ibbsale.com/*
613fc8864eebd769356f84b7b2337bc9,1156110000,1,m.lexinvip.net/*
62a6ee0a8728e1ff597b464f90573000,1156420100,15,www.ujiabb.com/app/*
6340c4679b6ede816e159ef9fdfdc7fe,1156530400,8,m.lexinvip.net/*
63ad871fc462616493f470425df2ef68,1156360700,74,m.lexinvip.net/*
6442ea661f24b30eb54b1bf8eb8214b2,1156500000,1,m.lexinvip.net/*
64ebdd5650565cc842416030b18108e7,1156450200,14,m.lexinvip.net/*
64ed6c7bb659eb656c6f9abcebdd4f30,1156420100,1,m.lexinvip.net/*
652f74ef31b5ceb420c8ddb570952154,1156440100,1,bddtlm.zsld69.com/web/2248/13903/19605/index_tpl.htm*
661ac30f6bffdd15714b4cee959e7bf2,1156511500,25,m.lexinvip.net/*
663b53c909b1537779f256db8de88fa2,1156440300,34,bd-ob.obency.com/*
66b17e98a637704ef09d4be86aa50b21,1156451000,167,yfzs01.hch688.cn/yp01/klydd4-m/*
6714321ecef82de91c79984f6e5f213d,1156360700,2,www.thcycc.com/zt/rjm666/wchuancheng/*
672503ade7f629624c90018082547e7b,1156341600,46,m.lexinvip.net/*
6726b32aa9f4609c9df3755bed80f464,1156350100,29,www.ujiabb.com/app/*
6729a33010f80ae11f0ec6f551b1b28f,1156110000,22,www.ujiabb.com/app/*
67561adf8414dcb9f65bc8cba1c6674b,1156500000,39,bd-ob.obency.com/*
6786436444f24c269761eee437d96916,1156442000,14,www.thcycc.com/zt/rjm666/wchuancheng/*
67ba491e3feb3f43c2ada4c71b0db37b,1156500000,79,bdgm.sypt02.cn/mmjd/mw-z08-001-1804/*
67c8c0aade379d5718fb6c335794b727,1156440100,37,bd-ob.obency.com/*
68d4f3bd0611c7432d050dd12ff30fe9,1156451100,43,www.ujiabb.com/app/*
69794b29bf71a6f061e6145da8df9fa5,1156440600,63,m.lexinvip.net/*
697c778dfd3943db37f722c59fdd167b,1156450100,4,bdgm.sypt02.cn/mmjd/mw-z08-001-1804/*
6986d45fc73ce29e8051fde92399f8d5,1156110000,24,www.thcycc.com/zt/rjm666/wchuancheng/*
6a0266276e0e64128eae9aa5ebc1a1f3,1156510100,41,bd-ob.obency.com/*
6a26640a9362a42e8191b43fb5028c84,1156510100,55,www.ujiabb.com/app/*
6bf49493f952fdf8a4db24c3484ebb3e,1156330100,20,www.qtpg8.com/*
6c75ec41486bed574fe130b010e78589,1156511300,1,m.lexinvip.net/*
6ca1b2ff4b547f49e8f54609f9fc4abb,1156500000,43,bd-ob.obency.com/*
6cb0f2757dd9cf122df46e421e33fbef,1156310000,1,bd-ob.obency.com/*
6d76ea49e0837a7949cd5d58b46f71bd,1156500000,25,zs.meibeimeima.com/*
6e290283454be6fcf1c5d00db1ae233f,1156130500,64,m.lexinvip.net/*
6e441f501cb63c117ff3a9c78008b338,1156460100,1,bd-ob.obency.com/*
6edcf655eb2a4d807dfd98fdcb04f2dc,1156510600,1,m.lexinvip.net/*
7004c36c37d74a5c9522e208478d5f42,1156510100,1,www.ujiabb.com/app/*
713915fd9671b0a2d942dce058b0d45a,1156500000,11,m.honey-lovely.com/*
71e8b34038fb35615bb31ff7f7fd91f6,1156511100,32,m.ibbsale.com/*
71f61f6dbb6b858c9ff9727fad286158,1156331100,6,www.thcycc.com/zt/rjm666/wchuancheng/*
728bf5178b6f042e174923107a36090c,1156422800,1,zs.meibeimeima.com/*
72ecfa60d5dc5e84c111c71fe67bbb1d,1156420100,56,gx.3861edu.cn/zonghe_m/*
73107dd74e1e89697d126cffe865375d,1156511400,62,m.lexinvip.net/*
73d441d2fac7373c261c509560dae68f,1156510900,22,www.ujiabb.com/app/*
74f0427cee6dd2803ad55d1b0e84c94c,1156511700,27,bd-jp1y.qdgz886.cn/nc-s1-wap/*
753355baa9063d87530504c96d4128d4,1156330100,17,yfzs01.hch688.cn/yp01/klydd4-m/*
758b4c62da64fa2a75b292ce770f7ae8,1156530100,28,zs.meibeimeima.com/*
75e3c7e7db988e45bbc87c50419a4bcb,1156441900,29,bd-jp1y.qdgz886.cn/nc-s1-wap/*
75f01dd67acac2555fba2f3ba6b4cda0,1156310000,1,www.csjmiaodongpaigu.com/*
76bf102e2056ff68fd26f0bc3713aa2f,1156350600,20,www.qtpg8.com/*
76efd67524426ff73db8d040499eb967,1156440100,28,bd-jp1y.qdgz886.cn/nc-s1-wap/*
76fc59ca14846153d35f123ed2af4c27,1156330200,67,m.lexinvip.net/*
772503fa41a4ed7d6e5bb59a573068aa,1156500000,25,zs.meibeimeima.com/*
774a7cea124f6522964da6fb9c2b9f0d,1156450300,2,m.lexinvip.net/*
775ebd53e8db5d2a5a7d59406c360e0f,1156450100,2,www.ujiabb.com/app/*
778f5eae3be30588101d1fbabfe18850,1156510100,36,m.ibbsale.com/*
780c792684f3a7cad99c7e217131cc01,1156500000,38,bd-ob.obency.com/*
7899009bfec8f014278d73c9cba1f653,1156440700,1,m.lexinvip.net/*
78c1560e36aee3c1a80cf38c53b9077e,1156341800,40,bd-ob.obency.com/*
79ceeb5605ca5b600cdf1bd3e0bc4905,1156321000,36,m.lexinvip.net/*
7a8ccb87b341a14165ea4e4c521656bc,1156330100,1,www.ujiabb.com/app/*
7af0696f0cdac2f763e8d1981fb46a60,1156350900,48,www.ujiabb.com/app/*
7b74811cd4c6cb56911bb4ecaeefd1ec,1156420100,1,88.58cytv.com/*
7c14d2bd0f93c1aa4fe70f5c543dc18f,1156330100,8,www.ujiabb.com/app/*
7c4e437194652dcfec2201a4addbe125,1156340100,13,www.ujiabb.com/app/*
7c59a22be32d03e4b2bc94fb64e4aaa1,1156341200,1,m.lexinvip.net/*
7cccbc14420ac55cb0f814e728b6e003,1156441900,87,gx.3861edu.cn/zonghe_m/*
7d219c7956feef0266bc5201b6c33880,1156330700,7,www.qtpg8.com/*
7da4bec659d885621ee9ec5ec2d0e114,1156130100,29,bd-jp1y.qdgz886.cn/nc-s1-wap/*
7e28700e0315c65b61c451fa5f039160,1156532600,43,zs.meibeimeima.com/*
7e913120c9b4b7b67ff3337ac3fb51f5,1156360100,20,zs.meibeimeima.com/*
80d58f6d87e2212a2dd650a1fdbe297c,1156421000,82,gx.3861edu.cn/zonghe_m/*
810b5bf40b21a49b05f1e8597c4397c4,1156442000,27,bd-jp1y.qdgz886.cn/nc-s1-wap/*
8198fe12293e01cba0783d207a07db27,1156510100,1,m.ibbsale.com/*
819bf19a98743cbb22144e7d3b6580e0,1156510100,36,m.ibbsale.com/*
82162af7e7f587c6dc8bc20eb670975b,1156330300,1,m.lexinvip.net/*
821fa0a13e7069b884a2942dd36a7f35,1156500000,20,gx.3861edu.cn/zonghe_m/*
84cfcca2adf97340ad5f9bd7920fefbe,1156530800,9,gx.3861edu.cn/zonghe_m/*
854701198207172cf7e2cdd7df7ef946,1156340100,9,www.ujiabb.com/app/*
858bc7a627caafafd02329d76ee5f1d5,1156330700,42,www.ujiabb.com/app/*
863d2874be0ae8ccb4136c82d89bfebe,1156330700,48,www.ujiabb.com/app/*
86fafcaaf0d435b3efca7a75af8809ad,1156530500,26,zs.meibeimeima.com/*
870596a632cf62da48f73c0a7ce3b18a,1156510500,11,www.ujiabb.com/app/*
875c17e0aec3a4dce24b5590af636496,1156421800,34,gx.3861edu.cn/zonghe_m/*
8790aa801cb45d9353f5461309ca8860,1156440700,1,bd-jp1y.qdgz886.cn/nc-s1-wap/*
884f6efb1aa3b7b59620da69b746adff,1156450500,11,www.ujiabb.com/app/*
88e355aba53bbd4b9d5b34a4f186cf17,1156510700,1,m.ibbsale.com/*
89241c665d023c83174e8ba0f49fb792,1156441500,37,bd-ob.obency.com/*
89ab667745b82ac562ece6db8d417cd6,1156330200,80,bd-ob.obency.com/*
89b1b296c78334c63ff270b581371aa7,1156430100,2,m.ibbsale.com/*
89c0ba1e26587bd09865910bf8b26cb3,1156430100,41,m.lexinvip.net/*
8a62fed6694f1568b4305ffb33d47063,1156450900,46,www.ujiabb.com/app/*
8a6e9d7a55abf6c4aa8760792a225457,1156330500,50,www.ujiabb.com/app/*
8a72fe592553444f6891edb7bbc7ecee,1156450900,26,m.lexinvip.net/*
8b131f5398ebdc9a51a3cfea1dc3dad8,1156360600,28,bd-jp1y.qdgz886.cn/nc-s1-wap/*
8b9f03eb0226fde07e156de573798bb4,1156350200,26,bd-jp1y.qdgz886.cn/nc-s1-wap/*
8cea6c1f7b54c803b1c72f084273fd83,1156511300,78,bdgm.sypt02.cn/mmjd/mw-z08-001-1804/*
8cf13dec69bb1e700c24d2ed5fb5385d,1156510600,72,m.lexinvip.net/*
8d11f16dfbb943b2a87c9b1fd0d6a388,1156360700,4,www.ujiabb.com/app/*
8d59b6104dde97b8cb8543e95a41d2a7,1156532300,44,www.ujiabb.com/app/*
8d79adcb503ad03f375ea9d724e2dc93,1156130100,29,bd-jp1y.qdgz886.cn/nc-s1-wap/*
8dbc0c5a74837760f4e2d905005929a2,1156130700,27,www.ujiabb.com/app/*
8f5a897674214de158a223ec66e1297b,1156421100,49,www.ujiabb.com/app/*
8f6f53a884715ac3eed06e4bfb7e4363,1156231200,35,www.thcycc.com/zt/rjm666/wchuancheng/*
8febc6d60646cc78f40a012c45a9f89f,1156360900,28,bd-jp1y.qdgz886.cn/nc-s1-wap/*
8ff7bddfa2319deb47f5f974737adb47,1156350100,48,www.ujiabb.com/app/*
90211dee0b695d5d00b6a8b2aa4aded3,1156441900,38,www.xazjcy.com/*
906c953f1ad97993f23207184a4e7109,1156451100,49,zs.meibeimeima.com/*
9253da986a2095d6e9829c64d0536945,1156450100,1,zs.meibeimeima.com/*
92986ccc4ef0de60c0af92f74da65a71,1156340800,1,wapbd.7158.cn/7158/031750/wap/21_0_0_w.html*
92a1468f3e3371a4a51adbd0754a3eed,1156340200,1,coco.coco.beer/wcb/mw-f05-010-1804-02/*
92b4b30b36e2bcdc18afe99b230a74f0,1156420100,44,www.ujiabb.com/app/*
92c4a5d13e93664c5a14db59dfd7d53d,1156360700,29,www.ujiabb.com/app/*
92c8291ca3401db02d023d17eeea5ff9,1156451200,73,m.lexinvip.net/*
9303d0e781d5a3c941888c9fdb7b2d96,1156421200,2,svip.zsb027.cn/join5/wap/*
936b6ce7e727bde8cf7413755b3039ff,1156341100,1,ly.zsb13.cn/qtpg/wap/*
9388f91ed71a9c2d664c39359fec0301,1156451400,216,m.lexinvip.net/*
93f5f9f20c8e35797ca4b2cdaf5cb816,1156441900,12,www.ujiabb.com/app/*
943f281e0c14a7514484d4f6277c5e68,1156440100,18,www.thcycc.com/zt/rjm666/wchuancheng/*
947bc14ea5448691640f82edc1ec1b31,1156330800,1,bd-ob.obency.com/*
94a600d83e71027edc4bab3c3616dc46,1156340300,2,coco.coco.beer/wcb/mw-f05-010-1804-02/*
956da9bfec80f794d4138ee237f2c752,1156450400,8,bd-ob.obency.com/*
95c254c2a270eb2471c83bdcf2a7a8e7,1156340500,49,www.ujiabb.com/app/*
9640462758b55f91a3edea5542d095cf,1156130100,22,www.ujiabb.com/app/*
96e806432ebe14b2e620f559761180ea,1156341300,3,mym.aiqin.cn/*
972a7246e882b8278dc90dd9aed55694,1156430100,2,m.seven-trees.com/*
976a81ffb9ff8568a41a3f57484c3c28,1156360900,3,wapcc.hzkai.com/*
980c9a54ebf4de898a931151ab0234fb,1156460100,34,bd-jp1y.qdgz886.cn/nc-s1-wap/*
982bdd5ce9efc1190f46df5f2ba7ec9a,1156451000,53,m.lexinvip.net/*
983dd5022a30395ca7c01437f20bfb85,1156430600,6,gx.3861edu.cn/zonghe_m/*
9841dccd4236bedb321bbbe2ab54e33e,1156513400,27,yfzs01.hch688.cn/yp01/klydd4-m/*
98a45f321809683a0e2d2b400119dc78,1156500000,19,m.ibbsale.com/*
98fbc531ae5a72bee6b15d2c7dade800,1156360100,42,bd-ob.obency.com/*
9a819d753eade4335ae7ed5daada377a,1156451300,88,bd-jp1y.qdgz886.cn/nc-s1-wap/*
9aef4b54a970a5e1c125b15ad521753d,1156440900,1,bddtlm.zsld69.com/web/2248/13903/19605/index_tpl.htm*
9af46d2fa94d7b2762650d8fa37a4285,1156120000,11,www.tclqzmp.com/zt/rjm666/wrjmkaichuang/*
9b520828afde1b8f5479c5853118d424,1156341100,41,bd-ob.obency.com/*
9c10cb151f75f364ce2a199534a25a61,1156130200,62,m.lexinvip.net/*
9c38363fb1d32aa8c6b538b844d4174c,1156513300,1,m.jiamengs.cn/youjiabaobei/*
9dc9b725085cc181627ab0776cc2583c,1156511300,1,ly.zsb13.cn/qtpg/wap/*
9e386b74ae9ad8b1ca7e90cf30cd8502,1156320800,87,gx.3861edu.cn/zonghe_m/*
9edd2493e25ce63a4d17bfbee63d5b8b,1156110000,30,bd-jp1y.qdgz886.cn/nc-s1-wap/*
9fb09510cafbb9dd9c4c8c6ea60cdccc,1156440800,29,www.ujiabb.com/app/*
9fd67b07e0cc02e1f928618ae7ee72f4,1156320200,1,baiduj.jclk5.com/zjxq/mw-j66-001-1905/*
a04c879d8152b6d971dd9f6792bb258b,1156130600,48,www.ujiabb.com/app/*
a05eae2b3b49ad940eb526d440bce616,1156321300,1,baiduj.jclk5.com/zjxq/mw-j66-001-1905/*
a0d0f1e081a40e8c0880c4709fad3891,1156450500,63,m.lexinvip.net/*
a14fb9512978b7b6827d452c01347947,1156350500,46,www.ujiabb.com/app/*
a151360be66983da9399d21bc00109ae,1156441900,36,m.ibbsale.com/*
a28a030676c0e230562f77251cf9c56a,1156460100,3,m.lexinvip.net/*
a38d078232cbb2a09a5e408370fab830,1156510100,35,m.ibbsale.com/*
a3d19427f977b95877f40434ad3c10e6,1156130900,3,www.ujiabb.com/app/*
a3d9fd847d75fd96876a7cb46739aac5,1156440800,6,www.csjmiaodongpaigu.com/*
a5948858b85bd85e9237c5c5eccab1bb,1156341600,1,zs.meibeimeima.com/*
a5ab962a60cf8db820caf89e9258cedf,1156341100,48,www.ujiabb.com/app/*
a644b12e4855815c887d18dcefc5010f,1156422800,38,zs.meibeimeima.com/*
a69728508e993ec59d6551e4c2ed2a60,1156422800,81,m.lexinvip.net/*
a6cf88fa3cd1c0e72e80403e7d5d9024,1156331000,1,bddtlm.zsld69.com/web/2248/13903/19605/index_tpl.htm*
a6d3a04ce8d1f6044d1edc2ee4898eac,1156451000,1,bd-jp1y.qdgz886.cn/nc-s1-wap/*
a71ce65e0308bd899edebcecea9b1c5e,1156500000,30,zs.meibeimeima.com/*
a73f8460ef0099279cf69efcc55f48c6,1156510700,56,m.lexinvip.net/*
a86177d17be868fef7f113f9dd5a08a9,1156500000,27,zs.meibeimeima.com/*
a96edefc84dbb198d637805fe020d363,1156340200,50,bd-ob.obency.com/*
a9929ddf0e2e3b7e4542e24717b889ed,1156441700,19,88.58cytv.com/*
ab03a67e12ed7874e625f3ac8f8666f2,1156130900,22,zs.meibeimeima.com/*
ac3a6ea1d42a9fe049d714eb26e6d2df,1156341500,1,m.lexinvip.net/*
ac3d17546928faf66a820817ff7ca324,1156440300,1,bd-ob.obency.com/*
acae4a95ce04bda939ad38963fbd7ed3,1156450700,31,bd-jp1y.qdgz886.cn/nc-s1-wap/*
acdabdb64a2754723023b40b43ce9dda,1156450200,2,zs.meibeimeima.com/*
add48d94fdd45e6cd57027f83a8c7b52,1156331000,16,m.ibbsale.com/*
ae02c769f450e8e8190f9eaff7ab45f3,1156110000,2,m.jiamengs.cn/youjiabaobei/*
ae2e4e1c9915fa2efa8acb08dd9d4e63,1156370700,62,www.csjmiaodongpaigu.com/*
af4f4d9c65e29b1b53657b91d8a45e9c,1156340800,64,www.ujiabb.com/app/*
b002ae1682c5bda1e4a972451a2f0d6b,1156441500,1,bddtlm.zsld69.com/web/2248/13903/19605/index_tpl.htm*
b021e2b9cdadaf0692800dc1711eacb3,1156510100,44,www.ujiabb.com/app/*
b05e4137be1198b1f6e3428e0593fc1c,1156130400,76,gx.3861edu.cn/zonghe_m/*
b0ebe30917a43645b5336845b46e4255,1156130200,11,www.sscbtg.com/zt/rjm666/wbtgrjm/*
b1697a3a456c3a98f85ff6dd42a761fb,1156511900,25,www.ujiabb.com/app/*
b1bb913409cb99d0b63e2614c2d03498,1156310000,43,www.silumeishi.com/*
b1d4a57be6c06ed7658e01b06cc1d9cf,1156360500,78,bdgm.sypt02.cn/mmjd/mw-z08-001-1804/*
b2a6013340f603c9017fe5d5cfc442d9,1156422800,9,zs.meibeimeima.com/*
b335eee3c1a2c2be36540f71c1d1ca3e,1156341200,68,m.lexinvip.net/*
b33d2db311e179ed311fa9df07327f57,1156441400,32,m.lexinvip.net/*
b3653826ebc922a35ec628afcdbf7612,1156340200,88,gx.3861edu.cn/zonghe_m/*
b3c9bec82089bbc9ac448a39fbbe8491,1156321000,39,bd-ob.obency.com/*
b46967e34adbe957e6940300392f4905,1156331000,74,bdgm.sypt02.cn/mmjd/mw-z08-001-1804/*
b5181a9daba2d177a6b21070768fae5e,1156451300,120,www.ujiabb.com/app/*
b5a3ed4d223d687cb5ee1490c81c12d1,1156510100,13,gx.3861edu.cn/zonghe_m/*
b67d28f7690d82dcd9ffe8e8dd146513,1156330100,1,wapcc.hzkai.com/*
b6d376a3e07f52fcbedd06bb5e63683d,1156450300,12,www.ujiabb.com/app/*
b71f00672f4b98e763ed7128e816b3a5,1156500000,48,www.ujiabb.com/app/*
b8dd65d2922143ebced786c5c0fdbb97,1156450100,17,m.lexinvip.net/*
b986f69ce9ba2ef2dfe7aa0573e6240a,1156440100,47,coco.coco.beer/wcb/mw-f05-010-1804-02/*
ba3f5d3b6f55078b87db2352af03d104,1156451300,20,bd-jp1y.qdgz886.cn/nc-s1-wap/*
ba9708eb9da1ad9f42b1caab4ce5e11c,1156341600,29,bd-jp1y.qdgz886.cn/nc-s1-wap/*
bacaad1f41213c0fbd7fb0038b1dd2b5,1156330100,1,m.lexinvip.net/*
bad2af45b4ea3d8453d142dbadc0acdf,1156341200,3,m.lexinvip.net/*
bae3a22cf5e8139ea99a083c93b56ede,1156450300,77,m.lexinvip.net/*
bb5a8d295b94b5eff72f9fef2f33137f,1156320900,106,m.lexinvip.net/*
bbe77ea2864de7e88b9e19d0d79e7750,1156420100,19,88.58cytv.com/*
bbff939c490549fb1a7c410fde757f42,1156320400,2,bd-ob.obency.com/*
bc4e7981b09b1eef2c9628d238fd8aa4,1156330600,41,m.lexinvip.net/*
bc88515842c1904f181d94575c4baf91,1156532800,38,m.ibbsale.com/*
bd1c616e546baa86f5c1fcb1aad242cb,1156341500,1,m.lexinvip.net/*
bdadf443b999395e6dfdaf3f5279d35f,1156500000,1,bd-ob.obency.com/*
bdb41f95c7fb1a9afdea8e8e6e24b87b,1156360400,27,bd-jp1y.qdgz886.cn/nc-s1-wap/*
be018cb819cfaa8705fb7383bdae2abf,1156330300,1,www.xazjcy.com/*
be4f7929612e456dd60abf4e0a1a5597,1156330300,30,m.ibbsale.com/*
bf18f5e51c0bb50c33c4891c23e37c16,1156131000,18,www.ujiabb.com/app/*
bfaec625c59f3bf74145475e792cafb2,1156360500,1,bd-ob.obency.com/*
bfbaca9d7a6be33e682c9733ef6cb68f,1156511800,1,zs.meibeimeima.com/*
c016697bd5c95f9958e10789e3df82d1,1156350100,1,coco.coco.beer/wcb/mw-f05-010-1804-02/*
c05982f43b86000a777752072fb72b80,1156130100,41,m.lexinvip.net/*
c0bdffb56d75211eee1e9645a67302f5,1156320400,22,bd-jp1y.qdgz886.cn/nc-s1-wap/*
c0c509e3b90db828b6f3227429c87c45,1156340100,34,bd-ob.obency.com/*
c107281754be666c924134bacb4076b1,1156341500,24,www.ujiabb.com/app/*
c18767db96006b531d1c703000debc5a,1156131000,81,m.lexinvip.net/*
c1877ae935ef1583c0962d689cf248bf,1156500000,20,www.sscbtg.com/zt/rjm666/wbtgrjm/*
c1939c892bce29d045ebb0bc587ea57b,1156530300,11,mym.aiqin.cn/*
c244ccabf79c8c9c9013968c5d91e548,1156520200,1,m.lexinvip.net/*
c25ae7b4ae128fbf828374c9a5fcbe78,1156500000,25,zs.meibeimeima.com/*
c2c8c9f45bfb0e9beb2dbed326f92dcf,1156511300,16,www.tclqzmp.com/zt/rjm666/wrjmkaichuang/*
c2e2e1422a4fdc2e208b5add8943d6d3,1156440500,17,www.sscbtg.com/zt/rjm666/wbtgrjm/*
c3a316cad08e1748d990e2762339500a,1156350500,40,www.ujiabb.com/app/*
c4456df03fd28af2b9c08672d44e84d2,1156350600,20,bd-ob.obency.com/*
c5739b021e8001026c17cb90db8384cf,1156130200,12,gx.3861edu.cn/zonghe_m/*
c65430762938a003f934d8498cb38b22,1156530100,65,m.lexinvip.net/*
c700929dbeccfb00ca0ee3f5cd39d524,1156350800,18,www.sscbtg.com/zt/rjm666/wbtgrjm/*
c70125a08c9f149c7970f67f415d0628,1156451000,137,zs.meibeimeima.com/*
c70180b44a17d28ae165f7caa9884dad,1156450300,13,www.ujiabb.com/app/*
c71b057fbd29d963a4f6dc8ce4d9b18e,1156442000,1,www.ujiabb.com/app/*
c7fe9d047f29133c3174ac99c5d8076c,1156340800,33,gx.3861edu.cn/zonghe_m/*
c8897a0bfeca5b6dacce23f546bb2772,1156130600,59,m.lexinvip.net/*
c8ef5d5aab057904a1c6e3e1871deb64,1156341200,1,bd-ob.obency.com/*
c9500be7d57dd1cf443d305bc60810a1,1156510100,66,m.lexinvip.net/*
c95e7c1a30c10de2bea3ebd0d46f94bd,1156520500,18,www.ujiabb.com/app/*
c991f20ed984af14c06163e090de2a26,1156420300,3,www.qtpg8.com/*
ca580fe29108526e939846da0f04f8ee,1156431200,27,zs.meibeimeima.com/*
ca5a445466449111dd3718b12bd0ed98,1156310000,35,bd-ob.obency.com/*
ca80648dd2becbf04d5b4714c476f169,1156340100,1,bd-ob.obency.com/*
ca90aa5ce7c623c814f134a87feb01a0,1156430700,1,bd-jp1y.qdgz886.cn/nc-s1-wap/*
cbb66c86e0a6d0e22682e71849c23991,1156431000,1,m.seven-trees.com/*
cbcf66f1b1c002d1017e432ad780e81d,1156451100,3,coco.coco.beer/wcb/mw-f05-010-1804-02/*
cc2aac0ab3be3d8cad93ce6b2e1de993,1156510700,1,m.jiamengs.cn/youjiabaobei/*
ccbe608c566dd13079a054c6a37afbad,1156431200,1,www.ujiabb.com/app/*
cd409dc1255db5057069d2cae37d82a6,1156511700,15,www.ujiabb.com/app/*
cdd063cb64bdc56fa0f01bf84deda845,1156441900,27,www.silumeishi.com/*
ce4ab84ab52f3c5a164acf2c70d05b01,1156430700,52,m.lexinvip.net/*
cee18ad8cade7e719a416d846f375676,1156440800,1,ly.zsb13.cn/qtpg/wap/*
cff431cd6777a0f5b80133f25b3eefe1,1156510400,1,bddtlm.zsld69.com/web/2248/13903/19605/index_tpl.htm*
cff8b2f8b01353b1b95ac80b70072ba6,1156130900,82,m.lexinvip.net/*
d0b82fbf6ef49a1cb90766edb6ecf3d4,1156320500,35,www.xazjcy.com/*
d12152c500eb1d613a119009dde01597,1156341300,63,m.lexinvip.net/*
d159e691083d7e76a82ca260efcf3600,1156310000,1,m.lexinvip.net/*
d15b9994029fee13c4071ed00acc9068,1156460100,43,m.lexinvip.net/*
d222741da8aba32f7e97922b3f828d54,1156440300,36,zs.meibeimeima.com/*
d262f4edc27862de9940a89e8e34adf9,1156341600,12,www.ujiabb.com/app/*
d40fbcaccf8c44824b31cf36460aa08a,1156500000,26,zs.meibeimeima.com/*
d410354a54a644abc1e366a6ab779fbf,1156440300,2,www.sscbtg.com/zt/rjm666/wbtgrjm/*
d491dff6f58c6b5fe04eb049dea24191,1156510100,41,bd-ob.obency.com/*
d50695bd2c7caf5fa9118d1de5b277a8,1156500000,35,m.ibbsale.com/*
d55524cf8b6ec4581cb20f16090cc4c8,1156510400,1,www.ujiabb.com/app/*
d5690ab154fe112444c925e97e5b9a43,1156510700,23,zs.meibeimeima.com/*
d5f28e53d0193a24cf091400f8eb273d,1156420100,1,88.58cytv.com/*
d669466b4cb1dcd9206d53142ed83321,1156420500,1,m.lexinvip.net/*
d7070f5bff98a6f068753b5abc8674dc,1156450100,1,zs.meibeimeima.com/*
d789429612c9ddb48cd6da8827005d5b,1156330200,5,bd-ob.obency.com/*
d8a6c311ec66b4e7cd4cc25c0fdc65f6,1156340100,50,m.lexinvip.net/*
d8c59060341756e01bb2586dd3c8dbb4,1156500000,41,m.lexinvip.net/*
d98e76f29c1e7adde5a34cab879884b0,1156130500,1,bd-jp1y.qdgz886.cn/nc-s3-wap/*
da166e420af9a891d4b4e9b139924685,1156460100,30,yfzs01.hch688.cn/yp01/klydd4-m/*
daea996934094ad2b4fbfe2bcf460ea6,1156360900,1,m.lexinvip.net/*
db69ffc78c7521699d94e7a77782b1e3,1156451400,6,bd-ob.obency.com/*
db979d32bbe106a9dec59c605b2a8f78,1156120000,19,88.58cytv.com/*
dbbdd1acad11b9bbaeedd3958b7dd575,1156340800,1,bd-ob.obency.com/*
dcc007ef4225655a76d080a1b2c237b7,1156341000,23,www.xazjcy.com/*
dcef387415a674afbdb20498bb46bf4b,1156450700,4,bxm.sypt06.cn/xmsj/qtpg/bdzwyhjj.php*
dd57ec342d59e296e3d532815abfd6cc,1156341300,46,m.lexinvip.net/*
de87a2767986104da85746aa5af8914f,1156430800,24,www.ujiabb.com/app/*
df518711adbd5b2b9b9cb51c08c3a367,1156450100,2,yfzs01.hch688.cn/yp01/klydd4-m/*
dff7368be46539df4aa2d2e1859eaf32,1156340600,7,www.qtpg8.com/*
e11243033e47b09f0b05e087fe536928,1156341100,55,www.ujiabb.com/app/*
e12114e06e6c684642e37b8420ed473f,1156610500,21,www.thcycc.com/zt/rjm666/wchuancheng/*
e132a5eb9a3a4c46ad207733b060ce07,1156620500,1,m.lexinvip.net/*
e16675f92cfcc2a023cbc95b07cbc915,1156430500,30,zs.meibeimeima.com/*
e1cac220d0e2319f7eaec4114de2e6a6,1156511500,9,m.ibbsale.com/*
e218a075b60d871ede40dcae3da8bd18,1156340600,1,www.qtpg8.com/*
e253685517c588ef019c51e4ea18f85a,1156440500,64,m.lexinvip.net/*
e2f39a8ee921ee5485a06b1c14cf0a55,1156451200,20,www.ujiabb.com/app/*
e36d0cacfce3c07588ef007f81314516,1156340300,1,zs.meibeimeima.com/*
e378efd99eac7f9b9490bb5635651565,1156440500,27,bd-jp1y.qdgz886.cn/nc-s1-wap/*
e384f0bea81e6e42c42ee2ee4648099d,1156350100,1,wapcc.hzkai.com/*
e3f0b33709002b51583c4918a8329f3e,1156360400,2,gx.3861edu.cn/zonghe_m/*
e40c83ccaccf97a2a8a56da4f20ae585,1156330700,1,m.lexinvip.net/*
e4c9b65c93c2eea4202d8f40a22bd48e,1156331000,1,m.lexinvip.net/*
e58c68b58668f592e6c211cb411ad014,1156511500,32,m.lexinvip.net/*
e6ef16f874b4cbbdfa80659f37bd5216,1156450700,27,88.58cytv.com/*
ea0d18a0f065cb94032bc8ef1c72b76c,1156431300,11,zs.meibeimeima.com/*
eaa61577e9f35838d92d55bd5cc195e9,1156430600,154,bd-ob.obency.com/*
eab0caee5d7f3672d27bde578294c362,1156310000,63,m.lexinvip.net/*
eab2e47da7d65bca3038bfb60ee24af8,1156120000,1,m.lexinvip.net/*
eb0eef6213cc4a4efd4c9a3b7180dc5b,1156130200,8,gx.3861edu.cn/zonghe_m/*
eb3140fc4eb7177cbe340bd14628b910,1156110000,1,m.seven-trees.com/*
eb98f6b13398edba7be56d6280501896,1156510100,1,bd-ob.obency.com/*
ebafb880c170b325c98de7515749019f,1156440800,29,bd-jp1y.qdgz886.cn/nc-s1-wap/*
ebd6e46aff56943d53e002869207964e,1156330100,13,www.ujiabb.com/app/*
ec0b9a1127bd8b62aee5c222fc28382e,1156120000,25,gx.3861edu.cn/zonghe_m/*
ec5e3657b332830d31f74660078dd819,1156360700,3,zs.meibeimeima.com/*
ed1f10abbf3189e2acefa40acb509cf2,1156320900,13,bd-jp1y.qdgz886.cn/nc-s1-wap/*
ed327bdd68cdd07e8f6f4f287c73a3c9,1156130700,1,coco.coco.beer/wcb/mw-f05-010-1804-02/*
ed88a587e02b20ffaa11a9fd7e4bf493,1156440300,2,www.csjmiaodongpaigu.com/*
ed8a6047b8087a7b8c7f498e81041084,1156450200,4,zs.meibeimeima.com/*
edad234853670ae2717f79af79a3a7c7,1156320200,30,88.58cytv.com/*
edcb2c917ef7749bb35d183907fe62e7,1156340300,20,www.qtpg8.com/*
eea3605e370eeca8d614453c63503462,1156321000,1,m.lexinvip.net/*
eec2aafc1d3250d2702fa7f68c07a5e0,1156511400,40,bd-ob.obency.com/*
ef156a4f52fe903d7d050107e993faec,1156430100,33,bd-ob.obency.com/*
ef7e0a3042744ca86b70a83e3de558f6,1156511700,66,m.lexinvip.net/*
efe0ee8d7752ccf5f1fcfa7ecb076f8e,1156210500,89,gx.3861edu.cn/zonghe_m/*
f064c7995e8a6b474fa83e66af638010,1156500000,26,zs.meibeimeima.com/*
f1c18974f64f1d2e0d77db23a7988ab0,1156320300,1,www.ujiabb.com/app/*
f1ca5d0dbcbc1decd7e89150d6399577,1156441300,1,ly.zsb13.cn/qtpg/wap/*
f1da3409fd176a337bcd8a59f520dcdd,1156500000,16,m.ibbsale.com/*
f202083f0162d8a4f1550af2a78f1591,1156510700,29,www.ujiabb.com/app/*
f2eb76a1bdd9337aa036719c3e61198b,1156330300,9,www.ujiabb.com/app/*
f34140efd3a19257ac9d24090e416b9f,1156450700,12,zs.meibeimeima.com/*
f352384424162fd3763ab0b7c734cc06,1156440300,1,ly.zsb13.cn/qtpg/wap/*
f3a89c298a92bd077cba9b0e88921e4a,1156411600,36,www.ujiabb.com/app/*
f3c9eb097b71cc2f3042439870d742b1,1156330100,29,www.xazjcy.com/*
f42d054dad60f82e3f9d766a39fe1575,1156431000,1,www.sscbtg.com/zt/rjm666/wbtgrjm/*
f43725cae0cc1e6995912578a6b0f9c9,1156420100,1,bd-jp1y.qdgz886.cn/nc-s3-wap/*
f4851179733b442291362d85ae8d937f,1156340100,41,www.ujiabb.com/app/*
f488666fc31f2fa1eeceea8fc86627c2,1156441900,3,m.lexinvip.net/*
f560945b23531cdb30e08f4328b30187,1156330300,29,yfzs01.hch688.cn/yp01/klydd4-m/*
f5713158d4b982a0e6a9c22b725da015,1156440300,25,yfzs01.hch688.cn/yp01/klydd4-m/*
f587033f28e80b5a3b4f53d575a1385e,1156610900,1,www.thcycc.com/zt/rjm666/wchuancheng/*
f6e11b8f15aa89144850be2219d8c381,1156131000,17,m.honey-lovely.com/*
f6ec46166d9f23abfaf94eb433a2d316,1156341800,28,bd-jp1y.qdgz886.cn/nc-s1-wap/*
f74d2e5309e2a585b22ee7d080ec9980,1156522600,5,m.lexinvip.net/*
f82769454e29d2a13c8525a73024321a,1156350700,29,yfzs01.hch688.cn/yp01/klydd4-m/*
f8c81b61b6d94d4024b1cd56ef1e41e5,1156130400,16,www.ujiabb.com/app/*
f91af122a0291ca30b9424fdb627204e,1156460100,54,www.ujiabb.com/app/*
fa58989f954f540751654f20419ce58a,1156440300,13,bd-ob.obency.com/*
faec0047aa53d48a5abe985c77bfcae5,1156450300,184,m.lexinvip.net/*
faee085856206df16f8f2f428d84bc50,1156341600,1,zs.meibeimeima.com/*
fb868515b341174aa323e582c0901733,1156421800,9,m.aiqinbb.com/*
fbc89d9c5a994aa0eafac62c5f8366b3,1156130400,87,gx.3861edu.cn/zonghe_m/*
fbf7de259635accee44aab05ab601aa9,1156330400,1,m.lexinvip.net/*
fd474aaff1762c22c90edc47f4be489f,1156610100,14,www.qtpg8.com/*
fe2b993a14c123a3c8a4866dab7370e4,1156330700,4,bd-jp1y.qdgz886.cn/nc-s1-wap/*
fe4f0ad1c7b6483069b79effca737d11,1156500000,12,zs.meibeimeima.com/*
fea787f3fe4009c8e33a5d5af8ace39f,1156500000,76,m.lexinvip.net/*
fed5d368b2fcdd48851b51ba3e455d66,1156341800,35,zs.meibeimeima.com/*
fef2ff348f68958bf0d77b4e22dfe7a6,1156450100,28,bd-jp1y.qdgz886.cn/nc-s1-wap/*
ff0654c3913ab67cefe907f3787ce4db,1156310000,50,www.ujiabb.com/app/*
ffa67fb0997112a0fb3d79abe18b5c35,1156131000,1,www.qtpg8.com/*
fff9b90708369a92787d437d7634f5c9,1156450700,8,zs.meibeimeima.com/*
