0047501dda85d876af5d54450cd02e40,1156431100,29,xf.tjtylai.com/wap/*
00c4cd6ce664621093c9129a78a0746d,1156445200,1,mmx.jtjyc.cn/*
0196c0e984a7baa530094fd10402512e,1156440600,1,xf119.jtjya.com/mmm/*
026e56f4b3ecc0bae61120caf5bb2f2e,1156431000,2,4g.bjpaierde.com/*
032f4def9a9e9708188dd3aa7ed3d32a,1156511900,17,www.youluwx.com/hj/xf/19/xfzhengc-sjnew/*
0392bfe1bb0d711b10300a141699133c,1156440100,2,xf119.jtjya.com/mmm/*
06908c6643ad8b8ec9d80984d546b083,1156511300,34,xf119.huacec.com/m/*
07d7a8826f34d86ed2b83fcaaf420e7a,1156450700,1,xf119.jtjya.com/mmm/*
082c94d99ccd638208051f7f8f10e373,1156450400,3,xf119.jtjya.com/mmm/*
083381d6a905ce98a70a6ffc22e42162,1156440300,2,xf119.jtjya.com/mmm/*
09342de0d4803a2ac687aa3a1baf8808,1156440300,26,sg04.yytkj.org.cn/sg04wap/*
09b5e1c21fd96cca409267ad3b748d65,1156440300,2,xf119.jtjya.com/mmm/*
0a045580e751d872897b08a9fa4cc68b,1156440300,2,xf119.jtjya.com/mmm/*
0b14651652e8d4f0bd896c63846f950f,1156441300,13,yzc.jkhtgd.net/t2/feeds3/uc/*
0df76bce261f0a7ed912b597f272a85f,1156330200,23,yidongm.zzbredu.com/*
0eb1f16242bec81c6b885c4ed187f9fc,1156442000,2,xf119.jtjya.com/mmm/*
109a33ae9e49f08101a4ac21c405c003,1156441900,6,xiaofang.offcn.com/zt/xiaofangh5/*
11a0dac225849cbbd70eb134ed8c06d5,1156440300,4,xf119.jtjya.com/mmm/*
11d7785655e8bb1a92d8aefaf154b23f,1156440200,1,mmx.jtjyc.cn/*
121336c51b49a72593a2404e88a48181,1156510700,1,mmx.jtjyc.cn/*
1276c7f51593dad992e8ab0837671519,1156450800,27,xf.tjtylai.com/wap/*
12d928435d293ed30e4ca0e4a744f4ac,1156532600,15,xf.xxhrl.cn/baidu/channel4/xf/MB/guangdong/*
13d1141b6c55a98772b28ca9b4e59622,1156440300,1,4g.bjpaierde.com/*
1487398c4e7c93fb5321fd42b0da8ddd,1156440200,1,mmx.jtjyc.cn/*
150f02c5a5fa3351c99b17e1ae2f3e9c,1156440100,4,yzc.hthsvg.net/feeds/uc1/*
1516e3f0db1fd00c5d3645d41f450005,1156360700,1,semwap.cnbkw.cn/sem/20171123xf/xiaofang1.html*
15f61643dd06b695d06a81e15aced7ce,1156431000,9,kuangjia777.zzbredu.com/*
188d0d4ce2bdb0e6e5b684dbd3ecf7a6,1156440600,1,xf119.jtjya.com/mmm/*
1bfe87defa673d53aa7dc614ea5814d2,1156421800,15,xiaofang.offcn.com/zt/xiaofangh5/*
1c19f7afbe0b6dbd27d19c4b9a28af05,1156440700,22,xf.tjtylai.com/wap/*
205cc4ef606d84618e72dc6f3377587e,1156440700,16,yzcxf.qkwwb.net.cn/t2/sem/shenma2/mob1/*
20fab460f7caa70da8b8fb7c9557f9e0,1156441900,1,www.hqhwedu.com/m/*
22b50d86918f2e9c28ca70104454c093,1156360700,32,xiaofang.offcn.com/zt/xiaofangh5/*
2301297fb3b6c8fdc74d4e01949f3097,1156440100,1,xf119.jtjya.com/mmm/*
237fe20547790c8b5101960c704a801c,1156440900,17,xiaofang.offcn.com/zt/xiaofangh5/*
26859e5d40e4002347c43008c2414421,1156520300,8,xiaofang.offcn.com/zt/xiaofangh5/*
28ee31a04725596dbdceab2ee757e1da,1156440100,1,js.jhwx.com/zt/m_xfgc/*
29d770bdc07f4969513a969925d37c08,1156430500,26,xf119.jtjya.com/mmm/*
2a5489483d0d2e8bb8fc0229a68a0fb4,1156441900,1,xf119.jtjya.com/mmm/*
2a9c72303fe554affc7f1222fa8c17ae,1156441900,13,xiaofang.offcn.com/zt/xiaofangh5/*
2e488ba0b623e94836bfc9efe74f6301,1156441300,12,www.youluwx.com/hj/xf/19/xfzhengc-sjnew/*
2eb7b2687b4b59f7c251e451309ee45c,1156450100,4,xf.xhtjl.com.cn/yidong/*
302d75cdca63a5fba1371bb776d45135,1156440300,2,www.hqhwedu.com/m/*
30bdfb470912a62dc749943374f55cd3,1156330100,16,edu.beinantv.cn/tg/cyc19/*
317425a0da7d630d2dba7724240dc1b0,1156150800,2,zhwx.51guoji.org/m/*
3189e0f53bcb9a35c8934be63d3f2789,1156330100,6,jiaoyu.rqqjyxx.com/bd/bd21/mb/hd/*
329a51ab5e4de2e25ff33e51cc897d37,1156441500,1,mmx.jtjyc.cn/*
3333ea1477d33d626cddd2753175e7fd,1156440100,20,yzc.hthsvg.net/feeds/uc1/*
33dc01b155177b7e072ac4fb77bf403d,1156533100,29,xf.tjtylai.com/wap/*
3857d99fb8954def6a77ec8255be463b,1156440400,1,jiaoyu.rqqjyxx.com/bd/bd21/mb/hd/*
3b0be59cc3a3a4283520f046d7285bd9,1156440600,1,xf119.jtjya.com/mmm/*
3b530b683efa301167bc35ff2fbb4476,1156445100,12,yzc.rghei.com/t5/feeds6/uc/wap1/*
3bbbae1171e5624adf8587e263dbb563,1156440300,1,xf119.jtjya.com/mmm/*
3bfe6d2dd1b7b646e1603fd0b10a72cb,1156451100,2,xf119.jtjya.com/mmm/*
3f099a71bfa650aba7cec1a0a59f294c,1156440300,35,xiaofang.offcn.com/zt/xiaofangh5/*
3f8151d4f38fce4210587e9353b500f6,1156440300,1,xf119.jtjya.com/mmm/*
4282ead130d5950b00407f5889251c3f,1156440300,3,xf119.jtjya.com/mmm/*
42da6e3043ed6d9fec7d19a5a692642a,1156440100,5,yzc.rghei.com/t5/feeds6/uc/wap1/*
43b1ad934b7f18ca057a07f9d9259216,1156440300,3,xf119.jtjya.com/mmm/*
4469062364f847a875f1a1e634502e37,1156440200,52,yzc.mtjlz.net/t1/feeds7/uc/*
44da62977b0b2037bfdc75f36fc47143,1156440600,6,kuangjia777.zzbredu.com/*
46c15c414424d9c78222a04d4d8a9096,1156440100,4,xf119.jtjya.com/mmm/*
46c97f57d778109ebf3d238a9c52ac3b,1156441300,3,xf119.jtjya.com/mmm/*
47c3c04edcf535411799ec92d4419812,1156445300,1,xf119.jtjya.com/mmm/*
4b713b85aa54cd791f6e41bde9944c94,1156441900,1,yzc.mtjlz.net/t1/feeds7/uc/*
4d8dae64ac085c856668a457097481db,1156442000,17,xf.tjtylai.com/wap/*
4df1c7370982d35eb749f20c8bd24863,1156441900,31,xf.tjtylai.com/wap/*
4e073bd7dff5b5a5f8de5d14f0610728,1156442000,29,xf.tjtylai.com/wap/*
4f8ffdff8ee6e2364386ab4915117ff3,1156441900,40,xiaofang.offcn.com/zt/xiaofangh5/*
5010184c52d11610b86b68667f60f1f4,1156445200,29,xf.tjtylai.com/wap/*
514c0e2f1a607d21739b79a9f8055e0f,1156420300,1,kuangjia777.zzbredu.com/*
523f3d23bba6ddd67e2e67bd709aab5b,1156440300,8,kuangjia777.zzbredu.com/*
52e75845d260a515c0148b68d898dc5f,1156440700,5,xf119.jtjya.com/mmm/*
52f6105b40604ca30ddf552e1a45a7c1,1156440300,3,xf119.jtjya.com/mmm/*
54329754f044b9e6479ee7146fb42923,1156440100,7,www.hqhwedu.com/m/*
5578958f58cf3b09ee6eea004555bc2d,1156440300,1,jiaoyu.rqqjyxx.com/bd/bd21/mb/hd/*
55fe1f73efb19fae8c911f8f4255b69c,1156441900,21,sg04.yytkj.org.cn/sg04wap/*
5692d46f7f2ab69f0d255105e98354e6,1156440600,6,xf119.jtjya.com/mmm/*
58d7d0c9b4a493788f4792e65f1aa803,1156450300,1,mmx.jtjyc.cn/*
591c233239582d52b70e8a89dba9e9e9,1156440300,4,xf119.jtjya.com/mmm/*
5b89f475b1a2af25b11ac1e693c9661c,1156440300,12,yzc.rghei.com/t5/feeds6/uc/wap1/*
5e26199323d9ee4bdf9ee2f03e43fb76,1156441800,1,mmx.jtjyc.cn/*
5ec165851389c7f0ed5af61d310e59ae,1156440300,1,xiaofang.offcn.com/zt/xiaofangh5/*
61267a08a7eb68b6438f57e542e2653f,1156451200,1,ni.nicline.com.cn/*
61dfc3d112128f8be20cd6d41153d0c9,1156440600,1,xf119.jtjya.com/mmm/*
628a032b68826ae5c5aaf4da0b4c8823,1156440100,2,xf119.jtjya.com/mmm/*
636dd968c5a4a92f053d3038e7e3be3a,1156440100,1,mmx.jtjyc.cn/*
637ed69212666fe83468be8a054ea372,1156441200,6,jiaoyu.rqqjyxx.com/bd/bd21/mb/hd/*
646eaee35a19aae84d23d4426f74defe,1156440300,1,xf.tjtylai.com/wap/*
64b0aff591cc353af6687412c6d69638,1156440300,1,xf119.jtjya.com/mmm/*
65e1b035d4e4592ad3a4ff5cf39f41e0,1156440300,2,xf119.jtjya.com/mmm/*
6922abab090af746419c21f21d6e998b,1156440600,1,abc.wkyfl.com/uc109/xf4.html*
6a918d91ef8e5cf0490ce557b804f4db,1156440300,2,xf119.jtjya.com/mmm/*
6b9606c62f5452e03a9d4ee8e25e5b50,1156441900,52,xf119.jtjya.com/mmm/*
6c37ba16a9be1338ee66df76dc16ad55,1156440200,2,xf119.jtjya.com/mmm/*
6d91a1e7fd8f5c0a8fc17e46372a02f8,1156440800,1,xf119.jtjya.com/mmm/*
6ffdab92f4f99db5d84c9da2fa79239b,1156441300,3,xf119.jtjya.com/mmm/*
73260c58b5172c2f8297eedd5f4939fa,1156442000,1,wap119.jiangyan6.cn/*
741208451031373f13d549d90a10d0e4,1156440200,1,ni.nicline.com.cn/*
74955c82c2ee606a93e8c7d1088f09a8,1156440700,14,mmx.jtjyc.cn/*
76af83747c6d0f9ff218a2811046b80d,1156350500,2,xf119.jtjya.com/mmm/*
7786ff4bc2ed058274ec066747a9c074,1156441800,1,mmx.jtjyc.cn/*
77f51c032b7c1399017bbdd1a2123da4,1156440100,2,xf119.jtjya.com/mmm/*
7a14f4e48be086688c2ffab66efeb946,1156441500,23,xf119.jtjya.com/mmm/*
7d85350d50c387c5eb367d8bcf634790,1156440600,1,xf119.jtjya.com/mmm/*
7e12adf573fdf9fb69818841070bcacc,1156440100,1,xfgs.ddjcx.cn/xfgs.ddjcx.cn/smbktj.jsp*
7e6bf693bb1f46fbf404d2b6f8f41edc,1156440300,2,xf119.jtjya.com/mmm/*
7e9a77a104bfb61cbb5f6ce8ff25d76a,1156440300,12,mmx.jtjyc.cn/*
7f5225e42fb11c1c874327204ef00ef8,1156440600,1,mmx.jtjyc.cn/*
827a530c82fbb8e58030d9e751e82cf2,1156441200,19,xf119.jtjya.com/mmm/*
837f29041d497ebf286ab5de1e55dcdb,1156441900,4,xf119.jtjya.com/mmm/*
8549eb4f6ba16d7ea3631445d77341f2,1156442000,3,xf119.jtjya.com/mmm/*
86d92515e502c54e4938c7cd7e33710e,1156440100,2,xf119.jtjya.com/mmm/*
8748b78ba1600b7690f320e740ac5546,1156441300,9,kuangjia777.zzbredu.com/*
87bddf6e2877bb77bbbf1f3c03f80a76,1156440300,16,xiaofang.offcn.com/zt/xiaofangh5/*
88483446290371169887e92e2220ad74,1156442000,1,xf119.jtjya.com/mmm/*
8ab9e21cde79c2a1151e2c06c8420120,1156361100,5,bj.hqmianshou.com/class_xf/MB/*
8bf9e5552c5d624dc5189d5fdc85312d,1156440100,1,mmx.jtjyc.cn/*
8db416731a8d5878b4312d55c06ebbe3,1156440900,5,kuangjia777.zzbredu.com/*
8eafbabc6d5d7a15faa53da59900952e,1156445100,1,xf119.jtjya.com/mmm/*
8f3d126f3c1f037fe40b16333eb5b086,1156440100,1,yzc.mtjlz.net/t1/feeds7/uc/*
91d2eaa7c9f7edfbd65c454affa7d7fc,1156440300,36,www.hqhwedu.com/m/*
9433e1a43705aa25f743305c3efe6ab4,1156440100,14,yzc.rghei.com/t5/feeds6/uc/wap1/*
969ea3d4d1cfe363d39be7d2da3cf290,1156440600,6,xf119.jtjya.com/mmm/*
9c8ddc01265813f03c9caad68b0ea9f7,1156331000,32,xf.tjtylai.com/wap/*
9dc1f92b50991d1f96b1b0f602bee05d,1156440300,28,xf.tjtylai.com/wap/*
a207e7c53c8707e62806c7629b73f4ca,1156440100,7,xiaofang.offcn.com/zt/xiaofangh5/*
a34691b9d84dcd10bc1c4934a7765ce9,1156442000,2,xf119.jtjya.com/mmm/*
a3f11365ee8f103e4faeace40f6d544d,1156442000,26,xf.tjtylai.com/wap/*
a43bc18fb0d0f78f627aa3702928f75e,1156442000,1,mmx.jtjyc.cn/*
a555efe8581a58a13d3fb93911d8e152,1156430500,11,mmx.jtjyc.cn/*
a616af10a0d4dab6958038d0733d2d9f,1156441700,14,mmx.jtjyc.cn/*
a6e6dfebd736ee20922504cf892cab12,1156441800,1,mmx.jtjyc.cn/*
a822fa2e269ab0bdb3fb1e7944674b9c,1156350200,17,xf.xxhrl.cn/baidu/channel4/xf/MB/guangdong/*
aa4f9d9fab32e1a724000b71f2db0828,1156445200,15,xiaofang.offcn.com/zt/xiaofangh5/*
ac524cae294dcc40250ee1616e262e45,1156441900,1,xf119.jtjya.com/mmm/*
ac8aec5d513f4ec4b03bbd711fef1882,1156440900,1,yzc.hthsvg.net/feeds/uc1/*
adaa9b1788cb7ab366c5430a110f743b,1156430900,1,xf119.jtjya.com/mmm/*
af75749fcda6725bd83d2b65afd16ea5,1156450200,28,xf.tjtylai.com/wap/*
b3ab6764fc886e2f86126448f900e50b,1156440100,7,jiaoyu.rqqjyxx.com/bd/bd21/mb/hd/*
b4138494bef7282526bd80d419c83174,1156440300,6,jiaoyu.rqqjyxx.com/bd/bd21/mb/hd/*
b448de53ea22bf6b627645bc2c0b1cea,1156430900,17,jiaoyu.juanxiuge.cn/wap11/*
b688420bdce2fa4b82d97d2771f99f47,1156440800,5,yzc.hthsvg.net/feeds/uc1/*
b6a854233dc3bc8b002b2878f1dbb3ea,1156440300,1,mmx.jtjyc.cn/*
b90bac34ccaed6ac90a9bedcc8618ce7,1156511700,1,xf119.huacec.com/m/*
bb0399a87e93346f31a736f8a9876124,1156440300,1,xf119.jtjya.com/mmm/*
bb26b933329ab8d01700e0dd49c6441a,1156440500,1,mmx.jtjyc.cn/*
bb85c12ef630b07cf01511060a23683d,1156330100,37,www.hqhwedu.com/m/*
bc9b08b5d3769b48bea0b7f22f11f5b7,1156440100,3,xiaofang.offcn.com/zt/xiaofangh5/*
bcaf88fc834f0534eac510269816493e,1156440300,1,xf119.jtjya.com/mmm/*
bd347bbfe8ad8608e1142c13b88c483b,1156431100,1,wap.bangkaojiaoyu.com/bjtg/xf/tjcx/20190308.html*
bd8420fa433a35260d355645f9c8adde,1156440300,24,xf119.jtjya.com/mmm/*
bde2039a2ceda5a0e5a1cf5ccf413759,1156410100,1,mmx.jtjyc.cn/*
c332bc2b79db454854595571874c6d5a,1156360700,30,xf.tjtylai.com/wap/*
c39c4975302d4446028ecd7637cc9386,1156440300,19,xiaofang.offcn.com/zt/xiaofangh5/*
c3e03aa86d1a6b4ba52fc8bbfe5bb43e,1156440900,1,xf119.jtjya.com/mmm/*
c43678531e9adf1fe2ec4b0caeef9cff,1156620100,29,xf.tjtylai.com/wap/*
c4cfe1282c7560a822d5f065b7d4ee6b,1156440300,2,js.jhwx.com/zt/m_xfgc/*
c66a43d75867bee0098c19e4505b1435,1156440200,2,xf119.jtjya.com/mmm/*
ca5ee3604cc1881fed1f3908521cd998,1156441900,1,xf119.jtjya.com/mmm/*
cd3144aea18e67ceabf0d9bdf3b79894,1156431100,1,4g.bjpaierde.com/*
ce2cee585862c4b79ae15c10f1b7186d,1156440100,2,xf119.jtjya.com/mmm/*
cef28e665d55c70025b231092efa12a7,1156440900,13,mmx.jtjyc.cn/*
d0f0b58e2a8cb5b2da5e20eeb03b9c2a,1156430400,16,xiaofang.offcn.com/zt/xiaofangh5/*
d37bc7076b8fbc8a90d648f65d154bf1,1156450800,3,xf119.jtjya.com/mmm/*
d432504dc3f1c40c33f1988ed149f0e0,1156441900,13,urs.shtya.com.cn/page1/*
d4f4306807bd78b9262a606b3eef4606,1156440600,31,xf119.huacec.com/m/*
d7f5ff0713792cf1f774c1cc4c5d91ae,1156441300,1,xf119.jtjya.com/mmm/*
d8fe14ab85432c90c08b55e5fbab8676,1156500000,1,yd.jktsfu.com/mmmm/*
da44ab4bd04f1e8caa0e258f6eb14c62,1156440300,1,kuangjia777.zzbredu.com/*
dd2473963f837fa9846e79295921a1af,1156440100,16,xf.xxhrl.cn/baidu/channel4/xf/MB/guangdong/*
def9865e9236640319b07b6853d76826,1156450800,6,jiaoyu.rqqjyxx.com/bd/bd21/mb/hd/*
e13dab32cc5f7228536073f9d5e791cf,1156430900,15,xiaofang.offcn.com/zt/xiaofangh5/*
e14cf34bcf6c151486df0f2446118b6b,1156441900,2,www.hqhwedu.com/m/*
e5e5232c29edca5d3b714e433bdf77f8,1156440300,1,xf119.jtjya.com/mmm/*
e8913a4fdad6a1454b3835a8645510c7,1156440100,30,xf.tjtylai.com/wap/*
e96018354e1825e7b9a2c6d65f00d930,1156440300,1,yzc.jkhtgd.net/t2/feeds3/uc/*
e9eda0591b64f107a18606b70d14e67b,1156441400,33,xiaofang.offcn.com/zt/xiaofangh5/*
ea3cc772808443e7540204e3d8960341,1156441800,10,urs.shtya.com.cn/page1/*
eb257bd7a6fa1b4b804701130c3a3d99,1156440300,3,xf119.jtjya.com/mmm/*
eb7216f1a27776841e106f87fe253072,1156442000,28,xf119.jtjya.com/mmm/*
eed68b9515e3ebf6e5fb36adf6cea976,1156440100,2,xf119.jtjya.com/mmm/*
f003e342c9fef14a8fd54f9fc9ba4157,1156440500,5,xf119.huacec.com/m/*
f09d9cc4b10be0151d4da405309a2d85,1156440100,45,yzcxf.qkwwb.net.cn/t2/sem/shenma2/mob1/*
f0b0651ebde935f7174aa05deabf8134,1156441900,3,xf119.jtjya.com/mmm/*
f1d09ab20f74a84de8c61a621142a3b5,1156441800,8,xiaofang.offcn.com/zt/xiaofangh5/*
f32fd1b5793ad76e0a07fba13f87f27a,1156442000,1,mmx.jtjyc.cn/*
f398babb386b2cfbd0d372d3b16cbf3d,1156440300,26,xf.tjtylai.com/wap/*
f4ed0502f8b85bdd0847dba94ebd343a,1156440100,7,xf.tjtylai.com/wap/*
f6df487e43aed8ceba9f544df2124fa8,1156441900,14,mmx.jtjyc.cn/*
f7a4d41b80380f28b9e215b7c38f365a,1156441300,23,sg04.yytkj.org.cn/sg04wap/*
fa81353ea069dad67aaf3ba59019a035,1156441600,2,xf119.jtjya.com/mmm/*
faeca97115584d0a70fa81adb5bee666,1156440100,1,www.hqhwedu.com/m/*
fd91f31b7b74b98d032376052abde43e,1156441300,1,mmx.jtjyc.cn/*
