00a5ff2c027ae9ad49ce1b09b4808a4b,1156610600,3,xa.bhjzs.com/*
030189a4ebb4c0c4f43e3d3783449b70,1156610500,12,xa.bhjzs.com/*
032e1a7d470f62b091c2976e67f36d22,1156361000,47,xa.bhjzs.com/*
036c81d25491f818aaa0bfc658065452,1156410400,1,m.shj.cn/*
0692dcbbc0af4cf79bb908bc6e3a4810,1156610100,1,www.ch028.net/*
08103987a9d1ee5ddf0169b19149405b,1156610400,1,www.wuyouzhuang.com.cn/toufang/h5/*
08baab09d0917022baa706bbc5243c0c,1156610100,2,xa.bhjzs.com/*
0978b59f1f1f98668ad2ce33e8197ab7,1156610500,7,xa.bhjzs.com/*
0a3d4ad227c61c9d57f1bc5482cf762b,1156610100,10,xa.bhjzs.com/*
0aca559b175294404a278323fb9d2106,1156610300,1,xa.bhjzs.com/*
0bbd74f95d6d3f60bcd79739f6712108,1156610100,93,xa.bhjzs.com/*
0bda6cb59b39f4ce05ddb5e1c2bdbb0b,1156511300,27,m.cdwyzs.cn/*
0bf7f7c1e2132668d672c42d03875694,1156610400,1,m.shj.cn/*
0c661dbceac7174fe24e16efc15fb5da,1156330100,3,m.shj.cn/*
12ae289935b1e3d70b9bc5940ed209dd,1156610100,5,m.bzzss.com/*
1327747cce5944b55f46a273996941ab,1156610100,1,xa.bhjzs.com/*
13fce3f39ee9d56dbfdfb92ffcef580d,1156610400,8,www.wuyouzhuang.com.cn/toufang/h5/*
1477af7366500c2eb7ac12d260aa4060,1156610100,131,xa.bhjzs.com/*
15dd5070cb99e39ba08b5a4099083a14,1156610600,16,xa.bhjzs.com/*
15fdca0825cf96a7c3dc8a1fe3fd0f95,1156610100,2,xa.bhjzs.com/*
1662562ea0f48702f497abada4385221,1156610500,7,xa.bhjzs.com/*
167c2b8188c52612db94406ebf51755c,1156610100,1,xa.bhjzs.com/*
196bad86be4f7dfb06296656fc603518,1156610300,3,m.shj.cn/*
199c2a80157caf70634f48a48b825882,1156610100,1,www.ch028.net/*
1a7fd7e70cb05da505059ea6b6c2b695,1156610500,27,xa.bhjzs.com/*
1ae1a495e174839538e25cf36396af5d,1156610400,60,xa.bhjzs.com/*
1c281eb68f8bcaea483c4be70fcbce62,1156610100,6,m.shj.cn/*
1c281eb68f8bcaea483c4be70fcbce62,1156610100,128,xa.bhjzs.com/*
1c5c0260d19fd729522a3f8044493d04,1156610100,24,xa.bhjzs.com/*
1cd352b01680fd90d1b02186bff241cd,1156610100,110,xa.bhjzs.com/*
1e00ff49c59f0b8b99ff7605b09ee2dc,1156610900,2,m.shj.cn/*
1e8d6c7ba9748de8ed603c6c8e9db78d,1156610100,4,xa.bhjzs.com/*
20bb6f66de7093ae28a37fb45d37e8b2,1156610100,8,m.shj.cn/*
2142c6b58330eecb05b6b4abc75221c0,1156610100,8,m.shj.cn/*
21856a31f2daf5c3cfecd11130ce00a9,1156610700,1,xa.bhjzs.com/*
21e6ad87b00a147dbd3db7b69c80ef4a,1156610100,4,m.shj.cn/*
228a70f3f4dba7d483e7dff85dcee4c0,1156610100,1,m.shj.cn/*
230bcd56ada9230b609bf3e75ce92b07,1156610400,131,xa.bhjzs.com/*
24dc6194eb7a72922f0b49d8fb3902c1,1156610100,27,xa.bhjzs.com/*
24f5ec14e4111256a37b301710dc2a5b,1156610100,2,www.wuyouzhuang.com.cn/toufang/h5/*
25e419ea4b24f84c8c460f7311eb9e52,1156511900,3,m.shj.cn/*
282fcadce7150cae7abd357174a868c2,1156610100,1,xa.bhjzs.com/*
28e9422d7d206d6e407e0fd8999c1ce8,1156610100,70,xa.bhjzs.com/*
2a3cdd80eb13a8106236015c9e291ea0,1156610600,60,xa.bhjzs.com/*
2a40c6124e14fe91cf3ab5f40d59a80b,1156610100,1,xa.bhjzs.com/*
2b27799bda446f681910990f96d7bdde,1156610100,13,m.shj.cn/*
2b6ff04560d56564780664d8b9f4573e,1156610400,4,www.wuyouzhuang.com.cn/toufang/h5/*
2cdde67ce3149ecab9d46d32261243bc,1156610100,3,m.shj.cn/*
2f5966986c25dce08d3e2023b9108a47,1156430100,4,xa.bhjzs.com/*
2f69ed0946022003a77a182501b1e9a0,1156610100,3,m.bjlongfa.cn/*
2fec24920128767c9ebf90f8970dbc43,1156610100,5,xa.bhjzs.com/*
30bd6cf133bf3d03daa72023a4153b3e,1156610100,1,xa.bhjzs.com/*
3162374eb8235ad6d35cee1922763621,1156610100,3,m.shj.cn/*
323b8c415045cb41007773510756b702,1156610100,1,xa.bhjzs.com/*
33c99f8e75ee3c681b8bd86dfd97a04f,1156610100,2,m.yzf.com.cn/*
347a6d2a103cb95517264af7c300592e,1156610600,3,xa.bhjzs.com/*
3711c5209fada67a55d8e51b2e84b954,1156610100,31,xa.bhjzs.com/*
374e12833a7d85ee27ebaa1edd4a7025,1156610100,1,m.bzzss.com/*
378fefb75b419717208ddb9ad88bf61e,1156610700,2,m.shj.cn/*
37e65d06e0770f12a3983bccf3b378a8,1156610400,1,m.shj.cn/*
3a4217cfb766da70e023a9bf5eff672c,1156610100,1,xa.bhjzs.com/*
3a664d15c2e09e89cbe754c14ffc7be8,1156650100,5,m.shj.cn/*
3b1477da61f1555c6fc67bcfa462bc0c,1156610100,2,m.shj.cn/*
3c5fbc6f1853ea4edf463b156744055b,1156610100,2,xa.bhjzs.com/*
3ca4c70290421f24c335f89a79ef074d,1156611000,1,xa.bhjzs.com/*
3caa58bac9df0dfe41515e999a66bccb,1156610100,2,cd.m.dyrs.com.cn/*
3d9f3a24d76a691cbe79f3edd34ce4f0,1156611000,48,xa.bhjzs.com/*
417a75302a8145e8470b59376989f0e1,1156610800,7,www.wuyouzhuang.com.cn/toufang/h5/*
42347fa0baecf5d7fcc36d5bc516df6a,1156610100,9,xa.bhjzs.com/*
4549be842f4932583bd1251bed1197a4,1156610100,1,www.wuyouzhuang.com.cn/toufang/h5/*
45b4c1907123150f573e47b3fc8b92dc,1156610500,3,xa.bhjzs.com/*
47376abf38adde8347936fdcef1a9ddd,1156610600,5,www.wuyouzhuang.com.cn/toufang/h5/*
491f018a9f035524459a8748fb1963b4,1156610100,6,m.shj.cn/*
49758241597e08a3bbbf1b29f989ba82,1156610100,2,m.shj.cn/*
49efaa0a353e66f75e0fb98297484d59,1156610100,1,xa.bhjzs.com/*
4a43d48b5a5fb77cfe92c46004e73693,1156610100,3,m.shj.cn/*
4a75b9dea83f1a974cc098b473bc224c,1156610400,2,xa.bhjzs.com/*
4dd1fdafe05c95adaa0c23fb4c746d8a,1156610100,26,xa.bhjzs.com/*
4f086c27858404f6f670e39fd42f1ba1,1156511600,1,m.shj.cn/*
4f7fa5c25a9225ec1348ea512049ff61,1156610100,99,xa.bhjzs.com/*
4fbb1129d50dca1855c01ccda28b86d2,1156610100,1,www.ch028.net/*
50c7c55a7562f364b1b9b449124fcea8,1156610100,2,m.shj.cn/*
5139b55521fd76b9ff429e9a7d9f7c9d,1156610700,13,xa.bhjzs.com/*
531239a7e59c953a5662b9559ec2033d,1156610500,9,www.wuyouzhuang.com.cn/toufang/h5/*
532daa1f4d48ace00fd5cd17b26a51f1,1156610100,1,www.wuyouzhuang.com.cn/toufang/h5/*
53d92b69f1f14a962d6e73d0a3829c12,1156610300,1,m.shj.cn/*
55a68970dac03106934a356dcbc9791d,1156610300,3,xa.bhjzs.com/*
5620cf8f05534ab068a38529e7187fb3,1156610200,11,xa.bhjzs.com/*
57305282454ec772a04c32629d927ee5,1156610100,46,xa.bhjzs.com/*
57d0708597308355ede7e8f6aff1d631,1156610100,5,m.shj.cn/*
57d0708597308355ede7e8f6aff1d631,1156610100,1,xa.bhjzs.com/*
5866673f4eb632707e0e8f0024862bd3,1156611000,6,xa.bhjzs.com/*
58820d82ed7dbd0e3bba602185d3ad18,1156610100,1,m.shj.cn/*
58820d82ed7dbd0e3bba602185d3ad18,1156610100,15,xa.bhjzs.com/*
59b6930ff1a0b9cdec03c5b48695ab98,1156610100,29,xa.bhjzs.com/*
5a5b57348f453f25aacf549bb084dac4,1156610200,11,xa.bhjzs.com/*
5ae560257d4d05ca81ec6b379e6900d2,1156610100,1,m.yzf.com.cn/*
5aeaeb645b7be3c56b0a865b3254de6e,1156610100,1,www.wuyouzhuang.com.cn/toufang/h5/*
5c0291d128995df4a8ee0f055ca29a4d,1156610500,79,xa.bhjzs.com/*
5fa1ab1e98744404f9aaea0a5b196a48,1156610100,1,m.shj.cn/*
61c1ba43c26d9439488d73c3bbf26fc4,1156610100,4,xa.bhjzs.com/*
6277345ddd63572d1cbc16265e2668a0,1156610100,3,xa.bhjzs.com/*
627f5e45bde89a08a5cb0cb11ef027f1,1156610800,2,m.shj.cn/*
638df5f9b2396bca6ea943975e43a27a,1156610100,3,m.shj.cn/*
640faeec39a45bd42718604d5341cce5,1156610800,2,xa.bhjzs.com/*
64c08c2018f4eef29a0c52e0bfd048cb,1156610500,5,m.shj.cn/*
650f664f591d62c59bb2788c5fb4bdb9,1156610100,6,xa.bhjzs.com/*
658fc40309f24c342f1759e674874d24,1156610400,1,www.wuyouzhuang.com.cn/toufang/h5/*
67a935914ab485236276e1c13e6675d4,1156512000,29,xa.bhjzs.com/*
67e524c41b761608db041bd8f08463ac,1156610600,1,xa.bhjzs.com/*
693db48eec5131e5535641a7c88b6fda,1156610400,1,xa.bhjzs.com/*
6b615a63b357e0d4fa86f440004edf0f,1156610200,1,xa.bhjzs.com/*
6b83b6625e4483fe8a13a9207cc14822,1156610100,2,m.yzf.com.cn/*
6c5a7552140520b6f58be22217fd23c2,1156610500,10,xa.bhjzs.com/*
6cfce1aa19759c9e9adfbfbfbe0d3bee,1156610200,2,m.shj.cn/*
6d10a07de1ae80dc7303b3e4a3612c3a,1156610700,32,xa.bhjzs.com/*
6d19b0654a141f403b0d8931ff1f6b0a,1156610900,1,m.shj.cn/*
6f018a56858e9b25f0498c1277d4c6af,1156610100,9,xa.bhjzs.com/*
6f4371763a395bde789b7e6c0ed526c1,1156610700,1,m.shj.cn/*
70b46da0efc931867fba8e30a64846e5,1156610100,11,xa.bhjzs.com/*
7104f5028e6a07e6479a18f2cee1ee38,1156610100,12,xa.bhjzs.com/*
7117b53d3cff81786a7575e462309b65,1156610100,26,xa.bhjzs.com/*
714ab89e714d690a22852700695d7c8f,1156610800,23,xa.bhjzs.com/*
71fc75287815a9ccd95daf0fe93c76b4,1156610100,1,xa.bhjzs.com/*
72bddf01c0f7902405ad05e3456deac6,1156610600,2,xa.bhjzs.com/*
730594d1d2de6fe4b33460bd52da3967,1156610400,3,m.shj.cn/*
733fc2f4760b7dfb19f5513d6e4c107d,1156610800,6,xa.bhjzs.com/*
739304d56b842bb7727141afdd299b80,1156610100,2,m.shj.cn/*
74a36d1b2a40fc1f9dbdef1eb38cb3a7,1156610100,21,xa.bhjzs.com/*
74b2e9e233a78ba078f80d15b60a3aa1,1156610100,1,m.bzzss.com/*
75a44fe9caf8cf673973415b16359d97,1156610100,5,xa.bhjzs.com/*
75d4fcbca083e123779c77764cade298,1156610700,3,m.shj.cn/*
78df6058b4f96f70cb31cf8a0739d42c,1156610700,39,xa.bhjzs.com/*
79d8354ec9051479d29bb9fbdb1e0289,1156610800,1,m.bzzss.com/*
7a9f595404a94b4028862b24306fa3f0,1156610200,118,xa.bhjzs.com/*
7aa0df52835e833eda655dc31cf82853,1156610100,2,m.shj.cn/*
7bdf737ef3f76c67dab12c58570b6e93,1156610100,1,xa.bhjzs.com/*
7ca6b4dc02179027a1c7fc683f6a2007,1156610900,3,m.shj.cn/*
7cb84b65ee45d77091b0ebfdd40819fa,1156610700,5,xa.bhjzs.com/*
7cd182adf5f308fa0d1469036d66947a,1156610100,2,m.shj.cn/*
7db197cf3d0ff58fb1063192a9d8585f,1156140800,5,m.shj.cn/*
7e04cf4e70917ede76f52cb0c1c65f18,1156610500,1,m.yzf.com.cn/*
8139ab59066057600f87c86a0d04bb7a,1156610100,13,xa.bhjzs.com/*
82a736b8e531794a70ca5261002531f1,1156610100,6,www.bzzss.com/*
861da693c95dec967c20dcad498ea06f,1156610100,64,xa.bhjzs.com/*
862643234bfe42b2db689c6643237b76,1156610900,30,xa.bhjzs.com/*
867696658be2152da0868440600ce54d,1156610100,1,m.yzf.com.cn/*
86de37b401ceabd3dbae06850cd10f6b,1156610100,2,www.ch028.net/*
86fe1632bfa48232333116b266166f75,1156610100,6,xa.bhjzs.com/*
883c4e5163929543b839cd1dd4477b17,1156610500,51,xa.bhjzs.com/*
88865ac8cb11981867cf61fce287e8b0,1156610800,38,xa.bhjzs.com/*
89b10bf8072af91486b2a9f7d21e3512,1156610100,121,xa.bhjzs.com/*
89d5bb184b651ddaab39fa2e0a36b350,1156610300,3,xa.bhjzs.com/*
8afc5e1994d28f572c87831586615842,1156510800,106,m.cdwyzs.cn/*
8d17a9b5148e4d1a4fcf46664e1d0b4d,1156610400,3,m.shj.cn/*
8ec52a3ee5a852d9828fd1a872160624,1156610100,13,xa.bhjzs.com/*
90eebebb472e7195fb71b5fcf48cc756,1156610100,33,xa.bhjzs.com/*
9100d5ec82ae542c8a228c686cd011dd,1156610100,3,m.shj.cn/*
914dd70a5eef7a38913b83a2c8cc6356,1156610500,132,xa.bhjzs.com/*
922b852bb3a4dd425153cc8f5d2ffc08,1156611000,1,m.yzf.com.cn/*
933db0c79ec30e3d5d48f7fbaa6fb610,1156610100,2,m.shj.cn/*
94e4e8e38155f1385c573f1e29efb595,1156610700,27,xa.bhjzs.com/*
94f8968e78eb7c3aff79e7a891f807c3,1156610100,100,xa.bhjzs.com/*
956b23ba3c002bd95abdc710e3d5b0c5,1156610500,5,xa.bhjzs.com/*
978d3c5439ea10c69cc7894e0cfa9d1c,1156610700,35,m.cdzpg.com/*
982bb721222347ee0d45147692018f58,1156610500,9,xa.bhjzs.com/*
99aa8f91e564a8bd96a84cbf85c6b2a0,1156610100,1,m.shj.cn/*
9a1b6be61ad74850e77db32898c15c77,1156610800,1,m.yzf.com.cn/*
9cb7c47e27ccf44dab253b8b524fe7ee,1156610200,2,www.ch028.net/*
9d0eb61d1fb06b773811159425ff2ab2,1156610100,2,m.shj.cn/*
9d0eb61d1fb06b773811159425ff2ab2,1156610100,8,xa.bhjzs.com/*
9e53e514f804a37f6f3a1ecb55d17a38,1156610100,1,m.shj.cn/*
9f442a887222f77f07930027bf49ca93,1156610100,6,xa.bhjzs.com/*
9f5bef65c1c88f21dfc2a6739cd04c13,1156610100,2,m.shj.cn/*
9ffe69e798919b399631dd51355e90a6,1156610400,3,xa.bhjzs.com/*
a272d9a228fb6332dfb48101450ecc3b,1156610100,58,xa.bhjzs.com/*
a310fe346c4e0fc8b9db03b09f867e7c,1156610100,52,xa.bhjzs.com/*
a3c24e6801b9303d20cae6e0fdbfaed5,1156610100,1,m.shj.cn/*
a43c53a6621da90d5bb672a142ce2cf6,1156610100,5,m.shj.cn/*
a5ea0ba63d1aa93c1d9e8f010b507002,1156610100,1,m.yzf.com.cn/*
a60e0b056571b8b75c9b96e5fc010f71,1156610500,6,xa.bhjzs.com/*
a63618d43cf2855798d110acad5d5433,1156610600,35,xa.bhjzs.com/*
a7452692ff26fe5f3de609a7f5a88221,1156610100,1,m.shj.cn/*
a7c99215c46c743e219d771ea30e510f,1156610900,100,xa.bhjzs.com/*
a7dbe1281b23fa121b79b059ac251602,1156610100,67,xa.bhjzs.com/*
a8c0109bf25857647d63d555d492b09b,1156610400,8,xa.bhjzs.com/*
a8fbdd0f181b9741c629a7d4bdc81ff7,1156610100,78,xa.bhjzs.com/*
a9189196685cef262c6c19d0fe8aa6e5,1156510800,1,m.cdwyzs.cn/*
aa822869d89bdf72462fcdef0efe1696,1156610100,5,xa.bhjzs.com/*
aab958801887f54478cb958ba7b470b0,1156610400,4,xa.bhjzs.com/*
ab7bbe6ad5a5af4ecc973ca7ee17c794,1156611000,3,xa.bhjzs.com/*
abbc7c0a6fabab84d3754094abb01d5a,1156610400,1,www.bzzss.com/*
ac056c21908cef7158759d4310cdebca,1156610100,3,xa.bhjzs.com/*
ac21520951cbe20d46299f41561286fb,1156511900,12,cd.shangceng.com.cn/*
ac690fad529c83185027293ac1bdb1d7,1156611000,1,m.yzf.com.cn/*
ad0b61aafe0afa07cec1bea9a378bead,1156610100,92,xa.bhjzs.com/*
af59cf665e7472921864f0da0a8cb69c,1156610100,1,xa.bhjzs.com/*
af68fb275f95a437648813a41297ad3b,1156610100,3,xa.bhjzs.com/*
b1a648df0895ca0d4a167784e27fa51a,1156610500,25,xa.bhjzs.com/*
b311d6c36133c72fc07bbde49492fe10,1156610100,5,m.shj.cn/*
b3c0575bfca76796a59c19330335eadc,1156610500,142,xa.bhjzs.com/*
b43ccbac038aa2806a2605ea3db90f94,1156610100,1,xa.bhjzs.com/*
b4d48717058b55be9232c62b6fdfa908,1156610400,1,m.shj.cn/*
b5545cc9f1732f2e291eb0350be3a56a,1156610100,1,m.shj.cn/*
b5f6379c8bb87db6a1dc2a0e96df42ef,1156610100,46,xa.bhjzs.com/*
b9a389d8bd713514f6e2d2955e666c70,1156610100,41,xa.bhjzs.com/*
ba8ad4620eade978bcddfa3b64429e2a,1156611000,1,m.yzf.com.cn/*
bbe9958e3a9faa6f7b36f7b87a3ff51c,1156610100,1,m.bzzss.com/*
bbe9958e3a9faa6f7b36f7b87a3ff51c,1156610100,1,www.bzzss.com/*
bd4cc24fa5c5bdb52902fa2b231dd6a2,1156440600,1,xa.bhjzs.com/*
bd73202c3834831fa583e108f9a5ad58,1156511900,1,m.shj.cn/*
be2dc4477d39ba360e38a9b1c8fba076,1156610700,4,xa.bhjzs.com/*
bf3abaac007f561db21b0bb3de89b98f,1156320100,1,m.shj.cn/*
bf61244cc07b28e0f7f8a295e7a818f0,1156610600,9,www.wuyouzhuang.com.cn/toufang/h5/*
c0bd0c32e3cf7f101dce4abb98914c66,1156610900,64,xa.bhjzs.com/*
c1be607a579a55ea2c86685e1730a616,1156610100,1,xa.bhjzs.com/*
c2249f124b8f351a3d281db63af0bfb5,1156610100,104,xa.bhjzs.com/*
c2780ebda9591fc6742c42ed4e36f03e,1156320800,1,m.shj.cn/*
c2ed58f49d8bc26cd686744908c813ef,1156610100,23,xa.bhjzs.com/*
c421a106430b955e8fa77c5a10ac0e71,1156610500,1,m.shj.cn/*
c42d092b5e5ecb9e8eb71ae201f1fe04,1156610100,31,xa.bhjzs.com/*
c493263cdbe6117fcc7ea42ce0ae7c89,1156610100,1,m.yzf.com.cn/*
c4dc1d5ba09886b1601e0fa07d5231fa,1156610100,24,xa.bhjzs.com/*
c6e98451b6e73e6469ce37f98bc4bc26,1156421300,6,m.shj.cn/*
c77b4838c1199f711ef0d7e134338e9f,1156610700,1,m.shj.cn/*
c7a56a4f76814ff822156ced7f8388bf,1156610100,2,xa.bhjzs.com/*
c8adf3de6339577b7e3b560015bfcd78,1156610100,3,xa.bhjzs.com/*
cb0da81fb249db762bf4d2f4c7482701,1156610600,55,xa.bhjzs.com/*
cb8deddb6a81219b5be639688f457a21,1156610100,43,xa.bhjzs.com/*
ccefe89775cd8eda01c9fd66513c5058,1156610100,1,www.wuyouzhuang.com.cn/toufang/h5/*
cd00073a848f7f50782829a234f09f9d,1156610300,1,www.ch028.net/*
ce340c5c7b30deb8253ab0c2a199ef1c,1156610100,1,xa.bhjzs.com/*
cf5435f2bfe5b4e6def184e058adfea8,1156610900,2,xa.bhjzs.com/*
cf9dc00c443152c411585801f8b12633,1156610100,6,m.shj.cn/*
d00229a1c28e2e420fb8966f1c382f95,1156610100,10,xa.bhjzs.com/*
d0898be3ae6e3a769cbcd282ed586757,1156610100,3,m.bzzss.com/*
d0898be3ae6e3a769cbcd282ed586757,1156610100,4,www.bzzss.com/*
d14a995874ae202b2ecd5429daa3087e,1156610400,4,m.shj.cn/*
d171d81d0aa9131c757b070844250305,1156610400,1,www.wuyouzhuang.com.cn/toufang/h5/*
d1a792c66065d3e8bd046c2c5eda3723,1156610100,6,xa.bhjzs.com/*
d264b3acaf37a60d6d6bfa8b11b64ff6,1156140800,4,xa.bhjzs.com/*
d5252942cb5bbca2432b87946afa6c5c,1156610100,30,xa.bhjzs.com/*
d5f46e0beeef13b54cabcb7ea65e9fc0,1156610700,1,www.wuyouzhuang.com.cn/toufang/h5/*
d6a97bcf8fd592962127a5b6b3064b18,1156610600,1,xa.bhjzs.com/*
d749fe738b4b401b71f866754d2da37a,1156610100,26,xa.bhjzs.com/*
d7dfd03a0de9565362a51e068b2de473,1156130400,2,m.shj.cn/*
da99264b220a9c10222f6a2e4997c5b7,1156610300,6,xa.bhjzs.com/*
dad063527cc5ac9d93636dabbf7b9c3c,1156610100,118,xa.bhjzs.com/*
db54d59a101d38c454a37e559069e7a7,1156610100,11,xa.bhjzs.com/*
db62db4a3bf8c56a353c302abecb234f,1156610100,104,xa.bhjzs.com/*
dd086cd3055c832c0d37d595a30bb805,1156610800,11,xa.bhjzs.com/*
dd8a9266c2696f976ead791a8a035aed,1156610800,32,xa.bhjzs.com/*
ddbfd255414f7ca68297fa7acf619664,1156610100,3,xa.bhjzs.com/*
ddc16f48c5b36d485029592448d4180e,1156610500,3,xa.bhjzs.com/*
ddf5700ed2bf5a5c2f873179e136365a,1156610100,1,m.shj.cn/*
df70256fe099f9cf142c2fe0236c08b1,1156610100,115,xa.bhjzs.com/*
dfa718ef543c5cb3d46dc76e6be366ae,1156610400,63,xa.bhjzs.com/*
e02221af16a289f29376f3313b212dcd,1156430100,2,m.shj.cn/*
e1cb1ef41a1bfc26dea60c124c768143,1156610200,36,xa.bhjzs.com/*
e24706514507287ea3836e8e1416ccb0,1156610100,119,xa.bhjzs.com/*
e3238b2b96c5e1c625e20022fbd8fa5e,1156610600,3,m.shj.cn/*
e41b738e2acada468a26c85c5c171fb1,1156610100,1,m.shj.cn/*
e453cd2867d19a6abc692c554e85e505,1156610100,1,m.shj.cn/*
e759ecb015ad18bf8fc061dbcd056ef2,1156610100,1,m.shj.cn/*
e961a0fc9ceff6a22fd06f6f5fc4a711,1156610100,4,www.wuyouzhuang.com.cn/toufang/h5/*
e9ef64999244122b7cb6bf4318425cbe,1156610500,1,m.bzzss.com/*
eaeddbc07081d3d5afe8f7047ae5e405,1156610100,9,m.shj.cn/*
ec3a67e0017ea9a2103d1f7d9cd09d8a,1156610500,42,xa.bhjzs.com/*
ed4b603427e77ad56a565d6277019650,1156610100,1,xa.bhjzs.com/*
edd84d37f575e53b1338dba94faea2ba,1156610400,52,xa.bhjzs.com/*
ee577336883cae7ee3c43af3e4b8cdec,1156610100,1,xa.bhjzs.com/*
ee6caccd656f1a6f8d2384ff2d6eabd0,1156610900,2,m.shj.cn/*
efbe31d2c68e5caae49482913c8abe11,1156610100,2,m.shj.cn/*
f15d86890a46daeadb932c1f29afab6e,1156610400,2,m.yzf.com.cn/*
f1bbf7d71d3c86b2783990f504af90e0,1156610500,9,xa.bhjzs.com/*
f3628a0cb44a04c0e8fc4ae7aeeb153b,1156610400,2,m.shj.cn/*
f4cef6263f3c2c7d2d5b54fcad0a7963,1156611000,25,xa.bhjzs.com/*
f57694f45f79fd4a7aba51fe1ce607c1,1156610800,24,xa.bhjzs.com/*
f5893318976dcd8862d5a5fc5c3263a8,1156621000,1,m.shj.cn/*
f7c193d1497598d1d967e8267e635d3f,1156610100,6,xa.bhjzs.com/*
f91d53db602c61b13c58d797ac8bfbd1,1156610300,9,www.wuyouzhuang.com.cn/toufang/h5/*
fdac234674e866f66c1f30372c0a86c9,1156610900,51,xa.bhjzs.com/*
