001d53d37904200377455c426e2e6f7d,1156610500,9,m.xiaozhu2.com/*
011047398c9e8874e03b775e87fa8271,1156610100,3,m.xiaozhu2.com/*
0162208d8a2686cdb2d1cc6d185b5cc0,1156610100,1,m.xiaozhu2.com/*
01883da2cb71e9d3b3da455010ed27b8,1156610700,1,m.xiaozhu2.com/*
0192bef70a30fce128a004e3d8db3c4b,1156610700,9,m.xiaozhu2.com/*
01b7954d695bd26bf5022446a39b69c9,1156610800,3,m.xiaozhu2.com/*
0202eb9fb1b1852b61ee85635fd2c55f,1156610100,2,m.xiaozhu2.com/*
02bb052a68da8e8254fa7be37c3267cf,1156610100,9,m.xiaozhu2.com/*
03c88047ab848e98f3783fda3ad25fd1,1156610600,3,m.xiaozhu2.com/*
049ee6270ca82375971fad190bfa4f0b,1156610100,3,m.xiaozhu2.com/*
04a9119c0206acdd4148f37d5f8a9025,1156610100,1,m.xiaozhu2.com/*
061a660692a7024de530fbd09fa1e012,1156610100,1,m.xiaozhu2.com/*
08027b65c509a6f78ebb09d389d21bce,1156610100,4,m.xiaozhu2.com/*
085e2190764b3aa099c857a690e4a33a,1156440300,3,m.xiaozhu2.com/*
0970e803ac54ef75c313e70ad55c5b3e,1156330100,2,m.xiaozhu2.com/*
0a5614163bb0c92fa5977107e6b83c26,1156610200,8,m.xiaozhu2.com/*
0b615f19fd3813257fbeae257cc958e0,1156610100,4,m.xiaozhu2.com/*
0bab94c6f662ee60d1b5d6087d8255f2,1156610400,12,m.xiaozhu2.com/*
0be3d21640f34263b1b06d103445cc08,1156411300,13,m.xiaozhu2.com/*
0c9fcf97c1dd7c5abf6fb4b917e1a19d,1156610100,6,m.xiaozhu2.com/*
0ce0959bcfff89445c301b28c7905467,1156610800,9,m.xiaozhu2.com/*
0e46a31599c8fb69df56d8ba1022831f,1156610500,2,m.xiaozhu2.com/*
0eb8446924215f90ecf7eec8a983e775,1156610100,8,m.xiaozhu2.com/*
0ed87378777b09b65b7feb7a8c54ca25,1156610100,1,m.xiaozhu2.com/*
1027e326f9b84361dd4b2ad99e6f7caf,1156610100,4,m.xiaozhu2.com/*
10cfe960bd491641a346463e2edd14c8,1156610600,12,m.xiaozhu2.com/*
11ddf329fc707e3b4b4974cb4ad27fd7,1156610300,8,m.xiaozhu2.com/*
1295b6d4017ddc890e6d2313e5171b2d,1156610100,12,m.xiaozhu2.com/*
12d0d9f7649b2e64f025b87b3246feeb,1156610100,11,m.xiaozhu2.com/*
135b13f29d9dde396b21144969509012,1156610900,8,m.xiaozhu2.com/*
1508102eb51c06e91a41aea91daf2355,1156610700,4,m.xiaozhu2.com/*
150fae8830db8d40d501c89e28eb9eff,1156370400,3,m.xiaozhu2.com/*
151c617e99eb33bc74ee337409dd520c,1156610100,12,m.xiaozhu2.com/*
168cdbb133ca83e0fa472906586bd48f,1156610500,8,m.xiaozhu2.com/*
169acb77914f869d04ccf7bbbea085d8,1156511700,1,m.xiaozhu2.com/*
17373af4dfbcd082930fb2d5108ac2f4,1156610100,2,m.xiaozhu2.com/*
1835d704819712653e9479766b032cec,1156610700,5,m.xiaozhu2.com/*
196663d289d00c24c18ab778ab0bc9c0,1156610400,1,m.xiaozhu2.com/*
1abf8d851ccbb18f1a784d346e098dd5,1156610500,13,m.xiaozhu2.com/*
1b11fa42aeb622fdb2f4f027b12e1a03,1156610100,8,m.xiaozhu2.com/*
1c02a1a064ad2e887673053efa777e1d,1156610100,15,m.xiaozhu2.com/*
1c3ecb04745375915b770373ac752725,1156611000,1,m.xiaozhu2.com/*
1caec1fb9fa1bed9313f4c6239f5ff51,1156610100,8,m.xiaozhu2.com/*
1cb0e7bd6aaa54a40fc76075297f17e4,1156610900,1,m.xiaozhu2.com/*
1cfce8dbc1f82ec984aae550582a1dc0,1156610100,2,m.xiaozhu2.com/*
1d32cc6b28d6e25f765714919f5b1f22,1156610300,2,m.xiaozhu2.com/*
1d698035e43b46c2683dbba6a4691cc2,1156610600,9,m.xiaozhu2.com/*
1fad284e20efd9f8beccd72a2641acd4,1156611000,18,m.xiaozhu2.com/*
204371c54844cefaa1e98d9055baa547,1156610400,1,m.xiaozhu2.com/*
20c560510a7eae5d9d1034e5c291abd5,1156610800,5,m.xiaozhu2.com/*
20f928691104d14432e4b55fe35f31d7,1156511300,3,m.xiaozhu2.com/*
219e5b42f7a3b9bb763ac4463ba0d329,1156610100,2,m.xiaozhu2.com/*
21d5a43722de476fac38af931a8dec29,1156610100,7,m.xiaozhu2.com/*
24437bdf4675ea01143d332e1f4526b2,1156610800,1,m.xiaozhu2.com/*
275c2ae00029f8db7ffd8021c2ca9d2e,1156610200,11,m.xiaozhu2.com/*
27aa54d080931214bfb549ff9d129843,1156610300,1,m.xiaozhu2.com/*
27eba58c65de45837979309da98122d3,1156110000,2,m.xiaozhu2.com/*
298562be14aca0ba97e4b3d9ded4f301,1156610700,1,m.xiaozhu2.com/*
29cf0aa0ca2d8c367b18e7e5121464f3,1156610400,15,m.xiaozhu2.com/*
2add9b3da6d2f08be2fb6be54da7da51,1156610400,7,m.xiaozhu2.com/*
2cb8b6882c31f41acfb46275101af6b0,1156610100,16,m.xiaozhu2.com/*
2cc82c4857a02ca8334352f19c2f0500,1156610600,1,m.xiaozhu2.com/*
2d1f5872abdd467f94f152a77c39f403,1156451000,15,m.xiaozhu2.com/*
2d21297f638e5b96cab5240f8f4b8a39,1156610500,12,m.xiaozhu2.com/*
2d81f0f61aa32a0e7f17492cbd56b964,1156610100,3,m.xiaozhu2.com/*
2dc5951e096dbd027de0925a0c388bad,1156610500,10,m.xiaozhu2.com/*
2e032a1a740ecb9a6871a029ea7317cb,1156610600,11,m.xiaozhu2.com/*
2ee4bfbc8aab02f1554d34e3c34db42d,1156610900,6,m.xiaozhu2.com/*
2f70e694fa35bc4cd02e60c53f0d96d1,1156610100,13,m.xiaozhu2.com/*
2f82563d38956b8a7d0afdcfa6bf1d2d,1156610400,10,m.xiaozhu2.com/*
335eddd088ca4be74703cde4f804e855,1156610100,1,m.xiaozhu2.com/*
33adbf889a9ef6eaa1018d6600608bd1,1156610100,4,m.xiaozhu2.com/*
343b74ceede3ca5c9cecad4a8f42edc7,1156610100,13,m.xiaozhu2.com/*
368a38da72c7e197d961105c94a300c6,1156610100,5,m.xiaozhu2.com/*
36a0a0447e460417faf1f969649bbc7d,1156610300,1,m.xiaozhu2.com/*
3789c5924bb110847e90e399ce7d1d64,1156610100,13,m.xiaozhu2.com/*
382d23f3bbca751a0051f322c5399a66,1156610200,2,m.xiaozhu2.com/*
3846e8da4435389c666e48dbe2e91e87,1156610400,2,m.xiaozhu2.com/*
390d0f26c878e9f9f32cd480811fa45a,1156610100,1,m.xiaozhu2.com/*
39a5a0da1f2d68e78f0530aa12ddd5ee,1156610100,2,m.xiaozhu2.com/*
39bb849511dce43d9184c6e453fe62c6,1156610400,10,m.xiaozhu2.com/*
3a6e254ad6f3489660017eead789d9ab,1156610500,1,m.xiaozhu2.com/*
3a7488ef5a14003726cb2a03e80121f5,1156610100,14,m.xiaozhu2.com/*
3c77809608042bc2eb7906dae3a34370,1156610100,1,m.xiaozhu2.com/*
3e38191235028afa4d7a1e4fb1ff17bd,1156610100,16,m.xiaozhu2.com/*
3f86d5d96d72e90a815111f90ea95740,1156610100,2,m.xiaozhu2.com/*
407464eb2ba4a49a0eaba61f28ea977a,1156610100,12,m.xiaozhu2.com/*
409230dcc4881e437c06347de6407168,1156610400,2,m.xiaozhu2.com/*
416c7d162fa79200ee1b253023e74cb3,1156610100,11,m.xiaozhu2.com/*
41c54b786725bc5415fc3999e92ce9f6,1156610400,1,m.xiaozhu2.com/*
42038aa77f70d1d2df38d28ba3b65ccd,1156610100,4,m.xiaozhu2.com/*
43aac3bb4ecce3028ef8530bf2c50ab3,1156610700,3,m.xiaozhu2.com/*
43afa565f2494c354943922672b81023,1156610100,1,m.xiaozhu2.com/*
43cc649ee00dec6e0f790a6e06e9ce31,1156610400,14,m.xiaozhu2.com/*
443a10f47d89414dbbb59cd29882e393,1156610100,2,m.xiaozhu2.com/*
444461e00ffda26339579fee01327bfd,1156610900,5,m.xiaozhu2.com/*
445d9316c36de36b547cc793699366de,1156610100,9,m.xiaozhu2.com/*
44ac153e7fd393bdc88afe633625117e,1156610100,1,m.xiaozhu2.com/*
45c20d7c407ea981e18c38470b4bb4bb,1156610100,3,m.haoche51.com/*
46300fecd010e0a5ab505c538e663587,1156610800,14,m.xiaozhu2.com/*
4717fdb63f1fd87026a01df99e010c96,1156610100,11,m.xiaozhu2.com/*
475956272fe64d954b61e06164edafaa,1156610400,3,m.xiaozhu2.com/*
4832a6a6840a0f1b7f38412f49415cb4,1156610900,2,m.xiaozhu2.com/*
489e23da8a86005892e4445f38dfa1e0,1156610100,3,m.xiaozhu2.com/*
4917ed51121e8b57cca804faf5675357,1156610100,2,m.xiaozhu2.com/*
49d4eb7e85acb4f6747744186fa4eb24,1156610900,6,m.xiaozhu2.com/*
4be54e8d0d7e8f62ea7a43e3b983bd7b,1156610400,2,m.xiaozhu2.com/*
4bfa57e943964dc0e39d1588850a7220,1156610100,8,m.xiaozhu2.com/*
4c36529c5497dcfa37b38af14b7eeec6,1156610100,2,m.xiaozhu2.com/*
4dbfabce9a81e59f5fd860b619d3816e,1156610100,1,m.xiaozhu2.com/*
4e60604226ac1147402c27fecdccfe3d,1156610100,11,m.xiaozhu2.com/*
4edb975553c9ad7f62b1abe9257a770c,1156610500,16,m.xiaozhu2.com/*
4f2af1dd3669beef1796debcef1cb13d,1156610100,8,m.xiaozhu2.com/*
4fd78abfd239ff1e1d9a99c147cd62a0,1156610100,2,m.xiaozhu2.com/*
50b416a78263e089b7625b1764c3471b,1156610100,1,m.xiaozhu2.com/*
52d2c06c524d06bf7a1cf17d005aa5ff,1156610100,1,m.xiaozhu2.com/*
52fb8d58c493c879f9506fba4f5fe7b1,1156610500,2,m.xiaozhu2.com/*
53be33c4772acef8155b788c07054361,1156610800,8,m.xiaozhu2.com/*
53c070a29ecdfcbcb9a427b86f4cd3b4,1156611000,2,m.xiaozhu2.com/*
53c4c984bfbacbadf4d2bd27965426a2,1156611000,13,m.xiaozhu2.com/*
53fea1ae8b6df2fb86869bde9afb4c5b,1156610800,11,m.xiaozhu2.com/*
54741570786323cdb0a1cf302d77efe1,1156610500,3,m.xiaozhu2.com/*
547ac1ac664bd27dafe5d572639cba82,1156610800,1,m.xiaozhu2.com/*
550bf46ca637e517e3a7af4a31813958,1156610100,2,m.xiaozhu2.com/*
5520f1a67ec45cedde51b8d80691c2b9,1156610100,1,m.xiaozhu2.com/*
557a901ceaccfddf720389f9c41a1dad,1156610700,8,m.xiaozhu2.com/*
57fe4aeafa4c191dab79c73cd275c1a1,1156610700,5,m.xiaozhu2.com/*
5892b4bb89b7b06cb27551ddb70ff06e,1156610100,12,m.xiaozhu2.com/*
5892bf7b38a2815d5db359649d4033e5,1156610100,1,m.xiaozhu2.com/*
5901a38039d91d5dce58cd2c9689b546,1156610800,1,m.xiaozhu2.com/*
5a0847e116875df51946be44d08c9b39,1156610100,1,m.xiaozhu2.com/*
5a59c3ee1fef48120eab9d94f9721567,1156611000,1,m.xiaozhu2.com/*
5a81a5cc3114d72cb4778d3cd3ec5a2b,1156610900,1,m.xiaozhu2.com/*
5ad641bf81899bcda887f13102321f32,1156610400,1,m.xiaozhu2.com/*
5c6f4385c9451b99a1519f0535260d61,1156610500,2,m.xiaozhu2.com/*
5c8f39f4c4f02da047fc9520f81f851c,1156610100,10,m.xiaozhu2.com/*
5df446f5523f1b99c9e6d0dee48e7c85,1156610800,18,m.xiaozhu2.com/*
5e7bfe5ba0223970ada0f01332b1d6cb,1156340200,5,m.xiaozhu2.com/*
6000b8434b0bac20810268e880b2e831,1156330100,1,m.xiaozhu2.com/*
6052044a3512dbeea1d4864fa69c414e,1156610100,16,m.xiaozhu2.com/*
60eada4ff081bd01aa3d31f2d0d70d38,1156130200,2,m.xiaozhu2.com/*
614622c5c21f08449226aef9a9746d81,1156610100,1,m.xiaozhu2.com/*
618b614483acb50af86e6cffc334e600,1156610900,20,m.xiaozhu2.com/*
61f8d78ea1be35d96245589ec5fedf11,1156610100,21,m.xiaozhu2.com/*
6382bc9bd6726d21585e0bd39f6e5895,1156610500,8,m.xiaozhu2.com/*
6476940ff8d1e1434fec225782a7a37f,1156610100,27,m.xiaozhu2.com/*
64cc2ac3f9b456f9b006cd6ad3ed457c,1156610100,12,m.xiaozhu2.com/*
67181450a2345e9cf8c76a4459c6c66d,1156610100,3,m.xiaozhu2.com/*
68d54c9a26eb1a88ee0cf7fa767af849,1156611000,13,m.xiaozhu2.com/*
68e4e0ccb2da353d1d53cdfa0aee4189,1156610400,1,m.xiaozhu2.com/*
69a9cbd50ed5b9a402c1528fb27a2eb5,1156610400,1,m.xiaozhu2.com/*
6b339fd57db9583784085c6f90b60ca9,1156610100,15,m.xiaozhu2.com/*
6cca6e4600bbccc702e0793bde88eadf,1156610600,1,m.xiaozhu2.com/*
6d1e8a0a8ba039a1151dfd8156b5b46a,1156610600,14,m.xiaozhu2.com/*
6d25e38ae50bd97762551eba91bfa1ce,1156610800,10,m.xiaozhu2.com/*
6f4ec48038ebb37e2807c482acbbea20,1156610500,1,m.xiaozhu2.com/*
6f68255c2e7335b25cf60f7a9bf28dbe,1156610300,16,m.xiaozhu2.com/*
6fea06ad8c600e83f98b7119d6a5110b,1156610100,10,m.xiaozhu2.com/*
7021577e42bcce4fcd410745cd6b42bf,1156611000,12,m.xiaozhu2.com/*
70ee2a9b8f0028449bac444bc24e4b41,1156610100,9,m.xiaozhu2.com/*
7144d2e837fba9617c3387fd235b0d26,1156610500,1,m.xiaozhu2.com/*
716b01cd20120ae05b65b73e18793752,1156610100,1,m.xiaozhu2.com/*
72b0aa3ba971adbaf24490deacfedce7,1156610100,10,m.xiaozhu2.com/*
739849612f9796563e57bf923d642c00,1156640100,2,m.xiaozhu2.com/*
74c910ae2f1b1adfc391ee52b0948c88,1156610100,8,m.xiaozhu2.com/*
755dd07f29aeecaeccbcf3bae7deeb80,1156610100,2,m.xiaozhu2.com/*
75f29d27c6a72c10e10f202d8bd19e92,1156610600,2,m.xiaozhu2.com/*
7624ccaaec0fb50e620453bd5c4145c8,1156610500,20,m.xiaozhu2.com/*
76a2a6b8712062d76455dfb902a47ecf,1156611000,16,m.xiaozhu2.com/*
77199d7fd61c3d78d7ec4b90d7ee49c4,1156610100,1,m.xiaozhu2.com/*
77a1960134e949931a873a66b0d6a562,1156610300,1,m.xiaozhu2.com/*
78475151e2252db2f11986a3244daf27,1156610100,11,m.xiaozhu2.com/*
7877c8d8b48a95c02a854775bd827ffb,1156610100,16,m.xiaozhu2.com/*
787f1863a07be3680756b34920bd6394,1156610100,1,m.xiaozhu2.com/*
7a3604d03459d7a0fadfd79f526f02a5,1156610100,1,m.xiaozhu2.com/*
7b166a54cb9ed2eedc63f83c5625c4f4,1156610100,13,m.xiaozhu2.com/*
7ba360f1c5025a725fc5cbd879bfdc9a,1156610100,10,m.xiaozhu2.com/*
7cf2d086844efecf993cc80ca213545d,1156130100,1,m.xiaozhu2.com/*
7d15fa00ac75d7670c16e0ca2cb5ba0e,1156411200,10,m.xiaozhu2.com/*
7d8a70829bdaef9dc24ad92717875a0a,1156610100,1,m.xiaozhu2.com/*
7e37990a2b01a7ac9bd408c281881c6b,1156130100,4,m.xiaozhu2.com/*
7e8f1db1382ba3a38ef1720187f8e93c,1156610300,1,m.xiaozhu2.com/*
7eaa0ef651d68cf706b33246554a0bb6,1156610100,10,m.xiaozhu2.com/*
8024aadeb8da6e609948f365572d9ab6,1156610700,3,m.xiaozhu2.com/*
80a7bdc56f06b1520578b6a061ea515d,1156610800,4,m.xiaozhu2.com/*
80ac3b7e1b9b3748c8a8d64fa62520b3,1156610700,7,m.xiaozhu2.com/*
81a91117edc999b15cb36d24d071c3a8,1156610100,4,m.xiaozhu2.com/*
8254d8ee6b6c1fba80d5cb7b7c02300c,1156610100,5,m.xiaozhu2.com/*
832a3e15b4767cff03ebf060ba735e6e,1156610100,1,m.xiaozhu2.com/*
83af559eb8904648bbc1f148582432cf,1156610100,1,m.xiaozhu2.com/*
8457e75883accfe845f5bac3c57049d4,1156610900,5,m.xiaozhu2.com/*
85d587d014bdddb4ad873681c27ae9b5,1156130100,1,m.xiaozhu2.com/*
86021c9a441553f33f82ffbd2381f931,1156610500,1,m.xiaozhu2.com/*
87815bc84f0a7f5a97be30a80756f414,1156610100,1,m.xiaozhu2.com/*
87d8a1416fdcbf538a7ace2e528b6c51,1156610400,9,m.xiaozhu2.com/*
87dcc2819f9c3e14d6101260f8b8030a,1156611000,3,m.xiaozhu2.com/*
880de6ad2d3b08ab5057dc996da7f39f,1156610500,9,m.xiaozhu2.com/*
898259f3d3918b407ad8cf5b9e739453,1156610800,9,m.xiaozhu2.com/*
8c3bea25a15b092a8cd11716da7d3f0f,1156610800,8,m.xiaozhu2.com/*
8d76870fe53a041863c84425e7d78b80,1156610100,1,m.xiaozhu2.com/*
8ddfcd6450757ee9de72071951e5834c,1156610800,1,m.xiaozhu2.com/*
8e138888e6950967fd300354f4fc7a03,1156610300,11,m.xiaozhu2.com/*
904c1fa0f80947a3fa3ad9b50ea25099,1156610100,2,m.xiaozhu2.com/*
90ff7f185dacdb0eeb0a64b2b0f93d15,1156450500,2,m.xiaozhu2.com/*
92675651450bf3e34eec44b98a1d4faa,1156610100,1,m.xiaozhu2.com/*
926fb6a48a4f818a77f3ae365917c3a2,1156610600,3,m.xiaozhu2.com/*
92add2212a1cc7aa677f802067b71f87,1156610800,1,m.xiaozhu2.com/*
936588890cfbd59116993b34d46c46f0,1156610500,3,m.xiaozhu2.com/*
949625331af99fdf7259547da9c2ee34,1156610100,18,m.xiaozhu2.com/*
94aae4a0271656c1bc140a5dab35aa5c,1156610700,3,m.xiaozhu2.com/*
951b9a9abd85f0d420885abc430ea84a,1156610100,11,m.xiaozhu2.com/*
965b3239747be72cfe9ba0c67385c404,1156110000,7,m.xiaozhu2.com/*
96ac08dc9db87ab75a921b433f6e83ae,1156610600,1,m.xiaozhu2.com/*
9748f84191a988fb774f82a40793256e,1156450500,7,m.xiaozhu2.com/*
98508673219ed449d66d786882068881,1156610100,1,m.xiaozhu2.com/*
985aadf59960a0faadcb3eec1bfd10bf,1156610700,4,m.xiaozhu2.com/*
9a0bba2a818e969e7a57965bffc5539f,1156610100,6,m.xiaozhu2.com/*
9a7ac238f5bf7751f1c1d7bca41adba2,1156610100,1,m.xiaozhu2.com/*
9bd109d7eeccbda74a8ea3037e8b0abc,1156610800,1,m.xiaozhu2.com/*
9c04771d08b4d78979854e8273b5deb8,1156610300,3,m.xiaozhu2.com/*
9c3dc53d479ae9646ca05e25cef1d62d,1156610100,7,m.xiaozhu2.com/*
9d37e344f616443b80e46f4242e256cd,1156610400,8,m.xiaozhu2.com/*
a000f585aa1d8bf1c39b8d1007112001,1156610700,1,m.xiaozhu2.com/*
a035ff28411bcf8f5d0a8298e5ed7314,1156610600,4,m.xiaozhu2.com/*
a179f17512d0308e46db490b5088e9b4,1156410300,18,m.xiaozhu2.com/*
a1bca555dd6627a9f163e381b3e18f7a,1156610100,6,m.xiaozhu2.com/*
a1c700c4c05159092f064f83446fb693,1156610100,14,m.xiaozhu2.com/*
a1df88862d7cf07024ac7e9051efb53f,1156610100,13,m.xiaozhu2.com/*
a2c749c6bb937716f3c4c92fc0469264,1156610100,3,m.xiaozhu2.com/*
a302fa628e5fd164078e0b585bb5a540,1156610500,9,m.xiaozhu2.com/*
a31488f119b653c9232a9dfc86cd436b,1156510100,2,m.xiaozhu2.com/*
a374920dfe339d652eec885d7adfeea9,1156610500,8,m.xiaozhu2.com/*
a400d50644c36347fa09f464a863576d,1156430100,1,m.xiaozhu2.com/*
a46cd5d8e4b788497ef4eaa218bde2f6,1156610100,16,m.xiaozhu2.com/*
a6c61c2525526c4f9e4fa2cfafd81bc5,1156610100,2,m.xiaozhu2.com/*
a80bc1d7d93628c05352d5c7a02cc3d7,1156610400,10,m.xiaozhu2.com/*
a8304739735baa9bcf6920eeadcabc87,1156611000,1,m.xiaozhu2.com/*
ab1e5c568aa85d6f2a2497218e2f8de0,1156610100,2,m.xiaozhu2.com/*
abbc4e148462693fed25ccce8b7f6b25,1156610100,7,m.xiaozhu2.com/*
ac7adf2b37479921ce5660ba6c6fb173,1156610500,1,m.xiaozhu2.com/*
b099bb7e18a22470453a17c845ec65c4,1156610100,1,m.xiaozhu2.com/*
b122c57d3c830c66ff26098b95a5341a,1156610100,2,m.xiaozhu2.com/*
b21dee1adc1b7ad07599f5c6ae099fcf,1156610100,8,m.xiaozhu2.com/*
b40e630314f68a6aac6c5242fa0b427e,1156610100,5,m.xiaozhu2.com/*
b425160cd9f1b264678a946510cea9d3,1156610100,2,m.xiaozhu2.com/*
b5a45abad19f39a5d5d11554c09dbaa2,1156141000,1,m.xiaozhu2.com/*
b68e62a81753dac36adbc2249440c958,1156610100,1,m.xiaozhu2.com/*
b7541d4724e81371d39eef8dde68f1e6,1156610400,1,m.xiaozhu2.com/*
b810bf7f0eb25349462a17932bb07e6e,1156510100,9,m.xiaozhu2.com/*
b82061ca47b54eb7605faa4d62f62392,1156610500,5,m.xiaozhu2.com/*
b86c5dcd04d1a38bc935523937cfa7ac,1156511700,2,m.xiaozhu2.com/*
b8a56fb5982624dc2e5e6f5aedd70058,1156610500,8,m.xiaozhu2.com/*
b8d316f3587e5f031774ed8cff75673e,1156611000,1,m.xiaozhu2.com/*
b9bf83528d6460440c2206f6a3b53058,1156610400,6,m.xiaozhu2.com/*
bab4b6c76ce2187237a1f448998dc66a,1156371100,13,m.xiaozhu2.com/*
bab8465eee46342bc06b4ed03485ae17,1156610100,6,m.xiaozhu2.com/*
bcf66a24310ecd83431c9598325d6a8d,1156610700,9,m.xiaozhu2.com/*
bd37ee4d8f9c3a5130ef263fbf5dd67f,1156610100,15,m.xiaozhu2.com/*
bd461b23c812b3888b477bbcf2578fb5,1156610100,1,m.xiaozhu2.com/*
bdda1ee4248a3efea678a06171d8a228,1156610900,30,m.xiaozhu2.com/*
be01bf10adc4c510145a5a0e39331012,1156610100,1,m.xiaozhu2.com/*
be4f72364110505e77f8dc0372e51236,1156610100,5,m.xiaozhu2.com/*
bf2513abee21eb08dc14dfeeb75bc0fb,1156610700,6,m.xiaozhu2.com/*
bf45da4db0fc602253ccdd230791810f,1156513400,7,m.xiaozhu2.com/*
bf6be58fcbdc664f7862091988ebcdca,1156610100,2,m.xiaozhu2.com/*
bf6f46ce03924331e470e516dcdd1f54,1156610100,1,m.xiaozhu2.com/*
bfaf395d68a0e8cf632fc36affb5c95b,1156610100,1,m.xiaozhu2.com/*
bfcf833dc134fadafccf7d7096dd04bb,1156610500,2,m.xiaozhu2.com/*
c281c951acce5d9a9128f6e0b199d5ff,1156610500,1,m.xiaozhu2.com/*
c59f645387e602f1db7d8bc0a823542c,1156610700,1,m.xiaozhu2.com/*
c62a9e082800ebe5b9284f574190d888,1156610100,7,m.xiaozhu2.com/*
c7d0307325a8d6d880dbf5dfd6ed4ea8,1156610100,1,m.xiaozhu2.com/*
c7e24624a334f77ce5587b9e2195eb30,1156610800,8,m.xiaozhu2.com/*
c8d2fadcc7393344cf0d3e2679261ca0,1156371700,16,m.xiaozhu2.com/*
c90c0923bb638587c384a6cb48c35c77,1156610100,5,m.xiaozhu2.com/*
c98fe55a8d11ee4a2e5eda743a3d571c,1156610700,16,m.xiaozhu2.com/*
caad3b71a97833a46508700a38621ab6,1156610100,14,m.xiaozhu2.com/*
cad8e205c24f8458a0ad3a22b90fd39a,1156610600,1,m.xiaozhu2.com/*
cb463298c5553ca865237da617bcfc77,1156610800,8,m.xiaozhu2.com/*
cb735e824ebe825ffb4a759ce6a75816,1156610100,10,m.xiaozhu2.com/*
cc05c115a31351727a4efde9b3c58159,1156610800,1,m.xiaozhu2.com/*
cccb1693aa7acda673e6b0bc99023f45,1156500000,2,m.xiaozhu2.com/*
cde55c18db226c9184511d91e0c61302,1156610100,5,m.xiaozhu2.com/*
cf00e3da67f48e9314addfa15237fd0f,1156610300,1,m.xiaozhu2.com/*
d016dcfb32ef082864b5ef3910af9956,1156610400,10,m.xiaozhu2.com/*
d09c8dcd5cddedf7b3d7afc8b11f80ac,1156620100,14,m.xiaozhu2.com/*
d1260063fd38cd5d2b8990833c5f4d6c,1156610800,9,m.xiaozhu2.com/*
d2846bb1cd809f1d627fe6405a2e4d44,1156610400,2,m.xiaozhu2.com/*
d2ab3ddacc32e0a8209a9fd01302529d,1156610800,9,m.xiaozhu2.com/*
d3b38dd43c70ffcb95fec684949e9736,1156610100,8,m.xiaozhu2.com/*
d5c40c7d70d0625420529ce8c52684e3,1156610100,4,m.xiaozhu2.com/*
d8177c3f832453c4ac8b4574c20f0542,1156610100,20,m.xiaozhu2.com/*
d8924029ffa660e05059216185b124ef,1156610100,12,m.xiaozhu2.com/*
d8b6838e86b3e16fa2d98e0141141999,1156610500,2,m.xiaozhu2.com/*
d98f6c3ff7c90486ad0ba24f5ac4a9ea,1156610100,9,m.xiaozhu2.com/*
d9b1dbee671d4a56ea4bb4024b1cda7c,1156610400,1,m.xiaozhu2.com/*
da45f1a1d351f31374ee0e7ee95a7ecc,1156610100,11,m.xiaozhu2.com/*
daa9fe2d50602c470ec9f55b51d40658,1156610100,13,m.xiaozhu2.com/*
db56d47ca7cd2b1e26b8a4f90d217d89,1156610400,14,m.xiaozhu2.com/*
db5932f53a59a9dcbf83c531852f4d7d,1156610700,3,m.xiaozhu2.com/*
dbc565e3489232d35d78eb3b6edafd65,1156610100,8,m.xiaozhu2.com/*
dc63c628d625f3ba92a90b154459ddc0,1156623000,2,m.xiaozhu2.com/*
dcaf95f12640cf6198ae96f1b418a0ef,1156610600,3,m.xiaozhu2.com/*
ded0c2909fec7d859604936526ffc052,1156610300,1,m.xiaozhu2.com/*
e06611b4d98897f0942be4a428ce4d46,1156610700,13,m.xiaozhu2.com/*
e1493a1c96a669d266b291ce23416f1b,1156610600,3,m.xiaozhu2.com/*
e2de903a2f7bbfb0e1aec484ebbf0b82,1156610500,6,m.xiaozhu2.com/*
e352c6ed47103d8d65fa4284c5593996,1156610400,5,m.xiaozhu2.com/*
e54159e567fcd533229295ef20f3b62a,1156610100,2,m.xiaozhu2.com/*
e56a7e69f4b541f19a66e5624f219754,1156610100,2,m.xiaozhu2.com/*
e5afc90e20ef9d7b2864c32bfab3888b,1156610600,10,m.xiaozhu2.com/*
e5b1b42578e5c8d45c03f6bdf36c0ae4,1156610100,1,m.xiaozhu2.com/*
e669fc3c08016715f44b5e2d5045eff6,1156610100,9,m.xiaozhu2.com/*
e806fcfbb936850c8fbf3da0aa3bd57c,1156610800,15,m.xiaozhu2.com/*
e8687c3cb60d960763a9b8d26b3ba5d2,1156610100,1,m.xiaozhu2.com/*
e8d8d1e4e6e81003e6bf9ce1b1c1fbcc,1156610300,15,m.xiaozhu2.com/*
e8d9f2a76b6157e428357cfebb2951b9,1156610400,7,m.xiaozhu2.com/*
e914072391abeb02b880b9d6def48cc8,1156610900,1,m.xiaozhu2.com/*
e985cdc30f377d3a2a67a21e54e47b44,1156610100,7,m.xiaozhu2.com/*
ed023f1f204cca55ca5dcc6e53472a43,1156610400,5,m.xiaozhu2.com/*
eded8ddca3f2069f1e88a534e7bf244e,1156610400,6,m.xiaozhu2.com/*
ee08e60a497a81d07256397d949f7935,1156610400,1,m.xiaozhu2.com/*
ee35a6ef8d46ec52a16c60f2b4d980cd,1156610600,23,m.xiaozhu2.com/*
ee96ca57b8ef939b05297cd1c0925cba,1156610100,11,m.xiaozhu2.com/*
eef074d24e8b50d9c98afa7d6fc801bc,1156610100,3,m.xiaozhu2.com/*
ef7b7a937d25e495cfb939ef63f67666,1156610100,1,m.xiaozhu2.com/*
f02c889d53b98394c4563a6270b29fa1,1156610600,26,m.xiaozhu2.com/*
f0fd113162eaebd921bd2f846863ace4,1156610100,1,m.xiaozhu2.com/*
f1176540e0d4b46a2f7a7eadd2915e60,1156610100,15,m.xiaozhu2.com/*
f2618b8e10ff0968663d1b01325b4ddd,1156610100,1,m.xiaozhu2.com/*
f3df55bec0e403d5662a6dcd92747b5e,1156610100,13,m.xiaozhu2.com/*
f45f1a6e4e5630b4ef438d0fd1c31591,1156610400,1,m.xiaozhu2.com/*
f605f7f684b210f511ed1b48865ceeea,1156610700,3,m.xiaozhu2.com/*
f797392b374182c1684d54826a92b588,1156610500,12,m.xiaozhu2.com/*
f79a9939e8b3ef732a525e3c8f39e995,1156610100,11,m.xiaozhu2.com/*
f79e118bd3f6a2125a93a0dc28257496,1156610800,2,m.xiaozhu2.com/*
fa558bcdc85a4bd6b53dc0c12975b7e7,1156610800,1,m.xiaozhu2.com/*
fa9b5acf610fbcd6746460bccce517da,1156610800,3,m.xiaozhu2.com/*
faa9adc84ad146a90558a1b3dedbcd47,1156610400,1,m.xiaozhu2.com/*
faf99ccb5441ac52d12e3af9f7d62fd0,1156610100,15,m.xiaozhu2.com/*
fb4f90d4e8908cdebca87f231565774d,1156610500,1,m.xiaozhu2.com/*
fcc44888f8e9210419bdf48c46062bbc,1156610100,1,m.xiaozhu2.com/*
fd6a616d28fba18dabc5a0d9476073a3,1156610800,7,m.xiaozhu2.com/*
fedb8f66bdf2443349f002ca025f6d6c,1156340100,1,m.xiaozhu2.com/*
ff626d95c1db389caf0ce847bf8c3211,1156610200,2,m.xiaozhu2.com/*
