000574696d3e06fe85dd71221e804223,1156340500,1,*.cfniu.com.cn/*
0013ba2857c8268fa5855332ebb6605d,1156610800,30,*.ghypz.com/*
0023aaf9fd26549fef3c5fe2c1daa8cd,1156371300,26,*.cfniu.com.cn/*
003967607be2d488630e179ec085af58,1156410400,371,*.niu100.com/*
00a3efb858785f714819fa1f48efadf0,1156370400,18,*.ghypz.com/*
00b0a4d0eb67e19b0b56df245e792f90,1156341100,41,*.niu100.com/*
01020b94b0e00046711848f0e2e54c75,1156440300,1,*.9fanfan.com/*
016442bb4a5f72b84f36ebd1c906721c,1156610400,6,*.niu100.com/*
019ab7abdf2874007c34ce216d4fb60f,1156441500,1,*.9fanfan.com/*
01f8c99275c7ca28e4c661e615b55438,1156513400,27,*.9fanfan.com/*
01f8c99275c7ca28e4c661e615b55438,1156513400,9,*.niu100.com/*
0204bbb818b0161dd585894b4ed5a18f,1156340200,1,*.9fanfan.com/*
021b3206d2a4f6d0f3ed26ebb2c50550,1156431300,18,*.9fanfan.com/*
021b3206d2a4f6d0f3ed26ebb2c50550,1156431300,36,*.cfniu.com.cn/*
02502517d4bc19950a85f3014d874a5a,1156341100,42,*.cfniu.com.cn/*
02659c8e09d9e17b6952237a96ad5d3e,1156410300,67,*.niu100.com/*
02966280a92c5b0cc02bfec631d569d5,1156310000,534,*.cfniu.com.cn/*
02a509883d06cf4dbaf6f4d744f301ea,1156310000,459,*.zhang8.com.cn/*
02a509883d06cf4dbaf6f4d744f301ea,1156310000,1,*.9fanfan.com/*
02a509883d06cf4dbaf6f4d744f301ea,1156310000,2,*.cfniu.com.cn/*
02a509883d06cf4dbaf6f4d744f301ea,1156310000,7,*.niu100.com/*
02ac0d7fb6208deeeafb7601e9f76091,1156130500,2,*.zhang8.com.cn/*
02feeb698c018d4243908f3aff41d403,1156430400,10,*.cfniu.com.cn/*
03058cb45a792da4a8c45e8502f89c36,1156520500,1,*.9fanfan.com/*
030d71d16bc88ef07c94abea5eb53cfd,1156310000,1,*.zhang8.com.cn/*
034584da8c46746d250657b8047f4f44,1156511300,137,*.zhang8.com.cn/*
036a33db513b490e276a41eeb97e9c48,1156430100,1,m.9fanfan.com/*
036a33db513b490e276a41eeb97e9c48,1156430100,154,*.cfniu.com.cn/*
040d4d6df37dee41704d96e9cb97f708,1156320700,16,*.zhang8.com.cn/*
04c5d7ee2cf00598cf09f05778213a2f,1156450100,1,*.cfniu.com.cn/*
04cced071603eed9a0707e48dc30dc3a,1156341100,1,*.cfniu.com.cn/*
04fe0bc74ecf528197b74182908aef92,1156441300,2,*.zhang8.com.cn/*
050d4f4f0d268ebbeecb37edd820a7cb,1156430100,14,*.cfniu.com.cn/*
0536746537959e4c7448e902104d36a2,1156371100,1,*.redtrading.com.cn/*
056fa193056da5f380eb0db63f3d24f8,1156610400,24,*.9fanfan.com/*
060281f2a929552f4869076e185cd5ba,1156510100,6,*.niu100.com/*
068792094d5afb4bbb02b1a606facd0f,1156441900,3,*.cfniu.com.cn/*
074764ed9d9e431559523017de75b908,1156410100,17,*.zhang8.com.cn/*
07e9658327ea868539e4148b8da7e6d0,1156341300,185,*.cfniu.com.cn/*
08291823e5918d3c35cc49d2798c119f,1156110000,21,m.9999pz.com/*
0871ae570c2a4bda5df1b501bb996ded,1156340600,5,pz57.com/*
08e094eac241800c5bc76aac34294950,1156320400,82,*.zhang8.com.cn/*
08e525dc43b5bbe94c44a18929581e09,1156310000,1,*.cfniu.com.cn/*
092729b95d8eef6cd40e0a656357abb4,1156341300,1,*.cfniu.com.cn/*
09bf27a46b7d71ad8ec18c65b7b266f3,1156370100,1,*.redtrading.com.cn/*
09d23fc4c87ecdc5626bfaa108be0b25,1156610100,12,*.zhang8.com.cn/*
0a446f9a18c7fc2b17d3607f7fabe3c6,1156130100,2,*.cfniu.com.cn/*
0a5d8956fc31dbc232bf0532d58a3c12,1156430100,31,*.zhang8.com.cn/*
0a667f7af8c2ca500fcd7d2f6155d41c,1156340200,51,*.zhang8.com.cn/*
0a6fafe211203f29da19f0618b4d28e0,1156320100,1215,*.niu100.com/*
0a9e3d6da8fddc50f3523cc295f79b9a,1156320300,99,*.redtrading.com.cn/*
0a9ee095d7f46dac7fc17b302dcfe341,1156450100,5,user.hhgpb.com/*
0a9f2c7de37061431f3308c991e519ad,1156370400,2,*.cfniu.com.cn/*
0aa9f2b2aa0732988ee7e21e7c455061,1156130900,2,*.niu100.com/*
0b234984d3e51ece41ab5dae2b2bd8d6,1156370700,31,*.niu100.com/*
0b4e20b995f3a7e73b1b01ac1edce562,1156371700,7,*.ghypz.com/*
0b9f315be8f4d68c88a78d13287a5976,1156340100,3,*.zhang8.com.cn/*
0c5c671ea61476ba2ab9918a7870e0e5,1156510600,18,m.9fanfan.com/*
0c767449a15c6b472f56535c43137d50,1156341200,5,*.niu100.com/*
0c7ce0c286eac2ae8147ed7179caf3ed,1156340800,7,*.niu100.com/*
0c80b7cd87846dbc2293772b84e345c7,1156530100,301,*.niu100.com/*
0c8ba230f1b3387eba0c25eac2f4b66f,1156320900,10,*.cfniu.com.cn/*
0c8fe4fadc58f534f8b8e2635f7c9913,1156341200,4,*.zhang8.com.cn/*
0d2319966dbb40ba9bed3fcf5c6b3df4,1156340400,1,*.cfniu.com.cn/*
0d377d26a363404855be33ac734121cc,1156430400,18,*.zhang8.com.cn/*
0d377d26a363404855be33ac734121cc,1156430400,1,*.9fanfan.com/*
0d3927eed63782eae0f6a2506f506ff2,1156442000,24,*.zhang8.com.cn/*
0d3927eed63782eae0f6a2506f506ff2,1156442000,109,*.9fanfan.com/*
0d3927eed63782eae0f6a2506f506ff2,1156442000,113,*.cfniu.com.cn/*
0d6b764c6a0dda378624ee9602f25652,1156610100,1,*.cfniu.com.cn/*
0d982ddd99b52f926950f96e94611fc1,1156310000,1,*.redtrading.com.cn/*
0dd51a6635d5a1346e1c5359789db67f,1156341700,4,*.cfniu.com.cn/*
0e01e0b67f1a997b79bf0d584a68cf70,1156500000,14,*.niu100.com/*
0e3ef53f3c42dc99cdf077f306ad9df5,1156130100,1,*.9fanfan.com/*
0ebfaa719ad95f1687bcb63575d2c98d,1156510400,132,*.zhang8.com.cn/*
0ec25187ad1de074d656b8bc1d49db02,1156430300,4,*.cfniu.com.cn/*
0ec25187ad1de074d656b8bc1d49db02,1156430300,102,*.niu100.com/*
0f59c14ca6bc636f73a37b18078371b7,1156511400,27,*.niu100.com/*
1017ab06890fd99d6dbdf0b6ecb93397,1156341500,27,*.niu100.com/*
10d5fde4362d07ce34dc521b1317da54,1156360700,4,*.niu100.com/*
11448f0627321f8b76079ea978b0be20,1156340100,1,*.ghypz.com/*
11bf42ec8fc8444417d90ab17a32e077,1156310000,1,*.ghypz.com/*
12128e4ce8cab261000ed5a22e3f4343,1156340200,11,*.9fanfan.com/*
12128e4ce8cab261000ed5a22e3f4343,1156340200,16,*.niu100.com/*
1234dc0ce1457bd0cb27377f5544b6bf,1156510300,2,*.niu100.com/*
12442e9549a5c9845a3ce599ca8a73e1,1156341200,1,*.ghypz.com/*
124909554e809e3a1b4ae13875912337,1156340100,19,*.niu100.com/*
126076f0242aa34e323d0cb6918856a3,1156340800,1,*.9fanfan.com/*
127e1ab2cc0f156764e2bf31ff696d30,1156341100,1,*.cfniu.com.cn/*
129343c8f5708dc72a2167242a60d712,1156530100,1,*.9fanfan.com/*
1364463ae7cbda3180a11eafa92cef71,1156340400,1,*.cfniu.com.cn/*
13d41d678c95120d1c6952614eac9a28,1156320600,15,*.zhang8.com.cn/*
13d789ddf5733d35a6c25fa27a82ed75,1156370200,1,m.9fanfan.com/*
13d789ddf5733d35a6c25fa27a82ed75,1156370200,1,*.9fanfan.com/*
14430bae27d0fb821fd5667e894e98ab,1156231000,2,*.cfniu.com.cn/*
146538bbeec87c79fe2d1f8285b9170a,1156410300,8,*.ghypz.com/*
14aada7cb4bcedc03ed551fe4526a578,1156340800,1,*.cfniu.com.cn/*
14f6515fa0877064d75ffc0a0910fb5b,1156510100,357,*.zhang8.com.cn/*
14f6515fa0877064d75ffc0a0910fb5b,1156510100,319,*.9fanfan.com/*
14f6515fa0877064d75ffc0a0910fb5b,1156510100,29,*.niu100.com/*
153587fe2e159387a77c00b398d87a29,1156431000,99,*.niu100.com/*
15b55ea64d6041dcb44c6caa18d599dd,1156440500,18,*.redtrading.com.cn/*
16381500b217aafbe0c3b0c57c08f6a2,1156370700,1354,*.cfniu.com.cn/*
165cffe2dd522b3000d47702cd6787a7,1156310000,1,*.redtrading.com.cn/*
166bf9a0cd41a470892ec95ee6f7fb49,1156510300,187,*.9fanfan.com/*
16cf6fcc8b4a772dc11ed2892b0bde0e,1156510300,2,*.cfniu.com.cn/*
1707854d71d1c6e952a8346ecacd0e67,1156320100,1,www.a32a.com/*
1710b09c18db1148225fefc584fe1d24,1156320300,1,*.redtrading.com.cn/*
175db4779fddb13b08cc738094d9ec89,1156341800,10,*.laohu98.com/*
17644f437673ad0a4a02c12e5a1aa3ef,1156440700,4,*.9fanfan.com/*
1776b74ca3e522f17cbf710a1198a4b6,1156511500,219,*.9fanfan.com/*
1796d7a57c3171f5e4be3b83a2a483e3,1156500000,60,*.redtrading.com.cn/*
179777993d8238c7f8feaac82b2a689b,1156440300,14,*.zhang8.com.cn/*
17ff001be521cf5d3c96022898be3848,1156340200,1,*.cfniu.com.cn/*
180ede544b0e85316e42df5f6be4d2b2,1156510100,66,*.niu100.com/*
189277595a6bbcd5795005cd4682018c,1156341500,1,*.cfniu.com.cn/*
18ea11751c9089a42ca6f6cbb1d51639,1156441300,1,*.9fanfan.com/*
18f1cabc010d465eb198f54b1fa8ef16,1156511800,9,*.9fanfan.com/*
18f2fbd6cdb7c9fdb30188ca477cf229,1156610100,1,*.cfniu.com.cn/*
193f75f11d0b499dd29d5398adc7510f,1156310000,1,*.niu100.com/*
19b24595f3647e7b3dda65bc6834814a,1156450100,1,*.cfniu.com.cn/*
19ea8e0a26ccb74a03c856b5952aabd4,1156410200,877,*.laohu98.com/*
1a1c82544a15e0067256b625493972a3,1156120000,1,*.zhang8.com.cn/*
1a73b800905b6ecfa673f6d9d96cba09,1156451100,3,*.9fanfan.com/*
1a73b800905b6ecfa673f6d9d96cba09,1156451100,46,*.niu100.com/*
1aff87c9a1d1926f6af7807c0164cfb3,1156510100,1,*.cfniu.com.cn/*
1b0224e89072a3cf86f8e85a76223c6a,1156340200,32,*.niu100.com/*
1b56813d6475e86e7a523d58a44fb665,1156341200,1,*.zhang8.com.cn/*
1b5f0668f781572f17e3707f92f026a7,1156310000,1,*.cfniu.com.cn/*
1b61520c737c56a15b3ffdd0da4d2f89,1156430500,195,*.cfniu.com.cn/*
1b6e35fdb5f2fabb9063751d0a9e44a7,1156110000,46,*.redtrading.com.cn/*
1bd123777ad2dbbd0202e87fc6641c67,1156341100,93,*.niu100.com/*
1c45f6f679c85ef04a1ab06eb156e8bd,1156411000,2,*.zhang8.com.cn/*
1c58a70556f37a04f8ccc4213d18f20e,1156410300,29,*.ghypz.com/*
1cc28ac3be1af2d18d695e60821200b7,1156340300,25,*.cfniu.com.cn/*
1ce623aaef59fe79ff70a0a125691f9f,1156130100,1,*.zhang8.com.cn/*
1cfaad6445d838f15f3c96fad44ae7db,1156370400,9,*.ghypz.com/*
1d3a01d89aa3bf2d904b43c142db9e38,1156341600,1,*.redtrading.com.cn/*
1d465064e32c2b04a11a4d457b50294d,1156441300,2,*.niu100.com/*
1dd854854d6e4b87c632a74f2bdfd4cc,1156310000,6,*.9fanfan.com/*
1ddc452f4197d249878e31dfd617f194,1156431100,1,*.9fanfan.com/*
1e0786a4da8268303e49f9f2ccfd305f,1156360700,47,*.niu100.com/*
1e16521ba2980d5619e9a96970e0a44b,1156370400,9,*.ghypz.com/*
1e1d64ea47fedbfdb4739539e2fd0321,1156320200,5,*.zhang8.com.cn/*
1e6e545c78a9a33879806d114ddb3e90,1156340100,1,*.cfniu.com.cn/*
1e7f47011f5bd366bda19f74129252cf,1156440200,170,*.cfniu.com.cn/*
1ee7731a6d87fbeb0235be125e061b76,1156130100,1,*.cfniu.com.cn/*
1ef6ac9f7d84cc05142967cb81a8a64d,1156440600,59,*.niu100.com/*
1f2301d1b46b22b9c71986167f1c9cf5,1156341200,217,*.cfniu.com.cn/*
1f23a48dd1ae8960371e00d7f4887ae2,1156370700,1,*.zhang8.com.cn/*
1f244a2ccc32a5e320965793e2263452,1156330100,2,*.9fanfan.com/*
1f244a2ccc32a5e320965793e2263452,1156330100,10,*.cfniu.com.cn/*
1f3a99622742cec3cd7c9ec2d65f3df8,1156340100,1,*.cfniu.com.cn/*
1f422364db54381adcbe69f5470d87d9,1156640400,2,*.cfniu.com.cn/*
1f942d2482c40b986a44f4e84932e808,1156340200,31,*.ghypz.com/*
1fbec90f1b383f5f374e3eb8097f2231,1156440300,237,*.zhang8.com.cn/*
1fdc09987655c9769292cf0519473081,1156371700,2,*.cfniu.com.cn/*
1fe82a923a4536bdf8983eab455c2f12,1156341200,1,*.cfniu.com.cn/*
2009b3d138c436f688f4606c1d9fc466,1156341600,1,*.cfniu.com.cn/*
201f8834cd2fcf0e514e2a8c592e5254,1156512000,7,*.niu100.com/*
204a529d36e611b3897b8309082aaf7b,1156510600,70,*.cfniu.com.cn/*
205c74fdb4717f1b6d47fdfb53a2c72a,1156340500,7,*.ghypz.com/*
20bcc743f4a2402207ae12d7c6d2b469,1156310000,1,*.zhang8.com.cn/*
20bcc743f4a2402207ae12d7c6d2b469,1156310000,2,*.niu100.com/*
211a61879888e6e7f1ddb539e7a25c4c,1156510100,1,www.a32a.com/*
215695abda8416bee96989264bc281f4,1156430400,9,*.zhang8.com.cn/*
2176b3f0d37c91c370794a900b287d1c,1156450100,1,*.cfniu.com.cn/*
21952255710358f5dfe2be3a7bcfca42,1156440300,483,*.redtrading.com.cn/*
22d8679533e9905daaeeb2d6fb214ec5,1156440300,90,m.guhongli.com/*
231c1cb1f53d3e0ee9133a86f349ec3a,1156330400,15,*.zhang8.com.cn/*
231f6ef874c5c260855ab31245086eb4,1156510100,212,*.cfniu.com.cn/*
2345add5cf31ef1a53cd7d1a2085861a,1156310000,1,*.9fanfan.com/*
2346a22d45663fd98e7ff68f63aafc42,1156130500,387,*.cfniu.com.cn/*
23d2ccc1afe68b2d30a5b995107db17e,1156511400,93,*.cfniu.com.cn/*
240aaf93e751a6f53108cd37c7837a6e,1156130500,1,*.zhang8.com.cn/*
24147757c27a9465c66706dcd3bd4de4,1156510100,2,*.9fanfan.com/*
24269a8b1822aefb52f889623431d9f0,1156130500,3,*.9fanfan.com/*
24269a8b1822aefb52f889623431d9f0,1156130500,3,*.cfniu.com.cn/*
242ab07f5a954a87a6c5288403484887,1156410100,322,*.redtrading.com.cn/*
24811c3564349e60b9354e5af49b4d52,1156513400,117,*.zhang8.com.cn/*
257045410e9d4f80024d665f6dc94b79,1156340200,1,*.redtrading.com.cn/*
257ac215570e714de184c0465ec9269e,1156370500,1,*.cfniu.com.cn/*
25a929e90813f288af3749051b4e34c9,1156510100,3,*.niu100.com/*
25cc6468cb4ed358ca6927a60c85efbb,1156341200,1,*.zhang8.com.cn/*
25e28e02b31d4a9b3f93fd82f43775b6,1156370300,1,*.zhang8.com.cn/*
262998f6661156b8b9bba6f6e3b2d403,1156341000,21,*.niu100.com/*
268531c6a8eacdb61863b9ec7e5b73e9,1156340200,26,*.redtrading.com.cn/*
26b85232563373ad593ac2aa1d1d4b2c,1156610800,4,*.niu100.com/*
271a3c2f5c8d01ca38b975a87dd62014,1156340300,1,*.zhang8.com.cn/*
2728398fc5b3be59ae914401773a920d,1156420100,33,*.ghypz.com/*
273d40f2aec276718877bdbd9556101c,1156340400,12,*.9fanfan.com/*
274666ac641c89f276bfff885c4ef189,1156510600,31,*.zhang8.com.cn/*
274666ac641c89f276bfff885c4ef189,1156510600,58,*.9fanfan.com/*
2781bf0f91527f93b772c778b7625ec8,1156510100,27,*.niu100.com/*
27bd281c39c32fdbb49510e5b1d601df,1156310000,7,*.niu100.com/*
27c7ae369ea4a7c98a14441990516166,1156340500,1,*.9fanfan.com/*
27d5905fa67e6afd91553b36677156b8,1156120000,1,*.cfniu.com.cn/*
28052f0f94f5b16da037bb93a7cf2648,1156511700,4,m.9fanfan.com/*
28052f0f94f5b16da037bb93a7cf2648,1156511700,221,*.9fanfan.com/*
282b41f59a15a459119eae6d854aed4a,1156341300,67,*.ghypz.com/*
2868b28c662205d25e3b1608ae2c2664,1156340100,7,*.cfniu.com.cn/*
2899946fe589b99ca4d7ebb7884b430e,1156510700,5,*.niu100.com/*
28c0f5469061bfabccee7fd3b7fba8b0,1156510100,263,*.niu100.com/*
28f1673f4b0b1e609719457d8c1437c5,1156370600,293,*.9fanfan.com/*
28fb91287c882003b9bcfe300e620281,1156431100,39,*.laohu98.com/*
2935f9e7feaee66b670e1b5f490cff48,1156441200,4,*.cfniu.com.cn/*
297e725153153453e4ce1404efccc0a7,1156510900,64,*.zhang8.com.cn/*
29918aaed1d73746016432095a94b249,1156341200,1,*.zhang8.com.cn/*
29cb56cc8764811f4dca766858130028,1156310000,1,*.9fanfan.com/*
29e5136d11d44df3b2c7a9bccb5839cc,1156410800,9,*.9fanfan.com/*
2a2622720f5bba35c43a3b67623a96ac,1156441800,200,*.cfniu.com.cn/*
2a597d6986bfae9965289f8808f80bd9,1156510100,32,*.zhang8.com.cn/*
2a92414f0923e4b6394a37c4c086f852,1156350100,47,*.zhang8.com.cn/*
2ad7abc1513607f4c4f1375fd19e0162,1156610600,16,*.ghypz.com/*
2b28d6f5a863fe44e3b22e146043b283,1156340200,1,*.zhang8.com.cn/*
2bb5f544fb803dd10b1ace39b2e802bf,1156440300,13,*.cfniu.com.cn/*
2bce2516e2303acce87e929ced717828,1156510100,28,*.ghypz.com/*
2c3466e3dcb1b25e381c48fbf8b25ed2,1156430500,211,*.cfniu.com.cn/*
2c3c7a4e6a751e012d841d79c0f71984,1156430100,83,*.niu100.com/*
2e223aca74c7730e2bdaa92756eefb70,1156370400,2,*.cfniu.com.cn/*
2e7d2d8ce9d43461781f131b743704e6,1156430100,298,*.cfniu.com.cn/*
2e95f0d45e9e9ac80abd134dbf5c5ed5,1156310000,1,*.zhang8.com.cn/*
2eae37f675b4dee462b055b15cbcbea7,1156350200,1,*.9fanfan.com/*
2f17ddf429293c09e3218d0941df971a,1156411100,2,*.9fanfan.com/*
2f493d2b849e49dc5c80771667cb519a,1156420200,188,*.laohu98.com/*
2f4a1740e5ed31ccba7d2d9468a6ac0d,1156440600,2,*.9fanfan.com/*
2f4fb077d15ec9bbfd34a87090efa3bf,1156510500,1,*.cfniu.com.cn/*
2f726d8ea9b8b3dff8d424d279eb22ea,1156410100,14,*.niu100.com/*
2f790051f621c710f6493d6675e39190,1156510100,23,*.niu100.com/*
3077b5a3269b5f1e9f77e5438353efa9,1156340700,82,*.laohu98.com/*
30a354f9f4e40f0decfdc0cf4762a076,1156320300,1,*.9fanfan.com/*
30a354f9f4e40f0decfdc0cf4762a076,1156320300,4,*.cfniu.com.cn/*
30da588d1760540a790045496f9a6532,1156370500,1,*.redtrading.com.cn/*
311165f38144473ad9b3de1caed47a54,1156340200,1,*.cfniu.com.cn/*
3114e1704ee80e46465e750f2e03ceb2,1156440900,2,*.cfniu.com.cn/*
31401c41ea2ae4f6050c81005e2df582,1156341500,1,*.redtrading.com.cn/*
316a224cecd2d3c612553eb63e563c2d,1156532900,703,*.niu100.com/*
320ab328f9eb61a506093372b08655a4,1156440300,29,*.ghypz.com/*
329ca796f23fe685bed417fe1ca26e59,1156341500,1,*.cfniu.com.cn/*
32ab76481b6fa9f3fad8bb5817348609,1156370400,17,*.ghypz.com/*
32d1c86bf50200139a0684ddeafedaa4,1156371100,29,*.ghypz.com/*
3384f54f1180a5e90eedde3bb8999e6e,1156430700,61,*.cfniu.com.cn/*
338dbaf93f1f5fee042fc184df69c3d0,1156510100,10,*.niu100.com/*
33b4b1f520ff049d4507b110f3eeabcf,1156341200,1,*.cfniu.com.cn/*
3444612012646636231f3e895232b676,1156411700,8,*.cfniu.com.cn/*
346bcd7aa766983f5b1811c3a6772985,1156510100,48,*.cfniu.com.cn/*
348996dbb73aa296aedc9b49bcffc915,1156610100,4,*.cfniu.com.cn/*
34ed8631db0c1aa1b182f408bb6d7afe,1156341500,247,*.zhang8.com.cn/*
351bba1b8e1eb249bda78f68589f05d2,1156410100,34,*.niu100.com/*
35749fcc99d189144b1eaee89351c293,1156500000,1,*.9fanfan.com/*
35dd34682507efed8401e723fd954e6b,1156510100,20,*.ghypz.com/*
35e0646d136deb3cf3dbcf9c13c7af54,1156441900,1,*.zhang8.com.cn/*
361abc8b271e51fbf07ca56112c98d02,1156440100,36,*.redtrading.com.cn/*
36591f2e0c40dbe247805a10a1e53f93,1156610100,43,*.cfniu.com.cn/*
366563adda714c966e3f8e989b88d133,1156421100,1,*.ghypz.com/*
36b84392b25537301c28cc536f629c22,1156511600,11,*.niu100.com/*
36ef4e5384007244838d89e4979a4851,1156532600,1,*.niu100.com/*
36f08c24da6c14483b4d64e03aad8214,1156410100,6,*.9fanfan.com/*
36f08c24da6c14483b4d64e03aad8214,1156410100,20,*.cfniu.com.cn/*
36f4af2f5d62982c3938f8e216df6af2,1156510100,64,*.zhang8.com.cn/*
3748a34c84b077d2fc6bab8437071193,1156440100,26,*.ghypz.com/*
3765cbbc05382449d1d557903bf83232,1156540100,1,*.9fanfan.com/*
3765cbbc05382449d1d557903bf83232,1156540100,13,*.niu100.com/*
3768b0d64fc99ad2e0552bc5b31c9ac4,1156370400,7,*.zhang8.com.cn/*
38206a1f5a056e962baba3677f179beb,1156610100,36,*.redtrading.com.cn/*
391357fb93489264c4abad4acc52778d,1156540100,18,pz57.com/*
395cf091098a57c136590dc45d152bf2,1156510100,1,www.a32a.com/*
3961920c6ae1f7d05aa526b9c3399075,1156222400,1,*.cfniu.com.cn/*
39ffad113eb1eeb587c9a411b6da9ad6,1156610100,1,*.niu100.com/*
3a18504980389028a296e39be05a1623,1156440900,2,*.cfniu.com.cn/*
3a18504980389028a296e39be05a1623,1156440900,15,*.niu100.com/*
3a292c4f8a5d4645c3b6bee515f68143,1156511100,499,*.9fanfan.com/*
3a292c4f8a5d4645c3b6bee515f68143,1156511100,8,*.niu100.com/*
3a382de74ad11878b576a81ee5cd8ab0,1156430200,1,*.9fanfan.com/*
3a5e8409d44eefdc4be8f42b460252d1,1156421800,10,*.9fanfan.com/*
3a7ba647a09d10096ea8106ee86a2c1d,1156370700,1,*.cfniu.com.cn/*
3b45507ea27d9804f437e29644dab31a,1156370400,2,*.cfniu.com.cn/*
3b955526057a4ba1f53f1b8469be4d3b,1156532900,3,*.niu100.com/*
3bacf457e5a1b4be375bd026de140639,1156130100,8,user.hhgpb.com/*
3bc832a3ee13b3e7129c3d9b64fc81e7,1156341200,1,*.cfniu.com.cn/*
3bd690c8bbf275df5cd823b777c8ec77,1156610100,1,*.niu100.com/*
3c03d80b8bc601e11d8610042f33155a,1156510100,7,*.zhang8.com.cn/*
3cdb2e68aab8798760dba5bf7d3fc179,1156440300,93,*.zhang8.com.cn/*
3d284becf026d37cbcd2dbbd503e55bd,1156310000,1,*.cfniu.com.cn/*
3d30f4a9ad6465f8d3b1e4afd68be352,1156411700,1756,*.redtrading.com.cn/*
3d5f87d1c5ed790c18b492bd88c86bd8,1156130600,1,*.9fanfan.com/*
3d6f676ae4cd6f1e4c7a0334ab401789,1156530400,15,*.zhang8.com.cn/*
3d8d638802fe7fcbbf523675c5cb4aaa,1156450200,6,*.ghypz.com/*
3d9983382b275e97a22278316ec986ab,1156420100,1,*.redtrading.com.cn/*
3def2e2db8c991fa961210f7ca0d40e5,1156340500,3,*.ghypz.com/*
3e5e95d82d272d99e9ed736d3867930c,1156511300,15,*.niu100.com/*
3e9fc1837334de28a524f93538db0340,1156371500,1,*.redtrading.com.cn/*
3f246af643e3b4e05ee087afd20bf784,1156340100,390,*.redtrading.com.cn/*
3f808776fde0c80f217111dedca2075f,1156330600,1,*.9fanfan.com/*
3fbbe64575148d5502c63ecf9910057c,1156340100,27,*.cfniu.com.cn/*
407e7fc434d3851cf66c393fc014f215,1156130100,2,*.zhang8.com.cn/*
407e7fc434d3851cf66c393fc014f215,1156130100,1,*.9fanfan.com/*
415c776df9282f8055fd7602f6292ad9,1156310000,85,*.9fanfan.com/*
41a6f1e4ab82b2324cf365143e009021,1156510100,150,*.zhang8.com.cn/*
41e5e2423524e9aa3a18f5a32addb09c,1156370400,17,*.niu100.com/*
42b9958d19b92eaad9e2f3d591a13666,1156440300,286,*.zhang8.com.cn/*
42bf503c93d1fed8d673583ca95388f7,1156510100,1356,*.redtrading.com.cn/*
42f699c16b2b5f958382610c37b56302,1156500000,325,*.cfniu.com.cn/*
433f9117c77e8d67d9a9ed60caf282a2,1156510400,14,*.cfniu.com.cn/*
437e81c5b2e920e134270a41c1463b3c,1156440300,1,*.cfniu.com.cn/*
437e81c5b2e920e134270a41c1463b3c,1156440300,1,*.niu100.com/*
4462d8f57f3e15f213b89e018a9ac486,1156370400,2,*.cfniu.com.cn/*
447c602decadc128c04d0f0ada13257b,1156340200,30,*.zhang8.com.cn/*
447c602decadc128c04d0f0ada13257b,1156340200,40,*.niu100.com/*
4495458754d8e5198cedee0079ee5202,1156330300,1,*.redtrading.com.cn/*
44ff941ba5e497c44976b9f474b0473f,1156610700,15,*.cfniu.com.cn/*
44ffb71607924fc20366915e40997fff,1156511300,124,*.niu100.com/*
4526152c75086683b69de86f40ae2945,1156530100,12,*.cfniu.com.cn/*
45405dc9678418dc9c13c0ef1ab2870b,1156340200,2,*.ghypz.com/*
4579c992e934afd63bad2c008035ed22,1156530100,1,*.9fanfan.com/*
45cec0386d6ce0608e7ee210b27a8881,1156151100,173,*.zhang8.com.cn/*
45d4ac1ddfef51fb3b537b73b286df94,1156440800,31,*.ghypz.com/*
45de5bf3c3f3b2fa410866b941f71da0,1156370300,59,*.9fanfan.com/*
46c5b64476cf9d80cebe59133a2dadd2,1156440300,345,*.zhang8.com.cn/*
470fde04072c492a850788eb2dd7f33d,1156341300,1,*.cfniu.com.cn/*
47c2f2a8a7b8a9472cfab8713f667efe,1156321000,1,*.9fanfan.com/*
482691de458aa503271d2a8da77c8bb0,1156340300,1,*.cfniu.com.cn/*
492ff81dd4c14c818c14504e45da3924,1156341300,15,*.laohu98.com/*
499d4ac50528c6be4b5cc2c102bf3d51,1156340100,2,*.9fanfan.com/*
49fd2774e6f746941dfc34dc0d288467,1156370200,21,*.redtrading.com.cn/*
4a2ac37de330f72248df3f2eb12d0d3b,1156370500,81,*.niu100.com/*
4a2ae8ed563ad9dd0c46917248892bf2,1156340500,1,*.niu100.com/*
4a300d92842d7a2cf2859d46fdf400b4,1156340100,1,*.zhang8.com.cn/*
4a3b2313acc303e105d239cfa5233ddd,1156510100,504,*.redtrading.com.cn/*
4a5390ba028cecec71230e7e79d7455d,1156610800,1,*.niu100.com/*
4a68f0db9cd7e6f46ab99ec0be52255a,1156441300,2,*.9fanfan.com/*
4a9783596236517463cdfa1d3f298c75,1156440700,68,*.laohu98.com/*
4aeddc8c2173825db2d31b02335ef1f7,1156341600,1,*.cfniu.com.cn/*
4b32925816cece3cd143a002ec70a0d9,1156411000,2,*.zhang8.com.cn/*
4b739a40f5cc6676dd08a04a94100581,1156310000,1,*.niu100.com/*
4b76d5c4b1d5adf8553c6ca1eab1765c,1156110000,1,*.zhang8.com.cn/*
4bb0035ee2a6b586c68d38dd4deab432,1156440300,198,*.9fanfan.com/*
4bd145fbf4ba5ca3d1d15b4b421b6c28,1156621200,2,*.cfniu.com.cn/*
4bdc29ccf614cd0a69b242004eddf654,1156511100,101,*.9fanfan.com/*
4bdc29ccf614cd0a69b242004eddf654,1156511100,3,*.niu100.com/*
4bed36defdbb658c445ac97459be910f,1156510100,272,*.9fanfan.com/*
4c370b750e0dd71dd1a751c33603131c,1156340100,1,*.9fanfan.com/*
4c579408682136f24b5b84be9f372c2a,1156370600,3,*.cfniu.com.cn/*
4c5b54595d0c568d3a4ff45640c85a5d,1156450900,21,*.zhang8.com.cn/*
4c9ba8c48f7dcd6f3ba4533aee193e9c,1156621200,1,*.9fanfan.com/*
4cc4e3ca310a769b8cba110b887adcc2,1156340300,1,*.9fanfan.com/*
4d8464514cfb4657c81b3a4114d0e22a,1156370700,1,*.laohu98.com/*
4e03ed19df85f158f1fea592555d93ce,1156340100,1,*.zhang8.com.cn/*
4e4977d57e8809eb513427a00073fbee,1156371300,1,*.ghypz.com/*
4e9c6e1c1f026b8063f35206d2a1cd90,1156610100,1,www.a32a.com/*
4ea7bc32bf19abe8450d0e0fac501ca0,1156310000,4,*.cfniu.com.cn/*
4eade8da8e042434b07e00a7504387c1,1156340100,1,*.cfniu.com.cn/*
4ecd5475757af836f86ad00260605b40,1156340500,11,*.ghypz.com/*
4f66f279eadf4ef8767ad7a0152c4a9b,1156370600,2,*.9fanfan.com/*
4f67c19bd4c2f4c484a182975ca07ea0,1156341600,1,*.cfniu.com.cn/*
4f6c89239c56daacc252f744cb6edb9c,1156340100,54,*.zhang8.com.cn/*
4f8c2d589b44a32ec53beaf48b066e3d,1156150600,1,*.redtrading.com.cn/*
5023c324c000a89b61a74ca5e37da7cc,1156340600,52,*.9fanfan.com/*
502dae971b1538c0a84cdb78716163c7,1156130400,19,*.zhang8.com.cn/*
506030e0ee49bdf65d1b03b45f22268f,1156441200,28,*.ghypz.com/*
507e82a61b50994ff0bccc3cf51a44bb,1156340200,1,*.cfniu.com.cn/*
509c8c76e9de5184365f40947c5ad766,1156510100,1,*.cfniu.com.cn/*
50c330e02e1a6e30c2730d373094f8a3,1156320100,21,*.redtrading.com.cn/*
524197e67487db27e2baea1ecde5a148,1156370400,16,*.niu100.com/*
5272e8291360da728bd57b24aec76338,1156340100,94,*.cfniu.com.cn/*
5274694c437e1d1183c71b824858732a,1156511800,62,*.cfniu.com.cn/*
52976857e153019e0fee61dc53c526ef,1156440100,1368,*.cfniu.com.cn/*
532f9909ad744916fcc704b7aad3d4eb,1156150100,1,*.9fanfan.com/*
53c3d44cc93d2853aae549c9fe19927c,1156511400,49,m.9999pz.com/*
541b299eb55ffdc8a83c561f06e45371,1156440800,109,*.niu100.com/*
5420598683203c1fab638a226c397f0d,1156510100,85,*.zhang8.com.cn/*
5420598683203c1fab638a226c397f0d,1156510100,165,*.9fanfan.com/*
5420598683203c1fab638a226c397f0d,1156510100,18,*.cfniu.com.cn/*
5420598683203c1fab638a226c397f0d,1156510100,22,*.niu100.com/*
5431c344d795c7853bfb95e90b7fa505,1156310000,1,*.laohu98.com/*
54d610f37539eab75a03401c67d43b76,1156110000,95,*.redtrading.com.cn/*
54e0a93db4e4903fd4c00d40f07cfd4b,1156410100,28,*.niu100.com/*
54ff38330ed5a0f91d1a35a7dab74800,1156500000,2,*.zhang8.com.cn/*
54ff38330ed5a0f91d1a35a7dab74800,1156500000,1,*.9fanfan.com/*
54ff38330ed5a0f91d1a35a7dab74800,1156500000,2,*.cfniu.com.cn/*
550d32c503a166a9530f9c0f4848a500,1156370600,1,*.redtrading.com.cn/*
5528ebec71a627b546a973d757afcbc8,1156440100,49,*.niu100.com/*
55571212f46d54b73900f11aa85f297c,1156510100,247,*.zhang8.com.cn/*
55935797f5028c353a911fdb12145c59,1156370700,1,*.niu100.com/*
55d6d56376264f9060d830d7c84fac3b,1156220800,1,*.cfniu.com.cn/*
567644b34edd5010ce538d35f5d9fb2c,1156130500,2,*.zhang8.com.cn/*
56f6a0a5219f52d34b9e9cf8c1b12389,1156340800,1,m.91zcp.com/*
5744727ea668fc74adcff4e04724bd1a,1156441900,160,*.niu100.com/*
57d786f6959c7cc6799cd2f6d30d806d,1156510600,3,*.niu100.com/*
57f231f291a0888dc3f32de4835ff251,1156510700,7,*.niu100.com/*
5800871e5211f6f2a1b4bcef13d21376,1156431000,19,*.niu100.com/*
5810e5a243841b4035cc2917e5d37525,1156310000,23,*.cfniu.com.cn/*
58205794557da1b0a2a4ee3b6c391ae5,1156510100,44,*.cfniu.com.cn/*
583c56fb2a2173fe76e53f984e1b370a,1156510100,147,*.laohu98.com/*
584d915f415e2139711e7ea151a0ed6f,1156340100,374,*.cfniu.com.cn/*
58cceaf005e8f5b338c4b76855398b2c,1156510500,18,*.zhang8.com.cn/*
58f5bcfe16a79a130098991850d9d814,1156440100,3,*.ghypz.com/*
59394e22f364b05bc5996e1fc494f168,1156320500,1,*.zhang8.com.cn/*
5950fbec7da21ee1a104cb7d9d9e36f4,1156440100,29,*.ghypz.com/*
596572e4982b7c62946a1f41b4d00e40,1156310000,1,*.9fanfan.com/*
5967209e4dc86c958d6a660df428aff6,1156371700,1,*.redtrading.com.cn/*
596a1ab635e81c2f5f88518f6c4d5ae3,1156340600,1,*.niu100.com/*
59b71cd01f8f152bcdda32955eed0776,1156431000,168,*.9fanfan.com/*
59b71cd01f8f152bcdda32955eed0776,1156431000,195,*.niu100.com/*
59cdaf0376ec2395ca7f965c22502623,1156310000,1,*.redtrading.com.cn/*
59deeb46a0b824e314695a9d74eb3af8,1156430200,16,*.cfniu.com.cn/*
5a5258e53ce4735a69b45e95bba1cff6,1156441600,688,*.zhang8.com.cn/*
5a5258e53ce4735a69b45e95bba1cff6,1156441600,881,*.ghypz.com/*
5a82c1e58a60a8c07f13293ede021ad3,1156310000,11,*.zhang8.com.cn/*
5a82c1e58a60a8c07f13293ede021ad3,1156310000,15,*.niu100.com/*
5ab06c73acdc2e214d0b712813b5943f,1156341700,71,m.9fanfan.com/*
5ab06c73acdc2e214d0b712813b5943f,1156341700,387,*.zhang8.com.cn/*
5ab06c73acdc2e214d0b712813b5943f,1156341700,152,*.9fanfan.com/*
5ab9494cde0d85783399ecc55965eb14,1156130600,8,*.cfniu.com.cn/*
5ae2567e797432e0631385e0e6927046,1156511100,1,*.9fanfan.com/*
5b550212f7c5a80adc574f6b6b9d6f70,1156340300,2,*.zhang8.com.cn/*
5bb0e2b38e09b773fe751348ea3a5110,1156441600,25,*.cfniu.com.cn/*
5bdd52654a1ec443379a59b6be4b1cd1,1156440300,1,*.9fanfan.com/*
5bdd52654a1ec443379a59b6be4b1cd1,1156440300,1,*.cfniu.com.cn/*
5c27b1f9dc4f80858cf321bd1fa79c6b,1156130200,1,*.cfniu.com.cn/*
5c55e3861ec09988dc7c0f51d964e19a,1156341200,25,*.niu100.com/*
5cc1fc00d12ce48590272d6222fa1e0d,1156430100,820,*.zhang8.com.cn/*
5cee264ab039932df5d691e8d21986c3,1156310000,1,*.cfniu.com.cn/*
5d3e7c922b3f6660465a90976e035da9,1156510100,21,pz57.com/*
5da5e6efddb5db0fa2991a2346e39a89,1156340500,180,*.zhang8.com.cn/*
5da5e6efddb5db0fa2991a2346e39a89,1156340500,209,*.cfniu.com.cn/*
5da5e6efddb5db0fa2991a2346e39a89,1156340500,35,*.niu100.com/*
5daadd31d6c55143057a173cddc50129,1156150600,471,*.cfniu.com.cn/*
5db2a6058dcb27dcc3ba27167be89569,1156130400,1,*.cfniu.com.cn/*
5e0c0ba1a1f532bac046dea44cdfeddb,1156321000,518,*.laohu98.com/*
5e104032147733688158ac348ff0e1b6,1156431000,17,*.zhang8.com.cn/*
5e104032147733688158ac348ff0e1b6,1156431000,181,*.cfniu.com.cn/*
5e104032147733688158ac348ff0e1b6,1156431000,17,*.niu100.com/*
5e64f6da2647a09053ed4cebf0da5101,1156310000,1,*.9fanfan.com/*
5e866a6840f9967785ddfa1f0250b3be,1156371100,1,*.cfniu.com.cn/*
5f5ebe2d6a5d95f48f5a50eb9a5ae8a8,1156130200,1,*.ghypz.com/*
5f83bf81984fd14d8b8bd376f0e7db0d,1156510500,5,*.zhang8.com.cn/*
5f83bf81984fd14d8b8bd376f0e7db0d,1156510500,38,*.niu100.com/*
5fa9497d80a4bbd9bbe5aeb516ed9378,1156511400,15,*.zhang8.com.cn/*
5fbab5ab66c068b0725843fb5952f182,1156340200,1,*.cfniu.com.cn/*
5fdb4251d0ee21d6abd7e907f39be197,1156510100,4,m.9999pz.com/*
5fe55a10045e140c0105cc898e7c8eda,1156510100,640,*.redtrading.com.cn/*
5fea567da847eae72c8c183f67d1e4c9,1156510800,6,*.laohu98.com/*
606b6f906d964a5481179547eb95366b,1156341800,2,*.cfniu.com.cn/*
60caad407ba3e889646a91287927557f,1156320800,96,*.niu100.com/*
60ddd9c86112a3b709145028f5a37bcf,1156410300,71,*.ghypz.com/*
610d89226859c24f9dd5ef95d7b2e9d1,1156650100,30,*.9fanfan.com/*
61703bd597181c70e5216d4ec44452b8,1156340300,20,*.9fanfan.com/*
61742c697a55c5fcbe89a350d1829a60,1156370400,2,*.cfniu.com.cn/*
623648b65f98a8b2d55c2dbd9a600d64,1156330200,1,*.ghypz.com/*
62406bf8e8fd8edb84142e759dd0fabc,1156440300,3,*.9fanfan.com/*
62406bf8e8fd8edb84142e759dd0fabc,1156440300,8,*.cfniu.com.cn/*
6242041cca7659d3ffacfe9ba744d90d,1156610100,4,*.redtrading.com.cn/*
62436b8640da99af6568bc198d6cf5c2,1156431200,4,*.cfniu.com.cn/*
628c891ddab9ee10a9dea9a0f4b5ed05,1156360900,1,*.zhang8.com.cn/*
62f171ac29d5793787c3e4070b774f80,1156310000,1,*.cfniu.com.cn/*
630a6d247bc2c5724e3bf9ae52114bb1,1156430100,1,*.9fanfan.com/*
63498cea9c575b85a3f7fbe02513f06b,1156130600,29,*.zhang8.com.cn/*
63de0cd0d1e16a51a1b878feda271a6e,1156511100,2,pz57.com/*
6445ad1355635bc48a7f4516b1ae2415,1156310000,1,*.cfniu.com.cn/*
64a9ba4672209650cc1f48a0c0e960ac,1156520100,685,*.cfniu.com.cn/*
64dc28b463932a79831862080e793df3,1156511400,15,*.zhang8.com.cn/*
652004e686e044a84f2986cfe43c0d7c,1156441400,34,*.ghypz.com/*
6545d5680ad6b1b493582a415cad1fd0,1156510100,25,*.ghypz.com/*
656809a1bd2466b773c1abe8be278d43,1156440300,27,*.cfniu.com.cn/*
65c0af6418cfd7ff5b32af51cdcc9382,1156310000,1,*.9fanfan.com/*
65e203b40a9c3fee7d903b717a9feb91,1156340100,6,*.ghypz.com/*
65f2884a791f356e64604117a23d153a,1156610100,2,*.ghypz.com/*
668e0bea3f44ba0f2cf2bdc90fbfd2c1,1156340100,11,*.niu100.com/*
6694401064b4f2818de00c76aade5929,1156511100,53,*.cfniu.com.cn/*
66c371b517cf05b46f7d419759424326,1156320500,1,*.zhang8.com.cn/*
670454ffe2d016ac63d696e623d86081,1156130500,1,*.9fanfan.com/*
670454ffe2d016ac63d696e623d86081,1156130500,2,*.cfniu.com.cn/*
67253e48030b7ebe6565dacab4335f4b,1156511500,11,*.9fanfan.com/*
67261133827aa5b0c179ee5881ff2fd2,1156370600,1,*.zhang8.com.cn/*
6750ac6f3aec6aefed790fefc24cb67d,1156370900,1,*.cfniu.com.cn/*
6759c7b1236c93e5d57547d0cbc4601e,1156340800,200,*.cfniu.com.cn/*
6764d1333894caecbb6ac5c9cf084d9b,1156370100,22,*.niu100.com/*
68277fbfa2d76aa9f884f33661b3b020,1156310000,1,*.cfniu.com.cn/*
686dab771d0068a63fd0711957f8c885,1156340200,1,*.redtrading.com.cn/*
687934063636ae6a72390ba236b9ad63,1156510800,3,*.niu100.com/*
68cc8f0d8f11b8c5372928ada07e5de8,1156341800,6,*.9fanfan.com/*
68cc8f0d8f11b8c5372928ada07e5de8,1156341800,83,*.niu100.com/*
68e93ba9b8041374b2dc9e0c72de4f96,1156410300,1,*.ghypz.com/*
696989ef90eddc9211598ca1307e6b3f,1156532900,313,*.zhang8.com.cn/*
696989ef90eddc9211598ca1307e6b3f,1156532900,179,*.cfniu.com.cn/*
699c3cf618dce0faba8a0477b23e95b7,1156530100,436,*.redtrading.com.cn/*
69ea7acf7608b2c182047b4c623bd943,1156500000,1347,*.cfniu.com.cn/*
69f53ec71079a957221ede9baf5888cc,1156341300,33,*.9fanfan.com/*
6a250232aa3f1b4a35393eac98f7cb75,1156310000,1,*.cfniu.com.cn/*
6a467f3e4e601024f8e9c407ff089913,1156441900,1,*.zhang8.com.cn/*
6a8556e9f30a62e6594246348b66e73e,1156130200,66,*.zhang8.com.cn/*
6ab96fe3068913ad769aca671ac0383f,1156370200,1,*.niu100.com/*
6ad0128817797a941dc111c50e221d90,1156511900,820,*.redtrading.com.cn/*
6b21605c31b4ef752e2d11fa00a2810b,1156510100,80,*.niu100.com/*
6b23d54ded6a5e3ca362c9aaa51a4896,1156511400,9,*.niu100.com/*
6b84ad5c9d6054c44ef56eb80e135b80,1156442000,1,*.cfniu.com.cn/*
6bdde9b9296b91b8b5a58cc9b5bd35db,1156341200,819,*.zhang8.com.cn/*
6c046f13322ee82c88d056639b6f0b99,1156430100,140,*.cfniu.com.cn/*
6c0bad99a9e723e11cefff62a91f456a,1156610100,22,*.cfniu.com.cn/*
6c507b133bdb1b8c4836b1ce9d18e1b0,1156510100,137,*.cfniu.com.cn/*
6c80482d7a6632b3ce45f10afcd5af09,1156370400,2,*.cfniu.com.cn/*
6cc7a831d50534e2b39e1d31767152b2,1156511300,1,*.zhang8.com.cn/*
6d1d870f9df16f58239186f4f74f986b,1156442000,3,*.cfniu.com.cn/*
6e1cbc78baedb770fa5b88a92cf25da8,1156340200,10,*.ghypz.com/*
6e54c9ef3fc5fb270caf43611e542fea,1156430800,939,*.redtrading.com.cn/*
6ecde89d9e8626c17eda6ca4183adf19,1156430100,22,*.cfniu.com.cn/*
6fc1dc58bc9847448bda98d618481784,1156370700,1,*.redtrading.com.cn/*
705985468d3c3529ef1b125a04e1aac8,1156370600,2,*.cfniu.com.cn/*
705985468d3c3529ef1b125a04e1aac8,1156370600,21,*.niu100.com/*
71243bd87ac20a391e862b1f2e50416f,1156370200,18,*.zhang8.com.cn/*
71415311d0f2046e852b9432c9a32a02,1156370400,2,*.cfniu.com.cn/*
714a81c587a46cfa3e360b4d771b9d0a,1156320600,9,*.niu100.com/*
7194806e10fdaec1295642318f4e1ba4,1156530100,4,*.ghypz.com/*
71b4fa729d67af1b58c1fe19dd1cf176,1156410300,71,*.ghypz.com/*
71dbaf2d1db89eae578688eca16f3721,1156370300,662,*.redtrading.com.cn/*
7204a4a4d5e344a64cef15c6f9868a49,1156370400,15,*.niu100.com/*
720e4843493637139bc541b58a32f237,1156510700,47,*.zhang8.com.cn/*
7235392df4e4930e69a097a8837f6868,1156450800,10,*.cfniu.com.cn/*
7277f6f9d0a18e9cc64ae69ea9d46eba,1156341600,4,m.9fanfan.com/*
7277f6f9d0a18e9cc64ae69ea9d46eba,1156341600,2,*.9fanfan.com/*
7285e43ddd3884703c077aa7721902aa,1156441900,11,*.niu100.com/*
72922bc5bf21b70b6364dec711a5daa8,1156370500,22,*.ghypz.com/*
72c10c35a1dc02e362ad7cc73db3891a,1156310000,1,*.cfniu.com.cn/*
72ed52f207cda104017b0fbeb4731509,1156430700,32,*.ghypz.com/*
72f993c5f7542f6b7b1d210230330021,1156640500,17,*.9fanfan.com/*
73058885280a14efa1be892ac7290cb6,1156431300,180,*.cfniu.com.cn/*
735634619ba82eeaa1826df83605b541,1156510100,616,*.cfniu.com.cn/*
741dbc4b498fa7bf2ae3b2572c74ab35,1156341600,1,*.zhang8.com.cn/*
745226e083c02e2584d9e382705e1a49,1156341700,17,*.zhang8.com.cn/*
749df4623b576895f42f295b41587b27,1156511100,2,*.zhang8.com.cn/*
749df4623b576895f42f295b41587b27,1156511100,22,*.niu100.com/*
74b14c48bd57f09cefeb3c1e5f2f5118,1156510700,25,*.cfniu.com.cn/*
74df3b73046d642256d5f7c55f43d4ac,1156610500,11,*.zhang8.com.cn/*
74e37bbfe43538a464a48c2fa1100e1c,1156511300,17,*.zhang8.com.cn/*
756c0cda69205b24097c7361ea4a4660,1156371500,1,*.redtrading.com.cn/*
75ef9e7c36fe0ef8d551dd4253df4bac,1156310000,6,*.cfniu.com.cn/*
75f83fad898287b1da65eac507c93752,1156340100,296,*.zhang8.com.cn/*
7606a75b3f78eb2d74458386b001a038,1156510700,11,*.cfniu.com.cn/*
7630f7af5c5fbd16ceaea6398fb5dc20,1156340500,1,*.redtrading.com.cn/*
768b09aba4e1fb911f3545c88554fc95,1156441900,267,*.cfniu.com.cn/*
76c271aa5f3976937c290c19bc2e028d,1156310000,1,*.9fanfan.com/*
76d4fa67c5bee39d26f357b5f2bc3627,1156530100,13,*.zhang8.com.cn/*
76d9776e8b13e3690f2c6848b5e935ce,1156430300,85,*.niu100.com/*
76e60c7c86b88bf6fd92324800be7e53,1156370100,18,m.9fanfan.com/*
76e60c7c86b88bf6fd92324800be7e53,1156370100,44,*.9fanfan.com/*
76fea701325ac825bc16eea42a1ac77a,1156340700,5,*.ghypz.com/*
77157ee0bf92075dc4546acd7ed9cef8,1156510700,61,*.zhang8.com.cn/*
773039853ac415df0c860f725216b7ea,1156430200,21,*.zhang8.com.cn/*
7752deb224b6689fbd8fc1a304cba9a7,1156510100,135,*.redtrading.com.cn/*
77c124303b3fc2857850485017267c4e,1156371700,1,*.niu100.com/*
77c6413d8c66237da44d3b956ae32462,1156370600,23,*.niu100.com/*
77d7c19b61ca33c51f71fb5f17d8abc3,1156370700,9,*.ghypz.com/*
77f0b8f59c193d226bbad0cc55a2122c,1156510100,430,*.niu100.com/*
7896623eb709579bdd2cc59901e8f8ab,1156610800,21,*.ghypz.com/*
7908ef38cad17c13fc3c0f20748f0b67,1156510800,13,*.9fanfan.com/*
7939fa8b6e9e3bcb3afa34f079683afe,1156341700,1,*.9fanfan.com/*
79a73b40df6342fb3cfe91d0e09a8e79,1156370600,1,*.cfniu.com.cn/*
79b77605bb48f86084e88fe7055eb98e,1156370200,1,*.cfniu.com.cn/*
7a0d90bd0a04f37de50fded76853bab0,1156451000,42,*.cfniu.com.cn/*
7acc5507d3e2a185f6ca3c8f5c2e9f61,1156510900,1,*.ghypz.com/*
7af086c5de4d2201214af91dda467f57,1156330300,9,*.zhang8.com.cn/*
7af086c5de4d2201214af91dda467f57,1156330300,3,*.9fanfan.com/*
7b7ceff74d7b81ebab091e25cbf7ddf2,1156510100,41,*.niu100.com/*
7b94a280eccc86785622553e1068b53e,1156440100,4,*.zhang8.com.cn/*
7b94a280eccc86785622553e1068b53e,1156440100,3,*.cfniu.com.cn/*
7b94a280eccc86785622553e1068b53e,1156440100,61,*.niu100.com/*
7ba5bb2df9966426569ba818e9189e7d,1156610500,56,*.niu100.com/*
7ba6813013dd58442dd5e6c3ece90216,1156341200,18,*.9fanfan.com/*
7bbe0dafd9e77dbc2267061238bf5ca2,1156442000,1146,*.redtrading.com.cn/*
7c2a91cae4a22dd2a82d793f5455958f,1156341100,1,*.laohu98.com/*
7c46b95804f01ea075d1256d1cdc042b,1156511500,8,*.zhang8.com.cn/*
7c46b95804f01ea075d1256d1cdc042b,1156511500,6,*.cfniu.com.cn/*
7c98fb59d1e2909d5ca92ae85e03c61f,1156653100,1,*.laohu98.com/*
7cc310ee441bc6fbdd48a122121816de,1156310000,1,*.cfniu.com.cn/*
7cd95844355c1e8f588a0689f8879861,1156441900,4,*.cfniu.com.cn/*
7cd95844355c1e8f588a0689f8879861,1156441900,8,*.niu100.com/*
7d0302bee2d9346e05e6b3f82a0a06a3,1156440100,1,*.cfniu.com.cn/*
7d056d60e9d8b0ffabeb0af273995c91,1156110000,23,*.ghypz.com/*
7d056d60e9d8b0ffabeb0af273995c91,1156110000,2,*.cfniu.com.cn/*
7d11989d1bcb162a9a65a4dd0176cced,1156341200,1,*.cfniu.com.cn/*
7d2650e96a9913fc8dcc17e8d213b9cd,1156431000,836,*.cfniu.com.cn/*
7d47d96fbc7f9551e724a3865f5b779d,1156340100,32,*.zhang8.com.cn/*
7d68ff27a143661f25fb5147e85114c9,1156341200,171,*.niu100.com/*
7d83fb069f016c6c26c773646b16aa50,1156370400,30,*.ghypz.com/*
7d8faa6cb9a740c65f62d9ec26c630c4,1156370400,4,*.ghypz.com/*
7e66de242c1fc0258c78a34d5fbd0cf7,1156310000,1,*.redtrading.com.cn/*
7e8275449dbb10807efdf3d1fc2e1b02,1156370800,3,*.cfniu.com.cn/*
7e92020d2564378563e1cac0599bfaf8,1156310000,248,*.niu100.com/*
7efb79d8f60999359cc6f2a371f207e6,1156450900,29,*.ghypz.com/*
7f1b5b758274252276075bbd78109345,1156110000,76,*.cfniu.com.cn/*
7f77b6b7966ae937fd2e8c7616385a07,1156370900,1,*.redtrading.com.cn/*
7fa0af25f27aeed4d862c4e7fc44426b,1156340200,658,*.cfniu.com.cn/*
7fa24e18ad7504c13a44246670910bcc,1156341100,1,*.niu100.com/*
7ffbc61ba55ed1f9b1ffa27a09da5059,1156321200,30,*.ghypz.com/*
7ffbc61ba55ed1f9b1ffa27a09da5059,1156321200,19,*.niu100.com/*
80147f65f430c31dae0183f4e5f78d3e,1156440100,229,*.cfniu.com.cn/*
807e95d1940d6d93fb440de2c5dbf920,1156310000,51,*.9fanfan.com/*
8093a658bf092a30ada9a7f6c9c7315f,1156370400,1,*.9fanfan.com/*
80994696ee5eec9d1ad3f9f48861ccfe,1156341100,27,*.ghypz.com/*
80d7ca209268ab92220aea37842b340a,1156510100,16,*.9fanfan.com/*
80e83e54c01223dc1d40075de12379b2,1156320600,19,*.zhang8.com.cn/*
816bd0f2752d7c6104d16362af4fd9d5,1156441900,49,*.niu100.com/*
8174d86d9920e65327950a46c57a9a8a,1156130100,54,*.niu100.com/*
818f631bb4280028c03197e3c1082df6,1156511800,127,*.zhang8.com.cn/*
81a47c039ee8e86fcb92bdd51be2b9aa,1156310000,38,*.cfniu.com.cn/*
81ea678e0c0bfbef3dab8890b6478a8d,1156510100,160,*.redtrading.com.cn/*
82008100d070f67d1da6282a074ae49c,1156440300,29,*.ghypz.com/*
82a2248b8340194263a10461e2da56a8,1156340100,860,*.redtrading.com.cn/*
82c939e2a4cfe606a92f76857f2a9243,1156430300,2,*.cfniu.com.cn/*
82c939e2a4cfe606a92f76857f2a9243,1156430300,92,*.niu100.com/*
832d12f7f64b47f2c1f0867655bc6c5d,1156340100,66,*.cfniu.com.cn/*
8337274007d4a523ac17e0da8aa8fc8f,1156340100,4,*.niu100.com/*
837af2737bd404583279a7626ea7a547,1156340100,1,*.9fanfan.com/*
8380f979d96190aac5a1ec3489f3a0c0,1156430100,170,m.xsjingpai.com/*
83a1007d8374e331eabd2ad90531c45a,1156430300,107,*.cfniu.com.cn/*
8452b2035a88eb40927244a61b0b8df6,1156340100,3,*.9fanfan.com/*
84d4cbf44dade72a24e9b776e173b23a,1156350800,4,*.cfniu.com.cn/*
84e74b187e506269657589514e8be148,1156440800,15,*.cfniu.com.cn/*
855cac0374310904aac61adcf8749dc1,1156441900,4,*.cfniu.com.cn/*
855cac0374310904aac61adcf8749dc1,1156441900,15,*.niu100.com/*
85656f02cce0f87beed672e1096977a2,1156440400,14,*.cfniu.com.cn/*
8579440b62489dd07bb72d8299683347,1156510100,2,*.cfniu.com.cn/*
8582b51ac2862d09acedbe1c4fd83aaf,1156110000,31,*.niu100.com/*
865950ac7b26fdd6deff354408afe31c,1156130100,12,*.zhang8.com.cn/*
865950ac7b26fdd6deff354408afe31c,1156130100,1,*.9fanfan.com/*
86ea7e50914c2241e68df6dcf9543dbc,1156130500,4,*.zhang8.com.cn/*
8714032f54c46d564aca3852a07c1a31,1156320100,19,m.9fanfan.com/*
8714032f54c46d564aca3852a07c1a31,1156320100,4,*.9fanfan.com/*
87181dd886dac5cd46f016932b2abe8d,1156371600,1,*.cfniu.com.cn/*
87481e8f161913099c315e4d2c8d473b,1156341200,1,*.cfniu.com.cn/*
877d85372238bf4870ed0d51d3e944f7,1156430400,325,*.cfniu.com.cn/*
87c30512c27db6cc4c44edd4f8d9ce3f,1156341700,4,*.9fanfan.com/*
87d634c963aad35e35ea3499c47c1390,1156370400,2,*.cfniu.com.cn/*
87f142e598e5a56abcd706ed513b0117,1156370200,76,www.a32a.com/*
880aadc60def9d10769d7ff54d012909,1156411100,27,*.zhang8.com.cn/*
884bf28f69ee6e42c8f825914e27210b,1156530100,122,*.redtrading.com.cn/*
884bf28f69ee6e42c8f825914e27210b,1156530100,27,*.9fanfan.com/*
884d17a3869cafc756a8d966b0e9e872,1156511100,204,*.9fanfan.com/*
885ab6a6ba31a22587e2db27e56ce687,1156441300,88,*.9fanfan.com/*
888969d36dd4679c69c4e4a81de1766b,1156610800,5,*.niu100.com/*
88897b8213dad7b0dbcbd8dec5c2b9b4,1156530400,5,*.niu100.com/*
88c37d073cec8c90dbbd12cb09fae763,1156310000,1,*.cfniu.com.cn/*
8a06ff4b6f34336a09dc43928595009c,1156340500,9,m.9fanfan.com/*
8a06ff4b6f34336a09dc43928595009c,1156340500,85,*.9fanfan.com/*
8a37ce216f38499751a41256ca640dd6,1156321100,1,*.9fanfan.com/*
8a7f9ae53a92b8aa15571e849c174da1,1156360700,47,*.laohu98.com/*
8a86c48bcc84a1fe747cb5ef715dea8c,1156340300,1,*.9fanfan.com/*
8a93eb2e2b899a0b0972a9e05c707a57,1156510500,142,*.cfniu.com.cn/*
8b1d08bffeee4d59b36a5ef7c4ec9806,1156610100,29,*.9fanfan.com/*
8b270c199916480cd9588750a9a305e6,1156340100,57,*.9fanfan.com/*
8b30a361cfc9c7ba07b62b508029a2b2,1156310000,1,*.cfniu.com.cn/*
8b32010beb94e2a4635baf25369ff606,1156510800,5,*.9fanfan.com/*
8b4f1ad4727c36fa7b2973a1e408ec05,1156350300,1,*.ghypz.com/*
8b61eb1f389a12852475298405c4fa51,1156430400,291,*.cfniu.com.cn/*
8b7bf7b4b26f1a9075650f2c8a0f6bad,1156511500,3,*.niu100.com/*
8bac2bc9e3c267425b63aa517ea335aa,1156440600,1,*.zhang8.com.cn/*
8c146b0127fd270b210408dc008b7778,1156330500,17,*.ghypz.com/*
8c95bf9e7ce15b51efe113bff1e48490,1156510500,2,*.cfniu.com.cn/*
8cb3f3d0ae430ee2faf2d4ab8ef5ea80,1156441300,1,*.cfniu.com.cn/*
8d47bfbb9528468e4a603d4d12402fc6,1156430100,15,*.cfniu.com.cn/*
8dc7c53cbbe91ecb28b4d84a18ebbf1d,1156341300,1,*.cfniu.com.cn/*
8eb1d001114b83185bf3afac02e99780,1156370600,783,*.laohu98.com/*
8ee4ae7572caefac1368daf9ae465525,1156320800,14,*.ghypz.com/*
8f0d2f2182aee52b1c9a885ecc4c89c4,1156130700,2,user.hhgpb.com/*
8f2c8dbab0c9d14d5bfd2720a4060e94,1156511700,1,*.cfniu.com.cn/*
8f6ba382bd755dd46ecd1ec7f96a0b78,1156341200,62,*.cfniu.com.cn/*
8f961b1463f1cd0872b4d65017e1314e,1156513200,7,*.cfniu.com.cn/*
8fa190fd04b5c1968dde03e27a33ffc4,1156510100,904,*.zhang8.com.cn/*
8fc0689fcf44aafb8e94d961517ed046,1156341000,24,*.niu100.com/*
8fd0f04d3db3083d866936071ae13e65,1156130100,1,*.cfniu.com.cn/*
90111ecb2d0ecd071ff6475ba09781bb,1156440300,31,*.niu100.com/*
90258f0b2017ebbe5a758555d5873f7b,1156340800,1,*.zhang8.com.cn/*
90c321caa75255dd0bb2b10fd864d98a,1156510600,8,*.zhang8.com.cn/*
90dbe73dba3b23e6d0c910ed4cbdd42f,1156370700,2,*.cfniu.com.cn/*
90fedaa6202d28db5618820dad314742,1156530800,12,*.zhang8.com.cn/*
91509e63caaa25a713723a6e1479aa4b,1156341800,1,*.9fanfan.com/*
915d836f94b06c11de70a19836b4607c,1156451100,2,*.zhang8.com.cn/*
915d836f94b06c11de70a19836b4607c,1156451100,2,*.cfniu.com.cn/*
916eae05e5688dc67fc1c8f1e676339e,1156340200,1,*.cfniu.com.cn/*
919c7af00f27238ee7d70d4d8d1be25f,1156371300,31,*.niu100.com/*
9255d16fa715634431ae2729a5f27459,1156341200,1,*.niu100.com/*
927f688c49619bc328ed31393b01881f,1156430100,54,*.niu100.com/*
92de9e5db91686a8a67c8880f5b48932,1156341600,7,*.redtrading.com.cn/*
9375aad32742684dbe0b70172e0705ad,1156340200,6,*.zhang8.com.cn/*
9375aad32742684dbe0b70172e0705ad,1156340200,36,*.cfniu.com.cn/*
93c22f5c5889a867703196153ab17313,1156440100,26,*.laohu98.com/*
93c4cebe80c5b073eeb57f6c79cc24a3,,1,*.9fanfan.com/*
943c998eeb1746ccc32cbe807a1b29a9,1156411300,13,*.cfniu.com.cn/*
943cb0e5433cac4d7f0eac126d8d8384,1156511300,400,*.9fanfan.com/*
94e12139f1f8f8cc54f512bf44ef9680,1156440100,137,*.cfniu.com.cn/*
9562e9152f7d12c4b3818d97a484dc0c,1156340100,36,*.ghypz.com/*
9579b0efd7c92a239486b2391229fdb3,1156430700,627,*.cfniu.com.cn/*
95b647f662cab7436de38e76312fab5e,1156420100,33,*.ghypz.com/*
960389ab572a91c8de86a7c60f88f3c1,1156410100,14,*.zhang8.com.cn/*
96054c43dc234c767e24b8638df1677f,1156341700,1,*.cfniu.com.cn/*
965d74e60067f5dcebc2da6ce745f728,1156610900,9,*.cfniu.com.cn/*
9668b86d42311bd5dd5917f91b3ac3de,1156511100,18,user.hhgpb.com/*
96a981b78ba488dd969093108a71f2ea,1156410300,69,*.ghypz.com/*
96ecc078c4e307d49f04ce52432b10fd,1156330700,4,*.ghypz.com/*
972985f746c35bb0009fb86d5c43c935,1156510700,1,*.9fanfan.com/*
972d050a3f50eca0e62dd0086017b7c6,1156370600,1,*.9fanfan.com/*
973531cbea717e44b84b35ec1368eaf2,1156410300,2,*.cfniu.com.cn/*
97a914b5a7ecf9c572c492546420297d,1156440100,3,*.zhang8.com.cn/*
98289a9267f8a9f6711eb7969d08a8b8,1156341000,40,*.niu100.com/*
98340d36d7044264f0b5f5e6812324a6,1156511500,187,*.9fanfan.com/*
983793029ac6bb56a0707ad86f66b218,1156341600,7,*.ghypz.com/*
98a1ce42b354e45f9fb1a1d9962ed64d,1156340700,38,*.cfniu.com.cn/*
995ceeefb457bcdcedef31b43bf962d4,1156451100,1,*.niu100.com/*
99b9cfcdf18984a9e0b9534f936d391e,1156610100,1078,*.redtrading.com.cn/*
99cc1b9d37cd4aa7f11980cfb2f84177,1156410600,33,*.ghypz.com/*
9a05bd3a3008e2a46baee3a4d9f4c3ef,1156341600,1,*.zhang8.com.cn/*
9a7912e5ea5d4d8652177d14605fbe59,1156130100,25,*.zhang8.com.cn/*
9af9c49a9aae253a530c387c018b1455,1156341200,1,*.redtrading.com.cn/*
9b7124862ae81ab0c5e472d4d399922f,1156430100,18,*.cfniu.com.cn/*
9b91eddd5ba96af6b59e6d22344fc118,1156341000,245,*.cfniu.com.cn/*
9c343468ba2709a813305e3c1406ade3,1156340400,1,*.cfniu.com.cn/*
9c5074c92d56c019015af24156d61bec,1156510100,9,*.cfniu.com.cn/*
9c642dab0ec98bc64c5209cf4bfb7445,1156510100,281,*.9fanfan.com/*
9d280c87e4ef7c3936f4b427de6ffce2,1156510500,27,*.9fanfan.com/*
9d63957f6485df05b74cbd687bbe278d,1156440600,13,*.niu100.com/*
9d75085a0b08e1b1c4131d904b6eaa26,1156513200,1,*.9fanfan.com/*
9d9cc4bc626667bb540d5ee3dc6563de,1156441300,9,*.laohu98.com/*
9db49dffec9c78e39c74c9c4b892e603,1156510100,64,*.cfniu.com.cn/*
9dc08b3a22bfedce24f26f04ea80baca,1156510900,6,mwnxh.com/*
9dc64bb089cb2840f0d8882dc7677108,1156610100,104,*.zhang8.com.cn/*
9dd03b55e94fb962339878010eb6d25a,1156440100,31,*.ghypz.com/*
9e8ebc7d2614be6bedcf18f7e2ad8746,1156310000,1,*.niu100.com/*
9e9c921c7fbfc9db65ad9bd27aa0ed48,1156340100,1,*.redtrading.com.cn/*
9ebc3fa758ef58bd15a2a07c0748f7b3,1156370100,2,*.ghypz.com/*
9efb474c1cc1f91aaaa96890dbf1eb7d,1156451200,72,*.zhang8.com.cn/*
9f0092cf03c0808bd7bbe83bae93ab40,1156430500,15,*.cfniu.com.cn/*
9fb273a387dd04dc23b88661e174a880,1156341200,1,*.zhang8.com.cn/*
a02be5233799bd3278cf4a1868d1ab7e,1156510100,15,*.zhang8.com.cn/*
a062a8c2a8d761c0b58fbd5a7ef9f8d9,1156130400,3,*.ghypz.com/*
a0b06c242ea0bd2dfb86aef548b72e5b,1156330700,5,*.zhang8.com.cn/*
a10b9312325dd27f9aaad87346f90e0e,1156350200,43,*.9fanfan.com/*
a125c6484e8dc40bcc4600c0b6e3e8ae,1156371300,14,*.laohu98.com/*
a171365105a11426ddef67a64fff4919,1156445300,22,*.zhang8.com.cn/*
a172d606e32ae87251631370ebafca95,1156430500,25,*.9fanfan.com/*
a17fd701c2971151806a13607b41e55c,1156510100,15,*.9fanfan.com/*
a19ac7875216e455c29a2f2e22f01379,1156430100,160,*.zhang8.com.cn/*
a1c3b7f3b8f41dcd5ea72cdfd1cf18c4,1156370400,2,*.cfniu.com.cn/*
a1d9e3d2b2de7ee96e3b85eae7e0ce84,1156440600,19,*.9fanfan.com/*
a1dff3672b814a3061d288f8c20276bc,1156130500,6,*.niu100.com/*
a2723be77eb51c6f719c06f7de582d8f,1156610100,14,*.laohu98.com/*
a359e8309b60d072dc7dd778eeb12c20,1156511300,44,*.niu100.com/*
a3bd852a722f1ef8f890f985fa206c92,1156341200,5,*.cfniu.com.cn/*
a412aa8626e34658dd620906840903b2,1156510100,6,*.zhang8.com.cn/*
a4ad885d2c1447bd4c1e7beb73b60a77,1156410100,1,*.zhang8.com.cn/*
a4d3db76da794e7d5e5036aefb292cc0,1156610100,17,*.cfniu.com.cn/*
a4d6b94020c0cc8e6953bf9d83a0cb6b,1156370100,1,*.niu100.com/*
a4fb6dac5f48918e9bd877d69ac71c86,1156341500,1,*.cfniu.com.cn/*
a5348607aca279e413f3169b42a0a81e,1156340200,8,*.9fanfan.com/*
a5348607aca279e413f3169b42a0a81e,1156340200,10,*.cfniu.com.cn/*
a570e9fea63bb315334e86939c1c17e5,1156370400,1,*.9fanfan.com/*
a57d82b6aacdcd1eaa853f2c7c583ee1,1156320100,12,m.9fanfan.com/*
a597bd44383cb7aa9c847e27700adeee,1156310000,1,*.zhang8.com.cn/*
a5a870c5c6a6f21b6eedc3a3e2180fdb,1156310000,12,*.ghypz.com/*
a5b92d215678a98cd041966b0584ba18,1156360700,1,*.9fanfan.com/*
a61dab87861632dcfbe89254ccd5f8c0,1156130300,3,*.niu100.com/*
a650ac5c013a431b713c1c53dda44eaf,1156510700,6,user.hhgpb.com/*
a668d66319bfafdf65ee6a406257aa89,1156310000,1,*.9fanfan.com/*
a6b4e56b70f3849802968308e8d0ab15,1156321300,51,*.cfniu.com.cn/*
a7c5447752dbda08946f4a75d10fc3f6,1156341500,296,*.9fanfan.com/*
a88f32472070132f646a99d62610da99,1156610100,1,*.9fanfan.com/*
a89cff866b76e86416d79833370411ab,1156341300,66,*.redtrading.com.cn/*
a8a58db825efc4efc8eac9506cbb9699,1156310000,1,*.9fanfan.com/*
a92ce3daeb03da9b73a5696d84d17ead,1156370600,18,*.ghypz.com/*
a9824cea5fe71c71b40a11511bd9e2aa,1156530100,476,*.redtrading.com.cn/*
a9a1083798c492280d8b1ba77ff9fb36,1156110000,57,*.cfniu.com.cn/*
a9f91094fcd8ebbd862c1722e1c5fa3d,1156511500,598,*.zhang8.com.cn/*
aa21302a592fb44b72f77865595ff3fd,1156340300,1,m.9fanfan.com/*
aa2540dcf025eca97ecf11b76724a7a2,1156440100,37,*.9fanfan.com/*
ab0648d1c533fa2daeaa683fa2b0f067,1156410500,489,*.zhang8.com.cn/*
ab608756ddb74f2d8ead4f53f17e7510,1156370200,1,*.laohu98.com/*
abd8b989e5e46999d4186e8d81c95abf,1156450200,29,*.9fanfan.com/*
ac359f5af6a53f7520969dda2318ca9c,1156510400,46,*.niu100.com/*
ac4fb16df97a3eadee5488ff36f91d53,1156500000,1,www.a32a.com/*
ac71367daf1899e344e826f6e81332dc,1156370600,63,*.ghypz.com/*
ad66b662322d5b39091e170124d10579,1156371200,2,*.redtrading.com.cn/*
ae03651e1a47c5c3746deade19c53818,1156440100,2112,*.redtrading.com.cn/*
ae0d7e1e55a3ac9329ddd22a05ae2308,1156441900,589,*.redtrading.com.cn/*
ae47bee2b15b0e7915757f8006299c99,1156130500,2,*.cfniu.com.cn/*
ae8d7d8aac558cc565a59a18c06429cd,1156431200,36,*.cfniu.com.cn/*
aece15ede4ce93d2c980b19bad70e3f2,1156610800,2,*.niu100.com/*
af0e499dc18fbb509bb5a7d16dd3f42d,1156442000,74,*.cfniu.com.cn/*
af146171cbb14c5eb38baf864797d6bb,1156341100,1,*.cfniu.com.cn/*
af7f0b2e6155e78e965e11ec5003127f,1156350700,9,www.a32a.com/*
af9ff090454d5ab1448f99e118dd65be,1156441900,4,*.cfniu.com.cn/*
afca847a4975087f11f48d4c8064ffab,1156320200,6,*.zhang8.com.cn/*
b0147dc24aae42d7aa2fb84ee1ab23cd,1156510400,29,*.cfniu.com.cn/*
b05265b69d202b9ca0ffbff6ccee506e,1156511500,14,*.zhang8.com.cn/*
b14ff790c3117b69d21155b56e92e841,1156510100,14,*.cfniu.com.cn/*
b1751d18c3a5caae72b1331248cdffc3,1156421500,74,*.niu100.com/*
b1b884ef423d14edc796115c44209a87,1156341300,1,*.cfniu.com.cn/*
b1d81eac2c35d94cbfcba3225d89f283,1156450400,5,m.9fanfan.com/*
b1d81eac2c35d94cbfcba3225d89f283,1156450400,32,*.9fanfan.com/*
b1ff6233609a6b5d8d5f2eb87afa975a,1156341700,1,*.zhang8.com.cn/*
b22011fe8ebaa2346595f8d8b7eee6ae,1156150800,1,*.zhang8.com.cn/*
b23977e9f721afb7cf62557bb82f7d0a,1156340100,22,*.ghypz.com/*
b2600bb2ad160941e1002bb1cf28527c,1156340100,6,*.laohu98.com/*
b2ab36828153ec15449d2f35f79d9e0e,1156431300,149,*.9fanfan.com/*
b2ab36828153ec15449d2f35f79d9e0e,1156431300,216,*.niu100.com/*
b2bc7b977130a0c134b94771c7084335,1156340800,10,*.ghypz.com/*
b2f47c9586364359fd7663db93ef11ed,1156130200,2,*.cfniu.com.cn/*
b2f540df939980f3b40a01cef5aca6eb,1156310000,192,*.cfniu.com.cn/*
b33b0fb4c078153a51b0a1bef52fa838,1156510100,678,*.cfniu.com.cn/*
b33b0fb4c078153a51b0a1bef52fa838,1156510100,53,*.niu100.com/*
b36b9e6e8a6b68943545b5d16c75863a,1156440300,55,*.cfniu.com.cn/*
b37ea73004e387574696ac237324f06d,1156440300,97,*.redtrading.com.cn/*
b3aba00a846d78af57b09dabeecd4ea6,1156320500,1,*.zhang8.com.cn/*
b3c07bbdf1e75857f894f9b273655755,1156341800,4,*.zhang8.com.cn/*
b400b297a152c3eb29e8eaf6bbcdd8d1,1156420500,30,*.ghypz.com/*
b439662ad366ddc4afc20c7eee4b1fce,1156341500,1,*.zhang8.com.cn/*
b466e182599d8459e1ade1cd0b9a642b,1156341300,1,*.laohu98.com/*
b4ed40bb4bc743719514e7970db0bf6e,1156410100,73,*.9fanfan.com/*
b4f2e7561457cd26a28dc539ed271cbf,1156410100,984,*.redtrading.com.cn/*
b55251818c88f84733e984f7cec69753,1156120000,5491,*.redtrading.com.cn/*
b5d2236a047b9d78be8063885ab78d7f,1156450100,1,*.cfniu.com.cn/*
b6136cdd6f1829398f5d8c156b080593,1156310000,8,m.9fanfan.com/*
b743c29db7a89da3dcadde2aca7bd192,1156450200,12,*.niu100.com/*
b7e01640796ae911da53a70a7eb89893,1156510400,59,*.niu100.com/*
b835c82fd11ab950a4db900968b4e1a4,1156341300,1,*.niu100.com/*
b87827ce5cbf6d1ad99686ae6ce3fce5,1156310000,1,*.zhang8.com.cn/*
b8ad5156d87c392e34b2c40ecfaffe9b,1156340800,10,*.ghypz.com/*
b8b2b24811a6e70ed1c0d1e238480a81,1156440100,343,*.cfniu.com.cn/*
b8e884cef612b06ed3e24ce52f60cf97,1156350600,27,*.ghypz.com/*
b92ea866c13e1ad1135de80495789373,1156371100,4,*.cfniu.com.cn/*
b98250bf69c4742792a037cdb8a139bc,1156371600,1,*.cfniu.com.cn/*
b9a01487ca98dba1cdd07a723be5fffa,1156340500,49,*.cfniu.com.cn/*
ba34f521bc11f331d4c11fb2103f708d,1156370200,1,*.ghypz.com/*
bb2d9e483652fcc83894375e51a15ade,1156340600,1,*.niu100.com/*
bb35ed5c9cf4b2aa23991dbac9395ea9,1156511900,1141,*.cfniu.com.cn/*
bb5e722248730da8da086fe108892b3d,1156341600,38,*.zhang8.com.cn/*
bb5e722248730da8da086fe108892b3d,1156341600,175,*.9fanfan.com/*
bb692925a7dc88f14189707a3f9d5872,1156341800,33,*.zhang8.com.cn/*
bc17746e58fbf70952b13283f600e8a3,1156310000,3,*.cfniu.com.cn/*
bc49d41c79be63346050158cff27f56c,1156370400,17,*.niu100.com/*
bc5c3a9c313d841faca019e27bb22295,1156510100,1,m.91zcp.com/*
bc645d24e6a8936824dfa28fe1c27310,1156340400,2,*.cfniu.com.cn/*
bc9a670de3bf41ca21ebe84d397a121b,1156530300,287,*.9fanfan.com/*
bc9f2ffa8e61af4bd59f5fb3527a138c,1156310000,4,*.cfniu.com.cn/*
bca4f23ca1546b9ed35782128701351b,1156370300,1,*.cfniu.com.cn/*
bcb5ffd9ad4222e632282f810af2137e,1156110000,1272,*.redtrading.com.cn/*
bd0226c96e4317d92f023ad2c67f5b24,1156430100,112,m.xsjingpai.com/*
bd2b4e935c1a6108b72d66be35819df1,1156540100,3,*.cfniu.com.cn/*
bd439693980311c0a2225daf35ecf457,1156450900,35,*.niu100.com/*
bd7ae458fd328ec00d700f3944ac22e9,1156341700,5,www.a32a.com/*
bd98fd973cb15ec2f6f88d7713a8eff8,1156341000,339,*.cfniu.com.cn/*
bdfe640d1104cc6e159ffc42c628d19b,1156340200,142,*.zhang8.com.cn/*
be12f4c1428ffbf9e5ce711c636c0a95,1156310000,2,*.cfniu.com.cn/*
be7cb1d9999a92fe6c606abe97355fff,1156340500,258,*.cfniu.com.cn/*
be8192bd373200994d6074cb58f5f3ca,1156370400,16,*.ghypz.com/*
be8192bd373200994d6074cb58f5f3ca,1156370400,95,*.niu100.com/*
bea54cb59a5baff34eb03cf38f4cef15,1156360700,25,*.9fanfan.com/*
bed621ac46c1566046c8a7ab9f2e39aa,1156441200,21,*.laohu98.com/*
bf150779ae43dd85a64d5090890333cf,1156610800,32,*.ghypz.com/*
bfcafcf23691f033ee743724b6094290,1156411400,32,*.ghypz.com/*
bfd70b2aafd5d5132dc9fb1ced8c70fc,1156341600,1,*.zhang8.com.cn/*
bffe9a6720acab4d2d0785d3b14cccf7,1156370200,1,*.redtrading.com.cn/*
c0c52c1b6633f5824733c525dbe7cdd0,1156430300,2,*.zhang8.com.cn/*
c0c52c1b6633f5824733c525dbe7cdd0,1156430300,1,*.cfniu.com.cn/*
c0c52c1b6633f5824733c525dbe7cdd0,1156430300,79,*.niu100.com/*
c17605b755a9a7653a1cefbf2b257958,1156441400,5,*.niu100.com/*
c1a791d5d16b5afe156cd4df1ac63200,1156370400,1,*.cfniu.com.cn/*
c233245500442e44c5911c239bebaf46,1156440100,144,*.niu100.com/*
c277837d830c5932c4ccacf1b55b7a52,1156341600,26,*.cfniu.com.cn/*
c29f0a564b027e3f79ecf9fa10888f1b,1156370400,1,*.9fanfan.com/*
c29f0a564b027e3f79ecf9fa10888f1b,1156370400,2,*.cfniu.com.cn/*
c2d2e7e308ffbe310defd43e20109b91,1156340100,1,*.redtrading.com.cn/*
c2e25ae5fa7f74964322d76b297eebb5,1156511500,4,*.ghypz.com/*
c310b7d079eed2d84fe2919612dcdc2a,1156371400,29,*.niu100.com/*
c32b50c07b8085782eff890aff5965d9,1156510500,21,*.9fanfan.com/*
c33897c96f138610915332e4943bf994,1156371600,26,*.ghypz.com/*
c3c085823b77324e3ab68149e39a7b97,1156370800,124,*.niu100.com/*
c403166b2f47fa7d53bbcf7b6153a04b,1156310000,1,*.zhang8.com.cn/*
c486ce8e9fea61b229f7daa9f52ad4c3,1156341300,3,m.9fanfan.com/*
c49b9436f273af655c98d7a74ea00924,1156371600,1,*.cfniu.com.cn/*
c593ec0a822621a2e7d91babbc2c8637,1156411400,232,*.redtrading.com.cn/*
c5da31ab6217fdb938e634442aaded66,1156340200,1,*.9fanfan.com/*
c5ded695430ee7dbec4d8c3fcfd20f37,1156371100,17,*.niu100.com/*
c5f93852a12cc3f79d652811d4303051,1156650100,419,*.9fanfan.com/*
c5fe4dbd94fa26cb95208ad50436985d,1156310000,2,*.cfniu.com.cn/*
c601b1b27b6cd8406e4bb24f09f614bb,1156310000,34,*.9fanfan.com/*
c68af433579e2ce8378eb337d09f7cba,1156341200,1,*.cfniu.com.cn/*
c69dcd93db1156c973a3bc6c525848fc,1156310000,3,*.niu100.com/*
c6abd4a7cdc1cef492bca2069c3aea7c,1156500000,10,*.9fanfan.com/*
c6abd4a7cdc1cef492bca2069c3aea7c,1156500000,1,*.cfniu.com.cn/*
c6aee03f88fbcb80ed1bb0a6520176f0,1156341000,1,*.niu100.com/*
c6f6e5976a13e75089e69a8131858a24,1156510100,181,*.cfniu.com.cn/*
c7034d3d7187d1074ea6b7d11572b105,1156610800,1,*.ghypz.com/*
c73ac57fc9e266900580e09d0f6b3eb3,1156440300,16,*.zhang8.com.cn/*
c73ac57fc9e266900580e09d0f6b3eb3,1156440300,36,*.9fanfan.com/*
c73ac57fc9e266900580e09d0f6b3eb3,1156440300,22,*.cfniu.com.cn/*
c770abe060882660e276aa4f030251da,1156610900,80,*.cfniu.com.cn/*
c7ad08f26a7d3cce391386e4c137e083,1156370200,1,*.zhang8.com.cn/*
c7c1161f324da475ec9d9d7b7c065d1f,1156500000,32,*.ghypz.com/*
c7f4c186bc4ce02339a351cc162d7b82,1156370600,1,*.redtrading.com.cn/*
c7f608af00c4996c1d741f820414297a,1156130100,2,*.zhang8.com.cn/*
c7f608af00c4996c1d741f820414297a,1156130100,1,*.9fanfan.com/*
c81ae02d3f3324c0b7cf43ed3e6a0ff4,1156370400,1,*.niu100.com/*
c878e45f24eef5e49d158eed47bbf957,1156610100,1,*.niu100.com/*
c8ac886cad107829386ca34010cc585f,1156341300,1,*.zhang8.com.cn/*
c93868f08581ca4b3c9b7a7f0999f702,1156370400,4,*.ghypz.com/*
c9b175613ec5398c598f2fef57f25d15,1156421000,1,*.niu100.com/*
ca3d4866cb7f9fb6f7cee31b2fa41ec5,1156341800,107,*.zhang8.com.cn/*
ca9268f53818a63a312d47cf88255b00,1156340100,1,*.redtrading.com.cn/*
cab253642952c6e56e6e268b5acfd1ee,1156440500,32,*.ghypz.com/*
caee7ebd35e6899075a2e1a0d3e9889d,1156340800,3,*.ghypz.com/*
cb4002c87ff6544875f4a98005bceb32,1156340500,1,*.cfniu.com.cn/*
cb76a8e853a158db4ae86a4e38bb5c00,1156340700,98,*.9fanfan.com/*
cba6b677f37030a6a0b7b3995e078794,1156340100,1,*.9fanfan.com/*
cbf3d777a40631d07bfcf6cb0cbf97f4,1156610100,28,*.ghypz.com/*
cc198563663ed3d6566606e16cc51abe,1156440700,91,*.9fanfan.com/*
cc54e3c3d51341732b1c759ca22e2534,1156310000,1,*.redtrading.com.cn/*
ccb68cfb7547e21eec8b831157f929f1,1156340100,31,*.ghypz.com/*
cccb66e6f0dc04746f5009b8a82712ab,1156310000,1,*.niu100.com/*
cd656fa5e2faddda6a04ce920d9c51f1,1156522200,28,*.cfniu.com.cn/*
cd9d4912528ddfc5f0d9001a0ce73c50,1156370600,25,*.zhang8.com.cn/*
cd9d4912528ddfc5f0d9001a0ce73c50,1156370600,36,*.9fanfan.com/*
ce1aaaae54c5c0cf04a1a9553ecbc945,1156440400,77,*.cfniu.com.cn/*
ce39a8b535e2c1626588dff7dbaacb0d,1156510100,12,*.niu100.com/*
ce8725b336bf2f9e5a3d0b56f7658e16,1156370200,1,*.ghypz.com/*
ce8a6a99a3949d78902a64e65286d9e8,1156431000,1,*.9fanfan.com/*
cea44853a05c11f66fe3c98f19bd37ae,1156370600,17,*.zhang8.com.cn/*
cea44853a05c11f66fe3c98f19bd37ae,1156370600,264,*.9fanfan.com/*
cea44853a05c11f66fe3c98f19bd37ae,1156370600,165,*.cfniu.com.cn/*
ceb03d6e7a99ede4ac70287d8c5302a9,1156370400,2,*.cfniu.com.cn/*
cebbed74a5a4c92055cbbb0d44dd919d,1156610100,6,*.cfniu.com.cn/*
cecfbb76f558d760982a634ca7eff02e,1156341000,8,*.ghypz.com/*
cecfbb76f558d760982a634ca7eff02e,1156341000,31,*.niu100.com/*
cee0510934bde3283262114513002c1e,1156321100,1,*.niu100.com/*
cf7328eb811197cc447c48d80eed81cb,1156500000,2,*.laohu98.com/*
cf95711976af6d6c02981e205040fc21,1156340800,4,*.ghypz.com/*
cf9c3da3b61a810134f5d4b0694e1270,1156500000,117,*.zhang8.com.cn/*
cfb1ab6eb86a6becb34ecf9ae82a021f,1156370700,1,*.niu100.com/*
d02bf6f6370fab1300aa7c6bc3bcc8f2,1156440600,2,*.9fanfan.com/*
d07439dcc266d6876450188fccdd9ecd,1156510100,8,www.a32a.com/*
d0ed6c5629dfa8f82fd439aab17332a1,1156310000,1,*.9fanfan.com/*
d293c157c57af9b0397218a0616aef6a,1156370600,1,m.91zcp.com/*
d33102794f2d823e22c8637c5da11d77,1156340800,49,*.redtrading.com.cn/*
d40808c5a79d607e2e67f260708c1aa8,1156440700,37,*.cfniu.com.cn/*
d4197729bed91052e79205360cd2742e,1156510300,3,*.9fanfan.com/*
d4d89bd6a1317ca5da12d63fb5de2b61,1156340100,1,*.ghypz.com/*
d4f4011a3d08c45242b76528366a9d3e,1156530400,10,www.a32a.com/*
d4fa4d95262cfdbd98fadc6d2d9796a7,1156370300,12,*.zhang8.com.cn/*
d500965558e9bd9b71a76d1247883f7c,1156411000,2,*.zhang8.com.cn/*
d51c5512994492c6a4309e622ef93553,1156371500,2,*.cfniu.com.cn/*
d53e4a0bc2aa018459c672afba599c04,1156340600,13,*.ghypz.com/*
d5972cf0b04050a31266e1b4487929fa,1156340800,1,*.redtrading.com.cn/*
d5b39d55c936cf59da7aad39c4e530f7,1156370400,22,*.ghypz.com/*
d600c869548c8a5d5177c8b0513644ad,1156341300,1,*.zhang8.com.cn/*
d61b62dcd00bc3ba4ffab077ac151d15,1156340800,1,*.ghypz.com/*
d680ed3fa2969db5e2cb58affea62576,1156513400,88,*.9fanfan.com/*
d68e3e03de09130ffb57d1fff2f39fab,1156341500,1,*.redtrading.com.cn/*
d6cf184c7f3c20f1a8d404c5d2a2a38b,1156441900,2,*.laohu98.com/*
d7097f765561ec5ae8503cdde8960f43,1156440100,7,*.9fanfan.com/*
d7097f765561ec5ae8503cdde8960f43,1156440100,23,*.cfniu.com.cn/*
d76f98014d380a48ccaeb7ff0bd7d02b,1156440300,19,*.zhang8.com.cn/*
d796620252b464f10887aece58863c6b,1156410100,359,*.redtrading.com.cn/*
d81816d89de0a0f5caabf8d4c0c648ed,1156340100,2,*.cfniu.com.cn/*
d8184bd9997b986d3198c38382650c80,1156340100,1,*.9fanfan.com/*
d87eae4ca28fb882e1f7ff885a1e9590,1156510100,19,*.niu100.com/*
d8e751dbc0785959b0bcb666bc0c3feb,1156341200,45,m.9fanfan.com/*
d8e751dbc0785959b0bcb666bc0c3feb,1156341200,447,*.zhang8.com.cn/*
d8e751dbc0785959b0bcb666bc0c3feb,1156341200,737,*.9fanfan.com/*
d925d2f886757cc225abf7bb990ff5ed,1156370900,1,*.9fanfan.com/*
d93e5fde7be9ef5db9597db2faa2e16b,1156130400,214,*.redtrading.com.cn/*
d9f5254c005a0cf5b96edfe6c8ed9f31,1156510100,123,*.niu100.com/*
daa520ac4f8d7ec761475de04479afc7,1156310000,1,*.redtrading.com.cn/*
db2ea890ef1a09fc81522316649be1bd,1156410300,81,*.ghypz.com/*
db368ea2d2b94fa5cf52fbe6cb0b1aa7,1156340500,1,*.zhang8.com.cn/*
db6844b19eae6aeae069a1362eaa28a6,1156110000,4,*.cfniu.com.cn/*
dbdc8c26dd4eb67540d1487293c9ad59,1156340300,29,*.ghypz.com/*
dbf5314e6f92ac8429284cd90e82739e,1156341800,1,*.zhang8.com.cn/*
dc016e4b3962e468e6939e451c25d6b1,1156440300,1,m.dashengpeizi.com/*
dc016e4b3962e468e6939e451c25d6b1,1156440300,86,*.zhang8.com.cn/*
dc143a684b3f70a7d542a9e803682ec8,1156430700,111,*.redtrading.com.cn/*
dc2c08e42505145bbef1769d09b3961f,1156430100,333,*.zhang8.com.cn/*
dc4578acce0dfcec7c489e945d3f0fb7,1156341300,1,*.cfniu.com.cn/*
dc8518afc85c4a9e12dfdbbbf6da3a9e,1156511100,94,m.9fanfan.com/*
dc941b0439d36a35e5413beb9a007e78,1156440600,48,*.laohu98.com/*
dcadaa724c8759c39de458fb507e17f9,1156371500,1,*.redtrading.com.cn/*
dcb6e794817dbcf60b04c4088742beb1,1156130500,9,*.zhang8.com.cn/*
dcde201a5dfa184a293df2b1b7c2aa86,1156530100,1,*.9fanfan.com/*
dd0070a41a8b4a2058a1325b81c96706,1156451000,4,*.9fanfan.com/*
dd0eeaff95ee5e3fe44ed056ccde0b45,1156511400,8,*.niu100.com/*
dd43828a7000fec3e160514ddcdc3d66,1156310000,1,*.redtrading.com.cn/*
ddacb58efc82f997c96a24a599790e03,1156130500,2,*.cfniu.com.cn/*
ddd58baadf6e43e9f74e56dbefaf7066,1156431000,21,*.niu100.com/*
de0e1b0824d52a2a51061e5fb670b32a,1156511800,28,*.ghypz.com/*
de44b30f21e3807ab858eee39c0ce7be,1156430300,1,*.9fanfan.com/*
de44b30f21e3807ab858eee39c0ce7be,1156430300,14,*.niu100.com/*
de605f1a0fe0388e2660c1b023ee39e7,1156511600,15,*.niu100.com/*
deb930c5f63edd7ef6a53e3984abd53d,1156511000,8,m.9fanfan.com/*
deb930c5f63edd7ef6a53e3984abd53d,1156511000,40,*.zhang8.com.cn/*
deb930c5f63edd7ef6a53e3984abd53d,1156511000,79,*.9fanfan.com/*
ded92b87562d7667a17a2027a9db775c,1156340100,132,*.zhang8.com.cn/*
deecb00a010b2887b0b153aa826a3bd3,1156370600,14,*.ghypz.com/*
deff16d3b459fb0d149120f3b9be5b4c,1156320100,1,*.niu100.com/*
df435a2e0c18b122e653ebd4e034f132,1156430700,6,*.9fanfan.com/*
df8461aa0e0bdb722d7bced1a9791b87,1156340100,1,*.zhang8.com.cn/*
df87bc71ee5c281abadcf3d23e5e623b,1156341600,1,*.zhang8.com.cn/*
e00e4bea9d3874845baad10c4f9228be,1156500000,205,*.cfniu.com.cn/*
e06b3e62f79ade37d65225463844f516,1156320100,14,*.cfniu.com.cn/*
e16e6486ff0f6161c581eac2e5705c39,1156440100,1,*.cfniu.com.cn/*
e1a06f362e11f5ade0c746c142316322,1156431000,13,*.cfniu.com.cn/*
e1bdc78c04fe964ea9fb353ea3066e74,1156430100,172,*.cfniu.com.cn/*
e1dff72885dcf64b6e7ea2863674d345,1156510100,26,*.9fanfan.com/*
e2d8537be73a945c479392083f6a638f,1156510700,1,*.9fanfan.com/*
e34e1cf1a2ae369d7a50673330e5ffac,1156341600,225,*.niu100.com/*
e36733fbe81ff8aeaaf5f8fb2472a647,1156510100,33,*.cfniu.com.cn/*
e37867c6aea0aa1cfd5d008c693d0d52,1156510100,4,m.9fanfan.com/*
e37867c6aea0aa1cfd5d008c693d0d52,1156510100,154,*.9fanfan.com/*
e3ca384029892193fe0b0855842baaca,1156445300,17,*.niu100.com/*
e428521c35436db0d4b39be64558ec1e,1156310000,1,*.redtrading.com.cn/*
e4854d85e2b2eb7e0d1558f4c1151b7d,1156431000,480,*.9fanfan.com/*
e4a50e81bbd1e16d42ffd1f392249101,1156510100,4,*.niu100.com/*
e511815380fd2849ece4682af03cc706,1156340200,115,*.redtrading.com.cn/*
e5131261e56c1e746b745f87104b5901,1156610500,1,*.ghypz.com/*
e573483cab5c0b6be3deae1b045e6d0c,1156341800,1,*.niu100.com/*
e5b5a67c86f14e48d99cc684154fb81b,1156450100,4,*.ghypz.com/*
e5cca42f0848abf4a10e71cc9c1cc67f,1156510900,9,*.niu100.com/*
e5d00b7b0cf49fa7eef95d19f740ef2f,1156530300,84,*.cfniu.com.cn/*
e5d3ec16f8670d27e65f0497fd363cd4,1156370600,1,*.laohu98.com/*
e5d4ada85a104270011e779ba9530e58,1156130400,6,*.cfniu.com.cn/*
e5f79337cf094c15ebe07840ae257495,1156130100,1,*.cfniu.com.cn/*
e682518cebeb0121e83fd766ff8bfea6,1156510100,11,m.9fanfan.com/*
e682518cebeb0121e83fd766ff8bfea6,1156510100,5,*.9fanfan.com/*
e6ed35cee508de81ce1195ddbb33f884,1156510100,10,*.cfniu.com.cn/*
e76ccace143014e699f77ea6ec26984f,1156450400,58,*.cfniu.com.cn/*
e7b4466f12516131b7c430061a0694b8,1156610100,1,*.niu100.com/*
e7c95372085c40e0e76760a2cb666980,1156340300,1,*.zhang8.com.cn/*
e7c95372085c40e0e76760a2cb666980,1156340300,1,*.redtrading.com.cn/*
e8180c22f6de55077a4d164510ae2a9f,1156341200,1,*.zhang8.com.cn/*
e8603fd786258f02d9b49db70b4528af,1156110000,7,*.cfniu.com.cn/*
e870a8491b68730aaeccf76d639804f0,1156370400,2,*.cfniu.com.cn/*
e89162491beae87f04186e35b5409fe6,1156310000,25,*.niu100.com/*
e8a17abba4046933e1fbcc4081b7d952,1156440300,2,*.cfniu.com.cn/*
e8c0c6b669f7a64e37d47af4c8bc5264,1156310000,46,*.ghypz.com/*
e95a800936081d4286e5a85c4794e16d,1156340100,32,*.redtrading.com.cn/*
e95e0a31b1eedc51c1b2394bb02fcf33,1156440500,3,*.ghypz.com/*
ea5444163a63abd8d3f04a52cc28b4a6,1156410100,6,*.9fanfan.com/*
eab1300c8135459fc1c6f9f3a317ddca,1156610100,2,*.cfniu.com.cn/*
eacf2b891ad15efd0ba106e624043548,1156320100,66,*.zhang8.com.cn/*
eacf2b891ad15efd0ba106e624043548,1156320100,465,*.cfniu.com.cn/*
eae4701b6f23d2b87e5dd9baa69e1476,1156500000,9,www.a32a.com/*
eb2ab6c879df7fc35608c1da1eeaa8bc,1156341800,1,*.zhang8.com.cn/*
ebb097ea60fc727466b64ecba1b90e76,1156421800,3,*.zhang8.com.cn/*
ebc9fc3e4427c33ab7895c59b8e8f131,1156341700,112,*.redtrading.com.cn/*
ebd54b99f0fa8cd6173b590471625d67,1156500000,68,*.9fanfan.com/*
ebfad8c0ff606825e0c7505355bf9d73,1156431200,10,*.9fanfan.com/*
ec835f75acd2ac4f7876a74729b9111b,1156340100,24,m.9999pz.com/*
ec8b3ca8dda9738e46e9c29a4fdb6123,1156510100,4,*.9fanfan.com/*
ec8b3ca8dda9738e46e9c29a4fdb6123,1156510100,20,*.cfniu.com.cn/*
ec9c6565cc96b2cecf7e00cc15e8c219,1156430200,5,*.9fanfan.com/*
ed5e6297722f5898ee6276957fd0509f,1156610100,16,*.cfniu.com.cn/*
ee1aaa02700bfb15a46335a80e164193,1156130100,26,*.9fanfan.com/*
ee6481558405cc93ab67368cf85e3f2b,1156440300,93,*.cfniu.com.cn/*
ee660eedc25bdc54c5579ad214a24c5c,1156130700,40,m.guhongli.com/*
ee864be4e48d4e9af871ae98d97418dd,1156410300,10,*.zhang8.com.cn/*
ee864be4e48d4e9af871ae98d97418dd,1156410300,1,*.9fanfan.com/*
ee864be4e48d4e9af871ae98d97418dd,1156410300,4,*.cfniu.com.cn/*
ee864be4e48d4e9af871ae98d97418dd,1156410300,109,*.niu100.com/*
eecddb58712761d3e0c2a7ba899ddb4f,1156511500,10,*.niu100.com/*
ef2d36125c437698ed148ef4981e3118,1156441600,1,*.9fanfan.com/*
ef8b67e3c0094e1f76830cd24b1a7837,1156210200,29,*.cfniu.com.cn/*
ef8d906717852317a1d966d2d863555c,1156610700,4,*.niu100.com/*
efc26fbe2979295a6c602ed1fbdf80a6,1156340100,1,*.cfniu.com.cn/*
f03a17bd70911cca418eefb1b8207e57,1156420100,34,*.ghypz.com/*
f06a222a8d4d40c8392f5f6f928cdf22,1156510100,6,*.cfniu.com.cn/*
f0890b897bda3c16334e47fbebbb1fb0,1156513400,2,*.laohu98.com/*
f0890b897bda3c16334e47fbebbb1fb0,1156513400,7,*.cfniu.com.cn/*
f0a7b7888bd2b8444025f23c841a1116,1156320600,30,*.ghypz.com/*
f0c9c91b1faf9643aea4df159fd3ebbc,1156410100,1,*.9fanfan.com/*
f0e4967b88d6f6115453bedcfdab8d9f,1156510100,4,*.zhang8.com.cn/*
f0e6d8f9f6663e731b6cf3847ced6bc1,1156422800,1,*.zhang8.com.cn/*
f119903ecbdb094d2d9312ef29a8e5df,1156310000,1,*.zhang8.com.cn/*
f11a2728409c062c30f73e0695d26161,1156320300,9,*.zhang8.com.cn/*
f11a2728409c062c30f73e0695d26161,1156320300,57,*.niu100.com/*
f12fc1b3c735fe3512d53780483065b8,1156511700,162,*.cfniu.com.cn/*
f16bac44d5203680402ed7f452e9c116,1156340100,38,*.zhang8.com.cn/*
f18e81ae09b58365cb7a8dfdc63cbc47,1156320500,14,*.cfniu.com.cn/*
f1f8937d11d3aad3787f9ed0cdc7b313,1156341100,1,*.laohu98.com/*
f2364807ce5db6b45a47e33f67370cb1,1156420100,30,*.ghypz.com/*
f277a4b3b1f27057a333646d639a045a,1156610100,12,*.niu100.com/*
f2a93da195d41b9ef6a793882c6bd86c,1156510100,28,*.cfniu.com.cn/*
f2b5e509ada5046c623f377380646590,1156522600,20,*.zhang8.com.cn/*
f2e101be1fd774f6309de81e93e41715,1156510900,58,*.cfniu.com.cn/*
f2fdd16d61f7454f1d82d1988ff3ef76,1156530500,484,*.9fanfan.com/*
f34655c06b4e8073a67110cfc31842e3,1156450100,30,*.cfniu.com.cn/*
f39bfbb0a68c47909eca84a62e01a742,1156370100,1,*.redtrading.com.cn/*
f3cd0677364744997aa5beb1f736b919,1156370400,5,*.zhang8.com.cn/*
f3eda853084ed0d22f8c86628961f9eb,1156341500,43,*.zhang8.com.cn/*
f4203163b7d3f8034cf35b7b1944b41b,1156310000,67,*.ghypz.com/*
f45b69a28a4c20d9b8c45158b8c98c79,1156370700,1,*.cfniu.com.cn/*
f4bd6217bf8bce20e5460ba87d412bc8,1156511500,13,*.9fanfan.com/*
f4d0d09b4a3d83e5a92e30c244becaa7,1156310000,5,*.niu100.com/*
f52b16e3819e8e3681ebd6d6d6684c63,1156130100,1,*.zhang8.com.cn/*
f52b16e3819e8e3681ebd6d6d6684c63,1156130100,3,*.9fanfan.com/*
f5c331062f44d0c209ca14a22e4bbeac,1156340400,1,*.zhang8.com.cn/*
f5ccb8b31215d85fcd5ec26f83787402,1156510700,44,*.zhang8.com.cn/*
f5e972427b5642f9b63c24ed66311dd1,1156321000,152,*.zhang8.com.cn/*
f61d1ba2fb44749357e9286289c35083,1156510700,22,*.redtrading.com.cn/*
f61d7097d2e27705a8bc5d6fe64036c5,1156410300,55,*.ghypz.com/*
f62aea862e4fc6f92fa13f0d9a22d69c,1156420100,33,*.ghypz.com/*
f62e35c6b1d719aec2b95147690e5267,1156341100,150,*.cfniu.com.cn/*
f63b8e952c9dbf549ed578e8cc8b17f6,1156330100,2791,*.redtrading.com.cn/*
f650e4d52f4100478c680d174d95236e,1156341200,1,*.cfniu.com.cn/*
f692d20825b5958fec0a7f8a924f9cfa,1156610400,1,*.ghypz.com/*
f6e7116ed46b17b440bb3d39dced83b6,1156511400,374,*.zhang8.com.cn/*
f6e7116ed46b17b440bb3d39dced83b6,1156511400,49,*.cfniu.com.cn/*
f6e7ba5368e9877fc2441c2559c0725d,1156510100,41,*.zhang8.com.cn/*
f72979fa5ef140eb40d74fff554605c5,1156520100,648,gp009.com/*
f74ca93db36cf059ea94404dc18738b8,1156310000,2,*.redtrading.com.cn/*
f754d053c05a161066b71901d8a61d15,1156430700,1625,*.cfniu.com.cn/*
f7587ae4064a8376c10e1423bcdef0a1,1156410300,2047,*.redtrading.com.cn/*
f7736a8428522519e2970a775638ecac,1156130200,1,*.ghypz.com/*
f7f40a764a0c7d86372be1564dd5fd25,1156530300,71,*.niu100.com/*
f8384ab7ef990ff2123f8c05db483854,1156450100,100,*.cfniu.com.cn/*
f839e72542f17142e5e6ad64b0dfa6ab,1156500000,91,*.cfniu.com.cn/*
f872687171547d87690a5148fbb1f087,1156440300,22,*.niu100.com/*
f88825fb736302821462f9298629e177,1156370800,1,*.9fanfan.com/*
f88825fb736302821462f9298629e177,1156370800,113,*.niu100.com/*
f88a148b6a1b28e57b167282178b6805,1156510100,12,m.9999pz.com/*
f8b7aa148b99ac27747e8fbe2f03cdbe,1156440100,110,*.niu100.com/*
f8c27df7a5f6442a7e3bc30f282ec1ba,1156410300,6,*.ghypz.com/*
f8eb1542ce5a7159ffa570363c630353,1156510100,174,*.redtrading.com.cn/*
f8fce5250b494281f221a2d85bc6dcc3,1156110000,34,*.ghypz.com/*
f928cb192670017bf60c85eeef5e74d5,1156140800,1,*.9fanfan.com/*
f94e3d4e7ce92481b964235e62429e2b,1156370200,1,*.cfniu.com.cn/*
f9752c826fd78c9ddf5ba4c120f4ee30,1156341500,1,*.zhang8.com.cn/*
f9dd9bcf279472c81432988c8f363400,1156341800,12,*.zhang8.com.cn/*
f9e3118f8c3552307eb2a69d14c05ebc,1156430400,6,*.niu100.com/*
f9e89d73ad6adc1e8ff0a6b5c22035e8,1156441900,281,*.niu100.com/*
f9f3f411a53f9b81737d5ca607935431,1156411700,37,*.niu100.com/*
fa6500502a88326c55a911d4f3ab9943,1156440100,411,*.9fanfan.com/*
fa7b08e03655ad08731e29a6212b286e,1156340600,34,*.ghypz.com/*
fa7e9e6d469900432a9ddb7abe2dbfd2,1156340100,4,*.zhang8.com.cn/*
fb0db30636b3396ff54f9a181080b5af,1156360800,1,*.niu100.com/*
fb47f035b21c0f7f42ddd136eee5882c,1156510900,18,*.zhang8.com.cn/*
fb4d645aca41a5ea1b983b6e2134b060,1156513400,215,*.zhang8.com.cn/*
fb4d645aca41a5ea1b983b6e2134b060,1156513400,370,*.9fanfan.com/*
fb67b7f68580616247ecd248e4acb095,1156500000,522,*.cfniu.com.cn/*
fb897b9834b621c6c1569f90b61ff418,1156341000,58,*.niu100.com/*
fc55b241496662bb35eb9fcc82fc773f,1156341000,2,*.cfniu.com.cn/*
fc564a323ea7399a7c808e8722fdd06e,1156430100,79,*.9fanfan.com/*
fc5b68a534d920f6fa1ec3d5b4e22810,1156341100,15,*.ghypz.com/*
fc73eb200d4e80f2ea881ed2b6e69536,1156310000,53,*.cfniu.com.cn/*
fc902e86b6996c3bd1bd32c08fd140f2,1156440100,12,*.zhang8.com.cn/*
fcccc66f9b3a3022ef8966ba7a2bd8b4,1156410800,40,*.cfniu.com.cn/*
fcda1da4e01d3e2e50464e4928266c17,1156510100,41,*.ghypz.com/*
fcedc0d21f844d16ea130ac547c1ac19,1156320100,78,*.zhang8.com.cn/*
fd744a32cfa19e0a1e98d98b562cf317,1156130100,9,m.9fanfan.com/*
fd744a32cfa19e0a1e98d98b562cf317,1156130100,26,*.9fanfan.com/*
fdf4414888e922be29fd56c9b5f91ab6,1156510400,1,*.niu100.com/*
fdf7993fcf9fdfcc791b5f6817dffdab,1156320600,110,*.cfniu.com.cn/*
fe15f00f9f3dc5d54ccddcf6afc6fb28,1156610400,50,*.zhang8.com.cn/*
fe3f8fddabb37661b33bd2bb7ec20a2c,1156370200,1344,*.redtrading.com.cn/*
fe8c23d2ed01b23e0393db6ee6839f73,1156430100,8,*.zhang8.com.cn/*
fea87ce7d50769e452233fdf9d8378cd,1156340300,533,*.zhang8.com.cn/*
ff6a21e68d2cfd8ed805bdf23fc9c912,1156370800,1,*.ghypz.com/*
ffb8b04bd29f57fbaf8ccc7236beed0a,1156440600,50,*.laohu98.com/*
ffe37aa22302e360e3112f6d6ca76a9a,1156320400,1,*.9fanfan.com/*
ffe37aa22302e360e3112f6d6ca76a9a,1156320400,2,*.cfniu.com.cn/*
