001cb3a88e58fc2e9107424667e2ebc4,1156410100,1,www.wandaph.com/*
015b618f8939f3d2bfc08574a828b2d0,1156420300,1,www.wandaph.com/*
017bb5dd1a34d3e178d25cee7cdd6a30,1156510100,2,www.wandaph.com/*
021f295ed404e802f48205bcad8fe391,1156510100,1,www.wandaph.com/*
0307b686be39a10d5ffaf175bcb66edf,1156110000,1,www.wandaph.com/*
03d75dc956b6c6d5594669838232aa02,1156370400,1,www.wandaph.com/*
0437464929840267d1084a00c7e86298,1156430600,1,www.wandaph.com/*
0597b7152b9f27aa019a28bfdf60ae72,1156510800,1,www.wandaph.com/*
0960bda236addd106f5e09377975d0ae,1156510500,1,www.wandaph.com/*
0d22e6bb5d0edf79ec431447ac4c0363,1156220800,1,www.wandaph.com/*
1495e24080018a5841997c7521815db8,1156431000,1,www.wandaph.com/*
1c2f76f37353a1fd3a81f0d04a2ac24b,1156451300,1,www.wandaph.com/*
1e4e3ae6dc38b121ed34c767e3b5d0c0,1156510100,2,www.wandaph.com/*
23a2ca2c634859df234d4c50b8ce978d,1156320500,1,www.wandaph.com/*
23f1c689747dff28e4f6dfc59d9845b7,1156410100,2,www.wandaph.com/*
25a0f2f3a0e32dcf1397ac3b18c44f04,1156320500,2,www.wandaph.com/*
279bf628c347a1a5ba13d416e58a0816,1156532300,1,www.wandaph.com/*
27c855b323f511178c4a659dbe8a2763,1156430400,2,www.wandaph.com/*
28ac27252fc37175ab68d15575cbef12,1156130600,1,www.wandaph.com/*
2e8c35841f5752030da99013ca440046,1156411300,2,www.wandaph.com/*
3661d9d1c1a2e3d038c0874e4ac034df,1156150100,2,www.wandaph.com/*
38d8aa70a5dbdd6934c865d4eeaf7da9,1156511300,1,www.wandaph.com/*
39a4bd6627537038beb8cd6d972a6d7d,1156320100,3,www.wandaph.com/*
3c22ef041358b5209d7b8e9523cd6883,1156410100,1,www.wandaph.com/*
3f50d55a80931221d8e474b21a2c630f,1156130200,1,www.wandaph.com/*
407c02c4cea89a2d76c1a3ec74943d83,1156510700,2,www.wandaph.com/*
44f58a785a80a9b796e4b10915dae22c,1156610400,1,www.wandaph.com/*
4583d9a802402ea0c4831f10906c4277,1156511300,1,www.wandaph.com/*
45ba176731a9e2313d0ddaf7ec51c03f,1156340600,1,www.wandaph.com/*
47abd316e89b3897290a8c0c184b37cd,1156510100,1,www.wandaph.com/*
4a27ab0d10384085115d06618d2b40f9,1156341700,1,www.wandaph.com/*
515e7e37cfb1e03a54b2aebb6f65c55f,1156510100,4,www.wandaph.com/*
52536cb5fe42f29f5c483652d8523a2e,1156611000,1,www.wandaph.com/*
5606ae4e08914c2fe7cbccecdbaaa26e,1156510100,1,www.wandaph.com/*
57e9e142d4eed3b181d29734c1c619e8,1156513400,1,www.wandaph.com/*
599fbac7c246900a1cda49eff493fe95,1156151100,1,www.wandaph.com/*
6133f881c19f30bcc5bc0b2a4a3bc32f,1156610400,1,www.wandaph.com/*
65c534495f35926ca70d7486c7f71dc7,1156513400,1,www.wandaph.com/*
6695f4c78057472341b5dfcf88141991,1156610500,1,www.wandaph.com/*
66d87400b9a1fb585b15255096e0cc7f,1156320400,2,www.wandaph.com/*
67c99ec8d2170a5e7143e98855b52760,1156340500,1,www.wandaph.com/*
68f482b57d1c29fcee87e71db522228b,1156431100,6,www.wandaph.com/*
6deb9840aa82b8ac2978eeb02990b381,1156320300,2,www.wandaph.com/*
6fb795f8823357e37c907f5ad54cc8f6,1156430700,2,www.wandaph.com/*
722d2a72d887b64a5016ba138e252024,1156460100,2,www.wandaph.com/*
727dc5e53172087c0d85b91756df7a5a,1156511400,1,www.wandaph.com/*
733e475d0b4b09946a4919ddcb66da66,1156340300,1,www.wandaph.com/*
75b72ec4b8dc9aab352f37566dc531ec,1156360900,1,www.wandaph.com/*
77c40b6b06e1b4da905e67c843e15256,1156610100,4,www.wandaph.com/*
78405866b9503520052082f051d9c29a,1156511000,2,www.wandaph.com/*
7a3c478cc57f2f9e1e06bc4f69c9044c,1156511300,2,www.wandaph.com/*
7e5b2df9c888c5fdff1b9a8cd17dfc2d,1156510100,1,www.wandaph.com/*
7e884cd1e435f461f1c3c0558c8bd29d,1156510100,1,www.wandaph.com/*
81461cfd89958510233b08544b9b1828,1156510800,2,www.wandaph.com/*
8195039803a6d062ec333bd4d9b65eda,1156341500,1,www.wandaph.com/*
820c0123a4763f80204edd971564df7f,1156410100,2,www.wandaph.com/*
83daad699c5478ae258138b594dd5a49,1156510600,1,www.wandaph.com/*
84558d147c1fb3ca0df0e067ff7c02be,1156610800,1,www.wandaph.com/*
89227d91b93cdf3163383239670f5e2e,1156371300,1,www.wandaph.com/*
919d556723e535a8603d49aadd8e2106,1156511900,1,www.wandaph.com/*
92d38ef5a0a7f99c6c460f64f3e8dc05,1156430100,7,www.wandaph.com/*
976d1b6b7ce8259a5967852cd58e3578,1156350500,1,www.wandaph.com/*
9794349617bf0bf423a80e132cadcac7,1156610300,3,www.wandaph.com/*
99fbd4a6e90142cc9e06e839474b5b0c,1156320600,4,www.wandaph.com/*
a01ab6d5acd6325681ed46adc66268cf,1156510400,3,www.wandaph.com/*
a05ccb75a7933b6f577d309cf58dc98e,1156321200,1,www.wandaph.com/*
a3541a13c52f9b99f6808c27234ccf18,1156510100,1,www.wandaph.com/*
a603ca31759f923900b75faf8dc9dc92,1156130700,1,www.wandaph.com/*
aaf8f29798755de908a5c776545af840,1156320600,2,www.wandaph.com/*
abf363163c82096f902f9b1b730f5a16,1156530100,1,www.wandaph.com/*
b1df9848891186af07b2d9f313443ee0,1156513400,1,www.wandaph.com/*
b21c8d6de70901b24a102b7cb4246145,1156511500,1,www.wandaph.com/*
b39ceb01c1b8c07f9d17f3d3457eb316,1156510600,1,www.wandaph.com/*
b3a2110d407a6dceb79495357aef790a,1156340200,1,www.wandaph.com/*
b656f32ec4d5c94808bdcaef07c52340,1156431000,4,www.wandaph.com/*
b834265254a123ad6d7b9b3255f82038,1156450200,1,www.wandaph.com/*
b9cda91990951aa3f45a2675b278856e,1156330300,1,www.wandaph.com/*
be137de1382e49e2b9034d93e4cca8dc,1156410100,5,www.wandaph.com/*
be94eec51d84e8df2e8276f40b49d880,1156610100,1,www.wandaph.com/*
c1318819710e71bd633b936c33fc9518,1156340200,1,www.wandaph.com/*
c1d69b0e42bff7f474623465ed94e681,1156330200,4,www.wandaph.com/*
c23c670e75a529de0a7624e3c19d23a0,1156430700,1,www.wandaph.com/*
c5baec5e7335143608b8a60cbb25d419,1156110000,3,www.wandaph.com/*
c5d1da9d57c0332d99fc89cc6956d5d3,1156512000,1,www.wandaph.com/*
c64139630c9f51e8fd3d1697448d2f5d,1156440100,1,www.wandaph.com/*
c860de3d3b93834e50ba937915c3983f,1156610500,1,www.wandaph.com/*
c9bfc52e87bfe2268e693200b99d915d,1156510900,1,www.wandaph.com/*
ca1758a74ad1b5cad78e850a54a6a5ad,1156510100,1,www.wandaph.com/*
cd7d833e8dcd53d07d32d6d409923f4a,1156510900,3,www.wandaph.com/*
cf2468c6c4547410e039813758385499,1156610800,1,www.wandaph.com/*
d0f9e7128fb482b88ecaa8590e88dd20,1156130100,5,www.wandaph.com/*
d18cbd43f70a51ee3cbf120d28dbc94f,1156140500,1,www.wandaph.com/*
d1ccd320b34d7bf82d894add85f78ce6,1156130600,2,www.wandaph.com/*
d2fa5490b932a11169390839c95a8fb2,1156520600,2,www.wandaph.com/*
d992c17475abbf3aa7f62cdbebe583cc,1156500000,1,www.wandaph.com/*
dbd338191cd0164b029145df202d5865,1156533100,1,www.wandaph.com/*
dbd5c7119c51746c913ec93cd66896e0,1156510100,1,www.wandaph.com/*
dcb445a7d3725d72a5c6dc7a893fa1d8,1156410100,2,www.wandaph.com/*
dea488c0969be85d15973957a6dac7da,1156340100,1,www.wandaph.com/*
e097ee0e4923a5b50e4cfa615920a4b2,1156150100,2,www.wandaph.com/*
e1b8a55a23c285fc6c8580ace5ca5f94,1156130100,1,www.wandaph.com/*
e3c72dc7390516d09228bb78eb6cd94f,1156411000,2,www.wandaph.com/*
e75831693985174f5db28038ac8a79d4,1156430700,1,www.wandaph.com/*
e93449fcfd71f6f5ce2687b809e552d5,1156610100,2,www.wandaph.com/*
eb457eb5f6c14a89ccece920c1c27237,1156610500,1,www.wandaph.com/*
ec8ca83db423b6fbd10db1f6c6f2873f,1156341600,1,www.wandaph.com/*
f2bf625a99daafcf5508ed85122cf3ea,1156341500,2,www.wandaph.com/*
f473be4a407ed39328f793cd5efbcc02,1156610100,1,www.wandaph.com/*
f4f1367105d982054c959961ca139cfb,1156341600,1,www.wandaph.com/*
f5a75e3c0e35cccd396a0f29322cc9e2,1156320500,2,www.wandaph.com/*
f5bb32ed6537be3b8deb2ba96b359195,1156420300,1,www.wandaph.com/*
f5da23f28247d5fe70b6ad2371ebc177,1156130400,1,www.wandaph.com/*
f5eccf95bb3bc11ad99dca4970d7186b,1156511800,4,www.wandaph.com/*
f603d7e9b8753a3ad30dd4a9bf8f5ffb,1156410100,4,www.wandaph.com/*
f74e062b128015d1280f74bb0eeee1df,1156450900,3,www.wandaph.com/*
f8e6e044348a34345e299fabdcd05cac,1156340100,2,www.wandaph.com/*
f95a68c5bf849eaee2d71fd02db2303b,1156370200,2,www.wandaph.com/*
fa336e7893f850d42f4b477dbac9c00c,1156371300,3,www.wandaph.com/*
faa5d36029dd4a535518a5234c00dd89,1156511500,1,www.wandaph.com/*
fda2798926d8d7a7d575b56bacaae451,1156510900,1,www.wandaph.com/*
