00391b1b6d823274a2592e64a66c8c25,1156420100,294,bg.zhang8.com.cn/*
008c9b6701f0d3efc390f923a74534ec,1156330100,6,m.gushengwang.com
00ce7878d09ffabdfa6c2a177ee35839,1156330600,259,bg.9fanfan.com/*
00e780acd9cedfe9a1884317ef349966,1156420300,10,bg.9fanfan.com/*
0102a6bdaeac2baa95c458a2ea43e283,1156340200,1,api.niudian8.cn/*
013e06d3190a331bc0f64b56fe4b07a9,1156340100,202,api.niudian8.cn/*
01406e32c09cf57aa965a423d7b9060f,1156650100,1,api.niudian8.cn/*
0175c0ac07fc0bdb3bc92de2c989459f,1156330400,1,api.niudian8.cn/*
019ff0d1389d1ffa5f56e6e31e9e6d00,1156330200,1,bg.9fanfan.com/*
01aaf9c3b740f7b593e766a53b8a88e1,1156341100,2,api.niudian8.cn/*
01b932c179f60ce3098ba9d70fa04065,1156500000,1,bg.9fanfan.com/*
01f8c99275c7ca28e4c661e615b55438,1156513400,19,bg.zhang8.com.cn/*
02258017b9aa6b4e87b828ef73936877,1156440100,2,bg.9fanfan.com/*
02922d296cd4219387bb106e5f363ef1,1156220200,213,bg.9fanfan.com/*
02cb2831f63e86e2f4d9fda9664bb72a,1156330200,1,api.niudian8.cn/*
02ffbbbc8674862d7006991464ac9eec,1156141000,1,bg.9fanfan.com/*
035c6a40e3516de10c07dca1958f6bc8,1156340200,194,bg.zhang8.com.cn/*
0365d417bfbdb86c50f5e9f6a2d9477b,1156511400,190,bg.9fanfan.com/*
039dbd4b48ac9863f5875ab5cfb3bc95,1156130500,1,bg.9fanfan.com/*
040f3f076cc993e0509ab714ad439219,1156130600,146,bg.zhang8.com.cn/*
044b514d0230116fae7212498002724e,1156341300,1,api.niudian8.cn/*
04a6f5cf427177a34eaf6e48d0a96e1f,1156510100,1,bg.9fanfan.com/*
04bde0de8b591d96c7bb2f0881a272f9,1156340800,1,api.niudian8.cn/*
04ce2c88ed37d92f411f44f668469327,1156210200,242,api.niudian8.cn/*
04f700791fb7c8e6f3ba59bf05fc5553,1156330200,1,bg.zhang8.com.cn/*
04ffa9349d7cbb24cb8f791d44403000,1156330700,1,bg.9fanfan.com/*
054a7c2f0e3a6cabcf4f0a39a316167d,1156440300,86,bg.9fanfan.com/*
056fa193056da5f380eb0db63f3d24f8,1156610400,6,bg.9fanfan.com/*
05ea02486dac82d4df0455ea09384905,1156320200,3,bg.9fanfan.com/*
05ed6a4caef0b10f04eda00c3e5cbecd,1156341100,1,api.niudian8.cn/*
05f1676c006c92ac0499a0501371220a,1156330300,1,api.niudian8.cn/*
0645c7dc712e9723d6b10410742621e1,1156330100,437,bg.9fanfan.com/*
0667b87b5bd25924574d3622642b0b00,1156370600,1,bg.9fanfan.com/*
06ad758bc61b3f69797d506928265115,1156310000,2229,bg.zhang8.com.cn/*
06f4e4bcdfc44e15b46d7ed61bf096b0,1156350600,2,bg.zhang8.com.cn/*
07e448f6ef4952a4baeb30aeb0f8d8a2,1156530100,726,bg.9fanfan.com/*
07ed0fb0306ded4479cfbdffa46ca8cf,1156330100,1,api.niudian8.cn/*
081303d34767f8d8369b1de50e67b624,1156610700,1,bg.zhang8.com.cn/*
089d019e8f7df5e75bf20bb743fa2164,1156331000,1,bg.zhang8.com.cn/*
08d86f97833af82a4b4fe96b1fbc4b38,1156331000,1,api.niudian8.cn/*
099a4e5c17b92b3db15eaabc85725adf,1156440500,711,api.niudian8.cn/*
09d23fc4c87ecdc5626bfaa108be0b25,1156610100,12,bg.zhang8.com.cn/*
0a198c10bbe66dda33e3bc08f7378779,1156441700,144,bg.zhang8.com.cn/*
0aeb3ec7f4342a11f208d633f746b60b,1156310000,1,bg.zhang8.com.cn/*
0af235c62881fd3282a195b5cd4e8134,1156510600,1,m.gushengwang.com
0b22c156e742a9647421c27ecf763748,1156330200,1,bg.zhang8.com.cn/*
0b4c2212a74375bd93b2fa53695f6166,1156330300,2,bg.zhang8.com.cn/*
0b85bdbc20901df840204fdf94785cd4,1156410500,2,bg.9fanfan.com/*
0bbe905abb68465e95c116146d65496a,1156450200,1,bg.zhang8.com.cn/*
0beb372fa62697d8718e134511f4bacb,1156371500,1,bg.zhang8.com.cn/*
0beebc9111846c930599a54719232778,1156330100,2,api.niudian8.cn/*
0c5fd9e8f8fbca46d19bc3342b907374,1156341200,1,api.niudian8.cn/*
0c7b570a661a4b87a6483f3971d7aed6,1156500000,3,bg.zhang8.com.cn/*
0daa51cda2e00148a67600b9e5b1fc65,1156320100,1,bg.zhang8.com.cn/*
0df69d44b39b98892dcdd7680ceafe88,1156310000,1,bg.zhang8.com.cn/*
0df9db5bbe172bd86339f2ff4ae0844b,1156411600,1,bg.zhang8.com.cn/*
0e045121f9580f1cb4c1e0583f8cf85c,1156621200,1,bg.9fanfan.com/*
0e8a0dc29d15f6a6c850fb027916388b,1156330400,1,api.niudian8.cn/*
0ebfaa719ad95f1687bcb63575d2c98d,1156510400,126,bg.zhang8.com.cn/*
0f2d976668e5739c0f1b3f0a0278acde,1156341500,663,bg.zhang8.com.cn/*
0f37a7f9dd18d6eba70ef2b3b4e5c725,1156451300,1,bg.zhang8.com.cn/*
0fa66e5748fd2bba998783ef7427537a,1156310000,1,bg.zhang8.com.cn/*
102592ec0de74c0edbd1138417daa7f9,1156330500,578,bg.zhang8.com.cn/*
10261f2e2c2f511b5a2909b8f167e99f,1156440300,1,bg.zhang8.com.cn/*
102bf5d73b91a434754491d63d5917a4,1156440300,5,bg.9fanfan.com/*
107d600f966344f0148e0607a90c1562,1156510100,52,bg.9fanfan.com/*
10802aa4c29a79ffd95da3654b98b3f8,1156370600,207,bg.zhang8.com.cn/*
10ed2849974377212e8812aea219dcf2,1156330300,1,bg.zhang8.com.cn/*
110bd89dc468754a0ab3de7fd7803212,1156350100,1,bg.zhang8.com.cn/*
1157b154a506c41d3e88271c71e0712e,1156350100,80,bg.9fanfan.com/*
11ad2aab52f999c5b3d02161d93f2654,1156513400,762,bg.zhang8.com.cn/*
1250dd96ebd53d1e459f31c31bac69fd,1156440300,4,bg.zhang8.com.cn/*
1260d18ea2bfb00052b7d27954f00d6d,1156330500,2,api.niudian8.cn/*
12bb3efa59faeb98333f5f85f4610809,1156310000,1,bg.zhang8.com.cn/*
12ef047cb17db8ede1a1da659ee2b9f6,1156341200,1,api.niudian8.cn/*
13b6c65ef50626e0fc041324688f8071,1156340200,43,api.niudian8.cn/*
13c6ce7b7257260c26ea5e3a4a194b09,1156341500,1,bg.9fanfan.com/*
13d66196cba2688d8c1bfaff76d1b45d,1156220100,2,bg.zhang8.com.cn/*
13dd3e86e8845037675914a27b8108c9,1156330200,19,bg.9fanfan.com/*
13ec018f012d1334ec8c463bc74e99e8,1156330200,1,api.niudian8.cn/*
142c1e588121fe82654947a19d69192b,1156451300,1,bg.9fanfan.com/*
14aaccc9e9dbc2b4bb6059ad87d59cf9,1156330100,1,bg.zhang8.com.cn/*
1519c3eae2db94c8643fcfeb3f683bbc,1156130100,141,api.niudian8.cn/*
151d795b9781b451963701396332058c,1156350600,7,bg.zhang8.com.cn/*
15b603391a0cf1d03b120971580dad1b,1156350500,6,bg.9fanfan.com/*
15ee8b0d206e03cf92a1c0618eb5839b,1156511600,97,bg.9fanfan.com/*
166bf9a0cd41a470892ec95ee6f7fb49,1156510300,293,bg.9fanfan.com/*
16cd0ae8d85a3c9b4e7b9887494d84ad,1156130400,2,bg.9fanfan.com/*
16cf3c4495446d472f007d820b6c9e56,1156310000,1,bg.zhang8.com.cn/*
16d2625f11901d60c99ca0ebb7f344ec,1156320600,1,bg.9fanfan.com/*
16ea968b157e4a2e359883631fe2c1b6,1156340100,2,api.niudian8.cn/*
1721c30a7689c96de2227db8866a8045,1156360700,16,api.niudian8.cn/*
17258d527daffce0fada8a27573baba3,1156310000,32,bg.zhang8.com.cn/*
17322fbc519a1f853149ea867048802e,1156331100,2,bg.9fanfan.com/*
17644f437673ad0a4a02c12e5a1aa3ef,1156440700,56,bg.9fanfan.com/*
176ae014d08a3a5de09c658a9477be16,1156341300,2,api.niudian8.cn/*
1779a7a1d458ed484166bebbdbbb4752,1156321000,19,bg.9fanfan.com/*
178d3b9200879d7d2638635f0c0583f3,1156610100,17,bg.zhang8.com.cn/*
17d2512c5665c76dc9eab3a229ac609b,1156330200,1,api.niudian8.cn/*
17e8b7eca537917bdb965c0919892b43,1156440900,170,bg.9fanfan.com/*
184aa5a0a5ad357a32b0159600f7a2cc,1156460100,16,bg.zhang8.com.cn/*
189e0fd41e75a78dc34c9b971d73ca28,1156350600,1,bg.9fanfan.com/*
190ba522544077919a68e3a597de04a4,1156360700,1,bg.zhang8.com.cn/*
199c7db161e15896fb4b568a90f6d1c6,1156361100,1,bg.9fanfan.com/*
1a0fa6cfd1665a214bf6813bf7b4d7b3,1156310000,1,bg.9fanfan.com/*
1a4119f5a8c66d0d72d81d4ca8339618,1156330100,11,bg.9fanfan.com/*
1a73b800905b6ecfa673f6d9d96cba09,1156451100,14,bg.9fanfan.com/*
1ac672dccdf5aa753ce55545dfe83244,1156530100,2,bg.zhang8.com.cn/*
1acc192452d80b17a448ebea600cb35d,1156513400,505,bg.9fanfan.com/*
1adc9664394a5c46d39e60d702cabe72,1156370200,1,bg.zhang8.com.cn/*
1bbaeeb99fe3431848585ccd4b120b87,1156330100,1,bg.9fanfan.com/*
1be3f6a7c4e0c27e4d319d98915be269,1156310000,1,bg.zhang8.com.cn/*
1c396539004b3bfea38b50ed438c88cf,1156500000,15,m.gushengwang.com
1d2b3a7809cb070c15ad70f699389b0f,1156340200,1,api.niudian8.cn/*
1e0e9a24d1db1cae35f45bfca7e9c5aa,1156340800,1,bg.9fanfan.com/*
1e1d64ea47fedbfdb4739539e2fd0321,1156320200,7,bg.zhang8.com.cn/*
1e352741b282e74cceb81cbaf3ed0b0a,1156310000,1,bg.zhang8.com.cn/*
1e36a7625086a5d5d5180e69d5c3ad9a,1156310000,1,bg.zhang8.com.cn/*
1e64fe16f359bc7660321e8aeb4ed86c,1156500000,124,bg.zhang8.com.cn/*
1e985d61c8e7ca848a66e1b741fc6b43,1156330700,1,bg.9fanfan.com/*
1eb7a5fa9df80935f19cefa0e2c38065,1156340100,1,api.niudian8.cn/*
1ec5b4be898670851f00aff7d9bb92e5,1156450100,1,bg.9fanfan.com/*
1fbec90f1b383f5f374e3eb8097f2231,1156440300,131,bg.zhang8.com.cn/*
1fe48b486b856c046833e3eeca35b55a,1156330300,92,bg.zhang8.com.cn/*
202bd56c0063f6addf38adae07c7673e,1156440300,50,bg.zhang8.com.cn/*
20c84e59e5ac82d7c3298dde2be7d593,1156370100,1,api.niudian8.cn/*
20da6b1826fc4f8edb1e314957bd6bee,1156330100,1,api.niudian8.cn/*
20e15e44b5a95aa317b75cd6d4465fea,1156500000,682,bg.9fanfan.com/*
2107834eb2d93a9bf9aada9e408d5176,1156320900,28,bg.9fanfan.com/*
214578f782b90bf7027ec3aa77c8a7aa,1156340100,1,bg.zhang8.com.cn/*
216f5e2bf322a974c8c87ca6fc82642d,1156371500,2,bg.9fanfan.com/*
21952255710358f5dfe2be3a7bcfca42,1156440300,25,bg.zhang8.com.cn/*
2211b9d6c5532748880ecec393496e93,1156371500,1,bg.9fanfan.com/*
22254a463d2ad3023b3d24188b518e4c,1156430400,8,bg.zhang8.com.cn/*
222ab792122488003bba8319e3417cfb,1156341000,1,api.niudian8.cn/*
2257cd0fafcfdbbddfdcb898cebdf494,1156330200,32,bg.zhang8.com.cn/*
22aa4cf07059a5cb1a0755058402bf0d,1156371500,2,bg.zhang8.com.cn/*
22b6d8895e7e71a62e2472b0fde1b850,1156500000,11,bg.9fanfan.com/*
22d70dbb15fd38d79dd646c11b2125c2,1156340100,2,api.niudian8.cn/*
233a6c50d04f2df55d21393eda6dd58e,1156371500,1,api.niudian8.cn/*
23c7e3f885923daf0e678ad1a23a2f7c,1156330100,1,bg.9fanfan.com/*
23e9bbd0fc8411b367fa4eb9c6f24394,1156330200,1,api.niudian8.cn/*
246a5a1602f0c432837750cfde78685e,1156310000,1,bg.9fanfan.com/*
248a883cde4986e2b3d5dc81f46c3da4,1156330200,5,m.gushengwang.com
25106c275b498e0057b98448eb9c2a36,1156530100,57,bg.zhang8.com.cn/*
2530d96d58b1bffe867d99aeca8adea3,1156320600,74,bg.9fanfan.com/*
2536575dcd12470070a882e62d04255b,1156341500,1,api.niudian8.cn/*
25611a8b6abd73f2315d1a5ca8bd9f91,1156460100,94,bg.zhang8.com.cn/*
25a599068c8cb654649b1e987b799c8b,1156341100,164,bg.zhang8.com.cn/*
25cd1a5874d7b3d0174ad0a33fb6a76d,1156350800,1,bg.zhang8.com.cn/*
26019ffe5c17f1eee3d64e76d1483971,1156310000,72,bg.zhang8.com.cn/*
2602c678133ece5a884b09b741dfd3d4,1156321200,137,bg.9fanfan.com/*
26270b90764f44eaaaf7828e4b24707f,1156370100,1,bg.zhang8.com.cn/*
279c6b5c1e36167c3128bbd3725f9a97,1156440300,263,bg.zhang8.com.cn/*
27f4530d4c3d5284e6c6966e5d6cbc59,1156330200,36,bg.9fanfan.com/*
28064438b5f7273d5f46fe49374e8f32,1156220100,49,bg.9fanfan.com/*
282cd95269aee38972045dbac7d6fd1c,1156360800,19,api.niudian8.cn/*
283cb981ae0e21ba991e33c95a26924c,1156371000,3,bg.zhang8.com.cn/*
285ee73e2b04fb2b2b86dab28c56e735,1156450300,1,bg.9fanfan.com/*
28ca9d23501e4f491f05b35fac1f0bf3,1156310000,163,bg.9fanfan.com/*
28e5e991c95f32034a0f71262e6bdf90,1156320100,1193,bg.zhang8.com.cn/*
28f1673f4b0b1e609719457d8c1437c5,1156370600,148,bg.9fanfan.com/*
2985cb8f428c8d7511c5b3d6328beeb3,1156330200,1,api.niudian8.cn/*
29b975c5b3239a8897ddaa06085573b0,1156371500,1,bg.9fanfan.com/*
29cd1ee1434aa2da749adb93ef5c624e,1156360400,7,bg.9fanfan.com/*
2a00f7eb67bddf18e95feaa6be7c4ec7,1156330200,1,bg.9fanfan.com/*
2a5ea7740ac77e5d10be305fd9fe95f8,1156330300,4,bg.9fanfan.com/*
2ab6e9180bceb6f2fcda658c9f497366,1156330300,2,bg.9fanfan.com/*
2ac9c33463dbee97e171d2cf6f6ceb9a,1156330100,3,bg.9fanfan.com/*
2b09f43476988bb274fdd93442431e8b,1156360900,2,api.niudian8.cn/*
2b4f501eca646e22b1b70225c806650f,1156440300,96,bg.9fanfan.com/*
2ba7ef5693ea05033d9b3e1e34b37e6f,1156450200,86,api.niudian8.cn/*
2bfbd8dc80dd19788724a0dbe76948ed,1156330400,6,bg.9fanfan.com/*
2c5830cf823fd488dcc098c8809cef42,1156510100,2,bg.9fanfan.com/*
2c68b89b6544d7bf05cb1471c402c6f3,1156420100,1,bg.9fanfan.com/*
2ca5e99a890f68eefffa36540409c6e4,1156340100,1,api.niudian8.cn/*
2cf8f53372b78f006d621ba970ecc318,1156340200,1,bg.zhang8.com.cn/*
2d49901c4b1b10d20ef46ce232f3fffb,1156330400,1,api.niudian8.cn/*
2d56b5a0e992db7ad6b54858b04ddd1d,1156330200,1,bg.9fanfan.com/*
2db2e7c58c932cf29991d28bd7ca2093,1156451200,1,bg.9fanfan.com/*
2dfadd539f40b902955eff4f85d718ed,1156371500,1,bg.zhang8.com.cn/*
2e1d2c7116917b12db823eee0e4df801,1156140100,152,bg.9fanfan.com/*
2efa5d98e2a90d342b4f887f46eb7924,1156450200,2,bg.9fanfan.com/*
2f044a4f65f52d1791a6b238e621eb5b,1156341100,1,bg.zhang8.com.cn/*
2f12ed56eda8a6c74ece8d353e0ce833,1156340200,25,bg.9fanfan.com/*
2f3fc17bd7f813db029b852f12c2d0f6,1156410300,2,bg.zhang8.com.cn/*
2f551512fedfe55961aa2adb5ef60fe1,1156530900,1,api.niudian8.cn/*
2f79efccfe77c0bee5a9c52e8142640f,1156331000,59,bg.9fanfan.com/*
2faec6c8d570e58c38412f100787e8b2,1156442000,42,bg.9fanfan.com/*
2fc910b70cbea10f6f2de8c0f3f6dece,1156350300,2,bg.zhang8.com.cn/*
2fd60abdda8dde596058c296dced0179,1156450700,2,bg.9fanfan.com/*
30415a699676e19a71ba9d9f7137e955,1156371500,2,bg.zhang8.com.cn/*
32c03e507bd9268ce2b786dd7084527d,1156410300,14,bg.zhang8.com.cn/*
33914411da239d0bfbf83cf282171d6c,1156450300,1,bg.9fanfan.com/*
339462c9c94155150887e3fb51f5169c,1156350200,2,bg.zhang8.com.cn/*
33a084908da8ff4e21567a4bebd8b519,1156440600,84,bg.9fanfan.com/*
344d81452a8d640e1f5474620b576b87,1156310000,2,bg.zhang8.com.cn/*
34db7bb05804a2e9157492a32f69ee53,1156340600,2,bg.9fanfan.com/*
34eb131ec58eca0dc586e341af162868,1156330200,27,bg.zhang8.com.cn/*
3511dad88aede400c1965a8e97c5bf5c,1156330300,2,api.niudian8.cn/*
351922826f31fcd3e5e9d770a8e30e25,1156441700,1,bg.9fanfan.com/*
3535591342229b4b6d3ec109b47f46d2,1156610100,4,bg.zhang8.com.cn/*
3550734994e04f9f31ed08198e3b6301,1156370100,28,bg.9fanfan.com/*
36a2ca495a74daf29e3f2139b02eb639,1156520200,1,bg.9fanfan.com/*
36b1f163e3560dbdd10851630cd6957c,1156340800,1,api.niudian8.cn/*
36daa929b3128d6e61acaa6972ed3b19,1156110000,62,bg.9fanfan.com/*
374f2383afd19233b1d23ce070e3b9e8,1156370100,1,api.niudian8.cn/*
375ba8fe827c2fcdae9b6bc9e6965eba,1156310000,1,bg.zhang8.com.cn/*
37713a0f630e59ce974bbe42ac52b422,1156340100,1,api.niudian8.cn/*
37ce1a3df2fba148b90d9836d824d277,1156340500,1,bg.zhang8.com.cn/*
37e5ae6ea2401903a46b1483715bbfb3,1156340800,33,m.gushengwang.com
37f128cc38030194f87b05e45209106c,1156371500,1,bg.9fanfan.com/*
3840e1edbf1c480ad6019de17db1360f,1156340100,1,api.niudian8.cn/*
386c88a56bd4b55ba9ff832d92ac54c5,1156130200,34,bg.zhang8.com.cn/*
3897440e901aa3b911b2181ee480f721,1156371500,6,bg.9fanfan.com/*
38b3dde10fff005dd1cffad808266ddd,1156450400,2,bg.9fanfan.com/*
38e58834aa1e55b4e86061bda4912c75,1156371500,6,bg.9fanfan.com/*
38ef6787d74e77f77c84f59a2d4689e6,1156350100,311,bg.zhang8.com.cn/*
393a8975e9d70808b1cbd3f5f9309db7,1156451300,1,bg.9fanfan.com/*
3a00554ee1f5a1afb008d61642949d97,1156130200,77,bg.zhang8.com.cn/*
3a00d4d7d9934f1fb8578901b87dd9f3,1156520400,1,bg.9fanfan.com/*
3a056458a9509a08f5edb09048e6d369,1156371500,1,bg.9fanfan.com/*
3a231fd0af6715bde71ce1e29059f307,1156500000,108,bg.9fanfan.com/*
3a292c4f8a5d4645c3b6bee515f68143,1156511100,31,bg.9fanfan.com/*
3a4c1178ff511672341b334aa7587a7d,1156360100,15,bg.zhang8.com.cn/*
3b3c6b468b04408c07f68ad0c2d2e4c0,1156450900,1,api.niudian8.cn/*
3b402ba044172cd1452da1e6a46d9597,1156420200,67,bg.zhang8.com.cn/*
3b4edd126fd750c264f6596e3b1f1b77,1156371500,2,bg.zhang8.com.cn/*
3bcb78db448585834360bbddcb99dc2e,1156340100,1,api.niudian8.cn/*
3bf23a4488abc98ddb9929dbd87cd601,1156330300,2,bg.zhang8.com.cn/*
3c2541e36a9852f72bee169041fbeb95,1156330100,1,api.niudian8.cn/*
3cd480cd277b7ff02fe807e8b8ec276a,1156330300,1,bg.9fanfan.com/*
3d5fdbe810c803dc7d7f041e75524063,1156310000,1,bg.zhang8.com.cn/*
3d97156b9062a2fb62b54bb4ac79a14a,1156420100,108,bg.zhang8.com.cn/*
3dd3d262b3c43fffc372aeb36e68d258,1156310000,1,bg.zhang8.com.cn/*
3e484c3de87c9d2ab042a532ed642857,1156370100,24,bg.zhang8.com.cn/*
3e65b8017e93dbe4f51077b8ff0a75fc,1156330700,1,bg.9fanfan.com/*
3ea6e60a05182e4a99703ea852907ef6,1156360800,2,bg.zhang8.com.cn/*
40b8e1189b86de309e5143508eea3d71,1156410100,461,bg.zhang8.com.cn/*
41047c801002e74cff522dcc41a01889,1156341300,1,api.niudian8.cn/*
413abf94fc4239ceebbf2e568f6e87c2,1156371500,1,bg.9fanfan.com/*
4161232c86e4c8fabd436b24e0bbb65c,1156441900,1,bg.9fanfan.com/*
417648fafbf58c5aa472ab16021d041f,1156350100,2,bg.zhang8.com.cn/*
417ef23a53d2d745f7e94882bdcdecd2,1156330200,1,bg.zhang8.com.cn/*
42039d502fd178219c1d5644824e4dea,1156441900,5,bg.zhang8.com.cn/*
4264200904345600c7e749281e063fd2,1156130200,74,bg.9fanfan.com/*
427160cdf29e01f11f8a6de870a5e2b2,1156130400,2,bg.9fanfan.com/*
42ce4e8f5fe9f6c876fec731b51c179f,1156371500,7,bg.9fanfan.com/*
439885afd8ca25a674502332e4162838,1156330700,2,bg.zhang8.com.cn/*
43ddace8507faa603add2052e92f79f2,1156320100,137,bg.9fanfan.com/*
44290e3e541033fad08eff9220e200ad,1156410300,12,bg.zhang8.com.cn/*
443f11d635f0070e7298314e70d6135b,1156330200,2,bg.9fanfan.com/*
467e18205cecadd0363dbc210ee1867a,1156330100,2102,api.niudian8.cn/*
4699f2334079dbcb85127b3958e0ec0a,1156330900,1,api.niudian8.cn/*
46ccb2dabde3cc33f076d8ded2aacc9b,1156140800,13,bg.zhang8.com.cn/*
481bb26e8f50eae6deb61f14a5b09014,1156500000,2,bg.9fanfan.com/*
48514cf6493df0e3e36af2568b2ce239,1156440300,1,bg.zhang8.com.cn/*
48a09029b1ffc927e8c607b9b9a1928b,1156340100,1,api.niudian8.cn/*
48a2a9bdc4b079072600708c03706353,1156340800,38,bg.zhang8.com.cn/*
4989f47e2c127f407adb055a2dcebc82,1156320300,131,bg.zhang8.com.cn/*
499624900d234cd656c57a60992f7076,1156330200,1,api.niudian8.cn/*
4a6f43de0e3338b965feb640d43b61e7,1156371500,2,bg.9fanfan.com/*
4abf5e0fa646de25595051b584c83e6b,1156371500,2,bg.zhang8.com.cn/*
4ac41f08c02e5e02c25c69c2e64c8253,1156330200,1,bg.9fanfan.com/*
4b74331c3278c387a8bf36ddf37cbd80,1156510100,990,api.niudian8.cn/*
4b7b1e9162bc1f2d0f21316a359514e1,1156341200,3243,api.niudian8.cn/*
4b8ede99b272050350df23fd39e761b3,1156310000,57,bg.9fanfan.com/*
4b959ace01236f1ce83a3bf0d6b18d2b,1156130500,1,bg.9fanfan.com/*
4bae4754026d954201811e746f77cb56,1156370700,1,api.niudian8.cn/*
4bb5b7a1d44792b96cca17fccbd5baa2,1156330200,1,bg.9fanfan.com/*
4bdc29ccf614cd0a69b242004eddf654,1156511100,388,bg.9fanfan.com/*
4c331e984d2470a83709d8e6347f3531,1156610100,30,bg.zhang8.com.cn/*
4cb112401adca52443fc0ae57967dc32,1156370200,1,bg.zhang8.com.cn/*
4d261a72f626dc5bfc97391f9fba5092,1156320500,1,bg.zhang8.com.cn/*
4d482dc4188d355cd1639fa365680053,1156330200,273,bg.9fanfan.com/*
4dc7892d111dcf96fee39e2d2ec044dd,1156361000,356,bg.9fanfan.com/*
4dec012697ca0392b9c8604e955ad1f6,1156420200,28,bg.zhang8.com.cn/*
4ded77358945aecac73dcde90b057912,1156130500,1,bg.9fanfan.com/*
4deef72140c61e9dc7927cb89fba46a2,1156340200,1,api.niudian8.cn/*
4e7db7e1f9a8f06475675a706cdad708,1156320500,1,bg.zhang8.com.cn/*
4ea416b7e8cd9e71a262fb462fc5c239,1156330200,1,api.niudian8.cn/*
4efe0851aa800790821cd7a330ac207f,1156371500,2,bg.9fanfan.com/*
4f704a806aac099f675aab4a3a9879f2,1156330500,1,api.niudian8.cn/*
4f7977f2932f52b48b47a80c6c922676,1156330700,35,bg.9fanfan.com/*
4fa7602a6c7cb9a1990cd5761186f08b,1156451300,5,bg.zhang8.com.cn/*
500dab2c321115d177581c84dd90d3c3,1156650300,151,bg.9fanfan.com/*
506f4e9d6c36eb17be4aee366ff3f651,1156340100,1,api.niudian8.cn/*
50a51e0f5a3a3627ce3cb6196489678c,1156310000,1,bg.zhang8.com.cn/*
518e320073136bacd47757fc78c8f366,1156411500,74,api.niudian8.cn/*
519db1316d060ea74b0c59184143554a,1156330300,1,bg.9fanfan.com/*
51c3a97585f6246b6ac0b99ae5f91be0,1156441900,203,bg.zhang8.com.cn/*
52178962e34243eb1ce7f75f8e3d1aff,1156441900,292,bg.9fanfan.com/*
530e5d743458b5c4c6bd4fa4a4281261,1156610100,406,bg.zhang8.com.cn/*
5337e6127da0c4321cc3330dcc01e209,1156350600,2,bg.zhang8.com.cn/*
5372e3561e5cf782014e26202b88b201,1156440100,1,bg.zhang8.com.cn/*
53737390a7de9337e7303b5fac1b5d43,1156330100,2,api.niudian8.cn/*
53a5604e5e9f8ec3c491bd0ba61a475d,1156330100,222,m.gushengwang.com
54449e0f7d2ba6558a6fc30722e075a9,1156420100,5,bg.9fanfan.com/*
5518281c1cbb67468434aabf48ea58c3,1156420900,1,bg.9fanfan.com/*
5519bb865be376a520f94dccaada495b,1156340100,1,bg.zhang8.com.cn/*
554473a647d9a9465d0d41d263d533cf,1156430100,1,bg.9fanfan.com/*
55571212f46d54b73900f11aa85f297c,1156510100,7,bg.zhang8.com.cn/*
557a88f3757e48f292f807cf9d69dc0c,1156440300,485,bg.zhang8.com.cn/*
558c117480362d545f368ffb358c30f8,1156330900,20,bg.zhang8.com.cn/*
55d015649ce3bb647a2d77f9666bd836,1156130500,1,bg.9fanfan.com/*
55e7d884f9a791237e47dd509e8f055b,1156320200,6,bg.9fanfan.com/*
55ef214b649ec368d6026f1fd02bb2a1,1156500000,10,bg.zhang8.com.cn/*
55fdd6a01a2beba144bcae246b1081d6,1156370300,1,bg.9fanfan.com/*
566f6025d0d11048fa3fd92dc416ef22,1156310000,17,api.niudian8.cn/*
57c158ae61cb9190f651751d1e4c3eff,1156360800,14,bg.9fanfan.com/*
57e85935b033d14ea300ffdca757d22e,1156310000,1,bg.9fanfan.com/*
57f251e04af8617a1cba242e43ba35eb,1156130100,110,bg.9fanfan.com/*
58122f9ac8513d40654fb849292c2213,1156360900,65,bg.9fanfan.com/*
5887bfaedd950e055f351dc2c6dd4485,1156610100,1094,bg.zhang8.com.cn/*
59178cb6ab792041df167d49bc205e36,1156361000,1,bg.9fanfan.com/*
59591dae04fa3782ae27ab338ee296c6,1156341100,1,api.niudian8.cn/*
59837b7e04c51f55790cdb3231c7e34f,1156130500,1,bg.9fanfan.com/*
59861e962e82dd2a8ce29ec68d6f3402,1156440100,2,bg.9fanfan.com/*
59da2f6e43a9621f9bedd2e7523973e7,1156331100,1,bg.9fanfan.com/*
5a0dcd86f72d0ec3fe8ce30cdf79aa42,1156340300,101,bg.zhang8.com.cn/*
5a2fd853187cc21d79b76c823dfbb418,1156610400,2,bg.zhang8.com.cn/*
5a4772607b3dfb71fcad28daa07e62be,1156420100,37,bg.9fanfan.com/*
5a72736907e7c417c871454a5d29ddf4,1156310000,1,bg.zhang8.com.cn/*
5b2616e81d0d8716b7f36dcd0b60bf12,1156510100,9,bg.zhang8.com.cn/*
5b51e7379f7a8b2e8c2219a05a22d275,1156371500,2,bg.9fanfan.com/*
5bbc9ff53af85f276885f97f33de1a72,1156330400,1,api.niudian8.cn/*
5bce0b6836ef696515542e70843e2a8e,1156371300,1383,api.niudian8.cn/*
5c12e61c500bb1f803eb31c481a2d4f6,1156310000,1,bg.zhang8.com.cn/*
5c29e7408dc3dc5f117865294d84b6af,1156330100,1,api.niudian8.cn/*
5c2bddb6d6fccad4ba897dff0073431f,1156340400,110,bg.9fanfan.com/*
5c4a3e8ac9b37d46eba14830402a5b39,1156610100,1,bg.9fanfan.com/*
5c4e2fb05fff0876cf0244e47a71a667,1156420100,50,bg.9fanfan.com/*
5c82fb4f60cc8ff37b001bc458bcb00d,1156330200,1,bg.9fanfan.com/*
5cc1fc00d12ce48590272d6222fa1e0d,1156430100,502,bg.zhang8.com.cn/*
5cda5429317734bf70a42764b0d10526,1156441900,45,bg.zhang8.com.cn/*
5d79eb8125e5c2eb1e63d1a78346df2c,1156310000,1,bg.9fanfan.com/*
5de493ccccc7e7e8e52c1dd2b8be772c,1156440300,1,bg.zhang8.com.cn/*
5e1341df3b20fc62619dd58ae8ed2ceb,1156330500,3,bg.9fanfan.com/*
5e89d2def47e564e48a016333461bb56,1156370700,122,bg.zhang8.com.cn/*
5e9e4511b73f6b39fa3196834b8862b2,1156320100,97,m.gushengwang.com
5ea686fbcc82af8110de412e8dfa0d3e,1156330200,1,bg.9fanfan.com/*
5ebd7228a716c97b4bfc1b29c8ff92ba,1156341100,1,bg.9fanfan.com/*
5eef1bd044df513c6581e5a7df4eec23,1156341500,1,api.niudian8.cn/*
5efbf9c729618df759d07cc1717cc7b0,1156130400,2,bg.zhang8.com.cn/*
5f22232e599429404a33eee94ded6bf6,1156500000,2,m.gushengwang.com
5f6b32ff9c1100bd1ef4a5b489fc1681,1156330300,1,bg.zhang8.com.cn/*
5f6d42823c92ac2f24cee5a2a474f3b0,1156320500,2,bg.zhang8.com.cn/*
5fa105bc759aa7dc68b3f62501aec286,1156330200,68,bg.zhang8.com.cn/*
600b6fe7da2439507e22a450dc65e780,1156310000,2,bg.zhang8.com.cn/*
603127325211c758227cafabe1c21117,1156610100,439,bg.zhang8.com.cn/*
605b3feadd544396d33178fff592e0a2,1156110000,3,bg.9fanfan.com/*
60628a619c892de05d94c6a5e1f10284,1156371500,2,bg.9fanfan.com/*
61221f4bbcc89a6b35f17455548dc8a4,1156431200,1,api.niudian8.cn/*
6181e80ad4cb586f86d32e61813041d8,1156511400,36,api.niudian8.cn/*
61a69bee7a6071a45f49ddb5c07a6d88,1156410300,1,api.niudian8.cn/*
628e1921627d619a0cf5efb6463e6d62,1156610100,223,bg.9fanfan.com/*
6297df58739ce94729e7f027c4dfd76a,1156370800,1,bg.zhang8.com.cn/*
62a3eee2129768ec96f2381228e42920,1156130100,59,bg.9fanfan.com/*
62c55d7bff054b507ec8a8722219b076,1156130600,75,bg.zhang8.com.cn/*
62e84e3944d4d68b52860b00872dfb0f,1156350800,25,bg.9fanfan.com/*
62f4e2339347c2da0058ce29a8d9cc4a,1156610400,1,bg.9fanfan.com/*
6365d1c149b924cdbcd7f37f0a4f4ec4,1156330200,1,api.niudian8.cn/*
63bbea61c15c4771700e586ca50a9d7c,1156420500,1,api.niudian8.cn/*
63da0c74824aca1cb66110e14bf150a6,1156130100,1,bg.9fanfan.com/*
6401d4a899d5bf3176485cdfd6f4f40c,1156500000,21,m.gushengwang.com
64634652c74683ff73cc4ad524bda808,1156330500,1,bg.9fanfan.com/*
6493c86ed8d6727c9754367962d91fd5,1156330100,151,m.gushengwang.com
64cde08aec11c1f3f74fcad8ddf1d455,1156622900,1,bg.zhang8.com.cn/*
65749aab5827ec4db3ca78df7ab0d8c0,1156340600,1,bg.zhang8.com.cn/*
65823e74affff1eb90889d43f2267039,1156441200,1,bg.9fanfan.com/*
65b38ba40db96903b46d839759e04abd,1156130500,15,bg.zhang8.com.cn/*
6687a4c3228c5a8c9a8156adc8335309,1156411500,13,api.niudian8.cn/*
66ee398d7b6c7add7fbdf79e15fd02a8,1156520200,170,bg.9fanfan.com/*
67643688c186ff95131481a5ea4a8ba9,1156610100,200,bg.zhang8.com.cn/*
67b1ea53db9c6b9d532b3b77c2b8df81,1156440100,19,bg.9fanfan.com/*
67d4d782c67c9e5c69841a57a7919a69,1156340200,1,bg.zhang8.com.cn/*
67f3516fddc88cbd810fc19a5feee57c,1156130400,34,bg.9fanfan.com/*
6805921ca7308befcc59612f4bd96609,1156310000,1,api.niudian8.cn/*
68e84d7c74dba9ee538ca325dad3baa3,1156330200,1,bg.9fanfan.com/*
69b1aca6e346a04c60b6824a805576a3,1156330100,15,m.gushengwang.com
6a8556e9f30a62e6594246348b66e73e,1156130200,163,bg.zhang8.com.cn/*
6abad99e2b624ff24a679fb5131571be,1156510600,1,api.niudian8.cn/*
6bc24fb19e2a5415bb5d6630afa74b88,1156340100,2,api.niudian8.cn/*
6bdde9b9296b91b8b5a58cc9b5bd35db,1156341200,482,bg.zhang8.com.cn/*
6be9f9cab99dfb3133c57f54346364a0,1156360800,5,m.gushengwang.com
6c0bd42aaf51502ba7ea957674f5d10a,1156421800,7,bg.9fanfan.com/*
6c5bc235efe88b7238710097d46f3aee,1156500000,454,bg.zhang8.com.cn/*
6c66ba26cb235c9eb88efe70257daf59,1156330500,1,bg.9fanfan.com/*
6c934b448e10eae6159b8395a62cd06a,1156310000,1,bg.zhang8.com.cn/*
6d73abb159e0226fa4e86f94f0d672df,1156411300,17,bg.9fanfan.com/*
6dc1213f4c1fa3f22ea9615de47cc9c2,1156110000,54,bg.9fanfan.com/*
6dc76cfe7cef0e292afe2bfd0452dcd7,1156440300,2,bg.zhang8.com.cn/*
6e3b0c6d8f243ec1fea4931da775249c,1156330300,1,bg.9fanfan.com/*
6e4666360546482e97a8d574ba9633e2,1156330400,1,api.niudian8.cn/*
6e890b4cf1376faac5eb61de162fe8ca,1156360100,37,api.niudian8.cn/*
6ecb55233718e656a7aad150ed5a66a5,1156130500,1,bg.9fanfan.com/*
6f0f218be225e8370c8bd76d80980cb4,1156370200,1,api.niudian8.cn/*
6fada677ecae6dd589e03d804684f37c,1156210200,1,m.gushengwang.com
700a0fe9b06f15390dedb467a32d6e56,1156331000,1,api.niudian8.cn/*
7046b856ae0f83346debb2bf21ee0693,1156330100,110,bg.9fanfan.com/*
707288eb359fab19f6a60f13c7cfe898,1156360700,2,bg.zhang8.com.cn/*
70be4242e0e8f50055e75fcc2e0f8f5e,1156341300,1,bg.zhang8.com.cn/*
70cf0a75823a8cc5cb07964dc0f72060,1156330200,1,api.niudian8.cn/*
70ffb7e8842da2acba2f76f246119b8c,1156350500,19,bg.9fanfan.com/*
712cecfe11c54a024046e08cbe520a05,1156330300,1,bg.9fanfan.com/*
71ee61c2c8e4e87fc436787de24654a4,1156330100,2,m.gushengwang.com
71f9356562bebc5dd10f294b7349f6e2,1156310000,1,bg.zhang8.com.cn/*
71f9a503258d1c8d469d41b8495873da,1156610700,1,api.niudian8.cn/*
721bf6b929f0a261f99ff28ea758c1fe,1156360700,2,bg.zhang8.com.cn/*
7310079077cb430482957a20ea75fa34,1156420100,6,bg.zhang8.com.cn/*
73d8446222ef6b513c3916692f01c6c4,1156371500,6,bg.9fanfan.com/*
73dc5882fc556efbbbad8c5c9ad54232,1156420100,25,bg.9fanfan.com/*
73f567d770433176ff0781c5c93f2238,1156330500,1,api.niudian8.cn/*
746e4d7749e9570001e360fa9c184df1,1156340100,1,api.niudian8.cn/*
7570f0b077c5f824248601fb16abd93a,1156430100,1,api.niudian8.cn/*
7589684921f225424a446d87da085d12,1156510900,53,bg.9fanfan.com/*
75a549d1828e19d04065e087b263ebfe,1156340400,1,api.niudian8.cn/*
75d6cc23651433d320f453678de4dd1c,1156610100,44,bg.zhang8.com.cn/*
75e21abc44a5383a2c623dac3898fafc,1156340100,1,api.niudian8.cn/*
770aeff1e72b676e85033fc79bc19284,1156371500,4,bg.zhang8.com.cn/*
773039853ac415df0c860f725216b7ea,1156430200,417,bg.zhang8.com.cn/*
7743cff5a43ecbd6434a6c8c197771c2,1156430300,19,bg.zhang8.com.cn/*
77571808346826f3e18dc313ea37187c,1156320400,1,bg.zhang8.com.cn/*
7768e4a92016bf2127e511a7e626e95d,1156320100,15,bg.zhang8.com.cn/*
78531957da3ab6eb762556a1198834ea,1156422800,170,bg.zhang8.com.cn/*
786e9d7c47f254f8805c09e5724c7c11,1156331000,91,bg.zhang8.com.cn/*
78b6b1aea7ff231e30e5984b007c936e,1156310000,20,bg.zhang8.com.cn/*
78c10dfd989c93a241670c161c7457a7,1156130600,188,bg.9fanfan.com/*
78c69805c886dcbcf57a55676b4957e9,1156320600,1,api.niudian8.cn/*
793e61940d481257ebf0ba5f58e3fe85,1156441300,351,bg.zhang8.com.cn/*
7a63ea2edf51a25433f0ce8baf3b3046,1156310000,3,bg.zhang8.com.cn/*
7abfa5ac56d8db88169eeb3c66303b91,1156310000,1,api.niudian8.cn/*
7af39a32e73548c9edf106b6fdb52c94,1156350800,1,bg.9fanfan.com/*
7b1476160c9460c88cd632c54146dc75,1156371200,5,bg.9fanfan.com/*
7b1a28731a617ac6625ab59a75be3e4c,1156422800,5,bg.zhang8.com.cn/*
7b98c655a131785eac47176a1265e357,1156440100,56,bg.zhang8.com.cn/*
7bea17de35dbb7d96ab7878dc7f07592,1156411600,1,bg.9fanfan.com/*
7c46b95804f01ea075d1256d1cdc042b,1156511500,161,bg.9fanfan.com/*
7c6a2eec35b619765b9975070b9d5cf3,1156530500,3,bg.9fanfan.com/*
7c98263e5d157ec6291a1a7144fafe01,1156530300,296,bg.9fanfan.com/*
7ceb1583ef0c17cbe51c598ffcdb330e,1156330500,1,bg.9fanfan.com/*
7d7d6bc9ab6ec3a019aa6ce7f4f387eb,1156220100,1,bg.zhang8.com.cn/*
7d81bf7770cdcade76d137e471c42c33,1156440100,2,bg.9fanfan.com/*
7d9d9c2890a55e68b6c3699626e143c4,1156330100,1,api.niudian8.cn/*
7da0a0ccdef9d1dba3cb49521d5c3c1b,1156330300,2,m.gushengwang.com
7dba41956c8b2166468fe059f60f729a,1156320500,282,bg.zhang8.com.cn/*
7ddee205d74de4eec069e02379e91a68,1156330100,1,api.niudian8.cn/*
7e4164bec483d557137473da45b78384,1156320100,4,bg.9fanfan.com/*
7e7d7a9303a5b7ff5c916ed0e7786103,1156130500,1,bg.9fanfan.com/*
7f50f6584ed5d1f9174fa3026f131b1a,1156320500,6,bg.9fanfan.com/*
7f589c7b10c7aaf011595f04fb6818a7,1156310000,1,bg.zhang8.com.cn/*
7f89b58cdc01f6172d939a9a23c90fc3,1156330600,1,bg.9fanfan.com/*
8031022de9d67faba98fe2b02249a3b2,1156330300,40,bg.9fanfan.com/*
80416c87ff175b0683c42700fb6c50e9,1156330300,2,bg.9fanfan.com/*
804caab534675191eba50372c0465298,1156330400,2,bg.9fanfan.com/*
8094c2c794263666177ea70ea3a1c936,1156610100,45,api.niudian8.cn/*
80a13490586f2c14c85a5bb4d047baf4,1156310000,94,bg.zhang8.com.cn/*
811372eba7de17f47c517aefaac5601d,1156360100,4,bg.zhang8.com.cn/*
8174a89a9f4863c08203da01689228f0,1156360800,59,bg.9fanfan.com/*
818f631bb4280028c03197e3c1082df6,1156511800,15,bg.zhang8.com.cn/*
81932be815be5a4940777642bd3e9688,1156310000,1,bg.zhang8.com.cn/*
825a78dfec7a0eaecb73ebc7177a1f14,1156450100,1,bg.9fanfan.com/*
82be2f4cc1e670ed5a2e4afa436fc293,1156442000,1,bg.9fanfan.com/*
82e59a94cc2a62989a04b57fd6f723e5,1156340100,1,bg.9fanfan.com/*
82f1cdd4587dd91d617ac705b53d1025,1156310000,124,m.gushengwang.com
82f67ece14ea4bff964d9b6be1196d2e,1156310000,1,bg.zhang8.com.cn/*
8369b46f1c08c18f5b1f4518418ee263,1156430400,2,m.gushengwang.com
84079a534f7755a9e437732f7ce5d4c0,1156360400,24,bg.zhang8.com.cn/*
8466ba94f1a86f51878c639a90a856f7,1156341600,1,api.niudian8.cn/*
8480ebac5b8fb19907d691c799aff20f,1156340100,1,bg.zhang8.com.cn/*
84a2565c5119f3b0c95e7e0267b26fab,1156350200,8,bg.9fanfan.com/*
84e36e2f244ad03aa16383bf09ed05a4,1156410500,33,bg.zhang8.com.cn/*
85757608c1e70e5423604723bdda5d75,1156371500,2,bg.zhang8.com.cn/*
85a1af27fbbfdf86dbc36365f014e9ed,1156310000,17,bg.zhang8.com.cn/*
85c48d3cfc636c23b226788adf0fa297,1156130100,2,bg.zhang8.com.cn/*
86181bad8f9a9ceafa1f5e1df35ec1f9,1156310000,89,bg.9fanfan.com/*
8684f42136fc31e460958ddc12b91f4a,1156530100,4,bg.zhang8.com.cn/*
868dc9bc1c7d32440d048ad543608cce,1156150100,97,bg.9fanfan.com/*
86c03ac4abeeb35aad82d702d6db0c12,1156310000,6,bg.9fanfan.com/*
86d63588ed7c18576fbdbb37cd8bcb5e,1156440300,1,bg.zhang8.com.cn/*
8716520ed32c445705a1a314886d1454,1156440100,99,bg.9fanfan.com/*
8771d61e1c6334ed7291313102870e9a,1156510100,2,bg.9fanfan.com/*
87e71e51bce11527f4f88e20d4ad2a93,1156330300,1,bg.9fanfan.com/*
882c116cf784f3fb26142d65903c0fb8,1156330400,1,api.niudian8.cn/*
884bf28f69ee6e42c8f825914e27210b,1156530100,89,bg.9fanfan.com/*
88d8c63e9853d840bb9eaa544c1f95dc,1156371300,1,api.niudian8.cn/*
88fe0095eecfcbd6233cd10e2e387ab3,1156411000,1,bg.zhang8.com.cn/*
891a6e3be41a404dcb9b7bb9bdb5d13c,1156450300,1,bg.9fanfan.com/*
89f26c6e147e30baa0c3b1a6bb5b8d93,1156610700,283,bg.zhang8.com.cn/*
89fb3ba2170dcacc14aa5cb8d363231e,1156330100,1,api.niudian8.cn/*
8a900ec894570dd87f4cba196d86b27f,1156530100,5,bg.zhang8.com.cn/*
8ac9a79629752ea20e8afacb060be1b1,1156360900,423,api.niudian8.cn/*
8ad87b1a246917836afead8cf10a76c6,1156330200,1,api.niudian8.cn/*
8b270c199916480cd9588750a9a305e6,1156340100,174,bg.9fanfan.com/*
8b321437ee653cb3024e41979485a3d8,1156450300,2,bg.zhang8.com.cn/*
8b4f6456a5eac89a179eb6fe08b97904,1156330500,1,api.niudian8.cn/*
8c5f9ad438f45a7a2376675d4aef0fbb,1156330100,1,api.niudian8.cn/*
8cdd1f2006db20c920d5bf4771cf3c1b,1156310000,1,bg.zhang8.com.cn/*
8cf163763d9925735d00508553850dbb,1156360900,89,bg.zhang8.com.cn/*
8d6070d3b39a4c121e26acbb6dcd4e9f,1156371300,1,bg.zhang8.com.cn/*
8e097f8ada91cafd583eab822996a208,1156340800,4,bg.zhang8.com.cn/*
8e1e52d44a122279ff2fc852017f654f,1156371500,1,bg.9fanfan.com/*
8e91aeb19d492cd4c7eb3c9ea47700a9,1156340100,1,bg.zhang8.com.cn/*
8fa190fd04b5c1968dde03e27a33ffc4,1156510100,1394,bg.zhang8.com.cn/*
9008a13a6e89d339f4dd5c8b17d27847,1156610100,11,bg.zhang8.com.cn/*
910ad2baae8a7ca0de187122c0308843,1156350500,3,bg.zhang8.com.cn/*
910d9ffcae10685f88311453ea61a692,1156371500,6,bg.9fanfan.com/*
910fe3408a46e31223e587c78fc922fa,1156510100,974,api.niudian8.cn/*
91b0c6300188beb144eb56296a7809a5,1156420100,191,bg.zhang8.com.cn/*
920a397d9a7ca682b8a443425ca2e183,1156520300,9,bg.zhang8.com.cn/*
920d3d487ac19e1bb955ff2f89678ed7,1156370600,3,api.niudian8.cn/*
9245f301581b0ef02e95e059fb1db40d,1156330100,1,bg.9fanfan.com/*
925ed4cc867a6a04f91a2b403e53b088,1156130100,52,api.niudian8.cn/*
933db98988b2bba7370c09eab388ee3f,1156330200,1,bg.9fanfan.com/*
93682bf9d8995d7d0640728629750534,1156440500,16,bg.zhang8.com.cn/*
943cb0e5433cac4d7f0eac126d8d8384,1156511300,113,bg.9fanfan.com/*
9455d7e82b96c8182cfed8452e1557cf,1156340200,681,bg.zhang8.com.cn/*
94a0bc81d0e363c14ebdcc6f45de8f53,1156340100,1,api.niudian8.cn/*
94be60262bbb77d12c0f0d5253829e7b,1156130100,126,bg.zhang8.com.cn/*
951c6a6b5dfa1f7af76281e269ae5073,1156500000,19,m.gushengwang.com
954ca211cbd82c4f8b4f46ffbe728c6a,1156371400,1,api.niudian8.cn/*
95beaa2babf3ec2ba3a4426e7a7165d1,1156130500,1,bg.9fanfan.com/*
95f9337a8cc2e00dce8547b377ab33b6,1156445200,77,bg.9fanfan.com/*
960efe2ddc67421897bf52ba802326ac,1156310000,1,bg.zhang8.com.cn/*
96645a0ba63e0665e7decc09b1fe947b,1156360600,1,api.niudian8.cn/*
96dbc6c851f5b13f87a89fb920beccea,1156532800,55,bg.9fanfan.com/*
9765037eefe93d0c7103fe7d35b631e0,1156331100,1,api.niudian8.cn/*
9788108ef1e50a81dff8995b9b9f1371,1156341800,518,bg.zhang8.com.cn/*
97cabf869d03fe548c44729270c1f19b,1156421800,167,bg.zhang8.com.cn/*
98529cfb68f80fc127af4a8f61bf3291,1156410300,3,bg.zhang8.com.cn/*
990dd4547deff30f09dbf61a41c01cd0,1156371500,2,bg.zhang8.com.cn/*
99a76b198d6a28f0f024250c29d8c7ce,1156341300,1,api.niudian8.cn/*
99c4d047c954d63c4f6356e58b9671c2,1156360700,2,bg.zhang8.com.cn/*
9a5c64a9dfcbe33ce638b3626380c6ef,1156330100,3,bg.9fanfan.com/*
9a775f8c82c61464c8c499e94fa116b6,1156340100,65,bg.9fanfan.com/*
9b574c879924a77c346cc5ae68f666fc,1156310000,1,bg.zhang8.com.cn/*
9ba921eee9ae1b835ef38745b18e7058,1156340200,1,bg.zhang8.com.cn/*
9bc546db6eeff76eca92ca65a968a811,1156371400,1,api.niudian8.cn/*
9c21f02a0ee74d3c44d9bd91125e943d,1156360100,102,bg.9fanfan.com/*
9c76059f0fdf6fe94cbda31e63274bbf,1156340800,1,api.niudian8.cn/*
9d3412185d08de88b9f3c9557f9f0839,1156430100,1,bg.zhang8.com.cn/*
9d4fa7445da3ef080146c10824167389,1156330100,1,api.niudian8.cn/*
9d740774a480670e07dcfc6b849f160c,1156340800,1,api.niudian8.cn/*
9dc64bb089cb2840f0d8882dc7677108,1156610100,3,bg.zhang8.com.cn/*
9e2ca7a0bb7d4bdf388de8b6efdc71ea,1156371500,1,bg.9fanfan.com/*
9ea7f30e76fbf1c0627fd906da930438,1156340100,1,bg.zhang8.com.cn/*
9ee2da8c7b57fc1af157f776d64a33d2,1156331000,14,bg.zhang8.com.cn/*
9ef8985424da86d0ccd6c6c7fd56a625,1156440300,232,bg.zhang8.com.cn/*
9f6bed050b01da8bca1b9784f67e68e6,1156330300,1,api.niudian8.cn/*
9fb0e32aef0e17bdb8aa5c03228ca4a8,1156330400,1,api.niudian8.cn/*
a033199427739dec784cbb35dda6d354,1156330300,1,bg.9fanfan.com/*
a15f88cd18d1378e84567812f25506dd,1156440500,2,bg.zhang8.com.cn/*
a195ac032839e1fffa7c6f3053d1f4e9,1156371500,2,bg.zhang8.com.cn/*
a2475799a4fea13d98e23487eaf15369,1156421800,179,bg.zhang8.com.cn/*
a253b316563c70e04cbad162db96011e,1156310000,1,bg.9fanfan.com/*
a27c2887c6f65e146816dbc40a598b6e,1156340100,1,api.niudian8.cn/*
a285d7adc4a368fa7bb1428acbc855ae,1156420900,48,bg.zhang8.com.cn/*
a315d56f2153037da1205e372dfac2b4,1156610700,1,bg.zhang8.com.cn/*
a348859c242c8db5a795e06606b27c25,1156430400,32,api.niudian8.cn/*
a406a8383e0c4620a6956d83cda8c75c,1156420200,5,api.niudian8.cn/*
a42870dfacd1b3e044f7fbff2f00e544,1156360900,3,api.niudian8.cn/*
a4aa397d53a38d0999c63f15cd7219bd,1156310000,1,bg.zhang8.com.cn/*
a4b08bca13f920025b2eecb758742d0f,1156110000,28,bg.zhang8.com.cn/*
a538316ae9bf40747683af62da12b2a5,1156130500,1,bg.9fanfan.com/*
a5400edc25146ad002152c0e54cbd38f,1156533100,1,bg.9fanfan.com/*
a5cd67d41c107bfd808ab171c6ac468a,1156310000,1,bg.zhang8.com.cn/*
a678b7a32a3c0e43fa3416547ec53b6a,1156330300,1,bg.9fanfan.com/*
a700f0f6edb3184b08d8183544056cd0,1156360800,1,bg.9fanfan.com/*
a726d93365bc4a4730fadeec957918b1,1156330500,1,bg.9fanfan.com/*
a73d93e4e426c3dc9ae8840151a7bf33,1156500000,5,bg.zhang8.com.cn/*
a754d53d4f33d28969146d57bd46fecf,1156371500,2,bg.zhang8.com.cn/*
a75ac96727d29f9b03b8f35e5d6c372d,1156341100,1,bg.9fanfan.com/*
a7adc1441e6aae737bffdd46ccad147a,1156410600,2,bg.9fanfan.com/*
a7fe7ee8d6ec802656eba28733e08462,1156610100,1,bg.9fanfan.com/*
a816912544d04b139932606ac76d9df6,1156330400,1,api.niudian8.cn/*
a856a5e80b001c6db2ddd44af385c31d,1156330500,1,api.niudian8.cn/*
a87c83206a9a660eac55e186d14a12d5,1156500000,5,m.gushengwang.com
a8f3a9369d6fc7ecd613363b340071ec,1156330200,242,api.niudian8.cn/*
a929d0b7929dc027d1739d7d0a81e8cc,1156440100,7,bg.zhang8.com.cn/*
a93881515bbc0a10a3e6244a9a55877e,1156450800,9,bg.zhang8.com.cn/*
aa899be647628a05a3874fa4fcf28ee6,1156370700,3,bg.9fanfan.com/*
aafa938d7d369d4c30f0c070f72ca0c9,1156110000,3,bg.9fanfan.com/*
ab0a728c13067208380a2856ef9d0318,1156371600,1,api.niudian8.cn/*
ab6d8b071d2f11f554e5c4b2d8c39e36,1156341500,1,api.niudian8.cn/*
abb8c7866e76cea0819beb749f64c0eb,1156450700,1,bg.9fanfan.com/*
abcd08632ad7019b4682c3427e129cee,1156421400,244,bg.zhang8.com.cn/*
abd8b989e5e46999d4186e8d81c95abf,1156450200,19,bg.9fanfan.com/*
abf065c0abe78d98b1727a1199692e90,1156320900,1,bg.9fanfan.com/*
ac17ec05e0d0fb72618aeee9f132e461,1156330200,103,bg.9fanfan.com/*
ad75146bc26ade04e270a9db4595da9a,1156510500,1,bg.zhang8.com.cn/*
adcf72f162339ef50df40ec1d6e3daea,1156330100,7,m.gushengwang.com
ae5a0a9d1ba619213ee432528af15101,1156340800,1,bg.9fanfan.com/*
aebc1bbaff7da463fa08df053da0db99,1156360700,1,bg.zhang8.com.cn/*
aed8b3b2d3a7e739b9d55a997ead00d2,1156440300,22,bg.zhang8.com.cn/*
af007100f103bf6ac678abbcb57ddc9b,1156330700,1,api.niudian8.cn/*
af58325846e936dc73d07a719222f485,1156532300,64,bg.9fanfan.com/*
b00bfc3a63cfcaa330818cfcad308c02,1156310000,1,bg.zhang8.com.cn/*
b0393d9767051c935ce75490fc04e36e,1156310000,1,bg.zhang8.com.cn/*
b05619d2001fddd57097cc22766d946b,1156361100,14,bg.zhang8.com.cn/*
b09568b0d890b823e1fcbf7f2edd958e,1156340700,1,bg.9fanfan.com/*
b0b74ed7c4a2a36cc6f7538f065c1da5,1156360100,2,bg.9fanfan.com/*
b0bb9ab3973093679c2fad7b82d55e2d,1156371300,1,api.niudian8.cn/*
b0c3516b270616c0caaa267b8e8c3155,1156130600,2,bg.9fanfan.com/*
b1322d7a2aaaa056b3612b3194dfd03f,1156440100,1,bg.9fanfan.com/*
b13b457c2a56b96ae347fc93cf3268cd,1156331000,1,api.niudian8.cn/*
b1e7c4c7ffc2729b4382b72c7ed83340,1156371500,2,bg.9fanfan.com/*
b422a9ad29c80f97f319f735ea69b9b9,1156341200,1,bg.zhang8.com.cn/*
b4b26742265ae7e981f967be652f2585,1156370600,3,bg.zhang8.com.cn/*
b526292decb527fee594db7de6370de5,1156330200,386,bg.zhang8.com.cn/*
b53c17b3f5f64a59fc7f66f8cf54bfad,1156330300,2,bg.9fanfan.com/*
b5718f575b1a7dab95082547daca6f7e,1156310000,2191,bg.zhang8.com.cn/*
b5cd4eb5880cd89e8e3a586761ce2144,1156371500,3,bg.9fanfan.com/*
b5fc9e1d51dc9508c8e388f462ab130a,1156340200,1,bg.zhang8.com.cn/*
b6055f5e1828f28c37debc6538bb61c4,1156522300,55,bg.9fanfan.com/*
b6325ce33096e42a8a4c2b97dc71869a,1156320500,6,bg.9fanfan.com/*
b665a57a27a0f2de6509acd5bec2fcd5,1156340300,1,api.niudian8.cn/*
b6db9162770d067ecee04de3793ffea6,1156310000,1,bg.9fanfan.com/*
b6deeb921dbd7b01d78ab3afbc3296bf,1156350100,2,bg.zhang8.com.cn/*
b6f1c678f9aaaf3546ad69bc0792059f,1156141000,1,api.niudian8.cn/*
b6fe3a2e73d5558e6d6ebc15139f433b,1156341300,1,bg.zhang8.com.cn/*
b76cd8d5a8d529143e820d9d149ca68b,1156130100,57,api.niudian8.cn/*
b7908a31e75bc8dfe08cb11f942879c7,1156130400,11,bg.9fanfan.com/*
b799e52c805d0d0883ec3d3c1e09a655,1156411200,117,bg.9fanfan.com/*
b8ab3618c78594f642a2cbc9fcb9b69a,1156371500,3,bg.9fanfan.com/*
b8d824da99b51a899099c2d381f95e02,1156370700,1,bg.zhang8.com.cn/*
b96ba19b3d7bf2d7ae8008dcc8b783f1,1156330100,1,bg.9fanfan.com/*
b9b30a0d06be8afe5c8c8b07bc67a245,1156360400,149,bg.9fanfan.com/*
ba075fed28ce72e089eb4337c572d8c3,1156340200,1,api.niudian8.cn/*
ba10a50828ca02f5fc008c2f5fd8ac86,1156330200,1,api.niudian8.cn/*
ba158a05a4a41d82201aeb132be2065c,1156450200,1,bg.9fanfan.com/*
ba3a0686bd4b4d4d823e14318a6a11f2,1156371600,1,bg.zhang8.com.cn/*
ba5917a5eaa0547122624921f606f2d3,1156510800,517,bg.9fanfan.com/*
ba6227ab096ad64cc954b2b3d862551a,1156331000,117,m.gushengwang.com
baf5873e03fc247d6d8e17a2b135148c,1156341600,1,bg.9fanfan.com/*
bb692925a7dc88f14189707a3f9d5872,1156341800,82,bg.zhang8.com.cn/*
bc35b66704cc7d2325b57417ca6005a0,1156330100,1,bg.9fanfan.com/*
bc761c6ed04d1104626f536575009467,1156360700,2,bg.zhang8.com.cn/*
bc835d61530dbc36ba1b39a5f99797ff,1156330100,1,api.niudian8.cn/*
bca60bd26eba7815b7bfbd6c7f0fb814,1156330100,1,bg.9fanfan.com/*
bce8b4ed50057a0e1dc31790ec0a6c0a,1156330100,34,bg.9fanfan.com/*
bd5e1261c233e1ce002433d444d68ec7,1156370900,41,bg.zhang8.com.cn/*
bd881cc4704354d58e0a6ec98e80a2f3,1156371500,2,bg.9fanfan.com/*
bdc977211c1d14f30cc7e2fc8b84120d,1156330300,1,bg.zhang8.com.cn/*
bdceabd066bb501d36e7b6faaea6ad09,1156350600,19,bg.9fanfan.com/*
bdf4b0b412086c870f32b01be1a48452,1156330100,1,api.niudian8.cn/*
be1ec1969c8e2dfc9802af17c48b8332,1156450700,1,bg.9fanfan.com/*
be2cba9812c9e8420f8548afd895ff83,1156330900,1,api.niudian8.cn/*
be2ea4408776d9d29266e443f3af6ba5,1156310000,2,bg.zhang8.com.cn/*
be5f3fd4369bbf405502260188197b82,1156430100,10,bg.9fanfan.com/*
be6b3dd60c7ec5a65679ee7fa9b0fb5b,1156330500,1,api.niudian8.cn/*
bf393a0408729c3da2fb8901f33b24af,1156130100,1,bg.zhang8.com.cn/*
bfb68367b41a7c3547064acb4c42b98b,1156341300,334,bg.9fanfan.com/*
c01645397928250bf5357dbe415b7b8e,1156420100,135,bg.zhang8.com.cn/*
c1c7bc11380dcc738ead5d922d145574,1156410100,123,bg.zhang8.com.cn/*
c1dada18d4839b276aeb6dc89ca86250,1156340100,1,bg.zhang8.com.cn/*
c20bebbaab67c09426c7ee1b8d9bf3a2,1156330600,1,bg.9fanfan.com/*
c249b6173d5c0dbd95248a466cfe8c6e,1156220100,2,bg.9fanfan.com/*
c2560b4b32f07235b5a73b2a17f9cc6a,1156371500,2,bg.zhang8.com.cn/*
c2639a4f3625cdd22566886a1f1288fa,1156440300,28,bg.9fanfan.com/*
c29eef7599a5346d77403db57581ca19,1156330500,2,api.niudian8.cn/*
c2bcb8189232bf73d078256ccf8b43e9,1156130900,5,bg.9fanfan.com/*
c2e2f483714d4fb2b771c7d12ae4517e,1156371500,3,bg.zhang8.com.cn/*
c3552d96c7d6d59171bdacafc71c0c08,1156430100,1,bg.9fanfan.com/*
c36302534c17a89ef47b585847a3bb07,1156330400,1,bg.9fanfan.com/*
c38f03c31108461c24c2be9880c5cb8e,1156370200,1,api.niudian8.cn/*
c395c0b1cb84e8c84e2043f236df1837,1156341500,1,bg.zhang8.com.cn/*
c40656e8f8e5bc380dd647a6b2976bfe,1156430700,5,m.gushengwang.com
c41da9fb0cbee006e09edede25f974a7,1156360700,18,bg.zhang8.com.cn/*
c420f26e92714d396369f5fe9f16135a,1156441900,243,bg.9fanfan.com/*
c50d9e93042d7b6a632bd341abf5de1b,1156340500,1,bg.zhang8.com.cn/*
c570c076c3a055172bb2b86a34e1125d,1156511600,23,api.niudian8.cn/*
c5ea68515b70a6ecb8e1f0cf5257234c,1156360200,2,api.niudian8.cn/*
c636c49428c1cb38f87d31720994f3ca,1156411600,1,bg.zhang8.com.cn/*
c63ae399fe81b71c98181578d85f8ac5,1156371500,2,bg.zhang8.com.cn/*
c63f73b78e174b623a3c2656ae57e48c,1156371100,9,bg.9fanfan.com/*
c67fe8d519ca9ef792a3057cbda09619,1156310000,1,bg.9fanfan.com/*
c73ac57fc9e266900580e09d0f6b3eb3,1156440300,59,bg.9fanfan.com/*
c749f3b300a4a95e81e4a68a7e58f4d8,1156350500,2,m.gushengwang.com
c79d59267ea8423eec20904ab7ab79bd,1156341000,1,api.niudian8.cn/*
c7c7366039b57dec3da24f9387beb81a,1156370700,1,bg.9fanfan.com/*
c7cc656c5f9da8d06302f5ef187d9bb3,1156610300,12,bg.9fanfan.com/*
c81fd1d5b61777641ef60cb976cba075,1156130600,2,bg.zhang8.com.cn/*
c841472a8ee3af7df08865951592d0d5,1156330600,925,bg.9fanfan.com/*
c88c8b36df053e9f6eb6c8e464ef3051,1156341000,1,api.niudian8.cn/*
c896ca9dfe88d0cd9d164d7a1a038b52,1156610500,232,bg.zhang8.com.cn/*
c8e87e79224216f137b285badd15cee6,1156330400,2,bg.9fanfan.com/*
c9576b0d27dee653f0a0bd4364bf3a13,1156510600,5,bg.9fanfan.com/*
c9874196da3a1323333e21ba63210ff6,1156430400,6,m.gushengwang.com
c9c5507fcbc50cce4f3279e7695b022d,1156610100,86,bg.zhang8.com.cn/*
ca3d4866cb7f9fb6f7cee31b2fa41ec5,1156341800,160,bg.zhang8.com.cn/*
ca6e7c556fc4bc7dfbff2c4b1ae5f81c,1156370600,1,api.niudian8.cn/*
ca715c3d79389ef51f4e4637f24b47a9,1156371500,1,bg.zhang8.com.cn/*
cac27e1a6f57b3d8d95b049f11b4cfe5,1156330500,1,bg.zhang8.com.cn/*
cb41d2b637b970cd89271e4d2ed2b067,1156130400,1,bg.9fanfan.com/*
cb6d4973984038699138bcbc059bd04a,1156440300,150,bg.zhang8.com.cn/*
cb76a8e853a158db4ae86a4e38bb5c00,1156340700,46,bg.9fanfan.com/*
cc6a221afa9af5ff9385e07f91a196fc,1156610900,139,api.niudian8.cn/*
cc6dde36acbbe9e86465006f596ae471,1156330400,195,api.niudian8.cn/*
cceec8235b3d7ec9bf80a308495453fc,1156330300,23,bg.9fanfan.com/*
cd0746f0b18ed08ab8500e965746bad6,1156610100,2,bg.zhang8.com.cn/*
cd0e2c94607cddfc691911cec85d01ce,1156341500,1,bg.zhang8.com.cn/*
cd52f2a7444e2ce8ade970ccfc7ca3a4,1156340100,171,bg.zhang8.com.cn/*
cd812d6b0ec72b50b1b5a200394ad3d4,1156431100,60,bg.zhang8.com.cn/*
cdbd784eab2d8cb6e68ef9745c6b5340,1156420200,24,bg.9fanfan.com/*
ce1a225d03a1e258efd45104c34d1003,1156130500,5,bg.zhang8.com.cn/*
ce8391e8c3963fdbc9a690629668ce0d,1156610100,11,api.niudian8.cn/*
cecd8cb2cacc50d8a11b9735c636907c,1156130200,1,bg.9fanfan.com/*
cee8abb0f5ed5ddf09b0247b6fb2d23f,1156310000,1,bg.zhang8.com.cn/*
cf1d8feead3b77037c30fd60634112b8,1156511300,3,m.gushengwang.com
cf8c9ebd2dc0403712c191993bb3baeb,1156431300,12,m.gushengwang.com
cf9c3da3b61a810134f5d4b0694e1270,1156500000,63,bg.zhang8.com.cn/*
cfc90146f40ae063b530a8dafc4258b5,1156340500,1,bg.zhang8.com.cn/*
cfcc8e8581a55c60c44382b8d6781db0,1156340800,1,bg.zhang8.com.cn/*
d08907ae000cdda36c41ddf1cd1bac17,1156421200,16,bg.9fanfan.com/*
d0956657e3bfd6f1c26a80da80045f74,1156500000,152,bg.9fanfan.com/*
d0c1ab459534f216582464ada6c768dc,1156130100,9,bg.zhang8.com.cn/*
d16a46641328c5c33cbe74995c8b16a8,1156371100,1,api.niudian8.cn/*
d1dda64adfa0edf9d15e705323be9604,1156140500,5,bg.9fanfan.com/*
d20a34925448ff79127e3b12d11dec04,1156330300,2,bg.9fanfan.com/*
d246bf43efd594f1f1e40bcebb5f9682,1156440300,4,bg.zhang8.com.cn/*
d34499bb7b53fa078515868ca1759d29,1156341600,1,api.niudian8.cn/*
d345bfb79c9e89e3a7331b0afafd6857,1156510300,319,bg.9fanfan.com/*
d365632b39cc090c144cde23d5d4779f,1156370600,1,bg.9fanfan.com/*
d37a91d5f0f7a0de0c517237d3ff0ac8,1156370400,3,bg.9fanfan.com/*
d3c8d56e0eb96ee22dbbccf2c0d37634,1156340100,79,bg.zhang8.com.cn/*
d428c98bcc6c2656c1d2615b4e6f0c2c,1156450300,10,bg.9fanfan.com/*
d4c7e25efe3c0a2bfd02f871492aa42b,1156330800,92,bg.9fanfan.com/*
d4fa4d95262cfdbd98fadc6d2d9796a7,1156370300,41,bg.zhang8.com.cn/*
d5779c7d94a3aa9a67c0b457c5f45546,1156341800,1,api.niudian8.cn/*
d5d12b077863fe7debc6af3e604fa091,1156530100,441,bg.zhang8.com.cn/*
d60825d4458cde4a715602cb907ddef7,1156130500,1,bg.9fanfan.com/*
d6089d7c77dcfb34cdb0cb5f86a45caa,1156341600,1,api.niudian8.cn/*
d650f8326045609d40fd97d851039a01,1156330100,280,api.niudian8.cn/*
d742b33aec9ea6f407286c1142f79b50,1156340500,4,bg.zhang8.com.cn/*
d762cbaa92733ce4211b72c66c79406c,1156330600,1,bg.9fanfan.com/*
d76f98014d380a48ccaeb7ff0bd7d02b,1156440300,762,bg.zhang8.com.cn/*
d778236e79306cd04f3d21e196da66ca,1156370700,1,api.niudian8.cn/*
d78363053eab8136eca4de2ba6b41886,1156330500,1,api.niudian8.cn/*
d78b3659b198bf00037b6dd5a2876bee,1156500000,1,bg.9fanfan.com/*
d803f527c9ff5d9e72c1db480c9963f6,1156330400,1,bg.zhang8.com.cn/*
d81b1bff9cc655e7c5c583e61d9baeca,1156330100,1,bg.9fanfan.com/*
d884092b3b6ce8007bd575f4434c9f65,1156330700,19,bg.zhang8.com.cn/*
d9a76e9ec80dc3d40bb48eec18081035,1156500000,3,bg.9fanfan.com/*
d9f9b77658555319a80fb1006f34cc3f,1156420100,2,bg.zhang8.com.cn/*
da039e5a6ab8872dc7cc161fb2036cd3,1156350300,19,bg.9fanfan.com/*
da18be652a6c89b94f7a42609df8ef6c,1156130400,850,bg.9fanfan.com/*
db1298abd6280fbbd3a79d35391ffe28,1156130400,1,bg.zhang8.com.cn/*
dba25d921dd22359789fee9d13f63207,1156330100,5,bg.zhang8.com.cn/*
dbae02bae207be1b5bd72c27707fb4ff,1156520100,3,bg.9fanfan.com/*
dbb089c28564077282c5d7a43c8747f3,1156420100,6,bg.zhang8.com.cn/*
dbf4d98b3b6104272d7e65a64e3531c0,1156330300,1,api.niudian8.cn/*
dc44b5a7caabc9ec89265ace64fa7443,1156360100,52,api.niudian8.cn/*
dc95532649100f7694117a30a8a2f58f,1156330400,1,bg.zhang8.com.cn/*
dca78455644782e2c57037b05d2c8672,1156371500,1,api.niudian8.cn/*
dcff9af3b4fd4d9bbac3e8fce9593452,1156350500,1,bg.zhang8.com.cn/*
dd49ef406908fb58ded71432b5ed5c34,1156130900,1,bg.9fanfan.com/*
dd56bbe4b2d50f68f4f0f69e3b2c6bf4,1156371700,1,bg.9fanfan.com/*
dd93c6b73d544c6eafcdd5400b7c2a61,1156410100,2162,api.niudian8.cn/*
ddd5bc85d73abf873a099fe998f7f6b8,1156330500,1,api.niudian8.cn/*
de097d331b47e840f9afb83cce941c05,1156431300,1,bg.zhang8.com.cn/*
de12704b9bf17be47250d44eae61bc6f,1156130200,1,bg.zhang8.com.cn/*
de1c31ab57b9019147ee3c3b905d5f49,1156440600,56,m.gushengwang.com
de7bfbf74d412eea6f01a2f691436441,1156220100,1,bg.9fanfan.com/*
dea11ec40dda5f6678f7a53b0ed27a0c,1156510100,27,bg.9fanfan.com/*
dec090d03781d24402b72636eb05c321,1156361000,155,bg.9fanfan.com/*
df0ad8abd835a63509bfc352a694adb6,1156321000,15,bg.zhang8.com.cn/*
df158fe37394208b82db1671b6b430de,1156530100,687,api.niudian8.cn/*
dfa2c8353684f86c69af5d9165da5c7b,1156410800,5,bg.zhang8.com.cn/*
dfb62f4b759cca7949b9bb48603182cc,1156341000,1,api.niudian8.cn/*
dfcb14b84dfc6cd8c3f999c14d61c8b6,1156532900,34,bg.zhang8.com.cn/*
e084823f581337280adebe76dd8a6cfd,1156130500,5,bg.9fanfan.com/*
e09937aedff015093fbd15c1fe30dce7,1156430300,2,bg.zhang8.com.cn/*
e0a7bc85e0cb17855a73bfafbf344383,1156610600,214,bg.9fanfan.com/*
e16e6486ff0f6161c581eac2e5705c39,1156440100,2,bg.9fanfan.com/*
e1cd29adaefd1cae07f22a8846e01f2c,1156341600,1,bg.9fanfan.com/*
e1d141317b482358b22a983c7c9da912,1156310000,1,bg.zhang8.com.cn/*
e1f760b959d79f7c691447499619f48f,1156370600,1,bg.9fanfan.com/*
e2195f89c3bfbfdbf64f75cda5af6178,1156341300,180,bg.zhang8.com.cn/*
e223f50e4d6f3e8490196cdfc92086d7,1156371700,1,bg.zhang8.com.cn/*
e26451c6926220662b3b10dd3595d9cd,1156440600,3,bg.9fanfan.com/*
e2ac502f25c56251acf710a810e10a07,1156130100,33,bg.zhang8.com.cn/*
e2c20fe964e8aada59961dbec7a5af59,1156130500,1,bg.9fanfan.com/*
e2eafa4fe339b003029108d6ccca5524,1156340400,1,bg.zhang8.com.cn/*
e2f726adeae45b2c5d54add9ded3c675,1156410100,46,bg.9fanfan.com/*
e3015102870ac004704f2302e241a0d2,1156360900,196,bg.9fanfan.com/*
e329ca4b3abdfc3d3f35cfd6d310de30,1156510100,31,bg.zhang8.com.cn/*
e331acd17eeca331e5785751153969ba,1156420500,2,bg.zhang8.com.cn/*
e341142166c7ade7d8bb49727944acaa,1156330300,2,m.gushengwang.com
e3ab714c4cc73ca76f7028e2b8cb8962,1156510100,133,bg.9fanfan.com/*
e3c00b95a77b98b44f969d504a80eb2e,1156340100,1,bg.zhang8.com.cn/*
e41e3ac523998a2a5ad53dd2d2ba6483,1156420500,18,bg.zhang8.com.cn/*
e4717a8e2e971abb2cfe1c43e746246d,1156330400,1,api.niudian8.cn/*
e4854d85e2b2eb7e0d1558f4c1151b7d,1156431000,78,bg.9fanfan.com/*
e4fe66d297cf7920c4511f28ce289843,1156330200,1,api.niudian8.cn/*
e5ebdb7729358e73e6eea00ac6fb7402,1156371100,146,bg.zhang8.com.cn/*
e62fc1f86bbb971358edd393bfaf99c2,1156440100,18,bg.zhang8.com.cn/*
e632f243594d9787b71d328c129cac99,1156440100,18,bg.zhang8.com.cn/*
e647ef40a2673dbff353225650aae766,1156310000,1,bg.zhang8.com.cn/*
e64e15f907ecf5de1c025e6098299afe,1156341600,2,api.niudian8.cn/*
e6bfececa6c99279c72d919eb5507c21,1156340100,1,bg.9fanfan.com/*
e6fca935ebe88eb980c92f278010d279,1156131000,10,bg.9fanfan.com/*
e743f39b7b52b6826a8a98c72aba05e7,1156220100,364,bg.zhang8.com.cn/*
e7565249a18d5e2b27e4a36cc588f1df,1156440400,294,bg.zhang8.com.cn/*
e78aa2c32d6f4e9ebfc42830293925a8,1156522300,17,bg.zhang8.com.cn/*
e7d282196047e2464c4f607bb0b113e9,1156341100,1,api.niudian8.cn/*
e7ea90236aeaf219b4e63a4318782004,1156330100,2,api.niudian8.cn/*
e83d94e3c744bc6158f8adc9034b82d8,1156320200,10,bg.zhang8.com.cn/*
e88fd98e4e0f7bee5fa2cadf186c7b88,1156310000,1,bg.zhang8.com.cn/*
e933b8e72ffb90eab98539fe97c831af,1156430700,3,api.niudian8.cn/*
e9682d4d4bee2068b05a63dcf6d48f3b,1156340100,1,bg.zhang8.com.cn/*
e9806f503a226f776b144f554c2747bf,1156310000,1,bg.9fanfan.com/*
e9b363f3b028d539e311b2270c085eed,1156331000,1,api.niudian8.cn/*
e9d2710aec09fe4f93acd058a5b52653,1156371300,62,bg.9fanfan.com/*
ea8c456ac7682bda97bc9aeeec4e6132,1156330100,53,bg.9fanfan.com/*
ead7fa9c9915dde90ec22d2e8d6bcf62,1156371500,3,bg.9fanfan.com/*
ebdeb9cabcb5ee63a8b28e3de15d6990,1156361100,7,bg.zhang8.com.cn/*
ec16bebbf75a5177dec7d4997fc33bbd,1156110000,4,bg.zhang8.com.cn/*
ec8b3ca8dda9738e46e9c29a4fdb6123,1156510100,106,bg.9fanfan.com/*
ec9dd0b1fecc9ae3f76744f07e758be2,1156341200,3,bg.9fanfan.com/*
ecabada14d4a04b2b04509e73a8b11e0,1156371200,2,bg.9fanfan.com/*
ecad17274606da1b3d744478bc11603e,1156331100,1,bg.9fanfan.com/*
ed713295022fc27d1b33294d33e791a8,1156330600,270,bg.9fanfan.com/*
ed9b09ebda96467ae6ffdc2e4b4c8712,1156330600,1,bg.9fanfan.com/*
ee2cc849cca750f338762cf5b77d9228,1156431400,1,bg.9fanfan.com/*
ee4020a783b4126fea92ff4bced9caee,1156421200,644,bg.zhang8.com.cn/*
ee9a0e959e25699a43d4680755e938c8,1156500000,12,m.gushengwang.com
ef5522d170e83037b1b57993a2731b61,1156610100,319,bg.zhang8.com.cn/*
ef7656602c3ae01bbeb42734ac3a50ba,1156320200,3,bg.zhang8.com.cn/*
efa7c7ca8da31c0f99d0b67da461c078,1156320200,5,bg.zhang8.com.cn/*
efd400c7759d0c22272d81bb0d6ff70d,1156331000,1,api.niudian8.cn/*
efd7be8773a484baf1a86c2dd23347d5,1156410900,25,bg.9fanfan.com/*
f016ac87dfe70216667c1c4ff6c253ce,1156340100,4,bg.zhang8.com.cn/*
f06f11dc2b2f5fcc9e4866aa24404e22,1156350900,3,bg.9fanfan.com/*
f0b74a3342389f6767b2ff4c9a7fbbb8,1156330500,1,bg.9fanfan.com/*
f10973d01d2c1eb69d002ac12ceeff03,1156341600,1,api.niudian8.cn/*
f134925c08d0414a9228c3ecc9446433,1156371500,3,bg.9fanfan.com/*
f1ac386b926b9199d8e72320e7561843,1156330400,1,bg.9fanfan.com/*
f2333282ba4ebd3ebfbd664fe5cbfbf6,1156500000,78,m.gushengwang.com
f253815c849188f204bab49655873e95,1156441900,3,bg.9fanfan.com/*
f25e6e38c2c8348e39c582a37eb805d9,1156330100,1,m.gushengwang.com
f278807e71e8b78153ad72ed479780ea,1156350800,11,bg.9fanfan.com/*
f2fdd16d61f7454f1d82d1988ff3ef76,1156530500,18,bg.9fanfan.com/*
f3d218be54f3b7666709f125ea2adb00,1156420100,75,bg.zhang8.com.cn/*
f3e261b4643fcbb2540039a358ad1003,1156530100,19,bg.zhang8.com.cn/*
f4473a4101452e298057e6913fd37d7c,1156350100,5,bg.9fanfan.com/*
f462cf7f10e502bc205ff47adc684e26,1156440700,1744,bg.9fanfan.com/*
f4de66319de7c27b22680316462f1bf9,1156411300,626,bg.zhang8.com.cn/*
f52f9e675c8b84bd4ea9cc53abae36b3,1156441700,136,bg.zhang8.com.cn/*
f64ece4e34ec757db4c48b990350c5b9,1156442000,1,bg.9fanfan.com/*
f66ae9cf62f25818f41b3177e8043898,1156450900,2,bg.9fanfan.com/*
f6bf95fad5e07b4981ec9bc9834819f3,1156331000,21,bg.9fanfan.com/*
f6e7116ed46b17b440bb3d39dced83b6,1156511400,11,bg.zhang8.com.cn/*
f6e7ba5368e9877fc2441c2559c0725d,1156510100,31,bg.zhang8.com.cn/*
f71c29856b5ad160c5801429dec54a38,1156330200,1,bg.9fanfan.com/*
f76c7296b7f50ef1165099684f93a3fd,1156330400,1,bg.zhang8.com.cn/*
f79032b558e13d8aea603ee1da703e00,1156330100,1,api.niudian8.cn/*
f790b5cc919008eaf48549dc0170be69,1156511600,1,bg.zhang8.com.cn/*
f807645e309db718b7fda6f3ad4cbf91,1156371500,1,bg.zhang8.com.cn/*
f810803a688a04b05e87c0065ea9699a,1156450200,85,bg.zhang8.com.cn/*
f82715d3af5d0ae7e3faee0d08d7ec13,1156330300,1,bg.9fanfan.com/*
f82a0006348b6e1bef0217570eecc1c4,1156310000,784,bg.zhang8.com.cn/*
f82feeafb20edf21f4453f8cc0c9fe1c,1156340800,89,bg.9fanfan.com/*
f834fad89bbeb9a3dd591fbae4ccf71e,1156330100,1,bg.9fanfan.com/*
f836d42c2bcde8dccd9a341e036f7ce1,1156320600,119,bg.9fanfan.com/*
f8e28bef9e471af00140324d3e613b9e,1156350200,654,bg.zhang8.com.cn/*
f90a6f2795c119361057da3f070d3c24,1156341800,1,bg.9fanfan.com/*
fa4d7cb71039d745f5ecb4247ae5560a,1156440100,62,bg.9fanfan.com/*
fa6500502a88326c55a911d4f3ab9943,1156440100,70,bg.9fanfan.com/*
faa14d32273644928e75b6d4d15efc0a,1156430500,83,bg.9fanfan.com/*
fb18c04d1393c90dc6b02ae0ea428e5c,1156141000,114,bg.9fanfan.com/*
fb43161e3eae7297dfdc04c25d7d6e70,1156371500,1,bg.9fanfan.com/*
fb4d645aca41a5ea1b983b6e2134b060,1156513400,531,bg.9fanfan.com/*
fb4fda403b0a7a90b4acdded498ccc40,1156371500,1,bg.9fanfan.com/*
fb67b7f68580616247ecd248e4acb095,1156500000,18,bg.9fanfan.com/*
fb81ba4ea5b2294384150ba1c6ed58af,1156330200,2,bg.9fanfan.com/*
fbe8e31a2b3cec90b493ea7872d61775,1156331000,1,bg.9fanfan.com/*
fc758d3220fc170c73f18cd9994f30db,1156440300,5,bg.9fanfan.com/*
fcb85564cbbf7b2c0b7a57144868abcc,1156341200,4,bg.9fanfan.com/*
fcdf18bc0c5ae074e07cc960333d64a0,1156510100,78,bg.zhang8.com.cn/*
fd1aeb1935427c7db249bdda65417ec4,1156330100,1,bg.zhang8.com.cn/*
fd2c90cbd696139ac7a74cfd915415b0,1156371500,1,bg.9fanfan.com/*
fd474c758d9b5eecff531fc28848df58,1156340400,1,bg.zhang8.com.cn/*
fd5c816e280cfb0785dd649007fd49d9,1156330100,1,api.niudian8.cn/*
fd744a32cfa19e0a1e98d98b562cf317,1156130100,12,bg.9fanfan.com/*
fde7bcee42db05526b075fc25938ad70,1156341500,1,api.niudian8.cn/*
fe2c52e57823f9734904ca35d119e602,1156131000,2,m.gushengwang.com
ffe889aacc3195404637d7bc9288562b,1156442000,616,bg.9fanfan.com/*
