0006988e871dc63b8bd0d82b39e24e6d,1156512000,4,cd.m.dyrs.com.cn/*
0015498675ea5ce69346c176581e7f0f,1156511400,50,m.cdwyzs.cn/*
008f807a4802314c654cd29a999a012b,1156510800,1,www.ch028.net/*
0146cea4c9d4dfadf316778cb60353d0,1156510300,10,m.cdwyzs.cn/*
019772c63f3680a6158de4b50c215867,1156510100,60,m.cdwyzs.cn/*
019e4d2076def8334670245b5efbb4ca,1156510100,37,m.chuanhaozs.com/*
01c4962e44097c01839f811e90d60f7c,1156510700,43,m.hexinju.cn/*
020018a893a9e3e5b7b51d813ca2fdc4,1156510100,1,m.cdwyzs.cn/*
022073e759aeef7f996f8665b210ad66,1156510100,23,m.cdwyzs.cn/*
022dc82763464643ff575712da55865f,1156510100,47,m.cdwyzs.cn/*
0258c61fccd15e56965d8503a630efef,1156110000,8,m.shj.cn/*
029add6b34a8fcf1bf0c9ea2f01fb45d,1156330900,2,m.chuanhaozs.com/*
02a76898dfdf9ebd1fb11f1371997ce2,1156510700,1,cd.m.dyrs.com.cn/*
0333b82ec3cc6a3454d1bd1f8e909614,1156510600,56,m.cdwyzs.cn/*
034690ae2560996ce6a460a7659cd2af,1156512000,146,www.ztxzsjt.com/*
034fcc871b2ceb5be654200d55d02bc8,1156510100,1,m.bzzss.com/*
0361ff9f8f889aa6d862cbb9b9640cc8,1156511000,79,m.cdwyzs.cn/*
03842ef3c03a81273af2e3f45d8d0f84,1156510100,37,m.cdwyzs.cn/*
0396afa3aafe2cf958e215c439e28a88,1156510500,2,m.cdwyzs.cn/*
03e1ab6f157f8180561fb5aa28bb322d,1156510100,28,m.cdwyzs.cn/*
042c1f195e3ccf39980d54da618d52b4,1156510500,3,cd.m.dyrs.com.cn/*
043e60fc75bc6581f7b1a247cafe4800,1156510100,10,www.wuyouzhuang.com.cn/toufang/h5/*
04fa99d4cafca1b0166084116321de58,1156510100,9,www.wuyouzhuang.com.cn/toufang/h5/*
05076893df502d538f65afaa71ba9499,1156510100,5,cd.m.dyrs.com.cn/*
050a5e6e4f232e78b0c7a5d2259904c7,1156510100,30,m.cdwyzs.cn/*
05148d6de186b691a8fdeaf89a915756,1156510500,32,m.cdwyzs.cn/*
054097b62b1bb0c18a0268c1c19f7bd8,1156611000,5,xa.bhjzs.com/*
054947ab7757a4cc93a7d84cf4f02c0b,1156510100,56,m.cdwyzs.cn/*
0568f278b3b0f1d6f21ddaf6bafcd8ba,1156511900,28,m.cdlrzs.com/*
058d50255d1b9543c9faf6e0d7298c91,1156510100,55,m.cdwyzs.cn/*
0591f5e75ac97d978d2608da644ee0b1,1156510500,3,cd.m.dyrs.com.cn/*
05a0a2e53f1020e3a499737a14915aee,1156510100,3,cd.m.dyrs.com.cn/*
05cb041bab0ff89a219e9d8442acb4a3,1156511900,18,m.cdwyzs.cn/*
05f5b35033c6013a78d270220e9e45e3,1156510100,24,m.chuanhaozs.com/*
0607b19ed5001fc482796c0a8b664e67,1156510100,10,www.cdhxjzs.cn/*
06c3727497755fe2d9abe35fc67a38db,1156510900,96,m.cdwyzs.cn/*
06cf6ca89aba4108e4e94554f781bf78,1156511700,2,m.cdwyzs.cn/*
070bc729ac0da96f1874db58c52d0de7,1156510700,74,m.cdwyzs.cn/*
071f57300dd69667e09214f959bb49c8,1156510100,60,m.cdwyzs.cn/*
0733a782dc10e87f948c231581d68ad4,1156511900,2,cd.m.dyrs.com.cn/*
075f88cf519c86e7c870774e5dc43547,1156510300,33,m.cdwyzs.cn/*
07a918716e410618a8efd8b2dd074b95,1156320100,4,m.chuanhaozs.com/*
07ab986a8e9485ce1eecfa97f24a41d7,1156510700,38,m.cdwyzs.cn/*
07f7e85e3349bf91e18c34bfc4566ac0,1156510100,33,www.bzzss.com/*
089116c9d546d0f9ed9e2647a95d113b,1156510100,1,m.shj.cn/*
08baa8cb268551dcecb43d294edaad98,1156511300,30,m.cdwyzs.cn/*
095d38fa19ba58c07b61e922b5f1e660,1156510700,54,m.cdlrzs.com/*
09777ad92e7849bcdb8fba6999cfe99d,1156510100,65,m.cdwyzs.cn/*
0a307266d600434ffecc8db7d0e772c7,1156510500,115,m.cdwyzs.cn/*
0a741b69df5049bcc434be17f5946c57,1156510100,22,m.chuanhaozs.com/*
0a9ed247f7aa1d4fb5f42e3814405e13,1156510500,2,cd.m.dyrs.com.cn/*
0af8d2d454046a826e4f2ff06389649f,1156510100,1,www.scxblzs.com/*
0b09836c1d0026f94fd1843fbcfbff5a,1156511600,8,www.scxblzs.com/*
0b3cb2763c54667203843d38da47051a,1156510500,57,m.cdwyzs.cn/*
0b8408f2d846972d4e8cc6d2d4f415c9,1156510700,30,m.cdwyzs.cn/*
0ba4e6ae004149f32a66e6541385bd0a,1156511800,49,m.cdwyzs.cn/*
0bb6100682b5d76e18ed5d17370f86d7,1156510100,4,m.cdlrzs.com/*
0bddf84789065ccc137fb0323cadfbd8,1156510100,1,m.cdwyzs.cn/*
0c3bf02fe47fd5cda95e20ea72af96ce,1156510100,1,m.cdwyzs.cn/*
0c49307a34d75406c3add484b3ef972c,1156510100,2,m.cdwyzs.cn/*
0c6cee68918e6db0ec110f5ceb0d29bb,1156511500,8,m.cdwyzs.cn/*
0d1c22b8a83bfcda5c57b78e8feff539,1156510100,19,www.cdsmhome.com/*
0d511ec2ea7080d31d9c36b4952aa3a0,1156510600,3,m.cdwyzs.cn/*
0d5a11eb765baf9dfdb5c1135a32776b,1156510100,9,m.cdwyzs.cn/*
0da72baef2758f3da31ccfa653981d1a,1156510100,1,m.cdwyzs.cn/*
0db2a2901e8aae73392fef862d6b82f2,1156511000,8,www.scxblzs.com/*
0e0f3e1fde693099271f8f01a8a76f64,1156511300,8,www.scxblzs.com/*
0e40cd026fb49e8b8f37a59b16e8fb24,1156510100,21,m.cdlrzs.com/*
0e413cc6b12cd499f5c5d3f054b98b67,1156510100,48,m.cdwyzs.cn/*
0e58e78fd2b8d90bc85eb3e057426ac2,1156511800,41,m.cdwyzs.cn/*
0e7774c6fdac2bc5b3004623ca659df0,1156510500,50,m.cdwyzs.cn/*
0e7d836d7eefa67877019bd26282f9f3,1156510100,16,m.yzf.com.cn/*
0e8160245e3695ca37dec2c03b05b16a,1156510100,11,m.cdlrzs.com/*
0e8edfb6efe19e608b0daba6290cdd9b,1156513400,84,m.cdwyzs.cn/*
0f00e248c97413ae4c2d51ac7ed3a2e2,1156511900,5,cd.m.dyrs.com.cn/*
0f1647b5c7900cd3ac1fe25a3eb8acc3,1156511600,52,m.cdwyzs.cn/*
0f9249eaa268f335f8eebc4a5711fbd5,1156510100,7,www.bzzss.com/*
0fa792f11f6243813cdab87a1ddf817f,1156510100,28,m.cdwyzs.cn/*
10b448237763c99b325c6a1595d11e8c,1156510100,4,m.cdwyzs.cn/*
10f44da4148785ec19ec84435d4b9069,1156510100,14,m.cdwyzs.cn/*
110297e542670e15e60a5b9a1c296f53,1156510100,125,m.cdwyzs.cn/*
113d59a070ed80693966945c18a14b71,1156510100,67,m.chuanhaozs.com/*
1164929a2502f32d710081de35310c71,1156510100,12,m.cdlrzs.com/*
11932dd3e6656add828568c200f378cb,1156511900,66,m.cdlrzs.com/*
11c05ce82462379f443eed5d3b4b444a,1156511500,4,m.cdwyzs.cn/*
11df85776bc82378e5a59335d3af8be2,1156511600,62,cd.m.dyrs.com.cn/*
11e15824109eeebeb996eb5ccc920099,1156511300,9,m.cdwyzs.cn/*
12153eb96c4d81761975302a23dd42c9,1156510100,57,m.cdwyzs.cn/*
1241f19149681b4a94b8c83085628b95,1156510100,14,m.cdlrzs.com/*
12677ee19ff369f4b011651ba1b64037,1156510100,6,m.cdwyzs.cn/*
1312e5c7ca8eaa60db2240ad6ad43ba7,1156510100,21,m.cdzpg.com/*
13684508401207b83efa1cff9c177e27,1156510100,4,m.cdwyzs.cn/*
1376f2d183734cd9efe34dcb0b68d261,1156510100,94,m.cdwyzs.cn/*
137b9681eb1a192b1f15cddf683c3394,1156510100,2,m.cdlrzs.com/*
1399bfdbc88cfe3f265e097f68964363,1156510700,37,m.cdwyzs.cn/*
13bd13e9da51dfc8125bc4175daa0c87,1156510100,64,m.cdwyzs.cn/*
13f3aa8b128e22d1bbac706c8e5a2981,1156511000,3,m.cdwyzs.cn/*
13fcf050c1f0dc8f746fbb35f65f12d4,1156510700,34,m.cdwyzs.cn/*
13fd0b0f7843c5019d9a6e98b509bc4f,1156510100,17,m.cdwyzs.cn/*
142c683b8f720b0683c25b8404c345ac,1156511900,49,m.cdwyzs.cn/*
142febff9d2a4dadcc7f692aefe9a1c9,1156511600,28,m.cdwyzs.cn/*
1467ac4c874e282562c73ee73a816c70,1156510100,11,m.cdlrzs.com/*
146d71fba961126fbe7e0e4900c88001,1156510100,1,m.cdwyzs.cn/*
14b2f2b46f89abe7e82622b944565738,1156510100,1,cd.m.dyrs.com.cn/*
14e50ee941c62584ed71a315ddafffaf,1156510400,14,m.cdwyzs.cn/*
14e7da188dc3b66d78a8ac3781e49f68,1156511500,60,m.cdwyzs.cn/*
14f7e2b37ecf11855c27da88058d88bf,1156650100,102,m.cdwyzs.cn/*
1532f118ca70c401cb6986801b710047,1156510100,1,m.chuanhaozs.com/*
15651a173c30d461e7a58f54f17805ae,1156510100,8,m.cdwyzs.cn/*
159324466825ae008aff68914abc8c3a,1156511000,32,m.cdwyzs.cn/*
15c3ed6f8f3ba0afaa5e4a91a5fccd8b,1156510100,1,m.cdwyzs.cn/*
15dcf8d42ce151a9794a6c8823af075c,1156510300,40,m.cdwyzs.cn/*
16116004eb0ac57d233f11f1ae8fc9b3,1156510100,24,m.cdwyzs.cn/*
16194a33057f363d00067a479544e215,1156510100,46,www.scxblzs.com/*
1635c93aded0851cc0a53f3b8b52ad17,1156510700,75,m.cdwyzs.cn/*
163a63807b7b23b4c2942a56a9c80047,1156511700,22,m.cdwyzs.cn/*
163da4ea089fc356731127c17bc9d27f,1156510100,14,m.cdlrzs.com/*
16952f869f674a65ab13f413b964f82e,1156511400,133,m.cdwyzs.cn/*
1697b1bd969efb8c71d690577a327890,1156510100,9,www.scxblzs.com/*
16c5ce03239784a6310f1a38b8197427,1156511100,2,m.shj.cn/*
16e7f9d917ca767a37c41532110e0af8,1156510100,11,m.cdwyzs.cn/*
16ec78d275ff0ddc0e95695fbf82afa0,1156510100,40,m.cdwyzs.cn/*
16ed0d6cc555926fc3ffacaddfd318df,1156510100,2,m.cdlrzs.com/*
16f241602caf25f85ba5587a9032ef8d,1156510100,10,www.scxblzs.com/*
170316c7937c093c28311a185f7a8ee6,1156510100,106,m.cdwyzs.cn/*
17214bab651100bbc6ab15cf1dffad16,1156510700,5,m.cdzpg.com/*
17361636d3cde8b5a9b9472a2110f146,1156511500,1,www.lrzs.com.cn/*
173f4ac01140453cbc7cb19c7e053ab4,1156510100,20,m.cdwyzs.cn/*
1756942321819c4af1b02c49442caddf,1156510300,6,www.scxblzs.com/*
176dac76e5b23bdf43e6da0abf3f9e22,1156511300,261,m.cdwyzs.cn/*
17b20cbb308197ef7250045ddba5694e,1156510700,1,m.cdwyzs.cn/*
17c9d02ddf94a3d49a7203b86326a254,1156510100,1,m.cdwyzs.cn/*
17d889e632bf332418a251998f01e925,1156510700,58,m.cdwyzs.cn/*
17eb8e935750e0edc172de20527cd3ba,1156510100,25,m.chuanhaozs.com/*
18124c9c8d6c8b0b375c0bca44d65214,1156510100,4,m.cdlrzs.com/*
181f2dc03052cf75f7758339fd2e6dd3,1156510500,8,www.scxblzs.com/*
182b9e82db5f3f14dfde0d22c748221b,1156511300,1,m.shj.cn/*
1842d4ac8e01fc8166fa76d90fb32958,1156510100,10,www.wuyouzhuang.com.cn/toufang/h5/*
18a085b9c52e7cdb43b64c007825d48e,1156510600,63,m.cdwyzs.cn/*
18e5e2d56f4759afe4816a87563ad8b7,1156510700,122,m.cdwyzs.cn/*
18f4debd796e0c80f1a94a52f5b41246,1156510900,1,m.cdwyzs.cn/*
191c60ad247deeac986c0c02cb86ecaa,1156510100,27,m.cdwyzs.cn/*
199400cd84f958387d0cda71e4f4b76a,1156510100,1,m.cdwyzs.cn/*
1a4111e92d1549a4314639de1c731e15,1156510900,49,m.sljjzs.com/*
1a4c22f02ece41ebcb593c39269f4377,1156510100,8,m.cdlrzs.com/*
1a5940d827464efb15543160b9d9f6d9,1156510100,34,m.chuanhaozs.com/*
1a83d4b465e2972348e67c32846431fb,1156510100,29,m.cdzpg.com/*
1a8b9c81401ad008e0d69e5f4af1e3a0,1156510600,66,m.cdwyzs.cn/*
1b12f1e64b8ba6b095fd725086bd887c,1156510100,32,m.chuanhaozs.com/*
1b7671075e01c2f92d570a97d4a2c7bf,1156510100,68,m.chuanhaozs.com/*
1b8689a47a3a9bd9db9c9c50ad67b4ea,1156610700,24,xa.bhjzs.com/*
1bacafa44b8ff912bb00939da76085a7,1156512000,77,m.cdwyzs.cn/*
1badcd21184ef2ea861923b574d4bc31,1156510100,9,www.wuyouzhuang.com.cn/toufang/h5/*
1c05321e8969aa7fbb281fa59bb82da5,1156511500,2,m.cdwyzs.cn/*
1c33527af0408d2d1ce0070412bb018b,1156511300,19,www.ztxzsjt.com/*
1c551981993eba07ba9a624dc41dfda8,1156511100,33,m.cdwyzs.cn/*
1c74673bb1fd9a2c9ad35d5197e86a16,1156500000,34,m.cdwyzs.cn/*
1c9145ec8bffe0f6176dd7109e8a1b81,1156510100,31,m.cdwyzs.cn/*
1cbebb37e03f1616a9c5bf98e476ce97,1156510100,16,m.cdwyzs.cn/*
1cc12f47954c5ec8babcd990f769d052,1156510300,89,m.cdwyzs.cn/*
1cc8b5b5f27890af50027113be75fbaa,1156510100,85,m.cdwyzs.cn/*
1cd41038134af408a5539c2d83204909,1156511300,5,m.shj.cn/*
1cd62a8b0b891cd3cd2324f39157ce36,1156511100,18,www.scxblzs.com/*
1ce9f6a636cf3ac231d7fa015387af86,1156511400,8,www.scxblzs.com/*
1d1f8ac97a1a262536fe7c1c7885dfd6,1156510700,52,m.cdwyzs.cn/*
1d22f669570a717d1dbaa631841ca018,1156510100,65,m.cdwyzs.cn/*
1dd8b9c3fba506a95957d03fbfe1b8e9,1156510100,2,m.cdwyzs.cn/*
1de40e1f3bd6d09ccd467ae7a5900f1c,1156510300,52,m.cdwyzs.cn/*
1dfd320fd03a3471d294409b588fe90b,1156510100,3,cd.m.dyrs.com.cn/*
1e6d00087a2955c6f2748b4a4edf5c25,1156511700,1,m.cdwyzs.cn/*
1e7b22bc1105d4f3026708a75cde7351,1156510100,42,m.chuanhaozs.com/*
1e90bf0876e11065b99749a102871250,1156512000,10,m.cdwyzs.cn/*
1ea9a0004db89ad95161605992ca212c,1156500000,10,www.ch028.net/*
1ef20aae9215e76368214b6083d3deda,1156510100,114,m.cdwyzs.cn/*
1f45783a0cf4f0b98000c0993fd5fe31,1156510100,176,m.cdwyzs.cn/*
1f63860c5969f2f7330eeda6a996c490,1156510100,55,m.cdwyzs.cn/*
1f6da99c64859aa74a1d52256107c837,1156510100,1,m.cdwyzs.cn/*
1f7a815e6a88dff64f0cda5115c8fcfb,1156440300,30,m.cdwyzs.cn/*
1fb4daa3d223a9ce1062d23722d224df,1156510100,75,m.cdwyzs.cn/*
1fbd760291120a8c0ea8437e79e5abd2,1156510100,35,m.cdwyzs.cn/*
1fe2cc95e34d40cef0678abe256ccf9a,1156510500,93,m.cdwyzs.cn/*
20039ca07b7b597780d6698f30dcf249,1156510100,51,m.cdwyzs.cn/*
201360070125db758100a08163dd1830,1156511300,185,m.cdwyzs.cn/*
201f909740c120507f49c951ee8033df,1156510100,21,www.scxblzs.com/*
203d4b84d26baf0246a255577b28888d,1156510500,70,m.cdwyzs.cn/*
20468d9fbd6df6ed8d6938e7c558e219,1156511600,8,www.wuyouzhuang.com.cn/toufang/h5/*
20536ec387acbbfb69efd348e31d251f,1156511300,98,m.cdwyzs.cn/*
2061ecb582ce83ab66a196f886d0797a,1156510100,68,m.cdwyzs.cn/*
207d08e1332d2a56ec60980b5116c889,1156510100,2,m.cdlrzs.com/*
2082de520c7c3dbbbb3afa0802aaa5dd,1156510100,31,m.cdwyzs.cn/*
20cf944c8c363dc425de36be18a328c5,1156610500,14,www.scxblzs.com/*
20e8447010b449724420221baaba8a6c,1156511400,121,m.cdwyzs.cn/*
2170b5059096589d912f9407a111a0f8,1156510100,1,cd.m.dyrs.com.cn/*
21c13c05e9c19791fe96a65a3233ffcf,1156510100,11,m.cdlrzs.com/*
21ec787ba6750ad9332bf3afdb7bbff6,1156511300,2,m.cdwyzs.cn/*
22165b21b2aff34924d291c191c83697,1156511500,6,www.scxblzs.com/*
22255f17840dd072756aa5d96d67c6d9,1156510100,12,www.wuyouzhuang.com.cn/toufang/h5/*
223e387d64144f3f4c1204b0bdf3d171,1156510500,27,m.cdwyzs.cn/*
224507009febf00fcb7a3fa00c099ebe,1156500000,9,cd.m.dyrs.com.cn/*
2264506c885f6f490b82a1991aa9f015,1156130100,1,cd.m.dyrs.com.cn/*
2272bc9d7a7db5ade33ba13dc566b468,1156510100,26,m.cdzpg.com/*
228662138e08307aa8439be09cca044b,1156510100,35,m.cdwyzs.cn/*
22a189b5ee5ad5e1f16dd3b6af29bf5a,1156510100,98,m.cdwyzs.cn/*
22a2696ab82fa742ef56d61474dbf3d7,1156510100,14,m.cdwyzs.cn/*
22b4ab267003857f731ad2f3aa59a58f,1156510100,35,m.cdwyzs.cn/*
231085314d1434ce00b3608bf560348f,1156511300,1,m.cdlrzs.com/*
231c93be912f975d8092701b44ce2ab1,1156510500,2,m.cdwyzs.cn/*
235d24ee9f51dedaa11fd1edb87309d6,1156511000,7,www.scxblzs.com/*
235f37c948c106c24977ecdcecbd5505,1156511000,3,m.cdlrzs.com/*
239c6104024fc63e31d6bb578ab12c69,1156510100,1,m.cdwyzs.cn/*
23a68fde6f3d8771c123092e3cd1063c,1156510100,1,cd.m.dyrs.com.cn/*
23bf62b8aa44ffcd71961dbbf5edea57,1156510100,11,www.scxblzs.com/*
23c2436591d2272c3f81bd14ff6f847f,1156510500,2,www.scxblzs.com/*
241b404c42dd155e08619e134890370e,1156510100,73,m.cdwyzs.cn/*
2435f83e2d88aa42a51143e6f79a8f98,1156510100,4,www.scxblzs.com/*
24425bc1fe914df99812fe6d9a52e3aa,1156510100,1,m.cdwyzs.cn/*
2448cf0d54afbc46d84fa1fa1e0b066f,1156511000,70,m.cdwyzs.cn/*
248ec427b3cf9e03e02c56a531440f44,1156511300,20,m.cdwyzs.cn/*
251f989b6389494903b18c0a4fdef66e,1156510700,27,m.cdlrzs.com/*
255604625b7cf39a52812d6cf7d8fa9f,1156510900,4,m.cdwyzs.cn/*
256e4b1973c2b675f2b5c1e753b061a4,1156510900,1,www.cdsmhome.com/*
25b18e2aad5e899099c29ed2bdd28798,1156513300,12,m.cdwyzs.cn/*
26044340cb069f69c0353b7434acfb6c,1156510100,12,m.cdwyzs.cn/*
262bd47bf46db7fd13f800943241f643,1156510100,51,m.cdwyzs.cn/*
262c0f11827ea2fe091cca2e9361587b,1156510100,41,m.chuanhaozs.com/*
265537dc0ef3d189ff2043653723ddba,1156510100,28,m.cdzpg.com/*
2687efca3932c59520543216cc2f152a,1156511800,2,m.cdwyzs.cn/*
2694ee9ede3a9e1bb1d2c9b49849dcad,1156511800,28,m.cdwyzs.cn/*
269cbc102ee432f35b60aa2e477f8179,1156511700,29,www.ztxzsjt.com/*
26b06f726b3292d60c093e907a92907f,1156511100,3,m.cdwyzs.cn/*
26fe4147b655d489eba2929ffb41668d,1156510100,39,m.cdwyzs.cn/*
2729f602082df854622a155984d10e7c,1156510100,1,m.cdwyzs.cn/*
27417342a6b49016bc52eb4b07397648,1156510100,49,m.cdwyzs.cn/*
2757ad59b14dbe9e3451f6caebf04699,1156510100,86,m.cdwyzs.cn/*
2768647b7b134c6b2a918aa7b0c1008f,1156510100,19,m.cdlrzs.com/*
27902ba841ed79e1ff22c36b32d77341,1156510100,27,www.ztxzsjt.com/*
27ecb556b7a9e0768d5c6a296904ca0e,1156511400,30,m.cdwyzs.cn/*
27f282cef0f76ef752bbdeedf9220ce1,1156510100,131,m.hexinju.cn/*
280ba7374668c2ee6799b278e69f866f,1156511500,44,m.cdwyzs.cn/*
28541484be79f598b90a2a39e3ba5163,1156510100,69,m.cdwyzs.cn/*
28a3a7be012a44d34f659f0a5d30852a,1156511000,7,m.cdwyzs.cn/*
28dda88dc381c457b1d891d6f841c233,1156610100,1,m.cdlrzs.com/*
28fdf53ce97cbaa6b4f2d53f6d810f99,1156510100,85,m.cdwyzs.cn/*
290d4f58dc465b6c08217c5d53d323f8,1156510600,94,m.cdlrzs.com/*
297067f3c178d1f512bd1e5ea7c5ef88,1156510100,63,m.cdwyzs.cn/*
29c55714f7432f1bec9b92a8691857cc,1156510100,14,m.cdlrzs.com/*
2a072623a6627b94a7e0ca6587b342a5,1156510600,197,m.cdwyzs.cn/*
2a224ffb00a5b383f92abce389368651,1156510100,69,m.cdwyzs.cn/*
2a315091d8c6ef46d6caedea66daf400,1156510100,39,m.chuanhaozs.com/*
2a4507e42d528dfc521f82018c389df4,1156510100,62,m.cdwyzs.cn/*
2a5ff21b874f6bdb750f7cd12545242e,1156510600,1,m.chuanhaozs.com/*
2a6d0c0dde3cc3c42b1d77debed3be9b,1156510100,61,www.028dd.cn/*
2a6f9b4ba223febc16450501e38d9c41,1156511600,33,m.cdwyzs.cn/*
2a8924ae509234c4643dbb823e5df82c,1156511600,1,m.chuanhaozs.com/*
2a8b53510c346577380c12a5a75f21e6,1156510100,38,m.cdwyzs.cn/*
2ad06caf52d28e204c24ccf987b1cd41,1156510100,1,m.cdwyzs.cn/*
2b8ca3b525bd1cfdf7885a5bd9b627da,1156511900,147,m.hexinju.cn/*
2b9ec7098add9274bbda4e20fed3598a,1156512000,1,m.cdwyzs.cn/*
2bf3745c24fb42e85270e90eeccddfae,1156511500,6,www.scxblzs.com/*
2c2fde0e8517a6033b9559c15b4dfbb0,1156510100,27,m.cdwyzs.cn/*
2c315c8c1d1a93275be1eb6fe09a5eb9,1156513400,70,m.cdwyzs.cn/*
2c639ef71a8b868a8e0029f562cff4b9,1156510100,51,m.cdwyzs.cn/*
2c7f7fe960ba47dc0d57739e2ae6588f,1156511800,2,m.chuanhaozs.com/*
2c85b98dcc46d1cf3c4f744b3a240c59,1156510100,13,m.cdlrzs.com/*
2ca3873d9e6bdd1615e489f4e16b2ec3,1156510100,1,m.cdwyzs.cn/*
2cc5a7900cfa3049ab2d0ae7d21e8f68,1156510100,259,m.cdwyzs.cn/*
2cd114719942859552c694b3b55ca47f,1156511400,1,m.shj.cn/*
2d2e34dfd9664fc16b198bfa6480eda5,1156510100,176,www.scxblzs.com/*
2d506a1f3ab0041f880712f1641fc946,1156510100,2,m.chuanhaozs.com/*
2d5819e8617823e88ef049dbedd70431,1156510900,70,m.cdwyzs.cn/*
2d8c0b91fdf2522919f04fadb7557957,1156510900,2,www.ch028.net/*
2da61609256ca36f0a2019bef4274815,1156510100,49,m.cdwyzs.cn/*
2db9f5d9b92a5591ae6b56045b9e79ce,1156511800,65,m.cdwyzs.cn/*
2dc4d6eef0a7961ffe8d5c5398f3b2d2,1156511100,1,m.chuanhaozs.com/*
2dce39e78a68c31cd18fab4e0177c8a6,1156330500,13,m.cdlrzs.com/*
2dd334c41747431365babbaf0c97eb5b,1156510800,5,cd.m.dyrs.com.cn/*
2ddc3088eaefc35ec9d02c326e70c81b,1156510100,2,www.ztxzsjt.com/*
2e0a4916ef2e2a99fd741c7354950bab,1156513400,2,m.cdwyzs.cn/*
2e4927630c7db00b3d890c0356ae425c,1156510300,143,m.cdwyzs.cn/*
2e4f1402285de17d7d1286c33318620d,1156511600,4,m.cdwyzs.cn/*
2e696162af728507b4d91a542428520d,1156510100,62,m.cdwyzs.cn/*
2eae9e3f1a9753f21850e26552e8d86d,1156510800,81,m.chuanhaozs.com/*
2ec5a260dd34b28ffefb6eb76a5365d9,1156510100,51,www.cdsmhome.com/*
2ecb85b34cc37da4d602cc3bb1f5350b,1156510100,70,m.cdwyzs.cn/*
2ed0351f3bc6b45fbc30bb31316621b9,1156510300,76,m.sljjzs.com/*
2ede21591b0b49aa6cc00f0399b13a1a,1156510100,7,m.cdwyzs.cn/*
2ee00f65e84be222373b3aa998a080a5,1156510100,31,m.cdwyzs.cn/*
2ef6565ba91f84cf53c8b6eefc876449,1156510100,62,m.cdwyzs.cn/*
2f0070ad07c8f09cb72a6fbeb264a70a,1156510100,32,m.chuanhaozs.com/*
2f091104a6c090c0837e9e1a0c849629,1156510700,5,m.cdwyzs.cn/*
2f14cce15d838b26a2ffc02b971643b0,1156510100,130,m.cdwyzs.cn/*
2f157bfbe4afabd7a87f3d7b4f59855f,1156510100,1,m.cdwyzs.cn/*
2f760c53c05ee0fca4a7602a9996d524,1156510100,87,m.cdwyzs.cn/*
2f87d3d4db3dd0e8dddee299fc3bd0fb,1156511300,57,m.cdwyzs.cn/*
2f93c391cdbf83a2258af5d4c2a65c52,1156513400,72,m.cdwyzs.cn/*
2f98503c036f7bfc49f4b38f2f7c0770,1156511600,6,3g.xjszs.com/*
2fdd2c43c8626971fe834040a7b93b1a,1156511000,1,m.shj.cn/*
2fe2687b78e81cfbe229e8d3431cb992,1156510100,50,m.cdwyzs.cn/*
30c58b3ba70edd31c562b7c7c9fbb54b,1156511300,2,m.shj.cn/*
30e425c65949afd26bbefeb857dbc514,1156511300,8,www.scxblzs.com/*
30ea216216611fb38e3750ca3754fc54,1156513400,40,m.cdlrzs.com/*
31385f2f10fcc6ddde01a1167fea4083,1156510100,58,m.cdwyzs.cn/*
315449e87e635144c896aa2747ec981e,1156510100,80,m.cdwyzs.cn/*
31965b72fb329617588f8bce5bc3318b,1156511600,20,m.cdwyzs.cn/*
31a1f12114aaa7b259055ed565a4205c,1156511100,2,m.cdwyzs.cn/*
31b7cee2a115f92328cf5eae18276606,1156511800,63,m.cdwyzs.cn/*
31f4987f8b24f74bafab36bb34ec13f0,1156512000,10,m.cdwyzs.cn/*
324af7108b7405fca3002ec078a4906f,1156510100,24,m.cdwyzs.cn/*
324f85c7536c74ccaa61aee69f7dfb25,1156510100,3,m.cdwyzs.cn/*
326151dcd0fae6f1978e0afef88bad72,1156510100,43,m.cdwyzs.cn/*
32632571335429cf52bfbf7dafd7aea7,1156510100,1,www.wuyouzhuang.com.cn/toufang/h5/*
3285381ae2bff85c816fb97b591795ce,1156510100,12,m.cdlrzs.com/*
328572445b90ce0007993bfb176dfc07,1156510100,12,m.cdwyzs.cn/*
32b9f0dbb8459ce1b03ce70ea1f48e98,1156510900,14,m.chuanhaozs.com/*
33617251470fcd776b2e752fe992476d,1156511500,1,m.shj.cn/*
336e58e4d355cba551d34df526c94939,1156510100,56,m.cdwyzs.cn/*
338de243f7941747a2c722cbb1607af6,1156511800,27,m.cdwyzs.cn/*
33986217f9375aca3c44d5da48b99286,1156513200,28,m.cdwyzs.cn/*
33d1610d6f97fede40727b3ce7f0a511,1156511300,2,m.yzf.com.cn/*
33ff1e2655057eba99d0c31e7b460373,1156513400,85,m.cdwyzs.cn/*
342cbfe4e84ba04f988db085c02aeaab,1156513400,33,m.cdwyzs.cn/*
342d31c43b120b03c0523ea2cbc72e33,1156510700,255,m.cdwyzs.cn/*
3431d384827d5940a66320a81d38307e,1156510700,7,www.scxblzs.com/*
34d0130f528207b1ba5458050ce4d40e,1156510100,1,m.cdwyzs.cn/*
3506ff22a9090e19a8d9c3dae4131f8d,1156510300,8,m.cdwyzs.cn/*
350f92b0ee609c18037ae3f2aab2d0b7,1156510500,109,m.cdwyzs.cn/*
35361cffeab37194ccc963c150fa70e0,1156510100,7,www.scxblzs.com/*
358a6644e5b501d9c3c954c87fe01706,1156510100,2,m.cdwyzs.cn/*
35b6fa4797c2fca331a4253e353233db,1156511300,1,m.cdlrzs.com/*
365f10a550e100a0414fb3b3dc7f3209,1156510100,7,www.scxblzs.com/*
3678f056aec1453d66827affa3840aaa,1156510100,57,m.cdwyzs.cn/*
3733df3b74d08b77b87cc2ff91e01467,1156511500,25,m.cdzpg.com/*
3745c13a6e4e374eec0911ae885454b4,1156511500,2,www.lrzs.com.cn/*
376e98aa4c73e0b8bc8d8c3fb2b99038,1156511300,78,www.cdsmhome.com/*
37714e6de9b0aae69827f10ecebda6cb,1156510400,34,m.cdwyzs.cn/*
3777fc04d0bf6ea158843142a52ebda5,1156510100,1,m.cdwyzs.cn/*
379fd7616e9c8ced2165a8ef92af86d7,1156511000,35,m.cdwyzs.cn/*
37a911399a43cb7ae92a9ad336ac5e2b,1156513200,1,m.cdwyzs.cn/*
37c84b365dc464e42ca5e426f324b8c4,1156511500,38,m.chuanhaozs.com/*
37f0ccee529f3cf71e231974ff49b299,1156510100,1,www.ztxzsjt.com/*
37fa0bd053fa0eb3db8fa9cf9f3e6e46,1156510100,13,www.scxblzs.com/*
38133d52c0e4056ce685f9ba43fe4759,1156510100,9,www.wuyouzhuang.com.cn/toufang/h5/*
3873d4ea751effa6cd0846245de81362,1156640100,71,www.ztxzsjt.com/*
38a1c9da8aec7f137940496703e3abf4,1156510100,5,m.cdlrzs.com/*
38af1e5595ee59b0a660ac5ec5c46b91,1156510800,29,m.cdwyzs.cn/*
38f29cd0b9e0666e8234902a0577f96c,1156510100,15,m.cdwyzs.cn/*
3913324444da3bfa8ce19eb9def126da,1156510100,73,m.cdwyzs.cn/*
39501730df044a16bbcbda271b6b43c9,1156510500,11,www.scxblzs.com/*
395b9de3dde4c552d174724f2faa86ea,1156511900,2,m.cdwyzs.cn/*
3966036bedb54f1d1ddde98f2c4f75a2,1156510400,57,m.cdwyzs.cn/*
397abf921769cb02b001f35c430b565c,1156610100,2,m.cdwyzs.cn/*
397b9dd5f963cf4c695b53b452d260a9,1156330100,16,m.cdlrzs.com/*
397d31a9c23bc7f9d4fda05558dc2714,1156510100,2,m.shj.cn/*
39e9e8b75a873867211ea5b6b0b01f78,1156510100,3,m.cdwyzs.cn/*
3a42f056d6fbf34dca94f45e9aec45e5,1156510100,12,m.cdwyzs.cn/*
3a81e7fc64646098b25a745299cf7052,1156510500,41,m.cdwyzs.cn/*
3a837dec1be1724ecc8e7f7b66cb405e,1156510100,1,m.shj.cn/*
3a8c917d69e057ccefa8764dcdd645dc,1156510100,9,www.scxblzs.com/*
3aae8c43d75381c3104a33a9c6fe2b99,1156510100,55,m.cdwyzs.cn/*
3b4fd1c05dfd0353d735d0d62242c974,1156510100,1,m.cdwyzs.cn/*
3b5186d88a56025489f51a2a82da1fc7,1156511900,9,www.wuyouzhuang.com.cn/toufang/h5/*
3b823acd37c3df8e6a140969c4d104f7,1156511300,3,m.shj.cn/*
3ba794e95e768eac4374f5ae50735ac4,1156510100,54,m.cdwyzs.cn/*
3bf3f7092eab05e031eaaa4fd16dbb74,1156510100,42,m.cdwyzs.cn/*
3c0c55d08d229e52156fc9458e1b6c11,1156510100,4,m.cdwyzs.cn/*
3c17d0b432007ca7ebca8650cb632264,1156510100,13,m.cdlrzs.com/*
3c3cd2d1345adeb2056581dfa90e6780,1156510400,1,m.shj.cn/*
3c47c07e6b2e5e80b867d1d962f59665,1156511300,32,m.cdwyzs.cn/*
3cb5eec2c5338d3e32bd050a9ca25fc3,1156510100,11,m.cdlrzs.com/*
3cb848f86b6c6818b030ce158601957b,1156441900,1,m.sljjzs.com/*
3ce0beee9ca7474f2e75a7eb4118b31a,1156510100,4,m.cdlrzs.com/*
3d203a428c6b8e0798f69c83c740c876,1156510100,1,cd.m.dyrs.com.cn/*
3dff893bb2227c596a244c92173b9b3f,1156510100,32,m.cdwyzs.cn/*
3e0082fef73792fdd106f9c0f762caf7,1156510100,72,m.cdwyzs.cn/*
3e315b8d9fbfe72acb23c7fcde19ef0c,1156511700,26,m.cdwyzs.cn/*
3e4149a66407c056d11d37cab71fa4b6,1156510700,5,cd.m.dyrs.com.cn/*
3e514f2bf0d7ab0b8e0d328e7bd2f91d,1156510700,3,m.cdwyzs.cn/*
3e7c5fb4f7eacd8c350d9dcc5b46ee10,1156513200,153,m.cdwyzs.cn/*
3efec1cc997d289fa41ed16d5a5e400f,1156510100,2,m.chuanhaozs.com/*
3f802f129ed900b6461318b7c85733e4,1156510100,25,m.cdwyzs.cn/*
3f91962eec70b447c447c2350e99dbea,1156511300,1,m.hexinju.cn/*
3f941e761cce071d6caac7704310c215,1156510100,25,m.cdwyzs.cn/*
3f9abaf9aaa213faa923ba47e7650d29,1156510600,6,cd.m.dyrs.com.cn/*
3fa5c82d3aa198a92b82a8a30aad6f91,1156510100,39,m.chuanhaozs.com/*
3ffd940aabadefafcdd3fd91e58b428a,1156510700,4,m.cdwyzs.cn/*
40051a0afa5f1ed62e1a377bb571e443,1156511700,45,m.cdwyzs.cn/*
4019d94b847a45fb2a8a3f343258c63e,1156510100,36,m.sljjzs.com/*
403e66f1418bdcc05cf7ff9678534f36,1156511000,3,m.shj.cn/*
404176374bf1b62891fbfb9f14dce00b,1156511400,1,m.cdwyzs.cn/*
405ca8f37d15ed1475a5afa3f17452a1,1156510100,8,m.cdlrzs.com/*
40d79ee4247c1dc1a0ca40a90db4daed,1156510100,3,www.scxblzs.com/*
40dd549d543dec6ebd7934b425618a9a,1156510100,6,cd.m.dyrs.com.cn/*
4103c6d497f0e5b3fd75bf8d3218ae75,1156510900,69,m.cdwyzs.cn/*
412df5c7fc20b9f7584f60fbe2bf4ad6,1156511500,5,m.cdwyzs.cn/*
414236dcc5e59c14c2e13861b8bf9f9b,1156511400,172,m.cdwyzs.cn/*
41b9921ee8c58c5ee4c0bbdfcf779547,1156510100,1,m.cdwyzs.cn/*
41cee7f900ba88dabeb1fefb6e73757e,1156511000,30,m.cdzpg.com/*
41d1387b2ba6ce662e96fefafb8bbd51,1156510100,62,www.ztxzsjt.com/*
42821528498e2bf94b1115f60556e990,1156440100,10,www.scxblzs.com/*
428c1f70d960713b72535b5a2213cc8c,1156510100,62,m.cdwyzs.cn/*
4295e0f275859295ff074fe8eae46451,1156510100,67,m.cdwyzs.cn/*
42bb480197ff44430bb2b0afc93c8259,1156510100,2,m.cdwyzs.cn/*
43179cd9b7d7d7b41edfc4d4d5b9c2e2,1156511300,3,m.shj.cn/*
434dfc5dcf9f4ea06ba44508d696af83,1156511100,1,www.scxblzs.com/*
435a1b310c2119201bc9b53c3a502ed3,1156511700,1,m.cdlrzs.com/*
4366f91aa7dbe9ce9c2278e81b25c5af,1156511000,61,m.cdwyzs.cn/*
43ad5b6b2053c0e5079aec1ebc1d1806,1156510100,2,www.scxblzs.com/*
43d43539eebab68fc4c84cc55d78cdca,1156511300,2,m.shj.cn/*
442cc3707db8ed955dbb7bb817f4f028,1156510900,3,www.scxblzs.com/*
445dbff51ff0c011da22eb2e3f5426af,1156511600,8,m.cdwyzs.cn/*
4461d4b154fa4a034ee110bcd700be76,1156510100,5,m.sljjzs.com/*
44ed596f60b9b8513581430a3c3de73a,1156511900,8,www.scxblzs.com/*
44f1ee77018d60a7c16d6ebad199b625,1156510100,34,m.cdwyzs.cn/*
44f6aaca342ad2ac67d59ba0bb4513fe,1156510100,2,m.cdlrzs.com/*
44f749cc71dbf68b310ef0da9572da51,1156511500,59,m.cdwyzs.cn/*
4545d797068f839d8631bf6f6d26c8b0,1156510100,65,m.cdwyzs.cn/*
45a21dda37abd4bf3e29659a2ce9278f,1156511600,194,m.cdwyzs.cn/*
45aa0d2b802ad7d3a048d03b38206f7e,1156510700,3,www.ch028.net/*
45edf4224ee578e58d194dba4666f2a0,1156510700,40,m.cdwyzs.cn/*
460d7e0ce330eee5309766a5b85eb095,1156510100,145,m.cdwyzs.cn/*
462d806e74eed692ddb2c32fbc308229,1156510100,45,www.scxblzs.com/*
463de0ced59174aa40a995049427a48e,1156510100,2,m.cdwyzs.cn/*
4659e36e312ac0a83e03c72576a05bbe,1156510100,10,www.wuyouzhuang.com.cn/toufang/h5/*
466ad21944ab09a0063fd021c4433325,1156510100,2,m.cdlrzs.com/*
467032640b3a4e8f160da933e7ca13d1,1156510700,2,www.ztxzsjt.com/*
46d2853dd2434542cd443110bd60f0c0,1156510100,68,m.cdwyzs.cn/*
4714579598c7b5bdc1ce01f70d5de31a,1156510100,27,m.cdwyzs.cn/*
47169b79e68097b01cabe73273926197,1156510500,32,m.cdwyzs.cn/*
473a93b60416b73cb316268996e3465f,1156510100,66,m.cdwyzs.cn/*
4753e538d2b7f71812249d278deeefcc,1156510800,33,m.chuanhaozs.com/*
475db7bbc08c413f25e4f70ac1963cad,1156510100,3,m.cdlrzs.com/*
478c93f4b0bc6c744307dcb13c65d1aa,1156511500,24,m.cdwyzs.cn/*
47c9d7d270537abef21aae32c5237a56,1156511400,3,m.cdwyzs.cn/*
47cfb8b013b91e1d723967db83b29b06,1156510500,3,m.cdwyzs.cn/*
481b19f4bca9ce419afbfdf044d9c43d,1156511100,22,m.cdwyzs.cn/*
481f34fcba29c1804ecb3d02d16b186f,1156510100,1,m.cdwyzs.cn/*
4843644fd9b04c67a16f5cab7b5d73c2,1156510100,32,m.cdlrzs.com/*
484d659e813d4193a124e317a2a95687,1156511300,35,m.shj.cn/*
48ad000cb6767268368af756de1ed06d,1156450500,11,m.chuanhaozs.com/*
48d927234349212e0b00b41d0ca03e62,1156440100,3,m.shj.cn/*
48e2e7fbd3fa6c019539fe4a6470f180,1156510300,11,m.cdlrzs.com/*
48f7aec2cfa0bbc46227aba4f0654418,1156510500,45,m.cdwyzs.cn/*
48ff46339af26bef768661a06cb7ae37,1156510100,3,m.cdwyzs.cn/*
491cc7cd351f2b04717f06d4afcdaec8,1156510100,1,m.chuanhaozs.com/*
49351e8240e1800b3766040d5899e9c1,1156510100,10,m.cdlrzs.com/*
494706cd3c815ceccdbdeed5e6a78ae6,1156510100,259,m.cdwyzs.cn/*
4961c36a5fe123b4e98281dd08616b07,1156511400,11,m.cdwyzs.cn/*
4975a915df1f996eeed6b00e5cc3db5c,1156510100,11,m.cdwyzs.cn/*
4987c1872e40fa160be267bcee421cab,1156510100,2,m.shj.cn/*
49ccece6a461eba1c70e2c0a4ab84e71,1156511700,1,m.cdwyzs.cn/*
4a2d206f4633c5feb23a0792d9d14272,1156510100,31,m.cdwyzs.cn/*
4a3f4fffe5292809b01a8095149e4445,1156511100,34,www.ztxzsjt.com/*
4a4bb52e7cde3acbc4d29a864826b120,1156510100,60,m.cdwyzs.cn/*
4a6b635715db53aef40d3be664b10fcb,1156512000,57,m.cdwyzs.cn/*
4ad70b3a6b632a6e51d36ba71c4e60e1,1156511100,59,www.u-workshop.com/*
4b10a75649921a7d6f69ab3711bfd68d,1156510100,28,m.cdwyzs.cn/*
4b3875729926742aacdb1bf09fdc0adf,1156510300,4,m.shj.cn/*
4b4e498319d4894da67776c430d0dc4d,1156511000,85,m.cdwyzs.cn/*
4b68bb35392f8ff139e3f8e3da6fbd97,1156510500,61,m.cdwyzs.cn/*
4b69ba06e4b9b697889847650f408a67,1156510100,51,m.cdwyzs.cn/*
4b6bb15639c580918ef73174bf15a888,1156511000,30,m.cdwyzs.cn/*
4b9778575687ba42a66d3999082a090a,1156511400,66,m.cdwyzs.cn/*
4ba962bd616aa68840ad3b4f15f1cdd7,1156512000,48,m.cdwyzs.cn/*
4be5f5ae416023394a847529adb8a99d,1156511000,53,www.cdsmhome.com/*
4c2981152e0da642c3156f5797e9d455,1156510100,12,m.cdlrzs.com/*
4c3e13475f061056c3b76c35b05cebf9,1156510100,40,m.cdwyzs.cn/*
4cb433cbb4b919e9b332c565183c9adc,1156510100,251,www.lrzs.com.cn/*
4cc9918e7f88a9af346ad453d6f11d2b,1156510100,12,m.chuanhaozs.com/*
4ccd1d86e4dd02d69f1c6c0449498d1d,1156510100,1,www.ch028.net/*
4cf34c0c3288ab60746ce51fcabf5193,1156510100,67,m.cdwyzs.cn/*
4d0536b5c1a5ba59cc8a2baad372b45c,1156500000,57,m.cdwyzs.cn/*
4d12b40d66cd9decc97bbf2696b64aef,1156510600,2,m.chuanhaozs.com/*
4d33572a2b1773166f11a3ff57390b1d,1156510100,2,m.cdlrzs.com/*
4d40990312281db031e0fe2fab080cd6,1156510100,53,m.cdwyzs.cn/*
4d42963ba5b0af825d94f445d68d3184,1156530100,88,m.cdwyzs.cn/*
4d567f886c0d550dd00f3fea78860b89,1156511000,20,m.cdlrzs.com/*
4d6ea6caf7abfca1305662ea0626d041,1156510600,2,m.yzf.com.cn/*
4d7211400b53191656ed957266e699d3,1156510100,1,cd.m.dyrs.com.cn/*
4d739e0ee4a7b0f9ed9ed32fbc267af7,1156510100,43,www.scxblzs.com/*
4d73e028bf516ef99463db253d56bb72,1156510100,3,m.shj.cn/*
4dd4359d2dd27eadf1d1173767797890,1156510100,2,m.cdwyzs.cn/*
4e123c26a5dbbf13f759c520f6d1c17a,1156510100,7,www.scxblzs.com/*
4e1616503bb2852dc2d8202a46300069,1156510400,8,www.scxblzs.com/*
4e34eb165c7a9d904af289fbff3521a4,1156511700,14,m.cdwyzs.cn/*
4e647fa297a79a18304cc1ca3c5262d4,1156510100,72,www.ztxzsjt.com/*
4e6cc7dece86ba2949d86fade974606f,1156510400,67,m.cdwyzs.cn/*
4e88ac3a86a1608e35f9c3bf5750372a,1156511100,3,cd.m.dyrs.com.cn/*
4e9db66bb492856a463b0974dac75e3f,1156510100,10,www.wuyouzhuang.com.cn/toufang/h5/*
4eb20764e191dc093e2aec6c4367da9e,1156513300,3,cd.m.dyrs.com.cn/*
4eedb40677a5bac114d42a7358394e16,1156510100,29,m.cdwyzs.cn/*
4eef973b2b45635a1460158fc5f93f59,1156510100,70,m.cdwyzs.cn/*
4f0f802c5314ae7a59226dd46e705f82,1156510100,69,m.cdwyzs.cn/*
4f5bcde62e5480ac69621ee31b52a010,1156510100,1,m.cdwyzs.cn/*
4f800bcc9eab1fd6e44ffd76dca4f060,1156510100,8,www.scxblzs.com/*
4f8b3c5823d5fb365730dcfd63d046c5,1156510100,64,m.cdwyzs.cn/*
4fca4540e9719bf170366297d32b2d57,1156511300,52,m.cdwyzs.cn/*
4fdaa3f3a19f8f7218fa7a86d807f03a,1156511000,39,m.cdwyzs.cn/*
50196b4d40f33139ef37032fcd5a35af,1156511100,77,m.chuanhaozs.com/*
501a397a014ba38348263335356e322b,1156510100,9,m.cdlrzs.com/*
503cc6673de207f3a0bebb6da3337c88,1156510100,5,m.cdwyzs.cn/*
5068e0fc6cbb6f6a27962e62a9da1846,1156511300,136,m.cdwyzs.cn/*
506c44027fb68a3b8a921bdce643d3dc,1156513300,107,m.cdwyzs.cn/*
508e4263bf04bcba59985e959a6fa78c,1156512000,6,www.scxblzs.com/*
509aec87725a0535fd3b2f85bdba3d47,1156511300,1,m.shj.cn/*
50a2c08ea6639bdc11e1ab6c009b62a9,1156513400,3,cd.m.dyrs.com.cn/*
50ce8c8ef0ef20b2bc3c7a8a9d3cae36,1156511400,33,m.cdwyzs.cn/*
50d905211fd50414aec1cebca522d566,1156510700,2,m.shj.cn/*
510d3601c27760db9baac4c7e556af16,1156510100,407,m.cdwyzs.cn/*
51594f85a9dd1042100c160d8f7bad34,1156511700,2,m.cdwyzs.cn/*
515e2cacb206d28374723c653899e440,1156513300,4,cd.m.dyrs.com.cn/*
517bcf25759a795bf3e054a3d9756d84,1156540100,3,m.cdwyzs.cn/*
51d150ca3741ce0fe77e48e196d64101,1156510900,26,m.cdwyzs.cn/*
522cfbafed186b026bb83be220c65bc3,1156510100,64,m.cdwyzs.cn/*
523e899a76b523d29e11c962e6baf8d4,1156500000,5,m.cdwyzs.cn/*
524c1d7b527961b3748c0f7922cf0321,1156511300,1,m.chuanhaozs.com/*
525cd208d1a3b035257e840549d900b6,1156511300,3,www.ch028.net/*
52daa82ae0d277fd79e6ac4c6c471c3a,1156510100,2,m.cdwyzs.cn/*
52f62c4a3bf275259797a12bae18f301,1156510100,8,www.scxblzs.com/*
5311176b188fa3d3beda283fb71100b2,1156511900,19,m.cdwyzs.cn/*
531193651280005cd5f830ef33ba6268,1156510100,9,m.cdlrzs.com/*
53187498a86cfb08f3bd1a6431550c6e,1156510100,26,m.cdwyzs.cn/*
53370640e16f6acc7471077b141919b1,1156511300,2,www.ztxzsjt.com/*
5348b7ac8223257d241ad2222d261236,1156510100,348,m.cdwyzs.cn/*
534d8de8ab698badca0a7705f2c16633,1156511400,29,m.cdwyzs.cn/*
5351abd46c182bdf4c09a9330af8ecee,1156511000,3,m.shj.cn/*
53622c99ee3b8aa3ec8fdb11f914c8ad,1156510100,63,m.cdwyzs.cn/*
53cb69dae4c77e56d2eeb2b3d8896ffa,1156511700,14,m.cdwyzs.cn/*
54267d727eff66cf89f17cd964cb4f2d,1156510100,37,m.cdwyzs.cn/*
542ad1dba32e3c80f40df5a5a3c0a002,1156510100,1,m.cdwyzs.cn/*
54399f36e91a9db33db58567c3e70e15,1156513400,22,m.cdwyzs.cn/*
549e103662274967fe0098bc8fa15ddd,1156510300,27,m.cdwyzs.cn/*
54ccef1d6de835340f09a30388a1634e,1156510100,62,m.cdwyzs.cn/*
552b29321abcc88896860abbf3b6df6a,1156511300,44,www.ztxzsjt.com/*
554defe1747dd38c122e1858e31f6c5d,1156510100,69,m.cdwyzs.cn/*
5567901b8ad8d7034762d69ddb0a05e0,1156510700,23,m.cdwyzs.cn/*
5586981a0631fdac2f105d4ce36c93c1,1156510100,37,m.chuanhaozs.com/*
5586a28cb4901a29e701d2a5cd46c763,1156510100,11,m.cdwyzs.cn/*
55a73db3a7cab742be0fae72ee0c1733,1156510600,2,m.cdwyzs.cn/*
55a855e3b2d1a582ca0262fdca81abc8,1156511900,12,m.cdlrzs.com/*
55b89f49046a772354cd74a4c3490b0f,1156511700,4,cd.m.dyrs.com.cn/*
55e908f776f56975bc9bb8c473212d89,1156513400,56,m.cdwyzs.cn/*
56373c4014df5233c40ccd928fddc3fc,1156510100,72,m.cdwyzs.cn/*
56596fd51c94667393bb0c17fcd7026f,1156511900,3,www.scxblzs.com/*
568a5c48bdd6f154d10739fcb7cd6f4e,1156511800,18,www.ztxzsjt.com/*
568f332ffe995b12b9b9c641d25fcf24,1156510100,3,cd.m.dyrs.com.cn/*
5690ef0104e813efdf6525e207fb6352,1156510100,24,m.cdlrzs.com/*
569faef3e89f878e45ec808ad20ae55b,1156511400,20,www.ztxzsjt.com/*
56b02baa584a0990b4a5354bb919f516,1156511300,2,m.cdwyzs.cn/*
56eacdabcfcf20f8772dcd5901737a00,1156440300,2,cd.m.dyrs.com.cn/*
56f60a06a0be1b5a1f13e2787b7d3e64,1156510900,26,m.cdlrzs.com/*
5730f36103e6d5b9e6b13dbdef296781,1156440100,2,www.ch028.net/*
573dacece37945ba57e811f9f5136a82,1156510800,56,m.cdwyzs.cn/*
576f5e3908ab90e3491399daa06245b6,1156510100,131,m.cdwyzs.cn/*
5778d613a14eba699695cb2c2814340e,1156510700,8,www.scxblzs.com/*
577cf5169be603b306d2a9fe7513c3e9,1156510600,83,www.ztxzsjt.com/*
57848cae093a52ad92a9d6cbb6b38e27,1156510100,5,m.cdwyzs.cn/*
578d44d866fe9c9fc45dbc5f2bf4f44d,1156511100,14,www.scxblzs.com/*
57c89f8080aec0d6a24e70fa17ae59e0,1156510900,20,m.cdlrzs.com/*
57eddd6bbb176ef5715197a3240946da,1156510500,1,www.ch028.net/*
57effb04b905130dd0aec6ded4adaf99,1156510100,3,m.cdwyzs.cn/*
580397169be1cafeb38639ca2557eab2,1156511500,29,m.cdwyzs.cn/*
582e77a63f4e567eca5677818158238d,1156510700,92,m.cdwyzs.cn/*
5839c0e9785dcfc6598a2aae1f3b505c,1156510300,40,www.falongfa.com/*
5860f32f48e8b40ae40c38ac75026d0d,1156510100,14,m.cdwyzs.cn/*
5909ef359de0b02eba2fced828de02d4,1156512000,12,m.cdwyzs.cn/*
5971ce8a2b6e9f2452388b518c5431bc,1156512000,29,m.cdwyzs.cn/*
5a1cd18b19348933737f814fa89223df,1156500000,13,m.shj.cn/*
5abcffaa75448cd9514497ae025ca3ae,1156511500,2,m.cdlrzs.com/*
5acda19f35760c62db7a5f8c99440b26,1156510100,37,m.cdwyzs.cn/*
5aebfb098c0d250b979275f5761b9208,1156510100,75,www.ztxzsjt.com/*
5aede531b71fd4cdc5ad97af6ec5c1c3,1156511100,117,m.cdwyzs.cn/*
5af77d58c7e6324df77ca0d8f7157c12,1156510700,2,m.cdwyzs.cn/*
5b0187734621861c8230452de11e4777,1156510300,3,m.cdwyzs.cn/*
5b105997dc3ea57341ebbd38a8e260ec,1156510100,65,m.cdwyzs.cn/*
5b1432b36800e7a80580b12946779121,1156510100,2,www.u-workshop.com/*
5b2b4a9f7f437d97614d27ebf81b5355,1156510100,17,m.cdwyzs.cn/*
5b3bee451212b408a6f3d70684b0f7a8,1156510500,1,www.scxblzs.com/*
5b4ee4dbf41d18e14c8bb68394656c8e,1156510700,1,m.chuanhaozs.com/*
5b4fade15fa82ae5a9528ffdcaa1109e,1156510100,15,m.chuanhaozs.com/*
5b530c313f73745871f5bd99011f5395,1156511300,68,m.cdwyzs.cn/*
5b73e85abbc1205d84dea84dfaba4f85,1156510100,35,www.ztxzsjt.com/*
5b876eb5d3ff9d3ae894b6787c261084,1156511700,1,cd.m.dyrs.com.cn/*
5b9a5d51b3a5d5b2271ac68189b99c01,1156510500,71,m.cdwyzs.cn/*
5bb4e7dc6aaec1ba6080e284fdcfa07f,1156511300,30,m.cdwyzs.cn/*
5bd4236f4ad5d1944c139caccfb268ab,1156510700,34,m.cdlrzs.com/*
5c1c9fe0049f59d4d069076df29921ef,1156510100,1,www.scxblzs.com/*
5c27f622e2406bd0f179549a36398a4b,1156510100,127,m.cdwyzs.cn/*
5c2fed66012b3a6ffa6ad8b820867fc4,1156510100,36,www.cdsmhome.com/*
5c57f9c9113f79089e0d8a419ccd2e6f,1156511300,3,cd.m.dyrs.com.cn/*
5c64cae8f6c8de664c37d7730aecde3e,1156513400,199,m.cdwyzs.cn/*
5c6cb04993930822f49ee0857fe55e1a,1156510100,93,m.cdwyzs.cn/*
5c853a6dd36b3478e9c3e6fe30eb6ce7,1156511600,1,m.cdwyzs.cn/*
5ccd951b4054ae4802b7c7f81cfc1760,1156110000,2,www.ch028.net/*
5cda1d1508c0490be395240f5254ce7d,1156511300,57,m.cdwyzs.cn/*
5d264e599962cc98f1021451f0d9c1dd,1156510700,1,cd.m.dyrs.com.cn/*
5d2c3c805e907a96ef7dd459e22fd969,1156510100,6,cd.m.dyrs.com.cn/*
5d75b968db23af8129425964442cb986,1156510100,37,www.cdsmhome.com/*
5d8c4d9c92e1534dfa03a008367ae142,1156510700,3,m.shj.cn/*
5d9dc91d813072aff86e710d4f856d36,1156511900,1,www.ztxzsjt.com/*
5db7fe62fdd0762fb27398a292f4d619,1156511500,8,www.scxblzs.com/*
5dbb4a46f9534e8b5e936d63ca132c0a,1156510100,21,m.cdwyzs.cn/*
5e06c5b35e162dd6943e85c488591454,1156513400,9,m.chuanhaozs.com/*
5e0846aa7dd23ad73d1aeff605945bbb,1156510500,2,m.cdwyzs.cn/*
5e35510b9fa9e06446f174c5e5b45836,1156510100,33,m.cdwyzs.cn/*
5e5603a2c839a8bc589e366e3e4f92c7,1156511900,31,m.cdwyzs.cn/*
5e6d537acf21e96e7c45336b17a0bddb,1156510100,9,m.cdwyzs.cn/*
5ece8645e1ff25afe9dc9c4612609d89,1156510100,16,m.cdwyzs.cn/*
5f149ec896941a0de62d41212fca0951,1156510400,3,m.cdwyzs.cn/*
5f28b292a316ee6c8671c49f833f42bd,1156510100,6,www.scxblzs.com/*
5f3eeacfe506b122c62b8b81c749298f,1156512000,2,cd.m.dyrs.com.cn/*
5f46eeef04e92a265cc776fb7b8815c2,1156511500,218,m.cdwyzs.cn/*
5f4aaa23d2733b31ceaf6658eb054354,1156621000,58,m.cdwyzs.cn/*
5f5f37afaad38651da4ec0808aadfc6c,1156510500,44,m.cdwyzs.cn/*
5f5fd02a9cd18aa99a7810e42b8bd0f3,1156510100,1,m.cdlrzs.com/*
5f639c035aa98c3465b432b8f24c5f03,1156511300,22,cd.m.dyrs.com.cn/*
5f68e567831d075375237d89bc5397b7,1156510100,98,m.cdwyzs.cn/*
5f886f55289d85062c7f3c068e3a36ea,1156510100,2,m.cdwyzs.cn/*
5f9c84ef7a39bbb0e55391d08a27e2a1,1156510100,16,m.cdwyzs.cn/*
5fa5b0f5900ba3e1bc0ee3dbffd4878b,1156511100,9,www.scxblzs.com/*
5fbba0177c6802705a0e0bff48705456,1156510700,1,m.cdwyzs.cn/*
5fda4c1d3606c6feb1214bf5d5e530b7,1156510100,2,m.cdwyzs.cn/*
60071a1c83bbdc7d2727f7582ccef5d6,1156511000,1,cd.m.dyrs.com.cn/*
6078d8774d2a35ea38ddf5b0d47b76a2,1156510700,31,m.chuanhaozs.com/*
60bc9c67e8293b34533b6ab3a760a466,1156510100,24,m.cdwyzs.cn/*
610d556e83ad7c34e95d0d49cb39e2e4,1156510400,70,www.ztxzsjt.com/*
612f97992559c04b80589294173e6be7,1156510100,7,m.cdwyzs.cn/*
614e932473ce1f20a50a7dd26f9abde7,1156513400,71,m.cdwyzs.cn/*
6162ce99504b21ff6d36206ce3077797,1156510100,1,m.cdlrzs.com/*
61a22e0762f12706e9c437c5c3008a92,1156510100,6,m.shj.cn/*
61fceeb8c43ae5617354edb9f47e8e48,1156510100,249,m.cdwyzs.cn/*
624651cc1ccc4ccb620bc70104cd858d,1156511600,53,m.cdwyzs.cn/*
627c042259d8fe9aee766ed7e62a2216,1156510100,24,cd.m.dyrs.com.cn/*
62b6578dec57edca91e6cc63570b3716,1156511300,2,www.ch028.net/*
62fd191c2e6fc9698c2bd7776f50983b,1156510100,144,m.cdwyzs.cn/*
6358d22287920b3a90b71107f49203cd,1156510100,17,www.scxblzs.com/*
63c473909e8764b8b3259fc7c7e06567,1156512000,3,m.cdwyzs.cn/*
63f1192823cf71755d5e41aabe44d288,1156510100,51,m.cdwyzs.cn/*
641b758df551ef401603e65d1e157fdb,1156511700,3,m.cdwyzs.cn/*
6443b0918532a0e5eb5a22f104b052c9,1156510100,1,www.ch028.net/*
645859a81da01a222ddf8b7835522a60,1156511500,19,m.cdwyzs.cn/*
6487be59a5b2a8a7c0ae72db6bf5c8ae,1156510100,1,m.chuanhaozs.com/*
64b3566a1b2138d6d3ecd012ace6201b,1156510900,28,www.ztxzsjt.com/*
64ec72f399410fe23d4b0907f787b882,1156510100,41,m.cdwyzs.cn/*
65098cee02cf835e8e170a8746565b68,1156512000,72,m.cdwyzs.cn/*
652df340622b701922bf11df382801e0,1156510100,9,m.cdlrzs.com/*
65530ebc8f8e45472bb7a330977c30f6,1156510600,64,www.028dd.cn/*
6579daeb32c1fcfb0ed05761a7d58aa2,1156510100,9,www.wuyouzhuang.com.cn/toufang/h5/*
657bff2ff652e1307135e17b2531066d,1156510100,51,m.cdwyzs.cn/*
66534cf60be1a1f4c062a3199dadb900,1156510600,2,m.cdwyzs.cn/*
666224ea08f285c16b2ffab128191d56,1156510100,3,cd.shj.cn/*
668f290b37b33d7784e1b6935c8b269e,1156510100,12,www.cdhxjzs.cn/*
6694c48e260803e28562adb9e32bf016,1156510100,1,m.cdwyzs.cn/*
66aa3911353722cbece4c6a480784429,1156510700,156,m.cdwyzs.cn/*
66d68b92ee3e9fdf347bda0da5b1cf2f,1156510100,30,m.cdwyzs.cn/*
66eecff55058b295f0da3b27411bbffb,1156510100,1,m.cdwyzs.cn/*
67384af1b2e7389d14c85ddb9bd5c95a,1156510100,2,www.wuyouzhuang.com.cn/toufang/h5/*
67753f27074597c24b9b5020850ce4eb,1156511400,21,www.scxblzs.com/*
6827ae85d438f2c9af60abc04d2cb867,1156511700,64,www.ztxzsjt.com/*
686b64026ad228ba65f47b5a3f0d0019,1156510900,33,www.ztxzsjt.com/*
6891e1303e09d6ba4333c841da6b85e4,1156511600,4,m.cdwyzs.cn/*
68a50b4393486d2a0fbeefa66224a2b7,1156510100,31,m.cdlrzs.com/*
68bc74bc826089b66cf02965a56316a8,1156510100,1,m.cdwyzs.cn/*
692dc2be5c90409ad2d6ca430a3460e8,1156510600,3,cd.m.dyrs.com.cn/*
692e97b31e0c9b0d7347abb0f01ece1d,1156510100,1,cd.m.dyrs.com.cn/*
69305bf0e334c8342b6a9f4eb1db62b9,1156542200,3,www.ztxzsjt.com/*
695d1b30a548172284eeedd0088676fa,1156511300,4,m.shj.cn/*
698256eec7a93fc6073291eb0e2dec25,1156511500,25,m.cdwyzs.cn/*
69c2d3cb1a26ae1a49ec86725d3727cb,1156513400,6,m.cdwyzs.cn/*
69c767339869888217a062d96328e5a9,1156511500,2,m.sljjzs.com/*
69dc8c763ccb6be660f2792396bca80d,1156510900,4,m.cdwyzs.cn/*
6a019478c9404a56f042d2b812c30af0,1156511000,48,m.cdwyzs.cn/*
6a4a54272a3fcdd47c5365a747c00381,1156510100,12,www.lrzs.com.cn/*
6a67409b15123f1b6d61df87449d42a2,1156510100,4,m.shj.cn/*
6a7b0a9089eb43c0ba465eceaca5bb63,1156511600,53,m.cdwyzs.cn/*
6b0fc22586583ea75e30dd76a69eb1a4,1156510100,6,m.cdwyzs.cn/*
6b1200ab681980c8ecaaf29cddb81945,1156512000,2,m.shj.cn/*
6b18146d54de742e9a69aed81cf46c32,1156510100,2,m.chuanhaozs.com/*
6b69cbd4758a6bafedcb3f91c35fdb92,1156510100,1,m.shj.cn/*
6bc399aa45473c16019cbd360b81e668,1156510500,5,cd.m.dyrs.com.cn/*
6bd16ccbb01aa7330e9caac3ee9553ba,1156511400,3,m.cdwyzs.cn/*
6be0f01b9db5e4b40e7cf782e4f9029e,1156511100,11,m.cdlrzs.com/*
6bf8f7952a26d4f99c961dfd59fecad5,1156511100,68,m.cdwyzs.cn/*
6c002913a83a81b30c0256f3f936737b,1156510700,68,m.cdwyzs.cn/*
6c8b644d9553c8d36f1285fe7dbf6103,1156510100,19,m.bzzss.com/*
6ccf54d61a059b136477f54a19bc4ce3,1156510100,1,cd.m.dyrs.com.cn/*
6cd8f5d4e714aa6bc6b5fa8577ffcad9,1156510100,12,3g.xjszs.com/*
6cffaa444535c18814954425508841bf,1156510300,33,m.cdwyzs.cn/*
6d0efcb6f3aeb412bf3636aca13886da,1156512000,45,m.chuanhaozs.com/*
6d0fb0dcf02fec3bbb32bc59036a8f53,1156510100,55,www.ztxzsjt.com/*
6d9b909bf3b63d4cf9a90a6e2639014c,1156511400,100,m.cdwyzs.cn/*
6dea3b2c81cc2499bfddfeef50cdc706,1156510600,2,m.cdwyzs.cn/*
6e59c9e1466353a563401ff08a5b4b9f,1156510100,1,m.cdlrzs.com/*
6e8d802a12fd452427e0967a5eb920d3,1156510100,35,m.cdwyzs.cn/*
6ea8febcefc9374427a08376a6093c6f,1156510100,13,m.cdlrzs.com/*
6ecbaeb6a38eadb96e7937ff4f613d28,1156511300,27,m.cdwyzs.cn/*
6eda1679ecfd259bbf91f92aa57ad934,1156510100,40,m.chuanhaozs.com/*
6ef79aefdffc9faa9e1997625f581f95,1156510100,46,m.cdwyzs.cn/*
6f26484e8155369574855fd86ca65a79,1156510600,3,m.cdwyzs.cn/*
6f4be85dce66976466ae97c597a840ba,1156510100,50,m.cdwyzs.cn/*
6f5a7bec954b6fd224219aa01c5fae15,1156330300,1,m.chuanhaozs.com/*
6f6429b179c411af2dd04347f5642924,1156510700,4,m.cdwyzs.cn/*
6f6b67fc513e72bf046529f98d0601f8,1156510100,1,m.cdwyzs.cn/*
6fa3a29cb06e0f3f0a4bbbfc102eb3ed,1156510100,1,m.yzf.com.cn/*
6fb269f34551b15ef4de59d382ed8927,1156510100,55,m.cdwyzs.cn/*
6fbb910f315d1306d313a52ad1e97eac,1156510300,3,cd.m.dyrs.com.cn/*
6ff053d2184325c83ae6b8c1b885a9ab,1156510100,19,m.cdwyzs.cn/*
6ff2cc212850ce3fe41f572570e183b2,1156510100,74,m.cdlrzs.com/*
6ff4757bc6cd3015dd64b923449fcbee,1156511500,138,m.cdwyzs.cn/*
6ffbea48780273f3681c5e57479539ea,1156510100,4,m.shj.cn/*
704bcbbabc1e0751527337f3e9fd23c2,1156510100,86,m.cdwyzs.cn/*
70943e6e9fa7336e4ff247fc24ac1c98,1156511000,1,m.cdwyzs.cn/*
70b44c125d62f1a4ae123ebb10e30706,1156620400,1,m.hexinju.cn/*
711542d1d8305b4dcff9c0025ef255b9,1156511300,4,m.shj.cn/*
71236deb466e36a413e115a5ac9610cf,1156511100,60,m.cdwyzs.cn/*
714c1984c145a53708ceaadc965a72ff,1156340100,60,m.cdwyzs.cn/*
7178f4d3a4cf562e398c10c3fc59e28d,1156510100,60,m.cdwyzs.cn/*
71971fafa4ca7bdd0d271144da7c3fbb,1156511000,35,m.cdlrzs.com/*
71c406a9e96893e737d601fdaf38ad5e,1156511500,79,m.chuanhaozs.com/*
71e7d8196bc3704ec111f7470d2537c1,1156510100,9,m.cdlrzs.com/*
721ea0c8cf25d576ac42d1c2d25129d1,1156510600,67,www.ztxzsjt.com/*
7238915b9c08ba8c8ca500f2871bbe05,1156510100,4,m.cdwyzs.cn/*
727d8e13f8a4a05fda87bf3f808f6060,1156510100,10,www.wuyouzhuang.com.cn/toufang/h5/*
72a377795d1280f24b874ad68f931b3f,1156510100,1,m.shj.cn/*
730173cecf4efdb1bab7b17fd1302b00,1156512000,7,www.scxblzs.com/*
73141f0b6c3288aee0cff384dc650a6f,1156510100,69,m.cdwyzs.cn/*
737a9257a12a2fafab0a3511d059140e,1156510500,3,www.ch028.net/*
739e118a39e615f809a8d4a114d3f6f1,1156230900,2,www.ch028.net/*
73ad1388fdf5079fd805ec74e98dfdae,1156510100,7,www.scxblzs.com/*
73c6f6b2e930ed3fb07d614483be78dd,1156510100,38,www.cdsmhome.com/*
741154c4ce5908119ff73a1822da393b,1156511500,56,m.cdwyzs.cn/*
7453e5a9f26d582351e6fef28e830431,1156510500,191,m.cdwyzs.cn/*
749a648519e93ed6da3fe3b5783f60d5,1156510100,96,m.sljjzs.com/*
74c88d411fda2ac0f1052597048f9990,1156511000,7,www.scxblzs.com/*
75162fa2e8784b19a7e83957b37fe89b,1156510500,66,m.cdwyzs.cn/*
757976a670eb2f14122038bd24165347,1156511500,36,m.cdwyzs.cn/*
7590347f025f0d14afac9d27e7d5a0c6,1156513400,9,m.cdwyzs.cn/*
75ba92ab1015f9b080e1daf107108274,1156511700,76,m.cdwyzs.cn/*
75cf56c118381e63e739cfe0a1e595b6,1156510600,11,m.cdlrzs.com/*
761133a738fcbc4f2d99b8fd1bf75c0c,1156511900,30,m.cdwyzs.cn/*
761c37c5bc886ce7a640ff669828b2ac,1156510300,2,m.shj.cn/*
7627d19083d2ba09bcfb596ca7e2098d,1156510100,2,m.cdwyzs.cn/*
76593fb2f409811bb0dd438fbb3025f4,1156510100,1,m.cdwyzs.cn/*
76713ff1f09417c9e95adb76f9ee0b18,1156510100,4,m.cdwyzs.cn/*
76719a80c1f87ae934ebff55a09a6a0b,1156510300,36,m.cdlrzs.com/*
7693ad635cd289fb472fca8106f18dae,1156510100,1,m.cdlrzs.com/*
76a106ea374995529cbf08ed14199490,1156510100,68,m.cdwyzs.cn/*
76f9eca208fb3ded12d81202c7ad8466,1156511000,44,m.cdwyzs.cn/*
77476d814811c7ee7e874facd890d529,1156510100,54,m.cdwyzs.cn/*
7762bac926bf42f57926b47b83586707,1156510700,73,m.cdwyzs.cn/*
777b84572205f705ce85a3aeaaded488,1156510100,14,m.cdlrzs.com/*
77c70bc055ada8c1e9dd84d957c8d6b3,1156510100,1,www.ch028.net/*
77f01c6019ddd5331f86d56cc0421d6f,1156511000,104,m.cdwyzs.cn/*
78800d5d3108a598595c0106bc2419af,1156510100,14,m.cdlrzs.com/*
78ec1a580bb062504be049b89250a062,1156513400,37,m.chuanhaozs.com/*
78f9e65a40758e89ea36ed326241d9f1,1156513400,7,www.scxblzs.com/*
7940c3f418abb6d1512903f13dfff656,1156510100,10,www.wuyouzhuang.com.cn/toufang/h5/*
7965f1e43c60dabbc49434be57eb68f4,1156511400,1,m.cdwyzs.cn/*
79912856c4b687fba26f3abf91ea3937,1156510100,36,m.chuanhaozs.com/*
79b416360a29fb03c672e99f31614104,1156510100,1,m.cdlrzs.com/*
79d2c95a87e73effb3cf313286631e78,1156510100,62,m.cdwyzs.cn/*
7a4663fa9f78c5a17356c97820f96519,1156510300,2,m.cdwyzs.cn/*
7a4f73b404f7d330eac9ce947db339c2,1156510100,12,m.cdwyzs.cn/*
7a84aef72054c89659b1bc0cb0e363c2,1156510100,134,m.cdwyzs.cn/*
7a8e461290f97a8ad80b734c1443da4a,1156510100,10,www.wuyouzhuang.com.cn/toufang/h5/*
7a91c66ab2faca13df8387265e601d22,1156510100,55,m.cdwyzs.cn/*
7ad156f13ea5f5f0f5b03d0a0ca93c25,1156510100,1,www.wuyouzhuang.com.cn/toufang/h5/*
7add1fbd5f9e763dcadc24b3a6b95008,1156510100,9,m.cdwyzs.cn/*
7ae983530352e5a7750ce3d27d716595,1156510100,66,m.cdwyzs.cn/*
7b2d697ae28fc96adbce2718a417eb78,1156511100,6,m.cdwyzs.cn/*
7b38f5c0ba3c47ed202782d6d9e50bb5,1156511100,224,m.cdwyzs.cn/*
7b42154a6a26d029cee3a13e07415ca4,1156511400,12,m.cdwyzs.cn/*
7b5186fde569be8d086ef43abdc3a533,1156510100,50,m.cdwyzs.cn/*
7b606f0f7793352b528465eab9965558,1156510700,54,m.cdwyzs.cn/*
7b80d19aa1e203ec8a282af77f3b8db6,1156510100,37,m.cdwyzs.cn/*
7b80d56118614e83f28bd1837d3bd389,1156510100,6,m.cdwyzs.cn/*
7b96e67b0fa7b7790da6ad9972ded738,1156511300,2,m.shj.cn/*
7ba0cbd7b1e6a433b20eecd3e0243065,1156511000,29,www.ztxzsjt.com/*
7bd98b6c51ce81b3d3d0a541b59f49f7,1156513200,333,m.cdwyzs.cn/*
7bdc35638f61f7453a7a08bd9fa3d53f,1156510700,74,m.cdlrzs.com/*
7bdc4d2732fa75076c4137d2a74b34df,1156510100,57,m.cdwyzs.cn/*
7c187a6e47583aa746b43cd77aa5762d,1156510100,1,m.cdlrzs.com/*
7c8877162f9d9a39f7a3c86e0b8de056,1156513400,33,m.cdwyzs.cn/*
7c8c5f0f0240b874e9b52a879f56838b,1156510700,53,m.chuanhaozs.com/*
7cdab3172c051e08d40e3714455c9a7a,1156511400,8,www.scxblzs.com/*
7cdac9a477af72a6405d4e753fea054a,1156510700,1,m.cdwyzs.cn/*
7cdf2b7e437bd683fb59bfd8d19d7983,1156511300,31,m.cdwyzs.cn/*
7cfc66b303f3f6be09ae2d6637e803b3,1156510100,13,m.cdlrzs.com/*
7d2fabee3913f09d642f6f6db59262c0,1156511700,13,m.cdwyzs.cn/*
7d34d785067f7c73a5b63068920fdfa7,1156510100,63,www.scxblzs.com/*
7d3cd8dca19315ac78835674fd9f4769,1156511300,55,m.cdwyzs.cn/*
7d5d081f3f6b6429e59cbdf9c0575977,1156510100,6,m.cdwyzs.cn/*
7dabc248d3d6a3a0a98c06e533e2a221,1156511300,12,m.shj.cn/*
7dad45d82833c3d0d994db5797fd141f,1156510100,30,www.ztxzsjt.com/*
7e34a29eb5c62e78165938edefa3ef28,1156510100,98,www.ztxzsjt.com/*
7ec8fe1626a60ba3f38cecbd333c91c7,1156510100,49,m.cdwyzs.cn/*
7ee23d54c3c9c5da24b4ac36aa6e63a6,1156510700,10,cd.m.dyrs.com.cn/*
7ee26beb8d5d0e5fdcef2ec90bb96d1b,1156340500,22,www.wuyouzhuang.com.cn/toufang/h5/*
7ee2e3d1d0ebab3d1612df8ace9d5f3f,1156510100,66,m.cdwyzs.cn/*
7f0cd655146de9ca520398ac98e53742,1156510100,8,www.scxblzs.com/*
7f126caa813e3209c7374f973e896cc6,1156510100,12,www.wuyouzhuang.com.cn/toufang/h5/*
7f27d9f6ffafcc5361c9902e02e3912b,1156500000,29,m.cdwyzs.cn/*
7f91846e139764f899b3772993e6b396,1156511500,2,m.cdwyzs.cn/*
7fb94d60a8f5a5adad89cd654f446042,1156510100,6,www.scxblzs.com/*
7fb9e224a7777602817601fc6ca9e605,1156510700,11,www.wuyouzhuang.com.cn/toufang/h5/*
7fbb394b67bcb89a0a08daa07e7d9aa8,1156510100,2,cd.m.dyrs.com.cn/*
805eb42831d220c717ae0988aa51c5ea,1156510100,3,m.shj.cn/*
809f773c0162c99c59643509908bedde,1156510100,59,www.cdsmhome.com/*
80a73474829edf57d1581dad1c16bc28,1156510100,29,m.cdwyzs.cn/*
81006f29ed8ec45d4e745739136216ad,1156510100,34,m.cdwyzs.cn/*
81407515868af0fdb3b27de3dc88ab84,1156510100,7,m.shj.cn/*
8153fef54767bdd16f49079f08c522d3,1156520300,3,www.lrzs.com.cn/*
815876ec10956e86ff31c455939dfdf7,1156510100,49,www.ztxzsjt.com/*
816b9f76153d93eba9c1823d7e4db17b,1156510100,8,www.scxblzs.com/*
817f4d511d11e09aeff39c7ea7739c99,1156510100,31,www.scxblzs.com/*
8195b575faaab74ccf40f8c66a9a9a3c,1156510100,12,m.cdzpg.com/*
81e35bfbf02f40094f5ae94440901331,1156510100,12,m.cdlrzs.com/*
8280b6544f51bd7276b3b841e8485302,1156510100,2,m.cdwyzs.cn/*
828f7eefcfde0ee2d40ebb8848e8ecde,1156510100,29,m.cdwyzs.cn/*
82cb058363c1f3aceb75fc35810d72d7,1156510100,3,m.cdlrzs.com/*
82dc64d7c3c4cd3c7c045c7162c13434,1156510100,62,m.cdwyzs.cn/*
82ee426f6ba30b69840d5fc38b8a13fa,1156510100,10,m.cdlrzs.com/*
8336a88e8befc6f52f3d54983d4b6b4d,1156513400,7,www.scxblzs.com/*
835a5d1e23db12fdebdae46f1c16a411,1156510100,79,m.cdwyzs.cn/*
8379e32c74b5a4c12ae52e2b3f74f03b,1156510500,1,m.chuanhaozs.com/*
8452186b02e938edcbc7f5127340a218,1156511300,3,m.shj.cn/*
846e50f7d26522242653923ef878d418,1156510100,1,m.cdwyzs.cn/*
84bb4aa3e480a0ed959f71d7c9f23d27,1156510100,1,m.cdwyzs.cn/*
84cd2de7c81c59301ec3716399595e68,1156513300,91,m.cdlrzs.com/*
8507bd975b87132a597b154fde706f7d,1156513400,61,m.cdwyzs.cn/*
851da4b5c28ad2c9ae88cbbe94c410d6,1156510100,3,m.shj.cn/*
8532427bb99d180e7c7b6a8e59e7fc6f,1156510300,1,m.yzf.com.cn/*
853a1e3a1edb4b677db1ad9181532b5d,1156511600,3,m.cdlrzs.com/*
859f22bd5a8d8639de7cf2e231cb2977,1156510100,133,www.cdluban.com/*
85b94d576c70be87ac10e04b6c91a9ae,1156510500,3,m.cdwyzs.cn/*
86112a66c8cbfcf849f1bcedccbddbb4,1156510800,16,m.chuanhaozs.com/*
86699848bb89b6a8da66e2181103699a,1156513400,34,m.cdwyzs.cn/*
86c55932c2e156e9d575fffee325384f,1156510100,39,m.cdwyzs.cn/*
86fd15f9ece63953871fcb04829c1306,1156510100,14,m.cdwyzs.cn/*
86ffe8ecfee0ff5646bacca50fee6280,1156511900,36,m.cdwyzs.cn/*
8711f096909439f4039884c1a15c23d1,1156620500,12,m.cdlrzs.com/*
8728283dd4774ff0ef034330518dc202,1156511300,1,m.cdwyzs.cn/*
874ca2773b735641f94b42afd962b79f,1156510700,38,m.cdwyzs.cn/*
8769467e467751136c5e1feaac301e19,1156513200,3,m.chuanhaozs.com/*
87911f180a71ab0c3fd1f06711c37bb7,1156511000,1,cd.m.dyrs.com.cn/*
87a6fbb563cabea26f1ab1789a62a29a,1156510100,29,m.cdwyzs.cn/*
87b821d114066a0d0912f156a61ab3db,1156510100,12,www.wuyouzhuang.com.cn/toufang/h5/*
87c512495b6a41d97afcf93b34342a84,1156513400,1,m.cdlrzs.com/*
88105b2721b231d24fce3920c0faf063,1156510100,1,m.cdlrzs.com/*
882f5e78274f7fef67db831174e55614,1156510100,54,m.cdwyzs.cn/*
88633cf20131931ea0ab5f860c11eaa0,1156510100,32,m.chuanhaozs.com/*
88adf7ae07be1711e6dde2162eca5fa3,1156510100,50,m.cdwyzs.cn/*
88c340cabdd511e392c5052ac71d944f,1156511300,2,m.cdwyzs.cn/*
88cf485b73a318e00889c487938e27ed,1156511300,2,m.cdwyzs.cn/*
88f28daf131a23eec52b6171e0856bb7,1156511300,130,m.cdwyzs.cn/*
890ca004011d6f827ab3c3a5b91d2373,1156510500,61,m.cdwyzs.cn/*
8914afa784f12b6f971c1da887cdd63e,1156511600,5,m.cdwyzs.cn/*
8918717012ede522a43a28e52ed27aa2,1156510100,31,www.ztxzsjt.com/*
895b5d5ba1495370a6d2ed12b2528497,1156510100,1,m.cdwyzs.cn/*
89a616eca3d87e29d28dec7a0ecbca8a,1156510100,1,www.ztxzsjt.com/*
89b243d4e1af5dfdf087481351fa0494,1156510900,1,m.yzf.com.cn/*
89eb451fe6aaa068235b717986205fd3,1156510100,68,m.cdwyzs.cn/*
8a110547976c3684b5a395f2607a7f4b,1156511500,5,m.shj.cn/*
8a391fc3c9b391ec0071ca88c7dc356a,1156511300,2,m.shj.cn/*
8a41e52e93861273b385de8e6b96e2f1,1156511500,38,m.chuanhaozs.com/*
8abcfa2b0a574e146c0fd2b79799f464,1156511700,55,m.cdwyzs.cn/*
8adf5ef916fd8daf7de93e4d19261b1a,1156510100,118,m.cdwyzs.cn/*
8b0cd5cbe20b4140518fea10f5325690,1156510700,4,m.cdwyzs.cn/*
8b10b7f2eac3b76fef5cb13a0a272622,1156513400,3,m.shj.cn/*
8b121edfe4f20ae01c8d3faadfa3f4b6,1156341200,68,m.cdwyzs.cn/*
8b69806b31a42c574fb3fbeba41670c8,1156511900,17,m.cdwyzs.cn/*
8b6d3bcbd3fc8e4aeee7ddf8a0b44743,1156510100,69,www.ztxzsjt.com/*
8b8186446dd0fbad812271058cc43e7f,1156511700,120,m.cdlrzs.com/*
8b8a74e1fb8eec811a0dcdc733779844,1156510700,321,m.cdwyzs.cn/*
8ba8501fd54c5f175b974f524fa67adf,1156510100,66,m.cdwyzs.cn/*
8c62650ca758387fe33685030b66f938,1156511300,26,m.cdzpg.com/*
8c7c26c5b2e02c3f86021fd6bf50c156,1156510100,1,cd.m.dyrs.com.cn/*
8c882369b66ec332b66b795b1d8e104f,1156610400,2,m.cdwyzs.cn/*
8c8958cc065ee3db3cfd64a476ff7f86,1156510100,10,m.cdwyzs.cn/*
8c957d1d51ec41e1f7ab66ed8e8498ef,1156510100,6,m.cdwyzs.cn/*
8ca487658617db4934a47428ff8141c4,1156510100,14,m.cdlrzs.com/*
8cdc02f3c3fc15bca0ada04c7cfa5a9a,1156510700,1,m.sljjzs.com/*
8cec9abd0ddb47e98c73dca617d78541,1156510100,24,m.cdwyzs.cn/*
8d48f0d4600cd8c5ccd7345b74cb4d90,1156510100,7,m.cdlrzs.com/*
8d5a51602845e1e0ec0e8d7c2fa95b95,1156510100,8,m.cdwyzs.cn/*
8d72574c62e1dd622e1bf7848875231d,1156510100,33,m.cdwyzs.cn/*
8d92d289e8057f0afe0ce86d45a915e3,1156510100,2,m.cdwyzs.cn/*
8db24f1faaf655fc1ec0b9a4f9dd0103,1156511400,67,m.cdlrzs.com/*
8db3aa661f70e7d324127de55c231cd4,1156511700,4,m.shj.cn/*
8db5b1c8b00522b589fa42728015c7ab,1156510100,1,m.cdwyzs.cn/*
8dc71f27ff4df697d45d978678615790,1156510500,46,m.sljjzs.com/*
8e32cb03ce595d13f25a895c010a3221,1156510100,1,m.cdwyzs.cn/*
8e5908be9dcb92ff7c14f4c29d33a284,1156510100,1,www.ztxzsjt.com/*
8e7e54705d4e5891521499ca9eec008d,1156511800,59,m.cdwyzs.cn/*
8e91445d7a9e19c7f172b02d9e968445,1156513400,17,m.cdwyzs.cn/*
8ed34b634d629b0a6db25151103b17eb,1156510100,1,www.ztxzsjt.com/*
8ed79b7871e0b7ef6ea50b133bfcf113,1156511300,51,cd.m.dyrs.com.cn/*
8eec75f2b1b56029beb6838c2419bad1,1156620100,108,m.cdwyzs.cn/*
8f8ef44fbd58ea7d639debac5260e6fc,1156510300,1,m.cdwyzs.cn/*
8fb0cec4176fd26aac9c4df7cb31ff51,1156510100,47,m.chuanhaozs.com/*
8fe6f4bb0b6bc83252748e474e9cbe53,1156510100,8,www.wuyouzhuang.com.cn/toufang/h5/*
907666773e2092010014e4701b22d3c1,1156510100,3,cd.m.dyrs.com.cn/*
90a5056b1c5ddd1f8cec1dbaece124c2,1156510600,24,m.cdwyzs.cn/*
90af07a481e5b5f53cf5911b481cc0fb,1156511300,52,m.cdwyzs.cn/*
90b308c9953ca8e4a9bd3f4f3d14f27c,1156510100,43,m.cdwyzs.cn/*
90dbc5a8b3f9343b84d863983a046ceb,1156510100,1,m.tdhjz.com/*
90e9c3116ea15ca685c6529f849cb462,1156510700,9,www.scxblzs.com/*
911cf27634a9dfccd05d827bdfb90b0b,1156510100,26,m.cdwyzs.cn/*
913f33bc00a02762bfe3bed57bf51f1d,1156510100,51,m.cdwyzs.cn/*
91953ca96d10f11c5980cd6755539990,1156512000,3,m.cdwyzs.cn/*
91cefacedd0ff3edfabab8ecd58c8a2f,1156510700,45,www.ztxzsjt.com/*
92044dcd0fdf068c82951266c1a3da7e,1156511000,13,m.chuanhaozs.com/*
92251fb29a8473f67dfd58f104ba9dfa,1156510700,13,cd.m.dyrs.com.cn/*
928406b98256b14cffff799c9b829b61,1156510100,12,m.cdwyzs.cn/*
92dde0649f75d2de48ab6744954c3cf1,1156511900,53,www.ztxzsjt.com/*
936371dcf8dcc143a916010e7a3f87f9,1156510100,72,m.cdwyzs.cn/*
93a46d6ba2a58dc31eddbc7580dcfa50,1156510600,40,m.cdwyzs.cn/*
93ec5db64504786f873168b2b39e7fdf,1156511100,71,m.cdwyzs.cn/*
945b20dba5269709ea695f71a9a65752,1156510100,8,www.wuyouzhuang.com.cn/toufang/h5/*
946bada90f2c2821924e767647495ca4,1156511400,20,m.cdzpg.com/*
9478325ce7e270f89c9829654ac87529,1156511600,12,3g.xjszs.com/*
948625a4a31315fdc021e78ab4f892ed,1156510100,65,m.cdwyzs.cn/*
94a538f81e83357a52fed56baa5d54b7,1156513400,4,m.cdwyzs.cn/*
94ac8271dff6e15e54c603608178e57f,1156511500,9,www.scxblzs.com/*
9521fed668a507993bb038423bd1b446,1156510500,67,m.cdwyzs.cn/*
95c6d0aa41f87f9c1ead899615d3d642,1156510100,12,m.cdlrzs.com/*
95caa5a7e4cd3d78b6f714f1f21d8752,1156510100,29,m.cdwyzs.cn/*
95d0f69af4e17b90e0f29667b99d35f4,1156510100,68,m.cdwyzs.cn/*
95f4ba245e7ba2f363df5abfbb04716a,1156510600,5,m.cdwyzs.cn/*
9614d2e067428f5dcbf8a4509629b1aa,1156510600,10,m.cdwyzs.cn/*
96161e968ad17e73268d4461a72cd9aa,1156510100,3,m.chuanhaozs.com/*
963b686185fd53911315f43e3e63b3ca,1156510100,126,m.cdwyzs.cn/*
965fc4b1ba872ff69d41046b79facada,1156510700,2,m.cdwyzs.cn/*
9667b269fd73e270a4eaaf0a43a474ce,1156510100,39,m.cdzpg.com/*
96baeaf12ebcd64fa19f6d25a102a6d6,1156510100,8,www.scxblzs.com/*
96c683f252daf1e6bf5ed6207217f4df,1156510100,39,m.cdwyzs.cn/*
96d0ea9ff38d52fd68502e554402c920,1156510100,6,m.cdlrzs.com/*
96d64bcdf2c7d282c5c4fa7d7aba1029,1156510100,1,m.cdwyzs.cn/*
96d9f3300c5a18564551b23af8b6c1ba,1156510100,1,www.scxblzs.com/*
970aef0a16920057d1e021c2834af4e0,1156511400,1,m.cdwyzs.cn/*
9734c436ec90ca62ae16eae0d4044e9a,1156511600,1,cd.m.dyrs.com.cn/*
9735ce6c60c022efb55dd38c9d997c29,1156510100,26,m.cdwyzs.cn/*
977efd5e55d60655655b866de890b976,1156510900,3,m.cdlrzs.com/*
97823240646b48c6981c7e4a148d7b22,1156511600,8,m.cdwyzs.cn/*
97b5e3c3de32a5bb78b9c5a9ab761496,1156510100,67,m.cdwyzs.cn/*
97bc6ac39dbf988d0c151a52d1e56123,1156511000,4,m.cdwyzs.cn/*
97ee66c05767074d8b1cc4c4820f87ce,1156510100,4,www.wuyouzhuang.com.cn/toufang/h5/*
9811242e892de2a4b7b79a93d6420518,1156511300,1,www.ch028.net/*
984af8aaae2eb45916b24cd9ee712bbd,1156511700,5,www.scxblzs.com/*
985a73ba10eb4498a31a531ba2e70b13,1156510100,153,m.cdwyzs.cn/*
998ad2bde13b1e098cdc74e866bd8f5b,1156510100,71,m.cdwyzs.cn/*
99e8b7b16076a3b056221ca1b786e4ea,1156511400,7,www.scxblzs.com/*
99edaca25f6bd52a3eb60c1a2b300984,1156510100,79,m.cdwyzs.cn/*
99ff0ddbba29256351e3e3740bda9fe8,1156510100,36,m.cdwyzs.cn/*
9a0c3e337d3600cc22ad00ab7886492d,1156511700,24,m.cdwyzs.cn/*
9a336b16d10911bbd9d4e44d039e5504,1156510100,11,m.cdlrzs.com/*
9a81d11643e927d91cec14e3888b5609,1156511500,37,m.cdwyzs.cn/*
9abf5e48d27d5a4b7b18cdfa544e1483,1156510100,1,m.shj.cn/*
9aca32421c08f29977a716baab99eb0f,1156510700,1,cd.m.dyrs.com.cn/*
9aea271d6d3d83fde1f672666b197512,1156511400,2,m.cdwyzs.cn/*
9b0f7b4409fa1537a343dee14718595c,1156511000,1,m.cdwyzs.cn/*
9b2ab5fd1e58c4c0bd59a38c23bcd52a,1156511500,1,m.shj.cn/*
9b57f9c4744685f8739d747f4b02ae8a,1156510100,15,m.cdwyzs.cn/*
9bd36457b244da8c5d907ca2fd3d2bc3,1156510500,94,m.cdwyzs.cn/*
9bddbe0a2c6f44c64e319224fe4c74ec,1156510100,59,m.cdwyzs.cn/*
9bf242033b900347c347d74825299eab,1156510100,1,cd.m.dyrs.com.cn/*
9c3d9ef6f75dc94ae532f4a411b8e446,1156510100,1,m.cdwyzs.cn/*
9c75a13844fd543f2b9b1acab4c8d62b,1156510100,12,m.cdlrzs.com/*
9c83140eb544ddd5b3b8022b24f38347,1156511000,79,www.cdluban.com/*
9c92c74265c6acec90f4419a858f98b5,1156510100,20,m.shj.cn/*
9c9ac964dfc2026ebeac746280e981cb,1156510100,61,m.cdwyzs.cn/*
9ca78df519d0a8b3ab026ca2bc462e9b,1156510100,25,m.cdwyzs.cn/*
9cb97b9dd4a43d5defc8fa30368fd32c,1156510700,92,m.sljjzs.com/*
9ce30d1afe67f68f7349a9444015d319,1156510100,45,m.sljjzs.com/*
9cf5c5f513ef9602dacc156d14f7b503,1156510700,1,www.ch028.net/*
9d0a81094f66f1d6c66fc89e31508a25,1156511300,2,m.cdwyzs.cn/*
9d1ae05bda8d114555e6ce29e9a0bcc5,1156510100,20,www.aslbzs.com/*
9d3557796cbc22d0c0876535da9f28d0,1156510100,1,m.cdwyzs.cn/*
9d588c2374e73d0c04a20c914e3051eb,1156510600,28,m.cdwyzs.cn/*
9d8fdf086791d2d9b26551bfbe71cd02,1156510100,80,m.cdwyzs.cn/*
9da1c55d8ad62ace7edfa59fe781954d,1156511300,5,m.cdwyzs.cn/*
9ddd90679b1e6d8152a910c5e216b43b,1156510500,104,m.cdwyzs.cn/*
9e137f0e4f512525062cd8ea0e01b4ca,1156510100,2,m.shj.cn/*
9e165b09d6f4f63cfc3f970836f8ef94,1156513200,22,m.cdlrzs.com/*
9e270f3cc1a220ac1c05a344fded52e1,1156510600,11,www.bzzss.com/*
9e9527614511caacd646c6cd53991bc1,1156510100,28,m.cdwyzs.cn/*
9ec20b7c33df9847ae3c2b0508e888d4,1156511300,22,m.cdwyzs.cn/*
9ed2a8eacd3557c8ec067c6d13f8c3d9,1156510100,7,m.cdwyzs.cn/*
9ef2091129a4e29a35c7f44467565a56,1156510100,2,m.cdwyzs.cn/*
9f0f5f54b8df01be3e25b643a6c4ce2a,1156511300,2,m.shj.cn/*
9f3b680eed140c5462442f8d1174f62c,1156511700,5,www.scxblzs.com/*
9f90b017896433a01837fe667f3ddbda,1156510700,105,m.cdwyzs.cn/*
9fe44b0833b603ab549ff2a293870bd7,1156512000,8,m.cdwyzs.cn/*
a00895d1afae7c148712100af55bf393,1156510100,25,m.cdwyzs.cn/*
a02bb7e3fd9a6e7f3930cffa248a18f6,1156511000,26,m.cdwyzs.cn/*
a08be067d344a322642f7e4108d01e2c,1156510100,8,www.wuyouzhuang.com.cn/toufang/h5/*
a0971674bb43560e64e1acb4d3c28c17,1156511300,1,m.shj.cn/*
a099a7f186a8adcf1d0738e11c7cd7c6,1156510100,1,m.cdwyzs.cn/*
a0d255cd3172638cd45f55592530f9ae,1156510100,2,m.shj.cn/*
a0f19f8b5abead21e1761420b3c60f49,1156510900,4,m.cdzpg.com/*
a118a339d3fc5af216a19f84149dd13c,1156510100,13,m.cdlrzs.com/*
a1a76ba47f9a2a299aaf2c5388af04c9,1156510100,1,m.chuanhaozs.com/*
a1b77f30be2c9c0387d4c786cad236c0,1156510800,60,www.cdsmhome.com/*
a1ec397befa76f8c8b4dfcee081cf241,1156510400,36,m.chuanhaozs.com/*
a1fef55b0a48dcd8bcb2a35144fe6de1,1156510900,18,m.cdwyzs.cn/*
a21826484e72975f4b2fd9dca1544fab,1156510100,26,m.cdwyzs.cn/*
a242c82946bf61e01bb9e162d5c074d9,1156510100,40,m.cdwyzs.cn/*
a24d93fc2233cd87be02eb74c8ac3be5,1156510400,2,m.cdwyzs.cn/*
a27b17855a0fe14033f7e6227b533c43,1156542300,2,m.cdwyzs.cn/*
a2ea99482c0d23074e1ccaac05f4541c,1156511100,9,m.cdwyzs.cn/*
a3022bf214896ace6b25f91ca6236cbe,1156510100,12,m.cdlrzs.com/*
a367fb2faa96c9bd40dac136f9bd9858,1156510100,3,m.cdwyzs.cn/*
a369d21ff8a8cf7aebf506f0282a827f,1156511300,3,m.chuanhaozs.com/*
a377c768896da909217efde8362d2743,1156513300,5,m.cdwyzs.cn/*
a37b2931e9744e176f9a0e949bc3be91,1156510100,1,m.cdlrzs.com/*
a397eb2ef8a1b7fd5b1dc48119dc2095,1156511400,29,m.cdwyzs.cn/*
a433afb525aea473bc6c7838d381cc71,1156510100,1,m.cdwyzs.cn/*
a434111bd7c92f0cbd2189528ba19a2f,1156510600,2,m.shj.cn/*
a458a5902172fb3236aaf9bc492c1b1a,1156510100,3,cd.m.dyrs.com.cn/*
a49d0429f13cb6d9708d9e2daa07bf27,1156511300,1,cd.m.dyrs.com.cn/*
a5662eaf0d1ae88c4792e34b85a185a7,1156500000,51,m.cdwyzs.cn/*
a570c8fc5ee8cc2e936b8c4b9cbaeff8,1156512000,38,m.chuanhaozs.com/*
a5d87cc1d58dd36895bae9f835a9ea41,1156510100,98,m.cdwyzs.cn/*
a5e3bb981818dfbdaaae6dbc917ed260,1156620300,2,m.shj.cn/*
a5f196a63ad23a47229565a89e5d0172,1156510700,56,m.cdwyzs.cn/*
a605269dbabaaa6a9e639ac8c8724328,1156510100,8,m.cdwyzs.cn/*
a61bbdb660ad5b7d5e4afb2af18aaec6,1156510300,2,m.cdwyzs.cn/*
a62bce061e3249088c8d69f0235736d6,1156511300,2,m.shj.cn/*
a62e1fc4e7f1324b01502d38e7fcbddd,1156510100,1,m.shj.cn/*
a63575f2812bb4a4aa14df462147c672,1156510500,35,m.chuanhaozs.com/*
a639691e26c10f612e75b41f450c2098,1156510100,56,m.cdwyzs.cn/*
a6452097b35d7a90084d3ba31aeafd31,1156510100,3,m.cdwyzs.cn/*
a648cd4f64595cdc3a49ab081ba46db9,1156510100,2,www.ztxzsjt.com/*
a68e5f19a39892e27ff0bdf1f041c90c,1156510400,19,m.cdwyzs.cn/*
a69be1184a37e060c013f4a6659583b2,1156510100,108,www.bzzss.com/*
a69d159973916d6718aae94af5d1ac67,1156510100,108,www.scxblzs.com/*
a6cbc5d6190f6b242b249fcf10f2c55e,1156510100,1,m.cdlrzs.com/*
a760f8b9c28fb38cb591bb6ba2bc35cd,1156510100,6,m.cdwyzs.cn/*
a776b46f092cf551d2dd703c654efaf9,1156510400,4,m.cdwyzs.cn/*
a7c72c262ab3f9efc57cd04d60322277,1156350200,1,m.cdlrzs.com/*
a84ed95bd378007baffac43ecbb8d90a,1156512000,68,m.cdwyzs.cn/*
a89306a5de987a218b00df0597d9efff,1156500000,32,m.cdwyzs.cn/*
a8bc7efdb8c29cc681df0bccbd3661b2,1156510100,65,m.cdwyzs.cn/*
a8c15bcc8eea52fb27a01906b7dc2667,1156510400,5,m.shj.cn/*
a8d868228628213974c7559352cef60d,1156511800,42,m.cdwyzs.cn/*
a90090f014ca3b11d94044d0f1a2ba0f,1156511300,18,m.cdwyzs.cn/*
a914b0ff855a2e2895c5321c5130cb62,1156510100,12,www.wuyouzhuang.com.cn/toufang/h5/*
a91ad31750246efd3715408435143829,1156510100,67,m.cdwyzs.cn/*
a9472a87f7bec1f5530f848cb775d253,1156511100,1,m.cdwyzs.cn/*
aa912a7ec772ee6bc290736515dbda45,1156510100,31,m.cdwyzs.cn/*
aad48b5e12c64742780576ac48cd7b7c,1156510700,8,www.scxblzs.com/*
aadfc46e18b1762919ad36987ca3da85,1156511700,57,m.cdwyzs.cn/*
aafdd6085ca145788112925f5f6241ee,1156510100,3,m.cdwyzs.cn/*
ab09e375cb1fd227992fe6b63a7f7763,1156512000,36,m.chuanhaozs.com/*
ab2062487e9f05e908b9fd513f707e8f,1156510500,29,m.cdwyzs.cn/*
ab9654d39458d450e100b72864c16f1f,1156510100,101,m.cdwyzs.cn/*
abaeb0383f705e43a926a6df5b4268ae,1156510100,1,m.chuanhaozs.com/*
ac109089f01ceb167eba77e1844554f3,1156510600,1,m.cdwyzs.cn/*
ac2a6e6cbc599f5887f916e3a1c3c27c,1156510100,45,www.ztxzsjt.com/*
ac446e46e92ab9b69d102737adf4dceb,1156510400,18,m.cdwyzs.cn/*
ac95ece0d1362aee66e123f48c8065ed,1156510700,65,m.cdwyzs.cn/*
acb4735bb644b77e3ba6ad9918989c60,1156510100,2,m.cdwyzs.cn/*
acdf4f9bc84b2faed9313e96dc22bb3a,1156510100,12,m.cdlrzs.com/*
acee1746a3c39dfd391982967cf70b1f,1156511300,3,m.shj.cn/*
ad00882fc91e9e13bb0e28f700b87f9f,1156510100,1,cd.m.dyrs.com.cn/*
ad50d6001c5a991a7fed487a277dc2f0,1156511300,1,cd.m.dyrs.com.cn/*
ada22a23c9d563802f3214650f2e3bcd,1156510100,32,m.cdwyzs.cn/*
adbae24a8a7023b9a2da4745a8cae949,1156440300,188,m.cdwyzs.cn/*
ae35b676e0bcf1c7d100b162bd8de090,1156510100,61,m.cdwyzs.cn/*
ae5fda35ca7a3fb25fdadc32cb9a95e8,1156510100,1,m.cdwyzs.cn/*
ae7bcc7fb3cacb1632f810233a737832,1156511300,6,www.scxblzs.com/*
aea49ec5ee149a886295db8e2c206f0d,1156510100,11,m.cdlrzs.com/*
aeb25d5e026e4ea6e1bae97e9dbbfff9,1156510700,3,cd.m.dyrs.com.cn/*
af03a128d21d9c20aec97c10357d837f,1156510700,2,m.chuanhaozs.com/*
af15db00afcc9a8e25c2cc5405da1c70,1156510100,2,m.cdwyzs.cn/*
af60ac741c247917fd60d36d834749a7,1156511300,2,m.cdwyzs.cn/*
af9a67415be632421b3b46c7c1ef4479,1156510300,74,m.cdwyzs.cn/*
aff546c9a47ffd1902c7057b403f234a,1156513400,56,m.cdwyzs.cn/*
b05f16c3b46aad74b2bea55a77796f76,1156511400,4,cd.m.dyrs.com.cn/*
b0bce8ea733989ae198699ee6bb85e69,1156510100,10,m.cdwyzs.cn/*
b0c23bd963cbcf3f80f084d385a2900b,1156500000,523,m.cdwyzs.cn/*
b0fe536ee71a679d325196e5dda9dde9,1156510100,34,m.cdwyzs.cn/*
b11b55790ae2e420fc6714314e2a970b,1156510100,46,m.cdwyzs.cn/*
b16bb01b3f057a2622055e139a0d12ec,1156511300,53,m.cdwyzs.cn/*
b18c9e469ec35b5cff33eda4ddee932a,1156510100,26,m.cdlrzs.com/*
b1dcea95e4a6fc33a418f0a05b91e106,1156510100,1,m.cdwyzs.cn/*
b1e1407ef6ad7fb393b99c98512fed87,1156511300,79,m.cdlrzs.com/*
b1ed5c97effd191892e76ee30d804b78,1156510100,5,m.cdwyzs.cn/*
b1f67b37a73c4e0665373d244db510af,1156510700,58,m.cdwyzs.cn/*
b1f7d7f2bab58e9fd3ef7f71367849fd,1156510100,6,m.cdlrzs.com/*
b25296069fc67b0a83472599169e3282,1156510100,10,www.scxblzs.com/*
b25a9a5bf8b8b601c188fdc1866d1e56,1156510100,56,m.cdwyzs.cn/*
b291dbe71bf87296aba0a50a1914cc27,1156510100,1,m.cdwyzs.cn/*
b2c207766afd484bead12753d6d3a41b,1156510100,9,m.cdwyzs.cn/*
b2c3d5bed94eeba1a110c5f854010b3e,1156620100,27,m.cdlrzs.com/*
b2e6c57427b0b3e85ea1b3ad8b28fb66,1156510300,3,m.chuanhaozs.com/*
b2f1e12b2c850fb447e28d9c06a8cc2f,1156511100,6,www.scxblzs.com/*
b2f9694ea2aae2af3826a70a3ff61859,1156510500,41,m.chuanhaozs.com/*
b368c01db9ae43c8bb58f69c5520e7ce,1156510100,2,www.scxblzs.com/*
b36a0cf8bd86b1cd05c554d84bccf6db,1156511100,4,m.cdwyzs.cn/*
b3b208eb12c156029cfe22854bc245aa,1156320700,4,m.shj.cn/*
b3b5c948d47ada184473082ed31f3c26,1156510100,1,www.wuyouzhuang.com.cn/toufang/h5/*
b3cc95b918c0a46f8b9d3dabdb326260,1156510100,2,m.cdwyzs.cn/*
b416c0fc82c0142141645998fb8c067e,1156510100,13,m.cdlrzs.com/*
b48390cafa7354c1bb9c9f3558990cdf,1156510100,27,m.cdwyzs.cn/*
b4c7047deb15d48b94091b24940b8efe,1156510100,3,m.cdwyzs.cn/*
b4d4616cb1a6cdb114bdb06fec3d1a36,1156510100,28,m.cdwyzs.cn/*
b50e168015d27571c35b45bf5ac0e3db,1156510100,28,m.cdwyzs.cn/*
b570c8e5b66a80105ce6f2981d53ff19,1156540100,7,www.scxblzs.com/*
b5982ddb0dc2fa188793bdeb1ffae808,1156511100,34,www.ztxzsjt.com/*
b59a8df14be5b08cc9d6b596cd990e36,1156511600,52,m.cdlrzs.com/*
b59b43fcddf67d74f0f773f73b0d72f5,1156510100,11,m.cdlrzs.com/*
b5bbdc9458af7dd70bb45f8356f2f097,1156510100,52,m.cdwyzs.cn/*
b5e66541431bb1f1055ae26b3600e75b,1156510100,14,m.cdlrzs.com/*
b63abe418643f23242286c154c6227d5,1156510700,13,m.cdlrzs.com/*
b69f566e42092a7e433b106afd2f64b3,1156513400,2,cd.m.dyrs.com.cn/*
b7093fdc930f160384061c5d09bc6447,1156510100,21,m.cdwyzs.cn/*
b7ca1b1bfb2aa47c3f3159a5a40eed21,1156510100,33,m.cdwyzs.cn/*
b7cf907624c2318dc109fcfcb8dd19af,1156510700,5,m.shj.cn/*
b7e97ecdd109eab9f9de3513e2d0a083,1156510700,58,m.cdwyzs.cn/*
b80f6456295dd3ebf6af3326ce611b96,1156510100,38,m.cdwyzs.cn/*
b81593f538335146b4e19e8391b65661,1156510100,8,www.cdsmhome.com/*
b82ea51bdce3bd5cdfe95f44131c2ebf,1156510100,53,m.cdwyzs.cn/*
b886f3513c293e68182ee661dab14276,1156511300,31,m.cdwyzs.cn/*
b8a3b9c6fb606ade2490a8f0ba2d7686,1156510700,28,www.ztxzsjt.com/*
b8d2d64fa3b9415c199303afb3a3fe40,1156510100,12,m.cdlrzs.com/*
b8fc86ff8ffd73354333e18932004199,1156510100,39,m.chuanhaozs.com/*
b9470d3387a306430a83305ec219ea83,1156510100,31,m.chuanhaozs.com/*
b94b16fc80c4f59e14de8e3a4cd98656,1156510300,172,m.cdwyzs.cn/*
b96130a228e27bfae62fe349b08135f6,1156511300,3,m.cdwyzs.cn/*
b96a910eaf08249244b6e2ede55f0278,1156510800,3,m.shj.cn/*
b98d1b640c9e43595636ff002afe13c5,1156510100,54,m.cdwyzs.cn/*
b9a910f3dadd8d6c2613ba04150cef43,1156510100,5,m.cdwyzs.cn/*
b9cc2e65af411c9647e614a7c525f017,1156511500,72,m.cdwyzs.cn/*
b9d293e132fed4a9a3d45f7883b27649,1156510100,1,m.cdwyzs.cn/*
ba21af226d96f2f34d8ea3c044380bff,1156511300,2,m.cdlrzs.com/*
ba3136b9c77ade4ef2a5d1a7fa7e45dc,1156511000,1,m.cdwyzs.cn/*
ba3e51eef17be9332cbb7afedc7aa890,1156511500,31,m.cdwyzs.cn/*
ba476dce17a563eec6c043683480b1c0,1156513400,6,www.scxblzs.com/*
baadf0359d1136bd38cefa6950f5278c,1156510100,2,m.cdwyzs.cn/*
bacb2ccdbe920dad9d66b062480d0a4f,1156510800,20,m.cdwyzs.cn/*
bad3ca10a1a78485f5db68fb1f393487,1156510100,11,m.cdlrzs.com/*
bafed33a71c3cae8cb99a7b5f2405887,1156510700,3,m.cdwyzs.cn/*
bb0ce695161a2608b77fb3e12a9a427f,1156510100,6,cd.m.dyrs.com.cn/*
bb1b20fb4018be17ccb4e9002320e498,1156510100,52,m.cdwyzs.cn/*
bb2fffd3a0a231d690e6d0d94c981829,1156510100,22,m.cdwyzs.cn/*
bb54ede56005bb067c1f73a180ee6cfe,1156510100,1,m.cdlrzs.com/*
bbaf0cc40f10615a5592625e2f51622f,1156510600,2,m.shj.cn/*
bc4eac19ab0b5602e08d6e001f25d688,1156510100,8,m.cdlrzs.com/*
bc55b6ad2f2fcc5e3c175b95feae22a5,1156510100,8,www.scxblzs.com/*
bc5e90e73e434f05bd4e143228c049dd,1156510100,1,m.hexinju.cn/*
bc6ad9f2080eef85abaac00aaabea459,1156513300,6,www.scxblzs.com/*
bc983d97172f10a4597b07a6de360159,1156511700,134,m.cdwyzs.cn/*
bca83509bcc85e3cb3d869384d2c57c9,1156512000,64,m.cdwyzs.cn/*
bcaa7253e36c2750d96e3efe0e996e12,1156510100,63,m.cdwyzs.cn/*
bcc5609a519e97f5de7934dced755f80,1156510100,3,m.cdwyzs.cn/*
bcda344cc146b7146631e770d180a770,1156511800,5,www.scxblzs.com/*
bcf5e734afdda4f73fa528c80de95b92,1156510100,5,m.shj.cn/*
bd2f611bbd6e3e0e686ff8685cc43ace,1156513300,2,m.cdwyzs.cn/*
bd422b22855ac3f76dc7c204c5780749,1156510600,23,m.cdwyzs.cn/*
bd6dcda90a2f79d8c1e88bc861fdf5be,1156510100,64,m.cdwyzs.cn/*
bde5cc957542108e4b93a1c2993e84dd,1156510100,1,m.cdwyzs.cn/*
bdec7e84b63ebf3d002ed0e9c7ffe7b3,1156320200,59,m.cdwyzs.cn/*
be1f853f9c1c3b302272600ddcc93f44,1156510500,6,m.cdwyzs.cn/*
be27690354aeb046ad3a470cc0a74057,1156510100,32,m.cdwyzs.cn/*
be584fbeb90b820b842868b793225087,1156510100,1,m.cdlrzs.com/*
bec856b7e98fad3c397091697cb6f76e,1156511300,20,m.cdwyzs.cn/*
bee7c376a80e9999585992b3d7cbff48,1156510400,21,m.cdwyzs.cn/*
befe1c256580b9d8a282162d5178b511,1156510100,18,m.cdwyzs.cn/*
bf4dae20c6c3d5434f495ac552740824,1156510500,24,m.cdlrzs.com/*
bf7eef640942864a107ba00275dac61c,1156510100,1,www.ch028.net/*
bfabcbd2e80f91ce9d604ee5b5cc724b,1156511800,429,m.cdwyzs.cn/*
bfb94ac28e1f35acd1cf7b1bcd3567ce,1156510700,29,m.cdwyzs.cn/*
bfbd9761543e8b84181d730bf9a394e7,1156510100,68,m.cdlrzs.com/*
bff064b455d7ff1f26ae64ba9f94277e,1156510900,1,www.ztxzsjt.com/*
c03342115018494e015d14617c45e723,1156511400,218,m.cdwyzs.cn/*
c0860232cb58183fced08bd24cc30509,1156511100,56,m.cdwyzs.cn/*
c0887c503bf94b082798c1df776e21ae,1156511800,8,m.cdwyzs.cn/*
c0afea5f7124fca70085be46366c23b8,1156510100,1,m.cdwyzs.cn/*
c0f5b711fafef7fbacd4e339afe06c46,1156511400,72,m.cdwyzs.cn/*
c1396ef6df96d46d3c216b8524fc8aed,1156511500,22,m.cdwyzs.cn/*
c13ac1e41d69057c1a2bfcafd7e9a816,1156510100,22,m.cdwyzs.cn/*
c14205433e702ae25b438236d0693e76,1156510100,2,cd.m.dyrs.com.cn/*
c1458e98c308b27806d5940a2a580281,1156510100,89,m.cdwyzs.cn/*
c20ccea5700589361a605883ab9b2f4f,1156510400,8,m.shj.cn/*
c21c15c0161d56f30c81509077d025f2,1156512000,5,m.cdwyzs.cn/*
c2b549c6318f6002a0afc263ccb2a66c,1156510100,2,m.cdwyzs.cn/*
c2fa60394f67cea0fd1283e447237934,1156510100,287,www.scxblzs.com/*
c32cfdae023a2cd6bad91c525e46e536,1156510400,57,m.cdwyzs.cn/*
c34cdf04641da125c2144e825ca8bc26,1156510100,205,m.cdlrzs.com/*
c358fa9afd2402ede81a133766a71ecf,1156510700,6,m.cdwyzs.cn/*
c3b5fda78c9aca6b38e7b072b50eb628,1156510100,6,www.scxblzs.com/*
c3c7b517217a671b0fa18f4bcdca4426,1156510100,20,www.ztxzsjt.com/*
c3f20daa7fe9c711e2bf5fffc5925941,1156510100,17,m.cdwyzs.cn/*
c3fa465a0a0d3c856aa00126790ef536,1156510100,180,m.cdwyzs.cn/*
c3fb3c7c2de126c9b97c2203c01ec2d3,1156510900,16,m.cdzpg.com/*
c44d4faca43444aa1db44319911f29b4,1156510300,74,m.chuanhaozs.com/*
c49cf82ccd51b89e80380244668f7520,1156511700,30,m.cdwyzs.cn/*
c49e2cb4e6c20bdbc1525e115d0ad1ee,1156510100,1,www.ch028.net/*
c4a3ffcaa727d123fde7d7f3c16c33e6,1156510100,29,m.cdwyzs.cn/*
c4b411c5cfca5287542e3f6d89eba494,1156510100,69,www.ztxzsjt.com/*
c4db44c146a4772c70fafc092fe2f122,1156510100,2,m.cdwyzs.cn/*
c4ec25a60d9b7c63b4a3f99f183cf0d2,1156510100,2,m.cdwyzs.cn/*
c5100780c24b70b2411f10b2dcd1ae7e,1156511300,14,www.scxblzs.com/*
c51df0ae2c4f4892761d650575fce018,1156510700,43,m.sljjzs.com/*
c554711a450b5b4ea890ed7901a36bb1,1156510500,190,m.cdwyzs.cn/*
c55e9cccba4a94e590f47c780fb8777b,1156510600,1,m.cdlrzs.com/*
c5727645724cd38aa8548790c4f19a07,1156510500,80,m.cdwyzs.cn/*
c5ae591675b44a3f1091bdb5e0d14c15,1156510600,3,m.cdwyzs.cn/*
c64bf4c2ba9a9496d70caf92e06c270f,1156510300,40,www.scxblzs.com/*
c64f5ec098b07c4fddbd45482d811a57,1156510100,52,m.cdwyzs.cn/*
c6cf10a49893a74abd8b2d464a4edeb4,1156510100,2,cd.m.dyrs.com.cn/*
c760becca1f7e6c70bc76021c51cf2cd,1156511300,3,m.shj.cn/*
c7ba3211c3d70bff90d5ec5a6865e92e,1156510100,63,m.cdwyzs.cn/*
c80b80d1b904a14d39431a31a2658e89,1156510100,1,m.cdlrzs.com/*
c8159f81a0d06d74a49862b5ad58c9d5,1156510100,1,m.cdwyzs.cn/*
c850be7340153b0a26b79280edc7dd78,1156510500,34,m.cdwyzs.cn/*
c888a0a56981dbe97e8b4e9d927d787b,1156510600,1,m.cdlrzs.com/*
c8c00a46db1d3049d3ffbe9614251ad9,1156510500,2,cd.m.dyrs.com.cn/*
c8d1b61760bcd6ee07d0bcb3bcb1fafd,1156511700,1,m.cdzpg.com/*
c94386cef7f9990e0a885d04e1f73ff1,1156512000,2,m.shj.cn/*
c94d7b45e9a6e5d6f6f6e341e0d891e2,1156511800,28,m.cdzpg.com/*
c966f61775b31a56dde0dae22c597cdc,1156510500,8,www.scxblzs.com/*
c98588f2ed375654e22a4e8c090181a4,1156510100,14,m.cdwyzs.cn/*
c98b2381d847fac83a5307a2895bdffd,1156510500,4,m.cdlrzs.com/*
c9c5855d37489e36a3219e7b5bdd63f6,1156510700,1,cd.m.dyrs.com.cn/*
c9fae4480a50b4e3bbff1166d62a0851,1156510300,299,m.cdwyzs.cn/*
ca26f214aaa753701d5a84ba272e4d4b,1156510100,52,m.cdwyzs.cn/*
ca2ac1266f216f4bdb49054ec36cab6a,1156510100,3,m.cdwyzs.cn/*
caef280644df76cb9583e167e0e9fb04,1156510500,6,www.scxblzs.com/*
caf1027a078a8d4e16aba023ef6a49b8,1156510100,9,m.cdwyzs.cn/*
caf71ebfdd545bece0ef0cc617dda1b8,1156510100,66,m.chuanhaozs.com/*
cb19b0184552530c61749c1e0afae67a,1156510100,168,m.chuanhaozs.com/*
cb5e679e239f98ca088712047886f9eb,1156530100,25,m.cdlrzs.com/*
cb9a3c1705270f850111199022006c06,1156510100,7,www.wuyouzhuang.com.cn/toufang/h5/*
cbcede27244ffcfadaefeccdcea4fb11,1156510700,64,m.cdwyzs.cn/*
cbe4c553bca1acde36bb225473cf0cbb,1156510400,89,m.cdwyzs.cn/*
cc3d8a5b15175bc0283a922bb7f7fd18,1156440100,5,m.cdwyzs.cn/*
cc6334a4856f2bdeaad0d2e25c4604e6,1156510100,9,www.wuyouzhuang.com.cn/toufang/h5/*
cc7a426de8f73a6a577ec2d7be687200,1156510100,35,www.scxblzs.com/*
cc81fa008d1a02d95d32323579d984f3,1156511300,60,m.cdwyzs.cn/*
cc9868d9f87d872f4a8da3054ef2f28b,1156510100,42,m.cdwyzs.cn/*
ccaa011c3cb935261e4d4c79c5109632,1156511300,69,m.cdwyzs.cn/*
ccb15bae98d19cadfc121dab5ea88ee6,1156510100,3,m.cdlrzs.com/*
ccbbdff763e90c1ac8b2cbd65a84e4a1,1156510800,9,m.cdwyzs.cn/*
ccf1c64576e171ec9eb72187e340ecb5,1156510800,27,m.bjlongfa.cn/*
ccfc98fc899c520078fc16d6c984d2be,1156511300,1,m.cdwyzs.cn/*
cd25b135739bbcca63218030fe7b82a7,1156510100,41,m.cdwyzs.cn/*
cd4fb1da173b127fc3ec196af51cad0f,1156511500,3,m.chuanhaozs.com/*
cd51f0a540574dd3f33176b5134b9363,1156510100,60,m.chuanhaozs.com/*
cd63c348b8154bb585f32c71ef404e7b,1156511700,89,m.cdwyzs.cn/*
ce1331ab1a0ad302bb44c52751147885,1156511300,4,m.shj.cn/*
ce439b373025d3ede5f3a642d445bacd,1156510100,12,m.cdlrzs.com/*
ce5ebedbd5518f2302ce3fd3d2f099ca,1156510100,37,m.cdwyzs.cn/*
ce6eb6f418fb841f19ddabe2bdab51b1,1156511100,73,m.cdlrzs.com/*
cea066880a290394330ac9be7beafce6,1156511400,120,m.cdwyzs.cn/*
ceea0d205f38a4df3d3e909b09a61e93,1156510100,2,m.shj.cn/*
cf225a93a2c9ecea131f53a39957e2cf,1156510100,4,m.cdwyzs.cn/*
cf63eacfb8d0028f06cfb71310ab81de,1156510100,63,m.cdwyzs.cn/*
cf834afe8e4e5556157cef191f02de0a,1156511100,1,m.cdwyzs.cn/*
cf9052ddc37e806ec6a9faf939318b8e,1156510500,1,m.chuanhaozs.com/*
cfb616b5f6fab73db46b5378e75eb944,1156511400,31,m.cdwyzs.cn/*
d02cabc16121dabfbc9c6cbbfbb17d77,1156510100,12,www.wuyouzhuang.com.cn/toufang/h5/*
d067d479e46917a8f0f79612473e89a2,1156510100,9,www.wuyouzhuang.com.cn/toufang/h5/*
d0bd95f78cf700d9285b0a30b23c3b8f,1156510100,28,m.cdwyzs.cn/*
d107e2078bb13e0eef3c1ce7535e590d,1156510900,47,m.cdwyzs.cn/*
d15a200477a542be0de4c21515f1244a,1156511900,31,m.cdwyzs.cn/*
d182110b1635f1127399a179d1cdc8b5,1156510100,73,m.cdwyzs.cn/*
d198714d4d7b8c53c99e6a8176b43af8,1156510100,33,m.cdwyzs.cn/*
d19cc61b54b1d05895642dad4829b299,1156510100,27,m.cdwyzs.cn/*
d1a3f2c974832d8ba98c22c354028844,1156510100,1,m.cdlrzs.com/*
d1cca3d932e796932b8f166b139a13da,1156510100,5,cd.m.dyrs.com.cn/*
d1dbcdc2b571017d5bdd0a5510db90cf,1156510700,114,m.cdwyzs.cn/*
d2537f85870b3ae7e5c66b77c4a85e4e,1156510700,43,m.cdwyzs.cn/*
d27e263a306650bd7f13618442196d76,1156330100,59,m.cdwyzs.cn/*
d2856e753fd4554e8cbd680e5bec0545,1156510100,86,m.chuanhaozs.com/*
d3232bea816a2502dbf180b2ad03fdc6,1156510100,7,www.scxblzs.com/*
d33308f47c1ee62e343041da9ff0dec2,1156511100,52,m.cdwyzs.cn/*
d37142837f11ab1c3a30f4469f4abb14,1156510100,1,m.chuanhaozs.com/*
d3c21e8bf1bb23a304f756c834db8765,1156511700,47,www.ztxzsjt.com/*
d3cc84db77bd6191af19fa1a4e21b04b,1156510100,2,m.sljjzs.com/*
d4007e086a7469d791258b7812395eb3,1156511300,122,m.cdwyzs.cn/*
d40cf0f68f56160c7467455e0ebdaffa,1156510300,19,m.chuanhaozs.com/*
d47a1615ae4c62b643f292b961d94dc8,1156510500,66,m.cdwyzs.cn/*
d4cb97899112fd917499663e3a0255a0,1156513300,106,m.cdwyzs.cn/*
d4d87b6fd9018166524fe6c980d071a0,1156510900,66,m.cdwyzs.cn/*
d4dd9902112366e47b87af998ef4a6bf,1156510100,48,cd.m.dyrs.com.cn/*
d5221cafb462f58d2b3c61f0ea5fd966,1156511300,73,m.chuanhaozs.com/*
d528e226e2f530b548e0ac1912b0e487,1156510100,57,m.cdwyzs.cn/*
d538eff629838e636ed2d3c092282a18,1156510100,51,m.cdwyzs.cn/*
d57ecdd97ec67f7989f96dcf93305389,1156511100,30,m.cdwyzs.cn/*
d5c4c194a627ed6d17ef00f0306ba389,1156510400,9,www.wuyouzhuang.com.cn/toufang/h5/*
d5dabe33e1951287cae0be926e9b6e40,1156510100,200,m.cdwyzs.cn/*
d5fffad47763c40f43a0dae5b203b9e4,1156512000,34,m.chuanhaozs.com/*
d645f21e5c19e845d7daea726bade0b6,1156510100,4,m.shj.cn/*
d647c328eacd85098601be669b868077,1156510100,2,m.chuanhaozs.com/*
d65304c229e98af7904926a74451a984,1156510100,16,m.cdwyzs.cn/*
d684a738b32fba26b700ede29a78d88f,1156510100,1,www.ch028.net/*
d68beaea35d61c640957ef0aec5d05cf,1156510300,1,m.cdwyzs.cn/*
d692faa8785b1122ede14750782827e5,1156511300,28,m.cdwyzs.cn/*
d6989af54a711f7922a1bc7a7baff754,1156511300,73,www.ztxzsjt.com/*
d69f9b1478ef118b83d1d87714e77183,1156510100,15,www.scxblzs.com/*
d6c653760245c78b159587e13544509b,1156511500,1,m.cdwyzs.cn/*
d6d7a0ec937932a1e1ad8f79920b551a,1156510100,65,m.cdwyzs.cn/*
d6f3d67e1c230fd18dc88866bd05cd3c,1156510600,70,m.cdwyzs.cn/*
d75d3dda473c1c92f10ec3902a6a7002,1156511300,72,m.cdlrzs.com/*
d8199fadb078cafad05fc97fce11a5ce,1156440300,7,m.cdzpg.com/*
d851110b2e05bc0ae836aaac040eadd5,1156511300,24,m.cdwyzs.cn/*
d874c4c57914ad2a90827f459e4f862a,1156513400,29,m.cdwyzs.cn/*
d89b8b0af120a791052d538029005d7e,1156510100,3,m.shj.cn/*
d89dd2143d6324f8da8790a3834cc459,1156510100,2,m.shj.cn/*
d96889498e35ac264a8b051f2a8423bf,1156510100,8,www.scxblzs.com/*
d98e2179ced77ba9f16243883eb0a4e2,1156511300,83,m.cdwyzs.cn/*
d99fc64de0d35d9ae1e3f51a20494dd7,1156510100,132,m.cdwyzs.cn/*
d9bbd732f5a3ac8526432e169850071e,1156510100,102,www.scxblzs.com/*
d9ddd6e75255469a13b22d94ba4d3174,1156511700,5,www.scxblzs.com/*
da13f62a315fbfab87d7e40323726457,1156512000,2,m.shj.cn/*
da2af0dd4b81040172d0c84939572388,1156511600,60,www.ztxzsjt.com/*
dad4713d88e7a0396382bc8a30a62d1c,1156510100,54,m.cdwyzs.cn/*
db06c8addd8e6601c94561555c0a0542,1156510400,5,www.falongfa.com/*
db097f8c2a1e2633e7c39485b7bb082e,1156510800,3,www.ztxzsjt.com/*
db1f8d84d23040aaf23b4c0f79edceee,1156510700,5,cd.m.dyrs.com.cn/*
db4db38be09d036c8154ac3bd20ffbce,1156511500,5,www.scxblzs.com/*
db717803dedc3bb24a1487f3f2967ea7,1156511000,48,m.cdwyzs.cn/*
db77c096f1881d8634a69fc9d5f41071,1156510900,2,m.cdwyzs.cn/*
dbad7e131f2872a06068fb4e8b3fa5b4,1156510100,29,m.cdwyzs.cn/*
dbe6e153093e156c8396946f21754fc7,1156510100,5,www.scxblzs.com/*
dc2698353cbe203c875ea72e1b7397ba,1156511800,31,m.cdwyzs.cn/*
dc9c170cd7e285c14954d388f9c59bb1,1156511400,8,www.scxblzs.com/*
dcf05ef4335463135979f7e5a648f81d,1156510600,63,www.ztxzsjt.com/*
dd0006226e50998d9d5d71f606a3ba04,1156510100,4,m.shj.cn/*
dd1b302d959da447c3eb34cde8ed1862,1156510300,75,m.cdwyzs.cn/*
ddbe1f82958102607e8d76625e8060a5,1156510100,1,m.cdwyzs.cn/*
ddef42f6a481db227066027720a1bff8,1156510300,53,m.cdwyzs.cn/*
ddfb8711732fa57e505fbb307bb6afb8,1156510100,13,m.cdlrzs.com/*
de47f10a57dd4c1599515e319482e392,1156510100,44,m.cdlrzs.com/*
de496e74e6b4dfa4d96262e54cd91640,1156510100,3,m.chuanhaozs.com/*
de4fabe7e7a5e2d364d087097660392e,1156510700,27,m.cdwyzs.cn/*
de634aeb89f753d416c9b9b918f69032,1156510700,24,m.cdwyzs.cn/*
de93ba62271a33d20267b08d274d7e0d,1156511300,142,m.cdwyzs.cn/*
de9cc4cb7eb0df074111fde166d1d399,1156510100,12,m.cdlrzs.com/*
df95aa97dbc89ce66dd07a03bfc5a4de,1156510100,10,m.cdlrzs.com/*
dfc1a3b074caadde600387d79797f9db,1156510100,1,cd.m.dyrs.com.cn/*
e021e324e625e3e6b79d14704bd22f11,1156510100,29,m.cdwyzs.cn/*
e04003e9ffd96f68d063b4cc7c3a5681,1156510100,1,m.cdwyzs.cn/*
e06604abfbad6791bcf0690e2b2a089d,1156510100,1,www.ch028.net/*
e06835ddd6dace48400db964d80ea352,1156510100,3,cd.m.dyrs.com.cn/*
e0dfe378616f27fc898b7695457697d8,1156510700,3,m.cdlrzs.com/*
e104d679f337656672a732c47b6340de,1156510100,31,m.chuanhaozs.com/*
e114cd795bbe72546306778f5eada7b0,1156510800,56,m.cdwyzs.cn/*
e1f69b72ecfb9e13acec0c0b317d5f5c,1156511500,55,m.cdwyzs.cn/*
e1ff432c3e478e3e0d7849362d2ea4ce,1156510100,10,cd.m.dyrs.com.cn/*
e223075e60bbddb0d29db2f7cf1443a5,1156511900,2,m.cdwyzs.cn/*
e2529138ff584a044addba338e528b35,1156511900,22,m.cdwyzs.cn/*
e289b1aafe866ef30647d9207a0782de,1156511400,1,m.cdwyzs.cn/*
e2a59f309c52dd55b66beb2d382d45e1,1156510100,1,www.wuyouzhuang.com.cn/toufang/h5/*
e2b545e7e3f481e7b94d3996615f0381,1156510100,9,www.scxblzs.com/*
e2b81fa297af304a382b3269534488c9,1156510100,71,m.cdwyzs.cn/*
e2c453eddae1cc5a74c36fa50fd7e997,1156510100,23,www.ztxzsjt.com/*
e309fde5502f2a3faf30132475251edb,1156510100,51,m.cdwyzs.cn/*
e318ca2d2864e58542166d71baf670fe,1156510100,11,m.cdwyzs.cn/*
e3451da43d26dded6d88c562e590ac02,1156511000,42,m.cdwyzs.cn/*
e386ffd0438d6c9bf1dc0f863d10cb4f,1156510100,1,m.cdwyzs.cn/*
e3899a28e06e8638b2557702fe5a2b2a,1156510100,13,m.cdlrzs.com/*
e3cd548ee82838aa2041d70fe3d111af,1156510500,35,m.cdwyzs.cn/*
e3d9fe4f6eb66f7f06e92dba8035cc96,1156510100,2,m.cdwyzs.cn/*
e3ff4152c9bdd54c4bf4ffcb1a985806,1156510100,1,m.shj.cn/*
e4044c09c6f6f9ae20e6173f965b1c90,1156510100,30,www.bzzss.com/*
e41f23a0579e0a2927de017af52a65f7,1156511100,40,m.chuanhaozs.com/*
e4291802ad74b6d97821495096891648,1156510700,1,m.chuanhaozs.com/*
e42bc48e14e4cfd2091167869d11840b,1156450100,8,www.scxblzs.com/*
e43fdd0d186c159076deb83837186c71,1156510700,1,cd.m.dyrs.com.cn/*
e456c2c849e3169d4fa8e273ebe0406f,1156511500,2,m.cdwyzs.cn/*
e4e92c498b46ba7328c02e4725ee9972,1156510100,10,www.wuyouzhuang.com.cn/toufang/h5/*
e5480be9ba7bd368303411e6d987b8f5,1156511300,4,www.ztxzsjt.com/*
e56390c512991db8d526859b6b573e59,1156510500,65,m.cdwyzs.cn/*
e58311deb1c186994361bd0c3815593f,1156511500,29,m.cdwyzs.cn/*
e58f2742681d5fc343970a546d848742,1156511100,1,m.chuanhaozs.com/*
e5a1f6e132c89aa3e0590fce01a5dfd7,1156540100,25,m.cdlrzs.com/*
e64d3d6db778c839a7b036033ba6522e,1156511400,8,www.scxblzs.com/*
e66ea8595c2ece7ad257fe43120afb23,1156510100,8,www.scxblzs.com/*
e68a4e4eb4962fb09e2b21ccffac816e,1156510100,57,m.cdwyzs.cn/*
e69767da32a6acf6f9f17352e00c9257,1156510100,5,m.shj.cn/*
e699e93fc32443350a07736b4e5c7013,1156510100,62,m.cdwyzs.cn/*
e6b089de18044e7562b8fcc1908b72f1,1156512000,11,www.scxblzs.com/*
e6db9c166fbb7e0444febad04bb709d3,1156510500,28,m.chuanhaozs.com/*
e6e5adf7fe239cade694fe78a46d5ba7,1156511300,35,www.ztxzsjt.com/*
e72a8948524961a5c31533c9ed869a0d,1156510300,68,m.cdwyzs.cn/*
e7556c6b37fc0a5c8b78ca8215cf4550,1156510100,71,m.cdwyzs.cn/*
e78dafc53b77c81d62ac09b294ea4f05,1156510100,2,m.chuanhaozs.com/*
e7999cddb8972895ee20de51ce615d95,1156511900,65,m.cdwyzs.cn/*
e7abfc4ef79b566a9324e41a54f212df,1156511500,22,m.cdwyzs.cn/*
e7aef3a506b274dacb63e41601efdd88,1156510500,7,www.scxblzs.com/*
e7bc9d241371cde207d1070d6d28e604,1156510100,66,m.cdwyzs.cn/*
e7d27e724bbc801d3717328dea7fb078,1156511500,19,m.cdwyzs.cn/*
e7d5318b0b17db7cf243d2c22c7d9e85,1156510700,36,m.chuanhaozs.com/*
e85b00953132b443240ae29046e8a7a4,1156510100,17,m.chuanhaozs.com/*
e866f2a7f53d40d4bc30019974febba4,1156510100,27,m.sljjzs.com/*
e86ac8a9de91bd3e396b20b26fad5f5c,1156511300,15,m.cdwyzs.cn/*
e88c5b89a6271580ca82c49692cb0d98,1156511300,12,m.cdwyzs.cn/*
e8b8c38a234fff135fbb7b2dead72614,1156510300,64,www.ztxzsjt.com/*
e8bbbb30c89bd8ee8923dc62fe2565c0,1156511300,2,m.shj.cn/*
e93cb79059261c0ca6952aa4b5f6a3fc,1156513200,81,m.chuanhaozs.com/*
e977c548122413fddacb6bb35d2e3ac3,1156510800,4,m.cdwyzs.cn/*
e9a77adf9bab1d6a79947ae7ed92af3c,1156500000,54,www.ch028.net/*
e9cde58cd189cbc8fdabed04b2d7f45b,1156511500,54,m.cdwyzs.cn/*
e9d05a6039f836b193018a9e1cc0f5ba,1156511300,24,m.cdwyzs.cn/*
ea1ca0a591d711b7168e876966db1033,1156511300,1,m.shj.cn/*
ea578d5bebe42449ef8dad9f8b6da896,1156510500,33,m.cdlrzs.com/*
ea69d036806c3af101f91c51c0b45233,1156510100,25,m.cdwyzs.cn/*
ea94a21f42a193ff0880224bcbc1c234,1156511300,1,m.cdwyzs.cn/*
ea9a2d3228ecb084de434a7313a0e1a3,1156510100,59,m.cdwyzs.cn/*
eab9385455acf8530f5584c8d75ca880,1156510100,85,m.cdwyzs.cn/*
eabecdfe5a413e58be9d9638a0e83355,1156510100,45,www.ztxzsjt.com/*
eb133ff16c5893d7973125eb86628dd8,1156510100,56,m.cdwyzs.cn/*
eb42d24c96739dd42f6a8cfd1f2a6099,1156511000,35,m.chuanhaozs.com/*
eb5438f8f344efcec25193f346228ea7,1156510700,1,cd.m.dyrs.com.cn/*
eb596a2a701052fed27ea17d9aa0385c,1156510100,1,cd.m.dyrs.com.cn/*
eb83e6aa59c6a3a6eb4f85a8f7b2056f,1156510700,34,m.cdwyzs.cn/*
ebbb5097b655238093b245f2d1166240,1156510100,38,m.cdlrzs.com/*
ebcd89c82299cd3b430c908c11a0bff5,1156510100,32,www.ztxzsjt.com/*
ec287f26d9911d30d2afe88a343c5d43,1156510100,3,cd.m.dyrs.com.cn/*
ec81963ff57c9b175428856f4e64c5f7,1156510100,2,m.cdwyzs.cn/*
ecbf33b3ae4babb30f602133a083230c,1156420100,77,m.cdwyzs.cn/*
ed18b33defde9245a69aba0e1b22a5e3,1156510100,79,m.cdwyzs.cn/*
ed38f9b0fe06fcb16d213f00e6ea78ca,1156510100,13,m.cdlrzs.com/*
ed45f1dba926b0996bc589e7494a2380,1156510500,31,m.cdwyzs.cn/*
ed57d710196db3d05123b4ef572bdc35,1156510700,1,m.cdwyzs.cn/*
ed848ecdf8cd57f100d2848296f1009d,1156511700,3,m.shj.cn/*
ed98d8b0a5d50939c74350af54b0af01,1156510100,3,m.cdwyzs.cn/*
edbe1780e7f0e3eff951dd11ac513551,1156510100,60,m.cdwyzs.cn/*
edeef1ac76dfd408352453a5ddf59eea,1156510800,5,m.shj.cn/*
edf0cf11301b35d784c8096cf091ba6d,1156510100,27,www.bzzss.com/*
ee06ebd5405927b733d61862e95bca1d,1156510700,33,m.cdwyzs.cn/*
ee3040993f103896039a510ea20d8e25,1156520100,16,m.cdwyzs.cn/*
ee5db264ff4052ae35862b88955dec10,1156510300,41,m.cdwyzs.cn/*
ee8829aebdd8288f33e40c5f2c9ccbe1,1156512000,57,www.cdsmhome.com/*
ee8f62f82c21feac3772f94de9654836,1156511600,54,m.cdwyzs.cn/*
eea53721ba5e7491fd3c3180c910e942,1156510100,49,m.cdwyzs.cn/*
eebe3f0adfae0aeca3a6a25999588b20,1156510100,17,m.cdlrzs.com/*
ef3aff404c22ba713b14bb52525bd345,1156510100,58,m.cdwyzs.cn/*
f01db4676b6b1d20f03cc6d03aae734d,1156510100,3,cd.m.dyrs.com.cn/*
f03e96d75ddcc7e15bc9d9d072e84e09,1156510300,61,m.cdwyzs.cn/*
f05f152b78f15056a6e486cba0d687ad,1156511500,3,m.chuanhaozs.com/*
f09b7406407cabba32bbf90e80f13496,1156510700,40,www.bzzss.com/*
f0b3a44c67d047e6bec49b1f8a41962e,1156510100,10,cd.m.dyrs.com.cn/*
f0b6f257a9304c3922f137481bb4ee1b,1156510100,62,m.cdwyzs.cn/*
f0e613f495ed2ebf5a14e81e64b27ac2,1156510900,55,m.cdwyzs.cn/*
f1077973d116a7e98b7cf9022fa997fe,1156510100,8,m.cdlrzs.com/*
f124de39aac7c7bf1e38571dbc8b58e1,1156510100,3,m.cdwyzs.cn/*
f15f4a8f8d24da4ecdb885399724b9dd,1156510100,25,m.cdwyzs.cn/*
f17911786332ef728856526282b158b2,1156511600,3,m.shj.cn/*
f18c4ea26aa5acd5b32e9c862ae992d7,1156511300,27,m.shj.cn/*
f1debe565e14a1fd0c9504bf461a8809,1156510100,96,www.bzzss.com/*
f22a6807dd81de4806916dfd16e92d52,1156511900,13,m.cdwyzs.cn/*
f240ccd3f6ddbb0b2924fac09239fdb0,1156510100,8,www.scxblzs.com/*
f242e86fd1f6f93e6995c3bc430de282,1156510100,3,m.shj.cn/*
f28933bd3e4dbdd1e4f88e7b6d0b649b,1156510100,40,www.ztxzsjt.com/*
f2c24debebeb4d6b2384b78133710740,1156511600,25,www.ztxzsjt.com/*
f2cd5d1327c2c4f713198fa417c3e84c,1156510900,57,m.cdwyzs.cn/*
f2f1f46f864ca388f7086b32e24a5c5d,1156510100,1,www.ch028.net/*
f3013e9502a08e6a63db7f8030933aff,1156511900,51,www.scxblzs.com/*
f32bccf12d8d03ea275a5855644d2f5e,1156510100,116,m.cdwyzs.cn/*
f3414bfd786d486968147d925a65ef51,1156511900,3,cd.m.dyrs.com.cn/*
f3cdc8cd3e287dd428419e446173ea0a,1156510100,69,m.cdwyzs.cn/*
f4132dbcad7f8e677e0ab0de9c87d65e,1156510100,91,m.cdwyzs.cn/*
f456c797adaee695b12a272af7cb05d9,1156510100,1,www.wuyouzhuang.com.cn/toufang/h5/*
f48d04d12ffcea4ece6c56b60bc7477a,1156510100,1,m.bjlongfa.cn/*
f49c24c1e2cfbcd2b72805d20d39be61,1156510100,25,m.cdwyzs.cn/*
f4a5d7035b6075c06f858b8a39a6a588,1156510100,18,m.cdwyzs.cn/*
f4a6b3b2c40506ca61b041603b7cf2dc,1156510100,1,m.cdlrzs.com/*
f4bdd6c704837faa3470aaf66f0e5b8f,1156510100,2,m.cdwyzs.cn/*
f4c0d7c5ba59356c8f203b2e79f6dfd8,1156510900,27,m.cdwyzs.cn/*
f51635754911aa80f401c9e9324ad9fc,1156511300,26,m.shj.cn/*
f5800701a77392e2aa58d21685a2003b,1156510500,62,m.cdwyzs.cn/*
f6180f98e18f3cac4f288b9fa2b0457d,1156511000,73,m.cdwyzs.cn/*
f63de58b0d00054ceafe66fad9bebfee,1156511300,2,cd.m.dyrs.com.cn/*
f64d59e25c75e0e712beb50d0917208e,1156360900,3,m.chuanhaozs.com/*
f6c7709289fbc9b65e529c05f7f9aaeb,1156511400,2,m.cdwyzs.cn/*
f6c7bb80cdecb2addc169df0a9a103eb,1156511000,58,m.cdwyzs.cn/*
f6d52e652c7a4d012a0f843536d65e28,1156511400,15,www.ztxzsjt.com/*
f704f6931c85ae3d824162e19c8508e5,1156511500,30,m.cdwyzs.cn/*
f7151805f29652db2802f0f03913fa61,1156510100,2,m.cdwyzs.cn/*
f717c9a3529fb179d045d9fac94c0f7a,1156510100,14,m.cdlrzs.com/*
f725ad91e178aaab189ea1321ab4ac5d,1156510100,1,m.cdwyzs.cn/*
f73ab6aaef6ad151715d3ed69501c16c,1156511000,3,m.cdwyzs.cn/*
f73cd9df89e0398a74f426d047c5a1e4,1156510500,28,m.cdzpg.com/*
f75fc3f71b7a31cb8218b06596048393,1156510100,4,m.cdwyzs.cn/*
f766ee658096ef5b2a31cec5e77b9b8d,1156511300,83,m.cdwyzs.cn/*
f784873e513d31daef717d283c0bd94d,1156510100,21,m.chuanhaozs.com/*
f79a18ef54ef7a4a5624894826242eca,1156510100,40,m.chuanhaozs.com/*
f79e2b20d7421c26abe904e56db58ad4,1156510700,29,m.cdwyzs.cn/*
f7b64729a766a47d27bdd73f3eaa253d,1156511900,25,m.cdwyzs.cn/*
f7bcaa87a93c8534b477c7f2ea67eeea,1156510100,9,www.scxblzs.com/*
f7e0e4ff37ca2ef7d4dcda93b4b97712,1156511300,4,m.cdwyzs.cn/*
f819e63ebdb2d6f7ee9cd34838f9870f,1156510100,35,m.chuanhaozs.com/*
f886d8002365de974edbe00110cc301a,1156510100,28,m.cdwyzs.cn/*
f8942ff7d8a151df351fe5033d7f7eda,1156510900,49,m.cdwyzs.cn/*
f8bc91ff839df4ce19316c66dcdb5264,1156511600,4,cd.m.dyrs.com.cn/*
f90232a43287fa9afe7bb8f5fbe77e4e,1156510100,10,m.cdlrzs.com/*
f91adac817249fc29f5bb7f80a365e73,1156510100,135,wap.cdjzw.com/*
f93460cfb941162aa2aa4294cb8c3dc5,1156511100,26,m.cdwyzs.cn/*
f959c5d79421b00c9b7a4b1e3598676f,1156510900,41,m.sljjzs.com/*
f95b75956442fa64b0e378d7ff0a5282,1156510100,9,www.scxblzs.com/*
f95f7726ee00f4030b86e30c6e629add,1156511800,9,m.cdwyzs.cn/*
f978a80bf218f3be8350b62e12fe3a9a,1156513400,2,m.shj.cn/*
fa2ccb4fb9f26178df094b4b184b56f1,1156511300,1,m.chuanhaozs.com/*
fa2d642df945f9af9be60ad9cb66e339,1156510100,11,m.cdwyzs.cn/*
fa3860e44ac43c61517772be3cdf83fb,1156510100,6,m.cdwyzs.cn/*
fa40a245351300d226cbf2e5e628393f,1156331000,20,m.cdlrzs.com/*
fadf876cd251ebbd67b5dba8098664c0,1156510100,2,m.shj.cn/*
faee5019c8bd76e8bfffe8d397279186,1156510100,11,m.cdlrzs.com/*
fafff369c0ca40d4efe575a8b7796b81,1156510100,57,m.cdwyzs.cn/*
fb716a4e84b592faa050f0ae7362bbb1,1156511100,232,m.cdwyzs.cn/*
fb7e1a428ea69c13dfb1c9cb05ed071a,1156511500,27,m.cdwyzs.cn/*
fbfc7be8f6cec42d223a65510e7c9236,1156511000,22,m.cdwyzs.cn/*
fc109e5c5afd37f0582ea097ae1aadb1,1156510100,144,m.cdwyzs.cn/*
fc12d7a53211ae62c71e06cf30a02ff7,1156510100,205,m.cdwyzs.cn/*
fc16622cdfe9baa37fbf861efc5c04b6,1156511800,35,m.cdwyzs.cn/*
fc199f9b66084f0a9a56cf29293dd7b4,1156511700,66,m.cdwyzs.cn/*
fc2fa26b5f0ec629024af5f63ffc1665,1156510400,41,m.cdwyzs.cn/*
fc37a58272d9973e5d3f59d6f84be036,1156512000,157,m.cdwyzs.cn/*
fc3f2bf825b581c3715246ae72bbeb9c,1156511400,2,m.cdwyzs.cn/*
fcafd0e90ac17389f58b081c282d4d96,1156510100,198,m.cdwyzs.cn/*
fcc1eef4caf2cc52c1b46955f950ac7e,1156510100,1,m.cdwyzs.cn/*
fcdfc702e27e42b6a9f89ab67dedca97,1156510700,6,www.scxblzs.com/*
fd576dd56723e684a95f691a8df3d6b6,1156510500,7,www.scxblzs.com/*
fd7dcd455cb93e3bab36bc5abd9277cb,1156511400,11,m.cdwyzs.cn/*
fdad3897ba23b4e6589d80fb3f70794d,1156511000,39,m.cdwyzs.cn/*
fdc74a2b47cefb75bfcb72d2d8da92f9,1156512000,53,m.cdwyzs.cn/*
fde41a2d795b53ed00e55243e6f1cc5e,1156510700,30,m.cdwyzs.cn/*
fe0128bb4c3f5732131cfd322c2812dd,1156512000,8,www.scxblzs.com/*
fe2508405757de46ca6d0c4e7b61c7ac,1156510300,4,www.ztxzsjt.com/*
fe4970014970f5582d9c6011c41774e9,1156510100,34,www.ztxzsjt.com/*
fe62f705d21906404acbf555fd584df6,1156511300,2,m.shj.cn/*
fe70bd08812fcd65499783afc8b3187c,1156510100,57,m.cdwyzs.cn/*
fe7f09158aa6c3e66a948cf994e9204b,1156510100,17,www.scxblzs.com/*
fe8bf584616b7cd436cee92ebfd7c6e4,1156360500,1,www.ch028.net/*
fe9d4617575dc0100037f20e9ea8815f,1156510100,3,m.shj.cn/*
fede0823ee73730bea9fc11a73fdae36,1156510700,2,www.ztxzsjt.com/*
fee8ae4c94355067f98f20111b261dfa,1156510100,4,www.wuyouzhuang.com.cn/toufang/h5/*
feef64dff427cfb01ff1a1715cdd8dd4,1156510600,14,m.cdlrzs.com/*
fef6c472d21542553138e593fe8736d2,1156510600,11,m.cdzpg.com/*
ff0c15e13383d8d27955369f95107afb,1156460100,1,m.cdwyzs.cn/*
ff2d1cb71669f852577e1a721c858679,1156510100,8,cd.m.dyrs.com.cn/*
ff32c71dc493924a7b4f813fa1213647,1156511000,14,m.cdwyzs.cn/*
ff4da212c6515f31f2b0b04e0b092723,1156510100,1,m.cdwyzs.cn/*
ff9ff0f0f6717c6f98e062e658390c5d,1156510100,8,m.cdlrzs.com/*
ffa8bc1a7d7aec49db9c69c6ba59027f,1156500000,3,cd.m.dyrs.com.cn/*
ffce0b149e20394a119a2db84d74831e,1156512000,8,m.cdlrzs.com/*
