00a3a829280dd04d016523567cd09d52,1156410500,1,www.bjmaidao.com/*
00b97dbce3c8f93013f8f6adc97131a8,1156360700,20,m.chenyitang888.com/*
01154da951f0ce52bd4520c02f480aa7,1156450100,3,www.asiod.com/*
0196fa12c8f47d9e75ad0650c1cdbb98,1156440100,1,m.qcsy168.com/*
02005e4b69d8b0d242363a44b8c53518,1156511000,1,m.yalaida.cn/*
0211624d6a67f2b68a1ef53d09bb9163,1156520300,24,m.chenyitang888.com/*
02303f59c09e17d8319b5c863ae5c0fe,1156610800,35,m.chenyitang888.com/*
031ec58484fdfcd6c889406f44618f7d,1156610100,3,shjspa.com/*
03349abff229916dc8533fab188aaf71,1156511100,1,www.cqccyd.com/*
034eead3bb55a354b2b2215d8b78db23,1156130900,1,m.yalaida.cn/*
03881ac2ea89ec0c1ba6a2aae6b6f703,1156620500,19,m.chenyitang888.com/*
03a839fba8b6aa84ad5f1ad98e3a893f,1156410800,4,bd.sjh521.cn/7072/70726359/wap/*
03d993f447c2d5e92a3b91d0868848f5,1156410600,1,m.yalaida.cn/*
03ec273ac57daaf1d780d20a4d0db0ae,1156361000,18,m.chenyitang888.com/*
03f7383772f9e63df6639f4a571949ae,1156520300,2,www.gzgytyf.com/yd/index.html*
041ee16e50ad95ed8da08be436d89c85,1156440100,19,m.chenyitang888.com/*
0429577c6427a5cc0859a6c068c89241,1156610300,6,m.shanrui365.com/*
04e146428e9b6c965c5ffeddc68f12f2,1156440300,1,www.wxth188.net/*
05486964fd50dfdb5837841c062ba3bf,1156130200,10,www.bjmaidao.com/mobile1.html*
054be18b51252f52690f3649e2e5996f,1156610100,1,shjspa.com/*
058f671c25427f09b8f1ae46e449dac8,1156410100,22,m.chenyitang.com/*
05c7d3987c0e81e1798eae7801d9d85c,1156450300,1,m.yalaida.cn/*
05e4855a33fcd900b6459dfca89bc5c3,1156420100,1,bdzsc.zsld39.com/web/2118/14844/20390/index_tpl.htm*
06d01e7172b6a7a0febab53f1dd66a66,1156430400,1,bdzsc.zsld39.com/web/2118/14844/20390/index_tpl.htm*
06e1bd8ca7e947a414d2fd0c98e8dfa7,1156510500,52,www.fengkuangxiaochuan.com/*
06e95082f2eece5e5ebff4c8f4a87881,1156341800,6,m.shanrui365.com/*
0902ef0f72a46fefa63453f9a5c6e4be,1156371300,1,www.gzgytyf.com/yd/index.html*
09cba0adcee59515e53e141eafe43067,1156350200,13,m.chenyitang888.com/*
0b4734ef91372052ec3d9550c864d3e6,1156610700,1,m.qcsy168.com/*
0b569f0ff8cab0d4f6c4b43725d92ae5,1156500000,1,m.jiamengs.cn/cuijiatang/*
0bfbe92c6b0b7672184b9ad222063f69,1156440100,1,www.gzgytyf.com/yd/index.html*
0c5e27337af66273e7ab2af022fa49c6,1156330200,1,www.cqccyd.com/*
0c7b9ff2c6aa194d9e6a1e9b734dfe47,1156310000,3,m.zsld18.com/web/yiyangn/index.htm*
0cbdf466e120d28df7d9f5dd5da43239,1156610900,5,m.shanrui365.com/*
0cc3a3d38b69d67fcf7f97d30ae04ee1,1156370200,14,m.chenyitang888.com/*
0db19bf4bd55646f46215b65d07bf78e,1156440600,49,www.hjyyd.com/*
0deed2c8d32adde6b7cdf53af26a1c79,1156341200,53,www.heiyachang.com/*
0eeb6c185856ebc3b325df09002c1f06,1156331000,6,www.cqccyd.com/*
0f1eb0fa48d9779d99b84450c57bf590,1156120000,10,vip.bc5868.cn/xdt-m/*
0f3a0c7eb013d9bc748c6f770ffbfb98,1156340300,1,www.bjmaidao.com/*
0f992f61cff73b78d7ba4471583c6eb9,1156340800,2,www.asiod.com/*
102bbfb9f554e855c15887338d4ecdfe,1156330100,1,www.cqccyd.com/*
1081dccbd9a751d69b7dd96d9bed5d3d,1156411200,64,bdwsjhz.feit02.cn/kf/mw-wbz02-001-1903/*
1091499e66c9bfbc79e4aa4f3997dec3,1156330100,5,www.cqccyd.com/*
1096e9c291a4445012f682542cf56f3e,1156120000,2,m.shanrui365.com/*
1147c21d75e71adc96e4673d8dfcef52,1156220100,8,m.chenyitang888.com/*
11df0e15b33c3e8b2376769ca5a34b92,1156450300,24,m.chenyitang888.com/*
125c4c14f4c33dee0dd13d373774ae7e,1156220100,1,m.yalaida.cn/*
1270cefab2e1c79a6058fb112386e85a,1156360800,36,x.wakucy.com/*
12947b8de95941de2829bf65e2035434,1156450400,1,m.chenyitang.com/*
12ba3f8167f6d4d8b73a9cfaa5c508b0,1156510100,1,www.asiod.com/*
1305958c2d6fc406d36fb94a48a127d8,1156340500,13,m.chenyitang888.com/*
132bc6b4e80c5b09a23ece470f1f116c,1156500000,4,m.91jmw.28n9.com/proe/137682/*
133bc8507f68596c3657658772e8dc77,1156320600,7,m.chenyitang888.com/*
13409acfe9ce0239c7f826f005b0ca71,1156411100,1,bdzsc.zsld39.com/web/2118/14844/20390/index_tpl.htm*
1371756dec7d53b9661e6744b8950247,1156510600,1,wap.zsld18.com/web/xyfy/index.htm*
148ac51f48c3f6220f2afe3bd60c7ea9,1156500000,12,www.yahuangzi666.com/*
151cd4787855fc93a48d8fbd9b9389ce,1156330300,1,www.cqccyd.com/*
155753c2ff23da8a865d763e2b3af8eb,1156520400,1,bdzsc.zsld39.com/web/2118/14844/20390/index_tpl.htm*
158722379b18ca3cd56d784ef35b69de,1156440300,17,m.chenyitang.com/*
15c3bab905320128a91cd53ee5b5d5de,1156131100,2,m.chenyitang888.com/*
164e9cdb103989dae3694a0a05d1f081,1156500000,54,www.heiyachang.com/*
165fe1f38e3997f3ac05a60e9d6f4dc6,1156310000,2,bdzsc.zsld39.com/web/2118/14844/20390/index_tpl.htm*
17222efe91665f001b9029a60d368ee5,1156610100,45,shjspa.com/*
17821eadebc56691bb2bf7f98bec3604,1156610100,1,m.samerv.com.cn/*
1843512a09246e6ddd9aea390e7bad9a,1156130100,1,www.fengkuangxiaochuan.com/*
18591ed0b3b9a09a8a1fc624ea953ae8,1156450800,19,vip.bc5868.cn/xdt-m/*
1885cdea5f37549e5064d3beb2041444,1156421100,23,www.bjmaidao.com/mobile1.html*
18d23ba5e7fef6a7a4a7934b8fa294c4,1156350300,1,bdhkwl.zsld78.com/web/1979/12730/15961/index_tpl.htm*
192a8fb0f165171c1c480715ef9efbdc,1156445200,1,www.gzgytyf.com/yd/index.html*
196b02f1ecf759c6f786a41ae25fd14d,1156610100,1,shjspa.com/*
199c68230fb3dea5e7f9b34cb812becf,1156321100,9,m.shanrui365.com/*
19a9a134d6f54f7420f875b22cfd6296,1156440600,1,m.zsld18.com/web/yiyangn/index.htm*
1a07ba4e3ece3809448d9652fa06553f,1156310000,1,www.fengkuangxiaochuan.com/*
1a34858d0661a2d3bc68186335fa5048,1156411300,1,www.gzgytyf.com/yd/index.html*
1ae3319dd5ff97b89ed585c18e48e2a6,1156110000,1,wap.zsld18.com/web/xyfy/index.htm*
1b7b86c23d496923cb3593fb16afcc22,1156411300,6,www.yahuangzi666.com/*
1b990347f822935727cc70f1a1b383c8,1156450900,26,www.bjmaidao.com/*
1be48585351372026c1841973cbec320,1156310000,39,m.chenyitang888.com/*
1c59d6ee84ce4266a315e61494856fcf,1156350600,20,m.chenyitang888.com/*
1c5eea557e98b71d87689a0377d35711,1156530300,3,www.gzgytyf.com/yd/index.html*
1ccdc1df6334f72c374efa85bcd60a68,1156510100,2,m.isjmw.com/jingdao/*
1cfc3313297219efb6b2492c17918572,1156450100,41,vip.bc5868.cn/xdt-m/*
1df5c884e3a772669376d981206c6a8c,1156610900,30,shjspa.com/*
1e0a01191b12ee45606ecc285a1364b5,1156330100,40,www.cqccyd.com/*
1eb65be77feab34f3b47c6a8e10873de,1156370200,3,www.yahuangzi666.com/*
1f3b0e80b10f726de40eef9c83062656,1156340100,1,www.gzgytyf.com/yd/index.html*
1fa2a2bf8e4de6a2c36d09de061fd57e,1156442000,1,www.gzgytyf.com/yd/index.html*
1fb9c02e7691c4e874519ca34b829474,1156331000,12,vip.bc5868.cn/xdt-m/*
200052d5ea70096619dc6b02638fe903,1156420100,1,bdhkwl.zsld78.com/web/1979/12730/15961/index_tpl.htm*
206900bb1ef85c5f2002c1a57f1beafb,1156340100,3,m.yalaida.cn/*
20a4c8bc3e9cbead75ef1df5c20dab70,1156350100,5,vip.bc5868.cn/xdt-m/*
20cffa2be8907b3ed343da35d867fcc8,1156530800,1,m.yalaida.cn/*
211d3eb125de9381455e58df18f5afa9,1156460100,3,www.asiod.com/*
2124556a756397e956fea95e6437d81c,1156610100,18,m.chenyitang.com/*
22412912d36bc542bdb122a7bb25efb9,1156140800,4,shjspa.com/*
2257be90b2b59b6a83169ef6f73fde76,1156330100,11,www.cqccyd.com/*
230bed1a45ebd893365603b2451cc556,1156530100,24,m.chenyitang888.com/*
231e13660bf7ad4f73507441589d3c2a,1156530100,40,m.chenyitang.com/*
236d6d0b0f5c61c2766d5b8890175b9d,1156340500,1,www.gzgytyf.com/yd/index.html*
237534a32c03db0f9d77097ea544bc03,1156451200,60,www.zhongaitang.com/*
23ce3898b958a9a90f25b9719b96cfe0,1156430600,7,www.yahuangzi666.com/*
2402e36e27880a64fcb1b64455a8e467,1156341700,2,www.heiyachang.com/*
242858e02814ab95cf139d2ac1b0f129,1156530500,69,shjspa.com/*
256fd14cee5a374316c2918038923419,1156411400,35,www.wxth188.net/*
25e6308ef830b8800fdd6abc5a23ba63,1156500000,1,www.asiod.com/*
261a741d02b2af1e3e209f2928198dfc,1156410100,1,m.yalaida.cn/*
261b747499df7966e7ba76da2709168d,1156110000,26,www.bjmaidao.com/*
268eda17ef0f9a066240b71d7f0f91f7,1156630100,1,www.jdgyys.com/tuiguang/duhu/motg.html*
275f8e1abd8e88cd2ada6766469764ca,1156331000,8,m.samerv.com.cn/*
284a9cdd292b3c37b1a6e188bab5b9a7,1156610100,29,shjspa.com/*
2935a98d8e285f594187bfc4004fb669,1156451100,38,m.scsl518.com/*
296faeb7b6f930f3a81130752ec979f9,1156530100,6,www.yahuangzi666.com/*
29a4c1e6285107cf653d0a1d28990f18,1156220100,64,m.shanrui365.com/*
29b9b35da08191e9417b042710e2dc18,1156370100,2,wap.zsld18.com/web/xyfy/index.htm*
2a0164b82b18dfea340d967e63b7c038,1156510700,1,www.gzgytyf.com/yd/index.html*
2a018ac541d0d045c068f12c42ad93f5,1156510500,1,m.jiamengs.cn/cuijiatang/*
2a136caff277304a937bd4bd3d4cb03d,1156430700,8,www.heiyachang.com/*
2a2b99a0c518db849c4349cc572fd363,1156340700,17,m.chenyitang.com/*
2ae05adbccc6805686e9c506a03c293d,1156370100,2,www.zhongaitang.com/*
2b188ffbdc2322b88d0e1bafcd95854b,1156370200,32,m.shanrui365.com/*
2b362935ba462ef0f7f56eaf0bce3080,1156610400,17,www.bjmaidao.com/*
2b3a070a388b9d491535e32dd8bcb426,1156310000,1,m.zsld18.com/web/yiyangn/index.htm*
2b53f9f991911eb8915c3dda25c937c1,1156370700,1,www.zhongaitang.com/*
2b6630b276dd8700555c09828d225c89,1156421100,2,m.chenyitang888.com/*
2c6c54314efecf5c05d13481e02fc618,1156310000,1,m.scsl518.com/*
2ccda89d40b7eda49cc3190430faf116,1156510500,20,m.chenyitang888.com/*
2ce351ea984b0ba7678435daa34b01d5,1156330100,50,www.cqccyd.com/*
2d496eaab1f9f2899ec29adfc8cac31e,1156341200,59,www.bjmaidao.com/*
2d5fba43f04862a5363d3e6969a90dc8,1156460100,1,wap.zsld18.com/web/xyfy/index.htm*
2d9959721b3a5b4ecef98890604e39e8,1156130800,1,m.qcsy168.com/*
2de176995782ea8d9570ac9ec21bb43c,1156532300,31,m.chenyitang.com/*
2de3aed0256365a4e02236237e0527f0,1156610800,1,bdzsc.zsld39.com/web/2118/14844/20390/index_tpl.htm*
2e11a1e68a55c4582ac3d61dbe7dd650,1156411600,1,m.zsld18.com/web/yiyangn/index.htm*
2e9307aa953cefba6bb292a6eb3d4378,1156360100,20,m.chenyitang888.com/*
2e9e9f8732399a23fa16532c26df0640,1156130200,6,www.jcxiangwei.com/shaokao/wsk/*
2efd92e8f76b5f20294309951d8748b8,1156431200,2,www.gzgytyf.com/yd/index.html*
3066aa7a258a8eaa5c145f3d2f76b2e3,1156431300,7,m.qcsy168.com/*
315e567b5a702bd43d6309a6789effbc,1156500000,1,m.jiamengs.cn/cuijiatang/*
31c571bd19896f00ddc898f46cae1dda,1156500000,2,www.yahuangzi666.com/*
32f1a11f522ee020883f1ade83fd5827,1156440300,1,www.yahuangzi666.com/*
336e814886d187dcacf740b8d425a222,1156340300,2,www.bjmaidao.com/*
341d0396c1da3514c035ba0b36e92997,1156321100,1,m.yalaida.cn/*
3443f991358df45fe3029038b018a4fd,1156130700,3,www.fengkuangxiaochuan.com/*
346a1d24c57cb879a21711575e62641f,1156431200,20,m.chenyitang.com/*
34ad033f441c11b50ef731b7b4fd2c16,1156370100,34,x.wakucy.com/*
3514a155c4479c6b74cc3938ef917c09,1156500000,2,wap.zsld18.com/web/xyfy/index.htm*
354f2635227874918839ee4c0a3f20b6,1156522400,32,m.samerv.com.cn/*
358388b9dc9f808ca5a7c178a527d3d8,1156320800,6,www.asiod.com/*
36a0d395c69bd26801f8734ecb0fb432,1156410300,37,m.91jmw.28n9.com/proe/137682/*
36c15d9d7d06dc4eda937aaf97789d5c,1156330100,2,www.cqccyd.com/*
3727a433106b6d8d1fc0f2b36f19e410,1156320600,1,wap.zsld18.com/web/xyfy/index.htm*
372e690410524e382242083111546fa1,1156511800,5,www.yahuangzi666.com/*
372f0a2c901eb51e96c936034ce61695,1156341000,1,m.shanrui365.com/*
384e398202c4510e6f0fc8c7d281b55f,1156370200,3,www.yahuangzi666.com/*
3895a1425144143d9f90231bfc90cedf,1156320500,2,www.asiod.com/*
38c3a65cf1471f114c4e5c510159913d,1156220100,21,m.chenyitang.com/*
38ecf63e2ec977983de35d9b5780ee80,1156610100,32,shjspa.com/*
3a249fafea3652c35a66531e3666f61e,1156511900,1,www.asiod.com/*
3a46450f8cd67e984b288954e4cffc43,1156510500,1,m.yalaida.cn/*
3aef3d93c06c07e9f0e2667683d03bd9,1156360700,59,m.shanrui365.com/*
3b6fa613476f57efd85521ffbd4b75e1,1156320100,11,m.qcsy168.com/*
3b8fa4be391dcde946e12dd410b47ecf,1156420500,60,m.shanrui365.com/*
3ceb7a2aca75615afcceb9d23805d45a,1156610100,3,shjspa.com/*
3d59ed6e4e62de1cc7656d535bbda0a8,1156130100,1,www.bjmaidao.com/*
3d65bd655d2f8b707b3fd67d9519747a,1156430600,19,m.chenyitang888.com/*
3d7684886df18dbc6536fb06e2b6a540,1156320500,35,m.91jmw.28n9.com/proe/137682/*
3d9d0a90efedf4b21747671233313b96,1156140100,1,x.wakucy.com/*
3dd17fd9eea212f657a33a385767700f,1156511900,86,m.shanrui365.com/*
3e30129f2e40eeeb9eac4ac4c2ef322d,1156310000,51,www.cqccyd.com/*
3f8368fca41e2e3a59a058cb58d85fae,1156451100,31,www.bjmaidao.com/*
3fe3db6e2c73c6e15946eeff7feb4c39,1156410700,18,m.chenyitang.com/*
40266854453ecaf1a86b901c7601385d,1156450200,20,bdwsjhz.feit02.cn/kf/mw-wbz02-001-1903/*
406681ea12bcd853b4cf3117801a8c18,1156310000,57,www.cqccyd.com/*
408196855c154e84ddb8ec1fc9771261,1156320300,17,m.chenyitang888.com/*
40b442644245166521f645c3c1afa661,1156110000,1,m.jiamengs.cn/cuijiatang/*
40c05aee74054a8beb8d5d965dc94862,1156500000,18,m.chenyitang.com/*
40e863bb68bbd0b92bbc0a39caaef0da,1156310000,3,www.cqccyd.com/*
40f1bbb8ed29d8d9941cf327c2a1d58a,1156420500,2,www.asiod.com/*
412587c1ab845a1aeb9447e2e7e697c6,1156370100,1,www.zhongaitang.com/*
4290d91ea180164d591b6d270dfceb05,1156340100,1,bdzsc.zsld39.com/web/2118/14844/20390/index_tpl.htm*
432a4c2e035eade2f893a5ee88053444,1156500000,1,m.isjmw.com/jingdao/*
433e9dc04bb65c31c5981d6eeb9a73a1,1156440100,1,bdzsc.zsld39.com/web/2118/14844/20390/index_tpl.htm*
43648d7fb9053aff076e4a8a26dd08e6,1156420100,19,vip.bc5868.cn/xdt-m/*
43eb1b4a07dd636b035b7885d8b56ef2,1156340200,68,m.shanrui365.com/*
447e253c7ddde41ef70a2a463c4f7be7,1156440600,2,bd.sjh521.cn/7072/70726359/wap/*
4488a827113267590b521b69b56f7225,1156340100,2,www.asiod.com/*
458749353097653eee307c0074c0847d,1156330100,22,www.cqccyd.com/*
45ddbd952c3cd695ad996abe85081f9b,1156320300,1,www.gzgytyf.com/yd/index.html*
462195bf10d158a2e4c121f8c4350f98,1156340400,2,www.asiod.com/*
46b8c02ee50f617bd52339a8bfa95b6a,1156411200,51,www.heiyachang.com/*
46c1b0b14bd309087466c12e736590fc,1156350500,1,www.gzgytyf.com/yd/index.html*
47232ecb6961cf222d36762fcaa94bef,1156330800,1,www.cqccyd.com/*
4758ffc0337f93c12f5651fbf4a672ca,1156440500,30,wap.spider360.cn/web/yynjkshg/*
47869db88a61ddf4e0b4770de38bd24e,1156441900,4,m.91jmw.28n9.com/proe/137682/*
490cf996ea65cb8245ce488afbdbbf9e,1156410400,1,www.gzgytyf.com/yd/index.html*
492a8b24b877893018a85654b55c4a83,1156500000,10,www.zhongaitang.com/*
49aece23fae32a397b2df6ac74c77f27,1156370300,127,bdwsjhz.feit02.cn/kf/mw-wbz02-001-1903/*
49c072c15dc33474f3e72545ce204cdb,1156350300,1,www.gzgytyf.com/yd/index.html*
4a79b3b7d8f02ade7b48d69577f9e28c,1156220700,1,3g.315568.com/web/jingdaoyangshengmeirong/*
4afebfe0ccddc03ce70318888b23ea24,1156130800,1,3g.809891.com/web/yiyangnian/*
4b407ae2f9049d06a34b6ffb23b5318d,1156220300,4,www.yahuangzi666.com/*
4b433f8debc40696c27008f3a0f03296,1156120000,20,www.bjmaidao.com/*
4b6ee6e1c17565ccd39ad60006052073,1156611000,1,www.cqccyd.com/*
4b8f776911ad2fb6f1dd8e34c4523f08,1156320300,1,www.gzgytyf.com/yd/index.html*
4b94cd10f3c8d154e0b9d61faa21ac2a,1156360100,1,www.asiod.com/*
4c18bcdd5afcc417294f098958288e51,1156522400,1,www.zgslys.com/*
4c79cd3c827886c432ceb10595aa994a,1156440900,20,m.chenyitang.com/*
4d7927348647c2a572333214918f2db6,1156140700,1,bdzsc.zsld39.com/web/2118/14844/20390/index_tpl.htm*
4dbb6380aa111e57bffbe27985d5f154,1156370500,1,www.zhongaitang.com/*
4ef03bc61c975c104ae279a8a77c4045,1156510100,1,www.gzgytyf.com/yd/index.html*
4f161f8c47342b338c08ceaa0e5a859b,1156411600,1,www.gzgytyf.com/yd/index.html*
4f8531b9a6ff752b612940dd01dd96af,1156430900,21,m.chenyitang888.com/*
501b34ad9b2de71678ead177bab5c4e5,1156210200,2,bdzsc.zsld39.com/web/2118/14844/20390/index_tpl.htm*
5023de1154bfdef2736e5a6e4dcedcf0,1156440900,1,www.yahuangzi666.com/*
505532e508151b23b565a668462f79af,1156360700,2,www.asiod.com/*
518f135cef5e874ef2d445a91396fa33,1156610100,1,www.gzgytyf.com/yd/index.html*
534cc054fa19876891c85f922b765e51,1156440100,1,www.gzgytyf.com/yd/index.html*
53baf839078d56dae4a7e63b0962e976,1156310000,1,3g.315568.com/web/jingdaoyangshengmeirong/*
544def7e9833cb78e0d2a2f82d0ae62d,1156330100,1,wap.zsld18.com/web/xyfy/index.htm*
54c03696416471f7291cd51e1ea28a80,1156130100,5,www.asiod.com/*
55ad91addadd98ab93487566b04a9139,1156330100,3,www.yahuangzi666.com/*
560ff9b2e2f4192b917f84a3bf592752,1156130200,1,www.gzgytyf.com/yd/index.html*
563933c7f565443ee7514ed152dbd455,1156440900,1,m.shanrui365.com/*
566f56ac7d351ddbea4200918159981e,1156330100,6,www.cqccyd.com/*
57ee6c06230ee8098e459c69597c5a3c,1156341300,30,www.wxth188.net/*
580ec284cb593ae58446e7ad915619f9,1156370200,1,www.zhongaitang.com/*
583e87c8c6d4a543aeb11c66df5beb00,1156500000,1,www.heiyachang.com/*
59499f45099a2de6e7d4a24009a6b099,1156370200,1,bdams.zsld57.com/web/2176/13560/17650/index_tpl.htm*
598662adda7983eb4b8f26f418fc34b0,1156610100,1,www.wxth188.net/*
59b2c711d1014af463920c047347d424,1156131100,16,m.chenyitang888.com/*
5a6db7e4beec96742533438d106397c5,1156130100,1,m.yalaida.cn/*
5ab8fe4f1c75d417f745733a27b95fa1,1156360100,1,www.gzgytyf.com/yd/index.html*
5b040baa45c24dfe827823e67682621e,1156130700,1,www.gzgytyf.com/yd/index.html*
5b9b01e6be57b6ea4d6a92b88e332a25,1156532500,1,bdzsc.zsld39.com/web/2118/14844/20390/index_tpl.htm*
5be526b640e26f5ce3ad01e0e88776ee,1156441300,4,m.chenyitang888.com/*
5c0add796c5d64eb0d49f7bee39f6c4c,1156150100,31,wap.spider360.cn/web/yynjkshg/*
5c43d92311cf81c20920b530b72d8851,1156340600,1,m.jiamengs.cn/cuijiatang/*
5d18c427c47ac6ac2257823101f7732f,1156441900,20,m.chenyitang888.com/*
5d39a2f0d1fcd17e01ae37c0948fd712,1156522600,2,m.chenyitang.com/*
5ded1e5474f48940ac198d420b3b94b3,1156331000,1,m.chenyitang.com/*
5e3ca8c0a40972148f88a69924086e0e,1156450100,18,m.chenyitang.com/*
5e973c5b6d60986a7da8b4e0d3c4d474,1156130700,1,3g.315568.com/web/jingdaoyangshengmeirong/*
5e9a2b28490411baabb1e143ff4a930c,1156341200,1,bd.sjh521.cn/7072/70726359/wap/*
5f54bae967f0fbc31969cd0ce29978ef,1156511600,2,www.asiod.com/*
5faef8004c88a5018ca7806b49de2710,1156610100,1,shjspa.com/*
5fe087f5b5b2ce8ff294d8d88c4201ac,1156130200,1,www.gzgytyf.com/yd/index.html*
601f532a6e406fb54cf01fcf052d74cf,1156330700,2,www.asiod.com/*
60b08a4845eb319ddf4b9bd85a62da6f,1156440100,8,m.qcsy168.com/*
60d0e314995e581f3a11b72415e0f5f3,1156430100,1,bdzsc.zsld39.com/web/2118/14844/20390/index_tpl.htm*
613b45b97e661b1fa3d49f271b79fa8d,1156130600,1,www.gzgytyf.com/yd/index.html*
61a55428a98b811fac391eb7fc7efe03,1156441900,1,3g.809891.com/web/daokangyangsheng/*
61b3a1a169c27b79a07a9a712489f4a3,1156320500,1,3g.809891.com/web/yiyangnian/*
61d6036238b7f9d90978ae34acb54626,1156110000,2,www.gzgytyf.com/yd/index.html*
62b508f901606d000497b07b2f038ea1,1156450700,1,m.chenyitang.com/*
62c412a2011be81a2fdcb65d4f519899,1156350200,22,www.bjmaidao.com/mobile1.html*
630a86da524f41a13e9511158c8576ee,1156141000,2,x.wakucy.com/*
642f218b7e5e9989b0557a5e83c74145,1156310000,2,bdwsjhz.feit02.cn/kf/mw-wbz02-001-1903/*
64edae3cd7ed0c63a6fdd0182d7cd1b1,1156330100,31,www.cqccyd.com/*
64f71e1716a5d1e64b09bfc3ae9df41b,1156610100,1,m.chenyitang.com/*
651ae0876ced9aef0cb736f8c5f5837a,1156371100,18,www.gzgytyf.com/yd/index.html*
655079c34817c9062de1857c250aa662,1156371700,1,www.asiod.com/*
656623874b89895aa20a262879d3701b,1156130500,1,www.gzgytyf.com/yd/index.html*
65d7c84e7ebc75572e11f4037817cbf9,1156500000,1,bdtxwz.jmpingtai.com/m/xyfy/*
65f6de9b7eb3b5ddd0e8b38bb143b0bf,1156370800,1,www.zhongaitang.com/*
6619ac5566c36fa815acaa1dbf1fc751,1156310000,1,www.cqccyd.com/*
676426a20b365f117d2dd0ca97374b83,1156450200,1,x.wakucy.com/*
679a6c94548a4327f51863c29e390f05,1156360700,19,m.chenyitang888.com/*
67a662b3f01149202428535d6f3c10c6,1156620100,1,bdzsc.zsld39.com/web/2118/14844/20390/index_tpl.htm*
68071f54b8f84cd9f6e562bf89bc60b4,1156610100,1,m.91jmw.28n9.com/proe/137682/*
69e3042145edeff7ba8e79acf322f08c,1156310000,1,bdhkwl.zsld78.com/web/1979/12730/15961/index_tpl.htm*
6a37b7a23561cba4b6984e77da13b74d,1156610500,18,m.chenyitang888.com/*
6a524706b5349f8e6826db1218e494d8,1156130100,3,www.fengkuangxiaochuan.com/*
6b455565466c136cb09687c55cb3ee9f,1156310000,1,3g.809891.com/web/daokangyangsheng/*
6b6d54c9008cbded8e906479ce8011e8,1156340100,27,m.chenyitang.com/*
6bbf88f061910470cece0aa8f15603cf,1156500000,22,m.shanrui365.com/*
6bd3377c8508b885f35981e8ba338a1d,1156371500,1,www.zhongaitang.com/*
6cb3ece1d59c9a3c4d0b482e3ccf243e,1156610900,3,shjspa.com/*
6cbfb672c4c31c058920be1ce4bc8a10,1156350100,14,m.chenyitang888.com/*
6cf532d4b7d8b4b8535a59d9d5312808,1156430600,61,m.chenyitang.com/*
6cf75393a540f06ac28eabbe04a985cf,1156341600,1,m.shanrui365.com/*
6d62a251c13d0f9b27fd007318760c86,1156441900,1,m.yalaida.cn/*
6d8b8517f7620dce43e8a48de35ee0de,1156610100,16,shjspa.com/*
6e152316c19136aa48675362477cc2cd,1156310000,2,m.qcsy168.com/*
6ee0a46aaff78dec252294efad722baf,1156370600,2,www.asiod.com/*
6f7bdb883efa0d0e9e279629c53f3cb2,1156411400,3,www.asiod.com/*
6f80f13ebc89fa8fd471402d2578db37,1156610100,2,shjspa.com/*
6fe3196a13727a6a7da3250eeec2dd6a,1156440600,1,wap.zsld18.com/web/xyfy/index.htm*
701e5a510b69eb3b08d408b9457ceae0,1156130800,1,m.chenyitang888.com/*
7071332a3d314d332301c032dbf51a55,1156451300,1,wap.zsld18.com/web/xyfy/index.htm*
708c117f4203f42497687b25d9187c25,1156460100,1,m.yalaida.cn/*
71a45097cd8c4a9df83203cbc107beda,1156610100,32,shjspa.com/*
71c91b8a548938492d94758b10b25d02,1156430900,1,m.yalaida.cn/*
71fcd226aa57ad615a8217c98d694de7,1156611000,2,www.asiod.com/*
7260970637aaf472289c78b76f23bef5,1156611000,1,3g.809891.com/web/yiyangnian/*
72850b8d755960cedd2182a1b63a6730,1156110000,3,shjspa.com/*
72cef17a1166736fd490abaae54b4a99,1156310000,1,www.gzgytyf.com/yd/index.html*
7381be8858f9f8b4b63ddd12660b2aa3,1156610400,1,www.gzgytyf.com/yd/index.html*
73e7e618833c74d7ca7493b2cfd9c5ce,1156510400,2,m.chenyitang888.com/*
74196990516e42093ab215d5e87aa65d,1156450400,2,bd.sjh521.cn/7072/70726359/wap/*
74200fba30b0a9b7af36c43e5182fd72,1156310000,11,m.qcsy168.com/*
749511d02cd400555caaa84fce0cd28c,1156420100,1,bdzsc.zsld39.com/web/2118/14844/20390/index_tpl.htm*
750ebd348840cd57f924550d9d087feb,1156330200,44,www.jcxiangwei.com/shaokao/wsk/*
75260b75ca430bcf4efcc49e0ef042bd,1156370300,31,www.bjmaidao.com/mobile1.html*
75411a90c15a0dfcf34b83214f376196,1156310000,1,www.gzgytyf.com/yd/index.html*
7568ed6e690d09e8b6d0e1bf8a03cd1a,1156110000,3,www.asiod.com/*
75a92d9fd5e2148921335ba508b189c5,1156130700,6,m.shanrui365.com/*
75b19b7a6df8351ad53e4b51c48e34ed,1156610900,1,www.asiod.com/*
75dce9c1a956efcf066c86d58ff00dc5,1156441900,18,m.chenyitang888.com/*
765a6af7309dafd545ab8729b293150c,1156522600,1,bdtxwz.jmpingtai.com/m/xyfy/*
769cde9c2c5425b138c91ebfc3cc695c,1156330500,1,www.heiyachang.com/*
769dde7a40f4433931a38f5e0ab68e8a,1156331000,1,wap.zsld18.com/web/xyfy/index.htm*
77ac2e254718f10a6f142894d469259d,1156371400,1,wap.zsld18.com/web/xyfy/index.htm*
7870c6056d46efcaf8cf825c4530e0e0,1156420900,1,www.gzgytyf.com/yd/index.html*
79ddb7902fcb7d8b9d90000ad95a6752,1156431100,1,www.jdgyys.com/tuiguang/duhu/motg.html*
7b41eb754d58f07b150149c92dbb2aaf,1156210800,38,www.bjmaidao.com/*
7b61a072a622a0dca938911730e31260,1156321000,2,4g.918523.com/web/yuanyuantangyangsheng/*
7bb318f4f1726ca0643e7b881855fc19,1156371500,1,m.shanrui365.com/*
7c228a66c0b8f68bf47705edffc50fa6,1156370100,2,x.wakucy.com/*
7c4aaf699bdd0a5b94e651fe0241b470,1156130200,1,www.gzgytyf.com/yd/index.html*
7d3ff446cf0ebf10a45bc5a57a4f8563,1156350500,82,bdwsjhz.feit02.cn/kf/mw-wbz02-001-1903/*
7d4f997747d3bf73751131328c28e488,1156500000,2,bd.sjh521.cn/7072/70726359/wap/*
7d54bf4f9afe00f200e00905bb56eb61,1156110000,3,www.gzgytyf.com/yd/index.html*
7d59563f2d474fe9920cedf1362ed962,1156421800,10,m.chenyitang.com/*
7d8302c3d6d43022d9afd2f46ec4dc29,1156411600,1,m.yalaida.cn/*
7e0061cf35aaab79063a63d5a0e54f0e,1156421100,1,m.chenyitang888.com/*
7e72be76f0a3ab801e16ecd32bed05cd,1156530600,59,www.heiyachang.com/*
7f438e86e7234a49a06d50e4d79dce73,1156310000,75,www.cqccyd.com/*
7f595b2a918d818606c18efdc4be7621,1156510100,2,www.gzgytyf.com/yd/index.html*
7fbfdca5a2722f4366dca40da7b17cb3,1156330100,60,www.cqccyd.com/*
8086dc4bc2218159b35083763d3d37fe,1156340100,1,m.chenyitang888.com/*
809716910fe8d5170c296777aef82648,1156340600,15,www.heiyachang.com/*
820efbd43d30d56a022e3cd85dcd65f6,1156120000,1,3g.315568.com/web/jingdaoyangshengmeirong/*
825b524cf492e77aabe1451804e29537,1156420100,30,www.heiyachang.com/*
825d8d7815f5f3f04466bd74982ccf1f,1156530100,17,m.chenyitang.com/*
8261586d3b8771b3040b290c90ca4714,1156350300,24,www.jdgyys.com/tuiguang/duhu/motg.html*
827f585dcf848504d9728da051e700dc,1156441900,4,m.chenyitang888.com/*
829c0041f0c8d7209d4b4b824adce236,1156450700,28,www.bjmaidao.com/*
82c8175b4cac5a07dd5c913a94fe83d7,1156532500,5,m.chenyitang.com/*
82cfa79325c26c901551dd84cf06b941,1156411300,28,shjspa.com/*
8336a88e8befc6f52f3d54983d4b6b4d,1156513400,3,www.asiod.com/*
835152fc265b8890fe2735d7d4688290,1156411700,2,www.asiod.com/*
83db6fab9d97443e6cee063eda063acb,1156431400,9,www.heiyachang.com/*
842411daaa6cbcea6febf9c01f51dffb,1156340400,1,www.asiod.com/*
84c60b52b58e5d4ada9ca48915b4de0e,1156411500,2,www.asiod.com/*
84d379f106eb71074e0d1ea1d28806d3,1156120000,65,bdwsjhz.feit02.cn/kf/mw-wbz02-001-1903/*
8607a3a51dda3a9a11d3ac44652c33e7,1156410700,2,m.yalaida.cn/*
86488f6f7b719c7fa37f277297253354,1156310000,67,www.cqccyd.com/*
866bd0b9546338fdde95aa03c7995bd3,1156341500,3,m.chenyitang888.com/*
8708c1ca18a011c41ab62d31bf948d42,1156341600,14,m.91jmw.28n9.com/proe/137682/*
87630ff19afa929ba44663440267119b,1156410500,31,www.bjmaidao.com/*
876cee4b055e94484873749f6111633c,1156371100,1,bdwsjhz.feit02.cn/kf/mw-wbz02-001-1903/*
87ac116e26bec3db97269d1cfe9352bb,1156510100,2,3g.809891.com/web/yiyangnian/*
882b797c457b4df484b716d9ce03b308,1156522700,1,www.gzgytyf.com/yd/index.html*
88619fd432f46f19a90abf6cdf2999c1,1156130200,22,www.fengkuangxiaochuan.com/*
8882b10e8ea7a5e8994fd82ca24555d2,1156341200,8,www.bjmaidao.com/*
8891b013fb8ebe217c7bd4387347f247,1156510700,61,m.shanrui365.com/*
895704c252e630cdbcf3011c465e7ac7,1156620100,1,wap.zsld18.com/web/xyfy/index.htm*
896d2a1126bd63cccd9fe54d43ccbc4b,1156350100,3,www.asiod.com/*
896e0f5737f2f8cd98eee20d5db652f6,1156320300,1,m.yalaida.cn/*
8a1effb354491d93cd8abf4fb16332c4,1156130900,1,m.shanrui365.com/*
8a86bffa6bdd4b44c53c0d9bdff4682b,1156370200,3,www.yahuangzi666.com/*
8ae5e5604c8d886c73a80989b2da4d10,1156441800,1,www.cqccyd.com/*
8b0f6eb2d8879e1d7f0006cde923dbc2,1156350900,36,x.wakucy.com/*
8b6aa685914b933549b2962e522394c4,1156450700,1,m.yalaida.cn/*
8be423e02b00640452baec7fe8040e79,1156510500,48,m.shanrui365.com/*
8cf86ee1ce16b0a9f62a2e5752bdaf93,1156220100,126,bdwsjhz.feit02.cn/kf/mw-wbz02-001-1903/*
8d9dbf856ddc656925c940159a74ddcc,1156340600,1,www.bjmaidao.com/*
8eb2f214f9f125bb51859f50170d8a3d,1156320100,21,m.chenyitang888.com/*
8f48b4e134d2910c3b46045cec6b5b65,1156430100,1,4g.918523.com/web/yuanyuantangyangsheng/*
8fc6376ea5787892fccb6c703255d6e2,1156330100,1,www.cqccyd.com/*
8fd7a7d85882c7301edb341815994c2d,1156451400,1,www.gzgytyf.com/yd/index.html*
90ae3af0c361c72b1e696ddfac718fe3,1156370800,10,4g.918523.com/web/yuanyuantangyangsheng/*
90b3dccd6eec672838083b8988720b94,1156500000,20,3g.809891.com/web/daokangyangsheng/*
90eae83cf74c1259f5794d8a4fb4cde9,1156610100,1,m.zsld18.com/web/yiyangn/index.htm*
90eca95021aa410fc8755ea54ceac6f3,1156411700,1,wap.zsld18.com/web/xyfy/index.htm*
91365988efc629fd6074973d3a007a48,1156460100,1,www.gzgytyf.com/yd/index.html*
91a84e614e7ca4fba98ec1c8e5b22c98,1156420800,20,m.chenyitang888.com/*
9225a039da6c304792ccaf39ab40e5ce,1156610400,4,shjspa.com/*
9244cb029c57a0842cbe61d79d99d43d,1156510100,1,m.chenyitang888.com/*
92c56c2073616c71ad11aa90ccff383a,1156310000,1,www.gzgytyf.com/yd/index.html*
92c8c8490d270e4e4967317b4651bae8,1156450800,32,wap.spider360.cn/web/yynjkshg/*
93786724eeb110750fc67a0f614a1070,1156220100,15,www.zgslys.com/*
938a7a700018bfe3d6796d2f86c9ded4,1156500000,29,wap.spider360.cn/web/yynjkshg/*
93b46cb69e0215af784ba3ac5b6c321b,1156320100,36,m.chenyitang888.com/*
93d37bf01d2ac681e61b0232e6e28eee,1156140100,1,www.gzgytyf.com/yd/index.html*
93fa713f21dd744304081c7a380e088f,1156440600,18,www.bjmaidao.com/*
949c1e8469fde1756c46cbe6c0e95433,1156320500,2,www.asiod.com/*
94a53175260ef3ecb35aae0d802db459,1156361100,1,m.yalaida.cn/*
94cb0652140856334d0a34519733ab7c,1156110000,1,www.gzgytyf.com/yd/index.html*
95066b0ed2f3fe0b9c14c8bb2981573b,1156130100,2,x.wakucy.com/*
95b75988a6613975a0c1820f5a5bcfb9,1156450800,1,wap.zsld18.com/web/xyfy/index.htm*
9610630c7782667df04eb909ab0463cf,1156511000,1,bdtxwz.jmpingtai.com/m/xyfy/*
9627c7766b7c1e615c86007736adfe9d,1156441300,1,www.asiod.com/*
970fd6260051d0262542b165f765e1cf,1156341500,1,www.asiod.com/*
979b6d14ff7a356e6a92de60c17aef80,1156130200,41,m.chenyitang.com/*
97da62bd9014f55a11380aaffb07b691,1156440100,2,m.91jmw.28n9.com/proe/137682/*
97dfce152db240532bf638ef7f9a0b68,1156110000,1,wap.zsld18.com/web/xyfy/index.htm*
97f05c18423b6b68e92ff5b8e97ef6ca,1156510100,55,www.fengkuangxiaochuan.com/*
98d879312232201444880cec24711727,1156440300,1,m.yalaida.cn/*
98f7f5d5206078fece054fb0970ebd20,1156340600,91,wap.spider360.cn/web/yynjkshg/*
99406a00e2085bf3335c04e430538cef,1156371000,1,m.chenyitang888.com/*
994c1aa76a6ba2f81135e852707a8d0d,1156610100,13,shjspa.com/*
9b30502485dbca24939ad086c0fac0c0,1156450100,1,www.gzgytyf.com/yd/index.html*
9ba757c8c9d2c007da86cc53c8390bca,1156320400,3,www.asiod.com/*
9c50a11ad3135a626a6c8047f953fc02,1156510600,1,m.zsld18.com/web/yiyangn/index.htm*
9c562daa0245bf51d8f569df65785a8a,1156440100,1,wap.zsld18.com/web/xyfy/index.htm*
9c5b5779e8acfd910beabf3575e35b92,1156610400,1,www.bjmaidao.com/*
9d495c306ed09dc5adab6b543af97395,1156510600,30,www.bjmaidao.com/*
9d96934d0a02b858e7ad0a56c8382ab8,1156431100,11,www.zhongaitang.com/*
9e81dda8fbfdf8b74ef2478fa618ee45,1156440100,1,vip.bc5868.cn/xdt-m/*
9ef8d13c22237c70cd4875606fb9f86b,1156410100,1,www.asiod.com/*
9f02a70108c63b32f252c5a0d625722a,1156511300,18,m.chenyitang.com/*
9fab74eab488b135ae6dbfab6fbd6588,1156120000,5,www.yahuangzi666.com/*
9fe667f44e8f0e25b0670aae968a7ead,1156450800,1,m.yalaida.cn/*
a03d8f9fdf210f451f8a50422813e9a6,1156330200,5,m.chenyitang888.com/*
a0d7cb4e049be769a10d02b5593fe5a0,1156532800,1,bdams.zsld57.com/web/2176/13560/17650/index_tpl.htm*
a128c06b9a770b07d53d1caa4363b029,1156370600,4,www.yahuangzi666.com/*
a1fe28c4c45c7b29a20ddb0123f5ebdc,1156341200,11,m.chenyitang888.com/*
a2657697e723c3dc8f6721777b321ef8,1156510100,2,bdzsc.zsld39.com/web/2118/14844/20390/index_tpl.htm*
a296fa506cfab887c8ccf10a572b66d4,1156420100,15,m.shanrui365.com/*
a2a321a35ce8a132d0ae751e752eb0b9,1156320500,1,m.shanrui365.com/*
a2b0cac8069b4433389666cf87b707c9,1156440300,1,m.yalaida.cn/*
a2cdbdd28d80e69a92f7b52ea12a9c26,1156520300,1,www.gzgytyf.com/yd/index.html*
a3120f536f2a1bb2946e6c807b618db8,1156341100,1,www.gzgytyf.com/yd/index.html*
a31f89cb8ae9b62ea40326b2c29de4ab,1156360900,18,m.chenyitang888.com/*
a3ac3d17a79884bfa3999b2d96bba371,1156441900,2,www.gzgytyf.com/yd/index.html*
a41c79cff8bd6de6b354f1baed3fd7b5,1156430100,2,www.gzgytyf.com/yd/index.html*
a49b9294864d81f412c1e7ff3a563b7c,1156220100,1,www.gzgytyf.com/yd/index.html*
a5a872aa30a166017f328933124fe5cd,1156370600,9,m.shanrui365.com/*
a5b240dbbd033c6f5a2bd03212f14ce5,1156520300,17,vip.bc5868.cn/xdt-m/*
a5ec7624517aaba23fb54d9090d821a9,1156450500,5,x.wakucy.com/*
a67399fa24cef5ba2b01f007d5c64bc2,1156510100,3,www.asiod.com/*
a6fe99def1c3ce70fcd78f010934859d,1156140800,1,m.chenyitang.com/*
a763a3b539c4f8e72e1680cdedef5692,1156450300,3,www.bjmaidao.com/*
a7a176866305c654cf358620bdb4896f,1156360900,1,bdzsc.zsld39.com/web/2118/14844/20390/index_tpl.htm*
a7b519039f1ab79099eb21e8d76c2703,1156431000,766,www.zhongaitang.com/*
a7d236a11dc703cddd693fbf7f11a457,1156610600,7,www.heiyachang.com/*
a7fd0d10b9c3112530509b4e93a29f0d,1156330100,1,m.shanrui365.com/*
a8ecac310e87fec41e74650c75388395,1156411700,1,www.zgslys.com/*
a8edf1905f776aed47ba6d8743f80378,1156410100,1,bdzsc.zsld39.com/web/2118/14844/20390/index_tpl.htm*
a90054fc1d25a97b89ce9d9e68db6654,1156532600,1,wap.zsld18.com/web/xyfy/index.htm*
aa36bd39672176c4715ad34261cfd0b8,1156131000,1,bdzsc.zsld39.com/web/2118/14844/20390/index_tpl.htm*
ab178cf3a87f5d77d557e273236f2237,1156511100,9,m.qcsy168.com/*
ab51e1e4a70e87443c9283b0e25b37ab,1156341500,1,bdams.zsld57.com/web/2176/13560/17650/index_tpl.htm*
ab74b556e5d2ee421acdf10b81cda01b,1156320900,51,www.heiyachang.com/*
abf9fc8acdd60f1df8da40327fedddf4,1156110000,143,www.zhongaitang.com/*
ac5c7323afb76975e39349bfb72c3b71,1156371700,35,x.wakucy.com/*
ad0cc1d32adc61f65497c49c6607666a,1156420100,4,m.jiamengs.cn/laoaitang/*
ad86a9b9cc198bd5c4eef377e5c207fd,1156610100,1,shjspa.com/*
adc65cac2f32cfacc949d7d70664cc30,1156130800,1,vip.bc5868.cn/xdt-m/*
add8b76a909eb7fcc45de79910884703,1156610100,1,bdzsc.zsld39.com/web/2118/14844/20390/index_tpl.htm*
ae026cad425a58099741fd6381554289,1156451300,20,m.chenyitang.com/*
ae159a4b0566bb411865c023287654e6,1156360100,9,m.chenyitang888.com/*
ae384a6c792c22cde2faa1be2ad8f727,1156510500,1,www.zgslys.com/*
ae8a84640861d4988148ff3499fb6fd2,1156610800,20,m.chenyitang888.com/*
aeca158a4595c66bde92cd6146a8197d,1156341300,1,m.chenyitang.com/*
aef5c4aeb7fb6bd06a5fc488b555f6c8,1156500000,82,www.asiod.com/*
af8fc7d8d24b247424e9cb83d03f425e,1156513400,46,www.hjyyd.com/*
b0904a73e4e703758902ab77e39e7a3e,1156450200,1,www.heiyachang.com/*
b14472e2deeeba4b931205fc793ba52e,1156340600,1,wap.zsld18.com/web/xyfy/index.htm*
b19dc482969a3279ff86ae541a7b4a86,1156370100,3,www.asiod.com/*
b21301f9d6fb9e4a337907cf4ad2768c,1156620500,1,shjspa.com/*
b216c21b7ff22947c64d40e5a00cac2c,1156320500,59,www.fengkuangxiaochuan.com/*
b28434ab181eb760ff0595266bcff063,1156330100,6,www.cqccyd.com/*
b31a6055f56dd727b449c02a7495811d,1156320500,2,www.asiod.com/*
b3917b843bb968c50f8d05a120830f45,1156370400,1,www.zhongaitang.com/*
b3a8a45f7225e05abe7ae547292f5015,1156130100,1,bdzsc.zsld39.com/web/2118/14844/20390/index_tpl.htm*
b3b257b1201264d8f176917029b3285e,1156371000,31,www.bjmaidao.com/*
b46074ee2c77b9bd08e2bfe9bc356052,1156431300,2,m.chenyitang.com/*
b48aa4d5e3ad6b7baa2d45d71680db66,1156371400,1,www.gzgytyf.com/yd/index.html*
b4c535c6f9d8cad8e88747856524724b,1156451000,2,wap.zsld18.com/web/xyfy/index.htm*
b615adb2e4f1f5a815c75025795f42b9,1156440100,52,www.cqccyd.com/*
b6885d7a6a8a418bb20c6f1035c1d94f,1156110000,1,m.zsld18.com/web/yiyangn/index.htm*
b75ce633f965fa99233c8503e278656c,1156310000,1,www.gzgytyf.com/yd/index.html*
b76b9aa4d6c0a1e7d27ec76e6fb6c677,1156330100,2,m.yalaida.cn/*
b7e486dc22030c1c3b5f2ded1d24aad7,1156420500,1,www.gzgytyf.com/yd/index.html*
b8ca96d52b694cd435a32897686d12c3,1156340100,1,bdzsc.zsld39.com/web/2118/14844/20390/index_tpl.htm*
b8cc6ea975100c81ac856fb180986b39,1156500000,20,m.chenyitang888.com/*
b8ef995f084203cc8ff28156df748f72,1156310000,1,www.gzgytyf.com/yd/index.html*
b9226ce34a41d1375e7a5798c0b07b5e,1156610500,2,bd.sjh521.cn/7072/70726359/wap/*
ba2224134c7521500b02ecf35ca9480b,1156410100,64,bdwsjhz.feit02.cn/kf/mw-wbz02-001-1903/*
ba2ec878c083e89ac3043054067f1e68,1156431400,25,www.cqccyd.com/*
bb0fcf38503f7bce79e0d49e46dce4ed,1156320800,1,bdzsc.zsld39.com/web/2118/14844/20390/index_tpl.htm*
bc1874b0f649ba5d3554e0c2d1711090,1156532500,18,m.chenyitang888.com/*
bc26842fd49e9a335840f443acda1ed4,1156440600,1,www.gzgytyf.com/yd/index.html*
bd328cda9537a0d2892b2a5cc54b2a82,1156420700,1,bdams.zsld57.com/web/2176/13560/17650/index_tpl.htm*
be258052902213d688bb3b37fd78942a,1156110000,4,m.bjmaidao.com/*
be682113d4c6b8f921e19267fbbfc396,1156130100,9,vip.bc5868.cn/xdt-m/*
be6e112b4652de98015bfe05c5da37c9,1156370300,17,m.chenyitang888.com/*
bf16287041682fba1a716896c3515075,1156500000,1,bdzsc.zsld39.com/web/2118/14844/20390/index_tpl.htm*
bf1b93477fe82467018c2377a5f23838,1156440300,2,www.gzgytyf.com/yd/index.html*
bf55bdebfce2a62fc224e6792364ff80,1156421100,10,www.yahuangzi666.com/*
bf751c5e18b3fc3f2384196e29e7b56c,1156341600,20,www.zhongaitang.com/*
bfd41cda091c00332309c35ef70813da,1156110000,9,m.bjmaidao.com/*
c06d6eaeee8089fb221ab92e3049b662,1156320100,8,www.heiyachang.com/*
c19774ed7fb38cafbf699387883ddfff,1156330300,6,www.heiyachang.com/*
c1b5fd47152e47b25f6f20d3ab1aca23,1156610100,21,m.chenyitang.com/*
c21f123527cbcc7d0ad8b164da3318cd,1156330300,21,www.bjmaidao.com/*
c283562af8ef70f958f3db4a29699623,1156410400,15,m.chenyitang888.com/*
c28d6e5d7dedd9758485b1a113a4c28d,1156430600,66,m.shanrui365.com/*
c29f6d9a80475231267d0196899d580e,1156140500,21,m.chenyitang888.com/*
c389ef548f18aa64f1af03776047b7a1,1156510100,3,www.asiod.com/*
c4d08ba47f349d700d95358aeb603de5,1156341100,7,m.chenyitang888.com/*
c532072ab2e02a17b387c42f25013770,1156610700,2,shjspa.com/*
c546c296e92e1de07b5ee22036058dc3,1156500000,1,m.yalaida.cn/*
c54cf86deff86bc96b539da379232cc7,1156410300,1,www.gzgytyf.com/yd/index.html*
c584aaee4a964976e7dc56aad506b9b4,1156130200,1,m.qcsy168.com/*
c58ec9fd319241c461e0bee092e6fdaa,1156341300,1,www.heiyachang.com/*
c5b3a8fcc5032e22dd95c9cb22f4e10e,1156310000,142,www.cqccyd.com/*
c6984f3970391f4a22a9455a2b4cf104,1156512000,5,bd.sjh521.cn/7072/70726359/wap/*
c69ba77dc829fd2026d2e9620e0c2f6c,1156371100,2,m.chenyitang888.com/*
c69bcc386512e1d223d025529377a1db,1156340700,19,m.chenyitang888.com/*
c6c94fc8601e1e383195872860ed04c6,1156130400,3,m.91jmw.28n9.com/proe/137682/*
c6e9e456be9d57f98f480c89f2bf5200,1156350100,53,www.cqccyd.com/*
c74b2779093af3912d017bc8be6521e7,1156512000,1,wap.zsld18.com/web/xyfy/index.htm*
c7ed92cc97d35800d60f64d41697c2f1,1156500000,1,www.gzgytyf.com/yd/index.html*
c7f83212deca2a014ae3e9746a215092,1156360100,1,www.gzgytyf.com/yd/index.html*
c8e64b522006cafbfa3db7509c538939,1156440100,8,m.qcsy168.com/*
caf670cdccd0fc712bea522cd0866877,1156500000,1,www.asiod.com/*
cb5798fc50f12bf27dfa43f7052099b9,1156371700,2,bd.sjh521.cn/7072/70726359/wap/*
cbf017623ea67b05636b3f929095c643,1156371600,1,bdzsc.zsld39.com/web/2118/14844/20390/index_tpl.htm*
ce55374c397cb6aece8a3e0a78372e11,1156610400,31,shjspa.com/*
ce9ac98374b71a3611bc88776ae5cecd,1156370800,22,m.chenyitang888.com/*
cf724ba4f5cc42f4e8045fda9af628a8,1156610100,32,shjspa.com/*
cfd5d07083bb1ae7518320c81d3cbc7f,1156371300,1,bdzsc.zsld39.com/web/2118/14844/20390/index_tpl.htm*
d00a559ff448dd358dab9fc925a725b5,1156430500,1,www.gzgytyf.com/yd/index.html*
d04afb7390b19397295f32e5e9eb304f,1156530300,1,bdams.zsld57.com/web/2176/13560/17650/index_tpl.htm*
d0779f6c8536ed2faec9f8db2c11c7f3,1156130900,1,bdzsc.zsld39.com/web/2118/14844/20390/index_tpl.htm*
d0930104f4e6252794c7e15d14e1782d,1156522600,17,www.bjmaidao.com/*
d13d6951185234dfbbbf7a0f3bd6561f,1156110000,198,www.zhongaitang.com/*
d13f5e7ceb866c2183eaed6fc8f1df75,1156130400,1,www.gzgytyf.com/yd/index.html*
d1405e9385be7947ddf25c1d48adcda0,1156440300,29,wap.spider360.cn/web/yynjkshg/*
d14bebef14cd81790d52ce88aefdb7c8,1156370200,54,www.bjmaidao.com/mobile1.html*
d15023f00853351a27f9d252679b9797,1156310000,1,www.heiyachang.com/*
d15aecfeac59afb8a11c6f5808f0b16a,1156441200,1,www.gzgytyf.com/yd/index.html*
d1a1fcbfcce3b75fbbafabe863166a06,1156130500,1,bdams.zsld57.com/web/2176/13560/17650/index_tpl.htm*
d1ec5e6bca210f221a4200a8c30b88a9,1156120000,33,www.bjmaidao.com/*
d23c7011ea68e25c5277c7a974bf25a2,1156532300,48,m.chenyitang888.com/*
d30451d97996cc538778fcc57baaa478,1156500000,3,www.asiod.com/*
d3112d95c7e911a2a9843df0cd42ae9d,1156610100,1,m.chenyitang888.com/*
d3769dffb5b6626cdf7945eb2f2668cb,1156532300,1,3g.809891.com/web/daokangyangsheng/*
d4a4f8a06dd7b9651b707806f442a895,1156450300,6,wap-ludech-cn-76b3.aipage.cn/*
d5e03fb098150ca839ee771533d065bf,1156130300,1,m.zsld18.com/web/yiyangn/index.htm*
d614cb1b475738a77f4890ce6efef7f6,1156430400,2,www.yahuangzi666.com/*
d67e0c8bb58c74e93bc21898d80b485b,1156320600,1,www.cqccyd.com/*
d694abb0b9eecdaf51e349453ca42eba,1156330400,3,wap.zsld18.com/web/xyfy/index.htm*
d707821cb86a6d7f82d7ac6c393b9787,1156110000,2,x.wakucy.com/*
d74fb3aabcfa80677656d68fd8376451,1156340800,1,www.gzgytyf.com/yd/index.html*
d94ad63a69f2595874607cef539a4dfc,1156310000,3,wap.spider360.cn/web/yynjkshg/*
d98e102efacfae4b421b774f9563910a,1156431300,1,www.gzgytyf.com/yd/index.html*
d9e6e09246f2a26693ab514b90ef7bc0,1156510100,10,m.chenyitang.com/*
da59b279312a520918753d71006d3a62,1156511700,1,www.gzgytyf.com/yd/index.html*
dad15405f5e025fee25491b6d5929438,1156110000,28,www.bjmaidao.com/*
db1ab1c050ff0f8266fe7e1331c48ef3,1156130600,38,m.shanrui365.com/*
dbabf161c8412324ddd2e5e92e05b120,1156150300,1,m.yalaida.cn/*
dc2af5288cacb4da647aa6ae8a73f919,1156441900,2,bd.sjh521.cn/7072/70726359/wap/*
dc3c6866ce2ca39cfcbf350f817bd0bc,1156371100,7,m.chenyitang888.com/*
dc7ecf8ee91f00acc207bfcaf1e6c611,1156430500,2,bd.sjh521.cn/7072/70726359/wap/*
dd0095a22b212fa32d5a30c3335fc86a,1156340200,1,wap.zsld18.com/web/xyfy/index.htm*
dd2859ef44579e4038420755123d7c22,1156440800,20,vip.bc5868.cn/xdt-m/*
dd555d54cf65f9cf4730af03afb23cca,1156500000,22,www.wxth188.net/*
df44d6da042b44463e1fdefd19ce0cca,1156371300,1,www.yahuangzi666.com/*
df4abdffdf8431ef85dd14cf2f88b346,1156513300,2,bd.sjh521.cn/7072/70726359/wap/*
dfd0e462d656776a10a08b6e828b65d5,1156370600,20,m.chenyitang.com/*
e0443404a937f13f8db3bac272b1ebbc,1156310000,1,www.cqccyd.com/*
e0705b48b40e34ef0b154cc5070ab876,1156510100,1,m.chenyitang888.com/*
e07494ab9fa4e935cf3cef90ec42dead,1156341200,1,m.isjmw.com/jingdao/*
e118992fc90597fce9381083b5ef1496,1156131000,1,wap.zsld18.com/web/xyfy/index.htm*
e1e27d42934ea1a210b71f83fba9c9b6,1156500000,22,m.chenyitang.com/*
e1e398b1ea159b13db258c213b42f03a,1156320100,1,bdzsc.zsld39.com/web/2118/14844/20390/index_tpl.htm*
e2cb60358234a0cc8e0b8a7883615896,1156130800,62,www.fengkuangxiaochuan.com/*
e2ed2b371c2375f33b8b7d5c0b4277a8,1156130900,37,shjspa.com/*
e32786411db882b95ccc1d7c2da8dcb3,1156440300,1,bdhkwl.zsld78.com/web/1979/12730/15961/index_tpl.htm*
e33d9db1dc12e302192d59dcb429c757,1156130400,1,bdzsc.zsld39.com/web/2118/14844/20390/index_tpl.htm*
e3a0663fc1e674418e46aeb6a6b7f301,1156430500,35,wap.spider360.cn/web/yynjkshg/*
e3be3106c9248237665864be9dd2983f,1156310000,130,www.cqccyd.com/*
e3d30840e24b7a4e1cadcbc06e445d6e,1156130100,1,m.samerv.com.cn/*
e4527404ced144ac9d6d37c4c600e412,1156310000,1,www.cqccyd.com/*
e48230e5ad826c7b25177f1b312529f8,1156370500,1,www.zhongaitang.com/*
e4900f6e3eabf217bb4e06170f2db835,1156320500,37,www.fengkuangxiaochuan.com/*
e4b4a62c72d54ad419f5178ea105f084,1156440100,1,m.yalaida.cn/*
e4c1cbfa265258a6d7740085419c483d,1156513200,1,m.chenyitang888.com/*
e745f652fd69907390efe634962951a9,1156130500,1,bdzsc.zsld39.com/web/2118/14844/20390/index_tpl.htm*
e8da922c1d66d3c30684f35cd0a028f7,1156510100,28,x.wakucy.com/*
e8e6361c3678f9bdfd2f810dadf348d2,1156341600,1,bdhkwl.zsld78.com/web/1979/12730/15961/index_tpl.htm*
e90d8f593051b559fec61bcda6d2a1af,1156511300,8,m.qcsy168.com/*
e91839c528d6c206ddceb71891352d0b,1156610100,1,www.asiod.com/*
e95145b6861ee46578b0666d3dda8a6a,1156500000,3,www.asiod.com/*
e9933106aa1a6a632b67e03bd1ba9208,1156510100,1,m.yalaida.cn/*
e9ab46bf3d82987ccebfacdfed7d0ff2,1156441900,5,www.yahuangzi666.com/*
e9dbf9762fe3b398f1e0d1b0e497c3e6,1156610900,27,shjspa.com/*
ea654ee599c43f8d3c95199510ff661e,1156440300,22,m.chenyitang.com/*
ea80be6a6a2bdd4c0d162ad43d466697,1156510300,3,www.asiod.com/*
eb77c36e0096832e7afccb60a6f15b75,1156440300,1,wap.zsld18.com/web/xyfy/index.htm*
eb9166df5279613aae456cf45f391ae6,1156440100,1,m.yalaida.cn/*
ec6ddec9dadb7d7a71b767f9f8d281c1,1156450300,7,www.yahuangzi666.com/*
ecb0dc2a176785caf56018d7ce9c305f,1156360100,1,www.asiod.com/*
ed6ec562661391667ff1b7c7b5fda3e8,1156130600,1,x.wakucy.com/*
ee1a53afe09c74375865b3a343e8da5f,1156371700,61,wap.spider360.cn/web/yynjkshg/*
ef041e15bb2fe69d12e57b30c1184147,1156530100,1,wap.zsld18.com/web/xyfy/index.htm*
efc42c4d40bba55275020fc35c3b81a8,1156310000,1,www.yahuangzi666.com/*
eff832b353331b23572dae3d42660d1d,1156500000,1,www.gzgytyf.com/yd/index.html*
f052276a2dbb905ffd819a8d3365a51c,1156310000,35,www.cqccyd.com/*
f1f0bdab7fadddd8851497536bc80d03,1156220500,21,m.chenyitang.com/*
f2553de8b29491c47d97d2b4bc2fa5a1,1156610100,48,www.hjyyd.com/*
f278253674e90bd9fc32c7ae888147c8,1156320700,1,www.gzgytyf.com/yd/index.html*
f31af29f579d43bb0a497efd24e64e36,1156441900,3,www.asiod.com/*
f32ec255bb8986e44ad1c6341cbe65c2,1156130600,1,www.gzgytyf.com/yd/index.html*
f4a3ab2840005e6e0b6118a54068aa18,1156370700,5,www.wxth188.net/*
f535996ac0422cac92009c7b2289db1b,1156130400,29,wap.spider360.cn/web/yynjkshg/*
f59cd109f7bd2f73047053d617b8a379,1156610100,1,bdzsc.zsld39.com/web/2118/14844/20390/index_tpl.htm*
f5b2817143e791a1e94a553a912aafe5,1156441900,1,wap.zsld18.com/web/xyfy/index.htm*
f601ad14012e9536077de7137f3f6b8f,1156360800,4,www.fengkuangxiaochuan.com/*
f61fedd1a98f2c35f18cb859fd278035,1156130200,1,m.yalaida.cn/*
f72b7d81eafa5fec41c5d91e34e1cff4,1156511700,52,www.cqccyd.com/*
f82627b7234fbc0251f3235c33d2dd60,1156510100,9,m.chenyitang888.com/*
f96018c1d66399a0a017167ae2ef9bdd,1156370100,2,www.asiod.com/*
f971f84261c1661733e1e23e074015e5,1156430900,1,bdzsc.zsld39.com/web/2118/14844/20390/index_tpl.htm*
f9bcd0a68701abb8cbb39c8480c1cecf,1156310000,33,www.cqccyd.com/*
f9ef852c788319cac4364fc5c2538c28,1156530100,1,wap.zsld18.com/web/xyfy/index.htm*
fa288d38b9f891b7547e2628f9699ec2,1156411300,40,vip.bc5868.cn/xdt-m/*
fa3ab9644d67d2e4960bd8844dd6c673,1156511900,9,m.chenyitang888.com/*
fab8254c05fa27139f38a37539879ad7,1156450900,4,wap.spider360.cn/web/yynjkshg/*
fc15644fb52337c7f518b470a62b4a4a,1156500000,1,m.yalaida.cn/*
fcd80a6c306c261a526be940dcfbbd0c,1156310000,1,m.scsl518.com/*
fd3a5fddb0e782f12572bd2fbe9eddd7,1156510600,2,bd.sjh521.cn/7072/70726359/wap/*
fdcace57b8f79345cbad552e6cc97d20,1156371400,1,www.zhongaitang.com/*
fe9488b044b0fea868671caa4bade2fe,1156330100,1,bd.sjh521.cn/7072/70726359/wap/*
ff9aa6d207e65c1d596ffdaf15ac583b,1156350500,38,m.shanrui365.com/*
ffc08c7ea919c07d35a0527f37bd9708,1156371300,1,www.gzgytyf.com/yd/index.html*
