0425b8bd11bd110c24a26de47184a56c,1156371300,1,wap.caiwuchina.com/*
04732f481f4a61965c72965c5edb99b8,1156370500,1,www.qdqfser.com/m/*
07a9dc0f16b63f0a0b431a42f72fd534,1156370300,1,m.e-zc.cc/*
0dcd0a9e905ae30a2d792485ed141269,1156370800,17,m.520gongsi.cn/*
13ca6c8fe72d8283acfaf4143a55b49d,1156370600,28,m.e-zc.cc/*
15318989cb2c2fa9d1cbc42e4fb90e78,1156371700,1,www.qdqfser.com/m/*
17844e87a4889e594c206bf0905e3fe9,1156370200,1,www.qdqfser.com/m/*
1b4c43a4c1a2584ed106d24a6a3779d3,1156371300,1,m.e-zc.cc/*
1bdaf1f47a55391786e42a52c7da95e0,1156130900,13,www.huazhengcaiwu.com/*
23dbc17b104b1dd9c8643b150c1ab483,1156370600,1,m.520gongsi.cn/*
242164c7eaed0d5b46502782d7d278d5,1156371000,27,wap.caiwuchina.com/*
24ee310c2f1ed217ba338fa72e57d728,1156371700,3,www.caiwuhome.cn/m/*
263d5cff533ba27148534d9d65564144,1156370700,2,www.caiwuhome.cn/m/*
28f1a4f05c9fd4de99d662d09d23af99,1156110000,24,www.huazhengcaiwu.com/*
2b1623160c76639c48039d0dea29ac4b,1156370400,6,www.huazhengcaiwu.com/*
2b2ed9004950de7865b92a3e2ca80039,1156430600,5,m.520gongsi.cn/*
2d7c4e49b180b63c7dfbd99fd41b4045,1156370400,17,www.huazhengcaiwu.com/*
30d424f230fdc0e908190d6705deb328,1156370700,46,gkcw.wzjishangtong.net/m/*
325c21305e24b36734498270b3ac39c3,1156371100,1,www.caiwuhome.cn/m/*
33a81f8f02c7d94054afd3c1ef382a38,1156370100,16,m.chuangyebaba.com/*
3b7b96776aa85b0c2b8e3168849f6b1d,1156370700,1,m.e-zc.cc/*
3cafe897ba45e350ebd447584b3ccb9e,1156500000,1,www.qdqfser.com/m/*
3d26777f348e6d3c6fd32a90f526058e,1156371500,1,m.520gongsi.cn/*
3d3ccfbfdc716202b7dea390d4a5aa11,1156371600,22,www.huazhengcaiwu.com/*
3da6e05aef88dd02e7a275f5211b2191,1156370500,56,m.520gongsi.cn/*
3dd0c220706c00342151b52ba2e8b35e,1156371300,22,wap.521gongsi.cn/*
3ff5d2e3cd775e4cd6665b3ca5744a8b,1156370200,22,m.e-zc.cc/*
401d0a0b7c7646623917b27dbaebc8fe,1156371000,16,www.huazhengcaiwu.com/*
40eac3483b4aa01b30195966d79a3b6b,1156371100,26,m.520gongsi.cn/*
44c1f468670e2e6e189b782f63e4f191,1156370600,13,gkcw.wzjishangtong.net/m/*
458cb9f2e6e18bb8fdd2743ffaafd66e,1156370100,8,wap.521gongsi.cn/*
4734376a2c7308e0d22ed46704342cc9,1156370700,17,m.520gongsi.cn/*
49f73eb3f4c8d25e9be679020d718b7f,1156370200,2,www.homecaiwu.cn/m/*
4a205801053044bd75d14bec06c4ba94,1156371700,1,m.520gongsi.cn/*
4a92a5feeda7b05e5a2984a9ea84fd9a,1156370200,1,www.huazhengcaiwu.com/*
4d21a05767772a33792312dbfed0eb6d,1156370600,48,gkcw.wzjishangtong.net/m/*
4e27c8d53cce5228b79ad7a75ad1ac98,1156370100,11,m.520gongsi.cn/*
4f4aa6edacd1ddf0ba3c81df709cdfb1,1156371100,30,m.e-zc.cc/*
5685a93959edc6ddb3018b52e517e70b,1156370600,1,m.520gongsi.cn/*
57b02e2ea26013f60c482534102c7433,1156370800,4,m.520gongsi.cn/*
5a4b8ba1a27df6ee036cf6f3843231bc,1156371700,1,m.e-zc.cc/*
5b41b96f4d0c4362b23d02dbe70fa1fa,1156371300,1,wap.caiwuchina.com/*
5f78ae1f99daec88d26f7f34bf76e14f,1156370600,25,m.520gongsi.cn/*
603bcb52b58ca4707f4ec0691b67a318,1156371000,24,m.520gongsi.cn/*
639bd76c5d4f874c036bcd1d77d2bffc,1156370500,7,m.520gongsi.cn/*
64fd568f840f38cfaf246588f7f32e0a,1156370700,1,www.caiwuhome.cn/m/*
659f68540bb9b55ee29db9c1fbd0dc54,1156371600,1,www.qdqfser.com/m/*
65f9db93dfe319a98f12163213f3eeee,1156371400,1,www.homecaiwu.cn/m/*
671a85595c2a35944a10fc80b53a3759,1156371600,30,wap.521gongsi.cn/*
67cf0e48c885f4931d57beeff7e045db,1156371700,1,m.520gongsi.cn/*
6976bbfaac6f780e6c32304895d2453c,1156370600,16,m.520gongsi.cn/*
6d0497eaf2673dba10b4cb410927f290,1156370500,2,www.caiwuhome.cn/m/*
6f4bf782963d6fdc7d6172675f20e6f7,1156371500,29,m.520gongsi.cn/*
6f5b0b04098e56ecf1cc23511927afa0,1156371000,1,wap.caiwuchina.com/*
6f8465dc15f5c5497a588018a82696e2,1156371000,1,wap.caiwuchina.com/*
70b6127d90583f2ffd7a0a8ba7623aba,1156371600,1,www.huazhengcaiwu.com/*
7327e0a824e1da3100f7b9f568517348,1156370200,9,m.520gongsi.cn/*
77118b264cbb9ac68eef86484da35b83,1156370700,21,www.huazhengcaiwu.com/*
77560f351fc7489867320becde1fdfe9,1156370300,21,wap.521gongsi.cn/*
79695f1ec34ae1dfa6db2edf5e003f36,1156370100,11,m.520gongsi.cn/*
79a33ba6c895285e35ed32ea8dc12404,1156371600,49,gkcw.wzjishangtong.net/m/*
7a70b00245ecdc1e21fb527325aa5082,1156330200,110,m.520gongsi.cn/*
7fe44e1f7b32801e9929747ba38f17bc,1156370800,2,wap.caiwuchina.com/*
81d32cd46d116d5253753e0ffbc980c1,1156370800,50,gkcw.wzjishangtong.net/m/*
82f5df11918dba392cf800c68a5be376,1156341600,16,m.520gongsi.cn/*
87615bc291147eb8576366daed4feabe,1156370400,12,www.huazhengcaiwu.com/*
8939f7eff7aa880f58b18814cf5065de,1156371000,9,www.huazhengcaiwu.com/*
89459559481bbb73125f08b117a6f86b,1156330100,2,www.yuyangip.com/*
8e83aab239e6279f71610f86c71e5920,1156330700,46,wap.521gongsi.cn/*
8f7eaecaef385cd62b4f311371670c5e,1156370200,1,m.520gongsi.cn/*
9392e340f2e42512cf17f64db580deef,1156370100,19,m.520gongsi.cn/*
94f5be655e1d62aab7406bdb82eb7338,1156370100,1,www.photobase.cn/*
a2000bb35bba61c1b48cf5c3a8ec46c3,1156371300,1,www.caiwuhome.cn/m/*
a3766e602414d1585e6a6384e6aae775,1156370200,2,www.homecaiwu.cn/m/*
a50ae6fceb2c3d0fbec7ffef87dbe445,1156371000,2,www.caiwuhome.cn/m/*
a523726a7cc10203d39717ff11ecb96d,1156371100,1,m.e-zc.cc/*
b6e09b3d390724a46989bbe38648d1bf,1156370800,1,m.520gongsi.cn/*
bc58479a75060211e97f52b7970cfcc1,1156370900,18,m.e-zc.cc/*
bd26d5772de162c279ad5ea565bee3c3,1156371300,1,m.520gongsi.cn/*
bd69b420583c16b90117af9c6d51cecf,1156370500,1,wap.caiwuchina.com/*
c3754cb451a838989238bda9bef6ba58,1156511600,3,www.homecaiwu.cn/m/*
c3d9017fd62559231d49e6067c1b4b6e,1156370800,1,www.huazhengcaiwu.com/*
ca501772f38944e509b31c0aa2093b8f,1156230800,41,m.e-zc.cc/*
cb86559c82318ab2f8b424034cfa9315,1156370300,1,m.520gongsi.cn/*
cc5456e68a06e9a595dadaddd44e5e56,1156370700,2,m.520gongsi.cn/*
cd5d9d123506171f0cf613b82782fcdd,1156371400,1,m.520gongsi.cn/*
cdc4d3fccc4abcab19122c42b4a02b70,1156371700,2,www.caiwuhome.cn/m/*
cf9ec6f326182b1bebc7b121082c21a6,1156513400,2,www.huazhengcaiwu.com/*
d0b9d78c1e2a831ddb5cb035f65dd0a6,1156370800,2,wap.caiwuchina.com/*
d2c8675937c10758cf0f9dd6957efad6,1156370900,8,www.qdqfser.com/m/*
d4d7014c28545ea8815d6684329c7e89,1156421400,46,m.520gongsi.cn/*
d97e33503bbc37b8a3ed45f9d3ab7f2c,1156520100,1,m.e-zc.cc/*
dce6b262c9b6f7701ee9302cca62cbdc,1156370700,21,m.e-zc.cc/*
e1a7c581cd21759cd351643effe620f8,1156370900,38,www.huazhengcaiwu.com/*
f1c2c51636b52d0e320598e9e92a2942,1156371100,1,wap.caiwuchina.com/*
f1ed56373873f12f6bc9c4b6794a3435,1156511100,1,www.caiwuhome.cn/m/*
f1f55a151a20bdfc36d29ee33c67a9bb,1156370100,1,m.520gongsi.cn/*
f6b27cd5b56551885e7a7e6ff68eb347,1156370800,1,gkcw.wzjishangtong.net/m/*
fcbe4877fb0592988f3fc57bffffb1f3,1156371300,1,wap.caiwuchina.com/*
ff0f427253bd772c6e576d4e824cccb0,1156371400,4,m.520gongsi.cn/*
