0059f0d580c65aff3fb0f81d2cbc3e64,1156320500,2,www.youluwx.com/*
008b222b0a1743acef8106fe7babbb29,1156513400,14,www.youluwx.com/*
01371212425e5753fc586cccfd7b8406,1156130100,1,www.niceloo.com/yixiao/*
01d3eec23126ba1d93c715aa2a9eb307,1156370400,10,www.youluwx.com/*
020141e316811df38f4a33db11d52df8,1156110000,2,www.niceloo.com/yixiao/*
02375a4fa2e4119104babab692ce79bd,1156510500,4,www.youluwx.com/*
03a02e13c4b10b3e0d50580f447c9529,1156511600,3,www.youluwx.com/*
03a5f3469a5fa1d46df2bee9954fa7d3,1156320200,7,www.youluwx.com/*
03d0951da8ac78f45d0ccb189b026ead,1156130200,71,www.feiyue119.com/*
04038ea739685f28e60457ec59055e6a,1156371300,10,www.youluwx.com/*
0486f4864ef5a96916bf1c929aba6042,1156510500,13,www.youluwx.com/*
04c1bb984543a6365f250826740ceaf3,1156511500,56,www.feiyue119.com/*
04d94459ad40ff3efbbb7d473efc263e,1156510700,3,www.youluwx.com/*
050a273f4a1a40b6544181dde0668a63,1156371300,6,www.youluwx.com/*
05cb3c95846b2a3a95d431f1c2535604,1156510100,7,www.youluwx.com/*
05d1183018259df324b9a7b324e3d862,1156370200,9,www.youluwx.com/*
05f152d47e5713f9b18ff1aac61a388e,1156511900,6,wap.bangkaojiaoyu.com/bjtg/xf/*
060cb7f1f6e3bb53e418e3dbec562132,1156510100,12,www.youluwx.com/*
0682cbae91ee97859acc6c3250a4e6be,1156130200,9,bj.hpwxb.com/xf-MB*
06bdfef4499cc8b0a9830007a8833659,1156371700,8,www.youluwx.com/*
06d6860f2dfa0ddae56d945e9b7b82e6,1156371500,1,www.feiyue119.com/*
07570d778178c97bc64aca14963d69b8,1156370100,22,wap.bangkaojiaoyu.com/xf*
07715233df0e4744dd4bfbef3945d6d9,1156511500,4,www.youluwx.com/*
077fcf684645e6d59771b3484bca3c37,1156310000,1,www.feiyue119.com/*
079784285f070d23b75d9726a66cea9e,1156370400,3,www.youluwx.com/*
08108292ead879c078f0c6d2adc18376,1156130600,14,www.youluwx.com/*
089ef9f31c078b292bc52ea3b97e4ca7,1156130100,3,www.youluwx.com/*
08c6c7ef9362243255ec3245a24d4dc5,1156370200,1,www.youluwx.com/*
09305c140c48120097a5af166ee09217,1156370600,3,wap.bangkaojiaoyu.com/bjtg/xf/*
0974e4c5017917dbcbe4cfde2bd5d2f7,1156110000,10,wap.bangkaojiaoyu.com/xf*
09a05b5683776664563cfbc6bf68d557,1156130600,16,www.jhwx.cn/zt/m_xfgc/*
0a1182a816ad32c460bd336845b6e994,1156510600,4,www.youluwx.com/*
0a2ef005a1ea13d692b95a20b7c1b165,1156511800,24,www.youluwx.com/*
0a89f3b20646ee413e273b3f91a6bd48,1156320100,5,www.youluwx.com/*
0ad783913df3f352069cbf98a0c7875c,1156511300,4,www.youluwx.com/*
0b50c8ecdf542dfa33c15e990f675d66,1156510700,5,www.youluwx.com/*
0c0cc1749c3ae09d2446c2b4127d9c00,1156511900,29,www.jhwx.cn/zt/m_xfgc/*
0c31a46afac55fbe0ec6f0b2aaea825b,1156511500,2,yl.szfilmcenter.com/*
0cf82c94fc8525ae314fdbf9349254bb,1156431000,11,www.youluwx.com/*
0d2f3a7d400b51a837bc433e967c6768,1156370500,3,www.feiyue119.com/*
0d4364817f889077b0cafe17a3e11055,1156310000,10,www.feiyue119.com/*
0d68eff4ba09df21519470ef4956238c,1156510500,11,www.youluwx.com/*
0d8871561a3de6ee077b2ec9e65873c7,1156320700,1,www.niceloo.com/yixiao/*
0d9f267c6b197048bafc0712ff5f9f96,1156320500,15,www.youluwx.com/*
0e31436b69856dd25a0549256a5dcb53,1156130400,18,www.jhwx.cn/zt/m_xfgc/*
0e4322ff5264c70889a82476d874d4e1,1156320100,25,www.jhwx.cn/zt/m_xfgc/*
0e4918d87c6f820f9db53d062d0e0f9c,1156371500,15,www.youluwx.com/*
0e4d4ce28a03746fb60c233fe4450732,1156130500,4,www.youluwx.com/*
0f13062c69dfd7228e12af852f758b9a,1156130600,1,www.yaomiedu.com/wap.html*
10037f5f2ded6ba1a6eb6426a784e8fe,1156370600,2,yl.szfilmcenter.com/*
103adfb3c677ca69765d1472923c0e02,1156371600,2,www.jhwx.cn/zt/m_xfgc/*
10a6a12b86804a4f908ca2355dca1364,1156510100,15,www.youluwx.com/*
10dde66ece581b03d22909e2c3ee7619,1156130200,4,www.youluwx.com/*
11135d868784121257d0a6b958af848a,1156130200,26,www.youluwx.com/*
119ec500ca3a833a3d905ad448a9022e,1156510500,28,www.jhwx.cn/zt/m_xfgc/*
11b9cd2450f3b999075cfbdb46b2088f,1156130900,3,www.youluwx.com/*
123013e25e19d6a5a4da62398f0bbd3b,1156130200,1,www.niceloo.com/yixiao/*
1278042cb25c613c58b20b3cc6abc569,1156371700,3,www.niceloo.com/yixiao/*
1355afcb52ba580ed1ccb8467efc640c,1156370300,2,www.youluwx.com/*
13606ffdf419350defbb93c3a508b0a6,1156371500,27,www.youluwx.com/*
14d9fefa3594a3b0f72c3808775b4cf3,1156370100,1,www.youluwx.com/*
153c12a11851df2f91162ccec91aaefe,1156370400,3,www.youluwx.com/*
153fb9ae42830aac1e2be77bf38a837a,1156370100,1,www.youluwx.com/*
159383ade3257cd1402a3389e92cce99,1156371300,3,www.youluwx.com/*
15cbdc70fa7b45effa6961942f888e03,1156510600,7,www.youluwx.com/*
15f790c0ca1653e2c40e17dcc258a9e9,1156510100,1,www.yaomiedu.com/wap.html*
168734e32ee63bb904ab29cd4c69c6c6,1156510100,3,www.youluwx.com/*
16e364c6f92341f317da61ab446c885a,1156130100,18,www.jhwx.cn/zt/m_xfgc/*
1705c24c00bfc2f88e682e6d750041e7,1156371200,12,www.youluwx.com/*
172b1486a920b9afce37e7e875e744d0,1156371400,2,www.youluwx.com/*
177a9e9dc37a0f72525b70f56f2697ab,1156130600,3,www.youluwx.com/*
17de17a5b58b3e79d782853d6d362944,1156310000,6,www.youluwx.com/*
1863a8546a0090892b47a194b3ab3d40,1156510800,23,www.youluwx.com/*
186c5cf177e00927ba6fe58012566b80,1156510100,3,www.youluwx.com/*
1898958ee95fc463a3d290ca5c116b2b,1156130700,1,www.niceloo.com/yixiao/*
18b90a013963df7a305222a6dc0f9196,1156510300,7,www.youluwx.com/*
18f70c217ca72d372c0717c85069f501,1156130400,8,www.youluwx.com/*
1930a131e17e67861a1bcbaeedae6f5f,1156370700,1,www.youluwx.com/*
1940aa768cab8d209edb439da1cc9639,1156330200,44,www.youluwx.com/*
1964e1259d466cf0b27590c3f6d0052d,1156371600,2,www.youluwx.com/*
19807860f75858f50b2a083e0659998c,1156510100,3,www.youluwx.com/*
19bf3ac29def454ca969ffd0c25b813f,1156310000,70,www.feiyue119.com/*
1af0ea4ed46e5b678d312b3a53edb934,1156310000,30,www.feiyue119.com/*
1b1cd8ed2aeeb83eef15e4a257b39efe,1156130100,3,www.youluwx.com/*
1bc82bb9c6eb9dba928a29f93ba1bc67,1156130600,18,www.youluwx.com/*
1c0fede8e9f48f6e8a2803089271f3b9,1156130100,22,www.youluwx.com/*
1c7dbe50865c50dc51a434701e121fa5,1156370200,26,www.feiyue119.com/*
1cb9edf7090bf3ec501cf3f27771f767,1156320500,5,www.youluwx.com/*
1d209599a10e27c6f0addfce9f43a9e4,1156511400,13,www.youluwx.com/*
1d55663c8ed4901ad48383af86af1cc1,1156321200,1,www.youluwx.com/*
1ea528ae4333ecb8f402d801c572f934,1156510100,17,www.youluwx.com/*
1edfc9ef4942fa65bb3d632b6b34125c,1156371700,1,www.youluwx.com/*
1f0c979880867fcb5550c892a94c159c,1156320100,23,yidongm.zzbredu.com/*
1f4c4ef7f1995b0bfe8399ff06dfeae8,1156510100,48,www.feiyue119.com/*
1fcaff7c5e4be4f91f611f2cfd5a328f,1156330600,18,www.youluwx.com/*
205981923a01642dde47432a7762a14f,1156511700,1,yidongm.zzbredu.com/*
214e190534696678b805eb5a764ddb7c,1156130400,2,yl.szfilmcenter.com/*
22072a105fc842b21767d1b93740d82c,1156371700,51,www.youluwx.com/*
2253be0589500b0670a7918e19856a71,1156130600,4,www.youluwx.com/*
22db757064aa358a6aad3c9cfb163eb4,1156370700,4,wap.bangkaojiaoyu.com/bjtg/xf/*
233823e6e34443570512a72a81d09469,1156511700,8,www.youluwx.com/*
23651eebb9bff7ded05400765df63982,1156320500,12,www.youluwx.com/*
23afd0bb3f038816948d8b9ec3fbc695,1156511500,3,www.youluwx.com/*
23cab8025d96b76ef198a76645ab13a4,1156510700,1,www.niceloo.com/yixiao/*
2439bd1764fb0a4ad94e0469d146e3a9,1156510900,8,www.youluwx.com/*
251f1a230ad5f5da1ea00d9b039d27b4,1156320500,1,www.yaomiedu.com/wap.html*
255069de2ec688585af9bad727c58228,1156110000,2,www.qddfxfpx.com/*
25e136ab4793da2e83c62bdcac420df1,1156371500,19,www.youluwx.com/*
26800251982bfc93b31b5cc9a14b51c3,1156370800,44,www.feiyue119.com/*
2767b22ff551ff745c68671e65c43950,1156130200,27,www.youluwx.com/*
27869959623ef1fea7224c28c68e5356,1156371200,3,www.youluwx.com/*
28c14696a6cd929c186a52ce35a2ed0b,1156130100,1,www.youluwx.com/*
2a0ed02b92dc3e677eb89ac9d3744b90,1156652200,6,www.youluwx.com/*
2a27c9f311b7ea8f7dfd22d35dcce954,1156371100,12,www.youluwx.com/*
2a350991dab0d500e9124b4d22b87440,1156130600,3,www.youluwx.com/*
2a9e9d637e631d90a12d106bd015a37d,1156130500,3,www.youluwx.com/*
2aa54004304f00d44342d6135f091855,1156371600,6,www.youluwx.com/*
2aae5d50ddda32099f9a2693cf179346,1156130300,8,www.youluwx.com/*
2beecd7f846a29c08ea42711707c59e0,1156511900,3,www.youluwx.com/*
2c42c0288c3ae9825e5c08113dc7f416,1156370800,4,www.feiyue119.com/*
2c56132aa0de3811190577cbcbff7b38,1156511900,4,www.youluwx.com/*
2c95020d7b9cb0c0328ee3c864f8b92b,1156430100,1,www.youluwx.com/*
2d5f1c19c53fcbd9c3bc3a9d41491041,1156370600,5,www.youluwx.com/*
2e7eab29452f8bd01d51bb5721dc3cff,1156371000,1,yl.szfilmcenter.com/*
2eb0753b41bc91212aed7dd767f83db5,1156320200,1,www.youluwx.com/*
2ed612cf15aaecd5235c6a513e571197,1156511400,1,www.youluwx.com/*
2eeab026e9906bd694b3920f32d5d4b6,1156130100,3,www.youluwx.com/*
2fc49409566bd6521cc5625ef266c7e3,1156370600,1,www.niceloo.com/yixiao/*
300621d9ddd1df8bcf5c13979497e02e,1156370800,21,www.youluwx.com/*
3037d2468a60d11f633a2f5b1f086f4e,1156321300,3,www.youluwx.com/*
3055d61ee91d7df5e7a90946454ecc40,1156511800,28,www.youluwx.com/*
3065f0eb1cf6f46460bce7f1ce68bac1,1156350100,2,www.youluwx.com/*
30b8a786efa9b635cb0328a558074132,1156370200,2,www.youluwx.com/*
31c42cf78297c68c9c734508493eaf85,1156130900,8,wap.bangkaojiaoyu.com/xf*
31e51f78c35f2f3af4afd77bc4aab113,1156131000,4,www.youluwx.com/*
31e7439fa3017668fc46b1aef1b38607,1156510100,1,www.niceloo.com/yixiao/*
3297290a64fefc3164085b700331648c,1156510800,28,www.jhwx.cn/zt/m_xfgc/*
32a9b7b255163bebf05fd9566192eb17,1156130400,9,wap.bangkaojiaoyu.com/bjtg/xf/*
32da704335c65fe09c43936ced174611,1156370300,1,www.youluwx.com/*
3342a5d6caa6c847557ce24dfe1685ef,1156370800,2,www.youluwx.com/*
3444b214eee345f2e125e9f8e481d2b4,1156370500,4,www.niceloo.com/yixiao/*
34b33f2f026ad6e18705612bb39a089e,1156320200,8,www.youluwx.com/*
34cd85209b8687b921af5dade085076a,1156371100,6,www.youluwx.com/*
34e203442a1f852af3a68b81a901c0b2,1156511300,2,www.youluwx.com/*
35fcfbe80d548185fa3c0549aa646cb2,1156511500,8,wap.bangkaojiaoyu.com/xf*
3708efaa0a47da6e94d15ab6e468b201,1156511800,58,www.feiyue119.com/*
37368cc1e88923432c22e84b5520162d,1156130100,3,www.youluwx.com/*
379999e502e833134c1a998afd1e80a0,1156510100,1,wap.bangkaojiaoyu.com/bjtg/xf/*
37b6d0514d71a846c898889a76d5f1ce,1156510100,9,bj.hpwxb.com/xf-MB*
380a262419d88b82305a25ea2e0064ec,1156130600,36,www.feiyue119.com/*
385e4ce8ac209c3848e06c7a8987e8d4,1156130100,10,www.youluwx.com/*
38a4ee1ba00a89ce95230b6e684632c7,1156371400,3,www.youluwx.com/*
39563f42fecd35e669383bf799cb1a5d,1156510100,10,www.youluwx.com/*
395b711805107af0039d7df03a456669,1156130400,32,www.feiyue119.com/*
39a77efdaab394ff80e0770acb8363bf,1156130700,19,wap.bangkaojiaoyu.com/bjtg/xf/*
3b31c71de83906aaea9a0130423a582d,1156220100,3,www.youluwx.com/*
3b49bb83ea3f8805f64adfb9a52d3c2f,1156510700,18,www.youluwx.com/*
3bccd3c2417f1c9db0393458185535a5,1156511700,25,www.jhwx.cn/zt/m_xfgc/*
3c02b85c98345d63ef7697783b612832,1156320800,3,yidongm.zzbredu.com/*
3c078608093eef0b19579b2a56204dcb,1156511400,15,www.youluwx.com/*
3c2502e6b91eaaa7195abc7a9ab18637,1156130100,25,www.feiyue119.com/*
3c40454638f079485b9edc3188d50eeb,1156130400,4,wap.bangkaojiaoyu.com/bjtg/xf/*
3c45cdcaf2d4f24df7c790eafb32e801,1156510100,6,www.youluwx.com/*
3c6baa7c02dd833c117ad06beff12af3,1156370700,4,bj.hpwxb.com/xf-MB*
3ca4b2738d83fef5adcfb1fe63f4c54e,1156310000,5,www.youluwx.com/*
3dfbdd9169a0ddf1b488db0480f38bb7,1156320100,2,www.youluwx.com/*
3e1bea3ca19a971fa88440781de6d514,1156320900,1,www.yaomiedu.com/wap.html*
3e67197256bfe8447a519e8043d612a9,1156120000,1,www.qddfxfpx.com/*
3eaed5a93ed810d8e4550f024866089e,1156130100,39,www.youluwx.com/*
3f05bc3e953148856f105e835ec4f209,1156130100,62,www.youluwx.com/*
402e334ddbd548915f53fc3b602e26fc,1156130600,3,www.youluwx.com/*
4125e86cc399fdb8eed14091a799b720,1156532300,4,wap.bangkaojiaoyu.com/bjtg/xf/*
4247f3582645f10e2dbe1f520684b105,1156360100,26,www.jhwx.cn/zt/m_xfgc/*
426e54afc041c1d1959460f190aeb3a2,1156130200,4,www.youluwx.com/*
42e64afabb0b48d71ebd2ac9b0e755dd,1156320100,1,www.youluwx.com/*
42ee77fc8c17a26597e2b7154dfcf99a,1156370100,1,www.youluwx.com/*
43759542f3814802b2ef4ceb566bc81e,1156310000,28,www.qddfxfpx.com/*
4395c3b092e2cd89a8b32610cb451a38,1156510500,6,wap.bangkaojiaoyu.com/bjtg/xf/*
44070a8f44dfff6ddc4a957173ca4373,1156130700,1,www.niceloo.com/yixiao/*
4424ba1daf591c059e8130dc42f0fa51,1156370300,1,www.youluwx.com/*
4496f643a72c03d3c3c1a13fb0c632dc,1156371300,3,www.qddfxfpx.com/*
450fcf621301bf6d8467fe3d21516e9d,1156370600,18,www.youluwx.com/*
452c6dfb9047a8e06008f16cd30d0b69,1156130900,26,www.jhwx.cn/zt/m_xfgc/*
45992511d5fe568ccf438d87a49dddc1,1156130600,29,www.jhwx.cn/zt/m_xfgc/*
46126b72d692b72ccd415f9dd2483f46,1156370100,6,www.youluwx.com/*
4747e56c0920254d98e9f89d317ec497,1156330400,50,www.youluwx.com/*
47ac5879319dd53275333d829414307c,1156511300,16,www.youluwx.com/*
4848cf4e107cf488d7807fa77635e97b,1156130400,22,www.youluwx.com/*
48a43672a6d687df38bca7817c7c38cb,1156370100,3,www.youluwx.com/*
490ab00d75edc3a5c6f4e8473cb85ffe,1156130500,7,wap.bangkaojiaoyu.com/xf*
493344f0b12a852f6f190d99960a9da5,1156130100,3,www.youluwx.com/*
495d5e6b2b2a1214e85a88a0a9c85047,1156510100,2,www.youluwx.com/*
49c2f67389290dc568dedc75c6c50bc3,1156370100,1,yidongm.zzbredu.com/*
4a1ed6e3b6a90ce83246b5481a76fc71,1156510100,16,www.youluwx.com/*
4a244bb5d08c552053af69905403533f,1156130100,13,www.youluwx.com/*
4aec9a40a8cfe26f11327d28627da1fc,1156510100,1,www.youluwx.com/*
4bac8766a0f7353c94fd3354947ce761,1156513400,1,www.niceloo.com/yixiao/*
4be544330d969165d72e3e26ee5f11d9,1156310000,1,www.qddfxfpx.com/*
4cf7a90b452c3e190acf4a39d42d48d2,1156130600,5,bj.hpwxb.com/xf-MB*
4cfb03f402e35cd3b32bfed712a86420,1156320500,8,www.jhwx.cn/zt/m_xfgc/*
4d0d96205718e1199c5f05b7ea340824,1156370300,9,www.youluwx.com/*
4e45a3e3bafa0e1dd4584e81add8a10b,1156371600,32,wap.bangkaojiaoyu.com/xf*
4e8f83d407de7b02f54ef05a34790cc9,1156310000,3,www.youluwx.com/*
4e9ca7adb428b93f3f87380f92658102,1156130200,4,www.youluwx.com/*
4f3771be30b3ad5fceda72b4ab1e67b9,1156610300,21,www.youluwx.com/*
4f94eaacb30b0fffe62bed99fffa500b,1156130900,5,wap.bangkaojiaoyu.com/bjtg/xf/*
500d0641f28257757d8b8e43441c4da3,1156510700,17,yidongm.zzbredu.com/*
509c288aeec81c96043fab29c0861041,1156130900,2,yl.szfilmcenter.com/*
50d8924942649086d260a094189a9c25,1156130100,52,www.feiyue119.com/*
52a418ceffb28d4fa73a97438349f78e,1156371100,2,www.feiyue119.com/*
53656bc2251cc2795f33c5320ecf183a,1156430900,1,www.youluwx.com/*
5390aa67597bfa0cfc87ca5504878dc3,1156310000,9,www.youluwx.com/*
5410125954235791dd61f07b4ba114be,1156130400,7,www.youluwx.com/*
54190792d210e9af4b5c58c12d563435,1156130700,10,www.youluwx.com/*
541d5620cbe8cc2fdff1900f89e353c5,1156511600,20,www.youluwx.com/*
5439e03cf442547c9bea54a0e8ca4af6,1156370100,13,wap.bangkaojiaoyu.com/xf*
5445e035d7733daa86000545fdc690f8,1156530100,3,wap.bangkaojiaoyu.com/bjtg/xf/*
5462fac2e15b57b99f057987e8d3a2eb,1156320500,4,www.feiyue119.com/*
551ed89b0a41fecd69bcc552a4a9925c,1156341200,8,www.youluwx.com/*
55c4a256bda0653d143ee926ac21368d,1156320500,7,www.youluwx.com/*
55e5930438e5d5e9c0249688b4bad01b,1156510500,7,www.youluwx.com/*
57615e25ae062cab0552d70053f7225a,1156130400,52,www.feiyue119.com/*
57a8942e1ebdb0a7c2278231fcf08012,1156370200,5,yl.szfilmcenter.com/*
58dc1a5ffa5288f392714e7c14dc290d,1156371400,1,www.feiyue119.com/*
58fcda90e5ae2fddda4ff9102a4a39b1,1156510500,27,www.jhwx.cn/zt/m_xfgc/*
59eeda5f82b38fb36e05804505c29512,1156140200,1,www.niceloo.com/yixiao/*
59fc45c877b4ccbefe9f7145e308bec6,1156511600,5,www.youluwx.com/*
5a0673f21bbf116cf53846a760ed9c4c,1156510500,15,www.youluwx.com/*
5a11a072cfc914b2cb85752b224d3493,1156110000,9,www.youluwx.com/*
5a7aa10dcbc1d37952bb2b35903abf22,1156130100,9,www.youluwx.com/*
5a89b1dfed2d6d3694fc7343a6f72f62,1156130200,9,www.youluwx.com/*
5c3c2c6629f424a7fb325bc5334fa407,1156330900,21,www.youluwx.com/*
5c77de9a9619ec6719f1bb2e2a7a9ceb,1156320700,4,www.youluwx.com/*
5c9b2c3f6022db899568ba0e782509a8,1156511300,24,www.feiyue119.com/*
5d302c019ae51f79cae14c9d09d793e0,1156510100,8,www.youluwx.com/*
5d3130c7420c2b6cbc5273757f8a5ef6,1156320600,2,www.youluwx.com/*
5d4785e82876388089eeb3e1e41217fb,1156370500,1,www.niceloo.com/yixiao/*
5da2c6477935dbeedd876310d3469118,1156511300,4,www.youluwx.com/*
5ddb1308f965a9a44c3e82de54e92d02,1156370300,2,www.jhwx.cn/zt/m_xfgc/*
5ec4527684aac8adbacdc757f4cdcb38,1156510800,12,www.youluwx.com/*
5ed6d134d5e4e6e1d8d3a7c259368391,1156510100,9,www.youluwx.com/*
5f7eb0d5b47a812e87eddf01530bf127,1156320100,58,www.feiyue119.com/*
6028d1e77ccbf43297900b6c24281cc8,1156371700,16,kuangjia555.zzbredu.com/*
611d9a9d9f2e70c4abaa7628f8c82aec,1156371100,9,www.youluwx.com/*
618757a7b2e95c9f5a294a68ee019c5e,1156370500,3,www.youluwx.com/*
61db15ec09eece3c6659f95a8a508679,1156511300,8,www.youluwx.com/*
623921e65e766fa76ef3c4cd1f341e2f,1156510100,4,www.youluwx.com/*
62b33f96b18d9d3b7a4c1326f6771021,1156130900,41,www.feiyue119.com/*
6461faba4b0de1b5e369afa3ff10d0a6,1156370900,8,wap.bangkaojiaoyu.com/xf*
64894049ede443733ed37c2af969e7ad,1156130600,9,wap.bangkaojiaoyu.com/xf*
655d2d924c81b6c7368d1ebe5e96cbd7,1156510100,37,xfgcs.krs119.com/m/*
65df41fcedc67955e76b1fbb4846e6ca,1156510700,3,www.youluwx.com/*
65e54e498dc6286896b185cc98f480d6,1156371700,8,www.feiyue119.com/*
6684e8aae49c7f14035bb8412c73273d,1156511800,3,www.youluwx.com/*
674373b6c4b5d43b974cbea90c206456,1156371500,3,www.youluwx.com/*
67837a3c1df0632632c33b2ac7929204,1156370200,14,www.youluwx.com/*
681831bd5761e934936c4f7cdeedfb38,1156510100,4,www.youluwx.com/*
6892d4d73eb6dae819ecfe44691f7d36,1156511700,1,www.youluwx.com/*
689ff511450000ce5e6dff328ee98c24,1156130100,9,www.feiyue119.com/*
68c11b78a28cfeaa2eadf84f184db921,1156510100,51,www.feiyue119.com/*
68c163ee7cc4d4ba22ebbefa4837a290,1156320900,13,www.youluwx.com/*
691393b993476882547a865bcefea975,1156320500,39,www.jhwx.cn/zt/m_xfgc/*
694cdae494b98bd28a2a445f67a71e32,1156110000,18,www.youluwx.com/*
6a2d9b2a1dcf4fc38a5200216a0d0701,1156330300,1,www.niceloo.com/yixiao/*
6aff5d48da13f221cf060fa198b11860,1156510300,31,www.youluwx.com/*
6b397fb353f64decda79cf13a8d16030,1156320600,2,bj.hpwxb.com/xf-MB*
6b4331b36417d20afbd9047b8f560a0d,1156320100,30,www.youluwx.com/*
6befc9fc1f78f5bb5555097cd640955b,1156130200,21,www.youluwx.com/*
6bfe046d01fd60f7867ec183c5527b71,1156370200,1,www.youluwx.com/*
6c7c5f0c6f2853b8859791242934484a,1156510100,1,www.yaomiedu.com/wap.html*
6cba2c690d715528fac3fadc0d52efc6,1156500000,3,www.youluwx.com/*
6d0e14f30116172cb7ec0e8fc769e343,1156130200,1,www.yaomiedu.com/wap.html*
6dac7aec1530521c332bb102b70f0b64,1156512000,6,www.youluwx.com/*
6de319a04341456d9d1647bcc5392c66,1156130700,14,www.youluwx.com/*
6df0056a5e2ee458f052804c0b181429,1156130900,3,www.youluwx.com/*
6ebb8287f9685a1877bdcf01c5ee1122,1156510300,2,www.yaomiedu.com/wap.html*
6f4d40e70e53d5f20f194e47bd5307c2,1156320600,23,www.youluwx.com/*
6f519fd013a7ab032c74a44c8a5ad79d,1156510100,1,www.niceloo.com/yixiao/*
7040b44baf1105d924870ff72c28a073,1156140800,1,www.niceloo.com/yixiao/*
7178d511e326c44b26436750355c3f92,1156510100,13,www.youluwx.com/*
71c09cb6cbfe38da2686aecaf380f2e3,1156371200,1,www.yaomiedu.com/wap.html*
71c9577e01b244fa73dcd20a8068112f,1156130800,70,www.niceloo.com/tg/xf*
722ca3ae9bb9da7fc05ebad55d84aa50,1156321000,1,www.youluwx.com/*
723c6821529d079d59044429ab0c8ad3,1156320200,49,www.youluwx.com/*
72ab4f2f7e965a72bbfa82d6cc0fd419,1156512000,9,bj.hpwxb.com/xf-MB*
72de8bbd6fd85de54f2bf78fb3e31f0d,1156411600,5,www.youluwx.com/*
73a6b44ca4c3eddcd4c7e5e7315a826f,1156320100,3,www.youluwx.com/*
73b071e9673f954546be0950b28a0786,1156510100,3,www.youluwx.com/*
73b7413ec389f4c7044ef282af8d696e,1156510100,6,www.youluwx.com/*
73bddc4ea63c3028bce6f293db666436,1156310000,4,www.youluwx.com/*
745efb444ee3c2af70e798cab25bd11d,1156370800,8,www.feiyue119.com/*
74720778836f503a7db74fe512a4d3ec,1156130700,3,www.youluwx.com/*
76790bd1c401d258119b68cde7ac1710,1156310000,1,www.yaomiedu.com/wap.html*
768362a755d42585378d64836915e666,1156130400,2,www.niceloo.com/yixiao/*
76a5b76163999e2855af89dcbeb7e3ba,1156511300,17,www.jhwx.cn/zt/m_xfgc/*
76adb16563c05409de0b21a8a4333fb9,1156130600,43,www.qddfxfpx.com/*
77832f139346a2b6dbca3ac9ea235a96,1156370500,29,www.youluwx.com/*
77a79c7a78e6079e732f48e19dd45f38,1156510500,3,www.youluwx.com/*
7832f54e7a3de1bc9261bc24d741b85b,1156370200,4,www.youluwx.com/*
789131be8e16be9889463f6632346d46,1156371500,24,www.youluwx.com/*
78a41ec5a4ee4a284e81bf08ff8e1bdb,1156371500,6,www.youluwx.com/*
78b2a548eb8432340eff74ccde54e10b,1156510700,30,www.feiyue119.com/*
78dfb35c75f50ac4863367baf800fb4b,1156370600,25,www.youluwx.com/*
78fd53a6085e51b6a55964ed15bfeb90,1156131000,34,www.feiyue119.com/*
790c087ea437b56f78567d6dd786009f,1156370900,1,www.youluwx.com/*
790d3571db31745c78d3000846983aed,1156320100,11,www.youluwx.com/*
7917ef692a36f6f96188701ca4ccc69f,1156320100,5,www.youluwx.com/*
7929f9b5c46f9c30154becc7e8a79f2b,1156320100,6,www.youluwx.com/*
7aa7ceb6b596e83006c9749d65fefa0b,1156510100,1,www.feiyue119.com/*
7b973600620ae2bdf392791e38c8733c,1156130700,1,www.niceloo.com/yixiao/*
7bdfe5f6c8c53bd4c75152a65e3a2f63,1156510100,3,www.youluwx.com/*
7c4f1f342ffb70cdc3c9e418789e4459,1156371100,1,www.youluwx.com/*
7cbe8ed29df93664b15952c996e0aff4,1156131100,3,www.youluwx.com/*
7cc40739623ef146260f441e02f35572,1156130600,1,www.youluwx.com/*
7cd02b1d98b7a9857ec1341c0d7a2b8e,1156320100,1,www.niceloo.com/yixiao/*
7d961c65128f55a0f98e4f216f7621ef,1156510500,1,www.youluwx.com/*
7dde0eb8a83b5a534feb9c53861034c7,1156370400,1,www.feiyue119.com/*
7df4eb83e1f10b4f74ec45a3af1b6add,1156511300,10,www.youluwx.com/*
7e263795b509c1f5a273ee08777b1977,1156371000,2,www.youluwx.com/*
7ee202384088209cfa6ca49b71163c42,1156130600,46,www.feiyue119.com/*
7f7230da623b0d3197ee743a16b5fe7e,1156130700,4,www.youluwx.com/*
7f73b1d1997fc10306d03f3b6ede2a17,1156511300,16,www.youluwx.com/*
7fbd57c79ac6aa910ea95eb9582fc67a,1156510100,3,yl.szfilmcenter.com/*
8066edaa80eb539c4e0f6c34781bc6ab,1156370200,1,kuangjia555.zzbredu.com/*
80e54aabab564ec6e974ef4b416c4dc1,1156320600,3,www.youluwx.com/*
81734b1b6ad6ccb012294ef270baf0c2,1156310000,7,www.feiyue119.com/*
819fa50c7ffdc8167f85a3a2e9c5519e,1156370500,3,www.jhwx.cn/zt/m_xfgc/*
81e19bd470be9a49d5f1cb5562124a25,1156370500,1,www.youluwx.com/*
81fb128b6564bcbf49830822366e5c87,1156510700,1,www.youluwx.com/*
832f19bd2705c1b12463a92042e9b3d1,1156511500,8,wap.bangkaojiaoyu.com/xf*
8399e59777c2d0cca182ca3f79290d27,1156131000,23,yidongm.zzbredu.com/*
83a3d9de130f1a8255b79e7078cedfb7,1156511300,3,www.youluwx.com/*
83bf1f295aaedb52dd03a5b7ff98fe2a,1156370100,1,www.feiyue119.com/*
83f4b9042b741737d0d16e8913a452ef,1156371000,1,www.youluwx.com/*
84038623a949d07f301ef3f612a38bcc,1156510500,27,www.jhwx.cn/zt/m_xfgc/*
84225e51bcac865205f441d83cad3cb4,1156320600,1,www.yaomiedu.com/wap.html*
84549a22fc4491957b41e14cf105283a,1156500000,23,www.youluwx.com/*
84f3ca32e68caf7143101b5a2d542f66,1156321300,3,www.youluwx.com/*
85215a83128fabd151879d420b01e60e,1156130600,24,www.youluwx.com/*
859b7da0f3cc7048a925dea36fde7ce6,1156130600,18,www.niceloo.com/yixiao/*
8602f8164c9a143f2a96389ff6bc6428,1156510700,3,www.youluwx.com/*
863004c7f807d3ac001fda9689d48312,1156130200,2,wap.bangkaojiaoyu.com/bjtg/xf/*
86aeb316b5dfb8d8aabb9344741d384b,1156371000,20,yidongm.zzbredu.com/*
87c3f4c9cc9c2d72e4bee01ff94b8a78,1156131100,6,www.youluwx.com/*
87ddf8a3e5448921d83b1a69003ecbd2,1156371000,2,www.youluwx.com/*
8899a9cfe813e74a3db679998365983f,1156320200,3,www.youluwx.com/*
89708e46938ea3f6100329094debc0b5,1156110000,9,www.youluwx.com/*
898d8ecb730673e9855db0e88e7ca895,1156370100,3,www.youluwx.com/*
89eb698201dbeccb8bf18f71c382da89,1156510100,4,www.youluwx.com/*
8afa05b0a25f9442ce7d263c2ac9fc3a,1156130600,1,www.youluwx.com/*
8b5a344307607f763a2415927326285b,1156510300,16,www.jhwx.cn/zt/m_xfgc/*
8b652338d002950e7b135d86a39a57d5,1156320500,12,www.youluwx.com/*
8ba3b9f675b7d07404a09dc3a6e9f491,1156310000,3,bj.hpwxb.com/xf-MB*
8bab1adf28c642b3fca7497a8fb7cd74,1156320300,1,www.youluwx.com/*
8c36c42951e40e24a53b515736df705a,1156511300,23,yidongm.zzbredu.com/*
8c5a5290f69d62a90683c45e1a7ba14c,1156130900,12,www.youluwx.com/*
8cf712ec0f760d50efb7c7e780dd3949,1156320500,8,wap.bangkaojiaoyu.com/xf*
8d11923e5e767d10ce329a57c208b1d1,1156510100,28,kuangjia555.zzbredu.com/*
8d15b63c94f4ea9ca442ca90fad9bf55,1156130400,1,www.youluwx.com/*
8d21521ef6356298ab9f5fae8a49b9c5,1156320900,11,www.youluwx.com/*
8d909d920f3069e6ef7b197850e9d6e2,1156512000,4,www.youluwx.com/*
8e712ddaf18452e8454ae037bca5cfc8,1156320700,60,www.feiyue119.com/*
8f09c1c1be50d1c4b6d214ea9a3bfd2f,1156321100,13,www.youluwx.com/*
8f3835d4c7875c579b7f2c6e32e4cc6d,1156510500,72,www.feiyue119.com/*
8f61e22179f903b6426b4a1444812216,1156510500,47,www.feiyue119.com/*
8fb9a9cb7bba9e638162b8c58ac67a5c,1156331000,16,www.youluwx.com/*
8fc458f9f3cb87e5a3fb9bc183c7ac12,1156330100,48,www.youluwx.com/*
9017fc1f4eb4b88ef0d6b7d9a9e50087,1156320100,47,www.feiyue119.com/*
907a93823cca03771fa6f6b5e6a82c8a,1156310000,1,www.feiyue119.com/*
90a64c63f3cd37be17ea4f12691d9994,1156320900,16,www.youluwx.com/*
90e82d0dd07f0ba197b44d1f38da558c,1156370700,1,www.niceloo.com/yixiao/*
9149040c12de49dc1604016ed93aec6e,1156510100,4,www.youluwx.com/*
916cbcdd120d796605fa7a85dea437d2,1156370700,3,www.youluwx.com/*
931d3fb396b6bc317e5cf6098aea74ad,1156370500,42,www.youluwx.com/*
93797b3042f12be35d1b4f4f1893ce13,1156320400,1,bj.hpwxb.com/xf-MB*
93a705d597f5650d8e9e155f75bc9205,1156510100,1,www.feiyue119.com/*
94836232b87876ef5a2e1ed9d356aca9,1156130100,1,yl.szfilmcenter.com/*
955ebe661e644f763d74e26da144e375,1156513400,5,wap.bangkaojiaoyu.com/xf*
957479abace66edf80744030358855a5,1156371700,8,www.youluwx.com/*
95ea71465fbbb6ad8ab752a86d3fd850,1156130500,3,www.youluwx.com/*
96992521cd710ff139391b6c272f8e13,1156621000,22,www.qddfxfpx.com/*
96db8fdffd489f2f579189532ca3bde6,1156371600,4,wap.bangkaojiaoyu.com/xf*
97349229aa038424d9f2b4d9d6f47fc9,1156310000,5,www.feiyue119.com/*
97761358c74e1bdb1f355073dfff9225,1156130100,11,www.youluwx.com/*
97c7af7f90224ca3c620d000daa579a9,1156320500,8,www.youluwx.com/*
97ecac827c450f6d6ba2345907f36968,1156320600,14,www.jhwx.cn/zt/m_xfgc/*
980747645040fe9227bf270259a23af8,1156510100,61,www.youluwx.com/*
983c119ec0fc6b37ab5bd7f8020e9ede,1156510100,3,www.youluwx.com/*
9856a2fa26354fca1ba0e3abf54a743e,1156130500,6,wap.bangkaojiaoyu.com/bjtg/xf/*
98bd0af0928d514997a293b417c1d19a,1156440300,18,bj.hpwxb.com/xf-MB*
98f16123aebfa2af1ba9e1b940a187c9,1156130900,3,wap.bangkaojiaoyu.com/xf*
9a1d59b36411444c7c56a9397d435879,1156511900,3,www.youluwx.com/*
9a65c828ab9d4d0b3aded7ecb83da291,1156371300,3,www.youluwx.com/*
9b25348d3c0a46c8155a5e7c3c675e1a,1156130200,2,www.niceloo.com/yixiao/*
9b3c2ae61669870ffc5fee2bb70a9dd8,1156510600,9,www.youluwx.com/*
9c8dd7b03f9f11abb0fc4cbdd20e0eda,1156320500,21,www.youluwx.com/*
9cd9169a8a38f70be5a5bdd296586bf2,1156511500,10,wap.bangkaojiaoyu.com/xf*
9d61842e7a75e9428cc8dd52186172ad,1156370700,56,www.jhwx.cn/zt/m_xfgc/*
9d79c38d77a0b22fc7b6b442f507fb64,1156130200,1,www.niceloo.com/yixiao/*
9da93db6b0852e2346b6d449bdf3c241,1156371000,13,www.youluwx.com/*
9e8bf074da5e3d71a00a6b0578ab122d,1156510100,3,www.youluwx.com/*
9f24bd27c53d0f379394e7c935d43c10,1156510500,16,www.youluwx.com/*
9ff7b05b7ec45bf0661134d09e8cd4f2,1156371100,28,www.jhwx.cn/zt/m_xfgc/*
a067f7b2799246c05132a8d099a8d163,1156510400,1,www.youluwx.com/*
a0bdf94cd990a5ac8529b43749856d13,1156370900,14,www.youluwx.com/*
a0dadbd0f139a6a16a21fe14277193f1,1156510100,7,www.youluwx.com/*
a12c9ce42a76d07b4c2300e66c95a69d,1156110000,7,wap.bangkaojiaoyu.com/bjtg/xf/*
a193f8ef1ab88148fe086b64bc64bfc1,1156130200,27,www.jhwx.cn/zt/m_xfgc/*
a1f153f10ea4e9e1d886f657dcdf1274,1156130200,1,bj.hpwxb.com/xf-MB*
a23bc6b8c232ce9018d32ca2e8463b1e,1156130100,17,www.jhwx.cn/zt/m_xfgc/*
a3393ed051537976e583740d2c4c98cd,1156512000,1,yl.szfilmcenter.com/*
a411508ba909c71db4cd8ecbef313d6c,1156510100,3,www.youluwx.com/*
a419147977f64c3746ba92d562e54c14,1156510100,8,www.youluwx.com/*
a45a001c0789ab8f7e71b09080b35669,1156510600,10,www.youluwx.com/*
a45d4c1b57ece645012e6c697eb828f7,1156321200,3,www.youluwx.com/*
a56c62f7f1256139de8ca67a6f133820,1156371300,6,www.youluwx.com/*
a6a8472a26ccf460ed9936d404cb9c62,1156371000,9,www.youluwx.com/*
a6b88e1c80ae6365f57b6bb7bf9c3d4c,1156130100,19,www.qddfxfpx.com/*
a6bbe33a0a6671f6912297e791a1dff3,1156130900,13,www.youluwx.com/*
a71c6ed2af752bcf65ac385fd7f1e2fb,1156370700,20,www.youluwx.com/*
a75ba184fcfd129104c275e644dd4049,1156370300,2,www.youluwx.com/*
a7ebc440bbe87536d8d41ce478a7dd43,1156320500,3,www.youluwx.com/*
a888c84981303f3413e77d131d996bd1,1156370700,8,www.youluwx.com/*
a96ce377af9c8b69c24c3b195f0aa712,1156510700,2,www.youluwx.com/*
a96fd4ffb5a0657df77795e37c1d2d3b,1156330800,9,www.youluwx.com/*
a9bbe73961599e4aa29de64127274712,1156130400,3,www.youluwx.com/*
a9e697fd073677faca08e6346b532668,1156320500,4,www.youluwx.com/*
aa7e76dfa776101d1c9281aa506d39f4,1156320800,8,www.youluwx.com/*
aaaa504d52cf4c5dd00eae1f6cbc26fc,1156310000,3,www.youluwx.com/*
aae15a4842a54dbad551c184f0f55664,1156370600,2,www.qddfxfpx.com/*
ab79b88b2422344fb2adff01cd38ef1b,1156130200,4,wap.bangkaojiaoyu.com/bjtg/xf/*
abe1cb2380fef169591a81330537df33,1156440300,14,www.youluwx.com/*
ac01cac3bccff2bd63ad036f2e37975c,1156130100,21,www.jhwx.cn/zt/m_xfgc/*
ac0edc9fdc128f7ffd01eb611c940ee3,1156320500,28,www.youluwx.com/*
ac239ae7d51f0ee990695a52229cd8d1,1156110000,23,www.qddfxfpx.com/*
accad9d3fcf2a8407edc15d44e288ae7,1156513400,52,www.feiyue119.com/*
ad5446961f1cc42ac8d6c60937fee18d,1156370400,2,www.youluwx.com/*
adce8260ef1a1514823f634dca450a47,1156370100,10,bj.hpwxb.com/xf-MB*
aec084d9b5a30de01024a2b523c1da10,1156130200,9,www.youluwx.com/*
afc3cd1cd3168e0722b43c82b43f3bd5,1156370100,1,www.feiyue119.com/*
b01bfe76615b5f71251aee9895a0f803,1156510700,3,www.youluwx.com/*
b047e76106468b020db99dfb140d787e,1156370300,30,www.jhwx.cn/zt/m_xfgc/*
b08288b65d46b0ec4bd6d251a0f066a4,1156371300,6,www.youluwx.com/*
b0aaadfea356d24c0beff6ed0bdd4670,1156620100,6,www.youluwx.com/*
b0ac4ed624b4d7048317089980ae8a52,1156510700,19,www.youluwx.com/*
b0b2f4fdf6464ac3512c97588ec7ee63,1156130500,2,www.youluwx.com/*
b2b9e3688d9baf9684947393b8641354,1156511900,3,www.youluwx.com/*
b2ccec4711cd4105e3981a5e02bb70d2,1156511800,6,www.youluwx.com/*
b3070e4f44caacb77de6a4acd5b1c80a,1156310000,1,www.youluwx.com/*
b3b67e1ef1f866a608a1c827e2fc6dbd,1156510100,9,www.youluwx.com/*
b45be98c15d914ef235a06b0de1b751d,1156321000,7,www.youluwx.com/*
b4d7364f8854f3278dfde76ab2ea7778,1156371500,21,www.jhwx.cn/zt/m_xfgc/*
b56a5e661dd277077c7f3897d4563707,1156130900,4,www.niceloo.com/yixiao/*
b61bf374686e6bed853da3a113736f9f,1156130800,1,www.yaomiedu.com/wap.html*
b6798382ab329edc6cc16d8487c839b8,1156512000,2,bj.hpwxb.com/xf-MB*
b6c0bd39d3280a8c739f83c12ca10830,1156130100,3,www.niceloo.com/yixiao/*
b74671df2690fd76c5e098e76701e540,1156320500,2,bj.hpwxb.com/xf-MB*
b77ae66d0b57e72550907c26f65038d0,1156330400,1,www.niceloo.com/yixiao/*
b83cc8394bb08cd0efd937bd08e0f27c,1156511300,3,www.youluwx.com/*
b86df33c46e2b903f4f62985f6335a8a,1156511500,6,wap.bangkaojiaoyu.com/bjtg/xf/*
b898765172ab5164a4ea0df9a324cc1b,1156370600,1,www.yaomiedu.com/wap.html*
b8e23ed2c8a9eb0b168783a4791d823d,1156510900,1,www.youluwx.com/*
b91c256ec6815c1d933306f54d93dc7d,1156371100,14,www.jhwx.cn/zt/m_xfgc/*
b9268d5cd1bf4f35e49ba8c437a0ece9,1156511900,19,www.youluwx.com/*
b96fb265aaf388e6254902fd1101f9d5,1156370300,2,wap.bangkaojiaoyu.com/bjtg/xf/*
b9928671248001de5a365ae7d62613fe,1156510100,15,www.youluwx.com/*
b9a25876be1028b274968718a7db6aca,1156130200,9,www.youluwx.com/*
ba21f75672ca56789efd6accb18d212a,1156420900,2,yl.szfilmcenter.com/*
bad31a29a2d484a36a33ad46528f111c,1156510100,1,www.yaomiedu.com/wap.html*
bad9890647e12149360d34f0e0d26c5a,1156370700,40,www.feiyue119.com/*
bb1ba6215f723d9abcb151eb475937fb,1156130100,3,www.youluwx.com/*
bbabccb77b23d3b08f3bc2051912cd86,1156320700,2,www.youluwx.com/*
bbbbab93d6f17f9dc6df996323d5e5c7,1156421100,1,www.niceloo.com/yixiao/*
bbf4da72ae6bf47b531c3bfdaaa6d26a,1156371300,2,www.youluwx.com/*
bd31a37748d156c59e6ff41014855ff1,1156310000,1,www.feiyue119.com/*
be3a0572e5b94a5bf884e2b4fdfcb012,1156510100,5,www.feiyue119.com/*
be4ffee5b1321b8a7a9b5f33223deca1,1156370600,1,www.youluwx.com/*
be6b258ed87e0c95f93443433f68290a,1156370800,11,www.youluwx.com/*
beb49e46c7274939ed69ad35cb8b32ee,1156321000,9,www.youluwx.com/*
bf6b023fb8fd964ae6c63f447663058b,1156510100,1,yl.szfilmcenter.com/*
bf779995dee36228a7f1957cf8ee3507,1156370800,8,yidongm.zzbredu.com/*
bfa80806240273f18f32b5a12d74f506,1156371300,26,www.jhwx.cn/zt/m_xfgc/*
c03a7ddf76dd3db39b4bc644b0755250,1156130200,9,wap.bangkaojiaoyu.com/xf*
c0daf2dc2d12be4f1e380159d96c4813,1156510100,1,www.niceloo.com/yixiao/*
c1cebd9499e14579f7fb790b8108913a,1156511500,2,www.youluwx.com/*
c47849d47d118f302da510660dce0e0c,1156371100,15,www.youluwx.com/*
c4c2215f34b90bd9b90c9fe8d063a3c6,1156510700,22,yidongm.zzbredu.com/*
c4f86aeb68e8fd0be1d6bc9937cb5fd1,1156330300,53,www.feiyue119.com/*
c512c9647fbb0598c010a66dfbcac87e,1156370200,52,www.feiyue119.com/*
c5289b9b2e7662e22baa95231c4636e0,1156310000,8,www.youluwx.com/*
c580c2de018bd260a39dd9f6fb5b8ec3,1156130500,6,www.youluwx.com/*
c6085a0394a8fc5d7d6b54f6d8e92bb6,1156532300,2,www.youluwx.com/*
c6e09df870935c51304f93dca6303021,1156320100,9,www.youluwx.com/*
c70db9281e4f53444fd4e83f234d3d46,1156130100,1,www.niceloo.com/yixiao/*
c73934f58d63f48a5bef6e7cf0057247,1156510600,6,wap.bangkaojiaoyu.com/bjtg/xf/*
c7e638c9a9377d0df195e68eec8ad408,1156370900,5,www.youluwx.com/*
c7ed9d5b37d7304df14051ad70b1668d,1156510700,1,yidongm.zzbredu.com/*
c871839803dabed4ca7926bf25ba2165,1156511300,3,www.youluwx.com/*
c993fe9ef0020ad4b9455f14fc9be590,1156370100,4,www.youluwx.com/*
ca1c086b49e7f661c5f9bbf404631e67,1156130200,9,wap.bangkaojiaoyu.com/xf*
ca2c1339e1cf430ba65111850c38d7ed,1156320100,3,wap.bangkaojiaoyu.com/xf*
ca7311c735aba477171552741ab41319,1156510100,1,www.niceloo.com/yixiao/*
ca860fa91bee30bfea09d9d44cc75dff,1156510100,19,m.yahuedu.net/*
cab5591b767f9132f898c68cad736e0d,1156130900,70,www.youluwx.com/*
cabac8f8609158f504448eca17d81be2,1156130100,22,www.youluwx.com/*
cb5571be3e2b09c21022aa5b83b3ee04,1156440100,1,www.youluwx.com/*
cb9949ce0b82c54b08c7c5799a505762,1156370300,54,www.feiyue119.com/*
cb9d53a7be5d68a227801c68d6236226,1156370400,3,www.youluwx.com/*
cbff490b50d27cb3ef1b7c25c8bd7dec,1156510100,20,yidongm.zzbredu.com/*
cc07a1b50eab0d3a1fefede78b6a2621,1156370700,7,www.youluwx.com/*
cc5cf053f5f5028eb3199a4577e42581,1156511000,20,www.feiyue119.com/*
cc5d1812d497d8d7905e6e5d59302a02,1156130200,22,www.jhwx.cn/zt/m_xfgc/*
cc77b3ea1b51d1248229e1a488ad93e4,1156371400,1,www.youluwx.com/*
cc8d99fc2c0c2aa04a5eb49979a47fa8,1156320100,22,www.feiyue119.com/*
cd1d1f7bbe80e26898ba9ef313acce4b,1156510300,1,www.yaomiedu.com/wap.html*
cd25a7d347b610e0930076eeeddca366,1156370300,5,bj.hpwxb.com/xf-MB*
cd67009283c7038621308e247018fb5d,1156510600,7,www.youluwx.com/*
cdd3a1249121f0c29ec75058f9f88975,1156130100,9,wap.bangkaojiaoyu.com/bjtg/xf/*
cdeebb6249d3fe64e0b13c258e4b80a7,1156510100,5,wap.bangkaojiaoyu.com/bjtg/xf/*
ce069acd668464d59fe55d80b59d0d04,1156130400,58,www.qddfxfpx.com/*
ce722ca8072323eb3f9c3950aefdb0c3,1156371600,8,wap.bangkaojiaoyu.com/xf*
ced83e6955e015ed79c7dd0496f535e2,1156370200,2,www.youluwx.com/*
cedb3a0321dcefcaee676c8a143f3980,1156421000,2,www.youluwx.com/*
cf21089b966fa0a23e2e5b134dea8bce,1156511100,3,www.youluwx.com/*
cf30b5fc9e4adb32785e2b68f215bd86,1156370600,47,www.feiyue119.com/*
cf6832f1ac444db0cba832bfedcca277,1156130200,1,www.youluwx.com/*
cfe908d3a1921a6bed45665440891287,1156370500,7,www.youluwx.com/*
d01878a07385c36df985b860458e2cec,1156130200,16,www.youluwx.com/*
d0206c7f893454dc89ed99d7e30b5062,1156370100,3,www.youluwx.com/*
d096461bc8ed710e471fbc3c4fcc922b,1156510500,6,wap.bangkaojiaoyu.com/bjtg/xf/*
d0ff79316a322d9564c17d048b167856,1156130500,21,www.feiyue119.com/*
d13099847d82eadbd134ba6be81579bf,1156371500,2,www.youluwx.com/*
d13f58084b51687bb16957f346426dc8,1156510400,2,www.youluwx.com/*
d25f3a54a9809c24ace860f9ee31c039,1156430100,7,www.youluwx.com/*
d3bfa997c07f15230f31bfdaa65b5d7f,1156370600,8,www.youluwx.com/*
d42ec027319fcc3166009cc011fd7f05,1156510500,5,wap.bangkaojiaoyu.com/bjtg/xf/*
d4a8f0f47e2277d01fdc143a5251ae86,1156371000,4,www.youluwx.com/*
d4dabcdaea1bf52bb8cb61c3fe8b7cfa,1156321200,3,www.youluwx.com/*
d5015acca00ef810d297fc4704ae7959,1156510600,6,www.youluwx.com/*
d52492fd404f088cf9adc146071d7815,1156371100,4,www.niceloo.com/yixiao/*
d53d54b0535310d977a757b135cf437e,1156131100,2,www.youluwx.com/*
d60014b7e549a0a39bed4c80f1a937ff,1156411100,4,www.youluwx.com/*
d62f4e4f8afe4d093433464ddfcd5f22,1156370500,11,www.jhwx.cn/zt/m_xfgc/*
d6a4281c4b3796142c1df2351feae4ee,1156371600,2,www.youluwx.com/*
d74bd8c7ba4127bbf48f84bf72d49998,1156511600,18,www.youluwx.com/*
d7555c0f5b1dc15a1ad65e9cd459f5df,1156510700,18,bj.hpwxb.com/xf-MB*
d82b74e796192b90542581db15bf5555,1156370300,20,www.youluwx.com/*
d8729de4634c158a5e284d99d96a8846,1156320600,27,www.jhwx.cn/zt/m_xfgc/*
d87a976fadd3bd4f4c8f21d725897f00,1156650400,11,www.youluwx.com/*
d9b70a4628fb79be410801eabb405186,1156130500,8,wap.bangkaojiaoyu.com/xf*
d9c587cea8b770fbe17ded308bfa0d78,1156510700,4,www.youluwx.com/*
da4dd633b20a7071b789e09cbb3b5f51,1156310000,5,www.qddfxfpx.com/*
da7d88445d38d3ba3a69074b5f84e141,1156510900,29,www.youluwx.com/*
daeb1673aa7928a1f152067767330353,1156320100,1,zjks.offcn.com/zg/xfgcs*
db2333c99e5d58b106618b49b24a58bf,1156371000,22,wap.bangkaojiaoyu.com/xf*
dba3880482683f989aa9ba3e6f903260,1156510800,16,www.youluwx.com/*
dc5aaab63bdc95399d2ee9ea184af9c1,1156320500,4,www.youluwx.com/*
ddda2aa3e0a0cdf04f6ba92de1029df7,1156370200,3,www.niceloo.com/yixiao/*
de67844f23163ca5a5656bbc20143e6a,1156510300,3,www.youluwx.com/*
df0e18823d507c9b0311a4fc3693c041,1156410600,2,www.youluwx.com/*
df63a12e091c3a48d876ad62c6d7e1d1,1156370900,8,www.youluwx.com/*
dfa7f7f5cb43f127289bb1ee73aeb157,1156350200,30,www.youluwx.com/*
dfb8e89b4d51544de6794ba65711d911,1156510100,1,www.niceloo.com/yixiao/*
e00ea66a0d4ccbc3bdf90a9b9ce8612f,1156511700,9,bj.hpwxb.com/xf-MB*
e00efe560c44669cd131f8c0927bfb6c,1156350200,28,www.youluwx.com/*
e025c055cf48ebd2389406589bcb7070,1156130600,10,www.youluwx.com/*
e0d3019baa80adacd23f39adf006fe9f,1156370100,1,www.youluwx.com/*
e0e517f76613d406a39cfec8a594eaef,1156513400,1,www.yaomiedu.com/wap.html*
e0f9288edf3191e517dc7c187a5101a1,1156130100,7,www.youluwx.com/*
e1dffe9b40ed5f76dfb934e69bbc3a21,1156320500,104,www.feiyue119.com/*
e2460cbb4ed90bbe4f570342f8ce7164,1156370900,2,www.youluwx.com/*
e39cf02cb8ad0f26eaf6c629729b1c43,1156131100,8,www.youluwx.com/*
e3d02d036545a7b0402141b13ca48f2f,1156510100,64,www.youluwx.com/*
e4441e6646444187329a99cb0e7c0726,1156410100,3,www.youluwx.com/*
e4b09b3d49cf514ca6d16f298bcac8b4,1156370500,2,wap.bangkaojiaoyu.com/xf*
e51d76820f00674ebcc45b908590ec2a,1156341300,1,www.youluwx.com/*
e52526a55570f68c0487db07ff79252c,1156510100,3,www.youluwx.com/*
e5bbbab3c98812c2e0e772f9a6909584,1156510600,3,www.youluwx.com/*
e5ebdf75189e2bf7592355b3b08568a6,1156371500,3,www.youluwx.com/*
e63fdbdb2d72e6d7ea0a8e8228dcfbb4,1156510100,5,www.youluwx.com/*
e66444c69f4ab821fadb4796c476e429,1156371000,13,www.feiyue119.com/*
e6a1ae90ab7d89763964ff2c4e1f3697,1156513400,53,www.feiyue119.com/*
e6ce7730c890cfded6d4a555dcc720bc,1156370800,1,www.niceloo.com/yixiao/*
e6d5bd1b4eff097538a8db861485b37c,1156371300,7,www.youluwx.com/*
e6dd6d68302dd8772e0caa8685aaef69,1156130200,4,www.youluwx.com/*
e71bf2612a527897b558bd26aa5cced3,1156510100,7,www.youluwx.com/*
e72bb1c4706589c30400186af7a66b62,1156320100,4,www.youluwx.com/*
e73591086aac210e5723d5ef5d0e190f,1156130200,26,www.youluwx.com/*
e7d610faaba8c7b813f848444cc97c9c,1156370100,7,www.youluwx.com/*
e8160edc394e28856f7efe7bb90b9583,1156371000,1,www.feiyue119.com/*
e8475fed0bf5129e23186e1297759507,1156370200,2,yidongm.zzbredu.com/*
e892fc0372ad9884954aa1721891e3a0,1156370700,1,www.youluwx.com/*
e8eca5d896b65a246079126847ec5fcf,1156511000,9,bj.hpwxb.com/xf-MB*
e90c3403ff9df5fddadb864e624f7d0a,1156110000,1,www.feiyue119.com/*
e912eb6557cae641d732ba1e07954d7a,1156310000,4,www.niceloo.com/yixiao/*
e930136b0323905e7ac33cc5651006f8,1156370200,12,www.youluwx.com/*
e9e2f60c3a4c5186388cf064bb86c75a,1156320500,1,www.niceloo.com/yixiao/*
ea34d33ed05968653a80a71ef90a1b2d,1156320200,5,www.youluwx.com/*
eac7cbb932d7a31c617131167b3f143e,1156131000,69,www.niceloo.com/tg/xf*
eb3f96501c1198b138d103c82facd94b,1156371300,1,www.feiyue119.com/*
ec39cda549d96e77fd4be9f05a0d624e,1156130100,11,wap.bangkaojiaoyu.com/bjtg/xf/*
ed3e72df8871d2af15d7f40a60c18bad,1156310000,1,www.feiyue119.com/*
ed6222b12aa441ef855df3f692b443eb,1156370300,1,www.youluwx.com/*
ed9036e941d8e876ede19854859eaced,1156370600,1,www.youluwx.com/*
eda907a7f743e3d4d6b4bb1271feda94,1156371600,1,www.feiyue119.com/*
ee530f3b19a70cbc28fbaf6c03e122bb,1156370800,1,www.youluwx.com/*
ee6f5cbef06d9fb768e524ca76c17ea0,1156130200,1,www.niceloo.com/yixiao/*
eea8656e5815af2b412d6fdb3a9a6c0f,1156320500,1,wap.bangkaojiaoyu.com/xf*
eebad3da1b46155b241fba759136cb18,1156130200,51,www.feiyue119.com/*
eee2238107df938a3bb626fb5d16bd14,1156110000,6,www.youluwx.com/*
ef01016a15842b857eae4ae7aa1dda66,1156513200,26,www.jhwx.cn/zt/m_xfgc/*
ef35654b7243b4f99a56c2c115168e24,1156512000,9,bj.hpwxb.com/xf-MB*
f008d81e9ec380f22f61c6ae938a0d3f,1156510100,13,www.youluwx.com/*
f05303ebfb7363b9ec2961eb83dd2116,1156130900,2,www.youluwx.com/*
f091664211e44bfc38c2972098ebe0e9,1156130700,9,kuangjia555.zzbredu.com/*
f1eb34277c50485f652063e955915dca,1156370900,1,www.youluwx.com/*
f300f8db188a809d781c1fedb954054a,1156370400,1,www.youluwx.com/*
f33035f8deed098888d9b460ca8d1e62,1156370500,1,www.youluwx.com/*
f3330fe34554bfb2166ba5389f45862a,1156331000,17,www.youluwx.com/*
f35ea64b42e5b9095796f63ab492604c,1156510100,161,www.feiyue119.com/*
f380acf5d86ced464640ce62962014f1,1156510600,4,www.youluwx.com/*
f487919d9b3a67ca999e83afd566c31f,1156130600,1,www.yaomiedu.com/wap.html*
f56f8d3a1592b12f5f6286a1ead3259f,1156370800,2,www.youluwx.com/*
f58543e25073358b5403cefa06da67d9,1156310000,6,wap.bangkaojiaoyu.com/bjtg/xf/*
f5fbb95d316996e2a69dd6c8a24b433a,1156511700,5,bj.hpwxb.com/xf-MB*
f698f4145bf68c3855a2f529fd8f084a,1156130400,16,www.jhwx.cn/zt/m_xfgc/*
f6c27834d4e3de2817dfa69d234726e7,1156131100,16,www.youluwx.com/*
f6f51eb7043b7b9ebe390cb05743fecb,1156510900,26,www.youluwx.com/*
f75604a153e7130e253ab83d87628c39,1156310000,6,wap.bangkaojiaoyu.com/bjtg/xf/*
f782ec3411c091ad819f4903759b63a9,1156500000,28,www.youluwx.com/*
f7c40d5da272a65ef81cc62b3aa3bd1b,1156510100,1,www.niceloo.com/yixiao/*
f812c62712e38c8572ecf4658526e8dc,1156130600,1,www.youluwx.com/*
f88d9c591010e4cbb37f1dd4a2adf56d,1156130100,1,www.niceloo.com/yixiao/*
f8e292ce6f7b7728248c5e3e1295719f,1156320600,6,www.youluwx.com/*
f8fbc3c8d9ec659b945769ad418ebb43,1156510400,1,www.youluwx.com/*
f95a0c531b885079d4a0021749ac7e3a,1156320200,6,www.youluwx.com/*
f9c882e870d8d844264dcb37261b5a7f,1156130100,40,www.feiyue119.com/*
fa79e64dd04b87fcd8b1f1a25451436b,1156371500,2,www.youluwx.com/*
fadc167159bc2d8cd9e9d9d63eac7413,1156510500,3,www.youluwx.com/*
fadc9c3c5323aa6ea7f78d0213bcc9d9,1156110000,14,www.youluwx.com/*
fae448e931c20641752b12f7c1f96ad9,1156320500,1,www.youluwx.com/*
fb75a7529ec514af1fa60f3fe05b07f1,1156130600,53,www.feiyue119.com/*
fbbfecac356d2ab3b08e17a17e88b9be,1156370700,4,wap.bangkaojiaoyu.com/bjtg/xf/*
fc482f406e8da64c01ea71aa529a0d59,1156371100,12,www.youluwx.com/*
fc77c3937201e21561d83890fc879b37,1156371000,15,www.youluwx.com/*
fcfefb706e2fe016255a8285b050a4d8,1156371700,1,www.youluwx.com/*
fd3695cf4376c34af69e1741c5a654e5,1156510100,32,www.jhwx.cn/zt/m_xfgc/*
fd910ba5e9a2f940683d146c5fc8c6ef,1156130100,3,www.niceloo.com/yixiao/*
fe0e21940a73d0a1f0d7749b28c3d2a6,1156371000,1,www.youluwx.com/*
fe2bfc60351edf3c2af3fb43d2679e3e,1156370200,4,wap.bangkaojiaoyu.com/xf*
fe3b6207e9e3b6e2c7419ec73d97f6f9,1156371500,1,www.feiyue119.com/*
fe783b6b738ce6a80468d61b73d20ba6,1156510100,4,www.youluwx.com/*
fe90903e3bdf905323066cad5520a34d,1156130300,1,www.niceloo.com/yixiao/*
fef1698fd663ca04d6aa274afdf06fb8,1156340100,6,wap.bangkaojiaoyu.com/bjtg/xf/*
ff31b74beef8bb59621dc307a3242348,1156321100,9,www.youluwx.com/*
ffa53bd10612a3a108f8acdd8586eaec,1156510100,3,www.youluwx.com/*
ffa9d794712a21c11126a4a8648a7577,1156370400,4,wap.bangkaojiaoyu.com/xf*
ffb2dcb57ac2f6bf5afde22961451207,1156130500,1,www.youluwx.com/*
ffd6c0d812f8a286f9740089ca080a3a,1156310000,15,www.youluwx.com/*
ffe46bc4ee78829b0a0beb058f6b43b9,1156371300,8,www.youluwx.com/*
