0035628884dfe858befdee09d78c6897,1156120000,1,m.520gongsi.cn/*
01384e1538a6ba604329fbd4c36b6ac8,1156370600,4,www.cddgg.com/*
01d3734300855737e7d60a711218fdca,1156320200,9,www.cddgg.com/*
021e4091f56fa48721d50b235b0d868a,1156440300,1,m.ezcezc.com/*
02908ec8823de769013ef1f33cb066bc,1156371500,12,www.huazhengcaiwu.com/*
029ec18943d96eaab71e5519940a6de8,1156371500,3,www.cddgg.com/*
02ea94a7776ae2d15eedd2d1d6b90f62,1156320100,13,m.asset900.cn/*
038781446960adaf8cdf9a656255d9d4,1156310000,1,m.520gongsi.cn/*
038db19d31040f73ac0a1872d40ab6eb,1156320500,6,m.hongfund.com/*
04563d5161b938caa4882301db8ed485,1156310000,22,m.520gongsi.cn/*
04859911d2453f5dd5f6e12dc3f2e84b,1156500000,9,www.cddgg.com/*
04bc8467d19a1ade09f5cd4aced7b438,1156320800,12,m.520gongsi.cn/*
04e04ca12b08117a90e78d0b1ffe336d,1156130500,4,www.cddgg.com/*
04e107d44a7c48d49a216b2b6406da90,1156310000,15,www.htzhuce.com/*
04eee1b7aa9eeca92ced61283f8cb122,1156310000,22,m.hongfund.com/*
051e075e15fe4c7ac61764b13b76499e,1156520700,19,www.huazhengcaiwu.com/*
0551fc40d1d37866812af16983da93b4,1156450700,1,www.huazhengcaiwu.com/*
05ce0da5c91ab18d68deccb290e6a127,1156370800,5,www.huazhengcaiwu.com/*
0712ae5636b267bc39350ae400312d6e,1156371100,1,www.cddgg.com/*
074c6277e56c7bd6cc19dd63000eaafe,1156320100,3,www.cddgg.com/*
08009f64d8291c499832aa98a0f7ccd6,1156370600,4,m.520gongsi.cn/*
0846f9dc5c59faff91e9e43be1721359,1156330600,8,m.520gongsi.cn/*
08cb29575b27877742b97392e3af8fba,1156370900,2,m.ezcezc.com/*
08e04d56d06ffdd59c61bdaac754857c,1156370300,6,www.huazhengcaiwu.com/*
091c29b257477114472d34383cdbc57c,1156310000,1,www.huazhengcaiwu.com/*
091c726fc5cb6c6e7e500006155c7495,1156340500,5,www.cddgg.com/*
096dfb4f0cfbaa538bd1d8d4b6ed7ab6,1156370100,9,www.cddgg.com/*
0a2fc20e89de5d5da229a76aefefa318,1156370200,2,www.huazhengcaiwu.com/*
0a79f9fb7bc79e243a2fd7e0fcfd0ea9,1156331000,42,www.huacai.com.cn/*
0abf0bf2291dc5996476bb2a39d81982,1156110000,1,m.51qiqiying.com/*
0b59e742dad9d1bcee751b1a6033cfd0,1156310000,1,m.jshy.com/*
0ba52f8a5fc39715a329de955a3cb6d6,1156320500,7,www.cocoattract.com/*
0c2e2bc22440b697d06dfba5eff0bca4,1156530500,5,www.cddgg.com/*
0c74e72d4d61b146ff1ec763e6f3d02e,1156370200,5,www.cddgg.com/*
0c88c2cf714ceaeb5f3a0055a16a778b,1156370500,3,m.yszhuce.com/m/*
0c9c5740ebecda204c44d49a445be5c4,1156320500,1,m.ezcezc.com/*
0c9f2bdfdf2279d5ef509a3fe8ad985e,1156370100,19,www.huazhengcaiwu.com/*
0ca8a7af6c9f9e2462f596b2b2742dde,1156120000,4,www.cddgg.com/*
0da00cad0f5176e3b58ae062edaad7fe,1156321200,9,www.12366.com
0e0de7706f898a8aa001a21ecdc31470,1156371600,1,www.cddgg.com/*
0f25881844aeab7d5b5bcd5b6cbe7c33,1156371600,2,www.huazhengcaiwu.com/*
0f9b79e6d3be44e71105ae5b631ab462,1156370900,1,www.cddgg.com/*
0fc91f13eb4805b6ab3da5f3f3980e33,1156310000,9,m.hongfund.com/*
1282a3c5ed17ca4e1f266c0115567b22,1156320100,1,m.duoyoumi.com/*
12b226db7b1f31b076d19406b521bfb8,1156320500,9,www.dckj88.com/*
12bb6330c6dc62ea517f23df93cb7f73,1156371100,9,www.cddgg.com/*
133cc162b389ad8690b78679a7b125c3,1156120000,4,m.520gongsi.cn/*
13632f8d901857e7ea784b45c7759ce3,1156370300,2,m.jshy.com/*
14763fa34a3d8ec073288eb014504f36,1156310000,36,wap.521gongsi.cn/*
14d241196b7f20c950a2f8266b8705b8,1156371400,7,m.hongfund.com/*
14f71bd756f5d6a9c9c9adc6a843f4c7,1156310000,1,www.4000041010.cn/wap/index/*
15265192155d14aa31ac1b9e54e6a1ee,1156370100,1,m.ezcezc.com/*
159731d34cbe09d081d65696061c7d98,1156310000,51,www.jjcszc.com/m/*
15e2c923489dea3c7db90649ca2bd4ca,1156371400,18,www.cddgg.com/*
15e8ca5a74cd7b2f5ee652cab3464fa7,1156370600,1,www.huazhengcaiwu.com/*
1618b4c88351d6b8beecd626dc69ec34,1156310000,7,www.cddgg.com/*
165006d6e0e575910a0e922dfc383c17,1156310000,1,m.hongfund.com/*
165f229a2823cb504f4ca34062c509d6,1156371300,1,www.77china.org.cn/*
166dafdd1e004bf12f4a5b1c9b53fa9a,1156120000,4,www.cddgg.com/*
18c768fc06f5795da4e2c3a2e579e68f,1156370800,4,m.520gongsi.cn/*
19346da5472c8680b4ee4b27f675c81e,1156320500,3,www.cddgg.com/*
195ceee7bf087df5ccaec7b3537ba8c1,1156321300,3,www.12366.com
195ea3c51d1f6a15d61817907f59f2b3,1156320100,26,njm.yishuiwu.com.cn/*
19673d1c58392901595445dd0c6b9d09,1156310000,2,www.cddgg.com/*
19737c5bc7ff5739dc0a80fc7a00ec21,1156320400,1,www.cddgg.com/*
1a313787794de22e2923c6765d0e7a9a,1156370600,1,www.cu-tr.net/*
1ab44db350214019416426e175906867,1156370700,4,m.520gongsi.cn/*
1b7c4bfd91b1475d4061d2b004192c3b,1156370700,1,www.cddgg.com/*
1bbc9a895c7923d48e1d5b65b44d4548,1156370200,4,www.huazhengcaiwu.com/*
1c4bf148c10f69d0992ab4994d25b3cb,1156320800,2,m.ezcezc.com/*
1c5567da174ab3e4aa31cd7b15e6dec1,1156360400,1,m.ezcezc.com/*
1cd233fad4b5b61281f8aa6d9fd7a0c7,1156320500,6,www.cddgg.com/*
1d0909af70eb265a104fbfe194ada5c0,1156310000,32,www.cddgg.com/*
1d19c4a39c9c174d7c5203eb734f1f5a,1156310000,1,vip.ciprun.com/*
1de2296233973c4630ed1e5b6bf6795f,1156310000,1,m.51qiqiying.com/*
1ef14e6595dd86c6b3204acf34b54b5b,1156310000,1,www.77china.org.cn/*
1ef9d2310f179ab31d91cc0a1fc13dc0,1156370900,1,www.cddgg.com/*
1fbc9139df3d11cba8df32d0374afe05,1156310000,4,m.520gongsi.cn/*
20869588d453bd10514afe0a932643a3,1156320600,5,www.12366.com
20c4ec5b9ebe1309941305688ea01401,1156320500,5,www.12366.com
224a92c8ef5bb3e28e494fcfe5f74325,1156370100,5,m.520gongsi.cn/*
227415f5cd65769581e3079a69c89264,1156321100,1,www.0512zhuce.com/m/*
2363a02341cb176464d119f7164e9ff1,1156370700,1,m.520gongsi.cn/*
23e0899d004aac91c8a40d516d6b1d1b,1156320400,1,www.cddgg.com/*
23fd61330303284e9207c388e572ce54,1156320100,1,www.huazhengcaiwu.com/*
246fa19569b2c0cae41dac2b743565dc,1156310000,19,m.51qiqiying.com/*
24c0fe91b779a99c1b31f4cedb6ea109,1156370100,17,www.cddgg.com/*
25960c6eb33dcda6765b1e2155e56510,1156310000,1,www.51bbcy.com/*
2609c9c375b66d4d5122a947f031d2f7,1156120000,7,www.cddgg.com/*
26e38e4406ac6ca8f88ed09698c0164d,1156130200,2,m.hongfund.com/*
27383e8e98cae956da132d2449f2558a,1156330300,1,m.520gongsi.cn/*
27b45384a8094ac0bb3abd244dad28d8,1156370800,10,www.cddgg.com/*
283cd3ad9eaafe05cc59926815a9cc31,1156370700,32,www.huazhengcaiwu.com/*
285b98e4d64b7ee9d4ddada8701de6d8,1156320500,10,m.51qiqiying.com/*
2876172e05e0249c13cee99732d7deee,1156310000,11,www.cddgg.com/*
29b4c5f0957060d0eedabb1f603a9e4f,1156370600,4,wap.521gongsi.cn/*
29fee16e3f6c493401c1a038b84ef2cb,1156320600,4,www.cddgg.com/*
2a4f9d14a85a9e7397c93ea904900a87,1156310000,24,www.cddgg.com/*
2a58813c99329ee5f8b2a41cb1719f6d,1156120000,5,www.cddgg.com/*
2a5bc94128ddf00fb040ed72d8dd3c24,1156320500,1,www.dckj88.com/*
2bbd4ad91eefb50bf12fce4a44baa7aa,1156370100,6,m.hongfund.com/*
2bc756b7f29f3da04483514927f3eb39,1156370200,1,m.ezcezc.com/*
2bca47eafaca0d62c2a2f6aa50d03adc,1156370100,1,www.cddgg.com/*
2da8667c4ca53d556f1c5f11e9fc05d4,1156340600,102,wap.yilong8888.com/*
2db86424d328fa1c5b0d07ee3ddb4eca,1156371100,10,m.hongfund.com/*
2e22ada39c8509fadda3d0a955f2459a,1156310000,49,www.51bbcy.com/*
2e5db86e4ad20f2598b0622f9a5c2518,1156321300,4,www.cddgg.com/*
2e60ab989f591b975127dc0da099a35a,1156370100,2,navdy.me/m/*
307c42b2cd544a5d7bd66b4e71e89447,1156411400,3,www.cddgg.com/*
307d079b64f5bca5909792eb835077fb,1156370600,21,m.520gongsi.cn/*
31078a9dc03d98b23cd457f18a33dd0d,1156320500,4,www.cddgg.com/*
31f2f0d98e8f18c37ad164f745e2115c,1156120000,1,www.cddgg.com/*
33112706df5afe6d6269556b73c9b05d,1156370100,7,www.cddgg.com/*
33a81f8f02c7d94054afd3c1ef382a38,1156370100,2,m.ezcezc.com/*
33d37964a16e985b32d1d60f0f1ae3da,1156371000,9,www.huazhengcaiwu.com/*
340b459a01be3929307d4778447ab71e,1156370700,4,www.cddgg.com/*
342a75b6c0b83f61ff082343bc9b6a3a,1156341600,22,www.cddgg.com/*
34463e85fc365b4b4c894bb51f50894d,1156320600,17,www.12366.com
348b2c5b34799b5a6dcc221aa6e321c0,1156370900,1,www.cddgg.com/*
348f35e0c69b020a5f1ed0322a52b122,1156510100,6,m.51qiqiying.com/*
34df29690d8379b76ec0d7e6b0908f91,1156370100,1,www.huazhengcaiwu.com/*
3563b3b90f060eddc0323549cb983185,1156310000,1,m.520gongsi.cn/*
359890add4165de8014252f71a0c3604,1156310000,2,www.cddgg.com/*
35a8273204a342a41b6c2dd98be9e4ae,1156120000,2,jn.520gongsi.cn/*
3738e157dbcba97cf06333c72f690958,1156371100,1,www.cddgg.com/*
373d93f1476e4c573fc1545ba8f7e5c9,1156310000,7,www.cddgg.com/*
37faf801c5fc0c6f5e3c4aa0dd43ad99,1156310000,1,m.hongfund.com/*
38168ba3977d81b1e2d15860bd75a3de,1156310000,20,m.51qiqiying.com/*
383cfbcf3f548af7b81926d0786f8d20,1156320800,2,www.homecaiwu.cn/m/*
3855d9a835174d79a758313c0d1948cd,1156371600,2,m.520gongsi.cn/*
387b8485b109356df544bc05a37c0a49,1156340100,24,m.hongfund.com/*
38bade8b2db32ecbedf0bac6f01793eb,1156371700,60,jn.520gongsi.cn/*
38fa011b37970b1efc32e7379a13bb99,1156621200,1,m.hongfund.com/*
3996d83c5c024c1150edc5e816e2e7e2,1156320900,1,www.12366.com
3a6b96d855fe03744b3dea6daecd0c1d,1156310000,1,m.hongfund.com/*
3a892730462be9fe49b809b5c741e71b,1156370800,2,www.huazhengcaiwu.com/*
3b72750ea147a8e5415e52715eeb51b0,1156310000,1,www.huazhengcaiwu.com/*
3bda177cb03deed4b842fc84c42586d1,1156310000,2,www.cddgg.com/*
3c41c5f4b96f9d670ac22fd48010c199,1156411500,8,www.cddgg.com/*
3c67f0f551f3acfe06da66fd803ee7b3,1156310000,26,www.cddgg.com/*
3c68e67a779ef828dc4d28f876792a9c,1156120000,53,www.cddgg.com/*
3d163bdf301572a619ba02734f2a2cfe,1156370100,1,m.hongfund.com/*
3d2328e6b365b53ca9ed4b4d07e1c815,1156320500,7,www.cddgg.com/*
3d6bc5ac960fe9895ab3b511bf4e40da,1156370300,4,wap.521gongsi.cn/*
3e241b9910749d15ff46fa74e426b1ab,1156320100,2,m.hongfund.com/*
40607f5ff2ed017d9d53572e06f35091,1156320500,12,m.hongfund.com/*
414693f2d8937578ce9babdbf572bec8,1156370700,7,www.huazhengcaiwu.com/*
41c64aeb656a02636ea4ce4bf7d1c3e2,1156320500,3,www.cddgg.com/*
4230288368499d26c60b297a0f09863c,1156320600,3,m.hongfund.com/*
4269300b45a70ece4180989a1c52d416,1156371100,19,www.huazhengcaiwu.com/*
42c183dde2be85c0dbb29ac46763af70,1156310000,41,www.51bbcy.com/*
43134bbfe847f05ef04fa29a4bcc32d1,1156310000,1,m.hongfund.com/*
4391f6548c4c3e9e8d018e932564dfe1,1156320300,10,www.dgg.net
4490e1b232b98bd5e28e3f97010eefec,1156310000,1,m.yszhuce.com/m/*
44a3524dea5bbdaa68d0a87e2adaca0d,1156320500,4,m.hongfund.com/*
44e1565ebb0040c84281afd5b6c39d96,1156370800,2,www.jnzlx.com/*
45af7851ccc84bc5d4a8d228f9d7658c,1156371500,1,www.huacai.com.cn/*
45bae9343899b461fbb8c00e574e0be3,1156371300,3,m.jshy.com/*
45ee37d21677dc76c32a2237777cc03a,1156370700,1,www.cddgg.com/*
45f1a770f36be0b77e0dcd7aff1e3ef6,1156320500,5,m.520gongsi.cn/*
47aeda85dfd19354e1d83a997224f456,1156370100,2,m.ezcezc.com/*
48497cf03f629a07af062321e3e6a6b0,1156320700,2,www.cddgg.com/*
49b5ff0b9482c9eb88f6fe7018e662c8,1156320500,1,m.hongfund.com/*
49e2f927e55d6741647bad826aac9216,1156370200,2,www.cddgg.com/*
4a2ded4e694fdc3f99386b3ed034643d,1156370600,4,www.cddgg.com/*
4aa631af078868d948d939c9762f4dae,1156120000,25,www.cddgg.com/*
4b13de2a57c9c3b69a617ce2553503ec,1156330300,4,www.cddgg.com/*
4b528780eb751170f68ee85d763d179f,1156370600,1,m.520gongsi.cn/*
4baee781053dfaf830f64310c1249436,1156131100,1,www.cddgg.com/*
4c10cf1293a253f8dd58b2cd30327f8a,1156371300,12,m.520gongsi.cn/*
4cb3488c72ab484d20abbb6c35a3a524,1156371100,22,www.huazhengcaiwu.com/*
4ccedd9e95cf1f5b5327751c304dfe13,1156371400,38,www.cddgg.com/*
4cf7d317850c6396c02a80fd5ad4dc0a,1156310000,20,www.huazhengcaiwu.com/*
4d25cdd11f663686e80c233a97cbb5a2,1156370100,6,www.cddgg.com/*
4df0071cd903c79b1f00483c71cd88ce,1156370600,7,m.520gongsi.cn/*
4e05bc6ab5203b173d5ec3d969fa158f,1156310000,1,m.izhuce.com/m/*
4e4ff40dc9174217d563fc9359dcb1fe,1156310000,1,www.77china.org.cn/*
4e51df02962e7100e92a8a367dfe1e79,1156211200,2,m.ezcezc.com/*
4fe28864aaf446975f88dac8aa9ce08e,1156370700,28,wap.521gongsi.cn/*
5073983a602fef1c59a2cbaf3e363e21,1156120000,1,www.cddgg.com/*
511a53b6fa7110f10f80fb5b2296c319,1156120000,1,www.huazhengcaiwu.com/*
51eae11d6d7c685a0a5d728ae81ee28d,1156370600,1,www.cddgg.com/*
51ec202b31781452ab5bb033e755c9df,1156621000,1,www.cddgg.com/*
521811bbe92c9e4a6afbc77dcfc4c4f6,1156320500,1,www.hyb720.com/m/*
523019fc6e3aacb9ad17c41cd4e5c934,1156320600,1,www.12366.com
5239b5806bffabb637fc3664abeadc5a,1156110000,3,m.ezcezc.com/*
524d098c7ad3c389f0445faf4416e10e,1156370200,12,www.gongsizhijia.com/*
53c71f9cd4b70f80ddc97457583ee2da,1156540100,1,m.duoyoumi.com/*
53d367bebda76831b6abb69f78384824,1156310000,1,m.hongfund.com/*
55de1890eff92cebaeaa8de3125d3051,1156320100,1,www.cddgg.com/*
56935c1a4462478aaa48e775ad456661,1156371500,5,www.cddgg.com/*
56d2e1b0a0754221937768f39db2737a,1156320100,5,www.cddgg.com/*
56d305e0baaca6f8d547d73f82d3c451,1156310000,1,www.cddgg.com/*
57c98ff398edbeea689ab8283943bf12,1156370900,116,tg27.rjcaiwu.cn/m/*
580536a4c42b9b07d69119a5aca39f28,1156320200,24,m.hongfund.com/*
581394ba6e99abd1a07297fda4db28ae,1156371600,1,www.huazhengcaiwu.com/*
593e29f8c874708c3d6dd80614f647b3,1156310000,6,www.huacai.com.cn/*
596bf16d8e36e8d6518202a49ef94975,1156120000,14,www.huazhengcaiwu.com/*
5ac900a7ccd937e183cfbee98bab4671,1156310000,1,m.izhuce.com/m/*
5ad2af6c5975f50024129250c59980f8,1156310000,1,wap.77china.org.cn/*
5af08d698a6a7c7b417a53f8b86d3dea,1156120000,28,www.cddgg.com/*
5b3f263d3ed547c38bac50fa450272ca,1156110000,1,www.gongsizhijia.com/*
5b6a873eb5c8c4f30bd2e73b84c4202f,1156320100,34,njm.yishuiwu.com.cn/*
5c0cf69141c8f2b85e92ba9e09f0bf14,1156120000,1,www.cddgg.com/*
5c3786646143561ea97937dee91df285,1156320500,2,m.ezcezc.com/*
5c651c2dfbcdc8815739410dc6ed1383,1156320200,1,tg12.soke.net.cn/m/*
5deb0ebca300bfe9693fca94d1cc1f66,1156500000,1,m.haobanyi.com/*
5e2ba838ca6ec1e5aea13440b3eabe09,1156310000,2,m.hongfund.com/*
5e3f9c29b6431e32fc0c02ee0be0a6da,1156371400,4,www.huacai.com.cn/*
5f7ab4c6a26e3bb03eb2b5538a2efd02,1156621200,22,www.cddgg.com/*
5f95665a92e4b39e7e40c8062d65e225,1156510100,12,jn.520gongsi.cn/*
61bb0066d52b12a274e925ad749a4b6d,1156320500,2,m.ezcezc.com/*
63ed30ecc4463ba6782d6b1feafa1753,1156310000,4,www.cddgg.com/*
642d332582b17ff230b8fede1b749abd,1156370900,21,www.cddgg.com/*
645dc9a9c558c522b76af050263119fb,1156320800,6,www.cddgg.com/*
6471b2735858c2217f9d74b9060397ba,1156371600,28,m.520gongsi.cn/*
64a4778d29ab80d18df4bc18c8090846,1156310000,3,www.cddgg.com/*
65880ae2b29689cc31764799283716f4,1156321200,13,m.520gongsi.cn/*
65c19ba21801b715dc9340e698bff3f6,1156320400,7,m.hongfund.com/*
66c14a829f8a03fafd219d86a7adf776,1156321300,1,m.duoyoumi.com/*
6736dedea9539e7f38b9beb8077b6a42,1156371600,46,www.huazhengcaiwu.com/*
67afe165b3572637db788c7366d8f414,1156341100,6,m.duoyoumi.com/*
67d8fe710981aacdbefed5d24d601f9a,1156371300,63,www.cddgg.com/*
67fdd0f932ace97f4a24c7a6194610cd,1156310000,4,m.520gongsi.cn/*
6885fa5d879f095af9a5eca4989f002c,1156320100,1,www.huacai.com.cn/*
68ca6a6adae66d07d2f08013fa03cb75,1156513200,2,www.huazhengcaiwu.com/*
68f7ef236f993d3ef206f1625e6cdc27,1156371700,3,m.520gongsi.cn/*
696208134806d2eefa9a4e12061d1e6d,1156320900,47,www.cddgg.com/*
699fc2ba182cb95b5e3ea14816464e9e,1156420100,1,m.hongfund.com/*
69c9f3c18579584ccd5b9dc42f27f590,1156370600,15,m.520gongsi.cn/*
6a543fd788c329d501a6bd7ff71caaee,1156321200,3,www.12366.com
6a96a7642322656da1b022faf6dce376,1156370200,3,www.cddgg.com/*
6ba4ccc1e65168df40c20345c674af6a,1156310000,5,m.hongfund.com/*
6bc478680f1b1d82c7832446cf79deb1,1156370400,5,www.cddgg.com/*
6c34c93994b1f0f3bfa694ff57c7ab72,1156310000,20,m.jshy.com/*
6cbb6bb1e543cde022c9d762b7f912ae,1156310000,8,m.hongfund.com/*
6d5c5d2ad50d9f7237a497adc0b73519,1156120000,1,www.cddgg.com/*
6da6e0ea9a73462220b96c1f74ea532b,1156371500,7,www.huazhengcaiwu.com/*
6dfe691a50eecaed71bc51805fe38337,1156320200,1,m.hongfund.com/*
6e5cffe18616d898029059cda494777f,1156371000,2,www.cddgg.com/*
6e9008ab95943b61f59875cc01bf6824,1156120000,3,m.520gongsi.cn/*
6eaf182325d58d0ae84109c347e424f1,1156310000,2,www.cddgg.com/*
6ebdf4618d824d50908037d2896556af,1156330600,1,www.cddgg.com/*
6fba2207d48b835a85cc3f8ed1094e1e,1156110000,14,www.cddgg.com/*
700f2fc7fb187ff9215939fdfd68fb17,1156370200,1,www.cddgg.com/*
70756c9f259bcd8f7ce3aaf1d3cc52df,1156370200,6,www.huazhengcaiwu.com/*
709c79e84463f882fa9ef582e7d2e286,1156330200,7,www.cddgg.com/*
709cecbd937b54150df832ff79063c6b,1156340800,1,www.homecaiwu.cn/m/*
70b26ae2fe29725ad304100b29e8fa64,1156320100,12,www.huazhengcaiwu.com/*
7104f6160037030d2c19f6160d2804fc,1156320500,15,www.cddgg.com/*
710836fdc362a2c7d5539539251a8e60,1156320600,2,www.12366.com
71fbb7910ea7187820254e0cfc60542a,1156371100,3,www.cddgg.com/*
7252bc3205f23ab34a9c629cce4bfe6e,1156321200,6,www.12366.com
72ee99a96818696ae0279cd57256eb58,1156370200,7,jn.520gongsi.cn/*
730ef53b163bf5f9a524d2a66d876f25,1156310000,3,m.yszhuce.com/m/*
7340202ff4335caeef7112ada663275d,1156370500,8,www.cddgg.com/*
74e31c677e80e898491b90c48cee0529,1156120000,4,www.cddgg.com/*
75553b6f3a253b91dad60c43013a64b4,1156310000,3,m.ezcezc.com/*
76612b1578e6521c153c1f82db6b1e74,1156370600,35,360.5837h.cn/m/*
7798b4eee0be79d64846e40cb97077c4,1156320500,2,m.ezcezc.com/*
7818311a062ed00c1422ba21369969c1,1156371500,1,www.huazhengcaiwu.com/*
781c106b7a56de426d3825c3be67b541,1156371500,3,m.520gongsi.cn/*
788fc02e9e8bbb565da0ddadd8c0a405,1156120000,39,www.cddgg.com/*
793510ea7fe6a604a187761bae5e6b93,1156120000,25,jn.520gongsi.cn/*
79491badaa6a6db77849eca755565ae8,1156370300,16,m.jshy.com/*
7985e3340bce77ac3191f652e2a3c42d,1156371300,1,www.huazhengcaiwu.com/*
79e1bae99839f050f377eda05782fbe3,1156370600,56,www.8jcy.cn/*
79ed0e5c66a631432043a8a888d629ce,1156130400,1,www.77china.org.cn/*
79ee6d3153ebecb274320c0b3c31175f,1156371100,6,www.cddgg.com/*
7a63faf8e8731c989889813f523d6b65,1156370800,7,m.hongfund.com/*
7aa55bbb47dd18232f14c8e7964cf75e,1156321200,1,www.12366.com
7adb6316468972300fae2a94aa4f1d1d,1156310000,5,www.cddgg.com/*
7af9d69922c11f458b523cc601468a70,1156310000,1,www.cddgg.com/*
7b27244141725cf28da6e3a0f694ba18,1156310000,12,www.gongsizhijia.com/*
7b278457ea8026f3bb3ee3e3a89a2470,1156320400,18,m.520gongsi.cn/*
7b7f3cec495cb81250ae2964501503b1,1156370100,19,m.520gongsi.cn/*
7b9e9d04e050ce63e4fbd1f5dbfa15f7,1156310000,26,m.51qiqiying.com/*
7bc607550524dd0aa1bb3bbc87960f38,1156371700,2,tg27.rjcaiwu.cn/m/*
7bf73c10a3c914ccaa56d40ef6878d47,1156310000,1,www.77china.org.cn/*
7c98f993dad04da48735cec9e9009912,1156371700,2,www.cddgg.com/*
7cbfc69978ef23bc51b2a7157612bf23,1156371600,90,m.jshy.com/*
7def4472b0f0d7442aed9d41aed8bd9a,1156310000,4,www.cddgg.com/*
7e224ba3f9b7b4d5cdb9920cc751df80,1156310000,4,www.cddgg.com/*
7e2d500f4e1677cea1acf8b6c1ef9fa9,1156370100,4,www.cddgg.com/*
7ec3181de0cd349084aac945b02a8103,1156320100,26,www.520gongsi.cn/m/*
7ed018d892120243c59955235d87dc12,1156310000,13,www.cddgg.com/*
7f2ae204154203ebf6dbf07256f428b2,1156320600,2,www.12366.com
7f4d543227ca63a22824dc4aead321ba,1156330300,8,www.cddgg.com/*
816bb3fb14b417bb07d07e07da0f6ef6,1156371600,8,wap.521gongsi.cn/*
82978f72afbaaf7c5e63d45505553201,1156320200,3,m.hongfund.com/*
83022799e6b69dd592f85a7c0274b5cf,1156320600,4,www.cddgg.com/*
834652ce7f7027ed33eedb85c273ca0a,1156371500,1,m.520gongsi.cn/*
84323287f9868ae1e6fcec2dd09342d1,1156310000,6,www.cddgg.com/*
8457406e4aa51b382421f14fcd1e7e1f,1156120000,10,www.cddgg.com/*
84d360cfb61626cfed9776a10f651123,1156310000,1,www.77china.org.cn/*
850d6168db4e08c96e092e49189d5e11,1156310000,1,wap.77china.org.cn/*
855504da7e1b651c23f114ecb85bc89f,1156371400,20,m.520gongsi.cn/*
85e993daf9b26e246530456ce7de67c0,1156320100,12,www.jjcszc.com/m/*
8776f46ea63b6cf6f8223a5bc96be49e,1156320500,1,www.cddgg.com/*
889cd224e9a43d9eec8f33f14c49e304,1156510300,31,www.cddgg.com/*
88ac00951f0c28ec1d49f6139d3b640a,1156120000,11,m.hongfund.com/*
88caaec82634150ea25eda080a6d6924,1156370200,8,jn.520gongsi.cn/*
8a806fa96b10af44e2ce0745131fa36d,1156370100,9,www.huazhengcaiwu.com/*
8ae275f318e571cebecdb2b26e14eff2,1156370100,25,m.520gongsi.cn/*
8b14b6231debe54122e74c80d7dcf4d1,1156310000,134,www.huazhengcaiwu.com/*
8baa77cd59cd0e26f3691dd2c0db7afe,1156370400,42,www.77china.org.cn/*
8c45c45ed6b829bc7ace0ff660b01351,1156371700,3,www.huazhengcaiwu.com/*
8ce8d77d2e66881e5b4880b928ebbdfc,1156370300,1,jn.520gongsi.cn/*
8ef3ec08091e9a06563746f00d7613b1,1156370200,9,www.huazhengcaiwu.com/*
8f5ced217e244bd12882f1b6e82b0c76,1156330400,12,www.jjcszc.com/m/*
8f8e178ed9e73e293b274de21f71d81c,1156320100,25,m.51qiqiying.com/*
8fef06da34518a3ca78387125228c2dc,1156310000,24,www.cddgg.com/*
900dab181dcc2680809fa1d0f8a94137,1156320500,10,www.cddgg.com/*
901783d362c1a97bbef27a41ff8e6efa,1156341200,3,www.cddgg.com/*
9026837ec5af17c7614d3ab15ab9cc32,1156320100,1,www.gongsizhijia.com/*
91393edf7429c97f29dbf9de4b491b14,1156120000,4,www.cddgg.com/*
9156b4b781b51df26c2862c2071a9f90,1156371600,2,m.izhuce.com/m/*
929c505a37cb6eee1836c0a189803db6,1156310000,4,m.hongfund.com/*
92fba048020d05edf29c4e506b10d459,1156321000,10,www.cddgg.com/*
93a5ee74573a4517b5af88c5f943bd12,1156310000,16,m.hongfund.com/*
93b10603b9695395e937799a722c9267,1156370300,21,m.520gongsi.cn/*
93c0826cca0f2e24df81127c922c2480,1156120000,4,jn.520gongsi.cn/*
93d1368948e7eaf21054a9272141a08e,1156371300,1,m.hongfund.com/*
93e99eeb7fecc2a6e52396f6c407fe29,1156310000,1,www.cddgg.com/*
9492e628f1ada3b9ba2935897b4af9a2,1156310000,1,www.huacai.com.cn/*
94e826645a857f045c492893e03fa0b1,1156320200,63,www.gongsizhijia.com/*
95024ba2d62087d95eff05b7a9dd151f,1156371400,4,www.cddgg.com/*
95e9a5a7aad2d82dd4feaf3543ed713a,1156370200,28,wap.521gongsi.cn/*
96064e7702d0a35fe0ce3368d536846b,1156310000,1,www.huacai.com.cn/*
968971241b7de7e2c4b65767dedc3f26,1156310000,1,www.cddgg.com/*
98956305d499c43f4efb7360a1dfb8b1,1156370600,1,m.520gongsi.cn/*
994e6080a84f92a6845c89d0790b35cf,1156310000,4,m.dashanghaizhuce.com/*
9953d6209c55d146ec9219a3b5850534,1156371100,2,m.ezcezc.com/*
9980b1890bc765069c4a3f8966d65db0,1156321300,1,www.cddgg.com/*
99ee9c4ed8948f96668ca1746c246ae5,1156310000,1,www.huazhengcaiwu.com/*
9a36d66c091ba60f94edb8e7508d3268,1156320600,1,jn.520gongsi.cn/*
9afff45d00a3a33019489ea54c8f6e2c,1156310000,5,www.huazhengcaiwu.com/*
9b97d28c75ffcf3689c78ae62db03848,1156371000,50,www.huazhengcaiwu.com/*
9c10e27a834ead3e25b143416ad3b826,1156310000,3,m.yszhuce.com/m/*
9e0abd5cae70a111df307ed63ab69647,1156500000,3,www.huacai.com.cn/*
9e85328682c5224a1b29988d3034c87d,1156371300,6,www.huazhengcaiwu.com/*
9ed4d9f4386fb98c445019c85e93e9ea,1156120000,49,www.gongsizhijia.com/*
9edae3bb828b84ed3c2b5db8b2158b37,1156120000,4,www.cddgg.com/*
9eeaaee95c5c1520197b04dd02d89c9a,1156341800,9,www.huazhengcaiwu.com/*
9f527fe4d964d0401971e7378c4b152d,1156371400,13,www.cddgg.com/*
9fcd885698d30a58e3b6b36439ee7156,1156370800,8,m.520gongsi.cn/*
a10556bb6bde87b34d14eff7fbd6a7c2,1156371600,40,www.huazhengcaiwu.com/*
a109f0bc9463ce5acb97ca3a9d9b1309,1156371300,45,m.haobanyi.com/*
a15b0c7dfbee0a0d2551db02b36f7976,1156370500,4,www.cddgg.com/*
a1e0955682d987c6d8321ad575106db6,1156370700,16,www.huazhengcaiwu.com/*
a1f210abc6d115c8b4e15ddb9fa8f066,1156130500,1,www.cddgg.com/*
a3b0a0f4c0ac07bd2b4d0e7bf490a9b4,1156320100,1,m.hongfund.com/*
a40ddf88564b66b62d85c8da8c88b5c7,1156320600,4,m.ezcezc.com/*
a41b7eab74eae0dc4f1b83a0394edbd9,1156310000,1,www.huazhengcaiwu.com/*
a5782d3cb0bce7a20997b622e9a53eeb,1156371600,5,www.cddgg.com/*
a5c2a63938996f469ea4c16e2a081c90,1156310000,2,www.cddgg.com/*
a61cc9742a39dfffadf9b0b30a6bb778,1156371200,8,www.huazhengcaiwu.com/*
a69982731f40b18969f7b727ba1480dc,1156130400,1,m.hongfund.com/*
a6b1d84209ad99455c858d91ec40b0f9,1156120000,1,qidian1.snpx.net.cn/m/*
a6b37a713ba4a6a4b05a97ca0f99207f,1156411500,1,www.77china.org.cn/*
a70862f211fa0f8f79c5a2c8dcd4c77e,1156310000,12,m.hongfund.com/*
a71ee1d440207b4026dec6f0cf74c7c9,1156310000,35,360.5837h.cn/m/*
a75823496f529ec6da5c402088b4f508,1156320500,2,www.cddgg.com/*
a78a9ba99cb552383eba878c66e0c37f,1156321200,21,m.520gongsi.cn/*
a8f04f0c08cb81a87d7e577b27ec0c27,1156370200,4,www.cddgg.com/*
a90969c3b946a9698c2039f6c54a54bb,1156421200,8,jn.520gongsi.cn/*
a991d2381858f1ca99db8ae9ed2495f6,1156370100,4,m.520gongsi.cn/*
a9de5e2330ce915a2d4beb0ad7e986d6,1156341600,3,m.520gongsi.cn/*
abfddd2025cf5bdf97f71df44c36e55d,1156120000,1,www.cddgg.com/*
ac65eff14f5f9134fced1391ed0f0f8d,1156310000,12,www.cddgg.com/*
acdf535786e2ae5ce069b17f8170fdd5,1156320200,1,m.izhuce.com/m/*
ad5b80b0976f9fa93d3dbd259cad64d6,1156370600,1,m.520gongsi.cn/*
ad6162025cbae44c357b5e26d59cddcb,1156310000,24,www.huacai.com.cn/*
ad94d1a8828b734db3aa09543ea3da84,1156320700,1,www.huazhengcaiwu.com/*
ad9d55535570e29e3af97c63e471f09d,1156310000,24,m.520gongsi.cn/*
adb228f91e41e6d81bde7b466dc52d4a,1156340800,6,www.guapeng.com/m/*
ae49948059379fcae4cb66ab1872e093,1156320500,67,www.jjcszc.com/m/*
afd105d0547fe1ca3654a6caaa7d4537,1156321200,16,www.cddgg.com/*
b044c2ddb4dd28a35a1c0a67ce71b63b,1156120000,1,www.huazhengcaiwu.com/*
b0af51989ebd03ed1df7b242bbdafa72,1156371500,8,m.hongfund.com/*
b20ed58a85e60dca6a656a554a5161a6,1156310000,1,www.huacai.com.cn/*
b2e24221aaa2dff07b9ec25f24e318fe,1156310000,1,tg12.soke.net.cn/m/*
b331bfbb8b2e12e4a623c3efbe4d9dd6,1156370100,2,m.jshy.com/*
b53e66f8132792e71f92566f08820e6c,1156320100,2,www.cddgg.com/*
b551c55e43c64869cd05dfdb75478a7c,1156371700,72,www.jjcszc.com/m/*
b73f3c3a8cc460cc046b54a0b10b3d29,1156370600,1,m.hongfund.com/*
b83fc18e622e9976d139ab13f45495c5,1156320200,7,m.520gongsi.cn/*
b8822b1f7e8a87fcaa970b2dfba4a6e1,1156310000,9,www.huazhengcaiwu.com/*
b889ac4e10d6c3c3b51449bf1551f24b,1156370800,61,www.jjcszc.com/m/*
b8f5b73d2eaaee8bfaa8f2038ba24cbf,1156410400,1,www.cddgg.com/*
b90bab88a7cbc3c37194426545ea8493,1156310000,2,www.htzhuce.com/*
b9c740c801ffd312b031ab1d7d1b0866,1156310000,51,www.51bbcy.com/*
ba550de552dfa4d164afe84c8646eee2,1156340800,5,www.cddgg.com/*
bab3068ca23e7683f58c065cc21e7f24,1156371600,3,tg12.soke.net.cn/m/*
bab57a4c7b08ad7ea123640619f2f183,1156120000,4,www.cddgg.com/*
baf9bde0b758d55abdd7521dec16344e,1156320600,4,www.12366.com
bbb81b8076f93f6f58d12e17c2f361b4,1156310000,1,www.homecaiwu.cn/m/*
bbcf5dcc3ccf988a980410d165f12126,1156370600,4,www.cddgg.com/*
bbe1de0dd69a3f995ca065018b3b3ff2,1156622900,13,www.huacai.com.cn/*
bc12071b2e60c55ddf47b0474daf6a0f,1156371400,1,www.cddgg.com/*
bca93cdd81e446b40b50460b981fe553,1156340800,1,www.huazhengcaiwu.com/*
bcfce2039658cc89e262f57bdeb00371,1156370200,1,m.520gongsi.cn/*
bd619a05721f26bd75fec80063ea8626,1156370100,1,www.huazhengcaiwu.com/*
bd70aa31367f8a4455404b6b832d287c,1156320500,1,www.cddgg.com/*
be63b7b6e884021a52e811201100d5af,1156120000,3,m.hongfund.com/*
bfcd0ec7b669492a31b258531e23a0bf,1156310000,11,m.hongfund.com/*
bff0fb327d7cfc86522fffee10c8255e,1156330100,32,www.cddgg.com/*
c020e0bf27ab3a7fd2e4762f58e199b5,1156370100,14,www.cddgg.com/*
c03a42575b4efb263b894dc23b558051,1156370900,19,www.huazhengcaiwu.com/*
c130e8c387b04bd9541ef58d2a95bba1,1156371700,1,www.cddgg.com/*
c19a4db45a2189a9428bfa3c77f0bae2,1156320200,3,m.hongfund.com/*
c1cc46758a2c01fb1f2ac7c1edf94ad0,1156310000,15,www.cddgg.com/*
c3e089cf190ad29e0e890e52bafe77fc,1156320100,7,m.yszhuce.com/m/*
c4b6af03ca29a2feeef68fa102124eee,1156370300,8,www.cddgg.com/*
c4f4b966e4f9a26cebc33556688d3b8d,1156310000,1,m.51qiqiying.com/*
c530e9432c46666320e52af240569eb0,1156371300,1,www.cddgg.com/*
c5c7443e4027c52a1574f12e8a952a66,1156310000,4,m.izhuce.com/m/*
c6494eb2c367c3468690bc77136729c9,1156652800,5,www.cddgg.com/*
c70757a34f26ba98b3e2d163f2ad8bb9,1156371700,6,www.cddgg.com/*
c7b0203e82a002debda61d665985f47f,1156130800,1,m.520gongsi.cn/*
c7ebb590919ea4777c6ec553cdc756d7,1156370700,23,www.cddgg.com/*
c7f1c527d9508a1417dd78e8730e02f3,1156652300,13,www.huazhengcaiwu.com/*
c8127822c580a85ff9f2761e3bb3542a,1156310000,3,www.guapeng.com/m/*
c821777992666a1def9d3da2126d885d,1156330100,17,www.cddgg.com/*
c8332e4f01be727e27813fbfaaace586,1156371400,10,www.huazhengcaiwu.com/*
c874efc556b04a039efeb260c7cd197d,1156370700,6,www.cddgg.com/*
ca59e0fda7dfb43eb79d42b491ba9712,1156320800,13,www.huazhengcaiwu.com/*
cb39e4a06189d13cd857749c749787b2,1156320100,1,njm.yishuiwu.com.cn/*
cb5c040bea966b7d76a3e0c54e03187b,1156310000,9,m.51qiqiying.com/*
cbf63dcc8c4b6c2c0be6a58d3e28517f,1156320300,4,www.cddgg.com/*
cc3380c82f33479a2c028fc18052264d,1156320300,17,m.520gongsi.cn/*
cc3ced1ade3c29605bc2334acec0683a,1156320100,2,www.cddgg.com/*
ccdbf0c1743bf5aeea94978b74032da7,1156370400,1,m.hongfund.com/*
cd4764d4c9b94a2ccc6419cd796c8608,1156320200,29,www.12366.com
cddf070d2454cacbe2ae1f34bc72e5e4,1156310000,5,www.cddgg.com/*
ceaa23a7a737fb0566a288990522c4ad,1156320100,1,m.jshy.com/*
cef5ea95e2410ff2c006e5c9201b1e16,1156120000,3,navdy.me/m/*
cf77f82e6305d050d4ffa0701c00d948,1156320100,27,m.520gongsi.cn/*
cf94180dd9406d7f079dbaec3c560443,1156371400,1,www.huazhengcaiwu.com/*
d00a7a3d2e26a6b5157de852d78a2618,1156371400,1,tg12.soke.net.cn/m/*
d06389a794c635571dc52fd474785a7e,1156371600,4,www.cddgg.com/*
d116d586cf1b4a6e82c10919ed6bbcca,1156370200,31,www.jingxin123.com/*
d1ee9c4dcf2511a1cf417ada12158d05,1156370400,20,m.jshy.com/*
d265cb4ca9c2f95fddd93506d6a63a00,1156370200,2,m.520gongsi.cn/*
d432821603f66b7edc91d8e223d32fd3,1156310000,1,www.cddgg.com/*
d4ba5237775902b02dc5de0c2571b3f5,1156320600,2,m.ezcezc.com/*
d51dad7616efc41287b30a64a1881028,1156320900,25,wap.521gongsi.cn/*
d54d985f2952e0095cb667ebdfd92918,1156430800,47,m.520gongsi.cn/*
d628eb5e53a5342f91ee1455e85dec3a,1156370200,1,www.cddgg.com/*
d679e6293a0d12ac68050e8cf6075648,1156371500,5,m.hongfund.com/*
d7357417eb914ba35d3cfb863fd2ad39,1156371300,13,m.520gongsi.cn/*
d750140da7fc1f8a5ba6c3d31eae4578,1156370100,19,www.huazhengcaiwu.com/*
d8b70c9921a3b156c8d04030afad3655,1156321200,9,www.12366.com
d96eaa78ef36dfae2e985f72f984cb51,1156371300,9,m.hongfund.com/*
d9a1399e8ae344e2d978aff785eca0f1,1156120000,1,m.520gongsi.cn/*
dacf83015d68e73612422e6c47177d28,1156320300,1,www.51bbcy.com/*
db06eb2e0055ed2dd6eedb7cd7604e85,1156371400,1,www.cddgg.com/*
dc5488beec813dda3bb2c79ac59acb53,1156310000,1,www.77china.org.cn/*
dc7645376c2c743b1bc4d1c9815bd7dd,1156120000,4,www.cddgg.com/*
dd12a6b462286c6beca379dbaef51cb9,1156370600,1,www.cddgg.com/*
de1e377ebd0199151c4e342d3c7c4074,1156370700,1,m.haobanyi.com/*
dec4a937f4738d6892d2f08681164a78,1156520400,4,www.cddgg.com/*
deeec41ea1b5d87937eedfa19eb81dda,1156340100,11,www.huazhengcaiwu.com/*
df32d1161cb5bab286d227894ad27f65,1156310000,30,www.77china.org.cn/*
dfa06418a0cf5172ce4f509907768aab,1156321300,11,www.cddgg.com/*
dfe8eb7fc848a380b14d6842c445ceda,1156370200,13,www.huazhengcaiwu.com/*
dff0a0c61bca61c1ddc065c1269a5da6,1156310000,8,www.cddgg.com/*
e0024a11c8052c781c19940c2c9d245a,1156310000,3,www.51bbcy.com/*
e04c398bf41f51231ab4d3cc3ec2cfb6,1156370100,1,www.jnsxdl.cn/*
e1cc47390eb99b26f2ebd9e08bb1ea3d,1156320200,3,m.hongfund.com/*
e2050b905f7fc40149dd75d1f86b6e7d,1156371100,3,www.cddgg.com/*
e22a1b16d392bff7f80aa1be6cea2b11,1156320100,11,www.huazhengcaiwu.com/*
e2ecaf30e76860789c917a2b5bf95d65,1156310000,1,m.shchuze.com/*
e35c2ac330ce75499bf45331066e5153,1156320300,10,www.hyb720.com/m/*
e36c25d770d2e3a7fb535268278208cc,1156321000,1,m.hongfund.com/*
e3ae45cd2129a66d59178609a5fc94b3,1156320100,10,www.cddgg.com/*
e3c2cd315457890eef7a8f04bb9ce651,1156370200,6,www.cddgg.com/*
e3ce87a2653cdbfea8cef33eb642ca5a,1156371000,14,www.huazhengcaiwu.com/*
e46593b4e199fbaa937f6994a401b9d8,1156370100,1,m.hongfund.com/*
e49408c04ea5110147fdc8944ec8a5ac,1156310000,11,m.hongfund.com/*
e4d530f13f4538d49620c99852dc175a,1156370100,4,www.jnsxdl.cn/*
e546f26f596d8c077126d9362906b8bf,1156310000,1,m.51qiqiying.com/*
e64513241f75caf7ba9226ba6c1151c2,1156370200,19,m.520gongsi.cn/*
e68f7d1d51c4c9b905247b728e509832,1156370600,1,www.dailijizhang.cc/*
e6ba8df095443670eddd6c75d9151908,1156310000,8,www.cddgg.com/*
e767c197a5de4e0b827e205a51f1debd,1156371100,3,www.cddgg.com/*
e776b7b3180065fd382684f01e244de5,1156321100,24,m.520gongsi.cn/*
e84a1609a814e36a297ebab2e14f0605,1156370100,1,www.cddgg.com/*
e86495e168986598315d2e66c144ad12,1156310000,1,m.hongfund.com/*
e8eb9ba8b6df83428bd03c3eb05dfc46,1156310000,19,www.huazhengcaiwu.com/*
e90bf71bca86eb98bd208897decdd5b1,1156371100,1,m.520gongsi.cn/*
ea85ad21d2e2d0aedd604b4a85cceda6,1156370100,1,wap.521gongsi.cn/*
ec7946119e930dae2a7f54bd2c69a65c,1156320400,2,www.51bbcy.com/*
ecaa3e6a65e0f9698a0f44d4286c8fdb,1156321000,25,www.dckj88.com/*
ed0187f30b682685d140a4eae1bfd7c7,1156310000,10,www.cddgg.com/*
ed83931dee003e55983b177a3d144417,1156320500,2,m.jshy.com/*
f00eb640ffcd7647a046631fff48cdd8,1156320800,5,www.cddgg.com/*
f0f7ff384f9810ec3c124a913ff86c74,1156320100,20,www.huazhengcaiwu.com/*
f19f211136d08ceba0f59d9548be4f9d,1156310000,16,www.cddgg.com/*
f320c94c5b77d5720abe0db48ad108fe,1156320100,20,www.huazhengcaiwu.com/*
f334e856e4d2bef1517036e228fa98b4,1156310000,1,m.hongfund.com/*
f3f44516206d9be5e514a7722f4c655d,1156371000,7,www.huazhengcaiwu.com/*
f3f55f74329b31732b07042a690a6977,1156370500,1,m.jshy.com/*
f58d7078f38ed3f00a48966cb7eef80f,1156321100,1,m.jshy.com/*
f790770b392f931be93d6f2ee0bf576f,1156532600,10,www.cddgg.com/*
f83642b87321ce5926f9cd3b68083efc,1156310000,3,www.cddgg.com/*
f86b8adebadfc9a47d7b4de24513485a,1156320800,4,www.cddgg.com/*
f8c4eaaa56903788a3adbeec642c2f84,1156120000,4,m.520gongsi.cn/*
f8d329598f30b3c4ab79062874902739,1156310000,1,www.51bbcy.com/*
f966e3a3aacfd458fb161f4a77f89b8d,1156310000,33,669caishui.lsrqi.cn/*
f9d9bd2c9dabe5c135ee8c75350d15b1,1156441300,1,www.77china.org.cn/*
fc4c0346494fa5adf0370b730b5251a0,1156310000,24,www.cddgg.com/*
fc5437d29b4dd3dbbf3a6f88f17b8c13,1156370700,16,m.520gongsi.cn/*
fd31a3725a4f6e35334e1a27b4cfe88f,1156320100,1,m.hongfund.com/*
fd35da7783e09e361145bb4a95b99719,1156310000,10,www.cddgg.com/*
fda03ae238c568844a112f9e81b53eb1,1156320100,3,www.cddgg.com/*
fddffcb870bb44c8dbda9e774115904a,1156320100,1,www.cddgg.com/*
fe42e712d3c1489c9de9be729d7aa046,1156320900,3,www.homecaiwu.cn/m/*
ff365a2ed0121c8a70191573ffcf8aff,1156120000,2,m.hongfund.com/*
ff826654297fb84f5417e1eb5b92b25b,1156320400,1,www.12366.com
ff89080bcd30c5ce86486e1a73b35130,1156310000,16,www.huazhengcaiwu.com/*
ffaa8499c5327da4c481eb7f7f977a61,1156500000,1,tg12.soke.net.cn/m/*
fff6a5d6252a97407714772c8149eb33,1156371400,5,m.520gongsi.cn/*
