0079023f7aa597efa07346a98aab8c9f,1156410300,1,sg.zykeda.com/*
008b0fba8831d9cec511ebb3b4cc3317,1156410300,1,m.zztongjiyiyuan.com/*
0096632ee8267c8d022b6f9a5f2ca136,1156410100,1,3gsg.zzwcbj.com/*
00d0dfa1b96ca1a59e848092c7c0858f,1156410100,46,smmo.hnzzxsj.com/*
00d0dfa1b96ca1a59e848092c7c0858f,1156410100,14,smmo6.yiyaofk120.com/*
0134495bb777dfe07788cbaed8edc861,1156410300,5,m.zztjby120.com/*
0134495bb777dfe07788cbaed8edc861,1156410300,3,m.zztjbyby.com/*
0187059e0d8aee89af9945d46a94b001,1156410300,1,sg.zykeda.com/*
0300ac846bc253d177cc84bea8ca41d0,1156410300,4,m.zztongjiyiyuan.com/*
03fd1ab531f0a1b6b3d9b4e088849221,1156411300,6,m.65621111.com/*
03fd1ab531f0a1b6b3d9b4e088849221,1156411300,1,m.5ufk.com/*
03ff9306c537d4e69e29e56a88539ed6,1156411600,50,m.65621111.com/*
043721afde974077dbf24c2c37181e3b,1156410100,1,sg.zykeda.com/*
049843fcdf287a8354e3642733db5ab6,1156410100,13,sgmo.fsyyfk.com/*
059cc4d5cbb4420a32170355e86f62cd,1156320100,12,sgmo.120zzxsj.com/*
065803aed74c5299995073a474f455a8,1156410100,1,sg.zykeda.com/*
0692aed53a0143704eaa0e595976a2fc,1156410100,7,3g.mzsdfk120.com/*
0695cf7c0d8216ba3c6cf96bc940cea6,1156410100,1,m.zztongjiyiyuan.com/*
06c675716aca69414d1edd4834b1637a,1156410100,39,m.65621111.com/*
07c731f514283f6cf66c3af730f4edb7,1156411300,2,sg.zykeda.com/*
07c731f514283f6cf66c3af730f4edb7,1156411300,10,sgmo.0371zzxsj.com/*
0829fe8aa772100d32104da556553645,1156411100,8,sg.zykeda.com/*
08b1681ec8d0cbf13c4129632c95bcc9,1156410100,64,sgmo6.0371yyfs.com/*
08b5137553e77c27d68b206a2bda4924,1156410800,2,sg.zykeda.com/*
08b5137553e77c27d68b206a2bda4924,1156410800,51,smmo.yyyfuke120.com/*
08b5137553e77c27d68b206a2bda4924,1156410800,11,sm.zzzykdrl.com/*
09283c2c87d39112557c2a87ae426ab3,1156411700,1,sg.zykeda.com/*
093d5903dec27bdbc81f28a84b34f4a8,1156410400,7,m.zztjbyby.com/*
093e6b54d8a541089cc3b32335ac11f0,1156411500,1,sg.zykeda.com/*
093e6b54d8a541089cc3b32335ac11f0,1156411500,41,smmo.hnzzxsj.com/*
097dbf207204f472b35558f21e34d141,1156411400,1,sg.zykeda.com/*
0992c407cc65477f1c8b532864404226,1156411700,1,sm.zzzykdrl.com/*
0a42e78a550ac031564ca8c60887d6be,1156411400,1,sg.zykeda.com/*
0a8f13d669882e6b18d7a7e2737ef539,1156140900,1,sm.zzcjzy120.com/*
0aab8be8bb046495495979cbd1ebd3f3,1156410800,1,smmo.yyyfuke120.com/*
0ad486d9aae452cbdcf6d2fd2567b226,1156410100,12,smmo.fsyyfk.com/*
0ad6374f18e47275379ebc4cdf608db8,1156411700,8,m.zztongjiyiyuan.com/*
0b3c7060abdab07670131e22c1ab6f4e,1156410300,7,5g.zztongjiyy.com/*
0b519b4f3122857b68d596be570cf7b9,1156411300,1,smmo.120new.com/*
0b5f65357f26a138f6fb4ecca0ed3787,1156411700,7,sg.zykeda.com/*
0bb9eccab5a651312fb32279dbcd4916,1156411600,66,sgmo.fsyyfk.com/*
0bee02c5a7bb728616d1e0a2bff3496f,1156411400,1,sg.zztjyy120.com/*
0cd01064660733836e4d76022f6c4a6c,1156411400,2,m.65621111.com/*
0cf9c9909b18442259d914a5bfb894d1,1156410900,1,sg.zykeda.com/*
0d0d57bc7c7e66a570f74980b5358dec,1156410100,108,sg.hnyyaow.com/*
0d78b2e9a4596b31ccbb21d6b9b0c368,1156410100,1,m.zztjbyby.com/*
0dd4c24bce747b864c48b7efcd7d1f92,1156411300,1,sg.zykeda.com/*
0de707b459373dc86210835b11701e00,1156410400,9,sgmo.120zzxsj.com/*
0e142d33bd48ae4f88eb54bdaeb14859,1156410200,1,sg.zykeda.com/*
0e2cefdaa7a06a5143a3707ab897e403,1156410900,2,sg.zykeda.com/*
0e8650701915ec5755b5ef1f42bbc17a,1156410100,7,sgmo.fsyyfk.com/*
0eb53b65878e3088074a6408431731bc,1156410300,15,sgmo.120zzxsj.com/*
0ed0cb3e7496b277fbbeed04779726d3,1156410100,38,sgmo.120zzxsj.com/*
0eee0061b9f37d77588227ce0c40a04a,1156410700,1,sg.zzzykdrl.com/*
0eee0061b9f37d77588227ce0c40a04a,1156410700,1,sg.zykeda.com/*
0f159ca4fa6feb7fe72a5ee4a8db4b8a,1156411400,4,m.zztongjiyiyuan.com/*
0f159ca4fa6feb7fe72a5ee4a8db4b8a,1156411400,6,5g.zztongjiyy.com/*
0f625954f028418d8ce14909e73429a5,1156411600,1,sg.zykeda.com/*
0f737d08ebb008bc703c1ec913a44d44,1156411300,82,smmo.yyyfuke120.com/*
0f8bb254f48a6d8d171865ff12f92548,1156411700,1,3g.mzsdfk120.com/*
0fac1ff1d1e488c013bb8b50a20d3ab7,1156411300,1,sg.zztjyy120.com/*
102691f31d12b43630c19ac979fbc7c8,1156411700,5,sm.zzzykdrl.com/*
106bbf9c178ccb33e6f003aae10b17e1,1156410100,13,smmo.fsyyfk.com/*
10a13e1135eeee85fd311c7702dc4867,1156410300,1,sg.zztjyy120.com/*
11090aec3b2df6e9c830d92975358168,1156410400,1,m.65621111.com/*
1116bb6101e43af62a4788352cc7a598,1156410100,19,sgmo.120zzxsj.com/*
11487057f90a665969a8e93729f1f21c,1156411400,1,wap.zztjyiyuan.com/*
1274774c81edfd798f66bbc7e8f0ac77,1156411200,9,sgmo.120zzxsj.com/*
12c82aa65f4ece8981f3f629796bebc4,1156410100,1,wap.zztjyiyuan.com/rdzt/20180723/*
12c82aa65f4ece8981f3f629796bebc4,1156410100,1,wap.zztjyiyuan.com/*
12c82aa65f4ece8981f3f629796bebc4,1156410100,10,smmo4.0371yyfs.com/*
12edf01178c48cbccb5b98109da3275f,1156411100,1,sg.zykeda.com/*
13649b38c10c8fdc51471dca8c8ed39f,1156410100,1,sg.zykeda.com/*
14353e7c2a85366966d9da2bc6c4f904,1156320500,1,sg.zykeda.com/*
143c4855f4cf6f427e27cdaccfade502,1156410200,13,smmo4.0371yyfs.com/*
144fbbf6f2469408c4b7dca59a4599b3,1156410100,34,sgmo.120zzxsj.com/*
14cc026f8a274c939ca7d5982b910c9a,1156410100,4,m.zztjbyby.com/*
15641e4a9573506b2cd3b927c4c30e63,1156411600,1,sg.zykeda.com/*
15ad6ba07a142fb9b4e3bf15f1162ab7,1156410100,1,sg.zztjyy120.com/rdzt/20180723/*
15ad6ba07a142fb9b4e3bf15f1162ab7,1156410100,14,sgmo.120new.com/*
15ad6ba07a142fb9b4e3bf15f1162ab7,1156410100,1,sg.zztjyy120.com/*
164ceabd61198167d2389e0023366754,1156411400,1,sg.zykeda.com/*
16c8e35e9aa527f6490af446f4d8d394,1156410500,24,sgmo.0371zzxsj.com/zt/zy2/*
16c8e35e9aa527f6490af446f4d8d394,1156410500,38,sgmo.0371zzxsj.com/*
16d976144a467adc357b5fe302340396,1156411600,1,sg.zykeda.com/*
16d976144a467adc357b5fe302340396,1156411600,77,smmo.yyyfuke120.com/*
172807bca2503986122e72c54900befa,1156410100,1,wap.zztjyiyuan.com/*
172a33443104ef4ff56e68197bb4da68,1156410100,2,sg.zykeda.com/*
172a33443104ef4ff56e68197bb4da68,1156410100,11,sm.zzzykdrl.com/*
1769cfa78d3953e06522e844580ee4ea,1156410200,3,m.65621111.com/*
177ecade3903e06914f771b845156b19,1156411100,1,sg.zykeda.com/*
183f5215664bba74713445ca6b7e0634,1156410500,1,sg.zykeda.com/*
187445d33556b3945486653c6f449d9e,1156411700,6,sg.zykeda.com/*
1949801c6c47492d1de6326f0e94b308,1156500000,3,3g.mzsdfk120.com/*
196a3f25e3e510339e1a98c7bdc5c1d3,1156411400,4,m.zztongjiyiyuan.com/*
19d21162142dbb783db36ad438eb855f,1156410100,4,m.zztjby120.com/*
19dd20b66012232383e911183e78144d,1156411700,12,m.zztongjiyiyuan.com/*
19e7a446a4006279e42da97f8b0b35fc,1156410100,1,smmo.0371zzxsj.com/*
19f33ea14dd5bf3018fca01e26559a95,1156411200,1,3g.mzsdfk120.com/*
1afd55cd6776e4b41127a134bd213374,1156410100,7,sg.zykeda.com/*
1b603241f8f5631f7e9fb61e23413522,1156411700,7,sg.zzzykdrl.com/*
1b6041ad7591b39496a102bf9ec32f39,1156411600,1,sm.zzzykdrl.com/*
1bdf8fe35426c823274f14eb8b714d87,1156410900,1,m.zztongjiyiyuan.com/*
1c6211b70f55bac2ffd1da26dfeee9a1,1156410900,1,5g.zztongjiyy.com/*
1c6f5280084e95413ae5ae4d7da82a50,1156410100,8,sgmo.fsyyfk.com/*
1ca2a8a0bd4e248da4c59dcf1be67101,1156410100,3,5g.zztongjiyy.com/*
1d319c169da6387704cd591c48b41dd0,1156410300,1,wap.zztjyiyuan.com/*
1db04792dfcb7c0bf9dc3f62940601ca,1156411700,1,sg.zztjyy120.com/*
1e3a480b9e601bd62e3408ed7fe3422c,1156410100,1,sg.zykeda.com/*
1e5089563fbc681cefb002d9a4eec936,1156410800,1,sgmo.0371zzxsj.com/*
1e5089563fbc681cefb002d9a4eec936,1156410800,1,sg.zhengzhoutongjiyiyuan.com/*
1e5089563fbc681cefb002d9a4eec936,1156410800,1,sgmo4.yiyaofk120.com/*
1e68bc6613e6c87537bd0a2dac3e242c,1156410100,2,rl.mzsdfk120.com/*
1fa538dae0b0c975f7a62e286d4a6b32,1156411600,1,smmo6.yiyaofk120.com/*
1fa759ac58e84126ef10ec87b0430ef9,1156511700,9,sg.zzzykdrl.com/*
1fa759ac58e84126ef10ec87b0430ef9,1156511700,1,sg.zykeda.com/*
1ff6ea6a7605efd5a00bfd5c128b2e7b,1156410100,1,smmo.fsyyfk.com/*
2085310ff9fd2ad0ac19afc26d923c4e,1156410300,1,sg.zykeda.com/*
20a44c0210a243c3dc4838fa0f3b2377,1156410100,8,sgmo.fsyyfk.com/*
20a46d8c50390104b4c044d6cfa7fb8a,1156410100,1,m.zztongjiyiyuan.com/*
2119a474e7103586a521b3a599be6373,1156410900,8,sgmo.120zzxsj.com/*
21309a4df9b0e2f397f622ca2a3b7891,1156341500,1,m.65621111.com/*
214bcc35947dbe7062cbcdf8e428b31e,1156411300,8,sg.zzzykdrl.com/*
214bcc35947dbe7062cbcdf8e428b31e,1156411300,7,sg.zykeda.com/*
214bcc35947dbe7062cbcdf8e428b31e,1156411300,9,sgmo.0371zzxsj.com/*
214bcc35947dbe7062cbcdf8e428b31e,1156411300,9,sgmo.120new.com/*
2184aa3a237c0b3bb5f8eb011fb27811,1156410100,1,sg.zykeda.com/*
21cd89c5af4ad2ee4252d2df9043ea6e,1156410100,8,sgmo.120new.com/*
21d2651d85e1d51d2492a35f94d522cb,1156411100,33,smmo.120new.com/*
21d2651d85e1d51d2492a35f94d522cb,1156411100,13,smmo.yyyfuke120.com/*
2200cf4d8630f8246a4088a8ef0d68f4,1156410900,1,sg.zykeda.com/*
223966c2e9e009b517c51e097078fcd2,1156410200,1,sg.zykeda.com/*
224016509791a45f542a908e2cf81bb5,1156410100,8,smmo4.0371yyfs.com/zt/zyzx/*
224016509791a45f542a908e2cf81bb5,1156410100,12,smmo4.0371yyfs.com/*
2245a9b9dd5f72c40eb4eaa05df9b0fd,1156411200,2,sg.zykeda.com/*
2245a9b9dd5f72c40eb4eaa05df9b0fd,1156411200,6,sm.zzzykdrl.com/*
2245fa89dea5b5728974c8b7cf69e765,1156411600,1,sg.zykeda.com/*
2245fa89dea5b5728974c8b7cf69e765,1156411600,12,sm.zzzykdrl.com/*
22e76f638aee4f54c8e69a5bd6ef2030,1156410200,1,sg.zhengzhoutongjiyiyuan.com/*
22f8253bda7ebb33aa599d8debf88924,1156410100,14,3g.mzsdfk120.com/*
230519f8279a11f29a55faa480f21487,1156411000,1,m.zztjby120.com/*
230519f8279a11f29a55faa480f21487,1156411000,1,m.zztjbyby.com/*
232e45a3727860bdf47b793a3cbf3ee4,1156411400,1,wap.zztjyiyuan.com/rdzt/20180723/*
232e45a3727860bdf47b793a3cbf3ee4,1156411400,2,wap.zztjyiyuan.com/*
236b43a30b49ce88927597089e12e32e,1156410100,1,sg.zzzykdrl.com/*
23b20fe5072b957217a0464ca4ed1895,1156410100,38,smmo.0371zzxsj.com/*
24133ea1345b050b7646336029f5ff6b,1156410100,2,m.65621111.com/*
24145639dcae97479b09ba09784015f7,1156411000,4,m.zztongjiyiyuan.com/*
244698938c3a78ce5e8e3c7b535a226c,1156411600,1,sg.zykeda.com/*
249869d9bcf08a13c0e5376f62c7dac4,1156410300,1,smmo.0371zzxsj.com/*
24bff9fd0072bf32e296040fdd54bd26,1156130400,1,m.65621111.com/*
24d343128f34377ea490aef25169bc9a,1156410100,1,rl.mzsdfk120.com/*
24d3cbc026ba48b8eb9c4e776a948e84,1156411700,13,sgmo.120zzxsj.com/*
24fb95887405d2a2cd0b2d7b6d02e6b2,1156410400,70,smmo.fsyyfk.com/*
2574d4753cf0eca40633e2e6032cde28,1156410800,39,m.65621111.com/*
2574d4753cf0eca40633e2e6032cde28,1156410800,7,m.zztjby120.com/*
25899424e5bff75c231462a9eeef9b90,1156411300,4,m.zztongjiyiyuan.com/*
260cedefde40f11d0bfb215ecf7e05b8,1156410300,1,m.zztongjiyiyuan.com/*
264755d99505152907d6e2affcdde026,1156411300,47,smmo.hnzzxsj.com/*
26728e4ecd316787be18ef3d4a97be1d,1156410100,1,sg.zykeda.com/*
267a6b9e27bab0ced33ce4711ee36115,1156410400,28,3g.mzsd120.com/*
26cce66d2b3aea01a66289c0ca1b5b9d,1156410100,1,sg.zztjyy120.com/*
26cce66d2b3aea01a66289c0ca1b5b9d,1156410100,1,3gsg.zzwcbj.com/*
270505583f7affee3cf95d416581ed0f,1156410300,1,sgmo.120zzxsj.com/smzt/jhsy/*
270505583f7affee3cf95d416581ed0f,1156410300,16,sgmo.120zzxsj.com/*
2705a7f4c430b606b986f4dd3379727e,1156410100,1,smmo.hnzzxsj.com/*
27d4a13e99adce2133f2ccc1a3d2b0b2,1156410100,1,sm.zzzykdrl.com/*
280fb852c3074bebfabe83952e2c592d,1156410300,1,smmo.120new.com/*
28ce236cc11bd54899ac45cbe3ce27cc,1156410200,1,5g.zztongjiyy.com/*
2a1783c409f12807ba65b7e2298bda2e,1156410100,1,sg.zykeda.com/*
2a526c2a93032af72a7c59c734d401ea,1156410500,16,sgmo.120zzxsj.com/*
2af6e9688c96ba99456628543e8d792d,1156410500,1,sg.zykeda.com/*
2afb355360c253c7155188f653c016d1,1156410100,7,m.zztjbyby.com/*
2b3317e15fad6f241c28c9a2133dab55,1156410700,73,smmo.yyyfuke120.com/*
2b393c9fd401b21fda16f8cfca03263a,1156410700,1,sg.zykeda.com/*
2b4d525c118bbb92bd73c04b7557d0f0,1156411400,9,sgmo.120zzxsj.com/*
2b54360c9d9e92e29f3b2366287a34a4,1156411200,12,sgmo.fsyyfk.com/*
2b844684484c8424ab0bd4aaf9e5d02e,1156410100,29,sgmo.0371zzxsj.com/zt/zy2/*
2b844684484c8424ab0bd4aaf9e5d02e,1156410100,51,sgmo.0371zzxsj.com/*
2bd4c26125f6c2a4ce64008d0b54007c,1156411700,7,m.zztongjiyiyuan.com/*
2ca3a5fb70e24a0911b8ec6099931182,1156410100,6,3g.mzsdfk120.com/*
2cff8e4a654a53671cec0ec32eae7e6c,1156410100,6,sgmo.120zzxsj.com/smzt/jhsy/*
2cff8e4a654a53671cec0ec32eae7e6c,1156410100,84,smmo.0371zzxsj.com/zt2017/rlyy/*
2cff8e4a654a53671cec0ec32eae7e6c,1156410100,57,sg.zztjyy120.com/rdzt/20180723/*
2cff8e4a654a53671cec0ec32eae7e6c,1156410100,5,sg.zzzykdrl.com/*
2cff8e4a654a53671cec0ec32eae7e6c,1156410100,154,sg.zykeda.com/*
2cff8e4a654a53671cec0ec32eae7e6c,1156410100,195,sgmo.0371zzxsj.com/*
2cff8e4a654a53671cec0ec32eae7e6c,1156410100,146,smmo.hnzzxsj.com/*
2cff8e4a654a53671cec0ec32eae7e6c,1156410100,353,sgmo.120new.com/*
2cff8e4a654a53671cec0ec32eae7e6c,1156410100,193,sgmo.120zzxsj.com/*
2cff8e4a654a53671cec0ec32eae7e6c,1156410100,844,smmo.120new.com/*
2cff8e4a654a53671cec0ec32eae7e6c,1156410100,829,smmo.0371zzxsj.com/*
2cff8e4a654a53671cec0ec32eae7e6c,1156410100,185,sg.zztjyy120.com/*
2cff8e4a654a53671cec0ec32eae7e6c,1156410100,9,sg.zztjyyfk.com/*
2cff8e4a654a53671cec0ec32eae7e6c,1156410100,5,sm.zzzykdrl.com/*
2df140097f16cbd8d24dac810600d900,1156410100,1,m.zztongjiyiyuan.com/*
2e50dce36f451077a0751aa0bcdf6aa8,1156410300,1,smmo.hnzzxsj.com/*
2e5c9c7740d4f3ddfaacc62127001754,1156411400,1,3gsg.zzwcbj.com/*
2ecf18f7b95965793af9f87537f80595,1156411400,5,sgmo.120zzxsj.com/*
2f3626be8e7d927f540015bb8f0fcaa4,1156410100,4,smmo.fsyyfk.com/*
2f9c7c1b722cf621f0e1ad2c15d60d11,1156410100,27,smmo.hnzzxsj.com/*
2fc4c68a75355f8a5ffe8e008f484817,1156410500,13,smmo.fsyyfk.com/*
2fcefee4b3ef60002f04b9743771f89d,1156410100,45,3g.mzsdfk120.com/*
2ff8dcd67fc92f2a6bea95caee3714a7,1156410300,5,m.zztongjiyiyuan.com/*
300b320ac8e9616c911cc5f634f2e586,1156330500,1,sg.zykeda.com/*
300dbbceb6ff7d5c1fdb6c9ee1de8d9a,1156411300,2,sg.zztjyy120.com/*
305aed61ebfe93038a76ea59ba0271e9,1156411600,85,sgmo.fsyyfk.com/*
307c2bdfebd271f03a37b10110ecd7d9,1156410300,6,sgmo.fsyyfk.com/*
309a7f07409d9c18cbe6f1b7132881e2,1156411400,6,m.zztjby120.com/*
309e5dcd853e0d4b7abbfda021803dd5,1156410300,1,sg.zztjyy120.com/*
31ac94ff30ff160bc957b731ba290305,1156410200,1,wap.zztjyiyuan.com/*
32083a9c2fcb43f49803d8ff6ec30e3c,1156410800,1,sg.zykeda.com/*
32083a9c2fcb43f49803d8ff6ec30e3c,1156410800,8,sgmo.0371zzxsj.com/*
32127d1581e07813cfa27108c4afc563,1156411500,1,sg.zykeda.com/*
3214f3a26b5eaaa38dc00a929ee161d6,1156411400,1,sg.zykeda.com/*
32664d2e448120c11e6607fb8d3ea290,1156410400,12,smmo.yyyfuke120.com/*
327a9a10d8dc0b693b80c9386d8a6d16,1156410100,13,smmo6.yiyaofk120.com/*
32ee04074f380c8bcf2789baf81140ac,1156411400,1,wap.zztjyiyuan.com/*
3330f5adb65696081ec4e9737c9c4b80,1156411300,2,sg.zykeda.com/*
3330f5adb65696081ec4e9737c9c4b80,1156411300,12,sm.zzzykdrl.com/*
33609a58ec9b6dc77fdd26060ad073fc,1156410100,15,sgmo.0371zzxsj.com/*
3368bc830253ebb6133889ced45a379f,1156410100,1,m.zztongjiyiyuan.com/*
33690a80747b0ee2da5ff4007f477889,1156411000,2,sg.zykeda.com/*
338f7c26257a13d7d9817216983897bc,1156411700,1,sg.zykeda.com/*
34741717ba94babaf3afc5b5183ddabc,1156411300,1,sg.zykeda.com/*
347912573e528f002c6553560c7b80bc,1156410500,8,sgmo.0371zzxsj.com/*
348eced3ab914b6ad6ec4cdc941cc3b7,1156411700,1,sg.zztjyyfk.com/*
352c125f46e07b5d00f0cf41a510e51a,1156411600,6,sgmo.fsyyfk.com/*
370fd875c5326b71f0c0c46bd778caf2,1156410100,7,smmo4.0371yyfs.com/zt/zyzx/*
370fd875c5326b71f0c0c46bd778caf2,1156410100,12,smmo4.0371yyfs.com/*
37167e04eea3e8a629e777838d1a781d,1156411200,1,wap.zztjyiyuan.com/rdzt/20180723/*
37167e04eea3e8a629e777838d1a781d,1156411200,2,wap.zztjyiyuan.com/*
3729702e4e5212f3086f57de2ea9c0bf,1156411600,7,sgmo4.yiyaofk120.com/*
37323278b32a46ee8d993c8e0d2847b3,1156410100,5,m.65621111.com/*
37323278b32a46ee8d993c8e0d2847b3,1156410100,1,m.5ufk.com/*
3763473d04790efe99be9dee6089e0e9,1156410400,79,smmo4.0371yyfs.com/*
37667a3fc4a0f2e4c06abceae4a10813,1156411300,7,sgmo.0371zzxsj.com/*
38bcf6a55d6617edf34c4e2cadf6b8bb,1156411100,2,sg.zykeda.com/*
3980b5fe8a7221b67b31317ef891f466,1156411300,4,m.65621111.com/*
39e1c85c9970ffca1f801d124942df63,1156410400,7,sgmo.fsyyfk.com/*
39fe4cfbfd28500140358b19f8f94924,1156410100,1,sg.zztjyy120.com/*
3a61828b262d4f04f9fbae024d264d00,1156410100,1,smmo4.0371yyfs.com/*
3a8b8ad4b2be39db861b2d495014c6a7,1156411600,8,sgmo.120new.com/*
3b22ef3f7a7a0931a9fe89615fd55878,1156410400,1,wap.zztjyiyuan.com/rdzt/20180723/*
3b22ef3f7a7a0931a9fe89615fd55878,1156410400,2,wap.zztjyiyuan.com/*
3b6fb27b35e9315dedc218d8bf984422,1156411600,14,smmo.yyyfuke120.com/*
3bd8f4d631b657cede37717a8fffefa2,1156410900,1,5g.zztongjiyy.com/*
3be17d0d97aa1446d96876ee32f024ad,1156411600,2,m.zztongjiyiyuan.com/*
3c142e51c7b0712302e9189df2030678,1156411600,1,sg.zykeda.com/*
3cc90ace49d96371bc0601cb889461b1,1156410500,55,smmo6.yiyaofk120.com/zt/qdrlyy/*
3cc90ace49d96371bc0601cb889461b1,1156410500,76,smmo6.yiyaofk120.com/*
3cedc4a910ea132f93a4105ec5efe51e,1156410300,1,sgmo.120zzxsj.com/smzt/jhsy/*
3cedc4a910ea132f93a4105ec5efe51e,1156410300,17,sgmo.120zzxsj.com/*
3d3756d5deb77b5221f5afffb6750abc,1156410200,5,m.zztongjiyiyuan.com/*
3d5bbc5c209b6882d3d244731adca4e7,1156410100,2,sg.zykeda.com/*
3dcf65416c414c24a99f7194fbf37eb0,1156411600,5,m.zztongjiyiyuan.com/*
3de10797b844b54213d44fe7b1d0c81f,1156411700,1,3g.mzsdfk120.com/*
3de10797b844b54213d44fe7b1d0c81f,1156411700,1,smmo4.0371yyfs.com/*
3de6a8b16e0566b83535c4c42480061d,1156410800,1,sm.zzzykdrl.com/*
3dea91b2f605c21be1e09947d0fd7d75,1156410100,50,smmo6.yiyaofk120.com/zt/qdrlyy/*
3dea91b2f605c21be1e09947d0fd7d75,1156410100,71,smmo6.yiyaofk120.com/*
3df9b7798b331b81531f11646c345baf,1156411700,1,sgmo.120zzxsj.com/*
3e4174719d893f373e1ea9d5a0e4fc26,1156411400,6,m.zztongjiyiyuan.com/*
3e4f9885ac3b1612ecda2f7ef61d219d,1156410100,1,smmo.yyy120fk.com/*
3e8da2cfea65ba0313b51d44e399f323,1156411700,1,m.zztongjiyiyuan.com/*
3ef67f93343e1fc1a66d08c4bce9bb2f,1156411000,1,smmo.0371zzxsj.com/*
3f05d551c2b1042e782d0cb362f9352d,1156410200,8,m.zztlyy120.com/*
3f2a5b27a4612b723d2facf1e76dcee3,1156411400,2,sgmo.120new.com/*
3f74c4a8bdfe3bc96287af8e395beedb,1156410100,2,smmo4.0371yyfs.com/zt/zyzx/*
3f74c4a8bdfe3bc96287af8e395beedb,1156410100,6,smmo4.0371yyfs.com/*
3f7f5a1f8b5b7d0f6c02f49da757ed80,1156411000,1,wap.zztjyiyuan.com/*
4035ed99058ff30416a645ae0e93f9f1,1156411300,8,sgmo.120zzxsj.com/*
403f6f6d386cd9bf7fe4357fa55bf3df,1156410300,82,smmo.yyy120fk.com/*
4084f1551279f1ee33e250145620810f,1156411400,2,sg.zztjyy120.com/*
409eb0c575158209b9430498c4039158,1156411200,5,m.65621111.com/*
40ecc024e243a927952dbd0fa5555ff2,1156410300,6,m.zztongjiyiyuan.com/*
40f901b8b8c266d04ca0d78f49ea40c2,1156411600,9,sgmo.120zzxsj.com/*
4121dfbd78c15a253ed1a105a63a26a3,1156410900,1,sgmo6.0371yyfs.com/*
41367d912074439039df5c2a273a93dc,1156410300,20,sgmo.fsyyfk.com/*
414c3c6b9e97eeaa890ad5bc2a7c613d,1156410600,1,m.zztongjiyiyuan.com/*
41c00757bd0eb98d88b24ca420ae9cd3,1156320500,13,smmo6.yiyaofk120.com/*
420f676c00b2dafb093df1ecbdc3ad96,1156410100,9,smmo4.0371yyfs.com/zt/zyzx/*
420f676c00b2dafb093df1ecbdc3ad96,1156410100,11,3g.mzsdfk120.com/zt/zy_180516/*
420f676c00b2dafb093df1ecbdc3ad96,1156410100,13,3g.mzsdfk120.com/*
420f676c00b2dafb093df1ecbdc3ad96,1156410100,13,smmo4.0371yyfs.com/*
42273f18b89c109f19ea509808fb9d47,1156411400,69,sgmo.fsyyfk.com/*
428786a4866b6646a49c5ff68070a241,1156411400,1,sg.zztjyy120.com/*
429c17da3ddc0f1ed23ed3b922b321a0,1156411300,1,wap.zztjyiyuan.com/*
42ab4bb4a81f2be30d58ec905e2cdd4a,1156411200,1,sg.zykeda.com/*
43135e9b66d14fbedfbd27c816b790f5,1156410300,3,sg.zykeda.com/*
43135e9b66d14fbedfbd27c816b790f5,1156410300,9,sm.zzzykdrl.com/*
4376e403b06dc36e156ffb0cd3a654b1,1156410100,16,sgmo.120zzxsj.com/*
44c242d0f01e57b3f0e4254276983320,1156411700,1,m.zztjby120.com/*
4514312ba33b65d7a54440c86981b3c3,1156411700,6,sgmo6.0371yyfs.com/zt/zyzx/*
4514312ba33b65d7a54440c86981b3c3,1156411700,6,sgmo6.0371yyfs.com/*
45292a9b3d6edffbb78b8dcce196dca9,1156410100,1,3g.mzsdfk120.com/*
4588ab8822ca9dd0bea24371120beda8,1156411300,9,3g.mzsd120.com/zt/zxy180706/*
4588ab8822ca9dd0bea24371120beda8,1156411300,31,smmo.hnzzxsj.com/*
4588ab8822ca9dd0bea24371120beda8,1156411300,1,smmo.120new.com/*
4588ab8822ca9dd0bea24371120beda8,1156411300,11,3g.mzsd120.com/*
4588ab8822ca9dd0bea24371120beda8,1156411300,2,3g.mzsdfk120.com/*
4588ab8822ca9dd0bea24371120beda8,1156411300,6,smmo4.0371yyfs.com/*
4588ab8822ca9dd0bea24371120beda8,1156411300,6,smmo6.yiyaofk120.com/*
4588ab8822ca9dd0bea24371120beda8,1156411300,75,smmo.yyyfuke120.com/*
459edbddf60b1ce3e321c260d88c8750,1156411400,26,sgmo.0371zzxsj.com/zt/zy2/*
459edbddf60b1ce3e321c260d88c8750,1156411400,40,sgmo.0371zzxsj.com/*
45c986e5736047b2865bdfd77811f64f,1156410500,1,wap.zztjyiyuan.com/*
45e56e2b4e33d405559ebe9733316e4b,1156410500,1,smmo.120new.com/*
4604b0ebd310d69b84113ea825251ea8,1156410300,1,sg.zztjyy120.com/*
465dd4ec01a91be2304381be3a853e90,1156410100,1,sg.zykeda.com/*
465dd4ec01a91be2304381be3a853e90,1156410100,12,sm.zzzykdrl.com/*
466731e0934600e7d79aa7912775ede6,1156410100,2,m.zztongjiyiyuan.com/*
46c3e9be5c4ff99a737ae0d4dbd13caf,1156411700,1,smmo.120new.com/*
4726c6310d31a22447e6a2651ac44ddb,1156410100,1,5g.zztongjiyy.com/*
4744b05807e78efa7454d1b6b6769412,1156411500,3,m.zztjby120.com/*
4744b05807e78efa7454d1b6b6769412,1156411500,2,m.zztjbyby.com/*
47f4bdac17f3170befd63af77bc16b87,1156410100,11,sgmo.fsyyfk.com/*
4800356f5395609e62db6975fc4a19f0,1156410300,2,sg.zhengzhoutongjiyiyuan.com/*
48457e63a407ec6dfd193448ef07193c,1156411700,3,m.5ufk.com/*
48a2be5292e68a29f7e6489ededda174,1156410900,62,smmo.0371zzxsj.com/*
48dbdeee7c3b5646428808b713100dac,1156410100,9,sgmo.120zzxsj.com/*
48e160e3c3f2e9ec380643c20d5b92e6,1156411100,76,smmo4.0371yyfs.com/*
48e7f3536109b2a20bf098dd5789f11c,1156410500,2,rl.mzsdfk120.com/*
48e7f3536109b2a20bf098dd5789f11c,1156410500,1,3g.mzsd120.com/*
48e7f3536109b2a20bf098dd5789f11c,1156410500,1,sm.zzzykdrl.com/*
4957ca1f898bbd031e84b78083ba2ef5,1156411600,7,m.zztongjiyiyuan.com/*
49dce283c5017a3b84edd0f2899d383b,1156410300,10,m.65621111.com/*
4a0289303f667130d364dc82df475ad0,1156410100,1992,smmo6.yiyaofk120.com/zt/qdrlyy/*
4a0289303f667130d364dc82df475ad0,1156410100,220,rl.mzsdfk120.com/*
4a0289303f667130d364dc82df475ad0,1156410100,17,3g.mzsd120.com/zt/rlsj180721/*
4a0289303f667130d364dc82df475ad0,1156410100,21,3g.mzsd120.com/zt/zxy180706/*
4a0289303f667130d364dc82df475ad0,1156410100,37,3g.mzsdfk120.com/zt/rl_180519/*
4a0289303f667130d364dc82df475ad0,1156410100,19,sg.zztjyy120.com/rdzt/20180723/*
4a0289303f667130d364dc82df475ad0,1156410100,584,sg.zzzykdrl.com/*
4a0289303f667130d364dc82df475ad0,1156410100,59,sg.zztjyy120.com/*
4a0289303f667130d364dc82df475ad0,1156410100,2,sg.zztjyyfk.com/*
4a0289303f667130d364dc82df475ad0,1156410100,2,sg.zhengzhoutongjiyiyuan.com/*
4a0289303f667130d364dc82df475ad0,1156410100,329,3gsg.zzwcbj.com/*
4a0289303f667130d364dc82df475ad0,1156410100,217,3g.mzsd120.com/*
4a0289303f667130d364dc82df475ad0,1156410100,458,3g.mzsdfk120.com/*
4a0289303f667130d364dc82df475ad0,1156410100,366,sgmo4.yiyaofk120.com/*
4a0289303f667130d364dc82df475ad0,1156410100,1,sgmo6.0371yyfs.com/*
4a0289303f667130d364dc82df475ad0,1156410100,2893,smmo6.yiyaofk120.com/*
4a0289303f667130d364dc82df475ad0,1156410100,1850,smmo.yyyfuke120.com/*
4a0289303f667130d364dc82df475ad0,1156410100,1824,smmo.yyy120fk.com/*
4a0289303f667130d364dc82df475ad0,1156410100,389,smzx.zzyyfuke120.com/*
4a0289303f667130d364dc82df475ad0,1156410100,401,sgmo.fsyyfk.com/*
4a076af155273beb4bda181a7457ab91,1156410100,1,wap.zztjyiyuan.com/rdzt/20180723/*
4a076af155273beb4bda181a7457ab91,1156410100,2,wap.zztjyiyuan.com/*
4a1bc9e36ebcc421e2cc8ebfb6700e44,1156410300,1,sg.zzzykdrl.com/*
4a1bc9e36ebcc421e2cc8ebfb6700e44,1156410300,12,sg.zykeda.com/*
4a46b9da2b8a47064f64896f5b9361a1,1156410400,2,sg.zykeda.com/*
4a46b9da2b8a47064f64896f5b9361a1,1156410400,20,sm.zzzykdrl.com/*
4ab5884d740506ca626e22ce16b75691,1156410100,15,smmo6.yiyaofk120.com/*
4b2a9504879d48b89dea262f28ac6be9,1156411700,1,sg.zztjyy120.com/*
4b34b269f70c6db74e7f8d2a146377a9,1156410100,38,rl.mzsdfk120.com/*
4b34b269f70c6db74e7f8d2a146377a9,1156410100,7,m.zztjbyby.com/*
4b5335ab752770c563cadde2060b8e4e,1156410100,1,smmo.yyyfuke120.com/*
4bc900e793457d10b10c87d78f22a79c,1156411700,1,m.zztjby120.com/*
4beabbc4115ae1ab1ec6be8678b9dacd,1156411300,1,smmo.yyyfuke120.com/*
4cc50f3787e59cb47badb2e25c867c9a,1156411300,17,3g.mzsd120.com/*
4cf6382f04c75f3e710ad01999354af2,1156410300,3,m.65621111.com/*
4e22ce6da628a4c4de1567af29742004,1156411000,3,m.zztongjiyiyuan.com/*
4ec7fa2584f20a8210ae3b3a8583859d,1156411400,1,sg.zykeda.com/*
4ed3fd7cdc175482eb4f7092598f78cc,1156410300,45,m.65621111.com/*
4ee4dccfcc2ecb7de545ac44cdba1f60,1156410100,1,sgmo6.0371yyfs.com/*
4ef47f2aeca842a537ca26105d7cd538,1156410100,18,smmo.hnzzxsj.com/*
4f19994b4cb00198297feb70f4b95c18,1156410800,1,smmo.yyyfuke120.com/*
4f412c6bc652d970295b2901302112d0,1156411500,5,m.zztongjiyiyuan.com/*
4f692c4b07c50a72e1d0797f7e7ad38f,1156411700,9,rl.mzsdfk120.com/*
4faf85ecf57e26094d647ddef4c0e964,1156410500,7,sg.zzzykdrl.com/*
4faf85ecf57e26094d647ddef4c0e964,1156410500,1,sg.zykeda.com/*
4feb149495f02aec4ecd8b76f4a9b2a7,1156411700,29,3gsg.zzwcbj.com/*
50289759ab28a6fcdd97f06f9553c973,1156410100,1,wap.zztjyiyuan.com/*
51129c1313fc31f3af2f090638b51b1b,1156410100,1,sm.zzcjzy120.com/*
51146269f364d893a54bc372ab3d5808,1156411200,1,m.zztongjiyiyuan.com/*
51ae6388fbf6314fe03f1b90032aa659,1156411400,1,3g.mzsdfk120.com/*
51c0ff46d3c37fd87f2844756981a2c4,1156410100,11,sm.zzzykdrl.com/*
5275737a5dae23283856ee1cd9649e82,1156410500,3,sg.zykeda.com/*
528ab9a3acdbd69683f0f6167b916da5,1156411400,1,sg.zykeda.com/*
52be10376649b162747294e7e35d6acf,1156410600,1,m.zztjby120.com/*
534032e6064dfd3db427fe4408d754fb,1156130400,12,sgmo6.0371yyfs.com/*
5390a2a94bfd08f242f2e354c59ae234,1156410100,27,sgmo.0371zzxsj.com/zt/zy2/*
5390a2a94bfd08f242f2e354c59ae234,1156410100,42,sgmo.0371zzxsj.com/*
53b6ab5fb66f8a016316d73b5ef0797b,1156411200,25,sgmo.0371zzxsj.com/zt/zy2/*
53b6ab5fb66f8a016316d73b5ef0797b,1156411200,43,sgmo.0371zzxsj.com/*
53b6ab5fb66f8a016316d73b5ef0797b,1156411200,7,sgmo4.yiyaofk120.com/*
540e1c4169d85a4553104e238f09184d,1156410100,1,m.zztongjiyiyuan.com/*
541e4bb59dca6868363bb78399c9455d,1156411000,1,smmo.hnzzxsj.com/*
550e3a6df7851cfe926a7dd6bb8c4df4,1156410600,1,sg.zykeda.com/*
550e3a6df7851cfe926a7dd6bb8c4df4,1156410600,1,sm.zzzykdrl.com/*
5589300b3c252ba825a768758d5c75e8,1156410700,1,wap.zztjyiyuan.com/rdzt/20180723/*
5589300b3c252ba825a768758d5c75e8,1156410700,1,wap.zztjyiyuan.com/*
55a4e072c112dba520c1d215732ac9ba,1156410300,15,sgmo.120zzxsj.com/*
55d145e67bf8dc61b76ff183f6767c15,1156411700,86,smmo.yyy120fk.com/*
55f38ef9a3ea81e09ed376a147d07639,1156410100,1,sg.zykeda.com/*
56688b31c702375ef342e91c7d609853,1156410100,1,smmo.yyyfuke120.com/*
566cacf7ee09c54c102090079a66ab8a,1156410100,1,sm.zzzykdrl.com/*
56c40ff3bcc55b85235c7612fdbab4c8,1156410100,11,3g.mzsdfk120.com/*
5758c0247916fd5636f72b68d3e3b782,1156441800,1,sg.zykeda.com/*
575a65626b3c09c563e5fbbed319e742,1156410200,21,smmo.0371zzxsj.com/*
575b4012325cd9c2b8ad63f54ce31a4d,1156410100,8,sgmo4.yiyaofk120.com/*
577aff73194ec1986ac084ca6f9dd90a,1156411400,83,sgmo.fsyyfk.com/*
57c4a33f34fb684250ea3ce66eaa1ef3,1156410100,1,wap.zztjyiyuan.com/rdzt/20180723/*
57c4a33f34fb684250ea3ce66eaa1ef3,1156410100,1,wap.zztjyiyuan.com/*
5837b2ba40657435ecf157cdf8915e51,1156410100,12,3g.mzsdfk120.com/*
584988dc1af032fa9f499b83904352e4,1156410100,1,sg.zykeda.com/*
59762fa47273454d50274ec621309efb,1156410100,13,sgmo4.yiyaofk120.com/*
59a741e6dffaf2f151657b7657821e31,1156430100,1,sgmo6.0371yyfs.com/*
5a6ed18ab26b5670e7ab163ff4a75ebb,1156411600,55,smmo.0371zzxsj.com/*
5a77b69d722dad8f7e6db2a5e2afa0fd,1156410100,1,sg.zztjyy120.com/*
5a78909f9a4a48626c5ae4f315dbe4e7,1156411100,11,3g.mzsdfk120.com/*
5a78909f9a4a48626c5ae4f315dbe4e7,1156411100,16,smmo.yyyfuke120.com/*
5a78909f9a4a48626c5ae4f315dbe4e7,1156411100,14,smmo.fsyyfk.com/*
5ac1699031a70a5bf9ce10950976e95f,1156411200,1,sg.zykeda.com/*
5b2534ff125d0748280ab09eb3137a8c,1156411300,1,sg.zykeda.com/*
5b5f889c4b7565f19a3b6ce2cfbf3e0f,1156410500,8,m.65621111.com/*
5b634421fd52091ae8d7ff67fafc4a3b,1156330400,4,sgmo.120zzxsj.com/*
5ba7ec6a3a666da271a9b8982d59f85b,1156460100,12,sgmo.120zzxsj.com/*
5bc0688d72c5210eec533798a8131742,1156410100,2,sg.zykeda.com/*
5cf2d8ae6445352f1a5d885994b31776,1156410500,10,sgmo.fsyyfk.com/*
5d48e6a85fc1aa3b299c3f25de066e7f,1156411500,2,sg.zykeda.com/*
5d48e6a85fc1aa3b299c3f25de066e7f,1156411500,6,sm.zzzykdrl.com/*
5d85b915493bc8bd16eb69c9964b6ff3,1156410100,5,m.zztjby120.com/*
5d96f5de3c7401a60537c9e8deb1d916,1156410100,1,wap.zztjyiyuan.com/rdzt/20180723/*
5d96f5de3c7401a60537c9e8deb1d916,1156410100,2,wap.zztjyiyuan.com/*
5d98d43b2e7468b87052712b535f3fff,1156410300,13,sg.zykeda.com/*
5d9c009d11a2874afdbfe0ccdb83c3a3,1156410100,53,smmo.120new.com/*
5dc4a59cc9ef06d9ac1fc27370bcfe61,1156410100,1,sg.zykeda.com/*
5dfd6fadc6f574e3338323fa950d69c8,1156410100,45,smmo.hnzzxsj.com/*
5e1035de749eef751e198b641ac5c59b,1156410100,1,sg.zykeda.com/*
5e1705442e41b8230d86fee5aaf72f75,1156411700,1,smmo.120new.com/*
5e835be40ed2f8410f284d3350f529fc,1156411000,22,smmo.yyy120fk.com/*
5f34a6c74c532a07843e1b497c9abd36,1156411700,8,smmo4.0371yyfs.com/zt/zyzx/*
5f34a6c74c532a07843e1b497c9abd36,1156411700,1,sg.zykeda.com/*
5f34a6c74c532a07843e1b497c9abd36,1156411700,19,3g.mzsd120.com/*
5f34a6c74c532a07843e1b497c9abd36,1156411700,12,smmo4.0371yyfs.com/*
5f34a6c74c532a07843e1b497c9abd36,1156411700,12,sm.zzzykdrl.com/*
5fdb4591f7b0aabdf4c85131f7b35877,1156411300,1,m.zztongjiyiyuan.com/*
60100b231444fb171823a767ac0672f1,1156411600,6,m.zztjbyby.com/*
602a321072dcb4384c6dea968ac64387,1156411400,1,sg.zykeda.com/*
602a321072dcb4384c6dea968ac64387,1156411400,12,sm.zzzykdrl.com/*
60b9100f15652cd12377a52470765154,1156410200,1,sg.zykeda.com/*
60ceab9e2afa12f0e4d798ab71c2725f,1156411700,218,sgmo6.0371yyfs.com/zt/qdrlyy/*
60ceab9e2afa12f0e4d798ab71c2725f,1156411700,2062,smmo6.yiyaofk120.com/zt/qdrlyy/*
60ceab9e2afa12f0e4d798ab71c2725f,1156411700,174,rl.mzsdfk120.com/*
60ceab9e2afa12f0e4d798ab71c2725f,1156411700,42,3g.mzsd120.com/zt/zxy180706/*
60ceab9e2afa12f0e4d798ab71c2725f,1156411700,68,3g.mzsdfk120.com/zt/rl_180519/*
60ceab9e2afa12f0e4d798ab71c2725f,1156411700,21,sg.zztjyy120.com/rdzt/20180723/*
60ceab9e2afa12f0e4d798ab71c2725f,1156411700,617,sg.zzzykdrl.com/*
60ceab9e2afa12f0e4d798ab71c2725f,1156411700,61,sg.zztjyy120.com/*
60ceab9e2afa12f0e4d798ab71c2725f,1156411700,2,sg.zhengzhoutongjiyiyuan.com/*
60ceab9e2afa12f0e4d798ab71c2725f,1156411700,240,3gsg.zzwcbj.com/*
60ceab9e2afa12f0e4d798ab71c2725f,1156411700,545,3g.mzsd120.com/*
60ceab9e2afa12f0e4d798ab71c2725f,1156411700,446,3g.mzsdfk120.com/*
60ceab9e2afa12f0e4d798ab71c2725f,1156411700,465,sgmo4.yiyaofk120.com/*
60ceab9e2afa12f0e4d798ab71c2725f,1156411700,308,sgmo6.0371yyfs.com/*
60ceab9e2afa12f0e4d798ab71c2725f,1156411700,3069,smmo6.yiyaofk120.com/*
60ceab9e2afa12f0e4d798ab71c2725f,1156411700,1741,smmo.yyyfuke120.com/*
60ceab9e2afa12f0e4d798ab71c2725f,1156411700,2355,smmo.yyy120fk.com/*
60ceab9e2afa12f0e4d798ab71c2725f,1156411700,277,smzx.zzyyfuke120.com/*
60ceab9e2afa12f0e4d798ab71c2725f,1156411700,275,sgmo.fsyyfk.com/*
615b1c6c868d9871724e195b0fe0b328,1156410400,65,smzx.zzyyfuke120.com/*
630ab23e16080a2d3491c3b351eaada6,1156411400,1,sg.zykeda.com/*
639f5557e5ffae5937b898e003547c93,1156410200,2,sm.zzcjzy120.com/*
639f5557e5ffae5937b898e003547c93,1156410200,2,m.zztjby120.com/*
64106f5dee6873cd357d9d77259770d8,1156410300,1,smmo.0371zzxsj.com/*
64146ec5d111442489c0357793919af7,1156411300,5,m.zztjby120.com/*
64146ec5d111442489c0357793919af7,1156411300,6,m.zztjbyby.com/*
64579a668d8a3941cc82f4c2ff530eb7,1156411600,37,smmo.hnzzxsj.com/*
64aaa139540c8213189a8007d570f763,1156410200,7,sgmo6.0371yyfs.com/zt/zyzx/*
64aaa139540c8213189a8007d570f763,1156410200,8,sgmo6.0371yyfs.com/*
64dc3d9f84528c2a483bcbdc5b71c0c6,1156411500,11,sgmo.120zzxsj.com/*
6574e54928158d315e6022561614dedc,1156410900,2,sg.zhengzhoutongjiyiyuan.com/*
6574e54928158d315e6022561614dedc,1156410900,14,sgmo6.0371yyfs.com/*
65897dd3946172bbd609e81891950948,1156410300,25,sgmo.0371zzxsj.com/zt/zy2/*
65897dd3946172bbd609e81891950948,1156410300,41,sgmo.0371zzxsj.com/*
66652f98a7e8d93f23a29d66a2b798c4,1156411500,1,3g.mzsdfk120.com/*
668598686b70be6948427c906e20bae9,1156410100,1,smmo.fsyyfk.com/*
66dbc09840aac6f85d1dd524e33c0e70,1156410700,1,smmo.yyyfuke120.com/*
672ab6f26a3f2e3bcbd22a7c456d6600,1156410200,2,sg.zykeda.com/*
672ab6f26a3f2e3bcbd22a7c456d6600,1156410200,12,sm.zzzykdrl.com/*
67392a7efb6fb2cba0db21641d6402e8,1156411300,11,smmo.yyyfuke120.com/*
67392a7efb6fb2cba0db21641d6402e8,1156411300,26,smmo.fsyyfk.com/*
67392a7efb6fb2cba0db21641d6402e8,1156411300,39,smmo.yyy120fk.com/*
6756ff0fb7469cfdc8d904e9e183bbf7,1156411300,52,smmo.hnzzxsj.com/*
67ba35a693b1d44803ab6778c5c1504b,1156411400,1,smmo.hnzzxsj.com/*
67ba35a693b1d44803ab6778c5c1504b,1156411400,1,smmo.0371zzxsj.com/*
68ae2bea97af09b0579f0baf291d1fd1,1156410100,1,sg.zhengzhoutongjiyiyuan.com/*
68ae2bea97af09b0579f0baf291d1fd1,1156410100,20,3gsg.zzwcbj.com/*
68c921b2eb0cadcd9aefd17c7d2b5ada,1156410100,1,wap.zztjyiyuan.com/*
697131688d0f35c1849cc23892ff2aa7,1156411400,7,m.65621111.com/*
69a93b98b9032551243a589d82d81149,1156411400,3,m.zztjby120.com/*
69bac6d6635674709e37a713a51d9f5d,1156411500,1,sg.zykeda.com/*
69cf37107f8c9284cdf84504f837a349,1156410100,5,m.zztongjiyiyuan.com/*
6aa76659ef4cd35c526b6764a8fe5bd8,1156411200,1,sg.zykeda.com/*
6ab0d5194682ee2a336e182195969908,1156411300,14,smmo6.yiyaofk120.com/*
6acdbe1dbc3382687c39bcb7ccebe42c,1156410400,3,m.65621111.com/*
6acdbe1dbc3382687c39bcb7ccebe42c,1156410400,14,sg.zykeda.com/*
6acdbe1dbc3382687c39bcb7ccebe42c,1156410400,6,m.zztjbyby.com/*
6acdbe1dbc3382687c39bcb7ccebe42c,1156410400,30,m.zztlyy120.com/*
6b1b141b2db234f38bef988dfbc1d2b7,1156410300,64,smmo.0371zzxsj.com/*
6b22669f2644936fb26e16ddb70f8364,1156411000,1,5g.zztongjiyy.com/*
6b47f43344529bc53f700c2c19b7d293,1156411500,1,m.zztjby120.com/*
6b47f43344529bc53f700c2c19b7d293,1156411500,1,m.zztjbyby.com/*
6b4c5dd631c26a57e96ddd52763a450d,1156410100,1,sg.zykeda.com/*
6b5f023d62dafafb8cf1be01920c8669,1156411700,47,smmo.hnzzxsj.com/*
6b76cb501f2b451d12f5e2f4e0b302b8,1156410400,7,sgmo.120new.com/*
6b90091fbd728cc1129ab92a03346e6e,1156411400,68,smmo.fsyyfk.com/*
6ba43973699e900b255073e4b666f1f0,1156410100,31,smmo.120new.com/zt/rl5/*
6ba43973699e900b255073e4b666f1f0,1156410100,2,sg.zykeda.com/*
6ba43973699e900b255073e4b666f1f0,1156410100,48,smmo.120new.com/*
6ba43973699e900b255073e4b666f1f0,1156410100,12,sm.zzzykdrl.com/*
6be9542a9fe2765022c919cb73cf8e18,1156410100,4,5g.zztongjiyy.com/*
6c69bb67de0db7c262981f061ee63dc7,1156411600,1,3g.mzsd120.com/*
6c7cd7fcb405d6a8ae882e3d5cf2c508,1156411600,31,3g.mzsd120.com/*
6c827baea4159cfbc6765e3b0adc5fb9,1156411300,2,sgmo.120zzxsj.com/*
6cc1c43539aef42d554e60d60e0a6dea,1156411600,1,sg.zykeda.com/*
6cd8a127ee24af9f6f5b0d16c0b3dc5b,1156410100,1,wap.zztjyiyuan.com/rdzt/20180723/*
6cd8a127ee24af9f6f5b0d16c0b3dc5b,1156410100,2,wap.zztjyiyuan.com/*
6d433e6cccc8e62e08f2319fcfe45b52,1156411600,1,wap.zztjyiyuan.com/rdzt/20180723/*
6d433e6cccc8e62e08f2319fcfe45b52,1156411600,1,wap.zztjyiyuan.com/*
6d4c33e4d20c03ed80323963e434b435,1156410100,1,3g.mzsdfk120.com/*
6d4c33e4d20c03ed80323963e434b435,1156410100,1,sm.zzzykdrl.com/*
6e561594ccfb841f0f0460f9d951a007,1156411400,2,rl.mzsdfk120.com/*
6e836e7cab0110a1c1fd46f5204e928c,1156410100,1,wap.zztjyiyuan.com/*
6ef3c7557fc34ace8db298d15cf76874,1156411100,1,sg.zykeda.com/*
6ef7cfac6b85d4c6d0649566fdb25661,1156410300,6,m.zztjbyby.com/*
6f71f05a860e5ad033aea10018d5075d,1156410100,10,sg.zzzykdrl.com/*
6f71f05a860e5ad033aea10018d5075d,1156410100,1,sg.zykeda.com/*
6f93eb5f93fc2bd9b086cddc4b2905fc,1156410100,1,sg.zykeda.com/*
6fa4359dc56c8f7c30ec8c3ba7faed0f,1156410100,1,sg.zykeda.com/*
6fa4359dc56c8f7c30ec8c3ba7faed0f,1156410100,33,3gsg.zzwcbj.com/*
7031f871a8ac6dce2a34ace9c61719cf,1156411700,3,m.65621111.com/*
703ce4a0f63a24b5f36b90bb98243716,1156410100,1,sg.zykeda.com/*
703ce4a0f63a24b5f36b90bb98243716,1156410100,7,sgmo4.yiyaofk120.com/*
707cb1ba099349fe029241cb5643d32e,1156410100,10,3g.mzsd120.com/*
72379c9b396f6a94e65f72ab2ef431c7,1156411700,1,wap.zztjyiyuan.com/rdzt/20180723/*
72379c9b396f6a94e65f72ab2ef431c7,1156411700,2,wap.zztjyiyuan.com/*
724e56b593dc111e81aa7489c91ad0f4,1156410100,63,smmo.hnzzxsj.com/*
724e56b593dc111e81aa7489c91ad0f4,1156410100,13,smmo.fsyyfk.com/*
7286228005b090e16049d011d99072b4,1156411400,29,m.zztlyy120.com/zt/tty/*
7286228005b090e16049d011d99072b4,1156411400,31,m.zztlyy120.com/*
7292a0d4a1fdc110377ac1b548e7ee4f,1156410100,1,sg.zykeda.com/*
7292a0d4a1fdc110377ac1b548e7ee4f,1156410100,1,smmo.fsyyfk.com/*
7292a0d4a1fdc110377ac1b548e7ee4f,1156410100,1,sm.zzzykdrl.com/*
72e4e2031fda1ff2d91d241cd3b774e8,1156350200,12,sgmo.120zzxsj.com/*
7328a1c850ea2288a72a6e62dbac45eb,1156411700,1,m.zztongjiyiyuan.com/*
737175117764b1974b90ca329b7c4ee7,1156410400,1,sm.zzzykdrl.com/*
73a152f615c00a873d1b25b4895b5b65,1156410100,10,sg.zzzykdrl.com/*
73e138870de98c047ca7e714b25a3871,1156410800,13,smmo6.yiyaofk120.com/*
741606fc833f0b90b267627e4ad2aeb5,1156411200,3,m.65621111.com/*
743d7e5a93a224b78db709febad08f9f,1156410300,2,rl.mzsdfk120.com/*
7488661712ee6132978149998e0e3012,1156410500,1,3g.mzsdfk120.com/*
74b15b7b2f26e5d583dede8373bc7d24,1156410100,1,3g.mzsdfk120.com/*
752c50fd0d98d404f0bf1216ee2ba673,1156411400,3,5g.zztongjiyy.com/*
753389209166deb53570af0a3ed13970,1156411700,7,m.zztongjiyiyuan.com/*
75dc587596c793b572a34ac1317beb4f,1156411400,36,sgmo.120zzxsj.com/*
76858b24c39b8ec5067c5055f7803477,1156410500,1,wap.zztjyiyuan.com/*
76858b24c39b8ec5067c5055f7803477,1156410500,1,3g.mzsdfk120.com/*
76aca3725994e57b1ca0b476f62ad4a5,1156410100,4,m.zztjbyby.com/*
76f99c6bc7c68f54c4be7710c32ed5a2,1156410100,1,wap.zztjyiyuan.com/*
7704cddaca56579c5f97837da1ad926c,1156411000,1,sg.zztjyy120.com/*
7719a6e65711e89df2fc5db823dd35e9,1156410100,27,sgmo.0371zzxsj.com/*
77be812c86ac275fdda2d800d7a7a268,1156410300,1,sm.zzzykdrl.com/*
7823c99bc60c529c6adf794c8de3bd24,1156410500,1,sg.zykeda.com/*
78fbbea686bd7f9f513ce9d92ec616bb,1156411500,1,m.zztongjiyiyuan.com/*
799fbd101a99f4afee71203ca1391c0d,1156411400,25,m.65621111.com/*
79a16608f1e3f7736b7ea47f2958706a,1156410800,1,m.zztjby120.com/*
7a03358f2006f3f5a5fe108418c0df16,1156410100,5,5g.zztongjiyy.com/*
7a19b5b09b6e3d99e32cba2c9060836c,1156410800,17,smmo.yyyfuke120.com/*
7ab9e9cb968e10f732486ceb30d9f0ef,1156410300,58,smmo.0371zzxsj.com/*
7ae8c437e6b64bbd12427b52ccda7ac7,1156410100,1,wap.zztjyiyuan.com/*
7b242c2c0217bd3612b693589cc588e9,1156411300,2,sg.zhengzhoutongjiyiyuan.com/*
7b4ddeaf17775ed353f5b1660ddd7b67,1156410400,1,wap.zztjyiyuan.com/rdzt/20180723/*
7b4ddeaf17775ed353f5b1660ddd7b67,1156410400,2,wap.zztjyiyuan.com/*
7b4ddeaf17775ed353f5b1660ddd7b67,1156410400,14,smmo.yyyfuke120.com/*
7b569a45705647e665d34fe66d5c3582,1156411300,1,m.zztongjiyiyuan.com/*
7b59485e15df568699882e2cbb3aed58,1156410300,3,m.zztongjiyiyuan.com/*
7bad63c41da3335933545c06d5892c46,1156411700,9,sgmo.120zzxsj.com/*
7bdd37c7ec9ff2eaf9d1c64eb027b097,1156410300,46,smmo.hnzzxsj.com/*
7bdd37c7ec9ff2eaf9d1c64eb027b097,1156410300,45,smmo.0371zzxsj.com/*
7cf9595c1a137cba8791a6fa5b6d8cdc,1156411600,13,smmo6.yiyaofk120.com/*
7d5c03a643b6ca31df1aa4e2da9c7711,1156410200,1,smmo4.0371yyfs.com/*
7d9d9981016c6665278bd3096a4a5614,1156410100,50,m.65621111.com/*
7e57c2ed87c006b66ba6ea59592ecd3d,1156410100,1,sg.zykeda.com/*
7f2591e61877cc109336e4dc0886ab7d,1156411500,1,m.zztongjiyiyuan.com/*
7f7c671f3ddaa657761a4cdc9f883de3,1156411600,52,m.65621111.com/*
7f93341ff07f51c06b1d7f95f31f6176,1156410100,2,sg.zykeda.com/*
8096e38472ff43cef6ec4942b039f765,1156410100,2,sg.zykeda.com/*
80efc972787376950b3b71f85aa22483,1156411700,49,smmo.hnzzxsj.com/*
823b922921e66b7ab9e630e4a13386a3,1156411600,1,sg.zykeda.com/*
82a7e1e478704f76eff1d0d9bbec5559,1156410100,7,m.zztongjiyiyuan.com/*
82f06a554de1618be4da12c337e7551c,1156410200,5,m.zztjby120.com/*
83aee40eefc2b7e9c20f67e6da8c1148,1156410600,1,sg.zykeda.com/*
83ba47c7c19ba4efd6ba84186c97b64e,1156410400,2,m.65621111.com/*
83c93790123c88f6ccefca991864bad6,1156420900,7,m.zztongjiyiyuan.com/*
841edd19a22fe1adceea3c3abe627e65,1156410800,1,smmo.yyyfuke120.com/*
843e47ea6b5e5411692da350137a5e0d,1156410600,1,wap.zztjyiyuan.com/rdzt/20180723/*
843e47ea6b5e5411692da350137a5e0d,1156410600,2,wap.zztjyiyuan.com/*
84b8a6ba9d52185295937fb116e7562e,1156450100,11,smmo6.yiyaofk120.com/*
84e5daea2b022f14c2f6117cb63f1d6c,1156410400,5,sg.zykeda.com/*
84e5daea2b022f14c2f6117cb63f1d6c,1156410400,12,sm.zzzykdrl.com/*
85417b63df4305e996e1d8d80beb63fe,1156410100,2,wap.zztjyiyuan.com/*
85cd062f5913fb2bc19e8b896b89a312,1156411300,1,sg.zykeda.com/*
85e1e07f7fdd7c0e940c1fa909347d33,1156420200,1,sg.zykeda.com/*
86242057ce4d624f0dc262b6deeb2cd3,1156411700,19,3gsg.zzwcbj.com/*
86ebd330bd8f5c0d66c8b90da9114452,1156451400,1,sgmo.fsyyfk.com/*
870bf1fb6296d8fe87768425dcbee794,1156411300,1,smmo.yyyfuke120.com/*
8716099a6377c8e25fcc577098a4c222,1156410100,9,sgmo.120zzxsj.com/*
872a09afdc65dd3a0391e8afda881a25,1156410800,2,sg.zhengzhoutongjiyiyuan.com/*
8762bb5fc1dfab558e3c44df6e69f138,1156411300,26,sgmo.0371zzxsj.com/zt/zy2/*
8762bb5fc1dfab558e3c44df6e69f138,1156411300,42,sgmo.0371zzxsj.com/*
8772cc893d16a162913adb14274af9dd,1156411000,1,sg.zykeda.com/*
8831939740071f1d4d78af300b41ef51,1156410300,16,sgmo.120new.com/*
883b0e27ec81c7dfd893e9b74885659e,1156410500,1,sg.zztjyy120.com/rdzt/20180723/*
883b0e27ec81c7dfd893e9b74885659e,1156410500,2,sg.zztjyy120.com/*
887928bc92a5758f044bc763995ed584,1156410100,1,sgmo.fsyyfk.com/*
88bf8c6df6e1281249a6a5c0f11eb1bc,1156410100,1151,smmo6.yiyaofk120.com/zt/qdrlyy/*
88bf8c6df6e1281249a6a5c0f11eb1bc,1156410100,156,rl.mzsdfk120.com/*
88bf8c6df6e1281249a6a5c0f11eb1bc,1156410100,21,3g.mzsd120.com/zt/rlsj180721/*
88bf8c6df6e1281249a6a5c0f11eb1bc,1156410100,33,3g.mzsd120.com/zt/zxy180706/*
88bf8c6df6e1281249a6a5c0f11eb1bc,1156410100,9,3g.mzsdfk120.com/zt/rl_180519/*
88bf8c6df6e1281249a6a5c0f11eb1bc,1156410100,16,sg.zztjyy120.com/rdzt/20180723/*
88bf8c6df6e1281249a6a5c0f11eb1bc,1156410100,323,sg.zzzykdrl.com/*
88bf8c6df6e1281249a6a5c0f11eb1bc,1156410100,40,sg.zztjyy120.com/*
88bf8c6df6e1281249a6a5c0f11eb1bc,1156410100,72,3gsg.zzwcbj.com/*
88bf8c6df6e1281249a6a5c0f11eb1bc,1156410100,406,3g.mzsd120.com/*
88bf8c6df6e1281249a6a5c0f11eb1bc,1156410100,272,3g.mzsdfk120.com/*
88bf8c6df6e1281249a6a5c0f11eb1bc,1156410100,238,sgmo4.yiyaofk120.com/*
88bf8c6df6e1281249a6a5c0f11eb1bc,1156410100,2,sgmo6.0371yyfs.com/*
88bf8c6df6e1281249a6a5c0f11eb1bc,1156410100,1713,smmo6.yiyaofk120.com/*
88bf8c6df6e1281249a6a5c0f11eb1bc,1156410100,727,smmo.yyyfuke120.com/*
88bf8c6df6e1281249a6a5c0f11eb1bc,1156410100,1539,smmo.yyy120fk.com/*
88bf8c6df6e1281249a6a5c0f11eb1bc,1156410100,132,smzx.zzyyfuke120.com/*
88ed82ff9a4679a3c1700da7e87bb357,1156411100,2,sg.zykeda.com/*
8904173c4d846717ce288442a244a481,1156410300,11,smmo.yyy120fk.com/*
89065d5c8bf5d7f27f97ebd0bf893dfc,1156410100,9,sgmo.0371zzxsj.com/*
895e7ee7f8a1188a452a5d3c8c82583a,1156410400,1,m.65621111.com/*
895e7ee7f8a1188a452a5d3c8c82583a,1156410400,4,m.zztjby120.com/*
895e7ee7f8a1188a452a5d3c8c82583a,1156410400,4,m.zztjbyby.com/*
89ea635c2b5d73c124bca85c97309068,1156411600,2,smmo.120new.com/*
8a959b22d4f9e12265d9f5d11cc69d3d,1156410900,17,sgmo.120new.com/*
8b54bdb035b6a53e6c5ae9db9dba34d7,1156411700,28,sgmo.0371zzxsj.com/zt/zy2/*
8b54bdb035b6a53e6c5ae9db9dba34d7,1156411700,10,sg.zzzykdrl.com/*
8b54bdb035b6a53e6c5ae9db9dba34d7,1156411700,55,sgmo.0371zzxsj.com/*
8b9a73015e62ee8ee851d0a708ba58a3,1156410400,14,smmo6.yiyaofk120.com/*
8bfef0d3ef70aadb38decc2accadfb60,1156411600,2,sg.zykeda.com/*
8c27b62a0d278e25534a503bf52a687b,1156410100,1,sg.zztjyy120.com/*
8c2db87dfacc94d1dc429328f532846a,1156411700,1,smmo.fsyyfk.com/*
8c324a359ef42b8cee54440888d33cf2,1156411600,21,m.zztongjiyiyuan.com/*
8c58b92a4221e2f8c339f584d334284a,1156410300,1,m.zztongjiyiyuan.com/*
8ca3a2fe18b7858649fe3f4762123070,1156410100,1,sg.zykeda.com/*
8ca4c8965fac5a7fa0916c6ffb54d238,1156411600,10,sgmo.fsyyfk.com/*
8d5c80e3e036e2a36c2e94801e1b3543,1156410800,6,m.zztjby120.com/*
8d8d59af93c74cfdd3c41f8245b56fca,1156411700,10,smmo.fsyyfk.com/*
8d9e34535dee9194e05d8f1770f86022,1156411700,5,m.zztongjiyiyuan.com/*
8e377a2bbda2264035df018eb5fb3250,1156410100,1,sg.zykeda.com/*
8e57f87432a5633d7e064765c686cf12,1156411000,1,sg.zykeda.com/*
8e72e910edf3e95f4e1433180a5507f1,1156410400,1,smmo.120new.com/*
8e72e910edf3e95f4e1433180a5507f1,1156410400,3,3g.mzsdfk120.com/*
8eaf9b972477e1a1e4f520e12a54cfe3,1156411600,12,smmo.yyy120fk.com/*
8efe4fec5d08ee88f61ca376d9cf2c37,1156371700,1,5g.zztongjiyy.com/*
8f1b806d47186a5378e123ccdf50b49d,1156411300,1,sg.zykeda.com/*
8f48bc31c04ab78eb569d2c26dc2fcff,1156411600,31,3g.mzsd120.com/*
8fd4565836c71726a663a05634deb319,1156410900,1,wap.zztjyiyuan.com/rdzt/20180723/*
8fd4565836c71726a663a05634deb319,1156410900,1,wap.zztjyiyuan.com/*
8fd4565836c71726a663a05634deb319,1156410900,13,3g.mzsdfk120.com/*
8fd9179ab2e182cea90e149129cb99fa,1156411700,15,smmo4.0371yyfs.com/*
8fe68fa3e6f3aa44b8e4f5d78fa23eb0,1156410800,1,wap.zztjyiyuan.com/rdzt/20180723/*
8fe68fa3e6f3aa44b8e4f5d78fa23eb0,1156410800,1,wap.zztjyiyuan.com/*
90b4c798d2785e9af92d092dcad381dc,1156411000,1,sg.zykeda.com/*
91548e05c1d21310c4621d5581092173,1156410100,7,m.zztjby120.com/*
916d3cd06de274826ee1b5c1111fd227,1156410300,1,wap.zztjyiyuan.com/*
9226dbf2804dd73e4f6ef87b835b5cdd,1156411400,5,sgmo6.0371yyfs.com/zt/zyzx/*
9226dbf2804dd73e4f6ef87b835b5cdd,1156411400,31,sgmo6.0371yyfs.com/*
9251fa80928bfb33876c9df9f2283954,1156510100,1,sg.zykeda.com/*
92c1319facd2b657e203d7042e16a4de,1156410100,49,smmo.hnzzxsj.com/*
93154c9cdf42a63302287fb4fbfb44c1,1156410900,14,sgmo.120zzxsj.com/*
9583a6ee2415a21dde6759bf3ba2dafa,1156411600,5,3gsg.zzwcbj.com/zt/zy_swt/*
9583a6ee2415a21dde6759bf3ba2dafa,1156411600,6,3gsg.zzwcbj.com/*
965f9524dba7c7ec5e6e053e768fa316,1156410300,1,smmo.fsyyfk.com/*
96d9529935b9274a90c5deb2d62741b8,1156411200,1,sg.zztjyy120.com/rdzt/20180723/*
96d9529935b9274a90c5deb2d62741b8,1156411200,2,sg.zztjyy120.com/*
972802b527157b2462572bade635eaf9,1156410500,5,m.zztongjiyiyuan.com/*
9769df686576303726a7eb6a01767495,1156410300,10,sgmo.fsyyfk.com/*
9778ce4da9f626a3dac25b9791a0f1ed,1156410100,1,sgmo.120zzxsj.com/*
97d5f840a1d1302033ef925fb61ebdc9,1156410100,55,m.65621111.com/*
97d5f840a1d1302033ef925fb61ebdc9,1156410100,5,m.zztjby120.com/*
97ec666fd6c84997e36e985598f635d1,1156410100,1,smmo.yyyfuke120.com/*
9824bbd459686089120471a38a7b748e,1156410100,1,sg.zykeda.com/*
9824bbd459686089120471a38a7b748e,1156410100,12,sm.zzzykdrl.com/*
9875c58ccd70fdbaf33c3be3c6a6c273,1156410100,1,m.65621111.com/*
98fe407c4667d130311d9af0823c3532,1156410100,1,3g.mzsd120.com/*
9902cf674eb2d67378691ba0da87517c,1156411700,1,sg.zykeda.com/*
99119a83a5eed35776a79c238a7ffa5c,1156410100,1,sgmo.120zzxsj.com/smzt/jhsy/*
99119a83a5eed35776a79c238a7ffa5c,1156410100,19,smmo.0371zzxsj.com/zt2017/rlyy/*
99119a83a5eed35776a79c238a7ffa5c,1156410100,10,3g.mzsd120.com/zt/zxy180706/*
99119a83a5eed35776a79c238a7ffa5c,1156410100,67,sg.zzzykdrl.com/*
99119a83a5eed35776a79c238a7ffa5c,1156410100,588,sg.zykeda.com/*
99119a83a5eed35776a79c238a7ffa5c,1156410100,46,sgmo.0371zzxsj.com/*
99119a83a5eed35776a79c238a7ffa5c,1156410100,99,smmo.hnzzxsj.com/*
99119a83a5eed35776a79c238a7ffa5c,1156410100,131,sgmo.120new.com/*
99119a83a5eed35776a79c238a7ffa5c,1156410100,49,sgmo.120zzxsj.com/*
99119a83a5eed35776a79c238a7ffa5c,1156410100,201,smmo.120new.com/*
99119a83a5eed35776a79c238a7ffa5c,1156410100,267,smmo.0371zzxsj.com/*
99119a83a5eed35776a79c238a7ffa5c,1156410100,18,sg.zztjyy120.com/*
99119a83a5eed35776a79c238a7ffa5c,1156410100,17,3g.mzsd120.com/*
99119a83a5eed35776a79c238a7ffa5c,1156410100,32,sm.zzzykdrl.com/*
99c0578386e481dc8ed99bf8cba372c1,1156411700,2,sg.zykeda.com/*
99c0578386e481dc8ed99bf8cba372c1,1156411700,9,sm.zzzykdrl.com/*
99e1de141258ac8974816e7a4c6bfa6b,1156411000,12,smmo6.yiyaofk120.com/*
9a109808e27a689859eee8092d46a0d9,1156410200,9,sgmo.fsyyfk.com/*
9afd953ae62d273661adda738ea4c5e1,1156410400,84,smmo.yyyfuke120.com/*
9b165c7369d95b28e1c70675a82f9852,1156410300,5,3g.mzsdfk120.com/*
9c03339ab6ff95715421ea6dea09a7b6,1156410100,1,5g.zztongjiyy.com/*
9c4916687498e8487611125ee7857d3f,1156410800,9,smmo4.0371yyfs.com/zt/zyzx/*
9c4916687498e8487611125ee7857d3f,1156410800,88,smmo4.0371yyfs.com/*
9c50bcb41e08081b8175a3b9d95dc851,1156410100,1,wap.zztjyiyuan.com/*
9c50bcb41e08081b8175a3b9d95dc851,1156410100,1,smmo.yyyfuke120.com/*
9d7b5b7e85472fd0edee599989ee09dd,1156410700,1,wap.zztjyiyuan.com/rdzt/20180723/*
9d7b5b7e85472fd0edee599989ee09dd,1156410700,1,wap.zztjyiyuan.com/*
9dae54aa87943c69ee03a5386042db3e,1156410100,1,sg.zztjyy120.com/rdzt/20180723/*
9dae54aa87943c69ee03a5386042db3e,1156410100,1,sg.zztjyy120.com/*
9e07eeab0d66bc15930481e8fa2f1d08,1156410100,11,sg.zzzykdrl.com/*
9e07eeab0d66bc15930481e8fa2f1d08,1156410100,12,sg.zykeda.com/*
9e7886bd067a458bb2049c0456dd1d0a,1156411100,3,m.65621111.com/*
9fac092f8b5c08e5e5373fd129acb80b,1156440300,7,m.zztongjiyiyuan.com/*
a07f2b12e746b24df43165ca345ff45e,1156410100,3,sg.zzzykdrl.com/*
a0db38bc025df2028c42829e48b59099,1156411700,1,wap.zztjyiyuan.com/*
a0ffad2c342bdb7c7d7c00277ded6003,1156411700,1,rl.mzsdfk120.com/*
a0ffad2c342bdb7c7d7c00277ded6003,1156411700,1,3g.mzsd120.com/*
a136b61732fb31d2e8a2bfee602db39a,1156410300,1,wap.zztjyiyuan.com/*
a142a0944345ae1efb7a067b331bcb7e,1156411400,1,sg.zykeda.com/*
a163ce84fe8075cdcee48022494af90e,1156410100,1,wap.zztjyiyuan.com/rdzt/20180723/*
a163ce84fe8075cdcee48022494af90e,1156410100,2,wap.zztjyiyuan.com/*
a1f3ffb06826557bd733aeb8aa9f804c,1156411500,23,sgmo6.0371yyfs.com/*
a2c069bb50b06d161f76aa5e8faeea21,1156370100,72,m.65621111.com/*
a2f6b3bb4062ed2ca060fe7cc58740d5,1156411300,1,sg.zztjyy120.com/*
a2f70e0c288bf50bbad4b76dc1fbde08,1156410100,5,5g.zztongjiyy.com/*
a3959cd998c7b8a49f341a89a95906e8,1156411600,1,3g.mzsdfk120.com/*
a4dc61adb1d589ac48c7d1d8414e5a00,1156410100,25,m.zztlyy120.com/zt/tty/*
a4dc61adb1d589ac48c7d1d8414e5a00,1156410100,27,m.zztlyy120.com/*
a500445933753d9f48ec9f97a00f63e3,1156411100,2,m.65621111.com/*
a5685eef91083140415be17a86ec55bd,1156411400,3,sg.zykeda.com/*
a5685eef91083140415be17a86ec55bd,1156411400,35,smmo.120new.com/*
a5685eef91083140415be17a86ec55bd,1156411400,5,m.zztjby120.com/*
a5685eef91083140415be17a86ec55bd,1156411400,12,3g.mzsdfk120.com/*
a5685eef91083140415be17a86ec55bd,1156411400,10,sm.zzzykdrl.com/*
a5725f3934b4f11aae7016bfa9eebd25,1156411500,1,smmo.fsyyfk.com/*
a58a3ecee3c6d445e750e713d3689c4e,1156410800,5,sgmo.120zzxsj.com/*
a5d76ac25b029d759a0dbf1e2088fb91,1156410100,1,sg.zykeda.com/*
a63481cc77e74c88c1261c843ffa0a08,1156410100,8,sgmo6.0371yyfs.com/*
a6881ba82a9882b76e6eb3604e9eea5f,1156410100,1,m.zztongjiyiyuan.com/*
a68927394a510d79efd5f27e86c8cc47,1156410300,1,m.65621111.com/*
a6a06f15ce936244fd7b9ff3e1313b3b,1156411400,1,wap.zztjyiyuan.com/*
a797ec36cde33ec001917dfd6f1630f8,1156411400,1,sm.zzzykdrl.com/*
a7c09b0664b2896db691483298a2a8d8,1156410100,1,sgmo4.yiyaofk120.com/*
a814cd7910790e495037fe77935452a6,1156411600,14,m.65621111.com/*
a814cd7910790e495037fe77935452a6,1156411600,40,m.5ufk.com/*
a814cd7910790e495037fe77935452a6,1156411600,12,smmo.yyyfuke120.com/*
a827543043805c67a80742a0e1f54f31,1156410100,13,sgmo.fsyyfk.com/*
a83967a82c387dff38b840eba91a51c0,1156411600,46,smmo.0371zzxsj.com/*
a83967a82c387dff38b840eba91a51c0,1156411600,13,smmo6.yiyaofk120.com/*
aa248754431759da39e5dc988873d91d,1156411700,5,sg.zykeda.com/*
aa627f0a2c84abfb1298083f61392ec7,1156410100,1,sg.zykeda.com/*
aaa05bf963d333b5a62bbb34c0d47fd4,1156411700,18,sgmo.0371zzxsj.com/*
aab10c31f2775ff768ee99a6cff68573,1156410100,1,sg.zykeda.com/*
ab00eb0ea368cb696c21a339f350f6e0,1156411400,1,smmo.yyyfuke120.com/*
ab2fbfb26dd869e59c0c79084ab9395d,1156420200,2,smmo.yyyfuke120.com/*
ab3fb3b1ce3157f6d371398e78b1195c,1156340100,1,wap.zztjyiyuan.com/rdzt/20180723/*
ab3fb3b1ce3157f6d371398e78b1195c,1156340100,1,wap.zztjyiyuan.com/*
ab8854515c10abbfbbea1d816bb3d4be,1156411700,1,sg.zykeda.com/*
ab9f9d17e95ab6f5a2955d6a90c8d358,1156110000,51,m.65621111.com/*
abc4190dd0ca416cdae0d0b6a28437c7,1156410700,1,sg.zykeda.com/*
abd6620bb9fe81701c05b808b1b770d2,1156410900,27,smmo.120new.com/zt/rl5/*
abd6620bb9fe81701c05b808b1b770d2,1156410900,49,smmo.120new.com/*
ac0655db8afe3a2789644a9c91e607e9,1156411400,1,sg.zykeda.com/*
ac0655db8afe3a2789644a9c91e607e9,1156411400,10,sm.zzzykdrl.com/*
ac6364661197fd63de0ab9b3306dc7a0,1156410100,5,m.65621111.com/*
ac6364661197fd63de0ab9b3306dc7a0,1156410100,1,m.5ufk.com/*
acc4b5ffc3dda52eb23895e1dba043c8,1156440100,1,sg.zykeda.com/*
ace0c141adbd863770f46dbfbb14231b,1156410800,1,sg.zykeda.com/*
ace90064d881f22f3bf7e34bafdb79f1,1156410100,9,sgmo.fsyyfk.com/*
acf144af834fd37e661371f9ca7c847c,1156410400,7,3g.mzsdfk120.com/*
add9844220523e4f46ddfb31e59f9264,1156410100,2,sg.zhengzhoutongjiyiyuan.com/*
add9844220523e4f46ddfb31e59f9264,1156410100,10,sgmo.fsyyfk.com/*
adddb917e9aef7afc894ac0150b7c9dd,1156410500,1,wap.zztjyiyuan.com/rdzt/20180723/*
adddb917e9aef7afc894ac0150b7c9dd,1156410500,1,sg.zykeda.com/*
adddb917e9aef7afc894ac0150b7c9dd,1156410500,2,wap.zztjyiyuan.com/*
adddb917e9aef7afc894ac0150b7c9dd,1156410500,2,smmo.fsyyfk.com/*
adddb917e9aef7afc894ac0150b7c9dd,1156410500,12,sm.zzzykdrl.com/*
ade1d11be6f754c9b7090748f680da86,1156410700,3,sgmo.0371zzxsj.com/*
adf74ae2cbf399ea07feaf8515a85475,1156410400,2,sg.zykeda.com/*
ae9510d266c9486defb32d080dc8c926,1156410800,8,sgmo4.yiyaofk120.com/*
af894537fbc28d3e96bc80d506974ee1,1156411500,1,sg.zykeda.com/*
b032b692039c8cd68ee8df147680da4b,1156410800,80,smmo.yyyfuke120.com/*
b04a1cafb158b0e881a5ff77d371efbc,1156411700,1,sg.zykeda.com/*
b0a178414c06bdacece6437a1937416e,1156411000,1,m.zztongjiyiyuan.com/*
b0aaf13b9b6b79e994fcc4b8c1ac64e0,1156410100,1,m.65621111.com/*
b0aaf13b9b6b79e994fcc4b8c1ac64e0,1156410100,19,m.zztlyy120.com/*
b0b40c9b7610e86b5f40a23c5cce5f98,1156411300,2,sg.zykeda.com/*
b0b40c9b7610e86b5f40a23c5cce5f98,1156411300,5,sm.zzzykdrl.com/*
b11c06ac92b07a0cb24d05d4150c2c50,1156410300,20,smmo.yyy120fk.com/*
b14bf5763c93c7824a1787d0a0441b04,1156411200,1,smmo.yyy120fk.com/*
b27907f4ffcffbcb96855aca76963d6e,1156410100,7,sg.zzzykdrl.com/*
b28b57b40154ecfc9ba7a58c66e2c0ff,1156411200,14,sgmo4.yiyaofk120.com/*
b28b57b40154ecfc9ba7a58c66e2c0ff,1156411200,12,sgmo.fsyyfk.com/*
b296c381665c096a46549eb69470342d,1156410100,1,wap.zztjyiyuan.com/rdzt/20180723/*
b296c381665c096a46549eb69470342d,1156410100,2,wap.zztjyiyuan.com/*
b2d7dbb7abb875205db205fc79da26c1,1156410300,8,sgmo6.0371yyfs.com/*
b3de4f17a60cad7e45befa9daab4ab10,1156410100,1,sg.zykeda.com/*
b3f79523e0293a2db3c61cfb269b9f8e,1156410100,9,smmo4.0371yyfs.com/zt/zyzx/*
b3f79523e0293a2db3c61cfb269b9f8e,1156410100,13,3g.mzsdfk120.com/*
b3f79523e0293a2db3c61cfb269b9f8e,1156410100,25,smmo4.0371yyfs.com/*
b3fe61beb97d1ac4ff746e166a2fb164,1156410300,50,sgmo.0371zzxsj.com/*
b3fe61beb97d1ac4ff746e166a2fb164,1156410300,11,sgmo.120zzxsj.com/*
b433cadcecc0524f17ae7eea82c5b49d,1156410500,1,sg.zykeda.com/*
b45051df21ad8ce83c3dd1591c17539b,1156410500,1,m.zztongjiyiyuan.com/*
b45552baf7f857a9857c247640c66cb2,1156410100,1,5g.zztongjiyy.com/*
b456d3b833e9346e2d4fd94d01574c70,1156410100,1,wap.zztjyiyuan.com/rdzt/20180723/*
b456d3b833e9346e2d4fd94d01574c70,1156410100,1,wap.zztjyiyuan.com/*
b456d3b833e9346e2d4fd94d01574c70,1156410100,46,3g.mzsd120.com/*
b456d3b833e9346e2d4fd94d01574c70,1156410100,83,smmo.yyy120fk.com/*
b456f20daa5986631a5679a24cd739ea,1156410100,8,sgmo.120new.com/*
b502e50c3c6c301d261e6a123bd3a783,1156411500,7,m.zztongjiyiyuan.com/*
b594cf40b66d7e034363fd7f2279067d,1156410100,1,sgmo6.0371yyfs.com/zt/zyzx/*
b594cf40b66d7e034363fd7f2279067d,1156410100,11,sgmo4.yiyaofk120.com/*
b594cf40b66d7e034363fd7f2279067d,1156410100,2,sgmo6.0371yyfs.com/*
b5d840b651901c0256389118c76ffe86,1156410100,1,sg.zykeda.com/*
b5d840b651901c0256389118c76ffe86,1156410100,6,sm.zzzykdrl.com/*
b6ae9cff675b680c465e6eff28911c14,1156410800,2,sg.zhengzhoutongjiyiyuan.com/*
b6b5e8b4f4287b392e2a81d9aaa9e64b,1156411400,1,5g.zztongjiyy.com/*
b6f5c21cb0b21a420f3fd245e834f395,1156410800,11,sg.zzzykdrl.com/*
b6f5c21cb0b21a420f3fd245e834f395,1156410800,16,sg.zykeda.com/*
b7894ba8468ab2ebbe119785eda7f1f7,1156411400,8,m.65621111.com/*
b7e9c027dc08cc9f60704cbd0e5b2e3c,1156410700,21,smmo.0371zzxsj.com/*
b84010f9a9edc8de31052daee2696517,1156411700,1,sgmo.120zzxsj.com/smzt/jhsy/*
b84010f9a9edc8de31052daee2696517,1156411700,15,sgmo.120zzxsj.com/*
b844a29e16a3f287e7c0af8bbbe29d3f,1156410100,1,sg.zykeda.com/*
b8b5187abaca21a22245ec4492ad21b4,1156410300,11,sgmo.120zzxsj.com/*
b9e37f14a4893f329914e0117b7ae983,1156410900,1,sg.zykeda.com/*
b9e37f14a4893f329914e0117b7ae983,1156410900,48,3g.mzsd120.com/*
b9e37f14a4893f329914e0117b7ae983,1156410900,13,3g.mzsdfk120.com/*
ba4aa82bdb45086bd797773b0bac9222,1156411600,2,smmo.fsyyfk.com/*
ba51a1c6a885b9b7bf7b90e43a3a553b,1156410100,4,m.zztongjiyiyuan.com/*
ba614368c354e483d11efaf13efc5cc1,1156411400,1,3gsg.zzwcbj.com/*
ba614368c354e483d11efaf13efc5cc1,1156411400,1,sgmo.fsyyfk.com/*
ba631b50fd90c45fb0286cc4adce69dc,1156110000,8,m.65621111.com/*
ba98e0df897e7658bc45fff8971cb7af,1156411000,5,sgmo.120zzxsj.com/*
bafe4bd7a7e39c14bd9e6f351d82d658,1156410100,1,3g.mzsd120.com/*
bb2ae50b7191d08daf0015a1efb9a3d5,1156411400,49,m.65621111.com/*
bb3b413007bccb83efa9990615bf7ee4,1156410100,4,5g.zztongjiyy.com/*
bbd4ba1b91c36cf38a812fa99d74d6ae,1156410100,29,smmo.120new.com/zt/rl5/*
bbd4ba1b91c36cf38a812fa99d74d6ae,1156410100,48,smmo.120new.com/*
bbe1453da238cf3b0688039deb8889c0,1156410100,1,sg.zztjyy120.com/*
bc77a58d3e12048342f9700516b68290,1156522400,1,m.zztjby120.com/*
bce5ec72b7789467c90f3253e245e6ec,1156410400,50,sgmo.120new.com/*
bce5ec72b7789467c90f3253e245e6ec,1156410400,8,sgmo.120zzxsj.com/*
be0aa582cdb651ffbf21131c7df2dcb0,1156410800,6,m.zztongjiyiyuan.com/*
bf8ee990840f46b234d5edaf5a3641ed,1156410100,37,sgmo.120zzxsj.com/*
bfb64f0884b058d3c105c7de81b5c9ce,1156410100,52,sgmo6.0371yyfs.com/zt/qdrlyy/*
bfb64f0884b058d3c105c7de81b5c9ce,1156410100,1375,smmo6.yiyaofk120.com/zt/qdrlyy/*
bfb64f0884b058d3c105c7de81b5c9ce,1156410100,565,rl.mzsdfk120.com/*
bfb64f0884b058d3c105c7de81b5c9ce,1156410100,22,3g.mzsd120.com/zt/rlsj180721/*
bfb64f0884b058d3c105c7de81b5c9ce,1156410100,19,3g.mzsd120.com/zt/zxy180706/*
bfb64f0884b058d3c105c7de81b5c9ce,1156410100,39,3g.mzsdfk120.com/zt/rl_180519/*
bfb64f0884b058d3c105c7de81b5c9ce,1156410100,24,sg.zztjyy120.com/rdzt/20180723/*
bfb64f0884b058d3c105c7de81b5c9ce,1156410100,209,sg.zzzykdrl.com/*
bfb64f0884b058d3c105c7de81b5c9ce,1156410100,50,sg.zztjyy120.com/*
bfb64f0884b058d3c105c7de81b5c9ce,1156410100,3,sg.zhengzhoutongjiyiyuan.com/*
bfb64f0884b058d3c105c7de81b5c9ce,1156410100,124,3gsg.zzwcbj.com/*
bfb64f0884b058d3c105c7de81b5c9ce,1156410100,420,3g.mzsd120.com/*
bfb64f0884b058d3c105c7de81b5c9ce,1156410100,597,3g.mzsdfk120.com/*
bfb64f0884b058d3c105c7de81b5c9ce,1156410100,298,sgmo4.yiyaofk120.com/*
bfb64f0884b058d3c105c7de81b5c9ce,1156410100,73,sgmo6.0371yyfs.com/*
bfb64f0884b058d3c105c7de81b5c9ce,1156410100,2014,smmo6.yiyaofk120.com/*
bfb64f0884b058d3c105c7de81b5c9ce,1156410100,1605,smmo.yyyfuke120.com/*
bfb64f0884b058d3c105c7de81b5c9ce,1156410100,1180,smmo.yyy120fk.com/*
bfb64f0884b058d3c105c7de81b5c9ce,1156410100,284,smzx.zzyyfuke120.com/*
bfb64f0884b058d3c105c7de81b5c9ce,1156410100,520,sgmo.fsyyfk.com/*
bfe416661bafa61cffc9722fa7ea0afc,1156410300,1,sg.zykeda.com/*
c03b96fadf529f5aab822295f4a45983,1156410300,1,sg.zztjyy120.com/*
c067abb56327bc4c30411edb87c68f03,1156410200,28,m.zztlyy120.com/zt/tty/*
c067abb56327bc4c30411edb87c68f03,1156410200,30,m.zztlyy120.com/*
c0f28d2e9188bc72fa10360cb385821f,1156410600,1,sg.zykeda.com/*
c0f28d2e9188bc72fa10360cb385821f,1156410600,11,3g.mzsdfk120.com/*
c1b413812ea8adeec983ae067b6f5cf9,1156411200,2,sg.zykeda.com/*
c1b413812ea8adeec983ae067b6f5cf9,1156411200,52,smmo.0371zzxsj.com/*
c234d55d2474fac013611b88ed20f8c5,1156410100,1,smmo4.0371yyfs.com/zt/zyzx/*
c234d55d2474fac013611b88ed20f8c5,1156410100,1,3g.mzsdfk120.com/*
c234d55d2474fac013611b88ed20f8c5,1156410100,73,smmo4.0371yyfs.com/*
c27cab806d3282879abb41ed1251eae0,1156411400,14,smmo4.0371yyfs.com/*
c286e28f5439838f9b4fc57eba9105bb,1156410300,51,m.65621111.com/*
c2d110f128db1b7f2f60488f8f2b70ba,1156411700,1,sg.zykeda.com/*
c2f3faed876bab4bbae9ca207eec6981,1156410100,1,sg.zykeda.com/*
c37196ac63a51b0a2d06926376cf693a,1156411600,1,3gsg.zzwcbj.com/*
c3ca97ac602321db3aaca239cbf64fe0,1156410200,39,sg.hnyyaow.com/*
c45704e0e2d28b8c1e3deebb91154bdb,1156411400,26,sgmo.0371zzxsj.com/zt/zy2/*
c45704e0e2d28b8c1e3deebb91154bdb,1156411400,7,sg.zzzykdrl.com/*
c45704e0e2d28b8c1e3deebb91154bdb,1156411400,1,sg.zykeda.com/*
c45704e0e2d28b8c1e3deebb91154bdb,1156411400,44,sgmo.0371zzxsj.com/*
c45704e0e2d28b8c1e3deebb91154bdb,1156411400,1,sg.zztjyy120.com/*
c45704e0e2d28b8c1e3deebb91154bdb,1156411400,10,sgmo.fsyyfk.com/*
c4c44a4ff01977ed57a6592598d59b48,1156410100,1,smmo4.0371yyfs.com/*
c4ef36b404d2cc5da4e5ce47ee79988d,1156511500,1,sg.zykeda.com/*
c55974608376ab29b0cf3ee47debcc5e,1156410700,11,sgmo4.yiyaofk120.com/*
c5a11aec74841845c8af26144cc5e8f5,1156410500,1,sg.zztjyy120.com/*
c5da7a1603f23f3facb8cec2a3396cd9,1156410400,1,m.zztjby120.com/*
c5e818dfddcee898b42584e85b331f5d,1156330200,3,sg.zykeda.com/*
c5e818dfddcee898b42584e85b331f5d,1156330200,49,sgmo6.0371yyfs.com/*
c6d24ebace75a25b2fed75d5a38bcde7,1156410700,2,sg.zykeda.com/*
c6d24ebace75a25b2fed75d5a38bcde7,1156410700,46,smmo.hnzzxsj.com/*
c6d24ebace75a25b2fed75d5a38bcde7,1156410700,13,smmo6.yiyaofk120.com/*
c780638dc640d6a2802dd9dc3f36850d,1156410100,7,sg.zykeda.com/*
c7af97f7e25fb853472b1ba06f9c1b34,1156411700,3,m.zztongjiyiyuan.com/*
c7ce929159a33fc0d2259eb7f1bacebe,1156410100,1,sgmo.fsyyfk.com/*
c7eb9e13f7bafc109b255b0459eb95da,1156410200,1,m.zztongjiyiyuan.com/*
c8e8865778c6c6507d6b5471d01ad13c,1156411200,1,3g.mzsdfk120.com/*
c911f57e4a9af3cfac0a1a60e20ea5a8,1156410100,8,m.zztongjiyiyuan.com/*
c958b075f755da55347dd3a517fb6d17,1156410100,1,sm.zzzykdrl.com/*
c9b1b4fff66ee3e67ae0f2d88346894b,1156411600,13,smmo.yyyfuke120.com/*
c9caa98f79f8c1d4e52fb4f54405b238,1156410100,2,m.zztjbyby.com/*
c9e3ead61f9765100a843f55866dc2d9,1156411600,4,m.65621111.com/*
ca866608714d5e0492e6033f9eaed639,1156410200,12,smmo4.0371yyfs.com/*
caa55282221296e12f1becd001afaa6e,1156410100,36,m.zztlyy120.com/zt/tty/*
caa55282221296e12f1becd001afaa6e,1156410100,40,m.zztlyy120.com/*
cab39a7a1416acb5f27460b493316b76,1156410800,8,sgmo.120zzxsj.com/*
cab39a7a1416acb5f27460b493316b76,1156410800,1,sg.zztjyy120.com/*
cac53efb2cb30f43f7d4e79a3b2df8a1,1156410500,1,smmo.yyyfuke120.com/*
cafc9ed615a5f50d76984894e13feb94,1156410100,1,sg.zykeda.com/*
cb7fe96e2c1968893b0505412546fb77,1156410300,2,sg.zykeda.com/*
cb7fe96e2c1968893b0505412546fb77,1156410300,12,sm.zzzykdrl.com/*
cbf488438e22527fb54e0b26fd5e1cf0,1156410700,1,sg.zykeda.com/*
cbf8e73f6baa5dd1861083a6f650ebf4,1156410100,2,sg.zhengzhoutongjiyiyuan.com/*
cbf8e73f6baa5dd1861083a6f650ebf4,1156410100,12,3gsg.zzwcbj.com/*
cc4b3360bde38acd3832401721a828e1,1156410100,1,sg.zztjyy120.com/rdzt/20180723/*
cc4b3360bde38acd3832401721a828e1,1156410100,1,sg.zykeda.com/*
cc4b3360bde38acd3832401721a828e1,1156410100,3,sg.zztjyy120.com/*
cc680f7b10f6da8f1216cd40d84860c3,1156411500,9,sgmo.120zzxsj.com/*
ccb3a8b118da7b943633dfdea5fbaabf,1156411500,1,smmo.fsyyfk.com/*
cd2e8787eecf39987c313e6c6ed48909,1156410100,1,smmo.0371zzxsj.com/*
cd764c85b4607506fb91a88ece2c31e0,1156410100,54,smmo.120new.com/*
cd89174e7377df3a066a1777141d2179,1156410300,11,smmo.fsyyfk.com/*
cdc28d45a7013aff5b8a82055e47b832,1156410100,6,m.65621111.com/*
ce11289b6b8d2f3266431234f92c7633,1156410800,6,m.zztjbyby.com/*
ce9c52fb256b41e72f729775e97811a4,1156410100,8,3gsg.zzwcbj.com/*
cf01859060e3d06eb7b96d652977500b,1156410100,2,wap.zztjyiyuan.com/*
cf01859060e3d06eb7b96d652977500b,1156410100,1,smmo6.yiyaofk120.com/*
cf4a6a8f81a350ea4bd8ab3fb2b64567,1156411400,13,smmo.120new.com/*
cfb8fe840b3bad419f7bb5e12b138192,1156410100,1,smmo4.0371yyfs.com/*
cfe357c7a6abdc93588200aaeffc2e1f,1156410400,1,wap.zztjyiyuan.com/rdzt/20180723/*
cfe357c7a6abdc93588200aaeffc2e1f,1156410400,3,wap.zztjyiyuan.com/*
d036231f3a64438e23343699787caaef,1156410200,1,m.zztongjiyiyuan.com/*
d06c110b57564af42e69c06e184d4620,1156410100,1,wap.zztjyiyuan.com/*
d0d6e42318ff1393c5b602d38770f9b2,1156410200,1,sg.zztjyy120.com/*
d1c002ddacf90e0eb30358ebd17899d5,1156410100,1,sg.zykeda.com/*
d2260b7e612cf5c1bf1c4a5c7a26478a,1156411300,1,sg.zztjyy120.com/*
d24d46a858332ffa800451527f40f931,1156410300,1,sg.zztjyy120.com/*
d265c8379c6fd6e0076a9cd97e5fd51e,1156410300,1,sg.zykeda.com/*
d265c8379c6fd6e0076a9cd97e5fd51e,1156410300,1,sm.zzzykdrl.com/*
d300d43fd93493998326edff5edd73d0,1156411600,9,m.65621111.com/*
d48dd81bcf819b62923fb811c821f164,1156411400,53,smmo.hnzzxsj.com/*
d4e4db361ec3ef305f613240bebc15f8,1156411300,6,m.zztongjiyiyuan.com/*
d50db869e5bae76b1ba265ebc2cf998a,1156421000,1,sgmo.120zzxsj.com/*
d51cc1976696f5bc57ec196dbecea737,1156410100,2,m.65621111.com/*
d58b9ba813d960f30add3ac123fb1f2b,1156410100,2,sgmo.120zzxsj.com/smzt/jhsy/*
d58b9ba813d960f30add3ac123fb1f2b,1156410100,70,smmo.0371zzxsj.com/zt2017/rlyy/*
d58b9ba813d960f30add3ac123fb1f2b,1156410100,4,3g.mzsd120.com/zt/zxy180706/*
d58b9ba813d960f30add3ac123fb1f2b,1156410100,67,sg.zztjyy120.com/rdzt/20180723/*
d58b9ba813d960f30add3ac123fb1f2b,1156410100,17,sg.zzzykdrl.com/*
d58b9ba813d960f30add3ac123fb1f2b,1156410100,148,sg.zykeda.com/*
d58b9ba813d960f30add3ac123fb1f2b,1156410100,107,sgmo.0371zzxsj.com/*
d58b9ba813d960f30add3ac123fb1f2b,1156410100,147,smmo.hnzzxsj.com/*
d58b9ba813d960f30add3ac123fb1f2b,1156410100,240,sgmo.120new.com/*
d58b9ba813d960f30add3ac123fb1f2b,1156410100,108,sgmo.120zzxsj.com/*
d58b9ba813d960f30add3ac123fb1f2b,1156410100,461,smmo.120new.com/*
d58b9ba813d960f30add3ac123fb1f2b,1156410100,533,smmo.0371zzxsj.com/*
d58b9ba813d960f30add3ac123fb1f2b,1156410100,263,sg.zztjyy120.com/*
d58b9ba813d960f30add3ac123fb1f2b,1156410100,14,sg.zztjyyfk.com/*
d58b9ba813d960f30add3ac123fb1f2b,1156410100,7,3g.mzsd120.com/*
d58b9ba813d960f30add3ac123fb1f2b,1156410100,28,sm.zzzykdrl.com/*
d5c81c84230ad14c1b789ceb97e9c52e,1156411400,6,sgmo6.0371yyfs.com/zt/zyzx/*
d5c81c84230ad14c1b789ceb97e9c52e,1156411400,7,sgmo6.0371yyfs.com/*
d5d3d97c29f8c9ed524699be2202d5eb,1156410100,1,sg.zztjyy120.com/*
d602d97a6d9d54dbc3281b2c89fdd712,1156410300,7,m.zztongjiyiyuan.com/*
d6b6e101c3aa76d74a224950eb51fdfb,1156410100,1,sg.zykeda.com/*
d6dc72cc3618c94a5dec21a063f00ea4,1156410400,12,smmo.yyyfuke120.com/*
d76c95a507f34e0bbc351911e2d8a547,1156411100,1,smmo.hnzzxsj.com/*
d86ec70851bbedf531affed96190e00b,1156410900,38,3g.mzsd120.com/*
d967968b3f9791b8be8de98a396f67b2,1156410800,1,sg.zztjyy120.com/*
d9879ef19ac773747b06c50668a95f1f,1156320300,2,m.65621111.com/*
d9b2ce7bcd9a0597254d52d371bec27c,1156411400,2,sg.zykeda.com/*
d9f376a49c6929ea248d2eb15874b0d3,1156410400,1,3g.mzsd120.com/*
da0defdf4aaa6fe32461c7ca88bb7e06,1156410300,1,sg.zztjyy120.com/rdzt/20180723/*
da0defdf4aaa6fe32461c7ca88bb7e06,1156410300,2,sg.zztjyy120.com/*
da291ca5f5703b9e56a33fd06b7ee148,1156410200,67,sgmo6.0371yyfs.com/*
da64ac014dc0db9fa24adeca4fc61c93,1156411400,1,wap.zztjyiyuan.com/rdzt/20180723/*
da64ac014dc0db9fa24adeca4fc61c93,1156411400,2,wap.zztjyiyuan.com/*
da64ac014dc0db9fa24adeca4fc61c93,1156411400,11,smmo.yyy120fk.com/*
da80a4342f05dcf70a93284886c896c0,1156411400,1,sg.zykeda.com/*
da8ed64272d60d6fa91c2d64d6a3d9cb,1156411300,4,smmo4.0371yyfs.com/*
dad61fd2ede15c5115787a72c7ebb3a2,1156410800,11,sgmo.0371zzxsj.com/*
dad61fd2ede15c5115787a72c7ebb3a2,1156410800,7,3gsg.zzwcbj.com/*
db84f7bdbcdd9ac332014ac411549d54,1156310000,47,m.65621111.com/*
dbcb2c3400615fdef148fa45bd5b072f,1156410100,1,sg.zykeda.com/*
dc5ac1a8767e5e8cac09625046ca6bcf,1156410100,12,3g.mzsdfk120.com/*
dd3195692055a3be87e1e8ed2d39b5a2,1156411200,1,sg.zykeda.com/*
dd3aa4d88cbe6a496e620dc37af5e696,1156410100,82,sgmo.fsyyfk.com/*
ddbc2521e92ad12b633a517d669234f3,1156410400,9,sgmo.0371zzxsj.com/*
ddf8a8288218441ccd1fbb62135ee09b,1156411100,3,m.zztongjiyiyuan.com/*
dec049338f40dbaf4ae5d8e8d7d3aa7e,1156410800,59,3g.mzsd120.com/*
df2e5ffddb3caa22695411d8f8e09a36,1156410800,35,m.zztlyy120.com/*
df802694bec52dd4aa723225f7a030f6,1156411100,6,smmo6.yiyaofk120.com/*
e012633341892b56ed32f883ebd301b4,1156411200,5,m.zztongjiyiyuan.com/*
e0506361d3e878fcdee608f44d66ab4a,1156410800,12,3g.mzsd120.com/*
e07d6cefd8653abff2a6f885fe0f272d,1156410400,2,wap.zztjyiyuan.com/*
e0cd3bc1f580f98d483a2b228baa97ae,1156411700,29,sgmo.0371zzxsj.com/zt/zy2/*
e0cd3bc1f580f98d483a2b228baa97ae,1156411700,44,sgmo.0371zzxsj.com/*
e13175fb422b871407cbba5c1ca8650d,1156411000,1,sg.zykeda.com/*
e15a68b2cad1ad89b31ea6d4d9b57973,1156410400,1,smmo.fsyyfk.com/*
e15d58e391228fbdeabf4a07b00a34f0,1156110000,1,sg.zykeda.com/*
e15d58e391228fbdeabf4a07b00a34f0,1156110000,1,wap.zztjyiyuan.com/*
e270c6f31d7fba967c81871524d51e05,1156410400,3,m.65621111.com/*
e29807d33e4f36252b861006c9eefbf6,1156411400,47,smmo.120new.com/*
e35fefc0ab44d7ecc28305384385635f,1156410100,9,m.65621111.com/*
e41ca4d2f7c9dd48679204000cf50cf4,1156410300,1,m.zztongjiyiyuan.com/*
e474488708da4449c57b7c6097dd2f4c,1156410800,1,sg.zykeda.com/*
e51b812ea7c2218cea580af3f83d75e9,1156410100,27,m.zztlyy120.com/zt/tty/*
e51b812ea7c2218cea580af3f83d75e9,1156410100,7,sg.zzzykdrl.com/*
e51b812ea7c2218cea580af3f83d75e9,1156410100,29,m.zztlyy120.com/*
e58040d31f39e5b79838d72b185ae9e3,1156411700,3,m.65621111.com/*
e5aef31da962f01b3eb7fb1d1ead6dfb,1156410100,2,sg.zztjyy120.com/*
e608fab0d44a11349d8415d8f628025d,1156410800,1,smmo4.0371yyfs.com/*
e644dba2844bb6ad1db86e33988e3f5c,1156411500,9,sgmo.0371zzxsj.com/*
e6d68aea523558915960d061d84a6fff,1156410300,3,sg.zykeda.com/*
e6d68aea523558915960d061d84a6fff,1156410300,66,smmo.0371zzxsj.com/*
e6d68aea523558915960d061d84a6fff,1156410300,7,m.zztjbyby.com/*
e70a6badda8500ceaddbb9c94e1ef661,1156411700,6,sg.zykeda.com/*
e7626750833e6f99ea5f411c2332b351,1156411400,1,sg.zykeda.com/*
e82e0b38ce830e29110d527092508f38,1156410100,1,sg.zykeda.com/*
e83d44784eb04d7ae4a47e594d8278f7,1156411100,1,wap.zztjyiyuan.com/*
e892c1cbcc553e6cf21d3c6e192e1cae,1156410400,49,sgmo.fsyyfk.com/*
e942621f920528617599d7e484c40a3b,1156410100,8,m.zztjby120.com/*
e94815ef2cea73bade28eaed6e5dda6c,1156410700,6,m.65621111.com/*
e94f48b5d7955b83791a8b20ac1b650f,1156410400,1,sg.zykeda.com/*
e955bb525835c3f2d638ea530cc9e48d,1156410500,1,3g.mzsd120.com/*
e955bb525835c3f2d638ea530cc9e48d,1156410500,1,sm.zzzykdrl.com/*
e96ddcccb8e675be9e7d84f253b40326,1156410500,7,sg.zykeda.com/*
e98ec8b20109838ad7dd8f0c317a5e56,1156411000,1,smmo4.0371yyfs.com/*
ea915240aa8d191890354220118c75dd,1156330500,8,sgmo6.0371yyfs.com/zt/zyzx/*
ea915240aa8d191890354220118c75dd,1156330500,10,sgmo6.0371yyfs.com/*
eb6137c3de3808b4391ead28d4f1be9b,1156410100,2,m.65621111.com/*
eb6137c3de3808b4391ead28d4f1be9b,1156410100,4,m.zztjby120.com/*
eb72507ca0a65a1278bea319f01624b8,1156410200,1,sg.zykeda.com/*
eba4b0741542ad8eaab222439c2fa993,1156410100,1,sgmo.fsyyfk.com/*
ebd78db8765136d84ea301a5098f38f1,1156411300,29,m.65621111.com/*
ec1cda62b20d461de4ea7f1258baae7c,1156410100,9,m.65621111.com/*
ec1e5211fc9d7ff966b1f74df8701680,1156411000,14,smmo4.0371yyfs.com/*
ec54b35d08b00b1885577507fdce901d,1156410400,1,sg.zykeda.com/*
ec58015d69fcd4903bda28b967f5b16c,1156410700,50,sgmo.fsyyfk.com/*
edab68b679eb03317e40323b032108da,1156410100,1,sgmo.120zzxsj.com/smzt/jhsy/*
edab68b679eb03317e40323b032108da,1156410100,17,sgmo.120zzxsj.com/*
ede5f066b589dfffde77f152b3cf5d9c,1156410500,21,m.zztlyy120.com/*
ee403a3d8ddbd3ba25f675ff9145a7c8,1156411100,1,smmo.fsyyfk.com/*
ee66c8bc5681e9301c07ba36c294bcd5,1156411600,5,3gsg.zzwcbj.com/zt/zy_swt/*
ee66c8bc5681e9301c07ba36c294bcd5,1156411600,6,sg.zzzykdrl.com/*
ee66c8bc5681e9301c07ba36c294bcd5,1156411600,1,sg.zykeda.com/*
ee66c8bc5681e9301c07ba36c294bcd5,1156411600,6,3gsg.zzwcbj.com/*
ee753357a2a4a82568fd5e248d7bb17e,1156410300,7,m.zztongjiyiyuan.com/*
ef937d68c24c02f8fddee92d07173fe4,1156410100,17,3g.mzsd120.com/zt/rlsj180721/*
ef937d68c24c02f8fddee92d07173fe4,1156410100,2,sg.zykeda.com/*
ef937d68c24c02f8fddee92d07173fe4,1156410100,24,3g.mzsd120.com/*
efbbed78c7140e4634851e5805d1e9b5,1156410300,1,sg.zykeda.com/*
efbbed78c7140e4634851e5805d1e9b5,1156410300,9,sgmo.120zzxsj.com/*
eff27795bfdee89ef4258a889c625936,1156410100,76,sgmo.fsyyfk.com/*
f04a7cf7ffb2af79c71b6cae3d3e080a,1156411400,1,wap.zztjyiyuan.com/rdzt/20180723/*
f04a7cf7ffb2af79c71b6cae3d3e080a,1156411400,4,wap.zztjyiyuan.com/*
f074838c73e349d90ba55f27eceb26c0,1156411700,69,sgmo.fsyyfk.com/*
f0bb97c9d108098ae5dc23f90950128a,1156410300,1,3g.mzsdfk120.com/*
f0eaee14d7807c14af658c814a2846a8,1156410100,1,smmo.0371zzxsj.com/*
f17aefaa519ffdcecd886493d91b55c0,1156411000,1,wap.zztjyiyuan.com/rdzt/20180723/*
f17aefaa519ffdcecd886493d91b55c0,1156411000,2,wap.zztjyiyuan.com/*
f215e02bb0a14cb4481b598dee3dec7e,1156411300,7,sgmo.120zzxsj.com/*
f263aa3ad966842ea87a3c64b3162762,1156411400,1,wap.zztjyiyuan.com/rdzt/20180723/*
f263aa3ad966842ea87a3c64b3162762,1156411400,1,wap.zztjyiyuan.com/*
f2d692967dc060b8df252032039cf987,1156410200,13,sgmo4.yiyaofk120.com/*
f32cc1457953f75c0218b904391be714,1156410800,12,smmo.yyy120fk.com/*
f3d2bad403b114364c10115360f03c17,1156410300,13,m.zztlyy120.com/*
f413c6010c0ce27275374eccd8501f41,1156320500,5,sg.zzzykdrl.com/*
f4370a55eaa6a1392bae3a3bd4c4320b,1156411400,29,sm.zzcjzy120.com/*
f4b339994c1260c0b1f94f9fc00d6638,1156411400,1,sg.zhengzhoutongjiyiyuan.com/*
f4b570d380efa213cf4a841eb4f88e2c,1156420100,3,m.65621111.com/*
f5398fb8a57e404f8a4ec1b43c4780d6,1156411400,1,sg.zykeda.com/*
f55064766e2d8fb99b8cbb1c11923c6b,1156411600,1,sg.zykeda.com/*
f5647a5ffd6c487ff9332e8411d32870,1156411400,9,sgmo.120new.com/*
f5a4f3bc34b2ff1c28707e2e109cefe5,1156411300,6,m.zztjby120.com/*
f62b85bde1933ddbe56289e3610c431d,1156411700,1,sg.zykeda.com/*
f66289f976bbf24b0750cb81c41dadf8,1156411000,1,sg.zztjyy120.com/rdzt/20180723/*
f66289f976bbf24b0750cb81c41dadf8,1156411000,2,sg.zztjyy120.com/*
f6b1d6ce391e1bed76409f321f001b82,1156410400,50,m.65621111.com/*
f7d5d1eb7418f62cb7aa60089179d5c5,1156411400,2,sg.zykeda.com/*
f80157c45858ca7dc681afc9e0cc9609,1156411400,6,m.zztongjiyiyuan.com/*
f82912e87399d2c2e402ae403743a4df,1156411000,1,sg.zykeda.com/*
f88cbd135967b0b41ab224a2ac1906d4,1156410100,1,sg.zykeda.com/*
f88cbd135967b0b41ab224a2ac1906d4,1156410100,7,sm.zzzykdrl.com/*
f95909979ae4233a265a09c666adb689,1156410700,1,sg.zztjyy120.com/*
f965b75b9002bc2961a0667081a7dc4f,1156410100,1,wap.zztjyiyuan.com/rdzt/20180723/*
f965b75b9002bc2961a0667081a7dc4f,1156410100,2,wap.zztjyiyuan.com/*
f965b75b9002bc2961a0667081a7dc4f,1156410100,6,m.zztongjiyiyuan.com/*
f96630450f4969927a425912e1cc742f,1156410300,1,3g.mzsd120.com/*
f97e95ee7366109fc49dc71f52e5404b,1156410100,2,m.zztongjiyiyuan.com/*
fa09bc9cff54c9249125f43b48cf1b5d,1156411500,1,sg.zztjyy120.com/rdzt/20180723/*
fa09bc9cff54c9249125f43b48cf1b5d,1156411500,1,sg.zztjyy120.com/*
fa09bc9cff54c9249125f43b48cf1b5d,1156411500,1,sg.zhengzhoutongjiyiyuan.com/*
fa4009621d39e2a7caa0cb28490894cb,1156410200,3,m.zztjby120.com/*
fa6c2d16c50b0b41a4b5b9c29dde5918,1156410700,9,3g.mzsdfk120.com/*
fb3172f14bd8d9f8a063d4e42c8d6572,1156410100,7,m.zztongjiyiyuan.com/*
fb730e496e8f54f42662f9371577ff48,1156411300,2,sg.zykeda.com/*
fba419184d20033bbf0c3ba5cd4420c0,1156411300,9,sgmo.120zzxsj.com/*
fc64e53ddecdaea4afa39dd0a78a256b,1156411300,5,sgmo.120zzxsj.com/*
fc73cb0f29f035244a0fb4a87c348f54,1156410700,49,smmo.hnzzxsj.com/*
fced9afc4fae24cb03a561e003e60402,1156410300,1,m.zztjby120.com/*
fd7333603c54611f62228396301e72e2,1156410100,3,sg.zykeda.com/*
fd8f4ea6bb20b9be12415fbdf6fd436a,1156410100,1,sg.zztjyy120.com/*
fd8f4ea6bb20b9be12415fbdf6fd436a,1156410100,8,sgmo4.yiyaofk120.com/*
fdacac24f616d736eb44e52ee1b6f1b9,1156410800,16,sgmo.fsyyfk.com/*
fdc4d40f87af3a1bd759498a4ebc7eae,1156410100,1,sm.zzcjzy120.com/*
fdd6e9fa67d72d57be65b8980a4e7db7,1156410100,2,m.65621111.com/*
fe7a160e8679c1e99772e935ee76e291,1156410900,41,m.65621111.com/*
fe8931fe818994e57b1426879aad5824,1156410700,1,wap.zztjyiyuan.com/rdzt/20180723/*
fe8931fe818994e57b1426879aad5824,1156410700,2,wap.zztjyiyuan.com/*
fef056cc7de7066242e75793c2bd1190,1156320500,52,m.65621111.com/*
ff1d5e6f892e6a46e78e655af37b1969,1156411300,2,sg.zykeda.com/*
ff5d00918fbd04f03ea46a385d7a57ec,1156410100,2,m.65621111.com/*
fffee55d06a3e20f3a4769b6de3d2905,1156410100,1,m.zztongjiyiyuan.com/*
fffee55d06a3e20f3a4769b6de3d2905,1156410100,1,5g.zztongjiyy.com/*
