00a7067f5026f16f26b6197e1f981d70,1156445100,1,www.jj.cn/*
00c577c985e14a9c38f9858573152b3f,1156500000,1,www.jj.cn/*
00c84b03138fd9658de1eaa38cce6e62,1156500000,1,www.jj.cn/*
01429a23151f2463cc4f9df8423a232b,1156500000,3,www.jj.cn/*
01607329f897637f74bc07fb950dad18,1156310000,14,nc7.game201.com/*
016ddb82fabc0b97074279e4155cbdc5,1156310000,1,www.jj.cn/*
02fd0ac1172af9fba4aac73f928f659a,1156610700,1,www.jj.cn/*
0377516e1b47fa6efbbed403048cae95,1156120000,1,www.jj.cn/*
04800c9e9ba84e8ab42b80c084112975,1156530600,1,www.jj.cn/*
049a212f203bfb8d2d10f2f210a7f7a8,1156500000,2,www.jj.cn/*
0645a633903c17c7a0d8692b38d6e19b,1156110000,1,www.jj.cn/*
06475591f096b24a32b64716cb14e4ac,1156500000,2,nc7.game201.com/*
0695b756a97cc1e08d505cc65d22e658,1156500000,2,www.jj.cn/*
06e6b8f9c0d4901ec9ff798da84c2495,1156410100,4,www.jj.cn/*
0720a60ff19496034e399722ffd4afee,1156500000,1,www.1314game.com/*
073847745e5b13a6d01483d09ec0286f,1156110000,1,www.jj.cn/*
080ed525f891049c2518c29cbb9ea125,1156441900,12,nc7.game201.com/*
083f2c1a7e9a0fea6d0d1cb79e5a9938,1156500000,1,www.jj.cn/*
0843c55fb15206caef0919898ecb6488,1156610700,12,nc7.game201.com/*
085ccf53c820ad327b34e15afadcb3a3,1156310000,1,nc7.game201.com/*
08cf5898225bed23fa0510070869e744,1156440700,1,www.jj.cn/*
08f45c31c8b83d8e07577133b8b8e296,1156110000,1,www.jj.cn/*
095d8d6ebac1f978f66a7c291a872394,1156440300,1,www.jj.cn/*
09bb7702e913b85653a2356573323bd2,1156500000,1,www.jj.cn/*
0a1740d9b52cdb30b984098bd42dfdcf,1156500000,2,www.jj.cn/*
0aff272806aee035bf54e5ff8dafefe6,1156451000,9,nc7.game201.com/*
0b763b27bb000cea9797fa6f8e3d713d,1156500000,1,www.jj.cn/*
0bec51f76bd0f405ba7e39d6e5f84a2d,1156440400,11,nc7.game201.com/*
0c4551c7c7207d8a589c2aee0c7820bb,1156500000,1,www.jj.cn/*
0cbc279bb9b4b9d01a801c92389ff964,1156120000,14,www.jj.cn/*
0d5abdc383a2a1efcb48374f11ddc565,1156110000,1,www.jj.cn/*
0e5009bafd6c814e08dd34de16fad456,1156500000,5,www.jj.cn/*
0e51127a5c7ab1661dea2063b96e965e,1156331000,1,www.jj.cn/*
0e6b2a61f65501a5515afe96163b6bea,1156310000,1,www.jj.cn/*
0ec25ab0211618f6cf78d3757b007792,1156445100,2062,www.fuyun28.com/*
0ed0d67e502edd4e1b227eda615f81d3,1156440100,1,www.jj.cn/*
0f932a7cc729e28cddd21f5c639e7d05,1156500000,1,6556.com/*
0feae449893b10284735a310c4d93c4a,1156500000,1,www.jj.cn/*
10b8608e70f9bc9260e13b238f0c2f7f,1156110000,1,www.jj.cn/*
110f67c8eafb63d9db0e56640e9af76c,1156500000,1,www.jj.cn/*
1129a8d714ee9d96c244d23c1b68a20e,1156511700,1,www.jj.cn/*
11805a67742af0baa616f879c491b4c1,1156441800,11,nc7.game201.com/*
13d5d16b1b3325bb2557668265b8f9fd,1156500000,1,6556.com/*
143c7e56f782d4446630076d0f62ece6,1156440600,2,www.jj.cn/*
14a3ac30aa85597f0fe65d40fc72574b,1156445200,1,www.jj.cn/*
14e640016be277075573e744b6bb9101,1156310000,2,www.666365.com/*
1535a5e85d8e35ee9acc3606aecadf59,1156411700,1,www.jj.cn/*
15db2107ee9ed2511f639d3d9b8d8d22,1156500000,1,www.jj.cn/*
160dea00091b864170db8aef1b88e191,1156500000,1,www.jj.cn/*
16ab42caf3c6e62fb7d19bbe265148ef,1156441500,1,www.jj.cn/*
16d980d9fbf961c6c24e79c9444ebff8,1156500000,1,www.jj.cn/*
176a0e3babb1066b88272bb52d97cdb1,1156500000,1,www.jj.cn/*
180c94b3577df50c89815c6dba447b29,1156310000,14,nc7.game201.com/*
1833c9d98e0bd48f1c0601146fe9f944,1156441700,1,www.jj.cn/*
188ff3687a6fafa79a0cc5cfdf5b3854,1156310000,10,nc7.game201.com/*
18a35cf5f603b6c62f16848cf28d716e,1156310000,1,nc7.game201.com/*
1a21c704c088623375b0ca7d8e69abdf,1156441900,10,vip2290.com/*
1a6bed61705eb702271b3d999676c7a1,1156320600,1,www.jj.cn/*
1ac2332cd407170add0b3219a891195e,1156310000,1,www.jj.cn/*
1ad0747754e50f6bf060fee68752559d,1156500000,1,www.jj.cn/*
1afdde049362eeaa80646faef0da2d07,1156130400,2,www.jj.cn/*
1b00969cd9b6bfba7e645c387c39fe31,1156110000,1,www.jj.cn/*
1b735c7a162cf85072c65b350273ac20,1156500000,1,www.jj.cn/*
1bd1a5ccd4a7b033c9080846eeb81f3a,1156440700,1,www.jj.cn/*
1be48260fe28e878c8744e2786aa737b,1156110000,2,www.jj.cn/*
1c1de7f0b4f660376df2bba34db954c3,1156500000,2,www.jj.cn/*
1cb1b26ae1c7a0950aca8b5d48a67a81,1156310000,1,nc7.game201.com/*
1ef8e8441dcdfa3c134caeecbeff96df,1156510600,12,nc7.game201.com/*
1f3abec8ce3924b57e3f62306b819fce,1156440100,11,nc7.game201.com/*
1f48165ab6bd8ba3966adc0426571847,1156500000,1,www.jj.cn/*
1f641a39f79608c7e5b9cd9b7de4fb5f,1156511300,1,www.jj.cn/*
20865c3946047f8895697294c927bd5d,1156450700,1,www.jj.cn/*
20b29b33814f3b1d2d929b692974e7cc,1156110000,1,www.jj.cn/*
21777397ce2234f404845ae3ab049260,1156421100,1,nc7.game201.com/*
219b36c76261f87b0c0f98ac60956672,1156450100,1,www.fuyun28.com/*
21ce320b24fdea7a018b43c093d5f871,1156411600,1,ap.o3zs17.cn/*
22924a585edce5becbd7bbd1842db924,1156120000,1,www.jj.cn/*
22d790feb80044a09728c6728ce4cd5b,1156500000,1,www.jj.cn/*
242d71f8070c975de7dcd5202334c9af,1156320500,2,www.jj.cn/*
24a70558b8087563b717a07515d3a27b,1156500000,1,www.jj.cn/*
25000a3e2aa4dbf3372dfe76061bfb7f,1156500000,2,www.jj.cn/*
257bda26610c86101f6c5b40dc676e76,1156310000,1,www.jj.cn/*
25b1cd6f92354885c8393831b86f6e32,1156120000,1,www.jj.cn/*
2623df7ca5c4d2197212a5c27ebc3747,1156511700,1,www.jj.cn/*
26320abe0d6480f5799788a631ffb84a,1156500000,1,www.jj.cn/*
26baafb9c8003700b5346173de4700c2,1156500000,1,943.com/*
271a800093ae17ca6d36b58b7a1c9014,1156500000,3,www.bfchess.com/*
27714131766f456453bd5f0f0ae27295,1156110000,1,www.jj.cn/*
277da695660aed45efc70ca08e7778a6,1156120000,1,www.jj.cn/*
27b3e554b41e3e8502a958f9fa2f0583,1156441900,1,www.jj.cn/*
28868c16b5235329d03c0be056891324,1156441400,8,nc7.game201.com/*
28915349d066fdd59a41ee654f399b1c,1156500000,3,www.jj.cn/*
29d868d21eadb73013e0ae9ff37daad2,1156360700,12,nc7.game201.com/*
2b37b09cc68a4ed9a8c97662d575fd60,1156120000,2,www.jj.cn/*
2c23df55d32f5342551bf80b04fb3461,1156440100,7,nc7.game201.com/*
2c583b6810f78ddc64da1c519f762801,1156500000,2,www.jj.cn/*
2c6eab86625f881ec5579ff14704462b,1156310000,1,www.jj.cn/*
2cb299931c06e62ac41caa1888b73e3f,1156440900,1,www.jj.cn/*
2d619a45af6ea3d3ae800beeac928ebf,1156440300,1,www.jj.cn/*
2d8b528eefbabaeb2149b63f7d2f117f,1156110000,1,www.jj.cn/*
2dc4770eb127cd6802b46b6eade1de27,1156451100,1,www.jj.cn/*
2e16cca5241d29deb148f3a2762a9d6a,1156440300,1,www.jj.cn/*
2e692b166259e9deacc3a8e5fe4457da,1156431000,2,www.fuyun28.com/*
2ed3a00112baad1ad38d24bef3d23e60,1156120000,1,www.jj.cn/*
2f9b01f4206481ca43fefac0664a29b2,1156511600,4,www.1314game.com/*
2fd49a94bae2b22891d716540fe949dc,1156500000,5,www.jj.cn/*
2fdf9e32e7df2925cf758223171642ea,1156510300,1,www.jj.cn/*
2fe2239872fc538e65384880e84584d4,1156500000,2,www.jj.cn/*
30906ccaaa8ab9ade62c4f0485c18809,1156650100,3,www.jj.cn/*
30fe77aab859d885e5cd77b9d50311fe,1156440700,1,www.jj.cn/*
313070a6483e91a1a7f6dbb72e51fb9a,1156500000,2,www.jj.cn/*
3197cff48db7e3f2f0109c389201dccf,1156500000,1,www.jj.cn/*
32932afdf1bbfcc548efc6db12c4558e,1156520400,9,nc7.game201.com/*
330ead30e6cecc15e38e379bc8264e4c,1156120000,1,www.jj.cn/*
337b6e771e44e4a16a49bad6deb32889,1156321000,1,www.jj.cn/*
3391255877cceceb08e150347d1af133,1156522300,1,www.jj.cn/*
33a9617b9a5ff44d45ec26907ed53194,1156500000,1,www.jj.cn/*
348eff36b1ba8b099276d88d3f380c74,1156110000,1,www.jj.cn/*
34aaa28e002c924af09bc90acd0bb9c5,1156120000,1,www.jj.cn/*
36f63ca71bccc1baafb7660400c0e2f2,1156441900,2,www.jj.cn/*
377a6eb042895d5acc26195bab703c51,1156310000,1,www.jj.cn/*
379bf4b5ab0a1409669abffa07d24aa7,1156450900,1,nc7.game201.com/*
382420764694abd48de90df834bf6f7e,1156110000,2,www.jj.cn/*
3829cdaea375278decb7fdfb47dbf39c,1156430600,1,www.jj.cn/*
38a9fd75cfe156f60df1929d8d223b97,1156441200,1,www.1314game.com/*
38d12edeb57152c33b1c3c554850d455,1156441300,2,www.jj.cn/*
393699325a731a90a6087085fd2e17d0,1156310000,5,nc7.game201.com/*
395658a13d93494c319bcdedc3f57605,1156440100,1,www.jj.cn/*
3a7ad117be8398da058b2d2340656cf7,1156360800,1,www.jj.cn/*
3afb8be8e3021e6ee0f77bbe436c51bb,1156340100,7,nc7.game201.com/*
3b34e376c82c62b769f9fdfdbe3e90c3,1156441300,9,nc7.game201.com/*
3ba6b4c6c4f9dac0bffca36b9f736f34,1156500000,1,www.jj.cn/*
3bf20ff24331a3a5d7eebfa0fc606091,1156500000,2,www.jj.cn/*
3c2ac582c736fbd7605561399e4b1ef9,1156442000,72,vip0036.com/*
3cc7f727f228f2009060c76ae6eb82e7,1156441800,4,www.jj.cn/*
3ccc2b46cc036c1cec91dceb41557343,1156310000,1,www.jj.cn/*
3d6128982a65ccddb0ad04441733ccbb,1156440100,1,www.jj.cn/*
3da84de9e46b2725559a8bc279f4d426,1156440600,9,nc7.game201.com/*
3dc007af3c2460b833a0a22249a0fc28,1156440700,11,nc7.game201.com/*
3dd093bc2c5ac49defa9be035244c012,1156440900,1,www.1314game.com/*
3dd6f6a7f30dbe8f345e969f81d686a4,1156440100,2,www.jj.cn/*
4010f50c8bb80adbd0fd7628caa8a73b,1156310000,1,www.jj.cn/*
4032300e8badfd076f32afcef16c86bf,1156110000,1,www.jj.cn/*
404a39d01a512bb3751b027b012a2170,1156440100,126,vip0036.com/*
405e42edca52501b0ae674cdc29293d0,1156441900,12,nc7.game201.com/*
40a9e0e1314c70ed642de6ab33df3fe8,1156440100,1,www.666365.com/*
4103973d3444667e3b4ae84390858de2,1156440100,1,www.bfchess.com/*
4110cc26591ff4357196932dda4ec018,1156500000,1,www.jj.cn/*
426cc290822cd474213974ee0bf9386e,1156500000,1,www.jj.cn/*
432085fbaa28c186236177913ea89548,1156441900,1,www.jj.cn/*
439b8dc64879279edd7808ecaaed64ad,1156440100,2,www.jj.cn/*
43c2dc41bfa40f8d4832e947d7aaac9c,1156150500,1,www.jj.cn/*
4429952ef091c029263f21d4e6c877d4,1156440300,1,www.jj.cn/*
44eb8e132fcfca89b8db52f70eda3077,1156310000,1,www.jj.cn/*
44ee4f96808d09763efa2aaa15226a29,1156511400,5,www.bfchess.com/*
450eb36c287debe466217695aebb3fc9,1156500000,1,www.jj.cn/*
45137eaee58ae45d8c44e5965cd6e6ba,1156440100,1,www.jj.cn/*
45388488c80c46f3bff500fe3c4c4994,1156510800,12,nc7.game201.com/*
45de4b31bfc36533c4130a38711da387,1156110000,6,www.1314game.com/*
46b3a0a637d2290ce2926842da9d8a5e,1156451200,1,www.jj.cn/*
46dec4155d47829e224f39c1f925929d,1156500000,1,www.jj.cn/*
46e9eba39b81011f11fdaa9b74afc0af,1156500000,2,www.6789g.com/*
4710c7b1db2c773ecead24b5d8260e1e,1156445100,1,www.jj.cn/*
47aab5e74a4d7dda5753e53451208e02,1156430600,1,www.jj.cn/*
47cd4e86131ebc8e9e7faf9f64a5eea9,1156370200,1,www.1314game.com/*
483bf819fb2294e6f6e7f0956d8e77ed,1156110000,2,www.jj.cn/*
486c4f63ec202ecf5ac8429385259011,1156442000,1,www.jj.cn/*
489d7f3a7ec7459d6bdd6a96f7357b08,1156310000,1,www.jj.cn/*
491c8f76324e4bad3b2c3e9d02be9b30,1156120000,2,www.jj.cn/*
4972bc642c059f2db796827b74ae5905,1156410500,2,www.jj.cn/*
497dd0069b021f6bcbe28061e1789d8c,1156450900,1,4747.com/*
49bd678f325f1ea5dbb65c66aeb22ca1,1156440300,1,www.jj.cn/*
49d0a8f17974b3836221513e16b47abd,1156440900,1,www.jj.cn/*
4a80d4c7edc1f83a832f548d05db562b,1156410300,1,www.jj.cn/*
4ad704d66bc3de14a70955588b577a25,1156120000,2,www.jj.cn/*
4b0cfe63d72c25e8cf4799a7c34c726d,1156441900,1,www.jj.cn/*
4b8ff24629ca5c2bd3477c7b7423f881,1156441900,11,nc7.game201.com/*
4bae896425f083cb2edbfa0683eba84d,1156500000,1,www.jj.cn/*
4cd71bf70bfda8e815cbb8ad710a445e,1156500000,3,www.5581.com/*
4d05849ec319e791a17783a31b670191,1156610400,1,www.jj.cn/*
4d61289522e6ce7d36077ed26c08604f,1156510300,3,nc7.game201.com/*
4d7f8718f173dbe3e8f9c410db72cd29,1156440600,1,www.jj.cn/*
4da002eff83ac99604f7522360d3e623,1156320500,158,www.fuyun28.com/*
4dbdb891013dc44ad9039b1379f20a82,1156500000,1,www.jj.cn/*
4e1633e3dead7bc7fb01e95a2bf539ca,1156361000,1,www.1314game.com/*
4e6714a1821dc4bc00fcaefbd674ea2e,1156500000,1,4747.com/*
4efe5d947c3ed89790e4ed759ee7cc73,1156451400,434,vip0036.com/*
4f82fa36aa6c50efd0f3438a50274e28,1156500000,2,www.jj.cn/*
4ff4c320d011c761455a461e5310d05e,1156310000,1,www.jj.cn/*
502652e3187d76c945f2d3b2f4e2fa71,1156500000,1,www.bfchess.com/*
509d07bc6353999f75408b2aa4b2546e,1156110000,1,www.jj.cn/*
51e1130da924ca3e364c726745d8ff18,1156110000,1,www.jj.cn/*
51e49ec992b2bfdde44ac0ee3e1cf87c,1156120000,1,www.jj.cn/*
51fe0440a357e961c4b06088ea76acae,1156110000,1,www.jj.cn/*
5207a80e6ba8c0bf17b869a587d0b231,1156110000,1,www.jj.cn/*
52bc15341a4f68359fddec6b144101a5,1156440600,1,www.jj.cn/*
533ddb60f699e44dfd9070bdac615266,1156440700,1,www.jj.cn/*
53a4bffac3618b3d3d13a9f9993740e1,1156500000,1,www.jj.cn/*
53de8a24c8711de3d4881201b069d4b6,1156445100,113,www.fuyun28.com/*
53f203719c31e09b2aa7f03a2d0073a9,1156500000,1,www.jj.cn/*
54c86688eb64133cf5b69c90d230f1cd,1156500000,1,www.jj.cn/*
550a9aea2152fd3922edb4e0188dfd64,1156440100,1,www.jj.cn/*
5510f769fbf16a06116a243223eb7f3c,1156500000,1,www.jj.cn/*
55a13063c594f2514c0023773813afc4,1156440300,2,nc7.game201.com/*
55a4006b7ac9421551390f4669280e1d,1156310000,1,www.1314game.com/*
5675e7bac0fd8ff0335c344f9940f340,1156110000,1,www.jj.cn/*
57890283043f02069d2ed50cbdf9ef43,1156440300,1,www.jj.cn/*
585244d1891a5e03d7d4448391599096,1156440300,1,www.jj.cn/*
5870fd7629c7ff5daf346d30098564a8,1156310000,1,www.jj.cn/*
58753dd22eb260169f43bb48c460e8b6,1156440300,1,www.jj.cn/*
58adb5400de69f8df0faf49d03fffd6c,1156120000,2,www.jj.cn/*
58ee5ff76412d586351c33b2afd2c4fb,1156441900,1,www.666365.com/*
58ff0a55d6bef9698041bea2c5652fe1,1156441900,2,nc7.game201.com/*
5a65cec20962e90282b8216be1ac0635,1156110000,1,www.jj.cn/*
5a8109b830d85f6e7485d9dc1016f4ed,1156440100,1,www.jj.cn/*
5acb54cf1a7abf04750efd430a632233,1156440300,1,www.jj.cn/*
5b031da30960f4390ca409e408b91ae0,1156540100,1,www.jj.cn/*
5b4ee1d8e82c67386a127a8c203eb521,1156430600,1,www.jj.cn/*
5b95ccfa78c525a6288cecd204152776,1156500000,2,www.jj.cn/*
5bb0ff183970b8e1d9ce39d82dc36cbb,1156500000,1,www.jj.cn/*
5bc0ffc94a3846b9ed081ffc2e30de8a,1156500000,1,www.jj.cn/*
5bf6b3bca2f41d9bc0b462dc1781ee6c,1156110000,3,www.jj.cn/*
5c5068fcf4eefbf7d00ac8f5aada6893,1156120000,1,www.jj.cn/*
5c782157b848bc685a6bec757f0d8094,1156500000,1,www.jj.cn/*
5cd57d06d3f7e052d787aaf1de47dfc0,1156440100,1,9994.com/*
5d0f727727570b8b611b931ebe637d66,1156445200,2,www.jj.cn/*
5d268c232110640695ca9d48b05018ac,1156500000,1,www.jj.cn/*
5d7717da820b405578412a4f4160e3c9,1156440100,1,www.jj.cn/*
5f2ea9bc3c018469eb946d0816782957,1156440300,11,nc7.game201.com/*
5f701c7afb53586f5e65f44bbb7c44f3,1156310000,6,nc7.game201.com/*
5fc01b6aaca2b80394f7ad38af49fa2e,1156440600,12,nc7.game201.com/*
6044a0a4bcf87573882e94940de38107,1156110000,1,www.jj.cn/*
606efb4f88727b6007eb41e329d19aaf,1156411200,3,www.jj.cn/*
60bde184e5c60096b146e685ffabe060,1156640500,1,www.jj.cn/*
6112a1f37f5bdbbbd3de87796cc2002c,1156500000,1,www.jj.cn/*
616417cd83a8b8666687cf97f92bfdcf,1156440300,1,www.jj.cn/*
61a6d380a993449f0289d529ff4bc6b6,1156440500,3,www.jj.cn/*
62d7761f258d717b4c3ca96dd25a68d1,1156500000,1,www.6789g.com/*
635c662cdb9eb8af6940d75a1497c166,1156440100,3,www.jj.cn/*
636ec08cce92cd1e0990a4d40c3be4d6,1156440100,1,www.jj.cn/*
63968de7e720948f08d10645cf3c135e,1156445200,1,www.jj.cn/*
64952f349ffad31c30bc4ee1a371040c,1156110000,2,www.jj.cn/*
66226737db344d07060e22ae8cc4b2fc,1156440100,2,www.jj.cn/*
66c4cc48d46628e34d5ff7f42073bd8e,1156500000,1,www.1314game.com/*
6823bf0e208c32925cb125faffa36d37,1156500000,1,www.jj.cn/*
68d66061210aaf7c7ea1b3499e8795f8,1156500000,1,www.jj.cn/*
692997db5facf145b07441ef7af486cf,1156310000,1,www.jj.cn/*
69f1097157c2e5602f17b84b5e350b57,1156440400,11,nc7.game201.com/*
6a320ed611161ccaac23e6ec139eeb53,1156500000,2,www.jj.cn/*
6b3b6756972e919379a8e4a9aa790852,1156500000,1,www.jj.cn/*
6b70e1e5d648a9d9071c4129b8cce6b6,1156440800,1,nc7.game201.com/*
6c4056bc43a4bddac5d96b6556639d68,1156442000,1,nc7.game201.com/*
6c5738dac4e3830d1c26d84aec420f49,1156310000,1,www.jj.cn/*
6ced27daa270c149f14c7ddf4ab6a4cd,1156131000,2,www.jj.cn/*
6dd27ff1cb0dc1ff03fc98dbe19bde8d,1156500000,2,www.jj.cn/*
6ddb24ee773c18d765cc752f33f92b37,1156450300,1,www.jj.cn/*
6de008aede78970a74bb535eab22a7bd,1156410100,1,www.jj.cn/*
6df8e59f6c40fb27b3659eb84602b08f,1156442000,1,www.jj.cn/*
6e6acc0d05618f5bfd640f8baadd7b55,1156120000,1,www.jj.cn/*
6eb81ac586159bb98568acc4edec2bc2,1156120000,1,www.jj.cn/*
6ef7d4b31db20628ed270953a317f02f,1156450600,5,www.1314game.com/*
6f118672e1cb9917207e500a523a45f0,1156440200,12,nc7.game201.com/*
6f88d6f67812c2617bcdfb167aba05b6,1156440300,2,hg28.com/*
712fc677881cd67cf896c46f24a99890,1156350600,1,www.jj.cn/*
717d2230b646bfdf8d6a7e5b42cff0c7,1156310000,1,www.jj.cn/*
71a306dd5e7f15370e607da8e8e95465,1156420800,7,www.jj.cn/*
725970ec09436962523778ea0f558174,1156120000,2,www.jj.cn/*
7269527540f989882fbd4d2ea8b36f65,1156120000,1,www.jj.cn/*
727e977bf815e94c17337a7ab3758d9c,1156440100,1,nc7.game201.com/*
738b7ad3d22ff934cd0b12ad938c148a,1156110000,2,www.jj.cn/*
757f354452a259f3f9017396da429e67,1156441900,1,www.jj.cn/*
75da26fccffc35c34930c1b622ebe884,1156330400,2,www.jj.cn/*
773488ebefd48abcb3ed8c42e2259b34,1156411600,1,www.jj.cn/*
77364c55f636525cc2c5314899075a73,1156500000,2,www.jj.cn/*
77cd204b0b91153f43d1089d4410236f,1156110000,3,www.jj.cn/*
785310a1c36c486e980710cc5e2c7066,1156520100,1,www.jj.cn/*
78cdc3358429c7d0a59e3020a520c1b3,1156110000,2,www.jj.cn/*
78e6950bf14eb8302ceb0e7c691e7d5d,1156500000,2,4747.com/*
79b6a60b64cd6eb025e41ec0d7354b68,1156420100,1,www.jj.cn/*
7a9d4378f2e38aadc3f87cd621e3b2ca,1156500000,1,www.jj.cn/*
7aa8622b2acebf9e0c2f6b0c875071ad,1156500000,1,6556.com/*
7b7f9a5fed23c39aed0f771895ca1ba3,1156520300,1,www.jj.cn/*
7bce792be1e838847d51ac24e6242437,1156441900,1,www.jj.cn/*
7bdd5dff779c741d23075b85bf061a54,1156441900,1,www.jj.cn/*
7c7313bd1c16ed0351ee4729ec2c247a,1156310000,10,nc7.game201.com/*
7c83d370c779514705d01367628cd447,1156130600,1,www.jj.cn/*
7cd6868f1ce18af1ac8ee15d2d7ff727,1156441900,1,6556.com/*
7d06866c3169d104501c80baa3969b08,1156110000,1,www.jj.cn/*
7d12323a3e39809db94f4df0dd44f164,1156440100,4,www.jj.cn/*
7d29cd29cb625737137aa095a8729192,1156120000,1,www.jj.cn/*
7d4e4e0ecd4a3e92f96e18298d48356f,1156500000,1,www.jj.cn/*
7d712fb7780bbd1c7af2c4f86ea07f80,1156120000,1,www.jj.cn/*
7da72364a196b0edc99570b515b32893,1156441900,1,www.jj.cn/*
7dc6bbf293d2dde75a1180f01d0a1ede,1156310000,1,www.jj.cn/*
7ddc5a98ec6dbdb1655a8379be2c61d1,1156510700,1,www.jj.cn/*
7e490148a6dafe3213b48bf91c5b2727,1156330200,2,www.jj.cn/*
7eb21977e79c8c52a0955e61440fcf62,1156430600,1,www.jj.cn/*
7ed563519adbbc1d32d47d6579dbcb50,1156500000,1,www.jj.cn/*
7efdd3d5b9e6d724ffdff423e5764230,1156310000,1,nc7.game201.com/*
7fc5f1b988b5ff36451712cc04b673b4,1156500000,1,www.jj.cn/*
7ffd596eea35b51b752ebd6fc3e03bec,1156441900,1,www.jj.cn/*
800f55df9e1cccd446bf47ed390f7a4a,1156120000,1,www.jj.cn/*
80532d778a4597a662df17d8c00c08e0,1156500000,1,www.9193.com/*
80a99a63788b019de4f4a397308f28e6,1156500000,2,www.jj.cn/*
81006b336adba6b3b4de3ec72450e45c,1156500000,1,www.jj.cn/*
8185c750994d1f7b3cfe3c5256384812,1156610500,2,www.bfchess.com/*
82370c7bc37b7d6eed24a41e2b4d9814,1156441900,1,www.jj.cn/*
838608bdd20a3a2be3251007af15c15a,1156450900,1,www.jj.cn/*
8395dbc13484582185c1ce477b3e300d,1156120000,4,www.jj.cn/*
83d1cc5f3bcd9b859560d8170ab4dbb1,1156532900,3,www.bfchess.com/*
84a3ef3303d980b0b5d019f6d91f2615,1156500000,1,www.9193.com/*
84b1979a733d4f3abdbba84d15bdf745,1156120000,1,www.jj.cn/*
85a0bd6d8acd1c4f2bac815d30a2ea7b,1156370600,2,www.jj.cn/*
85d96f0716ecb199d65991069bbb291c,1156450900,1,www.jj.cn/*
85f47a4531f81c657ae6a921f02311b0,1156451400,1,www.bfchess.com/*
86618b8a71352632f4dd760c14041b90,1156500000,4,www.jj.cn/*
86d7c7504860a4d5643a94ee5b9af974,1156441700,1,www.jj.cn/*
86eb9e6507fe750d572dbcc7436ad8d3,1156131000,1,www.jj.cn/*
87167fbd27c120f4390e7fece3d05c45,1156500000,1,www.jj.cn/*
8782dfb7514c00e2237b64f13f83963a,1156440800,1,www.jj.cn/*
88efa008c688e10ff4fefabafc12664d,1156440300,1,www.jj.cn/*
89f68a0e8431157bafa66585e77f8b24,1156431000,1,www.jj.cn/*
8aad2d0e9e89874f2d5fb24be395f019,1156441300,1,www.1314game.com/*
8b228e4e6e5f3cf229e09969e33f84be,1156500000,1,www.jj.cn/*
8b73fb7dd3976cb761ef579166bc04cd,1156230200,1,www.jj.cn/*
8c7e3c1a35df6bf7bb90eb0cba143898,1156500000,1,www.jj.cn/*
8d666aeda9309cfde7d657c2314b8534,1156500000,1,www.jj.cn/*
8e0c74306cb01b4b11196bef0422d7c2,1156440100,1,www.jj.cn/*
8e12d1c1191552adc53c788821f69f3f,,12,nc7.game201.com/*
8e61e04d5d268ae5b7612d6f5abba569,1156500000,1,www.jj.cn/*
8f237fab206e2c12e859eb78b328bf0b,1156440100,2,www.jj.cn/*
8f74d04f955bfe92c67ea623d617589c,1156500000,1,www.jj.cn/*
8fa9ef48b07c5ee99541664264b2f235,1156500000,1,www.jj.cn/*
90d31d1531ebe30ad8f861b83b358bf2,1156500000,1,www.jj.cn/*
9281b605fca4d7b3269f3133750eb22b,1156445300,1,6556.com/*
93d168d194085010a5669ee7743ac23e,1156120000,1,www.jj.cn/*
944bda2c3d5d2a99d09346f6e6a36059,1156441400,10,nc7.game201.com/*
95281a67e624028d385d61beff6bd4a3,1156450300,1,www.bfchess.com/*
962d9d5c70af6b2db70629f8208c9852,1156230300,24,nc7.game201.com/*
9663dc8890ae1a15d16cdf7ce4673ca9,1156120000,1,www.jj.cn/*
966737449e1953e3a5be77e64ee25ee8,1156440300,1,vip0036.com/*
97570b33aabfeedd3ef061bba3cdb5ce,1156451200,1,nc7.game201.com/*
98507a5e44f96624afd8e92be5aab41f,1156445200,1,www.jj.cn/*
98535ab00c18fc109a0c2a96aaef6785,1156500000,1,www.jj.cn/*
989a68fccfa78f03a10ed537b6706479,1156320100,1,www.bfchess.com/*
99af80c0d9a10353a96a3d926e5fefa2,1156440800,1,www.jj.cn/*
9a09641a9ac415e176c82417c06b8625,1156500000,1,www.jj.cn/*
9a21cccea9f61b102fc5cfa3f1ac7d51,1156120000,1,www.jj.cn/*
9a3b5dbb0fb3c8044764208ebd7d5f66,1156500000,9,www.jj.cn/*
9affcdf8883d762629ff5880b5c5a775,1156500000,1,www.jj.cn/*
9b7521ec35a6ba3de1a426e1cc2931f4,1156440100,2,www.jj.cn/*
9ba4ead6ca928ba8505ce8c2914a37bf,1156360700,1,www.jj.cn/*
9bdc419eb72b722777a70e121333e608,1156500000,5,www.jj.cn/*
9c30cee85fae91cba2458d022bf4751c,1156120000,1,www.jj.cn/*
9cff2ef2bebb6bc4a03da18e62b8cacc,1156511300,1,www.jj.cn/*
9d10dd8efa78748e246a5ee0313442ca,1156320600,1,www.jj.cn/*
9d3548a0f09be9efaf4c374d163f3ed3,1156500000,7,www.jj.cn/*
9d5b128e83e37b14a77a22c43cfd208b,1156110000,2,www.jj.cn/*
9d837020f7ce2cdbaa14aeeb302aa167,1156450200,1,www.jj.cn/*
9f21bd27d08a5ac34902b1b921dae932,1156310000,6,www.jj.cn/*
9f3647a0b00a32b4504c88665e858c4a,1156110000,1,www.jj.cn/*
9f71b529ffca571721630702fcc6e9ec,1156500000,1,www.jj.cn/*
a098fa31f997d14efa43c0973714ef81,1156120000,1,www.jj.cn/*
a1517a40dad93e7f75489f4aa041683c,1156441200,11,nc7.game201.com/*
a163cd58fb2f9489c3ea98f836c9e9d9,1156500000,7,www.jj.cn/*
a1ac0a835e3f5bb0f890a5df499e95e5,1156532300,2,www.jj.cn/*
a1f1dddfd6cc331412ee702c56df2dea,1156460100,1,www.jj.cn/*
a264e15c56288d2ccf8f18df9538ae0d,1156500000,1,www.jj.cn/*
a2fc2a877e5220b9f05dc1971c62533e,1156120000,1,www.jj.cn/*
a326a2378eda9b68604f3d2a7073067c,1156120000,2,www.jj.cn/*
a3825fcc5aae1e879b6021865c659bb1,1156500000,1,www.jj.cn/*
a402224f7a52192ed9af58e452fa85fe,1156500000,1,www.jj.cn/*
a48bcc9f50c5ea141095793f20599e7f,1156442000,1,www.jj.cn/*
a53aed8dcc5cd8ff36e166a007936918,1156500000,1,www.9193.com/*
a552dff6ac3c73cf58bd880da4ae21d7,1156440100,2,www.jj.cn/*
a55ac983a06536488a877b0937f41b30,1156110000,1,www.jj.cn/*
a577d360393578a0b8d15c4249f6641f,1156120000,3,www.jj.cn/*
a58ffdd3a96135b9b385428e524366ba,1156522600,1,www.jj.cn/*
a5b96d6a83d611224db3a8bb1c4ce163,1156500000,1,www.jj.cn/*
a65d400409ed04cd38ab328f6d8a4f49,1156441900,1,www.jj.cn/*
a73f376ac8531a34c69ffc63f0a0cf80,1156310000,1,www.jj.cn/*
a7523e9414e020a74caa10a56d607845,1156440200,1,www.jj.cn/*
a75c9bf2b628ef7cb4b42e4d612f4f7a,1156110000,1,www.jj.cn/*
a8d4324e0a30f52ea3437bf958904910,1156500000,1,www.jj.cn/*
a91caf308d8e92ae2545aad3cecda9ae,1156110000,1,www.jj.cn/*
a94df91c5e58748da97abf9159c0f224,1156110000,2,www.jj.cn/*
a9c56e579afab9f8a5c282dab805a446,1156130400,4,www.jj.cn/*
ab99568629020d7663f8518d36ef94af,1156441900,1,www.jj.cn/*
aceb51a75c908552364d7d92a4640a93,1156440700,1,nc7.game201.com/*
ad07cd25b13b99f0cf53c38171a9b9fc,1156500000,1,www.jj.cn/*
ad20348a61a3eeed4f5562d4d618622e,1156130500,5,www.jj.cn/*
ad4ee9465166afb5f2e6780d3763a6c3,1156130700,1,www.jj.cn/*
ae76104a7aca568f3d1f94d1f32b64e3,1156500000,3,www.jj.cn/*
aea6399dc61a365ace4b5b1555a39e0b,1156500000,1,www.9193.com/*
aec0eac0991828efb63651131186eda6,1156500000,1,www.jj.cn/*
af07547a1a147fb7a9fb590979c9d2ce,1156370600,2,www.jj.cn/*
af6e970ddcd07be0a9efbb72ea6750fd,1156522200,1,www.jj.cn/*
afa14a1ac04ba4bfaebfc634550018bf,1156441900,1,www.jj.cn/*
afa17c7b81de036f177cb9001bd69e12,1156500000,3,www.jj.cn/*
b03cd9670215d0aa1f3f2dd9ea0135bd,1156120000,1,www.jj.cn/*
b0fa35c0758fb9d34317e69c09057a3f,1156140800,2,www.jj.cn/*
b1046dd67bdd8e5592b8dff4411965c1,1156310000,5,nc7.game201.com/*
b1703b46b8f35ad290af78cd6d1c1ce1,1156440300,2,www.jj.cn/*
b17bd16f5f63cd98358d6d2a09803210,1156445300,2,www.jj.cn/*
b1c91e2946ac68e66c1792b9cbfbabf1,1156310000,1,www.jj.cn/*
b1d1d5c24d38ec8a2db0bfe564739af5,1156440600,2,www.jj.cn/*
b1e363a1b6212c74d2844c60dcca7a9b,1156110000,1,www.jj.cn/*
b1f79e6d9a80f8661431dc475182d3e8,1156500000,1,www.jj.cn/*
b25b5ec7b2854052256e2c7c82e82a7c,1156440100,11,nc7.game201.com/*
b262a0558a14308c8a843148465cf969,1156500000,1,www.jj.cn/*
b36f140ca2c1cfc9581aeb228f3570a9,1156310000,1,www.jj.cn/*
b389b8a74147a97ded74e492d2afb609,1156120000,1,www.jj.cn/*
b3a6db11d6f5c245970c992905ceb06f,1156340100,6,www.jj.cn/*
b4cf3bd5fec2ce309ac7f58f4fe52406,1156110000,1,www.jj.cn/*
b4de58b9ee8c826a4871754e94db5cc0,1156110000,1,www.jj.cn/*
b4ed7131c372bba5705e320d8efdea3a,1156440300,1,www.jj.cn/*
b561ec20963037e4dfd26477fe4c4ff1,1156120000,1,www.jj.cn/*
b647ff63feacc6104e8215de3782813c,1156310000,1,www.jj.cn/*
b64c33d12dc5b8d98cab390578cf36b6,1156442000,12,nc7.game201.com/*
b6f64326939b2c88f697e7fcd3873c2b,1156120000,1,www.jj.cn/*
b725f85f18f5b3a4bd23f3b4a976aea9,1156310000,1,www.jj.cn/*
b80246703d4adb59b9a0fb0751244a29,1156500000,1,4747.com/*
b8423436a253381ef38b1d032573f91c,1156440300,2,www.jj.cn/*
b851912d68ce8a60a63f60b31e0017fc,1156110000,1,www.jj.cn/*
b894b963e2963d32d1cefbdb8466de2c,1156410400,1,www.jj.cn/*
b8d1978946d3b0fb53eb362234a4f693,1156110000,1,www.jj.cn/*
b93e0c59397d217e27f3e27ea45ddbcf,1156120000,1,www.jj.cn/*
b969e289c978f277e940e1c88d187260,1156440900,1,www.jj.cn/*
b9de96a7253313ce5d27842ccb213fb4,1156310000,1,www.jj.cn/*
ba05b59ebd89b34a762725f2423719db,1156440300,1,www.jj.cn/*
bac006cb9ff6d102cfcdd3fe2c9f2445,1156441900,1,www.6789g.com/*
bad27fac12f488643a701fc5d1836f3d,1156440600,1,nc7.game201.com/*
bb3c80ae6be8f476b8605118f6894a28,1156130200,2,www.jj.cn/*
bbe7e519af3e0baca0eb90cdaa23ecce,1156500000,1,www.jj.cn/*
bc64a553be6af39a3dd53320e31a3100,1156500000,2,www.jj.cn/*
bcac8fdce22697b9382c6d71a6e391cf,1156441900,1,www.jj.cn/*
bd3c475438800635a525b68e3860459f,1156130900,2,www.jj.cn/*
be76f4c39ca18977424a3585ebbd0690,1156131000,1,www.jj.cn/*
bfca421a1785366109468a18a8a0ec9c,1156451200,8,nc7.game201.com/*
c11184262d5b443f875e078e11d6c0ce,1156131100,2,www.jj.cn/*
c229798674e90aa5ea2b18b1f76c5775,1156421800,1,www.jj.cn/*
c2c5deec1dde95a66a09cb8a2540d0c2,1156500000,2,www.jj.cn/*
c2ff2c9602799d361688f59ace126e66,1156442000,1,www.666365.com/*
c3f66d06ae37299f0913f0189f2d11b3,1156310000,1,www.jj.cn/*
c42ccf291ec14f03104cc08b3eedcbc1,1156310000,1,www.fuyun28.com/*
c49f335b48e622edf66b78231f2889ee,1156500000,1,www.jj.cn/*
c4f4c84c1bfea0135183f0a4f5fa5e52,1156500000,5,www.jj.cn/*
c64a6adb395060b4e2fd5a5bed8f8c06,1156500000,1,www.jj.cn/*
c7325986480d03011100c400e4eafff1,1156500000,1,www.jj.cn/*
c75decbfa9e8c483ff1995684da42133,1156500000,1,www.jj.cn/*
c79c93b27a94515e1692aad0dee49e07,1156441400,12,nc7.game201.com/*
c7a6378bbbe1f935945c9e358987602a,,1,www.jj.cn/*
c809af97999519578d66256f9a843a8d,1156440300,8,vip0036.com/*
c8ee95869116f3eb56ef824f2ee44ec7,1156500000,1,www.jj.cn/*
c9114edc8b695c0ab0f4aee74bc9325c,1156440100,1,www.jj.cn/*
ca0d6afda57581102cb2c1992edba428,1156500000,1,www.jj.cn/*
cb2189fd06c359d8b82003411d4d62e1,1156440200,3,www.jj.cn/*
cb9ef45c6e7eb010e6c6c48aa151a70c,1156440900,10,nc7.game201.com/*
cbeb05d66e3e8b9aa41d5171f17769b6,1156310000,1,www.jj.cn/*
cc3748a62a429c1204a059ef86a3847c,1156440600,1,9994.com/*
cca955f202eb14a4a8acf4b4522154fe,1156110000,1,www.jj.cn/*
cd0bf7cf42e156f6fcca862adda46676,1156130200,1,www.jj.cn/*
cd31249771799da5c69595f9d91cebf8,1156510700,2,www.jj.cn/*
cdcb3d6edc1a053e4dbee0775bdf1762,1156500000,1,www.jj.cn/*
ce37878ca47d2f834279bb7915ea728c,1156440300,1,www.jj.cn/*
ce616eeb086b7adbb8ede303e1d5a0f8,1156441300,1,www.jj.cn/*
ce66dd6aa5771415ff3e079b0ccdee57,1156310000,2,www.jj.cn/*
ce9d3b190db627cf781b994e4c5a24e2,1156120000,1,www.jj.cn/*
cf3d6918f10fdc927776f93c5662a1e0,1156110000,1,www.jj.cn/*
cf42e165da18106e0e330f8db38e5dbf,1156442000,1,www.jj.cn/*
cf648228c4917a278ba64b86d4cacd8c,1156445100,2,www.fuyun28.com/*
d02c7153b037a56bc3b19e331a383fb2,1156500000,1,www.jj.cn/*
d03f59510d08de487232a838d32ab322,1156451200,1,www.jj.cn/*
d06df24cc9f215908a9a9c230e4f4e39,1156511300,1,www.jj.cn/*
d155159c0b3cff27d738c9c6c9105010,1156500000,1,www.1314game.com/*
d17cb8ab5d6a0a92ba4abe7680700f6d,1156120000,1,www.jj.cn/*
d18e03185cfde98ab2ea82f8a581ce97,1156442000,1,www.jj.cn/*
d19d7135e95aa058ce762bc82aa2d8ab,1156310000,2,www.jj.cn/*
d23fed332e039630e5cb8bf2ea4569a5,1156500000,1,www.jj.cn/*
d3325a08620ede63616a468d5b65aaff,1156441300,1,www.jj.cn/*
d33fba657ca0d64faaccd0437eab0532,1156440800,1,www.jj.cn/*
d3fa90fed56ffb3beb6439396e1de869,1156120000,1,www.jj.cn/*
d4091b44eb7deddb8ef80bf9dea7e9c3,1156310000,1,vip0036.com/*
d436e33a70083b43374220f2c11f69a9,1156441800,1,www.jj.cn/*
d437025cafa3a4e2a40466f677676718,1156500000,1,www.jj.cn/*
d47c4881e4b5d2d54615c8cf5966ef1e,1156341300,1,www.1314game.com/*
d5061273b9d7b999f5a185a9c1ac5541,1156130900,4,www.jj.cn/*
d53e1eaec6ea721138bd8dc9fb042a4d,1156440300,2,www.jj.cn/*
d596fcb106b0f2998e9da7b0490a5fa1,1156440800,1,www.jj.cn/*
d66a4e6431fdbc356a78f50ec291ae4d,1156110000,1,www.jj.cn/*
d6767b39d0133c7a887b8c2810cdd595,1156520300,2,www.jj.cn/*
d7f8a3b36317dbdf2679cce9738d18d5,1156442000,2,www.jj.cn/*
d8660c24ca00f70b4795f0069b1b2303,1156500000,5,nc7.game201.com/*
d9302ad4481e3028735cdc298c44c5bf,1156310000,1,www.jj.cn/*
d9886181fcc1681722b523e5233f0ff7,1156120000,1,www.jj.cn/*
da5f508c33e60d5140e538f2554d3555,1156451200,1,nc7.game201.com/*
db85f8b9eca93a51175ee9709bfcf1c0,1156500000,1,www.jj.cn/*
dc08b62a10fcfdaec5c257183948d189,1156500000,1,www.jj.cn/*
dc6f1abdd54019a051b274976f9fc554,1156340100,1,www.jj.cn/*
dccef20d0988db0c164f4a9d4fdda145,1156500000,1,www.jj.cn/*
dcf316747a52066527774e26719e0554,1156440600,8,nc7.game201.com/*
dd7231f537fb2cef7130c9a1bea0b600,1156110000,1,www.jj.cn/*
dda07234e74ee6af8a900f1f647c5629,1156421100,2,vip0036.com/*
de0d1a27ac52cb7c881eb738238c2f8d,1156500000,1,www.jj.cn/*
de41092166554559d606a164845fb80f,1156500000,75,www.jj.cn/*
de4d7b66a287842ed3c83f6eedf9b69b,1156450700,2,www.jj.cn/*
df2b05d82d9b024f5e9017c8c00c1589,1156511600,12,nc7.game201.com/*
e073494340b55c67d10e8a27c877c7c1,1156441800,1,www.jj.cn/*
e310f810e9c6862f3e6f56068533e091,1156440100,1,www.jj.cn/*
e4bd892bf0fe47c0b0f22e59bb32681e,1156522700,8,nc7.game201.com/*
e4c67485e166c2c68af4e407b24b8fc8,1156110000,1,www.jj.cn/*
e4d542c9a8e88f8c5a89242ab46d2e78,1156445300,1,www.jj.cn/*
e5015ceeb0686a48a22044544e5a743c,1156500000,2,www.jj.cn/*
e50a07a94517ab68598a1dcd16f32dd7,1156451300,1,www.jj.cn/*
e51678ef18f1a56d697a6f8ab995332a,1156500000,1,www.jj.cn/*
e681c6241826ac75d97c80a0724a8f33,1156511600,1,www.jj.cn/*
e6826d00dc6766d5cf51c12c480a19d4,1156500000,1,www.jj.cn/*
e7cd16dc4281e2c83b8f70edd5b3188b,1156500000,1,www.jj.cn/*
e8346b6b9362bd1a037d17f733924df7,1156530100,1,www.jj.cn/*
e89e4789e07c743455dac3b25fece2a5,1156440700,1,www.jj.cn/*
e9b2568b5a849eaf641b377178ffddae,1156310000,3,vip0036.com/*
e9cea7b2be62f91654f7c17195850cd8,1156411300,1,www.jj.cn/*
e9d80c9e9ce6326727784dbee39a9204,1156110000,1,www.jj.cn/*
ea41f125b55faa4c77e2a1dc2ea16ea3,1156441900,1,www.jj.cn/*
eaa397f0f15b2613749cbe4e7ba6c969,1156500000,1,www.jj.cn/*
eb57d6627a758525a2bb5bd68b43cdf4,1156500000,1,www.jj.cn/*
eba2d93cd2d17eb994a65712f55b4d8b,1156120000,1,www.jj.cn/*
ec12dc09d9d0bf6b02b92ba628663fa7,1156500000,1,www.jj.cn/*
ec1afe465719f6896e6bb2c0902e6b6a,1156120000,1,www.jj.cn/*
ecea80e004dfbc865809dd39c126b37c,1156500000,1,www.jj.cn/*
ed28a1a6c782919f8cdd8ec20912b146,1156440300,4,www.jj.cn/*
ede332877fe1280e2d0b558b33ab0975,1156140800,3,www.jj.cn/*
ee120caa53f9af3b2feaaa0ffd1a347d,1156320400,1,www.jj.cn/*
ee184e0e9b3c0f06045947080233865b,1156120000,1,www.jj.cn/*
eeaaf55a732ddb72eb6f8b5938b96216,1156500000,13,www.bfchess.com/*
eecae5970d02f8bc28c60b7a67460ef8,1156500000,1,www.jj.cn/*
efc25964cd8e00055b266e042cb1cc95,1156440300,22,nc7.game201.com/*
f030fe8eb565ac3107afc33a6962b7c3,1156440300,1,www.jj.cn/*
f04cd824915613e894023e418c33bb8e,1156310000,2,www.jj.cn/*
f05bd40d1b554257adf74516513e8ec9,1156500000,2,www.jj.cn/*
f0d8892af8f947ed5c402cec446ff3ae,1156520300,1,www.jj.cn/*
f0ddc1d65b7bfa8f3ac0dbca06aacaae,1156120000,3,www.jj.cn/*
f14e57fff2c639e92e4e812188bb0d2c,1156120000,1,www.jj.cn/*
f1b2c19fd60482d794e8dd300b155303,1156440300,1,www.jj.cn/*
f1e0c4ac0f55298559179c24caceb0f6,1156120000,1,www.jj.cn/*
f23719d7f641cb47f52d947fcf7bfb31,1156110000,1,www.jj.cn/*
f3569ea3dce8010939be3f2c5eed4143,1156110000,1,www.jj.cn/*
f382310529be7a6e7b870b638f8aa64e,1156500000,1,www.jj.cn/*
f3fc29b4e1503715c6158ddde5ff823d,1156120000,1,www.jj.cn/*
f689b8cf2f55e3a3eeec29549621d73b,1156500000,1,www.jj.cn/*
f6e5767ca2c0a670239353055a1f36cf,1156440100,1,www.jj.cn/*
f71b5604d2a505cea66aaf3f806807f0,1156440300,8,nc7.game201.com/*
f7efb646de30e9caf0f7e3f72c2c562a,1156500000,1,www.jj.cn/*
f85e9b281d36e35e4cc1184c4bc30d48,1156500000,1,www.jj.cn/*
f89c3ee9bfdba0b8552931f34180a800,1156440100,1,www.jj.cn/*
fa06f1b5ce63b656ad78d8a9af4eb8bf,1156340100,6,nc7.game201.com/*
fa2bee00d68e19b1af20e2065bf60c00,1156500000,1,www.jj.cn/*
fa6644b13e149d7110195454ee130049,1156500000,1,7811.com/*
fa8ba82b5dfccf7c4866453143090072,1156500000,1,www.jj.cn/*
fbd4687620f1765bac24df8bf0a9b527,1156441900,1,www.jj.cn/*
fc30e91c2ed888a6b205e043d9723235,1156120000,1,www.jj.cn/*
fc46402a3a1390d30782439768c15ac5,1156500000,2,www.jj.cn/*
fd8740c1028da44db63a017e98a30930,1156500000,2,www.jj.cn/*
fdaa5973f5146cf2c420eaf2a2147dd8,1156360700,1,www.bfchess.com/*
fdbebd0a734e4e5c5be6e100335f4f46,1156371000,1,www.jj.cn/*
fdc9abad5fec40d54460228340d9679d,1156440100,1,www.jj.cn/*
fea6d4dd453381491c2c69c2015bf3ae,1156110000,1,www.jj.cn/*
ffc49fda212aa910d8abc6fe628e0ddd,1156500000,1,www.jj.cn/*
