00742ab6e1a7e956327abe26c674f423,1156410900,2,www.asiod.com/*
00846ee076127855ad6a50ce509d6d6c,1156610100,24,shjspa.com/*
008a8e953b57c9795590b0c36d0f7353,1156320200,2,www.yahuangzi666.com/*
00bd49ab32cf381065f57abe7ab5b57e,1156630100,111,m.laoaitang.com/*
01ae6a1647abc978cadd2e53a2499f07,1156421200,2,www.asiod.com/*
02084bb3f08d4fb6f18d74806501b18a,1156370300,3,m.chenyitang888.com/*
02538a3512ad32b7a6114ffc72f29ee0,1156341600,1,m.yalaida.cn/*
02c417575c3af8dc9cd1793259a00f54,1156341300,24,www.bjmaidao.com/*
030ab5ab9cd069650eac84c4f0f99481,1156330300,2,www.cqccyd.com/*
036420f380458a06536b0b36074e9a71,1156130800,28,x.wakucy.com/*
046ba28fa445770fa40d9108f1ee52aa,1156510100,3,x.wakucy.com/*
051a95f2e839b0590473d0d917b9ebae,1156330100,1,www.fengkuangxiaochuan.com/*
053d0d7c79bbc5ba5f66eefacfc8e36d,1156330400,6,vip.bc5868.cn/xdt-m/*
057384f23ee844e4e9492614b43e698d,1156370900,5,www.yahuangzi666.com/*
0654e1f33e51d0730a8a1c73dec76fb0,1156610800,1,bdzsc.zsld39.com/web/2118/14844/20390/index_tpl.htm*
065b2ffcb7bdb9b98f5d8d99927bda28,1156450600,1,www.gzgytyf.com/yd/index.html*
0688f18528c3e65dd153b164ba322a9a,1156341600,19,m.chenyitang888.com/*
0749b28b307efca0ac615d6d29b00f5f,1156520100,4,m.chenyitang888.com/*
079043057170abed8c16a0c28a069483,1156610100,31,shjspa.com/*
07b938b444d93bc7bb34973c5b86e3d4,1156451000,59,m.chenyitang888.com/*
07d4a0c4fabb8ec172cff6c5a5098c9a,1156330100,1,m.laoaitang.com/*
088c93c9feca0581ce212b344c5d757f,1156440600,1,www.gzgytyf.com/yd/index.html*
08dc1cdc86b88a5d6598d99254de7ed5,1156110000,21,m.chenyitang888.com/*
08de463312b752f3f8f89b817d6a7cd1,1156341300,23,m.shanrui365.com/*
0907778441e1edf5ed97905132b859ef,1156320200,1,m.zsld18.com/web/yiyangn/index.htm*
09a4bcab53b7e14c41a888123110f01b,1156510500,3,www.asiod.com/*
0a2ca3f88a1ef0aa53ae5f5c311e29d0,1156130500,3,www.asiod.com/*
0ae0af004e9f5ac564c816fd8e1a101d,1156360200,2,m.chenyitang.com/*
0b282d9ef54c7526acc18e3a744befaa,1156330300,6,www.yahuangzi666.com/*
0b343beb03360fbc256706368bea1a61,1156532500,1,m.yalaida.cn/*
0b9f1e06b21eafd8a99c73db3fdc62d6,1156130600,1,bdzsc.zsld39.com/web/2118/14844/20390/index_tpl.htm*
0c2c73c57e534cb2aeeb9b12147ac128,1156511000,1,vip.bc5868.cn/xdt-m/*
0c3531072e3528c3fe75f30cef3d8c79,1156500000,1,www.yahuangzi666.com/*
0c4fa1879e124aa5f33c8d697a474568,1156330100,1,m.yalaida.cn/*
0c85e8df2ac51c1b6a5969cec74a14db,1156370500,4,www.yahuangzi666.com/*
0d0942c4c7f5d0e665d01535b91178bf,1156500000,1,4g.918523.com/web/yuanyuantangyangsheng/*
0d298b9b951fbcf1fdf75c330db4ff0d,1156520600,1,www.bjmaidao.com/*
0d31f160ba23f5dde8cdf608fb9d4862,1156610200,29,www.bjmaidao.com/*
0d410d656c80a1fecd1c467dd8a10a6b,1156110000,10,www.bjmaidao.com/*
0da9503e127ccad6c96c1f962298661c,1156340100,1,www.gzgytyf.com/yd/index.html*
0dcdcdd5e57354572ae7354fb94b9bc0,1156341300,1,m.yalaida.cn/*
0dcff01a5a396f0923d6e607a286273e,1156500000,1,m.jiamengs.cn/cuijiatang/*
0e74fa983f09f71c0c11ab350e695469,1156360500,26,x.wakucy.com/*
108468c550e3fae87181f204b28e50c5,1156520500,1,bdzsc.zsld39.com/web/2118/14844/20390/index_tpl.htm*
10b718c0b2892f66353d5eb8561483f6,1156520100,1,bd.sjh521.cn/7072/70726359/wap/*
112b22a64b818c867700eca164dd16a1,1156530300,20,m.chenyitang888.com/*
11506f164dcc79e4a75473bfc0960d91,1156530100,6,wap.spider360.cn/web/yynjkshg/*
11efac6682602fbaf154d662b983cf13,1156500000,14,vip.bc5868.cn/xdt-m/*
11f28480e6587bed1f136fc6295636b9,1156610700,20,m.chenyitang.com/*
13e56aa9a399bc2b224b0c87ea5ecfea,1156370200,9,x.wakucy.com/*
145ab4c0791d94f2e04086f81e32321e,1156340100,10,m.chenyitang888.com/*
152ea89e5249c1afb654da51c759c8b0,1156440100,269,www.zhongaitang.com/*
154170438482ec1d8524b4e78275596b,1156650100,3,m.shanrui365.com/*
155f97b82e531da269e2351825ac833b,1156410100,24,m.chenyitang888.com/*
15851b3431e391e1fedd994f4c75cd06,1156610100,2,shjspa.com/*
15c518bf297a080b0d9b322676174717,1156341500,1,www.wxth188.net/*
15c84dee1f0771622f4515d77801f966,1156610800,4,m.shanrui365.com/*
1663928b862e2579bf1b9503ddb37685,1156430500,1,m.yalaida.cn/*
16be50d1999feee64a63657b1c7d3691,1156340600,2,www.yahuangzi666.com/*
16d7153c60ffd133765ed26c2fd261b3,1156510100,10,m.chenyitang888.com/*
16f5b8ed260fe97948cc9941f3729aea,1156341500,1,www.cqccyd.com/*
1755317e2474a8b6cb86864eac3f317f,1156441600,32,m.chenyitang.com/*
17e2fff9e06a60e12745ac6480600e62,1156520200,1,www.gzgytyf.com/yd/index.html*
1853d4aa360f7eef3417274e49ff4f26,1156370200,59,www.bjmaidao.com/*
1855cc958b8eba1551c5546fd1d15366,1156330800,1,m.chenyitang888.com/*
18da6bbc906cf384decd7b99a486d3f9,1156341600,5,www.yahuangzi666.com/*
192a20d7c8eb4cf025f1be85b80cc7dc,1156441300,36,www.fengkuangxiaochuan.com/*
19705a46db27028bc517fd69b0e530a3,1156370500,1,bdhkwl.zsld78.com/web/1979/12730/15961/index_tpl.htm*
19c0a4aebc70c1c113231d9cf410af88,1156500000,18,m.chenyitang888.com/*
1aea51d6b722ae12b5a4967f3eb31cd1,1156511300,5,www.yahuangzi666.com/*
1b3cc54ecf237fff2d7645928ea1a7cd,1156522700,26,x.wakucy.com/*
1b5bffc32dc79eedbe082f5a98b7df95,1156350600,6,m.chenyitang888.com/*
1bae6cfc8d391f968cc34778aa84490f,1156110000,2,www.gzgytyf.com/yd/index.html*
1c0d8b1a712d08f34f87249c3be62f0d,1156420200,1,www.gzgytyf.com/yd/index.html*
1c5eea557e98b71d87689a0377d35711,1156530300,2,www.gzgytyf.com/yd/index.html*
1c9dc87e0d306ab21e9d3320e7951f62,1156350600,13,m.chenyitang888.com/*
1cc4cbb936d5275c0418d0e7e72780cb,1156440300,33,m.91jmw.28n9.com/proe/137682/*
1d6e7f9dbc345354b4c53aa97928fd48,1156130300,1,bdtxwz.jmpingtai.com/m/xyfy/*
1dbb089d4c3bc6a149a8738747fd37d0,1156370600,1,m.jiamengs.cn/cuijiatang/*
1dc42d9b66ffeb2246d9245579fc2b42,1156442000,1,www.asiod.com/*
1e1875981e32b37ba9e65c3b1185446b,1156110000,1,m.zsld18.com/web/yiyangn/index.htm*
1e5da5b7b9717b969ef7c06833de3c18,1156510400,21,m.chenyitang888.com/*
1e7f7ab91e36f1b9812c744906e66e95,1156610100,3,shjspa.com/*
1ea39e6f9afaaae40be7b4409b3896b5,1156610100,16,shjspa.com/*
1fd77ee99006dff17b19029210f99a42,1156120000,1,bd.sjh521.cn/7072/70726359/wap/*
2012ac22309ebc7e12757a1036ff383b,1156341600,45,www.cqccyd.com/*
20455531801d567dd22f1083ef154782,1156340100,1,m.yalaida.cn/*
20702750462adc7675b4f0c4b6f64346,1156610900,1,www.gzgytyf.com/yd/index.html*
20f1963ccd2bc2c6593a347e89d84536,1156530100,1,www.asiod.com/*
2123771447b257d6c84f1ef0184165dd,1156440300,4,m.chenyitang888.com/*
216fae89e18811af81505ad99b29a278,1156331000,34,www.cqccyd.com/*
219c7bd5c0e5b0102ffcd12f63779465,1156421300,1,m.chenyitang888.com/*
21e43fcbf3b5284ee71299abbdc87cdd,1156320500,5,www.wxth188.net/*
225ec1753d6a71000f91e5e4fb324c6d,1156610400,1,x.wakucy.com/*
228d91dd27c640ccdfa3e62483804de7,1156410800,1,bdhctz.zsld63.com/bdhctz/xyz-kyc.html*
22c23b9bc36b6eef03f1ffa4795eb184,1156360900,12,m.chenyitang888.com/*
22f8d838c33e8a8ced97c30c8e64a0c6,1156370600,1,www.asiod.com/*
233f6263832ab0fb240ecccd16264b31,1156130200,1,bdtxwz.jmpingtai.com/m/xyfy/*
23ce86a5070c95a3c40bd0d73148473d,1156350600,2,www.gzgytyf.com/yd/index.html*
247fde6a02c3bc9d33569e907c51551c,1156341600,1,www.cqccyd.com/*
24e05536707f0aac9c2eb1d2c769f569,1156520200,2,www.asiod.com/*
250ff0cc319a5b132abf1f6f15af3824,1156610100,4,shjspa.com/*
25e228146c6500d1885a2a7782c39b19,1156610100,34,www.wygjjt.com/*
25ea5a811c770d0a3099430001930170,1156451300,17,vip.bc5868.cn/xdt-m/*
25fd104bdb196a80ef44138c4368fc5e,1156533100,19,m.chenyitang888.com/*
260f2de880f697a3700401c6f5a229d7,1156610400,3,m.chenyitang888.com/*
27a20cb036a93b7e0fb20053c72b32fb,1156330700,1,www.zhongaitang.com/*
27f28936440e195788cecee436fa369d,1156610100,7,shjspa.com/*
28d31b9be6694c1f7058820db19cbbf6,1156410500,1,bdzsc.zsld39.com/web/2118/14844/20390/index_tpl.htm*
28f51bb033ea2cf8052c5f3742e2aeb7,1156610500,9,www.hjyyd.com/*
2a0e4117dfe7f083d4f5fc76714eb7c3,1156411600,1,www.gzgytyf.com/yd/index.html*
2a69a04c0a55857c0406c98c44b90e1b,1156341300,17,m.chenyitang888.com/*
2ad35dad56cd737686332974239f4202,1156430500,1,www.gzgytyf.com/yd/index.html*
2b7daca98bcd6264249d915c1e546a30,1156361100,4,www.yahuangzi666.com/*
2be3cedfb4328fdcfb783190e4ea5544,1156130500,36,www.wygjjt.com/*
2c1cf1091d2daa8f393b2e30aea27bcf,1156110000,20,m.chenyitang888.com/*
2c252cf1960beeed7059512f0e1f9df8,1156441900,10,m.chenyitang888.com/*
2cb223189cea0e15296b5bf13ccda536,1156110000,20,vip.bc5868.cn/xdt-m/*
2d2a2b48751bb6c7b0002175e3b97588,1156370400,1,www.asiod.com/*
2d3e080b036ebaafa037cb5f324ad6a0,1156610900,1,bdzsc.zsld39.com/web/2118/14844/20390/index_tpl.htm*
2d597f121394305db3cb4ede8a8ac46e,1156310000,1,m.yalaida.cn/*
2da6360c6dc2380757aa9565723788b8,1156520300,2,www.gzgytyf.com/yd/index.html*
2e24db4654c70c66aab144f0e11f9ceb,1156320600,20,m.chenyitang888.com/*
2e2f9cac8996f484755e56508040689a,1156431200,2,4g.918523.com/web/yuanyuantangyangsheng/*
2e3a4fa5b6804453bbee37f366b3dbfc,1156500000,1,m.chenyitang888.com/*
2ea48e6cf3d7dcff1a1712527b2e9951,1156440100,1,www.gzgytyf.com/yd/index.html*
2f0a415de907f535c702979832347653,1156530100,1,4g.918523.com/web/yuanyuantangyangsheng/*
2f5747ff72326cb38193742993fe1b33,1156620400,1,vip.bc5868.cn/xdt-m/*
2f5d428999c14b014def0a2008274df4,1156220100,1,www.yahuangzi666.com/*
2f7abeddd515ad1067e80bfab9a02060,1156360700,1,www.gzgytyf.com/yd/index.html*
2f8b29e5fad9bec9c21d502be342a788,1156440600,5,www.jcxiangwei.com/shaokao/wsk/*
2fd591ccbcdb87d0a8b944880af27e78,1156500000,1,www.yahuangzi666.com/*
30b7963cc13be423c218f5fa1792950f,1156522700,2,bd.sjh521.cn/7072/70726359/wap/*
3100a801631b95e806f6d30792e5114e,1156131100,1,www.zhongaitang.com/*
316762df27c86d8ea4629bd9d191de24,1156522400,21,m.chenyitang888.com/*
317b0dff3bdd3d97070abb05e9ce5ff1,1156431300,1,www.gzgytyf.com/yd/index.html*
318f0f85daab4b5388fd81f9576eaaf3,1156520100,26,m.chenyitang.com/*
31b11baead55fa62b1324fe4dbe81884,1156430500,3,www.asiod.com/*
323c6401512799cb94def980da1d7f44,1156370600,1,4g.918523.com/web/yuanyuantangyangsheng/*
326aeb2b39287ec3f49d28ecf41e650c,1156610400,19,vip.bc5868.cn/xdt-m/*
3277e833cd992a1fb0fd06d4f2048d76,1156440300,1,www.gzgytyf.com/yd/index.html*
32a158b12763233af87ea138bd2467d3,1156522400,1,bdtxwz.jmpingtai.com/m/xyfy/*
32deed8cc1e3cbe763e49ff5a8bf8f1c,1156220100,3,www.wxth188.net/*
33313918d1357f6caf03a92de09b4a92,1156650200,1,www.gzgytyf.com/yd/index.html*
33413a3be520a686a02c4597aa5e14e9,1156220100,58,www.fengkuangxiaochuan.com/*
336e02197adc95322433f6345b291557,1156110000,15,m.chenyitang888.com/*
337a194796ef08d29b0c3aea97057353,1156340100,1,www.bjmaidao.com/*
33ed39e6be6093d2e3a51fed2e66a96e,1156450300,20,m.91jmw.28n9.com/proe/137682/*
344df0dfaef0017a91603766a1c4a607,1156510100,13,www.scsl518.com/*
349fb9dd40cff02e2d0f2afec85815a9,1156522400,6,m.shanrui365.com/*
356d3a9df9b6d5cb79537d2d8c1a4255,1156350500,35,x.wakucy.com/*
35997bb6d17663dae9ffcc7c2c4f0e8e,1156510100,15,m.chenyitang888.com/*
35a906a46cefbf0b7103507ccff2287f,1156430600,1,www.gzgytyf.com/yd/index.html*
3622f468f65f5ecf152ac22c097942ea,1156341700,2,bd.sjh521.cn/7072/70726359/wap/*
368330d67006d8fbc23e039b459d199b,1156530400,1,m.shanrui365.com/*
378b7daaa8beee7715522a3ee7d4491d,1156500000,68,m.shanrui365.com/*
37dc958e3cd7ad91fca72c9eb0ce9d3f,1156610100,1,www.wxth188.net/*
380d782706720f41dd9a67077fccf6c2,1156421000,25,www.bjmaidao.com/*
390a862bc5d03fbcc1f8b2fac8c70a48,1156500000,1,www.yahuangzi666.com/*
396bd3f7afbc5716b5769f16bc54339c,1156610100,1,4g.918523.com/web/yuanyuantangyangsheng/*
398f4e515728b2662dbd357a41e70d39,1156610400,1,bdzsc.zsld39.com/web/2118/14844/20390/index_tpl.htm*
3a3f6584a39d46a1ff91c0236d2567c5,1156610100,24,m.scsl518.com/*
3a75423fab8752a4bdf073a976e1125c,1156520500,1,www.asiod.com/*
3b200e9b94eaa55354cd1c98b40b128d,1156610100,24,shjspa.com/*
3b742a7845928d089ac7a8b60c750d4e,1156310000,1,m.yalaida.cn/*
3bb67833a1604109787669c9eabb248c,1156410400,2,www.asiod.com/*
3c8e73bb867db45f7f0f5db1e5e0221b,1156530100,2,www.asiod.com/*
3cf634de8844ee3eda266a3a863a5d63,1156130600,1,bdtxwz.jmpingtai.com/m/xyfy/*
3dd459b75ec6100b3af97a00447fb5b0,1156350900,3,m.chenyitang.com/*
3de0512e9d53af13393bdab256e8c58d,1156360700,1,bdams.zsld57.com/web/2176/13560/17650/index_tpl.htm*
3e0a5be732355f9d980e5678f5c58ba6,1156131000,20,m.chenyitang.com/*
3e3c29898c305989a13999053e99b249,1156340600,1,bdzsc.zsld39.com/web/2118/14844/20390/index_tpl.htm*
3ed7c0dc5b9b13d6f227ca4368ac25f9,1156450900,4,x.wakucy.com/*
3ef09e0996a66862000040012e6aad6c,1156500000,18,m.chenyitang888.com/*
3f1d1d03cb85e95f4eb7613d80f46edd,1156441500,4,www.fengkuangxiaochuan.com/*
3f34988cf1ebe828a18c7d4318493d56,1156341500,3,www.asiod.com/*
3fd77b6b9c6e460e4391a4acbef25bcd,1156431000,1,www.heiyachang.com/*
401d4f04502f2a044cdc43cf19258f70,1156410100,52,www.bjmaidao.com/mobile1.html*
40230279d9115aab3732a1ac3838cf59,1156510100,5,www.bjmaidao.com/*
403a74e7cf506cd6eed21b443d7349ee,1156450700,13,www.bjmaidao.com/*
410db51c2f54e574bb0dceca1df0211c,1156442000,1,m.yalaida.cn/*
4191db8f7a8ae0833185c11f0f88eadd,1156422800,5,m.chenyitang888.com/*
4283c62618c6d268a29a954ae5d8f815,1156340400,5,x.wakucy.com/*
42b3193ee1dc91a52c3bf8bb1b8781ff,1156530900,24,www.bjmaidao.com/*
4309fffa5b4014d6654ba29b0562200b,1156500000,16,m.scsl518.com/*
439ad20bc37ed8ae76124fe3e5601728,1156511500,23,www.wygjjt.com/*
43fb2c8f1382e17267d1ecec9f3f64fa,1156530100,4,bd.sjh521.cn/7072/70726359/wap/*
4469a9eb260dd0a0d8dd45bfe4eb7df7,1156411100,1,www.gzgytyf.com/yd/index.html*
45238f6f7b716fe94d2ed0edea430e85,1156370900,8,www.yahuangzi666.com/*
45a5277a56f83f4c52d4b50f6c140c2b,1156430100,94,www.zhongaitang.com/*
45adbce95d31479ca08f12b9bcd602dc,1156110000,1,www.yahuangzi666.com/*
46c224988ce9010996ad536eb0d29a9c,1156450900,19,m.chenyitang888.com/*
475c2e401a8d6f29eb6301508c7847df,1156341500,29,x.wakucy.com/*
4911699234a6cac0996f686a8ac64309,1156513400,3,www.asiod.com/*
4aacadc812bd4117bbbbcf41c96c31f7,1156310000,1,m.shanrui365.com/*
4ae761803e1db464350c1ff7611f15ea,1156350700,38,www.bjmaidao.com/*
4b87de3d9b22edb9d4484bc3605b1e33,1156340700,4,m.chenyitang888.com/*
4c49ef4b521aa6cc0d4883620d605c1f,1156361100,1,m.zsld18.com/web/yiyangn/index.htm*
4c978a28a1da1e2cb24ab858ad0a8da2,1156410700,1,www.gzgytyf.com/yd/index.html*
4cdca6084531a47f69e2216550c033a7,1156340200,1,m.yalaida.cn/*
4d0b4dde649554f87956b792e55329d2,1156421100,13,www.hjyyd.com/*
4e42856e901d65d7ca5b5f440436bef1,1156140100,1,bdzsc.zsld39.com/web/2118/14844/20390/index_tpl.htm*
4ee509146704c840aa7f2cf3853f150c,1156341100,1,bdzsc.zsld39.com/web/2118/14844/20390/index_tpl.htm*
4f8dbe4a8450635240ea6887b84eccc7,1156430100,9,m.chenyitang888.com/*
4fb458c1ed46320a8071a211a892d73f,1156410100,2,www.asiod.com/*
4fbd8870288f0f1f2369ad5a920b88e4,1156340200,1,www.asiod.com/*
508ce3c6a7bcccadf511bb0782259f2f,1156510100,1,bdzsc.zsld39.com/web/2118/14844/20390/index_tpl.htm*
50e8a5eb871a992ee14407be3d464fe5,1156510800,1,bdzsc.zsld39.com/web/2118/14844/20390/index_tpl.htm*
514b2a2b9baca1e71ed5b2573427d898,1156340300,2,www.asiod.com/*
515ce04a34085d76954cc5a06b159dd1,1156310000,18,m.chenyitang.com/*
51ab2b6fe494de11ffb008d22ac1aeb5,1156371600,15,www.bjmaidao.com/*
51c10fd93acb7fa47cba1ff7d91ccd0a,1156130200,2,www.zhongaitang.com/*
51d7049dee4cc73cc623ac6834424e78,1156341600,58,m.shanrui365.com/*
5238a538191fe7050e446d94c0a34703,1156350100,1,m.zsld18.com/web/yiyangn/index.htm*
5280eddaec4bec13a1a9f61bc74588ed,1156532600,1,www.yahuangzi666.com/*
536c054ad349df963484ee0a08a5f8f5,1156330700,1,m.isjmw.com/yyt588/*
53b15303888da275f26964e1a46517ad,1156430100,24,www.bjmaidao.com/*
53e63e81210cefa4b2bbbbfd493a5844,1156500000,43,www.jdgyys.com/tuiguang/duhu/motg.html*
5425e02be3f1b93cc903170420c000f7,1156350100,1,www.cqccyd.com/*
544af828e1ff5b5ec76178632c0a51fe,1156421300,13,m.chenyitang888.com/*
551eca7870c02bd5a5015fbbbd39fc8b,1156530100,11,m.chenyitang.com/*
5746b3f041cd0063fc559a5bfaecdbca,1156341200,1,m.yalaida.cn/*
5783864a2b528ccda3653c6b5a5e2291,1156610100,1,m.laoaitang.com/*
57e6a5b33636bdf1266c6573734267fa,1156330400,1,x.wakucy.com/*
59bcf1d04188a44cce176059a356185e,1156421800,12,m.chenyitang888.com/*
5a69b19b234893e5db6b1e003f5bd6c1,1156520200,63,www.fengkuangxiaochuan.com/*
5a7f212fb526f29ce5be544e7939debc,1156520200,1,www.gzgytyf.com/yd/index.html*
5ac52b10f589a06c4d49d03a33a9a2e2,1156420100,17,m.chenyitang888.com/*
5b4d28bc8f2e18114be667dcf57b2fb5,1156610100,1,m.zsld18.com/web/yiyangn/index.htm*
5b96a0391a06ad3f37b0dafe08fb5e69,1156610500,2,www.yahuangzi666.com/*
5c14fa7577bcde79668a0044a13e2aa9,1156510400,1,m.isjmw.com/yyt588/*
5c1f2cfa6e92507fc9f98b10dd16a944,1156130400,1,www.bjmaidao.com/*
5c78124dd6a6e1764f0f5453d30539d5,1156511700,1,m.yalaida.cn/*
5c8fc64b74683b68e8957361fd5b0605,1156610100,1,www.gzgytyf.com/yd/index.html*
5ca56d221bb55cc555710fb42af9266a,1156220100,23,m.chenyitang888.com/*
5cb080a281100d994cd2bd17672ec6f8,1156110000,50,www.zhongaitang.com/*
5d4fe7156dcd637003832dd41bbda909,1156430400,33,4g.918523.com/web/yuanyuantangyangsheng/*
5dcc9734c24520ea1b9584d98dafb467,1156131100,3,www.asiod.com/*
5dce9cabc95066bd3068dfafd4eebdba,1156510100,1,www.gzgytyf.com/yd/index.html*
5e34cb0d1395816b3dbfcd5edfa550a3,1156500000,2,bdams.zsld57.com/web/2176/13560/17650/index_tpl.htm*
5e7cc851b9b57f7fe04ea7d8f8b23aee,1156341800,24,m.chenyitang888.com/*
5ed9a8c868ad1d181771d684bef27382,1156530300,1,bdams.zsld57.com/web/2176/13560/17650/index_tpl.htm*
5f8bbc561c781b829fa0ea8aa22d4185,1156530600,1,www.asiod.com/*
607985e4e77616b5e8e858dcca4c271f,1156431300,1,www.gzgytyf.com/yd/index.html*
60942d21b63847413cb1d264eb398679,1156341800,1,m.yalaida.cn/*
60c27bb34792d69bbdf69066c283befb,1156610100,1,m.laoaitang.com/*
60da4926f90658119114f17ebb8802d2,1156350500,6,m.chenyitang888.com/*
6198c20d130a3cb343c0fa78a5b9b698,1156610900,18,shjspa.com/*
61a1783aa5eb8b8627f2f39d0033afc9,1156370700,12,x.wakucy.com/*
61e62a982dafa04b5b762f9d83c836f7,1156310000,3,bd.sjh521.cn/7072/70726359/wap/*
62c33f14c5f1c37bd570e3e2b6cbdcb9,1156110000,25,www.bjmaidao.com/*
62eb1beb36a9b5afb7c573158e1ef4c0,1156440100,6,m.chenyitang888.com/*
6348536d73af98088b991ec325fdfc9b,1156330100,24,www.wxth188.net/*
63bff95508f980091ff64243e1944af6,1156511100,33,x.wakucy.com/*
63d9c74813c5a2af16d59648387da398,1156370300,2,m.isjmw.com/yyt588/*
63ec2231914c0969d70046fd61d2ef39,1156510500,3,www.asiod.com/*
6404b3cffa4586cdafbac2b02566ef43,1156320300,78,www.hjyyd.com/*
6408f2a9b0064136fde239fdf1ae2124,1156421000,1,www.asiod.com/*
64d91f68201a822f31cb102476d72a47,1156350100,3,www.asiod.com/*
65fde666abf04bc9559c5d17bbf609bf,1156340300,1,m.chenyitang888.com/*
6665c06d6a72784c91b8e833c95165bf,1156131100,16,vip.bc5868.cn/xdt-m/*
66c2c7bd43a575db4f5091a41ef390d7,1156370700,1,m.laoaitang.com/*
6730c3fd5c4ab1977aaef5386845d826,1156341200,1,m.chenyitang888.com/*
686e0ecc922f4208fca721dbb6a5ccee,1156360600,39,www.cqccyd.com/*
691b2c734d06ec00643adc6d328068b9,1156530300,29,www.bjmaidao.com/*
698a04edff36a04449796c1ea5de8881,1156440100,1,4g.918523.com/web/yuanyuantangyangsheng/*
698a0e411f8b13252ffabff24f55e590,1156130900,1,www.gzgytyf.com/yd/index.html*
6a3e004f44c32161abd7d3625b417e20,1156510300,2,bd.sjh521.cn/7072/70726359/wap/*
6a76ef0eea79d15611bfb16821053d17,1156610100,1,4g.918523.com/web/yuanyuantangyangsheng/*
6ae68042ef489456ef5aa91fbe6f1407,1156130100,1,bdzsc.zsld39.com/web/2118/14844/20390/index_tpl.htm*
6b17bd0d62c581a6132a2136d3a5c78d,1156320300,1,m.yalaida.cn/*
6b573e6031e49a4d2388e47ba97d3325,1156451100,52,www.bjmaidao.com/*
6b6841778b6345903c049643328d07f5,1156350500,9,m.chenyitang888.com/*
6b8162bce48585beda4ceebc474ce820,1156330400,4,m.samerv.cn/*
6b8779f6d87492f124b2f8b1e1195188,1156500000,1,www.gzgytyf.com/yd/index.html*
6b9a7f6db00fcdba924e782f4e26ead2,1156130100,3,www.yahuangzi666.com/*
6bde3dbe2d6c7db56adb59c0fbaa408f,1156220100,3,m.shanrui365.com/*
6c08461ab9355beb6b4ab79230e199ea,1156511400,1,www.gzgytyf.com/yd/index.html*
6c2ba53a23cba7a08d77e27aa0c85d1c,1156320100,1,x.wakucy.com/*
6d3760def32db2ab1b1ffa8a8179c614,1156330100,79,www.yahuangzi666.com/*
6d9cf27121b525778daf0dfaff44e2a9,1156410100,70,m.shanrui365.com/*
6da79b4d75a4188211df36103841e25a,1156440300,40,www.cqccyd.com/*
6e4c1a10350e31db04dfdb02c6d331b7,1156340200,1,www.zhongaitang.com/*
6e6ea41b4cfd2c1082649a8580dd56cb,1156450500,4,bd.sjh521.cn/7072/70726359/wap/*
6f8583b675c79acd3c434818f9c97377,1156131000,1,www.gzgytyf.com/yd/index.html*
7084f7007a75c5f4a0af8ae4f6cb8c7c,1156310000,1,www.zhongaitang.com/*
70a2a5f89f69428b2899ee871f0e968d,1156341300,1,www.yahuangzi666.com/*
71895bc65547094cf6cf93fa878c0a4e,1156511800,1,www.gzgytyf.com/yd/index.html*
71a45097cd8c4a9df83203cbc107beda,1156610100,33,shjspa.com/*
71c91b8a548938492d94758b10b25d02,1156430900,1,m.yalaida.cn/*
71f838cbc636fda1913150282fa90afb,1156520100,12,m.chenyitang.com/*
73567b47438297211f240e6a8d4588b2,1156340600,1,m.yalaida.cn/*
759a2b25eed2dbe2ae2ee7f7ebf2ed72,1156340400,12,m.chenyitang888.com/*
75bbc216c6eeec6e79864ab12142fe99,1156500000,2,www.asiod.com/*
76e8c927876f68a2552afea84fbf8ccc,1156350800,1,www.gzgytyf.com/yd/index.html*
7748191b15c234cbb4a47db1d9865aac,1156510900,72,shjspa.com/*
774f17071958683e5e2ce41857cc08e2,1156340600,2,www.asiod.com/*
7808da8b2f32c9fd0b0fd5cd4e7d1845,1156360800,1,www.gzgytyf.com/yd/index.html*
7830798432cb9d5dce20eb8dad63ae28,1156520300,1,bdhctz.zsld63.com/bdhctz/xyz-kyc.html*
784ff11dd116dc28ef357b0b87fc0d22,1156450400,47,m.chenyitang888.com/*
787c8d294a31caeb5373017e969184a4,1156500000,32,www.bjmaidao.com/*
79e1085b7da20c646a712c137c0cf5a9,1156371200,1,m.yalaida.cn/*
7b5c06a32e45d1bcc2f6ec4333bcd920,1156361000,1,bdzsc.zsld39.com/web/2118/14844/20390/index_tpl.htm*
7b6fb642911c66075663bede5a81f08b,1156520300,1,m.yalaida.cn/*
7c8ad7461192fb8d8b59a0ee3b23d4f9,1156510400,21,vip.bc5868.cn/xdt-m/*
7caf131fda6570ef638cd0ac697b9e69,1156110000,225,www.zhongaitang.com/*
7cc7ed552b561a2e667642cf3de21658,1156520100,21,m.chenyitang888.com/*
7ce0e0cf7eb03211a83539345f4688cd,1156610500,4,m.chenyitang.com/*
7d7c95276803ffa76bd7c9df5a5c01bc,1156431100,1,m.yalaida.cn/*
7e5a0598f7241ea0d26246d224daa220,1156130200,1,bdams.zsld57.com/web/2176/13560/17650/index_tpl.htm*
7e85d06e64c89eba384a65e31cb758fc,1156430300,9,m.chenyitang888.com/*
7ea3cd3ba5ad4b4f1ed1a7acf81c5f4c,1156130300,1,www.gzgytyf.com/yd/index.html*
7f57fbb6b4f4a0e36bfdeba0c0fcfc05,1156340600,2,m.chenyitang.com/*
7f9e6a3389825dc5a7a839d204523662,1156610300,1,www.zgslys.com/*
7fa819a05cac325f4927dffd667f3bfa,1156610800,1,www.asiod.com/*
7fb6b9024cfc0857f052907959e4256b,1156533300,3,www.asiod.com/*
808f2f15904e7105f7e96b655f5f72aa,1156420100,41,m.chenyitang.com/*
812e823fa13ee21d3daa8845c1b110e2,1156513400,2,www.asiod.com/*
817935e94d76b37a77c8b76878450f63,1156440600,1,www.yahuangzi666.com/*
82114cff22c39bd2a396d1c6db54e4c3,1156130100,1,www.asiod.com/*
8286ea96c3c74e6fd4dc8d4b5b7c62e5,1156610400,1,x.wakucy.com/*
8374a7a9e25734fb9957afb45cec76b6,1156511100,1,m.yalaida.cn/*
844a9ff65cf83c33e11b0deb87329db0,1156430300,1,m.chenyitang.com/*
8553d6338aa29e4b9f5f0405b2cfbf66,1156371100,1,m.laoaitang.com/*
8590780db2bb1e8ade4821e63e875560,1156110000,464,www.zhongaitang.com/*
8645e6ed29e4c3356e4f686a2b5bed5f,1156210100,1,shjspa.com/*
8750280d0d217604ac9256f558d9b513,1156420100,54,m.shanrui365.com/*
878e791eebe74fc600f2587627ec36af,1156510800,1,m.yalaida.cn/*
8807ba14a6082e9147128a978b31716a,1156420100,13,m.shanrui365.com/*
880af30c2c2c5c64d51e8658279837f3,1156450400,1,www.gzgytyf.com/yd/index.html*
88a5f5819d52dc04336194905c43502d,1156410100,1,www.gzgytyf.com/yd/index.html*
89056ae674542e2945f0734234930d24,1156440100,7,www.jcxiangwei.com/shaokao/wsk/*
894a139493407ac6f1a4bc42df3cf089,1156450100,1,www.gzgytyf.com/yd/index.html*
89565b7352788794e5bc2866615d22fe,1156431200,51,www.cqccyd.com/*
897fd14dfafb986d5558ef2094c83b3a,1156131100,1,m.zsld18.com/web/yiyangn/index.htm*
8a0aa13b6f572c64c68b27dcf41c3548,1156330600,1,www.bjmaidao.com/*
8a66103f791252486010b6185158e894,1156610100,1,www.zhongaitang.com/*
8a9396ddcf1131e6ec21c8e335911221,1156130600,1,m.laoaitang.com/*
8ac9fb3acd574cb4ff07639c06cebeb4,1156610300,1,x.wakucy.com/*
8ad966987575e991c68630998e551fed,1156370700,1,m.zsld18.com/web/yiyangn/index.htm*
8c63781303392edb5918b1ac3cf2381d,1156320500,4,www.yahuangzi666.com/*
8cd7b2957b42b8add1072c2a0929efe8,1156120000,1,bdams.zsld57.com/web/2176/13560/17650/index_tpl.htm*
8e0465d1055d179230f7edee6e87d802,1156341300,1,m.isjmw.com/yyt588/*
8e2f036ba73e992e95b07345a119a7c8,1156120000,11,www.yahuangzi666.com/*
8e37c0e1da86671e093b2f2376bce625,1156431100,1,www.gzgytyf.com/yd/index.html*
8ec7a385073ea9807d209b0546a959ef,1156110000,6,m.chenyitang888.com/*
8f06e490c15c36e8716497592e6a37d2,1156510100,1,4g.918523.com/web/yuanyuantangyangsheng/*
8f44cc1beb6cc4f1d31c68b0ed90872f,1156340100,2,bd.sjh521.cn/7072/70726359/wap/*
8f6461c17f35bc0ef860527b7ecfabae,1156500000,32,www.bjmaidao.com/mobile1.html*
8ff03c665614671cf7a578b3f180b6b0,1156430400,32,m.chenyitang888.com/*
90a7586ce4c28e6f63fabc4cca9795e0,1156420100,2,www.jdgyys.com/tuiguang/duhu/motg.html*
90e03420701a640c2476bfd36ee34dc6,1156340800,1,m.jiamengs.cn/yiyangn1/*
9120cb3bf61145d563cf6c28847ca706,1156370100,1,m.shanrui365.com/*
915cb9217b9fab14cd9a04277bbf8eeb,1156411600,2,bd.sjh521.cn/7072/70726359/wap/*
920ed23cbbda54a386f8bd6efc7cad10,1156420100,1,4g.918523.com/web/yuanyuantangyangsheng/*
922219e4472803e13380ae7f07d8e7a6,1156370600,54,www.wygjjt.com/*
931382a0cd53ba3d922c928a990fdecf,1156500000,1,www.gzgytyf.com/yd/index.html*
93250744b99ebb1af06e9b4f6a044634,1156410900,3,www.yahuangzi666.com/*
9376bbac484904e390041e5b89fcd838,1156510800,16,m.chenyitang888.com/*
94158b9795ccead3574c718dfe388b65,1156533300,3,m.chenyitang888.com/*
9448a65fd1735aa724a48452fe223f6c,1156130100,1,m.zsld18.com/web/yiyangn/index.htm*
94a47e294bb5bcec493e4ca515b949bd,1156340200,5,m.chenyitang.com/*
94e1d362fecd6a68a65d88bbd4a051fb,1156530900,2,bd.sjh521.cn/7072/70726359/wap/*
9509d17d1c27d37efc74b3692002a101,1156441300,1,www.gzgytyf.com/yd/index.html*
95103307284078d4a5bf4db823547c88,1156610400,1,www.asiod.com/*
9544ce324954d035ffadf9495e849b3a,1156511700,2,www.asiod.com/*
95a409c06564bd46cdec1c9a8a41d0a0,1156331000,1,www.asiod.com/*
96503e90753f17e2aa6b6a1324d3ce0d,1156330300,31,www.bjmaidao.com/*
9741fcc67aef0223c23571bfd9a7eed5,1156110000,35,m.chenyitang888.com/*
982df40e3b8e08b9426b60f71e7c3256,1156441300,1,m.yalaida.cn/*
98585d68fbad57276674fd279b5d7b80,1156130700,18,m.chenyitang888.com/*
98d56e8a86ce8bff740d151a616b07ff,1156610100,1,shjspa.com/*
9915764f624b5024a56217941898f4ec,1156450900,1,m.chenyitang888.com/*
99e4144047b8d8652fa35179a75dccd3,1156530800,11,x.wakucy.com/*
9aa48b2062d83aff3dbc8fd6144cf677,1156310000,1,www.gzgytyf.com/yd/index.html*
9b46d542228b3c294f930a3d6af96642,1156531000,2,www.asiod.com/*
9b66d76f9f80547addfc0bd899dfbfd2,1156530600,1,www.wygjjt.com/*
9c3d719273293f6bf174cc47ae4a0fd0,1156371300,1,bdzsc.zsld39.com/web/2118/14844/20390/index_tpl.htm*
9c7f3143727cca11806f6af9cb36f377,1156522600,21,www.wxth188.net/*
9c834dac4ce7b97b3c455d97209ae202,1156341100,1,m.yalaida.cn/*
9c9ee27adf8ba70caceb37d4b3c1f084,1156420100,1,www.gzgytyf.com/yd/index.html*
9d00b322a85027f4f02e34978f9e4da3,1156510100,1,www.gzgytyf.com/yd/index.html*
9d24fdf05389a5b7667aa34321f27beb,1156120000,41,m.91jmw.28n9.com/proe/137682/*
9dc1592e2d482ccafb4a7b4177216f10,1156530100,10,www.fengkuangxiaochuan.com/*
9e34e9d54dfcdc4c7a23d408363be52a,1156532600,18,m.chenyitang888.com/*
9f7fdbb22fdc504066599d602afd1e56,1156421800,18,m.chenyitang.com/*
9f882c5c4bbf2bbccf306d5fa27d9a2f,1156610100,2,shjspa.com/*
a022188d4b9e4642bc89f4b6c2e08717,1156610500,1,www.gzgytyf.com/yd/index.html*
a0a8e270f9ac904333057f124fe855a0,1156520200,1,m.chenyitang888.com/*
a0f4799efc805c0e16c863e73b2b4965,1156130700,27,www.bjmaidao.com/*
a172b51af9738231068e9662b4cb1647,1156410300,1,www.zgslys.com/*
a1a5ca2bd98eb9087673dee5c8826ebb,1156341300,1,www.bjmaidao.com/*
a2267db443bf8bc7b0a22f2d7ae3c426,1156360800,1,www.yahuangzi666.com/*
a27bdf51bff951fa4020ad303515f083,1156500000,29,www.bjmaidao.com/*
a2a5721905a132b2583af64a48959eee,1156130400,1,m.chenyitang.com/*
a2b88ddaef9c95988e49b56f0c9c9439,1156341500,1,m.chenyitang888.com/*
a2dd9ba10a6c9e97c5e7d539a6eea40e,1156320300,1,m.chenyitang888.com/*
a30dd375a73c1ab980bdb0a840fabc5b,1156130500,3,m.bjmaidao.com/*
a61ffe970cdc5ea6f22205e4dedb44bd,1156330200,18,m.chenyitang888.com/*
a6fa508b9da2436a1fa5c0aea55387b8,1156430100,1,bdzsc.zsld39.com/web/2118/14844/20390/index_tpl.htm*
a8ec38318379e47268c759a6dca29d24,1156513400,1,www.gzgytyf.com/yd/index.html*
a9cfbeaa6dfcf3dad7ae80183f4aba43,1156411700,1,m.chenyitang.com/*
a9f8c829909817bfc3475221b1e008ae,1156510100,1,bdzsc.zsld39.com/web/2118/14844/20390/index_tpl.htm*
ab60f2b217d132b5a08278851dbdeaec,1156110000,5,m.chenyitang888.com/*
ac5df0ca1d41b16c17e009f5b63103e8,1156330600,1,m.shanrui365.com/*
ac86cb5a47751e5879be0f05ee7c0802,1156520100,2,4g.918523.com/web/yuanyuantangyangsheng/*
ac88f830264c547e5a1ab8fc4a03a2ce,1156360700,48,www.hjyyd.com/*
acc03eb4f0e76ba89dd411f688783975,1156510700,10,m.chenyitang.com/*
ad0bf43f845c4f263d39dd3019cf321e,1156340200,1,m.yalaida.cn/*
ad34bcba822e57025007de7c337d3ac4,1156510700,3,www.asiod.com/*
ad4c09d6428b4998ffcec7f4a48aa575,1156610800,25,shjspa.com/*
ad9b3599896b3b40f1acd59158e142cb,1156520100,19,m.chenyitang888.com/*
adc2a0bf88b006997825b761caf401bc,1156500000,118,www.heiyachang.com/*
adf09f468703780d1de41c83b77876ec,1156340500,15,vip.bc5868.cn/xdt-m/*
adfc0c36da75bf56ce04e1d0494ceaa4,1156532600,1,4g.918523.com/web/yuanyuantangyangsheng/*
af15db00afcc9a8e25c2cc5405da1c70,1156510100,65,m.shanrui365.com/*
afc28ce54a0622a2e48c475e02f356c3,1156511400,1,m.yalaida.cn/*
b0a302f8dcc50a889d012358fcef3558,1156532900,1,m.jiamengs.cn/cuijiatang/*
b1d529dd6eb5bce9b329376121367b44,1156420100,1,3g.315568.com/web/jingdaoyangshengmeirong/*
b21719b4725bc233e89429bb4ee54a9f,1156370200,20,m.91jmw.28n9.com/proe/137682/*
b21e93ea9a4e01a7ef12ed02220fdeef,1156500000,1,www.gzgytyf.com/yd/index.html*
b2fab506be228afc9613d3afd73d6665,1156430100,2,4g.918523.com/web/yuanyuantangyangsheng/*
b426e3d7f8efd8fcbee91914dced7151,1156431300,38,x.wakucy.com/*
b49ce037a1a9ec6f998f2a3120f666b9,1156220100,19,m.chenyitang888.com/*
b4c27a63b1668bfd7ad4d0bcbe5ba1da,1156330400,5,m.chenyitang888.com/*
b5067a366d2ebcc181fcce0217b76655,1156421100,1,d.zstv22.cn/dulijingjia/bailiankai/wap/*
b69c84f7c2eaa477f100ee1d4214119d,1156340800,25,m.chenyitang888.com/*
b70b689a932822fc9063ed3b7159a784,1156130400,17,m.chenyitang888.com/*
b7f35dd0c7de97afb186c51331213aca,1156411700,3,www.asiod.com/*
b8bd9c8dbe94b8c852d699f55030b5bf,1156511300,1,m.chenyitang.com/*
b9219b6dd08d5043998ad2026c260c28,1156370100,15,m.chenyitang888.com/*
ba1e96a0e692a9996c3d333b691987c5,1156441200,1,www.gzgytyf.com/yd/index.html*
ba5719b239dc52476ae036135c846123,1156610100,1,www.gzgytyf.com/yd/index.html*
ba754b36795d0b1d04dae5bc2258b209,1156500000,21,m.laoaitang.com/*
bb51dddfedaae476b0bf613d38b26347,1156610500,1,www.gzgytyf.com/yd/index.html*
bb58bd0c15ebdb2665d7020b793b982a,1156500000,62,m.shanrui365.com/*
bc7046d5aa1fb517fae9a71e898c9672,1156532300,36,x.wakucy.com/*
bd997d01225634b969b2be0900f5fe81,1156510100,20,www.heiyachang.com/*
be6b2a5eba64f3adc1140c75ef574b7c,1156440300,1,www.gzgytyf.com/yd/index.html*
becaa7810e479d93915489abfecc28fc,1156341800,3,www.asiod.com/*
bf9357fb15391365df4698cb402ffc2f,1156440800,1,www.wxth188.net/*
bfd2511b10d065a946195ae910b1c422,1156510600,1,www.gzgytyf.com/yd/index.html*
c081ce22740a8efbdd922eb1b92f0a6e,1156500000,2,vip.bc5868.cn/xdt-m/*
c0d8b742a972957878b3809047909b80,1156510900,22,m.scsl518.com/*
c1915d5eeb67ea408027f3644fe6e4d8,1156441700,1,m.yalaida.cn/*
c21f072d744537dc9c365588fca1dcf3,1156420100,54,www.bjmaidao.com/mobile1.html*
c2241b0d04ec1b312bcd4b020aaac213,1156510600,1,bdzsc.zsld39.com/web/2118/14844/20390/index_tpl.htm*
c2ba5f00b994122e3d1021ed35f6296f,1156330100,5,www.cqccyd.com/*
c2d2b8c25ea6a573da12b3bcf114cc28,1156310000,40,www.zhongaitang.com/*
c2f411468d96c7c147194a055666052d,1156610100,4,m.shanrui365.com/*
c300eb95cdaa256e62ff9e3c8ed9ec40,1156522700,22,m.chenyitang888.com/*
c37b50f7583a710ed95047cbba4f1d95,1156411300,1,bdzsc.zsld39.com/web/2118/14844/20390/index_tpl.htm*
c3f7e228afbeedbc038f4a0af856d68f,1156510100,3,m.qcsy168.com/*
c44a6d73a4b1e35c6e04671e1cb4b6d8,1156330300,35,x.wakucy.com/*
c4551f121e7b5222a2a766eaeb728c91,1156110000,8,m.chenyitang888.com/*
c48ee8312eeec0ef530596c4703de2ca,1156451200,16,m.chenyitang.com/*
c4d2a20fe3b23b76c6184e55bbfc7b7c,1156130900,18,m.chenyitang888.com/*
c610973ab369c88a1842cfc2b2ad3bd5,1156500000,44,m.chenyitang888.com/*
c71cf424e219f9ca0454d1b410ec3625,1156610800,6,shjspa.com/*
c75a76fdab31bd573adee8d43638ef29,1156130600,1,m.isjmw.com/yyt588/*
c8d0da7f16c743676799f3ea99c362b8,1156341300,1,www.gzgytyf.com/yd/index.html*
c94baab51270f286c41f851da7ab8924,1156370200,9,m.shanrui365.com/*
c97f95dffc8fd610d8611f9c97d37818,1156451400,17,m.chenyitang888.com/*
c9e485a2c7b948b772c4bc6c792fa6ee,1156610100,1,www.gzgytyf.com/yd/index.html*
ca1635909a02162ef15f9fab0bcba7b2,1156421800,20,m.chenyitang.com/*
ca35ff6fe85decc87451858abc6e8ee3,1156341300,1,bdzsc.zsld39.com/web/2118/14844/20390/index_tpl.htm*
ca8b7a9572edd4aed9ea2653b8848fcc,1156420100,2,www.yahuangzi666.com/*
caaf44255bd3f375ef4b7f92009500e1,1156610100,28,shjspa.com/*
cae8aa39084477beae0c9f750d373012,1156410100,1,www.gzgytyf.com/yd/index.html*
caf68b4db8800ba96b1b192dad7e3609,1156520600,2,www.asiod.com/*
cc13a69954f81d9f65ac3a665cb917b7,1156340400,1,m.chenyitang888.com/*
cc63676652405c71dce2ecac7eebd9f1,1156510100,1,bdzsc.zsld39.com/web/2118/14844/20390/index_tpl.htm*
cd0f7b783cccf7ae83b23dabcff8cf7e,1156411400,2,www.asiod.com/*
cdf2e5a850f4383783f79cd9241ed9b2,1156451100,128,m.chenyitang888.com/*
cdf715142772fab4192c436fa5929dd7,1156130600,4,www.yahuangzi666.com/*
ced1812321d6306952b9303145c6d14a,1156510100,19,www.bjmaidao.com/*
cf1581ef070a0c40014cdd1afb50238a,1156360800,1,x.wakucy.com/*
cfa1fcfaca99d3d0bb754ccc12f5db5c,1156520400,58,m.shanrui365.com/*
d0a05c8f829c67f19e4f4c6491ffb7e4,1156350500,16,m.chenyitang888.com/*
d0f1cd0683ec760e363eed10d127b027,1156410800,2,www.asiod.com/*
d0fffc0fa658c056f22a017f4e7267b6,1156341800,32,www.bjmaidao.com/*
d12f2fc3e96f07bad37d1de989dbe6b0,1156610100,4,www.bjmaidao.com/*
d13d33191306b83d7619cba5b8e7197d,1156530600,4,www.asiod.com/*
d15d17dd703d41c17dbd4ce41ebe892c,1156341600,1,bdzsc.zsld39.com/web/2118/14844/20390/index_tpl.htm*
d1f344ac779d04788168b1e550cae6fb,1156441800,5,www.yahuangzi666.com/*
d21cd3b006eaf541e1f61d045a3a5b73,1156450700,48,www.fengkuangxiaochuan.com/*
d28b3f259438e2df6f2b80ee50f4f4ea,1156441900,1,www.yahuangzi666.com/*
d2a7de419316701efe385e018eddf1e2,1156341500,20,m.chenyitang888.com/*
d2a9a1d217b180e40ce4bead9e757c75,1156610500,2,m.chenyitang888.com/*
d2fbef7d33c4ebc8cf99205231b8e31b,1156130600,1,bdzsc.zsld39.com/web/2118/14844/20390/index_tpl.htm*
d405f02a9c0457d43eefd26bd6f43d7b,1156120000,1,www.gzgytyf.com/yd/index.html*
d41e42e9df7694f42e573958cea8cc2d,1156500000,1,3g.315568.com/web/jingdaoyangshengmeirong/*
d5304a419c4c1911da2d4395e17e0aea,1156460100,46,m.chenyitang888.com/*
d530bb459628e9439d1740dd4688a1ea,1156341100,1,m.yalaida.cn/*
d55862ab6e6e245b25f77c4282ba3583,1156350900,17,m.chenyitang888.com/*
d71dd8c125b4af3dc67ba254b53c7ef2,1156220700,3,m.chenyitang888.com/*
d7ee011552515b2004f3141ea3b105c2,1156610100,21,m.chenyitang888.com/*
d840f4f7dd582460d518becfea5315a7,1156610100,27,www.bjmaidao.com/*
d87dacb1498ce4220c0c8a9852836816,1156340200,28,m.chenyitang888.com/*
d8879dfcd44f9eb69135eb6958a44ea0,1156510500,1,bdams.zsld57.com/web/2176/13560/17650/index_tpl.htm*
d91263fd4af316a4899a011313ef4da6,1156410400,1,www.gzgytyf.com/yd/index.html*
d920258bc1afdc2a5b2e263398af05ea,1156511000,16,m.chenyitang888.com/*
d9585aff88ed0ee278b7c755866aeb79,1156411600,3,www.asiod.com/*
d98e102efacfae4b421b774f9563910a,1156431300,1,www.gzgytyf.com/yd/index.html*
d9aaa0767361de77edce50b742da3acf,1156522700,9,x.wakucy.com/*
da0705c8ab03c108d8066e4638ecdb5d,1156330400,17,m.shanrui365.com/*
da1c41ed566354882bce9ef648bbef85,1156341300,21,m.chenyitang888.com/*
da6634f174a6f05e0301b3d50f9119e3,1156350100,1,m.laoaitang.com/*
dbc5f75939e84159280a7b8db97a0940,1156510300,3,www.asiod.com/*
dbe6be78c7e8e627e09bb896f7684f23,1156411600,1,bdzsc.zsld39.com/web/2118/14844/20390/index_tpl.htm*
dc6b86739a485557e83377e0ea844da9,1156130400,33,www.zhongaitang.com/*
dcc82e91d3ab0038611f2bd22c2839ea,1156110000,25,shjspa.com/*
dcfcfbe6267e19fd53a2b7520ca8b369,1156320700,23,m.chenyitang888.com/*
dd8cca1cceeb2095ccaebbfa794aec35,1156130800,8,m.chenyitang.com/*
ddebc7d6e75fc82282ba6b2e97815312,1156131100,30,x.wakucy.com/*
de0debab7db893c4aa5efa6c51c8572c,1156420200,16,www.jcxiangwei.com/shaokao/wsk/*
de56571a4100edf395d16e3b3d49ea75,1156420700,1,bdams.zsld57.com/web/2176/13560/17650/index_tpl.htm*
deb9c6e54660720d8f3ad6b4f6be18da,1156511300,3,www.asiod.com/*
df2c9fa1b51f04d210967f3fd4a1e29f,1156420500,1,bdhkwl.zsld78.com/web/1979/12730/15961/index_tpl.htm*
df602f77d2aba8a0951e18091dff6e77,1156130200,5,www.yahuangzi666.com/*
dfc0553a883f1e6956e3f8b22ed9f47a,1156510100,22,m.chenyitang888.com/*
dfd5491cf074c74b8cfc4a040233fc75,1156120000,1,bdhkwl.zsld78.com/web/1979/12730/15961/index_tpl.htm*
e0506f1fd88bcc3e7ce09180f6ffe750,1156430500,1,vip.bc5868.cn/xdt-m/*
e08af8720e65e765a08c268257d04285,1156350200,17,m.chenyitang888.com/*
e126e7ab65a4079bf3bc75ee586af373,1156511800,1,m.yalaida.cn/*
e163fd8732e082875fa75275b3868231,1156330200,1,m.jiamengs.cn/cuijiatang/*
e1a9f0f0d217d274cc885cde4e51c19a,1156370200,3,m.chenyitang888.com/*
e2c65e968038c25fd72e0824c5e50cf1,1156320400,21,m.chenyitang888.com/*
e2ca684ff62bd5f17f0d32bba60b5378,1156410100,3,www.asiod.com/*
e35607b32ce8bbfb128cd6aa095d97a6,1156110000,15,www.bjmaidao.com/*
e39cde439d951b2d03767248803f5faa,1156331100,1,d.zstv22.cn/dulijingjia/bailiankai/wap/*
e486709e569b81fc8767b669725fbe94,1156450300,3,m.chenyitang888.com/*
e48de3ee134aac0093e3e73d4f85aa74,1156361000,1,m.yalaida.cn/*
e54b654852415761f8931d1a040344a0,1156441900,35,3g.315268.com/web/zhongaitang/*
e5f1c409c16dff97d3fffd24b7533bda,1156370200,1,www.wygjjt.com/*
e628149dafdc95375e0a6ad052f7d35c,1156130900,1,www.gzgytyf.com/yd/index.html*
e6477f04211456882ae44965a057ed4d,1156450100,1,www.asiod.com/*
e6908ca89aed0b2fccaebc2b106b9335,1156130500,1,www.gzgytyf.com/yd/index.html*
e6f33aa3dec403cc2dc38861fa93a1b2,1156441900,4,m.shanrui365.com/*
e6fc90acaa649b61f9eed4db5aaea3c2,1156371100,29,x.wakucy.com/*
e77377429bb4e86f3ffd23975b690cb5,1156320100,2,www.yahuangzi666.com/*
e78a4de5789fe00b6ca9c5e499dba5cb,1156510300,21,m.chenyitang888.com/*
e794606c5f919b65f8737df35833f88a,1156422800,144,m.91jmw.28n9.com/proe/137682/*
e7dfce59b6e4158ea0a0c35578a7ab6c,1156340100,4,x.wakucy.com/*
e80be85783d8eb68b906983d1f45c106,1156361000,1,m.yalaida.cn/*
e820795cbaea37059cc572d9d9523329,1156360400,1,www.asiod.com/*
e820a833b7078d40c7ad6b900466f4fa,1156331000,1,m.yalaida.cn/*
e8cc323b5eb12d2a55e940d770a4aee0,1156350300,1,www.zhongaitang.com/*
e9563ef23b50aeccf1b9ca4246bd80de,1156130700,14,m.chenyitang888.com/*
ea9b2fe9404848e840eae0ff010d4a34,1156110000,5,www.yahuangzi666.com/*
eba7890e8a1c80014fd7a31cbd47fe5b,1156430400,1,www.gzgytyf.com/yd/index.html*
ec76609fcb77a043296b74676a3e8bfc,1156610200,1,www.jdgyys.com/tuiguang/duhu/motg.html*
ec7b62037bdf55a1e562378db7732f2e,1156451200,4,m.chenyitang888.com/*
ec808e50ab05966e0de7d474cc93a255,1156510700,28,www.cqccyd.com/*
ed48b5717a94fe9100526d3a2ce468c6,1156420300,7,m.chenyitang888.com/*
ee1d86922fce79fb86b827ec828a1981,1156120000,16,m.chenyitang.com/*
ee3381ea510cd3fde89b06061de26d69,1156522700,18,m.chenyitang888.com/*
ee3ee26fc021128f6348996504debc56,1156510700,25,www.wxth188.net/*
eecf4b97363d8c795c01f031677149b6,1156500000,1,bdzsc.zsld39.com/web/2118/14844/20390/index_tpl.htm*
eef0d87ccc61a54bdd2ca32f6eb2c598,1156610100,18,m.chenyitang888.com/*
ef039fedfadd0792ff97afdbc38f8c46,1156320500,1,bdhkwl.zsld78.com/web/1979/12730/15961/index_tpl.htm*
ef38b33e08b02bcdba9a80948270f42d,1156320300,2,www.yahuangzi666.com/*
f047788ad84c3a1b70f6f26434e6c24b,1156511300,1,m.chenyitang888.com/*
f062ac445d1ae8f254e6ca490a4031c0,1156510100,14,m.chenyitang888.com/*
f06cce9dfec241edf403381da002b1ab,1156350900,8,m.chenyitang888.com/*
f07c374653784b00316a6f9c4c4b44df,1156110000,4,m.bjmaidao.com/*
f0e59255bc350347af6867dd042c7cf9,1156420100,5,www.zhongaitang.com/*
f0f4b907e36f0421676c2fc7d59288f3,1156131000,4,m.chenyitang888.com/*
f1976b38c3317b9c2fe0a625038a00e7,1156120000,1,www.bjmaidao.com/*
f1f01723329f8e392201b106ad90b6c9,1156131100,1,bdtxwz.jmpingtai.com/m/xyfy/*
f2296cc5da3ef0a335016a113877ed61,1156110000,1,www.zhongaitang.com/*
f26cfd04ceae1d57595120838e090ab3,1156370700,1,www.gzgytyf.com/yd/index.html*
f2757a6e566bc516b1a10137da5cafba,1156610500,1,www.asiod.com/*
f31af29f579d43bb0a497efd24e64e36,1156441900,1,www.bjmaidao.com/*
f35b64079e4d36d3e11a0e94050e02a5,1156610100,1,m.yalaida.cn/*
f3922705e70ccfda684fc7fd17a566a7,1156532900,1,www.asiod.com/*
f42bad2109ee9d7be35a711c88a72a5e,1156520200,16,m.chenyitang.com/*
f4453fc6812efd901d6396f699783c2c,1156530100,66,www.fengkuangxiaochuan.com/*
f44bfe809cd822641dad049498161e94,1156610100,1,m.chenyitang888.com/*
f50120cd0b0cfc9e683ba9f78e0aa261,1156610100,1,bdams.zsld57.com/web/2176/13560/17650/index_tpl.htm*
f57b32de3958bbe464a65f71f0f2737f,1156520200,10,m.chenyitang888.com/*
f778ae3af4aa9fd7f0253d580a0c37e4,1156420100,1,m.yalaida.cn/*
f7df13caa50b2e0b7bcb2bdec75089b7,1156130900,1,m.zsld18.com/web/yiyangn/index.htm*
f8938beab101c74aff72207824b91e4a,1156360300,81,m.shanrui365.com/*
f9a13d3adc8e57e6969ad59737997148,1156610100,1,www.asiod.com/*
f9e15d29a47bf2892689dbfbd1790d49,1156610300,1,bd.sjh521.cn/7072/70726359/wap/*
fa66152196456bf8bbf3c85fcc845ad3,1156430500,4,m.chenyitang888.com/*
fac6335600ff9c0f95216299c4464f43,1156360100,109,bdams.zsld57.com/web/2176/13560/17650/index_tpl.htm*
fb07d45cf0e3a61eef96a0dde6af2290,1156520400,21,m.chenyitang888.com/*
fc890a352efbafdb731c80156cac7a87,1156370700,19,m.chenyitang.com/*
fc91c831b91c87ce3a34f4227fa4bd8b,1156510800,59,m.shanrui365.com/*
fc93af091641a4b14df5514ee7cadf8c,1156532600,21,m.chenyitang888.com/*
fd43076b4033a78c1c82cb080295fdc7,1156610300,3,www.zhongaitang.com/*
fe02acfeda7c6363aa2f9d793e00d4f4,1156451200,3,m.shanrui365.com/*
fe53aa0c9aa61baad1751a6a36dd66ad,1156110000,19,www.jcxiangwei.com/shaokao/wsk/*
febc622f207657d0fca6b6621519e5df,1156500000,46,www.wygjjt.com/*
fee080c7e7cccbdfc54ac68ea75e0d28,1156610100,28,shjspa.com/*
ff361ddf3c4a334987019d0b9089ea9c,1156220700,4,www.yahuangzi666.com/*
ffbfe3ec496193b8dc937c097436062a,1156511300,29,x.wakucy.com/*
