00076688d4cb6fff0f074278bcf7d671,1156511300,11,m.cdlrzs.com/*
00116977b343550187c84f47a28e9745,1156510100,13,m.cdlrzs.com/*
002ec0c3f5f8220bf80035f142981245,1156510100,23,m.shj.cn/*
0047dbdb76d53a9355fd436440a34f94,1156510100,3,m.cdwyzs.cn/*
009070f629017c1c0faa745857b018e1,1156510100,3,cd.m.dyrs.com.cn/*
009dd57ab747a3a79d647f531a204d75,1156510600,28,m.fenglizs.com/m/*
00e5d970a7f14ff2456d395a4a9bb6d9,1156511300,1,m.cdlrzs.com/*
0119c5085ef06cf943fec62ba99b453a,1156510100,69,m.cdwyzs.cn/*
019772c63f3680a6158de4b50c215867,1156510100,62,m.cdwyzs.cn/*
01e2b70109860dabc763ecd0f102792f,1156510300,58,m.cdwyzs.cn/*
023a86e689b519e01edb1e8cbe272c21,1156510100,8,www.wuyouzhuang.com.cn/toufang/h5/*
0261156eba500daf40e39106887043a2,1156510100,5,m.cdwyzs.cn/*
033dbe17c872af0f1d7d8c92abe919ce,1156510100,1,m.cdlrzs.com/*
037208995759430c7965eb510966f4a7,1156510700,58,www.ztxzsjt.com/*
045c144af58a3a728b067274f1602b4b,1156511400,33,m.cdwyzs.cn/*
052d855382afbc7252801193aaf1078d,1156510100,233,www.ch028.net/*
066227a7b145645b70d919df35b532c2,1156510100,267,m.cdwyzs.cn/*
06c12ba79cb30d138f5881167e8e5f71,1156510100,74,m.cdlrzs.com/*
06d8fd1fe73962e090efc2dbcb99498c,1156511700,32,m.chuanhaozs.com/*
06e8bbb60056f76ba372631fb20ccd4a,1156510500,3,m.shj.cn/*
06f115f5d7252f7d2ed757dead49bb7e,1156511300,51,m.cdwyzs.cn/*
077c158d155bfed3d4dbe1efe4344a3f,1156511100,1,www.ch028.net/*
07a929768f6a68637f1d5cf0e612bda1,1156510100,31,www.ztxzsjt.com/*
07b25f7a2a5c1ccdb23edaa3e63a092c,1156510100,5,m.cdlrzs.com/*
07c0abd9152197e89b1e52f3919c650a,1156510100,49,m.cdwyzs.cn/*
07fa7f3528427e014d901ea7ba4f9224,1156511100,53,m.sljjzs.com/*
081f14d0cc8730c2796af6084ab9747c,1156510100,15,m.cdwyzs.cn/*
087c6282c065ccd6426d5560442cf2cb,1156511500,59,www.ztxzsjt.com/*
099a654d6e097b55475978d424edfc98,1156510500,19,www.028dd.cn/*
0a3bc713c60a229f71e6c60b52e9d9ca,1156510100,68,m.cdwyzs.cn/*
0aa623c2644474f8e79b23a6dbc7a1bd,1156511300,12,m.cdwyzs.cn/*
0aca09fa15ed722f06de78d7429f15c8,1156510100,8,m.cdlrzs.com/*
0af7980cabdc9b422b7d0b30b79bcfb9,1156510100,25,m.cdwyzs.cn/*
0b9232f2b10d9da55abd16b3697dced4,1156510600,36,m.cdwyzs.cn/*
0bd4a737dc6d6d295af31b9c90dac0f9,1156440300,1,www.ztxzsjt.com/*
0c5c7e1d2e06ca923f566865e6ad0efe,1156510100,48,www.cdsmhome.com/*
0cc4581ac1fa5fc405572b1ed80663ba,1156510100,10,www.wuyouzhuang.com.cn/toufang/h5/*
0d10038b92290ff321c2a1c2ddce6dd0,1156511600,14,m.cdwyzs.cn/*
0d2984f82e45ce76cb100d91ff479449,1156510100,1,cd.m.dyrs.com.cn/*
0d32aad85f68fda40b2853996bccf94d,1156510500,1,m.bzzss.com/*
0d360951d67185194f35ddbf4744d3c3,1156511600,196,m.cdwyzs.cn/*
0d648bb7cb86488c72e69a0a80957cb0,1156510100,29,m.cdwyzs.cn/*
0d9f30f3b2c3d272ce0a0fc177202774,1156511500,4,m.shj.cn/*
0e02b9ec0462566929d405c0b2567ffc,1156510100,33,www.ztxzsjt.com/*
0e287c8cd9b58ace5a69d4e4610fecbe,1156510100,65,m.cdlrzs.com/*
0e30ac483591b0566f70546560cf2f1a,1156513400,16,m.cdwyzs.cn/*
0e470ecb30e2ef3a09c5b9c1165a3ffe,1156510100,2,cd.m.dyrs.com.cn/*
0e6bf297de55f4b9f04c6ec578a9dcfc,1156510900,3,m.shj.cn/*
0e99acc0e4579b8e07e4e182bfbf300c,1156510400,10,www.cdsmhome.com/*
0ec6793c95964f7505b509481d940bc0,1156511500,3,m.shj.cn/*
0edbae70c3f715ce3c79362530c3bc27,1156511500,25,www.bzzss.com/*
0f0011f58a2ce1730d02bbe772656da3,1156510100,17,m.cdwyzs.cn/*
0f414ea57b564fb3e2092e58cfbce66f,1156511900,48,m.cdwyzs.cn/*
0fc9ccbedd8757c6fa46054016933f56,1156510100,185,m.cdwyzs.cn/*
0feb1fcc5b4696d633903dd332f69ce7,1156510100,13,m.cdlrzs.com/*
0ff1932908687f103eb2a5ccd1b3c5a6,1156511500,24,m.sljjzs.com/*
10b01d03bfe66eba94f776d7abc15b1f,1156510100,4,cd.m.dyrs.com.cn/*
1110e73f07763c67ec0c8c990522ab97,1156510100,79,m.cdlrzs.com/*
11bf7144a5fc6f5ec0ed2fb1dc196dd6,1156511900,1,www.ch028.net/*
120890a9384a4317a11e3fb6a8078262,1156511400,52,m.cdwyzs.cn/*
120e01bbb50cd1aca2bb75eed1591a2e,1156510100,10,m.cdlrzs.com/*
12602dd76b2753c496ea4d43e7c6a924,1156511100,27,www.ztxzsjt.com/*
12605f88affeef1c2e63743887727186,1156512000,22,m.cdwyzs.cn/*
1270d1c3778f83c8944482b8f3181acf,1156510100,1,www.wuyouzhuang.com.cn/toufang/h5/*
1284dffccd173459c2360da60840a38b,1156512000,1,www.wuyouzhuang.com.cn/toufang/h5/*
129f0f54703c6749bee410bdafac7945,1156510100,48,m.cdwyzs.cn/*
12a011fefa42f0a71167eefed0bcea5d,1156511700,33,m.cdwyzs.cn/*
12bf597012a963e4de7c321e959c6870,1156510700,48,m.cdwyzs.cn/*
12e8024dbbf1dc262c505be1733f706f,1156510100,1,m.cdwyzs.cn/*
13b89dda5355856b245d3b6f45932a37,1156510100,50,m.cdwyzs.cn/*
13b8c9afe1dffff770e719075e7323d1,1156511300,4,cd.m.dyrs.com.cn/*
13d20b1794aa3e22f11e72b9b0064e97,1156511700,51,m.cdwyzs.cn/*
148f7e5d6139dd9d625f180226dfc4ef,1156510100,37,m.cdwyzs.cn/*
153d9377f2dffea942695693f1d2ba6c,1156510100,39,m.cdwyzs.cn/*
1550cb82f68427ee42f6fdc54b9cb5b4,1156510100,2,m.cdwyzs.cn/*
165f64d49f5fce966bb1a7c9d50f9292,1156511000,32,m.cdlrzs.com/*
16b7d105ade9aad946d4f6199c18b48e,1156510300,10,m.cdwyzs.cn/*
16e19a09c8b8efc0a2ea2ee8988d3fa8,1156510700,5,cd.m.dyrs.com.cn/*
16e730d08082504ccd173bfed970e31f,1156510700,19,www.scxblzs.com/*
1740000349a090f1ed95bda977d04a79,1156510100,13,m.cdlrzs.com/*
175de9fd8679f5688a9e9d81133594f7,1156510100,34,www.cdsmhome.com/*
1785f3dcb46a137b8b36207f7e9341a2,1156510700,35,www.ztxzsjt.com/*
17cb8a7e3eb7462abdc5d165b954a573,1156510100,35,m.chuanhaozs.com/*
1806902d7cf34bf596a9f08c41ffbf62,1156510100,15,m.cdlrzs.com/*
1809bf2c23c2debc39b587335091cdf5,1156510700,3,cd.m.dyrs.com.cn/*
189b17447c68212f3e33113da3311989,1156510100,11,www.wuyouzhuang.com.cn/toufang/h5/*
18b77de4e81363feb652122a48625864,1156510100,41,m.sljjzs.com/*
18c91c002111f74e2a425162b3bf4209,1156510100,63,m.cdwyzs.cn/*
190ca59df106935716ff934f33140faf,1156530700,2,www.ch028.net/*
198da3ed8f4dd755c93afadddcff339b,1156510100,68,m.cdwyzs.cn/*
19c01aef89a57d47fe633b5dd3927fd9,1156510100,7,m.cdwyzs.cn/*
1a259586d2df34965ca5153aab1259c4,1156510100,11,m.cdwyzs.cn/*
1a32adc54ba8996cab142e6f7a11586b,1156511600,121,m.cdwyzs.cn/*
1aca3cd18be6a1d88aa58e348c7f7995,1156510100,16,www.falongfa.com/*
1acf56d6d7b0c792baa801ec7f4a235c,1156512000,61,m.cdwyzs.cn/*
1b44284b3748b052fc94fe7fe65797ef,1156510600,2,m.cdwyzs.cn/*
1b84ad8945dd10425ba205a5cedca88f,1156511000,8,m.chuanhaozs.com/*
1b860e705e15da70e9bbbcc0efb9599c,1156510800,22,m.cdwyzs.cn/*
1ba644edf56fb8f64400933f6734b854,1156510100,32,m.cdwyzs.cn/*
1ba9b39bf75b75bac77ed0a3c69248a8,1156511300,2,m.cdwyzs.cn/*
1bed067789690d5d5e197084d4e7c3d4,1156511700,4,m.shj.cn/*
1c0cb8a7460f78362ed8b3e952081511,1156512000,87,m.cdwyzs.cn/*
1c17ffc8fa196cf3924da6da15a75461,1156510100,19,m.cdwyzs.cn/*
1c63473aa5d3fd160bd4992791de97cf,1156510900,136,m.cdlrzs.com/*
1c98aa0d97c2f1d97410a555fce84715,1156511300,11,m.cdlrzs.com/*
1d0460e0f0f415f97c3671cddb029364,1156511100,17,www.scxblzs.com/*
1d5d663c8d685572f5689667e7dbecb3,1156510100,43,m.cdwyzs.cn/*
1da033de338684723d9fe83084274be0,1156511500,84,www.bzzss.com/*
1dcc513dcf411cc900654b93f6ea82be,1156510500,50,m.cdwyzs.cn/*
1df8f8ff4d1d61abb67b1feda54929f9,1156511300,6,m.chuanhaozs.com/*
1e0f3b0edc22d19a4b51826b9a3f9e12,1156511500,5,m.cdwyzs.cn/*
1e25839ea803ba1df648e01845d518fc,1156510300,2,cd.m.dyrs.com.cn/*
1e61db599008b3b5fabd76a5d5d363a9,1156511700,9,m.shj.cn/*
1e934dbe0b784d9bae5135f962807902,1156510900,48,m.cdwyzs.cn/*
1f3bafb83531fe63db6c06eaff172f28,1156510100,49,m.cdwyzs.cn/*
20552761292e970f6fb556bc282a2e47,1156511300,13,m.shj.cn/*
209b042d3950e77037d8f0a06bd8e495,1156510100,1,cd.m.dyrs.com.cn/*
213769821af2409f4079151e7bfcddde,1156510100,25,m.cdzpg.com/*
2145689f282ca4c93d2be094a192a50f,1156511500,3,m.shj.cn/*
2161896b10b3e2fd620539fd4c6e6d72,1156511400,51,m.cdwyzs.cn/*
217214dabf63194939d56481f95f5aa8,1156510300,42,m.cdlrzs.com/*
2188eaf79ce788f4feed0a8a4c29e254,1156511700,154,m.cdwyzs.cn/*
21d33e544a6105cec237cddd0b6b2538,1156510100,6,m.cdlrzs.com/*
21da789a33bb7b246d426a16c7c2daff,1156510100,3,m.shj.cn/*
225070b7cd17bbe350ae6acbf8d12624,1156510400,3,m.shj.cn/*
228662138e08307aa8439be09cca044b,1156510100,58,m.cdwyzs.cn/*
229de4df649d43363457c512d6793550,1156511300,66,m.cdwyzs.cn/*
22a86dcb3c2ef396e2570dc80b9f97aa,1156511000,20,m.cdzpg.com/*
22aa5e9397674cd5a9d676fe90fd4f64,1156510600,3,www.scxblzs.com/*
22e08df463198b66abf7bbbfa886fdf8,1156510300,80,www.ddzsjt.cc/*
233da3ca767cd76f4cc628da64e755a2,1156510700,13,m.cdwyzs.cn/*
236d7c37b6a024c95825b75a912d28f3,1156511500,15,m.cdwyzs.cn/*
236f460b5580a1791a4142fac291dea3,1156510100,32,m.cdwyzs.cn/*
2372cf5902b499834c3446a1eb536ee4,1156510400,209,m.cdwyzs.cn/*
23b805ad4c7cf9b37f2452e27697fe61,1156510500,4,cd.m.dyrs.com.cn/*
23bf62b8aa44ffcd71961dbbf5edea57,1156510100,1,m.shj.cn/*
2434bb0add37596a2f6f680dd6313530,1156510500,52,m.cdwyzs.cn/*
2441d496fcf20f78ee5a0f380179796d,1156510100,47,m.cdwyzs.cn/*
246c617877b9164f8ec42413c122ebb4,1156511100,1,www.ch028.net/*
24ed2e6b39390e57b7e7fbca250af4e8,1156511900,2,cd.m.dyrs.com.cn/*
2547337c850e137962a5e72588d381fd,1156511100,23,m.sljjzs.com/*
2641c38e4b5392e296984b973378765a,1156511700,71,m.cdwyzs.cn/*
26651e355eec43168dbd2a2f25f53b5b,1156510100,184,m.cdlrzs.com/*
26e6c4ff58c66b5f0b349f78affeb262,1156510100,28,m.cdwyzs.cn/*
270cd7fb0bbf3b973954ededb3300847,1156511600,1,cd.m.dyrs.com.cn/*
2753c754eed99c463f5b5b25336bc3dc,1156542600,90,m.cdwyzs.cn/*
277da255626244e7b839416a79d051c7,1156510900,12,m.cdwyzs.cn/*
27c4cf864b3dd51bebe90e699c80026a,1156513200,38,m.chuanhaozs.com/*
280bb8f2f82ffae567bb9dd5fe6052dc,1156510100,1,m.cdwyzs.cn/*
2833788354182cb58fc6138f35bbc49c,1156510100,5,www.scxblzs.com/*
2871c58da546921d3b9691d8b625080f,1156512000,29,m.sljjzs.com/*
2874ef510bd05874b15bb5882432530c,1156510100,30,m.cdzpg.com/*
2942f6e784dd5a14ebba7d8ca0710be4,1156511000,43,m.cdwyzs.cn/*
2951ddfa273948dc513d02458be5fd63,1156510100,8,m.cdlrzs.com/*
2979954774fa98dde07d1de16d16e8dd,1156511000,40,m.cdwyzs.cn/*
29ccc52443757c0bcc78db2f64864f0d,1156510500,32,m.cdwyzs.cn/*
2ac27d27ec417bed1d747b4143f4450b,1156510900,34,m.cdwyzs.cn/*
2b1f23c6cc8cb596546b7e714c289264,1156510100,7,m.cdwyzs.cn/*
2ba5362b8c6768b8d37ff123716810b1,1156510100,202,m.cdwyzs.cn/*
2bd17d4cabea249248c903ccb2e032e1,1156511700,7,m.cdwyzs.cn/*
2bda550f765c1b08c8334b4095e79534,1156511500,22,m.cdwyzs.cn/*
2be023034eb8f10968189864c8aa4de7,1156511700,2,3g.xjszs.com/*
2c132ceace803d5c50a0c77fa0646e13,1156510100,56,m.cdlrzs.com/*
2c747d21d2f23a8b458395a37578d42f,1156510500,2,m.shj.cn/*
2c982586ed756087965ede784d3ae325,1156511000,20,m.chuanhaozs.com/*
2d3925b0e96541560d61888478092d23,1156510100,29,m.cdwyzs.cn/*
2d469f7bba4b593968598ef77c4c4dba,1156510400,24,m.cdwyzs.cn/*
2d6b845e878567cdc228e6ead82acbac,1156511000,1,m.shj.cn/*
2e11718f18ba5d31406b0eefcd4e495f,1156510100,11,m.cdwyzs.cn/*
2e4b4f4b0496c7710d0ddfabda0fce33,1156510100,6,m.cdlrzs.com/*
2e51f1931154a5fc676893ff0ef51b10,1156510100,2,m.cdwyzs.cn/*
2e55502cf44ceae7d77f04cc559ae911,1156510100,3,cd.m.dyrs.com.cn/*
2e6ef16511b183ad1cb037f30329828e,1156510100,18,m.cdwyzs.cn/*
2ee0fbba50f9ad27fc62ac7e7b7cc036,1156510500,1,cd.m.dyrs.com.cn/*
2f180e8337084fce9c1f65ed74c5b344,1156510100,1,m.cdwyzs.cn/*
2f316492097a953fa1283f1da587f77c,1156511700,18,m.cdwyzs.cn/*
2f5eea2edee4a7d1b40fd1588d31c47c,1156510100,22,m.cdlrzs.com/*
2fa7ab421e947f9c2692bac908e2b4f7,1156511100,26,m.cdwyzs.cn/*
2fbf8d2accc0526d2031d3f2e3d10605,1156510700,3,cd.m.dyrs.com.cn/*
2fc9f942cb232d629310f34c1c86d553,1156510900,40,m.cdwyzs.cn/*
2fd281773ed2e7b2aa62110eaf39cf73,1156511400,65,m.cdwyzs.cn/*
30afa5f43f3721124cbef1831269c979,1156510100,6,m.cdlrzs.com/*
319cb4a0e7a330a689fa13002194f12f,1156510100,3,cd.m.dyrs.com.cn/*
31b678eb7a365987d875df3ce413c832,1156510100,1,m.bzzss.com/*
31bacab3a1ff2af77e19575afcbddcf6,1156510700,51,www.bzzss.com/*
31cfaa2734be0e26900e1e17b616e796,1156511000,48,m.cdwyzs.cn/*
31fb152aea198178dae62a9fc6c52977,1156510600,147,m.cdwyzs.cn/*
3225ce6d93be5cc6720f2b0e7ce3c7f1,1156510500,3,cd.m.dyrs.com.cn/*
323dd1a237f5df1cd5442d1f968f0c0d,1156511300,5,m.cdwyzs.cn/*
32e1fc4f592874e2850085d20e21677c,1156510500,2,cd.m.dyrs.com.cn/*
32ef2cdc2954d94edbc04fc265ef59dc,1156510800,67,m.cdwyzs.cn/*
32fbe44944a8e8d7fb55696d16880d07,1156511900,71,m.cdwyzs.cn/*
3308982d06b44d98bffaba232a030c66,1156510500,6,cd.m.dyrs.com.cn/*
3375ff337eeb2f66cf1851df294d455a,1156510100,67,m.cdwyzs.cn/*
33e50b2ee7b0dd571721d9d76cb62a8a,1156511700,28,www.ztxzsjt.com/*
33e6d55a3b33d7e1051a98753d3ffc6a,1156510100,53,m.cdwyzs.cn/*
34984e81e76db8578048e1930b4e1251,1156510100,1,www.bzzss.com/*
34cb6244db01076254e9ff144a76ad57,1156510100,20,m.cdwyzs.cn/*
356820988df29bfe62bb1c081ee255d5,1156510100,22,m.cdwyzs.cn/*
357d53f8b9ed3164cabab0996ce9e132,1156510500,23,m.cdwyzs.cn/*
3645aa33e004ed208a8b5d0ce9be2f4b,1156510100,3,cd.m.dyrs.com.cn/*
364fd05a614dea4c039d1031f8c38c88,1156510100,73,m.chuanhaozs.com/*
366faf63004ea9df7ea789da3a50b5ef,1156510100,158,www.bzzss.com/*
368060ba1a6212fea67a3233a71f52c2,1156510800,4,cd.m.dyrs.com.cn/*
369d5cd85544569d4e5599a388233b9e,1156510100,55,m.cdwyzs.cn/*
36b45553b1ea42417448c958e444a8bf,1156511900,26,m.cdwyzs.cn/*
36b7b2023b2651eefe2a6e393137d9cc,1156510100,2,m.shj.cn/*
38548924a8bb049fdd35fd81716a5e4d,1156510100,29,m.cdwyzs.cn/*
3869522d136029c029d683be63198a38,1156510100,11,m.cdwyzs.cn/*
38726af180a0817a63526e3406ae7add,1156510100,6,m.cdlrzs.com/*
392450218f96dc3d08d34e86bd2d4721,1156510500,9,m.cdwyzs.cn/*
395d266ae805c550fa3263d23e011f5e,1156511400,3,m.shj.cn/*
399516ba5a3c670a32de694da42ec2b2,1156510800,4,m.shj.cn/*
39b0ff9f14dc7f2b931d91610dfdb6f3,1156510500,12,m.cdwyzs.cn/*
39caf1a661ec56bb2745f681ece2654c,1156510100,14,m.cdlrzs.com/*
39ec38d3750b0aa721b54999b3a0359a,1156513400,66,m.cdwyzs.cn/*
3a01aa7ec5c74df0686e6348d567f705,1156510100,109,m.cdwyzs.cn/*
3a180208f810a37b01da45b252683068,1156510100,5,m.cdwyzs.cn/*
3a25b1847fb628cdd4f2a67520a385e1,1156510700,15,m.cdwyzs.cn/*
3ab17ed94b2ae35b750407ec92c92820,1156510500,3,m.cdwyzs.cn/*
3ad71d4c5586f7ffac6e20220ad46308,1156621200,80,m.cdwyzs.cn/*
3aec901a00d621d4be02302ac389d9c7,1156511000,2,m.cdwyzs.cn/*
3b354d5e5e83100619b41ae29130f542,1156510900,1,cd.m.dyrs.com.cn/*
3b35f6447c7531ca51533e9132cef8a6,1156510100,2,cd.m.dyrs.com.cn/*
3b4fd1c05dfd0353d735d0d62242c974,1156510100,74,m.cdwyzs.cn/*
3b626a7ce250698387a5ca18cf907e90,1156542100,3,m.shj.cn/*
3c6ed7d3b55c413be064634d9249b7d0,1156510700,10,m.cdwyzs.cn/*
3cb9e5dcecdb8f46f340062da1247e62,1156510100,25,m.cdzpg.com/*
3ccd0d451417bb4b76db51cd9a1f8d80,1156510500,2,cd.m.dyrs.com.cn/*
3ce0beee9ca7474f2e75a7eb4118b31a,1156510100,38,m.cdlrzs.com/*
3cf1b55dfe8cff1fbcfb158e2b968921,1156510100,23,m.cdwyzs.cn/*
3d0d0fa1048cc90e89d3a291db95ae78,1156510100,64,m.cdwyzs.cn/*
3d667069cd9c62e39c0866e3970da63a,1156511300,1,m.bzzss.com/*
3d80ac3800990568aa2ad35b1777ebcd,1156511700,66,m.cdwyzs.cn/*
3dd6455babbfcc9fbf0224988b585a18,1156510800,8,m.cdlrzs.com/*
3ddd741ba39d5d9f9cde0f63f4ad1eb3,1156510500,46,m.cdwyzs.cn/*
3eab28f2344609c0c31db8a3d43af5cc,1156510100,11,m.cdlrzs.com/*
3ec1983a062a14ae7575f225e298ca7f,1156510300,37,m.cdwyzs.cn/*
3ee068cc66d7c4c45d8db5581ec5d421,1156330600,5,m.cdlrzs.com/*
3f0a810ba04394a5ede4c83cec32116c,1156510100,29,m.cdwyzs.cn/*
3f123cdfaeb83b0fdc88c30fc55c4c44,1156511800,62,m.cdwyzs.cn/*
3f6ef1ac6e3d0e952d99b9b08dcfe739,1156510100,75,m.cdlrzs.com/*
3fb6469d4146a7e634f1041d2ec7c1ab,1156510100,12,m.cdlrzs.com/*
3fbc555519923ac4bdd79d0c6c04ec48,1156510700,6,www.ztxzsjt.com/*
3fcbc36451308e1cb650817a9f1bf6bb,1156510100,8,m.cdwyzs.cn/*
4004ac0844d6976630c345fc83427fa5,1156510100,5,m.cdlrzs.com/*
406e1769cb78c71bfe81ca414c191b9a,1156512000,79,m.chuanhaozs.com/*
40b49f047bbe456c9c1995c45a993b61,1156511800,1,www.ch028.net/*
40f18a8fa5b50b4196a3558d676c3ffb,1156510100,27,m.cdwyzs.cn/*
40f845c2759c50b698987e4715f0df40,1156512000,2,m.cdwyzs.cn/*
420f5c5b50e976534d5f757664fde32e,1156510100,30,m.cdwyzs.cn/*
4265b817079c9a56c0d8bbc036f4216a,1156510100,80,www.ztxzsjt.com/*
42bc335ad14a3272a2777a815e5572c2,1156510700,2,m.cdwyzs.cn/*
42eefafcba5b97166a07abd4bf0cf222,1156510700,1,m.cdwyzs.cn/*
42fc4e7982732129ccb4065b50c4d0ec,1156510100,1,www.cdhxjzs.cn/*
43159b2a6f1ba56816d60bbca8ec6d20,1156510100,1,cd.m.dyrs.com.cn/*
43330cd3b5dc167da09f8c79962e06e5,1156510100,22,www.ztxzsjt.com/*
433fa851c975e47caf7f1666457566b0,1156510100,49,m.cdwyzs.cn/*
43552ae5b0a76ccba8d048e3b522932a,1156230100,26,m.cdlrzs.com/*
436ec3a3eb47f1898d04470ce01369c8,1156511300,1,m.shj.cn/*
437d2591ed368843a2563f076c66796c,1156510100,31,m.cdwyzs.cn/*
43db7594925716eeedf8b8d79e36615a,1156510100,10,www.wuyouzhuang.com.cn/toufang/h5/*
443b1893c84756f3dbf8e387b1a2c514,1156511600,86,m.cdwyzs.cn/*
446a1ae15ade3d595b12c0d37dc850bc,1156510100,25,m.cdwyzs.cn/*
4482d856e7e439f0d90efb34b20f57eb,1156510100,69,m.cdwyzs.cn/*
448eaf16583a8e559447702281317c5e,1156510100,33,m.cdwyzs.cn/*
4621be446ffd5092c5065feab739068a,1156510100,55,m.cdwyzs.cn/*
4624897f04c3509ceef5005f2b0991dc,1156511300,20,m.cdlrzs.com/*
463fabb165d59f7a82d9db474ff78601,1156511300,3,m.shj.cn/*
464a93072dd8172045cc61c768e37ff8,1156510100,8,m.cdlrzs.com/*
4680a8cacdfe39767db1989f5a329200,1156510900,51,m.cdwyzs.cn/*
46c34ab6220d4f139425a8f68650e89b,1156511900,3,cd.m.dyrs.com.cn/*
46ddbaa74d5bf43eb418c4beec1528ff,1156510100,2,m.cdwyzs.cn/*
4725094db88b37d4dafabfcf79b705c4,1156510100,3,m.shj.cn/*
4726508f492a09410159ba78692d1c4b,1156511300,10,m.cdwyzs.cn/*
4759326c87ec15579d705bf60f4dd79e,1156510100,5,m.cdlrzs.com/*
47a433b02ebb2526ffbac5e8d05a9560,1156510800,236,m.cdwyzs.cn/*
47dbb26fa43d3bc6619412722415d34b,1156510100,63,m.cdwyzs.cn/*
47dd4fb0cd9df1ae3905f4df745b42fd,1156510100,54,m.cdwyzs.cn/*
480fa12ebaccefd179ac9826321fa4bb,1156511600,1,m.yzf.com.cn/*
491821b8e9b085db282472f25ce03749,1156511400,44,m.cdwyzs.cn/*
494706cd3c815ceccdbdeed5e6a78ae6,1156510100,49,m.cdwyzs.cn/*
49fb7b1687b1951dea8251e73a307a60,1156510100,55,m.cdwyzs.cn/*
4a40e3a3316e8553a2c2e67793d0a0aa,1156510100,1,m.cdwyzs.cn/*
4a4bb52e7cde3acbc4d29a864826b120,1156510100,51,m.cdwyzs.cn/*
4aefbc2037d90a66ec4cbc0cf8555e55,1156510100,58,m.cdwyzs.cn/*
4afac697029eea189516883806543a2f,1156510500,3,m.cdwyzs.cn/*
4b93d9ca5c6e62a7cbf8fd272d6baf83,1156510100,8,m.cdlrzs.com/*
4c9c327395017b32df31c695f589ee71,1156510100,1,www.ch028.net/*
4cafca71b1c7b176434170870b63710c,1156510600,5,m.cdwyzs.cn/*
4cb0ed8fddfc581d2e9da8cc28627ff0,1156510500,3,m.cdwyzs.cn/*
4cb4c448189886335bda2b7c20222b4c,1156510100,35,m.cdwyzs.cn/*
4ccd65f9ddfa07aeb2cea32cbc633d9c,1156510100,7,m.cdlrzs.com/*
4ce9227856041158103b11b57d6b5b87,1156511700,60,m.cdwyzs.cn/*
4d3a4aa6862fe985680712d705ea77d0,1156510100,11,m.cdlrzs.com/*
4d45f0467b4a3ffccf3923181f23a9e5,1156510500,3,cd.m.dyrs.com.cn/*
4d545b97edca6c4a69ddac97425fae41,1156510700,3,www.scxblzs.com/*
4d7a51e54ffd1c31c04235ca813f4ae3,1156510100,4,m.cdwyzs.cn/*
4df7684be38bc76e73142dbb3432b254,1156510100,59,m.cdwyzs.cn/*
4e0fa5967feaadebca3c899b8f8d6f9b,1156510100,14,m.cdlrzs.com/*
4e2308a8692db8a558a7ac26a2d1e12a,1156510100,112,m.cdwyzs.cn/*
4e2b61c7504cf143dbb7a7d6a014f1be,1156510100,46,m.cdwyzs.cn/*
4eb79ffce419d4103751ce9edba6ca67,1156510500,69,m.cdwyzs.cn/*
4f56ada71b77d72e4218d96c6fe72fb6,1156511900,72,m.cdwyzs.cn/*
4f6acc32e6ca5528055fac631ce7652a,1156510100,87,m.cd.tdhjz.com/*
4f7e12740ac75c2d9c7d3c2842e3a866,1156511700,3,m.cdwyzs.cn/*
4fe091da741269c0c84a7cc12a9a42f7,1156510100,195,m.cdwyzs.cn/*
5029ea832975080475b3001d3e953908,1156511300,27,m.cdwyzs.cn/*
508c13d43712e229f067e85287038d4e,1156510900,9,m.cdwyzs.cn/*
5096c0036f4fa60d7cb08625c96bd0c0,1156510100,1,m.hexinju.cn/*
50f235f3bb8551af1560ba040d7367ab,1156511300,19,m.cdwyzs.cn/*
51962f6be7fcd8fac0eefcb1785810cd,1156511300,36,m.cdwyzs.cn/*
51a9307f5ea0a24780645e6519df89cd,1156510100,33,m.tdhjz.com/*
51b0e962a967e4d7c7858ebd0366c557,1156510100,59,m.cdwyzs.cn/*
52115b6a389308d72ba356eb83c843eb,1156510100,21,m.cdwyzs.cn/*
5221e472ffd39107d45d24d408b2c3d2,1156510900,4,cd.m.dyrs.com.cn/*
525520f06905301cfb5ab469f300ca94,1156510600,1,www.scxblzs.com/*
532d6f327837bb806416f8884273f588,1156510100,126,cd.m.dyrs.com.cn/*
5348b7ac8223257d241ad2222d261236,1156510100,30,m.cdwyzs.cn/*
534e8f3d2cc4084664549022ca51cc09,1156510100,28,m.cdwyzs.cn/*
53a040cf3e0592e8beaea6c1e9ed408a,1156510100,35,m.cdwyzs.cn/*
53c61a371e91508ab6109852f8ff86c6,1156510100,106,m.cdlrzs.com/*
542eee7aba393c2fba21602d508bf270,1156510100,211,m.cdwyzs.cn/*
54b9f865a52270bd3e85679d11efd11d,1156510100,18,m.cdwyzs.cn/*
556a8aa0e5bfea0e562bc01448100759,1156510800,34,m.cdwyzs.cn/*
55a9fcd835d635e52183cf65603ae15a,1156510600,91,www.ztxzsjt.com/*
55ae82363369030372cdf289a5bfc6c4,1156542300,18,m.cdlrzs.com/*
55c262d1fd7720b8cc2591eab82dfb78,1156510100,8,m.cdlrzs.com/*
55e5097d49f1ffbf5a13da344d13baf0,1156510100,34,m.cdwyzs.cn/*
56540ec4aaf6433fa2bcbe6f0d6fa1b4,1156510700,34,m.cdlrzs.com/*
56a8d95e361b8b1e19577e0a9647d1b7,1156511400,48,m.cdwyzs.cn/*
56e65af971bcf667f0b8bba643f99f31,1156510100,11,m.cdwyzs.cn/*
56ea99c09460b863d80fbaf2c23db5aa,1156630100,21,m.cdwyzs.cn/*
5767589e13cfd3ba3229060edf6fab15,1156511300,25,m.cdwyzs.cn/*
57bd0da556988f6ad01d789515a74c40,1156510700,57,m.cdlrzs.com/*
57c77c63d8e4c845c233bdfcdb6729a6,1156510100,79,m.shj.cn/*
5818ec8ae9973c825414cdef8a57f7d1,1156510100,1,m.cdlrzs.com/*
594155428cd3325b1d576baf98598cb4,1156510100,9,www.wuyouzhuang.com.cn/toufang/h5/*
597f4859799fabf896743c940380ef00,1156512000,40,m.cdwyzs.cn/*
5a0bfb198b483996a3da0a3a75fd40db,1156511700,26,m.cdwyzs.cn/*
5a1b85a32a0ca60c95c87ea5784bc678,1156510100,3,www.u-workshop.com/*
5a8d79830349e799ff35437ecba55039,1156510100,33,m.cdlrzs.com/*
5ab38ade914d270275a4aa866f578fc0,1156510100,11,m.shj.cn/*
5ac4d3c87368058ed6701c24f5db744c,1156510100,62,www.cdsmhome.com/*
5b0f83e510fadc9f6cf2206a6691e734,1156510100,26,m.cdwyzs.cn/*
5b1432b36800e7a80580b12946779121,1156510100,2,www.u-workshop.com/*
5b46562ec284c7756f840e84f4b24c34,1156440700,14,m.cdlrzs.com/*
5b61d5eacff0f06e1af91d63bca068c3,1156510800,26,m.cdwyzs.cn/*
5b7d77d6856710c8a1a829fec5278235,1156510500,85,www.cdlongtingzs.com/*
5b82b654645d5c860542198470049918,1156510500,76,m.cdwyzs.cn/*
5beede5f0eebd3c84a352c1a2b2e4fc3,1156510100,1,cd.m.dyrs.com.cn/*
5c1ce5a6fe87e122a1e20cf193ece55a,1156510400,12,m.cdwyzs.cn/*
5cea7bdcb313258f7d501d671577982f,1156510100,1,www.wuyouzhuang.com.cn/toufang/h5/*
5d1d6b869cc1c11588280f254669b0f9,1156510100,113,m.cdwyzs.cn/*
5d4c304f1deab1281ee420f930d8a0cd,1156510100,3,cd.m.dyrs.com.cn/*
5d70b6888fdcd7f1a19c34a56069b170,1156513400,28,m.cdwyzs.cn/*
5dd65e5403a341faba55d51ca7f74adb,1156510100,11,www.scxblzs.com/*
5efb30b5a13de3efaa2cd3d9bc61aec3,1156510500,2,m.cdlrzs.com/*
5f3a7f22cbeab56327da020eb4329aba,1156510100,168,m.cdwyzs.cn/*
5f3c62c34f7099351b714a70b18d5197,1156511400,60,m.cdwyzs.cn/*
5f886f55289d85062c7f3c068e3a36ea,1156510100,17,m.cdwyzs.cn/*
600ad39b2f9a98d3b9b399853268ba90,1156510100,6,cd.m.dyrs.com.cn/*
6034d4f47b5d414b4c5d5443fec14321,1156510100,1,m.cdwyzs.cn/*
6072e96c823f6f46aadaa9293a2ab39f,1156511300,35,m.cdwyzs.cn/*
60bc9c67e8293b34533b6ab3a760a466,1156510100,78,m.cdwyzs.cn/*
6102902efc99f10d02c8ccc076fb15b3,1156510700,3,cd.m.dyrs.com.cn/*
610f814ce61e5518307ab1bef18a20fd,1156440100,3,cd.m.dyrs.com.cn/*
621667aa486d44d841642e2dbbace56c,1156511000,58,www.ztxzsjt.com/*
62238b0ec6c73a57093db37e90604e19,1156510100,24,m.cdwyzs.cn/*
62a52cbe583db1975f7e2e3ae331a938,1156511100,105,www.lrzs.com.cn/*
63570c4e993f5c5f450606c19f95967c,1156510100,1,cd.m.dyrs.com.cn/*
637ad8b2e858c3272352f33c55b203d9,1156510100,60,m.cdwyzs.cn/*
63916c7136d9e70d3f82e4b7688ed3d6,1156511000,4,m.shj.cn/*
639213532c4db24bb1a7e48c7bb5aac3,1156511300,5,m.cdzpg.com/*
6428dbbdea721d6036d1ca7d9f62a290,1156510700,5,m.cdlrzs.com/*
645cad58f4070779bcef836c8c13a3cd,1156510900,1,m.cdwyzs.cn/*
647e90a8c50435197ee1c09cdc7f0323,1156510100,53,m.cdwyzs.cn/*
647fe8739ad989f36068d71640f31edd,1156510100,74,m.cdwyzs.cn/*
649bb56fc636c61df74826841d4b2182,1156510100,76,m.cdwyzs.cn/*
649ff4e630b19e22a73fcb3d0547adaa,1156510100,3,m.shj.cn/*
64ca9f22f7db12b342789268015e9407,1156510100,77,m.cdwyzs.cn/*
64ed9feff7ed4c9a137af93d2941f6e0,1156510100,43,m.cdwyzs.cn/*
6500be96949ae0670352f97a7b912075,1156510500,56,m.cdwyzs.cn/*
6514c9068a72672dc1695a603527ec3d,1156511500,2,m.cdwyzs.cn/*
652753701e7236e2023ef346992311cd,1156510600,52,m.cdwyzs.cn/*
653699244fad8ec172816b0b675143aa,1156510300,2,m.cdzpg.com/*
6545228cc1205f787a537f652d92829f,1156510100,62,m.cdwyzs.cn/*
657a60113472674cfb47d21fe3cdac43,1156511700,12,www.ztxzsjt.com/*
657c8ccde5fef5db1e84c36ad99f45d1,1156511500,21,m.cdlrzs.com/*
65b5486fbef47e350cf2ce86665cb9de,1156510700,1,cd.m.dyrs.com.cn/*
65dfc224893a4b35c51137f9b5136571,1156511500,5,m.cdwyzs.cn/*
666164b10e1730b151aefa39490c4354,1156510700,33,m.cdwyzs.cn/*
666224ea08f285c16b2ffab128191d56,1156510100,2,cd.shj.cn/*
666c9e0b18df72978b2bbc5b54e79e1d,1156510600,69,m.cdlrzs.com/*
66c15a054c8734644aa63649eece5be8,1156511100,6,cd.m.dyrs.com.cn/*
66c164f3fefa3ef24f910b8717cf42f2,1156510100,202,m.cdwyzs.cn/*
66d8f6d3119aa63595c9dad41079128f,1156510100,47,wap.cdjzw.com/*
67278c25591ef025c7c6e316a013cc4f,1156511300,7,m.cdwyzs.cn/*
675af237892f140fc732de07c68dc7b1,1156510500,1,cd.m.dyrs.com.cn/*
67e8c06be2e07e58c96423ba70304d46,1156510100,1,m.cdwyzs.cn/*
68ca8a0f4283c520b051963e315dcb67,1156510100,4,cd.m.dyrs.com.cn/*
6953ceb6a4702754a8a591db29ebd87f,1156510100,76,m.cdwyzs.cn/*
69c1e7cdaa9527d66305b9e86d9a69c4,1156510700,1,m.cdzpg.com/*
69d65df6a17a987fc9e737a0624fafcb,1156510100,52,m.cdwyzs.cn/*
6a9e3165dbd8ed5ab40cab9d61cfb0b3,1156511300,36,m.chuanhaozs.com/*
6b0b7dec88b640431b3a1dc9583c8ba5,1156510500,13,m.chuanhaozs.com/*
6b2546a9aa5ea4e0e345ebff58ffeed2,1156511500,16,m.cdwyzs.cn/*
6b3e0fca6a56e1ba7a83fdc486361d30,1156511500,95,m.cdwyzs.cn/*
6bb1964bf70bfabd10da9c7a4b88e32a,1156500000,29,m.cdwyzs.cn/*
6bf0bab23da35f88c69ff5beaae98d48,1156510500,55,m.cdwyzs.cn/*
6c213fc52942c1f9bdb968c4375a439c,1156510800,75,m.cdlrzs.com/*
6c7b19f41af9c18bcad55b4498e7fa8f,1156510600,1,m.cdwyzs.cn/*
6c8b644d9553c8d36f1285fe7dbf6103,1156510100,10,m.bzzss.com/*
6cb2e8df1a8ed2cf04ab343d49cd3dcd,1156511000,22,m.cdwyzs.cn/*
6cd8f5d4e714aa6bc6b5fa8577ffcad9,1156510100,3,3g.xjszs.com/*
6d659602017d3cf17923a4d6a663a0fb,1156510100,16,m.cdwyzs.cn/*
6eefe6a0efbb2d9536189c926213b081,1156510100,50,m.cdwyzs.cn/*
6f2290aaa708e53c0e71d734d53e74be,1156510300,6,3g.xjszs.com/*
6fa6d3faec8c139a3856551787d36ce0,1156510100,265,m.cdwyzs.cn/*
702e5f98f2b8d7895e197557c9ffd66e,1156510100,39,m.cdwyzs.cn/*
7058d6ba54f9488c62fa41cd8e1439eb,1156510100,65,m.cdwyzs.cn/*
707bfdf80ee0ba2451064553c6052506,1156510700,73,m.cdwyzs.cn/*
7093eca1c4e17f9b6cdae04b5c2d5755,1156510100,1,m.cdwyzs.cn/*
71201cdad54282890762422cc566d03d,1156511500,2,m.cdwyzs.cn/*
7121ba56451af0d84eb9d275d1cc58df,1156510700,24,m.cdwyzs.cn/*
7133c584a9746b449e44d36d5784e48f,1156510100,4,cd.m.dyrs.com.cn/*
713485175b0ce719d4ff935db7a11be6,1156510100,111,m.cdwyzs.cn/*
7181624f7014fc69b814ae442d93de9f,1156511700,24,m.sljjzs.com/*
718aecb663bcbba9cce619e102a65a13,1156510800,4,m.cdwyzs.cn/*
71fb8c27587bee10d0164b5fbd919de2,1156511300,1,www.scxblzs.com/*
7281ed4b447816a1d3db23b178b6a4bc,1156510100,38,m.cdlrzs.com/*
734800002a6a1a61570689e42c1aece2,1156511300,49,m.chuanhaozs.com/*
73499e255d99da92017466f96d4a9a59,1156511700,1,cd.m.dyrs.com.cn/*
7390b27f6195225497beebeb3acd4aaa,1156510100,1,www.wuyouzhuang.com.cn/toufang/h5/*
73aff2b6c571b33416cd772195b06ce9,1156510100,16,m.chuanhaozs.com/*
73b91b0deb70134fa9642524eb9e6e77,1156511300,2,cd.shj.cn/*
740cf5cad67d2ec07d24a836dffca0d7,1156510100,73,m.cdwyzs.cn/*
750e42e16f511fe79894c4e67f75d42f,1156510100,1,www.scxblzs.com/*
755ad279dd9cf011500107b090564d9e,1156513400,34,m.cdwyzs.cn/*
75c405451fac6be78359708e68370244,1156510300,37,m.cdwyzs.cn/*
75eb6b65a585735124358e7c2216edad,1156510100,3,www.wuyouzhuang.com.cn/toufang/h5/*
75fa465b187549dc7a5157fc31db9589,1156510500,8,m.cdwyzs.cn/*
76d436edc3d175b6abbb39f1af639d71,1156510100,277,m.cdwyzs.cn/*
770e357a47de1e73fd12ff3be1c7843d,1156510100,8,m.cdwyzs.cn/*
7746fdcf5b176013ada46fe4b72938b6,1156510900,68,m.cdwyzs.cn/*
777a0f9b107199abe557e57c51e06cd5,1156510500,25,www.scxblzs.com/*
77f01c6019ddd5331f86d56cc0421d6f,1156511000,53,m.cdwyzs.cn/*
78022243c125681c702faead53c3c248,1156510300,19,m.cdwyzs.cn/*
7810b324e5cda0e78ebb9f45656381b7,1156510100,9,m.cdlrzs.com/*
786b3fb9e4b7e9086a0913828ee2ad47,1156510100,40,m.cdwyzs.cn/*
78c8e4db052e7063ee136075f421cc61,1156510100,51,m.cdwyzs.cn/*
7924e33118c7c2c81f08ea220a9a0c85,1156510100,72,m.cdwyzs.cn/*
795f103a42071ccccc381740341d81b4,1156510100,13,m.cdlrzs.com/*
7977e66fae407e57e317a434402c8b76,1156511300,37,m.cdwyzs.cn/*
79e673b72e3c48b17ba7ceeaf3b0107b,1156510700,8,m.shj.cn/*
79f4b6164d6fd7fc2e30dd7badb0b9a8,1156510100,4,m.shj.cn/*
7a13422b1004b692e375d3e37b8f0620,1156510100,7,m.cdwyzs.cn/*
7a44317a53bb4ec9e250426d2b08521d,1156510100,29,m.cdwyzs.cn/*
7a455fe64911a3b531bf2f5c1466eb56,1156510100,18,m.cdwyzs.cn/*
7a54f855e9be257704660ee6acf6c715,1156510100,10,www.wuyouzhuang.com.cn/toufang/h5/*
7aa406c7249ce8a9477ff329e7038776,1156511100,1,cd.m.dyrs.com.cn/*
7aa8e3bfb14a7b40b91ce653caf7021b,1156512000,50,m.cdwyzs.cn/*
7ace4191912e1ae6daa90f9e0b701002,1156510100,1,m.cdlrzs.com/*
7b061dc53d09552f47279c019e81ee82,1156510100,62,m.cdwyzs.cn/*
7b0a8d7320b75f81945ad4102c99dcff,1156510100,33,m.cdwyzs.cn/*
7b449ec8089dfd234d9a7a25037a34d8,1156510600,53,m.cdwyzs.cn/*
7b636a433f088d85da261f9711847aa3,1156511300,62,www.cdsmhome.com/*
7b822333feef00f7dddf76d784413f96,1156510100,2,m.cdwyzs.cn/*
7bb3c5ddbf65fa1a8068a9e081533cdf,1156511700,59,www.scltzs.cn/*
7bc8b67e2e498b20554e83946d35fec3,1156500000,38,m.cdwyzs.cn/*
7becaadcc7226abf716a267cf0f41457,1156513200,66,m.cdwyzs.cn/*
7bf244c79956b303dcdeba51e7a7ea40,1156510100,1,www.ztxzsjt.com/*
7c1e1c5dab4596253dd3543cc41e6b42,1156510100,6,m.cdwyzs.cn/*
7c800dff9ed376aa474d1a00c0c61728,1156510100,42,m.cdwyzs.cn/*
7c9bfbfafefe4b27c17f8289539f7881,1156510100,1,www.scxblzs.com/*
7c9ffe48e72feb6c3e8c7e440ea53b79,1156510100,89,m.cdwyzs.cn/*
7d6e2c3bd08b171c7650cb8ed7980a8c,1156511400,4,cd.m.dyrs.com.cn/*
7e84f36c1cb0880d8a7a1218d6c2f364,1156510600,53,m.cdwyzs.cn/*
7e9609fa04d6a0c131da93879c129b2e,1156610900,2,www.scxblzs.com/*
7ee2fbc4523d310d96cd44b10289f5a0,1156510100,19,m.bzzss.com/*
7f1aea8958ccc6cee393ca15ddba22a5,1156510600,3,m.shj.cn/*
7fdbdae6cd9de3c7d7a10127d1a02aa9,1156511700,67,m.cdwyzs.cn/*
7ff134e02f1b17c10babf1be700a3838,1156330300,74,www.bzzss.com/*
7ffd6004433fb02306d8c29041096703,1156510400,20,m.cdwyzs.cn/*
800c386166da5febae4e8537bb8114f5,1156510700,22,m.cdwyzs.cn/*
8066bf50df161cb60f78cd4e6a71cc68,1156510100,49,m.cdwyzs.cn/*
8078c126762b22cdbe86e0a3187a03f0,1156620400,10,m.shj.cn/*
8079e7f224a6b8cdd23f45f2a82feb49,1156513400,44,m.cdwyzs.cn/*
8147b40339f477822090fa9c23931622,1156510100,12,m.cdwyzs.cn/*
816eb61523532528ec92d507367e8fe4,1156630100,215,m.cdwyzs.cn/*
817e4b58a37a1bf560d952d3aedb3b72,1156510100,13,m.shj.cn/*
819e6db7efdade1a38d4184808da93a8,1156510100,61,m.cdwyzs.cn/*
8274e56625dcb754304d40cee933df87,1156510100,2,m.cdwyzs.cn/*
82970cf75cc3611c105c19a28d0ec7c7,1156511700,67,m.cdwyzs.cn/*
82ab872f4308d569b0debfbb6a3c7ebc,1156511100,56,m.cdwyzs.cn/*
833e3581a6e3b302fd815e21a0090fe5,1156510900,4,cd.m.dyrs.com.cn/*
841f1dc80c4ca859f74e7d28ba1d9c27,1156510100,57,m.cdwyzs.cn/*
84476fdbf81e232890a86360d075cb8e,1156511400,29,m.cdlrzs.com/*
846d845d40288d98f310db3ffef617b1,1156511800,215,www.lrzs.com.cn/*
847969c4888f5d3b5f3b6b6ab6a211f4,1156512000,14,m.cdlrzs.com/*
849cb5fab947fb19532231ff8b5f7fc6,1156510800,7,m.cdwyzs.cn/*
84a051759748a6712d3198975e138462,1156510500,22,m.cdwyzs.cn/*
84cf7ae89aaa98f752e1b405c4833824,1156510100,265,m.cdwyzs.cn/*
854f12a95cc99bd16fde3c12a2e09491,1156510900,60,m.cdwyzs.cn/*
8575a00ec04490f3fdbf0651a66e533e,1156511000,67,m.cdwyzs.cn/*
86132bfef42fb8aee83ed5848c188fdd,1156510900,115,www.ztxzsjt.com/*
863967c3441e7546ea60ad59805d5730,1156522600,244,www.ch028.net/*
8662028b775318c88d9ed64c6cf55d27,1156510100,7,m.shj.cn/*
86c3e96632d26d8feb938249af54cd3d,1156510100,5,cd.m.dyrs.com.cn/*
87239e4b5eaae98e2d1997c1aa8e5b90,1156511800,28,m.cdwyzs.cn/*
877ac6429eb3a5037c630aff22686d1c,1156510100,119,m.chuanhaozs.com/*
87a1bcabd16097fd9a9259271762c58b,1156440600,68,m.cdlrzs.com/*
87e95ca7096c58b67d6030b06dbc9010,1156510100,8,www.wuyouzhuang.com.cn/toufang/h5/*
880361b294e1f341640c7317871ddf10,1156510100,49,m.cdwyzs.cn/*
8830bfd27654d2eac39f492f197a4105,1156510100,4,www.cdluban.com/*
883c2db68209b0468cb2a253caef507c,1156510800,2,m.cdwyzs.cn/*
88633cf20131931ea0ab5f860c11eaa0,1156510100,18,m.cdwyzs.cn/*
888e2c10f8e73ab1d6f44afe0a21d12f,1156510100,2,www.wuyouzhuang.com.cn/toufang/h5/*
892a6059a1e32860ce8de2b8927b3da9,1156510500,22,m.cdwyzs.cn/*
89355b43d52b6f0dbb48f1629779ec7f,1156510100,9,m.cdlrzs.com/*
893b52bbc82d0f259b95e41460a09066,1156510100,3,m.shj.cn/*
8955948b75e42f909971448be6bfa165,1156510300,49,m.cdwyzs.cn/*
8a6d5f4c1abec1a7e5f515ce1611ab19,1156510500,26,m.cdwyzs.cn/*
8a7bf6df26e3ef98adb346240bf7f485,1156510400,22,m.cdwyzs.cn/*
8b118ab69a6ea56616300f6306f3f9bf,1156510800,3,www.ch028.net/*
8b4e2b240dd00553e36179454f60dd06,1156510400,59,m.cdwyzs.cn/*
8b4fbcbcd6911a270bb1d637335977b2,1156510100,3,m.cdlrzs.com/*
8b75d6a86efa613b35ab97395358385f,1156510700,15,m.cdlrzs.com/*
8b8186446dd0fbad812271058cc43e7f,1156511700,54,www.ztxzsjt.com/*
8b871720f853c868c8496fd39b7ee2c9,1156510100,64,m.cdwyzs.cn/*
8b9109495390ce19a2d5dca5cad56057,1156510100,31,m.cdwyzs.cn/*
8c1887e16637a18bddc1b04809ff9ff1,1156510100,2,cd.m.dyrs.com.cn/*
8cbc73676b749699033de0329ff09a76,1156510100,61,m.cdwyzs.cn/*
8cdc02f3c3fc15bca0ada04c7cfa5a9a,1156510700,3,cd.m.dyrs.com.cn/*
8db1fd2386b5a5ce334e9b9690d4dfa9,1156510100,8,cd.m.dyrs.com.cn/*
8db5364f5fd7110f62826f0c9109cf48,1156511500,7,m.cdlrzs.com/*
8e071055fe69a99a59773d4a666e8268,1156512000,22,m.cdwyzs.cn/*
8e2c5af1665fdb2c19d171492d05274f,1156510100,52,m.cdwyzs.cn/*
8e431d0c462396bdbf0250cf7e4f14f9,1156540100,53,m.cdwyzs.cn/*
8e566110a4b8e5a47f28f4f34878c679,1156513400,36,m.cdwyzs.cn/*
8e5bae006cf0c6c7a4a458029725d3dd,1156510700,3,cd.m.dyrs.com.cn/*
8e78268f2f5a98415833103dbe91e054,1156510100,10,m.cdlrzs.com/*
8f1496217702419d5ff7ee1fcc593c7b,1156510100,55,m.cdwyzs.cn/*
8f33b98cef16e18ddde047cfea8c1e4d,1156510100,93,m.cdwyzs.cn/*
902cd0a267d30e005b807a85415a5609,1156510700,1,www.ch028.net/*
902f6fee3285b953bd53745aca5f3eab,1156510100,64,m.cdwyzs.cn/*
903cb09e2871829bf624f6a16f2d88a3,1156510900,21,m.fenglizs.com/m/*
912541265baf3bc6f2974f984892f960,1156510100,25,m.cdwyzs.cn/*
91c47af749ba687b712af137a304ca0d,1156510600,7,m.cdlrzs.com/*
91fbaa89f74772d5b41bb78095392785,1156510500,197,m.cdwyzs.cn/*
9285abaa3a523054242d445615eb8296,1156511100,2,m.shj.cn/*
9288418ee895be0583252c3dd5782a6c,1156510100,52,m.cdwyzs.cn/*
92ce694530f82752da7cfc7c759835df,1156510100,8,www.ztxzsjt.com/*
92f5113d643a66f049e29bed6e6b2de5,1156510100,24,m.cdwyzs.cn/*
936e229c6b81a4c33fcb4f4707407bf0,1156510100,45,m.cdwyzs.cn/*
937973cb3d01b6f373091a54ebe6bc04,1156510100,2,cd.m.dyrs.com.cn/*
93bca4dbb4eb21d5ee019d7767af5760,1156511500,29,www.scxblzs.com/*
93f5a3b53cc24bbd0247c3262de91d2f,1156510100,3,www.wuyouzhuang.com.cn/toufang/h5/*
9434bfbffd7aef9924192ceba864100e,1156511500,26,m.cdwyzs.cn/*
94724daec219aa845e4f67a61117ecc7,1156510100,33,m.cdwyzs.cn/*
949006e4cf2a85734d6f8d6fcf740fa6,1156511300,138,m.cdwyzs.cn/*
949090e35553d26d5ab48043e97ab596,1156513400,40,m.cdwyzs.cn/*
94cded0a4517ee741533fe1ed7f6242b,1156512000,2,cd.m.dyrs.com.cn/*
94dfa7fc5719ccd00dcb44df4c4703ad,1156510100,10,m.cdwyzs.cn/*
956d28198953ebe9a233153b887648ac,1156510100,13,m.cdwyzs.cn/*
959c6e7a0d4629cb421929636e923812,1156500000,1,m.shj.cn/*
95a9f20bc64b854c7db6a234932dce1b,1156511900,2,m.shj.cn/*
95efab4414b3781a6167757f68739078,1156510100,25,m.cdwyzs.cn/*
9611b6a0004e05e3a9d3a24c765b9fc7,1156511300,4,m.shj.cn/*
961ecc8fcb98a7ac4a601f7051ab4136,1156511300,6,m.cdwyzs.cn/*
966a70e237f6f276a78e6055a9bd2632,1156511300,6,m.cdwyzs.cn/*
966e6fc74042ea1a48ab6601561725db,1156510100,103,www.scxblzs.com/*
969762e170981a277e20a0db503f9ec5,1156510100,54,m.cdwyzs.cn/*
96eae8cc8d63786a0b491b7846fe6957,1156510100,20,m.cdzpg.com/*
97139c5b02dda9ed83f67c18d0aeffcd,1156510100,3,cd.m.dyrs.com.cn/*
971997dcb883e4e7bf063a1b08b33f9d,1156510100,156,m.cdwyzs.cn/*
972c2616c26f86ac356076c0d64c9f5a,1156510400,24,m.cdwyzs.cn/*
9748d3b221a427039e21315e7c760b19,1156511300,1,m.shj.cn/*
9782a3b04085833488ba76848af33dac,1156510900,2,m.cdwyzs.cn/*
978a287ab71c2bb92162be34fb0a026e,1156510100,3,m.shj.cn/*
981bd0c83aba07362ac6815b9b86497d,1156510100,13,m.cdlrzs.com/*
98208817e9e50446d7ab0ad649b94526,1156511600,1,www.ch028.net/*
98c8070dc7ceff9c5b1b2fcdc844da9a,1156510100,60,m.cdwyzs.cn/*
98d7025b70eca5f4682d02e98471c07a,1156513200,29,m.cdwyzs.cn/*
996eea82c19ea5b2b8fb7d1e85b716b3,1156510700,2,cd.m.dyrs.com.cn/*
99948b7ca2b23a503fb80afcf20c3ff0,1156510100,40,m.cdwyzs.cn/*
99c2ecf6e6d1b5f6360d33eeedfb44fe,1156510100,8,cd.m.dyrs.com.cn/*
99e57149dd63f614f8e6848d79407b8c,1156510100,1,www.wuyouzhuang.com.cn/toufang/h5/*
9a0cbdccd7b6ad75df7cbd03cf4bb2dd,1156510100,9,m.cdlrzs.com/*
9a9f62eba16d8586230406bec951420c,1156510100,1,www.ztxzsjt.com/*
9ae71c0a6cd6fa322fe4086649ae2945,1156510100,37,m.cdlrzs.com/*
9ae74ce03e5bbe06a991fa05651c6998,1156511500,28,m.cdwyzs.cn/*
9b0b4869a260b66949bb9ddceb7cca57,1156510100,1,m.cdlrzs.com/*
9b3af58883762b783198e061986756ca,1156510100,3,m.shj.cn/*
9b61e10bf6ac57f2ed94045450264a65,1156510100,27,m.cdwyzs.cn/*
9bd1f1eeb6232ddadcb8e4bf031fb46f,1156513400,63,m.cdwyzs.cn/*
9bf4f52d173a5016a63a215cc0839d6d,1156510700,3,www.ch028.net/*
9c16d89bbc64a8b071248509a44e893f,1156510700,27,m.cdwyzs.cn/*
9c2224058f38113c43c5655c48233c39,1156511400,94,m.cdwyzs.cn/*
9c2e72848a4e8c1352663877242652bf,1156511300,62,m.cdwyzs.cn/*
9c8b9c8ce5a63e202bfc28553f478e4e,1156510100,52,m.cdwyzs.cn/*
9cbe18f035add8bffbe25be5f381cbe0,1156510500,77,m.cdwyzs.cn/*
9d11c1a6308be192e14204a772f1c0cf,1156510100,44,www.cdsmhome.com/*
9d12b97bb58bdc59604c72db57438cbd,1156511300,19,m.cdwyzs.cn/*
9d1f361672e3d61cf7d011790936207a,1156511000,6,m.cdwyzs.cn/*
9db01bd3f9bb286d586d4b540e0bc7e8,1156510100,51,m.cdwyzs.cn/*
9df42f80a9fc03928babace8ddcb2274,1156510100,1,www.wuyouzhuang.com.cn/toufang/h5/*
9e218442c4cb648a171df4a209327f1d,1156513400,1,cd.m.dyrs.com.cn/*
9ed57353105c169a7e11136c9183b4f0,1156510100,5,www.wuyouzhuang.com.cn/toufang/h5/*
9f38789ceda3b415d15971df5ca464df,1156510100,44,www.ztxzsjt.com/*
9f4e13e604bdf1d3afb23f9ff30dc7ec,1156510500,28,www.scxblzs.com/*
9f76a90e4d80ce103b44ebb0bc13173f,1156510100,6,m.cdwyzs.cn/*
9fdcd54a7efad8eda9c00c5b570ee41d,1156510700,14,m.cdlrzs.com/*
9feb209c09da559b586ba8b8a76b1123,1156511600,41,m.cdwyzs.cn/*
a004a15d7f628ce52d7ca62fe84eabb7,1156510100,12,m.cdlrzs.com/*
a013e0e5fc15b639c98e7811eecdfd9e,1156511300,6,www.cdsmhome.com/*
a045a0b9681511cf7c73b56b54a5b34d,1156511900,33,www.bzzss.com/*
a0d8c852ff2d953694cc35b83620c5c3,1156510100,1,m.yzf.com.cn/*
a10c7a16ccc782051fb2af03a926c74f,1156510100,2,cd.m.dyrs.com.cn/*
a139692ef7ee2ca2eb4563b8b4a97e55,1156510100,2,m.cdlrzs.com/*
a18613ade7c68ede7a4fb9c6c00b68bc,1156510100,60,m.cdwyzs.cn/*
a1de207507cac27802d009e7f824c03a,1156511000,45,m.cdwyzs.cn/*
a1ff534c08a76d442304aa3fe8a5b651,1156510100,3,m.shj.cn/*
a25bf8b3b2079f2a08f050d90fb924bb,1156510100,37,m.chuanhaozs.com/*
a28ba094ae43abfdf81ab4dfed8ad8ba,1156510500,4,cd.m.dyrs.com.cn/*
a2c5779631007b90109c6f642e86bdda,1156510500,3,cd.m.dyrs.com.cn/*
a334234c3162bd98a7b3481283318694,1156510100,14,m.cdlrzs.com/*
a36367bd65ff903965f15513a0bd1672,1156510100,1,m.bzzss.com/*
a37727d0903ba8b72b81933a649c3aca,1156510100,10,www.wuyouzhuang.com.cn/toufang/h5/*
a38cd7169784ab732ee276f035980ec9,1156510700,1,cd.m.dyrs.com.cn/*
a3b8c09b13d3d032f7fb5cd21d8ba64e,1156510700,5,www.scxblzs.com/*
a3d69681d0e45c1a6f3eb96d81e7ab91,1156511100,2,www.ch028.net/*
a3e6fcce11a3816e8b9761f96c01e2a6,1156510100,197,www.lrzs.com.cn/*
a40eda1d14ab86222c83e1daa16ffd74,1156510100,15,m.cdwyzs.cn/*
a4d75bd1c6a8e22e5202fbe147df8d20,1156510100,32,m.cdwyzs.cn/*
a4fc2109e4f0bc4e25c53d1e9a69e30f,1156510400,13,m.cdlrzs.com/*
a5316cf66aa3b884f3bac8b16c2994e8,1156510100,107,m.cdwyzs.cn/*
a5bc1b5c2a7a003670ecd6be14559cc0,1156510100,2,m.shj.cn/*
a60e7401578921153b9d36fed04e54a4,1156510700,18,m.cdwyzs.cn/*
a6431a860b64bdd332636160970f22d6,1156510100,76,m.cdwyzs.cn/*
a6d86f54d84fd3597837ddc8a88d7b7e,1156512000,9,www.wuyouzhuang.com.cn/toufang/h5/*
a7055d3ed1de87eda0bfef4ddc4bf8e7,1156510100,154,m.cdwyzs.cn/*
a71f0b126279552f67d2c83061434baa,1156510100,1,www.xique.com/*
a72f3c4769a083079dc64b2896dda5f6,1156510100,29,m.cdwyzs.cn/*
a76af7c08b05ff9608a16cbf846fdbb9,1156510100,13,m.cdwyzs.cn/*
a886218f08e439932fdec709144d6ca8,1156630100,5,m.cdlrzs.com/*
a8d257244fbccdf2604130edaee69927,1156510100,74,m.cdwyzs.cn/*
a988f1fc076c49cdea723a0308ba02a8,1156510100,57,m.cdwyzs.cn/*
a9a34cac2d4b9c6d87fcf2587b4a530b,1156510600,233,m.cdwyzs.cn/*
aa6afb2c0bfec7c8928959a21bd791c1,1156511400,10,m.cdwyzs.cn/*
aa9ef9c1b7ff2adf59703ceeaccf77dd,1156510100,7,m.cdwyzs.cn/*
aaabd3650d232f3b7302ed3edc64cb24,1156511700,64,m.cdwyzs.cn/*
ab39fdd5e2cd678403771412f931e033,1156513400,19,www.ztxzsjt.com/*
ab700ab762b33b34131092d29b24588d,1156510100,63,m.cdwyzs.cn/*
abe3be9cf0bdae76acd8fe046089a951,1156510100,20,m.cdwyzs.cn/*
ad11ae4314bcd622f5ffb66f97caadd2,1156510100,1,cd.m.dyrs.com.cn/*
ad22baae5bfa4913a1675c5e3f3de76d,1156510400,21,m.cdlrzs.com/*
ad746064defab94924e01d17f55f9208,1156510100,1,www.lrzs.com.cn/*
add2a86fc460825dab72603d90503b2b,1156510100,25,m.cdwyzs.cn/*
ae5774a50b84ff28a70286bb64dee142,1156510100,34,m.cdwyzs.cn/*
aeacabd5825c362c1b56b36b972cdc7c,1156513400,25,m.cdwyzs.cn/*
aeae2aea677ff47ee0121ebe5c7dc102,1156510100,5,m.cdwyzs.cn/*
af8772077b25e79048faf379024923b2,1156510100,12,m.cdlrzs.com/*
af9899d63d84d2062f8cb936a6b00708,1156510100,10,m.cdlrzs.com/*
afade7e2d1b440f596f142791d68a46d,1156510100,1,m.cdlrzs.com/*
afb420534c4705e4004dc6f4ea40a6a2,1156510100,12,m.chuanhaozs.com/*
afe54facc2df5fc09042e1eb7a1091a4,1156510100,6,www.wuyouzhuang.com.cn/toufang/h5/*
afea2fc6a5019cbd466c5254438edbfe,1156511300,16,m.cdwyzs.cn/*
b02ec654c1fe9a1da2b0939ee65bb0c7,1156510100,20,m.cdwyzs.cn/*
b04e468e6ab0739eb933011e06ddeeeb,1156510100,10,m.cdlrzs.com/*
b105c40637c16ab375a2330dece82d7b,1156510900,3,cd.m.dyrs.com.cn/*
b1aac205fd9b66cededc58305ab8ea6c,1156510700,3,cd.m.dyrs.com.cn/*
b1ca919c625104a952c0c6a4ec822e86,1156510100,55,m.cdwyzs.cn/*
b228bd0e85465b4b4065bf36f90da2fb,1156511100,62,m.cdwyzs.cn/*
b22d62c79dace2c0106d896b2d183bb3,1156511700,62,m.cdwyzs.cn/*
b23c32f873128c64552fad9f07f77f92,1156510100,12,m.cdwyzs.cn/*
b27e90698078f97320c9e961d2850b8f,1156510700,1,m.cdwyzs.cn/*
b295c8b802a3ec04236ed3ac0b5d17cb,1156510100,14,m.cdlrzs.com/*
b297cad2a8dd205c3872ab3a7b098fe8,1156511300,73,m.cdlrzs.com/*
b2cc9db68c62c1e76086bc9fe88654fd,1156510100,7,cd.m.dyrs.com.cn/*
b2e6c57427b0b3e85ea1b3ad8b28fb66,1156510300,96,m.cdwyzs.cn/*
b2fa621a621b0cff3783ea7c421d0b9b,1156511100,21,m.cdzpg.com/*
b31af631137e2fc0d306b559445211db,1156510500,93,www.ddzsjt.cc/*
b3a8ac16cd0002986f40249615c25078,1156510900,164,m.cdwyzs.cn/*
b412754cf2cbd2d9d2a12184f2c1cbaf,1156510100,2,www.ztxzsjt.com/*
b41fd34942f2d9a4d0813ac7a02b2842,1156440100,3,m.shj.cn/*
b56cf1bc26ad18c535996f0f081926d0,1156510100,1,cd.shangceng.com.cn/*
b5ecb75eaec176002c5f89f52c61e1a7,1156510100,2,m.shj.cn/*
b613c7ae7ca27b1f439d7806d8195957,1156510700,3,cd.m.dyrs.com.cn/*
b61b207bbef8cd2b462d9f38c9e235c7,1156542200,161,m.cdwyzs.cn/*
b630c3f4e85b53f98b79433d7ba38e2c,1156511800,20,m.cdwyzs.cn/*
b6618dc0899f466dcfc5985c114aca8d,1156510100,1,m.cdwyzs.cn/*
b6c65fe15067663078e41cd28f3cda4c,1156510700,76,m.chuanhaozs.com/*
b6e9261a32fbc8b863324bfbf3741204,1156510100,57,m.cdwyzs.cn/*
b78bbcd1ba729998fe98c9102f3686c5,1156510100,2,m.cdwyzs.cn/*
b78f6223cce6afda2cf975d2bf80b3f2,1156510100,10,m.cdlrzs.com/*
b7a220be13ab30678af5ceb555a68099,1156510500,11,m.cdwyzs.cn/*
b8232ff7e5a03fd817e7c5186cc93f7a,1156510100,51,www.cdsmhome.com/*
b866724dd31027527b8f92756a65e1be,1156510100,3,m.shj.cn/*
b87b501976adc230aa5548a253752557,1156510100,57,m.sljjzs.com/*
b8cbe3a13b39615bcc5e8e71bf5f2390,1156511000,30,m.cdwyzs.cn/*
b8cfab32c380e4cfcd8b7af5d70ccbb8,1156511500,1,m.cdlrzs.com/*
b8fd7129301b071ddcb76b1fba721e6a,1156510100,81,m.cdlrzs.com/*
b9d487755e0f28fc1bb4c081c87cd821,1156510100,95,m.chuanhaozs.com/*
ba053d17e50b1850647816068db8321c,1156511600,73,m.cdwyzs.cn/*
ba1211012d751a6ee8bf46d6afc0509a,1156510100,55,m.cdwyzs.cn/*
ba3136b9c77ade4ef2a5d1a7fa7e45dc,1156511000,279,m.cdwyzs.cn/*
ba59dc0a3b05eb0f31f95a6a3d628caa,1156511800,59,m.cdwyzs.cn/*
ba6f2e81e781f14d962dd08242514c29,1156511300,2,www.ch028.net/*
bac627e108cdf67569db35ff80fb018d,1156510100,138,m.cdwyzs.cn/*
bb0304daf1010901dc0cc93f7627e150,1156510100,40,m.cdwyzs.cn/*
bb75b8466fe60a869761f03f1b57389d,1156510100,35,m.cdlrzs.com/*
bc3dbb5edd1643b70b99b932f63da537,1156511600,33,www.ztxzsjt.com/*
bcbad3b99b912325aac91d4e1e07ee53,1156510100,19,m.cdwyzs.cn/*
bd7e7e874930fe19554684ea1bacea6a,1156510500,18,m.cdwyzs.cn/*
bd9f06fd6f4fd4b73719234b1e2279ef,1156510600,107,m.cdwyzs.cn/*
bd9f6e17e8421d59eb2b9d30acccbae9,1156510100,48,m.cdwyzs.cn/*
be44b72a7743f8d257c39a21b5d7884c,1156510100,10,m.cdwyzs.cn/*
be46bcb086d7f32300ca8c0dc397e7ba,1156510100,16,m.cdwyzs.cn/*
be584fbeb90b820b842868b793225087,1156510100,9,m.cdlrzs.com/*
be9a02ceb31b1c4f7f6b343b5b49548b,1156510100,71,m.cdwyzs.cn/*
bf2c41fd020bf600d59a89ed636cbb43,1156510100,52,m.cdwyzs.cn/*
bf5a141bd0b92d585222e469d65d37cd,1156510500,87,m.cdwyzs.cn/*
bf6ca4cec5c6fdc3c7498639e2c6b34b,1156511400,74,m.cdlrzs.com/*
bfdd100f1ca4e640fd6c23451a493804,1156511400,17,m.cdzpg.com/*
bfead30c8c0188f767de10d4bdbbfb77,1156511700,46,m.cdwyzs.cn/*
c00494529f68fcf35dd17b8ab4bc7b79,1156510500,1,m.cdwyzs.cn/*
c01bd3d9d69542bbe08dae9f9bd157a3,1156510100,89,m.cdwyzs.cn/*
c0565ccc76d5e7aab2cccd834f391cca,1156510500,168,m.cdwyzs.cn/*
c0c9bb249fb665cfa0baa827ff907e3b,1156510600,2,www.scxblzs.com/*
c0f01554508c31fdc7b00a99dc4c80c9,1156511400,4,cd.m.dyrs.com.cn/*
c17ffd76474cf5c41a4e67b42f170c2e,1156510100,81,m.cdwyzs.cn/*
c1d4f97ce17a0f7ceb409098927305e5,1156511700,12,m.shj.cn/*
c1dbe1096a05cf5bb6761e7f0e7bef0c,1156511900,78,m.cdwyzs.cn/*
c2074c840526c2bbff5c75612ab3b12b,1156510100,46,m.cdlrzs.com/*
c24eabd1a87f43f143e6af749d9fb109,1156510100,3,cd.m.dyrs.com.cn/*
c3286eb69c82a32fe063b5c902a8e2d8,1156510300,9,m.cdwyzs.cn/*
c331d84c5574fe57192370f1046b53a5,1156510100,13,m.cdwyzs.cn/*
c339e20482531b39331d33baf3d2c837,1156510100,16,m.cdwyzs.cn/*
c34d318f8b8a2a02b57fc83d02f697b9,1156510100,2,m.shj.cn/*
c36c84f445367ef2f089a327adc7d75d,1156510100,5,m.shj.cn/*
c38b65a2fceba454846392156a0b1416,1156512000,4,cd.m.dyrs.com.cn/*
c3acbff9de210849d1ce80c73a0fc083,1156510100,42,m.chuanhaozs.com/*
c3c41e8b82599afab46bdf973213bb6d,1156513400,98,www.ztxzsjt.com/*
c42bcacd4d1876232efa89ed954a966e,1156510700,6,m.cdwyzs.cn/*
c4353679ebce92505fd073edba65ed53,1156510100,187,m.cdwyzs.cn/*
c49c82fb6dc05c6c45e0be387b44115f,1156510100,2,m.cdwyzs.cn/*
c4a7d9e4c77fb712862746df2aff5385,1156511300,34,m.cdwyzs.cn/*
c4a8afb141cdc7797cdc849cc8d7fb59,1156511500,48,m.cdwyzs.cn/*
c4ad3ea2ce5a52b5b4e2121952cf30c7,1156510700,5,cd.m.dyrs.com.cn/*
c4ae804fe1894a45a1eb3e6e4caa2d8d,1156510100,13,www.wuyouzhuang.com.cn/toufang/h5/*
c4fba1706d930b6e9329590e22a59c1c,1156510100,69,m.cdwyzs.cn/*
c5c220712156796a245d000bf3cdac87,1156510100,42,m.chuanhaozs.com/*
c5db07193f47d46fadace803db0f717a,1156510100,17,m.cdwyzs.cn/*
c600cacf7dd2f315b73f4c73f2e33e93,1156510100,94,m.cdwyzs.cn/*
c628de41620b9b46c502f5fed57e3627,1156511500,74,m.cdlrzs.com/*
c74bfe480aecaa415f7ee96a117aa9e1,1156530100,122,m.cdwyzs.cn/*
c801a2c4ade68c12369e8d640b48dba1,1156510100,20,m.cdlrzs.com/*
c823d957ff181deb6a350927aba72d36,1156510100,48,m.cdwyzs.cn/*
c8d0688b3c49236ea8a8b3373e452352,1156510700,35,www.cdsmhome.com/*
c90edab35f52f9df5554074985dce622,1156510500,1,www.scxblzs.com/*
c90f5ebfe9ffd52315f701b2c07f9ca8,1156511700,7,m.cdwyzs.cn/*
c927e1a949e3308d594d08c4d84e5185,1156510500,6,cd.m.dyrs.com.cn/*
c936b64d676cc5ee08a0971ec3d8355d,1156511300,23,m.cdwyzs.cn/*
c9e93292d05ae3a2e8da11e6490a0371,1156510100,25,m.cdwyzs.cn/*
ca136b3f8f65185f7366d09cf7e6a9ec,1156510400,1,m.shj.cn/*
ca178c0e3325fed40fbd51b46ed213af,1156510100,1,www.wuyouzhuang.com.cn/toufang/h5/*
ca4a33da9c7fc8b6837e61ab168b15d2,1156510800,27,m.cdwyzs.cn/*
cb13c63ef04944667138e294b26dd64b,1156510100,1,m.cdwyzs.cn/*
cb64eb1d2a0d529d0d78333fd0d42475,1156440100,18,m.cdlrzs.com/*
cbe6bdf8a9b90a24f151f0fa1dfd3d44,1156510300,62,m.cdwyzs.cn/*
cc41e9f0d21ece7f6c866200a5c4af40,1156510100,3,m.shj.cn/*
cc46bbef659d2f946a23a5a228f30fc4,1156510100,34,m.cdwyzs.cn/*
cc4bb22e84b2f5a9f495a9126965a6a7,1156510100,27,m.cdwyzs.cn/*
cc5d36f316d4aaa98ed78c82250e46d0,1156510900,19,m.cdwyzs.cn/*
cc62555154da84f68099737355c2b940,1156511500,46,m.cdwyzs.cn/*
cc72b4aa37383d3b316af89202e57f46,1156510100,6,m.cdwyzs.cn/*
cd24f31c24591a516521c3e9f0ef4d55,1156511500,13,m.cdwyzs.cn/*
cd8036e06abc0926cb6aed53fbcca671,1156513200,8,m.cdwyzs.cn/*
ce369b79135a6d11a6945d5625252e41,1156511800,64,m.cdwyzs.cn/*
ce7cd33d33968f302d0d94aa16da1fa7,1156510100,3,cd.m.dyrs.com.cn/*
cec7bea6caf3f49d9d1d2adf8f51558c,1156510100,58,m.cdwyzs.cn/*
cf8ec590f744ff20ff1ba83b2868ee0b,1156510800,76,m.cdwyzs.cn/*
cfa32710d74d3aa86c809d19fc0c6751,1156511000,2,m.cdwyzs.cn/*
cfe42e58f76496654aad330b3030cec5,1156510100,31,m.cdwyzs.cn/*
cfe83beb542bca71ea99fb41c175841e,1156510100,8,m.cdwyzs.cn/*
cff839b38fe4760d9d3622acebda7470,1156510100,10,www.028dd.cn/*
d07c46db0bebcec917150d51911087ac,1156510100,11,m.cdlrzs.com/*
d0aa1f0c6cdfe9a37b4946aaebf4f7e7,1156511600,47,m.cdwyzs.cn/*
d15ec28df4236fbf7c7e0ed866e35212,1156510100,65,m.cdwyzs.cn/*
d18be964170317caa0145d61fdd756be,1156510800,10,m.cdwyzs.cn/*
d2aac99517381a1df56e6410e292012c,1156510100,169,m.cdwyzs.cn/*
d2bbd46910478bcd5ca0e544eae82039,1156513400,1,m.shj.cn/*
d395c5444b1f0855ed2a013e5a9a51cc,1156511100,1,m.yzf.com.cn/*
d3b2984ae99c8f3ff95320441195c193,1156510100,44,m.cdwyzs.cn/*
d43f1820ebfbea2afe805a6f1bc02066,1156510700,1,cd.m.dyrs.com.cn/*
d580fe4a16a8bea1e749281afe5129af,1156510400,2,cd.m.dyrs.com.cn/*
d5973647f62d338c4b91630d144053f3,1156510100,7,www.wuyouzhuang.com.cn/toufang/h5/*
d633f83c8810dd1df243bea2487ef3f1,1156510100,149,www.falongfa.com/*
d6448a0b395d8bf4ec494d492dbfe6e5,1156510100,3,m.cdlrzs.com/*
d66bfe83ef357e3b4ee5bf6bbff229dd,1156512000,6,m.cdwyzs.cn/*
d6b3bde377dd54ffdabd886e7526c66c,1156522400,39,m.cdwyzs.cn/*
d785de77bd3f751a8a5c059a7e35111f,1156510100,2,www.ch028.net/*
d7b2a5ef521664fccf56da446f706c55,1156510700,1,cd.m.dyrs.com.cn/*
d803aa80539d05a587e8a1becf9c9c0d,1156510700,48,m.cdwyzs.cn/*
d84a6c6eb6c4b48c64ad6da5e98e7d8c,1156510100,3,www.bzzss.com/*
d85b4a8f7e65ed213db81af66a08dcff,1156511300,75,cd.m.dyrs.com.cn/*
d86a280fad97aa57e03062f943ddf357,1156510700,73,www.scxyzs.cn/*
d8b9a0e48b5e3e79d01255f32ce3bf31,1156510100,23,m.cdwyzs.cn/*
d8fa40c0d6a46bdc3e1b45c2d9461365,1156511400,29,www.ztxzsjt.com/*
d95d55140f393235759f38cef0e6136e,1156510100,105,m.cdwyzs.cn/*
d9fdf4d2298c625c5be353fc66a6b3cd,1156510100,26,www.ztxzsjt.com/*
d9feb31e9a37ec8df0472687e01c4f0e,1156511700,3,m.cdlrzs.com/*
da610018fb0ace6f4910ff21eb5e347f,1156511800,4,m.shj.cn/*
da674f6838b9cfd2b50f036620f88f20,1156511000,1,cd.m.dyrs.com.cn/*
dab2bc52c5bf92480877447a6e1d6633,1156510100,1,m.cdwyzs.cn/*
dad37b3b60bd355e58b9a6bf96c3ba20,1156510100,11,m.cdlrzs.com/*
dade41e91747f028ab61423282227217,1156510600,22,m.cdzpg.com/*
daf2a3f4a37d4fe9919621739c33dd71,1156511300,10,m.cdwyzs.cn/*
db4b5e54a16cf2a0c373fcb166036bcf,1156511700,38,m.cdwyzs.cn/*
dbae177f5be069289584154de52b53cc,1156510100,62,m.cdwyzs.cn/*
dc8887a9d8537a5a5a2c8467300e3308,1156511800,60,m.cdwyzs.cn/*
dc99e1154b08db6d89f4876db64e767f,1156510100,104,www.ztxzsjt.com/*
dd47263b542a4e9c807bd1a693847480,1156510100,62,m.cdwyzs.cn/*
dd6ba154dbd7c443989af34bea02ad87,1156510500,1,m.hexinju.cn/*
dd85e1a680e5cbe89b179f01af940bbe,1156510100,54,m.cdwyzs.cn/*
dde482f7077445567b2fb22e7b62cbf3,1156511300,61,m.cdwyzs.cn/*
de7ed26fd61c82d05dd148c931134ba7,1156510100,10,www.wuyouzhuang.com.cn/toufang/h5/*
deaf52695efb0e2a148724a12bd1c7b1,1156510100,50,m.cdwyzs.cn/*
dedf992eadc803d6887c551ae4b54c4e,1156511700,3,cd.m.dyrs.com.cn/*
df0a3823005d7d666cc3a2a7e7333d15,1156510100,6,m.cdlrzs.com/*
df102f5c4c1bc4617a876abeafea6f94,1156510100,1,m.shj.cn/*
df16c020bd9fa343ffba8d7b9c67c5db,1156511300,6,m.shj.cn/*
df1f60d9ba95c722912db2c47d74600b,1156510500,1,cd.m.dyrs.com.cn/*
df3541d373b335223ded7b5c71047642,1156510100,2,cd.m.dyrs.com.cn/*
df8968fff278e8b01930d7c35157fe80,1156510100,61,m.cdwyzs.cn/*
e013fdd2b190949e20fb80b690e3a9df,1156511700,35,m.cdwyzs.cn/*
e04a025047b3768506f400d57683b089,1156510100,4,www.scxblzs.com/*
e066e1ba6c3c12b56ce5441b5f0ca595,1156510100,4,m.cdwyzs.cn/*
e08cbcd754eeb7ae19c4ff6a7a2e717e,1156510100,24,m.cdwyzs.cn/*
e08f3f348bec2aeeec177401e0863cea,1156510100,48,www.ztxzsjt.com/*
e0b43d8564f4c6ea782093517254a5c2,1156511300,24,m.cdwyzs.cn/*
e0eb5023612af8529b0a716475e8a7b3,1156511300,52,m.cdwyzs.cn/*
e0fc36bc153c52c5a96de31afcb3f14b,1156510100,55,m.cdwyzs.cn/*
e1194248cf494e8ce1c58cb2dd21cd13,1156510300,61,www.cdsmhome.com/*
e1765d6cba6020a77d236b0d1fdc42d9,1156510100,35,m.cdwyzs.cn/*
e1ef3de3bf99c64d415d406ae5d1bf2d,1156511100,62,m.cdwyzs.cn/*
e277395e7f97cf5a8eb62b91dc2c1447,1156510100,12,m.cdwyzs.cn/*
e2b763a59abe87286aae80560cbc1b60,1156510500,25,m.cdwyzs.cn/*
e304ac1ee91cbcb9c3ee99408e5ecd79,1156510100,34,m.cdwyzs.cn/*
e353d06c26be964cbed8935ca34f1f77,1156511800,4,m.cdwyzs.cn/*
e42824ef133f372e3fd38610605d3b37,1156510500,1,m.chuanhaozs.com/*
e4782cf46492889797f09ac550a9db6f,1156510500,2,m.cdwyzs.cn/*
e543a76b9edf88cc68e64d979a623030,1156511600,23,m.chuanhaozs.com/*
e564379ffde880395dec1b5e42b0f7cd,1156510500,7,cd.m.dyrs.com.cn/*
e5a5eee1454886f1901dd0722420fb5f,1156512000,8,www.scxblzs.com/*
e69b372b6082e7812d40ab21a4444598,1156510100,76,m.cdwyzs.cn/*
e718b42baa5621bb3a057f1a5d1948ca,1156510900,59,m.cdwyzs.cn/*
e726c290d46414ec38e235619ae3ebcf,1156510100,2,www.u-workshop.com/*
e7919533efcfe1c25909976f8441db15,1156510100,1,m.cdwyzs.cn/*
e7cd0719ad6a72de7be10229473b439f,1156510100,43,m.cdwyzs.cn/*
e83cb49f652caf8808ff9ccd2ea3c541,1156540100,3,m.shj.cn/*
e842f82944ba40e37542f16a9aa65ae2,1156510100,1,m.shj.cn/*
e90c6230d883f687ff2b5cb0040c9bc7,1156511300,47,m.cdwyzs.cn/*
e91f87164b8cfa4296cbfc901be2ee5f,1156510100,33,m.cdwyzs.cn/*
e95a7370e48eedd6c6aa378be6ef71f1,1156510700,18,www.scxblzs.com/*
e96c87b4a296d6cb5e8259d180f884c4,1156511300,7,m.shj.cn/*
e9fb0a2ed40e36ffff85dc335f2d278d,1156510100,58,m.cdwyzs.cn/*
ea2fe44fa290b4be3e506287e4390c85,1156510100,4,cd.m.dyrs.com.cn/*
eabadd63a10fe2054fe5320907c1b25d,1156511500,11,m.cdwyzs.cn/*
ebe909532ba5a89c3d1593ec6ab24ccf,1156510100,8,m.cdlrzs.com/*
ebfa15349a77c04080949fdfaf62d637,1156510100,6,cd.m.dyrs.com.cn/*
ec1958b1167db069bfd99183ec856a83,1156510100,110,m.cdwyzs.cn/*
ec46b1f18a7284efd12d87bfda8f0f54,1156513400,1,m.yzf.com.cn/*
ec616f5777010dcb5d3e5a3732d77a52,1156440500,54,m.cdwyzs.cn/*
ec64ffc169a8ce36b9c9240e4b28cd92,1156511400,77,m.cdwyzs.cn/*
ec8259c756dc3abb622779761a2f9e39,1156510700,4,www.ch028.net/*
ec874f06d47ba32c1db255a249fc2e4c,1156510100,45,m.cdwyzs.cn/*
eca26da3197e4a84a1bbd49cf7ccf540,1156510100,32,m.cdwyzs.cn/*
eca7fd1bb5a0544f04f1dd1140ce738c,1156510100,24,m.cdwyzs.cn/*
ecbd238d9b600666d608b15cdf8f31f7,1156511500,36,m.cdwyzs.cn/*
ece9661693f391e6246d13c9762eade4,1156510700,3,www.ch028.net/*
edc5ccb33d847d72ce73970427babf7f,1156510500,1,www.ztxzsjt.com/*
edcb990819de2315abc868da6b5a79fc,1156510500,4,m.cdwyzs.cn/*
ede16ea1d799245a6724a7220aa9b4d8,1156511300,3,m.shj.cn/*
ede747365e77754aa27e50add226b485,1156510100,75,m.cdlrzs.com/*
eed3d3dbe720e3f63e517e4f7335bdc3,1156511300,1,m.shj.cn/*
eee4b1a57dad2c80045d572f180204b7,1156510100,3,cd.m.dyrs.com.cn/*
eeeb2f5829ff14fe9c2e0f1f4106b08b,1156513400,40,www.ztxzsjt.com/*
eeebbb838c2e07dceb6aa66297ee7cc1,1156511800,5,cd.m.dyrs.com.cn/*
eef7e7f65116efb38c481a4f488c920e,1156510700,68,m.cdwyzs.cn/*
efc77b7168d6c54e389df0e1b08fe486,1156510100,2,cd.m.dyrs.com.cn/*
efe97d1de0031531bb7dcca27a3e63e9,1156511300,1,www.scxblzs.com/*
f03cfb06f6818a56f25aa09ff1d8bdc5,1156620100,90,www.ztxzsjt.com/*
f049ebe830a5f724cf5f32bebcb35721,1156513400,81,m.cdwyzs.cn/*
f08f8c9dc6c035db5ffe34e188e970e3,1156510100,12,m.cdlrzs.com/*
f09d51bf1e3ada1325bae4581db1735b,1156510100,44,www.ztxzsjt.com/*
f148917131d191e60b722bbce748a645,1156510800,1,www.ch028.net/*
f18001bda7b7ab20603b52ef6b324365,1156510100,8,www.wuyouzhuang.com.cn/toufang/h5/*
f205095bccee4ed21d46cb08d3746459,1156511700,55,m.cdwyzs.cn/*
f225233b15b182ce1768a24554a4a6d7,1156511100,6,m.cdwyzs.cn/*
f2293044736897d0b78d2105dc1c61aa,1156510400,2,m.shj.cn/*
f22d94d38e51044dd3d3c283893b5f1e,1156513200,18,m.cdwyzs.cn/*
f22e328679e3bbd368591b7243d6ca39,1156511400,1,www.u-workshop.com/*
f23417ddabecc63ed9aa71097ed1a34a,1156510100,5,m.cdlrzs.com/*
f23c68c6f426240eacf330baf3b2362c,1156510100,9,m.shj.cn/*
f2579eec272202eaeb36330c2b9382c7,1156510100,10,m.cdlrzs.com/*
f26bfab0a4d31507edd04722dd132f92,1156510100,2,m.cdwyzs.cn/*
f2b3ec28c57890599909c7bd22812402,1156510100,1,www.ch028.net/*
f2f3971239669257eef98488a336b8ab,1156632500,3,cd.m.dyrs.com.cn/*
f2f3a63468979a0ac51c392938ab5ece,1156510100,54,m.cdwyzs.cn/*
f2fcec21d310704aaf5ee2cb80228ca4,1156510100,1,www.cdsmhome.com/*
f31f794499fd2befaa0eb595f140a749,1156511700,29,m.cdwyzs.cn/*
f3a594dc8fea9059b22feadb977e6655,1156510100,35,m.chuanhaozs.com/*
f3aacf59357e8b11b368d0039bdda899,1156510500,32,m.cdwyzs.cn/*
f3ae3d2f6c14956135fc593526b4a4fd,1156511300,70,m.cdwyzs.cn/*
f3da7bf76ce641f477650b8b23f776a2,1156510100,15,m.cdwyzs.cn/*
f4658b86fe753ead1a0fb1f3ac55d7d9,1156510100,1,m.cdwyzs.cn/*
f4a9da648db67f3f8795fb01a1810e16,1156110000,73,www.bzzss.com/*
f51a37e87aaa5b2664f5a4dcd068a2ed,1156510100,21,m.cdwyzs.cn/*
f57346f237e3b434e8c0863eb5e7912f,1156510100,61,m.cdwyzs.cn/*
f5faea4bb0aa4a9ac3dc7c901d8cd28a,1156510100,100,m.cdwyzs.cn/*
f62aa70b48f04c7018107ba1dd23ea4e,1156510100,22,m.cdwyzs.cn/*
f649f6cbd95ee7e54a8423dd00f30946,1156511700,8,www.wuyouzhuang.com.cn/toufang/h5/*
f64cdba806efdea735e207624959ba14,1156510100,9,m.cdlrzs.com/*
f6d4296c7ca5ef96bbbad1341638d46d,1156510500,2,m.cdwyzs.cn/*
f706574213e45b2e3bb618445b3980dd,1156510500,2,m.shj.cn/*
f70e0c6dfa318f0a07f7a852befdd39b,1156510100,37,m.cdwyzs.cn/*
f727ca682644856f9c623f3047cdf793,1156510100,10,www.wuyouzhuang.com.cn/toufang/h5/*
f7664f2fc2a7eef896a5a197753b0067,1156510100,7,m.cdlrzs.com/*
f76ad8395b9f80d682644d9c72c4e04d,1156511300,3,cd.m.dyrs.com.cn/*
f7798ef3729658668668eae21c2dc67a,1156510500,2,www.cdsmhome.com/*
f7b9391c0f0d1e4f0df21a2f2f6c0ca5,1156510100,46,m.cdwyzs.cn/*
f9128e4a932f03652be87f09c7a6c819,1156511700,38,m.cdwyzs.cn/*
f947d4889e52ef30efd329a238ee1fff,1156510100,35,m.cdwyzs.cn/*
f95ead36a3f2350ab2611f9aa55af88c,1156510100,22,m.cdwyzs.cn/*
f9ad32ad265a4d8cfcfa47f97c74df65,1156511700,3,cd.m.dyrs.com.cn/*
f9b5a79b4e4c930226bce12c0ac7a249,1156510700,7,www.wuyouzhuang.com.cn/toufang/h5/*
f9bc232ecb340d9d01ff22f88a230725,1156513400,28,m.shj.cn/*
fa02f39a17a820ef4fb2a9189116ccfa,1156510100,7,m.cdlrzs.com/*
fa07931e72fd1ffd354a3877cbe33409,1156440400,1,www.scxblzs.com/*
fa23690adcccb0bd34540a7406261e30,1156510100,36,www.cdsmhome.com/*
fa3fcb46e174af15eb160d01758fbe97,1156513400,18,m.cdwyzs.cn/*
fa6f58c242d2fb2b4ec3350f22132d01,1156510500,3,cd.m.dyrs.com.cn/*
fa931ae394bae419e5382f412f149152,1156510100,10,m.cdlrzs.com/*
faedd05c33bdc9761049935d763f36fc,1156510100,17,m.cdwyzs.cn/*
fb1b7c5d5b222524c38a012427162770,1156512000,1,m.cdwyzs.cn/*
fb5056dff64165e9c6e89cba67d220bd,1156512000,4,cd.m.dyrs.com.cn/*
fb726a20af24b90e00eb570f81d08921,1156512000,23,m.cdwyzs.cn/*
fb877d34a691172ade260ed63e22e626,1156512000,3,cd.m.dyrs.com.cn/*
fc8a151822d58ce16428fd07de931ca3,1156510700,191,m.cdwyzs.cn/*
fe1fdbacacf62a7ca7202466aec7b2aa,1156510100,9,m.cdzpg.com/*
feb2be393118b72a81309b2b23667e37,1156510100,8,m.cdwyzs.cn/*
feb85cca3b03fd0730a52ec09d27f0ea,1156510100,5,m.cdlrzs.com/*
ff0c15e13383d8d27955369f95107afb,1156460100,44,m.cdwyzs.cn/*
ff22a9cd0b39e5231391ca22b766678e,1156511000,13,m.cdlrzs.com/*
ff4e528a4f87ddb21e187c9745326518,1156511300,1,m.shj.cn/*
ff95f384e01cb1741ba4c5b90fe1de95,1156513400,24,m.cdzpg.com/*
ffb0c020dd2c25261e38746eaf5ee5c1,1156510700,1,m.shj.cn/*
ffc7a6274b9fbe7591c9ee7fb0cd3039,1156510100,6,m.cdlrzs.com/*
ffce0b149e20394a119a2db84d74831e,1156512000,28,m.cdlrzs.com/*
ffe85780e4c46c5177f4a091ca323c66,1156510100,12,m.cdlrzs.com/*
fff6daccb5ed3ff34d174d4581b37970,1156510100,10,m.cdlrzs.com/*
