01e7e05a7e779d838a6ebc789f2d54e8,1156610400,1,*.aikanger.cn/*
05bb9a9762d1b803a05041d842536ab9,1156610100,1,*.aixinbaomu.com/*
0766d2382fa913fe2410d83673ed24e0,1156610900,5,*.aikanger.cn/*
08033e157138d9fe0e1b2d69a3770a5b,1156610100,5,*.yanglanjiazheng.com/*
0844006467348a7f4746974ea19b766c,1156610100,17,*.xahpgjz.com/*
09b40486822911c5927600d09c658bd4,1156610100,6,*.xahpgjz.com/*
0a256f0e14f5e3b4fbb7a4cd7aed0869,1156430600,57,*.xafljz.com/*
0a82d9e3860ac96f77fcb25c51e905ae,1156621000,1,*.xlj365.com/*
0b6b1045ae924ae339a64e656746c52a,1156610100,17,*.aikanger.cn/*
0ef5a3e90e325de425c16cc7635966a4,1156610100,4,*.xaoctsunshine.com/*
10498d83dde6e60dd9a50cfda054f994,1156610100,46,*.xianyingzhili.com/*
111b211dcdcd4eae79f41d3e74868d6c,1156610500,28,*.mamigj.com/*
129250c5785005b7c94c63614fdcb1de,1156610100,3,*.mingchuangjz.com/*
133670686c87bc75c3e5a7318a5fd883,1156620500,77,*.xaoctsunshine.com/*
147a3654e25502b52e235bbe9676b0ae,1156610100,31,*.xafljz.com/*
1902069b93ea28f839a969daf3765c68,1156610400,8,*.xasks.cn/*
19dbdb467828a8de66e7a88bd90383e7,1156620800,1,*.aikanger.cn/*
200681c3665bfb5c613597d9ed225905,1156610100,71,*.xafljz.com/*
20495b8ac6fd82c854b72c8a36d570b5,1156610100,20,*.xazcmbj.com/*
2380eae383278b8d0552298b151ee98b,1156610100,2,*.aixinbaomu.com/*
23ed1b1f770ca13974fe498498f714bf,1156610500,4,*.xakangnuan.com/*
2647eb3c36f114255051aac9e1b8ce0e,1156610100,3,*.hjq029.com/*
27025fff217e04f554fe0b067e0b58cc,1156310000,7,*.aikanger.cn/*
27273d9db8fbb928484242860dd24f3e,1156610800,1,*.xlj365.com/*
27c2ae9fe28c2ce396d114843526227b,1156610100,2,*.xafljz.com/*
29ba2877f62305ebb57d4835b5431f7a,1156610400,18,*.yanziys.com/*
2b41ea29cc77e22098d7d32cc7fed36c,1156610800,1,*.xafljz.com/*
2f9ef6d3e0906fd32e606f8cb8c478fd,1156310000,1,*.aixinbaomu.com/*
304a724e0be025267dab051fb0d26fed,1156610100,5,*.xianyingzhili.com/*
308c3806e1fbd1849350a6022eb69e3c,1156610500,1,*.aixinbaomu.com/*
3385c1f4e33901b1607ceb2d8a330c8b,1156610100,9,*.aikanger.cn/*
342d616759cc84ad7c0e7887e51b359a,1156610100,1,*.xasks.cn/*
35f4b1c3cc4ee02f3254447c17bc4d6c,1156610100,14,*.xakangnuan.com/*
36793b7649fdd7a49b5a6c4b65fdb611,1156610400,16,*.aikanger.cn/*
3698421a80ea7fea9b6ed8bb888eeabb,1156610100,8,*.aikanger.cn/*
37c18e2a82f4a228c4fbcbc01f6b9011,1156110000,1,*.aixinbaomu.com/*
38266bcf7763a4d28101b47e4ed2357b,1156610300,1,*.aikanger.cn/*
38ea185e469ee1084bea7bb54ff67dc6,1156610100,56,*.xaoctsunshine.com/*
3a843b433e4918996c773c3aa36ff3f3,1156640100,14,*.aixinbaomu.com/*
3c807cc51f9bc5a1ab53afad2efb4460,1156610100,1,*.xakangnuan.com/*
3e8da4e99ca9c56b3044e8aadabc3d63,1156610400,1,*.xafljz.com/*
40764c63cda6307043650db1d10b5af2,1156610100,1,*.aikanger.cn/*
40aa51c3d980a5675a3cb43ba080ac35,1156610100,8,*.yanziys.com/*
43c61828de69528b14a6d93f0389b0f4,1156610100,1,*.xahpgjz.com/*
483e45d334c59651af7eafca13a536e0,1156610400,17,*.xlj365.com/*
488c9b212ff9f30ebecaeebdf38fb859,1156610100,1,*.xlj365.com/*
4f2eebbcc7d0ec3455b1c66e93e1d29c,1156610100,60,*.xianyingzhili.com/*
5175b91e5a2098422a95f94184d637d6,1156610100,21,*.xakangnuan.com/*
52c279cefed03096187534bcff60b56c,1156610500,2,*.xlj365.com/*
52d7310caf08822444eb1f0676a5d9a7,1156610100,1,*.xahpgjz.com/*
58845c3a7c3b80bf029081ed2e6fe31e,1156610100,3,*.xianyingzhili.com/*
59e753f30092e57779893b6cb160d8e7,1156610700,1,*.xafljz.com/*
5a4972da6d0908c213791e6f2bff9427,1156610400,65,*.xlj365.com/*
5d07903acd291048c006482fa4094994,1156610100,1,*.aixinbaomu.com/*
5d9fbac1ff562233071033ed5ed82480,1156610100,4,*.aikanger.cn/*
69285b5b64eb0047b47bfdc4eec7bc1c,1156610100,1,*.zkclean.com/*
69bcaa7cce2a281a3e07969f01258bce,1156610400,19,*.yanziys.com/*
6b5699278a8c6472184bf4b4c3621e3b,1156610400,1,*.aikanger.cn/*
6d6727c2728d680aac89e7daf53292ae,1156610700,3,*.xlj365.com/*
6e0de1aa7466570f812f3aa43536864e,1156610100,77,*.xaoctsunshine.com/*
6fe046e565c8524f923fbda771dc3f17,1156610100,14,api.superayi.com
71619f15fb47f521d224b65aae972faf,1156610500,47,*.xaoctsunshine.com/*
73257dfbe97108e8265aec0109f9e622,1156610500,4,*.yanziys.com/*
7cdc4cca076ab95c10ee28bf5fe97d13,1156610100,3,*.xafljz.com/*
7f3907cbae48dbb5175ee897ce26de54,1156610600,2,*.xlj365.com/*
8361dfed2a250221250b39a561243a69,1156610100,11,*.aixinbaomu.com/*
86ad6d7108aab5fec305a903672a911d,1156610100,2,*.mamigj.com/*
86f09e782f554e2c17e3839e7afc544c,1156610100,8,*.aikanger.cn/*
8727694285fd3fa3960fb59cfc97170c,1156610100,1,*.xafljz.com/*
89f38161e76df629c2c91ec70f77d2e1,1156610400,1,*.xianyingzhili.com/*
8b62800f20d8dece8af869d220fc2058,1156610600,56,*.mingchuangjz.com/*
8d0b756d74dcb94ab27a14ef8452eeb0,1156610100,7,*.aikanger.cn/*
8e6d43825e29f4f41f5af3530ad66247,1156610100,1,*.yanziys.com/*
8e7854000c55638a1823446f010069ab,1156610300,5,*.xlj365.com/*
94ea614d09d8dc44aa29d54ee5dbdc09,1156360900,3,*.xazcmbj.com/*
95b3a1b35ba6c2f41c99380f6cacb744,1156610400,61,*.xlj365.com/*
95e14abe3c5ff9e3651ac14ef1c21901,1156610800,7,*.aikanger.cn/*
9707b713447d0720fdc79043b98fc545,1156610300,11,*.xlj365.com/*
984e4e7f3d2fcba1b62ae1546c3b78fb,1156610500,2,api.superayi.com
9bc5180f8421f0adc065a18372a7ce13,1156610100,8,*.yanglanjiazheng.com/*
9cedbceea9481dd4fb318e47b1a4dcfe,1156610100,37,*.xianyingzhili.com/*
9d72a1205b9f997972911303849c48b3,1156450900,1,*.aikanger.cn/*
9dbd5b0fb0f5634f80fe14bbe718ed80,1156610100,20,*.xaoctsunshine.com/*
9de9f29bf79abeb1372b96360ec1b30c,1156610100,2,*.yanziys.com/*
9f4dd223479e9d6b356c60bc212b7e1b,1156610100,32,*.xlj365.com/*
a0656d8f4e85c98793ebcb84c4be5353,1156610500,1,*.aikanger.cn/*
a0a4a8728cbd60e8ece65b710d1b5ce5,1156610100,53,*.xaoctsunshine.com/*
a0c0c6beb99ccfbc3fad6b400f13456b,1156610100,41,*.xianyingzhili.com/*
a18398b67274d433a21636ae5805baef,1156610100,1,*.xianyingzhili.com/*
a335d10f991d34cc87580a27a5008ca9,1156610400,3,*.xakangnuan.com/*
a448d71851649fcbaf6e0e952c2e6cdf,1156610100,4,*.aixinbaomu.com/*
a474aea7ceda12bb8061e721df34e61c,1156610500,13,*.aikanger.cn/*
a997658cbfd965907d0b296919f67707,1156610100,1,*.yanglanjiazheng.com/*
aa1218205b4ccc933bf7ca8f0dea6a1b,1156310000,8,*.aikanger.cn/*
abc0c90d06638b65726bfde2d58014a2,1156610800,21,*.xlj365.com/*
ac1b3bc7287c4dc0f109858bfcc89f41,1156610100,1,*.aikanger.cn/*
ac93eb156c58c5aae27bfbcba4ff2944,1156610700,3,*.aixinbaomu.com/*
aebd197148efe3f3b8f3e591dd9f8585,1156610500,17,*.xahaoyuesao.com/*
aebd197148efe3f3b8f3e591dd9f8585,1156610500,3,*.xahkb.com/*
aebd197148efe3f3b8f3e591dd9f8585,1156610500,3,*.xasks.cn/*
aebd197148efe3f3b8f3e591dd9f8585,1156610500,2,*.zkclean.com/*
aebd197148efe3f3b8f3e591dd9f8585,1156610500,1,*.xazbjz.cn/*
b26cd2afb9b91873ce6399d13f28c979,1156610100,22,*.aixinbaomu.com/*
b475e9cafb89b9f6cb27ec8f0012d72e,1156610100,1,*.aikanger.cn/*
b48d0efb3da2cf050d0eede22dacf38b,1156610100,21,api.superayi.com
b667e92d839a5cddf27164ac6cd64880,1156610800,26,*.xianyingzhili.com/*
b987bdca602c1b1e7f7aebf79e3acf29,1156610100,50,*.xaoctsunshine.com/*
b993c9e87dfd656cd1ac71f9e7f60a6a,1156610500,6,*.aikanger.cn/*
ba04137431b91bc31809ff267d9876b7,1156610100,1,*.xahpgjz.com/*
baf603cd3db16995a466a02ca9a4feab,1156610800,6,*.xasks.cn/*
c00415595f3ab6da21e65ea94fd5b0cd,1156610500,6,*.aixinbaomu.com/*
c00415595f3ab6da21e65ea94fd5b0cd,1156610500,38,*.xlj365.com/*
c322a4140b81fed5d7f52f29e600a0f1,1156610100,2,*.xakangnuan.com/*
c546af00e5947b141fdd3908ca6f650d,1156610100,17,*.xakangnuan.com/*
c58420066eabaf0f75c649cdd185bfcc,1156610500,9,*.aikanger.cn/*
c5e5944c686fe953e1f7ec1eeaf03906,1156610100,15,*.aikanger.cn/*
cbd992423536dec12c87bac7b81e7b4d,1156610100,6,*.aixinbaomu.com/*
cdbef8aa85af7e91fdb80e5c57315d44,1156610100,16,*.xasks.cn/*
ce30f66734d2b2e831ffefe56e21bf5a,1156441900,2,*.aikanger.cn/*
d14086cb6d9768104e6b852660263d08,1156610500,7,*.aikanger.cn/*
d270fbea28f4a618aa22913dc2542c68,1156610100,2,api.superayi.com
d28047e4d7e838d06f47c3e033f4a32b,1156610500,40,*.xlj365.com/*
d7d8026b59128660745739f42139cbd2,1156610600,32,*.xlj365.com/*
d86440337094853665191679808dbc19,1156610800,59,*.mingchuangjz.com/*
dfbec72dc97fc3864595dc0686862180,1156610100,38,*.qinsao.cn/*
e13d487e549390be4f2c9493e19a80cd,1156610100,1,*.xlj365.com/*
e452684291b8a3f2b1852c96f931e6ae,1156610500,5,*.aikanger.cn/*
e452684291b8a3f2b1852c96f931e6ae,1156610500,2,*.xasks.cn/*
e4f38c2264ab9227dc9ae657b2898583,1156331000,74,*.xazcmbj.com/*
e6e30f2fe3ea5542035a40ce51661066,1156610100,1,*.xaoctsunshine.com/*
e77a3f96bca25a00f1c99fe1f8ddcc5d,1156140800,1,*.xakangnuan.com/*
e8c574747bcda590f332fe5bf6edda6e,1156610100,50,*.xianyingzhili.com/*
efd3f4788a7ad2d14d66daab58cb315b,1156610600,10,*.aixinbaomu.com/*
f058ddeca1c19c59de83843cc947d802,1156610100,4,*.xakangnuan.com/*
f36e342dd2f57a8c1624cff075cec0ca,1156610100,2,*.xazcmbj.com/*
f378cb4450d4b7335e3b899d6ac080be,1156610300,2,*.xlj365.com/*
f7c947320a86e75f267651a522c7d29f,1156621000,1,*.aixinbaomu.com/*
fa80bfa4038d2ebfcbe3bd39345bceec,1156610100,2,*.aikanger.cn/*
fba64478d2fd26110ca2c77bb4c6c21f,1156610100,15,*.aikanger.cn/*
fce64ada2508b22e0852c554bac8e60e,1156610100,2,api.superayi.com
fd0904cf38387f8aad9c7a92371e7ea2,1156610100,1,*.xafljz.com/*
ffa323ece69c701ba85ddc2c2282869e,1156610100,14,*.aikanger.cn/*
ffedf50fd92dadd483253f7f5e1a5521,1156611000,14,*.aikanger.cn/*
