0986cecbf07a0d12e0365bb73032b99e,1156370800,4,www.cyjm23.cn/zhangyiwan-wap/*
0b8cb9e7d05881dd3d1f35834fef73ba,1156620500,24,m.91juyouwei.com/*
0e6395d2c0720ad053d8ac857faa5acf,1156210200,4,www.cyjm23.cn/zhangyiwan-wap/*
1e4bf1305eb243a5f07d3d0a301e64aa,1156650100,4,www.cyjm23.cn/zhangyiwan-wap/*
25c4bb019b3a3cef724e2c5c5b7db340,1156130200,15,m.hdjztct.com/*
2604c8da8292081d767944815c8f119c,1156370200,4,www.cyjm23.cn/zhangyiwan-wap/*
26b76e8879e412a756acc3b47770c3ce,1156500000,23,www.jiedilia.com/*
2a8f3e77c36e067acb2eb1acf2ad0695,1156431000,20,m.hdjztct.com/*
34e7c7712693f4cc3a5c01ae3d883f26,1156370600,2,m.hdjztct.com/*
36d5b72e24871c74748168d1f3c08331,1156610800,19,m.hdjztct.com/*
377a4dc029fd8d6826d366a032a4f2f5,1156621100,1,m.91juyouwei.com/*
44f1784acc6948b9ff2a1c3272375de5,1156430400,29,www.cyjm23.cn/zhangyiwan-wap/*
47573f63d4bc50f5c1023f95630752e2,1156371000,19,www.cyjm23.cn/zhangyiwan-wap/*
48516bb622035b8fe8eb0466efc330f1,1156411500,18,m.hdjztct.com/*
4e17202a80893eae6aa8ae1ef7e8ec0b,1156500000,33,www.cyjm23.cn/zhangyiwan-wap/*
5115d2b4a1e1454dbb62ac0a316d3565,1156370700,20,www.cyjm23.cn/zhangyiwan-wap/*
51fbe59b5985aa7d40b6044fe8cfea19,1156120000,1,m.91juyouwei.com/*
55f706fa16fc356d4eb3951ac791842c,1156371400,24,m.91juyouwei.com/*
57589566c5f6f29d04aff118aee8b8a6,1156150500,18,m.hdjztct.com/*
57b0e63a863f365b80f5e6bad6fae8c7,1156411700,2,www.cyjm23.cn/zhangyiwan-wap/*
583865a0348d777f40045b8a7e2291d5,1156340200,27,www.cyjm23.cn/zhangyiwan-wap/*
58f7ddbc959d7b173d80d8fa45de7dcd,1156371500,24,www.cyjm23.cn/zhangyiwan-wap/*
5becfed7a5baa51214504506e7fed77b,1156621000,6,m.91juyouwei.com/*
5c743e66d5533136bcce475e281b4b9a,1156220100,26,m.hdjztct.com/*
5e19f14aace903a44f48f5bc3a4932ba,1156370200,7,www.cyjm23.cn/zhangyiwan-wap/*
61ffc8cc9a61fdb52d958fa923570c56,1156371700,1,www.jiedilia.com/*
650796196d1bab8efb5ce57d0c904a1b,1156341300,26,www.cyjm23.cn/zhangyiwan-wap/*
653712833cd3b45b6b047c38f656cb03,1156411100,18,www.jiedilia.com/*
663d92da1cbc113e46a556afbd1a2a65,1156610100,2,m.hdjztct.com/*
6a119d3b33dcecd64a49f3640e25d49b,1156130900,1,m.91juyouwei.com/*
72972e0d5de644e20b58cb93969dac2d,1156520200,28,m.jiediliangjmw.com/*
7af1c82384c885e7b9eea324df68c3ea,1156371300,25,www.jiedilia.com/*
7f2114e7ca01f01b502ecdcde14e2bf4,1156410100,28,www.jiedilia.com/*
7f2114e7ca01f01b502ecdcde14e2bf4,1156410100,21,m.hdjztct.com/*
805dac414b6337089c6fef4c067451be,1156370100,23,m.hdjztct.com/*
81353960e4661cfd2f118d97e6a14fde,1156231200,10,www.cyjm23.cn/zhangyiwan-wap/*
828e2a6e5073ca0d9d215f51a6e2a174,1156110000,37,www.cyjm23.cn/zhangyiwan-wap/*
8362a465ee40427444172a4606c1f7e5,1156610100,15,www.cyjm23.cn/zhangyiwan-wap/*
8611ae20b5fff8cfbac5f841d9478f3a,1156620800,6,www.cyjm23.cn/zhangyiwan-wap/*
9005c329630ec00a2659d6a78aec4ee0,1156120000,77,m.91juyouwei.com/*
978b2b6328ffe3443eb5bd046c4501ad,1156370300,21,www.cyjm23.cn/zhangyiwan-wap/*
9811130dcab7f6e1438426a4cfffa10f,1156511600,12,m.jiediliangjmw.com/*
9aaafba862e63946cbecab93646766e4,1156620500,4,m.91juyouwei.com/*
a023fab93e546bd428d28ea1afbff8db,1156410100,1,www.jiedilia.com/*
a2ee9ae9cc8894ba59e4b1115e4927f8,1156611000,12,m.jiediliagw.com/*
acbdc8670d5aaf810b344c1e67a10cc2,1156130900,2,m.hdjztct.com/*
ad2e02062fd3dccbb83c1df227d0eefa,1156630100,16,www.cyjm23.cn/zhangyiwan-wap/*
adbfd05a82bb850c630f16c6046092c3,1156130400,2,m.hdjztct.com/*
afa742026d270d6411766e47403e1ebe,1156512000,38,m.91juyouwei.com/*
b158220adcd220eae139722cfdcea3cb,1156610100,39,m.hdjztct.com/*
b231213a221914e84c86b2a201b21cbc,1156511300,73,m.91juyouwei.com/*
b290a4e38f2ef507409092ed996f0f4a,1156610400,1,www.cyjm23.cn/zhangyiwan-wap/*
b8c7f9cffd93599ec543ae1e313c840e,1156340100,4,m.91juyouwei.com/*
bb7bd8a06ce131c64211ac95023cb5ad,1156510100,20,www.cyjm23.cn/zhangyiwan-wap/*
c01795b9138c1135f3a0c140a8c3fa12,1156440300,1,vip.mlsdsf.cn/*
c0221900b2c310fe04e7eb9874af2541,1156610100,10,www.jiedilia.com/*
c1780ea3d5a46e11f1d89ba2c18a4180,1156341600,21,www.cyjm23.cn/zhangyiwan-wap/*
c744ecbd4254e5ea2e27800d1092b551,1156220100,29,m.hdjztct.com/*
c941842a7d72f899586f3e118ca5161d,1156130100,27,m.hdjztct.com/*
ccab45da6faa9085aacc964e5fc06b44,1156513400,2,www.cyjm23.cn/zhangyiwan-wap/*
cd0b3aae71f4e62df207013f98cc4923,1156320400,14,m.hdjztct.com/*
d4741123eafab21a26dc90bed5a77769,1156620500,4,m.91juyouwei.com/*
d5574a574540bead55e2cff7ef3e3156,1156510100,29,www.cyjm23.cn/zhangyiwan-wap/*
d5ecff3ba7ca9e37c4897004c518e3ca,1156340600,2,www.cyjm23.cn/zhangyiwan-wap/*
d718b3acf614751c2044c449ab048ca6,1156220100,24,m.hdjztct.com/*
d718b3acf614751c2044c449ab048ca6,1156220100,1,wap.91jm.com/65bgk7mn/*
d8a8f8ed1d69652c50cca63682e9ed93,1156500000,29,www.cyjm23.cn/zhangyiwan-wap/*
d9385ddfe56e077b533ec0aafe31bb96,1156620100,1,www.hudajie.cn/*
daaac66624660df79e52012bc20beb4f,1156110000,38,www.hudajie.cn/*
daaac66624660df79e52012bc20beb4f,1156110000,61,m.hdjztct.com/*
daaac66624660df79e52012bc20beb4f,1156110000,2,mip.kanshangji.com/zt/paihangbang/4203.html*
de211d8fdaa76c9bb92073e4f8a0dba7,1156341300,1,m.91juyouwei.com/*
e16c1d853c5e9754a2a63cc78cc8241c,1156150600,6,www.hudajie.cn/*
ea21b09b274f0d675b51d4334a7de7ff,1156360700,1,www.jiedilia.com/*
ec044412b73cedc4fee7846219def708,1156420100,4,www.jiedilia.com/*
f842bedc6a6bb20a10dc2729cdd36691,1156430200,30,m.hdjztct.com/*
fcea5355de9db827ec6941470fe2c41b,1156130400,1,www.jiedilia.com/*
fefe37fa14289f6e6c796489e21cf364,1156110000,1,www.hudajie.cn/*
