000e632a7288868e3cf385eefc4586bf,1156420200,9,mobile.xuehuiwang.com/*
002e3d62db3a10ec60b2894a693374ae,1156360800,8,wap.xuehuiwang.com.cn/*
00a24fa0fe13a2b91169c370e36b99d0,1156360900,2,m.bd.zh-fkzh.s1.ckzhijiaedu.com/*
00b8b70f79046112f5c796b6d221cd9f,1156421200,59,mobile.xuehuiwang.com/*
014e161da7325f16e5adb46dfdf3cc52,1156330400,1,wap.negroupedu.org/*
035ea928094fb5cdd901d0f9c756da97,1156360100,77,wap.negroupedu.org/*
0445a697267a035a0757b21a3ff36e8a,1156420500,1,wap.xuehuiwang.com.cn/*
04502ca31cf0fcb1c68c28c4c8c69d03,1156420100,1,wap.negroupedu.org/*
0491ddd023c06eaa28b347a9e1c65e41,1156420500,1,wap.xuehuiwang.com.cn/*
04e363a04fc94e78bd7b27d40a34f580,1156360400,68,wap.negroupedu.org/*
04fdd8e4da991ed149615a0eeefed52c,1156360100,57,wap.negroupedu.org/*
05552e5719c8b73ae686adfc2395d24f,1156430100,67,wap.xuehuiwang.com.cn/*
059b6d325f6557bf36b23a2fc0c0eef8,1156361000,1,jhx.feixiao68.cn/*
05afe233a1912e8360aa1801626bec84,1156360500,8,m.360xkw.com/*
05b97222323b657216e1930fa32e149b,1156420100,2,mobile.xuehuiwang.com/*
068dcbe5a969601c2eadde59865b552c,1156411100,28,wap.xuehuiwang.com.cn/*
078be70eb3c432d72d04a475b662426d,1156420100,38,wap.xuehuiwang.com.cn/*
078be70eb3c432d72d04a475b662426d,1156420100,18,wap.negroupedu.org/*
079ae071be93f2f9235afb4a657ffb62,1156430100,27,m.chucai.com.cn/*
07c3a0fcfe611f772a52b78516eaf5ed,1156420200,7,mobile.xuehuiwang.com/*
08a9c14c57cd937abc7a5fbeff7d473d,1156420100,11,wap.xuehuiwang.com.cn/*
08e23e419bdde9f6ad9e158c71de93ce,1156360100,2,m.360xkw.com/*
09a8bf37191e5dfaf745e28b8eabbea0,1156430100,1,wap.xuehuiwang.com.cn/*
09c382255077a7e3ac4d56f36f701ade,1156360100,66,wap.xuehuiwang.com.cn/*
09f9292558aa3805b8f47332d3ea2145,1156441900,19,m.xl.hncjw.com.cn/*
0a0840eb9c77290f9d4e6da1855f4503,1156430300,55,wap.xuehuiwang.com.cn/*
0a0c147898a3c74be56232e2b95ee0ab,1156360100,50,mobile.xuehuiwang.com/*
0a53a0dba0a07dcb9c36fc89e0039c71,1156360100,1,mobile.xuehuiwang.com/*
0aa68975e4d7db87f44427711a1bca49,1156360100,1,wap.negroupedu.org/*
0ad524d02dcb305cbd16ab9dc6fbf46e,1156360800,1,web.jxjyedu.net/*
0ae23ae7af36539a9d8fcbae7d46c2c4,1156431400,1,mobile.xuehuiwang.com/*
0b07e929836b105b95c0273aa6d635c8,1156430700,10,jhx.feixiao68.cn/*
0b29b3311f4d3ddba55cae568de2baa7,1156360100,83,mobile.xuehuiwang.com/*
0b29b3311f4d3ddba55cae568de2baa7,1156360100,2,m.bd.zh-fkzh.s1.ckzhijiaedu.com/*
0b5b0fd1df995132fdd5dd9bd1ca1420,1156431300,10,ck.hnzikao.net/*
0ba03f291485bc83d273e3c759ba9c65,1156430100,56,mobile.xuehuiwang.com/*
0bbea3efd0276b9be9dd8977d0612edf,1156431000,2,m.360xkw.com/*
0bc730475cb811036232a7fc81a5c4f2,1156420100,1,wap.xuehuiwang.com.cn/*
0c4b592c69ddd270de445e1ac8f5885d,1156420100,61,wap.negroupedu.org/*
0c77a329f513130fb2a2fcb81b23d7b3,1156422800,16,mobile.xuehuiwang.com/*
0d09581e96080e0f58562886c8e426aa,1156431400,74,wap.xuehuiwang.com.cn/*
0d1082d4a95155aeb074c92546302043,1156420100,68,wap.negroupedu.org/*
0d5a4c90f46c7c4362c102b3debf9efc,1156320300,10,jhx.feixiao68.cn/*
0e6b43697362010a0b37b5166e8e631e,1156360100,23,wap.xuehuiwang.com.cn/*
0eb1fdec5b8d589831b16c60ed596e1a,1156430700,79,wap.negroupedu.org/*
0ed691bbc24a5f59fc1a304517fa71ee,1156421100,8,mobile.xuehuiwang.com/*
0ef59362281765f1a72101bf6eb84935,1156420100,15,wap.negroupedu.org/*
0f1d5a1ac5c1ceb106650db9b16fbeb2,1156420100,64,wap.xuehuiwang.com.cn/*
101b28c4f32c511f65e1333f3a140784,1156360900,4,lp.sunlands.com/2943/CN/mb/dCbOJq/*
1023ad3c5f83d7be187cde336f797486,1156360900,15,m.360xkw.com/*
106c415dd921b2d39a540fdff246bf2e,1156420100,34,wap.xuehuiwang.com.cn/*
10b504611c3a33577a1c8f79b36a94a4,1156421200,10,mobile.xuehuiwang.com/*
10b61e4943e6c51e778c19ff2abdb654,1156431200,50,mobile.xuehuiwang.com/*
11072010648d73818150185bb3dce500,1156360100,44,www.zdhlzx.cn/cjh/xueli/ncwap/*
110e5f652c9b692fa7f7bc06d75f7f1e,1156420500,14,mobile.xuehuiwang.com/*
12ef2899c2a23b295f81a0d4f7e36d4a,1156361100,40,www.chengkao365.com/*
12f59fced6d704392f34a8220b805370,1156420300,1,wap.negroupedu.org/*
131fd36ff142b9f09c0aed878778a1e4,1156420100,1,mobile.xuehuiwang.com/*
1360cb0b9efcb1aab9db033b5d0a0217,1156430100,13,wap.negroupedu.org/*
141d24d9df044fbc1ca74fdf0df84aa8,1156420100,51,wap.negroupedu.org/*
155d9800ff2e1985e9c1f323615a8600,1156431100,40,m.bd.s8.zk.hqjy.cn/*
15de496c4ead7a3f936c78c8cfc047b5,1156430600,7,wezikao.com/*
163f7fd0ae4388435b41e5e6be8d462f,1156430100,40,m.bd.s8.zk.hqjy.cn/*
16a07dbc88413be14fe5d80281667332,1156420100,12,wap.negroupedu.org/*
16b706d4540414b81e6866d929ed0b47,1156360100,43,wap.negroupedu.org/*
16dbf6a763dfb756d0110a61919b12dd,1156360500,49,mobile.xuehuiwang.com/*
170269624bf81dbc2e927141a564e48f,1156360100,65,wap.xuehuiwang.com.cn/*
170269624bf81dbc2e927141a564e48f,1156360100,1,m.bd.zh-fkzh.s1.ckzhijiaedu.com/*
1708ba6fe2ba7d71368489ba7b4af299,1156420100,6,mobile.xuehuiwang.com/*
172bd743d370e8b027f11210e8e7e5b3,1156360300,3,web.jxjyedu.net/*
174e64bd684d1f8a97d4087513f060b4,1156421200,1,wap.negroupedu.org/*
17a2e6aa45c973c61f5823e7d2774f6c,1156421200,29,wap.negroupedu.org/*
17d78af9d62542b165a4550fffd3a732,1156430100,67,wap.xuehuiwang.com.cn/*
17d78af9d62542b165a4550fffd3a732,1156430100,81,mobile.xuehuiwang.com/*
17d78af9d62542b165a4550fffd3a732,1156430100,75,wap.negroupedu.org/*
180c23dd8456d69f7f34bcdf6ab458bd,1156430100,3,www.ahxzledu.com/*
185a50e6d4b19771ed2edc16c7d52101,1156421100,24,mobile.xuehuiwang.com/*
18686c7a6844ad5d50b8aef7b3364339,1156420100,29,mobile.xuehuiwang.com/*
18686c7a6844ad5d50b8aef7b3364339,1156420100,15,wap.negroupedu.org/*
189603772a3834d890eff2ab2c78edbe,1156433100,10,m.chucai.com.cn/*
18d3ab3500cf5e55642f27cb9ff3fa92,1156431200,8,jhx.feixiao68.cn/*
18d6bbdcce7de44417a52e47be2b7017,1156420300,1,lp.sunlands.com/2943/CN/mb/dCbOJq/*
1936618b14b374e0247f7a602c09646c,1156430900,1,wap.negroupedu.org/*
1936618b14b374e0247f7a602c09646c,1156430900,7,m.360xkw.com/*
19667523ec75853fefdf3236de45f91b,1156422800,1,sm.zh-fkzh.s10.hengqiedu.cn/HJ-hubei-ZX-YD01.html*
1a05d0d14b36367071f12c9d4f8db8b8,1156421800,1,mobile.xuehuiwang.com/*
1a3218b737ab6e2a66221810c9fe4f8c,1156420100,66,mobile.xuehuiwang.com/*
1ab71cf912cdee86794f1b8987ce83ae,1156421100,14,wap.negroupedu.org/*
1acd5c30b685036ca447d44cf56e765b,1156420100,62,wap.negroupedu.org/*
1b7bbc95157617d287d8d6272146f574,1156431000,7,m.chucai.com.cn/*
1b9df2cf3f78e850df8218372c6e0228,1156420200,100,wap.xuehuiwang.com.cn/*
1bc844506c53464504718e0181d6c4e0,1156360100,1,m.bd.zh-fkzh.s1.ckzhijiaedu.com/*
1beb1d4e2bc4188a16ce83d67d644023,1156430600,39,m.bd.s8.zk.hqjy.cn/*
1bedf43027ca2893afd6bbd8bacfe2d7,1156430400,39,m.bd.s8.zk.hqjy.cn/*
1c338dc94ed4cdcff8c9ffd1553f9ef9,1156420100,93,wap.xuehuiwang.com.cn/*
1c466ae498483e2bd462c5f30022eea3,1156360100,1,wap.xuehuiwang.com.cn/*
1d6e41dab1ececc979da44db939a945f,1156421000,13,wap.negroupedu.org/*
1d96e1f9b8dd0eff47b168b366a02f47,1156150100,14,mobile.xuehuiwang.com/*
1d96e1f9b8dd0eff47b168b366a02f47,1156150100,61,wap.negroupedu.org/*
1d9aabb6d65b90d2a1a750c374d1013e,1156420800,1,mobile.xuehuiwang.com/*
1dd3a79d268c32aab50623dbda06e48e,1156420500,1,wap.negroupedu.org/*
1e0b3f57ae42c03b358b248bcb9fcf29,1156420100,1,wap.negroupedu.org/*
1e507688d6768e0bf66e71984f90713b,1156420900,1,sm.zh-fkzh.s10.hengqiedu.cn/HJ-hubei-ZX-YD01.html*
1e5436110ba9c5a1456a6b52004bd8ad,1156420100,2,mobile.xuehuiwang.com/*
1eb556cc56572191fba5300d4fbf55e6,1156421200,58,wap.negroupedu.org/*
1f09137ad08cd359a81cecdbd4ebf0be,1156360800,21,m.360xkw.com/*
1f2af6622efe682d74d102945a53abde,1156430100,38,m.bd.s8.zk.hqjy.cn/*
1f8bf683a4aa05165388d9ec92bd2b78,1156430500,16,www.ahxzledu.com/*
1fd97d7627e91cde25b26cbfd4fc7b95,1156420100,57,mobile.xuehuiwang.com/*
200704e69705b966bd2e5c435fe631cf,1156421800,76,wap.negroupedu.org/*
2097ca7667de58dfb9830a8026f9d77e,1156420100,2,m.360xkw.com/*
2098d81f8e618bab54461fe3be754faa,1156361100,49,mobile.xuehuiwang.com/*
20c49f30f53c993e24b861a3a2a546ab,1156430400,1,m.chucai.com.cn/*
20db1d5d2555542c1e3a729fa575e657,1156420100,12,wap.negroupedu.org/*
20ec5ae709ccb9459822c5a301a4b673,1156360100,10,m.360xkw.com/*
2112deb4137205ae710c6403555caf34,1156360100,73,wap.negroupedu.org/*
21522a980b05fcbaceebb243bf2283b8,1156340300,16,www.ahxzledu.com/*
21b7ce0e9c6649ee42e21faff14f17a4,1156421800,2,www.xuelihb.com/wap/*
21c510f0838960d33aceabdfe9d74768,1156420100,1,mobile.xuehuiwang.com/*
21ea83e701ad991489711d88671195cc,1156430100,11,www.ahxzledu.com/*
220c22289b435a969ebc6faad1980775,1156430100,1,mobile.xuehuiwang.com/*
22f5e0c956d775dffe79ab1b847cc809,1156420100,1,mobile.xuehuiwang.com/*
2318ba44d4d309d150ac9a08f48260c5,1156360800,2,m.360xkw.com/*
23332545a48ec430bb6968c52526b5d9,1156360100,31,web.jxjyedu.net/*
2377c586e3a5c9222d64c666001bea89,1156360100,8,m.360xkw.com/*
2392e718b6dd0bcfc73ed3c75bff10a8,1156430400,17,www.ahxzledu.com/*
23c8e599b730c451b42a373d9f99f8e1,1156420500,5,wap.xuehuiwang.com.cn/*
2429cdf3c6d2f436911e33b884507aad,1156360700,29,web.jxjyedu.net/*
243e695dad0b39f734ace7c0c6b852c7,1156431200,20,baidu.lszxxy.com/lp/m-crgk/*
2524c09d207ad4569e491da0b8874450,1156420100,17,mobile.xuehuiwang.com/*
2524c09d207ad4569e491da0b8874450,1156420100,11,wap.negroupedu.org/*
254809b024ff98420780474222af0f01,1156360100,1,m.bd.zh-fkzh.s9zjc.hqjy.cn/zk-jiangxi-s9/*
25bc05095ab8d8a1c25f60de1efb49cd,1156420300,2,wap.negroupedu.org/*
262783aeff8c0e57e3251b3055121796,1156420100,1,wap.xuehuiwang.com.cn/*
26b453ecf15321d29b70bc176c5918aa,1156361000,62,wap.negroupedu.org/*
2790f75c78acec93a9e8157603e8953d,1156420100,65,mobile.xuehuiwang.com/*
2823b417dc18e23900e782d443cc6b70,1156430100,39,m.bd.s8.zk.hqjy.cn/*
2823b417dc18e23900e782d443cc6b70,1156430100,17,www.ahxzledu.com/*
288a81e0d346255fb45d9ae40e1eb2b8,1156420500,22,wap.negroupedu.org/*
2897ecc457ff314a01bd8f7fd6ec20de,1156360500,15,wap.xuehuiwang.com.cn/*
289b42e783f5248a3c5a2eabd358a00a,1156420100,2,wap.negroupedu.org/*
28e170624e0e232c70e5a7d46fd0b498,1156420100,38,wap.negroupedu.org/*
28e99acb5879258dee7d4f589612c148,1156420900,69,wap.negroupedu.org/*
29069be42b152c08a6f059a0b2aed9e2,1156430900,19,wap.xuehuiwang.com.cn/*
2958c7ee23e17ad3984a27079e2d82f2,1156420500,63,wap.negroupedu.org/*
298a37b1318d1585ca1b77eac5294a36,1156460100,71,wap.negroupedu.org/*
298c9464a13a1579450019a031db0fa8,1156421000,21,wap.negroupedu.org/*
29df7b4226cc99969796d48b37a88c4f,1156421200,58,mobile.xuehuiwang.com/*
2a028f96d6951243437c3de7ceca120e,1156420100,51,wap.negroupedu.org/*
2a069e5cf539f631c12bb33b5d0e5f19,1156420500,1,sm.zh-fkzh.s10.hengqiedu.cn/HJ-hubei-ZX-YD01.html*
2a88bdc121b21772e15fd55c15aa85e3,1156360900,4,wap.negroupedu.org/*
2b0fcbd118090ec08883aafeadbb9272,1156430100,11,jhx.feixiao68.cn/*
2c314c2308a151ce02dcb51c1bf04305,1156420100,1,mobile.xuehuiwang.com/*
2c66606590689d7deea18ca5fb8ecd4f,1156360100,2,m.360xkw.com/*
2c78e26ac7c0b12e39e5db43c68755f1,1156420900,11,mobile.xuehuiwang.com/*
2cad0d6840cfa5eb43dfd3117c0ee3b4,1156431100,39,m.bd.s8.zk.hqjy.cn/*
2cda62ed89cbc4c84882a70b08201a95,1156420100,63,wap.xuehuiwang.com.cn/*
2d082065fb39bd3eaa9e87a2b6814962,1156431300,57,wap.negroupedu.org/*
2d8a27f0e6e5bb33fd6fa651a0a3e84b,1156360100,33,web.jxjyedu.net/*
2e67cf7ab9f68430491696901e05dae7,1156431300,18,m.chucai.com.cn/*
2e69dea26b752d0d8b7da78fe8fce22e,1156230200,25,wap.xuehuiwang.com.cn/*
2ee1b390fa0da2160e4abcfff13be9cc,1156420100,69,wap.negroupedu.org/*
2f391df0341c88aa27cad5c20b377ae2,1156430200,17,m.chucai.com.cn/*
2f46d140238e013f24480b0d7bb2e73c,1156430100,73,wap.negroupedu.org/*
2f4a0a895373f436f880eee918d498f5,1156360400,74,wap.negroupedu.org/*
2f6f806f1be20de0d3cbb939b0b552c0,1156421100,1,mobile.xuehuiwang.com/*
2fcfcfe75e4406ada8d61f86cc71a353,1156421800,1,sm.zh-fkzh.s10.hengqiedu.cn/HJ-hubei-ZX-YD01.html*
2fe5d3466a48c1d17a3841b7c05520d1,1156360100,2,m.360xkw.com/*
2ff1dd3a24985180047f2daec7461d5f,1156420100,2,lp.sunlands.com/2943/CN/mb/dCbOJq/*
2ffd9e500ec3a1fff2595ba73d787f15,1156360900,1,wap.xuehuiwang.com.cn/*
300b63d6a93b939c3328172944b1a39a,1156360100,3,m.bd.zh-fkzh.s1.ckzhijiaedu.com/*
30265d281ece41ce6166357deabbb6cd,1156430900,68,mobile.xuehuiwang.com/*
30438b51d652e3fd8add3ea4be94c407,1156430400,4,m.xl.hncjw.com.cn/*
3061088ce915f0ba55113938347d9399,1156360700,31,web.jxjyedu.net/*
307742cdebc3721db5744340ba603e71,1156431200,51,wap.negroupedu.org/*
30ac0f4dfa881b016aad1fa0c219a307,1156420100,8,wap.negroupedu.org/*
30ac9f16e42b169db3637da53c8e9f17,1156420100,6,wap.xuehuiwang.com.cn/*
30ae0054ae1791f17fc8aa0c780b4fc7,1156431100,66,wap.xuehuiwang.com.cn/*
310bab50c2d594fda835676098b2bfa1,1156431400,26,wap.negroupedu.org/*
318ca2d39e349497c9912796fc290d0d,1156310000,41,wap.xuehuiwang.com.cn/*
31b575c49368adce9db048d83ea7bac0,1156420100,58,mobile.xuehuiwang.com/*
31c3aeb85fe0a56de24fcf54ec93710f,1156420100,37,wap.negroupedu.org/*
31e81a417333a6ceab7eff0a7b526ac4,1156421100,4,mobile.xuehuiwang.com/*
32429e57c6b8f70e5f01dc8056713586,1156420500,1,wap.negroupedu.org/*
324643ea7456e75ece528d8eabfb0e9a,1156360800,29,web.jxjyedu.net/*
327c419e86a6afa3050aadf9d6e6463c,1156431400,1,wezikao.com/*
32b80b20dfd5cd68c32154348e50b652,1156421100,1,wap.negroupedu.org/*
32bc8f83a9cd76266e5aeff8dcdcae3a,1156421000,1,wap.negroupedu.org/*
32f53d1f4fb41e50a617ba8332825aab,1156430100,1,m.bd.s8.zk.hqjy.cn/*
33096844866a0dd0b134a79c36c49b2a,1156430400,34,m.chucai.com.cn/*
33650fca16594c4cec4b2f759224676a,1156420100,2,m.bd.zh-fkzh.s1.ckzhijiaedu.com/*
3434941c5ebf8093afe576539866ad00,1156420100,2,mobile.xuehuiwang.com/*
3444bf6d395c5afbdda07261f45595ff,1156420100,1,wap.xuehuiwang.com.cn/*
34d9b76a1c78a3c85d6b52f3c11021cb,1156421800,9,mobile.xuehuiwang.com/*
34ed51fe6b322558dd350302bf5df869,1156360600,33,wap.negroupedu.org/*
3503d6fdb1d8f38c4dc9926970793e76,1156330100,47,wap.xuehuiwang.com.cn/*
35104d89d69a831d9df517aa71dbc1ea,1156360700,32,web.jxjyedu.net/*
35165d15925cb62f4752b3392588e64f,1156421100,1,m.360xkw.com/*
3539b4289c9b5b7ca7f61e8d7c61a8ea,1156430100,1,wezikao.com/*
35c5e197e1742ce7b4dd70cbef8be2b9,1156440300,14,mobile.xuehuiwang.com/*
35fe485f619b847a9eaa97a322fbf778,1156430500,82,mobile.xuehuiwang.com/*
362658c60e1db6ca67c4da9080a13bdf,1156430400,50,m.chucai.com.cn/*
363d726887be1d43efff5fdde00c8a7f,1156420100,1,wap.xuehuiwang.com.cn/*
363d726887be1d43efff5fdde00c8a7f,1156420100,7,wap.negroupedu.org/*
36537d4fbe0c2a77395841e2b6a63ffc,1156430200,3,wap.negroupedu.org/*
36b7d218a8e50bb8b230a13eeea0c05d,1156420200,21,mobile.xuehuiwang.com/*
36b7d218a8e50bb8b230a13eeea0c05d,1156420200,224,wap.negroupedu.org/*
36f9009bfc05e667913923f8084a59ac,1156360900,5,web.jxjyedu.net/*
37cad50b187bdbaaee72b57e7165532c,1156430200,64,wap.xuehuiwang.com.cn/*
37ef7e4c4216a7efbd5ddd88e71738f4,1156420100,61,wap.negroupedu.org/*
38627976797cd4e286c38415d4ea6b6e,1156360800,71,mobile.xuehuiwang.com/*
38ae3ba20f9eed71c76edd97cbf9d6ff,1156431100,22,m.chucai.com.cn/*
38ff3cf669660aa9d6152fb9e690d70a,1156420100,1,wap.xuehuiwang.com.cn/*
39410442b4b7fd7ff9b9a362906e295c,1156430500,91,wap.xuehuiwang.com.cn/*
39410442b4b7fd7ff9b9a362906e295c,1156430500,2,mobile.xuehuiwang.com/*
39952f6895230909286eec3720899bd0,1156431300,60,wap.negroupedu.org/*
3a12c34c87fc95dcfe131f07ef6047e9,1156360100,17,m.360xkw.com/*
3a16cbd9c2e3bc265c302963bcca077f,1156420100,13,wap.negroupedu.org/*
3a82d444cc8cdca1c0452dee87b2a362,1156420900,5,wap.negroupedu.org/*
3abf99707156e6865b5f2192973fc93d,1156360400,1,m.bd.zh-fkzh.s1.ckzhijiaedu.com/*
3b57d960b5c74d3c3263325338ff1341,1156430100,23,m.chucai.com.cn/*
3b5fe99f70c156b9e87d8c6c60ee1daa,1156422800,62,wap.negroupedu.org/*
3bf497f95349c0295460d4f2b1e38ea8,1156420100,98,wap.xuehuiwang.com.cn/*
3c67077fde6ea811dd856fcf2f4268e4,1156420100,5,mobile.xuehuiwang.com/*
3c6cf4eddd2317c287beeb687e847f6d,1156420100,42,mobile.xuehuiwang.com/*
3c79bbdbbc34b7751ac6ab137abda0de,1156420100,5,mobile.xuehuiwang.com/*
3c8539c6fcf8d5e3099e13398a4edd9a,1156431200,67,mobile.xuehuiwang.com/*
3c8f6019747a7ded92efaf661ef4f116,1156431000,1,m.qxjyu.com/*
3cb783ef318d753441d6ec4a524af33b,1156360600,10,web.jxjyedu.net/*
3d5ae0225852b300da048cea9157be68,1156360700,1,m.bd.zh-fkzh.s1.ckzhijiaedu.com/*
3dbc1b519009ce22304277a05fa8e2e8,1156360900,1,m.bd.zh-fkzh.s1.ckzhijiaedu.com/*
3df834ace77d1b08c4897790327d5944,1156360700,29,m.360xkw.com/*
3e0c441b99ab9e590cb47780d34fa21e,1156430700,79,wap.negroupedu.org/*
3e32827c418bcbb60c8906854f1fc815,1156430100,64,wap.xuehuiwang.com.cn/*
3e32827c418bcbb60c8906854f1fc815,1156430100,83,mobile.xuehuiwang.com/*
3e32827c418bcbb60c8906854f1fc815,1156430100,42,m.bd.s8.zk.hqjy.cn/*
3e3b4e67b5f4c11506aa6882428de083,1156360600,32,web.jxjyedu.net/*
3e3b4e67b5f4c11506aa6882428de083,1156360600,1,m.bd.zh-fkzh.s1.ckzhijiaedu.com/*
3e54c218e49d9fa8bf1d62ea501fbcc5,1156431000,1,m.xl.hncjw.com.cn/*
3e8b930bb4a779e7861fc41b83fbe4e0,1156420500,14,wap.negroupedu.org/*
3ed8d9ff418426b462e17c04995618e7,1156421200,38,mobile.xuehuiwang.com/*
3f8dd7a223870a194770d4b8e121de3d,1156360100,5,m.360xkw.com/*
401e598dc605389e51cea68b856409d4,1156420300,26,wap.negroupedu.org/*
40312bb2b9c90bb79ce1a4ad94d6e9aa,1156360400,16,wap.xuehuiwang.com.cn/*
40325140c2d3d42f859798b0d8e3544b,1156420900,14,wap.negroupedu.org/*
405d9473bbeb5084b4b229ae57c61551,1156420100,22,wap.negroupedu.org/*
40cde5d42d3eff25913f71006e49370b,1156430400,40,m.bd.s8.zk.hqjy.cn/*
416b6942e8de512ba842fd63a8715b4c,1156430100,1,mobile.xuehuiwang.com/*
418d8ec8ffb9e72abab8d686dc69caa1,1156420100,79,wap.negroupedu.org/*
41a0bba43769c2fe6cdc0974f112d6f1,1156420300,3,wap.xuehuiwang.com.cn/*
41d9473f32e99b0477de65221801eb1a,1156330100,54,wap.xuehuiwang.com.cn/*
425793f5c668c6e9026452d3b19826df,1156430100,5,xueli.cseao.cn/*
42b6222b0917f6282c0b102a1c61ee58,1156360100,80,wap.negroupedu.org/*
43b354cc2c63e733027e1e7156557a5a,1156421100,2,mobile.xuehuiwang.com/*
4407dfe02584ce97802f2c92ebed5c6f,1156433100,11,jhx.feixiao68.cn/*
446cd15707e4d9b723a845757c05ceac,1156430500,16,wezikao.com/*
44ac2ee27758bfefe0d5032209c6c55b,1156430400,69,wap.xuehuiwang.com.cn/*
44ac2ee27758bfefe0d5032209c6c55b,1156430400,85,mobile.xuehuiwang.com/*
44d95c7bd2ca87f8a215a42ede0eea93,1156360900,32,web.jxjyedu.net/*
44fd923e4a15cb1e61718c9b52af7198,1156430400,16,m.chucai.com.cn/*
45abc831868dc4e8aba2480e4595d196,1156360700,1,mobile.xuehuiwang.com/*
45cef375620fd9fbfe2861e6b84b65dc,1156440300,3,mobile.xuehuiwang.com/*
461e54dfaa1a45a5f9cfd1edc46a382a,1156431400,12,wap.negroupedu.org/*
468bd194c4f742d8d6ebbf51209646b6,1156430100,31,m.qxjyu.com/*
46b9f5871755dc77ee1cc989999212ed,1156420700,2,mobile.xuehuiwang.com/*
46d91e10b59fa9573e5c05a0cd32eb9f,1156360800,27,wap.negroupedu.org/*
4829f0f957e0bbae70d0e34580c075c8,1156360100,78,mobile.xuehuiwang.com/*
482e508443756d3e3b583a57cf2c6bbf,1156360800,8,m.360xkw.com/*
48316444924d5ba507000445718b5459,1156440300,36,m.bd.s8.zk.hqjy.cn/*
48c9149696d3ed77a758fa1288ff5e61,1156420100,70,mobile.xuehuiwang.com/*
493d4cbf02e31a43c0d279fcdb0e7eba,1156430500,8,m.360xkw.com/*
494a10c7e361962265364f81dd5a0147,1156440300,6,m.chucai.com.cn/*
495925b6c3c4bbc080da614665d48891,1156420100,14,wap.negroupedu.org/*
4a0d764ca30ed6106ccdaf1dea0f605d,1156421100,50,wap.xuehuiwang.com.cn/*
4a0d764ca30ed6106ccdaf1dea0f605d,1156421100,25,mobile.xuehuiwang.com/*
4a145a110e9d166d212b1012eca7ec20,1156360100,80,wap.negroupedu.org/*
4a701becf98f0ce70eb4b2e7fe91531b,1156360400,11,web.jxjyedu.net/*
4abcff47a88d0c7f0f10d3d3600a981d,1156420100,1,wap.xuehuiwang.com.cn/*
4abcff47a88d0c7f0f10d3d3600a981d,1156420100,30,wap.negroupedu.org/*
4b5068e5292a6773ae26295e179734fb,1156430100,39,m.bd.s8.zk.hqjy.cn/*
4b5351fbb6ad7813f5f576ff558bb10f,1156431200,32,m.chucai.com.cn/*
4b5e0b3b71078f7b1dea4644283f3b5b,1156360100,1,m.bd.zh-fkzh.s1.ckzhijiaedu.com/*
4c1bc8f48dc7c011805d4c1c93bb5995,1156420100,65,wap.negroupedu.org/*
4c24ffc9830ebd89b1255a5ac97c0663,1156421800,17,wap.negroupedu.org/*
4c99279b0c746586a85388af7b027201,1156420100,1,wap.negroupedu.org/*
4cc7132ceab3cc7f0d9a756a52a0f14d,1156420100,15,mobile.xuehuiwang.com/*
4d1691c6a1ba209f6b33ff596414f67d,1156420100,9,wap.xuehuiwang.com.cn/*
4d41b9641052c2d5bc89123683676d36,1156420100,4,wap.xuehuiwang.com.cn/*
4d568453835f46628f9d9c1e13532eac,1156421100,5,mobile.xuehuiwang.com/*
4d568453835f46628f9d9c1e13532eac,1156421100,10,wap.negroupedu.org/*
4d73ddcd50c01d6e366ceca23fe4ca7a,1156421200,39,wap.xuehuiwang.com.cn/*
4d78a656fc79682740b447912fe24b9f,1156360700,6,m.360xkw.com/*
4dcec6ffee2229f1757d8c7e251699b0,1156420100,1,wap.xuehuiwang.com.cn/*
4e3314703e13098e954ec1708654c11c,1156420200,65,wap.negroupedu.org/*
4e3c683ebce1aa5a8f982420b55a345c,1156420100,1,lp.sunlands.com/2943/CN/mb/dCbOJq/*
4ef22baaecd668afb9520965bb149b2c,1156431200,29,m.qxjyu.com/*
4f2cb52c02a827ff6d07f563b6f21e25,1156420100,7,mobile.xuehuiwang.com/*
4f790f7b23468568c0d161333d88a087,1156420800,8,www.xuelihb.com/wap/*
50695d055e8e4eb200cc6cc611675d38,1156420100,68,wap.negroupedu.org/*
50f340ebcf5d3506e949f1511b1de01b,1156360100,83,wap.negroupedu.org/*
511e168c8921f1b4165741b55a839ac4,1156421000,33,mobile.xuehuiwang.com/*
5124bd9f21453d0369082f87157d6dca,1156420100,1,wap.negroupedu.org/*
51415883f6bcc9c407f42796d92361c3,1156360800,2,m.360xkw.com/*
51d7d90b1ad25fa8ce71ca8c4a87775c,1156430400,28,m.chucai.com.cn/*
52f4254b99a84d590531c5bcc1eed943,1156420100,16,wap.xuehuiwang.com.cn/*
52f4254b99a84d590531c5bcc1eed943,1156420100,15,wap.negroupedu.org/*
53240ed2444ff958e203a88c0b598dc2,1156420200,75,wap.xuehuiwang.com.cn/*
53240ed2444ff958e203a88c0b598dc2,1156420200,5,mobile.xuehuiwang.com/*
53240ed2444ff958e203a88c0b598dc2,1156420100,4,wap.negroupedu.org/*
53240ed2444ff958e203a88c0b598dc2,1156420100,16,m.360xkw.com/*
53240ed2444ff958e203a88c0b598dc2,1156421500,1,sys.jtjyc.com.cn/hubyd/*
53397b471585f54cd2d1291a97e719ab,1156361000,1,m.bd.zh-fkzh.s9zjc.hqjy.cn/zk-jiangxi-s9/*
5361e851dac7a49aee213d20ad8c0f03,1156420100,74,wap.negroupedu.org/*
537f42de88d1a30c52878328d2721f89,1156430100,1,www.ahxzledu.com/*
53cc23197df605c62b7a40127573e6df,1156360100,2,m.360xkw.com/*
53f6d42c99f4e84911272cfaddd5e8d5,1156420100,72,wap.negroupedu.org/*
546f52c966119b335ad4c6c59786dadf,1156430400,16,m.xl.hncjw.com.cn/*
546f52c966119b335ad4c6c59786dadf,1156430400,45,m.bd.s8.zk.hqjy.cn/*
54a68829acd9763c0cf3f9cd2378835a,1156430100,1,xueli.cseao.cn/*
54b8cdfabee5dc3a67b1818f937ea658,1156420800,4,sm.gdmszxedu.com/wgxqg/*
55832d9dd34da7ede787064ebcb9ce10,1156360100,74,wap.negroupedu.org/*
558b580987bf5c6fd08b1a1d463547b2,1156360400,62,mobile.xuehuiwang.com/*
55da07be5c81eed007442231acf9b5b2,1156420100,57,wap.xuehuiwang.com.cn/*
5680c1292408b26c088229dcc5917477,1156420100,65,wap.negroupedu.org/*
568e92c25703e783fff666e232941236,1156430100,17,www.ahxzledu.com/*
57070d62abdb558bfb4a28aa2f7650d3,1156360100,124,wap.negroupedu.org/*
5724843d2092acfa01a4b6a4dd0702d8,1156360200,48,mobile.xuehuiwang.com/*
574a70159fd5325227a492cb5da5fc7a,1156360800,7,m.360xkw.com/*
57f608a115ccfac220570517c577e545,1156422800,57,wap.negroupedu.org/*
57f8da3a28127697167d1f0cbabf1ffc,1156421800,6,wap.negroupedu.org/*
58d32374723b89ebfc952d6d471b7fea,1156421100,8,wap.negroupedu.org/*
592787d0a12a4a793c79240bc2d1ea4b,1156340700,36,baidu.lszxxy.com/lp/m-crgk/*
5965683041b87c9ecb3663bcc3291fd5,1156440300,1,m.bd.zh-fkzh.s1.ckzhijiaedu.com/*
5965683041b87c9ecb3663bcc3291fd5,1156440300,1,m.bd.zh-fkzh.s9zjc.hengqiedu.cn/zk-jiangxi-s9/*
59d6902b1190b45e5596818de75f4b5b,1156422800,27,mobile.xuehuiwang.com/*
5a0387ee3e12838c54e73fdc20b968e9,1156430600,1,wezikao.com/*
5a0c13d17dbba480faf96b3421169c07,1156360900,49,mobile.xuehuiwang.com/*
5b5eec58d802c2d129e642cf021600d8,1156421100,14,m.360xkw.com/*
5bfc2b31c15a459fa75a973b5f4f7366,1156431000,13,wap.xuehuiwang.com.cn/*
5c1df9e0651a18b9847ab9984f0860f9,1156420100,46,wap.xuehuiwang.com.cn/*
5ce8670dd13c1085c85eaa3a9b12ae32,1156430100,56,mobile.xuehuiwang.com/*
5d1b495a85f6607a1feebf263d08401d,1156430300,52,m.qxjyu.com/*
5d2d889f76fd3ae290a1b2a5b51920d5,1156430600,67,mobile.xuehuiwang.com/*
5dceca110b855659a9ceacdc17691c14,1156420100,8,wap.negroupedu.org/*
5dd20096a2a6d7f3b566139de4c46d6c,1156420800,53,mobile.xuehuiwang.com/*
5eea969d580c6719ae3931667d7f5776,1156420100,10,mobile.xuehuiwang.com/*
5f161d8bcb1e5b6e4075375bd872946b,1156420100,9,wap.xuehuiwang.com.cn/*
5f161d8bcb1e5b6e4075375bd872946b,1156420100,13,wap.negroupedu.org/*
5f704a6aad19338a6f98db0a8a71c8a7,1156430700,10,m.360xkw.com/*
6059e510e964872467111173803e09c5,1156430600,23,m.chucai.com.cn/*
61316fb2ee749153831dab23233b22a5,1156430100,17,www.ahxzledu.com/*
61464576eb4a2117ed12f1071fde67cf,1156421800,17,mobile.xuehuiwang.com/*
614a2f5d349ebf5abc2a9b9e2a5ec296,1156360300,64,mobile.xuehuiwang.com/*
614e417aae79782f14afef344916a38a,1156420100,44,wap.negroupedu.org/*
61d01cf06e56a0d4f0cb2fe92927d898,1156360100,71,wap.negroupedu.org/*
61e6a8ec79d2187ca8ce0880048ba6bb,1156421000,10,mobile.xuehuiwang.com/*
624527228369b8aa6e5a46206f5a4eae,1156360100,55,mobile.xuehuiwang.com/*
62bb286577e0e003dcdc2b5091bda95f,1156360700,70,wap.xuehuiwang.com.cn/*
62bb286577e0e003dcdc2b5091bda95f,1156360700,72,wap.negroupedu.org/*
62d2d012ffa11d103ae270cc68fefa99,1156360100,1,web.jxjyedu.net/*
62df983c3273d20c7facee7f1c790eb6,1156420900,62,mobile.xuehuiwang.com/*
62e3bb0d185476935563207900e680a8,1156430800,31,m.360xkw.com/*
63008321da0a15b6db0cfce17b946a29,1156420300,60,mobile.xuehuiwang.com/*
63898ea931c3651c73f1757de7ce4c92,1156430100,17,m.chucai.com.cn/*
63a47384786cb44feafb9a30f1fc4823,1156420100,60,wap.xuehuiwang.com.cn/*
63a47384786cb44feafb9a30f1fc4823,1156420100,68,wap.negroupedu.org/*
642784bf30cc07219cf5bf28e4cbc377,1156360100,6,wap.xuehuiwang.com.cn/*
642f3c0ce834010b3517193f27d1fc14,1156420100,14,wap.xuehuiwang.com.cn/*
648bb8fbe08f74e7d2752ecb548d7b88,1156421100,58,wap.negroupedu.org/*
64a61eeb355dda331974954978398c37,1156360900,64,mobile.xuehuiwang.com/*
64b2283978fd2ae42bb86849bfd57535,1156360700,42,mobile.xuehuiwang.com/*
64b2283978fd2ae42bb86849bfd57535,1156360700,58,wap.negroupedu.org/*
64d16a40a733ff26510dc2f713db79bb,1156430100,18,m.chucai.com.cn/*
6580497d724e86c43881395ac1cd88ff,1156360100,80,wap.negroupedu.org/*
65b7fe2b74fb9b3875b23260c7189796,1156430900,7,m.qxjyu.com/*
65c3aebf94f9184a245cc249166aba87,1156421000,6,wap.negroupedu.org/*
65cb8ae3250f89d6f253ac8972f92252,1156430300,40,m.bd.s8.zk.hqjy.cn/*
65de1bc26025dad09ee53a61b82abd37,1156420700,1,www.chengkao365.com/*
67110385de650116e5f1084ccbefe00d,1156360100,1,wap.negroupedu.org/*
671ddbc9fc6d29b619270136c8621dac,1156431100,3,mobile.xuehuiwang.com/*
6720607ecd588b3f51a201f305a89516,1156361100,53,wap.negroupedu.org/*
67a8017d80964444e29ebdd89cd44998,1156431100,24,m.chucai.com.cn/*
67abdbca1b97bb1bd66c5068103b276d,1156420100,62,mobile.xuehuiwang.com/*
67c10c05ba6a079c041d4c022008e06f,1156420900,14,mobile.xuehuiwang.com/*
67f56093cfd54e1f2de24ef1adeda038,1156420500,4,wap.xuehuiwang.com.cn/*
67f56093cfd54e1f2de24ef1adeda038,1156420500,32,mobile.xuehuiwang.com/*
67f72c6cb7379c22d886ed1ff583e782,1156430300,1,m.360xkw.com/*
681c7de0c339341fbfe3e4fa73fb7706,1156430700,14,m.bd.s8.zk.hqjy.cn/*
68839b42e0d85ecb3e8570b38b79d220,1156360900,10,m.360xkw.com/*
68cf4f744ea1bb92e4a53ca6a8857f94,1156420100,25,wap.negroupedu.org/*
69242a43d48b3480fc5a2cb14a65904d,1156430100,40,m.bd.s8.zk.hqjy.cn/*
69a86ab72cfc934368250abb0a9b3b83,1156360800,8,m.360xkw.com/*
6a5fa30fd88fa7fedb780c586d0e6a67,1156421500,1,wap.xuehuiwang.com.cn/*
6a61f9ce61be81caf9386cf343ba6de6,1156360700,76,mobile.xuehuiwang.com/*
6a6b47a3663f7054d5971e35f7d19845,1156430400,39,m.bd.s8.zk.hqjy.cn/*
6a73067c4e793d927b715f71d69d179c,1156331000,19,wap.xuehuiwang.com.cn/*
6b345c11955a8bc3835f441a157f3d6a,1156360100,12,wap.negroupedu.org/*
6ccf8b9587f33953ece09febd0612b83,1156440300,17,wap.xuehuiwang.com.cn/*
6ccf8b9587f33953ece09febd0612b83,1156440300,10,mobile.xuehuiwang.com/*
6ccf8b9587f33953ece09febd0612b83,1156440300,51,wap.negroupedu.org/*
6daa45ff0b16901f590b81ba4304b6d7,1156350200,1,m.bd.zh-fkzh.s1.ckzhijiaedu.com/*
6db13576f08e51e9ee85a28468382906,1156431300,40,m.bd.s8.zk.hqjy.cn/*
6db55a9095111ecf5c19ac9a05bb950c,1156361000,1,m.bd.zh-fkzh.s1.ckzhijiaedu.com/*
6ddb6b4d2ca3b2e502588243723ff9e5,1156430600,18,m.chucai.com.cn/*
6df9af389f9fa80e2d50797b7a1dffb4,1156431000,73,wap.negroupedu.org/*
6e0b66a575451b552558a041dc37eae0,1156420100,71,wap.negroupedu.org/*
6e212bfcd575900d641ae172b1711447,1156430100,30,xueli.cseao.cn/*
6ea314ae9cba3ba586287a3dab90d56e,1156421000,68,mobile.xuehuiwang.com/*
6efe707f250e39d1414d0669c1de3759,1156430100,15,m.xl.hncjw.com.cn/*
6f5b57120a1e3803b830270fba117010,1156420900,62,wap.negroupedu.org/*
7012e5d8774686c91d15875b4037d7e9,1156431000,25,m.chucai.com.cn/*
705c826ae89fbc89f2cf6fd578f8a8ce,1156420100,4,mobile.xuehuiwang.com/*
707c1263c2c4359cab7fd0e0418104ec,1156421600,52,wap.xuehuiwang.com.cn/*
70cc2916e0b3ae565c86c4c4e1303cc7,1156420100,102,wap.xuehuiwang.com.cn/*
70cd34816bee64d17f03c9b3b2beafd9,1156430100,73,mobile.xuehuiwang.com/*
70cd34816bee64d17f03c9b3b2beafd9,1156430100,34,m.bd.s8.zk.hqjy.cn/*
70d88f6303e6c95840671fad878f1bd0,1156431000,34,wap.xuehuiwang.com.cn/*
70e7f74ef3fe6cc5aa1c381f069aa600,1156110000,107,wap.xuehuiwang.com.cn/*
70efcbf55c75a05e9be1296d25dc7382,1156120000,73,wap.negroupedu.org/*
7141bc9b6dff4453bebe15deb8924599,1156420100,49,wap.xuehuiwang.com.cn/*
7141bc9b6dff4453bebe15deb8924599,1156420100,67,mobile.xuehuiwang.com/*
71d454d3c0c8e4d1bb406414e5ef5ea9,1156420100,14,wap.xuehuiwang.com.cn/*
72df97ac8c656b00b80894e6016f299a,1156360200,33,web.jxjyedu.net/*
72f8083b64bd1125c9bfda84169348cc,1156360100,9,wap.negroupedu.org/*
7315cf16fe3c3a52ffdb3182fd501be3,1156442000,38,m.bd.s8.zk.hqjy.cn/*
7330200ab02b451bad6a9a3a3ab5f124,1156420900,28,wap.xuehuiwang.com.cn/*
7350677a5e2be391e08b19501412f220,1156420800,45,wap.xuehuiwang.com.cn/*
7350677a5e2be391e08b19501412f220,1156420800,51,mobile.xuehuiwang.com/*
73fc91887248ce604bd454749c301cb8,1156430400,21,m.chucai.com.cn/*
74639b8b3b2fa4a60d40b9fd2a2065df,1156310000,1,wap.negroupedu.org/*
74a5fdaa888c36357781876b78757d92,1156430100,83,mobile.xuehuiwang.com/*
74cd089524d992b6ce2d27309a048022,1156360100,1,web.jxjyedu.net/*
74efc0e68d36b2aa53a94ecb976bc3d9,1156430400,79,wap.xuehuiwang.com.cn/*
74fd6fa05fed8f5495adf6fd8ca29eba,1156430900,50,mobile.xuehuiwang.com/*
7531aa2e3aff3d852465768e7271a2aa,1156430700,66,wap.negroupedu.org/*
753875c55eff7fa1931f57721e9ea19d,1156360100,6,m.360xkw.com/*
755b0636bb22871cad813c5f4f28cb97,1156360400,65,wap.negroupedu.org/*
755d0c2728421aab00e3c03be34e6d8d,1156420100,3,mobile.xuehuiwang.com/*
7671bc05c61cbf49230dfea4de470327,1156431200,25,m.chucai.com.cn/*
770c4bbf69c1f451f517c0cc0956d044,1156360100,84,mobile.xuehuiwang.com/*
770c4bbf69c1f451f517c0cc0956d044,1156360100,77,wap.negroupedu.org/*
770c4bbf69c1f451f517c0cc0956d044,1156360100,2,m.bd.zh-fkzh.s1.ckzhijiaedu.com/*
772db02891e8297af31defe590cb4625,1156430100,69,wap.negroupedu.org/*
7753114d900bd295d00ebf3da97295e0,1156420100,19,wap.negroupedu.org/*
77aca52496923c6254066e7f8425629f,1156360800,64,mobile.xuehuiwang.com/*
782d6bfa9530b98a399ed33cd0a6ae49,1156431000,21,wap.negroupedu.org/*
7852b9a0b1a293cfd86f6ffa12667d03,1156430200,55,wap.xuehuiwang.com.cn/*
7910171093d32c8f7dd282eb94463544,1156360800,2,m.360xkw.com/*
79d585dcacee5de5967a1a5e78059a8a,1156421700,3,m.360xkw.com/*
7a5ff0f104d071cf0de1ce70b88f867e,1156430100,46,mobile.xuehuiwang.com/*
7adea4fa7bf8b6f60a9d70ec8326ccca,1156361100,33,web.jxjyedu.net/*
7afdd23282953db2b20f5e303c25000f,1156431300,18,m.xl.hncjw.com.cn/*
7b9671652e8c2bec4359f57bc71fafd4,1156360700,1,m.360xkw.com/*
7bb97ec36b7f8a0e8df66d9a926ad5c8,1156360900,31,web.jxjyedu.net/*
7bdbac7fcca52eb1a8d708c358156433,1156360400,5,web.jxjyedu.net/*
7c03d450758a76e933b4beb77adfdc0c,1156361100,30,web.jxjyedu.net/*
7c052e5df3dbbd40739dda4f9d3906d6,1156420100,55,wap.xuehuiwang.com.cn/*
7c312a754420a8331f650fdb8cb3821b,1156430200,1,m.chucai.com.cn/*
7c351c5193eeff6e026d4a2eec425753,1156420100,12,m.360xkw.com/*
7c7c7e7f06944af5f560b83fd4fff4a4,1156430900,21,m.chucai.com.cn/*
7caa83d1f2ff952513e52d9d5937db3c,1156430100,1,wap.negroupedu.org/*
7e12121216106609409fb1c0e29075f7,1156360100,1,m.bd.zh-fkzh.s9zjc.hengqiedu.cn/zk-jiangxi-s9/*
7e58fedeca56865a355123f1b1525898,1156430200,69,wap.xuehuiwang.com.cn/*
7ec9db2c9a078d496668b0d22bc5ac8e,1156420100,35,wap.xuehuiwang.com.cn/*
7eedd3e59b94fb02e9b314bd3e2731d6,1156430100,2,m.360xkw.com/*
7ef9cd743ed5b2194eaf15ae67637cb6,1156430500,1,m.bd.zh-fkzh.s1.ckzhijiaedu.com/*
7f03bc4479cb2f10d80b39c29246efe4,1156420100,20,wap.negroupedu.org/*
7f6a8445cc171e4cfeda91dc67bf2dea,1156420100,48,wap.xuehuiwang.com.cn/*
7f6e8d4ef848895bfe362edc8cd9e10d,1156430900,24,m.chucai.com.cn/*
7fabd689292999c9a69037e5e9dabfd8,1156431000,6,m.bd.s8.zk.hqjy.cn/*
7fdecb689c431eb83a37a1ee4ea12872,1156500000,101,wap.xuehuiwang.com.cn/*
803860100551c60cbd1058784a561826,1156421100,1,m.360xkw.com/*
804f25b02974bcb176e65eb10dcbd65d,1156420200,47,mobile.xuehuiwang.com/*
8118e5ee909c8691995d9e965c609bcc,1156360100,43,wap.xuehuiwang.com.cn/*
8118e5ee909c8691995d9e965c609bcc,1156360100,67,mobile.xuehuiwang.com/*
811bf5e187b46caf502d110320d2d9ce,1156430200,77,mobile.xuehuiwang.com/*
81236d2a41757fea2aac68c9e2c8bb15,1156360700,60,mobile.xuehuiwang.com/*
8144e689309b48800990175c76629c57,1156431400,74,mobile.xuehuiwang.com/*
8164d7c03b213f5595f288053204c2a8,1156420100,19,wap.xuehuiwang.com.cn/*
81ba0612cbec7c07822a915f57078ad8,1156421000,69,wap.negroupedu.org/*
8278141f0d9be62bc34ed7b5186af138,1156433100,7,m.chucai.com.cn/*
82aea070c0ffeb1f1aacd42c889ab434,1156420100,8,mobile.xuehuiwang.com/*
82cd138815463d2cf0a001961b7e2807,1156430500,10,ck.hnzikao.net/*
839ed1c423389bc6908e0efee3f1e2ca,1156360100,1,m.bd.zh-fkzh.s1.ckzhijiaedu.com/*
843cde0b89d7bf2eaebec46a94783db2,1156450200,45,mobile.xuehuiwang.com/*
8446656027b1dba58f87d44a45cd5df5,1156420100,1,wap.negroupedu.org/*
844a721b33d92eb6dd88953b113df2d7,1156441900,76,wap.negroupedu.org/*
8458b65e0664b966f613af516c9eaa1d,1156621000,1,m.bd.zh-fkzh.s1.ckzhijiaedu.com/*
84cefa9b124ac89b3720b9e0a46c7c30,1156360100,2,wap.xuehuiwang.com.cn/*
84e809bce9d08b020706b5e295a9df7f,1156431000,28,m.qxjyu.com/*
851d0fb359bc91537c6dedbf4535dd34,1156430900,1,m.bd.s8.zk.hqjy.cn/*
856b7e9922036a49cfcd1223c8cdd41e,1156360400,1,m.360xkw.com/*
85b2e8d8dd46711d7c26e759fde4b477,1156421800,3,wap.negroupedu.org/*
862f4338c17dfa6f151a13552e6fa934,1156431100,30,m.qxjyu.com/*
86baff448c1247a316a366fcd84b8fe6,1156360300,2,m.360xkw.com/*
86e1cb80bbcbad17e2d4f35bf123f8f7,1156420100,1,wap.negroupedu.org/*
86f6576f1c7768594ac0762f46657fc6,1156421500,1,wap.negroupedu.org/*
870abcc415167af02290a9f8ecffe21d,1156360800,57,wap.negroupedu.org/*
87679b49982e5c27b6b1957177c71245,1156430200,1,wap.xuehuiwang.com.cn/*
878ce209f34f274cded6787bddb76420,1156430100,49,mobile.xuehuiwang.com/*
87ac70d7f74fab0570f59ea145f67bbd,1156430100,1,wap.xuehuiwang.com.cn/*
87afe5eb5b57b55c8fb6ca1d503ad83d,1156431300,2,m.bd.s8.zk.hqjy.cn/*
87ce7342f1a4594fea16429624f9ceea,1156130900,1,mobile.xuehuiwang.com/*
87d0e24814f8dbab57e9895a0635ca29,1156420900,38,wap.xuehuiwang.com.cn/*
87d0e24814f8dbab57e9895a0635ca29,1156420900,50,mobile.xuehuiwang.com/*
87d0e24814f8dbab57e9895a0635ca29,1156420900,15,wap.negroupedu.org/*
87e406ee8ef028e4dc2b1c111d18b271,1156420100,11,m.360xkw.com/*
87fde96fa5ebf018aaa9f1b9d5208b41,1156420100,1,mobile.xuehuiwang.com/*
8817436e7994db343a43f55e0ed97873,1156341500,2,mobile.xuehuiwang.com/*
8873d2283e472a7ec15f57711e0183a6,1156420100,1,wap.negroupedu.org/*
88f457e9030a79dd240be00d266b3bc3,1156421100,6,wap.negroupedu.org/*
890608afc9adac42bcf81033f2f291bc,1156420100,46,sys.jtjyc.com.cn/hubyd/*
892184b539d2a9d69ab7c72144900067,1156431200,8,m.bd.s8.zk.hqjy.cn/*
89549e2883914169dcfbe928572c490b,1156420100,1,wap.negroupedu.org/*
8959fea83ac1a62bd9e3693f5925e624,1156421000,24,mobile.xuehuiwang.com/*
896a30aa78ddc4e3f72d1c433c511e7f,1156420100,46,mobile.xuehuiwang.com/*
89e12093eaa5bca5a8d8ac286eda3a76,1156360800,1,mobile.xuehuiwang.com/*
89e2c9c7b08d3bb45ff5a05c6bd1ee80,1156360100,63,wap.negroupedu.org/*
8acb95abd6c9de31b71e53be516dcc7b,1156360100,74,wap.negroupedu.org/*
8ade364367f367c771d2ca128c39261a,1156420100,1,m.360xkw.com/*
8b0b23aa3d96c252d90bb6dcc90ae470,1156360900,1,m.bd.zh-fkzh.s1.ckzhijiaedu.com/*
8b35af565dad8d40d3496555599c8ae3,1156420100,23,www.xuelihb.com/wap/*
8b44475fa31c2e5b7768bbba528b8dcb,1156320100,6,m.360xkw.com/*
8be1456bb2b45f9a0d97addcc223ccde,1156421800,6,mobile.xuehuiwang.com/*
8c39d6a88b43c7c1dc04ad0d1a053828,1156420900,1,wap.xuehuiwang.com.cn/*
8c42a7f9a23a78b3512e0c5fdfdedb71,1156430100,20,m.chucai.com.cn/*
8d1754b60f8806ad294c0f75d30715ec,1156360400,67,mobile.xuehuiwang.com/*
8d51abb02d9d6253489fb81858d8c756,1156420100,69,wap.xuehuiwang.com.cn/*
8e685766b0f8f692af55047f53a8daec,1156360100,65,wap.negroupedu.org/*
8e7dc40e6e1c5234f3460e0264fb5d82,1156420100,22,wap.xuehuiwang.com.cn/*
8ecf9bf4c3a470b96bc1dff5c18fc883,1156430200,39,m.bd.s8.zk.hqjy.cn/*
8eea6f962e5d9a01a8f2ed8d39dd132f,1156420900,59,wap.xuehuiwang.com.cn/*
8eea6f962e5d9a01a8f2ed8d39dd132f,1156420900,47,mobile.xuehuiwang.com/*
8f07e6c73a2b6564388045f1bf9806dd,1156360100,1,m.360xkw.com/*
8f263eeff0465a3d2af56e210b871afa,1156430100,101,wap.xuehuiwang.com.cn/*
8f3862baa2f50003abd01965363a51c1,1156420200,64,wap.negroupedu.org/*
8f9c8b0843e29bb19f0964448d0f0156,1156431100,67,mobile.xuehuiwang.com/*
8fd4d6b74c971161e5a587a645037f34,1156431400,24,m.chucai.com.cn/*
904c523e9c067b1f6ba07881f6f5df08,1156422800,47,mobile.xuehuiwang.com/*
90568805af135967c5f63f1382f9697a,1156420100,1,mobile.xuehuiwang.com/*
9078833eb7e4b29211277b06abbe7986,1156430100,2,xueli.cseao.cn/*
90cefe7c539908864aa96fe68ff6e34c,1156420100,59,mobile.xuehuiwang.com/*
90d2a5a8904ed940889d2cc1a4be8a2f,1156430400,45,wap.negroupedu.org/*
90d2a5a8904ed940889d2cc1a4be8a2f,1156430400,1,m.bd.zh-fkzh.s9zjc.hqjy.cn/zk-jiangxi-s9/*
9192295634cfe0492d9273f008c7ba4f,1156431000,24,m.bd.s8.zk.hqjy.cn/*
92462d01dca15fbbdee80cd57bc1e5c1,1156360400,1,m.bd.zh-fkzh.s1.ckzhijiaedu.com/*
9268fbb2d10f605a4c43be7cb465abb0,1156420100,24,wap.xuehuiwang.com.cn/*
92e4efd8bc5bf1a3ac54a7b1c8b6192c,1156431100,1,m.bd.s8.zk.hqjy.cn/*
92f1da71504d175ced548726906b40d1,1156360700,77,wap.xuehuiwang.com.cn/*
932c6eaa2242045d151f1a4799e3c7b1,1156360100,54,mobile.xuehuiwang.com/*
939eb0a7511c20e68f057f22aee7c5cb,1156360700,10,m.360xkw.com/*
93cb4d014237d045979aecb27d629ea4,1156430400,78,mobile.xuehuiwang.com/*
93cb4d014237d045979aecb27d629ea4,1156430400,62,wap.negroupedu.org/*
93cee41f4253e1ec941556ed167874d5,1156360800,8,m.360xkw.com/*
946f11432e768b88c0eb220386f4e740,1156522400,59,mobile.xuehuiwang.com/*
94c89399ad1fabe037e1eec5341396eb,1156430400,63,mobile.xuehuiwang.com/*
95d334ddd980a2f334d5fc498e081f30,1156360700,29,web.jxjyedu.net/*
95d334ddd980a2f334d5fc498e081f30,1156360700,1,m.bd.zh-fkzh.s9zjc.hqjy.cn/zk-jiangxi-s9/*
95fb9391b2583bb3be2c71790bba6358,1156421800,39,wap.xuehuiwang.com.cn/*
964986ac50b4277ce24279d50a225715,1156431100,69,wap.xuehuiwang.com.cn/*
9672ce122da86e295d3729d53d259952,1156420300,1,wap.negroupedu.org/*
9674c00161d5b3364f62278fee85c569,1156430100,9,m.xl.hncjw.com.cn/*
972c63c94f3f57828a9e2963e05f2ac1,1156410100,9,wap.xuehuiwang.com.cn/*
975132addc169382338d6851ed4ec0e1,1156421200,1,wap.negroupedu.org/*
988adf5f101ad14eeefdc26c0bf04b49,1156420100,53,mobile.xuehuiwang.com/*
98abb8b80f9ab745c28d3f8d95459674,1156360100,49,wap.xuehuiwang.com.cn/*
98abb8b80f9ab745c28d3f8d95459674,1156360100,84,mobile.xuehuiwang.com/*
98abb8b80f9ab745c28d3f8d95459674,1156360100,1,web.jxjyedu.net/*
98abb8b80f9ab745c28d3f8d95459674,1156360100,3,m.bd.zh-fkzh.s1.ckzhijiaedu.com/*
98d14dadb2f9807604c48c0ae91382b9,1156360700,15,web.jxjyedu.net/*
98d925297a13cd4852f1ead38bf48565,1156421300,11,wap.negroupedu.org/*
98da77e56f9273ce34215fbc4414f7da,1156430700,36,m.bd.s8.zk.hqjy.cn/*
98f0c6ce00fb36c8866405d332a4178b,1156420100,77,mobile.xuehuiwang.com/*
991d8a3660961e33a494a6be44342636,1156420100,23,www.xuelihb.com/wap/*
9929964d63b931b99485b56bffae7b61,1156451200,32,web.jxjyedu.net/*
99c6866981ca44925f608e115a13799d,1156420900,1,mobile.xuehuiwang.com/*
9a2750460e061a5f223310058a528817,1156360200,53,wap.xuehuiwang.com.cn/*
9a3646a0bea2d24b35ef6eb8f5d53d54,1156361100,76,mobile.xuehuiwang.com/*
9a417966cf4a86eeb4da1cabf908105f,1156430500,55,wap.negroupedu.org/*
9a4c27ea44dea054ae21896209f5bc75,1156410300,1,m.bd.s8.zk.hqjy.cn/*
9acf89489e8af6872a05a73a99d4c670,1156420200,40,wap.negroupedu.org/*
9ad69761f3b89629549db9046c931a9e,1156420100,29,wap.xuehuiwang.com.cn/*
9ae1478c340cdfe5addf8c48070e4d52,1156421800,51,wap.xuehuiwang.com.cn/*
9af0d5c47b661718a02c10ae335402d7,1156430100,49,mobile.xuehuiwang.com/*
9b34c54f13b0560fb6d9b513a1787b86,1156361000,1,m.360xkw.com/*
9b45fcd86361ce17c889db272face64f,1156430100,29,m.bd.s8.zk.hqjy.cn/*
9b8aa1554c0e9138af440fa11e5f4fa9,1156430100,40,m.bd.s8.zk.hqjy.cn/*
9bb5a70b815209bfe9b6a209dc17d7b5,1156430700,1,xueli.cseao.cn/*
9bd3ac3264a69b469d74b796b00e0997,1156421800,47,wap.negroupedu.org/*
9c32e5d7775d41febb0875519131a92c,1156421800,1,wap.negroupedu.org/*
9c58fd983dc15a882b673042985539be,1156431300,39,m.bd.s8.zk.hqjy.cn/*
9c58fd983dc15a882b673042985539be,1156431300,31,ck.hnzikao.net/*
9c9fa12c9a13288c117635da1756e26f,1156430100,77,mobile.xuehuiwang.com/*
9cbf2eacf550433562cf1d7f6f5b1985,1156420100,7,wap.xuehuiwang.com.cn/*
9cc83238ff31b3d9d0c76e6ea3d5028a,1156360500,83,mobile.xuehuiwang.com/*
9d1d3ed74c3056c0d26ef18d190c95ff,1156450300,40,m.bd.s8.zk.hqjy.cn/*
9d29eccc73e621aae08894096ed5d103,1156430900,36,wap.negroupedu.org/*
9d826ff1a47a8f5248495829d07603b3,1156430100,69,wap.xuehuiwang.com.cn/*
9da6ba95b67180d5c964e813710e263f,1156440300,10,wap.negroupedu.org/*
9dd764e39c92ec19e1c9a6197cf0d338,1156330100,21,wap.xuehuiwang.com.cn/*
9df20589a909a989181e90f47a74ca77,1156420100,47,wap.xuehuiwang.com.cn/*
9df20589a909a989181e90f47a74ca77,1156420100,73,mobile.xuehuiwang.com/*
9e0630b29c681fe2ef82ecbc0f6ddcc0,1156360700,31,web.jxjyedu.net/*
9ec346bf7801f32a2bcc78f739ee523f,1156420100,5,wap.negroupedu.org/*
9f19dd06587a3f24850e3784e1d3f5d9,1156430400,40,m.bd.s8.zk.hqjy.cn/*
9f2eef6c0a9a4b0ac21ac1c51d3bde3c,1156420300,6,m.360xkw.com/*
9f518413bb1c4020d3d84b0293d2254c,1156431000,60,wap.xuehuiwang.com.cn/*
a00d151280b9bb01ead047a1227c57de,1156420100,1,mobile.xuehuiwang.com/*
a04ed6c3919f0a7b233e3c62cc5881de,1156522400,7,m.360xkw.com/*
a076688eadb9ed8da586caef3a80c4bc,1156440100,84,xueli.cseao.cn/*
a0769cebca9cfaec7c2a7d80b5345226,1156430200,30,wap.negroupedu.org/*
a07d30111229d71c0c1e91fe7ac7ce8f,1156360100,106,wap.xuehuiwang.com.cn/*
a07d30111229d71c0c1e91fe7ac7ce8f,1156360100,74,wap.negroupedu.org/*
a0b3a8ad9c2f44c1694620d73ab818f7,1156431000,1,m.bd.s8.zk.hqjy.cn/*
a220ef1a725cea780d7a1b4a4df26942,1156420800,56,wap.xuehuiwang.com.cn/*
a220ef1a725cea780d7a1b4a4df26942,1156420800,40,mobile.xuehuiwang.com/*
a2a1dd798c649d8525fa26a58b442da6,1156420100,5,wap.negroupedu.org/*
a2b85a1924bd12c067dd220c6fa7acbe,1156430100,1,wap.negroupedu.org/*
a33e9274c025691bb649f80f814d93b6,1156360400,48,mobile.xuehuiwang.com/*
a34debeabd54a42d34aeef746ae1b494,1156420500,11,wap.xuehuiwang.com.cn/*
a38b29bc8db67b2a54bdcd707503607c,1156430900,17,www.ahxzledu.com/*
a3a1c437548c0a9482a6b9b2c01c5b36,1156430600,59,wap.negroupedu.org/*
a3d2d240914ba6e1eca8193f73e026f3,1156420800,10,mobile.xuehuiwang.com/*
a3fd97aae8f9fd4e4c2a37915c9164e6,1156320300,61,mobile.xuehuiwang.com/*
a4992341dff0e4d03706b92323cb77f1,1156653100,42,m.chucai.com.cn/*
a54e9be210fa512b54bd915297501865,1156430100,20,www.ahxzledu.com/*
a56e2f110fd40e16b4ea6d44bd4232ab,1156430400,14,m.chucai.com.cn/*
a5a93a25cf07cb900c164de30cfae286,1156420200,11,wap.negroupedu.org/*
a6593679e942cb2b6ad3c957c2b6f771,1156420100,51,mobile.xuehuiwang.com/*
a6cc85b086a102343143a6179473975e,1156360100,11,www.zdhlzx.cn/cjh/xueli/ncwap/*
a6cc85b086a102343143a6179473975e,1156360100,1,m.bd.zh-fkzh.s1.ckzhijiaedu.com/*
a72416bfb70fc69dd82cacb91fb20c49,1156360100,1,web.jxjyedu.net/*
a745f06fe8b2d9521824c7671c7280c0,1156420100,62,mobile.xuehuiwang.com/*
a7918d60d4ca26bb576badc4df22156a,1156360100,2,m.360xkw.com/*
a7d5c94b1a5092315fd61ffe83405cc8,1156360100,4,m.360xkw.com/*
a809a870d6c4fc451509af664359ae20,1156430700,25,sm.gdmszxedu.com/wgxqg/*
a85b5014e58f77584ba1667c8d9b553d,1156360700,71,mobile.xuehuiwang.com/*
a8fbd36327b57cbc27cf60e312a4651f,1156431200,20,xueli.cseao.cn/*
a993f0d974ed0fe23eb0307ed8377f8e,1156420200,5,wap.negroupedu.org/*
a9c147e5627b51d84fb15c323ab212c6,1156430100,38,m.bd.s8.zk.hqjy.cn/*
aa2eeb38d147a790a74fceb1077832c7,1156360800,16,m.360xkw.com/*
aa80affc7af1178998f1dec3275492ed,1156360800,31,web.jxjyedu.net/*
aa963e1964564dfc64a1aea5e6e5f4eb,1156360400,46,web.jxjyedu.net/*
ab7897e272919fa1facc92346a368b29,1156360200,11,m.360xkw.com/*
ab8ebb1acfef8dee084c324eedd775d3,1156360800,8,m.360xkw.com/*
ace65943aaa5826b03b75b9ca8e51e06,1156360100,76,wap.xuehuiwang.com.cn/*
ace65943aaa5826b03b75b9ca8e51e06,1156360100,2,mobile.xuehuiwang.com/*
acf625f438d899c3aa2f20bfd7f85c52,1156360100,36,wap.xuehuiwang.com.cn/*
acf625f438d899c3aa2f20bfd7f85c52,1156360100,77,mobile.xuehuiwang.com/*
acff1e9f14d8105e98dc18ebaba37149,1156360800,24,web.jxjyedu.net/*
acff1e9f14d8105e98dc18ebaba37149,1156360800,1,m.360xkw.com/*
ad063a0acce9669a00f049e45e180985,1156420500,1,wap.negroupedu.org/*
ad26addd15c82a28ce292cae46738e1a,1156431000,39,m.bd.s8.zk.hqjy.cn/*
aee34fbbf103b6c8e1e29c06e0060af1,1156431300,22,m.chucai.com.cn/*
aef268276685aa2a79dc3934f46aa746,1156421800,18,mobile.xuehuiwang.com/*
af6ac05b12ff26a414bfe43d9b0cba61,1156360700,1,mobile.xuehuiwang.com/*
af6ac05b12ff26a414bfe43d9b0cba61,1156360700,1,web.jxjyedu.net/*
af7ca67bfc91b7f235266440c87c96e8,1156360100,2,m.bd.zh-fkzh.s9zjc.hengqiedu.cn/zk-jiangxi-s9/*
afaed3244e736524323dee606895c4a1,1156420500,1,wap.negroupedu.org/*
afd9296676f299f3f7eb7df9a93ebeb1,1156421300,54,mobile.xuehuiwang.com/*
afdef2a07da5c5d1210072031d8625c5,1156430100,99,wap.xuehuiwang.com.cn/*
b04fb9b9c097a585afa7fdde615e4286,1156421200,61,wap.xuehuiwang.com.cn/*
b076aab71081ba8ee3c8ffe961e4788a,1156430200,39,m.bd.s8.zk.hqjy.cn/*
b08a2c89d97c522bcc6897ba52b07bae,1156350200,2,wap.xuehuiwang.com.cn/*
b0edba4278d393fd61807f4f02fc123a,1156420100,65,wap.negroupedu.org/*
b11e37eb194ccd7c9a79bbda1a74e48d,1156430600,38,m.bd.s8.zk.hqjy.cn/*
b1419106f62b0b04b04fa39036397ca3,1156421000,47,mobile.xuehuiwang.com/*
b1cf2839d6c6e984be93f6b321e0da91,1156421000,29,m.360xkw.com/*
b29258d5aca78a704d7d476d724744b6,1156210200,58,wap.negroupedu.org/*
b2de7fd55b19280607446f906e361ee1,1156410100,2,m.360xkw.com/*
b3163daef497d5047164d3ecafd452ae,1156330100,72,mobile.xuehuiwang.com/*
b3163daef497d5047164d3ecafd452ae,1156330100,67,wap.negroupedu.org/*
b3a14fab3d8b0b3d53ba57bf1ddcdfdc,1156430100,37,m.bd.s8.zk.hqjy.cn/*
b3de73d17ad6f39f3a24eaad344b92db,1156420100,68,mobile.xuehuiwang.com/*
b3e1555052256452fcedaf1ccb4062bc,1156430100,17,m.xl.hncjw.com.cn/*
b3faeead295ac370f9951852bba25bf6,1156420100,54,wap.negroupedu.org/*
b3faeead295ac370f9951852bba25bf6,1156420100,9,sys.jtjyc.com.cn/hubyd/*
b3faeead295ac370f9951852bba25bf6,1156420100,1,sm.zh-fkzh.s10.hengqiedu.cn/HJ-hubei-ZX-YD01.html*
b4080498a60da9db7e3e661ad89a21ec,1156421800,1,m.360xkw.com/*
b4420f2e57ec9d31fc16169d0144e4bb,1156430700,38,m.bd.s8.zk.hqjy.cn/*
b46531241df4401384ccf87b97484724,1156430100,77,wap.negroupedu.org/*
b4b366ee458caf4897001ca4a0853df3,1156430100,32,wap.negroupedu.org/*
b4df818856260b50629145e945e3024b,1156420100,3,m.360xkw.com/*
b4f5a4a87c8eb4306ce33ced508c7345,1156360100,6,m.360xkw.com/*
b5b5bad8f4ec99c5132828a298d8b5e4,1156420100,1,wap.negroupedu.org/*
b60d20ea63dcad68be46f38b3b627d03,1156431100,31,wap.negroupedu.org/*
b63841dd63ae64d3224007a931cf2bfe,1156360700,31,web.jxjyedu.net/*
b6a1ab02ba6ec239b09c38afde7da493,1156420900,3,wap.xuehuiwang.com.cn/*
b6b4c0b548d1c49f14ac105498dbb48a,1156360400,56,wap.xuehuiwang.com.cn/*
b6b4c0b548d1c49f14ac105498dbb48a,1156360400,111,mobile.xuehuiwang.com/*
b6b4c0b548d1c49f14ac105498dbb48a,1156360400,60,wap.negroupedu.org/*
b6b4c0b548d1c49f14ac105498dbb48a,1156360400,1,m.bd.zh-fkzh.s9zjc.hqjy.cn/zk-jiangxi-s9/*
b6b4c0b548d1c49f14ac105498dbb48a,1156360400,4,m.bd.zh-fkzh.s1.ckzhijiaedu.com/*
b6b4c0b548d1c49f14ac105498dbb48a,1156360400,2,m.bd.zh-fkzh.s9zjc.hengqiedu.cn/zk-jiangxi-s9/*
b6f6f81b8f13c36096592c5a956fb9d6,1156360400,25,web.jxjyedu.net/*
b744b850129a83eb7bc8b7d39079f678,1156431200,44,wap.negroupedu.org/*
b75c3fe5dbb894d0867d90dadac4cd2d,1156430100,70,wap.negroupedu.org/*
b7abc51cd04b3bbca8145154bcde347f,1156360200,1,mobile.xuehuiwang.com/*
b7bb0d116d4e5ea7ea1a9470b40b9f28,1156430700,39,m.bd.s8.zk.hqjy.cn/*
b820a00ea32257dab5ddb3ea4cdd760e,1156430500,53,wap.negroupedu.org/*
b8694d2d4658761d26c7f084947b89f6,1156431300,5,wap.xuehuiwang.com.cn/*
b8694d2d4658761d26c7f084947b89f6,1156431300,82,mobile.xuehuiwang.com/*
b8f7bbe6dbff9d8641d30d3a94091565,1156420100,50,mobile.xuehuiwang.com/*
b92962b3f67c05630a9921d4d4bf25b2,1156420100,6,mobile.xuehuiwang.com/*
b93cd7ce0884b1bc442606310035993e,1156360700,71,mobile.xuehuiwang.com/*
b956930205c9f051d1d46134a506fee1,1156360100,12,m.360xkw.com/*
ba3e7ff7f947a9a75b80dfc12e0031ef,1156430100,2,wap.negroupedu.org/*
ba48044eaf53b7fe1cf2d0d59117e1f1,1156430300,1,m.chucai.com.cn/*
ba488835faf2eeeb7f46eff6293f3733,1156431100,1,wap.xuehuiwang.com.cn/*
ba4affeaf1487238633014ade8674b9f,1156130600,47,wap.xuehuiwang.com.cn/*
ba69c1bdd3830011f8e3496a7744631f,1156360600,1,m.bd.zh-fkzh.s1.ckzhijiaedu.com/*
ba7a16718b8092cb75931618e85386f3,1156430900,74,wap.xuehuiwang.com.cn/*
bb2b3ec6032f99d42db46d0eefcf50d8,1156430900,16,www.ahxzledu.com/*
bb62e080e679db8a32322fc76402d159,1156360100,24,sm.gdmszxedu.com/wgxqg/*
bb9f9a1314e2872be470fd2409b25fab,1156360700,1,web.jxjyedu.net/*
bbc895ce4801d360d402f363217e363b,1156420100,12,wap.xuehuiwang.com.cn/*
bbedda7042da6dbaf25739c9a55592ff,1156421000,51,wap.negroupedu.org/*
bc05ece731f424dc7554c0ec1094f9f1,1156431000,46,xueli.cseao.cn/*
bc0e987ec69c9659289348bb6eb0b5f5,1156360200,7,m.360xkw.com/*
bc15d47957c1e81805ba5b5d4bcfca45,1156360100,27,wap.negroupedu.org/*
bccabfa15ff50495d79b274afa40431a,1156420100,10,mobile.xuehuiwang.com/*
bd8e252f472ac4ed6471a117d65ea342,1156360100,55,wap.xuehuiwang.com.cn/*
bdd901b5b6d63f39c6c45c7759d91625,1156420800,1,wap.negroupedu.org/*
bdf6ef0a44eca33cc52ed7428afa9ec7,1156440100,19,m.bd.s8.zk.hqjy.cn/*
be712d372e34105037a49aa177a15a19,1156361100,1,wap.xuehuiwang.com.cn/*
beb1ef574833f5ae3978caee6d994681,1156420100,54,mobile.xuehuiwang.com/*
bfe4260342a733e5345536ff9bb7aa86,1156420100,2,wap.xuehuiwang.com.cn/*
c070c2758ce4ab5b4df0228e519eac3f,1156430400,1,m.bd.s8.zk.hqjy.cn/*
c08058deaa13e8321d14582c0ea669eb,1156420100,1,mobile.xuehuiwang.com/*
c1e6ed5544dc2983dd1888feb97d85e2,1156360400,7,web.jxjyedu.net/*
c1f1f002a0111ce393234e53d43fd1f3,1156360100,2,m.360xkw.com/*
c261770299d3438cf4a1f89c2778e026,1156430800,1,m.bd.s8.zk.hqjy.cn/*
c3a54cd1c94270a165db90630965d8a1,1156360700,77,wap.negroupedu.org/*
c3ca50314a995cae4975aa2d012330cc,1156420100,69,wap.xuehuiwang.com.cn/*
c3ca50314a995cae4975aa2d012330cc,1156420100,64,wap.negroupedu.org/*
c3e3a7c5850cd514d9a95f4ea9cc5c01,1156360300,46,wap.xuehuiwang.com.cn/*
c3e3a7c5850cd514d9a95f4ea9cc5c01,1156360300,62,mobile.xuehuiwang.com/*
c4100cd495d52e63f620532b06fe400d,1156430100,3,m.360xkw.com/*
c430d0d5c42282bacaa3c9a40f233cfa,1156430500,16,www.ahxzledu.com/*
c4432a241b861e424bd72e9cee82bbdc,1156421100,32,mobile.xuehuiwang.com/*
c46c48ba03950834ef8d0534711d87df,1156430600,64,mobile.xuehuiwang.com/*
c48caed1e61e6fc6916fbec55b8a4584,1156421100,69,mobile.xuehuiwang.com/*
c48caed1e61e6fc6916fbec55b8a4584,1156421100,2,wap.negroupedu.org/*
c4b208404db327d5ca8671e746868c80,1156420100,4,mobile.xuehuiwang.com/*
c52f59e3d4a47dd50d1f19f40ca0e817,1156420100,57,mobile.xuehuiwang.com/*
c5a285b95766515c6f6418432128e33a,1156360100,80,wap.negroupedu.org/*
c5e444e644a442d46d94172e210154fc,1156420100,1,m.sm.s6.hubei.hengqiedu.cn/yd-hubei-zh003.html*
c61aa9606c979adca0d68f37df21dbfb,1156420100,67,wap.negroupedu.org/*
c66e9b46b89e993656ce9d60e568ef25,1156421800,69,mobile.xuehuiwang.com/*
c6b8d761c0da947af0ed149532eb0d7f,1156430100,23,mobile.xuehuiwang.com/*
c6d8dea97da9320c2774356f9d0734e5,1156421300,71,wap.negroupedu.org/*
c7718f6a50bd65f966e04266d6380e1f,1156360700,48,wap.xuehuiwang.com.cn/*
c78995c8675f4678802c5bc5c23a06b7,1156421000,6,m.360xkw.com/*
c7f91083d8e92bcfa1392770fd7ee385,1156420100,32,mobile.xuehuiwang.com/*
c8860ac724c3625026e5de3ed8c2199c,1156420100,58,wap.xuehuiwang.com.cn/*
c8aacd623e7e333877b6a962db36adcf,1156610800,30,mobile.xuehuiwang.com/*
c8aacd623e7e333877b6a962db36adcf,1156610800,62,wap.negroupedu.org/*
c8e30364dc99749f79ceb7ffe7d52ec3,1156420100,68,wap.negroupedu.org/*
c934e452e813cf7d9f4344173f9d18bc,1156360900,1,m.bd.zh-fkzh.s1.ckzhijiaedu.com/*
c959a9b00fe9c23e844550030ccee942,1156430100,110,mobile.xuehuiwang.com/*
c959a9b00fe9c23e844550030ccee942,1156430100,1,wap.negroupedu.org/*
c9c8fe34adc96907380881f64120656d,1156431200,39,m.bd.s8.zk.hqjy.cn/*
c9d7a55ab319f7c86c8741d7d1970a44,1156361000,1,wap.negroupedu.org/*
ca74e0053c0deef1d31bf4e38901d558,1156360400,9,m.360xkw.com/*
ca74e5e218e1052732fa92ed676a5985,1156361000,2,m.360xkw.com/*
cadc134cdd7897b22a5af70bb02facb5,1156361000,1,m.bd.zh-fkzh.s9zjc.hengqiedu.cn/zk-jiangxi-s9/*
caf0f552a26a24060468fd821893b12d,1156421000,71,mobile.xuehuiwang.com/*
cafd1d8b15ab067b410cd162cf3b41d9,1156430100,57,wap.xuehuiwang.com.cn/*
cafd1d8b15ab067b410cd162cf3b41d9,1156430100,67,mobile.xuehuiwang.com/*
cb2873d1a40e2f426f3337c93c1319ee,1156360700,28,web.jxjyedu.net/*
cbb2f22df352ff3648de4059bc472356,1156430100,1,m.qxjyu.com/*
cbc449441fcb7472341d5197b93e0726,1156431000,17,m.chucai.com.cn/*
cc36ce861c741f2e38cdec94a51e7fe9,1156430700,64,wap.negroupedu.org/*
cc5903be036ca4d1e54f93f7503df2e8,1156360100,57,wap.xuehuiwang.com.cn/*
cc7c88a379d3e53957f81939567a9e8f,1156440100,17,mobile.xuehuiwang.com/*
cc7e4d84bb34a62870e7c11619a34ffb,1156430600,18,m.chucai.com.cn/*
cc9559bb9ba6301bc7e3ee6c8170d338,1156360300,2,m.360xkw.com/*
ccb9abfaeedcf395cfa6ef2b4c7825f3,1156430200,93,wap.xuehuiwang.com.cn/*
ccbfb1452115271d3d0686528a04ccc4,1156420100,56,www.chengkao365.com/*
cd68000354bc41ab20fce866e1139588,1156430200,5,m.chucai.com.cn/*
cdbc8627b7192e0c889c4f6318e3babd,1156420300,1,mobile.xuehuiwang.com/*
cdbcae99473526360fa4cbe0288cdab3,1156420100,30,wap.xuehuiwang.com.cn/*
cdbcae99473526360fa4cbe0288cdab3,1156420100,3,mobile.xuehuiwang.com/*
cec95bf1f2a03c1d8e46ef4824436f75,1156360400,2,m.360xkw.com/*
cf4f39f181598a58ba4bfc495daccad3,1156430600,10,ck.hnzikao.net/*
cf5554d86432f89f1f8d1f20c47b57c4,1156360100,1,web.jxjyedu.net/*
d05ece2420bb01196e59d8302a18277f,1156430900,31,m.qxjyu.com/*
d0eb33a6584976af8bd2ad26938d0faa,1156420100,10,m.360xkw.com/*
d0ef85f31b6564fc8ef19658b9ab8b10,1156421100,32,wap.negroupedu.org/*
d16c9d01e4ac3b98743d7b6c9d82ba4c,1156420100,1,wap.negroupedu.org/*
d1dbf61b6b1f7abd884b3d6996eaae56,1156420300,68,mobile.xuehuiwang.com/*
d2689def43f5397a693974aa990593cb,1156431200,14,wap.negroupedu.org/*
d2c3ccf8b42f8e9a445acc2cd18dc162,1156420500,5,wap.negroupedu.org/*
d30982e68fb846072712e0067bdcb986,1156431000,81,wap.negroupedu.org/*
d318d7ebce869a95340bf19a7a49740b,1156420900,41,wap.negroupedu.org/*
d32ec2291da765856fe5f2c0c941ce3f,1156430100,1,wap.xuehuiwang.com.cn/*
d3636a7321e1a0773a69f7064575a540,1156361000,1,mobile.xuehuiwang.com/*
d37aecf2b7543d45fe7516e025aa3ebb,1156431400,1,wap.xuehuiwang.com.cn/*
d40e6bc7c3e390b80108b039fcb672b3,1156430300,1,m.bd.s8.zk.hqjy.cn/*
d442b01d13136b42a296945b73c9d16f,1156430700,75,wap.negroupedu.org/*
d4431e8d530377aafac575d322ff532e,1156360900,1,m.bd.zh-fkzh.s1.ckzhijiaedu.com/*
d4c91586800f33d688abb7fb65c81f56,1156430400,14,m.chucai.com.cn/*
d4d81deec9a4c7cbdc073ed15d95164e,1156420100,6,mobile.xuehuiwang.com/*
d551b929c9a367edc403b57aaa485afe,1156360100,1,mobile.xuehuiwang.com/*
d5b539af77c97e9b47860593fad0f225,1156361000,38,web.jxjyedu.net/*
d5e6da0dfe31dad74f891c1b2c980270,1156330700,8,m.360xkw.com/*
d60d5bb61dbda5a379423d7a0a651fe8,1156610700,133,wap.negroupedu.org/*
d62a29fd50a8add66967b1bff368a076,1156421100,53,wap.negroupedu.org/*
d6477a766f97ee3c94b3d852539bc801,1156360100,17,mobile.xuehuiwang.com/*
d64b02e3d393eae338f91dbe28842367,1156421200,63,wap.xuehuiwang.com.cn/*
d6542a6ede0b0eadf3b2f4f8b7b97159,1156361100,22,web.jxjyedu.net/*
d6a336f8472e8af5607003ca04a3fd41,1156420100,8,wap.xuehuiwang.com.cn/*
d6ab99a6fc5172ef8f58b4e38fe72c8f,1156420100,10,mobile.xuehuiwang.com/*
d76bc38b7726a97c03c6cf1e269108cf,1156431400,48,mobile.xuehuiwang.com/*
d7769a3675eb5a0aca7a639770b7c149,1156430100,2,mobile.xuehuiwang.com/*
d7a594bba498b75a53fb771a1edd80a5,1156420200,61,mobile.xuehuiwang.com/*
d7adcc2a7cace025173f0c6d0eaa1f38,1156420900,1,www.chengkao365.com/*
d7b4e1cf7cf078e65c578183d395a98f,1156421000,68,wap.negroupedu.org/*
d7e30fb8dcd313154c61f3acada7e138,1156430500,11,jhx.feixiao68.cn/*
d8164e41d6944b1365d337389edc84c8,1156420100,58,m.360xkw.com/*
d86801ad9ccb0dfe229f904a5aa8212a,1156360400,31,web.jxjyedu.net/*
d9136652eee544bcdf87b88d33cb8b15,1156430400,77,mobile.xuehuiwang.com/*
d95a1a2687ba958cb4f1926321519c8b,1156421700,27,wap.xuehuiwang.com.cn/*
da199137a663f0c8badeb90e08611aff,1156420100,9,wap.negroupedu.org/*
da4e62c4da36cbd190576b8892beb9ab,1156431300,39,m.bd.s8.zk.hqjy.cn/*
da634404255673126be55581e5593866,1156360100,3,m.360xkw.com/*
da8adfac541580fb5f32722590915022,1156360800,2,m.360xkw.com/*
dabf541da1b7a7614cda862ed753cd2a,1156431300,17,m.chucai.com.cn/*
dafad662ba4d92f824f63141fd8405d4,1156431400,80,wap.negroupedu.org/*
db41ef944af1e03d6d068812923a23cf,1156360600,28,mobile.xuehuiwang.com/*
dbfbc00916b0dc32d237b7cc66804c30,1156360100,1,wap.negroupedu.org/*
dc0dc4cb162fb230738567d8592f7f5e,1156360400,73,mobile.xuehuiwang.com/*
dc391af479148e3db627aa4c99d25f55,1156420100,6,wap.negroupedu.org/*
dc6db3649945dbeda121fc5129ecb32d,1156421000,3,m.360xkw.com/*
dcd7203600fc1c8ebeaeb5d9b02ee3a5,1156420100,6,sys.jtjyc.com.cn/hubyd/*
dd01286f30538c67ef2beb2bdbbefc61,1156421000,1,sm.zh-fkzh.s10.hengqiedu.cn/HJ-hubei-ZX-YD01.html*
dd2753c789cca06a982593c022210321,1156431400,65,wap.xuehuiwang.com.cn/*
dd2753c789cca06a982593c022210321,1156431400,73,wap.negroupedu.org/*
dd3aaf9b78266b8eb8fc5aabb51f7a68,1156360800,110,wap.negroupedu.org/*
ddcb4b98002d47b27d5bc23f38a47138,1156420100,6,wap.xuehuiwang.com.cn/*
ddcb4b98002d47b27d5bc23f38a47138,1156420100,1,wap.negroupedu.org/*
de0feb6f200aa1f6183e2399756931a8,1156360700,7,m.360xkw.com/*
de5d26ae2b6205e0305f0937bf6858f8,1156360300,57,wap.xuehuiwang.com.cn/*
de684c195e09a708094ab4042cffeb9a,1156430200,46,mobile.xuehuiwang.com/*
de753ebfdd63310b6738223f56babbb4,1156360700,68,wap.negroupedu.org/*
def41472267020e87a3e850028a85e06,1156420800,4,wap.negroupedu.org/*
df076d538dc0d3a18f0f2d6532cc255f,1156430100,47,mobile.xuehuiwang.com/*
df1bf275b015c581c0d78e5870a18240,1156422800,26,wap.negroupedu.org/*
df9fe586f05c00110d8163d6f3e6e146,1156430400,40,m.bd.s8.zk.hqjy.cn/*
e05e9ffb3741ccea267e6ee5cce9346c,1156430300,11,ck.hnzikao.net/*
e05fa14e6e09cce6d107518d25421534,1156421000,11,mobile.xuehuiwang.com/*
e0aee70ebe56ddbbb65c262efc8a78c1,1156420100,46,mobile.xuehuiwang.com/*
e0d4f0b1d24d4c7ea7e7188f1aa33bd6,1156431300,10,ck.hnzikao.net/*
e0ea5a5d0bc82909b64b5bb439692322,1156421800,1,mobile.xuehuiwang.com/*
e12e9621219ef3cfce78ad6b573db217,1156430900,68,wap.xuehuiwang.com.cn/*
e1e92076976ef80d2375b02779e12c6c,1156430200,49,xueli.cseao.cn/*
e24abe6e0cd331f9c71c677bed6091d5,1156360100,9,m.360xkw.com/*
e29ef5a76ea4d3849e87725e5bef01ee,1156420100,10,wap.xuehuiwang.com.cn/*
e31030199d5058fbc9b2c218c575d84b,1156420100,42,wap.negroupedu.org/*
e33cadf1440ca73597ab5075bb39558f,1156430500,29,wap.xuehuiwang.com.cn/*
e35fca08c4ef2cf807e4c3c17231f8c9,1156431300,10,ck.hnzikao.net/*
e37a4326a8469b6f6112e2eb784901e1,1156360300,20,m.360xkw.com/*
e3fe160f1d1fde2bf61e2d3a5fe1d2b7,1156430600,101,wap.xuehuiwang.com.cn/*
e4f5915233cad7a3d2f816e8742e2265,1156360100,52,mobile.xuehuiwang.com/*
e50cac5bc3b7a9e3db8fa704e725675d,1156421300,14,wap.negroupedu.org/*
e514e09ded2b007941f77f2c7ff52f24,1156430100,79,wap.negroupedu.org/*
e53590d868dc97cc7158f7c434aafdd8,1156360800,14,m.360xkw.com/*
e556cdb9fdae4bc8fd9b5f0520405465,1156360400,3,m.360xkw.com/*
e56808e2d3457903e1cfae952bc04223,1156421200,7,wap.xuehuiwang.com.cn/*
e56808e2d3457903e1cfae952bc04223,1156421200,1,mobile.xuehuiwang.com/*
e584e486928852152c6eb501cc1fdd59,1156431200,54,wap.negroupedu.org/*
e58d68f5684bd8da5a6edd67015bac0d,1156360700,29,web.jxjyedu.net/*
e5a1d59be4bc042362eb73a6de106cfc,1156360100,17,m.360xkw.com/*
e5e74159b52ab298f6654ce4e8e998d1,1156430200,47,mobile.xuehuiwang.com/*
e6101bcf38773459ce742913b55112bb,1156430500,68,wap.negroupedu.org/*
e6101bcf38773459ce742913b55112bb,1156430500,35,m.bd.s8.zk.hqjy.cn/*
e6101bcf38773459ce742913b55112bb,1156430500,27,m.360xkw.com/*
e6101bcf38773459ce742913b55112bb,1156430500,1,xueli.cseao.cn/*
e653153e9108f6f725cf0528784a4785,1156431400,48,mobile.xuehuiwang.com/*
e653153e9108f6f725cf0528784a4785,1156431400,83,wap.negroupedu.org/*
e653153e9108f6f725cf0528784a4785,1156431400,31,m.qxjyu.com/*
e697d96bb0a77bc9a062531b68c13cdd,1156360100,1,m.bd.zh-fkzh.s1.ckzhijiaedu.com/*
e75e7639490134272a189d6e9f68d821,1156360100,62,wap.negroupedu.org/*
e7968de61d4cf9cee91827a1f8bf1f2a,1156420100,45,mobile.xuehuiwang.com/*
e82238f19712d30e505b6db5f17186ab,1156422800,1,mobile.xuehuiwang.com/*
e8438f0185c205529c572f83b5a51001,1156421800,17,mobile.xuehuiwang.com/*
e86863a0c3a81beaf33525281eeb6325,1156360400,79,wap.negroupedu.org/*
e8d1b9f0839a7f0bf7b8eae251620524,1156430200,45,mobile.xuehuiwang.com/*
e93324b5e0dc924e83059a7af935809b,1156420100,5,m.360xkw.com/*
e9656bc7aa20da0c22107a7458a42532,1156430700,1,wap.xuehuiwang.com.cn/*
e96dae45bf254cafa65e34926b505508,1156420100,23,wap.negroupedu.org/*
e9a2bdffeba762bcacf996195529a18c,1156110000,1,wap.negroupedu.org/*
e9fdb493a2e25b1601102833fef60bc4,1156421200,12,wap.negroupedu.org/*
e9fe5399f0f06089ef8f4d79acc0c665,1156421800,33,mobile.xuehuiwang.com/*
ea021e55813e3315f5f75123d5655287,1156440100,28,m.bd.s8.zk.hqjy.cn/*
ea5c793e8a10da8c244b901bfb177343,1156430900,17,www.ahxzledu.com/*
eaaa450c1efc9e17e914d77f128621c7,1156431100,1,wezikao.com/*
ead4bb0cf9f14d7fc6f2d85cfd40f417,1156360100,69,mobile.xuehuiwang.com/*
eb089579bcf3b45359d15fe27a6d4b00,1156420100,3,lp.sunlands.com/2943/CN/mb/dCbOJq/*
eb68b9c9f80335a29ee1be20cfee2965,1156360700,23,web.jxjyedu.net/*
ec35f4c9e161fda097f598614c9cffd3,1156421000,9,sm.gdmszxedu.com/wgxqg/*
ec395f4de5354ce7ddb19961a7c8b89d,1156430900,20,baidu.lszxxy.com/lp/m-crgk/*
ec6cbf06dd19e2485752ed004f371cb1,1156430100,1,jhx.feixiao68.cn/*
ed109fc9e287cf19eb61c5ab7c225369,1156360100,1,m.bd.zh-fkzh.s1.ckzhijiaedu.com/*
ed7ee4b0d81d892cd87871d8d4583087,1156421000,11,wap.negroupedu.org/*
edbd1e77d65aec88e2fe13b9b0171bda,1156420900,38,wap.xuehuiwang.com.cn/*
edbd1e77d65aec88e2fe13b9b0171bda,1156420900,24,mobile.xuehuiwang.com/*
edbd1e77d65aec88e2fe13b9b0171bda,1156420900,9,wap.negroupedu.org/*
ee051a3847c5d81fc883d60df6221e52,1156422800,1,mobile.xuehuiwang.com/*
ee84066cdea951e128b773e1b33cc50c,1156360800,1,mobile.xuehuiwang.com/*
ef13e60d9c110dfdfecf8bd66f7f3598,1156411700,52,mobile.xuehuiwang.com/*
ef74a4fd51992cacea1f2d17dc905c07,1156431100,9,m.chucai.com.cn/*
ef7c8a68573b52df094186d967d454e4,1156420100,1,wap.negroupedu.org/*
f0171a197ecb273aa5c8b7897eac2c94,1156430100,11,mobile.xuehuiwang.com/*
f02f4904c77a8decf2f6edbac35e3e59,1156431200,1,wap.negroupedu.org/*
f0d6a77c0af19e4f95c69239752c8c52,1156430400,30,m.qxjyu.com/*
f13f2a822191afd92a586d3afdcddbb0,1156430500,63,wap.negroupedu.org/*
f1428dd86361d25f3f0c112558197de8,1156430400,74,wap.negroupedu.org/*
f184b6f0a33ae0c244549268f88976bb,1156431200,36,m.bd.s8.zk.hqjy.cn/*
f1c382f3499e52bd7dd3dd9a6d906d89,1156410100,44,mobile.xuehuiwang.com/*
f1c64317fc8b7559d57b9e1e71e1b752,1156430500,21,xueli.cseao.cn/*
f1e9ec75eb850eb0ed2a490836cab0d9,1156360100,14,www.zdhlzx.cn/cjh/xueli/ncwap/*
f23372140f7bc49e1d6ebd0847fdf87e,1156420100,3,www.chengkao365.com/*
f26650fec865572e0ee0d9cc021e15cc,1156421800,14,wap.xuehuiwang.com.cn/*
f2689c57a30610f05bdc62f464f1be77,1156420100,1,wap.xuehuiwang.com.cn/*
f2689c57a30610f05bdc62f464f1be77,1156420100,83,mobile.xuehuiwang.com/*
f389e4a372fdb95de93a134aa25b5b13,1156360900,3,m.360xkw.com/*
f3e280d8bef6c7b015a61daf76a498de,1156430100,1,m.bd.s8.zk.hqjy.cn/*
f3f0a523c87e5475ba3e3741f8219875,1156430100,9,jhx.feixiao68.cn/*
f3fd23efe4dc173d01031eb6270ad3ab,1156360800,30,web.jxjyedu.net/*
f47c4213d4cb2981812f8f070b173b8c,1156360300,7,m.360xkw.com/*
f4856bd4657de024a7dade26016f2c03,1156430600,24,m.chucai.com.cn/*
f49cdab66dc80a6d7935a5c7416593ae,1156431100,77,mobile.xuehuiwang.com/*
f4a8ab05e00014eaf857f44f37375b36,1156430400,57,wap.negroupedu.org/*
f4bf586ecc4f025f832bc48899cb6653,1156360800,5,m.360xkw.com/*
f4ceb29abbf6271a96725c610f806c57,1156420300,13,wap.xuehuiwang.com.cn/*
f535cae123671cea66ad447136e9a0ae,1156421500,2,m.360xkw.com/*
f54acbb59f05ab028f94bae6b0e05ca4,1156421800,13,mobile.xuehuiwang.com/*
f5ab2ea051de9f350049d0e087c14926,1156360100,2,mobile.xuehuiwang.com/*
f5e4424c46f5ccd14362c3a922e8ddd5,1156420100,60,wap.negroupedu.org/*
f5f8ef9686be81119d641e0e1f2e1bf8,1156360100,47,mobile.xuehuiwang.com/*
f6996d627054cfdf59b7dae4407ce599,1156361100,53,wap.negroupedu.org/*
f6ac54452ad16c0f89416645974fbf5f,1156420100,30,wap.negroupedu.org/*
f6b5181514d13d1569d50baabb92bf3f,1156420100,59,mobile.xuehuiwang.com/*
f72b995a1e60d7cd0d14fb04a35cee08,1156430400,31,m.qxjyu.com/*
f739bfb0c232cdc08862fbc483715089,1156420100,16,mobile.xuehuiwang.com/*
f7a8436362968414871b257344cd497e,1156360100,85,mobile.xuehuiwang.com/*
f7e649096a2169117173fe75c392cecf,1156360100,61,mobile.xuehuiwang.com/*
f7f832e88baeccc5d0e548ee9a8fe53b,1156421100,33,mobile.xuehuiwang.com/*
f85f1d0d2f72fe4cf51f570b19d67ac5,1156420100,67,wap.negroupedu.org/*
f85fa58a977d927d66349414506cf9ed,1156360200,2,m.360xkw.com/*
f8f94ef1737ca63e4a10acb8379398ca,1156431000,30,wap.xuehuiwang.com.cn/*
f8f94ef1737ca63e4a10acb8379398ca,1156431000,40,m.bd.s8.zk.hqjy.cn/*
f8f94ef1737ca63e4a10acb8379398ca,1156431000,17,www.ahxzledu.com/*
f9396ce1ec621b592ac0c42d0610f7be,1156360700,3,m.360xkw.com/*
f95be50f3e167b9893102428c28a6fe0,1156421100,1,lp.sunlands.com/2943/CN/mb/dCbOJq/*
f98e903c5fcd160993cfd0edeba351db,1156431200,11,jhx.feixiao68.cn/*
f9cf28dee792a4d7d39cb968cb087eb3,1156420800,34,wap.negroupedu.org/*
f9d0f36ec63cbf097ed432294afcb687,1156360400,1,mobile.xuehuiwang.com/*
f9d1c326a7bad75f0cb3beb8e01cd26d,1156360100,1,wap.negroupedu.org/*
f9ede6bf3a0ddf8da20d032de4367d24,1156420500,17,wap.negroupedu.org/*
fae8f200e169bf4429193197b59a0d09,1156430100,80,wap.negroupedu.org/*
fae9ebd0da989ca7d6e17d07bd7811c7,1156430500,47,wap.negroupedu.org/*
fb05d23b6bed6a04960555f6d374f896,1156360700,53,wap.negroupedu.org/*
fb7f12e258225f8883d4676459e1e692,1156360400,75,wap.negroupedu.org/*
fc2b095ab4d6022dc0e1e3f74f872035,1156360100,1,m.bd.zh-fkzh.s1.ckzhijiaedu.com/*
fd09fe8b2344b26a7cb5546b92b2b4cc,1156360400,2,m.360xkw.com/*
fd48836efe495bf245e406ec081c244a,1156430400,1,wezikao.com/*
fd5f0799571536a0511605ca649c45db,1156420200,48,wap.negroupedu.org/*
fd8c92b8abc81e9588536ff8a35a2f77,1156430400,47,m.chucai.com.cn/*
fdfdead8f5fe1566df7d4440acdd2ddb,1156360100,66,mobile.xuehuiwang.com/*
fe0737d1bb3b2a093b354f09044e8e30,1156420100,44,mobile.xuehuiwang.com/*
fe4d645722a286a71a87dc4d4c556f5d,1156421800,1,mobile.xuehuiwang.com/*
fe66373a68f89e5137e755f6b3d871a8,1156360100,1,wap.negroupedu.org/*
fee426723460be45eadbe950db3d50b4,1156420100,11,wap.xuehuiwang.com.cn/*
fee426723460be45eadbe950db3d50b4,1156420100,66,mobile.xuehuiwang.com/*
ff633f644518b76be551e63dae85112a,1156360400,2,m.360xkw.com/*
ffd6b06f00a4506cd96df08d3b071b1a,1156420100,30,mobile.xuehuiwang.com/*
fff35283212a751416cda09fa45f8d1a,1156360100,7,m.360xkw.com/*
