00001de08e2c3c6a7ae3f7df251654fa,1156510100,8,m.saipujiaoyu.com/*
004f3749174472064de8bb71658121ea,1156440700,19,m.saipujiaoyu.com/*
008d1db7485c7ced85d49638edfaac61,1156520100,9,m.saipujianshen.com/*
011c7939db25779520fc8553ee1e1cf1,1156331000,7,m.saipujiaoyu.com/*
01329226f88a4cdf91943f2f676176d1,1156510400,3,m.saipujianshen.com/*
0139f3f6aaf64f51cc90849c2bc37bf2,1156610500,1,www.szgjjs.com/m/*
018faaf83c1471ba555f07b85d4936bf,1156431000,1,m.saipujiaoyu.com/*
01d8513db727bcc55e5ed4f66b4601b2,1156420100,1,m.saipujiaoyu.com/*
01eaf30beb8cca179021dde3f9fd8105,1156513400,50,www.szgjjs.com/m/*
0225d1031cc0d77a4d2ea5d2d09ab7b3,1156430100,33,m.saipujiaoyu.com/*
0241fffa6ecec26dee23d16ab4c89841,1156610700,1,m.saipujiaoyu.com/*
02535d8afa2d112e884a5a348574a692,1156610400,1,m.saipujianshen.com/*
025a819dcca1d37217cf1c2c9f8d8c11,1156530100,12,m.yazhouxingti.com/*
02b03359d76ff0dc8b9bfbadd023d7e7,1156610300,1,m.saipujiaoyu.com/*
02b4d84badb79d1834a83df888c3e3a9,1156520300,1,m.saipujiaoyu.com/*
031c1f0fbe1019884aae5dcccc300e56,1156410200,41,m.saipujianshen.com/*
0328b4b8d3ffd63252862528c29ce6c0,1156421800,18,m.saipujiaoyu.com/*
0332780ebb387e3306022d7b4cb57d61,1156110000,26,m.saipujiaoyu.com/*
034634c868b7d30b1297e64d268663dc,1156513200,8,m.saipujiaoyu.com/*
039d86f56f7bec7325c8d67ce1e97e17,1156130200,29,m.saipujiaoyu.com/*
03c681e3276e6c2a2590b4308787ac3c,1156610800,8,m.saipujiaoyu.com/*
03d4a5b0d1b4886a32eff620245bf305,1156110000,2,m.saipujianshen.com/*
041e2cd4f709d0cdeca1603bc0a31c1e,1156510100,1,www.feibaojianshen.com/*
044fa5cbf2f0ef1e587abfea6a08962c,1156511100,7,m.saipujiaoyu.com/*
049a46635fc1d77dc2c6ca53058e299e,1156520100,38,m.yazhouxingti.com/*
049a46635fc1d77dc2c6ca53058e299e,1156520100,31,m.saipujianshen.com/*
049ea5a31657987f4f8356f2f69d6e05,1156420100,1,m.saipujiaoyu.com/*
049f027150e52ab7fb63cb48e5f0db28,1156421000,14,m.saipujiaoyu.com/*
04c551b0980e2fdafbf0bbadd5ec48fb,1156340800,16,m.saipujianshen.com/*
04e7cea234f20f2af2fa2d35ae70b60f,1156510500,26,m.saipujiaoyu.com/*
04e91de5ba4e4e9aecd0b3f5d60c6c9e,1156361000,5,m.yazhouxingti.com/*
050d1f1e1e65302b22ecd8841fc1738c,1156421100,42,m.saipujianshen.com/*
0569124b3ee601287f3d15b8c552087a,1156420100,24,m.saipujiaoyu.com/*
057ef61c71908a2aa62301d5a67c340b,1156421200,21,m.saipujiaoyu.com/*
05f10370a400d085811f635329416684,1156360400,35,m.saipujianshen.com/*
06029b999f3c6e7733d56c12f59d3e97,1156420200,31,m.saipujiaoyu.com/*
06029b999f3c6e7733d56c12f59d3e97,1156420200,19,www.feibaojianshen.com/*
0604b92ae68a3a25fbb414343ccd4788,1156431000,1,m.yazhouxingti.com/*
06378a9db69a6c8f694b285be28836f0,1156110000,24,m.saipujiaoyu.com/*
064416914649ec38594595494218d200,1156610400,4,www.szgjjs.com/m/*
06465532588406dd15018faf64df00bb,1156610400,2,m.saipujianshen.com/*
0707f24dfb4f2d12bc41b1543f0c1227,1156610500,2,m.saipujiaoyu.com/*
081c04490ed58aaa9e4c3b95cc2752d9,1156510100,11,m.yazhouxingti.com/*
08435fda54b5006ad538237b9c842fdf,1156360800,31,m.saipujiaoyu.com/*
085d4c6511ac903aeb864f92fc2c60c3,1156360200,21,m.saipujiaoyu.com/*
08dd35898aa7276e7e0b51979d380cfe,1156610700,31,m.saipujiaoyu.com/*
08de6f2e1b1131ae93713e461dde4729,1156610600,11,m.saipujiaoyu.com/*
0904e2dc409669186aa1ae833cbb5dc6,1156510100,1,m.saipujiaoyu.com/*
09142262022bd124452c80fb67a7351a,1156361000,10,m.saipujiaoyu.com/*
0921895d22dd8cdac1187e6675a721b6,1156420100,9,m.saipujiaoyu.com/*
094865c7e28a21536866951186e62b0c,1156610100,2,m.saipujiaoyu.com/*
097ff71a1a024bf07ca077d59c02edf7,1156610500,2,www.szgjjs.com/m/*
09869011d70ff0718e9d6c2e33db838d,1156433100,1,m.saipujiaoyu.com/*
0997537edee574c4057de184a363f167,1156620100,17,www.chuangtijianshen.com/*
09ad3b0624ac2a36823c575803fa3979,1156410400,55,m.yazhouxingti.com/*
0a542d32fc7c4ac61fa65e90552f7730,1156610500,1,www.chuangtijianshen.com/*
0a542d32fc7c4ac61fa65e90552f7730,1156610500,7,m.saipujianshen.com/*
0a7d11b905c92c75965188e06d7f2363,1156421000,17,m.saipujianshen.com/*
0b05b0774e6753d29a156efff43e4683,1156360900,17,m.saipujianshen.com/*
0b110fe5e911468f237792112f95950b,1156610100,1,m.saipujiaoyu.com/*
0b4bdc19316692531b8f3f36e5b15c03,1156622900,12,m.saipujianshen.com/*
0b4caf866105cbb4aafb539017eddd0c,1156511300,22,m.saipujiaoyu.com/*
0b88f8e2c2d94a3a4f5ed60186aa6e4f,1156610100,1,m.yazhouxingti.com/*
0b88f8e2c2d94a3a4f5ed60186aa6e4f,1156610100,9,m.saipujianshen.com/*
0ba5d9a69c12d3674d6dc6642ee406af,1156610800,21,m.saipujiaoyu.com/*
0bdc625d32c593c795bc2dc19b975e84,1156510100,31,m.saipujiaoyu.com/*
0c101fbacfd77a5d83a01927c26a0cfb,1156510100,1,m.saipujiaoyu.com/*
0c3689748f99d2d9477e5b82acbbca00,1156610100,18,m.saipujiaoyu.com/*
0cad1f67f4059e77b039f7c612ff4043,1156360200,9,m.saipujiaoyu.com/*
0cc792bdea262a5c2338aaacbe971020,1156610800,1,m.saipujiaoyu.com/*
0cd102bb166b4956e4ac73200147f90d,1156430400,14,m.yazhouxingti.com/*
0cdaba1fca03235609d5d1fa5613f79f,1156513300,14,m.saipujiaoyu.com/*
0ce0c6b0f3f0691bcaf366e4133cb425,1156411300,32,m.saipujiaoyu.com/*
0d0eb679fdb36031764d7ecc643ff432,1156421000,26,m.saipujiaoyu.com/*
0d10b3400028547ac40541dff2166a32,1156610900,1,m.saipujiaoyu.com/*
0d3a47cb9219dbdb60c5d971cc0e3894,1156420100,11,m.saipujianshen.com/*
0d7257ac597b28c5bb9fb0198acffe7f,1156610100,17,m.saipujianshen.com/*
0dcc49a0fb147ead141cd22e9a01289d,1156420100,2,m.saipujiaoyu.com/*
0e281fa60ca7d03093ee113e5a33bbb0,1156431000,15,m.saipujiaoyu.com/*
0e7fd9a0fc3b6b42217e49eb0e49a59c,1156610800,1,m.saipujiaoyu.com/*
0ece4ee53c22741f662efe965ce166d3,1156522400,5,m.saipujiaoyu.com/*
0f29441368b753625e2c5e8c4479da64,1156510900,64,m.saipujianshen.com/*
0f368b0d4d78b47864bb4d75ca4bcc35,1156360900,1,m.saipujiaoyu.com/*
0f6c55d0d9c8ceda8c07583d17c05678,1156510100,2,m.saipujiaoyu.com/*
0fbb7c0f35ac1e51b439a3bf5ac4fe0e,1156610300,1,www.feibaojianshen.com/*
1013a65561288363a508d03d797b5101,1156430100,24,m.saipujiaoyu.com/*
102a995b09debc4d43baad3236d076bd,1156431100,43,m.saipujiaoyu.com/*
11001cce6576d676b4c7d4a8c6758019,1156430900,22,m.saipujianshen.com/*
110950fff9f990c4e3e0f83571388af0,1156610300,1,www.chuangtijianshen.com/*
1116b75e0fc25f939095504fa65064a9,1156520300,36,m.saipujianshen.com/*
115b51908eae91f21d16edbee15f5202,1156420100,2,m.saipujianshen.com/*
116477f73e323e1df60430f0fe2f746d,1156610400,3,www.szgjjs.com/m/*
117284d0e2ce21de1147c793e4817471,1156130500,1,m.saipujiaoyu.com/*
11859a320459d41f91392a196880721a,1156420100,3,m.yazhouxingti.com/*
11a382013ac264e10a6a432069efa501,1156510100,1,m.saipujiaoyu.com/*
11f0dd9f32205478e8b5e6fab739af57,1156360100,25,m.saipujiaoyu.com/*
11fa1311712da0fa4e4126bf428640bc,1156420100,44,m.saipujianshen.com/*
125e0637cc94a737ebb76bb8b3f562e0,1156522200,5,m.saipujiaoyu.com/*
126f83c4e0090b7e355baf03e0182e8a,1156511300,13,m.saipujianshen.com/*
128b447866b6ddf09b901d0dc5b7dfc8,1156610300,1,m.saipujiaoyu.com/*
131a4713abf70cd1e32a88fe3a02b330,1156610100,3,www.szgjjs.com/m/*
1321654086712c5cd8159c44f9d364ce,1156510100,19,m.saipujiaoyu.com/*
1325a74049499d149fab9d8667d51442,1156610100,2,m.saipujianshen.com/*
1428d7d111f268cae032c1045da4c45d,1156410200,28,m.saipujiaoyu.com/*
147618a503d981deaaf55f75d8c0884c,1156420300,19,m.saipujianshen.com/*
149f3ff0a8538c311760fcac9cd308d3,1156511000,32,m.saipujiaoyu.com/*
14a0b7568ba924212f67054baa88ab84,1156610800,1,www.chuangtijianshen.com/*
14bd3c0faf89099e2fb7ebf2ed6ab38a,1156350500,25,m.saipujiaoyu.com/*
14d18932ebec925da78e7cc7a95573cb,1156420100,20,m.saipujiaoyu.com/*
14e3fd603197daa0cc13b2d0394a6b45,1156410300,22,m.saipujiaoyu.com/*
150570f80d5ff52f5614789a135f652a,1156522300,13,m.saipujiaoyu.com/*
155fbbcacdf33e8914d1286c64eae573,1156510600,22,m.saipujiaoyu.com/*
1594f583deae696c2e2a16cd0931552f,1156610100,1,m.saipujiaoyu.com/*
15ace8f613bfb0c5101b06ef27767459,1156510600,13,m.saipujiaoyu.com/*
15b1fcfcb87aa766187d984eea7120fe,1156320500,19,m.saipujianshen.com/*
15ce542a1e00e0646ee63c146887b0d9,1156610600,1,m.saipujiaoyu.com/*
161c707e3e6c55e76f3c95741e6d1aeb,1156510500,26,m.saipujianshen.com/*
161f4ee610d0f40491e0ef7f1c509595,1156513400,1,www.fearless-fitness.com/*
161fa4d935fb5848567551dd1d4703c6,1156360200,14,m.saipujiaoyu.com/*
16391d23ef48e0322a24d6798f512cd3,1156522300,35,m.saipujianshen.com/*
166d1efe6e8c3f333b4cc03825dc4fc1,1156410100,23,m.saipujiaoyu.com/*
16d25ddbf93cb459a67e91c8932ad8db,1156510100,28,m.saipujiaoyu.com/*
16eac83ae8a0dedf343cbfa9a6132913,1156520300,6,m.saipujiaoyu.com/*
17092d44796cac336f10574b3b32aaa4,1156420100,1,m.saipujiaoyu.com/*
171fc9f1ecc7f2116d25619fdc507f5d,1156520500,2,m.yazhouxingti.com/*
174e8edee5830ed16573cb885d78139d,1156610500,3,www.chuangtijianshen.com/*
174e8edee5830ed16573cb885d78139d,1156610500,2,m.yazhouxingti.com/*
1786382f57c414cfbbd520476b8a688e,1156420200,2,m.saipujiaoyu.com/*
18087ba6465e60ab60a4a9ad06881499,1156430700,1,www.feibaojianshen.com/*
182643db5163db2eb5ebd41cf27ae0f1,1156430100,4,m.saipujiaoyu.com/*
1860e5407de24dabe18fffbe737ffeef,1156431400,22,m.saipujiaoyu.com/*
18f6ad5307ebab06dd693ae9e264a237,1156512000,11,m.saipujiaoyu.com/*
19496c98ac4075389a5750e16a2f00f4,1156610500,2,m.saipujiaoyu.com/*
1965ce2f4e726171446d5d2e506fb786,1156610900,3,m.saipujiaoyu.com/*
198fa73c209697b5b3aba5c09f8ae893,1156430500,48,m.saipujianshen.com/*
19c8d43d8dd87b534ad4b219494e406c,1156610100,1,m.saipujiaoyu.com/*
19eebf638f7ffc2a6db42b92b1f5fb4a,1156511300,24,m.saipujiaoyu.com/*
19fa048534c34a4482f8303757c2d5a7,1156510400,18,m.saipujiaoyu.com/*
1a3b275e598987d0d4e60bbc07688766,1156510100,15,m.saipujianshen.com/*
1a4d5c15ebd641f583b4c0d0d4be76b7,1156611000,24,m.saipujiaoyu.com/*
1a65e7a20341503e12c14ea15785d9e3,1156410100,1,m.hksca.com.cn/*
1a9c6b891519dc17c3a6cd05ea31a531,1156610700,6,www.chuangtijianshen.com/*
1acbbcd052b1e355c24129f32440da19,1156513200,20,m.saipujiaoyu.com/*
1acfdceb67052c42c90951725e8cdf27,1156610400,29,m.saipujianshen.com/*
1adf073f2e0b1c3d90f8e38efa7191d4,1156610400,1,m.saipujiaoyu.com/*
1af2017feeb7353d1dfa0bae902f36af,1156511700,10,m.yazhouxingti.com/*
1afa9c31edae2987f52b6a4eb6472a57,1156610100,2,m.saipujiaoyu.com/*
1b1bb236ff7b14a4356008607e307945,1156431300,7,m.saipujianshen.com/*
1b3b5d560a4e5cc7f8a46f57989bfb7a,1156520200,1,m.saipujiaoyu.com/*
1b5166b26fefc54c1288da186feb301a,1156420100,71,m.yazhouxingti.com/*
1b5166b26fefc54c1288da186feb301a,1156420100,40,m.saipujianshen.com/*
1bc264c23d61cbaf0460c5e65e0e6da2,1156410100,31,www.chuangtijianshen.com/*
1bcfc29705192f83e5b64e9efb955140,1156520100,10,m.saipujiaoyu.com/*
1c3a1da3da8f787e538e97eb9215ffaf,1156360700,1,m.saipujiaoyu.com/*
1c5894e2a10e02f73058d7ae935e299b,1156410600,15,m.saipujianshen.com/*
1c692125b3d63fee9055e57409ca71e8,1156140300,15,m.saipujiaoyu.com/*
1ca9deaf16592905ed5fb757cba53a1b,1156610100,3,m.saipujiaoyu.com/*
1cd2a3a269048c40a1f6ceec85ac24bc,1156420100,1,m.saipujianshen.com/*
1d7a9a27fe8caa643af811a855539ff2,1156511700,24,m.saipujiaoyu.com/*
1d7b508055b42e8eaed3cb6cb5ae8d52,1156530700,11,m.saipujianshen.com/*
1d7ed79b787cd7520d1d740f0491f4e3,1156510300,30,m.saipujiaoyu.com/*
1da5b03dc7e238988fa7f2d7c9567566,1156510500,3,m.saipujiaoyu.com/*
1dbf9a95bcb6dd4f683d40aa030b3b18,1156420200,25,m.saipujiaoyu.com/*
1de88bf542ea28b3b9a235a1b8fdf2ac,1156510100,11,m.saipujiaoyu.com/*
1e277331edb9ace23116f3bcb9400ab2,1156410100,23,m.saipujiaoyu.com/*
1e498a8287c1c600e39bae268d4f056f,1156420100,1,m.saipujiaoyu.com/*
1eaf40ded2222aef2db28695f8aabd9a,1156410700,30,m.saipujiaoyu.com/*
1ed66c464bef2440b278ae686a7ed88a,1156410100,108,m.saipujianshen.com/*
1f08667951d98cc118ea45d2d62e46e0,1156330800,23,m.saipujiaoyu.com/*
1f433bfb4d22ff6913338766f20c29e6,1156610900,12,m.saipujianshen.com/*
1fa36b945e481d9516c67328e27112a6,1156411600,16,m.saipujiaoyu.com/*
1fd19204189e0868082115da5d8a93cb,1156510100,29,www.567go.com/*
1febc4fa2641985f0e6a70b4f1092974,1156610500,2,m.saipujianshen.com/*
2081cc7361239c2a9c2bde1965fd0d6e,1156430700,12,m.yazhouxingti.com/*
20e919017ee7c5d260b47a0f699a73f3,1156511900,17,m.saipujianshen.com/*
210b52607a9a91ef2870e01c9fab337f,1156610500,3,www.szgjjs.com/m/*
211031902ee619ee8cae6edbc40bb9f8,1156411700,30,m.saipujiaoyu.com/*
2190a4d99e61aa8733e7fe8173cc99fa,1156520500,6,m.saipujiaoyu.com/*
21adbda0413169108c2aa37e142588fc,1156411500,15,m.yazhouxingti.com/*
21b984b41f470ba1ffc6dc0c32b8d224,1156610400,4,m.saipujianshen.com/*
21c4f6a740a079b0a76c1246a3d2704a,1156360100,32,m.saipujiaoyu.com/*
21e9d8831a9130ec52c1e40bd56bb0ec,1156510100,2,m.saipujiaoyu.com/*
220059b7c64a755f6a8e9b27fc16ec7b,1156411700,24,m.saipujiaoyu.com/*
2221a3aa45ac0505f7012c3eff096e60,1156510700,39,m.saipujianshen.com/*
224abf8c33922f89b80950e8e3790ef4,1156610400,2,m.saipujianshen.com/*
22525661c1ca82dd510557d573d5eb34,1156340800,9,m.saipujiaoyu.com/*
22b5d714c1a5c7935f8c6b32dbd92acc,1156511300,16,m.saipujiaoyu.com/*
22dbc7ceee2f32d15b9cfb12ba73c97e,1156611000,20,m.saipujiaoyu.com/*
22f31328f279eca48c76e43fbcf39371,1156511100,16,m.saipujianshen.com/*
231796c082a80aa69fa7b1edbfd2ad9e,1156610100,1,m.yazhouxingti.com/*
237272b3cb1e2596e8f4d9d4f0c68898,1156610700,14,m.saipujiaoyu.com/*
237bc93e679fe8de6468af2cace1be07,1156610800,1,www.chuangtijianshen.com/*
23c39cf62514940b0dab193fbc611fb3,1156431100,42,m.saipujiaoyu.com/*
23d834c09fd8e74fd0f16adebea6e77a,1156360300,2,m.saipujiaoyu.com/*
23fdcb29e889f35dc2eced56d23c199e,1156610300,7,m.saipujiaoyu.com/*
243ab49a4f41363b300a68627e8183ab,1156520300,11,m.saipujiaoyu.com/*
24526b05df7b043dd2c4b92095935559,1156610400,9,m.saipujiaoyu.com/*
246fc000852d267bbc685a277be28c07,1156610100,2,m.saipujianshen.com/*
24bc89a2c35c1fd83c4600725ce05f5f,1156511300,18,m.saipujianshen.com/*
255bc377519ef5f44ea083423f842dc8,1156520500,1,m.saipujiaoyu.com/*
256f385335b6da2f0480651e26057dd3,1156421100,25,m.saipujiaoyu.com/*
2594bef0b886cd4cd3e9dd87ae2e6e71,1156610100,4,m.yazhouxingti.com/*
2594bef0b886cd4cd3e9dd87ae2e6e71,1156610100,1,m.saipujianshen.com/*
25b11f865e908ad179a8afea203d029a,1156610900,6,m.yazhouxingti.com/*
25b164a5b7d517abbfbead4350c29657,1156411400,4,www.szgjjs.com/m/*
25bc05095ab8d8a1c25f60de1efb49cd,1156420300,45,m.saipujiaoyu.com/*
26728bad7e82070c370c92d08c9fd687,1156610800,9,m.saipujiaoyu.com/*
267b5c5f69bc0b868e740433a3a1f2d0,1156510300,1,m.saipujiaoyu.com/*
269e3f17fe1e68518a4506b0e8c121d5,1156610500,4,m.saipujiaoyu.com/*
26f19312bd6a6338b71abb9d7aa4424c,1156610400,29,m.saipujianshen.com/*
2723546da910d6e10314c61acc925266,1156522700,4,m.saipujiaoyu.com/*
27594a5ae7e76f702522d21560131440,1156320200,26,m.saipujiaoyu.com/*
2787cb8d037cd3f06a1ef89ea41bb45a,1156410900,28,m.saipujiaoyu.com/*
278cff7ad1702ec73539ab95dab78876,1156610100,4,www.szgjjs.com/m/*
27c8447335451bc79db9e2dafc925351,1156421800,1,m.saipujiaoyu.com/*
2842b36a50a35792549cd3a82c9ca7ee,1156330600,39,m.saipujiaoyu.com/*
2856560b3f80ba26dad3f2cfc3b9bb96,1156610100,29,www.chuangtijianshen.com/*
28a3ff1ff02dcc7b68fc6d446ecfe3c2,1156610400,12,m.saipujianshen.com/*
28bfe16a59afe14ad9e6c12e5037d56b,1156420100,3,m.saipujiaoyu.com/*
2937e7e367c7ed7ccedef509b4add119,1156420100,24,m.saipujiaoyu.com/*
295f63db9c6c0e051f08c977856a9bed,1156430500,1,m.saipujiaoyu.com/*
29b8741b78212e207be4dfa265ae2d03,1156410300,33,m.saipujiaoyu.com/*
29c2c680a2db6adfae316f79f97e9b2a,1156520100,6,m.saipujiaoyu.com/*
2a06162f29bd46935e7373d4f8f73105,1156610400,6,m.saipujiaoyu.com/*
2a24b3e6630967d15bf5144bebd79709,1156610900,26,m.saipujiaoyu.com/*
2a362d3ecf28199154ae185cd46af3cd,1156610500,4,www.szgjjs.com/m/*
2a3a08790731dccc8458f0d666ad276b,1156410100,7,www.szgjjs.com/m/*
2a41b900a301f8d8f66482368f7193f5,1156421100,5,m.saipujianshen.com/*
2a5f041e6b0b28f0fa7f1994af8d805d,1156130400,4,www.szgjjs.com/m/*
2a788154ae12e541dc4e34d5f974c5ca,1156610700,18,m.saipujiaoyu.com/*
2add3d481657db7bbe63bc277b1dd47f,1156130500,10,m.saipujiaoyu.com/*
2b4651b614941358452fbd4e9a3a608b,1156522600,1,m.saipujiaoyu.com/*
2b494713ad8f595cf7a48852136edf32,1156430100,1,m.saipujiaoyu.com/*
2b7651f8ebd973cf096fd952a4331eb1,1156330200,32,m.saipujiaoyu.com/*
2b78037d8bc5d48a77bbcda253c4da8e,1156610600,2,m.yazhouxingti.com/*
2b9444565cd294836012cc52d8b2a92b,1156610100,42,m.saipujiaoyu.com/*
2baff52cf3fa0e78de14c916028b95de,1156510100,41,m.yazhouxingti.com/*
2c10b791b2ab93fe5c66bcc394572e43,1156420100,1,m.saipujiaoyu.com/*
2c674c666b9c523fe4c327b987d6aabb,1156510100,14,m.saipujianshen.com/*
2c6fa98db5eea75552ebb7a084c6b440,1156511000,44,m.saipujiaoyu.com/*
2d427efaf828fbe153f33f47052395b3,1156511500,22,m.saipujiaoyu.com/*
2d758700e715bf56459eeb957cd5741e,1156420200,11,m.saipujiaoyu.com/*
2db80307693267b6b75f50790156f0ca,1156420100,30,m.saipujiaoyu.com/*
2de2724fdffd4994c41dd0f189eec8d2,1156450900,5,m.saipujianshen.com/*
2dfb7e4d7f710c1a4240dec5bb9c8bd0,1156420100,1,m.saipujiaoyu.com/*
2e0de47f7e27067c591ac27a2825da73,1156510400,25,m.saipujiaoyu.com/*
2e286752cc945e801297469554240f49,1156510100,46,m.saipujianshen.com/*
2e4ace80e9e6050e34a782e3418e6690,1156522400,9,m.saipujiaoyu.com/*
2e5c37f131da13bfea2e62a925e599e7,1156610900,35,m.saipujianshen.com/*
2e98c950390b90438ac8e58afa5ac7b4,1156510700,30,m.saipujiaoyu.com/*
2ea475495bf5f9fc1d378c761a5cdfee,1156360100,21,m.saipujiaoyu.com/*
2f0b8742dbc34edd9af6f11c23b368af,1156610700,2,m.saipujiaoyu.com/*
2f9e47c39a6ad614dc3d04b8b35ef9c7,1156411500,4,www.szgjjs.com/m/*
2fc3856b1d452b0bd5bea4977b4ddf71,1156411700,47,m.saipujianshen.com/*
3049e5f0fd4bba5973542f383abe8fa6,1156520300,14,m.saipujiaoyu.com/*
30916fd43087e5fc050a6b4256081f19,1156510100,27,m.saipujiaoyu.com/*
30a853a4b9da3f31de150688a4693fe0,1156610300,1,m.saipujiaoyu.com/*
30df6953e0ba34ff18cc322fe28373a2,1156510100,4,m.saipujiaoyu.com/*
30e846bccd374dd429f8c142000cce96,1156511700,4,m.saipujiaoyu.com/*
30f9d67f2968a35b3775be59c88bc8a2,1156411600,4,www.szgjjs.com/m/*
3119a38d01e21b884faaab77932d5b84,1156410800,24,m.saipujiaoyu.com/*
311ba287e7001df69e377a5239bf1015,1156610100,3,www.szgjjs.com/m/*
31211931bee887aad3075e5fe1ab11d9,1156610500,2,www.chuangtijianshen.com/*
3124ae6cdd7eec6344aaff9b0569e9f0,1156511100,1,m.saipujianshen.com/*
3137c06670e64f56e7a04dc6041fbb93,1156610100,23,m.saipujiaoyu.com/*
31e6ddc7e941d1145b33bebdec5f1189,1156440300,9,m.yazhouxingti.com/*
3221abf97df5c53a2f2ba8aa2a00fa18,1156360800,2,m.saipujiaoyu.com/*
323da24087f31f1f8f77c3af11cb0cb5,1156610100,2,m.yazhouxingti.com/*
3248df3a7cb0e7e103895d429822c0a6,1156610500,19,m.saipujiaoyu.com/*
32710c95daa7489588e3e89c3dc6f760,1156520200,26,m.saipujiaoyu.com/*
32791c49a3f589d5263426207f5785dd,1156510600,15,m.saipujiaoyu.com/*
3287da879767fdb7547c1973954a660d,1156420100,4,m.saipujiaoyu.com/*
32b164501448c79c8ed0fc18700008cd,1156430700,27,m.saipujiaoyu.com/*
32b68c7485d018a8669027e6ec29437e,1156520600,32,m.yazhouxingti.com/*
32d2aad7669984ffc3ae57d10992e8a0,1156420100,17,m.saipujiaoyu.com/*
33398bf083f12f4c2877220f079135c3,1156411700,38,m.saipujianshen.com/*
3346d61c1f7cd2890ee159cc1b420faa,1156610500,1,m.saipujiaoyu.com/*
33999b8cd2b1ded51d43fa95defb5e32,1156420100,52,m.saipujianshen.com/*
33a5c18568b58fb6674e595292e53331,1156513400,11,m.yazhouxingti.com/*
33c8397e1c1635b0cd92c946651a2839,1156430500,28,m.saipujiaoyu.com/*
33ceb7dfc6df8da569f3af7ef9f78b66,1156360100,1,m.saipujiaoyu.com/*
341b65790932ee7536a394a24431a577,1156610100,4,m.saipujianshen.com/*
343a95f315bb87c1cbda5419efc94415,1156610300,2,m.saipujiaoyu.com/*
345e06e8a974ae87a2f28712828ebccc,1156411600,1,m.saipujiaoyu.com/*
34a75d871515b76b3840bfcb045f57e5,1156610100,2,m.saipujiaoyu.com/*
3521ddf57e2e432d8e796918da1988e1,1156610400,1,m.saipujiaoyu.com/*
358b436f2fa4e256ee9d9a70c7ac2943,1156511800,2,www.567go.com/*
361c9a4f5f1c211d9a5cf6d415a851f6,1156330500,8,m.saipujiaoyu.com/*
363f85a3bdb175d57f489f050f667bfa,1156513400,10,m.saipujiaoyu.com/*
36592953f97efe20cbf6dd317509b975,1156433100,3,m.saipujiaoyu.com/*
36761130ae0e8f413fa890fc8dab7a4a,1156430600,1,www.567go.com/*
36a79ae639f7f209e01f3ae530a2647b,1156510500,32,m.saipujiaoyu.com/*
371eea7301be869101d9a36ac5be40cd,1156411500,3,www.szgjjs.com/m/*
375f30c932f67c105dca96dbc7668d94,1156420100,5,m.saipujiaoyu.com/*
376c9acee7c161df75b0b32a2eba6b3b,1156411000,44,m.saipujiaoyu.com/*
378da7385ad70b2bb0a8ab8a12c75c49,1156360300,16,m.saipujiaoyu.com/*
37bf8a605ce5dcdb922a16da4c8a26f0,1156431000,12,m.saipujianshen.com/*
3844d1a28914289a5d6e4198fbb01857,1156610100,5,m.saipujiaoyu.com/*
384e9a14b1466af40d10bf316a73d5e3,1156610100,1,m.saipujiaoyu.com/*
3855965eb2f2308d1d67125e12a55c72,1156610300,4,www.szgjjs.com/m/*
386e8078e80b9731d3d1eff705d5cdf8,1156500000,25,m.saipujiaoyu.com/*
38c2b5ed6a807681f084f31503477eef,1156420700,3,m.saipujiaoyu.com/*
38d93a5bfe1e22c782bdb69262fb2133,1156610100,29,m.saipujiaoyu.com/*
38fc74c3159f42eb65df0c851f49b5a6,1156410300,4,www.szgjjs.com/m/*
38ff1067972113cefcf82ebf9eaeab5e,1156510500,22,m.saipujiaoyu.com/*
39425db9e54bfc3724edf8f440951562,1156431100,42,m.saipujianshen.com/*
39666d8f4381bef4fe184568dda8b3dd,1156510100,24,m.yazhouxingti.com/*
396740abefd3b97b6cf164f084396550,1156522700,1,m.saipujiaoyu.com/*
3a5a419dc7d0f26b7712f03a1dbe4947,1156420100,11,m.saipujianshen.com/*
3a5bb11d901b8d8b10bb501ace6308b1,1156520300,30,m.saipujianshen.com/*
3a8e87b6a60d3de004a2047468d6c587,1156411400,26,m.saipujiaoyu.com/*
3a9db7da9532d3bdd60e13466fcdb42b,1156410800,4,www.szgjjs.com/m/*
3ab8df1b2b08a8c790d23d5f0a350336,1156610700,1,www.chuangtijianshen.com/*
3abb42113d78d04e3c1dcb7e39f9a759,1156422800,9,m.saipujiaoyu.com/*
3b0401d66b7a5cbf3978ad36a63a7dff,1156522700,6,m.saipujiaoyu.com/*
3b1ea7a675cb3953f8d54bd22799a8b4,1156511500,41,m.saipujianshen.com/*
3b202d74d2af92fd4ed77bb873a3af88,1156610500,2,www.chuangtijianshen.com/*
3c7da29f42f9177f370d92ab8894aa42,1156610100,5,www.chuangtijianshen.com/*
3c7da29f42f9177f370d92ab8894aa42,1156610100,1,m.saipujianshen.com/*
3c9ec3dc8ef9cc461b606418a680fa1d,1156421000,9,m.saipujiaoyu.com/*
3cce3cb329ca25a34911f77ab0b8350a,1156610600,29,m.saipujiaoyu.com/*
3cf6def3899c5f738abc843086cab003,1156510700,4,m.saipujiaoyu.com/*
3d0648f16b1c14534b803c2604242914,1156360400,25,m.saipujiaoyu.com/*
3d4d18c0a1c2ab97eec8c1d3b3a60efd,1156410300,29,m.saipujiaoyu.com/*
3d9ad58a1cb4e1f62b65d09284914228,1156510900,19,m.yazhouxingti.com/*
3da57c19bfcd10cf9502f70ee01bd3c4,1156510100,44,m.yazhouxingti.com/*
3dfa61a61db583c9492de8e3708c5d23,1156510100,29,m.saipujiaoyu.com/*
3dff1e9096451cc7946dce27be8154b9,1156410100,47,m.saipujiaoyu.com/*
3e23e6f19a3a3655d7da35587f154553,1156421000,130,m.saipujianshen.com/*
3e50b3cbbf4ca68681c7341d4e322d08,1156510800,49,m.saipujianshen.com/*
3e663294a2429b735d6c7496358d0278,1156650500,23,m.saipujiaoyu.com/*
3e6b41fb89a03a51d3bf5a1fa0024e5a,1156511300,27,m.saipujianshen.com/*
3e80c6502ccc644d4d5c98d20d596481,1156610700,1,m.saipujiaoyu.com/*
3e81926612be36878090f4a6000cc702,1156411700,3,www.szgjjs.com/m/*
3ed6cba459cf87f7bf7287f548fd601f,1156610700,6,m.saipujiaoyu.com/*
3f1f71f0f87c342e67d34bc85ae120f0,1156411500,1,m.saipujiaoyu.com/*
3f61e1916471cfc4cad411f2cc8f4dad,1156510800,15,m.saipujiaoyu.com/*
3fc35f1d270db4863b030cafdf4011c3,1156420100,88,m.saipujianshen.com/*
3fd6a6b2d4272cd77f11ff5fcfe8c623,1156441800,23,m.saipujianshen.com/*
4020300457d377f8b3c9a4a33ea90c05,1156430600,92,m.saipujianshen.com/*
402a90c63c0180368e319fc856e195d0,1156360700,24,m.saipujiaoyu.com/*
406b53a4c3372552f563fabd1b3d2cf0,1156430500,11,m.saipujiaoyu.com/*
4095dbc42d0ec42eedf365157af0595a,1156610800,1,m.saipujiaoyu.com/*
4095dbc42d0ec42eedf365157af0595a,1156610800,9,m.hksca.com.cn/*
40c2eb0ae858de89f56f2dc50a3c8af9,1156360900,22,m.saipujiaoyu.com/*
40c5cdf7e79d69065ace3707a4a179df,1156520400,6,m.saipujiaoyu.com/*
40d4ab6e0ac9605b8a2f6f55a219f46f,1156421100,9,m.saipujianshen.com/*
417b902afc7593564c9434a9868c29be,1156420100,16,m.saipujiaoyu.com/*
419b89c932876c58c6c5da0fc7ff9614,1156610400,1,www.szgjjs.com/m/*
41a7022dea0275b8dcc07d894d321ecb,1156610500,17,m.saipujiaoyu.com/*
425c526b9f9ef5b03137528dffbc7b61,1156422800,1,m.saipujiaoyu.com/*
42652cd3173d54db3c27329f63d98f1d,1156610100,3,m.saipujiaoyu.com/*
428b0627bf0e00462e5b73111039c2c0,1156622900,36,m.saipujiaoyu.com/*
428ee24f278f94b2fd2ab985150f1b52,1156610900,1,m.saipujiaoyu.com/*
42a22256ad225ab401a9c204792c1324,1156511900,17,m.saipujiaoyu.com/*
42d053d434296d7196cf894deb581f23,1156320200,30,m.saipujiaoyu.com/*
42de4b4f021796aed8df7db31386fa03,1156610500,1,m.saipujiaoyu.com/*
42ec2b6307ba29d70155dd4afe497ab3,1156310000,2,m.saipujiaoyu.com/*
42f409ffa6bfcdc2438965d5863b6f6a,1156610600,29,m.yazhouxingti.com/*
430b28301a01952bf7826aeb537fb2b9,1156510100,1,m.saipujiaoyu.com/*
43309333e252f06e23ad5ad5e8b402a2,1156431400,36,m.saipujiaoyu.com/*
435fc2670de9e48173d2c950f7e1bade,1156610100,4,m.saipujianshen.com/*
43b4ae0f7dea7ac075d5e9dbd334d26a,1156341600,9,m.saipujiaoyu.com/*
43b9c6946d2fa5cee5c03b5e74c57966,1156430600,30,m.saipujiaoyu.com/*
43f4afbbabf732a48fa2037df2382849,1156610400,2,m.saipujiaoyu.com/*
4403434c1d2d5c227b1b9707d8729f0f,1156411600,4,www.szgjjs.com/m/*
4413e84752f5fd18b0ef91ae389b26de,1156610100,3,m.yazhouxingti.com/*
447fafa186a3fca398215e97552a4cc5,1156411700,4,www.szgjjs.com/m/*
44b340ed19c852bc445f20a506b0ef68,1156360700,23,m.saipujiaoyu.com/*
44bd4a2b5b99068a680a0de8ce491994,1156610900,20,m.saipujianshen.com/*
451e2dbd4f807e086646324a763b9170,1156610600,3,m.saipujiaoyu.com/*
45292fb076f822aa08894d2481b597c9,1156360900,26,m.saipujiaoyu.com/*
4550dbc97bdcd4c0f266bebf18ef8f8c,1156610800,31,m.saipujianshen.com/*
4593b0b0fac32f214109bcfcedaf4e6c,1156610100,1,m.saipujiaoyu.com/*
4598823ecc1ab1f8059179b2d9ce2193,1156522300,24,m.saipujiaoyu.com/*
45a39e86f55e41d2f4e5685f7a62584a,1156410200,10,m.yazhouxingti.com/*
45a6395187915dcb9302e92c87b780a8,1156513400,1,m.saipujiaoyu.com/*
45b002936318589a3d1878c1198211d5,1156360100,1,m.saipujiaoyu.com/*
45be2a759812c949d20774d82f5ba4eb,1156110000,43,m.saipujianshen.com/*
45c1638bb139dd2ec9e5574682df1854,1156360900,34,m.saipujianshen.com/*
4678d4a694b45f61c3298c66c7eeed4d,1156410300,3,www.szgjjs.com/m/*
467cdf7addece3d9fb07754ce15bce3f,1156410100,30,m.saipujiaoyu.com/*
468a9fd4414692e9b49919ae54fa4ffb,1156430100,20,m.saipujiaoyu.com/*
46c33bb34f9c0bce3cb9af5defbe0d3b,1156511700,8,m.saipujiaoyu.com/*
46d0e4df56f9ab1359064bf82aa31b10,1156420100,11,m.saipujianshen.com/*
46d8d8f2e12b22d147a7e959fd616729,1156341300,4,www.szgjjs.com/m/*
46efd1b83450d6e1ffe62b9fb7d337f5,1156511300,21,m.saipujianshen.com/*
46fa4dae4b485ab41e09f51b53a0def5,1156610700,2,m.saipujiaoyu.com/*
470be2962892db0fb3df178791efd0e5,1156360700,2,m.yazhouxingti.com/*
471477960d0595558b9a6e6a4cecd78e,1156421300,33,m.saipujianshen.com/*
471de4753259de4d5c0ee57992485b60,1156360100,36,www.fearless-fitness.com/*
477dba6811072164897f2480498477c1,1156420500,1,m.yazhouxingti.com/*
477dba6811072164897f2480498477c1,1156420500,7,m.saipujiaoyu.com/*
47b1009e24df5892be9dedcf9aa8e9a3,1156610100,3,www.szgjjs.com/m/*
47f3676cd5019f0cca4fafb5747316cb,1156610300,2,m.saipujiaoyu.com/*
47fe1fb14017730fb0f3e2b5e3571703,1156610100,1,www.feibaojianshen.com/*
48947b38bdd33e437ff2432f609389c5,1156511400,14,m.saipujianshen.com/*
49c5d870ae4d02cfa420b3fd42b16595,1156520700,20,m.saipujiaoyu.com/*
49e31973d526eda4263f2759b4091698,1156420700,1,m.saipujianshen.com/*
49f48d9f6bc334da7d403032ed6c265e,1156360300,1,m.saipujiaoyu.com/*
4a094b541c966a0a04c93d3b51fa11c7,1156510300,1,m.saipujiaoyu.com/*
4a34a000147625cf9e0a7ce5997b2e06,1156360800,31,m.saipujiaoyu.com/*
4a67367917ad5ed42e152a5a9992c4ab,1156420300,1,m.saipujiaoyu.com/*
4b46a04d641499334d0ccf4264be62a4,1156431000,22,m.saipujiaoyu.com/*
4b5ecd6e7cf0c0cb4e60077f08a9ea7b,1156610900,54,m.saipujiaoyu.com/*
4b5ecd6e7cf0c0cb4e60077f08a9ea7b,1156610900,79,m.saipujianshen.com/*
4b69ca5585f8fb1e359c1cb3806f3fcf,1156610600,23,m.saipujiaoyu.com/*
4b6a0124a9758cf0bb103e8ad517c294,1156440100,1,m.saipujiaoyu.com/*
4bf3a1a275acf32301a1545c08acfb2b,1156410800,48,m.saipujiaoyu.com/*
4c12bec02c3ef7657b5d8501d93efb45,1156610100,1,m.saipujiaoyu.com/*
4c31c288d72e2aa8cb0a226442c0182e,1156420100,28,m.saipujianshen.com/*
4c7abf4300cbc869fe4885a1443e36f5,1156610600,1,m.yazhouxingti.com/*
4c8378e20cb67138bdc39e00e1c311d4,1156610300,2,www.chuangtijianshen.com/*
4c9ad13b3800b638a32412d1b6dc63e3,1156420100,34,m.yazhouxingti.com/*
4ca6340b0e8cc96648732e1f1c2e70de,1156420300,1,m.saipujiaoyu.com/*
4ccf3a6d64d5df0c67c4072612609238,1156610900,24,m.saipujiaoyu.com/*
4cfeaaad74f0d1856795d35693266642,1156610100,23,m.saipujiaoyu.com/*
4d9037d1063598a06b1533d284aba810,1156511300,5,m.saipujiaoyu.com/*
4da79fddcf0aebefcf3f718825be2719,1156360700,1,m.saipujiaoyu.com/*
4da85b411c25c4d5e405a024c1264a44,1156511000,4,m.saipujiaoyu.com/*
4e4f308d4aae00b64aab7775bcca5d27,1156510100,12,m.saipujiaoyu.com/*
4e5e404859edf65a82ba6aba164597d6,1156420200,8,m.saipujiaoyu.com/*
4e8db8f070bb4901c8532e37cc418d1f,1156610100,61,www.chuangtijianshen.com/*
4e98179b5e1184d1fa158d00a4b76752,1156410700,19,m.saipujianshen.com/*
4eadb92fb0152b173769d17ee676ac72,1156610100,26,m.saipujiaoyu.com/*
4ebc09775c8f928a684d09d391e096e9,1156610100,1,m.saipujiaoyu.com/*
4f028c09ed58e4b034487182b8c4abc9,1156420100,1,m.saipujiaoyu.com/*
4f075af9a3e215c64edac7eaa3b0c142,1156361100,16,m.saipujiaoyu.com/*
4f1de14703f7dd9b51041a7018bded0a,1156511700,7,m.saipujiaoyu.com/*
4f5a62f594d4e12c6d63179858c3063f,1156431000,15,m.saipujianshen.com/*
4f7aa9fbd7782afaf2e9c24a11ccfdb1,1156610100,1,m.saipujiaoyu.com/*
4fa5b9246cca070cf1de22fc07f583bb,1156410300,13,m.saipujianshen.com/*
4ffc9d37c92d828b54ac3f9524d8a14e,1156510100,23,m.saipujiaoyu.com/*
500fbde1ba8daf95171b7625f2373894,1156420100,1,m.saipujiaoyu.com/*
504f568340258c6abbb6cc94c2b738b7,1156110000,9,m.saipujianshen.com/*
50648d273f1fdba5bc35a44ea1c2d05b,1156421500,21,m.saipujiaoyu.com/*
50887421838c168c230ed0d2517aa53a,1156420100,2,m.saipujiaoyu.com/*
50b6b6c97b09d923aa536dd33c9d60d8,1156511500,11,m.saipujianshen.com/*
50bb3bfce8354dd1c52a56855815055f,1156610400,11,m.saipujianshen.com/*
50fabe04794819511ffb80754eb4d148,1156360900,36,m.saipujianshen.com/*
518a288f46d5e0d9156b728435b3fded,1156420700,8,m.saipujianshen.com/*
51cf889673196f06f3b9387494c51c0c,1156510500,31,m.saipujiaoyu.com/*
52439ede00b584efaf5eee170937187b,1156522700,22,m.saipujiaoyu.com/*
5250e0a459eb7a900203aa49c7d56fda,1156330200,9,m.saipujiaoyu.com/*
525cd1094b3a1a168bd418b6f84dcd98,1156430500,24,m.saipujiaoyu.com/*
526724a8a00cbbfae82d4bfc0c7b059d,1156610100,24,www.chuangtijianshen.com/*
527e34f5a9ce16d018fcfccc7333cb7f,1156511300,5,m.saipujianshen.com/*
5280ae271489c2664e0ee4e6a3e81ed2,1156421000,13,m.yazhouxingti.com/*
52a2fc8b4dd14a187331285444f3e51b,1156510100,18,m.saipujianshen.com/*
5310f04c1f6d87fb194973e28ad475a4,1156510100,1,m.saipujiaoyu.com/*
53240ed2444ff958e203a88c0b598dc2,1156420300,1,m.saipujiaoyu.com/*
53559d6823e06b4265de05786d907491,1156520300,4,m.yazhouxingti.com/*
53ac42cd7f2e5cd3af8758689906090a,1156610600,1,m.saipujiaoyu.com/*
53ae2cd95c67269748013643e54a6e2a,1156511400,39,m.saipujianshen.com/*
53ea412d8679e61ce932c8dd04d46161,1156431000,1,m.saipujiaoyu.com/*
540c60340d0a334081bb2b183203cd76,1156520700,1,m.saipujiaoyu.com/*
54a60f7e78cbfb6f5c263f1441f96062,1156610500,2,m.saipujiaoyu.com/*
54aeec5f50cc31ba774f665c224ec82d,1156420900,13,m.saipujiaoyu.com/*
54c4af402d276ff2d84134f8371ec74b,1156421100,2,m.yazhouxingti.com/*
54cd0cbadf7054d6522c4dfebd029043,1156610700,11,m.saipujiaoyu.com/*
54d02a6597a4f33624b254f50b5bbb6d,1156522700,5,m.saipujiaoyu.com/*
5501e8eb58429ac100785763220f3fdc,1156360900,30,m.saipujianshen.com/*
557a8995529b2106bd886063f44d561e,1156610200,1,m.saipujiaoyu.com/*
5596d9cd9c9c3a84a1c7c178c71710de,1156610800,1,m.saipujiaoyu.com/*
56044bb97abf27ce6b2b7f07653d68c8,1156430900,24,m.saipujiaoyu.com/*
5631b2fdf4bcc55b5dee7fbadaf8a13c,1156610700,1,m.saipujiaoyu.com/*
5642aebed12be5b964643f52bc26e4e1,1156511300,5,m.saipujiaoyu.com/*
5670c5e89d6c02aa0e432f8dc95f34fb,1156610100,1,m.saipujiaoyu.com/*
574736a68ae752ad2c5a2a10fccde319,1156420300,3,m.saipujiaoyu.com/*
57a65444804919ddb0061efb0235df03,1156610100,4,m.saipujianshen.com/*
57ac3267cc3b0420d07db6582e299917,1156510800,1,m.saipujiaoyu.com/*
57bd9d5083e081131d41aa6f50dc614f,1156360700,34,m.saipujiaoyu.com/*
580fceefb79d53af4f70643b962cbfae,1156610100,3,www.szgjjs.com/m/*
582507df98da0faae446c12ce38079ec,1156620100,9,m.saipujiaoyu.com/*
583fcb55f75706779666b1fb92e3a24f,1156411700,19,m.saipujiaoyu.com/*
5884080c17452d0704c148b0f4c13a23,1156610100,1,m.saipujiaoyu.com/*
58c22c547504a930d00ac4848c292135,1156410800,4,www.szgjjs.com/m/*
58ee1412cd4fad171512c8a685788290,1156361000,25,m.saipujiaoyu.com/*
59267ee5b7d4bb62024425ff35ddf1a0,1156610800,1,m.saipujiaoyu.com/*
5974ae82aa6f497bb9c5b956b87b49f1,1156610500,17,m.saipujiaoyu.com/*
5974ae82aa6f497bb9c5b956b87b49f1,1156610500,37,m.saipujianshen.com/*
5993ffa67d1d9179019b35f57f94e0f4,1156430600,5,m.yazhouxingti.com/*
599a21529531f926e642757838542fd3,1156510100,1,m.saipujiaoyu.com/*
59ca224ba44f2f87aaf46dbda7e8b499,1156410700,6,m.saipujiaoyu.com/*
59dc996c2b6a940ab2bb2899c5977021,1156420100,9,m.saipujiaoyu.com/*
5a0f3aee39c9da113934542c4c65ecd1,1156422800,15,m.yazhouxingti.com/*
5a1752aa5ba59a1733dd526575a7f033,1156610100,1,m.saipujiaoyu.com/*
5a3a4465973d93348c8b874e8ac8e54e,1156360100,35,m.saipujiaoyu.com/*
5a889f8043e570572989276594262375,1156610100,24,www.chuangtijianshen.com/*
5a9f71f59a99d32cc229e4e66ba6e5bb,1156610100,1,m.yazhouxingti.com/*
5aa6e262bcb5f620428e0248b9bce21d,1156440300,23,m.saipujiaoyu.com/*
5afa41f2dfcafa00e968430123ad1921,1156610400,4,www.szgjjs.com/m/*
5b294775d678ccd850bc3aba4564c3f9,1156310000,21,m.saipujianshen.com/*
5b8807ed5a62fe71435661c17d0820c5,1156610100,1,m.saipujiaoyu.com/*
5b9072f00e9e487ee5a8d35dfae8142b,1156513300,7,m.saipujiaoyu.com/*
5b928566f7e5543c2c24029f64b94db2,1156610100,1,m.saipujianshen.com/*
5ba3646800b2a603c773685c0e8a1c22,1156520100,1,m.yazhouxingti.com/*
5c54badefa95d15c61ebc1bcf65d7a8f,1156410100,3,m.saipujiaoyu.com/*
5c844b5c253f249992dac03f7a7e3755,1156410100,17,m.saipujiaoyu.com/*
5cbce6224c5eeada4bcac4938e6a77ea,1156330300,25,m.saipujiaoyu.com/*
5d3bfca7cca98e551ba99b8aa7a331a4,,28,m.yazhouxingti.com/*
5d4d418fcd1463b4ee2a112057a0bad0,1156610100,3,m.saipujiaoyu.com/*
5d8b8c8eedb9b351e3e50db2ef962d4e,1156411700,26,m.saipujianshen.com/*
5db5ac4a18f1af084cc80e9bb4affae7,1156522400,6,m.saipujiaoyu.com/*
5ddee0dd3e3ea1fd7828af9dc58cc9ed,1156410100,38,m.yazhouxingti.com/*
5df6a3a8038c88774a42099e18eb0db7,1156360800,32,m.saipujiaoyu.com/*
5e2d7278cd658ca73ef379c97b6cd85e,1156431300,40,m.yazhouxingti.com/*
5e4e0f84cbb51842bb08f0bf7b35716d,1156360200,1,m.yazhouxingti.com/*
5e4e0f84cbb51842bb08f0bf7b35716d,1156360200,7,m.saipujianshen.com/*
5e7eef3d4276a60354ab5de18404e486,1156520100,24,m.saipujiaoyu.com/*
5e9f82aadb7b93fcfe6bc146823f0355,1156510500,18,m.saipujiaoyu.com/*
5ec8336af29bc489929de8525724c5ca,1156610500,1,m.saipujianshen.com/*
5edcb4d1e00fa32d864811f7438bd374,1156513300,1,www.feibaojianshen.com/*
5eeed8428f84cfaa0b6bf228ad4ebbc5,1156610500,1,www.szgjjs.com/m/*
5f1b994e71b8c4b1f4e5758434bdc2da,1156610500,73,www.chuangtijianshen.com/*
5f3ce5d3ec26064456d061d573f36d2e,1156410500,3,www.567go.com/*
5f3ce5d3ec26064456d061d573f36d2e,1156410500,11,m.saipujianshen.com/*
5f3e195cc6a79a7c895f9ef304a229cb,1156610500,4,m.saipujiaoyu.com/*
600e4f5c5f38ed2edbdfa3c04b31b9a8,1156360400,1,m.saipujiaoyu.com/*
603147b1d6e7b04a280490d50f391e33,1156431000,23,m.yazhouxingti.com/*
603590dcac35de8c774be00ef0d95700,1156610100,35,m.saipujiaoyu.com/*
603de748401ccb1bc8b89d6d5a2682ee,1156431000,28,m.saipujiaoyu.com/*
60c65fa7d0cc347d76150e32dded7cce,1156610700,5,m.saipujianshen.com/*
60f6214d672b19cf6a85df575217b7d7,1156520200,1,m.saipujiaoyu.com/*
6110c657385469bd3f91b1f3fdee5924,1156510100,44,m.saipujianshen.com/*
6148c05db3e97ac52cc17d39a31e65da,1156510700,4,m.saipujiaoyu.com/*
61850702957d6985b2a40d5b8ea6f59a,1156610100,4,www.szgjjs.com/m/*
61a5d1292110364ee4e1ff036faa4f0f,1156420200,13,m.saipujianshen.com/*
61ab4b06d1aa34ddee6562e07de7d39d,1156510500,6,m.saipujiaoyu.com/*
6217838059f78063f67b988d19d16d59,1156430300,17,m.saipujianshen.com/*
6229ea1bb5a381d79cca3149a98b476a,1156410100,4,www.szgjjs.com/m/*
629bfdecd3cf1cb75e71cea038739ad3,1156522400,26,m.saipujiaoyu.com/*
62c87c6543d306b0240fe3f91abd72ef,1156520100,26,m.saipujiaoyu.com/*
6325a53d490819239935eb056cd30233,1156320100,62,m.yazhouxingti.com/*
632f5ceffc074c3d282bb441c5d32117,1156610100,2,m.saipujiaoyu.com/*
632fb363fc4ac8c145ebcc167230234f,1156360900,24,m.saipujiaoyu.com/*
63a60b657d5e4097fa904116e290562a,1156420200,103,m.saipujianshen.com/*
63f36be970432c3db1a51c448a7a7cb7,1156360900,36,m.saipujianshen.com/*
640c7217172cc0abd3f1b732f37813d3,1156610700,4,m.saipujianshen.com/*
64177fd7558f8962ea45ba26158c329b,1156341200,4,www.szgjjs.com/m/*
6418a84f97404428e8a1869bc31fde50,1156510700,3,m.saipujiaoyu.com/*
64190308e36ea2d48b401425568f7f8a,1156442000,22,m.saipujianshen.com/*
643b9dd0fd50ad7fe59be38e45e7d5a9,1156420100,30,m.saipujiaoyu.com/*
645edc18882f7eb4a841c7da8013c4e6,1156411400,17,m.saipujiaoyu.com/*
64732768f81a095f362ba6df4fe293df,1156420100,7,m.saipujianshen.com/*
64b99bb93133ecf6bb555a9a24d0b373,1156610900,1,m.saipujianshen.com/*
6531f4b9e17a5acc47c195f06fcbdc7a,1156513400,32,m.saipujiaoyu.com/*
6595bb5e9ce8de0be33c8836df4a25ce,1156510100,25,m.saipujianshen.com/*
65faf09f0e78d8877d9b80822138ef0d,1156510500,15,m.saipujianshen.com/*
6611476487225085abad00038ec37373,1156520700,31,m.saipujianshen.com/*
662e87421016c07075d4407996a57619,1156421000,26,m.saipujiaoyu.com/*
666d8dbc2584040bf62a2dc0d642d577,1156513400,6,m.saipujianshen.com/*
66983f944b2bf97a5f6565b76bad6746,1156420100,7,m.saipujiaoyu.com/*
669c96da402f9a7bd5c7eb7c904e22fc,1156411700,2,www.szgjjs.com/m/*
66ae80cfe7618b01e0bc2af2949089e5,1156430500,1,m.saipujiaoyu.com/*
671292dbcda04b219fc9ff121caf39e7,1156610500,27,m.saipujiaoyu.com/*
671b914a137e00220348df088e482b4d,1156510500,4,m.saipujiaoyu.com/*
674d251b26f9175db2c6aa8733bdcf6b,1156610100,19,m.saipujiaoyu.com/*
67dd6d2fa115173004b36f8f180e5dec,1156410100,4,www.szgjjs.com/m/*
67f7f83fd45444dc9045a15f0370d8d7,1156522300,36,m.yazhouxingti.com/*
68274ded5398338c72af7aabfb779ac1,1156430700,31,m.saipujiaoyu.com/*
6835a414fa245f1461fc6014e1a6a1d2,1156610400,6,m.saipujiaoyu.com/*
686853fb15822fa0836eb597c89d1ec9,1156522300,24,m.saipujiaoyu.com/*
6873a5398b11545520ef6e2fd1b29396,1156431100,31,m.saipujianshen.com/*
6879aacf0420e9dc97d1955cce172625,1156611000,1,m.saipujiaoyu.com/*
68b0c0c9d9ed32fc29aa7a35c15b6dc1,1156520600,19,m.saipujiaoyu.com/*
68c442e36eeda474ce8d01b28cb34c1d,1156511300,16,m.saipujianshen.com/*
69312b9a7aceb45bb59a6284d3c1e097,1156430400,15,m.saipujianshen.com/*
694da65d6084e6145b895cb7f18a7d9a,1156441900,30,m.saipujianshen.com/*
69ed1726a973eeb7c8d21f27e6b2330e,1156610100,2,m.saipujianshen.com/*
6a06d28ce9bdd71793d2af683fcbff8e,1156650300,64,www.feibaojianshen.com/*
6b2f69343d599b9ffe18a0aad5ef5827,1156320300,1,m.saipujiaoyu.com/*
6b46458434a4b04ee58739446dad38dd,1156520600,37,m.saipujiaoyu.com/*
6b484157d927bed2434e16c372b77028,1156430300,27,m.saipujiaoyu.com/*
6b76df18a8f55895ecf97cb4e5b7e836,1156421200,1,m.saipujianshen.com/*
6bb4c4c65da6b806e0ab474254d2150f,1156610100,1,m.saipujiaoyu.com/*
6bf598bb7fe0d6102d9470234368d7df,1156513300,25,m.saipujiaoyu.com/*
6c1c03b7975d225fc5f10872e00d306e,1156513300,26,m.saipujianshen.com/*
6c348b163bfb4b6636293e8af5342008,1156510600,29,m.saipujiaoyu.com/*
6c58b6472fe7f49b5b0c203e992b2fc3,1156360700,3,m.saipujiaoyu.com/*
6c997607224b59d56ed6134310c6c6e8,1156610500,1,m.yazhouxingti.com/*
6cc2ef083b0919c5979bfb380687360b,1156610400,1,www.chuangtijianshen.com/*
6d3db10d41ec713299aa1135cd824f3d,1156511000,24,m.saipujiaoyu.com/*
6dccf9a2163f7e585f3e18c7b7427397,1156430200,25,m.saipujiaoyu.com/*
6e48fcc4eb4301b5ffdbf372de593197,1156420500,2,m.saipujianshen.com/*
6e6d1f2c9e3d3439db356172fd179995,1156410300,21,m.yazhouxingti.com/*
6e70e6077cb7b5f99a089503769817b9,1156610100,2,www.chuangtijianshen.com/*
6e70e6077cb7b5f99a089503769817b9,1156610100,2,m.saipujianshen.com/*
6e7f584896f8711edbe640a862200b3c,1156512000,1,m.saipujianshen.com/*
6e9cfc2110a0f1c5dfaa64930dda9cc0,1156522200,27,m.saipujiaoyu.com/*
6ec44a1ed84e0c52f604f2aefbe7e41f,1156610100,34,m.saipujianshen.com/*
6ece4c31b1a721c285a7cabbd4109ee8,1156610500,4,www.feibaojianshen.com/*
6eef650da32bb95a56a27e28150bf933,1156610300,1,m.saipujiaoyu.com/*
6f00f75510d47bd291b486885123c76a,1156361100,15,m.saipujiaoyu.com/*
6f03a61184843e479157f12694726893,1156410100,11,m.saipujiaoyu.com/*
6f071ab6e34220dc17778b4986a0e17f,1156513200,9,m.saipujiaoyu.com/*
6f1e9ff659e69c247f1397ff9320fc55,1156430400,1,m.saipujiaoyu.com/*
6f8a4819e64928c671335268bd2337da,1156511500,33,m.saipujiaoyu.com/*
6fa4635af0ca7a99bd61134f3bdb16ed,1156421200,29,m.saipujiaoyu.com/*
6fc63d454812b185c276b8ba48c2b211,1156360900,29,m.saipujianshen.com/*
6fcddec49e4adcc43b7c422e052681bf,1156522200,6,m.saipujiaoyu.com/*
6fcf8ba19d8c6b27da480530f78278a5,1156610100,1,m.saipujiaoyu.com/*
6feb858fbcd5f045df7915199a934213,1156410300,9,m.saipujiaoyu.com/*
6ff377e752c955427147e50f6f3c2364,1156131100,4,m.saipujiaoyu.com/*
6ff700b7ef92fc1f929a74a2cd50a84b,1156410100,1,m.saipujiaoyu.com/*
706174c3b59de2491023b922d9bb1785,1156330100,11,m.saipujianshen.com/*
709319d46bf80326e5b8f683dc46595c,1156611000,33,m.saipujianshen.com/*
70ae5d9bed76982a5d5e847fa2fc94b4,1156410100,8,m.yazhouxingti.com/*
70ce558b52d898f6498bc1bb4876662b,1156420100,6,www.inmajor.cn/*
70dc44962995cdc2b4150a1a0a584964,1156410800,4,www.szgjjs.com/m/*
70f7c9c0bbea927753db5add99a10e24,1156610500,1,m.saipujiaoyu.com/*
71240088d83d165e7c8337c6c536b00e,1156520300,26,m.saipujiaoyu.com/*
71414d64ed42b3f6e3fcd72a25e7d28b,1156610500,6,www.chuangtijianshen.com/*
71414d64ed42b3f6e3fcd72a25e7d28b,1156610500,1,m.saipujiaoyu.com/*
714357a18314d7964c3dc6d40cd55678,1156520100,2,m.saipujianshen.com/*
71514b39ac5233dc426527866145410c,1156440300,33,m.saipujiaoyu.com/*
7161de8d14b350df43d60c0b74590db2,1156610100,35,m.saipujianshen.com/*
7173eb42f98d71b865af996130801965,1156511500,19,m.saipujianshen.com/*
7188957c5bfad3bc693435e829693162,1156500000,37,m.saipujianshen.com/*
719abc85643282f4b8301d3a72de2b06,1156410900,22,m.saipujiaoyu.com/*
71f76676e529f9e34b67152c68d763dc,1156610400,6,www.chuangtijianshen.com/*
720bbc6a97ac8d19ddf5ff2c941d0ef2,1156420100,10,m.yazhouxingti.com/*
722a4209b92e0883d782bf96a58c7d3d,1156420100,7,m.saipujiaoyu.com/*
7252b5ad167f6ddd387fabaf57055f33,1156421800,39,m.yazhouxingti.com/*
725ee8fcc38bad0323aa12fb0ecc4ddd,1156410800,2,m.saipujiaoyu.com/*
72b6b8d86715eade528908396eee20ab,1156360100,28,m.saipujiaoyu.com/*
73fa998b7227a5a858737835ede922bf,1156421200,3,m.saipujiaoyu.com/*
7444706a248d8f56952d1c1bbe998670,1156610400,11,m.saipujiaoyu.com/*
744d6f52f548c39717cf083c8c0bc3ef,1156430100,1,m.saipujiaoyu.com/*
7471b4854e53f72369e7b92de54abec9,1156610100,1,m.saipujianshen.com/*
74bd33d1eae84a97e509d0eb862b16ca,1156610700,24,m.saipujiaoyu.com/*
74bd33d1eae84a97e509d0eb862b16ca,1156610700,7,m.saipujianshen.com/*
74de0044d2d8beda3103d9261ad6582a,1156511600,1,m.saipujiaoyu.com/*
7519ded224c0658a887aab7cf787a34f,1156420100,16,m.saipujiaoyu.com/*
7545f7ec5c326f0e7c71a7d8389b052c,1156522300,7,m.saipujiaoyu.com/*
75ca0c799813240e98a5a557b3be2ece,1156420300,5,m.saipujiaoyu.com/*
75e344e06b02b0fc7d0b9a67929afe20,1156520400,1,m.saipujiaoyu.com/*
76010a59664e695da53f3a22d33b5d41,1156510500,25,m.saipujiaoyu.com/*
763f63930705c965bd35a0712982183b,1156520100,7,m.saipujiaoyu.com/*
765db109a70569025dcf1e96b32464d0,1156420100,21,m.saipujiaoyu.com/*
765db109a70569025dcf1e96b32464d0,1156420100,10,m.saipujianshen.com/*
765db109a70569025dcf1e96b32464d0,1156420100,2,www.feibaojianshen.com/*
766142654adeae14e923edc993f4c7db,1156420100,47,m.saipujiaoyu.com/*
7695d03e455478a3699b99c0929a3a4d,1156520300,39,m.saipujiaoyu.com/*
770457d9932749e253bcd8fd8c98fbac,1156360500,1,m.saipujiaoyu.com/*
7704a7fbe03e51e1a4601c2c85eb482d,1156610100,1,m.saipujiaoyu.com/*
773f52ee0ac4747d71bc5d326960d56c,1156511100,26,m.saipujiaoyu.com/*
776537c5df6fea7683c5f8e12bb8d7d5,1156610500,1,www.szgjjs.com/m/*
77b813dc0c43bd2593ace4a6446dfec0,1156610100,73,m.saipujiaoyu.com/*
77b813dc0c43bd2593ace4a6446dfec0,1156610100,6,m.saipujianshen.com/*
77ba62bc2dc34b9c1d93e3c7c3ad058b,1156420500,3,m.saipujiaoyu.com/*
77cf01a6df7b245658b5b424103d4d4e,1156430100,21,m.saipujiaoyu.com/*
77db84d51f025d474d7b5f5d6e562ca6,1156410100,30,m.saipujiaoyu.com/*
77f9f414e84074a06b1045b2f195477c,1156130400,5,m.saipujiaoyu.com/*
78375e1a87caa8ebe4656c106aaad1ea,1156510100,26,m.saipujiaoyu.com/*
789014ee7e1bc9bd25ebedc97ef730e8,1156410100,4,www.szgjjs.com/m/*
78aff1d45ce7fedb574af0a1b5f90076,1156411500,31,m.saipujiaoyu.com/*
79071837bff696f5be18623c3a9ed8d8,1156511600,1,m.saipujianshen.com/*
792d0a59ec8b8e8678367710f023542b,1156610900,12,m.yazhouxingti.com/*
793e9f6d5ded8c4811a588a4faedb912,1156610100,1,m.yazhouxingti.com/*
7950535cf6c9b0ce507ab7b24da1bb2d,1156511100,11,m.saipujiaoyu.com/*
79ebec7a02c7e6a346336d80f8eec697,1156610500,23,www.chuangtijianshen.com/*
79ebec7a02c7e6a346336d80f8eec697,1156610500,62,m.saipujianshen.com/*
79f0348ef7e38eef2437d9e5eb27fe45,1156610500,1,m.yazhouxingti.com/*
7a1b74a76cf28d35601c171aa2a99302,1156610100,30,www.chuangtijianshen.com/*
7a5ebf97b3c25416ca5051bd4851cafc,1156420100,21,m.saipujiaoyu.com/*
7a9ddc3b5f2e57ca9d0ad65197d302ba,1156451200,57,m.saipujiaoyu.com/*
7ab6e17304d9a6e7d25e16516747d0e8,1156511900,17,m.saipujiaoyu.com/*
7af8936c09282e8697e5f779663f1efb,1156610500,22,m.saipujiaoyu.com/*
7b026c238d4f897d94c63217cf72a9a0,1156421800,6,m.saipujiaoyu.com/*
7b0fea351ba9d630166f46fc58f7f180,1156350200,27,m.saipujiaoyu.com/*
7b9e2d6faa754bb7e9e9fc69db497e27,1156420100,7,m.saipujianshen.com/*
7bbbebc43aaba1b596ff700eb70c5f88,1156610800,4,www.chuangtijianshen.com/*
7c0b86a2715a9c96a7947289f80255ba,1156320500,31,m.saipujiaoyu.com/*
7c0b86a2715a9c96a7947289f80255ba,1156320500,4,www.szgjjs.com/m/*
7d04193531b5914ed481863f9e2b03c4,1156610400,1,m.saipujiaoyu.com/*
7d4538e955ecc072ab7f40b014fa1054,1156610500,32,m.yazhouxingti.com/*
7db91ffb60c466712bfb306f2e8d6f3f,1156610100,32,m.saipujianshen.com/*
7dcc96d7029d1516a5d4276361893344,1156513400,1,m.saipujianshen.com/*
7dd140dd1a5589f27aed175adfac9172,1156420100,5,m.saipujiaoyu.com/*
7ddf2f765a2f7466ccfb43841b55be65,1156522200,5,m.saipujiaoyu.com/*
7ded7711d1347b1c3918659482110033,1156341300,1,m.saipujiaoyu.com/*
7e146d51632fdb6f55b4a829bbf2a9e5,1156511600,35,m.yazhouxingti.com/*
7e352e5161099f02f50fcbb53f548ff4,1156520300,25,m.saipujiaoyu.com/*
7e438c165b7cd3d84fbd286dbef35680,1156421200,6,m.saipujiaoyu.com/*
7e6413f47f544036ef11022ef13abb8a,1156520100,5,m.saipujiaoyu.com/*
7ee3d87abde543e67ab9f118363fea5a,1156610500,6,m.saipujiaoyu.com/*
7f20d495aa80386b2064ac5dc0070dda,1156522200,26,m.saipujiaoyu.com/*
7f5a3c34dfeb64a1278843111af0f7d8,1156520200,27,m.saipujiaoyu.com/*
7f6b573977cd22414ae531f2bf27ddac,1156610400,5,m.saipujiaoyu.com/*
7f8aeeb8a47ecbbe4ad14e8f74c7d05d,1156520100,25,m.saipujiaoyu.com/*
7fb234bce8b5d37535fae1d23bfe3b88,1156610900,1,m.saipujiaoyu.com/*
7fb234bce8b5d37535fae1d23bfe3b88,1156610900,4,www.szgjjs.com/m/*
7fd9948ab3654fd50d0b3cb82aaa47e4,1156421200,2,m.saipujiaoyu.com/*
808ba083cc87174d9669a3144919985b,1156510800,25,m.saipujianshen.com/*
80f73c38955a220b3db46b84a3a63b4f,1156410200,30,m.saipujiaoyu.com/*
80ff04d535a817070fb24f0c373e0760,1156610300,10,m.saipujianshen.com/*
8137cac1b4d1b71df14c43ad745e9b8d,1156510700,4,m.saipujiaoyu.com/*
814a60f06e20d264bc241032a572c895,1156511500,1,m.saipujiaoyu.com/*
81516ba3798855388e262b99db7827be,1156340800,1,m.saipujianshen.com/*
815988a322d2561391ea7db4e74bc942,1156610700,4,m.yazhouxingti.com/*
815dc56fcb3ef8d07c4f3f99fb883f53,1156331000,52,m.saipujianshen.com/*
81990a8d6eb8f5af48428c98c3ae579c,1156110000,1,m.saipujiaoyu.com/*
81a9eced7d1e0ccc2b2474e54a852b20,1156420500,17,m.saipujiaoyu.com/*
81b88ce1573ea9f1bbdb50f92a442c15,1156610800,18,m.saipujiaoyu.com/*
81c3ac55a45a407c549f45e4e2257642,1156610400,5,m.saipujiaoyu.com/*
81e11a80e7a2eea89e3d7a9c5ae70960,1156360400,1,m.saipujiaoyu.com/*
81e524ea28317704138e5d3acd0482ec,1156420100,1,m.saipujianshen.com/*
824b234bc94266b925c601a697fd3256,1156611000,30,m.saipujiaoyu.com/*
82abc4242ba37e14005e692c411e44e1,1156431400,3,m.saipujiaoyu.com/*
82ec2b0105470a97b920754146233254,1156411300,9,www.feibaojianshen.com/*
83001524f82865b10c3666b2fd607f88,1156500000,76,m.saipujianshen.com/*
832388382e8977e80647730a6d3ced99,1156610100,39,m.saipujiaoyu.com/*
8343140f8c476781a6686870b81cabd0,1156410100,29,m.saipujiaoyu.com/*
834a3d9e972cece5e8b0f09f0f5ccc6b,1156520200,31,m.saipujiaoyu.com/*
838a283b3a0a530d100a6bacf5fd547f,1156510500,16,m.saipujianshen.com/*
83b86e6fc8787af9a5669bf572249202,1156430900,37,m.yazhouxingti.com/*
83f484617d793930fa48c881015eb42f,1156511500,6,m.saipujiaoyu.com/*
8410db134f5ad4133efad8ad2c987cb1,1156430100,35,m.saipujiaoyu.com/*
8435c1870aad42cd1089e8b8326c8e84,1156610100,24,m.saipujiaoyu.com/*
846931a515aa9c650f4c867111ff3dca,1156610400,2,m.saipujiaoyu.com/*
8487532331d082a28e52a9fe5653a195,1156610800,1,m.saipujiaoyu.com/*
849b8e0b84f73724ef29ce0102225cb1,1156610700,1,m.saipujiaoyu.com/*
84b3377ef3de76f5d4d26439ba846ce9,1156420300,24,m.saipujiaoyu.com/*
8508b2c36580b34b861b8daee256e01c,1156522300,10,m.saipujiaoyu.com/*
8519d546c6b5f9cd60de4828f663ed1b,1156610100,46,m.yazhouxingti.com/*
853bb7b51e789e61623abe7a42df5310,1156610600,2,m.saipujiaoyu.com/*
854bba6e20df7fd825b8b2e51d8e6c7f,1156520400,12,m.saipujianshen.com/*
85dfad1d28ac7d45791734af109e3743,1156330300,37,m.saipujiaoyu.com/*
85e0ffac78e4c78f2834ced754192d59,1156510100,1,m.yazhouxingti.com/*
85e70392a43d4206b635e08bc39e1b4a,1156610100,31,www.chuangtijianshen.com/*
865bb7809c9f4b9742a5d8c008d2e622,1156411400,54,m.yazhouxingti.com/*
8682030bcd39e9dc3a3d163f8bb1a9ea,1156420100,2,m.saipujiaoyu.com/*
8688adcac2490c5c40722d6c3ed49364,1156511000,15,m.saipujianshen.com/*
8761b9bb098b6b85a42aa149e5c71764,1156510500,1,m.saipujianshen.com/*
876ac2615959d574194148ebd9ba760c,1156610400,20,m.saipujiaoyu.com/*
878011ee39126c1a2503657bc9e2d217,1156330200,3,www.szgjjs.com/m/*
87f7c8cd0502f73e812a7ba90a473afb,1156520400,1,m.saipujiaoyu.com/*
88d56e80ec499c321ba67f05f6791e3e,1156360700,8,m.saipujiaoyu.com/*
89c7aa212a747e9f6c205965e86b1e47,1156610100,3,www.szgjjs.com/m/*
8a1703e736806f2b02e7c7e379943660,1156320200,33,m.saipujianshen.com/*
8a37be2084a2c213d6c0022965d1b4df,1156610100,3,m.saipujiaoyu.com/*
8a7e4e3466c9c417ce8db3e242e30d15,1156510100,24,m.saipujiaoyu.com/*
8b352ed7f8532f905a9f682d369d7572,1156610100,4,m.yazhouxingti.com/*
8b3dbd1048d74aa87da1a6750b2249fb,1156610100,19,www.chuangtijianshen.com/*
8b653eaafc6551083a7a0f9cb12ee805,1156360600,25,m.saipujiaoyu.com/*
8b7301e2f76f6843313de59f877c210e,1156410500,1,m.saipujiaoyu.com/*
8b7ce70f1d119270ade6bd9543b43622,1156530600,54,m.saipujianshen.com/*
8bd1e0cee98825d38a6e60f765271920,1156522400,5,m.saipujiaoyu.com/*
8be7ea85857188ee1b87f3e94d76ea3c,1156610900,15,m.saipujiaoyu.com/*
8c35c835537f7f76ba9eacf75936bb7a,1156420700,21,m.saipujianshen.com/*
8cb54b18eab60162af31ca25ceacc6f7,1156620500,1,m.saipujiaoyu.com/*
8d495426168b485d2c34551ddfd7a21c,1156420300,1,m.saipujiaoyu.com/*
8d5169454062b9f5791efd29697656b3,1156610300,4,www.chuangtijianshen.com/*
8d89635265c2bd156db8be440ba4cd01,1156510100,24,m.saipujianshen.com/*
8e3c6281860acff86541977b8802d1b6,1156421100,30,m.saipujianshen.com/*
8e450fcf7bd40bdb34b3f7bc3442c24e,1156522200,39,m.saipujianshen.com/*
8f074c0ab87485e434cec9035734e94f,1156430400,2,m.saipujiaoyu.com/*
8f3862baa2f50003abd01965363a51c1,1156420200,5,m.saipujianshen.com/*
8f648db79010c4eeb8a4c8511cc7e1dd,1156610500,1,www.567go.com/*
8f774fcded9c1f0f0b426f0fcc419398,1156610500,6,www.chuangtijianshen.com/*
8f77ec4e3b4c60f70e481aa24391ed0b,1156510100,20,m.saipujiaoyu.com/*
8f839f2a0aff7943cdbccd86e9db5cba,1156522200,1,m.saipujiaoyu.com/*
8fbe7826916e8cf3f2beff2975af4753,1156511400,25,m.saipujiaoyu.com/*
8fbf20f80afa5c0b7a07f9e3ee699d92,1156520300,2,m.saipujiaoyu.com/*
8fd33310fac3a8d4c31bb01daa138213,1156420100,6,m.saipujianshen.com/*
8fe03c377c480d6dbfe9c4dec32c53fc,1156610900,1,m.saipujiaoyu.com/*
8feb165b5c65852ac24828204eb24a72,1156371700,17,m.saipujianshen.com/*
901ceacd95cb338bc16a1efc231565e3,1156620300,1,m.saipujiaoyu.com/*
903b1bce7d8dbe6ff1c6fa6affc8a6b9,1156510500,1,m.saipujiaoyu.com/*
90c4f3b1d32a197d387d9ce39b172e82,1156610800,22,m.yazhouxingti.com/*
90ccc7b7724997dcc3f1d81554fbce65,1156430100,7,m.saipujiaoyu.com/*
90ea1701a7457c4e59b396ddd02fb7cc,1156610800,4,m.saipujiaoyu.com/*
90f8a7546c59ce40ab10c2f15ba7861d,1156421700,1,m.saipujiaoyu.com/*
91735e98b6d0c292e4da2d69e9542cb0,1156610100,1,www.567go.com/*
917745d2a04e9bb567e890bb579ec631,1156361000,10,m.saipujiaoyu.com/*
91d30effe9a4747f30a4baf2d3d8308c,1156430200,27,m.saipujiaoyu.com/*
91dd4e0c1b623400f6d24014d1559758,1156330200,36,m.yazhouxingti.com/*
928f10e43ecbd0c76a6d3d628e658c87,1156410100,4,www.szgjjs.com/m/*
9297b52c939d0a1478f288e58204b0f3,1156610500,24,m.saipujiaoyu.com/*
929bbadd3bdd70969496d14bc99206b9,1156520400,33,m.saipujianshen.com/*
92eae2eec427aca4f6dff03733c14cf3,1156610100,13,www.chuangtijianshen.com/*
933f612e6d65f8e16fbf2eea66db7b73,1156511300,32,m.saipujiaoyu.com/*
9341367ace7eb99a486f7abc7015f728,1156421100,17,m.saipujianshen.com/*
93863777e92fde9a0d1f9b598b6c82d4,1156610500,9,m.saipujiaoyu.com/*
94072d5d3edc963ff81ca22e390c8f0a,1156610500,1,www.chuangtijianshen.com/*
941a4b6684b4d38b4144444d42185ea3,1156610100,1,www.szgjjs.com/m/*
9432d2b4f53ddd7ca2ff7911d7b71fea,1156360900,11,m.saipujiaoyu.com/*
9438f81ed0f0e80858a525103924d81a,1156510500,3,m.saipujiaoyu.com/*
944533bde1a455fafa67cf457299be9d,1156420100,6,m.saipujianshen.com/*
948827bc0f2b4191bdd17a602729d9df,1156420500,3,m.saipujianshen.com/*
94e944ffd9a2865af5e5019ae9d9a8b5,1156610300,2,m.yazhouxingti.com/*
94f08a8a5660afa532afecc8136f21ca,1156610100,1,m.saipujiaoyu.com/*
9517a71edaee90922d81a501601db158,1156610400,1,m.saipujiaoyu.com/*
951fb38cb0892a37fac557258b95f5c9,1156361000,19,m.saipujianshen.com/*
952bda682443a51eb85756da4f5fa665,1156610100,2,m.saipujiaoyu.com/*
953d60b50a90b11605478aee4436c98b,1156610200,1,m.saipujiaoyu.com/*
954825c98408d3c08f1c17c01d8673d4,1156610100,18,m.saipujiaoyu.com/*
9576fcd8dc6f0ad78c4ca3334363ea3a,1156110000,4,www.szgjjs.com/m/*
95ccbf05be52ac69ee612c2aea23e3b0,1156520100,4,m.saipujiaoyu.com/*
95f15486a6b4c451d25bca848bd9f079,1156610500,1,www.chuangtijianshen.com/*
9610a6b5acaeeb4b284926f4df16226f,1156420800,35,m.saipujiaoyu.com/*
965fd6fe998d18cd9ec37af90353b186,1156610300,30,m.saipujiaoyu.com/*
966fffb4a9ee766c26fb232cbe5b9f68,1156510400,25,m.saipujiaoyu.com/*
96731d0d0f56f9d06214139a32ea9849,1156420100,21,m.saipujiaoyu.com/*
96bd48c71b5972271ba50809843674a5,1156411400,1,m.saipujiaoyu.com/*
96dcdb78d99b6ef5c96f2a8965e099f1,1156330600,34,m.saipujiaoyu.com/*
974d9c3988dadabc10e4fc696e3e1d55,1156520200,31,m.saipujiaoyu.com/*
97e54fe8fda62fc69ec622a3e25e382e,1156410100,32,m.saipujiaoyu.com/*
988049fbba335aecac21e624443ef13d,1156360100,35,m.yazhouxingti.com/*
990d31e8b55baaf32f041ad7f1f73ba9,1156610900,3,m.saipujiaoyu.com/*
9912fcb9b4254eb81fe4c22468671e33,1156421300,19,m.yazhouxingti.com/*
991b3e0e83ffc3bdd23c0e54bf397d56,1156411000,32,m.saipujiaoyu.com/*
991e4562ed574049a29db4cc1b78c5e1,1156430100,34,m.saipujianshen.com/*
9934c485877268f41c0957fdbdb5fc3a,1156610100,3,www.szgjjs.com/m/*
993ff173d53392d0cb8c898d11a0511f,1156511300,38,m.yazhouxingti.com/*
99705dca5a73c47222d52072d9953faf,1156513200,1,m.saipujiaoyu.com/*
99a48e04e4c7514cf90c43256e2ab516,1156410800,2,m.saipujiaoyu.com/*
99ef7aaf009e889c158c8b25f5deee0e,1156610100,32,www.chuangtijianshen.com/*
9a4cb54976410b3f0062c7f13c135243,1156421200,8,m.saipujiaoyu.com/*
9a4e3e6c361de29bfa42be33f8701c38,1156610300,6,m.saipujianshen.com/*
9aad0a1aba75c330113a39c342c10f61,1156610100,36,m.saipujianshen.com/*
9acca0b563c39c70d8f11a40b16e997f,1156610400,1,m.saipujiaoyu.com/*
9afad7ad45ef7dc5780a1f649f34a684,1156610100,1,m.saipujianshen.com/*
9b14cbe47fa68378f9ee561397ee9858,1156411700,18,www.567go.com/*
9b2c4918d481366ac61f01d0ddba0f23,1156511600,1,m.saipujiaoyu.com/*
9bad199188b21084fe661e244d03cf55,1156360400,31,m.saipujianshen.com/*
9bd5f3d258d1f65057f1229660ab059c,1156510900,2,m.saipujiaoyu.com/*
9be60c33e351a02ec87f80304731f8ca,1156422800,1,m.saipujiaoyu.com/*
9c05a4dcbd10ee7b29cf59bfe4d40ecb,1156430200,1,m.tytyedu.com/*
9c19e7853da51eff5b6a19338fd968c2,1156610100,34,m.yazhouxingti.com/*
9c3fc09608c367d3fefcb970b2f96dc7,1156610700,28,m.saipujiaoyu.com/*
9c6f286f5354487b2e80ec8cb29c5afc,1156320500,1,www.szgjjs.com/m/*
9cc2985dc72b75e96b06279927bb0c45,1156610100,2,m.saipujianshen.com/*
9cc5afafcb14c5bb30a2981bc1532103,1156510900,15,m.saipujiaoyu.com/*
9cce902583efa0fc96c3593e80b37ddb,1156360100,32,m.saipujiaoyu.com/*
9cd7727c88e381a6863fd63b1cf1f98b,1156640100,4,www.chuangtijianshen.com/*
9d0ff49ff4e13f045cd13f03d03df595,1156610700,57,www.chuangtijianshen.com/*
9d315866a7d8bf31b46d8f05dac76a23,1156510500,2,m.saipujiaoyu.com/*
9daf1f6e041cb8d66c9092fc6133080b,1156361000,17,m.saipujianshen.com/*
9dc83edb59610defc282cfa47330a9e3,1156350500,8,m.saipujiaoyu.com/*
9de47dad3d207cd55ae0a6ee45dc18dc,1156522400,20,m.saipujiaoyu.com/*
9df613c47b66a3fd8372dec5397f287a,1156422800,2,m.saipujiaoyu.com/*
9e850cf201e267e556d99b5975b3b8db,1156610100,1,m.saipujiaoyu.com/*
9e88373e8120dc65cb563235a6cf424f,1156610800,1,m.saipujianshen.com/*
9eb3310a7ea67611aae0f227d94d38ff,1156620800,1,www.feibaojianshen.com/*
9ebb0b711607f3fa668b4299247bbf35,1156522700,7,m.saipujiaoyu.com/*
9eca7581c4c673ec0ba7d43240c0aee4,1156610500,7,m.saipujianshen.com/*
9ecaed9711269d8445e238bc2a31e12a,1156610100,2,m.saipujianshen.com/*
9ed497de14b476667fb86d2cac7fc726,1156511700,13,m.saipujiaoyu.com/*
9eeee299a9f148f375894c8b8c29c954,1156360800,44,m.saipujiaoyu.com/*
9f74a10ce90fb7c5097cb4c9b5822913,1156610400,45,m.saipujiaoyu.com/*
9f74a10ce90fb7c5097cb4c9b5822913,1156610400,9,m.saipujianshen.com/*
9f976f4665cc57604e103abf35498ae5,1156610500,1,m.saipujiaoyu.com/*
9fd144d698a86fb803c873611c5e21c9,1156610800,4,m.saipujiaoyu.com/*
9fed343d9f9d82e4d5ebbfcc2f95a72c,1156511100,24,m.saipujiaoyu.com/*
9ff7b7cc9da419f8295b2946fd25b358,1156511500,28,m.saipujianshen.com/*
a03066915bd4d569bf5b5ab146620c71,1156520300,30,m.saipujiaoyu.com/*
a047ae47f56beaece8afa3560b1bed49,1156610700,4,www.szgjjs.com/m/*
a049ffe3511f5160b05d7f8fd0fe4411,1156431100,11,m.saipujianshen.com/*
a05122b3cb7e542efeeeb6528418e6b8,1156420100,2,m.saipujiaoyu.com/*
a074f563dada6df24e5cecbb447da558,1156420300,5,m.saipujiaoyu.com/*
a08398bdf406c417677311cd3fac487c,1156360700,22,m.saipujiaoyu.com/*
a085344b44904b0aac8a79ca848a45da,1156522400,7,m.saipujiaoyu.com/*
a0a0a024ae3afcaaaebf99e0c8f6d78d,1156610100,1,m.saipujiaoyu.com/*
a0a224ada75aae1678d1a79409894e8f,1156520300,41,m.saipujiaoyu.com/*
a0c8eea3259c851183cc4d6b9836f2d1,1156431000,1,m.saipujianshen.com/*
a0f191bd7828b7628d24246975808139,1156330400,2,m.saipujiaoyu.com/*
a169199bad530b831f1e243e86ee0e66,1156510500,34,www.fearless-fitness.com/*
a1cdd18d455e204234a33905c86c1741,1156522600,9,m.saipujianshen.com/*
a1d9ed894aea2c7185d2695eef91b1e0,1156430100,13,m.saipujiaoyu.com/*
a1f406bd6bbbe4c98032eb4a181ca6e0,1156431100,31,m.saipujiaoyu.com/*
a203542b5bdb4cc434fa2ef82d14b1ec,1156360500,34,m.saipujianshen.com/*
a2f035e77b193ef630d98cccda32e423,1156360100,31,m.saipujianshen.com/*
a30b87fad995fa11381ae8675ebd0853,1156510500,27,m.saipujiaoyu.com/*
a316b4bb9f9eeadb47f00acb8054dd39,1156520100,2,m.saipujianshen.com/*
a32057da302ce0db264e7f95a4cfc44b,1156610100,1,www.szgjjs.com/m/*
a38a7fd22a89c21fc69af8671707dbd5,1156610100,4,www.szgjjs.com/m/*
a41ac67d48ad82b34c8e6ce977e5dfcc,1156520300,5,m.saipujiaoyu.com/*
a49fb194e8d20bb20df9ec4b9bfa9291,1156411300,4,www.szgjjs.com/m/*
a4d2a990fe67a06fa7e00c26651b587f,1156420100,13,m.saipujiaoyu.com/*
a4d3b9f49b6249f54ae5e21f417b5615,1156610400,25,m.saipujiaoyu.com/*
a574e33b283f2c97d2636090575179b1,1156430700,18,m.saipujianshen.com/*
a57ba188ea28d9f6e303331d74922592,1156610100,1,m.saipujiaoyu.com/*
a596c39de9bdeb27b284beb71830696e,1156610100,8,m.saipujianshen.com/*
a59c366a8724fec3ce9a11d4a86f0837,1156520100,38,m.saipujianshen.com/*
a5efc01fc8ff962006059e525583665d,1156610800,29,m.saipujiaoyu.com/*
a5f48c6a9aa6a8b93c7389f299cb1143,1156370700,3,m.saipujiaoyu.com/*
a61a29455d6d49466863e482844ef793,1156360700,49,m.saipujianshen.com/*
a63e32b041cad5093d4bc9c131d11600,1156610100,26,www.chuangtijianshen.com/*
a63e32b041cad5093d4bc9c131d11600,1156610100,41,m.yazhouxingti.com/*
a6522d577ae18a10c344e6a536113f58,1156130600,2,m.hksca.com.cn/*
a690f4c7ba262011ba44234441acf0de,1156420100,1,m.saipujiaoyu.com/*
a69a6f1b0d0f9bcf83cec8d1344dc024,1156420100,30,m.saipujiaoyu.com/*
a700d942fc57ecc6e407f4f40cca7557,1156510600,4,m.yazhouxingti.com/*
a7030c1c62595665ac99e4e68ae579e6,1156330100,2,m.saipujiaoyu.com/*
a79311b37802c0348e813b54e4bc557d,1156410100,33,m.saipujiaoyu.com/*
a799387942aa620356ea573e653562d5,1156520100,17,m.saipujianshen.com/*
a7a2cab581c68d3ac6d7690163c6fa63,1156411700,9,m.saipujiaoyu.com/*
a8283b611bb76ff9bdc88c571b8644bd,1156542600,52,m.saipujiaoyu.com/*
a86b19523ae69c29ab6fdd1112dc0625,1156510500,38,m.saipujianshen.com/*
a891d681dc2d432a9b4c244139a7d5ca,1156411400,2,m.saipujiaoyu.com/*
a89f1b5eb88e71dbee4af4fc32f68c28,1156610900,22,m.saipujiaoyu.com/*
a8a310c1a6b8cd68533e8a4f512d2efd,1156421000,2,m.saipujiaoyu.com/*
a8b247fdc0b060dd16a6e790d11adcaa,1156510100,41,m.saipujianshen.com/*
a8db32253df43261c044c3e2b697d29f,1156610600,1,www.chuangtijianshen.com/*
a9045c6a5885c6e765997522254ccdc0,1156360300,43,m.saipujianshen.com/*
a91f08d9f0696a96dc6213ca33192725,1156610700,3,www.szgjjs.com/m/*
a9c1954af0c130a4812ba30b15106d43,1156610500,2,m.saipujiaoyu.com/*
a9d8914a034737c128d18f89b654d87e,1156522400,70,m.yazhouxingti.com/*
a9da34455a9cac2ff8a301b2bd859f04,1156361000,4,m.saipujiaoyu.com/*
a9ec176a9bae04278f7fc6592ca214ec,1156610100,1,www.chuangtijianshen.com/*
a9f02f66f2f65549f8f0a9dcb461e5d7,1156510100,46,m.saipujianshen.com/*
aa07297f58ad973448a3cea09f326b48,1156420100,57,m.saipujianshen.com/*
aa0f23f1573dbae911efb649bc11e9a6,1156610100,4,www.szgjjs.com/m/*
aa1dc55fb9c45d690d6da74717232551,1156440300,18,m.saipujiaoyu.com/*
aa56adaca0db2e581d80819fc3903391,1156512000,11,m.saipujiaoyu.com/*
aa6725695350f878a398a4c6a5428a46,1156430700,31,m.saipujiaoyu.com/*
aa75337abc05e4a1ac58d09ecabb9a5b,1156610100,6,m.saipujiaoyu.com/*
aa90e686ac5f41822436d3cad84028a1,1156610300,4,www.szgjjs.com/m/*
ab8980bbe7feec304efbb67a69c64e3d,1156512000,32,m.saipujiaoyu.com/*
ab969d99edee1849ba24e3616b7ae131,1156610100,62,m.saipujianshen.com/*
abf06c591a65741560fc8f9e837307c0,1156410800,4,www.szgjjs.com/m/*
ac713d80accf4e42d38e9247b008a68c,1156442000,32,www.chuangtijianshen.com/*
ad85d101356a31d3064e3bc4ab499b7e,1156431300,20,m.saipujiaoyu.com/*
ad87d577416ff889d0bb50173dc545d3,1156360300,49,m.saipujianshen.com/*
adb822c9c8b189d7795c2c8813b72b0e,1156610100,5,m.saipujiaoyu.com/*
ae686fa505a5a0d948232a07d276ce80,1156371700,2,m.yazhouxingti.com/*
ae7f0483726e59aaeae155e277cd9029,1156420900,15,m.saipujiaoyu.com/*
aeb6dd09f20667236ceba4c72d21b087,1156510100,25,m.saipujiaoyu.com/*
afe49d7015b8eb34ea0bb10ecfd79899,1156431000,70,m.yazhouxingti.com/*
b01cd8ee1d02b73aa39de23d45c546d6,1156610100,39,m.saipujianshen.com/*
b01d4441aaa4d36ba1f328b3010102a9,1156420100,1,m.saipujiaoyu.com/*
b0354c0f2279c3dd50f3c217644ce04a,1156510100,1,www.fearless-fitness.com/*
b0620d9bf68884dcfe3cabd55f9f4386,1156610300,28,m.saipujiaoyu.com/*
b0a11678cb819630cefb9651351a5d85,1156320200,67,m.yazhouxingti.com/*
b0a11678cb819630cefb9651351a5d85,1156320200,4,m.saipujiaoyu.com/*
b0f6a6b5a0e53dd688e7fe929149870a,1156420100,38,m.yazhouxingti.com/*
b10f8d8e7131d5ff4760f2093590c558,1156511500,30,m.saipujiaoyu.com/*
b14c79563bce5ecffc14d0d1bbac7f19,1156610100,6,m.saipujiaoyu.com/*
b192ae7956d2fc4ce0123976ce532a3c,1156431000,14,m.saipujianshen.com/*
b19ad8d79deaacb0ecd6b902e56d83b4,1156510300,25,m.saipujianshen.com/*
b1db89319cafb2da6d2f5835284c5211,1156422800,5,m.saipujiaoyu.com/*
b2535e56462b8e830f5e608c98a11b9d,1156532900,1,m.saipujiaoyu.com/*
b2583aace944819a97c5c962722175c0,1156610700,9,m.saipujianshen.com/*
b2707083315961996cd152c205d8c7b6,1156610100,25,m.saipujiaoyu.com/*
b2783069876f0aaa1d29e987a30c02af,1156610100,1,m.saipujiaoyu.com/*
b2a40ca2d2b766952680ee8bad8f0b90,1156431100,15,m.saipujiaoyu.com/*
b2af3ce45f26929805af28531480ef7e,1156510400,3,m.saipujianshen.com/*
b2dbda57170e3615daf84c046ba7db8a,1156610100,4,www.szgjjs.com/m/*
b313c1136d51ec4bfea4d17dd2c1b118,1156431300,1,m.saipujiaoyu.com/*
b317314ec2f6aa9cfefdaa1c890dacda,1156511800,5,m.saipujiaoyu.com/*
b3254e2cb9bb96e3b8b52dc75c0ade90,1156430200,16,m.saipujiaoyu.com/*
b3358acf8b315fa5079fad9c91abf08a,1156130600,1,m.saipujiaoyu.com/*
b379254e13876d43c088d54c2490f8ca,1156610300,3,www.chuangtijianshen.com/*
b3942a498620ec5fde3ea3ddd9b91e44,1156410500,25,m.saipujiaoyu.com/*
b39b759df86bf73cfe3cfa2aabeda54e,1156411700,48,m.saipujiaoyu.com/*
b3b0ab4e1054794bd7f6eba4b36e8255,1156513400,24,m.saipujiaoyu.com/*
b3b5a66c72cbe1415f816d1674b27c1a,1156420100,14,m.saipujianshen.com/*
b3f9defec912f0208a00acb35830625f,1156510100,15,m.saipujianshen.com/*
b438c9373e183917da3bffc6d16becfe,1156421100,21,m.saipujiaoyu.com/*
b45cf5419d3e6f66ecb9d9af614ff950,1156510100,28,m.yazhouxingti.com/*
b4c214e4f6624e2198b9da20b6ac1873,1156610400,1,www.qingdaofitness.com/*
b4d0f4ee04926e5017bdd90800ea06de,1156360800,46,m.saipujiaoyu.com/*
b4d538e4e96d0f300b02308f8e417b86,1156420100,8,m.saipujianshen.com/*
b4d5a1c75559276c71ef99efb9c18f16,1156610100,19,m.saipujiaoyu.com/*
b516b9a71d23baea2a03b84a4b17d367,1156410400,4,www.szgjjs.com/m/*
b52c4ba40503ba9ef93d10bebf452940,1156431400,26,m.saipujiaoyu.com/*
b56aad096ef3a2ac2cff0f4c37dece40,1156420100,27,m.saipujiaoyu.com/*
b59919b8bf42e4b595bf7446017d8908,1156510100,34,m.saipujiaoyu.com/*
b64127d1075ca90264ac82505f6b5b63,1156410500,34,m.yazhouxingti.com/*
b643b0efe7dcb4423843f362189bcdba,1156610800,1,m.saipujiaoyu.com/*
b6524c5d6208285dd7392a84a02462c3,1156411600,1,m.saipujiaoyu.com/*
b66c11e2e7ccfa3d4afee64876ca2bd0,1156610100,1,m.saipujianshen.com/*
b6913f2254a3d2f1f944f27a2433c84b,1156110000,150,www.chuangtijianshen.com/*
b6ba2ed2dc3ed520e45a244e429f9e91,1156610300,25,m.saipujiaoyu.com/*
b6c7778615987ea61b3490a0f8386dc2,1156621000,8,m.saipujiaoyu.com/*
b7180f0f215821c0f106b6ef596ff88f,1156520200,9,m.yazhouxingti.com/*
b7b360d0a2b3aee0f3abf1100e54161b,1156610100,2,www.567go.com/*
b7bbbf1001822ff3e81e3bf94c306977,1156430200,35,m.yazhouxingti.com/*
b7bbbf1001822ff3e81e3bf94c306977,1156430200,36,m.saipujianshen.com/*
b7dbed761bcd678ea38ca7dc89cae232,1156421300,15,m.saipujiaoyu.com/*
b80401bbd8730ef912aa40b1788e7a00,1156500000,36,www.chuangtijianshen.com/*
b81e3c2d9a5be1727f44f10dfcd4caee,1156610400,1,m.saipujiaoyu.com/*
b86c792ecb9b7a70b33bf486a7aa7595,1156411400,1,m.saipujiaoyu.com/*
b880a78abd5a3ac5577fbabd5b78e7ec,1156610500,1,m.saipujiaoyu.com/*
b8db6a405716f6c7c75b2640f601452e,1156610100,7,m.saipujiaoyu.com/*
b90281cc2e57e1436761a9064d1a2c86,1156610100,25,m.saipujiaoyu.com/*
b9ac75e4973807037741f34db53da8fc,1156411500,12,m.saipujiaoyu.com/*
b9c39762d20df3e6d04354b2c5142b8e,1156520300,27,m.saipujiaoyu.com/*
ba305ae0f6be46e368130b9007b3fb74,1156610100,1,www.szgjjs.com/m/*
ba6e2bdabf36ce8dfa909e9fcd838171,1156620100,1,m.yazhouxingti.com/*
ba6f1523320cdc1219ed0094cfe33fe6,1156610100,16,m.saipujianshen.com/*
bafa5d31a7c3fe9763dbf4d5fbca89dd,1156610100,1,m.saipujiaoyu.com/*
bb215b91aa850093946a94419d7d69d2,1156520100,26,m.saipujiaoyu.com/*
bb415079b6283580b4b5c0dff5087e2c,1156610100,1,m.saipujiaoyu.com/*
bb4ba758875102a8d91d7a2b9a60ca06,1156360100,1,m.saipujiaoyu.com/*
bb69db610f1d816dd80d6b762ec44c77,1156610100,6,m.saipujiaoyu.com/*
bb7288b3bf49e68634f890aa84bc4837,1156610100,3,www.chuangtijianshen.com/*
bb81494836e9d69844d20f55b429512c,1156520300,1,m.saipujiaoyu.com/*
bbe3ae1b7c28bb6495eff70a226101eb,1156522200,3,m.saipujiaoyu.com/*
bc36032ee8d219fa31d00f7bc09e7807,1156610100,2,m.saipujiaoyu.com/*
bc548c508438e2adb5264049993c5f68,1156610800,4,www.szgjjs.com/m/*
bc91f5ba7412171e193b6ab9fcdaeac7,1156610100,23,m.saipujiaoyu.com/*
bc95e09cafa2d5842c40a72b165a8e9f,1156360200,33,m.yazhouxingti.com/*
bc95e09cafa2d5842c40a72b165a8e9f,1156360200,37,m.saipujianshen.com/*
bcf92aeec899c6d4a091250327075623,1156520100,4,m.saipujianshen.com/*
bd26f88e952bf5814ca8a66b39d54972,1156522200,41,m.saipujiaoyu.com/*
bd4d7b01ff073241323aa8d0ab58231a,1156440100,1,m.yazhouxingti.com/*
bd6ec70d6dd6e7f6365a0889f646a554,1156421800,1,m.saipujiaoyu.com/*
bd7cb00358b8d2398550c6b51db6cc94,1156440100,41,m.yazhouxingti.com/*
bddd2efa0c47f3dfe55461afeb5e402d,1156610100,1,www.chuangtijianshen.com/*
be01c4ba3a937b682c190f3e8627440c,1156431200,1,m.saipujiaoyu.com/*
be40a3e1439eb4cb887b27e00b9280eb,1156610500,4,www.szgjjs.com/m/*
bebb197ba71fa095cfad549345247a56,1156520100,26,m.saipujiaoyu.com/*
beda1bea6b0761bb3a4df0b4921208d5,1156610300,16,m.saipujiaoyu.com/*
befb2273271f513c118fb6fa147e8d22,1156520100,6,m.saipujianshen.com/*
bf00e8f0b6e2028d2c721c7f581425c7,1156500000,36,m.saipujianshen.com/*
bf2b4beac676e83dd5dfc33de000f9f0,1156611000,36,m.saipujiaoyu.com/*
bf921ef48036e57349888eea90141926,1156510100,19,m.saipujiaoyu.com/*
c006a807d5244aa1543221dca038cb15,1156411600,4,www.szgjjs.com/m/*
c046d6286b32532a8b42801e7f9b0d57,1156330700,4,m.saipujiaoyu.com/*
c05ceb8b0a8eaffbb063e9d7907122d8,1156522400,1,m.saipujiaoyu.com/*
c0941fc00fd731d5443f1c93992cb2a5,1156610100,4,www.szgjjs.com/m/*
c0ba6f54c87a378c47db385321891084,1156610200,26,m.saipujiaoyu.com/*
c0bfcfd5a09f9e6236f4c5a96d41173b,1156420100,20,m.yazhouxingti.com/*
c0d4e7fcd78728c37bcdc37cbc38580f,1156421000,5,m.saipujianshen.com/*
c0f38e5132d14b4b2682d84a0ccf7597,1156610600,3,www.szgjjs.com/m/*
c0f597d3c21981b907b254a39f4c6e8a,1156420700,27,m.saipujianshen.com/*
c1182a7fc27b481e4feeda4b6ae8f4b5,1156410100,58,m.saipujianshen.com/*
c1182a7fc27b481e4feeda4b6ae8f4b5,1156410100,4,www.feibaojianshen.com/*
c14244447e03d554b75faf48addcc1c9,1156610100,17,m.saipujiaoyu.com/*
c169a7d6912a094675cf17ee42ec93ec,1156610100,3,m.saipujiaoyu.com/*
c194f1770d44b744ebe6b069b5406f73,1156610300,3,m.saipujiaoyu.com/*
c19e152ee2098acfa998ef94ce695048,1156610100,2,m.saipujianshen.com/*
c1b1834afe2e72aa578c07369a3632f8,1156340100,1,m.saipujiaoyu.com/*
c1b1834afe2e72aa578c07369a3632f8,1156340100,22,m.saipujianshen.com/*
c23adacf80e1b96c3a8a3e6928633625,1156360700,41,m.saipujianshen.com/*
c2564d68ab3c3d98f8cb2cf37f02e5aa,1156610100,4,m.saipujiaoyu.com/*
c278e9bef8c5b8d574928d74efc0385b,1156410400,1,m.hksca.com.cn/*
c291e8be9c11d7ccd69ad07079583791,1156610900,22,m.saipujiaoyu.com/*
c2a4ba102300aec32e5a1a6271d87656,1156520100,26,m.saipujiaoyu.com/*
c2ddcf2d2416c1c6c1213556af26c49d,1156330700,55,m.saipujiaoyu.com/*
c338482bf7e85065665ebf38074e9bde,1156430100,1,m.saipujiaoyu.com/*
c3c61f41f0e8b918991aa01acb1e6728,1156420500,1,m.saipujiaoyu.com/*
c3d70089f7c2bc1696d1c14032a9ee48,1156610500,32,m.saipujiaoyu.com/*
c413bf65a7b193caa9602f8ffcea2e65,1156421200,18,m.saipujianshen.com/*
c4a1e65da1ed29d9554a47d32e057c84,1156610100,4,www.szgjjs.com/m/*
c4f5be20fa3333e1ffe50fa553102627,1156510100,5,m.yazhouxingti.com/*
c4f86deed6f4f73f5c3dd35b62466fb1,1156430300,38,m.saipujiaoyu.com/*
c4ffc20e14b2e0749bc06cf5ff4f1b2b,1156360100,34,m.saipujianshen.com/*
c500121a529cafe923117e2a64bf1f98,1156431000,41,m.saipujiaoyu.com/*
c582f6ec0e7033681ba0148bd159acb9,1156610100,1,m.saipujiaoyu.com/*
c599299ed897abb0c0fcc5deec1116f5,1156522700,4,m.saipujiaoyu.com/*
c5da4077134215a0d11a5cb722769747,1156430100,25,m.saipujiaoyu.com/*
c61b501a6ffa3c954b925494d056e638,1156420200,1,m.saipujiaoyu.com/*
c61d178f94772588d0569aaca08698ec,1156500000,8,m.saipujiaoyu.com/*
c6b2a01c85f7a19709807211a302228e,1156610100,3,m.saipujiaoyu.com/*
c6b360550da5a9f1667e9bdf04b0c249,1156511800,31,m.saipujiaoyu.com/*
c6cc3643cf5af32fbab1df706c891d2d,1156610100,1,m.saipujiaoyu.com/*
c6f2cc5e899288bd0e8088df4d06033e,1156610500,4,www.szgjjs.com/m/*
c6fa5e90f4f6854bc5e088014279f746,1156610900,1,www.chuangtijianshen.com/*
c74f209a472a3e27a955cf8a27e4028e,1156421800,7,m.saipujiaoyu.com/*
c74feb51fbb264d620cf434ee29afb60,1156520100,2,m.saipujiaoyu.com/*
c7752f08f328fc545e2653464f9c7116,1156420200,1,m.saipujiaoyu.com/*
c78eec7db89372381c97936e410058a0,1156430600,27,m.saipujiaoyu.com/*
c79b5b920bffc3a6f4e989b9e111a817,1156411300,3,www.szgjjs.com/m/*
c7a414338ecd3cfba3ee4ce87e15ba63,1156410500,4,www.szgjjs.com/m/*
c80a51cb9c64fb39ecd8d674abde5d12,1156610100,3,m.yazhouxingti.com/*
c80abc3f483f7a1c949e9f003839610d,1156510900,26,m.saipujiaoyu.com/*
c82b2337401d5487892f96a30ee81f14,1156610100,2,m.saipujiaoyu.com/*
c86da656be8db75256391db8f1ca0d7d,1156431200,26,m.yazhouxingti.com/*
c8bfb6b9c198a09298cffb7774013199,1156360900,29,m.saipujiaoyu.com/*
c8e044de92144d4783f579e657077105,1156360100,25,m.saipujiaoyu.com/*
c91c8c4cb338c5f5d03dd45ad2537d90,1156410100,1,m.saipujiaoyu.com/*
c9680e9b619a3392c7b53c011153d3b6,1156610600,19,m.saipujiaoyu.com/*
c97b68ed2b6d24470edc77f8bbdc5631,1156510100,1,m.saipujiaoyu.com/*
c9b2c7efbab517007444871bd3a69da0,1156360400,29,m.saipujiaoyu.com/*
c9b53d14c1eb9e442333a473d907217c,1156431100,1,m.saipujiaoyu.com/*
c9d55b4aa891ae8ef56db0e537d58410,1156610200,2,m.saipujiaoyu.com/*
ca2e843ed3dd8122f679ff514b7dc37b,1156520500,2,m.saipujiaoyu.com/*
ca499fd76a19e4616866817f7103e3ec,1156610700,6,m.saipujiaoyu.com/*
ca63b35e4ebbab6955d552f1c670ff69,1156610100,1,m.saipujiaoyu.com/*
cac5731fd890d7d8610ec18390a85b4a,1156510600,1,m.saipujiaoyu.com/*
cacc67db4a9ce1d8990cb5bfc773d993,1156522400,7,m.saipujianshen.com/*
caee60cebe778aaa45ce89054d40e592,1156411400,8,m.saipujiaoyu.com/*
cb18b9b397935f1f55fba3ba6675880a,1156610500,3,m.saipujiaoyu.com/*
cb48716436271fe1caef1549fe310e4a,1156511500,16,m.saipujianshen.com/*
cb82695e67850a0c83c031f068d80d28,1156420100,21,m.saipujiaoyu.com/*
cb82695e67850a0c83c031f068d80d28,1156420100,27,m.saipujianshen.com/*
cb8964de9fda99be87bdc11ca1abdae9,1156632100,18,m.saipujiaoyu.com/*
cc185810c5021d77f58f2fb0b741498d,1156610700,3,m.saipujiaoyu.com/*
cc2b5478ba75d548d8f391c60f8ba3b0,1156360200,26,m.saipujiaoyu.com/*
cc2dd6076f655eada178d9aeec9ad357,1156360100,22,m.saipujiaoyu.com/*
cc48a86a2a3da610873cef3de0207cd5,1156420100,18,m.saipujiaoyu.com/*
cc7e368ba201a8d44424f549e4852592,1156650400,2,m.saipujiaoyu.com/*
cc9763191d7f703fd4e7be0a8e931613,1156510100,32,m.saipujiaoyu.com/*
ccbc91806e2a5f881968bdc40b9e24e2,1156610900,1,m.saipujiaoyu.com/*
ccc3c3230fbed5b2a18f02ec499ba3c0,1156410400,31,m.saipujiaoyu.com/*
ccdd60e28dfa07659a99560d2ef1b9de,1156610500,3,m.saipujiaoyu.com/*
cd9527fa9c33d308990063a82cbe7dde,1156610100,1,m.saipujiaoyu.com/*
cdb89687e016965746579da0de7849bb,1156510100,14,m.yazhouxingti.com/*
cdfa5aaa4b4567189344aa010754ebe7,1156411000,1,m.saipujiaoyu.com/*
ce7bec8f7bdcaf2bcf99993c842e5019,1156330200,40,m.saipujianshen.com/*
cf1f2eeb391e449edf93216f56f6e4ee,1156510100,1,m.saipujiaoyu.com/*
cf3fef6ad64ab5f57264391b4f3d87c9,1156610100,2,www.chuangtijianshen.com/*
cf4e37d754a9fb7965e0e2ac2036129f,1156610400,16,m.saipujianshen.com/*
cf96f8073783fb0acc57ec031f5f0df9,1156511700,44,m.saipujianshen.com/*
cf9c94cbfbe9a8c56875c590eea372d9,1156511500,23,m.saipujianshen.com/*
cfc592ff4752db4893f6a0bee6f097c1,1156420100,45,m.saipujianshen.com/*
cfcd208495d565ef66e7dff9f98764da,1156610200,26,www.chuangtijianshen.com/*
cfcd208495d565ef66e7dff9f98764da,1156610500,1,m.saipujianshen.com/*
cff6ba56e300a3ad3e55a069e1b48e29,1156430500,31,m.saipujiaoyu.com/*
d0131abfb10dadad83b079835a26de36,1156610700,6,m.saipujiaoyu.com/*
d064e361d587226851925816c19d13ec,1156510300,49,www.chuangtijianshen.com/*
d089a1903bb7dd6b6c194cb313390f26,1156361000,39,m.saipujiaoyu.com/*
d0ae06804407421f9cde59582a0e7e28,1156520400,2,m.saipujiaoyu.com/*
d0bbdf95883cc5baa110e082ee3a5538,1156610300,2,www.szgjjs.com/m/*
d0be68e06cbcf8e5c26610a2d573bf0e,1156411400,23,m.saipujianshen.com/*
d0d1892fb8eaa40b713c3c55774db574,1156360800,42,m.saipujianshen.com/*
d1000985474f9332dee8610fb90e86e6,1156421000,42,m.saipujianshen.com/*
d178d0a60b691d4de2937d6c207ebf72,1156610400,2,m.saipujiaoyu.com/*
d1af42224223da623e1d9661d71da5a9,1156420700,5,m.saipujiaoyu.com/*
d1cd226052b0f8ff013b11bb9250ff1f,1156510300,2,m.saipujiaoyu.com/*
d1e0d34f09fafa62b450444770e994e9,1156610100,4,m.saipujiaoyu.com/*
d205c05486f0c0e318c5c89c151d946a,1156310000,6,m.yazhouxingti.com/*
d217375c0adb3bf24c83c54e62f37309,1156610200,5,m.yazhouxingti.com/*
d24764f7b5a96a750f010715401c2876,1156610500,32,m.saipujianshen.com/*
d26cf30c153cb7e681588c009dd8b6c7,1156522400,23,m.yazhouxingti.com/*
d27b28f40772678762727eae3dcd3d21,1156360400,22,m.saipujianshen.com/*
d28ef33176c0bdc227d4370bb514e799,1156420100,2,m.saipujianshen.com/*
d2a7155ad1458267d9a4e87ce394cdf3,1156513200,18,m.saipujianshen.com/*
d2ae099658dda6a27e9326a8737ddc30,1156410100,25,m.saipujianshen.com/*
d2d51440d9df9dc9166865698908b870,1156610100,24,m.saipujianshen.com/*
d2f311876a24d73bef3aaa64b0685ef6,1156510100,17,m.saipujiaoyu.com/*
d33a210b954fe6ad02bf9930546b97bd,1156510700,21,m.saipujiaoyu.com/*
d3c0b969f71d45ae2b2fa2f6881b14a9,1156610800,1,m.saipujiaoyu.com/*
d401ef1486f71e88f64a07c5e9509b41,1156610900,1,m.saipujiaoyu.com/*
d4324609c157b2fd580bbd7c5dfd277a,1156430500,38,m.tytyedu.com/*
d436afe99ce06821b7b718ed28548610,1156441300,1,m.saipujianshen.com/*
d4d81deec9a4c7cbdc073ed15d95164e,1156420100,29,m.saipujiaoyu.com/*
d4e52c2b50f2d915038195e02cf9377b,1156522400,34,m.saipujiaoyu.com/*
d5310267bd5c8aa88bdd69632007e636,1156410300,37,m.saipujiaoyu.com/*
d5326bb07be9908d29df0b22310b2b3e,1156130200,4,www.szgjjs.com/m/*
d538a1901746605a4fde8f92f5062380,1156510300,19,m.saipujianshen.com/*
d539957559cf446dd3b8268085949daf,1156430800,37,m.saipujiaoyu.com/*
d58527bafdb50c115b009e26b8577b60,1156610100,1,m.saipujiaoyu.com/*
d5dd9fb3fbfd4ffd3303d57136756ea1,1156410800,5,www.szgjjs.com/m/*
d6213c11412a6142c3a6c1e8c6acda12,1156520100,11,m.saipujiaoyu.com/*
d6510b122bd0b0b76e610002e78f0998,1156610500,2,m.saipujiaoyu.com/*
d662d7184a605e68dc65b38dffb96efa,1156610100,4,www.szgjjs.com/m/*
d693fbd4089dd5046b985216a60cc2f8,1156410700,4,www.szgjjs.com/m/*
d695b772b4fa07ad155f11a587fdd5fe,1156610100,3,m.yazhouxingti.com/*
d6c84f8ada523b8f41a4496649994527,1156510100,80,m.saipujiaoyu.com/*
d6d580e1675a07b177c963cebe058767,1156511700,11,m.saipujiaoyu.com/*
d72fabd8667aeba9330e8023119397e8,1156410100,2,www.szgjjs.com/m/*
d739a72e6e3412fa721a6a72ccfd2ec5,1156520300,2,m.saipujiaoyu.com/*
d7fd46aa2ae5ec93715a450f879aeaa5,1156520300,80,m.saipujianshen.com/*
d81c5d6956d0a287a229744812c56045,1156360100,18,m.saipujiaoyu.com/*
d88e3ced1a7f0102fc26ceb775a25569,1156510100,3,m.yazhouxingti.com/*
d8a53805ff8d258fdce26046a5f5ea52,1156421800,1,m.saipujiaoyu.com/*
d8bf8e8db0d11d7a5b31755a3b6fa22b,1156610800,20,m.yazhouxingti.com/*
d97585aa77778d61294ed1e9d18c18dc,1156430400,20,m.saipujiaoyu.com/*
da44deda062a0c71bf10d27485e6f78f,1156610400,10,m.saipujiaoyu.com/*
da7e7c404dca85240807496204eaf694,1156420500,1,m.saipujiaoyu.com/*
da9dbd4f5b584a2f7c5084cd7515c45e,1156420100,8,m.saipujiaoyu.com/*
dac9ef75efe8550bc28a4ad364992be7,1156510500,1,m.saipujiaoyu.com/*
dae2a338a8bcb8ccddc92647bad0ce26,1156610500,3,www.szgjjs.com/m/*
dae79ec3657d814631f715efe624682c,1156610100,1,www.szgjjs.com/m/*
db872c2704ccf981958f866899eec4f1,1156411000,1,m.saipujiaoyu.com/*
db981436ae112c0998d74f9647531592,1156411200,18,m.saipujiaoyu.com/*
dbf736255503d0136bc5134225e66c38,1156610100,31,m.saipujiaoyu.com/*
dbffbe6c2ba00dfe6487b311558962d0,1156610100,18,m.saipujiaoyu.com/*
dc03adb593e2730a46c996355de78f64,1156610600,1,m.saipujiaoyu.com/*
dc141eed2fef377bd5fd22856dec88ac,1156610800,1,www.chuangtijianshen.com/*
dc18c2b8c69cfb27dc786b0d84a5b3b8,1156610400,1,m.saipujiaoyu.com/*
dc2356531e62a3ade3e006e59d4d8850,1156511400,38,m.saipujianshen.com/*
dc4099ab4746e70dbd5aef8258a1dc7c,1156510100,9,m.saipujiaoyu.com/*
dc5b2c32b4b9d617c72d2cca0ae533af,1156610100,5,m.saipujiaoyu.com/*
dca15cd58aed908fdf5a1ccfbd1b14a6,1156360500,5,m.saipujiaoyu.com/*
dcd43811774ef2c619e39c03d775edd8,1156610100,2,m.saipujianshen.com/*
dcd4db804497243c255afeca8e5f9583,1156510100,14,m.saipujiaoyu.com/*
dce412cca2757d2f51045bf5a4261a68,1156420100,34,www.567go.com/*
dd25cd296fbb049f4c49ff12d70d96ec,1156361000,26,m.saipujiaoyu.com/*
dd9fb0c139d8991b4f593bca9750255a,1156410100,4,www.szgjjs.com/m/*
ddac5db89616a6864e543a05bb9b0333,1156361100,1,m.saipujiaoyu.com/*
ddf4f04a91201ee2a9d13c4567ba7250,1156410900,13,m.saipujiaoyu.com/*
de10f255f15f544917640e6e078b6952,1156513300,26,m.saipujiaoyu.com/*
de18b24d6cc71709e5223190f263d846,1156420300,47,m.saipujianshen.com/*
de2b660e8d4aa89893de30e8a3caac0a,1156522400,32,m.saipujiaoyu.com/*
de47ddff8472f91a96e62c2bd9af752d,1156510100,30,m.saipujiaoyu.com/*
de89fd733d62bf7416f6e062a1df547c,1156140800,1,m.saipujiaoyu.com/*
dea1dacbbeccee159bd3c3ec3d3d1399,1156610100,1,m.saipujianshen.com/*
df4daaecde8558d5273d7ed165a9425a,1156513400,1,m.saipujiaoyu.com/*
df6c63db581b57836e1bb70605ea6882,1156430300,1,m.saipujiaoyu.com/*
df8d8075116bcf961066c2693c33b66f,1156420500,61,m.yazhouxingti.com/*
df99abc4d2fbd8152e9ae8a69c508804,1156421800,4,m.saipujianshen.com/*
dfa96a7c459a29678ffeb63822991959,1156610100,17,m.saipujiaoyu.com/*
e014bed03f7ed12872730cf5d038e286,1156511000,14,m.saipujiaoyu.com/*
e036a4034ccbb70ee103b1319b273756,1156610100,33,m.yazhouxingti.com/*
e11463562d3bc011c71eae276d638a50,1156610600,1,m.saipujiaoyu.com/*
e15dd45911e6c7f98564aff75da30e25,1156410400,6,m.yazhouxingti.com/*
e17b6a295349b2f5d0e83483c6d54347,1156522600,7,m.saipujiaoyu.com/*
e1d6fa02d1796ff5e59fe0820dfa880b,1156511700,6,m.saipujiaoyu.com/*
e263a48760c00704852f59ce6ee4b954,1156411600,16,m.saipujiaoyu.com/*
e266f6f8bd9bfaa80c2dfa6c4f26a600,1156430700,16,m.saipujiaoyu.com/*
e2763cde05647c0cb9729f631265da90,1156532800,80,m.yazhouxingti.com/*
e29b5b3bcfe66b399c78ae849fea5978,1156611000,3,m.yazhouxingti.com/*
e2a5ce5939648bd4a994163efeedd8a6,1156522400,3,m.yazhouxingti.com/*
e2dc795c2a88e1d99f73149fd7187642,1156421100,7,m.saipujianshen.com/*
e386f525c9c83a5d8b449cd351a19b9c,1156110000,2,m.saipujiaoyu.com/*
e3e1fd79f6bc1bde369f06f8f3f87591,1156411700,24,m.saipujiaoyu.com/*
e3ff03be96ccc0bb45f8b820a9f3f9ca,1156511600,2,m.yazhouxingti.com/*
e3ff03be96ccc0bb45f8b820a9f3f9ca,1156511600,34,m.saipujianshen.com/*
e4071dd056b67c9047ffeb24b8b83b18,1156621200,2,m.saipujiaoyu.com/*
e40b1a69d4289f279c6c7b1232515166,1156540100,74,m.saipujianshen.com/*
e4270862aa01df1d9319319e2dc02bd0,1156110000,1,m.saipujiaoyu.com/*
e4933dfaebec5e2aceb1efd0e1aea530,1156511900,1,m.saipujiaoyu.com/*
e4c69abee5acd3230fddcf0b7667f009,1156500000,69,m.saipujiaoyu.com/*
e50d8905a8a3d6579110e824bed0aeee,1156410800,4,www.szgjjs.com/m/*
e51344e5878d31aeb6fc7f38c3c89106,1156610500,4,www.szgjjs.com/m/*
e52199a715cda97d35b4a89350bfb6a4,1156430100,14,m.saipujianshen.com/*
e5453f5d23ee63358e4cbabaef8ee9bb,1156620100,34,m.saipujianshen.com/*
e55a89c7ae08ef5fa4dcc77c9117f5aa,1156220700,3,www.szgjjs.com/m/*
e5af167421f90df807fcbe17f215aaca,1156431300,34,m.saipujiaoyu.com/*
e5d810edea39ffa1daefc79bc95f0dd6,1156510300,5,m.yazhouxingti.com/*
e613dc01262623e85ab638039c70d939,1156411700,30,m.saipujiaoyu.com/*
e6465723f27e4fbd86f551d99266f686,1156511000,2,m.saipujiaoyu.com/*
e64eb9729381473140b2baf63f462f07,1156520300,12,m.saipujiaoyu.com/*
e68edfe8dc268b972ed1fd56c95d48c6,1156420300,13,m.saipujiaoyu.com/*
e69ca2eb5eb09da5a4beb3d2a5506fe2,1156360700,7,m.saipujianshen.com/*
e6fbbb2a91ced80acc769aee82eb593b,1156130100,4,www.chuangtijianshen.com/*
e70d05fbb95bf5093ddf524f9f47cc60,1156510500,22,m.saipujiaoyu.com/*
e71f3aec80266a5123ccd08f35fef093,1156513400,4,m.saipujianshen.com/*
e74d9f4293033fa2de355c3f56a0b15b,1156522300,37,m.saipujianshen.com/*
e7ce4931f1eee4b1e7e395c894c70a19,1156110000,38,m.saipujiaoyu.com/*
e7ce4931f1eee4b1e7e395c894c70a19,1156110000,63,m.hksca.com.cn/*
e80136c31ce2dfa8f0e0a66bb418f086,1156610400,3,m.yazhouxingti.com/*
e8177f2fc69306ed424672740ff62296,1156422800,2,m.saipujiaoyu.com/*
e8d33363e31d22d46f23348455478c34,1156510500,34,m.saipujiaoyu.com/*
e9499dd24a5a7ea182d9b7d8044a5320,1156410100,1,m.hksca.com.cn/*
e9daa4e4675a78e2a76d99b02feaa0cc,1156360100,1,m.saipujiaoyu.com/*
e9e6c0df80b5b4f3a129d1efbccd34e5,1156610100,6,m.saipujiaoyu.com/*
e9ffc094debcb610654e9bfd69b5dc9f,1156411600,25,m.saipujiaoyu.com/*
ea09c319721e981525fe8bdde617f297,1156510100,2,m.yazhouxingti.com/*
ea3559206a6d6add8f3921ad286c1445,1156610100,1,m.saipujianshen.com/*
ea820b9841eea64727ba1a32148abc00,1156522200,35,m.saipujiaoyu.com/*
eaed63d0e9b05f55b40790662a01e323,1156610300,5,m.saipujiaoyu.com/*
eb2efc10ad9e1a5f96892d0adab7b3fc,1156411600,1,m.saipujiaoyu.com/*
eb45e5a8cd64c5c54323dd39caecaf1a,1156410100,18,m.saipujiaoyu.com/*
eba0aa50353cae31d127b426ba97ad76,1156610600,29,m.saipujiaoyu.com/*
ecc4dcbf9677abbe32ed9d5a8674c246,1156410300,9,m.saipujiaoyu.com/*
ed09331496f94f1d4bc385e3162db3c7,1156330500,5,m.saipujiaoyu.com/*
ed946674d40772e9ede71bccd30e88ae,1156610100,4,m.saipujiaoyu.com/*
ed970358e5d2050bddf0009c3cdac87e,1156522300,19,m.saipujiaoyu.com/*
edd38fa6e23a20fbc9fe3a4997fb721b,1156510100,48,m.saipujianshen.com/*
ee37a98059d3ad3e165f1a620e07ab9f,1156330600,35,m.saipujiaoyu.com/*
ee53277db01e65922520324d1b5ba2ed,1156510100,31,m.saipujiaoyu.com/*
eec9f14dfb3ec8b24286cfe6e1597553,1156360900,14,m.saipujiaoyu.com/*
eee08d37b3492fd7eb129e9c732cd686,1156610600,25,m.saipujiaoyu.com/*
eee4fd9359ae20287723243c3a422887,1156421800,22,m.saipujianshen.com/*
eee52bb5a2a9b260e79610859bf22e27,1156510100,1,m.saipujiaoyu.com/*
ef383708aa0e5c4f576a80a48dcaf856,1156410100,39,m.saipujianshen.com/*
ef682c336607c1e00d421979441f2de0,1156421200,25,m.saipujianshen.com/*
ef7ea6a46ca9b63c926dd1d52ecba942,1156510700,39,m.yazhouxingti.com/*
ef9b9eafbc1a1834d13c54e45359711a,1156610100,3,m.saipujiaoyu.com/*
efbc0e328b9fe76650163cb7ebe9c2fb,1156420100,31,m.saipujiaoyu.com/*
efc6ba67fd13a7acff935c8fc9103d60,1156610400,26,m.saipujiaoyu.com/*
f00c35390652fd81f15cbb060054f207,1156421200,11,m.saipujiaoyu.com/*
f03789170af6cd9d486d094ec9bc6c06,1156430600,15,m.saipujiaoyu.com/*
f051bba000f4eedc953dfa3460ea2969,1156410100,37,m.saipujiaoyu.com/*
f07a171d61d96bbbd94e001501ca5bc4,1156610400,2,m.yazhouxingti.com/*
f0af6eacad13848be5162f624632e858,1156511400,68,m.yazhouxingti.com/*
f0d952e0253f4ef8f795b78cc793f473,1156610100,25,m.saipujiaoyu.com/*
f0ecc37677cb101872c88394f2829005,1156610100,1,m.saipujianshen.com/*
f129801adcf273b5199989f4e0973e69,1156511900,45,m.saipujianshen.com/*
f1386807095719d0f1ba8f3ce5a3e461,1156131000,1,m.saipujiaoyu.com/*
f1f17055a027366acd8f1801325c1dea,1156520100,12,m.saipujiaoyu.com/*
f21074a70ddccbf776666ce182bec6c5,1156411300,11,m.saipujiaoyu.com/*
f2374ff2e439c39beb8d8734537d0012,1156520300,1,m.saipujiaoyu.com/*
f23aa5a19d0b2e2f7f044b5df23f0df2,1156360100,22,m.saipujiaoyu.com/*
f2ba7a33e09da2a5fabb4a5eb32e1176,1156610400,1,www.szgjjs.com/m/*
f2e4a7be947adb02a3b818dc2ea090e7,1156610300,1,www.chuangtijianshen.com/*
f304f1a9ee4135e2f88d86850483fde0,1156411700,9,m.saipujiaoyu.com/*
f30ee8e30e02392fd8ff3154f4b63639,1156610400,15,www.chuangtijianshen.com/*
f31e782a42d4857dbb51f7e05734b405,1156610100,17,m.saipujiaoyu.com/*
f338efa8027d2612382415cec4d18b22,1156610800,29,m.saipujiaoyu.com/*
f3398c3a3612dafdbc1e0779b4534ab2,1156610400,5,m.saipujiaoyu.com/*
f3a7a0b328c89d2885954bfe05e96142,1156361100,43,m.saipujianshen.com/*
f3b5742c70da81880d940cfd6d047b2a,1156620600,20,m.yazhouxingti.com/*
f3c97f7a64f09ce63abc84659370c28e,1156610100,1,www.chuangtijianshen.com/*
f3dac4da49a1c505ad44994ee6ef8183,1156530700,8,m.saipujiaoyu.com/*
f411c02508dddd4c47b0f889a1d91daa,1156520100,11,m.saipujiaoyu.com/*
f47c07cf9346519b67d5f507c1f00200,1156410100,32,m.saipujiaoyu.com/*
f4b364e5a75a297fca12a8608a5e39e4,1156421200,8,m.saipujiaoyu.com/*
f50d9808cb8610864000e729ff0b377e,1156611000,2,m.saipujiaoyu.com/*
f531ca1126187afe93b728a875cf0084,1156610700,27,m.saipujiaoyu.com/*
f5602cadbda1be405c5e836f4d947f5c,1156421500,19,m.yazhouxingti.com/*
f56f856987f34105dc5881523c468e03,1156510700,14,m.saipujiaoyu.com/*
f57ce56d3ea3bcab86859dac18cdfa34,1156610900,6,m.saipujiaoyu.com/*
f58d883f8dcbe5fbe2f6321e2d12f3e3,1156510700,27,m.saipujianshen.com/*
f5ef8fecbc0025931749f22a37639ec0,1156610100,2,m.saipujiaoyu.com/*
f63ded2b4187c71adda2d31eeba172ea,1156610600,2,m.saipujianshen.com/*
f66e2f0edfa82d08e6ddd1063fb236dc,1156522700,6,m.saipujiaoyu.com/*
f737a206946702a16dc145f1f16ca4f6,1156510100,21,m.saipujiaoyu.com/*
f74c06caeaf613eeb9e97be51135cf0a,1156522300,26,m.saipujiaoyu.com/*
f751fe5985f14dbf2f231b63d982484d,1156520400,14,m.saipujiaoyu.com/*
f83b9c735b90330491d9568aaeeabf23,1156610100,8,m.saipujiaoyu.com/*
f84ac3390f0201a7c79d1b7f23efc20d,1156520400,1,m.saipujianshen.com/*
f85275ce61ad00815d7ba0d94f325309,1156610500,6,m.saipujiaoyu.com/*
f85ed4efd19bad0f50f5582efa1b7c4b,1156421800,1,m.saipujianshen.com/*
f885e4327949b799a2f3cad4c1e39f82,1156621000,23,m.saipujiaoyu.com/*
f88d34627e6db9e3504586fd87cca007,1156610600,31,m.saipujianshen.com/*
f8963280c27273cca666e0b401cbbc7c,1156611000,3,www.szgjjs.com/m/*
f92219dd790808f3461ec0457f938bea,1156430700,24,m.saipujiaoyu.com/*
f92c3b703a3c8bb20604cc35f9326d7c,1156360700,32,m.saipujiaoyu.com/*
f945e02570bdce56963a10ffab0c8363,1156610100,36,m.saipujiaoyu.com/*
f955f14b77423a7f6d7fedcc1b99957d,1156610700,1,m.hksca.com.cn/*
f9ab51e11c076c87d6614d7dc3de7a05,1156361100,1,m.saipujiaoyu.com/*
f9ac7a9ab87dd66e0dacaae2a07720c7,1156420800,2,m.saipujiaoyu.com/*
f9d76d08e980ab9e8a1b4c67e9f6632f,1156610500,20,m.saipujiaoyu.com/*
fa5cfea8019d27aca387d6fe13c1d128,1156360900,14,m.saipujianshen.com/*
fa87f3f8c140e641683b409676e08937,1156421100,27,m.saipujiaoyu.com/*
faa6f62836c33e383a87566bb100cd61,1156410300,1,m.saipujiaoyu.com/*
fae52602448d62cc3827e123085c6910,1156440100,64,m.saipujiaoyu.com/*
fb1b300ce8201a067ae5f1cc56b9b371,1156420200,29,m.saipujiaoyu.com/*
fb4c6fa9dc4e4b0b8ded1baae87bcdb5,1156330300,32,m.saipujiaoyu.com/*
fb81d20e296cf0b458cfa5923f391b78,1156522200,31,m.saipujiaoyu.com/*
fbc14756957a64577fa1ea0b570f5d7c,1156610100,4,www.szgjjs.com/m/*
fc17071a5c25df368566e85ffb0064a3,1156420800,1,m.saipujiaoyu.com/*
fc34778295021684b9fff38bafeb32fb,1156520100,33,m.saipujiaoyu.com/*
fc5312948333c475df5f96791ae97fc5,1156410300,1,m.saipujiaoyu.com/*
fc6ef8e8748ed937e0af2aa1251dc09a,1156420200,22,m.saipujianshen.com/*
fc7e79e8e9084b07febc684d45ded948,1156610400,3,www.szgjjs.com/m/*
fcb522af6bc40177c63b8be82b4a1d79,1156421100,17,m.saipujianshen.com/*
fcd34164a68a04ec505ccfde01ffc22f,1156610400,9,m.saipujiaoyu.com/*
fcd428f080003a3d50b1a424521ac335,1156510800,4,m.saipujiaoyu.com/*
fcf0a7c0617efe904bd4e40d4a6d6932,1156420100,1,m.saipujiaoyu.com/*
fd23cac44eb5836c5fa1a6de69b4d6f7,1156610800,1,m.saipujianshen.com/*
fe4f9c8eda0aa1f79012f93725282045,1156430400,38,m.saipujianshen.com/*
fe5a2950d5e5a17f65bc331183a864f4,1156440100,48,m.saipujiaoyu.com/*
fe839b7884833da17f169b1ba51b03f6,1156511400,9,m.yazhouxingti.com/*
fe8709e88c302c079a0a09a263f32860,1156420200,7,m.saipujianshen.com/*
fec5820fe6475192ce4b3d780ef1ff38,1156520300,5,m.saipujianshen.com/*
fee9ccd30cf124dc7b240494c1e39783,1156511300,28,m.saipujiaoyu.com/*
ff23575e22bab8e20f553073ed753d44,1156110000,68,m.yazhouxingti.com/*
ff23575e22bab8e20f553073ed753d44,1156110000,8,m.saipujianshen.com/*
ff2ddfcd256a329848b32f778e77266a,1156360200,29,m.saipujiaoyu.com/*
ffb5ce328a23d89abf3f39fa4bb53583,1156420100,11,m.saipujianshen.com/*
ffbb1e25cfbfc1b5304abb60c2f136ce,1156520300,1,m.saipujiaoyu.com/*
fff22ca2ec8cfeb99836bf0abd4667ff,1156610600,1,m.saipujiaoyu.com/*
