073a13de31dbf1b21d5be953202b8484,1156440500,1,wangxinluye.com/*
1719e7a19f5582e2e97f47b7d417e04a,1156540100,6,wangxinluye.com/*
1723c29c516af5bc3c7c70e011a57fcc,1156512000,3,wangxinluye.com/*
20111e4d8de8fbc68aaeaa03bb28018a,1156360100,28,wangxinluye.com/*
23e37b227d5c01850a3c60dd99202b43,1156341200,1,www.ynxd.net/*
3a70317c285ffa7a13c3517c799a3f46,1156500000,29,wangxinluye.com/*
4afb5c1588672f340c0eb31e7c8cc03d,1156500000,33,wangxinluye.com/*
4ed4f8c844c0b76872421a0a40c88cca,1156130100,1,jbk.39.net/yw/*
550af2567204fc1b8091453384cb6f50,1156430800,1,www.ynxd.net/*
5fe48ec4b776893c5274862a8fa0bf1d,1156110000,3,www.ynxd.net/*
67545f071f9c635d127a4bc508e01c50,1156220100,15,www.dongaoluye.cn/*
7ec86ed0160d85fba74a5d93b97e7c42,1156350200,3,wangxinluye.com/*
83366261a4d10ad626e16f7e0ee2a7c3,1156410400,33,wangxinluye.com/*
a197df2724a085c4d896516fc9324a86,1156220100,1,www.dongaoluye.cn/*
b6bb92f7d1ab717fac9a85fd64378d19,1156220100,18,www.dongaoluye.cn/*
dc72e8b834d20953d75e02589f20c94d,1156510100,1,jbk.39.net/yw/*
e3b587f697fe17a6214ea69d0aaa4017,1156150400,2,jbk.39.net/yw/*
e843f04fe3281e7a57eaa6fa9e67dcbe,1156431000,27,wangxinluye.com/*
e9e0ea2942acc03fa227eae8492e55cb,1156370600,1,jbk.39.net/yw/*
f79700167327d0fc6fa70de9a23881d1,1156110000,2,www.ynxd.net/*
