000d6552e85d40b25d8cc9096e5d869e,1156330400,1,bg.zhang8.com.cn/*
00b7732f0de00fb162f7ac73532dd409,1156330300,3,bg.zhang8.com.cn/*
00c6c98017c98914e5df0ac3191f8f9f,1156130100,1,bg.9fanfan.com/*
00ce7878d09ffabdfa6c2a177ee35839,1156330600,11,bg.9fanfan.com/*
00cee5ec90e4b7e691e75fd9853b7cb7,1156451000,1,bg.9fanfan.com/*
01058cf304eb46b450b0d370e8bea695,1156500000,1,m.gushengwang.com
013e06d3190a331bc0f64b56fe4b07a9,1156340100,87,api.niudian8.cn/*
01f8c99275c7ca28e4c661e615b55438,1156513400,53,bg.zhang8.com.cn/*
01ff6e943915feb492404655f34d3648,1156430600,1,api.niudian8.cn/*
0217bf3da5548fb877ce662e550365bf,1156130200,1,bg.9fanfan.com/*
02cd7dd384ecb1aa2c8bc83e52f67d9e,1156440300,28,m.gushengwang.com
034ca4a182c09165c48e0767418f74fc,1156330400,1,bg.9fanfan.com/*
035c6a40e3516de10c07dca1958f6bc8,1156340200,57,bg.zhang8.com.cn/*
0365d417bfbdb86c50f5e9f6a2d9477b,1156511400,197,bg.9fanfan.com/*
03664bbb5190b26b1cbf41443549ba04,1156430100,29,api.niudian8.cn/*
0375385fe58170d048a1ad24329e932c,1156340800,1,api.niudian8.cn/*
03796ad9792cc5820e0e844ef35d2eb2,1156320500,272,bg.9fanfan.com/*
0379ccc14f6ca3f96796f07f8cbbd580,1156310000,11,bg.9fanfan.com/*
03a36b9498f0be4de6cf73de6de4cdbb,1156420100,133,bg.zhang8.com.cn/*
03a8c14f9128ce7138602a34a65d0099,1156450300,1,bg.9fanfan.com/*
04079e07c9833031e52d4374492caeca,1156370800,1,api.niudian8.cn/*
040f3f076cc993e0509ab714ad439219,1156130600,876,bg.zhang8.com.cn/*
0425eaf01f2e1327c3c9c2d9a50f8bc5,1156320700,1,api.niudian8.cn/*
0428b7975b0c0bd574e0623bac076ed9,1156330100,1,bg.9fanfan.com/*
04b8444408f16def6861f6f913a23433,1156371500,7,bg.zhang8.com.cn/*
04ce2c88ed37d92f411f44f668469327,1156210200,1010,api.niudian8.cn/*
04ee34921daa17d7b21246c4ddba6612,1156371700,1,api.niudian8.cn/*
04f04dc8a1cede2bf97857ca11a0de72,1156370100,1,api.niudian8.cn/*
054a7c2f0e3a6cabcf4f0a39a316167d,1156440300,24,bg.9fanfan.com/*
055800d936ae1db71905e4dc3a71c5f9,1156341200,25,api.niudian8.cn/*
056fa193056da5f380eb0db63f3d24f8,1156610400,623,bg.9fanfan.com/*
0572f29ae1fcf6d6db6ffe33fd61c571,1156371500,1,bg.9fanfan.com/*
05800f29416ae9b3582bc96c4eb6219e,1156440700,123,bg.9fanfan.com/*
05c273bf47952a4e62affa77cd045733,1156341200,1,m.gushengwang.com
0645c7dc712e9723d6b10410742621e1,1156330100,13,bg.9fanfan.com/*
06ad758bc61b3f69797d506928265115,1156310000,2408,bg.zhang8.com.cn/*
06b15e13725e91be7891934049050dc1,1156440100,83,bg.9fanfan.com/*
077612ecc6194dc08984ebf262c0b005,1156440500,2,bg.zhang8.com.cn/*
07a7451ca73e6561c2f0145606909766,1156130600,1,bg.9fanfan.com/*
07bdda2911df9a25824dba0ffb361472,1156321200,16,m.gushengwang.com
07ddc37772c8eb3b76dbc16d080aa52d,1156130500,1,bg.9fanfan.com/*
07e448f6ef4952a4baeb30aeb0f8d8a2,1156530100,2403,bg.9fanfan.com/*
0817200a63e4c40207aa9b689773ab00,1156371500,1,bg.9fanfan.com/*
08175f9392554be1ee6aa654e5beb6c5,1156110000,2,bg.9fanfan.com/*
083ed47050f36c9b95f0002ca3d18768,1156371500,1,bg.9fanfan.com/*
08dfe94acdabb5c595556850f1e60670,1156532300,1,api.niudian8.cn/*
09264ca933bea92bc80b1fc5864fb9cb,1156130100,3,bg.9fanfan.com/*
0980b5ac904ec2b22d1e7bc5cac71850,1156451300,1,bg.9fanfan.com/*
099a4e5c17b92b3db15eaabc85725adf,1156440500,97,api.niudian8.cn/*
09d23fc4c87ecdc5626bfaa108be0b25,1156610100,16,bg.zhang8.com.cn/*
09eec4e6055861350bdf505d2d2706cf,1156445300,2,bg.9fanfan.com/*
0a198c10bbe66dda33e3bc08f7378779,1156441700,93,bg.zhang8.com.cn/*
0a4a1e220c89607ccca424c5e48172ea,1156522300,6,bg.9fanfan.com/*
0a685f84a0fde1488ecc1e38e9131b81,1156370200,1,api.niudian8.cn/*
0a8ee2c03cfc4745760cddccb9745374,1156450800,1,bg.9fanfan.com/*
0ac857d7b2a14e9438e4e77c507f1811,1156310000,1,bg.zhang8.com.cn/*
0b18127601703919686021b1d4d01aa5,1156341000,1,bg.zhang8.com.cn/*
0b7b6a46658eecf9c17a67cfc48fcc5f,1156450900,1,bg.9fanfan.com/*
0be34ab4eba2c2d85516a8f1503fd1b0,1156340100,1,bg.9fanfan.com/*
0c22278748f9d4de08997b11a558edac,1156420100,8,bg.zhang8.com.cn/*
0c47ed1f929f2234b07c760405cc2453,1156331000,1,api.niudian8.cn/*
0c95a70820851dd2413a263ad8125214,1156110000,4,bg.9fanfan.com/*
0cd9ab03bbdc6ae14b8b5ab93911a507,1156321200,24,bg.zhang8.com.cn/*
0cfb8b43f72d8fdb51af047dee83ae78,1156610500,15,bg.9fanfan.com/*
0d4b9d617ba081d5c708eb15a508e0a6,1156330100,1,api.niudian8.cn/*
0d8f0f64ba29f7501156c16f470af29b,1156370800,1,bg.9fanfan.com/*
0dc790bce52e5a8c406d3196e452b0d7,1156371500,1,bg.9fanfan.com/*
0df2f4b16ad9c6728e917f8454a11770,1156371600,1,api.niudian8.cn/*
0e282293e5aa17cf3ac49a90a4757f2b,1156410100,11,bg.9fanfan.com/*
0e7d01b6722a037208efd545a6615e7b,1156441600,711,bg.zhang8.com.cn/*
0ebfaa719ad95f1687bcb63575d2c98d,1156510400,182,bg.zhang8.com.cn/*
0f2b9a3f4f052f29dd703340c6dac471,1156341600,1,bg.zhang8.com.cn/*
0f2d976668e5739c0f1b3f0a0278acde,1156341500,1087,bg.zhang8.com.cn/*
0f37a7f9dd18d6eba70ef2b3b4e5c725,1156451300,350,bg.zhang8.com.cn/*
0f61ed1f9745024768f8e5741adb2092,1156130400,6,bg.9fanfan.com/*
0f6d453bbb161d541d30c950d2c73ce0,1156610600,5,bg.9fanfan.com/*
0ff32a36e9e4ee434d21489ea9649dd9,1156340100,1,api.niudian8.cn/*
0ff57ac91bf1985be742f78ab73f622d,1156310000,1,bg.9fanfan.com/*
102592ec0de74c0edbd1138417daa7f9,1156330500,17,bg.zhang8.com.cn/*
10802aa4c29a79ffd95da3654b98b3f8,1156370600,123,bg.zhang8.com.cn/*
10ff150a3821fcffbbddf3b7fbab1193,1156340600,1,api.niudian8.cn/*
11ad2aab52f999c5b3d02161d93f2654,1156513400,232,bg.9fanfan.com/*
11c704e529c876cb497160a95b5d5e58,1156220200,7,bg.9fanfan.com/*
11febad03d923e7e62dfbdffec29a0ed,1156371500,1,bg.9fanfan.com/*
121299d6c6287f18b7e19e14dd0ea0ee,1156440100,942,bg.zhang8.com.cn/*
12352a4714cc2220fc1dc04eaada0bd6,1156441700,9,bg.9fanfan.com/*
1248c752913902fcc79f3eb27866d901,1156450700,5,bg.zhang8.com.cn/*
126326cdac0ad972cf802a33dfda834c,1156130600,2,bg.zhang8.com.cn/*
12d01f00a27921c87dafa244facaff2c,1156500000,2,bg.9fanfan.com/*
12e6c6605611bace3ae1ed6ba032396e,1156131100,184,api.niudian8.cn/*
12ebdb2993af05e22bfa4afb943fecc3,1156330700,1,bg.zhang8.com.cn/*
13ce9c018b7732e1d369d1e89608c53a,1156310000,3,bg.9fanfan.com/*
14ef3a40fae40ad12f770435ff894053,1156330100,1,m.gushengwang.com
1502eee499f28e5395091846d090a434,1156130400,6,bg.9fanfan.com/*
1519c3eae2db94c8643fcfeb3f683bbc,1156130100,138,api.niudian8.cn/*
15707260bcfe8a21fa55b4204e2c107e,1156430100,1,api.niudian8.cn/*
15b603391a0cf1d03b120971580dad1b,1156350500,2,bg.9fanfan.com/*
15ee8b0d206e03cf92a1c0618eb5839b,1156511600,19,bg.9fanfan.com/*
16593330bacae1e3fd78aadb71259b5d,1156330400,13,bg.zhang8.com.cn/*
1665e3764abd6f97636623e92c42b171,1156371500,1,bg.9fanfan.com/*
166bf9a0cd41a470892ec95ee6f7fb49,1156510300,393,bg.9fanfan.com/*
16b39c3a5dde4369e7afeae8241d440c,1156310000,12,bg.9fanfan.com/*
16c0d3802622c08b016cd452e93bcad1,1156310000,1,bg.9fanfan.com/*
16ea968b157e4a2e359883631fe2c1b6,1156340100,43,api.niudian8.cn/*
175531a8f2e00f34d6ca26d3f11701c3,1156371400,1,api.niudian8.cn/*
17644f437673ad0a4a02c12e5a1aa3ef,1156440700,139,bg.9fanfan.com/*
178d3b9200879d7d2638635f0c0583f3,1156610100,25,bg.zhang8.com.cn/*
17a8d3617dbae4bbd637a19875400e96,1156370400,2,bg.9fanfan.com/*
17baf930ed6352d12c9dd1c4c1f3c59c,1156331000,1,bg.zhang8.com.cn/*
17d526fe9477b2a9ed153670d0fb2465,1156361000,223,bg.zhang8.com.cn/*
17e8b7eca537917bdb965c0919892b43,1156440900,39,bg.9fanfan.com/*
17fac77193b8c1ce9adc290041158b81,1156130500,2,bg.9fanfan.com/*
18127ea3d31031842b5b8c6546fcf106,1156442000,1,bg.9fanfan.com/*
18406a2721ef535e120082ead6748b56,1156431200,2,bg.9fanfan.com/*
184aa5a0a5ad357a32b0159600f7a2cc,1156460100,2,bg.zhang8.com.cn/*
18566fa9354e540e49547ae9a5462ec3,1156441300,3,bg.9fanfan.com/*
190bb02dab769983de5e2c6f6e05b7c8,1156330100,1,api.niudian8.cn/*
192340f094ce067b720ed0bf517af243,1156341200,1,api.niudian8.cn/*
19a8f6c561c5b4f0f782b34ef2697c10,1156430900,3,bg.zhang8.com.cn/*
19cc9de87c7d06766a339485c40e05e1,1156150600,1,bg.9fanfan.com/*
19d60ef5c768a0f55dc77f2ffc2a54f3,1156330100,100,api.niudian8.cn/*
1a113a24b58f85b0a0f592d536d5ef75,1156371500,1,bg.9fanfan.com/*
1a5d571fb90a5f90d8a3ca1b09a21ca9,1156422800,5,bg.zhang8.com.cn/*
1a7287512b2b56c3022caf9b4db7f06b,1156511300,55,bg.zhang8.com.cn/*
1aa28be0f1ee13a81f37116fe2a3994d,1156350500,2,bg.zhang8.com.cn/*
1acc192452d80b17a448ebea600cb35d,1156513400,176,bg.9fanfan.com/*
1b01082be00f0936a862a9918e6f6bd8,1156341600,1,bg.zhang8.com.cn/*
1babe0b5463d92a9e2721455a2e8abe4,1156450900,10,bg.zhang8.com.cn/*
1be14a722e787fbd9e91a235b7eebdae,1156130600,1,api.niudian8.cn/*
1beea4083419f4b94626d3385ab40c86,1156370200,1,api.niudian8.cn/*
1cce8cb4dbab48fd25629edddac67b96,1156310000,1,bg.zhang8.com.cn/*
1d45da933b2f4fdf9ee7e6fac7c16e0b,1156330100,2,api.niudian8.cn/*
1dd854854d6e4b87c632a74f2bdfd4cc,1156310000,4,bg.zhang8.com.cn/*
1e1d64ea47fedbfdb4739539e2fd0321,1156320200,65,bg.zhang8.com.cn/*
1e64fe16f359bc7660321e8aeb4ed86c,1156500000,144,bg.zhang8.com.cn/*
1e7bd1e695f30ee65cea2f8feafd5f95,1156341500,1,bg.9fanfan.com/*
1eae24204de5a0c8530d85fd7d51163f,1156130600,3,bg.9fanfan.com/*
1eef7aeea17b5b2108ce86b1bb3d239a,1156330400,1,api.niudian8.cn/*
1fbec90f1b383f5f374e3eb8097f2231,1156440300,143,bg.zhang8.com.cn/*
1fc1d32bb94090f440c7f561f79c33e8,1156330100,5,api.niudian8.cn/*
1fdd7c868066836b19f12616b018e3c2,1156511900,4,bg.zhang8.com.cn/*
1fe067f6765ffc6a8149da46d0f0c9a5,1156430500,35,m.gushengwang.com
1fe48b486b856c046833e3eeca35b55a,1156330300,2,bg.zhang8.com.cn/*
1ff0458952fdb230102fc5653b060f15,1156442000,1,bg.zhang8.com.cn/*
2078b546b22b233c639fba916954e71d,1156430100,23,bg.zhang8.com.cn/*
20fe76bac16033c03d6fc462993c0b7c,1156441900,1,api.niudian8.cn/*
216f5e2bf322a974c8c87ca6fc82642d,1156371500,1,bg.9fanfan.com/*
2179507b43ab37142c47b5ce771ef171,1156610400,1,bg.9fanfan.com/*
217bda52d2c9d303224e457e6502e727,1156371500,1,bg.9fanfan.com/*
21952255710358f5dfe2be3a7bcfca42,1156440300,506,bg.zhang8.com.cn/*
21daed90f5ab46f794784cdc297041eb,1156411300,33,bg.9fanfan.com/*
22110f11a35b0050656a40c8025461c3,1156420100,18,bg.9fanfan.com/*
2211b9d6c5532748880ecec393496e93,1156371500,1,bg.9fanfan.com/*
2223c35f759d9868f062fffc1fce4676,1156440100,99,bg.9fanfan.com/*
22254a463d2ad3023b3d24188b518e4c,1156430400,44,bg.zhang8.com.cn/*
227aaa444b973a8b37576a2811d62b6e,1156522600,1,api.niudian8.cn/*
227e83ba0d98346e567b5eca354bbd0a,1156310000,1,bg.zhang8.com.cn/*
2289650735381812e6dc2e079a04b4de,1156330200,1,bg.9fanfan.com/*
22aa0a4e4e181c616f05451edc3d6b80,1156410100,1,api.niudian8.cn/*
22de01abbc01f63e0abd47a923b0dc1c,1156330200,1,api.niudian8.cn/*
23089349d2c67958e50ca16ba80b885b,1156440300,5,bg.9fanfan.com/*
23ae63a0853cf37947319f76c90916a8,1156370100,1,api.niudian8.cn/*
23c5a56b21692ae83a342ab54423ce49,1156500000,2,bg.9fanfan.com/*
23d74f7c21b7eaf9bff952bf97ab280b,1156370300,1,api.niudian8.cn/*
241ac64db1baaa46ab7ae7269df31615,1156371500,2,bg.9fanfan.com/*
247844ff9200e88bc7aaa053ef185aa2,1156371600,1,bg.zhang8.com.cn/*
24808220e275956d08decd7614391ecd,1156330200,1,bg.9fanfan.com/*
24811c3564349e60b9354e5af49b4d52,1156513400,38,bg.9fanfan.com/*
25611a8b6abd73f2315d1a5ca8bd9f91,1156460100,12,bg.zhang8.com.cn/*
25a599068c8cb654649b1e987b799c8b,1156341100,54,bg.zhang8.com.cn/*
25a95df405d7c4a345e9c8be3fc6f5c2,1156371700,2,api.niudian8.cn/*
25f1f436b03071d97487179e23b3dd6b,1156130400,2,bg.9fanfan.com/*
26019ffe5c17f1eee3d64e76d1483971,1156310000,40,bg.zhang8.com.cn/*
2602c678133ece5a884b09b741dfd3d4,1156321200,80,bg.9fanfan.com/*
263d735b90683ba81f51562743f95e26,1156330700,2,api.niudian8.cn/*
263e7ac37105a75158b9a582b870c4fa,1156371500,1,api.niudian8.cn/*
26881e3c339a11ac75b9abac7923b1db,1156370400,5,bg.zhang8.com.cn/*
269eb1afba134fbfcae78a093fc1e15c,1156341800,1,api.niudian8.cn/*
26c9680de011bd2414073272c8f6e968,1156330700,1,api.niudian8.cn/*
26e8d6ff86d842bef2edd5662f0cef49,1156440800,1,bg.9fanfan.com/*
270ba60cbd29bc1b15a1b07ba83043f7,1156331000,2,api.niudian8.cn/*
279c6b5c1e36167c3128bbd3725f9a97,1156440300,263,bg.zhang8.com.cn/*
27fac4524cbaab0948d210bc9d15c571,1156341500,1,bg.zhang8.com.cn/*
28052f0f94f5b16da037bb93a7cf2648,1156511700,201,bg.9fanfan.com/*
282babb2630ca60aef9f5420672df2e2,1156330200,7,api.niudian8.cn/*
28398f3c5d3804a02c4c5d1bfb37ec42,1156341800,1,api.niudian8.cn/*
2864df1715b2648c48c60cfb43b798bf,1156371500,2,bg.9fanfan.com/*
286f3869be830d91ee44f4e309b2a1c3,1156340100,1,api.niudian8.cn/*
28ca9d23501e4f491f05b35fac1f0bf3,1156310000,39,bg.9fanfan.com/*
28db19ecbde698c26185837e68c36cc5,1156230100,1,bg.9fanfan.com/*
28e5e991c95f32034a0f71262e6bdf90,1156320100,44,bg.zhang8.com.cn/*
28f1673f4b0b1e609719457d8c1437c5,1156370600,111,bg.9fanfan.com/*
295420526021903cd612824bb9d4ec2d,1156341600,1,bg.9fanfan.com/*
2975e4f5f2180469c70a46a05a2f43aa,1156371100,1,api.niudian8.cn/*
29bff0a9955671f5adbc4284d07089bd,1156340200,1,bg.9fanfan.com/*
29cd1e2b9b4063afe5e21a4fe18b198b,1156430100,3,bg.9fanfan.com/*
2a5049691a73d872d8ac5a08dd0b22ba,1156330400,7,bg.zhang8.com.cn/*
2a635fb962dcfba6d3d414950a1722fa,1156370800,1,bg.zhang8.com.cn/*
2a876eda83ff738a4c43a046e0d8e83b,1156330200,1,bg.9fanfan.com/*
2ac0b287f60d3415389a79212a86fd1f,1156330200,1,api.niudian8.cn/*
2ae2f2c6fbee4a360db3ebf4c2f905d7,1156500000,70,bg.zhang8.com.cn/*
2b4f501eca646e22b1b70225c806650f,1156440300,273,bg.9fanfan.com/*
2c04fa073526c6ac5c05b9d73444232e,1156330200,1,api.niudian8.cn/*
2c0c337c1347d6004cbd232e4f0a4840,1156341600,1,bg.zhang8.com.cn/*
2c3786c40c986a0ae6f67c4c6b5637d5,1156371500,2,bg.9fanfan.com/*
2c7877b65dd9d6c1a642f5708cc1b6c3,1156371500,5,bg.9fanfan.com/*
2c900cd4a2b2441d130382864da6595e,1156532600,1,api.niudian8.cn/*
2cc20047faf23e1d5f6d2ef655e85c2c,1156341500,2,bg.9fanfan.com/*
2cf7733ee6568554adf695be69250b83,1156360100,46,bg.9fanfan.com/*
2d42db809362f20e064ee240e33e9d16,1156370900,1,bg.9fanfan.com/*
2d487ef4135b0ed9d2de9ff637a9d6d6,1156341000,10,bg.zhang8.com.cn/*
2d49901c4b1b10d20ef46ce232f3fffb,1156330400,1,bg.zhang8.com.cn/*
2d54a782df22ad0a1cae7e13101ecedb,1156310000,2,api.niudian8.cn/*
2d5baddb1c591816b91847aea3b0200e,1156451000,1,bg.9fanfan.com/*
2d689670d264ac0624689a232eb2662b,1156411200,2,bg.zhang8.com.cn/*
2dd0bdc7e4c2d218c8a1c3ae9d4385a4,1156341600,2,api.niudian8.cn/*
2dfadd539f40b902955eff4f85d718ed,1156371500,3,bg.9fanfan.com/*
2e0d37effd5586696df5d16cfe5db7dc,1156130400,5,bg.9fanfan.com/*
2e147c2c3cb90a73a625278d04f539d9,1156530800,32,bg.9fanfan.com/*
2e22adbef8d24a8215ba8f6f6927e684,1156370700,1,api.niudian8.cn/*
2ef0e3b8716e3bd27e4ea45f2ed16f0a,1156340200,2,bg.9fanfan.com/*
2f1c69707a8ac1996ab0c17fd592759a,1156110000,29,bg.zhang8.com.cn/*
2f47e63b5e007e62b2acd1e1982cc021,1156371300,1,api.niudian8.cn/*
2f79efccfe77c0bee5a9c52e8142640f,1156331000,93,bg.9fanfan.com/*
2f80b391f2eeef510be443bd4113066a,1156330100,1,api.niudian8.cn/*
2fb95004e248dd1d8db6464f94373c0d,1156371500,6,bg.9fanfan.com/*
301922dcf802aac1611bdfdd0534be8d,1156440400,2,bg.9fanfan.com/*
3040967f305e5e8862a2260a249609de,1156610100,5,bg.9fanfan.com/*
30415a699676e19a71ba9d9f7137e955,1156371500,1,bg.9fanfan.com/*
30b72fed14634bb483e5d65af6233440,1156370800,14,bg.9fanfan.com/*
30c5039105fce85caed5784f286e2456,1156330200,29,m.gushengwang.com
31a19e62372dde5e556df66cb4144666,1156420100,131,bg.zhang8.com.cn/*
31ccf6283d3ffdb19b92c26275e18703,1156370800,1,bg.zhang8.com.cn/*
31d8d5ff5b4737c8f18e079a44f378a3,1156341000,2,bg.zhang8.com.cn/*
31e1ecfe371b3b70987223cc4161a831,1156330300,2,api.niudian8.cn/*
323efe11165fb699547d563161cfb794,1156330200,1,api.niudian8.cn/*
3250d4e279dfbf82e79d24c4c85cb3d7,1156330200,4,m.gushengwang.com
3285214536faa4ecf6b67fd50867a16e,1156370100,5,bg.9fanfan.com/*
32f34ddf172cfef3f8474151378b17b2,1156330200,1,api.niudian8.cn/*
32f6f7b5636cab1110bd7b5dffd26458,1156411600,3,bg.9fanfan.com/*
331b4ec6fbf8fa6f803c5f2023ecff5b,1156440100,31,bg.9fanfan.com/*
3332f8930a637461a3529988d2bb87a7,1156110000,1,api.niudian8.cn/*
33a084908da8ff4e21567a4bebd8b519,1156440600,263,bg.9fanfan.com/*
33c2d2024eee6d58cf73a501d46ecc99,1156371500,2,bg.zhang8.com.cn/*
3404d8efb93216b2014061a549115689,1156310000,1,bg.9fanfan.com/*
3410c0da5f38445a6ccb5fdca2a1c39a,1156371500,1,bg.9fanfan.com/*
34bf6aa867cc7840e005bab90adcf7e5,1156370300,1,api.niudian8.cn/*
351aa835bcb3d085ce97ac055847d177,1156340500,1,api.niudian8.cn/*
3546b04169f6e8bf993bac2a1d2e6740,1156371500,3,bg.9fanfan.com/*
3550734994e04f9f31ed08198e3b6301,1156370100,26,bg.9fanfan.com/*
35d8bd4764f0bfe64496a4b1c0927007,1156340600,2,bg.zhang8.com.cn/*
35e9f1b3cfc72ace0c2ee87673ac7de1,1156330100,1,api.niudian8.cn/*
35f8f0786c1da881359785344a855f84,1156610100,1,bg.zhang8.com.cn/*
36b416c0d790fc5dac56db7eedfe0674,1156340100,1,api.niudian8.cn/*
36d92bcf7677e9bccabceffbd66e104d,1156361000,67,bg.9fanfan.com/*
36f28842f495d7f2e6cd8412bf342f6e,1156320500,1,api.niudian8.cn/*
376d8572fa8e689e2f73b3f8d0120f14,1156371500,2,bg.9fanfan.com/*
377defc925b50f439054e7394535c79f,1156330100,1,api.niudian8.cn/*
37b3651bd36d8d48a49301e9106bcd2a,1156370200,1,api.niudian8.cn/*
37bd5d610a878d004e5280de13892c55,1156341500,1,api.niudian8.cn/*
37e5ae6ea2401903a46b1483715bbfb3,1156340800,118,m.gushengwang.com
37f128cc38030194f87b05e45209106c,1156371500,3,bg.9fanfan.com/*
383b390caad9eb15f7efba81812d287c,1156330800,1,api.niudian8.cn/*
38522ba9918a7b5b3c4a4962c41aa0da,1156410100,1,bg.zhang8.com.cn/*
3897440e901aa3b911b2181ee480f721,1156371500,5,bg.zhang8.com.cn/*
38c173fc5a458b123690d7d0771f2005,1156340100,9,bg.zhang8.com.cn/*
38ef6787d74e77f77c84f59a2d4689e6,1156350100,119,bg.zhang8.com.cn/*
39156a6e435f9ecfb072148aabba1d2d,1156430100,20,bg.9fanfan.com/*
394a1d16f28741f326f57c75be865634,1156130500,2,bg.zhang8.com.cn/*
3a231fd0af6715bde71ce1e29059f307,1156500000,42,bg.9fanfan.com/*
3a292c4f8a5d4645c3b6bee515f68143,1156511100,23,bg.9fanfan.com/*
3a9af931eac9c3d4bff3cf4a4bd26e8b,1156330100,83,api.niudian8.cn/*
3acf7fccef7b193f34c0356c823b9716,1156371300,1,api.niudian8.cn/*
3adba370b677661c34ea8409cb30a6a7,1156350900,19,m.gushengwang.com
3aed492c3bdfd33778f1b93f9d91534b,1156341200,1,bg.zhang8.com.cn/*
3b025e7ca6af97494c7d40ac25a66722,1156371500,1,api.niudian8.cn/*
3b14b4c056c4774e8bf295a21f3dc82f,1156370100,3,bg.9fanfan.com/*
3b402ba044172cd1452da1e6a46d9597,1156420200,30,bg.zhang8.com.cn/*
3b4edd126fd750c264f6596e3b1f1b77,1156371500,5,bg.9fanfan.com/*
3b6780006218c817ded30f436238c754,1156330300,1,api.niudian8.cn/*
3b7656de798e8d20a42ace8de5be1fa3,1156370200,2,api.niudian8.cn/*
3c03d80b8bc601e11d8610042f33155a,1156510100,5,bg.zhang8.com.cn/*
3cc965d8a69f76a14f4fc437c8cbf4d0,1156500000,1,m.gushengwang.com
3cf06a21f3cf950aab82f2553f48efd1,1156450800,2,bg.9fanfan.com/*
3d7d31f9492d1197d8bf7bfad51a1967,1156510100,1,api.niudian8.cn/*
3d9f2c380cc3372fb661039c68caa793,1156500000,4,bg.zhang8.com.cn/*
3df94da483d8072540591af708c057c4,1156330800,1,api.niudian8.cn/*
3dfe4bb64be5dd3fcafc0e75830a22b0,1156341600,1,bg.zhang8.com.cn/*
3e2fefa075d5fbf94c4891cb09489659,1156371300,1,bg.9fanfan.com/*
3ee69ee3146ac1c737d66d63b0596be1,1156330200,1,api.niudian8.cn/*
3f15e48ca26f6c7bc80f7af5d834dae8,1156510100,1,bg.zhang8.com.cn/*
3f2a3e4e579655fcf983e1016e710d48,1156150600,13,bg.zhang8.com.cn/*
3f5bf46c1ba0fc41aabb330a3ec5843e,1156360800,2,bg.9fanfan.com/*
3f67138301ae3aa237db4de21696ad0c,1156520200,1,api.niudian8.cn/*
3f8aa135c70056e3515c906a68c64474,1156431200,2,bg.zhang8.com.cn/*
3fcc72c021cb8c462c73b9f1682f25a1,1156450600,3,bg.9fanfan.com/*
3ffc2817859c20937e9a4db9b574e126,1156331000,5,api.niudian8.cn/*
400a053043f55a925a945a9c01920a30,1156340500,1,bg.zhang8.com.cn/*
406d2377ca5736f50efc4280dbc64b68,1156511800,10,bg.zhang8.com.cn/*
409b2c09970d6d6763c301ce5b558f09,1156371500,2,bg.9fanfan.com/*
40b8e1189b86de309e5143508eea3d71,1156410100,67,bg.zhang8.com.cn/*
40d5a24e66b356c3d856ebbc7f04487f,1156330200,1,api.niudian8.cn/*
40e21f7fdf313bd4f2abc19ed0a4e6ef,1156330100,1,api.niudian8.cn/*
40e7f5d4db3020c43bfc52299fce5dff,1156441500,5,bg.9fanfan.com/*
4197d60fd7b9dc6c00e182ac2eba253a,1156131100,1,api.niudian8.cn/*
41a6f1e4ab82b2324cf365143e009021,1156510100,798,bg.zhang8.com.cn/*
42039d502fd178219c1d5644824e4dea,1156441900,524,bg.9fanfan.com/*
421e6556e9bddbccb5f64f4f74dfe04a,1156431300,3,m.gushengwang.com
4264200904345600c7e749281e063fd2,1156130200,248,bg.9fanfan.com/*
42b41d9de9aa77b68d3e01e5d1f5ca59,1156370100,1,api.niudian8.cn/*
42ce4e8f5fe9f6c876fec731b51c179f,1156371500,1,bg.9fanfan.com/*
42dc9fc96638565c29d5f347b6ea3be7,1156330200,5,bg.9fanfan.com/*
42e8df619524ad989d0399d038edac1d,1156440100,1,bg.9fanfan.com/*
42faeb21517e2d260a246df423d261f9,1156320500,100,bg.zhang8.com.cn/*
430734d76421611f78cc467366b53a60,1156330500,1,api.niudian8.cn/*
4336eca3bed9d21e830564564a712b02,1156450200,1,bg.zhang8.com.cn/*
4394a6d735e1b118e5d6246fc3ea5d30,1156371500,1,bg.9fanfan.com/*
43db086f3e463923297d2b7fb28b3f78,1156330300,1,api.niudian8.cn/*
43ddace8507faa603add2052e92f79f2,1156320100,85,bg.9fanfan.com/*
43f256dc6fa451ed605dbbee045d4230,1156140100,5,bg.zhang8.com.cn/*
43ff56937c749f22c53238849ed73bc4,1156510100,1,api.niudian8.cn/*
4436c793ed49872eece304add76b6da4,1156371500,122,bg.zhang8.com.cn/*
449e4a3e5e6824cf12e40b9f976e713c,1156330300,3,api.niudian8.cn/*
452680941394571fbf32dae5c0d206c9,1156130600,4,bg.9fanfan.com/*
45572953554af24f842b55bd0851aa00,1156331000,1,api.niudian8.cn/*
455977f9ebb0c977322825e5eb857f46,1156310000,1,bg.zhang8.com.cn/*
45cec0386d6ce0608e7ee210b27a8881,1156151100,161,bg.zhang8.com.cn/*
467e18205cecadd0363dbc210ee1867a,1156330100,4969,api.niudian8.cn/*
469fb6f341c00a2b86955fbad8b8c2a8,1156350800,9,bg.zhang8.com.cn/*
46ccb2dabde3cc33f076d8ded2aacc9b,1156140800,42,bg.zhang8.com.cn/*
46f8efaa4a69674a2742155e8f07abd5,1156330100,1,api.niudian8.cn/*
470bd4c433c756c13ef98ae650688b8f,1156340300,1,api.niudian8.cn/*
4718708b50a752c5da25c9e2dc33439d,1156522200,1,bg.9fanfan.com/*
47421283637e25c18bcd9cf0b9561bbe,1156370300,1,api.niudian8.cn/*
477281160a203e1137e89a7a845e157a,1156330100,1,api.niudian8.cn/*
47856b22f5330579c68f5b0a997fb9a2,1156441500,16,bg.zhang8.com.cn/*
47b0cf93b3bf4731032239bc3d4aa3f7,1156310000,1,bg.zhang8.com.cn/*
47daf77d48c681a02472c22b3009ac42,1156370600,2,api.niudian8.cn/*
4803c43a894e1c65b69cc7727e664da1,1156330400,1,api.niudian8.cn/*
481bb26e8f50eae6deb61f14a5b09014,1156500000,314,bg.9fanfan.com/*
4832458e0ea8284b529a43eedddaca1d,1156330700,1,api.niudian8.cn/*
48b3b047a24250e6592cc2af54224c83,1156330600,1,api.niudian8.cn/*
49ec37d668bfa0c997ecba08cc8bd6bd,1156371500,1,bg.9fanfan.com/*
4ab8cd5c9b1abcc1ec377d4e77f86d99,1156440100,2,bg.9fanfan.com/*
4b3b463cde51b0011c0534ef8fd1008c,1156340200,2,bg.9fanfan.com/*
4b63a19e8c955dbdf121e49844463e77,1156330700,1,api.niudian8.cn/*
4b74331c3278c387a8bf36ddf37cbd80,1156510100,414,api.niudian8.cn/*
4b7b1e9162bc1f2d0f21316a359514e1,1156341200,2285,api.niudian8.cn/*
4b8ede99b272050350df23fd39e761b3,1156310000,38,bg.9fanfan.com/*
4bca3f03d2c25db06e297901ef4dd3e9,1156340500,1,bg.zhang8.com.cn/*
4bdc29ccf614cd0a69b242004eddf654,1156511100,51,bg.9fanfan.com/*
4bf489765f74ca01f991ce1e565c59dd,1156440300,3,bg.9fanfan.com/*
4c48c7f1b26e08f95d10e47c38ecce3d,1156330300,1,api.niudian8.cn/*
4c4cd6b362cd9b7f0bf113e15dc83b2d,1156450700,1,bg.zhang8.com.cn/*
4ccf6341d0ab00d8fb4893003b20cc2c,1156130600,2,bg.9fanfan.com/*
4d25ad69692007271f9fa85804cc40f8,1156341000,2,api.niudian8.cn/*
4d30feea576ee28a5e2bc9c602f3ead9,1156440300,50,bg.zhang8.com.cn/*
4d482dc4188d355cd1639fa365680053,1156330200,113,bg.9fanfan.com/*
4dc40dd89db1f9eb1776deb3624b325a,1156500000,1,bg.9fanfan.com/*
4dc7892d111dcf96fee39e2d2ec044dd,1156361000,240,bg.9fanfan.com/*
4dd3b0eae1012dcd9d5ef17942f0e4f2,1156330700,2,api.niudian8.cn/*
4dec012697ca0392b9c8604e955ad1f6,1156420200,7,bg.zhang8.com.cn/*
4defd07655b258c823bb6a43c2998aa1,1156340800,1,bg.zhang8.com.cn/*
4e7306aa3df69f34fb734d6dafdd536c,1156370700,1,api.niudian8.cn/*
4f0673f152f92c5e890df18412a577c7,1156320500,1,api.niudian8.cn/*
4f11911194430454fb02e31bb5961a46,1156310000,1,bg.zhang8.com.cn/*
4f33cdea36d891c189d5a47cadac1b50,1156330100,5,m.gushengwang.com
4f3974286e478bb574bc44233795439a,1156440300,10,bg.9fanfan.com/*
4f6480340ce10b90ee0132363a0dfbac,1156371000,1,bg.9fanfan.com/*
4f6c89239c56daacc252f744cb6edb9c,1156340100,70,bg.zhang8.com.cn/*
4f7977f2932f52b48b47a80c6c922676,1156330700,56,bg.9fanfan.com/*
4ff463590cffb591223ae40ecc49efe2,1156340100,1,bg.zhang8.com.cn/*
500dab2c321115d177581c84dd90d3c3,1156650300,428,bg.9fanfan.com/*
508a0e52bb6ab702d778df10cbb733ca,1156331000,9,m.gushengwang.com
50a14ee601f4d08e1177ad296e182e59,1156310000,1,bg.zhang8.com.cn/*
50aca3ef31e51d5c27a98494c1fc562d,1156450500,2,bg.9fanfan.com/*
50b32ad9cbfccb4129d34f159d8ea35c,1156370600,24,bg.9fanfan.com/*
50bc6a8f43c2bb381a65c3235e01fa5d,1156430600,2,m.gushengwang.com
50d3e46573c264387c4a84acfb1f5c8f,1156500000,8,bg.9fanfan.com/*
5153990bba51a768f17067cb4b5dcb55,1156451400,1,bg.zhang8.com.cn/*
51b866df9256178aebfb54fdd43a2c2a,1156330100,1,api.niudian8.cn/*
51c3a97585f6246b6ac0b99ae5f91be0,1156441900,152,bg.zhang8.com.cn/*
51d031f3936b12ed0b14c10aeed4b200,1156330700,1,api.niudian8.cn/*
51ff268aed861bfe0b03baf5f8b3d2fa,1156310000,1,bg.zhang8.com.cn/*
5211c51d2019057e4243b4f54184ab41,1156371500,1,bg.9fanfan.com/*
52178962e34243eb1ce7f75f8e3d1aff,1156441900,159,bg.9fanfan.com/*
5253f9b79d99cd1cf13f89a261f256df,1156350800,3,bg.zhang8.com.cn/*
52586c84e7d6fd13ffdc43cc5c35b1b0,1156320500,1,api.niudian8.cn/*
5292ea33fa884ffd0d01a2ac7a2d86e1,1156440100,1,api.niudian8.cn/*
529786bdbc37bd2a03c7161359d7751e,1156341500,1,api.niudian8.cn/*
530e5d743458b5c4c6bd4fa4a4281261,1156610100,12,bg.zhang8.com.cn/*
53240ed2444ff958e203a88c0b598dc2,1156422800,10,bg.zhang8.com.cn/*
5355c0d1647d0573cb74ff74adddc069,1156370900,2,api.niudian8.cn/*
537c603867512e9c11a0a636839334e8,1156330100,1,api.niudian8.cn/*
53a5604e5e9f8ec3c491bd0ba61a475d,1156330100,2,m.gushengwang.com
53c30776d57f9202f2fed0a6dedc8927,1156530100,8,bg.9fanfan.com/*
540d4d34296323e97696710fdca67c2c,1156371500,1,api.niudian8.cn/*
5420598683203c1fab638a226c397f0d,1156510100,11,bg.zhang8.com.cn/*
543aab00a1aad98ce0253b807057b60b,1156110000,1,api.niudian8.cn/*
549cbba27bdcdb12bf47ef1cfa5a8418,1156341000,1,bg.zhang8.com.cn/*
55571212f46d54b73900f11aa85f297c,1156510100,172,bg.zhang8.com.cn/*
555e53e167645400ce946ff4d916c0eb,1156371200,82,bg.9fanfan.com/*
557a88f3757e48f292f807cf9d69dc0c,1156440300,576,bg.zhang8.com.cn/*
558c117480362d545f368ffb358c30f8,1156330900,6,bg.zhang8.com.cn/*
559198ecf726b23e46e146c78a5c983a,1156330800,1,api.niudian8.cn/*
566f6025d0d11048fa3fd92dc416ef22,1156310000,37,api.niudian8.cn/*
56ea2bbd0f64c2aef10fc3c8eaa0f70b,1156451000,1,bg.9fanfan.com/*
56f46a129e283605f164883aa51080f2,1156371700,1,api.niudian8.cn/*
56f92dab9ee1c01b63f462a61435f7df,1156371200,1,api.niudian8.cn/*
57c158ae61cb9190f651751d1e4c3eff,1156360800,28,bg.9fanfan.com/*
57e6a5b33636bdf1266c6573734267fa,1156330400,1,api.niudian8.cn/*
57f251e04af8617a1cba242e43ba35eb,1156130100,362,bg.9fanfan.com/*
586a323c587862c13f806150a31da127,1156330700,1,api.niudian8.cn/*
5887bfaedd950e055f351dc2c6dd4485,1156610100,133,bg.zhang8.com.cn/*
590bdde970f9c15b7987855ebdac176b,1156341300,1,bg.9fanfan.com/*
59219b5c750d667fa20a98b16b063db0,1156370400,4,bg.9fanfan.com/*
596c287cde994d6f5493955837727008,1156450100,1,bg.9fanfan.com/*
5995d782601f25d2e4acb170b03450d3,1156110000,2,bg.9fanfan.com/*
59e66f4ecb172b4ba251b526663fb087,1156360400,1,bg.9fanfan.com/*
5a0dcd86f72d0ec3fe8ce30cdf79aa42,1156340300,1058,bg.zhang8.com.cn/*
5a4772607b3dfb71fcad28daa07e62be,1156420100,185,bg.9fanfan.com/*
5a7fa2ee9adeb9e66e5441f8056b7ac8,1156341000,1,bg.9fanfan.com/*
5a93a20f450c9d864be7c93150932b59,1156330400,1,bg.9fanfan.com/*
5b2616e81d0d8716b7f36dcd0b60bf12,1156510100,75,bg.zhang8.com.cn/*
5b51e7379f7a8b2e8c2219a05a22d275,1156371500,3,bg.9fanfan.com/*
5b60e3311c17420afaae692d777eacb7,1156511700,1,bg.9fanfan.com/*
5b6d22e3e0aaf6a8e4a5d136039aafe9,1156450800,182,bg.9fanfan.com/*
5bce0b6836ef696515542e70843e2a8e,1156371300,596,api.niudian8.cn/*
5bff188d78978bcfc692eeb8ceb668c7,1156341600,98,bg.zhang8.com.cn/*
5c4e2fb05fff0876cf0244e47a71a667,1156420100,24,bg.9fanfan.com/*
5c7d601344d5338f8234b012fc74bd59,1156330400,4,m.gushengwang.com
5ca04050f42571389df7a571474bbf68,1156131100,1,bg.9fanfan.com/*
5cc1fc00d12ce48590272d6222fa1e0d,1156430100,819,bg.zhang8.com.cn/*
5d01cf7e571c575d3906975794463c4b,1156220100,1,api.niudian8.cn/*
5d03195dd7c5c70764054e333c284727,1156370300,1,api.niudian8.cn/*
5d9122155f087b3d83dceb6cf4f7a35f,1156440300,1,bg.9fanfan.com/*
5da5e6efddb5db0fa2991a2346e39a89,1156340500,6,bg.zhang8.com.cn/*
5e89d2def47e564e48a016333461bb56,1156370700,181,bg.zhang8.com.cn/*
5e91c9e9b3daa3c24efb20b0b6884b78,1156341300,2,api.niudian8.cn/*
5f260fa39ac39f591323f03b9ce4da02,1156460100,121,bg.zhang8.com.cn/*
5f6d42823c92ac2f24cee5a2a474f3b0,1156320500,9,bg.zhang8.com.cn/*
5f731a7c05eeb939414a98b9958938b8,1156371500,2,bg.9fanfan.com/*
5f75ec2b1225518de6d98e1de7f899e4,1156511100,21,bg.zhang8.com.cn/*
5fa105bc759aa7dc68b3f62501aec286,1156330200,67,bg.zhang8.com.cn/*
5fc3cc5ea495be1d13e7343dbc17af0b,1156341500,1,api.niudian8.cn/*
5fd38b5e68e185b34927f526e37c8db8,1156320500,165,bg.9fanfan.com/*
608f7b88f6cfe3a6ed9a9b95ae5e863b,1156370200,5849,api.niudian8.cn/*
60e3d6311cc8020316bbc3285f78bba4,1156370700,41,bg.zhang8.com.cn/*
60ec0756d02f99e6caf3d0295f764b71,1156440100,1,bg.9fanfan.com/*
611e609898ba498ceaa6dee8f849b9c7,1156371500,1,bg.9fanfan.com/*
612d5c912904fe18551e22fc50fd1f1f,1156371600,1,api.niudian8.cn/*
6181e80ad4cb586f86d32e61813041d8,1156511400,63,api.niudian8.cn/*
61cc6fd27b7c049871e583c6ef6dd3d1,1156330600,1,m.gushengwang.com
623a7366efa386623b18bc6edca69e6c,1156411700,1,bg.9fanfan.com/*
6244ff925cc473bee66ea244e3137202,1156340400,4,bg.9fanfan.com/*
627b291d4b85fd09709bc5bc00668377,1156370600,1,bg.9fanfan.com/*
627df7c0f14255720fad724bb9ec9b2f,1156440300,38,bg.9fanfan.com/*
628e362c5d64b49bbed6d0fba8e591a7,1156420100,5,api.niudian8.cn/*
644e5f32a34953f542f1003ab1c42771,1156350600,1,bg.9fanfan.com/*
6493c86ed8d6727c9754367962d91fd5,1156330100,6,m.gushengwang.com
64f8dc91a880771963078552061b341e,1156371700,1,api.niudian8.cn/*
65b559fccf463682d9b0354be016eaa5,1156340500,1,bg.9fanfan.com/*
65d4477704193dd5ffa854f6cf221d50,1156371500,1,bg.9fanfan.com/*
66489500b17a8830a9bdde3e39395453,1156371500,2,bg.9fanfan.com/*
6659ebd9519d9f96d8c2c70146b60dbf,1156371500,2,bg.zhang8.com.cn/*
66677a7ec4d02b9da0dd4d92cffee608,1156511300,4,api.niudian8.cn/*
66a8de160e34160a75d4b0af0692c65d,1156310000,5,bg.zhang8.com.cn/*
66de9dfa9be61aac380469331a53c443,1156130100,1,bg.9fanfan.com/*
67643688c186ff95131481a5ea4a8ba9,1156610100,471,bg.zhang8.com.cn/*
67a34e9f5b7847efe3d663e3423f5788,1156330200,1,api.niudian8.cn/*
67f3516fddc88cbd810fc19a5feee57c,1156130400,541,bg.9fanfan.com/*
6898219efbeafc66895c0be347c3063d,1156110000,210,bg.zhang8.com.cn/*
68d35cc587ed18c76a9e1a1841d15407,1156440300,15,bg.zhang8.com.cn/*
68e9638c3de61b4a9a68541583897e9b,1156341700,1,bg.zhang8.com.cn/*
69223a3eeea607c68c99c73b1ec0761e,1156141000,2,bg.9fanfan.com/*
6947b61895f89af96815bd7a36a1c955,1156341200,1,bg.zhang8.com.cn/*
698f268eccb3e119039757bdd5b91905,1156370400,1,api.niudian8.cn/*
6a1cb3b2ce52f00a0311dfe809a2f8ca,1156460100,2,bg.zhang8.com.cn/*
6a4edfeeee4636f5ca976e319031805c,1156610500,1,api.niudian8.cn/*
6a8556e9f30a62e6594246348b66e73e,1156130200,254,bg.zhang8.com.cn/*
6ac5acf3a534737fa0e4103038eacb8c,1156310000,51,bg.zhang8.com.cn/*
6b6f76279c407e4b4b544f7072c99310,1156370500,6,bg.zhang8.com.cn/*
6b925ad1cf3a9878ff2f6d3934a3afba,1156330100,2,bg.9fanfan.com/*
6bdde9b9296b91b8b5a58cc9b5bd35db,1156341200,1004,bg.zhang8.com.cn/*
6c1c1a5aa487a05a95facd96636a2985,1156510100,1,api.niudian8.cn/*
6c240e2166aa8ea6383b0432e0e50e5d,1156330100,3,api.niudian8.cn/*
6c3f47dfc6b9606f3bdcbd74c235f3a6,1156420800,9,bg.zhang8.com.cn/*
6c5bc235efe88b7238710097d46f3aee,1156500000,443,bg.zhang8.com.cn/*
6c5c4f9d5054b1d12e5ec48bba3ae14c,1156370100,1,bg.zhang8.com.cn/*
6cc7a831d50534e2b39e1d31767152b2,1156511300,452,bg.zhang8.com.cn/*
6dc76cfe7cef0e292afe2bfd0452dcd7,1156440300,1097,bg.zhang8.com.cn/*
6df20aee082bbe687070ffdb1c1cbc17,1156340100,1,bg.zhang8.com.cn/*
6e2d057c970ab120a8f1039de8d99393,1156341200,1,bg.zhang8.com.cn/*
6e3846dc5e5ad5bacff6a833c08f74a3,1156450100,1,bg.zhang8.com.cn/*
6e6903dea1ef4768b594d30a6d2ae2a8,1156511600,41,bg.9fanfan.com/*
6e6d9a0062e25881fb5878b7d042e36e,1156330200,1,api.niudian8.cn/*
6e890b4cf1376faac5eb61de162fe8ca,1156360100,126,api.niudian8.cn/*
6ebf11ebafcd9b628e9ae0345b0fad14,1156371300,1,api.niudian8.cn/*
6eca5d94aee89cd46e5464f2fc5e855d,1156330500,1,api.niudian8.cn/*
6ed7304fc0185e27b3551e0baac102c4,1156330400,33,api.niudian8.cn/*
6f095926d1e57eb0e911206c74af35fd,1156450300,1,bg.9fanfan.com/*
6f45f628da1f05a94db965dc579a412b,1156371500,2,bg.9fanfan.com/*
6fada677ecae6dd589e03d804684f37c,1156210200,4,m.gushengwang.com
6fdb7757ab40e6e0bd42abf70a5e049d,1156341200,6,api.niudian8.cn/*
7022be11d89af71d66fd5a84458e11bf,1156330300,4,bg.9fanfan.com/*
70390f0e258f6b79f488e110f5355f49,1156330200,1,api.niudian8.cn/*
7046b856ae0f83346debb2bf21ee0693,1156330100,34,bg.9fanfan.com/*
707ca3cfea427f2a931aee7f8387389b,1156330100,1,api.niudian8.cn/*
707e04931a0c3ee4c7ca78d8c78d2f73,1156360600,876,bg.zhang8.com.cn/*
7095ff16116e0b6cd7e05252422324a3,1156330300,1,api.niudian8.cn/*
70dfc85bfa6f637fd5761018cb1a07b3,1156320100,5,bg.zhang8.com.cn/*
71596e4fa66ddf49b60b8c72b34dae4d,1156310000,1,bg.zhang8.com.cn/*
71a2426bb9ebefb34c94a91727ce79e8,1156520200,1,bg.9fanfan.com/*
71bd08638e8303148a8031a9a71b4f12,1156520300,37,bg.zhang8.com.cn/*
7310079077cb430482957a20ea75fa34,1156420100,2,bg.zhang8.com.cn/*
733a242430d2dd5921ad81922ffa91e3,1156450700,1,bg.9fanfan.com/*
73763c978d7ec492b881c215de902f50,1156330100,1,api.niudian8.cn/*
738053a641b44eb595e4dc721524ebe1,1156371500,1,bg.9fanfan.com/*
73dc5882fc556efbbbad8c5c9ad54232,1156420100,289,bg.9fanfan.com/*
73ff8b558fa103e6ae9ec7d4afd5105f,1156371500,2,bg.zhang8.com.cn/*
7410ffec06ca363f097accb91f73b366,1156510100,11,bg.zhang8.com.cn/*
745682f100aeac9405917be548b8d2c6,1156220500,2,api.niudian8.cn/*
755b8c1cc9529d24781e209c4a1ff9f4,1156370100,1,api.niudian8.cn/*
75818c668d5a6b3d1309e56f377bcda3,1156330100,1,bg.9fanfan.com/*
7589684921f225424a446d87da085d12,1156510900,64,bg.9fanfan.com/*
75b5e354e6a94d9d3bc7edd8189d46df,1156370200,1,bg.9fanfan.com/*
75cd8bf57591f7e1146017f8e01121fb,1156430900,1,bg.zhang8.com.cn/*
75d6cc23651433d320f453678de4dd1c,1156610100,31,bg.zhang8.com.cn/*
760562d22e93fd9acebbed02ebbbebae,1156330600,1,api.niudian8.cn/*
760d967292306eb09ed42dee423204c3,1156140400,1,bg.9fanfan.com/*
761090cbd615af58e94be63c82f4de36,1156371400,2,api.niudian8.cn/*
76958ff04c3af4b7feb22d2e80d402f4,1156340800,1,api.niudian8.cn/*
76a3db57d2572a72c2ab2c350697181c,1156310000,15,api.niudian8.cn/*
770aeff1e72b676e85033fc79bc19284,1156371500,5,bg.zhang8.com.cn/*
773039853ac415df0c860f725216b7ea,1156430200,560,bg.zhang8.com.cn/*
77572094d69d6dacd4da06d5b325280d,1156441900,28,bg.9fanfan.com/*
77e435581556ed3c4d3052d9d46eb7f9,1156350500,2,bg.zhang8.com.cn/*
78328fc76aef4f57728f8d61b8d0af39,1156341300,1,bg.zhang8.com.cn/*
7843bbaa1b2926293e4c595b4c376d86,1156445200,3,bg.9fanfan.com/*
78531957da3ab6eb762556a1198834ea,1156422800,154,bg.zhang8.com.cn/*
786e9d7c47f254f8805c09e5724c7c11,1156331000,88,bg.zhang8.com.cn/*
78892788e1238e94312d03e24b041cf3,1156341200,1,bg.zhang8.com.cn/*
78a45615e70a144427577a80fca9386a,1156370200,2,api.niudian8.cn/*
78af54480f11e5fb3aa68fc6fcc38e80,1156610900,3,bg.zhang8.com.cn/*
78b6b1aea7ff231e30e5984b007c936e,1156310000,124,bg.zhang8.com.cn/*
78c10dfd989c93a241670c161c7457a7,1156130600,732,bg.9fanfan.com/*
79063aa5ebd7d348405ed9e29f65d35c,1156310000,1,bg.zhang8.com.cn/*
794be4e7c4978d2163e4152e600c6fa6,1156430500,257,bg.zhang8.com.cn/*
7a149306b45cc8387f67cc18a07f5f6e,1156440300,46,bg.9fanfan.com/*
7b1476160c9460c88cd632c54146dc75,1156371200,12,bg.9fanfan.com/*
7b3a30032208a2899d3403241ccbf31e,1156330200,1,api.niudian8.cn/*
7bc6c3e4c9d5c73ff29eca3bb7c0064f,1156450500,1,api.niudian8.cn/*
7c177c40ab0a2d9d3e376fdd526eed21,1156330200,1,api.niudian8.cn/*
7c29fe4b50d87be52c9912f6cab215b9,1156530100,3,bg.zhang8.com.cn/*
7c46b95804f01ea075d1256d1cdc042b,1156511500,37,bg.9fanfan.com/*
7c98263e5d157ec6291a1a7144fafe01,1156530300,308,bg.9fanfan.com/*
7cb830ef861c4680ab3fbaba584f2ee4,1156371100,10,bg.zhang8.com.cn/*
7cd05109403d25b2c03c321a22370cd4,1156440100,50,bg.9fanfan.com/*
7d0922b30df01eafaaa29ebdb5bd9f96,1156371600,1,api.niudian8.cn/*
7d39a5ebf0cd122f911a689680bf8106,1156330200,2,bg.zhang8.com.cn/*
7da0a0ccdef9d1dba3cb49521d5c3c1b,1156330300,41,m.gushengwang.com
7daed1aa708491937f524d6db5c90369,1156341200,1,api.niudian8.cn/*
7f34277af646939567b159543f67a95e,1156130100,40,bg.9fanfan.com/*
7f50f6584ed5d1f9174fa3026f131b1a,1156320500,2,bg.9fanfan.com/*
7f6334167b55000f462ac75fbf0da2c8,1156330100,1,api.niudian8.cn/*
7fede776766ea34b4aca93429617415e,1156310000,1,bg.zhang8.com.cn/*
7ff48fe2a86a52561317782042f793da,1156440300,38,bg.9fanfan.com/*
80059c16bcc83376750ab14d54eb20a2,1156360200,4,bg.zhang8.com.cn/*
800d966c6be79f29d775490e953f3e27,1156371500,48,bg.9fanfan.com/*
8031022de9d67faba98fe2b02249a3b2,1156330300,55,bg.9fanfan.com/*
8050c4d25c5f1561a79ef69e99b36902,1156371700,1,api.niudian8.cn/*
8094c2c794263666177ea70ea3a1c936,1156610100,283,api.niudian8.cn/*
80a13490586f2c14c85a5bb4d047baf4,1156310000,140,bg.zhang8.com.cn/*
80d7ca209268ab92220aea37842b340a,1156510100,1,bg.9fanfan.com/*
80da691ac5887008bb3f3c4198845566,1156110000,18,bg.zhang8.com.cn/*
81004ca75980a1c43b4f39f30696a440,1156371400,1,api.niudian8.cn/*
8153b59d925b068cf394b58c67a4c18e,1156371100,1,api.niudian8.cn/*
8165d43ea2feed474a46c41cdf79c739,1156441600,18,bg.zhang8.com.cn/*
8174a89a9f4863c08203da01689228f0,1156360800,256,bg.9fanfan.com/*
818f631bb4280028c03197e3c1082df6,1156511800,363,bg.zhang8.com.cn/*
81cf5a6e9278e5cfa8a8e8ee664b0100,1156330200,1,api.niudian8.cn/*
820d51753637d13bba90d454722ba03c,1156440700,2,bg.zhang8.com.cn/*
8214e6ae16b0445b6c1af0568ca5d273,1156340100,1,api.niudian8.cn/*
82f1cdd4587dd91d617ac705b53d1025,1156310000,42,m.gushengwang.com
830ca078c2d72d65d6f978155f2cff27,1156430700,3,bg.zhang8.com.cn/*
8343a964077a01170f3c6c744f23ee3a,1156341600,1,api.niudian8.cn/*
8369b46f1c08c18f5b1f4518418ee263,1156430400,25,m.gushengwang.com
84079a534f7755a9e437732f7ce5d4c0,1156360400,61,bg.zhang8.com.cn/*
841fe0ad0f777eb0874566a57e4cb606,1156410300,3,bg.9fanfan.com/*
847159c21ab889ff7f49da8cbe6a87de,1156411300,43,bg.9fanfan.com/*
84840b664f43b04cdcd4872a61060047,1156310000,1,bg.zhang8.com.cn/*
84b00218817ac20a4231af9c0821120c,1156150100,1,bg.zhang8.com.cn/*
84b5edabaf01e93bddeafc1259864a74,1156130800,1,bg.9fanfan.com/*
85712212ed039815130de6f1652e8013,1156340100,1,api.niudian8.cn/*
85a1af27fbbfdf86dbc36365f014e9ed,1156310000,5,bg.zhang8.com.cn/*
85e69a33285dbfb106aa4a9cd11de15f,1156310000,3,bg.zhang8.com.cn/*
860c17fb7c1ea8d68c698dd33e279af1,1156330200,2,api.niudian8.cn/*
86181bad8f9a9ceafa1f5e1df35ec1f9,1156310000,350,bg.9fanfan.com/*
8628aab9561f9c5363d8d9b9270c0977,1156330100,1,bg.9fanfan.com/*
864eff818fa7d11f250820f9c702780e,1156130300,101,bg.9fanfan.com/*
868dc9bc1c7d32440d048ad543608cce,1156150100,190,bg.9fanfan.com/*
86a160fc963019b250a3ba8c66101891,1156411300,65,bg.zhang8.com.cn/*
86a1c6c108328b97124ff3d6e30e81bc,1156341200,1,api.niudian8.cn/*
86c3dc6aa0235a430f44f2520f7d98a7,1156370900,3,bg.9fanfan.com/*
878178f9f6f0e393c5e77d111058a918,1156441700,7,bg.zhang8.com.cn/*
87b81a4955238f7644c276a6b1003497,1156350200,3,bg.zhang8.com.cn/*
87da84771d8aef9b8d9d870fbb692c06,1156510100,26,bg.zhang8.com.cn/*
87f703a2bd1c597bc341ffaed32a1e8f,1156340600,1,api.niudian8.cn/*
880c8d0e2694d61208737f14fb6a7bcb,1156440100,66,api.niudian8.cn/*
884bf28f69ee6e42c8f825914e27210b,1156530100,178,bg.9fanfan.com/*
887b1ab2bd827e69bba9218fba71c75d,1156371500,3,bg.9fanfan.com/*
88ac7ad2f3f135501a79ede32f5e2c0e,1156371500,1,bg.9fanfan.com/*
8927803f5bc5f7dcbc23e6bb7a681069,1156441900,1,bg.zhang8.com.cn/*
89758c3fc673925ba37371a011e18a27,1156370800,1,bg.zhang8.com.cn/*
89f26c6e147e30baa0c3b1a6bb5b8d93,1156610700,175,bg.zhang8.com.cn/*
8a10185b537d840c672ed60e91385702,1156310000,3,bg.zhang8.com.cn/*
8a31273050cb1b2dbdfae5e770317ed0,1156341200,1,api.niudian8.cn/*
8a695d90837e3a4661706438e73143ee,1156130400,5,bg.zhang8.com.cn/*
8aba302fd0c37ba5be6189f6e2bba3d3,1156330300,1,api.niudian8.cn/*
8ac9a79629752ea20e8afacb060be1b1,1156360900,161,api.niudian8.cn/*
8b1011d63515cefea82bde3b68bbdfc5,1156371300,1,bg.9fanfan.com/*
8b270c199916480cd9588750a9a305e6,1156340100,394,bg.9fanfan.com/*
8b84afc426888a7352a23012cac58563,1156320100,59,bg.9fanfan.com/*
8b9ebc5823d8067e6633c184224b70ae,1156371500,4,bg.zhang8.com.cn/*
8c4e51ae9c1e45675e7b7de0cf77dab5,1156320500,2,api.niudian8.cn/*
8c694c4d822b4fda677c367950049fbc,1156610100,18,bg.zhang8.com.cn/*
8ca7a4c85d640b6b1fbf99a6aaf4a906,1156341200,4,bg.zhang8.com.cn/*
8cc0f53b833d585504e4456861d0d997,1156371300,1,bg.zhang8.com.cn/*
8cc65438706fa6aafc069dbecbec49f7,1156610100,2,bg.zhang8.com.cn/*
8cf163763d9925735d00508553850dbb,1156360900,248,bg.zhang8.com.cn/*
8d30b9394e81fdf654d1e02906a525ee,1156330400,1,api.niudian8.cn/*
8d4b0681a84471fbdc3601e44b11ed07,1156321300,7,bg.9fanfan.com/*
8d54f18afcbe007f1f440f58c80aa5fb,1156341800,59,bg.zhang8.com.cn/*
8d618cc23a72fd1004dee22fe72b5334,1156370500,1,api.niudian8.cn/*
8dc8c83536952fe483d39574a3d1b00a,1156440700,2,bg.zhang8.com.cn/*
8dec8378c3e60e8749fcbe9c370be4e8,1156520300,203,bg.9fanfan.com/*
8df20c08005ce3e8dbadd73a506d756d,1156341700,1,api.niudian8.cn/*
8e427139c8da173d7f911c60ec487f70,1156370900,1,api.niudian8.cn/*
8e56c746435704481330733a2c1ed8e6,1156520600,1,api.niudian8.cn/*
8e675b7564b4cfc06fa83d0729184f5e,1156340100,31,bg.zhang8.com.cn/*
8e729197f240369df70b9deba51be314,1156310000,1,bg.zhang8.com.cn/*
8eb759a749031b6dcbd75e89d3125475,1156370900,1,api.niudian8.cn/*
8f5377e020bcaf300795b1f7198f8a95,1156321000,1,bg.zhang8.com.cn/*
8f7573048289261f03932b7547b91409,1156510700,2,bg.zhang8.com.cn/*
8f899d6b837cb110b88890e64d6b15a5,1156440100,1,bg.9fanfan.com/*
8f98cfc57928d21d0ac24bd5ee079558,1156310000,1,bg.zhang8.com.cn/*
8f99ed4da77ffe987b9647568efdd2fa,1156520200,1,api.niudian8.cn/*
8fa190fd04b5c1968dde03e27a33ffc4,1156510100,1729,bg.zhang8.com.cn/*
8fb6ad799c0f5d6c3c0c4a8187855f1b,1156450300,40,api.niudian8.cn/*
8fe90b1ba9a94fb185f01c8b54d7132f,1156330600,1,api.niudian8.cn/*
9021ded85392eeacbcfc034deac7c488,1156360100,2,bg.zhang8.com.cn/*
90ceb044196d44debadc0a1f0da7bb9f,1156330200,1,api.niudian8.cn/*
90fd8efbb26049ff82cb612e1513c92b,1156450700,1,bg.9fanfan.com/*
9100a06a2663b42a936d5afd9979434a,1156340100,1,bg.9fanfan.com/*
91a9bd9fd3f65fd15ab088b04e5f5345,1156330200,1,api.niudian8.cn/*
91b0c6300188beb144eb56296a7809a5,1156420100,350,bg.zhang8.com.cn/*
92252bc079246ef739d66489df1e22ca,1156510100,1,bg.zhang8.com.cn/*
925ed4cc867a6a04f91a2b403e53b088,1156130100,342,api.niudian8.cn/*
9285e1f3a4eabc1c10fc265627d49444,1156510100,1,api.niudian8.cn/*
92b7e56e46c55c17dc4970caae118d6a,1156371300,1,bg.9fanfan.com/*
92f9f384579d3c203a6eb68d816a0780,1156320300,1,api.niudian8.cn/*
9304b03b29e9cd816420b10128e11c28,1156330500,1,api.niudian8.cn/*
93302d48fa972e44d41335a205ca4fa5,1156532600,4,bg.zhang8.com.cn/*
93682bf9d8995d7d0640728629750534,1156440500,36,bg.zhang8.com.cn/*
943558807edc6aa9b669112cbf5cad2f,1156411600,2,bg.9fanfan.com/*
94a6f6d5492ab53e924c0db1af9835be,1156370200,1,api.niudian8.cn/*
94ae31e297c787b7666927e88aa074fe,1156450100,1,bg.9fanfan.com/*
951e3286c2efe34fea75b1b80bc2a817,1156610100,31,bg.9fanfan.com/*
958751d9d1c66bb11735db3411e723e1,1156330800,1,bg.9fanfan.com/*
95984abb13b82205d09c1ab7ab6cd16d,1156360100,41,bg.zhang8.com.cn/*
959e488e3ecae068186d2f9a7a67e1a8,1156500000,1,bg.9fanfan.com/*
95a39f065e0e16f41b99255b29677b3c,1156451000,1,bg.9fanfan.com/*
95dc0f688cf5cb0052745ac672183414,1156371500,3,bg.9fanfan.com/*
967a5606e730d243856d1e5a92f04f9e,1156140100,2,bg.9fanfan.com/*
96dbc6c851f5b13f87a89fb920beccea,1156532800,169,bg.9fanfan.com/*
96e3c0b9c33aaa51db0a50bc69e19695,1156360100,70,api.niudian8.cn/*
96eea9ca5215d03b3dcd56c7e506292a,1156340100,4,bg.9fanfan.com/*
970ed8b8511105a9c3de3aa98b3fbfdd,1156450900,1,bg.zhang8.com.cn/*
97315b3a1501a4afaa1d4f0b61b1bc45,1156511400,1,bg.9fanfan.com/*
9788108ef1e50a81dff8995b9b9f1371,1156341800,100,bg.zhang8.com.cn/*
9796602ea41305d44befd4c27b7c0752,1156130400,1,bg.zhang8.com.cn/*
97bfe2af1cabd7fe035656819ef6f295,1156331100,1,bg.9fanfan.com/*
97cabf869d03fe548c44729270c1f19b,1156421800,94,bg.zhang8.com.cn/*
97cd0d4b91c35ed92958b85dbdd0c13b,1156361100,1,bg.9fanfan.com/*
984b63b6883722aa835febc6ae232dad,1156510500,7,bg.9fanfan.com/*
986b9eed1a1f0e8d348878be63c272b8,1156321100,4,bg.zhang8.com.cn/*
99bfd5aae69535640470799010203707,1156371500,3,bg.9fanfan.com/*
99d8c09e46807b32483e7f5b328969ec,1156340300,1,api.niudian8.cn/*
99dd2d013573a3d03f5fb71406bcc6e1,1156330100,1,api.niudian8.cn/*
9a20eafc0c6ff26f1ceed03860fdbe47,1156370900,1,api.niudian8.cn/*
9a775f8c82c61464c8c499e94fa116b6,1156340100,46,bg.9fanfan.com/*
9a90e9eff9fdf2e01d5da30b376d8572,1156310000,1,bg.zhang8.com.cn/*
9ad42cdae2bf097c18d9dcf81d60251c,1156440300,61,bg.zhang8.com.cn/*
9ad4851840f5ba36af1d22d5f2d756ea,1156140200,1,bg.9fanfan.com/*
9ad61d828fea6fc8a7cec48976b90662,1156371500,1,bg.9fanfan.com/*
9ba8f28600436fad5f4f02a77a72ba95,1156330100,1,api.niudian8.cn/*
9c180c8dcc2747c30a280babfca086c5,1156141000,2,bg.9fanfan.com/*
9c9989a29bb1996c1be8370e97b28e1a,1156330400,1,api.niudian8.cn/*
9d42f5b95944b74a1937f3c37116b83d,1156371500,1,bg.9fanfan.com/*
9d8c1866c1338c53357c765cc2da5531,1156310000,1,bg.zhang8.com.cn/*
9ee2da8c7b57fc1af157f776d64a33d2,1156331000,73,bg.zhang8.com.cn/*
9eff0b35ad89d54431f3b2fc66d7f5c5,1156340200,1,api.niudian8.cn/*
9f70a3c97b14d395c052c48720b0bad8,1156440700,1,bg.9fanfan.com/*
9f7a8379857681125c5231f129e2334f,1156310000,1,bg.zhang8.com.cn/*
9fa555f06c39bce0020fc6d9e2693de9,1156310000,2,bg.zhang8.com.cn/*
9ff40028092893a55a7841f0669d1c68,1156130600,2,bg.9fanfan.com/*
a138b45bdfb1ed724685a5e0dbd80fd6,1156440400,1,bg.zhang8.com.cn/*
a15f88cd18d1378e84567812f25506dd,1156440500,41,bg.zhang8.com.cn/*
a160113c01f0f3ce2e92dadd6b9f56e6,1156341600,1,api.niudian8.cn/*
a2226e1039bec0a0609024d8c5722fb6,1156130600,5,bg.9fanfan.com/*
a22832b3c9152bf4d95d91a236f9a8b0,1156371500,5,bg.zhang8.com.cn/*
a2457f38fc7a1ccc1ae258222cd5935f,1156330100,18,m.gushengwang.com
a2475799a4fea13d98e23487eaf15369,1156421800,262,bg.zhang8.com.cn/*
a29dfa9395071134fc164d30ba4e3830,1156331100,2,api.niudian8.cn/*
a2d5b7f95a0fda57dd0ecc568d5ae583,1156150700,2,api.niudian8.cn/*
a306e5ee5832673c7e788e5e13ab80d0,1156360700,3,bg.zhang8.com.cn/*
a3122056b796eb29f36fb844289236a0,1156421800,2,bg.9fanfan.com/*
a335fd154cab989f33c9313008d05636,1156310000,1,bg.zhang8.com.cn/*
a357005963676c9e8b447e4e4913a7cb,1156350100,1,bg.zhang8.com.cn/*
a36d26805923113570be15b134fa5a43,1156320400,76,bg.zhang8.com.cn/*
a425003e15350e69090f62a5e35d5e9f,1156330300,1,bg.9fanfan.com/*
a42870dfacd1b3e044f7fbff2f00e544,1156360900,3,api.niudian8.cn/*
a44bd2f4f8275ad2a68dbf0de9e41c28,1156370600,2,bg.9fanfan.com/*
a4b08bca13f920025b2eecb758742d0f,1156110000,93,bg.zhang8.com.cn/*
a4b421999a535f1a01178c78476ef4a1,1156371500,4,bg.zhang8.com.cn/*
a4cca0e1bf14a5478b35dd4d69b2b461,1156330200,1,bg.9fanfan.com/*
a4fbfe55c58baca0423f33f0cbc17a94,1156330200,2,bg.9fanfan.com/*
a50b60c50c4992b8adfccc7ccbf87068,1156371500,2,bg.zhang8.com.cn/*
a52130c61b426897c55b77be38c319b8,1156330100,1,m.gushengwang.com
a5a6b38e57aca943356f8f05ff69b416,1156341600,1,bg.9fanfan.com/*
a5c56b466e994ffc8e2bcb5c883f0f06,1156371500,1,bg.9fanfan.com/*
a6d371c8d781f5cd74d7ce481b6d7dce,1156340600,1,api.niudian8.cn/*
a71099d5fbef81754ad4f51eee44f99e,1156110000,5,bg.zhang8.com.cn/*
a73d93e4e426c3dc9ae8840151a7bf33,1156500000,1,bg.9fanfan.com/*
a754d53d4f33d28969146d57bd46fecf,1156371500,3,bg.9fanfan.com/*
a78f0e5809acfc9b87a3209918678c0a,1156440600,2,bg.zhang8.com.cn/*
a7ffdfaf62318faf482cf2aa28a85950,1156440300,67,bg.zhang8.com.cn/*
a821e639b566352b4a77a778fcaeb142,1156310000,1,bg.zhang8.com.cn/*
a85ef33b59b8349cce63f3d1065561da,1156610100,23,bg.zhang8.com.cn/*
a8665feabaf833704cca48f12ae9a0c1,1156370200,70,bg.zhang8.com.cn/*
a87c83206a9a660eac55e186d14a12d5,1156500000,25,m.gushengwang.com
a8cb799147e7c44e23a08f7e8cd724be,1156310000,2,bg.zhang8.com.cn/*
a8f3a9369d6fc7ecd613363b340071ec,1156330200,578,api.niudian8.cn/*
a8fd2de8b0944045511e311541700467,1156110000,1,api.niudian8.cn/*
a910012c26cedccf8ed1396e0584699c,1156341800,1,bg.zhang8.com.cn/*
a929d0b7929dc027d1739d7d0a81e8cc,1156440100,12,bg.zhang8.com.cn/*
a9480bc28e886b889201e1bd50bb2345,1156510400,1,bg.zhang8.com.cn/*
a94e18669dc1db5d9a36629fae0138ab,1156330100,1,api.niudian8.cn/*
a9584a1a5d5df5965ef88b058be16705,1156530100,1,bg.zhang8.com.cn/*
a98beaa942c9452bf556f18b54bc50cc,1156340200,1,api.niudian8.cn/*
aa1ac319c9e76dc7d11c6a1dce9078d0,1156451100,1,bg.9fanfan.com/*
aa478e8393d5f2c02a9dec967a89fce2,1156522700,1,api.niudian8.cn/*
aad29c83fbe8add2dd3d9eb723f1ef3f,1156310000,1,bg.zhang8.com.cn/*
ab7aa1f893bef6379e751453628895c1,1156610100,159,api.niudian8.cn/*
abcd08632ad7019b4682c3427e129cee,1156421400,281,bg.zhang8.com.cn/*
ac134c6dde47ea5defaf42cf5c37eaa4,1156340100,1,bg.zhang8.com.cn/*
ac26e42cd56bc7b9c9a41120dedeb00b,1156370600,1,api.niudian8.cn/*
ac9ed6ee16f8e6f897a61fd27f7d347c,1156310000,1,api.niudian8.cn/*
ace702e1e93d7eafb6e722a6f5428ee5,1156371500,4,bg.zhang8.com.cn/*
ad56097a34348c0c3e8f79b9cd2806cd,1156320200,7,api.niudian8.cn/*
adaec27718ba503951393cda4f49fe31,1156340100,1,api.niudian8.cn/*
ae39248afa699a22067c1c442ec935e3,1156330100,1,bg.9fanfan.com/*
aeaa70a37647d339806e55bb533e138b,1156330100,2,m.gushengwang.com
aed897594d05730a4c85ce23d8cd6eba,1156310000,11,bg.9fanfan.com/*
aed8b3b2d3a7e739b9d55a997ead00d2,1156440300,87,bg.zhang8.com.cn/*
aef4b28ee8422ba3d491d70b8124e17c,1156610600,3,bg.9fanfan.com/*
af118c72e65e61281f24fe2ba2731eb7,1156330300,1,bg.9fanfan.com/*
af1501e54bf02f15007c2a460db5254d,1156610100,2,bg.zhang8.com.cn/*
af26c793311a390511f4a698f395625e,1156450900,45,bg.9fanfan.com/*
af912644a7c8608f128bef9f22a88816,1156210200,371,bg.9fanfan.com/*
afafe8b3a886d44d6973af2ae8519799,1156330200,1,api.niudian8.cn/*
b05619d2001fddd57097cc22766d946b,1156361100,19,bg.zhang8.com.cn/*
b056ab53ffbe22f76df940a50d91ec4b,1156330100,1,api.niudian8.cn/*
b104ac842a0b1465c76686d0b383ea9a,1156330600,2,api.niudian8.cn/*
b16880b4e6925642411bca635b266344,1156320600,2,bg.zhang8.com.cn/*
b16a974e49ba3672017998908bec665e,1156371500,3,bg.zhang8.com.cn/*
b22651977bf84ba2f2479a3c37854788,1156371300,1,api.niudian8.cn/*
b2341978b29631cc642a7f534b02eb5d,1156370200,1,api.niudian8.cn/*
b2a7a914a699dfe83a5c1cd8b789d8c9,1156430100,1,bg.9fanfan.com/*
b2c2555adb5cf11de423e95d3b672e45,1156371300,1,api.niudian8.cn/*
b2d208dafd743459db7306508db3a939,1156371300,1,bg.9fanfan.com/*
b2d35d32cc1bf077801ab7582fe4214d,1156610100,2,bg.zhang8.com.cn/*
b35986fcaf9047e1bedb6a0b5d71d8ac,1156310000,1,bg.9fanfan.com/*
b3893ede51f793ef1e5f038ecdb00570,1156330100,1,bg.9fanfan.com/*
b3aa451675081b0541ec5623d125a8fd,1156422800,184,bg.zhang8.com.cn/*
b432c513dee5c9c71a4939ded240b316,1156330800,1,api.niudian8.cn/*
b439e1c3faffcbfd7233f095189d62d5,1156130700,14,bg.zhang8.com.cn/*
b46978c84d71987c500fc17623aa6b24,1156310000,1,api.niudian8.cn/*
b47efe6dc600a49fbd39d7b5b9e5f5b0,1156330500,1,bg.zhang8.com.cn/*
b4b49d70d14d0e1e8639477321773425,1156450300,1,bg.9fanfan.com/*
b4d5fc69552960298ee792a19596d172,1156370900,1,api.niudian8.cn/*
b4f627c17bb152df2854fea1863337aa,1156420100,30,bg.zhang8.com.cn/*
b519fcd1722651c6e9d5e3a5b79d5bae,1156371500,1,api.niudian8.cn/*
b51fdb5cc15d1ba198b10ca5633d0e94,1156130400,2,bg.9fanfan.com/*
b526292decb527fee594db7de6370de5,1156330200,520,bg.zhang8.com.cn/*
b5718f575b1a7dab95082547daca6f7e,1156310000,2784,bg.zhang8.com.cn/*
b5cd4eb5880cd89e8e3a586761ce2144,1156371500,1,bg.9fanfan.com/*
b5f82b6b3aaec557272240f268286c51,1156330700,1,api.niudian8.cn/*
b6325ce33096e42a8a4c2b97dc71869a,1156370400,1,bg.zhang8.com.cn/*
b641f875a1c761051895449b2b6033e1,1156530600,1,api.niudian8.cn/*
b64dd118fcbfede5843204cca6b15720,1156440300,30,bg.9fanfan.com/*
b732aca6913a57a0ab9036edbddb1c6b,1156370700,6,bg.zhang8.com.cn/*
b76cd8d5a8d529143e820d9d149ca68b,1156130100,56,api.niudian8.cn/*
b7ee9675968e2853640c483c3cb783da,1156330700,1,bg.9fanfan.com/*
b813e9c1a95155e669646a9b9b782a79,1156610900,3,bg.zhang8.com.cn/*
b858c741a4644dccce93726e00cfe74b,1156442000,48,bg.9fanfan.com/*
b8ab3618c78594f642a2cbc9fcb9b69a,1156371500,2,bg.9fanfan.com/*
b8baea4413bffebcfdc9de09288eb132,1156510100,9,bg.zhang8.com.cn/*
b8cf345c166049da6b65e49e85ab2239,1156370700,1,api.niudian8.cn/*
b8f843b99f9539718647f59031f7db08,1156310000,1,bg.zhang8.com.cn/*
b901671fc3bbbaa860cf2b08317f4159,1156440300,1,bg.zhang8.com.cn/*
b910136728b44d90d1b2471d6e3439d1,1156610100,2,bg.9fanfan.com/*
b9b30a0d06be8afe5c8c8b07bc67a245,1156360400,224,bg.9fanfan.com/*
b9d5720155bb8c3654660c7ad1472cf4,1156420200,385,bg.9fanfan.com/*
b9ddafec0e96cee0e9f2030e500c1387,1156110000,7,bg.9fanfan.com/*
ba4183dd60251ba86df46e145824af82,1156371500,1,bg.9fanfan.com/*
ba5917a5eaa0547122624921f606f2d3,1156510800,835,bg.9fanfan.com/*
ba6227ab096ad64cc954b2b3d862551a,1156331000,25,m.gushengwang.com
bb692925a7dc88f14189707a3f9d5872,1156341800,31,bg.zhang8.com.cn/*
bba487da19a57f5d408358cef4df0f9a,1156371400,276,bg.9fanfan.com/*
bbc4263e7630c4f4799d64cd0fa9d3c0,1156310000,1,bg.zhang8.com.cn/*
bc8bf241a6ad85c0651eb46db477534e,1156320500,10,bg.zhang8.com.cn/*
bcaae3e4088e436985793c69f9761244,1156330200,1,api.niudian8.cn/*
bd5e323a09e708940ab6caf6241483ed,1156330100,1,bg.9fanfan.com/*
be2d2fa36d2958c1b6e4414ddb0224b5,1156320500,53,bg.9fanfan.com/*
be5f3fd4369bbf405502260188197b82,1156430100,221,bg.9fanfan.com/*
bea4e037ea2cfd6ff252b8a79a7781a5,1156370200,1,api.niudian8.cn/*
beb231f3efe014a3212925ab5413e7dd,1156371500,5,bg.zhang8.com.cn/*
bebbe24021fc8539970a83bd672b92d9,1156330400,1,api.niudian8.cn/*
bedc0c992ee926453419fe7530f743d0,1156371500,2,api.niudian8.cn/*
bf150779ae43dd85a64d5090890333cf,1156610800,1,bg.zhang8.com.cn/*
bf31ad197f4e6b5ba15cbc33710c1f94,1156310000,1,bg.zhang8.com.cn/*
bfca484d1fec0d998183742a1719b854,1156510100,6,bg.9fanfan.com/*
c04bddbd0dec851e6c12b9f1c3daf205,1156610400,1,bg.zhang8.com.cn/*
c076f7a343d0e54bba13197c8b171f34,1156110000,17,bg.9fanfan.com/*
c082f898cead3f9f0a1c82a873534084,1156513200,2,bg.zhang8.com.cn/*
c0856fbe1f804cb70086ed9593cdcb9e,1156440300,20,api.niudian8.cn/*
c0efcb740ff83d0ee86426094e46d23e,1156340200,1,bg.9fanfan.com/*
c124a7bcc46ba2abb3967b4e1e2db602,1156510100,1,api.niudian8.cn/*
c13d12eb939d454fa3f2fa079bb96a24,1156450600,1,bg.9fanfan.com/*
c1c7bc11380dcc738ead5d922d145574,1156410100,199,bg.zhang8.com.cn/*
c3b8f52f6bae547f1cc1c8561a1c3578,1156442000,16,bg.9fanfan.com/*
c420f26e92714d396369f5fe9f16135a,1156441900,312,bg.9fanfan.com/*
c49e65ac581f0ed43ccaae3aa72701a2,1156450200,1,bg.9fanfan.com/*
c56011e5092d78071af5c584d4757d0d,1156431100,1,bg.9fanfan.com/*
c570c076c3a055172bb2b86a34e1125d,1156511600,1,api.niudian8.cn/*
c5a94985e09cff5e3cdad3a4a7945df6,1156440100,2,bg.zhang8.com.cn/*
c5cc2c42fc2b2a46ba67d629e212cdd3,1156530300,4,bg.9fanfan.com/*
c5e4ebdd18589c5821b9060b0a27e156,1156340800,1,api.niudian8.cn/*
c6042add26e96a5414a639203f077cfa,1156340100,1,bg.zhang8.com.cn/*
c622a9af5b7b62d4d120487b5b767313,1156430300,230,bg.9fanfan.com/*
c63ae399fe81b71c98181578d85f8ac5,1156371500,3,bg.9fanfan.com/*
c6510d4fb7d85661b49f86e77898640d,1156371700,1,api.niudian8.cn/*
c6a3ddc954bee36467a9d164a5992c52,1156450200,1,bg.9fanfan.com/*
c6b1bf4bbd5f7bb58c680e61b1013e75,1156130900,1,bg.zhang8.com.cn/*
c71bb0ff1773eafc2c9a555eb6e029fc,1156510100,2,bg.9fanfan.com/*
c73ac57fc9e266900580e09d0f6b3eb3,1156440300,222,bg.9fanfan.com/*
c75b273c8db387f848a7a19bb7f6fabe,1156450900,1,bg.9fanfan.com/*
c7c7366039b57dec3da24f9387beb81a,1156370700,1,bg.9fanfan.com/*
c7de6ee1a4a8dfd200000f11e8315428,1156450900,1,bg.zhang8.com.cn/*
c7fa79720ac08d52b75cac80e5ed8109,1156341500,4,bg.9fanfan.com/*
c81da801a8124719ed7f61dd38b578d1,1156130600,1,bg.9fanfan.com/*
c841472a8ee3af7df08865951592d0d5,1156330600,128,bg.9fanfan.com/*
c896ca9dfe88d0cd9d164d7a1a038b52,1156610500,59,bg.zhang8.com.cn/*
c8e78498eb139b7015cafab8509311a4,1156330100,1,api.niudian8.cn/*
c91eeda980d0bed86fa4e459eee390c6,1156310000,1,bg.zhang8.com.cn/*
c93b57a8c22b512d2bf7eb7ced5a8f90,1156420100,86,bg.zhang8.com.cn/*
c9576b0d27dee653f0a0bd4364bf3a13,1156510600,45,bg.9fanfan.com/*
c97f5f10b0b3a7b0e711ac7769d6c405,1156370600,1,api.niudian8.cn/*
c995b753a66a7df93398d10ffd01809e,1156620100,1,api.niudian8.cn/*
c9e1c6ef48a90fcedea8e3fb90c33c63,1156331000,1,api.niudian8.cn/*
ca121ed008d53343958f66e829e4a502,1156370600,3,bg.9fanfan.com/*
ca2cef35aea8acee2facdaa53007dd9e,1156350800,2,bg.9fanfan.com/*
ca35af7f92c5497b93328caa5bc356dd,1156341600,1,api.niudian8.cn/*
ca3d4866cb7f9fb6f7cee31b2fa41ec5,1156341800,330,bg.zhang8.com.cn/*
ca715c3d79389ef51f4e4637f24b47a9,1156371500,2,bg.9fanfan.com/*
ca9609881108bb93c12f971720b9fb44,1156340200,2,bg.9fanfan.com/*
caa80ac1501b7a3c65124827e5c708a1,1156370600,1,api.niudian8.cn/*
cab146d245586271d8742062343e2ce0,1156440300,13,bg.zhang8.com.cn/*
cb41d2b637b970cd89271e4d2ed2b067,1156130400,5,bg.zhang8.com.cn/*
cb6d4973984038699138bcbc059bd04a,1156440300,32,bg.zhang8.com.cn/*
cb76a8e853a158db4ae86a4e38bb5c00,1156340700,74,bg.9fanfan.com/*
cb778557731b4d5ccccde81c9eb399ab,1156542100,50,bg.9fanfan.com/*
cb85addd40175428a66e9822547d93dc,1156130100,2,bg.zhang8.com.cn/*
cbe8fe555f364948497e2d8e6a09478e,1156230100,1,bg.9fanfan.com/*
cc18ecc256aaa77c793111588b785144,1156210200,8,api.niudian8.cn/*
cc198563663ed3d6566606e16cc51abe,1156440700,480,bg.9fanfan.com/*
cc1f4c25792106e4c9e0ad8870dacb51,1156441300,13,bg.9fanfan.com/*
cc6a221afa9af5ff9385e07f91a196fc,1156610900,187,api.niudian8.cn/*
cc6dde36acbbe9e86465006f596ae471,1156330400,43,api.niudian8.cn/*
cce309939a28925285f02da79ed5d82d,1156310000,5,bg.9fanfan.com/*
cd1197897a1eec70e542e540b86ee0ec,1156450500,1,bg.9fanfan.com/*
cd14822328c8f6118a35decaa1e7c6f6,1156320900,28,bg.zhang8.com.cn/*
cd52f2a7444e2ce8ade970ccfc7ca3a4,1156340100,121,bg.zhang8.com.cn/*
cd60a86ac101dae16f06dc1fc6d79a03,1156370300,1,api.niudian8.cn/*
cd7e71cd822b340d14a9abae4d40ca33,1156341500,2,api.niudian8.cn/*
cd812d6b0ec72b50b1b5a200394ad3d4,1156431100,89,bg.zhang8.com.cn/*
cd83b20b19bc456f966f0496ab1c9540,1156410100,3,bg.9fanfan.com/*
cd9d4912528ddfc5f0d9001a0ce73c50,1156370600,119,bg.9fanfan.com/*
cdf43909dc47bd0b4a947f9f3cb463c6,1156340100,2,bg.zhang8.com.cn/*
ce134f6fb5f3779db8c9a8df71bd2474,1156442000,3,bg.zhang8.com.cn/*
ce374d1c41b8d426b3112873112abae4,1156370600,1,bg.9fanfan.com/*
cf1d8feead3b77037c30fd60634112b8,1156511300,27,m.gushengwang.com
cf60084e763879d1cfbff54066bd2ed6,1156330100,12,m.gushengwang.com
cf9c3da3b61a810134f5d4b0694e1270,1156500000,185,bg.zhang8.com.cn/*
cfe8a794309b97918ed3c1be5e887d47,1156370800,1,api.niudian8.cn/*
d0c6c117f559511e895c2589b3b43464,1156360800,3,bg.9fanfan.com/*
d0ede0ffcde5fbad4fc553ca5fe8b06e,1156130100,7,bg.zhang8.com.cn/*
d12b0a41f1c6d7fbeb7b2e635bc66df9,1156430100,2,bg.9fanfan.com/*
d1423cf1eecf257ad92c6bf1e0a395c5,1156340800,1,bg.9fanfan.com/*
d153e71aeba31e9410a163aeef6d6729,1156441500,131,bg.9fanfan.com/*
d1dda64adfa0edf9d15e705323be9604,1156140500,50,bg.9fanfan.com/*
d1fd420ba3ab3ad9992744482517e352,1156371500,1,bg.9fanfan.com/*
d248360acc18495dbf5dbda198872313,1156341800,1,api.niudian8.cn/*
d24fcc666d5f33440edcd190adf824f1,1156340100,1,api.niudian8.cn/*
d26cfa8cd26aa7af06f429fdee7d5fb7,1156330600,56,bg.zhang8.com.cn/*
d2b064f941b14ff77a0ca450367b50b1,1156441700,8,bg.zhang8.com.cn/*
d345bfb79c9e89e3a7331b0afafd6857,1156510300,214,bg.9fanfan.com/*
d37298c94ddf4b8f17e7e7eae3caff65,1156330600,1,api.niudian8.cn/*
d37c63fabb33cd55e8eda0062a6dc207,1156511900,1,bg.zhang8.com.cn/*
d3e974bfd459028f05bdb7c40cc3b422,1156371500,3,bg.9fanfan.com/*
d3eaca91f80dad3aeeb66bdbe86b1cb2,1156422800,3,api.niudian8.cn/*
d428c98bcc6c2656c1d2615b4e6f0c2c,1156450300,88,bg.9fanfan.com/*
d43a879f8fcacc12768bb434ae3d4009,1156370700,1,bg.9fanfan.com/*
d44f1e3408ed81cf86d794d48ca7219d,1156340200,1,bg.zhang8.com.cn/*
d4c7e25efe3c0a2bfd02f871492aa42b,1156330800,88,bg.9fanfan.com/*
d4fa4d95262cfdbd98fadc6d2d9796a7,1156370300,70,bg.zhang8.com.cn/*
d58e5b2c907bfaabc732117817e81e57,1156320200,8,bg.9fanfan.com/*
d59b02d58353b492aa30fb7e23dbea8c,1156340500,16,bg.zhang8.com.cn/*
d59e0a79d7c41ba250b72a6dc643ba6e,1156341300,1,bg.9fanfan.com/*
d5d12b077863fe7debc6af3e604fa091,1156530100,494,bg.zhang8.com.cn/*
d6452f911c5bef9078b29789ac672df7,1156310000,2,bg.zhang8.com.cn/*
d650f8326045609d40fd97d851039a01,1156330100,102,api.niudian8.cn/*
d6884a9480c62c603db4ac7f7644f3fb,1156350500,2,bg.zhang8.com.cn/*
d6e766b74d8c5c0ff732f5c152847814,1156320300,1,bg.zhang8.com.cn/*
d742b33aec9ea6f407286c1142f79b50,1156340500,1,bg.zhang8.com.cn/*
d76f98014d380a48ccaeb7ff0bd7d02b,1156440300,200,bg.zhang8.com.cn/*
d78bf13173deea6d95bf28d2374cba51,1156330100,138,api.niudian8.cn/*
d7e4d5c90b46f71072bf2f7e2fd188ac,1156331000,1,api.niudian8.cn/*
d873f0410b5b517b6c89ad0cb5f0d17a,1156340100,1,bg.zhang8.com.cn/*
d8ff187a3c267cf4bab4f45df493d87b,1156440100,39,bg.zhang8.com.cn/*
d907c7b3e91418a05997968b20bf856f,1156330100,1,api.niudian8.cn/*
d926a9b41827a466adaa557f5f6c894d,1156330700,1,bg.9fanfan.com/*
d95765c8e89802b3f5be906d1c490305,1156330300,92,bg.9fanfan.com/*
d9a4110dd99cb1672d22db90a12f60a9,1156522400,1,api.niudian8.cn/*
d9f9b77658555319a80fb1006f34cc3f,1156420100,31,bg.zhang8.com.cn/*
da039e5a6ab8872dc7cc161fb2036cd3,1156350300,184,bg.9fanfan.com/*
da18be652a6c89b94f7a42609df8ef6c,1156130400,569,bg.9fanfan.com/*
da19f936e0eda9c96e4bcd6be9dfb8d8,1156330300,1,api.niudian8.cn/*
da7887ec1a950eeba669def1a8541b68,1156371500,3,bg.9fanfan.com/*
da8c8056415b6bafce69126b3ffe8460,1156321300,40,bg.9fanfan.com/*
db1298abd6280fbbd3a79d35391ffe28,1156130400,1,bg.9fanfan.com/*
db4df97d211d6b048a46c81f20da008a,1156310000,1,bg.zhang8.com.cn/*
dbad4e833ae1ec92d1a849a1419cbb75,1156371500,2,bg.9fanfan.com/*
dbb089c28564077282c5d7a43c8747f3,1156420100,23,bg.zhang8.com.cn/*
dbcb18068c6e080ef1a5c0bbe63ff465,1156341600,1,bg.zhang8.com.cn/*
dc856d17753d63459a912acfd87fe76d,1156330200,1,api.niudian8.cn/*
dcb11a2038aa9fe1c17600f67005dee5,1156110000,1,api.niudian8.cn/*
dd5b9c3071cfaa783ddfa86db28d7329,1156440100,4,bg.9fanfan.com/*
dd93c6b73d544c6eafcdd5400b7c2a61,1156410100,2071,api.niudian8.cn/*
ddf7dca2e4fb518ebebdc53afe0b00a8,1156130300,25,bg.zhang8.com.cn/*
de7bfbf74d412eea6f01a2f691436441,1156220100,136,bg.9fanfan.com/*
de947c787817411c8f84478901531d1d,1156330100,1,bg.9fanfan.com/*
dea11ec40dda5f6678f7a53b0ed27a0c,1156510100,4058,bg.9fanfan.com/*
dec090d03781d24402b72636eb05c321,1156361000,75,bg.9fanfan.com/*
df0ad8abd835a63509bfc352a694adb6,1156321000,2,bg.9fanfan.com/*
df158fe37394208b82db1671b6b430de,1156530100,17,api.niudian8.cn/*
df35de3a4f2f65c51859354e74912ff9,1156431000,25,bg.zhang8.com.cn/*
df6649b786f011a63b230a4df5e2998a,1156450200,1,bg.9fanfan.com/*
df78640bbea7a73520a7e5d61873437c,1156341200,2,bg.9fanfan.com/*
dfa2c8353684f86c69af5d9165da5c7b,1156410800,21,bg.zhang8.com.cn/*
e02d655353d3d10298c6c7cbd08cac9f,1156500000,6,bg.zhang8.com.cn/*
e053c4c55cdb13542f8d2376229acaf4,1156341600,1,bg.zhang8.com.cn/*
e05e2e6649c653e24eec7d6df3eecc90,1156330700,1,api.niudian8.cn/*
e091116fd955e300b1e213a5b13158ed,1156512000,1,api.niudian8.cn/*
e0a7bc85e0cb17855a73bfafbf344383,1156610600,287,bg.9fanfan.com/*
e0cb745361886c9eb43032beaa36c9dc,1156310000,1,bg.zhang8.com.cn/*
e0d67630cccbeedfd5d4d4602c52b07d,1156510100,5,bg.9fanfan.com/*
e16e6486ff0f6161c581eac2e5705c39,1156440100,15,bg.9fanfan.com/*
e18398894ea488b1c11ce6c7f1fe4fdb,1156330400,13,bg.zhang8.com.cn/*
e1bc0139c0534ddedd811e7297a602d1,1156330400,17,m.gushengwang.com
e1dbc68ffa07bcbb08d9fdc1d188d908,1156430100,3,bg.9fanfan.com/*
e1fc01e42ee21541566166b8d0afa596,1156220500,2,bg.9fanfan.com/*
e205a9bc0c7a620d39a8e3eb73bb31e9,1156370700,1,bg.9fanfan.com/*
e2195f89c3bfbfdbf64f75cda5af6178,1156341300,94,bg.9fanfan.com/*
e2f29adc35a46c11b4b7ba1be1206276,1156340100,1,bg.zhang8.com.cn/*
e2f726adeae45b2c5d54add9ded3c675,1156410100,129,bg.9fanfan.com/*
e3015102870ac004704f2302e241a0d2,1156360900,116,bg.9fanfan.com/*
e329ca4b3abdfc3d3f35cfd6d310de30,1156510100,5,bg.zhang8.com.cn/*
e3743b96be33dee27489fd03ed149c2a,1156440100,149,bg.9fanfan.com/*
e3962c7174b005cdb695f6b128e88b70,1156310000,1,bg.zhang8.com.cn/*
e3ab714c4cc73ca76f7028e2b8cb8962,1156510100,108,bg.9fanfan.com/*
e3ac25af8426e72d5f42598373ece7e3,1156330700,2,bg.9fanfan.com/*
e3dcbcd00d6a94c99c374b554c7b22ca,1156350100,4,m.gushengwang.com
e410e2de42afe6079b12fe80fb795c98,1156331100,1,api.niudian8.cn/*
e442204e8181ce0d379a4f775194b458,1156370100,1,api.niudian8.cn/*
e47a8b5e5e5e5bfb8175cab5f5ca23fe,1156371300,1,api.niudian8.cn/*
e545814686bd4e7bef60c6cb63bd06d8,1156360800,63,bg.9fanfan.com/*
e5ebdb7729358e73e6eea00ac6fb7402,1156371100,240,bg.zhang8.com.cn/*
e62fc1f86bbb971358edd393bfaf99c2,1156440100,29,bg.zhang8.com.cn/*
e632f243594d9787b71d328c129cac99,1156440100,2,bg.zhang8.com.cn/*
e6bb39b50376d7a2cb5e5016c9f79c82,1156320700,410,bg.zhang8.com.cn/*
e70266454f8c17fb4b1b6da04a45ed3c,1156320500,1,api.niudian8.cn/*
e735b088e710783b76e174001686402d,1156310000,1,bg.zhang8.com.cn/*
e743f39b7b52b6826a8a98c72aba05e7,1156220100,305,bg.zhang8.com.cn/*
e7466fbbdb0732c324ed129fa1e4660a,1156370700,1,api.niudian8.cn/*
e7565249a18d5e2b27e4a36cc588f1df,1156440400,8,bg.zhang8.com.cn/*
e7da2b908fd1d5fc822924ecc8cc7493,1156370200,1,api.niudian8.cn/*
e7e5a5915bc9a5baa05010ce9b1f8996,1156310000,1,bg.9fanfan.com/*
e81c55125c7d8a08e4f99d81ff43f0f2,1156441300,1,bg.9fanfan.com/*
e9005d39356327f3093634d2fb29ef28,1156130600,1,bg.9fanfan.com/*
e9245fb9e2609ab8bfa136810198c02d,1156341300,1,bg.zhang8.com.cn/*
e9b4c3d3255186914168b37d1d55dea3,1156341300,1,bg.9fanfan.com/*
e9c509d8a764ec5c08a143bda0fe179a,1156370400,1,bg.9fanfan.com/*
e9d2710aec09fe4f93acd058a5b52653,1156371300,198,bg.9fanfan.com/*
e9d34adb485f05d59b3a4d15130e56e7,1156440300,6,bg.9fanfan.com/*
e9d3b4e522c848d0a76c0d68fc58b453,1156331000,1,api.niudian8.cn/*
ea6bfb073c70e8549e78254b0290ee5f,1156310000,91,bg.9fanfan.com/*
ea970a80cebddb08cbd398082fdd041e,1156511900,1,bg.9fanfan.com/*
ea9a4824571a154d5110d5d1f85ba5c8,1156410400,3,bg.zhang8.com.cn/*
ea9b553519940ae17f83b51ff164f3fb,1156441700,1,bg.9fanfan.com/*
ead2dbc80f25487df81fd8a4a7a726a0,1156350300,215,m.gushengwang.com
ead7fa9c9915dde90ec22d2e8d6bcf62,1156320500,1,bg.9fanfan.com/*
eae17167fa023e2de3d2861c459c754e,1156130400,2,bg.9fanfan.com/*
eb1cafee89bcbf05fb5e0dafaba46c1a,1156341800,94,bg.zhang8.com.cn/*
eb1f8f489e30c68c6e7be38ec46f8789,1156440600,2,bg.zhang8.com.cn/*
eb508ce180f70daa928dff8a5311cf9f,1156330600,1,api.niudian8.cn/*
ebd54b99f0fa8cd6173b590471625d67,1156500000,196,bg.9fanfan.com/*
ebfad8c0ff606825e0c7505355bf9d73,1156431200,82,bg.9fanfan.com/*
ec28d7c6e8160d5a01215153e2c3fc8d,1156340600,1,api.niudian8.cn/*
ec69d8c6c0e1f219fa3546c5e8100c4b,1156610400,50,bg.zhang8.com.cn/*
ec8b3ca8dda9738e46e9c29a4fdb6123,1156510100,47,bg.zhang8.com.cn/*
ed4323eb80dfe70279f1ef539e2fbd5b,1156310000,1,bg.zhang8.com.cn/*
ed713295022fc27d1b33294d33e791a8,1156330600,244,bg.9fanfan.com/*
ed8b2d8b2cfcfb20e4765a4e55b301b4,1156330300,1,bg.9fanfan.com/*
ed94e36dc56d01c7e83484bcf3845faf,1156450800,2,bg.9fanfan.com/*
ed98d175e5be36bf45399cde88d08820,1156340400,1,api.niudian8.cn/*
edadf9451ac55a8b5e211dd6ce6cc348,1156330400,1,api.niudian8.cn/*
edd729aac7944bd00cccd26a525cc8b0,1156330600,1,bg.9fanfan.com/*
ee4020a783b4126fea92ff4bced9caee,1156421200,13,bg.zhang8.com.cn/*
ee8167829653a947b94d31f08b77fbf8,1156330100,6,bg.9fanfan.com/*
eeb3f741c1830da94bad58283bcf75da,1156330700,1,api.niudian8.cn/*
ef13e8e7671922db0d618368e08e786e,1156370400,1,api.niudian8.cn/*
ef22f42fa2878e9d0271167f397c866a,1156330200,1,api.niudian8.cn/*
ef344263069136565f5b7ca4bc38a45b,1156441400,1,bg.zhang8.com.cn/*
ef5ed179caad09efcea9938e7c618a06,1156110000,1,api.niudian8.cn/*
efebe2467b80ed3ef9577d784bd9ebec,1156320500,1,bg.9fanfan.com/*
f016ac87dfe70216667c1c4ff6c253ce,1156340100,428,bg.zhang8.com.cn/*
f0c0ffc0c15e1c7e7af21fe3c887047d,1156371500,1,bg.9fanfan.com/*
f0fe1843e58189fc69879ed7327aa9cf,1156510100,1,bg.9fanfan.com/*
f123258515f76bd6f1fe255967ac6a84,1156370900,1,api.niudian8.cn/*
f134925c08d0414a9228c3ecc9446433,1156371500,4,bg.9fanfan.com/*
f1c2937ab52c2b9ffbe06fe46b8f4640,1156310000,3,bg.zhang8.com.cn/*
f1f7f1a9283c0f8528718035491e6f4c,1156371500,1,bg.9fanfan.com/*
f1fe98cdde07aa5e69af01699dfef7d0,1156321000,1,bg.zhang8.com.cn/*
f2333282ba4ebd3ebfbd664fe5cbfbf6,1156500000,13,m.gushengwang.com
f25e6e38c2c8348e39c582a37eb805d9,1156330100,10,m.gushengwang.com
f2e620220e279b1aa84f136f9b0c8e20,1156360900,1,api.niudian8.cn/*
f2fdd16d61f7454f1d82d1988ff3ef76,1156530500,23,bg.9fanfan.com/*
f3e261b4643fcbb2540039a358ad1003,1156530100,24,bg.zhang8.com.cn/*
f4473a4101452e298057e6913fd37d7c,1156350100,9,bg.9fanfan.com/*
f462cf7f10e502bc205ff47adc684e26,1156440700,276,bg.9fanfan.com/*
f51d49d2e4137c90a58f88c492c33268,1156310000,1,api.niudian8.cn/*
f52f9e675c8b84bd4ea9cc53abae36b3,1156441700,1,bg.zhang8.com.cn/*
f55629c2e037837798e36381642ced2b,1156420200,54,bg.zhang8.com.cn/*
f56eb7f6f0976eab6ddb82334eb1a2de,1156500000,3,bg.9fanfan.com/*
f5ac15026c7cb4b2df78206555d50bba,1156330600,1,bg.9fanfan.com/*
f626a0a0bf6d52609a958bbba664e6c6,1156310000,1,bg.zhang8.com.cn/*
f65dc324b6988a3b782e98312c92f12e,1156370700,1,bg.9fanfan.com/*
f66a7516577083d7b1bfdd634e952969,1156500000,2,m.gushengwang.com
f6bf95fad5e07b4981ec9bc9834819f3,1156331000,377,bg.9fanfan.com/*
f6bfc3673a3e675ba6c8a43b0ac95805,1156330100,1,api.niudian8.cn/*
f6e7116ed46b17b440bb3d39dced83b6,1156511400,19,bg.zhang8.com.cn/*
f6e7ba5368e9877fc2441c2559c0725d,1156510100,103,bg.zhang8.com.cn/*
f73a26bdd5074b2f1b6bfd7743dc30eb,1156140500,1,bg.zhang8.com.cn/*
f807645e309db718b7fda6f3ad4cbf91,1156371500,1,bg.9fanfan.com/*
f82a0006348b6e1bef0217570eecc1c4,1156310000,1035,bg.zhang8.com.cn/*
f82feeafb20edf21f4453f8cc0c9fe1c,1156340800,100,bg.9fanfan.com/*
f836d42c2bcde8dccd9a341e036f7ce1,1156320600,8,bg.9fanfan.com/*
f8b5a93c68fa07fbeca6aacf0ffcf8ff,1156522400,1,bg.zhang8.com.cn/*
f8b7217b0b1d7d2c26347a69efa2fdf2,1156130100,2,bg.zhang8.com.cn/*
f8b7aa148b99ac27747e8fbe2f03cdbe,1156440100,177,bg.9fanfan.com/*
f8e28bef9e471af00140324d3e613b9e,1156350200,211,bg.zhang8.com.cn/*
f91c7d27682cf5032096ac003ae6c9e6,1156371600,1,bg.9fanfan.com/*
fa32b9db20fe1238b211d809cc323d13,1156310000,1,bg.zhang8.com.cn/*
fa4d7cb71039d745f5ecb4247ae5560a,1156440100,1661,bg.9fanfan.com/*
fa4dde6524820e9bceb7681028a5eab6,1156330300,1,api.niudian8.cn/*
fa6500502a88326c55a911d4f3ab9943,1156440100,331,bg.9fanfan.com/*
fa7e905f5d72957fc13c8f77654561fe,1156370900,1,api.niudian8.cn/*
fa8db6b721e1a2f7ac587c79618776c6,1156310000,1,bg.zhang8.com.cn/*
faa14d32273644928e75b6d4d15efc0a,1156430500,21,bg.9fanfan.com/*
fab8ef3c180b9954545e09e9e276bea3,1156340400,1,bg.9fanfan.com/*
fb0c1c58022c3dfff5e2bbda4f0e2cfe,1156330100,196,api.niudian8.cn/*
fb43161e3eae7297dfdc04c25d7d6e70,1156320500,2,bg.9fanfan.com/*
fb4d645aca41a5ea1b983b6e2134b060,1156513400,6011,bg.9fanfan.com/*
fb6512971e3bbe29f6d115c92135f04e,1156331000,1,api.niudian8.cn/*
fb67b7f68580616247ecd248e4acb095,1156500000,160,bg.9fanfan.com/*
fb844e9a4a5322b58e0a876d0bca553d,1156420200,21,bg.9fanfan.com/*
fbb59927f97b6223f99a1a54e2ab4b6a,1156341700,1,bg.9fanfan.com/*
fbeb9422ac63bd2b9cdbdcc271962477,1156370100,1,api.niudian8.cn/*
fc336adf985320dc96741309ee45667f,1156330700,1,api.niudian8.cn/*
fc5a59742ca7755be811b7db4ab0470b,1156340300,1,api.niudian8.cn/*
fc5fb0c608477ef649590e915332ea6e,1156340100,1,api.niudian8.cn/*
fc73eb200d4e80f2ea881ed2b6e69536,1156310000,27,bg.zhang8.com.cn/*
fc842a9215c1c151190788bf39adfed5,1156340500,1,bg.zhang8.com.cn/*
fcc5578574de7eacdac5141d22f3c694,1156450300,1,bg.9fanfan.com/*
fd744a32cfa19e0a1e98d98b562cf317,1156130100,74,bg.9fanfan.com/*
fd80ca72c2848e24f39a85e20e0e12bf,1156310000,1,bg.zhang8.com.cn/*
fda2107426203211602e4aa0eae59628,1156310000,1,bg.zhang8.com.cn/*
fe34ed323960d735a5059b831bbbd9fd,1156371500,4,bg.zhang8.com.cn/*
fe402393e6a19b01c78a32fb89ceca60,1156330700,2,api.niudian8.cn/*
fe9cbed210613964cfc37ba7515a6256,1156530100,162,bg.9fanfan.com/*
fedc191fd2d4edbfcdea3124c77cbf7f,1156420100,224,bg.zhang8.com.cn/*
ffa8c732a668b1744db4b16f051c1b54,1156140100,3,bg.zhang8.com.cn/*
ffb158802c1b439e1db1ba7df5507c27,1156341200,1,bg.zhang8.com.cn/*
ffc79804387304a980e6e48de1070e2d,1156130400,2,bg.9fanfan.com/*
ffe889aacc3195404637d7bc9288562b,1156442000,141,bg.9fanfan.com/*
