0049bf7775aad6b9bf7ade56db55fc2c,1156610800,22,bd-jp1y.qdgz886.cn/nc-s1-wap/*
00aec6e277046cabdf2085958e116843,1156320600,28,bdzh.im-royaltea.com/coco5-m/*
0285beac221b139d4f1f9703356dee39,1156330300,23,bd-jp13y.ebingqilin.com/nc-s3-wap/*
02b63a48eb7cf27b7fc9437336173f2a,1156341000,38,bd-jp13y.ebingqilin.com/nc-s3-wap/*
032b54cb3054fd898a9764ddaa171e6b,1156340100,5,bd-jp13y.ebingqilin.com/nc-s3-wap/*
03989ab8a00c2c29baf89642e0075d83,1156420100,2,bd-jp13y.ebingqilin.com/nc-s3-wap/*
050af96670b8fa2f820493a8530e4948,1156371400,2,wkd.sjgh17.com/yzwy/mw-s04-043-1803-03/*
061bc8b016f87cc218b31b9e7a9733e1,1156310000,28,bd-jp13y.ebingqilin.com/nc-s3-wap/*
072256018dda0044b933e31a63fa5ae2,1156610100,29,bdzh.im-royaltea.com/coco5-m/*
07931c1ff4882553d79c95bc667c7912,1156420100,22,bd-jp13y.ebingqilin.com/nc-s3-wap/*
07b46ecc0fd896c6757c54b477a8b9ce,1156130100,2,bd-jp13y.ebingqilin.com/nc-s3-wap/*
087da51dbb6a58b96b7c2dcf7bcfebfa,1156370700,32,bdzh.im-royaltea.com/coco5-m/*
09127c1b83971b2efb34c53bf2494dc4,1156320200,26,bd-jp13y.ebingqilin.com/nc-s3-wap/*
095958d420834c4025532dab3af7a200,1156610100,3,bd-jp13y.ebingqilin.com/nc-s3-wap/*
096b1d0bbbea2129c15bf5a3237e6ebd,1156361000,25,bd-jp13y.ebingqilin.com/nc-s3-wap/*
09e410552eef22179b9e7d968c4d3917,1156320500,1,bdqzc.qdhtmf.cn/qzcha/bdwap/qzcnc/*
0a3732acb497dc8b8b6404bcef18f2da,1156531000,52,bd-jp13y.ebingqilin.com/nc-s3-wap/*
0abf0bf2291dc5996476bb2a39d81982,1156110000,28,wkd.sjgh17.com/yzwy/mw-s04-043-1803-03/*
0b06c7b7e206301120b103105d062d8b,1156430100,25,bd-jp13y.ebingqilin.com/nc-s3-wap/*
0b256f045d93ad9b1c6738de1231c7a7,1156410100,1,bd-jp1y.qdgz886.cn/nc-s1-wap/*
0b4fc3cab914acd89216983473ae8cc9,1156310000,2,wkd.sjgh17.com/yzwy/mw-s04-043-1803-03/*
0bdaff568f31ec1df68eb2a210cb8095,1156420100,32,bdzh.im-royaltea.com/coco5-m/*
0c2904747e6dd782ffd8f3dd31a9413e,1156460100,1,bdqzc.qdhtmf.cn/qzcha/bdwap/qzcnc/*
0c98e7696c9ad9262c62e00b349cfccc,1156510700,2,wkd.sjgh17.com/yzwy/mw-s04-043-1803-03/*
0e004818170f48457c4158b75673d330,1156530300,25,bd-jp13y.ebingqilin.com/nc-s3-wap/*
0e1cfcc705ac1d324f277d2d7e7a4115,1156450400,1,bdqzc.qdhtmf.cn/qzcha/bdwap/qzcnc/*
0e32f0ac124443e38c70f2908db883c2,1156520300,23,bd-jp13y.ebingqilin.com/nc-s3-wap/*
0f15d20f88f27ed34c5bd44f25eb2f4c,1156460100,32,bd-jp13y.ebingqilin.com/nc-s3-wap/*
0ff03c35630ab92ba651f0f651f2efc6,1156445200,3,bd-jp13y.ebingqilin.com/nc-s3-wap/*
1080c44df0ab8c118c37f763bbbc0234,1156150700,26,bd-jp13y.ebingqilin.com/nc-s3-wap/*
10a236a11ea764e11038c367be67dca0,1156440300,26,bd-jp13y.ebingqilin.com/nc-s3-wap/*
10d5b68e966b1a1f4a338e738551f64c,1156411700,32,bd-jp13y.ebingqilin.com/nc-s3-wap/*
11077b591eac38a639d6b27fb39df91a,1156440300,1,bdzh.im-royaltea.com/coco5-m/*
11aab5707e457f0bed6a775592b5d4c2,1156440100,24,bd-jp13y.ebingqilin.com/nc-s3-wap/*
1204367f9d4861f58e0e19c2c0de1624,1156370800,1,wkd.sjgh17.com/yzwy/mw-s04-043-1803-03/*
12044b01a42c56f84dfa4c1cb446bfd6,1156350800,33,bdzh.im-royaltea.com/coco5-m/*
123feaacc44753c05b8d9995154d1d52,1156341200,6,bd-jp13y.ebingqilin.com/nc-s3-wap/*
1265b9b6becf56a07a150f03a4c2eea1,1156370300,26,bd-jp1y.qdgz886.cn/nc-s1-wap/*
12e32583940747e6faff3368c3c2cfb9,1156330100,5,bd-jp1y.qdgz886.cn/nc-s1-wap/*
1377ef032455daea6717cff6a7ce95ec,1156330100,1,wkd.sjgh17.com/yzwy/mw-s04-043-1803-03/*
139b11a6d5e17754834c51fd0e9f215d,1156610100,2,bd-jp1y.qdgz886.cn/nc-s1-wap/*
14e4c91a6218b30c693186a398692a65,1156350600,14,bd-jp13y.ebingqilin.com/nc-s3-wap/*
152ef0c892212c1ffd6d6e573eecac3e,1156410200,21,bd-jp13y.ebingqilin.com/nc-s3-wap/*
1614c3a9601c47aa2ed7a73caec980eb,1156360700,3,wkd.sjgh17.com/yzwy/mw-s04-043-1803-03/*
16b92bdfdf765ee35fe1718d43c6199d,1156511400,1,bdqzc.qdhtmf.cn/qzcha/bdwap/qzcnc/*
16f30186f46198102644d8bf6a8f889b,1156440600,1,bdqzc.qdhtmf.cn/qzcha/bdwap/qzcnc/*
18b18c73ff37e99c48d0a978273b8854,1156320900,1,bdqzc.qdhtmf.cn/qzcha/bdwap/qzcnc/*
192ef96d39ef3cf5c22f7849fdd9b111,1156440600,28,bd-jp13y.ebingqilin.com/nc-s3-wap/*
19f4e8b0f287c883e1feca63d645768e,1156440300,1,bd-jp13y.ebingqilin.com/nc-s3-wap/*
1a1990dfe7c625cee9a500d35e21e014,1156410200,1,bdqzc.qdhtmf.cn/qzcha/bdwap/qzcnc/*
1b87fc198f2ed2dbac07ea9ff0ab59bf,1156321000,33,bdzh.im-royaltea.com/coco5-m/*
1baf8f73062213a8e5c8e1c1c0365174,1156320500,27,bd-jp1y.qdgz886.cn/nc-s1-wap/*
1cf00d5a78e464dbdd2d86bd2e462e96,1156620900,1,bdqzc.qdhtmf.cn/qzcha/bdwap/qzcnc/*
1d50ee45dfd8ed288303f34caf8881cd,1156330700,25,bd-jp13y.ebingqilin.com/nc-s3-wap/*
1ddc6fae00930dda1da3d4de20898eca,1156500000,29,bd-jp13y.ebingqilin.com/nc-s3-wap/*
1e4770ee5c279281687c7afbd1ecbbf6,1156360100,27,bd-jp13y.ebingqilin.com/nc-s3-wap/*
1ed9a85d6fefd3c175f471a953a412c6,1156421100,24,bd-jp13y.ebingqilin.com/nc-s3-wap/*
1edbf544ed2e629caa02accb3591cf3a,1156360400,26,bd-jp1y.qdgz886.cn/nc-s1-wap/*
1f017de7006dde62f44c1b9d28569ef2,1156310000,1,wkd.sjgh17.com/yzwy/mw-s04-043-1803-03/*
1ff1509d5f79a4df0cef7bc975d3b17d,1156450200,26,bd-jp1y.qdgz886.cn/nc-s1-wap/*
200a90f204ea43e0e86a7eda2b37429b,1156320500,28,bd-jp1y.qdgz886.cn/nc-s1-wap/*
2037bb0d59e5a0e7fb6752793a428e2c,1156330100,24,bdzh.im-royaltea.com/coco5-m/*
2044c3e7c109c29dfc145020fc41a4be,1156360100,28,bd-jp13y.ebingqilin.com/nc-s3-wap/*
20b33615ddc7820e096074cfd9821ea5,1156360900,31,bdzh.im-royaltea.com/coco5-m/*
20c6c48653cec4833e3956890f49f2ba,1156320100,17,bd-jp13y.ebingqilin.com/nc-s3-wap/*
217c12e339733c1e18326fba758e23a9,1156411500,32,bdzh.im-royaltea.com/coco5-m/*
231dbb335f62582ee91f6160edd83f8e,1156430100,1,bdqzc.qdhtmf.cn/qzcha/bdwap/qzcnc/*
2389abd7e28628f7314c3df88ebbf844,1156310000,4,bd-jp13y.ebingqilin.com/nc-s3-wap/*
242d028bb58d5ba3a8350bebc377aeae,1156410900,1,bd-jp1y.qdgz886.cn/nc-s1-wap/*
24798252a9035cedce6a9939029da864,1156441900,3,wkd.sjgh17.com/yzwy/mw-s04-043-1803-03/*
2541a0c7eaef3cd45a1351c2688ea128,1156460100,7,bd-jp1y.qdgz886.cn/nc-s1-wap/*
25bf894007596a8e7b183a8e2fc96637,1156340100,30,bdzh.im-royaltea.com/coco5-m/*
25f9771fd8c3ec088419aaf3e8f5efc3,1156450200,6,bd-jp13y.ebingqilin.com/nc-s3-wap/*
264e3d215f9742039bb7bccb242870dc,1156440900,1,bdqzc.qdhtmf.cn/qzcha/bdwap/qzcnc/*
26e71b3959fbbcef7570f17a59ea8109,1156440700,34,bdzh.im-royaltea.com/coco5-m/*
2755a83554d5879d111eeb1f02864843,1156510100,2,wkd.sjgh17.com/yzwy/mw-s04-043-1803-03/*
27b2ca2b4916de19c73a574a25b09890,1156350300,22,bd-jp13y.ebingqilin.com/nc-s3-wap/*
28255620204cbc6f2a4e13f56eecb3d7,1156440700,58,bd-jp13y.ebingqilin.com/nc-s3-wap/*
286e5adf68ec663fd641b1e6510cedd8,1156331000,23,bd-jp13y.ebingqilin.com/nc-s3-wap/*
287f927fe755451c90dba96b89c2f57e,1156451000,1,bd-jp13y.ebingqilin.com/nc-s3-wap/*
2896e6b7bff61b427b4b1ddecba3d02a,1156340100,78,bdzh.im-royaltea.com/coco5-m/*
294b77253e1cb68ece4ca8304754df95,1156321000,35,bdzh.im-royaltea.com/coco5-m/*
2aa3ef506835bfa0ee36726ac762b755,1156440300,2,bd-jp13y.ebingqilin.com/nc-s3-wap/*
2b35653958ca0bb51726d14bd326cd3a,1156350500,25,bd-jp13y.ebingqilin.com/nc-s3-wap/*
2b63758b68868bfea3f8521880c87872,1156131000,1,bdzh.im-royaltea.com/coco5-m/*
2bcf1d5201df7c35d2bfff4aff659d84,1156341500,55,bd-jp1y.qdgz886.cn/nc-s1-wap/*
2bd38d9c16655c9bad9518882856a043,1156310000,23,bd-jp13y.ebingqilin.com/nc-s3-wap/*
2bdc746ae444ec4df1a79ad3712f07dc,1156610500,29,bdzh.im-royaltea.com/coco5-m/*
2c1bd942de7fdbea255bdf1c0c76daab,1156522400,24,bd-jp13y.ebingqilin.com/nc-s3-wap/*
2c3b573614e75abe248704dc3b215bcc,1156410100,1,bdzh.im-royaltea.com/coco5-m/*
2c7114d0af4d52c10ff2bf84e1846e11,1156330200,6,bd-jp13y.ebingqilin.com/nc-s3-wap/*
2c90838466356a0b64fd8b1d39ad0e61,1156320100,21,bd-jp13y.ebingqilin.com/nc-s3-wap/*
2e6701f2e5e47b0e48fefebfed0c9f4f,1156340100,4,wkd.sjgh17.com/yzwy/mw-s04-043-1803-03/*
2e8d7699cb275ef760a4bac8b8b43dec,1156421100,27,bd-jp13y.ebingqilin.com/nc-s3-wap/*
2ec6c055696b6ccc66e23c6e41d7c206,1156421000,28,bd-jp13y.ebingqilin.com/nc-s3-wap/*
2f2e9c9405292b608742694484587b6a,1156350500,24,bd-jp1y.qdgz886.cn/nc-s1-wap/*
2f6c2ce6f2143ce1016a58d217aab02f,1156520200,26,bd-jp1y.qdgz886.cn/nc-s1-wap/*
30e7fec82e29ded1d7a09bd3d0d19526,1156130200,7,bd-jp13y.ebingqilin.com/nc-s3-wap/*
31778bd29d81e81f976224139bfe8183,1156450100,33,bdzh.im-royaltea.com/coco5-m/*
31c6c91cf944fcaef30100317e42b630,1156410100,1,bdqzc.qdhtmf.cn/qzcha/bdwap/qzcnc/*
325d584c800c767b34e658e33bba7cd9,1156420100,28,bd-jp13y.ebingqilin.com/nc-s3-wap/*
326dfb6fbfcbc83a6b33c487622fd8a7,1156460100,32,bdzh.im-royaltea.com/coco5-m/*
3490c116cee507acba293f065fdade18,1156511700,28,bd-jp1y.qdgz886.cn/nc-s1-wap/*
34e2cafa091f25dc08bc0d560da86ace,1156330700,29,bdzh.im-royaltea.com/coco5-m/*
350d550ffba15a93f4de2c7be9c71579,1156410800,26,bd-jp13y.ebingqilin.com/nc-s3-wap/*
3551d299cf6e2ee05f7555517de0bd0c,1156340800,1,wkd.sjgh17.com/yzwy/mw-s04-043-1803-03/*
376d46edaab5a531f29f12c2ba34de2e,1156610100,1,wkd.sjgh17.com/yzwy/mw-s04-043-1803-03/*
38977faf85806fcd5ef151609dba74cd,1156360800,33,bdzh.im-royaltea.com/coco5-m/*
3971b3a8d69fa3c6ae9e7eeb1af02d66,1156440800,3,bd-jp13y.ebingqilin.com/nc-s3-wap/*
3aa2cb50f8552b2e4674b322dd850b0c,1156440300,28,bd-jp13y.ebingqilin.com/nc-s3-wap/*
3b172ad5b54569aa48f5985d20e5ab2d,1156430900,1,bdqzc.qdhtmf.cn/qzcha/bdwap/qzcnc/*
3c1274b031c51b51253a8bac6ba8582e,1156410300,25,bd-jp13y.ebingqilin.com/nc-s3-wap/*
3c5991f88673433dfc82e2097e576002,1156530100,24,bd-jp13y.ebingqilin.com/nc-s3-wap/*
3d67c1476d31b1828ef28d65cee5f152,1156430400,1,bdzh.im-royaltea.com/coco5-m/*
3e75c01ce8dc51b42d3d90c5e5d1619c,1156510100,32,bdzh.im-royaltea.com/coco5-m/*
3e7fd8108ce089e0764ff190326401ab,1156510100,1,bdqzc.qdhtmf.cn/qzcha/bdwap/qzcnc/*
3ebc6185ecba0d8c6af490b2bebf5572,1156360100,26,bd-jp13y.ebingqilin.com/nc-s3-wap/*
3f10adc49442046ccc9e65efebcf5c1b,1156430800,3,wkd.sjgh17.com/yzwy/mw-s04-043-1803-03/*
3fa327a8c6445db56fda4a94c223caff,1156440300,3,bd-jp13y.ebingqilin.com/nc-s3-wap/*
3fb6d6a880b2e8de55d579bb0f043f8c,1156131000,25,bd-jp1y.qdgz886.cn/nc-s1-wap/*
40ca6b7a41d568f163d07573f91b95a2,1156340100,20,bd-jp13y.ebingqilin.com/nc-s3-wap/*
415b6d461c457ede910eb5933dc0b23e,1156510500,53,bd-jp13y.ebingqilin.com/nc-s3-wap/*
428b9095fca1a5716bc632750f13e51f,1156522400,34,bdzh.im-royaltea.com/coco5-m/*
42bbabe49b510be54b60e335230fd1b1,1156610100,32,bdzh.im-royaltea.com/coco5-m/*
440f00b07973c8cf0c369b5dee4d2496,1156310000,2,wkd.sjgh17.com/yzwy/mw-s04-043-1803-03/*
441b7bc2a39a6428d0aa952c17da803d,1156510100,27,bd-jp1y.qdgz886.cn/nc-s1-wap/*
441d1bd85391e0ccaf86575461797e0d,1156520100,34,bdzh.im-royaltea.com/coco5-m/*
442fcb34228a252fd52e2079e6ada8a1,1156350300,3,bd-jp13y.ebingqilin.com/nc-s3-wap/*
44bb55372600e5ec91cebfe0dc9f6b9c,1156530900,27,bd-jp13y.ebingqilin.com/nc-s3-wap/*
4585e2f4489af3c995d2e2c8dbba7fea,1156441900,2,bd-jp13y.ebingqilin.com/nc-s3-wap/*
45a2fc726da80a8cd941ea2589ab8d82,1156341600,55,bd-jp13y.ebingqilin.com/nc-s3-wap/*
46283c713671c9ce66fc2ff3e4d54ecf,1156510500,36,bdzh.im-royaltea.com/coco5-m/*
46ca36d43fc77850ed16d53b14480cdd,1156410300,1,bdqzc.qdhtmf.cn/qzcha/bdwap/qzcnc/*
46dddb49f916ccd85b83c8b3261d0519,1156330200,27,bd-jp13y.ebingqilin.com/nc-s3-wap/*
470986dac9600e1ec921fb37895a9652,1156370600,18,bd-jp13y.ebingqilin.com/nc-s3-wap/*
474b0098526e60ff87e909b2da68413f,1156532800,5,bd-jp13y.ebingqilin.com/nc-s3-wap/*
48deac3771c8cc3c537f26bff1a06e78,1156421000,26,bd-jp13y.ebingqilin.com/nc-s3-wap/*
48e34ec00b982437da6416ff79356c16,1156440100,26,bd-jp13y.ebingqilin.com/nc-s3-wap/*
496c5b532f715c7efb4204231bd701dc,1156360200,23,bd-jp13y.ebingqilin.com/nc-s3-wap/*
497a83608b7aceb816a0a7dae5638432,1156341300,4,bdzh.im-royaltea.com/coco5-m/*
4992515b755aa0176f8b76ce9f4f2755,1156350500,26,bd-jp13y.ebingqilin.com/nc-s3-wap/*
49b36bf2785508f5a717b97b61b41e0f,1156431200,31,bd-jp13y.ebingqilin.com/nc-s3-wap/*
4ae54eadddd09d07f2d93374f9fa977f,1156511000,19,bd-jp13y.ebingqilin.com/nc-s3-wap/*
4b28a603586c856869a04827d6f08911,1156130100,29,bdzh.im-royaltea.com/coco5-m/*
4b64c8a11ed30b369c02e6f56b924c0e,1156350300,31,bdzh.im-royaltea.com/coco5-m/*
4b67de277cfe5ba49044f23f8ed96855,1156510100,1,bdzh.im-royaltea.com/coco5-m/*
4c6a52ac4630d2d546171df48f7643b3,1156330100,1,wkd.sjgh17.com/yzwy/mw-s04-043-1803-03/*
4cc67e82580f0b9abc621f97f1fe3698,1156411300,1,bdqzc.qdhtmf.cn/qzcha/bdwap/qzcnc/*
4ceb6751f9ca2775f41bf82ac4990397,1156430200,2,bdqzc.qdhtmf.cn/qzcha/bdwap/qzcnc/*
4ebc336d0a6189656c7c923917378ffd,1156331100,23,bd-jp13y.ebingqilin.com/nc-s3-wap/*
4f0a375d1f9fbd808b28c0690ba353d3,1156320400,1,bd-jp13y.ebingqilin.com/nc-s3-wap/*
4f7a6b51a89756a36c19d0bcbb36d25d,1156440100,56,bd-jp1y.qdgz886.cn/nc-s1-wap/*
5000517b7afb2a22d9122786839a7130,1156511300,27,bd-jp1y.qdgz886.cn/nc-s1-wap/*
51586eb6530af78b593aa8e695381f66,1156340800,29,bd-jp13y.ebingqilin.com/nc-s3-wap/*
525c0d28a61f7cff1e7c209d87c3714d,1156450100,25,bd-jp13y.ebingqilin.com/nc-s3-wap/*
5282e1ba37ce0ca2cc4795600e17654e,1156330900,5,bd-jp13y.ebingqilin.com/nc-s3-wap/*
52a9bd0efc9be112421df88123e68ad2,1156310000,5,bd-jp13y.ebingqilin.com/nc-s3-wap/*
52b7521edfe4c689f89c37e29213986f,1156411400,31,bd-jp13y.ebingqilin.com/nc-s3-wap/*
53488ebe3490657ce04981013e6227d0,1156430700,1,bdqzc.qdhtmf.cn/qzcha/bdwap/qzcnc/*
53bfd0e91cadda85884e0a78446764d7,1156130200,1,bdzh.im-royaltea.com/coco5-m/*
53c17af5f41ef60b9280d64e87666b56,1156430200,70,bdzh.im-royaltea.com/coco5-m/*
53c99504d5ca114f2e9b9aef92455f52,1156360800,1,wkd.sjgh17.com/yzwy/mw-s04-043-1803-03/*
53ccdf869c58a535fe83db192def46e4,1156350700,25,bd-jp1y.qdgz886.cn/nc-s1-wap/*
53e2a9d2797a8bf096f5d3d6403047eb,1156360800,2,bdqzc.qdhtmf.cn/qzcha/bdwap/qzcnc/*
549c745e7da01df6dd21eead1243147c,1156511300,1,bdqzc.qdhtmf.cn/qzcha/bdwap/qzcnc/*
54add98386a820eaf664fe7e42bc9337,1156330500,22,bd-jp13y.ebingqilin.com/nc-s3-wap/*
54f8a736a4c6a7401c5837806d6c0783,1156360700,30,bdzh.im-royaltea.com/coco5-m/*
551f15d86a39559d19113320554e2569,1156371300,1,bdqzc.qdhtmf.cn/qzcha/bdwap/qzcnc/*
55ebefb21e3db47420e8af54cc88d862,1156410800,29,bd-jp13y.ebingqilin.com/nc-s3-wap/*
56ad3cc4986e83956c36cd2686b59a10,1156350500,2,wkd.sjgh17.com/yzwy/mw-s04-043-1803-03/*
571242a9a8c40d7bd695e1b38db1b934,1156420900,3,wkd.sjgh17.com/yzwy/mw-s04-043-1803-03/*
5862a769e046b24e552b6c0318158ab7,1156330200,2,wkd.sjgh17.com/yzwy/mw-s04-043-1803-03/*
5865573a43e9c7b7935fa1302f6c6792,1156610300,2,bd-jp1y.qdgz886.cn/nc-s1-wap/*
586b8fe34e25f9bc15f6bc0e62f835c0,1156442000,1,bd-jp13y.ebingqilin.com/nc-s3-wap/*
588d6b5cad7ca17631b62f227ae1b3bd,1156440100,2,wkd.sjgh17.com/yzwy/mw-s04-043-1803-03/*
58ab3ae315f4a73c47660e169c91c4da,1156370200,30,bdzh.im-royaltea.com/coco5-m/*
58afec528f9c26c1f035b62ad1c4d3ea,1156440300,1,bdqzc.qdhtmf.cn/qzcha/bdwap/qzcnc/*
58e79b41feb9bf38bcf8ddb95c0cd31e,1156431300,1,bdqzc.qdhtmf.cn/qzcha/bdwap/qzcnc/*
58f1e32fca4e7d13386db6cbd4f9c231,1156500000,27,bd-jp1y.qdgz886.cn/nc-s1-wap/*
5a1c36cc856064f696defc944fd08010,1156330100,17,bd-jp1y.qdgz886.cn/nc-s1-wap/*
5af420992789f9f8ff882a9340e5a0f3,1156610100,2,bd-jp13y.ebingqilin.com/nc-s3-wap/*
5b170b60d95e2729febe38641a8c9b81,1156330100,1,bd-jp13y.ebingqilin.com/nc-s3-wap/*
5b23fa0954d1631f52515555e318195b,1156330100,2,wkd.sjgh17.com/yzwy/mw-s04-043-1803-03/*
5b441fc1ddf3cffcd3cfa10fb7d29c24,1156360700,1,bdqzc.qdhtmf.cn/qzcha/bdwap/qzcnc/*
5b5e8a339e9d531d05b59285a72286f2,1156610100,3,bdzh.im-royaltea.com/coco5-m/*
5be8fec4d45f5b3796efbd7495aaa556,1156420100,1,wkd.sjgh17.com/yzwy/mw-s04-043-1803-03/*
5bf01e0e720d265027a91e1fcc153c17,1156341000,4,wkd.sjgh17.com/yzwy/mw-s04-043-1803-03/*
5c8ba9bfc1d5eb226fdd43d0fac7b734,1156430500,10,bd-jp13y.ebingqilin.com/nc-s3-wap/*
5ccdf2b062c331e06f955a39705d3fd1,1156360500,2,bd-jp13y.ebingqilin.com/nc-s3-wap/*
5d6504d2bc5dc5ede169eea298d85dab,1156361100,1,bd-jp13y.ebingqilin.com/nc-s3-wap/*
5dc42a3947a41089bc0bc11fbdd64e1f,1156610100,27,bdzh.im-royaltea.com/coco5-m/*
5dea4adf14fef89a5de919efa63383aa,1156220500,25,bd-jp13y.ebingqilin.com/nc-s3-wap/*
5dff7bb061d96259bb6adfa50f89dfbb,1156410300,24,bd-jp13y.ebingqilin.com/nc-s3-wap/*
5e2306705156dff795c7c33cbcbc753d,1156460100,29,bd-jp1y.qdgz886.cn/nc-s1-wap/*
5edd7dd8a803245446c34b0651b0a06a,1156330300,23,bd-jp13y.ebingqilin.com/nc-s3-wap/*
6024a4a666d0d8c84076a75e66520813,1156370400,18,bd-jp1y.qdgz886.cn/nc-s1-wap/*
60a37fb9749b641da9be0822e080d94f,1156330100,77,bd-jp1y.qdgz886.cn/nc-s1-wap/*
617834c4eb35a39dc53996908bf9c40f,1156511500,4,wkd.sjgh17.com/yzwy/mw-s04-043-1803-03/*
618efb468cbbcc3e91c97e5f76fb0e8b,1156511700,24,bd-jp13y.ebingqilin.com/nc-s3-wap/*
6196c55d7aad3d40e667eeb99b89301a,1156110000,59,bdzh.im-royaltea.com/coco5-m/*
619baced16c948b0cabf55e29df59b1f,1156610700,1,bdqzc.qdhtmf.cn/qzcha/bdwap/qzcnc/*
61e5ec59dc1b5243eb6d4ffa9ff943b3,1156131000,3,wkd.sjgh17.com/yzwy/mw-s04-043-1803-03/*
61ecdeba3010c40e22ad3244fc2c2192,1156610100,2,bdzh.im-royaltea.com/coco5-m/*
6269b39e06e9ff989c8da579b2a346f9,1156360300,27,bd-jp13y.ebingqilin.com/nc-s3-wap/*
62bf1be2fa17085c815eb471e3607e86,1156310000,24,bd-jp13y.ebingqilin.com/nc-s3-wap/*
62d398e1b431e3deea06369578046966,1156440500,2,wkd.sjgh17.com/yzwy/mw-s04-043-1803-03/*
62e1c7c55ff8f82d02d44da134f14ed1,1156320500,1,bd-jp13y.ebingqilin.com/nc-s3-wap/*
62e353936798fa88da2f8d2f240338c5,1156430600,26,bd-jp13y.ebingqilin.com/nc-s3-wap/*
6352a04d93ba976f638593159b466478,1156440300,2,wkd.sjgh17.com/yzwy/mw-s04-043-1803-03/*
64060e018e4aa44d1b4c005e6b03a4db,1156360600,24,bd-jp13y.ebingqilin.com/nc-s3-wap/*
651da966f448fda786a1432b7288cace,1156130100,1,wkd.sjgh17.com/yzwy/mw-s04-043-1803-03/*
6541cb508f991cca6af8e7d5b6722b52,1156310000,38,wkd.sjgh17.com/yzwy/mw-s04-043-1803-03/*
65576a58d9e660a0d5d89c43256c37c8,1156350500,24,bd-jp13y.ebingqilin.com/nc-s3-wap/*
65609b53d27b25a9a8798a8cde2175b6,1156350300,4,wkd.sjgh17.com/yzwy/mw-s04-043-1803-03/*
656f2ff5022597920ff7bb89160b3191,1156510100,33,bdzh.im-royaltea.com/coco5-m/*
65a4ea14c4afc5861a692862a774b292,1156371400,32,bdzh.im-royaltea.com/coco5-m/*
65c154db7080cd215b463d53dd18fd6f,1156321200,25,bd-jp1y.qdgz886.cn/nc-s1-wap/*
665222930ffe09bfd171ddafbe36d43d,1156520500,27,bd-jp13y.ebingqilin.com/nc-s3-wap/*
6677ce8da183173a3ed24c2e138105c6,1156340500,28,bd-jp13y.ebingqilin.com/nc-s3-wap/*
66cc27a878311873c621981bb5f80c81,1156442000,26,bd-jp13y.ebingqilin.com/nc-s3-wap/*
679926a944cc62af8100f41569b05e92,1156360300,25,bd-jp13y.ebingqilin.com/nc-s3-wap/*
67af50501e568ec7cf603d34b9c11852,1156433100,22,bd-jp1y.qdgz886.cn/nc-s1-wap/*
67fa1e76cd83345c0deeb8d86055b173,1156510100,32,bdzh.im-royaltea.com/coco5-m/*
67fa4f6f3c63072a6d8a39e1d37b73fe,1156530100,26,bd-jp13y.ebingqilin.com/nc-s3-wap/*
68c8dba3c7dace5519a15347a01795bb,1156510100,25,bd-jp1y.qdgz886.cn/nc-s1-wap/*
694a6ab2c2179745e4786a3a4823a14b,1156330600,30,bd-jp1y.qdgz886.cn/nc-s1-wap/*
6977a65af927dbb54ec6caeefae6de03,1156330100,23,bd-jp13y.ebingqilin.com/nc-s3-wap/*
69a1d6786f6ab76dbaed010fbcabd718,1156331100,19,bd-jp13y.ebingqilin.com/nc-s3-wap/*
6ae95f13d37e2360b05b3c403987ba1e,1156420100,21,bd-jp13y.ebingqilin.com/nc-s3-wap/*
6b691580ba69831b0b05d17c686a1d61,1156440900,1,bd-jp13y.ebingqilin.com/nc-s3-wap/*
6c23002a92cffa11625e605a38be6c14,1156511600,55,bd-jp13y.ebingqilin.com/nc-s3-wap/*
6cc42a4116e12510cd746d0149727a17,1156460100,46,bd-jp13y.ebingqilin.com/nc-s3-wap/*
6d64588e5d9dfa65dc2fc856fbf13348,1156340300,27,bd-jp13y.ebingqilin.com/nc-s3-wap/*
6dd909ceeb41f3bbf13780ee8861ecfd,1156341200,26,bd-jp13y.ebingqilin.com/nc-s3-wap/*
6ecacb1e772a6c8d042b3d6f648ac28e,1156460100,33,bd-jp13y.ebingqilin.com/nc-s3-wap/*
6f19ffdd9db5b93fc967bee220bafd32,1156430100,1,bdqzc.qdhtmf.cn/qzcha/bdwap/qzcnc/*
6fd1b957c480573cdea7575e3cf20efe,1156320400,26,bd-jp1y.qdgz886.cn/nc-s1-wap/*
7022db09971b3016f4ac16dbf223adf1,1156330100,35,wkd.sjgh17.com/yzwy/mw-s04-043-1803-03/*
7089a91ae0e66ca40389a2c607f277d2,1156430200,5,bd-jp13y.ebingqilin.com/nc-s3-wap/*
70bd3067abee08717bd87d705167d2dc,1156310000,36,bd-jp13y.ebingqilin.com/nc-s3-wap/*
72218ad3f183218c8670af5c5fc3df2d,1156371700,32,bdzh.im-royaltea.com/coco5-m/*
75473d4e600aa62b3505c860da6b70f6,1156341100,2,wkd.sjgh17.com/yzwy/mw-s04-043-1803-03/*
7595a95ed02851b98a3ff5e55facc8e8,1156350100,3,bd-jp1y.qdgz886.cn/nc-s1-wap/*
759fd67753a7007241fb12c666deae7e,1156610100,26,bd-jp13y.ebingqilin.com/nc-s3-wap/*
75eac85b837a1341f93519e7e55506f3,1156310000,22,bd-jp13y.ebingqilin.com/nc-s3-wap/*
7641a681ddc72671145c89c4e30fec51,1156440100,5,wkd.sjgh17.com/yzwy/mw-s04-043-1803-03/*
771b72ab9c344d3575b9187625c09515,1156340800,27,bd-jp1y.qdgz886.cn/nc-s1-wap/*
7762855c1da99f1e873e056246696200,1156130400,1,bd-jp13y.ebingqilin.com/nc-s3-wap/*
780fcf27d7547de506337ec29c2f28f0,1156511300,25,bd-jp1y.qdgz886.cn/nc-s1-wap/*
78676be1d21800005f0142e4afed1278,1156320300,25,bd-jp1y.qdgz886.cn/nc-s1-wap/*
7a12a8a4a830899a82a355092055f535,1156451000,28,bd-jp13y.ebingqilin.com/nc-s3-wap/*
7a28bcde31116055d0994cce945c65e3,1156410100,7,bd-jp13y.ebingqilin.com/nc-s3-wap/*
7a359d8f716ed05d7cee1ff8870dbc36,1156410300,28,bd-jp13y.ebingqilin.com/nc-s3-wap/*
7a7acf5bb98dc9f31886f13c9653727a,1156130100,1,bdzh.im-royaltea.com/coco5-m/*
7c6942fb2bf369a4f4da8aa0cdc3500d,1156310000,18,bd-jp1y.qdgz886.cn/nc-s1-wap/*
7d8bc68ede11fa6e372d3484cd134b3b,1156330100,33,bdzh.im-royaltea.com/coco5-m/*
7db441cae96cd32b0db2e4df0b749ca5,1156431100,21,bdzh.im-royaltea.com/coco5-m/*
7f403e8707bed73d94bdd9cb91e25dd1,1156360800,24,bd-jp13y.ebingqilin.com/nc-s3-wap/*
807659b59c5b5f104e148fe34ed7180a,1156410700,31,bdzh.im-royaltea.com/coco5-m/*
810b4b9982f92ae0d68199275f1ab960,1156310000,3,bd-jp13y.ebingqilin.com/nc-s3-wap/*
81ea16f8e13765ee36bea23b48d32208,1156331000,27,bd-jp13y.ebingqilin.com/nc-s3-wap/*
831b59fa0a655bbb898ab93e72bf6da0,1156420200,23,bd-jp13y.ebingqilin.com/nc-s3-wap/*
847d0873912161822d6642c97bffb808,1156511700,6,bd-jp13y.ebingqilin.com/nc-s3-wap/*
84901f5bf28179b5f9c4a6e2d611dd90,1156320100,27,bd-jp1y.qdgz886.cn/nc-s1-wap/*
854c9596f2d685b4e5a5fff86466da25,1156460100,33,bdzh.im-royaltea.com/coco5-m/*
85be18d81eba1cbd7a3e4f61bcc62859,1156511600,1,bdqzc.qdhtmf.cn/qzcha/bdwap/qzcnc/*
85f99efef4822d0525423de98ca8ce4d,1156310000,3,wkd.sjgh17.com/yzwy/mw-s04-043-1803-03/*
860f3798e61b835c06b2b45d8891aea8,1156510100,31,bdzh.im-royaltea.com/coco5-m/*
8645cc22374f6209954353218fd09fd5,1156530500,1,bd-jp13y.ebingqilin.com/nc-s3-wap/*
869881b36664b6a6c09659f2c9e6ae37,1156330100,2,bd-jp13y.ebingqilin.com/nc-s3-wap/*
871c5bf931bbd29fbf1c49c5d50df619,1156440800,3,bd-jp13y.ebingqilin.com/nc-s3-wap/*
87336ce66da1270749b542cffab8edec,1156310000,29,bd-jp13y.ebingqilin.com/nc-s3-wap/*
886259d6b297436d6c0321f973c13516,1156130200,25,bd-jp1y.qdgz886.cn/nc-s1-wap/*
892a1a9285dc10cbe7fd28f099c95876,1156610900,1,bdzh.im-royaltea.com/coco5-m/*
8959a6c965bfb212e38773c40972c4cf,1156361000,1,wkd.sjgh17.com/yzwy/mw-s04-043-1803-03/*
8b4024353010188aa0ed110036ecc314,1156440100,26,bd-jp13y.ebingqilin.com/nc-s3-wap/*
8bb792490ed215f353395547946cd2f6,1156330100,2,wkd.sjgh17.com/yzwy/mw-s04-043-1803-03/*
8be3dcd0637418f6199d449cf8f6f8ef,1156330100,30,bdzh.im-royaltea.com/coco5-m/*
8be82c2f5f50f5ad5bd1ff1e97dc9b8c,1156320300,48,bd-jp13y.ebingqilin.com/nc-s3-wap/*
8beb10a50d6620cb3d3ab60c5e5c2501,1156341600,5,bdzh.im-royaltea.com/coco5-m/*
8c331280a5c3ea51f6a44668c58ea8be,1156320100,20,bd-jp13y.ebingqilin.com/nc-s3-wap/*
8cad1bd05d3f9c4f8d51742a6232a334,1156340800,1,bdqzc.qdhtmf.cn/qzcha/bdwap/qzcnc/*
8cdd52cf1f40e2a495cc8634b17756aa,1156500000,1,bdzh.im-royaltea.com/coco5-m/*
8e3d9896a49b72713fb412da7009c4df,1156430100,26,bd-jp13y.ebingqilin.com/nc-s3-wap/*
8e57c9b852ffca3fc40ef53c977a751a,1156532600,28,bd-jp13y.ebingqilin.com/nc-s3-wap/*
8e6716c46dc1c20d6e9d4f04908df6da,1156440100,25,bd-jp13y.ebingqilin.com/nc-s3-wap/*
8e90e5272f373b7c0ad809d2046bbd36,1156410100,1,bd-jp13y.ebingqilin.com/nc-s3-wap/*
8f9d2a0af90e1365e5da555f42f3f625,1156410100,24,bd-jp13y.ebingqilin.com/nc-s3-wap/*
8fc415d1ad142fd98ca34b44f509e42f,1156420800,27,bd-jp13y.ebingqilin.com/nc-s3-wap/*
8ff1c6648df93dfbaade7ab44aae65a3,1156440300,21,bd-jp13y.ebingqilin.com/nc-s3-wap/*
900bbeecd4be5ab61139df7a6490d748,1156340200,33,bdzh.im-royaltea.com/coco5-m/*
9013bd4b8c15485c3e08bc72413059b4,1156370200,11,bdzh.im-royaltea.com/coco5-m/*
90330fa7072d4dc94d63b82498236b41,1156310000,1,bd-jp13y.ebingqilin.com/nc-s3-wap/*
90f598f8080d83e2182897d42100eb94,1156440300,2,bd-jp13y.ebingqilin.com/nc-s3-wap/*
923d37311327ab3ff244151dc005dfb6,1156350500,24,bd-jp1y.qdgz886.cn/nc-s1-wap/*
92a3b48d6f470f76cf7d1fe37266e045,1156610900,24,bd-jp13y.ebingqilin.com/nc-s3-wap/*
92a5bd125b98ab179de1a2030ed00c9f,1156360500,1,wkd.sjgh17.com/yzwy/mw-s04-043-1803-03/*
92d70696c3e862d7a32438b8a0a9a7ac,1156341500,5,bd-jp13y.ebingqilin.com/nc-s3-wap/*
9314d6214f8f01da7acc18aba96e36b6,1156341700,3,wkd.sjgh17.com/yzwy/mw-s04-043-1803-03/*
933181329813651b8fc323c5d2baa2f2,1156360700,27,bd-jp13y.ebingqilin.com/nc-s3-wap/*
93641cb3b9968e68f52299f83a700fc5,1156411600,27,bd-jp13y.ebingqilin.com/nc-s3-wap/*
938632df1ec912500a4c442ea873785c,1156441900,29,bd-jp13y.ebingqilin.com/nc-s3-wap/*
9388b0371e6197d26e51166a1d2cfa31,1156610500,1,bdzh.im-royaltea.com/coco5-m/*
93c2c8efb8dccad1dd954d2bb5a6eac5,1156341600,5,bd-jp1y.qdgz886.cn/nc-s1-wap/*
94d1c1f740b86539b45cea6ada7d6195,1156330600,5,bd-jp13y.ebingqilin.com/nc-s3-wap/*
95c633a7a03ff271f2b32b7728bd4030,1156441900,24,bd-jp13y.ebingqilin.com/nc-s3-wap/*
963e256967c6e48be50b3eae499a78ed,1156440300,2,bd-jp13y.ebingqilin.com/nc-s3-wap/*
96ee09a9ff2526b50a44bf55793083b6,1156310000,1,bd-jp13y.ebingqilin.com/nc-s3-wap/*
97d1fe0ab47c56ee3c01ff7bb9f6b4b2,1156441700,26,bd-jp13y.ebingqilin.com/nc-s3-wap/*
97dd575aa1d8ab9fb001ba17929d5d8b,1156350500,2,wkd.sjgh17.com/yzwy/mw-s04-043-1803-03/*
982f94812b0826b1b635e6ed5c437381,1156310000,27,bd-jp13y.ebingqilin.com/nc-s3-wap/*
9a290b05fd0b405967d21e270a6ed5cd,1156440300,1,wkd.sjgh17.com/yzwy/mw-s04-043-1803-03/*
9c538f7b8628c9487569fc89f23047ab,1156350600,26,bd-jp13y.ebingqilin.com/nc-s3-wap/*
9ccfb5bfc34b22b6f0e6a4760d7f86b3,1156371700,20,bdzh.im-royaltea.com/coco5-m/*
9d4ab48fcd12b28d615092d7418aff6d,1156341000,4,bd-jp13y.ebingqilin.com/nc-s3-wap/*
9d6294d9a1987f22849d5f214f1ae608,1156330200,24,bd-jp13y.ebingqilin.com/nc-s3-wap/*
9fac5fc2a622055b0645e1d41a7b9fad,1156442000,26,bd-jp13y.ebingqilin.com/nc-s3-wap/*
9ff6a2b78aea280038a0f9dc61678faa,1156131100,26,bd-jp13y.ebingqilin.com/nc-s3-wap/*
a003b7d04892e04462aaf4b054b1c6af,1156371700,56,bd-jp13y.ebingqilin.com/nc-s3-wap/*
a186730df5f05041a5e3d0e3b36d5756,1156421100,1,wkd.sjgh17.com/yzwy/mw-s04-043-1803-03/*
a21c7a42e63a9d90cc3f82fea0442253,1156310000,2,wkd.sjgh17.com/yzwy/mw-s04-043-1803-03/*
a2572c40311550e1e2119a06ed7f681c,1156350700,5,bdzh.im-royaltea.com/coco5-m/*
a3a2b079a6c8746b1447eef1a55fe2f1,1156533400,22,bd-jp1y.qdgz886.cn/nc-s1-wap/*
a414133967cf72aef9aff5aed46e8fe0,1156330100,29,wkd.sjgh17.com/yzwy/mw-s04-043-1803-03/*
a4e640f258ef265f8b9cfefe9d2a5c6c,1156340100,29,bd-jp13y.ebingqilin.com/nc-s3-wap/*
a56fb81b20338dba45ede5cbcda0f82e,1156110000,2,wkd.sjgh17.com/yzwy/mw-s04-043-1803-03/*
a5ae10c067459019f1b714e66d2e81ee,1156511400,2,wkd.sjgh17.com/yzwy/mw-s04-043-1803-03/*
a5d1afcb23a67cdf5a19983672622f26,1156340100,1,bdqzc.qdhtmf.cn/qzcha/bdwap/qzcnc/*
a5f44227a4f70a6b310339e6b7d80ac8,1156310000,27,wkd.sjgh17.com/yzwy/mw-s04-043-1803-03/*
a66710b97d449c23be7711d263f7c373,1156411400,29,bd-jp13y.ebingqilin.com/nc-s3-wap/*
a707419422cc204789b62e032779597c,1156421800,31,bdzh.im-royaltea.com/coco5-m/*
a75c3e5557dec3f59f82eea8b6da7900,1156360500,26,bd-jp13y.ebingqilin.com/nc-s3-wap/*
a77f82e390819a1d3c816e2c3c16c022,1156340100,27,bd-jp13y.ebingqilin.com/nc-s3-wap/*
a785f7051cf59a8fd62a3751fa86f08a,1156341800,33,bdzh.im-royaltea.com/coco5-m/*
a7995ab754d57f1be658f20478172724,1156460100,1,bdqzc.qdhtmf.cn/qzcha/bdwap/qzcnc/*
a7ae6020b48666d9cb592b4eb53d1af3,1156340100,2,bdzh.im-royaltea.com/coco5-m/*
a80f5ae200233c772fd4fdcb46706576,1156441900,24,bd-jp13y.ebingqilin.com/nc-s3-wap/*
a859dc6e587f5ffa6ae47ea3180f3065,1156530100,32,bdzh.im-royaltea.com/coco5-m/*
a8f65838d1615b29f2b32e9f0ccc4983,1156440100,2,bd-jp13y.ebingqilin.com/nc-s3-wap/*
a9a3811fe6d0d13018ab03a4c112b785,1156450700,11,bd-jp13y.ebingqilin.com/nc-s3-wap/*
a9f9e8bee45c418d0522b246c08b6cec,1156511800,1,bdqzc.qdhtmf.cn/qzcha/bdwap/qzcnc/*
aa2db9cbb8d10c4f1b7f917f160e7e78,1156320200,1,wkd.sjgh17.com/yzwy/mw-s04-043-1803-03/*
aa6a8a37f8e1fea31dcbf800ac48906a,1156450800,20,bd-jp13y.ebingqilin.com/nc-s3-wap/*
aab3ca9c284263eb181ae5f404c56b84,1156330400,1,bd-jp13y.ebingqilin.com/nc-s3-wap/*
ab505a6b60baeb8bafa2d490468701c4,1156340500,1,bdqzc.qdhtmf.cn/qzcha/bdwap/qzcnc/*
ab7f1a4029ee0126dc8b1c5314d037da,1156431300,2,bdqzc.qdhtmf.cn/qzcha/bdwap/qzcnc/*
abb62e209b38005766578e4a4d1e0d5c,1156500000,53,bd-jp13y.ebingqilin.com/nc-s3-wap/*
ac09cf2eb7e0f285e9750cc963ca42af,1156340400,2,wkd.sjgh17.com/yzwy/mw-s04-043-1803-03/*
ac47326415e58620eb3e6df2f4d87d4c,1156310000,49,bd-jp13y.ebingqilin.com/nc-s3-wap/*
ac7cf50485940a71b0efd0df89940bb0,1156422800,1,bd-jp13y.ebingqilin.com/nc-s3-wap/*
ad01ed70e9ca36b553e83ff5e3438992,1156520700,1,bd-jp13y.ebingqilin.com/nc-s3-wap/*
ae354348d967c8f32628456f582da17a,1156520400,55,bd-jp2k.qudaotz.com/nc-s3-wap/*
ae3fc9b25587e384bab5ac4cef4764fb,1156610800,33,bdzh.im-royaltea.com/coco5-m/*
aef6cfea4d7823da9a8567ad86fc7a91,1156440300,26,bd-jp13y.ebingqilin.com/nc-s3-wap/*
af7d9d829b37f1329271592a94b45033,1156430200,28,bd-jp13y.ebingqilin.com/nc-s3-wap/*
af91d872230be9ac0a5508a2d1d3767d,1156451400,24,bd-jp13y.ebingqilin.com/nc-s3-wap/*
b141ea19590ecf0ff3d24c28fae31747,1156500000,25,bd-jp1y.qdgz886.cn/nc-s1-wap/*
b20a84889979dda0b4a249c22c6f3c93,1156130600,30,bdzh.im-royaltea.com/coco5-m/*
b2d6829d7eba6873d075662f43ef7d2f,1156350100,3,wkd.sjgh17.com/yzwy/mw-s04-043-1803-03/*
b3a963161216d5eb0a20a3bd2fe2a4cd,1156440300,13,bd-jp1y.qdgz886.cn/nc-s1-wap/*
b41706a9833e952a29b93cfe2155d2e2,1156130200,26,bd-jp1y.qdgz886.cn/nc-s1-wap/*
b588becc488a40055255966bc0b8d116,1156510400,2,bd-jp13y.ebingqilin.com/nc-s3-wap/*
b66bec44d8eda075b02b7f5e409e33af,1156510700,28,bd-jp13y.ebingqilin.com/nc-s3-wap/*
b67a09f67001c59a24f786592a81b1b4,1156440300,1,bdqzc.qdhtmf.cn/qzcha/bdwap/qzcnc/*
b6810666d264ddb95c2f4c098524ee7e,1156350100,22,bd-jp13y.ebingqilin.com/nc-s3-wap/*
b7f1badb678be4027aedf489a6852799,1156370900,13,bd-jp13y.ebingqilin.com/nc-s3-wap/*
b84646d89ff9367bdbb855b95e3852d8,1156321200,4,bd-jp13y.ebingqilin.com/nc-s3-wap/*
b8a3b769cb2d8743bb571a74e9be60bc,1156341200,29,bd-jp1y.qdgz886.cn/nc-s1-wap/*
b924340e96998c57b3aa6da5b7396862,1156360700,27,bd-jp13y.ebingqilin.com/nc-s3-wap/*
b98c2d1257018a448f2f353ee35358c7,1156451200,26,bdqzc.qdhtmf.cn/qzcha/bdwap/qzcnc/*
b9941d7ce4be797282a1f423e174fa10,1156120000,82,bdzh.im-royaltea.com/coco5-m/*
b9d01e3af1dc6838e8c7e6dfd9803395,1156321300,29,bd-jp13y.ebingqilin.com/nc-s3-wap/*
bb7f4932e5666e5db425d55e00cbdc66,1156511400,8,bd-jp13y.ebingqilin.com/nc-s3-wap/*
bbab41949e6bb6a454563b4cdb21b2d3,1156320200,22,bd-jp13y.ebingqilin.com/nc-s3-wap/*
bbddcff844e8ea9e926de5b27690bbb0,1156441700,1,bd-jp13y.ebingqilin.com/nc-s3-wap/*
bbed0a665b4c3d437e4119b6b262a143,1156420100,48,bd-jp13y.ebingqilin.com/nc-s3-wap/*
bc0e351c918460ae5c0468f27c1ff04d,1156310000,36,wkd.sjgh17.com/yzwy/mw-s04-043-1803-03/*
bc4da1b2445d3941e2a14ae9d8d72b6c,1156360100,34,bdzh.im-royaltea.com/coco5-m/*
bc54800d3064d11204840c56e6335494,1156421300,28,bd-jp1y.qdgz886.cn/nc-s1-wap/*
bdb2d761e5e761abb67267f03b7cb78b,1156350500,25,bd-jp1y.qdgz886.cn/nc-s1-wap/*
beddef2f09d5a5e46d49af0e87124b6c,1156511700,4,bd-jp13y.ebingqilin.com/nc-s3-wap/*
bf907537305c0e98a357faa131bf3cd5,1156500000,24,bd-jp13y.ebingqilin.com/nc-s3-wap/*
bfa3467ecd4431d7bb64d2f76b936c01,1156440100,22,bd-jp13y.ebingqilin.com/nc-s3-wap/*
c01a01b98e503aae11054a965b571ec6,1156330300,22,bd-jp13y.ebingqilin.com/nc-s3-wap/*
c1384edea75a5a6f90571e5333036222,1156500000,2,bd-jp13y.ebingqilin.com/nc-s3-wap/*
c25bc8c0c9059a8abd0d9c0bcdf63e44,1156431100,2,bdqzc.qdhtmf.cn/qzcha/bdwap/qzcnc/*
c290ba39038a62b4bb2293f07b37454c,1156510100,26,bd-jp13y.ebingqilin.com/nc-s3-wap/*
c33858ddd2ce201b020befe52fe65343,1156440300,8,bdqzc.qdhtmf.cn/qzcha/bdwap/qzcnc/*
c36fb9c2dfa2a9c12fd556ce6e75cd0c,1156310000,22,bd-jp13y.ebingqilin.com/nc-s3-wap/*
c3701336c3db754fa2dbd010c20d85af,1156451000,34,bd-jp13y.ebingqilin.com/nc-s3-wap/*
c465a8cd1da8e5fddcce67f654db3f52,1156620600,21,bd-jp13y.ebingqilin.com/nc-s3-wap/*
c46b818bed47d08f8944c25745c3da4e,1156610100,1,bdqzc.qdhtmf.cn/qzcha/bdwap/qzcnc/*
c50280f13ccda08254f2c891432a47f6,1156440100,27,bdqzc.qdhtmf.cn/qzcha/bdwap/qzcnc/*
c5774650a65e07ecc24f87ef7b8e2dbf,1156350500,5,bd-jp13y.ebingqilin.com/nc-s3-wap/*
c5930201fc7fb0477bb3a7470ef8b420,1156440300,3,wkd.sjgh17.com/yzwy/mw-s04-043-1803-03/*
c62ff446a258c8fa7713458c9908a3b0,1156330100,4,wkd.sjgh17.com/yzwy/mw-s04-043-1803-03/*
c6a6e4bf5e402c735ea3900f285e3ed8,1156440600,3,bd-jp13y.ebingqilin.com/nc-s3-wap/*
c6cbba0b26492bec6ad5ed6df0d47342,1156500000,32,bdzh.im-royaltea.com/coco5-m/*
c7184681583fe15ef3c6778e168144bb,1156220100,38,bdzh.im-royaltea.com/coco5-m/*
c76daa5fa4b41fc17f4b30c313cd9c15,1156320500,23,bd-jp13y.ebingqilin.com/nc-s3-wap/*
c83deab9d2a107b129ad59872153eb80,1156320400,28,bd-jp1y.qdgz886.cn/nc-s1-wap/*
c8f1237bfcb070165de2c2064c630df1,1156441400,26,bd-jp13y.ebingqilin.com/nc-s3-wap/*
c9332066375389c0477e389562945300,1156450900,1,bdqzc.qdhtmf.cn/qzcha/bdwap/qzcnc/*
c96868ca3d45737d0c7fdb66e18cf5a6,1156330100,1,wkd.sjgh17.com/yzwy/mw-s04-043-1803-03/*
c9f31817311cf31a3f393e3a329ba255,1156540100,67,bdzh.im-royaltea.com/coco5-m/*
ca0cddc6d039b60c6dc4a04c507778b3,1156430600,26,bd-jp13y.ebingqilin.com/nc-s3-wap/*
ca4d7613bb3bf2dd76005e54a5916695,1156420900,31,wkd.sjgh17.com/yzwy/mw-s04-043-1803-03/*
ca5df568c5d96dd30360625f5a4fa3f3,1156341000,27,bd-jp13y.ebingqilin.com/nc-s3-wap/*
cae68834deb245369351678cd87df4e7,1156310000,1,bd-jp1y.qdgz886.cn/nc-s1-wap/*
cb52382e1208ba005e45bffa88be41f0,1156410700,2,bd-jp13y.ebingqilin.com/nc-s3-wap/*
cbe42a7d42e3b1d8e32b2e9accd7aa75,1156441500,1,bd-jp13y.ebingqilin.com/nc-s3-wap/*
cca1f5c5d0fc95193734ffa8634d704a,1156360100,27,bd-jp13y.ebingqilin.com/nc-s3-wap/*
ccb6591e579ea560f6764db54a05ebd0,1156430100,2,bd-jp13y.ebingqilin.com/nc-s3-wap/*
cd07c54bba88e4b5ead3ce72fa1bc014,1156350200,2,wkd.sjgh17.com/yzwy/mw-s04-043-1803-03/*
cfc71777e362da6df08cf59afc0e0eef,1156320200,25,bd-jp13y.ebingqilin.com/nc-s3-wap/*
d0aca860590683177d92ecfb63ef97a6,1156420100,1,bdzh.im-royaltea.com/coco5-m/*
d0c12680cee974e22714893f7cd2a180,1156451100,1,bd-jp13y.ebingqilin.com/nc-s3-wap/*
d1f862055cb32a215a401ad352c26d6d,1156421800,6,bd-jp13y.ebingqilin.com/nc-s3-wap/*
d1f9c318fdfc250e83f8d07cb3b6a5a7,1156360800,23,bd-jp13y.ebingqilin.com/nc-s3-wap/*
d297c2d9c27ed342e137473bcecf8a60,1156510700,1,bd-jp13y.ebingqilin.com/nc-s3-wap/*
d2a3fcef984fa671d39b8d4feca88ede,1156451200,1,bdqzc.qdhtmf.cn/qzcha/bdwap/qzcnc/*
d32c13711175562ae0a36125a1c2d04c,1156410300,36,bdzh.im-royaltea.com/coco5-m/*
d3805a1d4b1704be3cf790aae5d13a86,1156330500,2,bdqzc.qdhtmf.cn/qzcha/bdwap/qzcnc/*
d3cb4d03e8c1682ffc31372b0b28acea,1156530900,1,bdqzc.qdhtmf.cn/qzcha/bdwap/qzcnc/*
d4a2c23b7eb55f7e3102f88639b7f3fe,1156340500,20,bd-jp13y.ebingqilin.com/nc-s3-wap/*
d63da4e00e2dbf3e1f097baa24941420,1156451200,2,bd-jp1y.qdgz886.cn/nc-s1-wap/*
d7037d9de8826d02038c06c96f19604e,1156510100,27,bd-jp13y.ebingqilin.com/nc-s3-wap/*
d74ac0fd99ecfcaa74b2c51afef1d743,1156350600,28,bd-jp1y.qdgz886.cn/nc-s1-wap/*
d81a860d1183c8fac79ae70ee4a66f35,1156440100,1,bd-jp13y.ebingqilin.com/nc-s3-wap/*
d980fddff83090cfdec32b299f22b584,1156341200,27,bd-jp13y.ebingqilin.com/nc-s3-wap/*
da27e4ce6ef53c6722fc21a05d59a8cf,1156360700,28,bd-jp13y.ebingqilin.com/nc-s3-wap/*
dae3297527b2b01c30627ace390b2fc8,1156421300,28,bd-jp13y.ebingqilin.com/nc-s3-wap/*
db1c4abe2571125803102f50860a47c8,1156340100,5,bd-jp13y.ebingqilin.com/nc-s3-wap/*
db5196edc0e43663c5a7a3a39de106fd,1156320500,32,bdzh.im-royaltea.com/coco5-m/*
dc8f52be882c6facef50b7d9f3a8e458,1156370100,33,bdzh.im-royaltea.com/coco5-m/*
dca4d5ae5675749852cbe635496c01db,1156450200,30,bdqzc.qdhtmf.cn/qzcha/bdwap/qzcnc/*
dcb1305d48167b9c1c670be1bca38679,1156331000,20,bdzh.im-royaltea.com/coco5-m/*
dcd372f89a5e7d6f24b82c51836bcdfe,1156340800,30,bdzh.im-royaltea.com/coco5-m/*
dcf22d6902600fbe5e234e79d2bd4831,1156341000,28,bd-jp1y.qdgz886.cn/nc-s1-wap/*
dd3fda0a3da4d56f5c8087a60e218a39,1156460100,6,bd-jp13y.ebingqilin.com/nc-s3-wap/*
ddd6862eecd344f8f6548e9f9a46214a,1156460100,50,bdzh.im-royaltea.com/coco5-m/*
de8946727bc47a83331f68d5accda9aa,1156610700,22,bd-jp13y.ebingqilin.com/nc-s3-wap/*
de8d612eeb0a5f26b00f9d9bbf087283,1156520400,4,bd-jp1y.qdgz886.cn/nc-s1-wap/*
deaed676ec32ff3ce58a5e20bcfe7060,1156411100,26,bd-jp13y.ebingqilin.com/nc-s3-wap/*
decd5f5063217963cdb49c4620267514,1156500000,32,bdzh.im-royaltea.com/coco5-m/*
dfbdc2533fe06e33914024d3ad00c7bf,1156330100,20,bd-jp13y.ebingqilin.com/nc-s3-wap/*
e0d289ccb356cf6b69f912790f9cf016,1156341300,28,bd-jp13y.ebingqilin.com/nc-s3-wap/*
e0eaaaaccf3cd01978bfa5a5d2d856e6,1156431100,1,bdqzc.qdhtmf.cn/qzcha/bdwap/qzcnc/*
e16fac6b2571d010636bf5f5e80e469e,1156330600,28,bd-jp13y.ebingqilin.com/nc-s3-wap/*
e26975dddfb099b10b9dd608f55dbd10,1156222400,35,bdzh.im-royaltea.com/coco5-m/*
e26e30041e0848e8e4a84537aba16595,1156513400,34,bdzh.im-royaltea.com/coco5-m/*
e28d3f29035478ef53f6194845e56fee,1156433100,2,bdqzc.qdhtmf.cn/qzcha/bdwap/qzcnc/*
e34b825d8b21e09d0f91b08e319e0c2c,1156340200,23,bd-jp13y.ebingqilin.com/nc-s3-wap/*
e3700f38dcd0c8d1e0c6fa898d0c15d1,1156522700,35,bdzh.im-royaltea.com/coco5-m/*
e3e40326c00f0f5e762f85e1d4ca5b22,1156310000,4,wkd.sjgh17.com/yzwy/mw-s04-043-1803-03/*
e435290f67665f1d3a502a4262f270b9,1156510100,56,bd-jp2k.qudaotz.com/nc-s3-wap/*
e45cc94199447643f137c1a29fa958b5,1156440300,24,bd-jp13y.ebingqilin.com/nc-s3-wap/*
e483cbe5c81b650ac6e160fafc8ef2b4,1156350700,26,bd-jp13y.ebingqilin.com/nc-s3-wap/*
e4b1654be25331d940db5027e49f30bb,1156460100,27,bd-jp13y.ebingqilin.com/nc-s3-wap/*
e4fbda3138f960e27ebbe01cde8301b1,1156510800,2,wkd.sjgh17.com/yzwy/mw-s04-043-1803-03/*
e50762ca14500a21211e93604fca60fe,1156340100,20,bd-jp13y.ebingqilin.com/nc-s3-wap/*
e59e7b1472ed7862059bca54101ff180,1156330300,22,bd-jp13y.ebingqilin.com/nc-s3-wap/*
e5b6b1704ff714552e8e2276c1ad9c75,1156330200,1,wkd.sjgh17.com/yzwy/mw-s04-043-1803-03/*
e63fb0a2f57d75c7854792a949ea494b,1156320500,2,wkd.sjgh17.com/yzwy/mw-s04-043-1803-03/*
e691cfd83350761d48cf708feb71376d,1156511000,1,bd-jp13y.ebingqilin.com/nc-s3-wap/*
e71260db8ac4a450b6e6dd86b77d2af5,1156420200,27,bd-jp13y.ebingqilin.com/nc-s3-wap/*
e881cd4638f24e735266d0fce683683e,1156610100,1,bdzh.im-royaltea.com/coco5-m/*
e8a3c8792525d36422e1f8aeba47eca5,1156370600,30,bdzh.im-royaltea.com/coco5-m/*
e8b1a19c3a6968208b0e6247465e7fbc,1156340800,23,bd-jp13y.ebingqilin.com/nc-s3-wap/*
e9091f530ce3e1c47df2481e52e0de8f,1156130500,1,bd-jp13y.ebingqilin.com/nc-s3-wap/*
e98a6dbf04e318278d153f7759c0ec1b,1156440300,38,bd-jp13y.ebingqilin.com/nc-s3-wap/*
ea4da5faaa22a42c6114f2b8cef4f769,1156370600,35,bdzh.im-royaltea.com/coco5-m/*
eaa4f87dedb7572124295a290c1ea7f3,1156340400,34,wkd.sjgh17.com/yzwy/mw-s04-043-1803-03/*
eab3742d99d65a2591fa22b9e836a620,1156510100,28,bd-jp13y.ebingqilin.com/nc-s3-wap/*
eb0821f68ac9c2ec56c229072bae6812,1156410100,27,bd-jp13y.ebingqilin.com/nc-s3-wap/*
eb1d50d2eebd74751d4950bb38ac8f89,1156360400,27,bd-jp13y.ebingqilin.com/nc-s3-wap/*
ecac971697b2be1133406ea93fb25a15,1156330100,30,bdzh.im-royaltea.com/coco5-m/*
ed371140a84eabab3e14c8813c22f26e,1156320500,32,bdzh.im-royaltea.com/coco5-m/*
ed38e55c1606a47e20ab0a505a192a7e,1156610300,31,wkd.sjgh17.com/yzwy/mw-s04-043-1803-03/*
ed439696ca562ac9448011963409eae4,1156330200,61,wkd.sjgh17.com/yzwy/mw-s04-043-1803-03/*
ed4db7fe42020dc9e4b541958a571fd6,1156510100,24,bd-jp13y.ebingqilin.com/nc-s3-wap/*
ed7b38966bc3932b3a8a0d69f616a047,1156500000,24,bd-jp1y.qdgz886.cn/nc-s1-wap/*
ee1c0d051ec883bf12c74f5a553895c1,1156520100,1,bd-jp13y.ebingqilin.com/nc-s3-wap/*
ee6a0d44a4cedfc23af40a544b82fe5f,1156330400,2,wkd.sjgh17.com/yzwy/mw-s04-043-1803-03/*
eee85443178a1d9a59936f93204f8019,1156130400,26,bd-jp1y.qdgz886.cn/nc-s1-wap/*
efb117ffd88effb80057e89abc3dd960,1156330300,3,wkd.sjgh17.com/yzwy/mw-s04-043-1803-03/*
f08e14628a9e66c26ea5f3d232e882b9,1156440700,27,bd-jp13y.ebingqilin.com/nc-s3-wap/*
f0df794de08595cd34d688176654e9e7,1156360200,1,bdqzc.qdhtmf.cn/qzcha/bdwap/qzcnc/*
f15bea09fb4ea62e83e94d3994adbaa0,1156360600,37,bd-jp1y.qdgz886.cn/nc-s1-wap/*
f2569740f75d931c2647e36bf04da8d3,1156360800,28,bd-jp13y.ebingqilin.com/nc-s3-wap/*
f37a75b8a11a13f884ea31a480d64243,1156330300,5,bd-jp13y.ebingqilin.com/nc-s3-wap/*
f41dd4a417e294adb19634cf6bfcd23d,1156441900,28,bd-jp13y.ebingqilin.com/nc-s3-wap/*
f45ae48d53e3e5c2d74e90aafec6f3aa,1156421000,24,bd-jp1y.qdgz886.cn/nc-s1-wap/*
f4747f83e38c12c2056cca2a15d86182,1156451000,29,bdzh.im-royaltea.com/coco5-m/*
f5206ba271c9e151032513427b2522b4,1156310000,27,bd-jp13y.ebingqilin.com/nc-s3-wap/*
f548ccbd1b2b72315c801a23e9de90b9,1156320700,25,bd-jp13y.ebingqilin.com/nc-s3-wap/*
f609434788c27989cdc134a5918f7372,1156610100,27,bd-jp13y.ebingqilin.com/nc-s3-wap/*
f6bcff43c865195e5b8819511c23e2f4,1156360800,26,bd-jp1y.qdgz886.cn/nc-s1-wap/*
f70d224367558ef83784825f7ab515f3,1156610100,27,bdzh.im-royaltea.com/coco5-m/*
f76ac3618cac26b5cd9e6c15e3b6aec1,1156321000,25,bd-jp13y.ebingqilin.com/nc-s3-wap/*
f76b830f1db893fbaa352f6fef1275c4,1156510700,34,bdzh.im-royaltea.com/coco5-m/*
f778d87e0227ffba7b506cca5ea52143,1156500000,3,wkd.sjgh17.com/yzwy/mw-s04-043-1803-03/*
f88ab6fffb5c463a1a3c8f1279357c42,1156430100,32,bdzh.im-royaltea.com/coco5-m/*
f8d266b89b5496a39827143c99489987,1156320200,25,bd-jp1y.qdgz886.cn/nc-s1-wap/*
f913ea7c9f8252335535b6e5d2870e15,1156430500,1,bdqzc.qdhtmf.cn/qzcha/bdwap/qzcnc/*
f944c46efb92660095e91dc83e53dcd2,1156440100,4,wkd.sjgh17.com/yzwy/mw-s04-043-1803-03/*
fa5f261347b8f521ad3d7d21b144fe27,1156532500,36,bdzh.im-royaltea.com/coco5-m/*
fa7283f48d77380af5e1a876d623ee35,1156410200,33,bdzh.im-royaltea.com/coco5-m/*
fb074df2804a72561bf1b3955ce4af55,1156340100,28,wkd.sjgh17.com/yzwy/mw-s04-043-1803-03/*
fb07947a04f02817ec63c55fe0efcbeb,1156330200,24,bd-jp13y.ebingqilin.com/nc-s3-wap/*
fc230a69eb064db18a8e92b207148585,1156411600,64,bdzh.im-royaltea.com/coco5-m/*
fc30264b0a134c1ac8bdbabc9d64f80a,1156410100,67,bdzh.im-royaltea.com/coco5-m/*
fcbffc894c38d98b34b4d8c368ddacb7,1156360100,36,bdzh.im-royaltea.com/coco5-m/*
fe151305920e666c8f90214a8148b12e,1156421500,25,bd-jp1y.qdgz886.cn/nc-s1-wap/*
ff1b7678c5d85eb277f199a0474a9ee1,1156430800,26,bd-jp13y.ebingqilin.com/nc-s3-wap/*
ffdbf336a2f6517234a72134a4cc5095,1156422800,29,bdzh.im-royaltea.com/coco5-m/*
