0115a5ad60d319f35d5910e287d38f1b,1156310000,1,m.ddcash.cn/*
015b278f1082f2a3a2233bec09b56bc8,1156310000,12,m.ddcash.cn/*
0378d7be5405b5351508c134471d3a41,1156310000,1,m.ddcash.cn/*
040eff927e98c622ca8400f6347297b4,1156430100,4,m.ddcash.cn/*
04fec121c1e2db81030a6350f99db1ac,1156310000,11,m.shcheshandai.com/*
058afac88b8e073083cd20d43cddfd15,1156310000,1,m.ddcash.cn/*
05c0d1e07bff46f6649e3457cd7f8506,1156310000,5,m.ddcash.cn/*
06ad7d943c29583db69abeed197668dc,1156310000,14,m.shcheshandai.com/*
0729550fb4c191ec9feab5363c335cfb,1156320300,5,m.shcheshandai.com/*
0782e41207365d9dc5c5a67ddcfdb02e,1156310000,2,m.shcheshandai.com/*
088107e6901488ae5dd7ff7e0f9ad57a,1156310000,1,m.ddcash.cn/*
08a7438f5e5ba541c8e5e1433197aed7,1156310000,7,m.ddcash.cn/*
09909e968eac5a50f86c2dcc69ccc264,1156310000,12,m.ddcash.cn/*
09dd36351aa517b9c9a139b7d31c7ce2,1156310000,10,m.ddcash.cn/*
09fc032b1458a9f0464f6f4571dce80f,1156371300,5,m.ddcash.cn/*
0a889ff2b216b1ce78dae03b784591ba,1156310000,15,m.ddcash.cn/*
0b0e82097abb87d906e02fa118ecf103,1156321300,15,daibawap.touna.cn/*
0c26273a08c4b2a7428b7f053e3a917b,1156310000,9,m.shcheshandai.com/*
0cfc24c97216d66d3b2281a08de36aa3,1156310000,16,m.shcheshandai.com/*
0d1b9555fc6568662f9c93af32ede605,1156310000,12,m.ddcash.cn/*
0d5578486198c07eadeae19db1584f79,1156310000,15,m.shcheshandai.com/*
0e6b1a8211670c6a60744eaccf152041,1156310000,10,m.ddcash.cn/*
0f4dc2ba383aa3ed8c04d836c423edfa,1156310000,7,m.ddcash.cn/*
1054518a63c067eacfbf2b47a0e449e1,1156310000,10,m.ddcash.cn/*
1062177d50c7dc6eac11dc92513b35e2,1156310000,1,m.ddcash.cn/*
131559fde7dbc7209d8821e90cdf4216,1156340700,12,m.ddcash.cn/*
1447ccad9e94fbb6791497472d9d6290,1156310000,6,m.ddcash.cn/*
1472c116c02b7c15dcd437811d678892,1156310000,5,daibawap.touna.cn/*
14d452868fc6446bb1041ee94555dbf8,1156320900,1,bwap.szdxjf.com/m/*
156a999a8344bb806f1fd0e409dea346,1156310000,1,m.shcheshandai.com/*
15a37450b9200a2ee6b03497c2f13d3f,1156350900,8,m.ddcash.cn/*
1740bb59bbec45f8be107505e1b918dd,1156654000,10,m.ddcash.cn/*
188ee75ef0358c17df57ffd7e07db989,1156341200,15,m.shcheshandai.com/*
19c20ccf70e5e68a62af10f3d08ef49b,1156310000,1,m.shcheshandai.com/*
1ab0dd25e9cd0633b829a976c70918d3,1156310000,14,m.ddcash.cn/*
1ac39b73bbded438f73072d7072275c9,1156320600,2,m.ddcash.cn/*
1b93ab490b511e5eb7732ff73f7207e7,1156310000,4,m.ddcash.cn/*
1bb1b915d0e092a3752a1a4b48c867e4,1156310000,12,m.ddcash.cn/*
1cceaf1e50c94404ba0017e9a9ff3e09,1156310000,2,m.ddcash.cn/*
1cec7c1b24509489eeb38b1c8a2cd0c6,1156130400,6,m.ddcash.cn/*
1d94298331ed82368487f4e5434b5bc5,1156340300,14,m.ddcash.cn/*
202c0a566ca117931a762cd7bbeaf99f,1156310000,1,m.ddcash.cn/*
203838471a317d394aada93703ff5b15,1156310000,1,m.shcheshandai.com/*
208771bb0bda41be8c4b23ebc0c0cfd5,1156310000,5,m.ddcash.cn/*
24cbb360f09291e5a283e2133c451c60,1156310000,1,m.shcheshandai.com/*
24eb5ca59a852616ea934fbd0425e6ee,1156310000,2,m.ddcash.cn/*
25b913b908db45bc237568ada11f17d1,1156341300,12,m.ddcash.cn/*
25fe08ae91605fab535129ba434e89c5,1156310000,5,m.shcheshandai.com/*
2629055ffc5fea5cde50f6e7bf7c6fa2,1156320100,15,m.shcheshandai.com/*
26d5a4fd3ea3c652ebd9d9e0e30a7186,1156310000,13,m.shcheshandai.com/*
281dae612de472dbc44c3b3f22049300,1156310000,11,m.shcheshandai.com/*
28550009b2bf852485c4700d4694a172,1156310000,11,daibawap.touna.cn/*
29f22df67dc16124e79ea4d6038a4825,1156310000,1,m.shcheshandai.com/*
2a7355a80b4a67599e0ecb20902b4925,1156411400,13,m.shcheshandai.com/*
2ae0ffa8e14f30a70d6e165a6289bf66,1156310000,21,m.ddcash.cn/*
2b100ca1ebab6664faef299c08441c99,1156310000,1,daibawap.touna.cn/*
2b1be4420376e60f8827c1e7ecaa79aa,1156320900,3,m.ddcash.cn/*
2b45e6a8a4ee2012ec175f77d60b9c55,1156310000,5,m.ddcash.cn/*
2b76c8282fa6c6a7dcede1c01482199f,1156310000,14,m.ddcash.cn/*
2b88e2948e4a1a7dc5781b5903c2fc6f,1156310000,1,m.ddcash.cn/*
2b946abc18de977367fbe1055fc36409,1156310000,14,m.ddcash.cn/*
2ba8d7752080274839af897938ce2a50,1156150800,1,m.shcheshandai.com/*
2c14ffa0a9b68d80a9155656044b51d4,1156310000,1,daibawap.touna.cn/*
2c94bc1bc32fcafabebac0a3721f0a9f,1156310000,14,m.shcheshandai.com/*
2cff7edef8d21a27eb993abc2668465d,1156310000,13,m.ddcash.cn/*
2d3912732675320996e433bbd4180869,1156341000,1,m.ddcash.cn/*
2d909229e1e1ee30ff6475f6835fab29,1156310000,1,m.shcheshandai.com/*
2defc04a86aef005afbb76a6d4546636,1156310000,1,m.shcheshandai.com/*
2e4c7c422aa5a35ba9725e4ef1b72152,1156310000,13,m.shcheshandai.com/*
2ec34c73c11df28440da1ed093c8f048,1156310000,5,m.ddcash.cn/*
2f4685387a498199b75e49e54cedd83e,1156310000,14,m.shcheshandai.com/*
2f51dae40e0fda0533a25fcd57a05712,1156330500,9,m.ddcash.cn/*
2f522dc5ef0cbea629b82d4adfc31257,1156310000,5,m.shcheshandai.com/*
327ec40dc6182c23b0f1dae91b1e613c,1156310000,12,m.shcheshandai.com/*
33187858bf252a86bd8222984bcf3878,1156310000,1,m.ddcash.cn/*
332e0b4d36db1a62f4c0dc81636a0858,1156310000,14,m.ddcash.cn/*
34f23909b70bdd2f747d2bcd4391c8ee,1156310000,14,m.shcheshandai.com/*
35b31c6b4c7095d733f22c8e68b85f80,1156360100,6,m.shcheshandai.com/*
35c499ef9827e957dd241ae8bdd711c2,1156330600,12,m.ddcash.cn/*
35e84a6b70ed6ef8507dc9a0827b5a8e,1156310000,1,m.shcheshandai.com/*
37505e69b9b4a1e99a5e792cf0425d2e,1156310000,15,m.shcheshandai.com/*
3753c3efa5fc34a73b58b35a20580b3e,1156310000,16,m.shcheshandai.com/*
391497b57391c1451264e967b06abb6e,1156310000,1,m.shcheshandai.com/*
39846cf758a950c35475e3131d4f9b9c,1156310000,5,daibawap.touna.cn/*
39c343bf43b5a341b9cf514717e90ad7,1156310000,4,daibawap.touna.cn/*
39cebdef6b20d4074c8a8a58ffaed3c0,1156310000,12,m.ddcash.cn/*
3c7861f7f435d0914c60933ab08ce48c,1156310000,9,daibawap.touna.cn/*
3deb37652c1111f44c9c979b84482c19,1156341200,7,m.shcheshandai.com/*
3ea1ff2a088dec6b5cac66b933a707bd,1156340100,11,m.ddcash.cn/*
3eba25f304941281942cfd4152731a28,1156310000,9,m.shcheshandai.com/*
40b0df63079e200c1d1d2fcc5133d071,1156350600,2,m.ddcash.cn/*
4345ef222d2c4228d72a581ba4393e54,1156310000,20,daibawap.touna.cn/*
445740dadcc85b0dcef85aee934cb0b8,1156310000,13,m.shcheshandai.com/*
4557e7d2b68edbc95e662fc06f48825f,1156310000,4,daibawap.touna.cn/*
455b88ba48e43f904837b8ea7036925d,1156341200,28,m.ddcash.cn/*
46cd90c2d46bc5f8daefd1f11b8d381a,1156371000,10,m.ddcash.cn/*
46fb9aaac0ec62b659ac72e030e1e222,1156310000,5,m.shcheshandai.com/*
47368004d92ee9ce0f1199f8d9803f2b,1156310000,4,m.ddcash.cn/*
47f696c4266fcb22cf7f261e97170569,1156420100,27,m.shcheshandai.com/*
4904e0812601a6a9f0fa47e77bcaeb78,1156310000,11,m.ddcash.cn/*
4960993c05616679b0b1d37e0b344b79,1156310000,3,m.ddcash.cn/*
4c6c6fa01ac8642d6e1aefa015d4ccd2,1156310000,8,m.ddcash.cn/*
4c8941d580e8f946cc0ab014b5a6f64f,1156310000,1,m.ddcash.cn/*
4d24a544b70e25e90059ff7d38de0ad4,1156310000,2,m.shcheshandai.com/*
4d50163657c651ad545ed826d95ff626,1156310000,4,m.shcheshandai.com/*
50159f84d98bc6237b7b24df5a117692,1156320500,13,m.ddcash.cn/*
50442aeb5ba668d6108b06753b8d6376,1156310000,12,m.ddcash.cn/*
5110da0ea847793e35cd49d1e72246c2,1156310000,23,daibawap.touna.cn/*
53ceb4f902036135a54c466ccb75110b,1156310000,29,daibawap.touna.cn/*
55fec9f90d6bd3d01da3277f46f24633,1156310000,13,m.shcheshandai.com/*
5695dfc69158f1265a0131210aacd21a,1156341100,1,bwap.szdxjf.com/m/*
56dc39250438ecd0d1950d09bec1ddd8,1156320600,10,m.ddcash.cn/*
580ef5042ba041b13223dd5319ddeb44,1156321200,7,m.ddcash.cn/*
58c1b932680a6539da80150f01103236,1156310000,24,daibawap.touna.cn/*
58ef909361cd2e3f13c8309b7ae8bdb4,1156421100,10,m.shcheshandai.com/*
5989f05711f9b68abd26117ac08fb0bb,1156330100,1,m.ddcash.cn/*
5998681b828d08a0e8c1b65787da322b,1156320300,12,m.ddcash.cn/*
59f648cf26a107fb860a0c89b246ab97,1156310000,9,m.shcheshandai.com/*
5c23efb4b3c2e017998ecc711ea54238,1156310000,11,m.ddcash.cn/*
5c5ade2efc83ebeb143156a99be4ce4e,1156310000,13,m.shcheshandai.com/*
5c60d47d7b981a77182b48dd8f9358bd,1156310000,15,m.shcheshandai.com/*
5db6eec796eefeadfff71862fc04e7c3,1156310000,1,m.ddcash.cn/*
5e2121d2f0f2c331a6142ec76e2db1db,1156310000,1,m.shcheshandai.com/*
5fe972bb506b3cbf8b7ef1b7b0359dd0,1156310000,10,m.ddcash.cn/*
6099eecaebc3889bf9c8df8cd03578cb,1156310000,15,m.shcheshandai.com/*
61a9477c8ecda929fe4b8ebce7197bd9,1156310000,20,daibawap.touna.cn/*
61d1f0912b932b8372adbb83a1250470,1156310000,13,m.shcheshandai.com/*
63af4c609c1400a42b6202754f1681a5,1156440300,12,m.ddcash.cn/*
63d5c975548fd3abc8501740b23ee783,1156310000,1,m.shcheshandai.com/*
643b89d3f30e5f6ee21e8bce3c3c1e5b,1156310000,5,m.ddcash.cn/*
67b1fe4e7b3d6fef9df8dd0a85d67820,1156310000,1,m.ddcash.cn/*
6842076aac7f215204a05bd829d86f32,1156310000,12,m.ddcash.cn/*
68793b3cf8f184c752fb8b73a774d69f,1156500000,1,daibawap.touna.cn/*
68a738d67b1eff3cae7be75e5afbab82,1156310000,15,m.shcheshandai.com/*
69190830d3092823cd7b8ce195c5f90d,1156320500,8,m.ddcash.cn/*
6a13b4b45c821c9bf11bc08938f257cd,1156330100,9,m.ddcash.cn/*
6a896605287747f9cde343ec7e67dfc7,1156361100,1,m.ddcash.cn/*
6b1624f79b12392bea40983165545987,1156310000,11,m.shcheshandai.com/*
6b84cf7120aade4bbe6955972669f88d,1156310000,13,m.shcheshandai.com/*
6ba9bc7140eea52e14e6b72c15a81581,1156310000,8,m.ddcash.cn/*
6be61faad4744939296e1b138b4d5635,1156411500,1,m.shcheshandai.com/*
6d215df7cd34e078d5ee5557ca790ce4,1156310000,22,m.ddcash.cn/*
6d852417c4f63c743402e8f668bdc2b6,1156310000,1,m.ddcash.cn/*
6f1432ad1391101c657a8afc5fda09c4,1156310000,1,m.ddcash.cn/*
70d99c4b00f43999f43fd04145dc2970,1156310000,11,m.ddcash.cn/*
70e09e0942d30e1430a6bf8028755944,1156331000,3,m.ddcash.cn/*
70fb4e956a6b572ceee795b52e1f8127,1156310000,16,m.shcheshandai.com/*
711ec0ae3e6071e0c50028b3d2f76ab9,1156321200,5,daibawap.touna.cn/*
72c70efe2e6a3fc17b696b309b049d6c,1156310000,5,daibawap.touna.cn/*
75e3017c7c38fa6b171edf901cc70b07,1156340200,8,m.ddcash.cn/*
78f12b03e993b03c5accc973848b9e49,1156510700,7,m.ddcash.cn/*
79ed6f297584fad2fa87c68ca70c0d55,1156330100,18,daibawap.touna.cn/*
7c2b08bbc47ea64068f62e5a610b1867,1156310000,12,m.ddcash.cn/*
7d9641f9dbce166bff0ff7cc89a1623e,1156310000,1,m.shcheshandai.com/*
7dbbc89ed9c857a34b98124581d9da3b,1156320900,13,m.shcheshandai.com/*
7ed5756fbd1f6c963a7ce96a893d8243,1156310000,6,m.ddcash.cn/*
7f2fa3af0eb4c7c3a80e80c228c8e9e8,1156310000,6,m.ddcash.cn/*
7f768892b6cf5b3fc00185829aec6696,1156310000,6,daibawap.touna.cn/*
7fd5b7236bd10f52fe12e55c07d218a7,1156310000,8,daibawap.touna.cn/*
81c934b01a10579276b1c9667d69e085,1156310000,10,m.ddcash.cn/*
8224578e81dac5c97dbbb4efe31c07aa,1156310000,47,m.shcheshandai.com/*
82bb3f89fd0f63354e1a58fdbffc1fb4,1156310000,15,m.ddcash.cn/*
834bc68d5027411ddd26fe7caef236c0,1156340800,11,m.ddcash.cn/*
83a513aad2889f5362925fdfd3891825,1156310000,14,m.shcheshandai.com/*
841ff5b9c2866596d1bd0ebd3e5b24ac,1156310000,9,m.shcheshandai.com/*
844f98ea98802f39da852374d78ef85d,1156341100,11,m.shcheshandai.com/*
84b1f634979b8467f1636fdab9386844,1156310000,1,m.shcheshandai.com/*
860a941c3244961e514c19e998558ddb,1156320900,17,m.shcheshandai.com/*
88cd93b92a9f183dec2ace9ad50cc585,1156321000,17,m.shcheshandai.com/*
88ea0094762f0e06384fabf9e7138c2e,1156310000,8,m.shcheshandai.com/*
8978a8a88ab71d51598d79041c8eca47,1156310000,13,m.ddcash.cn/*
8aedc33f21365628630bd64df765226d,1156310000,13,m.ddcash.cn/*
8c09fcc65a09779080a6e4fa169a8ebf,1156310000,1,m.ddcash.cn/*
8ea8053f104a7dd97ff2c465aebaa7c9,1156310000,34,m.shcheshandai.com/*
8f9d88cbc2f7de93fa07498cc15a9f97,1156310000,11,m.ddcash.cn/*
8fdd1f5d7f007fe52fb6f6bd2433398c,1156610900,5,m.ddcash.cn/*
905acaaed952671ad51e82e8e0d1852a,1156310000,1,daibawap.touna.cn/*
9123e3b9e372551f53eb024fffc1f76d,1156310000,18,daibawap.touna.cn/*
919b8b3968268cb081a874271f08ed5b,1156310000,11,daibawap.touna.cn/*
927b9a76d874bd4a1994cabfe5cb3c94,1156310000,10,m.ddcash.cn/*
929f4431d29e8f05041447ab5b09326d,1156310000,10,m.shcheshandai.com/*
92fd1cc07493a136d358a0f2a11a3a69,1156310000,4,m.ddcash.cn/*
93ae4954c1405ef3cbc5055d6bb5d53a,1156310000,1,m.shcheshandai.com/*
93b641a7bd3ffd70360b28e70eb61cb1,1156350800,1,m.shcheshandai.com/*
93e47998a256cf541449518b6328ed65,1156310000,16,daibawap.touna.cn/*
9421e0202761fec2394aab708e608675,1156310000,13,m.shcheshandai.com/*
9495170686dee3ee3b4f650d511e1f79,1156310000,12,m.ddcash.cn/*
95603c850e44ea76af54946b5d92951e,1156310000,8,m.shcheshandai.com/*
96c156a0d563ef534d5b8d7b06037b3f,1156310000,11,m.ddcash.cn/*
97b0f9db50aa6877af4b67669827d19f,1156310000,13,m.shcheshandai.com/*
97cd0d4b91c35ed92958b85dbdd0c13b,1156310000,5,daibawap.touna.cn/*
98e73a6b142faaeb8a902c97663d1c30,1156310000,4,m.ddcash.cn/*
9a0c9f65146dbbbcc3409a7601493b22,1156360900,5,mine.dggshop.net/shwap/fdd/20181112/xyloan/*
9b8d85c460591ad18b2280c149900299,1156310000,1,m.ddcash.cn/*
9bd33c2114e5968b96b5edd2575272a0,1156310000,7,m.ddcash.cn/*
9c09b127ac7e9643616fe4a52ce84803,1156310000,8,m.ddcash.cn/*
9c22ce61fe928fbb5af071820ea979e9,1156310000,14,m.shcheshandai.com/*
9d4eed627821d07b3a6e03d84d247353,1156310000,1,daibawap.touna.cn/*
9ee1cf3908a98bd994e477212eacc7af,1156310000,1,m.ddcash.cn/*
a0842e5a09c8d1182b37201f1eeb614c,1156310000,14,m.shcheshandai.com/*
a22879c6f149228df85d50f40e6e053c,1156341500,8,m.ddcash.cn/*
a369b056c0b045a9032051fa4f412a45,1156310000,6,m.shcheshandai.com/*
a7c51e514ce5785262ad5a1d54722f81,1156310000,34,m.shcheshandai.com/*
a891a6e369ee81cb8fcaf6d214a7d8f0,1156310000,9,m.ddcash.cn/*
a8a5dae1f547a0643f7753580adf7ad6,1156330100,10,m.ddcash.cn/*
ab32e24335ef675e337f3c8834b2c76e,1156310000,8,m.ddcash.cn/*
ab4338b655343278d99d610782af3e3d,1156310000,17,m.ddcash.cn/*
ac71b60c9d6bee4998c44859b8f134e6,1156310000,14,m.shcheshandai.com/*
aca1f771c067efa9b4b7f03f88b4c074,1156411600,7,m.ddcash.cn/*
ad11eaa19ed30c6006129b000ac0ca6d,1156310000,16,m.shcheshandai.com/*
ad72c8812bec0730116201c10cf7ac94,1156310000,1,m.ddcash.cn/*
ae8e3345a459e0e159ed205c20ebea91,1156310000,23,daibawap.touna.cn/*
af5323112993df635dfcd8cf02449620,1156310000,2,m.ddcash.cn/*
afb9e8ea826cc51bf8f54821dfe47ba2,1156310000,4,m.ddcash.cn/*
b061a4a4467dc035ee3f12ab3cb06808,1156420100,6,m.shcheshandai.com/*
b071e71b2750004366fed88b1c66016c,1156411000,11,m.ddcash.cn/*
b1e637096e96bbba678e3c3e67af1c3c,1156310000,9,m.shcheshandai.com/*
b24efd31645309af817dfa29880ba80e,1156310000,1,m.ddcash.cn/*
b2eabbc918bfde7916226a437e4db8fc,1156310000,14,m.shcheshandai.com/*
b3ffe96fffd30ae434dfddc9c63fe50e,1156310000,11,m.ddcash.cn/*
b5058b02ce60d1359c9e650469ba00c7,1156310000,4,m.ddcash.cn/*
b6a553d6ee0558d297d9e74d4aead74f,1156340100,4,m.ddcash.cn/*
b6bb3e12b53869b3317b113de227d620,1156310000,1,m.ddcash.cn/*
b70da8d59f4c29d85783dd6aa2ffc46f,1156310000,6,m.ddcash.cn/*
b7d9bc712cd50bdc6d0553adb0111c27,1156340200,12,m.ddcash.cn/*
b85e5d847fa0ce7568aaff29eb6ff613,1156310000,12,m.ddcash.cn/*
ba0832b12c6155a251b941725dec0b58,1156310000,2,daibawap.touna.cn/*
baf31d896a2639bb848e38e6119f0205,1156341700,1,daibawap.touna.cn/*
bb2cb592edb44121728fae2158882513,1156331000,8,m.ddcash.cn/*
bbac8849710e396cabe6a357e70d29c5,1156630100,1,m.ddcash.cn/*
bcb787c1f5b6f921f8b25e854a08ca0b,1156310000,14,m.shcheshandai.com/*
be34a6012e757bebded3ba4c8e3bc825,1156340400,11,m.ddcash.cn/*
beecb1ad0861dddf774fc249b435d287,1156110000,13,m.ddcash.cn/*
bf1392f50993e20cd891b240763d9620,1156310000,1,m.ddcash.cn/*
bf97bc0c46e95a918001247384ad3d4b,1156230100,11,m.ddcash.cn/*
c295ff278826e5f247b34529a62a6f25,1156321000,12,m.ddcash.cn/*
c33017edb49b55e1b0f237a4306555f6,1156310000,12,m.ddcash.cn/*
c3ccb5698b3d5f39e66752743491b787,1156310000,1,m.shcheshandai.com/*
c544a7b254cb707ee1983c42bc8f4ee7,1156310000,9,m.shcheshandai.com/*
c585f918a97af99c6e63e4077206a47f,1156310000,6,m.ddcash.cn/*
c8a57998a430aeaca393289414a5cd44,1156310000,2,m.shcheshandai.com/*
ca1449d3e38d0690ed0cbdc29c884ba9,1156310000,8,m.ddcash.cn/*
cc172ad8d5fbf039e9e07843ff2c3190,1156310000,8,m.ddcash.cn/*
cc5f1b3bddfb22f5d5f1972b23cae7c1,1156450100,28,m.ddcash.cn/*
ce2d59824aa15111976e569136aa942d,1156341800,11,m.ddcash.cn/*
cee08db7051c54e2185b34c744c729bc,1156310000,10,m.ddcash.cn/*
d022c9d4c36157485da2849aecf0dac2,1156340200,6,daibawap.touna.cn/*
d1e18e0116a2ee3e222ea44b45458bc1,1156310000,13,m.shcheshandai.com/*
d369ef000278d494989086eba88f7f41,1156310000,8,m.ddcash.cn/*
d4dbb88a065b8cf8f9154126d569c191,1156310000,1,daibawap.touna.cn/*
d568bae3e75ee2cc82eaf017269e27a4,1156310000,9,m.shcheshandai.com/*
d5d1299aa562f9e7b802df069d6590c4,1156310000,1,m.ddcash.cn/*
d617fcdb7829019797b98352d4d1c74e,1156310000,4,m.ddcash.cn/*
d65c15022a6493898d4b2fdc6c5a3edf,1156310000,22,daibawap.touna.cn/*
d6c95f6f309f48c39cb5c983947b72fc,1156310000,1,m.shcheshandai.com/*
d6ee3850ecab8722b329f28fe97f4299,1156310000,7,m.ddcash.cn/*
d7308f2526dfc8aaa48803426fd85077,1156310000,14,m.shcheshandai.com/*
d7bbd4ebb6067d32493bfe435312c3ad,1156310000,19,daibawap.touna.cn/*
d81a6931ab6277e800a4cccb33868414,1156310000,8,m.ddcash.cn/*
d8547227804fb824c731f4ad82ecdf37,1156310000,11,m.ddcash.cn/*
d945b8d0968b615701ccc2e46c97509b,1156310000,15,m.shcheshandai.com/*
da1a43c2ea761442871e03408d52addf,1156310000,2,m.ddcash.cn/*
dac232f85baafa6ad1bd4891ce17f451,1156310000,13,m.shcheshandai.com/*
dcad2d1844630205bea99ad364ecc32c,1156310000,16,m.shcheshandai.com/*
ddfdbeec0c0f1a53d7b4c560a7f1299e,1156320600,10,m.ddcash.cn/*
debd570e6f50793dcea3378c8673ed7c,1156310000,1,m.ddcash.cn/*
dec92ec7d25def3873ed5bf299d6486f,1156310000,12,m.ddcash.cn/*
e19ec68c90f77d153d50299027bd4432,1156310000,1,m.ddcash.cn/*
e2254210ce4b4b91bfd3197d40f06b59,1156310000,1,m.shcheshandai.com/*
e2ab87a749f878765ea83bea28d56932,1156310000,10,m.ddcash.cn/*
e4460205ca5d265fcd14a70875fa5e16,1156310000,11,m.ddcash.cn/*
e51d59a6f2f1e1c23b5df8eb56bb2b1c,1156310000,13,m.ddcash.cn/*
e59e3284bda129663581abe7be765d6f,1156310000,13,m.ddcash.cn/*
e5d7e4f6116cb97bebec8c60587c5312,1156310000,3,m.shcheshandai.com/*
e7b05fb816d95a0d01b2d1bedcac21b9,1156310000,1,m.shcheshandai.com/*
e8e577916b5c8cedd1a5f50457e0f198,1156310000,9,m.ddcash.cn/*
eb8d3d24dabb92bad04033e5ffbf2ac4,1156310000,12,m.ddcash.cn/*
ed23a3f0511e509f75bf43a9ee51b3bc,1156310000,10,m.ddcash.cn/*
ed4c8496da5e5158c5936491bf3db181,1156310000,14,m.shcheshandai.com/*
ed969ee34595c4c60bc8f0974fdcc809,1156511900,10,m.ddcash.cn/*
ee071dc0445daf529e270f4bea9fa5ff,1156310000,24,m.shcheshandai.com/*
f07e54feb592ec15217bf502a360d9e7,1156340800,14,m.ddcash.cn/*
f0b7c350c517fe3b9a9c33e04044bb58,1156310000,22,daibawap.touna.cn/*
f10a676018e84912930c54cc7bd480fc,1156310000,10,m.ddcash.cn/*
f24f5b966d02592336544fa1a829f4ba,1156310000,1,m.shcheshandai.com/*
f315d3aa6deab54d8e24b93a912d301e,1156310000,1,m.ddcash.cn/*
f3e83287fac92680420b03f7900550de,1156310000,7,m.ddcash.cn/*
f40ea158e0dca3f2b413d3015807061e,1156310000,9,m.ddcash.cn/*
f439db00c9180b344c0cf5f79cb004bc,1156310000,6,m.shcheshandai.com/*
f4f1a6cc1f968df292eb96cc90fac42c,1156310000,3,m.ddcash.cn/*
f665feca01707719aa54d6149bfbfe58,1156310000,11,m.ddcash.cn/*
f6b35e292fb3a341642d8c7e15f6f3f7,1156420100,12,m.ddcash.cn/*
f700335c16e426725c866358506323da,1156310000,1,bwap.szdxjf.com/m/*
f77264a58ae6d3ad9fff70c8b4e26066,1156310000,1,daibawap.touna.cn/*
f96da90cfb41f5d68dcb54c7ea1b6584,1156310000,12,daibawap.touna.cn/*
f9822fb56551024d1dc9e08607097c11,1156511000,2,m.ddcash.cn/*
faba060fdf01c068f0ba64db1db937df,1156321000,13,m.ddcash.cn/*
fbeed35851c3dfeb2dd791c0cecbe7fd,1156341100,25,daibawap.touna.cn/*
fcd7d50df77073093ad99b9df3dc1cd9,1156310000,11,m.ddcash.cn/*
fd43abed4f737e0170d1f2e7fb8d8c5e,1156310000,18,m.shcheshandai.com/*
fd946f99850aa3445222a26197e9f588,1156410900,13,m.ddcash.cn/*
fdf9ec1f5fd3402626c314102611518b,1156310000,13,m.ddcash.cn/*
feb26b3e7cb8dfb6a33931b0d08cfd12,1156310000,16,m.shcheshandai.com/*
fec5cfb21940bec3cb53f697ab1dbcda,1156310000,7,m.ddcash.cn/*
