0064a36df1552189e8acdaa6663c5248,1156510100,15,m.saipujianshen.com/*
00fe4054ec62551263af2c7011d8b4fc,1156610100,2,m.saipujianshen.com/*
0163bc65738e8e0f26d4b4e4fb15640d,1156421000,15,m.yazhouxingti.com/*
0181abf678f9281ae7f608491cfefac2,1156511300,25,m.saipujianshen.com/*
01f85e1e0874354dd3f2582a4ebdcf43,1156420100,6,www.feibaojianshen.com/*
01fa670ae3751448f63c2f7730557525,1156410200,46,m.saipujianshen.com/*
01fc60bc8d68af873618e10bc9e9bdf8,1156610100,2,www.chuangtijianshen.com/*
02300f85f8b05137620fec445bddcb7c,1156610400,12,m.saipujianshen.com/*
0256577e9241a2734562f368377aaf8f,1156360700,49,m.saipujianshen.com/*
02580e87148e370d2bfb8e850ae98df7,1156510100,55,m.saipujiaoyu.com/*
02671cde45a757572bb7090e30efb0ba,1156430700,22,m.saipujiaoyu.com/*
029affdcda0ac25f3503d5961a61e154,1156510100,1,m.saipujianshen.com/*
02b110898dfbf86efa7d2fb08796d5a5,1156360700,3,m.saipujiaoyu.com/*
036dd7fbdd778a7dff7a07a41339a3ce,1156360900,29,m.saipujianshen.com/*
037bafdd7066d78f02af6b3121701789,1156360900,34,m.saipujiaoyu.com/*
037bafdd7066d78f02af6b3121701789,1156360900,72,m.saipujianshen.com/*
03ff2dab6b7714133d589980e9ba87cb,1156510400,38,m.yazhouxingti.com/*
04c7850cd71ee359dfb7f36e3133e8ec,1156510600,22,m.saipujiaoyu.com/*
04e34928cae708baec74fcea1d23bab6,1156420100,15,m.saipujianshen.com/*
04f28d182573f3b354ff42810f21453f,1156430100,1,m.saipujianshen.com/*
0510ed3895d2c17dbb213b32c6b89cfc,1156610100,1,m.saipujianshen.com/*
052324bae94db32ebabd141693c68119,1156511600,24,m.saipujianshen.com/*
053d7d600d0a819c781b109663195c53,1156610100,5,m.yazhouxingti.com/*
05491ec7c63267aefdc1bba3d8c8c34a,1156411700,27,m.saipujiaoyu.com/*
05672d488b55821f12dc886eb70fb1bd,1156510400,4,m.saipujianshen.com/*
058bd76d1f36c8d9300b31847ad618cf,1156522700,32,m.yazhouxingti.com/*
05a5cf9d2a062c8e7e4db29c8040ead5,1156360100,16,m.saipujianshen.com/*
05e75d069b10b82c23b90ed339dc5d72,1156421200,5,m.saipujianshen.com/*
05e8ba3323f701557f56e4c4e73d47b5,1156421800,3,m.saipujiaoyu.com/*
05f0da39be764ab191f9a10ccc22cc95,1156511700,67,m.saipujianshen.com/*
05f325ea6bcddfe6cb22fe5111856d84,1156500000,35,m.yazhouxingti.com/*
05fd664d0b8a7938f4f612e7f0114302,1156360200,7,m.saipujianshen.com/*
060e5bc966e08ea49bc162d82884e6b3,1156610100,5,m.saipujiaoyu.com/*
06263dff306ea0dee668a31da0bc8451,1156360900,43,m.yazhouxingti.com/*
064974f44044b452b702512fd445adb2,1156610600,8,m.saipujianshen.com/*
069d1c22827f5f3b3023cb6b83ab18b3,1156430200,1,m.saipujianshen.com/*
06b1a015b4291456c4b36ba8fb3ac633,1156420100,31,m.saipujiaoyu.com/*
06c707293ad2624776830eef47b18b9c,1156511100,1,m.saipujianshen.com/*
06f9951e0b529575f85373e657c7d03a,1156420100,44,m.saipujianshen.com/*
0723b1f7aa760d5f8edccedf686f0f60,1156510100,29,m.saipujiaoyu.com/*
0784ba15d709a5c57f993a9d9519b524,1156150600,2,m.saipujianshen.com/*
07c28b78b40ef1865d368acfba6a00e7,1156511600,31,m.yazhouxingti.com/*
07c28b78b40ef1865d368acfba6a00e7,1156511600,130,m.saipujianshen.com/*
07d0de63db23c5008d4963e559aae033,1156510100,14,m.saipujianshen.com/*
0817df2297fbfc185dd9f3124295d81a,1156610600,5,www.567go.com/*
087bac540210893d07bc0f9822653248,1156422800,10,m.yazhouxingti.com/*
0896a2610f55e64701c0ea6f68e56ae5,1156422800,35,m.saipujianshen.com/*
08adacc35a50ad3bd7c75c2023ef59a7,1156510600,7,m.yazhouxingti.com/*
08d18ed33217ee524cf1596e232a867b,1156610100,30,m.saipujiaoyu.com/*
091461067d05ada47ffb53f36f9546f1,1156410100,3,m.yazhouxingti.com/*
0915fea4272d1db329dff79d4ebc0ba9,1156430400,48,m.saipujianshen.com/*
091a9c609fcf8f2b341ef0160a56461e,1156510600,31,m.saipujiaoyu.com/*
092434542bf3402103e025777bd22205,1156510500,14,m.saipujianshen.com/*
09387915fa822f600677f3cc466d65c0,1156420100,1,m.yazhouxingti.com/*
094ab33a839259f9f3e8ec15ea76cdd6,1156610100,1,www.chuangtijianshen.com/*
094ab33a839259f9f3e8ec15ea76cdd6,1156610100,1,m.saipujianshen.com/*
09ff892218017a453376e65a28973cc0,1156421000,10,m.yazhouxingti.com/*
09ff892218017a453376e65a28973cc0,1156421000,2,m.saipujianshen.com/*
0af5d21d8f95e5d3409bc3166a80f533,1156620100,5,m.saipujianshen.com/*
0b0b422a9b3ddf4974b091b8f01d8377,1156360700,10,m.saipujianshen.com/*
0b17e142a993ca7f014258c6b52dbd8f,1156360900,7,m.yazhouxingti.com/*
0b3a234dc45e506150652138728356e0,1156420100,40,m.saipujianshen.com/*
0b517579511706b9b14f2e730c6d161c,1156360200,40,m.yazhouxingti.com/*
0b5e4a5d66ed63f53a9e90929d731a45,1156511700,12,m.saipujiaoyu.com/*
0b686b90915df9d2da38ae82b4e254fc,1156421100,41,m.yazhouxingti.com/*
0bf6f1a7170438224198fba1c1ced4d2,1156360700,44,m.saipujiaoyu.com/*
0c0f6d78e74763bcfc011409a3bd4800,1156360700,25,m.saipujiaoyu.com/*
0c4382abd243a9772d01b702490406c1,1156410300,64,m.yazhouxingti.com/*
0c6e9b8ec7a8ce9cd595c893d56ed453,1156440100,5,m.yazhouxingti.com/*
0c9b3d79fabce72a541ea5db07d55b06,1156360700,8,m.saipujianshen.com/*
0cc7d922f1588d7613317a00b278c475,1156361100,49,m.saipujianshen.com/*
0d166f8b022f98050d4c086dd14e3cb5,1156610100,11,m.saipujiaoyu.com/*
0d23bc413be6db4f568c7df77206fcd0,1156510100,15,m.saipujiaoyu.com/*
0d23bc413be6db4f568c7df77206fcd0,1156510100,50,m.saipujianshen.com/*
0d6ce29b5672a2ce9faecb99e83a20ba,1156610500,2,m.saipujiaoyu.com/*
0d6d195ebbe27d39e538a957e2b2c82b,1156110000,12,m.saipujianshen.com/*
0db0fe181bc9e73927bf83bff6bffe1b,1156610600,1,m.yazhouxingti.com/*
0db9317dd59fc28bd8fc2eb0a2bd4ed6,1156510500,42,m.yazhouxingti.com/*
0e0ec734b79a0f4e30609fa45e4bce17,1156360700,28,m.yazhouxingti.com/*
0eb04cc1a5e09f5c1d0bb4f9f4fa7e85,1156510100,29,m.saipujianshen.com/*
0ee680c96009d2f34cfc86a6a0c1519b,1156420100,22,m.saipujianshen.com/*
0f15556d70d51eeaeb1de1fc6b00612c,1156610100,1,m.saipujiaoyu.com/*
0f5299be996a81f2903cbef5efa0a734,1156610100,1,m.saipujianshen.com/*
0f588d3e752ac67024f778e282a80755,1156610800,4,m.saipujiaoyu.com/*
0f86455640cb4f021860fa4bc0220951,1156511600,1,www.feibaojianshen.com/*
0f89eb5c545ad407c034194341cf45a4,1156360100,46,m.saipujianshen.com/*
0f9095dd8a6e9f3253411fdde60edf61,1156430100,16,m.saipujianshen.com/*
0fdda9d8e49a992faf0fb48cdd635f02,1156421800,27,m.saipujianshen.com/*
0feecce3b393961b6c79a3e74ee8f1ea,1156421800,11,m.saipujiaoyu.com/*
0feecce3b393961b6c79a3e74ee8f1ea,1156421800,31,m.saipujianshen.com/*
0fff3c0484838ac0283775df00316041,1156210200,49,m.saipujianshen.com/*
102996fcac9013e2cb95171d1df86f69,1156610200,13,www.chuangtijianshen.com/*
102996fcac9013e2cb95171d1df86f69,1156610200,36,m.saipujianshen.com/*
107667826e5d6b9b99b5b249b1c42609,1156510700,1,m.saipujianshen.com/*
10961c39ce718cd1272789130e57f553,1156511600,1,m.saipujiaoyu.com/*
10be1e014340fa62819759d9cd41e07f,1156632600,30,m.yazhouxingti.com/*
10e8db49a8065b1f78c4b79b0a47cf66,1156620100,58,m.saipujiaoyu.com/*
10fd446b97129c992c0467e003b606c1,1156511800,44,m.saipujianshen.com/*
116dda8dfd688c402df6af590441aba2,1156520100,16,m.saipujianshen.com/*
11ba71ae4695fa58eeb78ce713f32799,1156360200,52,m.saipujianshen.com/*
11e4324b5764b6e312de7a800ec6737a,1156420100,15,m.yazhouxingti.com/*
11e4324b5764b6e312de7a800ec6737a,1156420100,19,m.saipujiaoyu.com/*
12078372afa16b34f7ae3b08ce587540,1156420100,1,m.saipujiaoyu.com/*
1221389e1ab6dd3ea9c848be65458ec6,1156110000,1,m.saipujianshen.com/*
1252e7ce730ad2fba5df2d44f04d223d,1156610100,39,m.saipujianshen.com/*
125a4756881c4b29816c932ca80a4901,1156510100,15,m.saipujianshen.com/*
12679ca0a067342c9c090a6b28173afa,1156430100,72,m.saipujiaoyu.com/*
12acd8ae0c5336651d0383591eec061d,1156510100,15,m.saipujianshen.com/*
12b208ef951efb651cb380e87e98d55f,1156610700,34,m.saipujianshen.com/*
1318e5982964b00cc10ceb34e9087d08,1156610100,34,m.saipujiaoyu.com/*
1318e5982964b00cc10ceb34e9087d08,1156610100,34,m.saipujianshen.com/*
135d57f708acb87097b2129bac3c1883,1156511500,26,m.saipujiaoyu.com/*
139cb3f22fe62bea5f2b5129d334efd6,1156421800,1,m.saipujianshen.com/*
13a3793796bed0914ea3c3cf382f34e1,1156431100,33,m.saipujianshen.com/*
13e95bdae9b7574f3713a7f0107c9aad,1156360900,25,m.yazhouxingti.com/*
1425446c5fcbdbd1496490eb42cb8549,1156510100,12,m.yazhouxingti.com/*
14b288b36d523389ee660d612686aa82,1156511000,31,m.saipujianshen.com/*
14fe93d82394d4622bb52f624da4ffb4,1156410100,1,m.saipujianshen.com/*
1511fd93bb9afdf32f5739f412d0957f,1156610100,5,m.yazhouxingti.com/*
151b505733b2bb9da794985292f08079,1156330200,39,m.saipujianshen.com/*
15693b21d1cdb1ec91838bca43c3c79f,1156360700,43,m.saipujiaoyu.com/*
15a91cec0e87816409f1144ef52e1d1d,1156420100,33,m.saipujianshen.com/*
15f21ce313e94926e57e69beeb9f7ef2,1156640100,1,m.saipujianshen.com/*
160f1a0b19563e957871034e23e147f5,1156420300,42,m.saipujianshen.com/*
163067ae316fe0cbb5700e6f2f634225,1156420900,1,m.saipujianshen.com/*
1660a789b97a4a0a8b72fbb6a11d302f,1156510300,7,m.saipujianshen.com/*
1669eddd742e67719d6178974df0e5e8,1156421400,1,m.saipujianshen.com/*
16d8df8d02e21d0ecf071ffe702e5425,1156620500,4,m.saipujiaoyu.com/*
16d9e1e049341e3d729498e8b2d712f8,1156410700,26,m.saipujiaoyu.com/*
16db4ab5c272397cd89d4f4ff85c823b,1156610400,1,m.yazhouxingti.com/*
173a32dda1433d4094f732c62ffc339a,1156610900,28,m.saipujiaoyu.com/*
17906ace847847097862db0b07a7f887,1156420100,49,m.saipujianshen.com/*
17d8ad18b5f04cb782c04970161746ee,1156522200,3,m.saipujiaoyu.com/*
18b16f224c7b5248fb1d075841269a7e,1156610100,36,m.yazhouxingti.com/*
19443c5117d82b830c56cea9ab144f6e,1156610600,6,www.chuangtijianshen.com/*
196ab94169deaa0d19ec6110c55b1885,1156610100,1,m.saipujiaoyu.com/*
1990894246ed1cfdd41e430f6025a8a0,1156411600,1,m.saipujiaoyu.com/*
19920a589762067ff7c6ae668f0b1b6e,1156610100,44,m.saipujianshen.com/*
19c648af11d0c9fb6ff78606cca62466,1156430500,17,m.saipujianshen.com/*
1a355b664636c548759b26106bf158cf,1156430500,24,m.saipujianshen.com/*
1aa6a60343d71487fd0d3ff6bd061e22,1156430100,32,m.saipujianshen.com/*
1ac07e0178909a2e1434e376721575eb,1156610600,20,m.saipujianshen.com/*
1ac8800b6fce50b6fc1b3a8fcdf64bd0,1156510500,35,m.yazhouxingti.com/*
1acf021d4e28b1009564bcacf1a3e966,1156513400,39,m.yazhouxingti.com/*
1afe91199c7d29c27921ba1f7317fe37,1156511500,13,m.saipujianshen.com/*
1b30d2bde4851e33449e2a977075a1b6,1156420100,20,m.saipujiaoyu.com/*
1b5789c4003f9bc3c6b3250386b33e9a,1156330300,2,www.fearless-fitness.com/*
1b5949789f10489ed59f381428008acd,1156420100,2,m.saipujiaoyu.com/*
1ba8e26bf0e804a7e0c7d5f4715ca341,1156420100,14,m.saipujianshen.com/*
1bc9d59eaca5668ae572f67567286d30,1156510100,5,m.saipujianshen.com/*
1be7154bb6a658b3e1e21e0b28e06524,1156360700,22,m.saipujiaoyu.com/*
1c32a3cae1cb76c89af3c37fd0741af6,1156510500,9,m.saipujianshen.com/*
1c74e48d0820af10527d4b807f7d7df1,1156610100,4,m.saipujianshen.com/*
1c924bf8e9ab03d3c7d2be50a9058c7f,1156610100,29,www.chuangtijianshen.com/*
1c9ba627591088b0a5e95da89e279193,1156610300,1,m.saipujianshen.com/*
1ca8d13e52f04aca511fd458b6b08951,1156360100,19,m.saipujianshen.com/*
1cde186c57347f3d26fac00210ad7fa2,1156610500,5,m.saipujiaoyu.com/*
1cf11a6eefa8fd799f6a48ef3a944e0f,1156360100,21,m.yazhouxingti.com/*
1d1204e4353fd3f1ad009c18b0ebe954,1156421800,29,m.saipujianshen.com/*
1d33271b2f2fbcf060b02d946909a2d9,1156520100,15,m.saipujianshen.com/*
1d5dacc6aab20bd4b8806160d018a7ae,1156510100,10,m.saipujianshen.com/*
1d668fa43a42ba1794057679193fe8e8,1156411600,18,m.saipujianshen.com/*
1d6e07a8e6ba2fc843963aaef49177a0,1156430500,84,m.yazhouxingti.com/*
1d9ffbcf816b7d77245c472bc9f14069,1156150800,33,m.yazhouxingti.com/*
1d9ffbcf816b7d77245c472bc9f14069,1156150800,13,m.saipujiaoyu.com/*
1db69724f2527a5adbb0334a8bc26583,1156510100,10,m.saipujiaoyu.com/*
1dd9882e47d3fd470237257ae079bd5f,1156411700,19,m.saipujianshen.com/*
1ddb260643367ed370c74fb5480750c3,1156511300,27,m.saipujianshen.com/*
1de81ca6e2bd738bfb692b5404eec491,1156510100,20,m.saipujianshen.com/*
1e18ebd6200dad541e6eaf4d99df602f,1156420100,23,m.saipujianshen.com/*
1e4ab8cf8d8880ba9291eb311bc03b9a,1156411700,38,m.saipujianshen.com/*
1e4f32587aef4c35215049b207ccf072,1156420900,4,m.yazhouxingti.com/*
1e5ffa0b965bae425a03c4028a1b1d2b,1156320600,1,m.saipujiaoyu.com/*
1e8a0bc46f0b035c438310ed9057d23c,1156130600,1,m.saipujiaoyu.com/*
1ea5f67a34a4e41731aec6eb99b740b0,1156430800,44,m.saipujianshen.com/*
1ed856c0891e4fa04687b10ea4560d33,1156450300,6,m.saipujiaoyu.com/*
1eeca3d37573efd2034e8a4748ac0110,1156350200,4,m.saipujianshen.com/*
1eed3905f6972071022087250bee4a33,1156510300,41,m.saipujianshen.com/*
1fc0614f176581fc45aabf6ca0acab0c,1156430100,40,m.saipujiaoyu.com/*
2019a5795693573054cd59a823cf4d41,1156610700,1,m.saipujiaoyu.com/*
202aa6e77ee3f7e35e70c6205be14b03,1156440600,12,m.saipujianshen.com/*
202ebfa405f5ed9136e2b82f7e30da03,1156610100,1,www.fearless-fitness.com/*
20609243d83f22647c777b262d12d7b9,1156360500,33,m.yazhouxingti.com/*
219c6e7349236fe380ac12efac7e7ced,1156510700,44,m.saipujiaoyu.com/*
21a6c650ad806398b9ed62709b38f42a,1156420100,2,m.saipujianshen.com/*
21dd7e8f03fc2e7c254185a2ddcae672,1156513300,11,m.saipujianshen.com/*
21f20df8ca12c5365cd661b1196752f7,1156410700,4,www.szgjjs.com/m/*
21f22686040b037f48b03f8f480c705e,1156610300,5,www.chuangtijianshen.com/*
22031f885e5350047a918da52fb25861,1156420500,6,m.saipujianshen.com/*
224354a44cbfbeeeefe1280f349e9d51,1156511600,1,m.yazhouxingti.com/*
22cd2d7d676aed6674ba5f6364daa669,1156520700,27,m.saipujianshen.com/*
22d20d33d672f429f41ba55d60b35feb,1156510100,39,m.saipujianshen.com/*
231c747a2428a007c367188232364393,1156430100,6,m.yazhouxingti.com/*
231feb4896634f89a8555844519b5af4,1156410100,13,m.saipujianshen.com/*
23309dc4fe1a7bcd3bfdccf35b4fb65d,1156360900,1,m.saipujianshen.com/*
23654ebc07b7952d874a064661e60491,1156360100,42,m.saipujianshen.com/*
2366edc8e55586d95ca39b19bdad615c,1156411700,19,m.saipujianshen.com/*
2371671d19d21e500dc4b43785d8f11e,1156510800,15,m.saipujianshen.com/*
2388ee3791445d16c8adc3c8931422b4,1156511100,44,m.yazhouxingti.com/*
240520c6a51f6a6bd860baee5675913d,1156522400,1,m.saipujiaoyu.com/*
24117b171b5a4e8608794ef069fed663,1156430100,21,m.yazhouxingti.com/*
2453975ee0e3ef8dc8cfe9ed5d98d297,1156420200,38,m.yazhouxingti.com/*
24795fe7b39a85232f24d00020974ed5,1156610800,3,m.saipujiaoyu.com/*
248aca06c3efef5b0891e311afda51ac,1156610100,17,m.yazhouxingti.com/*
2491f45816c95c0004df6ccacbd0dff1,1156440300,1,m.saipujianshen.com/*
24963c956c87221e87ce92d3c31fbd4a,1156330200,1,m.saipujianshen.com/*
2542b035ec5b41aa31d69e21a8812fde,1156510300,29,m.saipujianshen.com/*
257070b81638e4b41a9fc1008601b9a3,1156421100,15,m.yazhouxingti.com/*
2584ff41c71f19f9a0a692061a455244,1156410100,8,m.saipujianshen.com/*
25b11f865e908ad179a8afea203d029a,1156610900,6,m.saipujianshen.com/*
25cf3ccc662240ec6f3b89fbd1285811,1156430100,30,m.saipujianshen.com/*
25d49a86157fa2a21d28cec4b031c35c,1156520300,11,m.saipujianshen.com/*
25ff211beee6700aa5b9e1be73067a39,1156511400,48,m.saipujianshen.com/*
25ff4a1b4a18c7b53b25b3ed284d04e6,1156520100,1,m.yazhouxingti.com/*
2633da6d11f0b0e21c11d93e68f5c601,1156330100,1,m.saipujiaoyu.com/*
26472e6c204849b352d5d3a6a05e44d9,1156360100,13,m.saipujianshen.com/*
264dc4a608bf14d1e203460dff4259a8,1156522700,2,m.saipujianshen.com/*
265c6c7200d345fbf54189ba7a65c518,1156610100,6,m.saipujiaoyu.com/*
26bde5be0ccadf185fe05e4b77dee13b,1156522200,6,m.saipujianshen.com/*
26c715829246011275d77c47254ee1c2,1156360100,30,m.saipujianshen.com/*
270f0faf76653171cae3655760ca05d9,1156360800,18,m.saipujianshen.com/*
271590b0aeccc370a9cec7572a878436,1156360300,5,m.yazhouxingti.com/*
281c02de4aff9e5311736458a8952a49,1156422800,4,m.saipujiaoyu.com/*
283eebdff2849d6362a1c2f28dddb6cf,1156610700,23,m.saipujianshen.com/*
28aa16b1d85fd95e757e3632b0b2ffdc,1156511400,46,m.saipujianshen.com/*
28afd3c565bd140dce8e80456e4825de,1156511600,3,m.saipujianshen.com/*
28e3d0840d83059ecf28b621fd6f23f4,1156360700,4,m.saipujianshen.com/*
292c54150211a4a098be3da9b60ed207,1156610100,22,m.saipujianshen.com/*
297a92dbc4d87319270de1f191be6f1b,1156420100,13,m.saipujiaoyu.com/*
29adfbe3f031e7fe3801c83f45aa0228,1156610100,2,www.chuangtijianshen.com/*
29afa201accdf365a9a0c14d5d9ce4bb,1156360100,27,m.saipujianshen.com/*
2a147050216062b0dfe1d6844258741f,1156510100,26,m.saipujiaoyu.com/*
2a3a7931d778d6f6b4df1c896cbcff72,1156511900,9,m.saipujianshen.com/*
2a5f977d1de80eb2479c355883d6d435,1156410700,11,m.saipujianshen.com/*
2a7e2ef8901ff8c72f956451a9bc541f,1156610300,35,m.saipujianshen.com/*
2a8940c04799280be4df48473d799903,1156610100,13,m.saipujianshen.com/*
2ad25a8316232f1c9a21c5b068ab1af2,1156513200,24,m.saipujiaoyu.com/*
2b25600af7ae179fa459cbf3b50f0a77,1156610100,3,m.yazhouxingti.com/*
2b540de7c12ad4bb3f986f9930a4484b,1156420100,15,m.saipujianshen.com/*
2b99b64cb24d299028f198391daffc2f,1156430400,39,m.saipujianshen.com/*
2b99b64cb24d299028f198391daffc2f,1156430400,49,www.feibaojianshen.com/*
2bbbf911ab922347bb208574259c40a0,1156610100,30,m.saipujiaoyu.com/*
2bc87f69e8f6d05a7bcc8c69991dff94,1156410100,35,m.yazhouxingti.com/*
2c4c9ec4ffa1dcc2b1ca384249f443f7,1156610100,6,m.saipujianshen.com/*
2c50035a259f52183f1e2a21398b86fe,1156610800,28,m.saipujianshen.com/*
2d10c7a3e05a7684341575567934fec4,1156420100,10,m.saipujianshen.com/*
2d38cfb3893ed22e9374c9e81e5dfd22,1156411600,1,m.saipujianshen.com/*
2dc3fbf22a473ab4e8848b78eb26553c,1156411500,31,m.saipujianshen.com/*
2dc773bd6f35fac017f3db87abe961aa,1156520100,4,m.yazhouxingti.com/*
2ef234c5d23642e6fe69b0f58cbea9ae,1156610700,48,www.chuangtijianshen.com/*
2ef234c5d23642e6fe69b0f58cbea9ae,1156610700,30,m.yazhouxingti.com/*
2f2f07e0d542ebbaa4c8fe4615591897,1156610700,6,m.yazhouxingti.com/*
2fabb8ec23e674c2c82764694cac2544,1156610100,39,m.saipujianshen.com/*
300f9a3569941f29b4d5711760e33000,1156511300,26,m.saipujianshen.com/*
3019d4cb19e547d516c8942eb46ef2a5,1156610800,38,m.saipujianshen.com/*
308a40efad5f73f4e63afb4ef4345a42,1156410100,4,m.saipujiaoyu.com/*
30c6d188d06b9553f1f8ce92d09749c2,1156360100,27,m.saipujiaoyu.com/*
310e4880ddbfaeea64ad37c8b34a405f,1156510100,48,m.saipujianshen.com/*
3177e876752936b3b2f7c9ac07bb32e3,1156421800,4,m.saipujiaoyu.com/*
31ccbc7b2e3a87aae2389cb2a29e8ba7,1156511700,3,m.saipujianshen.com/*
3203935fecf7effabbe44abc2577f26d,1156411500,21,m.saipujianshen.com/*
3225d6ea02a3bab5c6e4ee1fb1bba978,1156513200,14,m.saipujianshen.com/*
3241bc22d7029fcad107111fded5af42,1156610500,37,m.saipujianshen.com/*
3284e8e91d3539c0d0447648cdc323a0,1156420100,4,m.saipujianshen.com/*
32b31c93ba50fa85038fae606fe2a479,1156420100,8,m.saipujiaoyu.com/*
332781d56982b84ab529fbc88f081323,1156510600,43,m.yazhouxingti.com/*
33cf269ad946d22c5be671006ebfc5a2,1156610100,1,m.saipujianshen.com/*
3419f947254530dc91c3e17cae53449e,1156420100,2,m.yazhouxingti.com/*
343b93dc580d0166774ef9ffe3d43999,1156410100,28,m.saipujiaoyu.com/*
343e2746bf7f863cdf5a967cc2bc053e,1156511300,2,m.saipujianshen.com/*
344e27cc5672b44f6095c4e07aee62f2,1156610900,6,m.saipujianshen.com/*
345907f2d938b45b9c7018df9fbef05d,1156610700,30,m.yazhouxingti.com/*
34607bede1266d1b84597dd2b345df35,1156610400,8,m.saipujiaoyu.com/*
34b63e662ba8e1125e0e64e805868a99,1156510100,15,m.saipujianshen.com/*
3563c10c5509a7926267b53c6881928a,1156520300,19,m.saipujiaoyu.com/*
35f1909cc141e281fed07b840824deea,1156510600,16,m.saipujianshen.com/*
363d01ca59c2f25af33c6bc10a3883cc,1156421000,14,m.saipujianshen.com/*
364591ad1138487b2e0804560e1ce2a8,1156610100,3,m.saipujianshen.com/*
368cdce4e3b5148480da8cb0d82bc8ab,1156420100,2,m.saipujianshen.com/*
369cc76ac19055ae8ca1691b665e494b,1156520300,26,m.saipujiaoyu.com/*
36f5bc679fd383747d1cfde2d2cdd306,1156340200,25,m.saipujianshen.com/*
376153cb49a4a8d03394e35b41f21f09,1156511100,13,m.saipujianshen.com/*
37ed4737cf6b1c37768eae4954412393,1156422800,1,m.saipujianshen.com/*
383f6b29ceba562e073d5aa2d84698d1,1156360200,1,m.saipujianshen.com/*
38ee32cd462b3608519c2f56783d46d7,1156420300,9,m.saipujianshen.com/*
398dc735e0606b35f66b4064e30a10df,1156360500,8,m.saipujiaoyu.com/*
39bdbc02ef7c6b783237d146ccd1de39,1156420100,10,m.saipujiaoyu.com/*
3a3e1e7c8509fb684cd5bb8c9bb2f15a,1156610900,3,m.saipujianshen.com/*
3a5701dee1553ee3a4a92dcf0571500a,1156610700,18,m.saipujianshen.com/*
3ac375883db5fba62952034b74da816c,1156320500,34,m.saipujianshen.com/*
3ad2ee00c1fa9e11aad199b6ba651d0d,1156510700,38,m.yazhouxingti.com/*
3bc57a6e570f634291231a184e0a0d96,1156430500,15,m.saipujiaoyu.com/*
3bcaf967276ac7315178177c9a45ba4d,1156511300,46,m.saipujianshen.com/*
3be3c78a42f69c30370ed08831b90432,1156421500,5,m.saipujianshen.com/*
3be4c1838bf0331dfdccd7e5578dad43,1156522700,22,m.saipujianshen.com/*
3c63d707ba156ad084caa6e3bbc44620,1156610100,4,m.saipujiaoyu.com/*
3caa6be03592730a9ab8fb328eebd0ec,1156430700,25,m.saipujiaoyu.com/*
3cfacdbe495711ab1faac6249cec2de0,1156430600,29,m.saipujianshen.com/*
3d3996d07cddba8e9403ea9cc7d55c5b,1156420100,1,m.saipujianshen.com/*
3d4709fffecf1bd102ea0fd4993a01da,1156510800,41,m.saipujianshen.com/*
3d53b18cb11659f1bc790482934154b3,1156610100,5,www.chuangtijianshen.com/*
3d98eb6ac3414422928204af503f8a98,1156510500,20,m.saipujianshen.com/*
3dfa61a61db583c9492de8e3708c5d23,1156510100,100,m.saipujianshen.com/*
3e08739113faa48225cc670aa53617a5,1156520700,6,m.yazhouxingti.com/*
3e139cd1b69f1207e590c6c0ceed793e,1156360100,27,m.saipujiaoyu.com/*
3e4fc6a7c148f1628e2b82edd7f233b5,1156360600,49,m.saipujianshen.com/*
3e588a0972dc3bafeef1376339ddee24,1156610900,3,www.chuangtijianshen.com/*
3e67f30d2c8a79de20b8e69bc521ae0e,1156610500,1,m.hksca.com.cn/*
3e7e301fd5ed7be5b731d34520fe632b,1156420200,27,m.saipujianshen.com/*
3eca11985d176eea11292d5357306066,1156610400,43,m.saipujianshen.com/*
3f4cc5c328d6f7276f16d976fd05031e,1156530600,1,m.saipujiaoyu.com/*
3fa30520bb2bdba1d7f719103a0955b8,1156510100,35,m.saipujianshen.com/*
3fa30520bb2bdba1d7f719103a0955b8,1156510100,3,www.feibaojianshen.com/*
3fdf77b42b72e615b369c85e648db672,1156420500,1,m.saipujianshen.com/*
3ff5bb692b0118c277f847f31892cbad,1156510100,23,m.saipujianshen.com/*
402740de296ae41be70a3d1a90c12f9f,1156511300,38,m.yazhouxingti.com/*
413743334603fedb21ece95797b17298,1156410100,57,m.hksca.com.cn/*
41782f6c79c84fa79e8013eef970cd56,1156511300,30,m.saipujiaoyu.com/*
4194a24a82da3329c37b6a8c51e66e32,1156511500,15,m.saipujianshen.com/*
420f7e4ac94b9d1fa790c5997744b861,1156510100,3,www.567go.com/*
425293d1e9d6a44c6eabab2b897640f1,1156511700,25,m.saipujiaoyu.com/*
4254af219a0b6257fb56d70f8c778577,1156520200,11,m.saipujiaoyu.com/*
428ccb6d02e537a4248096567ddf9429,1156360100,18,m.saipujianshen.com/*
4317b98a2ccd37cae377a5337e90c551,1156511000,20,m.saipujiaoyu.com/*
43497e1508d8f738cbd2a571daa5b584,1156431400,27,m.saipujiaoyu.com/*
43c00114b74dc9d645933b2cfbfed189,1156430400,20,m.saipujiaoyu.com/*
43f377a9a68ff3962341e891efeb548d,1156513400,17,m.saipujianshen.com/*
44565c8195671b735f69a10fb3e51ffe,1156610600,25,m.hksca.com.cn/*
4494739876e4132dfcaa51c09f808dfe,1156510300,34,m.saipujianshen.com/*
44d4f06b86cd577180421a130f1ba9d6,1156410700,39,m.yazhouxingti.com/*
44d5e06818c92628bfbea1fc414bbd71,1156441900,15,m.saipujianshen.com/*
44f363ceafb1f6ed762277d14969ad11,1156511700,4,m.yazhouxingti.com/*
453e9d2a690946e2c38e286008f72721,1156610100,1,m.saipujianshen.com/*
4548aacd4991388594c74a88aa8fe218,1156610300,1,m.saipujiaoyu.com/*
457e8c1def4928be506199a817986ea8,1156510400,2,m.yazhouxingti.com/*
45b59d42c080a3ceeddbe055f89590b0,1156520300,25,m.saipujiaoyu.com/*
45bbc5c1211e6cef791e63e1172213b6,1156513400,41,m.saipujianshen.com/*
45f5fc092ecb48b0e57c64c3070cad4a,1156330500,6,m.saipujiaoyu.com/*
45f82099318933afc574094b2032b058,1156430100,10,m.saipujianshen.com/*
4636e0701f24ba0c9204a530bc106487,1156420100,3,m.saipujianshen.com/*
465b354cf7d9fd92e6d7a492cd9f0536,1156330500,29,m.yazhouxingti.com/*
467790a0e9e933f0a71303b15449dde6,1156610100,12,m.yazhouxingti.com/*
46c2dc61c89adad2fbad086e9f3cf05b,1156421100,7,m.saipujiaoyu.com/*
46d23643288714bb9b321c0182a5e79b,1156411700,23,m.saipujianshen.com/*
46f11e5d2baeb6c0d91df67aee53d35e,1156431300,8,m.saipujianshen.com/*
47144feea566bf5644655d2e0066103a,1156610100,2,m.saipujiaoyu.com/*
47472661949d2f5dc21d71f8d43f15d4,1156511700,8,m.saipujianshen.com/*
475e535542372f9983b8af132eeda5c5,1156421200,1,m.move2008.com/*
47615a224a89b77841061eb4f91e2075,1156511400,14,m.saipujianshen.com/*
478490ad5b24d0d1c718208f6b3da7ad,1156522200,33,m.saipujiaoyu.com/*
478707f458c0086b2a9b0a6c92f31244,1156520200,6,m.yazhouxingti.com/*
479d9731e69a822646c2c4b697fdf839,1156410300,37,m.yazhouxingti.com/*
47a502c292c032065643b5a8a4e04514,1156360100,49,m.saipujianshen.com/*
47c6ecc95af1d1f4a7490905a3d760a9,1156420100,5,m.saipujianshen.com/*
4842d58d437e20518656e82ff34ba799,1156421100,31,m.saipujianshen.com/*
4848d5c19e3e4f8878243520d52477c9,1156511700,1,m.saipujiaoyu.com/*
486fa0034f1f308f2fc5321734f99ed5,1156510100,18,m.saipujianshen.com/*
48911da4bc651c8caa54e0783b732282,1156421100,9,m.saipujianshen.com/*
4892d14b1d8c1dd7d397f2cb28a4d4f9,1156410400,30,m.saipujiaoyu.com/*
48942b8c73ee6690ba603cf6774a4243,1156422800,1,m.saipujianshen.com/*
48a736a3e6b062c0d59f2fde71a3cdfb,1156421600,1,m.saipujianshen.com/*
48c057a129b93ce3a37843b26529490c,1156511700,47,m.saipujianshen.com/*
48ebacf035131e680131285b5cb615a8,1156520300,7,m.saipujianshen.com/*
4901f321f0d032943328f1b58606f9c6,1156360400,45,m.saipujianshen.com/*
4902aefb9806c240203bca618dfef7e7,1156520300,6,m.saipujiaoyu.com/*
4974eafe63e8c48d1d777807874ff3ef,1156610800,30,m.saipujiaoyu.com/*
49b4c560fa83fd746c6b99265c66782a,1156360400,17,m.saipujianshen.com/*
4a0c39b21f9364ec6072df45e659d4ba,1156611000,38,m.saipujianshen.com/*
4a2b00db70bbd11918525d042e236819,1156430100,19,m.saipujianshen.com/*
4a47c54ab2fb1b1249b571b493da2747,1156520200,42,m.saipujianshen.com/*
4a562d6b4aefb01f940afa448502a71e,1156520700,6,m.saipujianshen.com/*
4a5d2ef47db81014a835f614a9c694ab,1156510400,24,m.saipujianshen.com/*
4a8adf09101024b54682223b72bbc462,1156522400,5,m.saipujiaoyu.com/*
4ace9581c5b41bfe10af522f2449ce93,1156460100,45,m.saipujianshen.com/*
4ba7765d41b315a6dcaeb916b1d677c6,1156610700,36,m.saipujianshen.com/*
4bb356927487408b2c27437e20bc0f4b,1156510500,2,m.saipujiaoyu.com/*
4bb356927487408b2c27437e20bc0f4b,1156510500,35,m.saipujianshen.com/*
4bf09532a171b01af5b042e7e0f63123,1156610100,21,m.saipujianshen.com/*
4c053ba09e6e1e3a93fa29ea1e2839c3,1156360100,24,m.saipujianshen.com/*
4c1bea09e5f570fe6d15202e915919f0,1156431100,24,m.saipujianshen.com/*
4c8ce911063abc1e6e312b6c4800a169,1156420100,1,m.saipujianshen.com/*
4c941e33cc1fe89fffc8e9d7a0263af9,1156511600,40,m.yazhouxingti.com/*
4d0c9f25e258d00522e947b72d0b765c,1156421200,43,m.saipujianshen.com/*
4d3af1df5c52c04a6ed150172b7f8295,1156360100,27,m.saipujiaoyu.com/*
4de0cead006171f9b3cf28284b469b20,1156420100,2,m.saipujianshen.com/*
4e07a81f4f1f25a2c6b48e7f0ccdf39d,1156420300,39,m.yazhouxingti.com/*
4e90c49a82e2d85286d4450ebfb5d7e2,1156511000,9,m.saipujianshen.com/*
4ebbf730ac150f84c8a7377c4375b8fb,1156510900,37,m.saipujianshen.com/*
4ecd7b781526033162af46101bb211d3,1156610400,3,m.saipujiaoyu.com/*
4f35de58e641a27b90eb7bd90f45cc2b,1156421500,6,m.saipujiaoyu.com/*
4f78524e1876c0e47158ad2ca68c4804,1156610700,33,m.yazhouxingti.com/*
4f9052949d94d06addf7060b8f4a3654,1156510100,25,m.saipujianshen.com/*
5003ab0c827730253c68fdd6d3c6b4c7,1156513400,26,m.yazhouxingti.com/*
50285fcc1afe1bf208e649f52ee8bc70,1156510100,16,m.saipujianshen.com/*
503782fb7ee93c11f99dd2e1916cf247,1156330100,11,m.saipujiaoyu.com/*
5056588390107729468573ecfc6a4aa3,1156420100,36,m.saipujianshen.com/*
5056b0e8a2e3e548d9fc01933a52808e,1156421700,6,m.saipujianshen.com/*
50b900cc0b001be6cad281b9398d3861,1156360100,30,m.saipujianshen.com/*
50e6640aff45ff3eb96b9bc9a24b408b,1156430200,43,m.saipujianshen.com/*
510af7e9b5c9e9b1dead7ff5df1550ac,1156411200,27,m.saipujiaoyu.com/*
5156dfb7ca6ae76846ccd3867ade9afe,1156422800,39,m.yazhouxingti.com/*
51781cbfd4809646074d0bfd52db6110,1156520200,6,m.saipujianshen.com/*
52018b8295c33a777e2c3ecee2eb7ee8,1156610500,26,m.saipujiaoyu.com/*
525dc1d7a6a6116d79ee106b71755ee0,1156610300,12,m.hksca.com.cn/*
526b0d79d55fcc6de5c010e47725dd61,1156420100,65,m.saipujianshen.com/*
527050390461f7dca0e30464c6973717,1156411100,20,m.saipujianshen.com/*
52ac1ddfdd0937fa6ab3ea984d32367a,1156510100,18,m.saipujianshen.com/*
52eba2a147d13d6799b0ca009130df23,1156510100,39,m.yazhouxingti.com/*
52fdbf1b5ce10381b1cfd3ad732ddfaa,1156360100,47,m.saipujianshen.com/*
5309ec529c8a0560a2883cdc23eb16ea,1156522400,16,m.saipujiaoyu.com/*
531f487d55dfad5ee653373784754732,1156513400,4,m.saipujianshen.com/*
53240ed2444ff958e203a88c0b598dc2,1156421400,13,m.saipujianshen.com/*
53836010efa91c38bcb08487e9c75e7e,1156361000,16,m.saipujianshen.com/*
53bc8025b5cd4f43ba0bba4341b4c337,1156420100,1,m.yazhouxingti.com/*
53bc8025b5cd4f43ba0bba4341b4c337,1156420100,4,m.saipujianshen.com/*
53fae316ff7fca81bfd00a70eaf58e0e,1156420200,5,m.saipujiaoyu.com/*
54c53b6815751f7204b3cc91be110d93,1156522600,15,m.saipujianshen.com/*
54fb91b90affbfc9eb765a6a7f6be825,1156440300,24,m.saipujianshen.com/*
550c92a3c2b74783cfa54fe8de4afbfa,1156610100,3,www.chuangtijianshen.com/*
559bd49d8125e5800e0ab68c7a172cc6,1156513300,38,m.yazhouxingti.com/*
55bcab55fdb93fd90bcfec173fda473a,1156610100,4,www.chuangtijianshen.com/*
5606c0172532f822bb1ca851961bda34,1156361000,28,m.saipujianshen.com/*
5607960f74fdeebbe8ce95d1a37e384c,1156330200,26,m.saipujiaoyu.com/*
564ae6ef11297c286bc8ff31d7e7ccf7,1156420100,10,m.yazhouxingti.com/*
56a192837cba3441a5a69bc91244c231,1156513300,5,m.saipujianshen.com/*
56d1b5f43a3f5230337ecac40872d630,1156350300,1,m.saipujiaoyu.com/*
570a81020a0390d5775c06176b0f869d,1156420200,1,m.saipujiaoyu.com/*
571b98b487b8d561781ec6329c54cde4,1156520100,27,m.saipujiaoyu.com/*
57438a5bc1c521d2362c75ae1ec635dc,1156610100,1,m.yazhouxingti.com/*
57652c8794bd055ee103a21433dd3668,1156510600,22,m.saipujianshen.com/*
577bb4bb455258c731a37f026d5d895c,1156511100,41,m.saipujiaoyu.com/*
577c47a6cf48e22e92c6cb7aa092a67f,1156360300,4,m.saipujiaoyu.com/*
57fb157ec91c9676a71d4ab8ed6ed62b,1156610100,14,m.saipujianshen.com/*
58203f30a904eb01305d42fa7f52bbe2,1156510100,25,m.yazhouxingti.com/*
582871cb1622f042876e21aa5584539e,1156140400,6,m.saipujianshen.com/*
588614aa914d07ebf8e3cf6e9e3bd73f,1156330300,19,m.saipujianshen.com/*
58875fef4b096b7045a95955075cec62,1156430400,32,m.saipujianshen.com/*
58a63d91d87dfeb4165e6a48a022ec91,1156450100,23,m.saipujianshen.com/*
5957b605b77b2f4dbecbd579febb9a8b,1156360400,7,m.saipujianshen.com/*
5984939e42e232cbe966d21702e7eb73,1156360800,31,m.saipujianshen.com/*
599f85e7bca65e14c42b7ff4fe888049,1156420100,12,m.saipujianshen.com/*
59a00f7b251c02b7bc5a0f67a3ccb25e,1156431000,38,m.saipujianshen.com/*
59a7771b44ecca6a065ba6285558ad70,1156510100,27,m.saipujiaoyu.com/*
59a7c7099bbfe58735e2677f7c212f7b,1156420500,47,m.saipujianshen.com/*
59baa2d8398b377bdb741cf1917be78b,1156511100,30,m.saipujianshen.com/*
59c9112ea7a6a5d1470c70284e7e5955,1156360300,5,m.yazhouxingti.com/*
5a3423fdfb0bc6cf416c10c379cd74f8,1156610500,2,www.szgjjs.com/m/*
5a50309fda8d53e0b7a01b1d0ed4c18b,1156420300,36,m.yazhouxingti.com/*
5a50309fda8d53e0b7a01b1d0ed4c18b,1156420300,20,m.saipujianshen.com/*
5ab5b8aa8794e02d5b4b4dc1b9f174a4,1156511300,32,m.saipujiaoyu.com/*
5afbb8de15dfeed9977d195c0ebd357e,1156360100,3,m.saipujianshen.com/*
5afce714640344425f809716b44c2d1e,1156420100,45,m.yazhouxingti.com/*
5b38878bb0844c3f1e84f27c57b46b2a,1156410100,41,m.yazhouxingti.com/*
5b4bfedbd28f29fe1e500768368b93ce,1156511100,44,m.saipujianshen.com/*
5b5f883918e8d54100a0a95d2fa27f19,1156520100,1,m.saipujianshen.com/*
5c6788d2bc10a7c62a6090b19699db03,1156440600,47,m.saipujianshen.com/*
5c92925513001e6395062166dd1648be,1156610400,2,www.chuangtijianshen.com/*
5c98343855ce7f3ed670c79e1ab9095c,1156430100,47,m.saipujianshen.com/*
5d4f6048e0ee065e3f509392015a7083,1156340200,28,m.yazhouxingti.com/*
5dd0fb39dce30ea1f40cb8afb7e17a58,1156610800,1,m.yazhouxingti.com/*
5deb9674ae8c9c0212ff1c713d1cc323,1156420100,32,m.saipujianshen.com/*
5e549c12209d8c64776564a83b75b2bb,1156522600,1,m.saipujianshen.com/*
5e85ce7e89fd8bb2adebf14b730ecdb1,1156431400,38,m.saipujianshen.com/*
5e8a2878bc241546156dc63d9110e70b,1156420100,32,m.saipujiaoyu.com/*
5e9abb1ea36edb9e2414b96d56035dcb,1156610500,3,m.saipujiaoyu.com/*
5f214d49f6548efb27bf70e2df89e81b,1156360100,1,m.saipujianshen.com/*
5f75e2dd2a5479c53c21110f3c42c9b4,1156510100,34,m.saipujiaoyu.com/*
6030b1718d237605fc57d70b65595b59,1156610400,30,m.hksca.com.cn/*
6032fc86aa3d5aa7011a5bbe5f4a89e8,1156360300,48,m.saipujianshen.com/*
603455a3ecab42a6609354e223b42953,1156360800,76,m.saipujianshen.com/*
6036ec601c11eef010cd9005d49d059d,1156511700,4,m.saipujianshen.com/*
605edeb5309b98dab44e5476265b3396,1156511600,60,m.saipujianshen.com/*
60f0508d95763b64a35c53a24c6490a7,1156360600,20,m.saipujianshen.com/*
61212bfe4be121502ad6a2be43087251,1156522400,26,m.saipujiaoyu.com/*
61e39c0ebdc9062dfa292590fe3dc687,1156430800,30,m.saipujiaoyu.com/*
61f02c6f5de916b5481ae59e07a45e37,1156510600,35,m.saipujianshen.com/*
62069f2bfb897d85a1a67c9477d2ca54,1156511900,5,m.saipujianshen.com/*
6278846ec72b1669e1d8dbc865432c9c,1156360500,30,m.saipujianshen.com/*
6285bd02231f18c1c2981927a736049d,1156610400,37,www.chuangtijianshen.com/*
62a0c85505abb099bfa350c797fbf5d0,1156610800,45,m.saipujianshen.com/*
62b9a5187fae38c57d04b0c91d232623,1156510100,38,m.saipujianshen.com/*
634016b1344a11ee8e6e9afe5f88894d,1156430200,1,m.saipujianshen.com/*
63cf9cddb8ac3cd5405d4d0f2fc1ff6b,1156540100,60,m.yazhouxingti.com/*
63d0ffb1be2490c35afa2d7ad78f5e77,1156421500,11,m.saipujianshen.com/*
63e12d8241cadd9843701437ed4d002c,1156420100,2,m.saipujianshen.com/*
63e7025ce19b46bc8f2d787d58f230d4,1156360900,19,m.yazhouxingti.com/*
63e7025ce19b46bc8f2d787d58f230d4,1156360900,45,m.saipujianshen.com/*
641130e6973a2469fdb3e35d74f051b9,1156510100,4,www.feibaojianshen.com/*
641f7b5a71cef2130ff91fb8fd51acf3,1156520300,4,m.saipujiaoyu.com/*
644a81b3aa5861a6e1e465924b61b335,1156361000,41,m.yazhouxingti.com/*
64505d5b105f9203e1c14c76af29e647,1156610800,22,m.saipujiaoyu.com/*
6457c30c29c2ff9f75ef89b096692e51,1156430100,36,m.saipujiaoyu.com/*
64fa767d0aff7b5028327ac97e580bb1,1156510800,1,m.saipujianshen.com/*
6517a3a2bd9b93bb90fa544b8a853dc3,1156410900,1,m.saipujianshen.com/*
65aaa0a42ae7bb41787cc0b98341c340,1156410300,4,www.szgjjs.com/m/*
65cddbe22cef6dff1ca90d77309d3abc,1156420100,2,m.saipujianshen.com/*
65ef95eeff2ee8381c1d80e817340b81,1156410100,28,m.saipujiaoyu.com/*
66555af2e7d762d0518048ddbdcfaff7,1156410800,22,m.saipujianshen.com/*
669a230e4a3705c653dae359a99f430f,1156360700,10,m.saipujianshen.com/*
66d6bbdd05675c11e09f4df5124e900d,1156610100,5,m.saipujianshen.com/*
66eeaeed08239ea2137bdded8cac5ce7,1156522600,21,m.saipujiaoyu.com/*
66eeaeed08239ea2137bdded8cac5ce7,1156522600,36,m.saipujianshen.com/*
670ad434706192ecb1edf05ba4de6b76,1156522400,26,m.saipujiaoyu.com/*
67a1362664ebf58db150630540eacd45,1156511700,1,m.saipujiaoyu.com/*
67e5f1122917f6f38e155c4fc5c36d3c,1156510100,22,m.yazhouxingti.com/*
67e5f1122917f6f38e155c4fc5c36d3c,1156510100,35,m.saipujiaoyu.com/*
67e5f1122917f6f38e155c4fc5c36d3c,1156510100,7,m.saipujianshen.com/*
689ec66b388e75e3e115c6080f7fa866,1156510600,14,m.yazhouxingti.com/*
68b811788248cd7f436f25e4f56c6012,1156511700,19,m.saipujianshen.com/*
68dc25e899ffcd040a7021b95dcb35c3,1156610900,35,m.saipujiaoyu.com/*
69277ccbb0c95657c0845d8767405918,1156410100,7,m.yazhouxingti.com/*
6974ea53f0792959ba4e5a514bcca091,1156520200,26,m.yazhouxingti.com/*
69ac949768a5afa093d88f3733d0a073,1156610100,7,m.saipujianshen.com/*
69e0e30a04572b21c156a4e5535a7c85,1156522200,33,m.yazhouxingti.com/*
69f74576cdda81990d9544c0cccace98,1156430100,53,m.yazhouxingti.com/*
6a6158b2e9e67970b175230f7f862363,1156360900,31,m.saipujianshen.com/*
6ada621ac859ca86fe374d64830d2022,1156520300,2,m.yazhouxingti.com/*
6b1a657075d17da709a64c3e5e0d5f2b,1156522200,1,m.saipujiaoyu.com/*
6b8c6b30bcd6d0ddb2bb057121575520,1156510700,44,m.saipujianshen.com/*
6bc4fdb865fdda5256d82564f7435cbb,1156511900,13,m.saipujianshen.com/*
6be43a72c7734168eb7033a48fbfaf62,1156610100,14,www.chuangtijianshen.com/*
6c3694a32d38fc6d319277de366533b9,1156360100,177,m.saipujianshen.com/*
6c7d20351d1f3c1dd5438d3a2f540a59,1156610100,1,m.saipujianshen.com/*
6caa4b181655b5dc4365fd471430ac8d,1156330300,28,m.saipujianshen.com/*
6cbcdc0e5b804eadc7172e2622bfebfc,1156610100,38,m.yazhouxingti.com/*
6cdc562380e7fd6c84262270c5eb14db,1156430400,49,m.saipujianshen.com/*
6d0b6554156d99b98eda008e01690d07,1156430100,32,m.yazhouxingti.com/*
6d2efc33e63cb53208675f4c54e026c3,1156430300,35,m.saipujianshen.com/*
6d9cfbdc5c4ea4320639a47a2021376d,1156610600,26,m.saipujiaoyu.com/*
6dfb31dcf69f624ec9620f4ce10e1298,1156511700,20,m.saipujianshen.com/*
6e0816eca6fd6e289b42850c51b0159f,1156530100,34,m.saipujianshen.com/*
6e0db76307bf3ae73680334a6fe425d7,1156500000,51,m.yazhouxingti.com/*
6e25c96e85a9d78efc0b1b5854c97d44,1156361000,36,m.yazhouxingti.com/*
6e68a722f25555c1b8178cee77a9025b,1156350200,3,m.yazhouxingti.com/*
6fbd6997ef79c8320240409c5fe3b6f5,1156511300,1,m.yazhouxingti.com/*
6fe687932df9fb4e85adc26234a8f1aa,1156430500,32,m.saipujiaoyu.com/*
70594a22579d1d4c28c4be343864489c,1156421000,61,www.feibaojianshen.com/*
70b0854d42cc89b68a1d1b5d26b694a9,1156422800,18,m.saipujiaoyu.com/*
70bd9620cc49e8a4f7601880955413b6,1156430100,46,m.saipujianshen.com/*
70d4b14091708159206f44e5968ab224,1156430700,20,m.saipujiaoyu.com/*
70f155a92aa5bea36555019cf25e9cd2,1156360400,49,m.yazhouxingti.com/*
71094aff9406e3743064e3355482dc8f,1156520100,16,m.saipujianshen.com/*
710b1081be6636578d913b373341cfd9,1156431200,1,www.fearless-fitness.com/*
714ca00f2c0d170936b1afcda8a6120e,1156410100,45,m.saipujianshen.com/*
7173eb42f98d71b865af996130801965,1156511500,1,m.saipujianshen.com/*
7193c43aff15ebf3e71a8b12259d6735,1156410100,3,www.feibaojianshen.com/*
71b2025112a4febbabfaaa9393935adc,1156510100,44,m.saipujianshen.com/*
71cf7a73cdbc92d5eed9132b4810ee36,1156430600,36,m.saipujiaoyu.com/*
71d2d9540fc5db50fdf8d1833ce48d9d,1156511800,14,m.saipujianshen.com/*
71f02142c1feaa0864a837e321b22b61,1156510600,2,m.yazhouxingti.com/*
72440793041b644a71beec8dde139c43,1156350500,4,www.567go.com/*
7285b859fd57b93b7f3d38f65d5b3eb2,1156510100,28,m.saipujianshen.com/*
72991f88e2aa3e64f6f6bf9ccd040920,1156510100,1,m.saipujianshen.com/*
72e3782f1c452acadb3764307e57ecc5,1156610400,11,m.saipujianshen.com/*
7306526b35b028b0107ce1262c13fa7f,1156410100,2,www.567go.com/*
737cea3f9b388dbafe194e6a09e2155f,1156610700,14,m.saipujiaoyu.com/*
73d0aed6096a8a982488892a2ac57c26,1156610100,1,m.saipujianshen.com/*
73e899e2cd0722042231adeb5a947cff,1156511700,48,m.saipujiaoyu.com/*
73fe141776d13e1ea640786a8a4a574d,1156422800,6,m.yazhouxingti.com/*
73fe141776d13e1ea640786a8a4a574d,1156422800,9,m.saipujiaoyu.com/*
7404a647f4deaba367f34d56febd715c,1156513300,14,m.saipujianshen.com/*
743cb0fb9721ea2c42b61c1fe04e446d,1156410100,31,m.saipujiaoyu.com/*
7450247e2e3e7950a6f052396599831f,1156411600,1,m.saipujiaoyu.com/*
74c1a2768c522f87e6837f18457706d7,1156421000,72,m.yazhouxingti.com/*
753e2a3105bedb20a28edfa87bc50147,1156511100,29,m.saipujianshen.com/*
755bd6b0c5d25e82b742640c7e597da5,1156422800,13,m.saipujianshen.com/*
756f0d16162897242cbe61597cb7094d,1156510400,47,m.saipujianshen.com/*
76235a4e6a55d1452540dce9264f0d3a,1156610800,1,www.szgjjs.com/m/*
7623c3140604d18ebbfb03f847f0dbc1,1156420100,21,m.saipujiaoyu.com/*
7665c6e13e3ce8c0ecbddc682b3df1c9,1156511600,15,m.saipujianshen.com/*
7699ae37df35e2e75335e745d7634fbc,1156611000,6,m.saipujiaoyu.com/*
76fd2c61d40f7650e21643619dd99af0,1156512000,52,www.567go.com/*
7716311caff01c5198341480e4681419,1156610100,2,m.saipujianshen.com/*
776dcc247d613a0719f0f6627bbcbf42,1156610100,1,www.567go.com/*
779eed8fad5cbc90bd11504957c08c29,1156510500,17,m.saipujianshen.com/*
77f5024e5aefe874ccbae0a4ca818097,1156360900,17,m.saipujianshen.com/*
77fd93bfe7c8a4bb0bf34df363226c35,1156330400,18,m.saipujianshen.com/*
780bd38ce67b982d335051bb0163f00f,1156420200,73,m.yazhouxingti.com/*
7840279fcb4a7b0783c4d7d792ce6718,1156513400,5,m.saipujianshen.com/*
7863d60d6c4d91764f53b4209a99b3ae,1156522400,30,m.saipujiaoyu.com/*
788e907171c4326c08c95f7526cc47b7,1156610500,28,m.saipujiaoyu.com/*
78dedd5324826620b559e6eb0ed8ac1e,1156610600,5,m.yazhouxingti.com/*
7944634906fdf003b0d4e11434c777e3,1156510100,44,m.saipujianshen.com/*
7994bf8124f7f24e223722f74523bee6,1156420100,38,m.saipujiaoyu.com/*
79e7aa5de0b4089a4f9a1965d7076fa6,1156360800,53,m.yazhouxingti.com/*
79ebec7a02c7e6a346336d80f8eec697,1156610500,4,m.saipujianshen.com/*
7a05c81c52702d09da539a5362ca8796,1156420200,15,m.saipujianshen.com/*
7a355c3f274d407c0942e893ea08845f,1156420200,14,m.saipujiaoyu.com/*
7a6af18276593c74ac43e76e52a7106f,1156360400,27,m.saipujianshen.com/*
7aa3ffe5d4d8557a77e51f1682dd9a7b,1156610100,4,m.saipujianshen.com/*
7ab7a81809e7bff2a25b041d2e7a3051,1156610800,6,www.chuangtijianshen.com/*
7acf172ccdaef9f04f730b54f491f65e,1156610100,1,m.saipujianshen.com/*
7b4036c7d12f19aeb6c74e4cec735d08,1156360100,16,m.saipujianshen.com/*
7b4ff7f104320c3b0ccad5e9a50b7999,1156420800,64,m.saipujianshen.com/*
7ba13720d8bad33709f9f3af6c20b2cb,1156610100,28,www.chuangtijianshen.com/*
7ba467c95f52998454987984940a8bba,1156330200,31,m.saipujiaoyu.com/*
7bd3488fe4a6e0db557a38bb087b8925,1156360700,15,m.saipujianshen.com/*
7bed41d69f28c32e69d16eb49f4dd909,1156420100,19,m.saipujianshen.com/*
7caa30fde9e9ab0fff4c8d49e6e792c5,1156510100,20,m.saipujianshen.com/*
7cc7535c8d428f24f44f7f46661a51b4,1156610100,2,m.saipujiaoyu.com/*
7d283c907eeee9d47e9b2d20f72cc282,1156610100,1,m.saipujiaoyu.com/*
7d283c907eeee9d47e9b2d20f72cc282,1156610100,5,m.saipujianshen.com/*
7d6397e980cbec5cca6d95b15c661345,1156610100,19,m.saipujiaoyu.com/*
7d71cbbd894ad43f16908efb7ed4d05f,1156510700,21,m.saipujianshen.com/*
7db484443bcdf7ca6a476dcb5e31df74,1156420100,1,m.saipujianshen.com/*
7e51e9f45e73651142b721b6ebde8f39,1156511100,22,m.saipujianshen.com/*
7e63baf099fa29db212a256164cce102,1156620100,39,m.saipujianshen.com/*
7e7b01ca577d16198c7feb1003686234,1156520400,20,m.saipujiaoyu.com/*
7eee76dd123d629501a1453f455c732a,1156360900,25,m.saipujiaoyu.com/*
7f61cadb3d0f539f878425e5b1daece9,1156420800,18,m.yazhouxingti.com/*
7f8127486ffecf9438c35be8f9728377,1156620100,38,m.yazhouxingti.com/*
7f8b8c8f6630956dd3246f128bed51f1,1156510700,16,m.saipujianshen.com/*
7fa2b1d15af3be0c83c1515e6d64c3ac,1156610900,1,m.yazhouxingti.com/*
7fb59f7d3f4cd7fa157bd636ca5cf4ef,1156510100,8,m.yazhouxingti.com/*
803c500923768b02603ff163b904a2cf,1156510100,6,m.saipujiaoyu.com/*
80493742c255e432aa6a4f7b47f41834,1156421200,1,m.saipujianshen.com/*
8060bc653f6ae0175bd91bea3abf9af2,1156430500,1,m.saipujianshen.com/*
809459cf7423e4f3e8d25a180caea91a,1156520500,20,m.saipujiaoyu.com/*
80a450ca55890a38877877a5e5e3d88e,1156360200,28,m.saipujiaoyu.com/*
80e22be735ddedb79e525ee6975efc16,1156510700,4,m.saipujiaoyu.com/*
812ea26933f870b9de99f98680668279,1156510100,16,m.saipujianshen.com/*
8155aff42525b0fb24e9e397726e26a5,1156510700,27,m.saipujianshen.com/*
8168507ba101ea0e84030fb53ce0b8f7,1156511000,2,m.saipujianshen.com/*
824b234bc94266b925c601a697fd3256,1156611000,3,m.yazhouxingti.com/*
829d4b6f80ac5182253315713f28338c,1156420300,4,m.saipujiaoyu.com/*
82ad542e2edc63e71a62d363dcda9143,1156510700,17,m.saipujianshen.com/*
82ae0235f9fcafb821d21d5b0963fafd,1156511400,15,m.saipujianshen.com/*
83192f0bc1d8b98b6346e06e508d1332,1156360100,20,m.saipujiaoyu.com/*
83192f0bc1d8b98b6346e06e508d1332,1156360100,50,m.saipujianshen.com/*
8340a92e8f164b1cbdedbc1bfb52f542,1156421000,72,m.saipujiaoyu.com/*
836d78638eef0ee9829216550eb4725e,1156410100,21,m.saipujiaoyu.com/*
83c121607c9c098ba82e37ea8b55b66b,1156522200,18,m.saipujiaoyu.com/*
843440428a69e9035cf8c44afc0e21f8,1156610100,13,m.saipujiaoyu.com/*
843440428a69e9035cf8c44afc0e21f8,1156610100,3,m.saipujianshen.com/*
844200029b02a6b0ff110a89c1f342db,1156360700,1,m.yazhouxingti.com/*
84aa03093740273ddd8de455d9b28b3c,1156421000,6,m.saipujianshen.com/*
84b773068cb9ccab70f474d4dacd0c60,1156430100,20,m.saipujiaoyu.com/*
8536e9d610524c7e64631d00a61f30ac,1156420100,51,m.yazhouxingti.com/*
8536e9d610524c7e64631d00a61f30ac,1156420100,28,m.saipujiaoyu.com/*
8565a9ea4c3dbde09b5b1db5cbc5aedd,1156330300,25,m.saipujiaoyu.com/*
856c699f725a43b0b951c5b8164b781d,1156150800,27,m.saipujianshen.com/*
85adf7c2065d23eda2624ba780309655,1156610800,7,m.saipujiaoyu.com/*
86167493d1554d064890987e4ae62aec,1156420900,20,m.saipujianshen.com/*
86333ae84e7387fc9c679d7453c30a81,1156610500,1,m.saipujianshen.com/*
86e1769fd3c86388d6a6aac6029eea34,1156420100,29,m.saipujianshen.com/*
86e1f54513edd769306d528d8dbf448e,1156610100,14,m.saipujianshen.com/*
875f2f11c5dd0d7d83d9a0d330fbb3d2,1156610800,59,www.chuangtijianshen.com/*
875f2f11c5dd0d7d83d9a0d330fbb3d2,1156610800,1,www.567go.com/*
875f2f11c5dd0d7d83d9a0d330fbb3d2,1156610800,126,m.saipujianshen.com/*
875f2f11c5dd0d7d83d9a0d330fbb3d2,1156610800,2,www.feibaojianshen.com/*
87bd0b8610277bfd8ae0a3af5b8cd862,1156511700,14,www.chuangtijianshen.com/*
88537f87d60db39c0148fa8fd33880ef,1156360100,22,www.feibaojianshen.com/*
88b9091983f2ea19b6a9550bd00dac79,1156421400,9,m.saipujianshen.com/*
890ca48c89c57a164c5c85816ab46c4b,1156422800,4,m.saipujianshen.com/*
89d4ea4fd9cf31a75032ee741a2c9f77,1156431100,10,m.saipujiaoyu.com/*
8a199e6e9368744a9582f2ef23f71362,1156421200,3,m.saipujianshen.com/*
8a23a5b50a0295c18e0d3d60c1282d3e,1156511600,11,m.saipujiaoyu.com/*
8aef586379384ac1dc5add6eefef5325,1156360700,4,m.saipujiaoyu.com/*
8b1a7c226ccceb4c16d46e06bd947f5a,1156510100,25,m.saipujianshen.com/*
8b25a32b6c94235dccdba6398d15207d,1156610700,4,www.chuangtijianshen.com/*
8b61d1bde33dab2b4439d79f3d165fca,1156610600,10,m.saipujianshen.com/*
8b97cc80772bd978306c6d11d164a04a,1156510100,10,m.saipujianshen.com/*
8c2bb6e2366733abf3985371649828ce,1156610100,1,m.saipujiaoyu.com/*
8c53abf39426d3fd199c795aa4b95d75,1156360800,46,m.saipujianshen.com/*
8ca27de60881a148aab03c6f36293f3f,1156510700,2,m.yazhouxingti.com/*
8cb1101e6bd45022a4b4b4fc4e1edfb1,1156621000,2,m.saipujiaoyu.com/*
8e05947703bf50df61a3a07d60602f7d,1156361100,40,m.yazhouxingti.com/*
8ea3d51c057f4aa85a249c71acf02641,1156510400,18,m.saipujianshen.com/*
8ebd19edd0586f99d77ad809975ed950,1156510300,1,m.saipujiaoyu.com/*
8ee004e3df0ba60591cfad0f1b4b39e0,1156500000,25,m.saipujiaoyu.com/*
8f2d139a565dc44df0042eef570be541,1156420700,20,m.saipujiaoyu.com/*
8f2d139a565dc44df0042eef570be541,1156420700,39,m.saipujianshen.com/*
8f52cca12cf8d1a0c992362d79532ef5,1156610900,1,m.saipujianshen.com/*
8f73bd0e27dd40fc5197b86c2b0f7407,1156360700,25,m.saipujiaoyu.com/*
8fd33310fac3a8d4c31bb01daa138213,1156420100,12,m.saipujianshen.com/*
90451e4072681351bfcdfaea1c3b956a,1156522300,30,m.saipujiaoyu.com/*
905c02417d9ec894e6a69bc3a9dee22a,1156430600,9,m.saipujiaoyu.com/*
90bc57fa518ef860a1a3abef3a57fd2b,1156511000,25,m.saipujianshen.com/*
90be9ae5e8bfaf368aca95ba4919a712,1156511900,15,m.saipujianshen.com/*
90c6500bfb551e62a408821621b5294e,1156510300,27,m.saipujianshen.com/*
90f2e377d4f02af99f48ee90cc8c5b97,1156510500,16,m.yazhouxingti.com/*
9128c713cb926dcc4289f3e6989c7918,1156522200,7,m.saipujianshen.com/*
9190d0c4c611b34f2031ff83802ea130,1156510700,1,m.yazhouxingti.com/*
91e80bb9962fb66592e2c79151b40753,1156511500,25,m.saipujiaoyu.com/*
92188b5fa3975bcfe10be4964350b84b,1156610500,3,www.chuangtijianshen.com/*
928bc9f7cd262a0f5cdc7cbd323be8bb,1156360300,18,m.saipujianshen.com/*
929cbfb45e50059f7e121b0cfe80864f,1156610800,43,m.saipujianshen.com/*
92e8293382053019f9f63c9e16a75fe9,1156360400,40,m.saipujianshen.com/*
92e8d9109ac009597e60944eaa0e8f36,1156420300,44,m.saipujianshen.com/*
92f02adc84f5145a98b87be419f568d2,1156610300,1,m.saipujianshen.com/*
92f5370b63f8e59af85777b4ceed757e,1156610700,32,m.saipujiaoyu.com/*
930328e7a5388884ae9ac2b52b378cff,1156610600,38,m.saipujianshen.com/*
930ea93efa4e6d4d82661a071c7709d2,1156520100,17,m.saipujianshen.com/*
9311fe718f86f4d7e74a1184b58b9de7,1156611000,1,m.yazhouxingti.com/*
9311fe718f86f4d7e74a1184b58b9de7,1156611000,2,m.saipujiaoyu.com/*
93ab05eb50757cc44a28e3b6b81c31ab,1156110000,161,www.feibaojianshen.com/*
93b2964ec60aca1bedb7aaaa785c8052,1156421800,15,m.saipujianshen.com/*
940676a235a1784251816464625a41c3,1156430100,6,m.saipujiaoyu.com/*
9418141718525339c967c15468f34d07,1156361000,36,m.yazhouxingti.com/*
945e7a1c33e85a768ab310e913b6aba1,1156522200,13,m.saipujianshen.com/*
94cc1974f2f5231d71c5904015d2d1ce,1156410100,27,m.yazhouxingti.com/*
94d631f894831af4e7f59d4f4edf3989,1156360900,45,m.yazhouxingti.com/*
95018d262a39b020724e004026fb5a31,1156510300,16,m.saipujianshen.com/*
953877ae090a0ff6193d152820395822,1156361000,37,m.yazhouxingti.com/*
954b765d1c9e18dd27d45eb06940b429,1156430100,3,www.nvnd.net/*
954dc99112dc815c955c835bdb864ee4,1156610100,1,m.saipujianshen.com/*
956f97fd37a35be933bf6f94e5c77514,1156510100,16,m.yazhouxingti.com/*
9595765ce5dfb31a9d87ef631d4ac26d,1156420200,1,m.saipujianshen.com/*
95a4d42ae6ace7abd8caa511dd34cc95,1156430400,40,m.yazhouxingti.com/*
95c014af985d068860978d338b1e1a81,1156510100,18,m.saipujianshen.com/*
95f3ffcf18590c99b2aa7f6e7c18761e,1156510100,41,m.saipujianshen.com/*
960b3792ab5669cc1ad5c973a21027ab,1156522300,6,m.saipujiaoyu.com/*
9644741f205cdf5f21a17419f1445a51,1156360900,16,m.saipujianshen.com/*
9665e9311df4ba8d903343d00a431705,1156610100,4,m.yazhouxingti.com/*
9692236182b030aa3f82bd4c1c9db0d9,1156520300,46,m.saipujianshen.com/*
96e19867a471528e1743e4842f85278e,1156520200,1,m.saipujiaoyu.com/*
97163a5b01afc529fc449755bba524f6,1156610600,33,m.yazhouxingti.com/*
9756f60a8746a4a6154653b96038f4a0,1156360200,6,m.yazhouxingti.com/*
97611b6d24f7813e6a84a15c2645b93b,1156510100,49,m.saipujianshen.com/*
976d4f02ab378c11fdf2eabe794bb6dd,1156440500,4,m.saipujiaoyu.com/*
976ed5af8a7ba002c1e350b301cef429,1156360400,21,m.saipujiaoyu.com/*
98022d2c03508a47bb4a594f61b84420,1156360800,42,m.yazhouxingti.com/*
98022d2c03508a47bb4a594f61b84420,1156360800,41,m.saipujianshen.com/*
9808a8289dc6b084f400f40911f809e6,1156513400,16,m.saipujianshen.com/*
9845fc8e09a6d213df8b9abe0fb24d97,1156610100,2,m.saipujianshen.com/*
98468c001fabee74b2133f806cb71f2f,1156431000,21,m.saipujianshen.com/*
9853f8ae1db6cf8ef47861eb47061da2,1156510100,15,m.saipujianshen.com/*
988509ff08e1bbbb36d112ae6126939f,1156420100,1,m.saipujiaoyu.com/*
98b1fe82a7b7065ef38de6c3b42234f8,1156420100,1,m.saipujianshen.com/*
98bf6750f08e6ffae009c9c705eb19fe,1156510900,41,m.saipujianshen.com/*
9932d2314aba350ad79364f9c482e090,1156510300,26,m.saipujianshen.com/*
99433c1a4be1781168050860d0e11af1,1156522600,35,m.yazhouxingti.com/*
998972623b5ee6e3522658c540030ac9,1156350100,49,m.saipujianshen.com/*
99a6f0eb6a94bd095512a415081dac8d,1156410900,22,m.saipujiaoyu.com/*
99cf839df2b17d8c20a0e0533502c46b,1156610900,6,m.saipujiaoyu.com/*
99d95e44b9297d15be62c511b7b4e129,1156420300,25,m.saipujianshen.com/*
9a5830b5ff4e0725e0f0ec5ca3a3ad7a,1156421200,7,m.saipujianshen.com/*
9a6ec3fe580c48d10b8578b0841304f5,1156510700,25,m.saipujiaoyu.com/*
9af5c4a68698eb3ffaf1274e250be4c6,1156431200,39,m.saipujianshen.com/*
9b11642807dabce2b7acd0a4b68adfb7,1156360500,9,m.saipujianshen.com/*
9b2f6e72e30de3c3fcc03ca26f672b55,1156511700,36,m.saipujianshen.com/*
9b631a72fb134abce2805d7b71925561,1156370700,32,m.saipujianshen.com/*
9bc2c50de4346c28e288b193d786f162,1156410500,33,m.saipujianshen.com/*
9bc5ca2558117de354d3940bb859274a,1156610700,5,m.saipujianshen.com/*
9bddc384559116a8da5c45a75dcb6759,1156430100,1,m.saipujianshen.com/*
9c058420975bd697ed3b68d783132e23,1156360100,49,m.saipujianshen.com/*
9c1d8fc396ae40383a1d6dd61549b779,1156511400,45,m.saipujianshen.com/*
9c1ddbe8f9b7a153079a76b4143aec18,1156370700,33,m.saipujianshen.com/*
9c48ece2a0b2d6dce45ec026f5f77191,1156420100,29,m.saipujianshen.com/*
9c71fbe0790cbbd97d022b890ffb6edf,1156610100,41,m.yazhouxingti.com/*
9cd8fd415055ed93bc5e02f1a1fe84a7,1156411700,2,m.yazhouxingti.com/*
9cf603e519863fc556e7ede897559c61,1156320700,17,m.yazhouxingti.com/*
9d210b53946077a639ceda57b8d284b7,1156522700,1,www.nvnd.net/*
9d8cf03f5c4f1fe409939a9bd02f01cf,1156610600,3,m.saipujiaoyu.com/*
9dd0d25033b6cf8d82849753f4975b77,1156610900,1,m.saipujianshen.com/*
9e4a28edc68d6b59f140356f3f000bac,1156610600,18,www.chuangtijianshen.com/*
9e4f76c924f84e84b77cff9ce22bacb1,1156522700,6,m.saipujianshen.com/*
9e9050733b293b23a0d7bb9439c06b7e,1156360400,4,m.saipujiaoyu.com/*
9e9680dd52643641eed27da6b0a42e8f,1156510100,16,m.saipujianshen.com/*
9efe5290ef7a86712561002ea3cba919,1156360100,50,m.saipujianshen.com/*
9f2871a558a83e74b231a4762d1fb4b5,1156510100,42,m.saipujianshen.com/*
9f4e8a4daf2418102648e54b84ef19e3,1156360100,1,m.saipujianshen.com/*
9f5f75ead4bd180dc61976b43ee74343,1156510700,34,m.yazhouxingti.com/*
a00c6b82163a6a7663cc2949926c2992,1156610400,2,www.chuangtijianshen.com/*
a09676963643e180a2ea4f5f2292138c,1156520300,50,m.saipujianshen.com/*
a123ce02e75334ed602a217be77dffe5,1156510700,27,m.saipujiaoyu.com/*
a16e565a47b6c53c6279a1195a64147f,1156430500,16,m.saipujianshen.com/*
a173c3099b4125d1eafc130621cd68e3,1156620800,29,m.saipujianshen.com/*
a19454a547d2976194498253b334d3d2,1156330600,35,m.saipujiaoyu.com/*
a1a331e83b0f1333a09e2e7213979e34,1156430100,38,m.yazhouxingti.com/*
a1a331e83b0f1333a09e2e7213979e34,1156430100,3,www.feibaojianshen.com/*
a1a7132378cc468620a2f63857a29865,1156610400,1,m.saipujianshen.com/*
a1aaf4d4dfd605b0669595e8a7b89c27,1156510300,38,m.yazhouxingti.com/*
a1c3011b49a06b9955367bb1b3cc166e,1156361100,26,m.saipujiaoyu.com/*
a1f4c7f22b6c3c6783e3fad0543a3114,1156520300,7,m.saipujianshen.com/*
a222463c8cf789baf5cfd6917e2a3d77,1156360800,29,m.saipujianshen.com/*
a236cab6d0e7d762e930e0ded5fb69d2,1156510500,3,m.saipujiaoyu.com/*
a2540a59eec585052c7b4397cebc8981,1156420800,25,m.saipujianshen.com/*
a2578174a20a231456cdeeb3cd0d9989,1156411300,1,m.yazhouxingti.com/*
a29836c9fc8873bd0e31c062a9c70d1c,1156610900,3,m.saipujianshen.com/*
a2a03b6f7feb4f4eea6bcc559388485a,1156420100,4,m.saipujiaoyu.com/*
a2cf7053bf74284e3e0bb4bdb1e93e96,1156511300,1,m.saipujianshen.com/*
a360e2713bc68916a01c7d632528d99d,1156411700,42,m.saipujianshen.com/*
a405320a127720d8c105e951f986ea5d,1156510600,14,m.saipujianshen.com/*
a432cd77d243baf78446f4744b2b0d08,1156511100,1,m.saipujianshen.com/*
a44325a26e77b2ca85ccc80511800152,1156430300,16,m.saipujianshen.com/*
a4684533d556d351f054cc41ff9e8b99,1156610100,60,www.chuangtijianshen.com/*
a47ae5517a89202dc2cb5767eb2bcf41,1156610900,35,m.saipujiaoyu.com/*
a536839e257e00e5364b0af4f17898bf,1156410100,1,m.saipujiaoyu.com/*
a555d3d57a32f73ef37204489c3f121b,1156360100,28,m.saipujianshen.com/*
a58ad03e5501ab5c9e8b5060ef24d674,1156430700,7,m.saipujianshen.com/*
a5fe5b225afebd0ae14aeef5b61b8e5f,1156610400,1,m.saipujianshen.com/*
a68590a0c1f37533f210557582849318,1156310000,2,m.saipujianshen.com/*
a68712c7f3bd773d37d57e79ee75d068,1156421000,4,m.saipujianshen.com/*
a6b3673306a976a8fcb563753fa27093,1156610900,19,m.saipujiaoyu.com/*
a6c54dac73d2742fcc60debe72e377f3,1156610100,5,m.saipujiaoyu.com/*
a6dd50567698d561781590cfebf1f8b1,1156410500,42,m.saipujianshen.com/*
a70d2468d8914c21e763977c372d5179,1156411600,29,m.yazhouxingti.com/*
a718ef6b20f758a389a0a8f3090996b6,1156610100,5,m.saipujianshen.com/*
a73bb266da3391611dc809b8ca16d31b,1156520100,23,m.saipujiaoyu.com/*
a78e91048c227fb78d84bef0b5496e5b,1156610500,39,m.yazhouxingti.com/*
a7ad6b245b082d70260ea649ccf9e63f,1156420100,1,m.yazhouxingti.com/*
a7b163c4941deb6cb974dc9ddb1513c8,1156522400,14,m.saipujiaoyu.com/*
a7cd71093289e7801d962ac347b1c16a,1156510300,49,m.saipujianshen.com/*
a800f4ef12fa5a51a6a8f1463995dfa8,1156511900,11,m.saipujianshen.com/*
a82b77231fd4dae48a8fac2bfe6957f6,1156360800,34,m.saipujianshen.com/*
a915409ae6c7e2228512176a5fc48ad1,1156340600,9,m.saipujianshen.com/*
a93c6d789a58eaf5bcaabfd62f11b3fc,1156510700,13,m.saipujianshen.com/*
a964453e00c67935ec30076a7e57e27d,1156513400,39,m.saipujianshen.com/*
a9aa3b469362f865cd1ab9be1e9d7b7e,1156430100,42,m.yazhouxingti.com/*
a9e3f14bec58375a6aa727e2697d9472,1156431200,46,m.saipujianshen.com/*
aa33a5463b9d3bb2101d1d95455e320c,1156360400,72,m.yazhouxingti.com/*
aa436da126f24ed479a2d0f9a1b81912,1156500000,80,m.saipujianshen.com/*
aab705fbfb8fe36dfcf1d3dc35c4c149,1156411600,2,www.szgjjs.com/m/*
aae68963319bddcc69ccddf0b7ddb41a,1156610500,4,m.saipujianshen.com/*
ab7d2fc2fdc058013677397fdbdb5489,1156330400,11,m.saipujiaoyu.com/*
ab8e2e98f18769ca6b617da71051e3e5,1156500000,15,m.saipujiaoyu.com/*
ab9875156361135e4f05637fc693544c,1156520200,9,m.saipujiaoyu.com/*
ac00f5005b6df0bb01db663c6e0eb27b,1156511400,36,m.saipujiaoyu.com/*
ac43bfd08a3b9b4c264a419f1d4cbecf,1156421300,31,m.yazhouxingti.com/*
ac549229fe7cb31159f758eb7232808e,1156510100,22,m.saipujiaoyu.com/*
ac595bac4caac286bb8838710c05199e,1156511300,16,m.saipujianshen.com/*
ac80884156d9b63b056f0366055d4293,1156330200,7,www.chuangtijianshen.com/*
ac875f06902627f128377b70d87e2ead,1156510700,88,m.saipujianshen.com/*
ac9a710d8ae4343568a59ef80589389b,1156610900,2,m.saipujianshen.com/*
acd62235a1f812716e24db9ad1e873e7,1156511000,16,m.saipujianshen.com/*
acdcb3286ce8226ce5a07e75b81a9f5c,1156431000,46,m.saipujianshen.com/*
ad12c986f348a46af317446a962394a4,1156610400,43,m.saipujianshen.com/*
ad3548ccbd72fdebff4a50be68a45c4a,1156360400,24,m.saipujianshen.com/*
ad472d8755c41917a0f2c1d6c623705a,1156421800,31,m.saipujiaoyu.com/*
ad47783ebedc9d23d06572378b123800,1156510600,39,m.yazhouxingti.com/*
ad713f810154bd011c4747688a7166eb,1156430600,91,www.feibaojianshen.com/*
ade3ca672f3ace6f9bedecd7dc770c73,1156511500,1,m.saipujianshen.com/*
ae16dfa72d2f2f9e3d3c76bfe912c04f,1156430700,11,m.saipujianshen.com/*
ae344bc7cda5ec9a4dca3b612c16143b,1156421200,31,m.yazhouxingti.com/*
ae73924d17e6cb8d6d73aa6f466723cb,1156610100,1,m.saipujiaoyu.com/*
aed226f9b6351aae5c3523c3b14c4bf2,1156420100,16,m.yazhouxingti.com/*
af0c9fbe2f1aaf66b8ab29b9987abab2,1156610300,27,m.saipujiaoyu.com/*
af40acc793e9d379614405e12c5ae7ed,1156421100,8,m.yazhouxingti.com/*
af4187829ecf635510a144d1e4590646,1156520500,6,m.yazhouxingti.com/*
af9fc8f8563fa6a003a795ebba42b488,1156360400,30,m.saipujianshen.com/*
afd50344ab7196c855d14b99244ed023,1156511700,26,m.saipujianshen.com/*
b0280920e4a494e69b5672f5ecb55b05,1156513400,15,m.saipujianshen.com/*
b0ec7f15e1be75bcae3a3a08c739ef38,1156420900,10,m.saipujianshen.com/*
b12476091b9c610fb134d75f8df4b4d4,1156510100,23,m.saipujianshen.com/*
b161966725d469ab12b438a224f1c6d3,1156420100,1,m.saipujianshen.com/*
b18ac210b25f4d5600c310f661553ceb,1156430400,16,m.saipujianshen.com/*
b1e81310d87f0d994440e0a33340e3ca,1156430400,27,m.saipujiaoyu.com/*
b1f1c68370ef692fffe4d6a641d955a6,1156611000,5,m.saipujianshen.com/*
b217ad01f4abc2d27f01a542c99a5754,1156610800,12,m.saipujianshen.com/*
b279a4d5e1d37c8ffb6b8b6ec70c3efd,1156610100,26,m.saipujiaoyu.com/*
b28d067134b57d544d087c01d0b664f6,1156520300,89,m.saipujianshen.com/*
b2b1cf5f2ec7149ac93ae58382e77492,1156610100,4,www.szgjjs.com/m/*
b352cf141f6df5d586b00eb18f19ffce,1156522400,27,m.saipujiaoyu.com/*
b36761a0c8f82b5adbeb0ff6e349177e,1156360100,31,m.saipujianshen.com/*
b36a8508466831ee9145350b2e1e5e53,1156320500,25,m.saipujianshen.com/*
b38b60af115a40ec8c10dbfc1051725c,1156370600,13,m.saipujiaoyu.com/*
b48c2b3b52b4e9dfed9d97a951f995ee,1156610800,18,m.saipujianshen.com/*
b49ed363ac5f1bfe7fd8aad509573f74,1156610900,20,m.saipujianshen.com/*
b4ae15013601fdb57475d02f6818d2c9,1156420100,10,m.saipujiaoyu.com/*
b4c243c4bb96c571451d24aeb1130a00,1156610800,1,m.yazhouxingti.com/*
b4c927adf6eab6554def47efc178ae7c,1156510100,49,m.saipujianshen.com/*
b4e1186164797749c45a17abc6cd0d2c,1156500000,4,m.yazhouxingti.com/*
b52c80d876185a3fad70205c4f22e007,1156510100,5,m.yazhouxingti.com/*
b58562174073fa94a2c352ff61c9dfef,1156610400,24,m.saipujiaoyu.com/*
b5db2207ddc65c2d5706a4b53506a4ea,1156610100,1,m.saipujiaoyu.com/*
b6121313ab85124dc7b17255596fbd1f,1156510400,22,m.saipujianshen.com/*
b61d86ee0b74a6e02fa0378aed5afc8e,1156520300,34,m.saipujianshen.com/*
b64b1b35552cd1de80c79e3abb236878,1156513400,32,m.yazhouxingti.com/*
b6546f93728db2aebadaedc62c15450a,1156511400,15,m.saipujianshen.com/*
b6d2a5f18840314916fa001c8b0a8395,1156511600,1,www.fearless-fitness.com/*
b6d3b3067ec0d8f1532a3918705d9545,1156430100,1,m.saipujianshen.com/*
b6f4f49d048c14e10a8de352f320f245,1156360700,4,m.saipujianshen.com/*
b7157bbf503342f839ac1eae4a30be33,1156430400,37,m.saipujiaoyu.com/*
b719ab8a3ff79d18a6d9c5d931481379,1156610100,14,m.saipujiaoyu.com/*
b782c564d677af1dc0f98654173bab7d,1156422800,40,m.yazhouxingti.com/*
b7b3c4a0b1e28911e92ffab0d92a6d76,1156430300,5,m.saipujianshen.com/*
b804037edc2a64fadc7007f6cd51a8b9,1156610100,6,m.saipujianshen.com/*
b80755855b71d8583c5756123634ba01,1156520100,25,m.saipujiaoyu.com/*
b8094bcb72c80de6aaf4d9589e6a38e6,1156420100,3,m.yazhouxingti.com/*
b880b9b0ec72480b8bafa443e8ce36a4,1156510900,42,m.saipujianshen.com/*
b89f0d51c4972fef6de5a635904e0d95,1156430500,14,m.saipujianshen.com/*
b8f0107c1c171a80f8edcfd8b73972fd,1156511700,1,m.yazhouxingti.com/*
b8f0107c1c171a80f8edcfd8b73972fd,1156511700,34,m.saipujiaoyu.com/*
b8f0107c1c171a80f8edcfd8b73972fd,1156511700,46,m.saipujianshen.com/*
b91bbfb0b088bd41a2637061af2fe0e1,1156511600,19,m.saipujianshen.com/*
b9885a695853c2c787a66fb0d52558f0,1156610800,4,www.szgjjs.com/m/*
b9f94e44f4f440dc00e7f26e501132d6,1156650100,4,m.yazhouxingti.com/*
ba3c03055f9a6cc1e8015f0cb681b6af,1156330700,6,m.saipujianshen.com/*
ba6e2bdabf36ce8dfa909e9fcd838171,1156620100,45,www.chuangtijianshen.com/*
ba6e2bdabf36ce8dfa909e9fcd838171,1156620100,12,m.yazhouxingti.com/*
ba6e2bdabf36ce8dfa909e9fcd838171,1156620100,1,m.saipujiaoyu.com/*
ba6e2bdabf36ce8dfa909e9fcd838171,1156620100,28,m.saipujianshen.com/*
bab7346d60b335d67a5a92f38d67c2cb,1156520300,40,m.yazhouxingti.com/*
bb1123691fdbccfd3ccdbce652b6e1b7,1156511400,1,m.saipujianshen.com/*
bb34f4cc5dde3490cdfe7f7fff4e2e09,1156610400,12,m.saipujiaoyu.com/*
bb3e7a2e8982c0e6553ca5d3b326a1b6,1156320300,22,m.saipujiaoyu.com/*
bb8e0ca685ea11afebcc73cd169018cb,1156510100,4,m.saipujianshen.com/*
bbf663e3fb9cd56345d58e61b0089bd2,1156610100,5,www.chuangtijianshen.com/*
bc1aad7269c2d5f3abec768f6edc5f95,1156440300,40,m.saipujianshen.com/*
bc218c01c3357dbd5d3a8d9e614b7c0c,1156421800,23,m.saipujianshen.com/*
bc3313b8e46f3573e505c7ce1e1b0f31,1156420200,5,m.saipujianshen.com/*
bc60e15433cfe495faa6adaead6b9b67,1156360500,32,m.saipujiaoyu.com/*
bc7a38a9f17ef20e3e18d76c102b34e6,,7,m.saipujianshen.com/*
bc8c450883f9688710cae6cc67cb3097,1156420100,10,m.yazhouxingti.com/*
bc8ece6b5d0cb04322bcffeb4c2f73de,1156420100,21,m.yazhouxingti.com/*
bce667810d4127751121bc831888791c,1156611000,34,m.saipujianshen.com/*
bd141a083b83f6604c1b1e2c9fb8dce9,1156610100,91,m.saipujianshen.com/*
bd782be2a64ebbbb7174e3077604bc72,1156610500,5,m.saipujiaoyu.com/*
bd8d1d68e113d5dc91f7b34e07e23c85,1156360500,30,m.saipujianshen.com/*
bd99f832ff2ddc8b20fb3b1a38db27ec,1156421100,5,m.saipujiaoyu.com/*
bde78dc21549fbc9aed3546183dd90be,1156420100,8,m.saipujianshen.com/*
bdec38828734d8a87bb9ff41095e8329,1156420500,10,m.saipujiaoyu.com/*
be4b34bfdee3547afb0d6dd09d0d1c80,1156130400,25,m.hksca.com.cn/*
be69697df40b461a8a1c1512fd8bd17e,1156610100,1,m.saipujianshen.com/*
bed341bf1eb55e846365ce3184e14302,1156610700,3,m.saipujianshen.com/*
bf2787cdefa74478e41e3cb1e3e86a2b,1156610100,2,m.saipujiaoyu.com/*
bfa6199ac52f83411e74a361301b932c,1156421300,11,m.saipujianshen.com/*
bfdb4d8a1656d7560d1d543026e117de,1156522200,27,m.saipujiaoyu.com/*
bfdb4d8a1656d7560d1d543026e117de,1156522200,23,m.saipujianshen.com/*
c00f9c0db116877ca608b812de63cd1e,1156520100,9,m.saipujiaoyu.com/*
c023743f3541899ce73ac0c531027e20,1156420300,4,m.yazhouxingti.com/*
c028f6afe7f5f87deed4d31f20648cf9,1156420100,5,m.saipujianshen.com/*
c102bda412f389cca7781bd08bbd68fd,1156310000,35,m.yazhouxingti.com/*
c1532618e4306f5ff555d77b9ffb34e7,1156430500,7,m.yazhouxingti.com/*
c1537754cde992ef8882569e9f6b1235,1156360600,46,m.saipujianshen.com/*
c17972c1227025b9bad19183c99218c1,1156421000,20,m.saipujianshen.com/*
c1853f43839c57fe640ca29ea68a88bb,1156421000,29,m.saipujianshen.com/*
c284070c0174a6f93ef36fef21c4f43e,1156431400,1,m.yazhouxingti.com/*
c301cf0cfb9f9cfc805b19ed4d616746,1156510600,26,m.saipujiaoyu.com/*
c337242ef732a1718343a04b8b092f6b,1156360900,21,m.saipujianshen.com/*
c3584c8ce2001e27637b31ddf56f2289,1156360700,39,m.yazhouxingti.com/*
c36184b6ba3defdd3a726d029ea2779f,1156510100,35,m.saipujiaoyu.com/*
c375535724e0e48b5ca770ea44597a3c,1156510100,54,m.saipujianshen.com/*
c3ab7dbc4f8a3ee8bafea135ffe92357,1156420100,26,m.saipujianshen.com/*
c3d1dd186b8ed73cc7436dd8f512e946,1156430100,1,m.saipujianshen.com/*
c420260eabfc7c991d64b67c806fc60c,1156610500,28,m.saipujianshen.com/*
c454634961ed8834f3fa24248a0c4d24,1156610100,2,m.saipujiaoyu.com/*
c483b23cfed52af32ae6a984c98ee3d6,1156330600,8,m.saipujianshen.com/*
c4c5079a18b858e7f28dd01527a18ad0,1156421000,43,m.saipujianshen.com/*
c5728ade69899e1f97904216663f53a8,1156511500,20,m.saipujianshen.com/*
c5cd37008c4ba53ac6a638b51d3ff574,1156520300,27,m.saipujiaoyu.com/*
c5dd56fa69de4a1d62b31b341f8824b1,1156360100,40,m.yazhouxingti.com/*
c5e4f5d287c2801b02d8e76b768bbb62,1156510100,1,www.chuangtijianshen.com/*
c5ed461c62fcbc8bef9538aa02e242b0,1156431300,12,m.saipujianshen.com/*
c6504039cda985cab0f678f899a3a11a,1156610500,2,m.yazhouxingti.com/*
c655b90860d257f097e14317aea97540,1156610500,10,m.saipujianshen.com/*
c658d686e7be2f6a35470b81468ef822,1156433100,1,m.saipujianshen.com/*
c69b4c10fc496a4c0c985a1a3a77be35,1156360700,33,m.saipujianshen.com/*
c6bd200c4dc8cd33471e0d8c55aa7c16,1156610800,5,m.saipujianshen.com/*
c7f428455246312340b1e1a4b1cb3184,1156522700,6,m.saipujiaoyu.com/*
c8b138bb1c0194565a6c8c65697e880c,1156510100,39,m.yazhouxingti.com/*
c919749175cdbf9484cf74cb5583991c,1156610800,6,m.saipujianshen.com/*
c9420cd3e10ae13e0a1904afb0ae949b,1156610100,4,m.saipujianshen.com/*
c9b5cd719534fb044fe7656227e0e0eb,1156430300,5,m.saipujiaoyu.com/*
c9bf5adfdf3e1e6ab58901d68eddc44c,1156220100,76,m.saipujiaoyu.com/*
c9bf5adfdf3e1e6ab58901d68eddc44c,1156220100,31,m.saipujianshen.com/*
c9d55b4aa891ae8ef56db0e537d58410,1156610200,43,m.saipujianshen.com/*
ca283dcf1504f4b2148709c27be9c18e,1156620900,19,www.chuangtijianshen.com/*
ca79bcb82e76eacd0baf3974338bcc30,1156520300,12,m.saipujianshen.com/*
cab28d98e7737278d5d2a098adea4c1b,1156510100,23,m.saipujianshen.com/*
cb1daa5f67673a23393af22ccf319d0e,1156510500,5,m.yazhouxingti.com/*
cb296752d28c1807e66c0069136cee54,1156522400,10,m.saipujiaoyu.com/*
cb3695d93f5cb66e9dbaece08eef1660,1156510100,45,m.saipujianshen.com/*
cb664040169add7e9f79d4efb11e33fb,1156610500,5,m.saipujiaoyu.com/*
cb8cb06231475925ccf25599a89b704c,1156430400,28,m.saipujiaoyu.com/*
cb9631f1aa2e28661649d703b81f1623,1156421200,16,m.saipujianshen.com/*
cba86d1105d58bbfdb241d838a2d233e,1156421300,143,m.saipujianshen.com/*
cc4ac5645389b2c29935a32889e13eb6,1156511300,10,m.saipujianshen.com/*
cc7d7df0510a313019b4ceb9b53a2dd9,1156510300,29,m.saipujianshen.com/*
ccba39a3ffefce548334298f43ae8be9,1156520300,2,m.saipujiaoyu.com/*
cd324b6971507f6a893b97d392ce32e8,1156430100,58,m.yazhouxingti.com/*
cd7fcae7f8f04ac08b73b5b7a474f174,1156510100,27,m.saipujianshen.com/*
cd861a067f9ce0d4cf390c3d3e22aa6c,1156511400,15,m.saipujianshen.com/*
cd9fde89ea5aab10844d9e6cb551f425,1156360700,34,m.saipujiaoyu.com/*
cdbbba2a1b319ffa2f466bfe9dcef70c,1156510600,2,m.saipujianshen.com/*
ce04229578f72adcfb0a2a84ec0b830c,1156510700,28,m.saipujianshen.com/*
ce0d0717cbdd0195904972fd16687294,1156421300,15,m.saipujianshen.com/*
ce3ae9fe0973589136e9b5cc79d40be3,1156420900,36,m.saipujiaoyu.com/*
ce665c3690bd7e1aecf532c0ca7fde50,1156430100,22,m.saipujianshen.com/*
cea889111a73e4333ec9f5b916ad0761,1156510100,19,m.saipujianshen.com/*
cee49ac679b95fe658a239c5e916d667,1156431200,21,m.yazhouxingti.com/*
cf03f74f3ec20122b8ea0237cdb801a0,1156421600,53,m.yazhouxingti.com/*
cf630beb3f22c6a8afd9cdcd36faadd7,1156361100,47,m.yazhouxingti.com/*
cf741961f55f64c27388bdfae8b6f780,1156510800,1,m.saipujianshen.com/*
cf76d26b9fdac90296f1224ef5441bc9,1156360400,31,m.saipujiaoyu.com/*
cf9a0b930cab1f55cd94eb771712f126,1156511300,8,m.yazhouxingti.com/*
cfe1fb41593ad30b5169a478666d1cf7,1156620400,27,m.saipujianshen.com/*
d0665d1d78d946790e934c37b15d60dc,1156610100,1,m.saipujianshen.com/*
d0a21d1402eba29dbc413b9f35a4d98c,1156431400,11,m.saipujianshen.com/*
d0d572da2ae93bfa8198ee9a05b7d6fe,1156510600,16,m.saipujianshen.com/*
d164ad2da5042fbf2aa9e5ac3f0054aa,1156510100,6,m.saipujianshen.com/*
d249d5b7ca34c06cb189e538bba095ee,1156430400,22,m.saipujianshen.com/*
d280aea50b3c90bfae3d098be54eb517,1156422800,1,m.saipujianshen.com/*
d2d7f6608cca2ce244efe79fa61463be,1156610500,33,www.chuangtijianshen.com/*
d2e4978b11c586019f45e103e2a976e8,1156420100,3,m.saipujianshen.com/*
d2eb79d46bd21b370ca49d8d445f081e,1156421500,2,m.saipujianshen.com/*
d30ffc0132bfe706445eb2582757fc65,1156360400,22,m.saipujiaoyu.com/*
d3100ecc5b78e5d2945266b4b3e649f5,1156360600,7,m.yazhouxingti.com/*
d3203cf1c3c8a112899020b96b7d4739,1156610800,2,m.saipujianshen.com/*
d3552f2c2068687d7c5710ce2365c076,1156610900,2,www.feibaojianshen.com/*
d3b3e115776e7904194d70938a095059,1156510700,6,m.saipujianshen.com/*
d3d24a4ec88a3a99de20fb6a8b5c70d1,1156610300,10,m.saipujianshen.com/*
d5150f0a49236f59ff26b3c2046374fc,1156440100,47,m.saipujianshen.com/*
d538cdabcf0d4200a01e47ab59316e4b,1156360800,1,m.saipujianshen.com/*
d5bb4979eda1e09713f48fde21505c45,1156420100,20,m.saipujiaoyu.com/*
d5d3daf050657e4e39f3f5d3307ce038,1156430400,23,m.yazhouxingti.com/*
d5fb2293c7e47040a217d50d4271d29c,1156420100,9,m.saipujianshen.com/*
d602b4c93edaee90f1c9cc3d2e280c1c,1156420700,6,m.saipujianshen.com/*
d62c8b7abc1278a33d4986da4f17ff8e,1156510900,14,m.saipujiaoyu.com/*
d657183de50b6e33979d5e8fa839d079,1156621000,11,m.saipujianshen.com/*
d6dca9cc265bb7a41ceb029f8bfc55de,1156610100,20,m.saipujianshen.com/*
d6fd8331ef2a494bd8ce12ac2380dd53,1156430900,43,m.saipujianshen.com/*
d74436441e9960449669fec832965988,1156511500,1,m.saipujiaoyu.com/*
d7905afc0daa94fcda2c3b387cbbe910,1156520500,10,m.saipujianshen.com/*
d7c6c0a72d04f0762ae27607d6b99acc,1156421200,9,m.saipujiaoyu.com/*
d8c74212a09f1db97eea9971973d1686,1156610100,1,m.saipujiaoyu.com/*
d908471cabb7ff23637e9ad4a9b02a2c,1156420100,10,www.feibaojianshen.com/*
d916dd23c95bedbb86596a517d57f9c2,1156421000,63,www.chuangtijianshen.com/*
d916dd23c95bedbb86596a517d57f9c2,1156421000,11,m.saipujianshen.com/*
d93f70677286efc72e0445f0701f3100,1156360100,4,m.saipujianshen.com/*
d959e1d361247ac53ca36aaa30b7e985,1156522300,20,m.saipujiaoyu.com/*
d962a9b8ee584fd3d0d31cc450fabe97,1156610100,24,www.567go.com/*
d9ae06f626ee6b16ce69f1d0bd81c237,1156360400,25,m.saipujiaoyu.com/*
d9bcabab34c49e936c6980b95720231f,1156420100,4,m.saipujianshen.com/*
d9c3c03ecdd67e84ed198a713a398f1f,1156610700,6,m.saipujiaoyu.com/*
d9f1c0094cda942ecf89ba21fe84e86e,1156420100,10,m.saipujiaoyu.com/*
da2d9e70c167e4c332db77a02eecb529,1156360600,13,m.saipujianshen.com/*
da47544bf275ab1ac66b105ac3db076f,1156422800,1,m.saipujianshen.com/*
da4dfae4f89e322a257d306002aca08b,1156410100,30,m.saipujianshen.com/*
da50976c527bad0d0ff6d0e257781dc9,1156610100,9,m.saipujianshen.com/*
da8d432e7aabedf68cb4ac1b80dc5f39,1156513400,42,m.saipujianshen.com/*
da8e83838830ca441f77d4763f7e5ead,1156410800,1,m.saipujiaoyu.com/*
dab696f4f82d165edbf614c590af2ca3,1156511300,46,m.saipujianshen.com/*
dac94b248920784f87149ba487f75bd2,1156610100,43,m.saipujianshen.com/*
dafa03e7ea39e0cad351a692d2a539e2,1156431200,38,m.yazhouxingti.com/*
db1894c747b7f67356153623fbe6c993,1156422800,13,m.saipujiaoyu.com/*
db3352562ce82dd348e6319602cd6b15,1156610100,21,m.saipujianshen.com/*
db56af995e846440b7f5e9eb3cf179de,1156520400,11,m.yazhouxingti.com/*
db5852a6061e158ead1773b448c56a7e,1156421000,10,m.saipujianshen.com/*
db8e519031b546688e4b691c6409151e,1156410700,11,m.saipujianshen.com/*
dbfda87adda99746f4403182a78e3371,1156421100,1,www.chuangtijianshen.com/*
dc595c5f76114af9446196491435de2e,1156410300,43,m.saipujianshen.com/*
dc5b46104524d40455b9095fea98c9cf,1156433100,40,m.yazhouxingti.com/*
dc7da25e995284f2cd58b2496ba11de7,1156420100,1,m.saipujianshen.com/*
dc8420833f2664c94573cfad69baa298,1156611000,41,m.saipujianshen.com/*
dcf5f54079e9c1c63eff67763a68c44c,1156410100,36,m.yazhouxingti.com/*
dd286bcb83b2a303f4c2dae5fc4f8d51,1156520400,1,m.saipujianshen.com/*
dd75c1292068d9755d345c9c05d5f985,1156610800,1,m.saipujianshen.com/*
dd786a7b816e824df5920d100e0ff236,1156330700,682,m.yazhouxingti.com/*
dd786a7b816e824df5920d100e0ff236,1156330700,35,m.saipujiaoyu.com/*
dd786a7b816e824df5920d100e0ff236,1156330700,69,m.saipujianshen.com/*
dde345153b93b2d160ac5eba28ca28a6,1156430100,28,m.saipujiaoyu.com/*
ddeb7b7f887e5a91e5d0acf1142ecdb2,1156511400,8,m.saipujianshen.com/*
ddf03cd6aa7525ad34b574b2fe9bb610,1156430100,24,m.saipujiaoyu.com/*
de4dd83b3c7c4f4b352aebc2761ea68c,1156511400,39,m.saipujiaoyu.com/*
de70fc54535dbe33f0b3fc4913774e5d,1156511400,14,m.saipujianshen.com/*
df9818ed03c8bafeb5fe0a6c7ba135b8,1156410800,31,m.saipujianshen.com/*
e00753cff40c341562911c482950355d,1156610100,2,m.yazhouxingti.com/*
e05fe55b04672844b3ba39f262482193,1156610100,1,www.szgjjs.com/m/*
e0633ebfb4f6d9cdc6da72c2592d75b4,1156610200,12,m.saipujiaoyu.com/*
e06cd4e79d7ef6b5fa96cd59b06cd4f0,1156511900,21,m.saipujiaoyu.com/*
e0a89b32a44c7ace8f39d6ee403d93c4,1156520100,28,m.saipujiaoyu.com/*
e0d84a00a7c0b4e0646e8a21d5cdc066,1156610100,1,m.saipujiaoyu.com/*
e1337dd50d6d4ba3e0c508bb2abffb5d,1156360800,14,m.saipujianshen.com/*
e15fd0573233a00ea0ff56e0d5be37f5,1156130700,2,m.saipujiaoyu.com/*
e1b58cd087dc9daa36c97303c932ba41,1156421500,2,m.saipujianshen.com/*
e29b5b3bcfe66b399c78ae849fea5978,1156611000,10,m.saipujianshen.com/*
e2dfe4eb646d44215d7bde90cd77b9a4,1156421800,21,m.yazhouxingti.com/*
e2dfe4eb646d44215d7bde90cd77b9a4,1156421800,61,m.saipujianshen.com/*
e34f2dbf7cb36b871ce2fff54aafeec0,1156620900,47,m.saipujianshen.com/*
e391e6a63b0e258c43c0626682b722ce,1156421800,37,m.saipujianshen.com/*
e39d01b4667410271cec9553fd81f1b4,1156511400,35,m.saipujianshen.com/*
e3c7516fcda5e38eb9c100d725241a48,1156430900,9,m.saipujianshen.com/*
e3e352a3c975dbcc778471d3d4f328e0,1156511500,43,m.saipujianshen.com/*
e40cc1757195d019d3978cc3c401e47f,1156610100,1,m.saipujianshen.com/*
e419a14d20e65c3a27234423d396c571,1156360400,29,m.saipujiaoyu.com/*
e41c6ef7ccf70a1f47f8f6de8f96692f,1156522200,25,m.saipujiaoyu.com/*
e4b15b5fced17ee7cdf699350eafb8cc,1156360800,18,m.saipujiaoyu.com/*
e5feab1ada18d21a3c0e786181d4426a,1156420100,11,m.saipujianshen.com/*
e68be338fafc35c43b013920e8323253,1156610800,1,m.yazhouxingti.com/*
e703016bff7ed43bf0dab6ac763367f2,1156360100,16,m.saipujianshen.com/*
e7115d4ebe6c4b5f691f128782294b51,1156610100,5,m.saipujianshen.com/*
e74d5585b425a89c4bed06625accfa17,1156610800,1,m.saipujianshen.com/*
e75642744ebc3639b1c4291f900fff95,1156360700,39,m.yazhouxingti.com/*
e75f650a6c28a1b1216bf3feaf404df1,1156510100,13,m.saipujianshen.com/*
e777ac7c2e50742fdcfe4cadddeb6bdf,1156513400,16,m.saipujiaoyu.com/*
e805afedfeb6b086a607c147edde1aa7,1156440100,7,m.saipujianshen.com/*
e80f98ca92c16c7da023d5fe0cfd961f,1156420300,3,m.saipujianshen.com/*
e882aaffbd5dd698c8dceaa9437c923a,1156410300,50,m.saipujianshen.com/*
e887232e9d9ee7a8e9f94485552ddf61,1156610100,4,m.yazhouxingti.com/*
e887232e9d9ee7a8e9f94485552ddf61,1156610100,30,m.saipujianshen.com/*
e8a042ce6f1b6a8742b73d4573054ab8,1156510100,40,m.yazhouxingti.com/*
e8c0c167375634c31a04333ea7045884,1156360500,39,m.yazhouxingti.com/*
e8d03dfee0c43d774900a1ae16b9ae66,1156420100,23,m.saipujianshen.com/*
e8e07760382f7c50f22ed64bcf70e18d,1156410400,7,m.saipujianshen.com/*
e8ea19a5507c7e4db0dc4857403f2662,1156522400,6,m.saipujiaoyu.com/*
e8ecd4afaed4262b067e0393d3e9a76b,1156421800,6,m.saipujianshen.com/*
e93cf283df8e7231d4b7bcf285f5a415,1156350100,38,m.saipujianshen.com/*
e940720df59e57eea755bc5c0039276b,1156513300,18,m.saipujiaoyu.com/*
e9643167a8ff6cb26a257ace846fce64,1156420500,43,m.saipujianshen.com/*
e9b77e91147644a3f82ca232b60cb960,1156510300,5,m.yazhouxingti.com/*
e9b77e91147644a3f82ca232b60cb960,1156510300,45,m.saipujianshen.com/*
e9bccf74f6c1af8c9bdb34f27cb98c10,1156420200,1,m.saipujiaoyu.com/*
e9bccf74f6c1af8c9bdb34f27cb98c10,1156420200,2,m.saipujianshen.com/*
e9c8f4af671c937856d122b09c5ebe27,1156510300,1,m.saipujiaoyu.com/*
e9e1a72e2f69f360dc03c29c95a13054,1156511100,1,m.saipujianshen.com/*
e9f7dd4b9244145e25f09956129b7de4,1156511300,53,m.yazhouxingti.com/*
ea2fbba1aabc2717f27a26671384e3b9,1156360300,50,m.saipujianshen.com/*
ea91d24712e0f979d31609464a152a51,1156520300,1,m.saipujiaoyu.com/*
ea9b15ea0327a78343f72a52016dd861,1156511400,27,m.saipujianshen.com/*
eac726b58071cc5feb49a1238b6963fc,1156610600,2,m.saipujiaoyu.com/*
eacc582f9dd4cc7a86f95cf7f34ebc62,1156520300,5,m.saipujiaoyu.com/*
eb2ca0a42b0b0060c4336bfff2424057,1156510100,1,www.567go.com/*
eb2d587cea7d06c33b6d92e9c807778a,1156410300,28,m.saipujiaoyu.com/*
eb2d587cea7d06c33b6d92e9c807778a,1156410300,4,www.szgjjs.com/m/*
eb40e4cd06b0b16853f0516c13927911,1156530900,40,www.chuangtijianshen.com/*
eb40e4cd06b0b16853f0516c13927911,1156530900,51,m.yazhouxingti.com/*
eb990107b86cd325c4716cddd4858c85,1156421200,30,m.saipujiaoyu.com/*
ebc6b81cc2db42987fb5b69ed90e4547,1156610400,32,m.saipujiaoyu.com/*
ebc9cca5fce6ec526937458962008d60,1156610400,1,m.hksca.com.cn/*
ec3e2f28a4830200e6110cd1ffcf7379,1156610100,1,m.saipujiaoyu.com/*
ed1875e2a885ea7de7cdbcb2b1c42a6c,1156610100,29,m.saipujiaoyu.com/*
ee2d4be986fb475f67dee69890893261,1156421800,14,m.saipujianshen.com/*
eec8781406e3a506e6791a26738e5cbb,1156420100,8,m.saipujianshen.com/*
eecda906274ed38305bf7f021522fccc,1156511500,41,m.saipujianshen.com/*
ef6a6bddd31ef169f795a444db5bd508,1156611000,54,www.chuangtijianshen.com/*
ef7f73ff9492f3bdc3f9db7eb960921e,1156320100,6,m.saipujiaoyu.com/*
ef8aedc9dde5c08747423fa6c2109a64,1156520400,9,m.saipujianshen.com/*
efa6ba0c48dd653787be4ad3de694e2e,1156610500,14,m.saipujiaoyu.com/*
efc450b95d6018dbed37ab714bf0a9a3,1156422800,25,m.saipujianshen.com/*
efc8cf256d0eb51f90e8343d0f1bd1d5,1156360800,18,m.saipujianshen.com/*
efd563a9a6cc764c34e6d5781282c339,1156360900,47,m.saipujianshen.com/*
f02f18c8e5fbc785370d5bc202d9671f,1156510500,5,m.yazhouxingti.com/*
f03ba66236aa40a039ed5933ef90813b,1156510500,1,m.saipujianshen.com/*
f058045fa62c8eef8df020267891b3f5,1156360100,20,m.saipujianshen.com/*
f0892dd1ebd0baec559a6cf7f1750100,1156511400,1,m.saipujianshen.com/*
f08a44bbe2492dd01d93b1e5007ff7a1,1156610100,11,m.saipujianshen.com/*
f0a6f4fa5c485266d0148c90dda9efb1,1156510100,44,m.saipujianshen.com/*
f0c949a4ab0d4d49b6a79b3fef8caae5,1156620800,6,m.yazhouxingti.com/*
f0da6fdf018cc057572bdbd0e4e663ad,1156420300,16,m.saipujiaoyu.com/*
f139470f61239fdd27a93afb4c0bd048,1156421400,1,m.saipujianshen.com/*
f18c950245db1b3f5099f573e2ee0a74,1156420300,49,m.saipujianshen.com/*
f18e791344d88442b20d4274a71f5413,1156511100,41,m.yazhouxingti.com/*
f18fe6ab8ffbd131d0a79b73c3f9f25e,1156620500,1,m.saipujianshen.com/*
f1b30dd1d081f55980d95ca587488b01,1156360100,16,m.saipujianshen.com/*
f1dfd734e494e7a64aa6863ce24d85f9,1156421800,3,m.saipujiaoyu.com/*
f2463bed3bf531fa979b78ea1c6527fc,1156421300,13,m.yazhouxingti.com/*
f255c769f47641ec3e1625daec879ed4,1156360500,50,m.saipujianshen.com/*
f2bfe84187b96bd9f8dae6af5b1d52cb,1156411700,7,m.saipujianshen.com/*
f2d97fc323d334e5876cdfe812d1421c,1156420200,4,m.saipujianshen.com/*
f33de25099ae9efdced2ec3c5420b476,1156610100,6,m.yazhouxingti.com/*
f33de25099ae9efdced2ec3c5420b476,1156610100,26,m.saipujianshen.com/*
f3cd544a587e595327476e2355795de0,1156510500,13,m.saipujianshen.com/*
f3d6cfd5d99665afbce0d84ea1bc6d8d,1156430500,45,m.saipujianshen.com/*
f4b3e7154f4b20a869bfc4011ec3a7c9,1156511400,25,m.yazhouxingti.com/*
f4df516747599db5cd7b6bebed9c404e,1156510900,36,m.yazhouxingti.com/*
f4df516747599db5cd7b6bebed9c404e,1156510900,34,m.saipujiaoyu.com/*
f4df516747599db5cd7b6bebed9c404e,1156510900,17,m.saipujianshen.com/*
f535beca4a6d85043b8f9fc789c45bfe,1156610500,2,www.szgjjs.com/m/*
f53aa5631d90a169902290a387516da8,1156433100,60,www.feibaojianshen.com/*
f563506261603be3018f3a18063d3cf8,1156610100,2,m.yazhouxingti.com/*
f59d47b2758d20512504f3de22a696ec,1156420200,28,m.saipujianshen.com/*
f5aa9f1b6658edb5b1e0bd8fc7733bbe,1156361100,50,m.saipujianshen.com/*
f5b3ede5d1149b69a47b211851221857,1156610800,8,m.saipujianshen.com/*
f64b67248866634ec918ad2b19b1c36e,1156421700,1,m.saipujianshen.com/*
f68a58624555254427dff1b7c3d39fb6,1156533100,86,m.saipujiaoyu.com/*
f69ec86433cbc7fccb5c2d77478660b8,1156610100,1,www.szgjjs.com/m/*
f70b512ef389c13a66d569b90fcbb32a,1156411700,22,m.saipujianshen.com/*
f75143fa2f705d795da5d947bb22f96a,1156430400,21,m.saipujianshen.com/*
f7836fedc2511a718b51432bffde49a9,1156421800,71,m.saipujiaoyu.com/*
f784a3747340061d92404162e2bfb4a0,1156330400,39,m.saipujianshen.com/*
f7854ee637b0a98636af21df337e4df5,1156610100,2,m.saipujianshen.com/*
f7fc8a535e9ce13ab89937c8d7a24cd6,1156510100,12,m.saipujianshen.com/*
f7fcb0fa4b642844addceb38d8ce2833,1156410800,3,m.yazhouxingti.com/*
f84b263129f9dd40afff41e85fa96f2b,1156511800,12,m.yazhouxingti.com/*
f884b00610795a0dbc6fbcfce8d1c131,1156431100,8,m.saipujianshen.com/*
f8902328b19a9a41a8e6f82094fbbdba,1156510600,42,m.saipujianshen.com/*
f8b9740afbe5e097f5998aee4ee9d345,1156430900,54,m.saipujianshen.com/*
f8ecc11cf2b01fdbbcaf2b52c78b2009,1156610500,16,m.saipujianshen.com/*
f96f2d0a448a5329a8e34fc771e2ee9c,1156610100,8,m.hksca.com.cn/*
f9884d69fd46fcb11dd6217f44058581,1156520300,45,m.saipujianshen.com/*
fa01cbd2f7ddff399403adf1b4ca7e55,1156511500,9,m.saipujianshen.com/*
fa488d7af2f3636a5b709bd410ac10b9,1156371000,19,m.saipujianshen.com/*
fa71fe430e49e3b5c56774e07256d047,1156430800,39,m.saipujianshen.com/*
fabb27cbace7ac8a18583b343ea1c15e,1156420100,3,m.saipujianshen.com/*
fb3edba7f99b79e113afd37fa2211ba8,1156510500,2,m.yazhouxingti.com/*
fb920b0fbb8c819f76e488826004510d,1156310000,5,m.saipujianshen.com/*
fba07661c306517f8cff94bafbe3d2b6,1156430300,15,m.saipujianshen.com/*
fc08a4239886256c1fca615a30f1fd1e,1156610100,1,m.saipujianshen.com/*
fc38f3d64305818ef19f9381dc345ba6,1156420500,14,m.saipujianshen.com/*
fcaaca10a5d842f91a67f8de87ab40a1,1156611000,6,m.saipujianshen.com/*
fceef0e7062d427da4e8d5e8195aee9b,1156360400,86,m.yazhouxingti.com/*
fd3a1a836b1125a9fef0e9d4f1c1c0d6,1156610500,4,www.chuangtijianshen.com/*
fd8720e50e0f4617a9f386f9a65edd97,1156360700,48,m.saipujianshen.com/*
fda1690e014b7d5fa8b354886c8d0069,1156361000,50,m.saipujianshen.com/*
fdb7b80cf5d8959c702ee979074222d3,1156431200,34,m.yazhouxingti.com/*
fdfa33842bcbb9296ab84bf940fb2670,1156430300,38,m.yazhouxingti.com/*
fdfc93445f88da1041624cf0262421f8,1156530500,4,m.yazhouxingti.com/*
fe31e58f3cc7e4b7fccc71a5285cb24a,1156520300,30,m.yazhouxingti.com/*
fe4d62b450501b1ca89d0c99cdf7a689,1156610100,10,m.yazhouxingti.com/*
feb156e61da46e3cb1e0818e1f3f0fef,1156360700,34,m.yazhouxingti.com/*
fec351ca9f888705b61c42ce4ab62aef,1156510100,35,m.saipujianshen.com/*
ff368e7d4b328a237ea737becc6d9242,1156430700,36,m.yazhouxingti.com/*
ff44130aa0f6e21e1f7a443bf5df3606,1156510100,43,m.saipujiaoyu.com/*
ff85158837a1d5374f193636ff69821e,1156511000,31,m.saipujiaoyu.com/*
