00536002f35e57272ea8ba47bb96eba4,1156510700,24,www.yd119.cn/m/
005e5758bd5e7cffa44e9a89c46be7e8,1156220100,4,bj.hpwxb.com/xf-MB*
008456a16545bebc5a505b7da0a276de,1156220100,2,www.youluwx.com/*
015c82af69c13efcd8d203b66df1fc59,1156371000,1,www.youluwx.com/*
01ad91b1fa98428fd92cce477e8cb4c9,1156130600,1,www.youluwx.com/*
02abfd19ae31111d2fb76083748e28fe,1156511700,1,yl.szfilmcenter.com/*
0343910d17c2f41c8b7d03883bfc27d1,1156370200,27,www.yd119.cn/m/
0351cf1a30cc5c8da22a713737d4ea96,1156370200,52,www.feiyue119.com/*
03bdc9b3c2526bde8b817d098f141094,1156130500,1,www.feiyue119.com/*
0472323fc01442250360e343782d2823,1156131000,26,yidongm.zzbredu.com/*
049063a993b333f10b4aee7d99994885,1156410100,50,www.feiyue119.com/*
04aea165cb0e326b114dd977235fa3c2,1156370100,1,www.youluwx.com/*
04eaa4694109359cc9f904828ce26960,1156510100,29,yidongm.zzbredu.com/*
052de49b2de4a41d263223ddadbb8a07,1156370900,3,bj.hpwxb.com/xf-MB*
053319de0e80780d48ea2796913d556a,1156130500,56,www.niceloo.com/tg/xf*
056c79ff18f7ccf7a17c221c2bc9a2d6,1156320100,15,www.yd119.cn/m/
0579dc65716d2a5f721377ee3f1016ea,1156370200,15,www.feiyue119.com/*
059263f4238d656719966a433e81b760,1156320500,30,yidongm.zzbredu.com/*
060c024e2142cff185544140f4d3a96a,1156130200,1,www.youluwx.com/*
063e67cdc5109cd8306b84bb9843d070,1156130100,5,www.youluwx.com/*
063f2b73c4107b5665f32a8fc2d2253b,1156130600,45,www.feiyue119.com/*
069b229feb23776207e1c9e059ed5e23,1156510100,4,www.youluwx.com/*
06b7630bca76a981083a64358b83bacd,1156410200,7,www.youluwx.com/*
06caa82b035b59b35f255b94ee383b22,1156331000,6,www.youluwx.com/*
06e705d809a7cbd24a2769dff7673694,1156410100,1,www.yaomiedu.com/wap.html*
074ae829862dac3d5b849b686ae5e644,1156511300,3,www.youluwx.com/*
079d539bc816061d138a332ba1c6dd01,1156130500,2,www.yaomiedu.com/wap.html*
09166ddcd63350f284a161b31d32d9bc,1156220400,2,www.yaomiedu.com/wap.html*
0942e176bfab37a10a04272146a70ff3,1156310000,2,www.youluwx.com/*
096840848aebae9c5725b816f49b0665,1156510300,5,www.youluwx.com/*
099df3547a1cd3c9df29aadf8657eec6,1156130100,1,www.yd119.cn/m/
09d7aebd9bbdbc8beafe49db95a001cf,1156510100,5,bj.hpwxb.com/xf-MB*
09da0391b61e5e046acd10ea9fcd8bc8,1156370700,1,www.youluwx.com/*
0a7e447ae15cbe2ea52bf5998080e1ba,1156371600,22,www.yd119.cn/m/
0ace9aba58afab939a226333794ad4d7,1156370600,1,yl.szfilmcenter.com/*
0b8383c90e1a2df55b39c11ffd7f46cf,1156511500,8,cqiedu.com/xl/xf*
0bb00853ef58146168eae221cf3ecb1a,1156320200,1,www.yaomiedu.com/wap.html*
0c524b8c58bdb295493e07ecb41867ed,1156130100,45,www.qddfxfpx.com/*
0c659c470fad3a713fc44ed442f90bdd,1156370200,2,cqiedu.com/xl/xf*
0cf930d7b1ba6d8dd27fd6c4dafe802a,1156410300,19,www.yd119.cn/m/
0d332dabfd85ce9622e8fc48ad293885,1156370500,21,www.yd119.cn/m/
0d3baf447b27e7bdb9cc4a1b69dcc6ac,1156510100,24,www.yd119.cn/m/
0d49ba63a4bd40520d26c75565113fe9,1156620100,12,bj.hpwxb.com/xf-MB*
0d4a5cec6feed8589b80e501f3a63137,1156310000,6,www.youluwx.com/*
0d7a2944f59dc6190a69b9c8a5715a16,1156130200,76,www.niceloo.com/tg/xf*
0db3302d8bc8fe592ac35877438591d0,1156321000,3,www.youluwx.com/*
0ddb50fb4fe5956d182dbd68be4fb15d,1156220100,23,www.yd119.cn/m/
0e038c57bf684c4d45bdd54d79dace20,1156410600,1,www.youluwx.com/*
0e3412ce1dd2a8f20f219027b145ed9f,1156510600,2,cqiedu.com/xl/xf*
0e77dbf14612b2dda9fb48f1f615b389,1156510100,4,www.youluwx.com/*
0f30342013dce754f93ff92f7dc7f936,1156222400,5,www.youluwx.com/*
0f653d10e42547c8b80c2b6702d51eda,1156371300,2,kuangjia555.zzbredu.com/*
0f9545a115acc91f279556615e57b960,1156370300,3,www.kaojia119.com/m/*
10c197924138aec720f83a20eecc324b,1156130300,23,www.yd119.cn/m/
10d934062a420a6bb189d993ba0fa7a0,1156371700,1,cqiedu.com/xl/xf*
10e8ae5b114dbfd85556984e5ae66a8e,1156371600,4,www.youluwx.com/*
11f665f6c20bade65c74c890d73b7db8,1156511700,5,www.youluwx.com/*
1242ef32a179382e7bec93c0aabfa012,1156510600,24,www.yd119.cn/m/
132e1d662794d142badce4f8b44abdbe,1156371400,1,www.niceloo.com/yixiao/*
135b28e0ee547018121a11c565a93a8d,1156411000,31,www.jhwx.cn/zt/m_xfgc/*
13fdd543bb1d508898051cdff85e4483,1156310000,44,www.feiyue119.com/*
14ef9d1efbc1e0782b697d9eb315c8ac,1156130700,4,wap.bangkaojiaoyu.com/bjtg/xf/*
1511dcbefb49810ef76e2ba1786341da,1156130100,2,www.niceloo.com/yixiao/*
1584a73f9317d508788794353cb29e64,1156130200,23,www.yd119.cn/m/
158632043c992a725d0b21edd9dfacf0,1156330700,107,www.feiyue119.com/*
1592d014f10791d902b0e45f91367d34,1156510100,3,www.youluwx.com/*
15b0bfc32cb5e89b669b5f009c4a66f6,1156320300,1,www.youluwx.com/*
163f5e03832c3b297c143dfabd637f93,1156510900,26,www.jhwx.cn/zt/m_xfgc/*
1652ef8ef95a5a9fdfdc4cfcc5e84502,1156411400,1,yl.szfilmcenter.com/*
17318b5080d5e67a1892649d9d313f98,1156330400,7,www.kaojia119.com/m/*
17ef451171c66d582352c77374ebec2b,1156430100,5,cqiedu.com/xl/xf*
190e9b4de102b777021f5b0fd9bb2a23,1156511100,1,wap.bangkaojiaoyu.com/xf*
192937240a507b951eab9439f789efef,1156370800,3,cqiedu.com/xl/xf*
1934e3b82bb3c83068dc83b2ad80a08c,1156371100,2,www.youluwx.com/*
19377c6660ff057913f88633a062dd05,1156510800,6,cqiedu.com/xl/xf*
1a1653f1e6c2f1101a751de82df040b8,1156130600,1,kuangjia555.zzbredu.com/*
1a975f0dc89752587977df21a5e85e75,1156310000,24,www.feiyue119.com/*
1aea3d8a5bafb4e6c943f05a0f00b1f6,1156513200,1,www.yaomiedu.com/wap.html*
1b073035e9044ed0bbda1b311ad459e0,1156130800,13,wap.bangkaojiaoyu.com/bjtg/xf/*
1b07b4bbaf650283daaeb1236093a5a3,1156370600,1,www.youluwx.com/*
1b2dc7a04a251ee153664ca0a4ea8230,1156370800,1,kuangjia555.zzbredu.com/*
1b58243db18b839559fb9b339709fb01,1156130100,4,www.qddfxfpx.com/*
1bbf19d0230ea1ef99dc6ffb2511a946,1156130200,44,jy08.yanganzixun.com/xfpc/*
1c2941a65c106626e16b432539c47615,1156370400,5,wap.bangkaojiaoyu.com/bjtg/xf/*
1cce99cc236963785d44b460da04c620,1156371300,4,www.youluwx.com/*
1cfe3e7d3d5f74dc06a20847c78f296a,1156130100,3,www.yaomiedu.com/wap.html*
1dd761d3670e2d3c763b4fc6df7343bf,1156361000,5,www.youluwx.com/*
1de504ff2af71902006772b0486a0170,1156370200,17,www.youluwx.com/*
1e2b647116dd6050676c8ea659a5a9b5,1156130200,40,jy08.yanganzixun.com/xfpc/*
1e6df2e024d17d8046a1a2b0d7c28289,1156130800,27,yidongm.zzbredu.com/*
1e7b6bb3a155f60dd0531be383e37ee0,1156511300,14,www.youluwx.com/*
1e910969b62c5169f20a2e2f04d1181d,1156340200,5,bj.hpwxb.com/xf-MB*
1f1483da12161fcdf7732c20499d0fcb,1156510500,29,www.jhwx.cn/zt/m_xfgc/*
1f2575658e958d3fbd86279fbd44cec5,1156510100,10,www.youluwx.com/*
1f7562b223d5e634965bdc697baae8fb,1156310000,1,www.youluwx.com/*
1f7c0358388d975bbead252d59623ac0,1156510700,26,www.yd119.cn/m/
1f9839f25bd087d3866c6caad1a99a2d,1156320900,1,www.yaomiedu.com/wap.html*
1fd69b8f23dfd0adee523d4e9ebc6532,1156370600,11,www.youluwx.com/*
1fde88ea344955bd4a504feacc495043,1156371400,4,www.youluwx.com/*
204e762c54b2c1f95c4f29e965385d2f,1156310000,1,www.feiyue119.com/*
207601b4d31c785b9219d43ecf27e12d,1156511900,4,www.youluwx.com/*
208b0d35da992e9923b1c245c99575ca,1156320300,21,bj.hpwxb.com/xf-MB*
20a1129d142947061908d8c1449b8281,1156511100,1,cqiedu.com/xl/xf*
210298e690bdc05e3f23860c99a78b41,1156220100,45,www.feiyue119.com/*
211ae2d3c01954ff9d9f5b17f30bb294,1156511100,25,www.jhwx.cn/zt/m_xfgc/*
21b4c5cb2537e72edc455e9bb5999f31,1156410400,2,www.youluwx.com/*
2226a1452a78769c735977207e450bff,1156340100,7,www.youluwx.com/*
22ab16a7e9d40c0b9b6399a7b543f5d9,1156370100,1,www.feiyue119.com/*
239a5a4d10050a7e78dea1f94c65b4d7,1156130200,1,www.youluwx.com/*
24341129263bc2fdfbcb518911f6ef80,1156510100,1,www.feiyue119.com/*
2460374d5aa3d381285f95db51a65344,1156371700,2,cqiedu.com/xl/xf*
24ff560da132e4cd149c6d33545ea30f,1156130400,27,www.jhwx.cn/zt/m_xfgc/*
25015371dbef5d6418238bdaf629e108,1156130100,1,www.youluwx.com/*
25278ebaea0383d430846a1184883e4c,1156610700,54,www.jhwx.cn/zt/m_xfgc/*
2559532bc1aab35080d376fe166d4f61,1156510700,2,yl.szfilmcenter.com/*
261d2954a66649073b093731c5dc8a57,1156510100,2,www.youluwx.com/*
2626d0455785e58db61b28de4898c3ec,1156512000,6,wap.bangkaojiaoyu.com/bjtg/xf/*
26e8d6ff86d842bef2edd5662f0cef49,1156330200,5,bj.hpwxb.com/xf-MB*
26f7824693308b61507cd683f050eeca,1156310000,23,www.yd119.cn/m/
272fe54f31c512f8586b4f5a1d20df6f,1156410300,50,www.feiyue119.com/*
27c21448b4eb725a132c0fa795f08d7f,1156511000,33,jy08.yanganzixun.com/xfpc/*
27cd71ae74b4d29886073ea3f25b8137,1156370700,5,bj.hpwxb.com/xf-MB*
27de813a3243ff04670f45573f69c9b4,1156370100,8,www.youluwx.com/*
283f692f639d0e7d2d8abdad83bc1ec1,1156510100,1,www.niceloo.com/yixiao/*
28449a179e59f518dc09c463a5ae364d,1156130100,3,wap.bangkaojiaoyu.com/xf*
28d2686bebf4c9559197213180b40ccf,1156130100,24,yidongm.zzbredu.com/*
294c670f83d787615f2d1f4dfa047969,1156220100,54,www.feiyue119.com/*
2a2edafa89dc89c0e675bbef0a22eeb2,1156370400,13,www.feiyue119.com/*
2a6febedcd46cd0b78afbdde58dafa29,1156411500,10,bj.hpwxb.com/xf-MB*
2a7d5ecb5404a238f1d23b6cbda97c89,1156513200,6,cqiedu.com/xl/xf*
2adbbfe825dd152a380a6a2e40afe4b6,1156371500,4,www.youluwx.com/*
2bebba367fd238c7fe7d470ee0a01dae,1156310000,1,www.niceloo.com/yixiao/*
2c58bc43e8a2771021cf42a9005c6016,1156410300,1,www.yaomiedu.com/wap.html*
2d36c1ac040367cfb2cad21c405d530a,1156320600,1,www.youluwx.com/*
2d47d25c2c09aae8c7b2c8daefb74b45,1156510100,1,www.niceloo.com/yixiao/*
2d8b1d1c0f877f980fef2284eaa71b92,1156371600,6,cqiedu.com/xl/xf*
2dcacde00376cd5fc4b99d857642207f,1156510100,48,www.feiyue119.com/*
2e15b56f574ae88e39da816fc96e5f3b,1156510100,22,www.youluwx.com/*
2e1d32204b4dd550382783cef07f68a5,1156460100,12,www.youluwx.com/*
2e26189840f86fecbfd4b5e73b5f1bf1,1156370500,17,www.yd119.cn/m/
2e73b08d5c16e8a4d37fab70032826bd,1156130200,3,www.yd119.cn/m/
2e9251bab903f1dcf280080132cc151d,1156510100,5,cqiedu.com/xl/xf*
2eaf768c4be39e61ea2b1bdc05704c63,1156220700,5,www.youluwx.com/*
2f5ae220068f7321757fb4619b1acc03,1156371300,1,www.niceloo.com/yixiao/*
2fc29e2c38e23bbf6730bd867785f475,1156411400,2,www.youluwx.com/*
307436ddf3ca7901fb0a0035fccd8245,1156510100,4,bj.hpwxb.com/xf-MB*
30e25382ceb82e96bfb3f5236304e597,1156511600,6,cqiedu.com/xl/xf*
311b00631ec2c5ba1b8f12aee6334ae3,1156320600,37,www.feiyue119.com/*
31cf4950a67a58bde934e08ffbbc096a,1156320100,1,wap.bangkaojiaoyu.com/xf*
320b0ea2adf366ace3e112618052b81f,1156130100,34,www.feiyue119.com/*
323081a5e6d1b5e513a3a117631fa208,1156500000,4,www.yd119.cn/m/
32ee500471375aeca49da657a39e3121,1156130900,49,www.feiyue119.com/*
332244991f2605a55e51af8780654dca,1156370100,115,www.qddfxfpx.com/*
336f7093aa78d75a45e7d1d7d2120fa3,1156220500,2,yl.szfilmcenter.com/*
337be510d9361588ecfa060439705f4b,1156130800,29,yidongm.zzbredu.com/*
33bf8efb3d8b189ccbe99b0ccdc16c82,1156130100,4,www.kaojia119.com/m/*
33cdc87faf2394bec89aa1ee91d7bf6b,1156131000,1,www.youluwx.com/*
340908e59cb8d3bcb28cdb210b392cbe,1156130400,25,www.yd119.cn/m/
34881234d57fdefed793878e0e151225,1156370400,1,www.youluwx.com/*
349bc3f803bdd2e6b4f29f56a0c5cb47,1156130300,15,www.feiyue119.com/*
34a88755c5bbefe60c1aa5c331ef8342,1156510100,1,www.feiyue119.com/*
34c95a5d2e6c1d4536e5dbb94eb2cf7d,1156370100,2,bj.hpwxb.com/xf-MB*
34f450c7b574466b001f7794aba131be,1156130100,25,www.jhwx.cn/zt/m_xfgc/*
358111d01e1a028df857627f0c21ee30,1156130500,1,www.yd119.cn/m/
35a7dcf4ebdbb6abee58abe94c7a99ba,1156131000,27,yidongm.zzbredu.com/*
366fc525d5c2eb741d47125ae29263f4,1156513200,53,www.feiyue119.com/*
3712dc101a39edf38247e01acaf8929f,1156510900,6,www.youluwx.com/*
373fc838f7e7691c00cce49aeb5a4ea1,1156320900,1,wap.bangkaojiaoyu.com/xf*
38877357dadb0856798770e6211a2f75,1156510100,28,www.yd119.cn/m/
38d961d2dd645d30299bf7920b258eab,1156220500,2,www.jhwx.cn/zt/m_xfgc/*
38f6d11c5ad39492e3222ea5f639bb17,1156130100,42,jy08.yanganzixun.com/xfpc/*
39067b65604af09ab46c5b23e4237c12,1156130200,21,wap.bangkaojiaoyu.com/xf*
39a54c8ee2636533235fa8b59ea9ad8e,1156370900,12,cqiedu.com/xl/xf*
3a5bce1593a40a7113f9fce1237271aa,1156130700,5,bj.hpwxb.com/xf-MB*
3a7be8ff7f6dfbfea2fdbbd56318ca34,1156410100,22,www.jhwx.cn/zt/m_xfgc/*
3a892021075c6f8cd4743693b3035edf,1156510100,6,cqiedu.com/xl/xf*
3ab82bf76425d78c8e2cbbdfea8c5e1c,1156130200,16,www.youluwx.com/*
3af2b28d3e3129535e5d1cf88c65d41d,1156220700,54,www.feiyue119.com/*
3b10a4f585d100d77941d1d44c638fc5,1156371500,2,www.feiyue119.com/*
3c383a74b0de02cfe267730fd34a407a,1156320300,55,www.feiyue119.com/*
3c86a75b6fd50a127740877a83a5860b,1156511400,3,www.youluwx.com/*
3d5b26abebdd2f002361b58dad1d1d2e,1156371500,1,www.youluwx.com/*
3d8da5b1c9a4d8e31c1c7172fff54fbc,1156511300,5,bj.hpwxb.com/xf-MB*
3d9e68241cfd090a9b540cad1f4426b4,1156511700,19,www.youluwx.com/*
3da12f10dd4b760d30b06cb3b661f0ef,1156130100,1,www.yaomiedu.com/wap.html*
3dca9c319e6c5f9a442f148ed90c0314,1156310000,2,yl.szfilmcenter.com/*
3f26ef68ff92a759e8aedb3679235d9a,1156370200,3,www.feiyue119.com/*
3f99bfd589bdc8ad0585c9f1d6b247a1,1156130300,6,www.youluwx.com/*
405a09333b7aa614f71a971f988fb6d5,1156511300,1,www.youluwx.com/*
40ba8e075f74f34e7e81ea75dc1008a0,1156371700,103,www.feiyue119.com/*
419ef462ca1a17673870479f2bae9563,1156220200,3,www.niceloo.com/yixiao/*
41ab4b3cee7e78580d343649dfcf11c0,1156510100,53,www.feiyue119.com/*
4209a92b8cd217e839af061d095abad9,1156370100,27,www.youluwx.com/*
4278e2ef77d3123d4cba9e1a549d49ff,1156130900,53,www.niceloo.com/tg/xf*
43646fa54adb57064229fd4003ff3d1f,1156130200,2,www.niceloo.com/yixiao/*
438d3232b56752d78fc9b9578c3d0ec7,1156371600,3,www.yd119.cn/m/
4477bd3910a9f21a47b050b0cb05ac3d,1156130600,5,www.youluwx.com/*
452615a53f8685ed52c68295507ad842,1156510100,1,www.youluwx.com/*
4541bd856cf04385ed3777f91f654401,1156430500,6,www.youluwx.com/*
46396971bcd1ace7d696adbf39105f34,1156320300,2,www.youluwx.com/*
467f142c976a9349deb349bd503cc34f,1156371300,32,cqiedu.com/xl/xf*
4735621d08c5e7e0d0e11b3746162b8e,1156511400,4,www.youluwx.com/*
473c8ab3b22307909ea4b5fb9663b2b5,1156131000,23,www.yd119.cn/m/
47673848b9a22ce5d9259f3566662778,1156130200,19,www.yd119.cn/m/
47b914b69336a8553b850e857a7442a8,1156370400,4,cqiedu.com/xl/xf*
482f1facd1d300261880e84e5edc9c0e,1156370100,1,www.youluwx.com/*
482f7a5225ecd05fb4abb874c7b2b135,1156513400,8,kuangjia555.zzbredu.com/*
4861108ad49e5dc9db897833bff7732c,1156130200,47,jy08.yanganzixun.com/xfpc/*
493344f0b12a852f6f190d99960a9da5,1156130100,1,www.youluwx.com/*
4986c1de5b960ed6f79784c7effb2449,1156410100,1,www.youluwx.com/*
49d27cd78554eb9c9e31e6e29dab8a4b,1156411700,8,bj.hpwxb.com/xf-MB*
4a18eca8793457a68bac37c30921275e,1156511900,1,www.yaomiedu.com/wap.html*
4a8cc3e90d0810597c7af8224324ae64,1156622900,45,www.yd119.cn/m/
4c1a50d864770e583a62a42dcd1256f7,1156370600,1,www.youluwx.com/*
4c99869773418f632498a42b4eca5c91,1156511300,3,www.youluwx.com/*
4d29e89a83a646d1ec61d3c0f11b60fc,1156371400,6,yidongm.zzbredu.com/*
4d40ff2da735617641c2e50dd10f5328,1156510600,23,www.yd119.cn/m/
4d5a14fc5b3b0ac4bda57aba54a05fb3,1156130100,6,www.niceloo.com/tg/xf*
4df657b88f42c776384af9ea94fb5774,1156411600,41,www.feiyue119.com/*
4e3572c13ca815d0e9d1c17a4654e78e,1156130600,63,www.youluwx.com/*
4e414a9bf289fbcace94e3f677d6b706,1156371700,10,bj.hpwxb.com/xf-MB*
4e8e18a740e36ebc452688eddb1a78de,1156370600,6,www.niceloo.com/yixiao/*
4ed90044a84f3e8f34dc45102c81b3c8,1156510900,2,yl.szfilmcenter.com/*
4f2a7ddb66ec55228fdfc1de9fd5d8f8,1156371300,12,www.yd119.cn/m/
4fbdb2b941c7ae2773d0ef7bce73a761,1156320100,1,www.yaomiedu.com/wap.html*
4fe2dd667aa35f02ed88222207b59061,1156130100,1,www.yaomiedu.com/wap.html*
500b615e10b2206dac4246108e8c988d,1156130200,2,www.jhwx.cn/zt/m_xfgc/*
505ed1ec5be22366616ddd72f72b49fc,1156131100,25,www.jhwx.cn/zt/m_xfgc/*
50a54283929089d8c47e2844f8ef2e98,1156510100,12,bj.hpwxb.com/xf-MB*
50eac7ee0e7166dd88ab233fdf33764d,1156130500,37,www.feiyue119.com/*
51553c720510c2e7373110316073b348,1156511300,2,www.youluwx.com/*
51c6d9442110ef2e0281b25287a530ac,1156130300,2,www.feiyue119.com/*
525cb9eee4c19f32fa5607608e95d3f0,1156320200,24,www.yd119.cn/m/
529a212e4b85efbb76938427270101a8,1156130800,2,bj.hpwxb.com/xf-MB*
52e982b4e1bda023c57fe1d423efa832,1156370100,14,www.youluwx.com/*
5307427c575e34e945854e3a9b0e6c0f,1156510100,1,yl.szfilmcenter.com/*
536a5d857cfcc2addd7caf2ba4b90e67,1156411400,20,www.youluwx.com/*
539002838635f546b2282342d8173a14,1156320200,49,www.feiyue119.com/*
53a89bfb332e573e29e4f9ea72fcee2a,1156371400,6,www.youluwx.com/*
546b04507d4a189a972747862c73bbca,1156370300,13,www.qddfxfpx.com/*
558ad824c3e97dd64d4cce4d9f631a48,1156510700,6,cqiedu.com/xl/xf*
55b4c15a4f258574a7c276bcb65ec441,1156370700,1,cqiedu.com/xl/xf*
5649f1e4bacb84b1f995eddd8ba60820,1156370400,51,www.feiyue119.com/*
565b2b97175cdd6e2034fe8f8dd2e835,1156371600,1,www.feiyue119.com/*
567efd50d74889cf2b64676a2cea3789,1156220100,1,www.yd119.cn/m/
56c5ea42280d2361dcbe12650be62985,1156410200,25,www.yd119.cn/m/
56d9ce5aafa3eaf83781e4ac58bf17b4,1156130100,4,www.niceloo.com/yixiao/*
57e5edd4bc4dda1745b4de65d15f2ffc,1156371400,1,www.niceloo.com/yixiao/*
582c2791c265729a14d31bf052d110bd,1156310000,1,www.feiyue119.com/*
583ed849893e54d16acdbc9694d8d37a,1156320100,1,www.yaomiedu.com/wap.html*
58acd9df6ff083219b3069e38e3a50ea,1156370700,1,www.niceloo.com/yixiao/*
5922f7a727a48e485c03c5f41189b961,1156370200,1,www.feiyue119.com/*
5927b6bde8bf4181df8da2730ce48786,1156371600,1,cqiedu.com/xl/xf*
5967fe399522217a75ff74e3cd6c2eaf,1156370100,5,www.youluwx.com/*
59ec779e749121d3ff07056cac62000c,1156370100,1,www.niceloo.com/yixiao/*
5a55075490e8fbcf3e5f3792166994fa,1156321200,1,wap.bangkaojiaoyu.com/bjtg/xf/*
5bce875b4612674a190904eb82463c12,1156411400,50,www.feiyue119.com/*
5c02580b8546e1d87817964965016713,1156130100,1,www.yd119.cn/m/
5c58ffbef0f6f48e9ed1b7c249c2771c,1156510600,5,bj.hpwxb.com/xf-MB*
5cdc371d790aa21cbbe4809c120be571,1156511700,24,www.yd119.cn/m/
5cf8d0e52841936116d69ffe646f6482,1156130100,24,yidongm.zzbredu.com/*
5e0114fbeb2cfa57907c8d16ff500911,1156220200,5,www.youluwx.com/*
5e3c49dec5f83b805310b9d2f7a51c6c,1156320100,8,www.youluwx.com/*
5e4087ebe64cc8e201c3b10e93cda7f9,1156130500,98,www.qddfxfpx.com/*
5e63c2b03a20bd661ae2d429e1c51468,1156370100,2,cqiedu.com/xl/xf*
5e97c042de7d34f1ae888739038446b2,1156130600,1,www.youluwx.com/*
5ea99a2e2edf1bfe67a8a7afd8a3e2cf,1156411700,53,www.youluwx.com/*
5f100f1ecb5bea1571fc096f50ed6a42,1156410300,7,www.youluwx.com/*
5f13d1a8770004b86b9b7425d321ad30,1156310000,3,www.youluwx.com/*
5fd8a995ef71107e96155fc14c248fa2,1156130700,67,www.qddfxfpx.com/*
60572cba5c8f4a64053ef757ffacabe8,1156131000,17,www.youluwx.com/*
60e2be0f96d026c19c6376f85b4eb922,1156220100,49,www.feiyue119.com/*
60e79fecaa144031c56634b39c21c525,1156371100,3,www.youluwx.com/*
61a5ccb0f6d2aabe4ba4660bcc49f522,1156411200,46,www.feiyue119.com/*
61b4f1264ac4fb31f69f9b8caaf753af,1156370700,2,cqiedu.com/xl/xf*
62656681551581e7075e4fa60eebf616,1156371600,1,www.youluwx.com/*
63a53339bff46c02d71cd95cd6cf5efe,1156371500,9,www.youluwx.com/*
63e6b2bfe0ecf7d0db18f696fb10d6d3,1156320100,2,www.youluwx.com/*
643b12ae7c6e176ee011bcbdf66fa09e,1156220200,8,bj.hpwxb.com/xf-MB*
645dd57cc50b92b498e5511c9fb502c0,1156371600,25,www.yd119.cn/m/
64986e1c312e6d50f493a204f955831c,1156130200,27,www.jhwx.cn/zt/m_xfgc/*
64f5aedde6f2b68f7cb673c8f5b80d73,1156410800,1,www.youluwx.com/*
650741115702c1c5b95e9d96f6ff840e,1156370600,56,www.qddfxfpx.com/*
6557e707d0da8a4a93e34cf72e9c6428,1156370200,1,cqiedu.com/xl/xf*
65801d77155bc73c9696e6b4083afa84,1156130100,40,www.feiyue119.com/*
65ceee4ca427f92c48956329ebc4fb95,1156370200,6,www.youluwx.com/*
65f952fa348ebc6313081908ca3bd289,1156370700,52,www.qddfxfpx.com/*
665816c9b159b2dfa440062e4facc465,1156411500,4,www.youluwx.com/*
67113af20daa315a1cf6884764b2e6bb,1156220100,1,wap.bangkaojiaoyu.com/xf*
67b68780d91655ece3d0a59ef655cbd3,1156220200,4,www.yd119.cn/m/
67f496d25390758c94a02b9b24549ae9,1156130200,1,www.youluwx.com/*
6804eb6695105d6334a094165ae2aa98,1156410100,5,bj.hpwxb.com/xf-MB*
6831122a98c7530a739e3a0bd7b2b862,1156130100,45,www.feiyue119.com/*
68bd72f763150483aa555285925f8889,1156130100,14,www.youluwx.com/*
68cb33763bc3dcea5eb6a8afda4b024c,1156410100,1,www.feiyue119.com/*
69bec6bf409d5ed6308f8400772e0333,1156511700,5,bj.hpwxb.com/xf-MB*
69c7bb9b82bb934602994c0f859fe0c6,1156110000,3,www.qddfxfpx.com/*
6a034044034b06b53134c6bbc00ccf4e,1156411600,4,bj.hpwxb.com/xf-MB*
6a169abd4231b880122e65eb5b75e4eb,1156510400,24,www.yd119.cn/m/
6a5c0654e37d27488d04091fcfe79073,1156371300,2,cqiedu.com/xl/xf*
6acae5315b9ff8b2b51646014f070b5a,1156370600,1,www.qddfxfpx.com/*
6b1a64af4e72a4850e1926e197e39bcb,1156371100,1,www.kaojia119.com/m/*
6b5958f82b43892c7d9bf8b6c7f48c8a,1156411000,51,www.feiyue119.com/*
6c51c1cf2bacfbb5138b8a04e5841238,1156150800,8,cqiedu.com/xl/xf*
6c9967a0c6b311d361af99460bde14ff,1156130200,1,www.yd119.cn/m/
6d575c2ca6342b97e90d1f12dee70c84,1156371000,5,www.kaojia119.com/m/*
6da6be04bf7be3caa8093b4663ed57c9,1156310000,6,yidongm.zzbredu.com/*
6de06b9f7018f85fc4a77f05bf84cfb1,1156510900,33,www.jhwx.cn/zt/m_xfgc/*
6de856a5a733a1a230c4c7bb9323007d,1156510900,12,www.yd119.cn/m/
6e09592c99cb4df462296e4898d9af43,1156131000,20,jy08.yanganzixun.com/xfpc/*
6e83f145fecd85488137eb775772cfc3,1156340800,99,www.feiyue119.com/*
6e85875ed814922b5ce593b9f6392d14,1156510100,6,cqiedu.com/xl/xf*
6e863ae9d73776d4086445ec52543180,1156370300,7,cqiedu.com/xl/xf*
6e9ab7102ae7c1034391e04c48b010d1,1156370900,5,yl.szfilmcenter.com/*
6f0807c36a1dc4d7ac062897d654f77f,1156230100,1,www.youluwx.com/*
6fbde6a99191acddaae478a12b664b87,1156510100,9,www.youluwx.com/*
6ff06ebda54f3db3bdae350f45628e91,1156513400,24,www.yd119.cn/m/
702fa48e4494165a1496559f22e4b02f,1156511100,57,www.feiyue119.com/*
70f906b2985d727f50d7fac9ed06cea5,1156510100,8,www.youluwx.com/*
713f693141d1785d30cd1924e35f97c6,1156371600,1,wap.bangkaojiaoyu.com/xf*
71688b1c01fb8557a906e9b29cae9107,1156370900,6,www.youluwx.com/*
719a37d6fe1db9cab27f44fec893d0a7,1156341600,1,www.youluwx.com/*
719e71aaad1cb7e30066e48464743b56,1156511300,1,www.youluwx.com/*
71a82832ad312b36199077d3063c11c8,1156340200,4,www.youluwx.com/*
7229bbd56a1945ac20c617ac2670e20c,1156511400,1,yl.szfilmcenter.com/*
724a83aa3222e1d68e03863eb85cffa3,1156510100,24,www.youluwx.com/*
72aa96f1f048c6ae3f5e97f0fb7e2a72,1156131000,1,www.youluwx.com/*
72c0d22289540c9dbfb634ea3a73fc81,1156370600,68,www.youluwx.com/*
72f0124a8a5fc6758ef7868c17d428db,1156131100,1,www.niceloo.com/yixiao/*
73387d97263365a14f739a3e52899a63,1156510100,1,www.youluwx.com/*
742ce7a0f07a0b924185f5dfbc9f55de,1156320100,58,www.qddfxfpx.com/*
744f952d4a6a5e9acc3bdd58ded6be7c,1156410100,6,www.youluwx.com/*
7452c78de85eb0a440766e2f12450563,1156510100,76,www.feiyue119.com/*
74625cc2296f8eacdcdedfd58df4a566,1156220200,18,bj.hpwxb.com/xf-MB*
74884aa1a8e057d38060c2eead5b8771,1156370700,6,cqiedu.com/xl/xf*
74aa9302a219d6ae9102ef881f9aa58c,1156310000,6,www.youluwx.com/*
74f6691f70a85b3ae2564381b7d0c6fd,1156130600,37,www.niceloo.com/yixiao/*
750e7860662fbf1a6669f3d9709c7a25,1156130300,4,bj.hpwxb.com/xf-MB*
754d057e3d4fc71628a62cca37d3791b,1156130600,3,www.feiyue119.com/*
756e2d5489804429173f2f688f61a0ac,1156511300,33,yidongm.zzbredu.com/*
75dea44faeca5906a08763e02d042a42,1156220100,50,www.feiyue119.com/*
76aab95c62ea042ae27da44088c1070b,1156130400,4,www.qddfxfpx.com/*
772e16cb2a5450452a15c2687f9586e7,1156511800,11,www.niceloo.com/yixiao/*
7787f8b189e16401c3d367b3562a1e4d,1156510700,2,www.niceloo.com/yixiao/*
77d6c5a84350c2eee4c29415fdf22ae3,1156411700,76,www.feiyue119.com/*
781320826fca4105b443e55bf9c9335e,1156130100,1,www.jhwx.cn/zt/m_xfgc/*
78219e2e9ff176201c9fafe212a7578b,1156130500,1,www.yd119.cn/m/
7822e8f84bb925adb7b615f987ab90b6,1156510300,26,www.jhwx.cn/zt/m_xfgc/*
78b89f69d54f9cfe1bbc458c1b4a78aa,1156371100,1,cqiedu.com/xl/xf*
79aa76d95cc7c5a2fa112707de8fead3,1156510600,5,www.youluwx.com/*
79d61d86dd5514fc56542a09a01e99b2,1156371400,1,kuangjia555.zzbredu.com/*
7a1132d0e86d7d33b81479fb588cc18f,1156542300,1,www.youluwx.com/*
7ad59346559e460ed725aec5fa7b03b6,1156131000,1,www.youluwx.com/*
7b4776408534c28cc9c2ce09de522d62,1156130600,23,www.yd119.cn/m/
7bff781c815a5178fd526ec77af4fe52,1156371100,1,www.feiyue119.com/*
7c054e166bb2b42193ec288aa1e53ffe,1156410100,6,cqiedu.com/xl/xf*
7c6dbf1c2ab8a4b849d4a87bcb3f8f79,1156110000,4,www.qddfxfpx.com/*
7cddb8d1d7062c8919986a05c8eb4bbf,1156411000,22,www.youluwx.com/*
7d25d3a60dace2febdafa4569d5ffbac,1156130400,55,www.feiyue119.com/*
7d355aad19a1e6a18acdde1c99d07213,1156411100,15,www.yd119.cn/m/
7d4309ac73aa44b5868bc2822e7ce802,1156370600,6,bj.hpwxb.com/xf-MB*
7d61f0a1d3f7faee3d95faaff927fd1f,1156130900,50,www.niceloo.com/tg/xf*
7e0f462a1cc0df6879948e1689f09e84,1156131000,3,yidongm.zzbredu.com/*
7e424e2b02304d797e69834f9c990e7e,1156320300,7,www.youluwx.com/*
7ea2781213d979265a7b0dcd752af670,1156310000,1,wap.bangkaojiaoyu.com/xf*
7ea5ce19d158337bf1644ad2eb11b01e,1156510100,9,www.youluwx.com/*
7eb87c36e06426dc44c85f656fbb68df,1156370100,2,www.qddfxfpx.com/*
7ed0c52c7a968f5b554572133114d820,1156410100,2,www.youluwx.com/*
7ed2bf36b4ca9f4d030c5a64d4e775aa,1156220100,3,www.niceloo.com/yixiao/*
7eedfc76d8bdf0fd1da8c7abdd46ff89,1156510700,45,www.feiyue119.com/*
7efe83a52d3c18daaaf2dc01eda91e27,1156510500,33,cqiedu.com/xl/xf*
7f10c188da7214a1fdc126ef4dcb34b2,1156411400,4,yl.szfilmcenter.com/*
7f14a25141ce442b7ddd27dec12b139c,1156220700,23,www.yd119.cn/m/
7f20d39559300ca81ae8cad5f9fd97ca,1156130100,3,www.yd119.cn/m/
7feb2ee331b564aa124722588a62b2cd,1156370600,4,wap.bangkaojiaoyu.com/bjtg/xf/*
800b1fa53791bce6a53f07df09e4083c,1156510600,1,yidongm.zzbredu.com/*
804d28b5f8e2587e476cfcf7966043d9,1156610900,4,www.niceloo.com/yixiao/*
815f54c7c6f625a921d00b2dd14afb1e,1156370200,1,www.niceloo.com/yixiao/*
81669d76cd8df8afc0277cfb244403b1,1156511600,1,cqiedu.com/xl/xf*
82571ce22c6d7aebae0079e8be7bc6fb,1156130100,2,www.thebro.cn/zbxfzt/*
825e897d44f5d4fde93a269f594ee042,1156371500,5,www.jhwx.cn/zt/m_xfgc/*
8268b61f773942fed66f32fe3ac495e6,1156110000,7,cqiedu.com/xl/xf*
82867f5a75d7d4feace6ba5ae5bab005,1156130100,3,www.niceloo.com/tg/xf*
82c54dd677eda9dffaf6047a96be1483,1156510600,13,cqiedu.com/xl/xf*
835c6345d9663509aa2b9fc2397845d8,1156371400,1,www.feiyue119.com/*
838ff62a0ee1247d465e7281aa77b017,1156130100,1,www.jhwx.cn/zt/m_xfgc/*
83a8fd5e773b6d641d0b9a9c16a750fd,1156130800,10,www.feiyue119.com/*
83b52de86eddc42fa3659104e4817688,1156511500,3,bj.hpwxb.com/xf-MB*
8445c82bf3845053e7c18c613c9afd4e,1156510100,7,www.youluwx.com/*
8477c11b8d796e9eed57cf853c2a99d8,1156370500,9,www.feiyue119.com/*
847907d9f56afc642e3560b63c3da716,1156371700,1,www.qddfxfpx.com/*
84b151499145cf0ba59b3bc14d1de8b3,1156370300,1,wap.bangkaojiaoyu.com/xf*
84d13ec148e44f1a3e112eacab04a965,1156310000,1,www.niceloo.com/yixiao/*
859f4f2078eee7759b78120368d9890c,1156370600,29,www.yd119.cn/m/
85e332bd7035034f7c03a0389234ea25,1156370300,1,www.yaomiedu.com/wap.html*
863b2508b48c904cfa5e53d057cb23a6,1156370800,1,www.youluwx.com/*
8670e25549d513509f8a04df21a282f2,1156370100,1,yl.szfilmcenter.com/*
86c74f1156d0439cd20f8d658b940db6,1156130100,3,bj.hpwxb.com/xf-MB*
884d531ebed9feca2069efa06867f24c,1156510100,21,www.feiyue119.com/*
8864e4e7c51598883d6971ec106f4285,1156130700,7,www.youluwx.com/*
895a18d293fbddc470eec899404cf547,1156220200,5,bj.hpwxb.com/xf-MB*
896b8957d97dad979970c4c8ed6a2ca8,1156320300,30,cqiedu.com/xl/xf*
8a281b9df3c40495b8576e5a081dc2e0,1156220500,27,wap.bangkaojiaoyu.com/xf*
8aa0084acaf700e6392ee192f4a7f794,1156370200,6,kuangjia555.zzbredu.com/*
8abb163e384745cad0f7c3bd29ebb616,1156410700,25,www.yd119.cn/m/
8c30cf34757630544131c57f6ce62a68,1156370200,4,cqiedu.com/xl/xf*
8c33b4544f43f51916334516af9cc6df,1156410600,2,www.niceloo.com/yixiao/*
8c64f6b6eeabcaa2ef6ec35f6616718c,1156510500,2,yl.szfilmcenter.com/*
8cb89319b0f5ef7004427102a165884b,1156371100,2,cqiedu.com/xl/xf*
8cbd04d8ea8d4700f346ccb75834f7a7,1156513200,4,www.youluwx.com/*
8d4f7829ec270447bee19dd103c3f7a2,1156510100,1,www.youluwx.com/*
8d5ead7dcd18246b44ffcce1c40e0215,1156410300,1,www.youluwx.com/*
8d619a4b0b7cb516659bda5af262ff29,1156320800,54,www.qddfxfpx.com/*
8d81799922336ecf56c21ce8e5c284fe,1156511800,55,www.feiyue119.com/*
8e16ed10a35881517b949af6fc7325de,1156510100,46,www.feiyue119.com/*
8e33f79345a833ca0322c680ef16a2fb,1156130900,23,www.youluwx.com/*
8e3d5c1c40dde33f2d39b950532cfebf,1156130100,3,wap.bangkaojiaoyu.com/xf*
8e3dafa6c26ca4391de04262f3aa2292,1156410100,1,www.feiyue119.com/*
8e55edd7b7fb3ac91578dd65bce11a3d,1156370700,1,yl.szfilmcenter.com/*
8ed696056febb341ce7b820f35123588,1156510100,57,www.feiyue119.com/*
8f2286717672f228357327d510b98a86,1156510700,2,cqiedu.com/xl/xf*
8f5f41c48eac63db245a46d6284c076e,1156510100,52,www.feiyue119.com/*
9001ab5e01b70d4d00bcf3f1b3fc4e0e,1156371100,7,cqiedu.com/xl/xf*
902317a432da43a0aaaebbd7634597db,1156131100,1,www.youluwx.com/*
9035bf7e837fbf02f87fcf2a5a19009b,1156511900,1,www.youluwx.com/*
90a0074d976a119abd90c350dd209ab9,1156130100,4,bj.hpwxb.com/xf-MB*
90dc8952daf689e0e79c2332b54d9321,1156510100,2,www.youluwx.com/*
90e3f300b3936049290cfa5acf747a4a,1156370700,1,www.youluwx.com/*
91736b2155b7fa7c17043bc2db4af4db,1156370700,5,bj.hpwxb.com/xf-MB*
91eda0aafb0ca4bb25b46c6845b4c9aa,1156511400,28,yidongm.zzbredu.com/*
9302a7aac05c19125881b6da87a4edc3,1156610900,4,www.youluwx.com/*
9366f9d1b026f5ce3b254ca675374739,1156320200,7,www.youluwx.com/*
93d5d120dabcd58d3c723cc6b96d7bce,1156370100,4,www.youluwx.com/*
94293667162536f8fd02623690285a06,1156510500,6,cqiedu.com/xl/xf*
946771e9d449d4037afa981b1d79cba8,1156310000,1,www.yaomiedu.com/wap.html*
94c568ae8774fba80073ecf893a218e0,1156370700,2,www.youluwx.com/*
95509f6417480f338d65cac68e286427,1156320500,9,bj.hpwxb.com/xf-MB*
95ff06b65216fb3ae2f3dec220ef8088,1156310000,32,yidongm.zzbredu.com/*
96088b959a7e399a6d489abca487d56e,1156370700,2,www.youluwx.com/*
963664538942d7c9bba6669a2e46a398,1156410500,14,www.youluwx.com/*
96bb6268f8aa33bc91c891c93ad6f79b,1156510100,7,cqiedu.com/xl/xf*
96bc079c895ee21b72d4b756890507ce,1156610500,86,www.qddfxfpx.com/*
96c9dc37ea1cef2f25f92fdddfac3668,1156131000,8,kuangjia555.zzbredu.com/*
9752eb4ebd86292e5747b86242df75ac,1156131000,1,www.youluwx.com/*
979453f3aca2d1ce68d6c7e32146be3d,1156220100,4,www.youluwx.com/*
987e8c79c1bd7fcd83a16fde1ec496f0,1156320200,3,www.youluwx.com/*
989b07e01a06e5f1af10c6c635a68abf,1156371600,12,yidongm.zzbredu.com/*
98ab3eca493fcd16b946eaf619c79289,1156341300,1,www.youluwx.com/*
99078867da33bd7b0566bd4716435cf3,1156371600,4,www.kaojia119.com/m/*
99926854067c10bce9e076eab9f37d2b,1156511300,38,www.feiyue119.com/*
99cabc0c93ddfb3e2534169c92034fc8,1156341200,2,www.youluwx.com/*
99e05271188411189cc6e48caa12e17f,1156130600,1,www.yaomiedu.com/wap.html*
9ad417653d222f2e43b050ac9fa7af9a,1156370200,4,www.youluwx.com/*
9af2debe4fa1407d29b50b365be9d3e7,1156510600,4,bj.hpwxb.com/xf-MB*
9b026e2b9ae1bbf416b6218305ff8770,1156220100,20,www.yd119.cn/m/
9b0400666707bb8073782681828749d9,1156510100,39,yidongm.zzbredu.com/*
9b08ba0397adb4a78aa9d9f64af50e0a,1156310000,1,www.youluwx.com/*
9b4c62e1ac8fd740983e4786a32597f2,1156371700,51,www.feiyue119.com/*
9ba41ec71ea5d264caa03b1e7c577286,1156411300,12,www.youluwx.com/*
9bad307c4b3136d2496e0c36ef01890f,1156110000,49,www.yd119.cn/m/
9bc605466650b8311215d7b1414e2080,1156370800,51,www.jhwx.cn/zt/m_xfgc/*
9c76f53bfb4025bc3a156ad8d6151379,1156320100,19,yidongm.zzbredu.com/*
9cb8c1915cfe3dd71f9aa648ba143e3b,1156130100,3,xfgcs.krs119.com/m/*
9d120ba4b8cc3c2b5f2cb6dd43fb267b,1156371000,4,bj.hpwxb.com/xf-MB*
9d16fdda8cc069fd37f30152992438a6,1156371300,22,www.yd119.cn/m/
9d61ad39ff9d6d53d5a0c04a0c5ddb5e,1156370600,23,www.jhwx.cn/zt/m_xfgc/*
9dceaa4cac2d975c3bdd35cbfdbca3f5,1156510500,4,www.youluwx.com/*
9de2e01d41d5ccdd940fc17840fd0f15,1156370300,6,cqiedu.com/xl/xf*
9f4564e23b051f5644b49b6ae6e7d600,1156410300,24,www.yd119.cn/m/
a06f7fa5b5f21af9331eab99b151d3a9,1156511500,6,cqiedu.com/xl/xf*
a09290fdbb7628f191849087b6e0f3b1,1156371600,6,www.youluwx.com/*
a0d4d411d4eb10ba3f9d85810b8c1805,1156320500,66,www.niceloo.com/tg/xf*
a183beccfa2e8559cbd5650de9eb4feb,1156370900,4,wap.bangkaojiaoyu.com/xf*
a1897b297303032f1002fbf0be9e68f0,1156310000,1,www.niceloo.com/yixiao/*
a202d3653393e1e7abeaf925be0e434e,1156320300,53,www.feiyue119.com/*
a257f606fd44210f683175db0892a31c,1156220100,1,www.youluwx.com/*
a2a47583b8d1c81692c0b52feded2571,1156220600,4,bj.hpwxb.com/xf-MB*
a30c98c75acbb911d63537a9ee7c7a0a,1156130700,1,jy08.yanganzixun.com/xfpc/*
a3ba10b1711515fff8dafdd1fe160ef3,1156510500,2,cqiedu.com/xl/xf*
a3e287a6c823a4593b7a3125646814ca,1156110000,1,boxin.wztedu.com/new/wap/bktj.html*
a429338e984ee8aacc9f34edaed685d1,1156510100,12,cqiedu.com/xl/xf*
a4acc59efc332d26154e620b7c42e7e2,1156110000,6,cqiedu.com/xl/xf*
a4dbc170625407555193e158f61dc298,1156320500,4,yl.szfilmcenter.com/*
a4e4152e42f2a1ace72eb1958f13852f,1156130300,14,www.youluwx.com/*
a534e05397ba8388da8b288a23f50cb8,1156130100,3,www.feiyue119.com/*
a538581cf8175b00974a904c09d4c3a3,1156511000,1,www.youluwx.com/*
a5b722d7970e25efae9bbe85ed4a4326,1156371000,25,www.jhwx.cn/zt/m_xfgc/*
a7b2387302a0eed2f44381585d867298,1156510100,24,www.jhwx.cn/zt/m_xfgc/*
a814e2c2e74a7079df9a3d1b6bca01a5,1156341600,9,bj.hpwxb.com/xf-MB*
a84bf1c26e9ea747b9823f3325f74295,1156310000,1,www.youluwx.com/*
a89d4bb6fdcaafd91e76fc96402c15d9,1156131000,1,www.youluwx.com/*
aa0f07dfdd50dbed64f9587c2e5d13b8,1156370900,3,www.youluwx.com/*
aad0b4ad4fee332b275eac0a4c1b8e89,1156371500,18,www.youluwx.com/*
aaf8e053412ba0aaf56072468c38159e,1156310000,6,www.youluwx.com/*
ab3939191c147d37aa0b5020fd7d8e0f,1156370200,2,cqiedu.com/xl/xf*
ab6301319d4f25ad26268f59f997935b,1156320500,16,www.youluwx.com/*
abc9bcfd3fdcb51696429fbd2ab97194,1156510100,57,www.feiyue119.com/*
ac1cdb202cc691f9fb32b1d7ec5d291a,1156511300,5,cqiedu.com/xl/xf*
ac2cc9219f0fa7de172717935f82df4f,1156310000,4,cqiedu.com/xl/xf*
ac6b20620110d4b69344b4818667587a,1156310000,5,www.youluwx.com/*
acbe97b93fd7a4380a73995bff3d957e,1156440300,104,www.feiyue119.com/*
acdcb18a98ab810e9166d713744dd5dd,1156220100,25,www.jhwx.cn/zt/m_xfgc/*
acfa6d2748d5354c5644229f9ed11d6f,1156130100,1,yl.szfilmcenter.com/*
ada3b0ebc93ec134a7ea167966482eb7,1156130200,21,www.jhwx.cn/zt/m_xfgc/*
adfc8da8b6698cba675b16aa7d410d26,1156510100,2,www.qddfxfpx.com/*
ae714a7093b86e4d4c935e7647445903,1156510500,1,yl.szfilmcenter.com/*
afe4969d3d2ee6e626a3dfbd2f156290,1156371300,1,cqiedu.com/xl/xf*
aff30f18666bc302057b2c22efd6cbdd,1156130500,1,www.youluwx.com/*
aff57c33f001ea80f403066a5ba84e93,1156411000,6,bj.hpwxb.com/xf-MB*
affe9f72bbd7345e9c8c75b39fa4826e,1156511300,28,yidongm.zzbredu.com/*
b081a25163eb975a12388fc2d16d3583,1156130300,24,www.jhwx.cn/zt/m_xfgc/*
b08f0f298948b7a2115deda5f2cf8d92,1156130100,68,www.feiyue119.com/*
b09d37690f37ec94283ebcfb92964b45,1156320100,3,www.youluwx.com/*
b0c7a8f66c493fc14e7fe20461650cb6,1156650600,1,www.youluwx.com/*
b0e02a1fc731efd2ed459134cf207e40,1156371600,54,www.feiyue119.com/*
b0f799eb5d8d7d15aba967f1e7c137a0,1156320500,1,www.youluwx.com/*
b13ec477350b71624a3b4a1dfdd4b11c,1156110000,4,www.youluwx.com/*
b179e4783fc760e6d1b0b2ce0973877f,1156371500,4,cqiedu.com/xl/xf*
b1a2a34346ae1d4e6e17cde91e056d47,1156510100,6,cqiedu.com/xl/xf*
b1d8962efda141d91524e28caf896bf0,1156650100,3,www.youluwx.com/*
b249f823b2431c497f60ecc774e36082,1156410100,4,cqiedu.com/xl/xf*
b327e18dc5b8983abc912533f24d3115,1156130500,1,www.youluwx.com/*
b3f5742ebece83075c0b30b08b80b6d6,1156130500,25,www.yd119.cn/m/
b40e70dc7b3d15f01204c99f88792c6c,1156370200,1,www.niceloo.com/yixiao/*
b44c11f34b336ea15d7adc4d7a931a7d,1156220600,21,www.yd119.cn/m/
b47b5e073f947f61f11cf8a6a1c18b88,1156510900,1,www.yaomiedu.com/wap.html*
b4831c89d97da28f2ba941260b1b7a80,1156130100,3,www.youluwx.com/*
b48874f6c34f1a600945665a7d00b58c,1156510100,1,www.niceloo.com/yixiao/*
b5509c8d5f5a997bb539a7ba417a4b1d,1156370100,1,kuangjia555.zzbredu.com/*
b563d8d2ff48df42a0dda30f6b82108b,1156370800,27,bj.hpwxb.com/xf-MB*
b65e7ab318b5b344f0ce9f9b149b8dcc,1156130100,19,www.yd119.cn/m/
b66a405adf0145881f4d004620ef758a,1156371700,8,cqiedu.com/xl/xf*
b6d87aa3a6c8a5de8f6aa302a1b878a2,1156510500,25,www.yd119.cn/m/
b81fa3be74fdf2b3c82c24d77f099c3d,1156510100,2,cqiedu.com/xl/xf*
b8bd51ee84488fa442e2a045494a23ce,1156130200,1,www.youluwx.com/*
b91d660619d597d3a271eb1b5aa8bdb6,1156511400,17,www.youluwx.com/*
b949b7d38f522e93e127b192938ee355,1156130100,63,www.feiyue119.com/*
b973affbb1744d759c1e97f7edd9f84a,1156410100,2,www.youluwx.com/*
b9c49fda291b9698178b64bd3fbd1ada,1156130900,44,www.qddfxfpx.com/*
b9eda3f7f406fd0e4bfc84170109c09f,1156370600,1,www.feiyue119.com/*
ba1f8da5f824b9fe9fd682bd0a956ad2,1156310000,48,jy08.yanganzixun.com/xfpc/*
ba9d2e2d9e7708290b71b267efa3b059,1156130600,4,www.youluwx.com/*
baa847c6d6fbb5338a242a41ebe70bb7,1156220100,9,www.youluwx.com/*
baad1397e2559926561d8e08006711b1,1156410800,1,www.youluwx.com/*
bae24c44988fb6e331e6abb90fad4634,1156370600,9,wap.bangkaojiaoyu.com/xf*
bb3ef3a418e87801a09564ace36fdae6,1156410300,22,www.yd119.cn/m/
bbb00eca43d2e92d2a5c3cced6e16601,1156510100,1,www.yaomiedu.com/wap.html*
bbcbe565773a49c933dd1b35ad375c86,1156371300,1,www.yaomiedu.com/wap.html*
bc27057268dc47c50606384f7d6c967a,1156510100,5,cqiedu.com/xl/xf*
bccceb17dc334e920965b5e8f91e8057,1156370100,1,www.youluwx.com/*
bcda6cca2ef3b1bc6370a08245337b4b,1156410100,2,wap.bangkaojiaoyu.com/xf*
bd061f19451324c56e663ecb84707704,1156371200,1,www.niceloo.com/yixiao/*
bd0e14b799ac498725ce38dce0857b4f,1156370700,1,kuangjia555.zzbredu.com/*
bd1c99cbb6078a236fae48163e60dd3a,1156371500,2,yl.szfilmcenter.com/*
bd3de2535122077a5712bfd56168af32,1156371500,1,www.feiyue119.com/*
bd81ff0d889d3c2376be7d4021396f77,1156370800,1,www.youluwx.com/*
be1480ccff72fed06d78e96c4d33b114,1156510100,24,www.feiyue119.com/*
be1be82ac790634f1c7cb27acecc67ad,1156131000,1,yidongm.zzbredu.com/*
beb1507d1224c8abb27a098c347e8220,1156130100,38,www.feiyue119.com/*
becf482069efffae061bb3b71e40f775,1156140500,1,wap.bangkaojiaoyu.com/xf*
bee1849334953635d76fc83e805a04e1,1156131100,2,www.qddfxfpx.com/*
bf3b6a253550ac4ab86af71945c977be,1156511500,22,www.yd119.cn/m/
bf4e4e803d72289d48fc09434a2ad05b,1156371000,1,www.qddfxfpx.com/*
bf6588c6599bb38dde5f33ae39f020d2,1156130400,1,boxin.wztedu.com/new/wap/bktj.html*
bf70a5a9a85344e625c0abef3aef2f54,1156220100,5,www.youluwx.com/*
c071a118d00d64bb796a5ffd0cb5c653,1156220300,35,www.jhwx.cn/zt/m_xfgc/*
c08dc683cca510c9cd40ab1ea90ac842,1156370200,40,www.qddfxfpx.com/*
c0c57bbfed64634742aa16e9592b9fc2,1156511600,31,yidongm.zzbredu.com/*
c1083023ac75c3cb7c65581bc0fe16d3,1156130600,7,www.youluwx.com/*
c14a0013b8afb032155854032d3c167b,1156320500,52,www.feiyue119.com/*
c17d296113576380a231d17ff5cd0e45,1156411400,1,www.niceloo.com/yixiao/*
c19e2e78ea36f3bf47d10c7d643e7306,1156320900,69,www.niceloo.com/tg/xf*
c1a1689617f29f3542fbb5fd3f4f6aad,1156370600,5,cqiedu.com/xl/xf*
c1caa07c3dae2ff9c1e5bb520b77c09f,1156510100,8,kuangjia555.zzbredu.com/*
c1faa6b8bfd211bffe6ff1046517e54a,1156411600,1,www.qddfxfpx.com/*
c20871efff1da47008597193f4e01095,1156620500,2,www.youluwx.com/*
c2781836815ad466781209a7fcc504a1,1156513400,1,cqiedu.com/xl/xf*
c27b56797b17c8448ff623da1663be6b,1156370200,28,www.jhwx.cn/zt/m_xfgc/*
c28ba28b0a3f95d52865db387f1f1628,1156220700,2,www.youluwx.com/*
c31ab14cd19563e9ef51157c47715555,1156321000,2,yl.szfilmcenter.com/*
c379c1c80a3b3c9078def58d93a77bdf,1156510100,7,cqiedu.com/xl/xf*
c37e94db8bc7d173f7f1835fd9bb86ee,1156220700,2,www.youluwx.com/*
c3ee246d36edfb6bacca2922f8a6609b,1156371400,3,www.youluwx.com/*
c42201e2034d9ef27907a96a07a4f58a,1156220100,59,www.feiyue119.com/*
c441ef3a1ef5ba76057b41403e766b6e,1156371000,22,www.jhwx.cn/zt/m_xfgc/*
c444292adcdc8c181f0dc720d837474e,1156370100,1,www.niceloo.com/yixiao/*
c488db0330fdcf455c2ae66a228bd302,1156130100,38,www.feiyue119.com/*
c48a66fba33c2ee0a37b9272ef39428b,1156410100,68,www.youluwx.com/*
c4907298d384d14574c0ad985a12540c,1156130900,2,www.youluwx.com/*
c49e3ca240779c17aa23f5ea54a5ef98,1156130100,5,www.youluwx.com/*
c4c50f44402252b8a415c46d3fdbf0bb,1156410300,3,www.youluwx.com/*
c5047fcd4ec306ac52ba1a75b885f2ff,1156341300,23,www.yd119.cn/m/
c51aff6776e27166b949887ebe29f324,1156371600,1,boxin.wztedu.com/new/wap/bktj.html*
c51e04e6c54ed54c3c97bd4481aefa59,1156320600,1,www.yaomiedu.com/wap.html*
c59cfd32cc83ea003f7fac986b17f8f4,1156371300,6,cqiedu.com/xl/xf*
c5bec4586949c5c18a113d31f98d3fae,1156510100,2,cqiedu.com/xl/xf*
c5d2c7b4564e1b6281f4ad025d1a286e,1156371200,4,cqiedu.com/xl/xf*
c641a14667aaf2b797999dc68484ee58,1156370300,8,www.feiyue119.com/*
c65f67576ce06dc6181cc300a6db3749,1156370800,4,bj.hpwxb.com/xf-MB*
c743913a50a7f93f6125aa6fa9768e96,1156130900,2,www.youluwx.com/*
c74c6e0d11df137c17625db38609a1ce,1156130400,6,cqiedu.com/xl/xf*
c76f30b16b0e18200c7a1a1fd0bdd433,1156320300,7,www.youluwx.com/*
c7d32c9b2feb79dc53f0cf842349adce,1156410100,12,cqiedu.com/xl/xf*
c86de0668e51369b8d35bf8ddf6abbdf,1156370500,3,bj.hpwxb.com/xf-MB*
c8765f2bb721dbec4180227ad1e3085d,1156370100,20,www.jhwx.cn/zt/m_xfgc/*
c88bca9375569116bb43df448ed803e6,1156610500,2,www.youluwx.com/*
c8b51a1d616d1f933ea5a4198fc955f3,1156410100,1,www.youluwx.com/*
c92190a544ff158fd873ad51fa7a8aed,1156510400,20,www.youluwx.com/*
c942183ef20622e808207ac16db9d0ac,1156370600,1,www.youluwx.com/*
c9b806ef42787f1defc9555e34b48591,1156320500,81,www.feiyue119.com/*
ca173da8b4c8accbb173bd5c2875bd04,1156130100,4,wap.bangkaojiaoyu.com/xf*
ca71a0d2bf4b8b39a3dab3953ca7ce73,1156510500,62,www.feiyue119.com/*
cabba2c21987f37f0948ce1403216a7a,1156220200,5,cqiedu.com/xl/xf*
cb467d15025fc06cefa25a4e5855be11,1156110000,1,www.niceloo.com/yixiao/*
cb9360bcbb5de9711754074ec370ad69,1156130600,29,yidongm.zzbredu.com/*
cc0a3de0993120e532f1e636d4fa2f1c,1156370100,54,www.feiyue119.com/*
cc393e1217333a9e814e9a46a619a995,1156511600,1,www.yaomiedu.com/wap.html*
cc3da7831c5971e0726a7c6af5167e6d,1156371300,1,www.niceloo.com/yixiao/*
ccf93a19b37cb262010bc75ef17c9589,1156370200,1,www.youluwx.com/*
cd09fc7c669542f432017bdc454a1d9a,1156131100,5,bj.hpwxb.com/xf-MB*
cd4e51077fa37acadbd5e411603641e9,1156610500,13,www.youluwx.com/*
cd95d149e9b2145cbe13b0f60cbe803d,1156130700,8,www.youluwx.com/*
cda65b17c108d2c56ddb52b0defb4d22,1156511600,2,www.youluwx.com/*
ce924cf8bdc25d0511049edcebe62c9c,1156370200,4,cqiedu.com/xl/xf*
ceaf04abde2b09b645572fdbb230b3d4,1156130100,1,wap.bangkaojiaoyu.com/xf*
cedf500d1adddc8ad7862ef282156082,1156131100,24,www.jhwx.cn/zt/m_xfgc/*
cee0759f7d31b7464878ecbd72e97da0,1156410100,47,www.feiyue119.com/*
cf15e4842345ac7c123942dd59e731dc,1156410700,2,www.youluwx.com/*
cff0414999667f1f5cb30c674b2caad4,1156411300,10,www.youluwx.com/*
d00adf981990d4e50ba46af6cdb34834,1156510600,1,kuangjia555.zzbredu.com/*
d053f4bb515a53b395083504ad489ffb,1156130200,45,jy08.yanganzixun.com/xfpc/*
d0ef97d08ec837634d386f03f3e46700,1156371500,24,www.jhwx.cn/zt/m_xfgc/*
d0f3d337c07e6bde8d4394fa1f00e973,1156130700,2,www.feiyue119.com/*
d146872ee23a6cb591c9de4b3ca804c7,1156130100,26,www.yd119.cn/m/
d1602e00cf0218a2f6c84350f80810f8,1156310000,46,jy08.yanganzixun.com/xfpc/*
d17e6c8c768e90693fd450ca72cef44b,1156130700,32,www.jhwx.cn/zt/m_xfgc/*
d19995edd13b3b9ee7ece7af58809379,1156130100,4,bj.hpwxb.com/xf-MB*
d22f5e01d106f474b247856aa5ecd01b,1156410300,8,cqiedu.com/xl/xf*
d24a79a541f3ec1488b77d972cf28f00,1156511300,55,www.feiyue119.com/*
d3095812688eefc0f368135ba8354056,1156511500,31,cqiedu.com/xl/xf*
d34193924198e73b6129646f08816668,1156510100,52,www.feiyue119.com/*
d39130cfa07de0767c479ae6bf39efac,1156511900,8,www.feiyue119.com/*
d3e79294f4d614c19a31289453eb6af7,1156411600,5,cqiedu.com/xl/xf*
d40a3d88b130969b579324ac8b1a13f6,1156320400,3,yidongm.zzbredu.com/*
d415c13294bbc9bddb00b4b71b8321a8,1156130600,1,www.niceloo.com/yixiao/*
d41673d02299bbb2a8027a8c22f64b21,1156130400,1,www.feiyue119.com/*
d425e65555b0aa4fc33a59f3b96911ca,1156130200,15,www.jhwx.cn/zt/m_xfgc/*
d4de6ff6df741ba2210e18a965a8a7c7,1156321200,4,bj.hpwxb.com/xf-MB*
d501151900e154b898d83315c75255a3,1156150100,10,bj.hpwxb.com/xf-MB*
d507a54205f3c766c4bd5bbeb3e2accb,1156130300,1,www.youluwx.com/*
d5c209637e77159bffe44a8adde209cd,1156371000,11,bj.hpwxb.com/xf-MB*
d5e654eba6d6554fbd3663b9981c74b9,1156410100,7,www.niceloo.com/yixiao/*
d6658492a5a2f7097b6181aa53abc9f9,1156513400,5,wap.bangkaojiaoyu.com/xf*
d7a51b9fbbfa4e1d7a082197b5cc47af,1156411700,3,bj.hpwxb.com/xf-MB*
d7b19574d6c53ab7dd0aecc13d323daf,1156510100,1,www.youluwx.com/*
d7cbb2c4eb0f0387035a88e24f83bb42,1156610100,3,www.youluwx.com/*
d82151bc5e3e9c43bf9be63941e273d2,1156410100,2,cqiedu.com/xl/xf*
d84b5b2084cf6ecaaa4f347271fb380c,1156510800,31,cqiedu.com/xl/xf*
d994f93a1a32642c48e1da812c4635bb,1156220500,25,wap.bangkaojiaoyu.com/xf*
da3aa6b855ffb2275712e203174ecbe5,1156510900,1,www.yaomiedu.com/wap.html*
da4a3a41a4284e29951257f82d4fab39,1156130900,3,www.feiyue119.com/*
daa956280137d7a042831bb692bc0059,1156370200,23,www.yd119.cn/m/
db2f7daa352c8666a3b10254a37cfa3f,1156370200,12,www.youluwx.com/*
dba128e7d7b6c119e4e1b478aef0bf3b,1156410400,54,www.feiyue119.com/*
dbce02801aea8269e03157ed3ecda78d,1156220200,1,www.niceloo.com/yixiao/*
dbcf5a70b4e43d3213a4f12dabd61906,1156511700,29,www.jhwx.cn/zt/m_xfgc/*
dc69bf13ff9ce3393cbf79ea96df7644,1156131000,1,www.youluwx.com/*
dcd70e9539c4c56193df73dbfc5d8c06,1156320400,10,www.feiyue119.com/*
ddbd4fdfed349528c774b8967a9109e1,1156130200,1,yidongm.zzbredu.com/*
ddc6964a1ebe2fa723232aa33efc41e7,1156511900,64,www.youluwx.com/*
ddd7eb3d237ec21a632fd30307377f4b,1156330600,4,www.youluwx.com/*
dde30de1b753d522585f15991512a3af,1156410400,3,www.niceloo.com/yixiao/*
de2649c69bb69696e08a3e3abdbcf368,1156370600,28,www.jhwx.cn/zt/m_xfgc/*
de3c4b71ea4fa5fefd3e980404fd9803,1156370200,37,kuangjia555.zzbredu.com/*
deb6341dd0edbb0d08e55751a9637d2e,1156110000,4,wap.bangkaojiaoyu.com/bjtg/xf/*
debe2b31bedfa8eeca332b1e77619fd7,1156410100,29,www.youluwx.com/*
dec3f212fa69d6cb12898b0f7d87c233,1156130100,1,kuangjia555.zzbredu.com/*
df0cd53b050984b85247699275cc6a5b,1156320600,33,www.qddfxfpx.com/*
df17184656c3c315c31c0eda94e744bf,1156130500,2,www.niceloo.com/tg/xf*
df47bf5c0c61b57043fdc29031d952e0,1156511900,4,wap.bangkaojiaoyu.com/xf*
dfd00bae88d20f5eb7e4f910a4d7bbd7,1156510700,7,www.youluwx.com/*
e07a3f8d0bc93ef389b7c21e1761234d,1156320900,2,www.niceloo.com/yixiao/*
e0859d429121f4c3ce5c06746c4cf2b7,1156320700,43,www.youluwx.com/*
e0da05d2c9c58415ea6de8a65ab55895,1156130100,57,www.niceloo.com/tg/xf*
e0ed96593f8618b95e657008c108550a,1156131100,15,www.youluwx.com/*
e1681c21b113b7b39d3ffac5a1b72129,1156411300,24,www.feiyue119.com/*
e1b34b9c4fc598406da6eb3c4490f5d2,1156370600,1,www.youluwx.com/*
e23cac6a052b6efa3313326bc8f51e75,1156320400,1,www.youluwx.com/*
e2486ed9ce1f23a73c9570f00997cd94,1156410300,50,www.feiyue119.com/*
e2712b2faa3dddcb0838d887eedef9e5,1156411700,4,cqiedu.com/xl/xf*
e2947e88b254c132a0bb802d11c29bb5,1156411300,3,www.youluwx.com/*
e2da6b5208a5ec7d302526a057d4de15,1156310000,1,kuangjia555.zzbredu.com/*
e36344f704fdcb32e7bbf99de910a3fb,1156410300,52,www.feiyue119.com/*
e3807c4be60015816a9ba576d69cb1e7,1156371700,1,www.youluwx.com/*
e3b074b1017ea50569de7969fcdb5840,1156130100,15,www.youluwx.com/*
e3c2e50d2382a0fcaab003ed4cf8df38,1156130200,31,www.jhwx.cn/zt/m_xfgc/*
e44663cf7aadc43dd0d3f8c34a9ee9ad,1156130100,30,yidongm.zzbredu.com/*
e4888287732e882e4af027f9bdc4c251,1156370800,22,www.yd119.cn/m/
e4d777aa24a25ad0e4e5f9ea40338386,1156130200,44,www.qddfxfpx.com/*
e53a85026fb49cad40960d933d2f68d4,1156350300,5,bj.hpwxb.com/xf-MB*
e5abf2ee70894d5e173aa3ee99a75475,1156370600,1,www.feiyue119.com/*
e5d6090d70244b14056ad42637396a0c,1156130500,2,wap.bangkaojiaoyu.com/bjtg/xf/*
e608601296b7ce1b0d262972d9cb304d,1156130100,16,www.niceloo.com/yixiao/*
e613606b39d0d45de194922916cbd295,1156510100,4,cqiedu.com/xl/xf*
e62e25c168ec2ceeb115271fa12695ea,1156371400,1,cqiedu.com/xl/xf*
e650d110250d9ce106be633a4161c62c,1156130100,2,www.kaojia119.com/m/*
e722fa497cd5daaeee71a0464d6e93ed,1156220200,2,bj.hpwxb.com/xf-MB*
e7339bf562eb49e15ffbb0503a99cf77,1156371400,1,wap.bangkaojiaoyu.com/xf*
e79f3cbc338cf4fdf429b07e7366577a,1156370200,55,www.feiyue119.com/*
e824d7ff684a4fe2f7c84c2b554f5ae3,1156371700,2,yl.szfilmcenter.com/*
e89a525ad84f82d1d510a1267f435901,1156310000,2,www.youluwx.com/*
e8dfcfb11382e607aae0d3997f55d3d5,1156310000,1,wap.bangkaojiaoyu.com/xf*
e8f12d29283648a0687e9ec167447c07,1156130300,45,jy08.yanganzixun.com/xfpc/*
e925186dc5e7e2b19dbb7c3be3dda48e,1156330400,83,www.youluwx.com/*
e9679c7a53fd50131f1835bfdf165991,1156510900,2,yl.szfilmcenter.com/*
e9b54c2dee95843a199598c4877681c4,1156420300,4,cqiedu.com/xl/xf*
e9d5b61b50fdaeb3f75cc8c6264ca585,1156370200,2,www.youluwx.com/*
ea080a04231393a10b35f1ac07b93668,1156371200,54,www.feiyue119.com/*
ea673d8b42acc23d88259169027335d5,1156130700,17,www.youluwx.com/*
ea8a5fed8a9bb21bba426662f3b777d2,1156510100,3,www.niceloo.com/yixiao/*
eb28b799f0d9d4b3f249f4423ed339c8,1156130200,27,yidongm.zzbredu.com/*
ebd22dfdf656a8ec23f0c38a968c50d6,1156371400,1,wap.bangkaojiaoyu.com/xf*
ec737c1a553caf655ee50a8c7adc1454,1156321000,12,bj.hpwxb.com/xf-MB*
ed644a11537e686896ecd4cccd5f631f,1156130400,19,www.yd119.cn/m/
ed8f5726527ce55ee8179d3b3329a36c,1156510100,5,cqiedu.com/xl/xf*
edaae22b859b114803e77fcea6080c29,1156410100,53,www.feiyue119.com/*
ee7e70d9a04b87e14b74d4eac481995a,1156370500,1,bj.hpwxb.com/xf-MB*
ef1974b0954e128aea408928e823930a,1156130900,18,www.jhwx.cn/zt/m_xfgc/*
f041b1187756decc2498b6139bb76912,1156410100,5,cqiedu.com/xl/xf*
f06ede7dc0f542097c72eca0e5956f9d,1156511000,29,yidongm.zzbredu.com/*
f119961a6c9b8a713830b4a564f26c67,1156321200,1,wap.bangkaojiaoyu.com/xf*
f198269eb9c31e545a00b16da9a7cd07,1156130200,4,www.feiyue119.com/*
f1bd151fb887c60615028565899ab44c,1156371400,4,bj.hpwxb.com/xf-MB*
f1fbc1c899fd149f675b9051c0a51fc9,1156321100,7,www.niceloo.com/yixiao/*
f20bfe1832641629474a15671a62778a,1156410100,26,www.yd119.cn/m/
f26ebf452bd8311d1b3487ca09eee445,1156220200,64,jy08.yanganzixun.com/xfpc/*
f2a71c006e1dc4d09c096c14373dff57,1156510800,51,www.feiyue119.com/*
f2bd2907471db54af0dfda6ab5da3436,1156370600,2,www.youluwx.com/*
f2de9b7cb5e64cefeca3ea5cb86033f3,1156370300,6,www.yd119.cn/m/
f2ea92e2ccd17ba24452d27fb65c76ec,1156130100,1,www.yd119.cn/m/
f2f24ca9886a63fad6002a7f9a01306a,1156440300,9,bj.hpwxb.com/xf-MB*
f3cf4b4dd463a61024f6eb8074d0cc1f,1156370200,3,kuangjia555.zzbredu.com/*
f40ca278e5d79da821e46db027c01754,1156230100,48,www.yd119.cn/m/
f4212ecb8f0d250207a165f7d5bd1015,1156130100,64,www.niceloo.com/tg/xf*
f5d6413b53cb8a1c712753c530b67173,1156510100,6,cqiedu.com/xl/xf*
f65fbc0cf9c4ef3f1c81612d562687f5,1156220100,23,www.yd119.cn/m/
f6950ab3eee2ba0a6fd64fa116ab27a3,1156130200,22,www.youluwx.com/*
f88ea75fcc72b1dd337430eee4c975c7,1156510700,17,cqiedu.com/xl/xf*
f93fee8327404963e2463471e1e27e60,1156370500,1,www.youluwx.com/*
f97e2788a625785dc0f0ea43d4000577,1156130100,1,www.feiyue119.com/*
f9fa90bc1a523d2950278433133a426d,1156370800,5,www.youluwx.com/*
fa187b18f9a7480fcd7105e640d53905,1156130300,7,zjks.offcn.com/zg/xfgcs*
fb9ea30e67133a28ba46d2d03dd8f972,1156320900,13,www.youluwx.com/*
fbbc090aa6a13c924a3c33150ff285a6,1156370100,8,kuangjia555.zzbredu.com/*
fce5ac6846f60ddb0e0dad92c0fd4c1b,1156310000,4,www.youluwx.com/*
fd037f3c901568c3942673c6b02d082c,1156130100,22,www.yd119.cn/m/
fdd9c6934b65e914f4539b9aac7b1bd3,1156370500,28,www.youluwx.com/*
fde48d5328df3d630dd258fbf6ee38b7,1156130100,24,www.jhwx.cn/zt/m_xfgc/*
fe184fc5c95e98507ecb33777b6adc89,1156341500,11,www.youluwx.com/*
fe71fdcb8f646f42b002edb9b2e431df,1156130400,7,wap.bangkaojiaoyu.com/bjtg/xf/*
fecdd0c78d0cef497f80be2d4ab9e3c9,1156310000,1,www.niceloo.com/yixiao/*
ffa4ce55d21061aeaaec3547e8498059,1156510100,21,www.youluwx.com/*
ffe46919dda3238eb2d274ff335a9888,1156130200,1,www.yd119.cn/m/
