000e9dd1e346398feddeb6f743ed6c0c,1156420800,19,wap.bangkaojiaoyu.com/xf*
00aa61095eff2dc281276a376242dfce,1156331000,2,m.233.com/cfe/*
00c2f8e449c90a07dbc3712289eac689,1156421100,79,www.hqhwedu.com/m/*
00e38ce9dea3f8f9bc4e0bf8b222303e,1156330100,13,www.niceloo.com/jzs/yx/*
0116a2f2f18d4f8acbc2f2b970ec9da1,1156522300,3,www.niceloo.com/jzs/yx/*
01212139b4cb083a658615f72e67481a,1156411600,6,www.niceloo.com/jzs/yx/*
014956c8a1dd6b473df4ce4e5eff927f,1156420100,62,www.niceloo.com/jzs/yx/*
017b5b103ccfd9d73feaf95b0ae12e30,1156440300,3,www.youluwx.com/*
0181225a9916d5e202760cdd4f27beac,1156430100,54,www.feiyue119.com/*
018b2675e51aa4233a1450dee27be0ef,1156442000,1,wap.bangkaojiaoyu.com/xf*
01fd7abd7ebf3cabb02974f1a452b94e,1156440100,11,xfpx.paboft.cn/m/*
01feec1ae15c9d7ea58c1b9eee59d04c,1156320700,3,www.niceloo.com/jzs/yx/*
0235be79e95f443edad76d5a0212e91b,1156430700,29,fudaocq.com/jiaoyu4/t2/sem/baidu/mob1/*
0242b459d1bbc093ab0dff6b173c2f60,1156520400,4,www.niceloo.com/jzs/yx/*
0249ee9588e3aafdf340f654cf09f48d,1156330100,15,www.yd119.cn/m/*
027c7ed9d6e6256a1070c5cbb1bad0e9,1156330300,1,www.niceloo.com/jzs/yx/*
02f55550dc8bda88ccca005a57bcd370,1156421100,1,www.niceloo.com/jzs/yx/*
032cec2c96fdc9423d805a4a3c0b764c,1156420300,93,www.niceloo.com/jzs/yx/*
034ca00a708e8db199ab3a0cd4eed3cf,1156420100,11,www.niceloo.com/jzs/yx/*
035a8a9d78071aed19f9fcd294a01db2,1156441900,1,www.youluwx.com/*
035af7e915ba291dbd39df8c4b8ca137,1156440300,4,www.niceloo.com/jzs/yx/*
03670640c206f249642bb2ccbf7b3135,1156330300,34,www.niceloo.com/jzs/yx/*
03695d7841e6f45579155eb41c9db61f,1156330200,29,fudaocq.com/jiaoyu4/t2/sem/baidu/mob1/*
03ac8f522add9de545c22a2edfd772f3,1156330100,17,xfpx.paboft.cn/m/*
0461cf62ffae4513a98d2a91821bb9d8,1156330200,4,www.niceloo.com/jzs/yx/*
046eec79f88d35d6a32abc9beb9b10dc,1156330200,1,wap.adumm.com/*
04aeeb1a8f1925adc78e9de7c68b2f9c,1156330400,1,wap.bangkaojiaoyu.com/xf*
04d76a3269723a49d39ceb6daddc341b,1156431300,5,cqiedu.com/xl/xf*
056975573dfd1f8572e83df8470220c3,1156420100,1,www.niceloo.com/yixiao/*
061beb86dcf76f96c5b4fb4687b64477,1156420100,1,www.niceloo.com/jzs/yx/*
063feacdd949282d7f7a0bfc4975e1ce,1156420800,19,xfpx.paboft.cn/m/*
0649edd49c11a2ba1736e1f3a318cf00,1156420100,4,yl.szfilmcenter.com/*
06815c061499205038a1672b102e0aa7,1156330100,14,www.niceloo.com/jzs/yx/*
071fdec36c0335fe1277fd79d75dde26,1156520700,1,m.233.com/cfe/*
07293a132f8b4f11fce837084d7df3e9,1156441200,6,www.hqhwedu.com/m/*
0746d22f6b4d30ee4e8e9a6a8a25f15c,1156420300,5,www.niceloo.com/jzs/yx/*
075db1e6e3cfd3bd91542da9c339d3da,1156350900,1,www.niceloo.com/jzs/yx/*
0772cdcb62c840daef87cc42b8935ac1,1156430500,21,www.niceloo.com/jzs/yx/*
07c421d9df768508aeedf74d55649b37,1156431100,33,www.hqhwedu.com/m/*
082d234f2f2b04a0598acc99df90e7c3,1156430100,16,www.niceloo.com/jzs/yx/*
085e0fde6cd68596773fc3b35121031f,1156420500,4,www.geedu.com/zt/jzs/yx/*
08c84829ed09f7cb52e01ba2f2569ffb,1156150100,20,www.niceloo.com/jzs/yx/*
09194c5c326a3e824ea67830706c0a51,1156420100,13,www.hqwx6.com/class_xf_M/*
0946820fc663ec989b445a9bdaa40844,1156420900,6,www.niceloo.com/jzs/yx/*
096840848aebae9c5725b816f49b0665,1156510300,4,www.youluwx.com/*
09717bf9c7ecd7d1ffa2d078494485b3,1156441300,12,www.youluwx.com/*
098003bac613e6e246189430fbc7cf8d,1156330300,26,bj.hqmianshou.com/xf_mb/*
09d7aebd9bbdbc8beafe49db95a001cf,1156510100,4,bj.hpwxb.com/xf-MB*
09e611417c1386298ccb9c901ca7d5d7,1156341200,22,www.niceloo.com/jzs/yx/*
0a1a56b6ca103848d95c2ce2c98e1f8e,1156420100,16,www.geedu.com/zt/jzs/yx/*
0a2f9b4feb8ced4e387bd1e1ea7d0748,1156420100,34,xiaofang.offcn.com/zt/xiaofangh5/*
0a5a28f9878fbdcb61bf250ef348fd39,1156450100,1,www.youluwx.com/*
0a95625d0e7a257a76de7b88001ab358,1156330100,17,www.niceloo.com/jzs/yx/*
0b09e1c5491ebec27dab146d6e478059,1156330400,1,www.niceloo.com/yixiao/*
0b2d2a3b5b4dd41d4ea533c40335442c,1156421200,33,www.feiyue119.com/*
0b5756b9415e92afc7c79f7a33345ffa,1156330100,2,www.niceloo.com/jzs/yx/*
0bfeedda514a1eb80efaab8cc0e1228f,1156440100,45,bj.hqmianshou.com/xf_mb/*
0c7959c1b55a75e52f4c813c2dda2b2a,1156330200,4,wap.senda-edu.com/xfs/*
0c83fe7500664ee672baeb4c91b5fbfa,1156420100,1,www.niceloo.com/yixiao/*
0c84304c7a76630986b73c87fc23ad8d,1156330100,2,www.niceloo.com/jzs/yx/*
0c9f28812791a4c03cf12c5cc9844613,1156510500,5,www.niceloo.com/jzs/yx/*
0cecd5d3a4eebe170c9ec6af391fd0db,1156440800,47,bj.hqmianshou.com/class_xf/*
0d027e80c341e20667ed64fdf612f88b,1156421200,52,www.niceloo.com/jzs/yx/*
0d15b91a4539a7fbbfc09de3502da9ea,1156430900,7,www.niceloo.com/jzs/yx/*
0d5fb8cee095e6cea215151188046c72,1156330100,17,bj.hqmianshou.com/xf_mb/*
0d7cb3447c6b0957ac4c6aaac2d8921f,1156420100,62,www.qddfxfpx.com/*
0da35ced46beb0fd1d01d0178c52f8f3,1156440300,2,fudaocq.com/jiaoyu4/t2/sem/baidu/mob1/*
0e14168d4e53adff9e5f93862856a98c,1156420900,64,www.niceloo.com/jzs/yx/*
0e42f2810c0f3ece0d3d55c71466b69d,1156430600,1,www.niceloo.com/jzs/yx/*
0eaa821166d9c7c7ac4fa7c503eda507,1156440300,9,yidongm.zzbredu.com/*
0edd2e32f9dd887a7bceaa459fa2c0a5,1156441700,20,a.pusidun.cn/*
0f06df3d13b6767b25e7f20ac9d8cdc5,1156431000,7,www.niceloo.com/jzs/yx/*
0f2391a2f8103c8e64c655e4a257bdab,1156360400,16,www.qddfxfpx.com/*
0f4757ceb058e7329d432115b3068c34,1156500000,1,m.233.com/cfe/*
10347cf1af295b7574664dabdbc47f97,1156330300,1,www.niceloo.com/jzs/yx/*
10d6cb30f503cd9e79465e76470a71d4,1156340400,18,a.pusidun.cn/*
10dfca5c969ba366905b2a4726572592,1156441900,25,fudaocq.com/jiaoyu4/t2/sem/baidu/mob1/*
1163c77fa907e78c4ec5fd17e876420c,1156441900,2,fudaocq.com/jiaoyu4/t2/sem/baidu/mob1/*
118ba9f42fdb0d4a5bc80778453a0431,1156430100,191,xfjy119.txdsne.cn/*
11a54167ce0943c42979f2e9e64f1865,1156520100,5,bj.hpwxb.com/xf-MB*
122e18493ca443c998896dae43c6c0cd,1156431000,14,www.niceloo.com/jzs/yx/*
1250e50c8c6a9ce29b52e794b2657986,1156441400,45,www.feiyue119.com/*
12a8a6aabad6ca3e27da1570ede4071b,1156421000,14,www.youluwx.com/*
13078ee468c2080e4a9e337754d033ef,1156330100,5,m.233.com/cfe/*
13f6cb6f64cf78aa33462da0a668e386,1156330300,16,www.geedu.com/zt/jzs/yx/*
144c1c17b628b768895811d8fc2b46ad,1156340100,1,www.niceloo.com/jzs/yx/*
145dc7772ad7f51ee6ec9460b0e29510,1156420100,40,hqhwedu.yytxkj.net.cn/*
147d34a5ff0bba8d4bb05ec3abdf4749,1156341000,69,www.niceloo.com/jzs/yx/*
1490a348d273b9200e9de457f5bb517f,1156421800,68,www.niceloo.com/jzs/yx/*
14af8e74c7ba5008b57f821414e39464,1156430100,17,www.geedu.com/zt/jzs/yx/*
1510e3bf1b658814429c6343b48e75d5,1156420100,14,www.geedu.com/zt/jzs/yx/*
1538a2be6430d719f39d3e01462dae9d,1156141000,52,www.feiyue119.com/*
15571f0c31c9553c01ed1df9ebdb2805,1156421200,5,www.niceloo.com/jzs/yx/*
1557c47c14c047cddd191013e87aa48d,1156430700,2,www.youluwx.com/*
158632043c992a725d0b21edd9dfacf0,1156330700,16,www.feiyue119.com/*
1594eedc3a54df34a458689b6d96827b,1156420100,2,www.niceloo.com/jzs/yx/*
15c5b42db7998c0799b88954ba92a046,1156420100,6,www.niceloo.com/jzs/yx/*
15d2105ef299e8eb6ca45c67a3eac696,1156620800,29,bj.hqmianshou.com/xf_mb/*
165f3ddd969934297c930126a8c2358e,1156330400,1,www.niceloo.com/jzs/yx/*
166f5cade6580f64e134320f05dd359f,1156420100,15,www.feiyue119.com/*
1672b2a1ef3d2e8c95068063d784aeae,1156330100,15,xfpx.paboft.cn/m/*
1678326fe3aac8ca0427d7c37fb2d029,1156420300,47,www.niceloo.com/jzs/yx/*
16e8c4f47a1a2d8d3de41f6a67eeccb6,1156330600,3,www.niceloo.com/jzs/yx/*
172beb4ddb050c65f74bf4a509f4b773,1156420500,30,xiaofang.offcn.com/zt/xiaofangh5/*
174bb3748bd900f84f0d6e3d58c2b8d0,1156330100,32,www.hqhwedu.com/m/*
17a211c2fc4edbccc1826343f4a08e5f,1156440300,33,www.hqhwedu.com/m/*
17e0e60a7ac0a4804032f56b2965805c,1156421800,8,www.niceloo.com/jzs/yx/*
17e8caba58d251a2a202b9eaced0b94f,1156421200,6,cqiedu.com/xl/xf*
17ef451171c66d582352c77374ebec2b,1156430100,46,www.niceloo.com/jzs/yx/*
17ff68e05d98fac33065a02ac28e621f,1156421500,7,www.niceloo.com/jzs/yx/*
1847e8552df7011aff5b2ed1a66d7a07,1156430700,4,www.niceloo.com/jzs/yx/*
186720a75ee16ea6d616d5de4fa4f197,1156431100,23,bj.hqmianshou.com/xf_mb/*
1959fd111714aebf9d47913627b1da6a,1156440100,62,m.233.com/cfe/*
19783fc6ae26d57efe4421685c14ee3a,1156330100,6,www.niceloo.com/jzs/yx/*
19968bd232d9abb7e543cabf3cf04034,1156422800,31,www.niceloo.com/jzs/yx/*
19a0a04530109d1a32a5c00c393dd347,1156330400,8,a.pusidun.cn/*
19b2f0ffcd33db05db6a3a1bd09173d3,1156310000,3,www.niceloo.com/jzs/yx/*
19e8f0b5e43c4fa86c6114dcc406d49c,1156330100,4,www.niceloo.com/jzs/yx/*
1a4a5990716ed7092bf1f84e23ed8267,1156431000,14,www.geedu.com/zt/jzs/yx/*
1a4ea4ae3adf19512f9b55d58185843b,1156371400,1,jzr.kesmg.com.cn/jianzhu/wap/yixiao.aspx*
1a80256d4798e160d2dddc6071d75af3,1156420100,2,wap.bangkaojiaoyu.com/xf*
1aa139dcd819b93f3745d78484b73e2d,1156330900,32,hqhwedu.yytxkj.net.cn/*
1aa2b42d8fbba5359e5fc1a9cbcd23e9,1156430100,5,www.niceloo.com/jzs/yx/*
1cd6074788527bd246e9351423317c80,1156520100,6,m.233.com/cfe/*
1dd07f8d8413ccbb9010320504d402fd,1156440300,1,fudaocq.com/jiaoyu4/t2/sem/baidu/mob1/*
1dfcbd1966c0f3f78bb15230b066fac2,1156520100,84,xfjy119.txdsne.cn/*
1e0d73b6a6bc2e0dd8a8ec2242a2ac24,1156350100,14,www.niceloo.com/jzs/yx/*
1e72dbda1d81bcb67fbb52b6529e9abb,1156440300,20,www.youluwx.com/*
1e864b167123d03c603f12c91cbf4855,1156431000,50,fudaocq.com/jiaoyu4/t2/sem/baidu/mob1/*
1ecd3f49d6af01eade4f4d3612c3fe44,1156440600,1,www.youluwx.com/*
1f0d0b27f81493ba970ee809ae4bd50b,1156330700,13,www.niceloo.com/jzs/yx/*
1f1483da12161fcdf7732c20499d0fcb,1156510500,28,www.jhwx.cn/zt/m_xfgc/*
1f36c090ada71f2b521e22d69cb050c0,1156421800,10,www.geedu.com/zt/jzs/yx/*
1f5f32887327b997db81f1ea430a3c06,1156420100,5,www.niceloo.com/jzs/yx/*
1f809253f5b85c59a78149dac20324d0,1156330500,2,www.niceloo.com/jzs/yx/*
1fd9b5e0a60eba73ee4d3ec3373c79c1,1156330700,2,www.niceloo.com/jzs/yx/*
20252eb5f91034a3dcfecd26122e7c7a,1156420800,2,www.niceloo.com/jzs/yx/*
20291113ee622bec0cb871635e9310f6,1156421000,7,www.geedu.com/zt/jzs/yx/*
20315607d12ac41362b294c0dfda22d1,1156420100,6,a.pusidun.cn/*
20693ace7b18ce0681e011b48a7b985c,1156330100,1,www.niceloo.com/jzs/yx/*
2079145e8d8a53e481ff2dc342f00fb5,1156430100,69,www.niceloo.com/jzs/yx/*
2093501ae46036f203840d8a98c607c8,1156441900,2,m.233.com/cfe/*
210a66813977dc283fad7c4973d88c2a,1156510500,16,www.niceloo.com/jzs/yx/*
2134d737ad4965980334309eed7db9b7,1156431100,8,www.niceloo.com/jzs/yx/*
213542291c7ebf326250cfec2d0f9199,1156330200,2,www.niceloo.com/jzs/yx/*
216bc2a203c46dad7eb15bb7540ab5be,1156330500,2,www.youluwx.com/*
21ac1a3c5b7e87f2775524e9157cb7d5,1156520100,34,www.hqhwedu.com/m/*
21b38f32162e82805c39d160a2493069,1156420100,6,wap.bangkaojiaoyu.com/bjtg/xf/*
223911b445db254c06148f3c09c9a575,1156440100,4,www.youluwx.com/*
22401d74be13e607f01722910a3e9be8,1156331000,35,xiaofang.offcn.com/zt/xiaofangh5/*
22828dfe48c79f7107d816f2e213aa7e,1156330600,5,www.niceloo.com/jzs/yx/*
22b1f8bf9120b3e45613a10b097b9a9c,1156431200,17,www.geedu.com/zt/jzs/yx/*
22b35c73a313796cc3694ec6455de8d0,1156420100,64,www.niceloo.com/jzs/yx/*
2302179d2ff0827cab5f3576189f99fd,1156420100,54,www.niceloo.com/jzs/yx/*
236f373999100d357f6996d2f0d9b906,1156430300,3,www.niceloo.com/jzs/yx/*
2386dfd40c5f4ebccb9243ed0ff07f0c,1156410300,5,www.youluwx.com/*
23b7d90d12215cc6070a4eb0c364fa1b,1156420900,21,xfpx.paboft.cn/m/*
23ea8fb6ed6d2e72e3c5e8db486a6a4a,1156330400,1,a.pusidun.cn/*
24095b8f5cf278c6ebef336410bd4d80,1156440300,6,fudaocq.com/jiaoyu4/t2/sem/baidu/mob1/*
2415d980425af85482a0102795953e94,1156422800,12,www.niceloo.com/jzs/yx/*
245db8560369324d440d9b3c1d705a31,1156131100,2,www.niceloo.com/jzs/yx/*
24cca8ce66311967967738e635e276ef,1156420100,78,www.yd119.cn/m/*
25b1e7622b95715aebfab481b1874289,1156360100,5,www.qddfxfpx.com/*
25fa3a9c21a6ced6b972c44872a56d5d,1156421100,15,www.niceloo.com/jzs/yx/*
25fa3eefcd4f6d5ce65fc2194356e6ee,1156511600,57,bj.hqmianshou.com/class_xf/*
264084e65d3ed3cb2f20e99bdba942eb,1156421800,1,www.youluwx.com/*
26e8d6ff86d842bef2edd5662f0cef49,1156330200,4,bj.hpwxb.com/xf-MB*
27578c8e9459d08f7ccd6844d3051063,1156440100,5,www.geedu.com/zt/jzs/yx/*
27780147276b7cc02c2f165103639bef,1156421300,5,www.niceloo.com/jzs/yx/*
27acebd6e76b139e95beecc85a7388bf,1156430100,7,www.niceloo.com/jzs/yx/*
27f55bc9789ac9e8a966fb6ce299742c,1156440100,44,www.niceloo.com/jzs/yx/*
28203d0b4bdefdcf91d6fe1261efd435,1156330300,2,www.niceloo.com/jzs/yx/*
2831c343316dc87220afe69d6a4c27f5,1156330700,9,www.niceloo.com/jzs/yx/*
28551e0aef9515401183fd3891c4d251,1156421100,2,cqiedu.com/xl/xf*
28779b15debcc001ac3fe9c7e213ac08,1156440300,22,xiaofang.offcn.com/zt/xiaofangh5/*
28f545b3145bc28367fc18265004052f,1156330400,1,m.233.com/cfe/*
29e453720039f6fe55524fdfd5abf3f1,1156440300,1,fudaocq.com/jiaoyu4/t2/sem/baidu/mob1/*
2a0395d0c0656518a46ca24e6393286b,1156440100,48,119djkt.com/APP/*
2a25327c6fa85ff1c524dbcd68e89469,1156330300,12,xiaofang.offcn.com/zt/xiaofangh5/*
2a7173a4ac5ee13b77e58c840ffc8a79,1156310000,1,kuangjia555.zzbredu.com/*
2aac0d96fe1a8cafb022a57b82b71de2,1156430500,14,www.niceloo.com/jzs/yx/*
2ac31f9add20b32191b00f4906167e25,1156440100,59,fudaocq.com/jiaoyu4/t2/sem/baidu/mob1/*
2ac4289ef54bd99732b1c0a5190a5bc5,1156360400,16,www.niceloo.com/jzs/yx/*
2af99a5822e600d80a471849bc812e5f,1156330400,1,www.niceloo.com/jzs/yx/*
2b0a1ec46137874665d59c40c499259e,1156440300,29,fudaocq.com/jiaoyu4/t2/sem/baidu/mob1/*
2b13a6457a8b723c09eeb9fc46572dc8,1156430500,1,akg.qkwwa.net.cn/xf/*
2b51f83cb9bc6e090683d6118e1e6d6e,1156360700,19,www.niceloo.com/jzs/yx/*
2c08b3acad423632e55ffbbd2cba20f0,1156330200,1,www.niceloo.com/jzs/yx/*
2c16f88e447fda2aa963460ba824f67c,1156500000,24,www.yd119.cn/m/*
2c3da79cfe910b03c046e9de269c6973,1156420800,1,www.niceloo.com/jzs/yx/*
2cb48a918513de763ba7dd8529097f53,1156331000,17,xfpx.paboft.cn/m/*
2db9d803cdc065a034ee63e8652e5987,1156420100,1,www.geedu.com/zt/jzs/yx/*
2dcf738adbaedd16ae244dce4ad85b45,1156421000,40,www.niceloo.com/jzs/yx/*
2ddfd8ecdaeb2ca68933060839381953,1156441900,13,www.youluwx.com/*
2df0f0cb1f3c13f51ae71f74832bfabb,1156330100,2,www.youluwx.com/*
2df4d3b09463db4bf3293159adc72952,1156330700,1,bj.hqmianshou.com/xf_mb/*
2e2d3306c34fad3edc70530650f58e7c,1156440100,6,www.yd119.cn/m/*
2e30fe9448c0a0b23ffce8d4c8f47bde,1156441700,50,www.feiyue119.com/*
2e49009751a68f9b9468975fd601db9d,1156440200,2,www.qddfxfpx.com/*
2e6aa890aa7817c6bfb1fee628dee1d3,1156330200,3,www.niceloo.com/jzs/yx/*
2ecb9d059b3df15cdd7b8f192b84b29a,1156330600,46,www.niceloo.com/jzs/yx/*
2f4ce1e70bafaac4de47136aba3312e1,1156331000,1,www.youluwx.com/*
2f7ebe5f58cc53f18a5bced539a297ad,1156441600,7,www.yd119.cn/m/*
2f892ced4bdb85761a0bbcd74d8dcf5a,1156330500,4,hqhwedu.yytxkj.net.cn/*
304331878178cdaf6d985d5dc0447925,1156430400,14,www.geedu.com/zt/jzs/yx/*
306d43bad9d28e1118fb00f3d16b9248,1156430700,3,www.geedu.com/zt/jzs/yx/*
31386095fea4fb21217835bf35211456,1156411400,1,www.hqhwedu.com/m/*
3156caddb277771b3c511e13a4c0ed23,1156330600,3,www.niceloo.com/jzs/yx/*
315b4d6005f14b6cc0b0fc18ed1e2379,1156441200,34,www.hqhwedu.com/m/*
329c31e082c1caeec41742ec938e35e6,1156440100,1,www.youluwx.com/*
32a2c17d38de6675dfa91502aa0afeae,1156520200,3,www.niceloo.com/jzs/yx/*
32c80d4dae30657944ad6ac9ce5684fa,1156331000,1,www.niceloo.com/jzs/yx/*
32e6c0e8c20573cd455830214055fb32,1156420100,20,www.hqwx6.com/class_xf_M/*
32f327177e969a1cdf38385688def512,1156522400,50,xiaofang.offcn.com/zt/xfbkzn2019/*
33438248c77968b1f0b220dc52f19313,1156440300,7,sous.wx6v.cn/xf/m/*
342183de99e857f635a923d695ecf744,1156431400,27,fudaocq.com/jiaoyu4/t2/sem/baidu/mob1/*
34319be777e4b6023271d19cea17b229,1156410100,3,www.geedu.com/zt/jzs/yx/*
347c4b8227121a2dfbe413d2706f72bb,1156510100,30,fudaocq.com/jiaoyu4/t2/sem/baidu/mob1/*
34b1ac7d7791ab59fa259fa4d38e10f7,1156441300,52,www.feiyue119.com/*
34b6cf19a2b9a57adcf3f74e0aa9bf48,1156440100,25,hqhwedu.yytxkj.net.cn/*
34c65b9f465bf1d3c58a606ddb2af73e,1156441900,24,www.yd119.cn/m/*
34ee591508e30f6b46185d879e5e4d74,1156440100,30,fudaocq.com/jiaoyu4/t2/sem/baidu/mob1/*
35097f29e6fd6dbf01465f05b301d8de,1156420100,14,www.geedu.com/zt/jzs/yx/*
3520b85837951f4db0d7d95f3dd7533d,1156420100,37,119djkt.com/APP/*
353e52f5b6c89147bc5a688581c6be17,1156431200,1,a.pusidun.cn/*
3559eeaf8f75b63d09b3a7ec7c261e8d,1156341800,1,www.niceloo.com/jzs/yx/*
357a0b82cb8c496d70bcb073f8f4eca2,1156421800,29,bj.hqmianshou.com/xf_mb/*
35a72f226e80c0e4f86aceb461387db6,1156420100,18,zhwx.cnjunshiying.com/m/*
35caed2ac83a362b19dcd3f7e83f6ef8,1156330100,2,www.niceloo.com/jzs/yx/*
35d5e9b738bd5862d621dfa888d559b7,1156441500,1,wap.bangkaojiaoyu.com/xf*
36588edb99ed05fa3799e3267298a5b1,1156420700,4,cqiedu.com/xl/xf*
3700d2a91438d0a72fff9adebf308a90,1156430100,7,m.233.com/cfe/*
370f4897ac92018f7101a3b1a1e9f7a0,1156330600,6,www.niceloo.com/jzs/yx/*
37385b2623bff8432a0c3e1ed4a32ecc,1156441300,3,www.youluwx.com/*
374a555ee1881d09b963abdad62acac2,1156420100,34,bj.hqmianshou.com/class_xf/*
379a6ac8135016929beebfc28791881a,1156431100,1,cqiedu.com/xl/xf*
38488cba5a034e59d284037630cc8dfc,1156330300,1,www.feiyue119.com/*
38b4368f821951c24c5d32d8d8da0db8,1156430100,21,www.niceloo.com/jzs/yx/*
38c4a93bc94a882bdc5a55b59a94218b,1156360700,25,fudaocq.com/jiaoyu4/t2/sem/baidu/mob1/*
38e12e174dc65d3b488d70a5e1f6a2b3,1156445200,48,www.feiyue119.com/*
3991e61b5aed2dacaaae685e818eeed5,1156430700,65,www.niceloo.com/jzs/yx/*
39b054f4b3ed836911c64f0a165dd60d,1156330200,14,www.geedu.com/zt/jzs/yx/*
39b8fd4baaf74c8bb8d025d024bce2e2,1156330100,5,xiaofang.offcn.com/zt/xiaofangh5/*
39e47c964447205ee43d49f9be8cfd18,1156341200,17,www.geedu.com/zt/jzs/yx/*
3a09f89d35f4d3e3a761511f192fc084,1156450200,26,www.jhwx.cn/zt/m_xfgc/*
3a4b8f59d4238cb2289f22fbd783e08e,1156420100,15,xfpx.paboft.cn/m/*
3af53760f175a5bd1995b981001b893e,1156421000,6,www.niceloo.com/jzs/yx/*
3b7c6d7ba453d42f4ea5a1fe2c4a0876,1156421000,9,www.geedu.com/zt/jzs/yx/*
3bb485a330acb47f72e85b67e8511711,1156360100,30,www.hqhwedu.com/m/*
3bb6e6f6695d5ede3e37e5cea2ba9112,1156420100,7,xfpx.paboft.cn/m/*
3c1ba38f413069d472c09cf5e2808d5a,1156431300,1,www.niceloo.com/jzs/yx/*
3c348897cb3e248dc61def65f0b4bf4a,1156441900,17,fudaocq.com/jiaoyu4/t2/sem/baidu/mob1/*
3c544e6a66dc6c737b742d3ab64c1949,1156440300,1,m.233.com/cfe/*
3ceaa4d43bd25511174bf0d29a207480,1156361000,28,fudaocq.com/jiaoyu4/t2/sem/baidu/mob1/*
3cf175c99a5aac5732974aba7ac26dd4,1156431100,13,www.geedu.com/zt/jzs/yx/*
3cff57d9ff885f402230c538e2d5946d,1156440800,5,bj.hpwxb.com/xf-MB*
3d0c00f40dee813fac7602285dd29614,1156330100,6,www.niceloo.com/jzs/yx/*
3d1d93d492c2d3a468801e05d4693ba4,1156420500,2,kuangjia555.zzbredu.com/*
3d61b8e6dc14357b6a12b5c03b13573e,1156420100,6,www.youluwx.com/*
3d981cea246bba90d6cf9a3d2ae1951c,1156330100,1,wap.bangkaojiaoyu.com/xf*
3e33ff6133473a6043f50d6ee98c617e,1156522400,22,fudaocq.com/jiaoyu4/t2/sem/baidu/mob1/*
3e8d55ab09e5f78a3a4a92eb768ff96c,1156440600,1,yl.szfilmcenter.com/*
3ee26a1cc4363e19e48150d525602970,1156330900,20,www.niceloo.com/jzs/yx/*
3f0a54ffa130bf0fe837795b3950fbdc,1156610100,3,cqiedu.com/xl/xf*
3f74a7a8dc9618765ff9c900ad3ba30b,1156330100,23,fudaocq.com/jiaoyu4/t2/sem/baidu/mob1/*
3fc0a57596507a057185c182a5df7dd6,1156421300,5,cqiedu.com/xl/xf*
404ba41514884f788332c56bf346b98d,1156445200,33,xiaofang.offcn.com/zt/xiaofangh5/*
4093a93ebf340605f57c79fed88b7ab3,1156420100,1,www.niceloo.com/jzs/yx/*
40faff57a55a17be3c85095f5d735579,1156440800,1,jy08.yanganzixun.com/xfpc/*
40fd44aab356e0405e7dac149fc2df73,1156420100,5,www.youluwx.com/*
4125c1a34b062339286eb8cb7a70adae,1156420100,10,www.youluwx.com/*
41360b921abde7f3e9b6e8c403f8a28a,1156420100,12,www.geedu.com/zt/jzs/yx/*
418e0e1efead5a21f41683e4bbb35d1a,1156420100,4,www.niceloo.com/jzs/yx/*
41a9b4f751721d21070019f749c4915e,1156330100,8,xfpx.paboft.cn/m/*
41ac5d9e199c5c7b5ab0959da640c562,1156440100,2,www.niceloo.com/jzs/yx/*
41ae60995c3561972f7745ec8463ddac,1156440500,1,zhwx.cnjunshiying.com/m/*
41c5828f5ac65e746b80b413274a9e88,1156420100,4,www.niceloo.com/jzs/yx/*
420401d0cc11398ed7b4865a55c5abb9,1156520600,8,kuangjia555.zzbredu.com/*
4204c315b91f283fc927bd3563fca26c,1156330100,12,www.niceloo.com/jzs/yx/*
4256273b49e52f32696fdc1f3467e1c0,1156440300,13,a.pusidun.cn/*
4299789b5e21cccb2adf5232716264c5,1156330200,2,www.niceloo.com/jzs/yx/*
42a53bba277460f370076d00218299fd,1156420100,12,www.jhwx.cn/zt/m_xfgc/*
42d01cb4777e7e2dfc3b0086c84f143a,1156330100,96,www.niceloo.com/jzs/yx/*
42fe96e08e1c950a5f8898d1851a0142,1156330500,30,fudaocq.com/jiaoyu4/t2/sem/baidu/mob1/*
431661f78957a7f64a4cf59eb22e2c69,1156440300,64,www.niceloo.com/jzs/yx/*
4349d313eed0810d688a1368dd94946b,1156141000,4,www.youluwx.com/*
4353a210f5f7c055b898f9cc5479d503,1156331000,1,www.youluwx.com/*
43ef021d3aa52af58ddb41ede2e2de21,1156330700,28,fudaocq.com/jiaoyu4/t2/sem/baidu/mob1/*
442b217198174307bc6777219bbb4192,1156331000,2,www.niceloo.com/jzs/yx/*
443df409263ebea876dc3fd8d587bdcf,1156430100,33,www.niceloo.com/jzs/yx/*
4452a5b093f919bc52df50c129813bca,1156330200,2,www.niceloo.com/jzs/yx/*
44df94a5ec7969c1325ce529a78163fd,1156430700,56,www.qddfxfpx.com/CFE/index.html*
44f8d9abf15429c2af9ce3ab0a6714d9,1156441900,25,fudaocq.com/jiaoyu4/t2/sem/baidu/mob1/*
44fe7c2a7f887a6bfcf04a3abe9e7ab0,1156420100,101,xiaofang.offcn.com/zt/xiaofangh5/*
452d0c1a6415679956257f75014ddef0,1156420100,18,xfpx.paboft.cn/m/*
45551d075e8902b85ce2ed218fa0933a,1156520100,22,www.geedu.com/zt/jzs/yx/*
456ef01ba3796bb3e83b55914a4c806c,1156420100,3,m.233.com/cfe/*
45e5723257ccab4b7caa7413392bcc42,1156520100,31,www.hqhwedu.com/m/*
4646a059cb6788c8c03fab91870fa901,1156420100,8,www.niceloo.com/jzs/yx/*
464b7ec9fa581e17edba01c6524bf437,1156520500,26,bj.hqmianshou.com/xf_mb/*
4676b909e449094943eafc18e08939d7,1156330100,1,www.xiyahongedu.com/*
46b7aa4753194a4504d5c5b8268555c4,1156330400,2,www.niceloo.com/jzs/yx/*
46bb4d98187ccdd56259768fea9f6e62,1156430500,78,www.niceloo.com/jzs/yx/*
4702617ad8bfd63839dfa936946da3b9,1156420100,1,www.niceloo.com/jzs/yx/*
47201af7f7e97e678cac56e1865400be,1156441700,20,jy08.yanganzixun.com/xfpc/*
4740bf5521de91e4c670266ddeb1425a,1156420100,1,xiaofang.offcn.com/zt/xiaofangh5/*
477a9dd3dafdb840de463c4728ab3be6,1156522600,1,www.feiyue119.com/*
478b75595e40335516a274db7e78002c,1156330400,4,www.niceloo.com/jzs/yx/*
47ea651c797ea2100636370d6daa59ec,1156420100,51,www.niceloo.com/jzs/yx/*
47f1a069d5376fa478b76daac9e6b97d,1156420200,4,xiaofang.offcn.com/zt/xiaofangh5/*
482c106ea7feb3d4b6148a84632b1365,1156330600,1,www.youluwx.com/*
482cb73a27c0459516bb9f67718b2c5a,1156411300,1,www.youluwx.com/*
487c6bec209ad235ebad0fc7da58ff9e,1156421500,3,www.niceloo.com/jzs/yx/*
487f6b12b5d5cce6450f5be334b6a2bf,1156441300,25,fudaocq.com/jiaoyu4/t2/sem/baidu/mob1/*
48fab03008c6432b49039d4f1a88e9a1,1156520100,29,www.niceloo.com/jzs/yx/*
4901a7e5a1825f0785d7683fe18247c8,1156330100,37,www.hqhwedu.com/m/*
495b8442ef2345fcf3f52f0d8cfd5e01,1156340600,62,www.niceloo.com/jzs/yx/*
496582d1d85d479d69cf74fdcf61a083,1156430800,1,www.niceloo.com/jzs/yx/*
499468bb40325479eb237dc6201867c8,1156330300,5,bj.hpwxb.com/xf-MB*
499becf8b5b273720422fe4cdb20c203,1156330100,15,www.niceloo.com/jzs/yx/*
49cad3a84bede5c1b4d3d2b23d314b20,1156440500,2,bj.hqmianshou.com/class_xf/*
4a02bd21f8612ba7582eafdecb984a60,1156420100,6,www.niceloo.com/jzs/yx/*
4aa19ec4b8d8f5f30a22bfd6daaf7600,1156450100,1,m.233.com/cfe/*
4afcbcfc51c7cfe3cc61bb8a4b404110,1156420100,25,www.yd119.cn/m/*
4b2060dae26158f2059084743cf7df7a,1156440300,1,m.233.com/cfe/*
4b41a91e737c2dc09477ec3b95f87099,1156441200,51,bj.hqmianshou.com/class_xf/*
4b5b7b4974c83b9f012eac5bf74b0f82,1156330300,5,www.niceloo.com/jzs/yx/*
4b80a17d45fc185d9eb749091fff12c6,1156440300,6,www.geedu.com/zt/jzs/yx/*
4c0b6e7ac3f1a37f52ff0de9cefa3328,1156430800,2,www.niceloo.com/jzs/yx/*
4c331efbe939f86fb628e20b8519e6fa,1156421800,1,www.niceloo.com/jzs/yx/*
4c3e59ff8d7500ca077c98bc15ee6ca8,1156330500,1,www.niceloo.com/jzs/yx/*
4c4199783a387066024c2c10073e14d5,1156420100,3,www.niceloo.com/jzs/yx/*
4cb81a48385d5933398eae0e1003ec79,1156421800,17,www.geedu.com/zt/jzs/yx/*
4cc8b6de7cfa7f3ca68e1b270c1a4382,1156330300,2,www.niceloo.com/jzs/yx/*
4cc91f144b38e8e587678b34b16a13c1,1156330300,1,www.niceloo.com/jzs/yx/*
4d01ba09147ff1cdcae766343df0c97a,1156430800,2,www.youluwx.com/*
4d9cfb52da6b5027c6d323089b887333,1156421100,4,www.niceloo.com/jzs/yx/*
4e2d7a6bcedfa15f2081048248f428d8,1156421300,1,www.niceloo.com/jzs/yx/*
4e7638c96957a85a694bac0e9385dda6,1156330100,1,www.niceloo.com/jzs/yx/*
4e925a111f09ccc6bccdfad7374da844,1156520300,179,www.niceloo.com/jzs/yx/*
4e950704b0acba2b894a3f4b72d0e95c,1156440600,13,www.niceloo.com/jzs/yx/*
4f9eb38d7494e35d6ccb1e72135f27b9,1156640100,286,bj.hqmianshou.com/class_xf/*
4fdf25f142733b442f4e7fd2efd76070,1156330400,3,www.youluwx.com/*
50150678379079f7feda6d02f125a2bd,1156330300,6,www.geedu.com/zt/jzs/yx/*
5019576f62e11b6a60a96524299a881b,1156330200,2,www.niceloo.com/jzs/yx/*
5026631b4a822a32651f8117c765126d,1156430100,15,www.niceloo.com/jzs/yx/*
50287bae5ff637d57451f753258ce034,1156431000,14,xfpx.paboft.cn/m/*
502adbda8806e388cb600731e95d08e2,1156420100,1,www.niceloo.com/jzs/yx/*
504d0f0a4ae818f4a108504d95ada368,1156330400,2,www.niceloo.com/jzs/yx/*
50ab4698ce30d5d4fdcb7d12cdf187b9,1156420100,8,akg.qkwwa.net.cn/xf/*
50fbb22c6e28ad94b0a5f01951d8e420,1156420200,1,yd.hthsvg.com.cn/XFSM01/m/*
510bd91437efc4e82a9b940158963727,1156330100,8,www.niceloo.com/jzs/yx/*
510c2130320b30b6dd7cd6929b834971,1156411000,13,www.geedu.com/zt/jzs/yx/*
519b26b49f10faeec33026eaa4e2e21a,1156422800,1,www.youluwx.com/*
520eb3a74930f0131ffe5c1fa9440beb,1156420900,81,www.niceloo.com/jzs/yx/*
52785b9250f0fddbf43277d66cba9f3c,1156431100,19,www.niceloo.com/jzs/yx/*
52e334f060b2ebce06b3ff62031c9da7,1156421100,72,www.niceloo.com/jzs/yx/*
52ebccda73178e9f076a1aeeb7ce39eb,1156330600,1,www.niceloo.com/jzs/yx/*
5305a291df6719ab1d35466ffaa970b9,1156411300,5,bj.hpwxb.com/xf-MB*
5322ab6d767a790a8933cbd2b515c572,1156430600,28,bj.hqmianshou.com/xf_mb/*
53283b229d612c5fdfddaaed0b653bd7,1156330100,1,www.niceloo.com/jzs/yx/*
542d369067aadc628e78998f40b58bcd,1156410300,61,www.niceloo.com/jzs/yx/*
5442016a8896c636c8cd3f7a031dfc71,1156440200,29,fudaocq.com/jiaoyu4/t2/sem/baidu/mob1/*
5485470febb7fbbadce1db4a4f05525b,1156410100,4,bj.hpwxb.com/xf-MB*
54904c99f73eba894a0802655a2b7674,1156430900,21,www.niceloo.com/jzs/yx/*
54a420b3543fc7c213beaa2f0e355cd9,1156430200,15,www.geedu.com/zt/jzs/yx/*
54c88b08e41af46bd44bcf3d40d7555d,1156441900,19,xfpx.paboft.cn/m/*
54f98b210643730ffb8e6e9866b98e25,1156430600,5,www.niceloo.com/jzs/yx/*
55416ebaaca1051fd4f04a5a32c07bb0,1156430700,8,www.niceloo.com/jzs/yx/*
5605c11fa9c123556c8f4c0763046fe8,1156421800,1,semwap.cnbkw.cn/xf_bktj*
563d19302a710dd11af8f140b36251e9,1156430100,7,www.niceloo.com/jzs/yx/*
567bffe8e24201b4a420843f1075862e,1156420100,5,yl.szfilmcenter.com/*
5687b9979d291a74e0aacc46ca8491b9,1156421100,1,www.youluwx.com/*
56d3b4f834760f2819c60c7dc72de64b,1156430900,14,www.niceloo.com/jzs/yx/*
570bbb530fbf6330feac607d5141754b,1156411200,1,www.youluwx.com/*
573dc79d913ad1a624a953ecdc225ac4,1156430800,13,www.niceloo.com/jzs/yx/*
57482e755262d9952a5b32946b15b54b,1156330100,32,www.hqhwedu.com/m/*
5759da5689a11932595901dde9301f11,1156440300,2,jy08.yanganzixun.com/xfpc/*
5777fbb5b68d59dbd1a167336f66c5ab,1156433100,2,www.niceloo.com/jzs/yx/*
57f125fe96f18eb6a87a64dd23f7a4ab,1156440900,24,www.yd119.cn/m/*
58395aabdf73f6a1675d331ef485cd2d,1156420100,1,www.youluwx.com/*
5968658f2544b5e93bc67c93ae513da0,1156441300,1,m.233.com/cfe/*
5b308589393a0b8eaea2401f1fad07c7,1156330200,49,www.niceloo.com/jzs/yx/*
5b3470fefa839be802e646ea07d10eae,1156330400,4,wap.adumm.com/*
5b66c2485dab58c9c6fe43960e2da8ea,1156440100,2,www.niceloo.com/yixiao/*
5bbf4c4224146f4335c12f48210366df,1156430200,2,www.niceloo.com/jzs/yx/*
5c0258c7c011ec83e4edfe4b99aa1a0f,1156441200,8,www.youluwx.com/*
5c44282d61fa11c21849c2e44eebae3c,1156431100,1,www.niceloo.com/jzs/yx/*
5c7c1131022735ef97e589f0bb359688,1156441900,56,www.niceloo.com/jzs/yx/*
5ccf08d9f27b90f4b4b1470a504b5dd9,1156420100,75,www.niceloo.com/jzs/yx/*
5d398d9a69772d6d615ce45d7f92c740,1156440800,3,www.geedu.com/zt/jzs/yx/*
5e070148a18baaf07211de843a234660,1156440100,26,www.jhwx.cn/zt/m_xfgc/*
5e343aa632a2b16e0851ef675a6079ba,1156411000,3,www.geedu.com/zt/jzs/yx/*
5e767ca523cb1a68574dd99932620354,1156330200,3,www.niceloo.com/jzs/yx/*
5f9231c699189d063ae6f7bf346ede83,1156510700,2,www.niceloo.com/jzs/yx/*
5fb2f9eb13c2660faf8ba70b221412f6,1156330600,4,www.niceloo.com/yixiao/*
6096a48a30646e0cde0077eefaf99a67,1156522300,23,hqhwedu.yytxkj.net.cn/*
60b2148a59ca920127dbda25cf4e9d07,1156420100,1,www.niceloo.com/jzs/yx/*
61260550572256788f67bf35a4bbc6f1,1156430500,39,www.niceloo.com/jzs/yx/*
612a8140e21fce1c1fdb7afb01b51b11,1156430100,9,www.yd119.cn/m/*
61d5b41085f31e59d75c83539e89434d,1156442000,1,v.233.com/cfe/*
61e8463bc4812534d383170e022ee705,1156431200,4,www.niceloo.com/jzs/yx/*
621ee623a03ab3741375079ad3ec9816,1156431000,48,bj.hqmianshou.com/class_xf/*
6236c8308897ee456ecffc20a134a79a,1156330800,3,www.niceloo.com/jzs/yx/*
62646dc88d670b250bf9414838ca41f3,1156420100,44,www.hqhwedu.com/m/*
633210436a32653c43f9fe832fcf9355,1156410800,32,xiaofang.offcn.com/zt/xiaofangh5/*
63ce3a740c0b7da013d660840b047dff,1156440300,5,bj.hpwxb.com/xf-MB*
63de80a552ab4827ff268a00a77d78a3,1156350600,5,bj.hpwxb.com/xf-MB*
643f1446783dce9a58b406784d340f18,1156411200,8,www.geedu.com/zt/jzs/yx/*
6444b8e1a622d767dbd45e49fc4cbd3a,1156420100,63,www.niceloo.com/jzs/yx/*
64afdcb18760cffed22fe9c4d34f78ed,1156330100,5,www.youluwx.com/*
64db8f488c7ec9f022fc51bb35988e59,1156330100,1,www.niceloo.com/jzs/yx/*
652c3602c77fa22343f802f129271c3a,1156330100,34,www.niceloo.com/jzs/yx/*
653b84069d12e1856357b25e5a4796ab,1156430500,32,www.niceloo.com/jzs/yx/*
6554afecf13fa03a86bf9643a4103089,1156430200,28,fudaocq.com/jiaoyu4/t2/sem/baidu/mob1/*
656815d52ce5130ed98180b044fd337d,1156330100,14,www.geedu.com/zt/jzs/yx/*
65afea1b550366ec839cd2fb554fea95,1156321000,1,www.youluwx.com/*
65b7d6796d8206b298b6bb1aedfa09c0,1156441900,27,www.geedu.com/zt/jzs/yx/*
65f5ff9eec03cfc8f659dc2193e7f5b2,1156330100,18,www.geedu.com/zt/jzs/yx/*
660bf2a4a52e5856168781f8d8647d90,1156420200,51,yidongm.zzbredu.com/*
661c77767e6d45a8d75bcdd97a90d8fc,1156440300,20,www.yd119.cn/m/*
665f8adb8aa0780d20c26d4287fcf610,1156420800,1,www.niceloo.com/jzs/yx/*
66617754bf5717cbb74591cac7b4e359,1156230100,1,m.233.com/cfe/*
668da7aa5b1b6ec853a0ef22c41dd69a,1156210300,14,www.niceloo.com/jzs/yx/*
669b2868a3b5d8e2778091334ad54c2f,1156330100,17,www.geedu.com/zt/jzs/yx/*
66d5ac0af97c48541a07c7401eec3642,1156440100,2,fudaocq.com/jiaoyu4/t2/sem/baidu/mob1/*
66dbb51a024b26d3bb24225fca4ec813,1156421000,3,www.geedu.com/zt/jzs/yx/*
670e0fbb61fa7737a5b461c0e122b498,1156330700,12,www.niceloo.com/jzs/yx/*
6740781dd0cccf43aefbdb53a7a1c87c,1156430100,25,www.hqwx6.com/class_xf_M/*
6758c6bc63da890163398643f547041e,1156330600,38,xiaofang.offcn.com/zt/xiaofangh5/*
677b8b71c416357f6a2be93122b5e77f,1156440600,18,a.pusidun.cn/*
68530170bda90d07a2e354861878b1fb,1156430100,20,www.niceloo.com/jzs/yx/*
68902e3f268503dce6ed828fa1061ded,1156441500,19,www.geedu.com/zt/jzs/yx/*
6894674575f50bca66b2e2bcd8a3b2e6,1156421000,1,www.youluwx.com/*
68ab75a09edfa5cc2e9e93728dc04e47,1156330100,1,www.youluwx.com/*
68cd1ee98a709c5e2737e13bfc280a23,1156440200,4,xiaofang.offcn.com/zt/xiaofangh5/*
690c8f03d0bd5aa2fc3296a69d0f05da,1156520100,11,a.pusidun.cn/*
69873dbdecae77dcee41ad1e8393ad9b,1156421200,71,www.niceloo.com/jzs/yx/*
698a32dd31383ce54c123544a39829ee,1156330100,4,www.niceloo.com/jzs/yx/*
698c3af931e255009e5ead3e692b3b42,1156440100,51,bj.hqmianshou.com/class_xf/*
6a07c56134ba31a8587a86df770bbc32,1156621100,16,bj.hqmianshou.com/xf_mb/*
6a1b1d452dfa8888949549d5eefd0f3d,1156440900,26,fudaocq.com/jiaoyu4/t2/sem/baidu/mob1/*
6a516d26157bb568d5f568a7c56c33ab,1156430100,84,www.niceloo.com/jzs/yx/*
6b07214b106a9fe06bed58727d008e07,1156330200,8,www.niceloo.com/jzs/yx/*
6b186f17decf9597262bfcc644121e00,1156522600,28,fudaocq.com/jiaoyu4/t2/sem/baidu/mob1/*
6b67f802003c8eae988e25b425280eb0,1156320700,13,www.youluwx.com/*
6c0a842cf449448d1ceac65bb7c8bc96,1156522700,14,www.geedu.com/zt/jzs/yx/*
6c772b7a559cb2023bcf5436f6108f52,1156331000,1,www.feiyue119.com/*
6caedc7191625fd19c4f842aef3dab9b,1156520100,18,www.niceloo.com/jzs/yx/*
6cc317320ec05ec09342f74bc010cc88,1156420100,1,cqiedu.com/xl/xf*
6cddfa8742e0245925d840ea7856cb36,1156440900,26,xiaofang.offcn.com/zt/xiaofangh5/*
6cf248b62dbe9dad8e33c3959c5a359a,1156440800,63,www.niceloo.com/jzs/yx/*
6d05398b84f71c7e5eeaa65b7a993db0,1156520700,5,www.niceloo.com/jzs/yx/*
6d4f96b1add5b448769ab78e05b9c95b,1156420800,1,m.233.com/cfe/*
6d6b2c72a4603feb22d7d05bb0b4e6ef,1156441900,17,xfpx.paboft.cn/m/*
6d73098ef70808a2e721b47903a303c5,1156440200,6,www.hqhwedu.com/m/*
6d8684e51071660f6f52a58b9ff3e913,1156420900,65,www.niceloo.com/jzs/yx/*
6db4e3ceffb6e33e1a3fc6e0714f40e3,1156442000,1,m.yahuedu.net/*
6dc13498b4389b5532bfac212f1aca11,1156441800,26,www.niceloo.com/jzs/yx/*
6dd11ca8ab9b16bee9a8694e1656b78e,1156440600,1,fudaocq.com/jiaoyu4/t2/sem/baidu/mob1/*
6ebf74b57f6d293252c1d484b74de1aa,1156431300,5,cqiedu.com/xl/xf*
6eee4fefbb4a54d400e86463dcab1caf,1156430900,26,yd.hthsvg.com.cn/XFSM01/m/*
6f43bc1927624539eb75cc13850a0d97,1156320500,5,www.niceloo.com/jzs/yx/*
6f6e3e453cd74b17a288aa0faf7ddeae,1156520100,35,www.hqhwedu.com/m/*
70009afd2b318c4c4828aae0f07d5d1d,1156331000,13,www.niceloo.com/jzs/yx/*
700d7b3579eb972225c6adc3f8796c72,1156420800,2,yl.szfilmcenter.com/*
705c890107b2d1a621bcbf30a900d9c9,1156450800,15,zhwx.cnjunshiying.com/m/*
705e7e4bd765362b0fb1fb90c6e308a3,1156411000,4,www.geedu.com/zt/jzs/yx/*
70b8ff8b38635859e92e3b6878fdeeec,1156331000,3,www.niceloo.com/jzs/yx/*
710bd66924fd55bd71e98e4494d55c34,1156420100,4,www.niceloo.com/jzs/yx/*
71554b56f0780b14d7d5c27766b75fa5,1156520200,9,www.niceloo.com/jzs/yx/*
7157c9f632809d71aecf954165ed40cf,1156340400,7,xfpx.paboft.cn/m/*
71ad7e07e2658a51d4c485cc7f268147,1156360900,28,xiaofang.offcn.com/zt/xiaofangh5/*
71fdd496ee51f9f4f36a6b3d4d00e6f5,1156411500,1,cqiedu.com/xl/xf*
721449f816c723f99b222168e17868eb,1156520100,28,xfpx.paboft.cn/m/*
722e5b2d318c2c68734eafbf2630b086,1156330200,7,www.niceloo.com/jzs/yx/*
729733f97e9455d171c80f4bba64accd,1156330100,1,www.niceloo.com/jzs/yx/*
72a09a8934e0705414a941da7e007ded,1156330400,2,www.niceloo.com/jzs/yx/*
7356dc6756860e335ecafdb72c20a8e5,1156441900,23,bj.hqmianshou.com/xf_mb/*
73e0a11ccfd6a82b65f100b40805ce17,1156421200,5,cqiedu.com/xl/xf*
73e3cb93e3de81bbaad2e40b35394764,1156330100,29,www.hqhwedu.com/m/*
73f16e063362328dabfff8470b55e3a1,1156420500,9,www.niceloo.com/jzs/yx/*
74552e19e12648eadfc91fa3d45b8712,1156440400,27,fudaocq.com/jiaoyu4/t2/sem/baidu/mob1/*
749c107bbba5c4719bcb2396250ce10b,1156421200,1,www.niceloo.com/jzs/yx/*
749dcc2a90f608ba92d471a5231cb516,1156442000,49,bj.hqzj.com/class_xf_360_m/*
74a44995ae138a547ff09f9dada78147,1156440600,1,www.yaomiedu.com/wap.html*
74c33f8b862c13d2b5dc8da6dfed75bf,1156420100,3,www.niceloo.com/jzs/yx/*
74d275d176c7e0f4e4093144b970450b,1156441900,6,xiaofang.offcn.com/zt/xiaofangh5/*
75116e65ebdf67b776b32007f1c07d41,1156330100,25,bj.hqmianshou.com/xf_mb/*
7517b378fae819fc9a1e024a13bd52cf,1156520100,16,www.niceloo.com/jzs/yx/*
753a696bfcdce070579588d5c189bbfd,1156420200,1,www.niceloo.com/jzs/yx/*
756e2d5489804429173f2f688f61a0ac,1156511300,28,yidongm.zzbredu.com/*
75841b0872c53c9a50ffdc4fb21068b4,1156440100,1,cqiedu.com/xl/xf*
7588fb8cdbdd626d0b00be0ff6507813,1156420100,5,www.niceloo.com/jzs/yx/*
75ea59d7420998ec63289ab49911f7e4,1156520200,81,fudaocq.com/jiaoyu4/t2/sem/baidu/mob1/*
7619c34cb9f3f45323709c01f773217b,1156430100,6,cqiedu.com/xl/xf*
76319eab9e666abeafed94bac74f66b5,1156500000,27,xiaofang.offcn.com/zt/xiaofangh5/*
76506380a57980d4551ed67adcc4f0ae,1156441900,2,www.youluwx.com/*
77065dc108652e4a1414d5367d047ec2,1156420900,24,www.hqwx6.com/class_xf_M/*
77333c0dd11cdbecbba1c0c69922ae6d,1156520400,69,www.niceloo.com/jzs/yx/*
77ad9b87a515647800dcd0f14d56dce3,1156422800,1,www.niceloo.com/jzs/yx/*
78dfead2ade1a5f888df852146eb4ecb,1156130600,1,www.niceloo.com/jzs/yx/*
7929ada035a1cd9fec99a2d4ac0608ea,1156532300,21,bj.hqmianshou.com/xf_mb/*
792d652d844a618493bc597dcd672e66,1156430600,16,www.geedu.com/zt/jzs/yx/*
796eb7b86b776b709f5423364eed3f44,1156360100,2,www.niceloo.com/jzs/yx/*
79cac68c2d8cc0293ce1b0951608200f,1156431200,76,www.niceloo.com/jzs/yx/*
79d961f6eb4f942d1e9e7a6b982de0df,1156330100,1,www.niceloo.com/jzs/yx/*
7aaecf14dc8791f8a15b3aada8eed052,1156330100,31,fudaocq.com/jiaoyu4/t2/sem/baidu/mob1/*
7abae01fd3df049d8767aa7aba638940,1156350500,2,www.niceloo.com/jzs/yx/*
7b348a0154a3539bbe9b34849c7ddea5,1156421000,26,www.yd119.cn/m/*
7b382730759a6741580f4f205685c242,1156330300,4,www.niceloo.com/jzs/yx/*
7b550b3e0e46614c0ea203029916e06c,1156330100,1,www.niceloo.com/jzs/yx/*
7bccd5ea69230edcc536c2878e61a3ba,1156330100,21,a.pusidun.cn/*
7c97074b68b1beab4570c403a768fed6,1156421100,6,www.geedu.com/zt/jzs/yx/*
7d4d1324c6f1a7d4e84d34540e5cd26a,1156330100,38,xiaofang.offcn.com/zt/xiaofangh5/*
7d8639c897a0a2f451fea1ced2258eed,1156421000,12,www.niceloo.com/jzs/yx/*
7da3e5ae39cceaaff6d152d4149e2f8d,1156420100,2,cqiedu.com/xl/xf*
7dc2ce37c9ecea0002b03ddc0df041d9,1156420100,2,www.niceloo.com/jzs/yx/*
7e08813c65621efbdcbd1ad877a73f4b,1156421100,8,www.niceloo.com/jzs/yx/*
7e4d959779ca0a1b1537aa62d722278e,1156330100,28,www.hqhwedu.com/m/*
7ee08264df2a71e771aee1fc4a129390,1156520100,3,m.233.com/cfe/*
7eea59f7c7c03379f10df169042b54f7,1156420100,2,www.niceloo.com/jzs/yx/*
7f27599727b14203e145131d1e3e0beb,1156420500,5,www.geedu.com/zt/jzs/yx/*
7f4c0d561cf5a1b7e13ea5485267fb3e,1156420100,4,www.niceloo.com/jzs/yx/*
7f596e73e514ac82458afa355402f5c4,1156420800,4,www.niceloo.com/jzs/yx/*
7f7d7a3bfa91178d0c6c5abb1d1be508,1156420100,34,www.hqhwedu.com/m/*
7fbe01d325e46c02fb790ec031d88ffd,1156420500,51,jy08.yanganzixun.com/xfpc/*
80670fd75a702743ac979a2dbfe015bf,1156421100,2,www.niceloo.com/jzs/yx/*
806aee565bd1eb261d8048d0ad86555e,1156441900,1,www.niceloo.com/yixiao/*
80790e37dc80c5f1dcddda8f3bdb0e99,1156520300,17,www.hqhwedu.com/m/*
80d1228578ed0976242ffaefbf9198fb,1156450100,10,www.niceloo.com/jzs/yx/*
80ebd5f4dd2ca4e6065f8e8e3e1987f3,1156440600,24,fudaocq.com/jiaoyu4/t2/sem/baidu/mob1/*
8113aa4efed07419b4296ef81c1ff37e,1156422800,3,hqhwedu.yytxkj.net.cn/*
813bd8c5bdf080f441e933d364d598c1,1156420300,18,www.niceloo.com/jzs/yx/*
814353b88dfa95be265dd58fb286d832,1156430500,1,yl.szfilmcenter.com/*
8188b73a766ae64724775247a055bd90,1156341600,5,yidongm.zzbredu.com/*
818fa825db1a7e9e3f9f58cd51f5f2a8,1156440300,19,bj.hqzj.com/class_xf_360_m/*
8219aa5f325356c993123a27736f483f,1156440600,1,xf.ktrte.cn/indexApp.html*
82417d725b70e8f25b7f8500bff6d4b8,1156320100,4,fudaocq.com/jiaoyu4/t2/sem/baidu/mob1/*
8281d0346107664ab56f4aa0e2574a6a,1156330600,1,www.feiyue119.com/*
82e957bae7e5686da28c8245828f7b85,1156500000,22,fudaocq.com/jiaoyu4/t2/sem/baidu/mob1/*
8315dd66a6956d3dc15f0904d717003d,1156330700,5,yidongm.zzbredu.com/*
8381d80a6e8a57a93af07152ebbd6d99,1156350100,5,www.youluwx.com/*
83f3d96ae1c7db90fa66bd1607897e47,1156421500,46,www.niceloo.com/jzs/yx/*
8458e54ff299ebbec678547f713cb735,1156420100,1,wap.bangkaojiaoyu.com/xf*
848106eef696af4aec4ef21e48c8c716,1156361100,2,m.233.com/cfe/*
8523e346648ee081b3f11fdcb54e1e8e,1156520100,56,www.niceloo.com/jzs/yx/*
852a81f62a55772a80f698cf96c95263,1156341700,8,www.niceloo.com/jzs/yx/*
857925223f21bfa6478c7320e9273fc2,1156420100,23,www.yd119.cn/m/*
85d9e6760fbb6e16b9c5b9267dfb8c94,1156330100,2,www.niceloo.com/jzs/yx/*
865415608907bb55c925f2507ec67adb,1156441300,1,wap.wangxiao.cn/h/cfe1.html*
86579be037bbe7c1bc65df95266d9ece,1156330100,1,www.niceloo.com/jzs/yx/*
8691458225cd5f7fc319dae5c73282b6,1156450200,16,www.niceloo.com/jzs/yx/*
86a0a04b914a29ecbb0cb80d0a473981,1156440100,1,a.pusidun.cn/*
86f1cd1e98b57e34e40430d25f59a11a,1156331000,1,www.yd119.cn/m/*
872991e50671b55f0ba2e381b5210553,1156421100,2,www.niceloo.com/jzs/yx/*
87c5a9e1b6600f5f1b3369aab5a39aa9,1156421000,16,www.niceloo.com/jzs/yx/*
87d6402900a22aa952b91fa4b4fd9fd7,1156520100,21,www.yd119.cn/m/*
87fdb7429d27fcb8f03616ca36fd85b2,1156421300,68,bj.hqmianshou.com/xf_mb/*
8813546b557ed673226456c7e5ed5585,1156451100,52,www.niceloo.com/jzs/yx/*
883b451e18e8548a39c81cdab4cb9cab,1156440400,1,www.youluwx.com/*
88426d89c72ec9ecae7197ab7fae1c8b,1156511600,1,www.youluwx.com/*
8916ed6a1f99af0bd8cbd80925799132,1156350900,22,www.niceloo.com/jzs/yx/*
89b4592d0f1e3305f89820be12e4b6dc,1156420300,61,www.niceloo.com/jzs/yx/*
89c3c6023b26168bb2cd91cd49d88c17,1156440300,5,fudaocq.com/jiaoyu4/t2/sem/baidu/mob1/*
8aa8fbbef22d4f2fb00f55bdf980c44c,1156310000,13,www.geedu.com/zt/jzs/yx/*
8abb32711390b2e78e0faf4f68c2a865,1156330300,46,www.qddfxfpx.com/*
8b28225d846ccb5a85a4dfa831e7c80f,1156120000,111,www.hqhwedu.com/m/*
8b6a85891658d317efe7df67f5aefda0,1156440300,21,www.niceloo.com/jzs/yx/*
8b797e12a91baa7b676db9ecef0209a2,1156330100,1,m.dengyuanjiangong.com/zt/xf.html*
8b7eda5cb37ec439ef5970422408a385,1156341000,25,www.hqhwedu.com/m/*
8c08e010f2b8c6413904e0085b900867,1156431400,21,www.youluwx.com/*
8c54df02ca19a5e1b672499b24601d83,1156420100,1,www.niceloo.com/yixiao/*
8c89c781193384b78ba2bb1f17c3e6d4,1156361000,20,fudaocq.com/jiaoyu4/t2/sem/baidu/mob1/*
8cc4fec2730d5974924cc7aa4ca3e8cf,1156421300,4,www.niceloo.com/jzs/yx/*
8d1ebad10aaf9ce4fc7e6c773dc51210,1156511500,1,www.yd119.cn/m/*
8d5909a5cae3f1ad5811cf69f185dd22,1156522400,6,aq.an03.cn/*
8d6ddae9195d204f08842896f11ec384,1156330100,18,www.niceloo.com/jzs/yx/*
8dd39db68c4a6bd2232639cf8420d9f0,1156420100,14,m.233.com/cfe/bktj/*
8dec849e13e5c0b64c1f70be7b6070d4,1156450100,22,xiaofang.offcn.com/zt/xiaofangh5/*
8df32d757997ac2dfbc27fd23622ac1a,1156330300,1,www.niceloo.com/jzs/yx/*
8dffcf5cb3c0c871adb23d0e4e2e94d7,1156441400,2,www.yd119.cn/m/*
8e0526a36f4255424e5adbeb14717e48,1156441900,1,wap.adumm.com/*
8e25d5a232c846bc0725b01596df65b6,1156440300,5,www.youluwx.com/*
8e290a17f3543045721913d7d4300eeb,1156421500,37,xiaofang.offcn.com/zt/xiaofangh5/*
8eb002162c9eae11498924b52eb98f1c,1156520100,63,www.niceloo.com/jzs/yx/*
8f76617d9c804d145e6291ac337287a5,1156440800,1,www.niceloo.com/yixiao/*
8f9ea6834f78ede83abc6e467faf4e91,1156440300,1,www.niceloo.com/jzs/yx/*
8fb71493b0a93f9b081fc74f7661bb9c,1156430400,28,fudaocq.com/jiaoyu4/t2/sem/baidu/mob1/*
8fe4725da4647770ae4f7c75876bf980,1156421200,8,www.geedu.com/zt/jzs/yx/*
9025efc888cfeeef7c81bad4d570ee61,1156520100,14,a.pusidun.cn/*
906d3c49f328fb43d86f6a0f3ef81871,1156440200,55,www.youluwx.com/*
90ad96fe463ef62f3580f7e11d09dea9,1156330400,18,xfpx.paboft.cn/m/*
90b1069cb44e8dac687357603796360d,1156420100,3,www.niceloo.com/jzs/yx/*
90cd263780f5099b767a968c190916bd,1156430700,24,bj.hqmianshou.com/xf_mb/*
90d89a30f1a0923bbb147d2583732973,1156330700,3,www.niceloo.com/jzs/yx/*
90e146ff6ab03a86a18746ba875e19ee,1156430200,11,www.niceloo.com/jzs/yx/*
914994167b0c1b1cf050ec66c6060197,1156520100,1,www.youluwx.com/*
91692274e33eb3c9b9a846faaef4c166,1156420100,1,www.youluwx.com/*
91fd7230f03a702b1e4e93414fe1f64c,1156420100,9,www.geedu.com/zt/jzs/yx/*
9210a6607910ddb7af0b638a6a045f7c,1156330500,2,www.niceloo.com/jzs/yx/*
926eb241616b9af1bc4e5b897ed0153c,1156420500,14,www.niceloo.com/jzs/yx/*
927f9c0c0d9e9694c7729c729ccb3175,1156510300,12,www.geedu.com/zt/jzs/yx/*
9282314b3c33a48cdfdfea00135dc1f9,1156430100,15,www.niceloo.com/jzs/yx/*
928360ebd693109394c9a7858b8844bc,1156520400,38,zhwx.cnjunshiying.com/m/*
928e18de41a02c00aaeb040670a0d547,1156440300,1,m.233.com/cfe/*
92df6e903909e1c0ac50951f28333939,1156430700,101,edu.yytme.net.cn/*
92edf42bb8a6f406d005e0b6d6da67e9,1156331000,6,wap.adumm.com/*
92f6d4bab791ba95a45cb3ea5212ee33,1156440100,28,fudaocq.com/jiaoyu4/t2/sem/baidu/mob1/*
932b6e062cde9c5881ef8d5f821a520d,1156330400,11,bj.hqzj.com/class_xf_360_m/*
9335f70976e8a05dd3bc8cf8a3620c87,1156430900,9,cqiedu.com/xl/xf*
935bb5d9784f6cf4ce3248c0cf413a4b,1156431000,1,www.niceloo.com/jzs/yx/*
9377437e25c1ec944674ec8e1458685a,1156330300,2,www.niceloo.com/jzs/yx/*
9468a36a2d512058280a60915822bc9b,1156430100,5,www.youluwx.com/*
947925049e240415057d8b9c91b0d2e6,1156520300,3,www.niceloo.com/jzs/yx/*
94bc9db6ef45ab810521801154f838fd,1156440200,89,119djkt.com/APP/*
94d3b1e5f755f4e61048909a4c55a1e5,1156522600,63,www.niceloo.com/jzs/yx/*
94e1b07bffb88cbff20a4f87f0adbf12,1156520400,1,fudaocq.com/jiaoyu4/t2/sem/baidu/mob1/*
9529e528c4935d307f9b11149d9f0289,1156440100,46,jy08.yanganzixun.com/xfpc/*
95d8fed611c7ed0a6a5ab7d15c651845,1156420900,3,www.niceloo.com/jzs/yx/*
96017263c8cffc3f0884b782f5d25d6b,1156421100,15,www.geedu.com/zt/jzs/yx/*
96242505ace10b49665c09446b6580a2,1156440300,20,www.youluwx.com/*
9665cddef03bf20b43e89ca93d118baf,1156422800,24,www.yd119.cn/m/*
9689eba6cb5b92084ad6a3aae49abf58,1156420100,3,www.niceloo.com/jzs/yx/*
968a24086a00cc38102bbc676c26ca8a,1156330500,3,www.niceloo.com/jzs/yx/*
9787705fcf3cf51b739eed83c07fe21b,1156430100,14,www.niceloo.com/jzs/yx/*
97a1eb7d604ad2bf1f39c7b16ab39fdf,1156330100,63,fudaocq.com/jiaoyu4/t2/sem/baidu/mob1/*
97ac1a2697e737a7a799b629ef4ae9f6,1156431100,2,m.233.com/cfe/*
987e27570d6b19525ef7526a39cd072a,1156330200,4,www.niceloo.com/jzs/yx/*
988b3fa78595a1cbe66f9f9ae7136d50,1156330200,45,xfjy119.txdsne.cn/*
9935c34a91cbb850af331903c90f3444,1156420100,1,www.youluwx.com/*
993fae1fea3ff9feb37a2dcef396b6ae,1156420100,15,www.niceloo.com/jzs/yx/*
9975624e6819a640d625b6db779a9391,1156440100,2,www.niceloo.com/jzs/yx/*
99a4c0d5661e36dc0d443c6a180c98af,1156331100,8,kuangjia555.zzbredu.com/*
9a27d17f34ad2344669fc8f514e23b12,1156421200,1,www.youluwx.com/*
9a7a3c16e2b4fa5f1ecd0800b9383818,1156360700,30,www.hqhwedu.com/m/*
9a949d1fae09962d8ea0efb03dd2c649,1156440100,16,xfpx.paboft.cn/m/*
9abfefa0079a700da3c890f49ffe110e,1156430700,30,yidongm.zzbredu.com/*
9adbe3c5e8d861c20557bd3475779b3d,1156420100,13,www.youluwx.com/*
9b370d5fd9598ba810815194e9387ee1,1156440200,61,www.niceloo.com/jzs/yx/*
9b3983a9f57693502f75cecd9c85e4d5,1156330100,38,www.hqhwedu.com/m/*
9b6bb1a7e8658fb3b16a30e06367c224,1156330100,2,www.niceloo.com/jzs/yx/*
9bb5a70b815209bfe9b6a209dc17d7b5,1156430700,1,www.youluwx.com/*
9c1020f635cd41006ed98beb7d1998d6,1156420100,9,www.niceloo.com/jzs/yx/*
9c464cf14394e0b8b43b2a0108b28df2,1156430500,5,jy08.yanganzixun.com/xfpc/*
9c4da06c31e1ad50da0330dc7c9075ab,1156440100,86,www.feiyue119.com/*
9ce5abaa43a30a95505c0582fd835469,1156361000,1,www.youluwx.com/*
9d0d3a655508026931fb4f95a222dd4c,1156441300,50,www.niceloo.com/jzs/yx/*
9d4804fc55bef48536ebbcd63cedbe53,1156360100,8,www.hqhwedu.com/m/*
9d6947ae49aba47daad5d993bdf6dc7b,1156440300,3,www.niceloo.com/jzs/yx/*
9d894d0f1ad119cbac07e5745ac998ed,1156341600,11,www.geedu.com/zt/jzs/yx/*
9d8a5cf560cb8cbb69176f215f4460c9,1156330300,2,www.niceloo.com/jzs/yx/*
9dc8280bca2a707e25575332fb8711c1,1156440400,24,www.niceloo.com/jzs/yx/*
9dc87ce373d64740c3bcb2854156add1,1156441900,17,a.pusidun.cn/*
9dc99d07b064c65fc08ff478b8d3d1bf,1156430300,27,fudaocq.com/jiaoyu4/t2/sem/baidu/mob1/*
9e40fc121d9f2e2aed4959cc55f38f18,1156420900,1,www.youluwx.com/*
9e507d96a3f580673f4df3d1212eb0c7,1156440200,65,www.niceloo.com/jzs/yx/*
9e7375314f82b732a2ebcf3afcda5bc1,1156430500,6,www.niceloo.com/jzs/yx/*
9eb15dce8df971da2efcf18af98d94b3,1156430100,1,www.niceloo.com/yixiao/*
9ede726a30bf0137e6eab0970e0611a5,1156420100,1,cqiedu.com/xl/xf*
9ee2284ce221571851ae332f4e0acc3b,1156420800,1,cqiedu.com/xl/xf*
9f19a4189b0d3ad34af5051306bb1ac9,1156330100,8,www.niceloo.com/jzs/yx/*
9f1a30a3472a73cc4e866439a83d57f7,1156420100,8,www.niceloo.com/jzs/yx/*
9f323889a13af2823c68a83a82664891,1156430400,17,www.niceloo.com/jzs/yx/*
9f64370230be62407368e35100fe051b,1156360900,35,www.hqhwedu.com/m/*
9f8ee30618533b3c6d62187f3a57bdc5,1156450700,26,www.geedu.com/zt/jzs/yx/*
a0838e476756a7f241bfc99828bc3160,1156431100,1,m.233.com/cfe/*
a0aec809e4b626ec608706e972c8b49f,1156421100,25,hqhwedu.yytxkj.net.cn/*
a0c354af9559972cd99fec56a7cba6bb,1156360200,27,www.hqwx6.com/class_xf_M/*
a0c6957dbbb3b4a1920c128fffb7bf3c,1156420100,3,www.niceloo.com/jzs/yx/*
a0cb11b40621c50a5168bff19c34bdc1,1156430600,64,www.niceloo.com/jzs/yx/*
a101cd4713f42ef389b05e9f2949d037,1156330700,15,www.niceloo.com/jzs/yx/*
a266fa4782e3d8eab85142543730fdf1,1156430400,3,www.niceloo.com/jzs/yx/*
a27ca86ba0feff657c325a7dadde72c6,1156422800,5,cqiedu.com/xl/xf*
a321e68204663034573a883681f385ff,1156420100,13,www.hqwx6.com/class_xf_M/*
a338c26ac367eddbc3a18deb07a27d77,1156522200,40,xiaofang.offcn.com/zt/xiaofangh5/*
a35503aa157493729ea1de80f65e24f5,1156420100,4,www.niceloo.com/jzs/yx/*
a3b3aa8d1f6adea8a48f6da157b45b86,1156431000,7,cqiedu.com/xl/xf*
a3e72bdf35c2f8f1c73cf15998930358,1156520200,2,www.youluwx.com/*
a3f6a9c1c2e29f43c46fc977d14f670d,1156420100,68,www.qddfxfpx.com/*
a4082c63ef0c0311497ea4ab60f213b3,1156520400,24,bj.hqmianshou.com/xf_mb/*
a441310354e112340a0c4d8b86a30be4,1156430300,22,yd.hthsvg.com.cn/XFSM01/m/*
a494f442addfe71c978a221dbd2ecd60,1156441900,49,xfjy119.txdsne.cn/*
a518d0d6f8c76a80cb4f772229e9d041,1156430900,5,bj.hpwxb.com/xf-MB*
a57504f954e074d34a1749240ac25895,1156511700,4,www.niceloo.com/jzs/yx/*
a58084b81a132712ec5c04434fac62c8,1156520300,10,www.niceloo.com/jzs/yx/*
a593a02c61f7a0f3023e802986243c26,1156431100,47,jy08.yanganzixun.com/xfpc/*
a5ab015ca6614cc9e4f13f13fa4467e4,1156420500,2,www.geedu.com/zt/jzs/yx/*
a5d95416275b6cd39bdec46560cfa81d,1156513400,1,m.233.com/cfe/*
a5e1ccf04fd9b84ecc62cf86243797b4,1156411700,2,bj.hpwxb.com/xf-MB*
a62d81a62a1477b9cff73cd16c974a7f,1156330100,3,www.niceloo.com/jzs/yx/*
a6417902e60364a6232717131c3aeb45,1156330200,1,www.youluwx.com/*
a66d3585980849da6dacd4208e69c464,1156420100,5,www.niceloo.com/jzs/yx/*
a69c2f7f77056831300ab6b4a687f799,1156321300,3,www.niceloo.com/jzs/yx/*
a6b40fe895ffe85a7c5b3ffb544ef45e,1156330100,10,bj.hpwxb.com/xf-MB*
a78e687e904f19427951b48496942ef0,1156420900,31,wap.adumm.com/*
a79c75a59bbb857ed0140412781f30be,1156331000,2,www.niceloo.com/jzs/yx/*
a7e9b5403c5d51ce0720629fc6c260ba,1156430400,34,xiaofang.offcn.com/zt/xiaofangh5/*
a80329ac12b36d6118435fc3ff95d142,1156320700,1,www.youluwx.com/*
a8426799439967eb8b38e45143a697d7,1156420100,1,wap.bangkaojiaoyu.com/xf*
a8667007b6da65499a79ca167ab93a45,1156510100,5,www.niceloo.com/jzs/yx/*
a9b55212b2a87fa50fcc4a8faeb8c7f5,1156431000,4,yl.szfilmcenter.com/*
a9d324c327baf6b8bd76cce52171c97e,1156420100,14,www.geedu.com/zt/jzs/yx/*
a9d77f8401d39cbace6e72e6069ed89b,1156420100,10,xfpx.paboft.cn/m/*
aa178c2c7e9c4a61fe25d3493650d43a,1156330200,32,www.niceloo.com/jzs/yx/*
aa2b058b2b355ebe1209d62ad375558c,1156420100,1,www.niceloo.com/jzs/yx/*
aa3dbfc4cac049405f5ffe4619e4625d,1156441300,62,a.pusidun.cn/*
aa685aeff6d20d4724a754444a4fc7d8,1156330100,2,www.geedu.com/zt/jzs/yx/*
aa8f4ca54a6ea49f7a12799ad3a0dc0a,1156442000,18,xfpx.paboft.cn/m/*
aad51fb21db1c9fa89f0ec8631f846b5,1156430600,2,www.niceloo.com/jzs/yx/*
ab44b749ad550c474517e89098cdaafa,1156420100,40,119djkt.com/APP/*
ab747b3981e78118599dceb674536813,1156431300,21,www.niceloo.com/jzs/yx/*
abb9c9a37b4bc2ecdb0dbee969c9ef86,1156420100,1,m.233.com/cfe/*
abef04aef243ab6f7b38889fe3e898db,1156330500,3,www.niceloo.com/jzs/yx/*
ac700dcbfaa8af0e661c4cd70dcaec7b,1156610900,31,xiaofang.offcn.com/zt/xiaofangh5/*
ac768edc49d6175cdb5b1de85da63b17,1156520200,25,fudaocq.com/jiaoyu4/t2/sem/baidu/mob1/*
ac7b6f25e2535e1a45ccd87111bd7d0a,1156441900,19,www.youluwx.com/*
ad3160fdd41ad5f29df6e3dc7258fce2,1156450900,10,bj.hpwxb.com/xf-MB*
ad3bf956b847ce611f401357f11a01a3,1156500000,42,www.geedu.com/zt/jzs/yx/*
ad8fad0665124daf61d1b80991dc05a8,1156440100,1,zhwx.cnjunshiying.com/m/*
ada955f3f0fc9065f744d0e09c520fea,1156440300,29,fudaocq.com/jiaoyu4/t2/sem/baidu/mob1/*
adb41bcfe0f8b2496ab89363786f7b6d,1156430100,6,cqiedu.com/xl/xf*
adb4bb24d3a2da0c1681cbc258975842,1156441200,14,xfpx.paboft.cn/m/*
ae714a7093b86e4d4c935e7647445903,1156510500,1,yl.szfilmcenter.com/*
ae7cf6e6d1a3535f8d57ea76592a1267,1156430300,53,www.feiyue119.com/*
aebbdac651ecadff9ba639bfba64fe2a,1156450100,14,www.niceloo.com/jzs/yx/*
af3dc759963af993f9030a9f3359c5f3,1156330300,2,www.niceloo.com/jzs/yx/*
af61d3b878938784fc121c05b85f491d,1156420100,8,cqiedu.com/xl/xf*
af7a7718e34581d436d94a7bab6d5549,1156420100,1,www.niceloo.com/yixiao/*
af80faa109b56203db90f0e5f0372069,1156330100,56,fudaocq.com/jiaoyu4/t2/sem/baidu/mob1/*
afbaad75c6cfe4c3a30309603233043e,1156522300,26,fudaocq.com/jiaoyu4/t2/sem/baidu/mob1/*
afe95f24022bbf029ed3c998b076785a,1156440600,5,wap.bangkaojiaoyu.com/xf*
b0030345562004f8554f87a3308708a7,1156421100,17,www.geedu.com/zt/jzs/yx/*
b08c875228a01d6f3cb02847c8e5d5aa,1156440600,30,yidongm.zzbredu.com/*
b10e0ae28643ebcabc0b2ab923c93b00,1156141100,5,www.niceloo.com/jzs/yx/*
b26c3fe46ea731d6d2e19aa434144252,1156330200,2,www.niceloo.com/jzs/yx/*
b28ad722ade9ee8da61abdc0ad93036e,1156420100,5,cqiedu.com/xl/xf*
b2f70807bed04e67efb1174b03b9f534,1156440300,1,www.yd119.cn/m/*
b30fb7ee660a0ab0bcd3e4311419ae45,1156431100,19,xfpx.paboft.cn/m/*
b34e1da9af8678b6e49af875ca06527b,1156522400,26,fudaocq.com/jiaoyu4/t2/sem/baidu/mob1/*
b3592c648b19f4490fc9e8064ea726c0,1156430100,6,www.niceloo.com/jzs/yx/*
b3a9ceda26f5c519bbbd974fbc30b904,1156330200,1,www.niceloo.com/jzs/yx/*
b3bb1c06bb5acc57b2096d2e299600a6,1156520400,3,www.niceloo.com/jzs/yx/*
b40fb0f5f92c86911d330f009de31fc6,1156330100,2,www.yd119.cn/m/*
b43036b56aab74de704e301e168fe566,1156431200,1,www.youluwx.com/*
b43cb3ae9194e338db2cb8ed822e4761,1156330700,1,xiaofang.offcn.com/zt/xiaofangh5/*
b4515d959c4ca9a1cf8e11a5acb19539,1156331000,5,www.geedu.com/zt/jzs/yx/*
b4698136b0894db841e9a49b12bcad6e,1156520100,1,jzr.kesmg.com.cn/jianzhu/wap/yixiao.aspx*
b49e8ca3fe39747e323bbd4cc6984f17,1156610500,16,www.geedu.com/zt/jzs/yx/*
b4a72b74151d8b4ef9af9d7f51d08294,1156440400,94,xfpx.paboft.cn/m/*
b4e21ac0b50ab28c9a07dac513ab70eb,1156500000,28,yidongm.zzbredu.com/*
b50b4d8f029aa1c3ddc8141473ecbf71,1156440300,5,www.youluwx.com/*
b58496b670e48623ffea57be15dc2363,1156520200,11,www.geedu.com/zt/jzs/yx/*
b5997a7e10b3ae6b2efd7cdb4d8db56a,1156430700,1,www.niceloo.com/jzs/yx/*
b607f7ef760ac65a618f381f512f02b9,1156430300,26,fudaocq.com/jiaoyu4/t2/sem/baidu/mob1/*
b6814cc217fdab72b6a40e142477b615,1156430900,36,www.hqhwedu.com/m/*
b691964fdee1546addb95cb14a7f2628,1156320700,1,www.feiyue119.com/*
b6a499fb9afa666999863265beed5843,1156430200,12,xiaofang.offcn.com/zt/xiaofangh5/*
b7052fc8e5eacff23e2fd9daca2ac3bb,1156520100,60,www.niceloo.com/jzs/yx/*
b74d59ea15be898edae0c51ccb23432d,1156421000,96,www.niceloo.com/jzs/yx/*
b7ac8e4af58b5f217d2a0fe57c1035e4,1156330100,4,kuangjia555.zzbredu.com/*
b82dd5c58ce31be1f0875bf53d9ff761,1156420100,62,www.niceloo.com/jzs/yx/*
b90706013d940d0791ae3f3a2ba36f00,1156330200,3,www.niceloo.com/jzs/yx/*
b908afe49b5c5329d57a9d0d0129e056,1156360300,78,www.hqhwedu.com/m/*
b919597d30ef00f4b6a54aab2dd71c8c,1156420100,1,m.233.com/cfe/*
b96009b5752b86f5517d56b27633b362,1156330700,18,www.niceloo.com/jzs/yx/*
b96271377c03325e8533795f897d15f8,1156441900,24,www.hqwx6.com/class_xf_M/*
b9ccd30ccdf02bbfdf3e5eee89634a2d,1156330700,53,www.feiyue119.com/*
b9ff127d1df5f37b4dc5bcb7a5a5e6ae,1156330300,1,wap.adumm.com/*
ba1df2b9e95e51ec2e7755ca6d0408dd,1156421100,1,cqiedu.com/xl/xf*
ba29a568384618ccc75fe4d002b8ef5d,1156420800,23,www.yd119.cn/m/*
ba29adc67a7d44cf792e1b2d554a3781,1156330100,1,www.niceloo.com/jzs/yx/*
ba4109fdd22d0c2a9423ff414532e8f2,1156520300,3,www.geedu.com/zt/jzs/yx/*
ba9e5efb44d2751cdaafbaedf87fd69f,1156441300,21,xfpx.paboft.cn/m/*
baa069744affaf4b7b6a1afe6d6ff984,1156440100,26,fudaocq.com/jiaoyu4/t2/sem/baidu/mob1/*
baa3fc1ae4a3b927a9002b4cd8a4dd1d,1156330200,3,www.niceloo.com/jzs/yx/*
bad981fc149e907639160d0f617a0879,1156440300,165,bj.hqmianshou.com/class_xf/*
bb1d1c55e6d1d463e362d273576df8d2,1156341600,46,xiaofang.offcn.com/zt/xiaofangh5/*
bb275f0d92122944c2334e601425b82b,1156421200,12,www.geedu.com/zt/jzs/yx/*
bb2f13803b12c7856c876504c2ef2de6,1156421500,42,jy08.yanganzixun.com/xfpc/*
bb5755f827b35d65c75f41815883501f,1156431200,15,www.niceloo.com/jzs/yx/*
bb7981698b7309b220f25dd189814a8d,1156420200,2,wap.bangkaojiaoyu.com/bjtg/xf/*
bb96c2c01483221244949833320323fc,1156330200,1,www.niceloo.com/jzs/yx/*
bbec88f7b113ae926558b4e96d3cf3ac,1156420100,11,a.pusidun.cn/*
bc337c8409831a9fc2b2c74f400ebf5b,1156210100,1,www.niceloo.com/yixiao/*
bc430a0c5f68e1fb3e01e6638d58c3c7,1156520100,52,www.feiyue119.com/*
bc875c965c00bb64df80529c23c38130,1156330200,3,www.niceloo.com/jzs/yx/*
bd28eb6ce60e712b34bee3f9a31dca41,1156442000,31,yidongm.zzbredu.com/*
bd8b7350be9c377d473e048a7608d17e,1156420900,2,www.niceloo.com/jzs/yx/*
be2b5e323d6b485a7fd6bbaf94b0af05,1156330500,4,www.niceloo.com/jzs/yx/*
be3b6ce3deecd921f01d100a01194a76,1156430100,16,www.niceloo.com/jzs/yx/*
be51d0321a9c61a342dd24e244ad3301,1156310000,1,www.niceloo.com/yixiao/*
be8be52ddddf1166a3501b609fa8cf1b,1156522600,30,fudaocq.com/jiaoyu4/t2/sem/baidu/mob1/*
bf3b6a253550ac4ab86af71945c977be,1156511500,38,www.yd119.cn/m/*
bf4aa4d65e6472920001592d0bdf995a,1156520300,8,www.niceloo.com/jzs/yx/*
bf50167813b7fa4e9f1dc9f72d91e429,1156430300,31,bj.hqmianshou.com/xf_mb/*
bf6b225726d54a064115162e23fddd67,1156331100,15,www.niceloo.com/jzs/yx/*
bf71c61b7deea051045b00dece19df8e,1156430800,16,www.niceloo.com/jzs/yx/*
bf7fc72e4d8dc23ef10afb2d31d54e5b,1156430500,15,www.niceloo.com/jzs/yx/*
c02507a7f6cc1caaca7b63094ae15435,1156440300,3,www.feiyue119.com/*
c02673383def78e76656f499bf82581b,1156440300,1,a.pusidun.cn/*
c03bd7a1b8892564de67d43dd9e30ffb,1156420300,54,www.niceloo.com/jzs/yx/*
c04bcbadb2c4bb3e5cc0a4c52c8cb27a,1156420300,3,www.niceloo.com/jzs/yx/*
c04c199958979ca52383b5ca42a15b5a,1156360100,2,fudaocq.com/jiaoyu4/t2/sem/baidu/mob1/*
c06d6b48cce4b794e543fa68b9cda436,1156411000,4,www.geedu.com/zt/jzs/yx/*
c08a883ff9f62fe438bdce394db224e7,1156341200,15,www.geedu.com/zt/jzs/yx/*
c09820cce64a967750288d7285c65819,1156330100,25,fudaocq.com/jiaoyu4/t2/sem/baidu/mob1/*
c09991096e02dd16f424d37d737f8ded,1156421000,1,m.233.com/cfe/*
c0a143ab0780447940176b5c93e6617d,1156360100,13,www.niceloo.com/jzs/yx/*
c0bc486efd5299a2da3ffb73796ca81c,1156341200,8,cqiedu.com/xl/xf*
c0c50b2fb7b54d5156035eff7de40033,1156520100,18,a.pusidun.cn/*
c0dd02fc15bdba4d700af29bb93be288,1156430200,14,www.geedu.com/zt/jzs/yx/*
c0f27a7dea5dd4f4da6908a63793eb19,1156421800,2,www.niceloo.com/jzs/yx/*
c150c2e9df6e45e0a4905e291544de2d,1156331000,6,wap.adumm.com/*
c15770457e3caec3818cf6a62205e1de,1156430500,1,www.niceloo.com/jzs/yx/*
c178a75478de0a75b58edb44441e5557,1156330300,6,fudaocq.com/jiaoyu4/t2/sem/baidu/mob1/*
c17cdc23c5de67e88c8fee205d687c45,1156411100,8,www.geedu.com/zt/jzs/yx/*
c19e77b98af376d1e19d7be71d08f873,1156520100,59,www.jhwx.cn/zt/m_xfgc/*
c20836ed10a2a41cd2b0dee60ed27b10,1156330600,9,www.niceloo.com/jzs/yx/*
c20d1fed99fa10c1d9fa4f5452019e04,1156440100,28,bj.hqmianshou.com/xf_mb/*
c21677272690015ced0763564915c2fc,1156330100,14,www.niceloo.com/jzs/yx/*
c233131a7efa25896b6de1bf106b4aab,1156330600,3,www.niceloo.com/jzs/yx/*
c26ea23c4b2de3d60dd23a4b1a8f3271,1156330700,6,www.geedu.com/zt/jzs/yx/*
c2a49ab604ee5adba61efdfc56533df8,1156331000,1,www.niceloo.com/jzs/yx/*
c2c43201fb203c97bdc4aaf63716a704,1156331100,3,www.niceloo.com/jzs/yx/*
c2cd269468ecdc8250a685bbc0a6b68c,1156431000,16,www.niceloo.com/jzs/yx/*
c2f2361ff71928692f23652ad891d777,1156430700,1,www.youluwx.com/*
c2faefeebe02cf1eff40bce24a8eec0d,1156440600,4,www.niceloo.com/jzs/yx/*
c3107707023a3b2db1f8ff45e6028b0a,1156430900,25,bj.hqmianshou.com/xf_mb/*
c328a1fdbd7785fe623b221368021181,1156420500,1,www.geedu.com/zt/jzs/yx/*
c3bf24162d768f6b5932b56d0944597f,1156330200,37,fudaocq.com/jiaoyu4/t2/sem/baidu/mob1/*
c3c2fdd67cc408d5c2d448c2dd7784fb,1156440100,52,www.niceloo.com/jzs/yx/*
c3d6907a39f797c90daba0a4a6c026c1,1156330600,23,www.niceloo.com/jzs/yx/*
c41443b9c7d77c8dc7692730c8e1aca5,1156330300,41,www.qddfxfpx.com/*
c4cf147be5ce0e657ac4b27a5dba39ff,1156320300,39,bj.hqmianshou.com/xf_mb/*
c4d545c8eefd77498e0e2fc55a15fda0,1156610700,2,www.geedu.com/zt/jzs/yx/*
c54c8f3534baae8c02c0904bce641131,1156451000,1,m.233.com/cfe/*
c5b28421034422ab8ef0624375d6591f,1156331000,28,yidongm.zzbredu.com/*
c625b037bd748808b16965a267020ba3,1156430500,1,www.qddfxfpx.com/*
c66083953f5b7969668e012fd01908cb,1156430100,2,www.niceloo.com/jzs/yx/*
c6708c665795417cb4446ecd7725d874,1156430500,23,bj.hqmianshou.com/xf_mb/*
c674a4d506d1f523ae7d51be38b48866,1156420100,6,www.geedu.com/zt/jzs/yx/*
c6e148b72ffd8e5896d3ea07fe81c168,1156420100,1,m.233.com/cfe/*
c70b9ae60aa0aaead9a7976b376670e3,1156440300,26,bj.hqmianshou.com/xf_mb/*
c71e63d2050e1778a36f6a9718049f4f,1156421800,73,www.yd119.cn/m/*
c79d58234bd24a19d3f383c4175588d6,1156430500,1,a.pusidun.cn/*
c7be43ecc4389a3d17a5cfa07729ae54,1156330100,7,www.niceloo.com/jzs/yx/*
c7e97c01033c9a4b03f66ff44652d422,1156330200,51,www.feiyue119.com/*
c7f00e6132fc8dd0e66a47845eb7e4e6,1156420900,10,www.youluwx.com/*
c7fbfd2a6dee7bcb3a9cfe40fd89e425,1156520500,16,www.niceloo.com/jzs/yx/*
c85079cd2bf91715776e614862d4e978,1156442000,3,www.niceloo.com/jzs/yx/*
c8592131845b265da0a450667d8dbc3c,1156441800,19,www.yd119.cn/m/*
c86bbae1bd861f6eff7341efb70e3441,1156430100,2,www.youluwx.com/*
c884ebffdbd9e1d7e439de3666a0356a,1156330100,1,www.youluwx.com/*
c8c125251eb0e240e2ff25354211f092,1156441900,8,xiaofang.offcn.com/zt/xiaofangh5/*
c8d1e2d1624d21c2231e083c0d0ada3b,1156420100,1,www.niceloo.com/jzs/yx/*
c8dee3a6fcb1bf3dc04dddbc23cf62e6,1156420100,33,www.hqhwedu.com/m/*
c8f4238209ca9702834725073eee2af2,1156420500,16,www.geedu.com/zt/jzs/yx/*
c95797de2d8036237d882e7972b28960,1156440700,36,www.hqhwedu.com/m/*
c95b66c7847955fa6dd51844431fb9a4,1156430100,10,www.niceloo.com/jzs/yx/*
c95dec0dc142e5f8d0eab48f2e1d9856,1156411100,1,a.pusidun.cn/*
c98b0ca5b930f3d6713a16253dab622d,1156420100,3,www.youluwx.com/*
c9acd1e892fdf873cf023e859fce5b03,1156440900,1,www.youluwx.com/*
c9b9edc106d7583be95ceb6f2318f1be,1156421100,43,www.niceloo.com/jzs/yx/*
c9fb1942d32b1abcbdc4acb2d471ce57,1156331000,5,www.niceloo.com/jzs/yx/*
ca52a928469d2a9302f80e0b3ec5c828,1156330100,1,www.niceloo.com/jzs/yx/*
ca58531c0766254a3fd341431b50237a,1156445300,9,sous.wx6v.cn/xf/m/*
ca9c85ff8f4922e46f08b8a85d3e7015,1156330300,8,www.niceloo.com/jzs/yx/*
caaa2aeaddeaf74524fbeb3c44981133,1156511600,4,www.niceloo.com/jzs/yx/*
cacac9030fa271e807065c3a940c0b1a,1156330700,1,www.youluwx.com/*
cae7f8c37b35f80f50f5d2fba6dc4ce0,1156331000,54,www.niceloo.com/jzs/yx/*
cb7c8a4876f4be4aa7caa7fa57d4f62b,1156522700,5,xiaofang.offcn.com/zt/xiaofangh5/*
cb958a0a5a45efdc0e8ed7cadfb3226e,1156330300,1,www.niceloo.com/jzs/yx/*
cbeebf7f24c45199e5da9f97d5901141,1156430900,91,fudaocq.com/jiaoyu4/t2/sem/baidu/mob1/*
cc2f646cddc049d192d7c7e4c40cd148,1156422800,2,www.niceloo.com/jzs/yx/*
cc67e5e3727765bc0664a447646ffc6d,1156420200,1,www.niceloo.com/jzs/yx/*
cc75ea8eb80e88c4ebb75fa7cef4299e,1156420900,14,www.geedu.com/zt/jzs/yx/*
cc7ecb85d543de13e10617087bdbe21f,1156431000,14,www.niceloo.com/jzs/yx/*
cc9e8d9a65326208be9322b6ea4df98e,1156421100,1,www.niceloo.com/jzs/yx/*
cce9bea3c9db8d1361da2f1b82f11209,1156440800,1,www.youluwx.com/*
cd08f55b8be5b4b06d9d6537248c4538,1156430500,15,www.youluwx.com/*
cdb5a3485d88a8f3857a54c85e9bdea1,1156422800,18,www.youluwx.com/*
cdf8bbd0e60550f61e6864469dfbf504,1156331100,16,www.geedu.com/zt/jzs/yx/*
cdfa30380cc5ceb2286051b41b0227b0,1156331000,1,www.niceloo.com/jzs/yx/*
ce3131689a0eeef0a94d265e4c5c195e,1156511500,18,www.niceloo.com/jzs/yx/*
ce5f6a8f507692d2d4edce4047ad12f0,1156430100,11,www.geedu.com/zt/jzs/yx/*
ced41c3eee5f964190d291d5c91917c7,1156440500,5,www.youluwx.com/*
cf1b7c050605104200d0984e2f85d81a,1156440100,14,www.youluwx.com/*
cf7ac8169640ed882051082904594e38,1156341300,5,www.youluwx.com/*
cfba82017b036c17cef65efe20693956,1156431200,2,www.geedu.com/zt/jzs/yx/*
cfd5a2c38c8bc604c96d40ecb0e2aab3,1156500000,7,www.niceloo.com/jzs/yx/*
cfdffc5473351ef8864a63684eed9f8f,1156440300,25,bj.hqmianshou.com/xf_mb/*
cffe3868b417736f7e68e11b1ca3108f,1156330300,4,www.niceloo.com/jzs/yx/*
d002e87b1aab50eccfa7837d63e85f51,1156420100,6,www.niceloo.com/jzs/yx/*
d01bbd4006148845a461fad7b89d5581,1156420100,41,xiaofang.offcn.com/zt/xiaofangh5/*
d03e0fe5fcaa34042f14c781c0e8253e,1156451200,12,www.youluwx.com/*
d04c248e4bc5fb6b8e43a4ca052e7bc6,1156331000,14,www.niceloo.com/jzs/yx/*
d053a7d7afc5985b9270a8d074de9313,1156330600,27,fudaocq.com/jiaoyu4/t2/sem/baidu/mob1/*
d0c638644712ac9bd2c490a56b8fe6e1,1156450200,2,www.niceloo.com/jzs/yx/*
d0da10d866dc160b27d966269b9a57a1,1156420900,3,cqiedu.com/xl/xf*
d10fe6bb7f5d406172910a096ffde5f7,1156420300,5,bj.hpwxb.com/xf-MB*
d18bf229192a9da6aaf204563590ad99,1156331100,24,bj.hqmianshou.com/xf_mb/*
d1d8b72c87736d86334b2fe9239ffe4e,1156330600,6,www.niceloo.com/jzs/yx/*
d1ecb218c7ec0884a46e2cd1d27dc671,1156520300,22,www.niceloo.com/jzs/yx/*
d206d755fa8bc216e7de56691502656b,1156421000,9,www.geedu.com/zt/jzs/yx/*
d22d6feaa56b87c97af2abeb31752640,1156330200,1,www.niceloo.com/jzs/yx/*
d2483d67d5cd5cbfd265bd1fa2cc8d36,1156430700,29,fudaocq.com/jiaoyu4/t2/sem/baidu/mob1/*
d24c95a75e4e8ff7924d940b4107769a,1156430200,22,hqhwedu.yytxkj.net.cn/*
d252495bd06c8511795bef9c01eeee3b,1156330400,1,www.feiyue119.com/*
d27d607d59c73103d6398abe06feb5b4,1156440300,20,jy08.yanganzixun.com/xfpc/*
d28b342a5cface2809d303b858f708b1,1156340800,34,fudaocq.com/jiaoyu4/t2/sem/baidu/mob1/*
d2f26de349315c7d05c7363310e89592,1156445200,1,m.233.com/cfe/*
d2fc4650c0712b5827376660e35af8d1,1156440500,13,www.geedu.com/zt/jzs/yx/*
d3025d2c9b2a5c6db82a8147740bb2f5,1156130600,1,www.niceloo.com/jzs/yx/*
d36bd99f349e16ac63e6010798594c87,1156330200,4,www.niceloo.com/jzs/yx/*
d385c9f4d327271819604d9e5d990fae,1156410300,29,www.hqhwedu.com/m/*
d3984fa1a1fd63b28bb97a6fdfc29765,1156430500,2,yl.szfilmcenter.com/*
d3b049d2f5f7036298b98b78759d51f0,1156420200,5,www.niceloo.com/jzs/yx/*
d3c1aa4301283ae42395610b7be5cd1b,1156430100,4,www.niceloo.com/jzs/yx/*
d3c4efe14ffeccd9dbdd653f4f4a0461,1156420100,2,a.pusidun.cn/*
d3c950dfc7bda9d7da795ab92946aebd,1156421100,26,bj.hqmianshou.com/xf_mb/*
d3f285074034433059c77a8742ed6a72,1156450100,36,www.qddfxfpx.com/*
d4069a6139e5368d2f937bd981bb7bc4,1156440300,28,fudaocq.com/jiaoyu4/t2/sem/baidu/mob1/*
d470649e34d3910d3ca2108a0c3ff977,1156421800,23,bj.hqmianshou.com/xf_mb/*
d48320b289dfc28a7daa23c5f6180945,1156420100,4,www.niceloo.com/jzs/yx/*
d48b5b9a82fdfb04d29e191d18eb0070,1156430100,3,www.niceloo.com/jzs/yx/*
d4c3fe1fab9a6fed982e30ad39d94bf1,1156520500,2,www.niceloo.com/jzs/yx/*
d4d81deec9a4c7cbdc073ed15d95164e,1156420700,34,xfpx.paboft.cn/m/*
d4edb3d65bdca4d2b2a2d517e3003513,1156442000,28,fudaocq.com/jiaoyu4/t2/sem/baidu/mob1/*
d51c5702418813e0fbd4c28c4e4ae2f7,1156411300,42,www.feiyue119.com/*
d520ae1a139718344b22d96c1ea27e4e,1156330400,5,www.niceloo.com/jzs/yx/*
d532dc8136da23df77f8c2203bce45fa,1156430300,3,www.niceloo.com/jzs/yx/*
d5928016626e0dfffd7d1902baf4a116,1156360900,2,fudaocq.com/jiaoyu4/t2/sem/baidu/mob1/*
d5ac2c9d57aa7d8b32f3b85409e30af2,1156330100,6,www.niceloo.com/jzs/yx/*
d5c2f596a1914cae5f8f354c87e8f201,1156440300,26,fudaocq.com/jiaoyu4/t2/sem/baidu/mob1/*
d5c584a39a3c7037a77d00147548376b,1156430400,2,cqiedu.com/xl/xf*
d5dee9c7ba2fd6afcf1b662db52e66ff,1156451300,1,wap.bangkaojiaoyu.com/xf*
d5e8ce607824fce690f3f3a37c2dbe08,1156330500,2,www.niceloo.com/jzs/yx/*
d5f2b30780d0c6b23ce0d6f292414376,1156440100,1,fudaocq.com/jiaoyu4/t2/sem/baidu/mob1/*
d5faa255f1be4054f76ad1e71b4faeb4,1156420100,2,www.geedu.com/zt/jzs/yx/*
d60b8a3aae8ed918c0be14d4b7557537,1156440700,32,yidongm.zzbredu.com/*
d700e880f9d56d2b84647866dcea5c04,1156430400,4,www.geedu.com/zt/jzs/yx/*
d70ff4d163e15f5be6e038975315333c,1156431100,7,www.niceloo.com/jzs/yx/*
d71cfd2274727f5ca19d38a2b910c0ee,1156440100,5,www.youluwx.com/*
d71e14f51ce12aea7aaeb23096be6bb9,1156431100,32,www.geedu.com/zt/jzs/yx/*
d723f93a63ee92a3956e2848a5324b52,1156340100,13,www.geedu.com/zt/jzs/yx/*
d761ce42efa071cceaae4e82672c833d,1156440100,2,www.niceloo.com/yixiao/*
d7a670349a333e6a21191953e588d2e8,1156330700,3,www.niceloo.com/jzs/yx/*
d7d0e37cf73263fd1e98a5317cefdeec,1156421700,1,www.niceloo.com/jzs/yx/*
d859cbe5d4a1e8385aa776a4fc682a5d,1156450700,1,www.youluwx.com/*
d8c110937e0abbaba30bf4c37b99a94c,1156420100,1,www.niceloo.com/jzs/yx/*
d8fb751ba214b73b1931a6e5da5efe34,1156330100,6,www.niceloo.com/jzs/yx/*
d91273adfcbd6e10571f65d188c3b8d2,1156430600,16,www.niceloo.com/jzs/yx/*
d91b92069b8899bdc64cb4fbe2f01ad4,1156330400,4,www.geedu.com/zt/jzs/yx/*
d96a9c4e7326a76a8e3ddf9928fa9b40,1156440800,19,xfpx.paboft.cn/m/*
d98ce74636d9b5822481c85900b50136,1156420100,1,www.feiyue119.com/*
d9af215e9c0df310f6f3d028eb83c9b0,1156331000,2,www.niceloo.com/jzs/yx/*
da2ccce8a386964160261302f6d0d096,1156420100,8,www.niceloo.com/jzs/yx/*
da3aa6b855ffb2275712e203174ecbe5,1156510900,34,www.hqhwedu.com/m/*
da52ec8241938b5d6ce901abd22dfa21,1156330200,2,bj.hqmianshou.com/xf_mb/*
da6f3da98455c6db69a1bafc33f884d6,1156441900,29,www.niceloo.com/jzs/yx/*
da7f3e4b699438772dd652d93f1d6146,1156440400,29,www.hqhwedu.com/m/*
dae1a6643ed1ab5fc5f8249d2dcc4af3,1156420200,63,www.niceloo.com/jzs/yx/*
db81f5c14151f96e4cc16abf66af2a44,1156420100,7,www.niceloo.com/jzs/yx/*
dbb485652eab3499c1049094b2c6086d,1156360100,4,www.niceloo.com/jzs/yx/*
dbe3ec53c08237b1f63e7fa0bab2bfc7,1156420100,6,www.geedu.com/zt/jzs/yx/*
dbeee88f84234bdeabc90f218429cbf2,1156431000,3,wap.bangkaojiaoyu.com/bjtg/xf/*
dda5eefed0d31d05d21fcf039f73c267,1156421800,2,cqiedu.com/xl/xf*
ddaaf1737c440aee0176690e041019d9,1156440100,2,fudaocq.com/jiaoyu4/t2/sem/baidu/mob1/*
ddb1bff80cdf19382b76e22f9a29a8c1,1156522700,1,m.233.com/cfe/*
ddb9973ca6241d8564f1ec0ca586b364,1156420100,36,www.hqhwedu.com/m/*
ddc60ba956630c48060e7c8ce16891fd,1156330700,2,www.niceloo.com/jzs/yx/*
ddd181a181ca59459b8f3f58f64b5c6a,1156330200,16,www.niceloo.com/jzs/yx/*
dee654409d5f50c5a8ee50df0584ae4e,1156440400,40,xiaofang.offcn.com/zt/xiaofangh5/*
deeb1cf81a9189e6ec966e07a02199bb,1156420500,23,www.yd119.cn/m/*
df042233c05b0b800a87db9036fd23a1,1156611000,11,www.niceloo.com/jzs/yx/*
df0517ecf8db26ddfd7d6ca80cbfb263,1156511500,1,www.niceloo.com/yixiao/*
df0637a05ac99656f27abd168d4d1ccd,1156330700,6,xiaofang.offcn.com/zt/xiaofangh5/*
df0bb861c056b5d747868be2980e9e7c,1156430100,65,fudaocq.com/jiaoyu4/t2/sem/baidu/mob1/*
df59ad1f88c17d8fba735b64712ed046,1156420100,70,www.niceloo.com/jzs/yx/*
df7af15cb7fd5ea1b7d0d68694a3ce50,1156440300,2,www.youluwx.com/*
dff233a91c450769a92e36ccb3e8d6e7,1156430700,6,cqiedu.com/xl/xf*
e02762fa2f5b44c154ca1d12ca2c074c,1156330300,1,www.niceloo.com/jzs/yx/*
e0531bb1cb571c1cdee146ebd56aa6b4,1156445200,4,bj.hqmianshou.com/xf_mb/*
e087d15eaa2ee558700143027a2e4d28,1156511000,1,www.niceloo.com/jzs/yx/*
e0b03627d33e2fcba1085163f31aafc7,1156420100,58,www.niceloo.com/jzs/yx/*
e118d7cd604b547c0d4e579a208b8b11,1156420100,1,www.niceloo.com/jzs/yx/*
e14340db7969104c32447589700f40e7,1156440100,7,kuangjia555.zzbredu.com/*
e14afc71a8e3c5bd6e2a4934dd5a978d,1156421100,3,cqiedu.com/xl/xf*
e16f17f0a6654477035149a188fe84f7,1156441900,1,m.233.com/cfe/*
e19e9afbd84d5490d6274e9643e494ef,1156430100,20,xfpx.paboft.cn/m/*
e213bf748305ed8b11e48b4e895828ef,1156330200,2,www.niceloo.com/jzs/yx/*
e2164cfd2d2d70010341e184bcb760ef,1156421000,25,www.yd119.cn/m/*
e2ba094c0289d32a4b180cfd58ab0ef9,1156430400,20,www.niceloo.com/jzs/yx/*
e2c4b749a0df28ef1d08591b85455c8d,1156330100,4,www.niceloo.com/jzs/yx/*
e2d18e406c9dd18a6967492816c2f665,1156330100,32,xiaofang.offcn.com/zt/xiaofangh5/*
e33a4bf3bb9244069e5680fd5b393355,1156431300,6,www.niceloo.com/jzs/yx/*
e369254a7117c1e10eca1cf7ecdb89ef,1156330200,32,www.geedu.com/zt/jzs/yx/*
e3784de3b773c156b034941b34cbc815,1156110000,2,m.233.com/cfe/*
e3ad5d8a40cd8aade9c99df2ab59553b,1156440100,61,www.niceloo.com/jzs/yx/*
e4715c565b80d439b7edc30df653d12b,1156330600,3,www.niceloo.com/jzs/yx/*
e4b9fe830de42fca1dd4063275e03d46,1156330700,4,fudaocq.com/jiaoyu4/t2/sem/baidu/mob1/*
e4e49a8dd1628c43e35fcf0b3ad24062,1156431100,39,xiaofang.offcn.com/zt/xiaofangh5/*
e55ba0bb80fc5fa3d92cd93d79a4e8c0,1156330300,29,fudaocq.com/jiaoyu4/t2/sem/baidu/mob1/*
e5622697766c3e2124ccecc8147a8560,1156511500,30,wap.adumm.com/*
e585b6a1f1971448d27365b3fd670220,1156440100,1,www.qddfxfpx.com/*
e5eac07e780127f733ff66aefad1a12a,1156520300,53,www.feiyue119.com/*
e61fe6a1670ab09156928f729580997b,1156420100,6,cqiedu.com/xl/xf*
e667a5bef70e334350d8aa6a142e0098,1156320500,57,www.niceloo.com/jzs/yx/*
e6a2ebcfe18e8f901bac9555cf7ab987,1156431100,5,cqiedu.com/xl/xf*
e6b64eb1ada36849a6ea91bb29d812da,1156421100,23,www.youluwx.com/*
e6fa625ffc7b0d4e24f900afc6d87b83,1156330100,14,xfpx.paboft.cn/m/*
e72742ed4f13e811a7369c45e87ab197,1156330100,12,www.niceloo.com/jzs/yx/*
e78b43d672e8f78fd9f417482a475448,1156420100,3,www.niceloo.com/jzs/yx/*
e795dffcf74e73426b19428f2ea8d940,1156330100,6,fudaocq.com/jiaoyu4/t2/sem/baidu/mob1/*
e7a1226985e8998eb852d108dd0f7e8b,1156430600,4,xiaofang.offcn.com/zt/xiaofangh5/*
e81cbbdae73f7878a165c2831a05daf3,1156431300,14,www.niceloo.com/jzs/yx/*
e876e1e9e044ffb3bc6faf5a515dc744,1156450300,1,www.niceloo.com/jzs/yx/*
e91d354f40b17e061a57b95364d26c15,1156440300,26,fudaocq.com/jiaoyu4/t2/sem/baidu/mob1/*
e925186dc5e7e2b19dbb7c3be3dda48e,1156330400,7,www.youluwx.com/*
e95498efd1168d4035b99ee1aa1c5583,1156520500,4,fudaocq.com/jiaoyu4/t2/sem/baidu/mob1/*
e98689485e0bde2b58452a4d42552bec,1156441400,1,www.youluwx.com/*
e9b3f7d50997236cf388d6831e91fa6a,1156520100,4,www.niceloo.com/jzs/yx/*
e9cf18b58e668762e5f77da2f99e0767,1156522700,3,www.niceloo.com/jzs/yx/*
e9dffb4a399d64e65fc02d56035746ff,1156330200,1,www.hqhwedu.com/m/*
ea04654691d601027d54cb04225cd472,1156420100,1,www.geedu.com/zt/jzs/yx/*
ea865c2e920163a09b736058ed596066,1156440300,1,kuangjia555.zzbredu.com/*
ead23d9a37b3e4fe04cd4a71d328087c,1156440900,2,www.yd119.cn/m/*
eb1f32f349d11c6aea04fbab63af0d7c,1156420300,2,cqiedu.com/xl/xf*
eb205256f1cbf891032566f7e444b4b5,1156441300,1,m.233.com/cfe/*
eb2e73b4570a890bd98f82f4da9a33b0,1156330400,28,www.jhwx.cn/zt/m_xfgc/*
eb537d328e92bbb3ddfee040055a3854,1156431200,16,xiaofang.offcn.com/zt/xiaofangh5/*
eb5f55c191d096e8e27f875da4addc9c,1156520100,1,wap.bangkaojiaoyu.com/xf*
ebabdff227923f64b49879d5849cae61,1156420900,10,xiaofang.offcn.com/zt/xiaofangh5/*
ec00e61050e286cb5137c88e29239ab4,1156522600,53,www.feiyue119.com/*
ec0e6558dcf830bc92a92a1705c888b4,1156420100,14,www.niceloo.com/jzs/yx/*
eca73de28c491af3168c16e533b9cbd0,1156653200,14,www.geedu.com/zt/jzs/yx/*
ecbf4f9fe94bc0dc56a8bc61131ea509,1156431300,13,www.niceloo.com/jzs/yx/*
ecc2e09efece6d02f22c4dc7bc4897b3,1156330200,1,www.niceloo.com/jzs/yx/*
ecf8e5d0d997fbbf3b0987c23027a8ca,1156330100,1,www.niceloo.com/jzs/yx/*
ed2389cb51a22013641c1b75062b9790,1156441900,44,jy08.yanganzixun.com/xfpc/*
ed23de99f6b0a1946f61d2b8ec002ffe,1156430500,30,bj.hqmianshou.com/xf_mb/*
ed23ef0d4d1120628ce21014f651fd01,1156420100,6,cqiedu.com/xl/xf*
ed751eafdb899c1c0675e074addfe7e4,1156421000,5,www.youluwx.com/*
ed8991d799187d30bbea6a12ba259c27,1156522200,15,www.niceloo.com/jzs/yx/*
ed8f5726527ce55ee8179d3b3329a36c,1156510100,21,www.niceloo.com/jzs/yx/*
edb8c1f2b9918247d1cf6cd3b7e1f30b,1156511500,20,www.hqwx6.com/class_xf_M/*
edbd2d9652b4eb4915f2e313c9fcc7da,1156510800,5,xfpx.paboft.cn/m/*
edc36d5a2fa7fab0e0b0f06934e8b3bc,1156450200,27,fudaocq.com/jiaoyu4/t2/sem/baidu/mob1/*
ee6599745079191fad1f536925962dc7,1156431200,2,www.niceloo.com/jzs/yx/*
eea72ce8aebc739f3d4e09a5d79312c4,1156431100,37,www.geedu.com/zt/jzs/yx/*
eeca1c3df6a18b45b825400f549b121b,1156341000,14,www.jhwx.cn/zt/m_xfgc/*
eef2765e48ffa278bcd64b8f4c491bc4,1156520400,39,xiaofang.offcn.com/zt/xiaofangh5/*
ef3a5ea0b4ba4c5f5f2d7000f56c35a9,1156431200,15,www.geedu.com/zt/jzs/yx/*
ef58f8c44adca85dadb58a99d84b0add,1156422800,2,cqiedu.com/xl/xf*
ef5d56ca4b3c1910c9b913d2e0848107,1156421100,4,www.niceloo.com/jzs/yx/*
efa34f0b38ad9941cce9483119ddef04,1156421100,6,www.niceloo.com/jzs/yx/*
eff4ff45cfe859ec2c362b2f4c5baf0e,1156420800,1,www.geedu.com/zt/jzs/yx/*
f029e7c34b8da0d9fb2c6f104323b7e7,1156451000,1,bj.hqmianshou.com/xf_mb/*
f06210b808a9157f60d5201d1829ffcb,1156430100,2,www.niceloo.com/jzs/yx/*
f0699b83ead2165077f3eaf35873c832,1156330700,7,www.niceloo.com/jzs/yx/*
f06ede7dc0f542097c72eca0e5956f9d,1156511000,48,zhwx.cnjunshiying.com/m/*
f084002701c10474d9cd83e992531207,1156430200,1,www.hqhwedu.com/m/*
f0e6aeb79e9f2e07207bd3fa91cb3de2,1156442000,21,www.niceloo.com/jzs/yx/*
f108391c403f6eb0e203d7c577601608,1156431000,4,www.youluwx.com/*
f10d650e753fefab4e736eef720a5524,1156500000,31,fudaocq.com/jiaoyu4/t2/sem/baidu/mob1/*
f11314ea507888cbc36e810892288de3,1156430600,10,www.niceloo.com/jzs/yx/*
f164c9f5111354d245f6181e8138fc97,1156610100,4,www.youluwx.com/*
f17ee6fbd972946c1f2257f191ddafbc,1156420100,16,xiaofang.offcn.com/zt/xiaofangh5/*
f1fa88995925b696615ea7f0303ba581,1156430400,12,www.youluwx.com/*
f25912b41572582db0176ed73ed56080,1156522700,11,www.jhwx.cn/zt/m_xfgc/*
f2c8692775553a79e25a6b6f19cba8b1,1156421800,8,www.hqhwedu.com/m/*
f2d08f0f36bd82ad0f03f7d60e6da480,1156522700,3,www.niceloo.com/jzs/yx/*
f30a955a51404377fb0537ad91ea60a1,1156440700,1,m.233.com/cfe/*
f344c0ccc2235becef6942b8cb319e75,1156421800,1,www.niceloo.com/jzs/yx/*
f3475d835305499f151b7f6c7a50a2a9,1156431200,6,www.niceloo.com/jzs/yx/*
f366b8f291566248bbfa02930fe7c8c3,1156420100,1,m.233.com/cfe/*
f39ef1e8bfc2699a9e594026857f2c41,1156420100,7,www.niceloo.com/jzs/yx/*
f3c3666950de170bed61ccdb45e7a656,1156451300,23,www.niceloo.com/jzs/yx/*
f3c5707d60400c3bbc1ebfa9d533708c,1156420100,2,www.niceloo.com/jzs/yx/*
f3d3df6f9f5f49b7deae8a8cabe16864,1156431000,33,www.niceloo.com/jzs/yx/*
f3f38e2d66bed48b2ba9db2ae85dc999,1156431000,21,www.niceloo.com/jzs/yx/*
f484fcc670d969dad68ea132500216a8,1156440300,68,www.niceloo.com/jzs/yx/*
f491864ab0b93c1b491f0ff96240d52f,1156440100,15,www.youluwx.com/*
f4bf158cba5915cf13f7817ad740f31f,1156420100,33,www.youluwx.com/*
f4d25ac59166f401eafa9ce5dbaf3afb,1156430100,2,www.niceloo.com/jzs/yx/*
f532f53bdd5e023550f7ca522d28f4c2,1156330100,9,xfpx.paboft.cn/m/*
f5353bb6172b481d347faa5972b744e2,1156440300,2,yl.szfilmcenter.com/*
f53a5cbce2dfc0ae456fc3b0691723fb,1156411000,4,www.geedu.com/zt/jzs/yx/*
f583bf48ab6da6027671e1ff6fc462c4,1156420100,17,www.geedu.com/zt/jzs/yx/*
f5b13f3fe68154d697584b9a0d120997,1156442000,35,www.hqhwedu.com/m/*
f5d167b28f2b48c8413f1716346371a8,1156522300,7,www.niceloo.com/jzs/yx/*
f5fd36c3feb5ffe8e8ee3cb923dce497,1156331100,1,www.qddfxfpx.com/*
f63a5eb53cc4a7ae7fd8224d1495e2c0,1156421800,3,www.geedu.com/zt/jzs/yx/*
f651e7c8c336190aa57494593a276921,1156420300,58,www.niceloo.com/jzs/yx/*
f666c6326b65a0f9e32e2226a6dffdad,1156440400,29,www.youluwx.com/*
f722b167c8bb4853f9409cc56a873fa8,1156330100,5,www.jhwx.cn/zt/m_xfgc/*
f7337f2f5d90bcfb95e8033a11fd33f1,1156330500,39,xiaofang.offcn.com/zt/xiaofangh5/*
f830f072e54d4974648b43de00824bc3,1156430100,31,fudaocq.com/jiaoyu4/t2/sem/baidu/mob1/*
f864549d7273c41841b67948abcc2baf,1156420100,36,119djkt.com/APP/*
f8705406f94b6912b71923b569b1ebdf,1156330300,3,www.niceloo.com/jzs/yx/*
f89c739383c975e8a882f216ab7498c3,1156440600,4,www.youluwx.com/*
f8ef534c6a701d335e30ea064a97a990,1156610900,87,www.niceloo.com/jzs/yx/*
f8fe020282b2c901409816e1552f2c5d,1156331000,4,www.niceloo.com/jzs/yx/*
f9366703e16e0e0de852361be44e8b51,1156421200,1,www.youluwx.com/*
f948566c16a54e85f4cedd79dc6158e1,1156330100,20,a.pusidun.cn/*
f95b9eb9f902eda87fdaef21d2cc8b59,1156430900,14,www.niceloo.com/jzs/yx/*
f971dc742cb449a214c99af532f464c3,1156511300,21,www.niceloo.com/jzs/yx/*
f9dbd8ee14437ba27bc171eab1eb1e4c,1156442000,19,www.youluwx.com/*
f9f556e930e3d0755297f4769b561055,1156440300,14,www.niceloo.com/jzs/yx/*
faa51fe543db3fe09308e8c6f114c235,1156441900,1,www.youluwx.com/*
fac5970d2016c2196d9468efbf0c02c9,1156330200,3,bj.hpwxb.com/xf-MB*
fb022d25e0886ec166fddbf338c36290,1156420200,5,cqiedu.com/xl/xf*
fb208ff8a1c636bb8495fc5a85fb9a80,1156330100,7,www.niceloo.com/jzs/yx/*
fb28f1f53f476201a26272389e6b44c8,1156431200,1,yl.szfilmcenter.com/*
fbac37bd338bb661f73b58edaab78355,1156420500,4,cqiedu.com/xl/xf*
fbce224969b7be51c43d1a8a51362f78,1156330100,63,wap.bangkaojiaoyu.com/xf*
fbf3812e4058271a8b5e8fd98b65b245,1156420100,21,www.niceloo.com/jzs/yx/*
fc3f2f7256da50049540b958d9c43810,1156330300,1,www.youluwx.com/*
fd94e6d8aec0445c66fe205fa745daec,1156420100,8,www.niceloo.com/jzs/yx/*
fdf5980f5855fda14f07a9cd7d990b3c,1156511900,1,www.niceloo.com/jzs/yx/*
fe2114ec46d0e636cea16660eabac155,1156441900,1,m.233.com/cfe/*
fe348b313246fd1ea92765de69512368,1156330700,1,www.youluwx.com/*
fe368b91aff0caadcf5d39e5a6406ab1,1156330100,2,www.niceloo.com/jzs/yx/*
fe58e0229c008335acb3542c663000d4,1156445200,10,yidongm.zzbredu.com/*
fed3c2af66e221ab82c0f82ac8dd2639,1156330200,23,www.jhwx.cn/zt/m_xfgc/*
ff95d7431482f01723c21ea220824399,1156420100,7,www.youluwx.com/*
ffb5addbf6c0c7e2f999847f3de1c4b8,1156441400,7,www.feiyue119.com/*
