002ca75ae94fd3c54f65567033706a5e,1156510100,28,m.cdwyzs.cn/*
0065c469313cf6e728054faadb20279b,1156511600,27,m.cdwyzs.cn/*
0095a50ffdc0d5b870f4ce818504c9df,1156510100,10,m.cdlrzs.com/*
012a76b80f166095deb8142f4b8cc1f5,1156510100,14,m.cdwyzs.cn/*
016f1b2901e5b683675a67785733b788,1156510600,49,www.scxyzs.cn/*
01f5c391d73c435e8c182bcc2ff978c0,1156511600,3,m.shj.cn/*
020f3e8999078c790a4793ab174c75a8,1156511400,3,m.shj.cn/*
0252c86c6d154499b202099f6a3e03d2,1156510700,55,m.cdwyzs.cn/*
02ae23c531587453fbcdd4c20e3fe82f,1156512000,75,m.chuanhaozs.com/*
02c10561145de51e91949835891729bb,1156510100,62,m.cdwyzs.cn/*
02ca13dbdcd6feaaf47ed55d76ce8714,1156510100,10,www.wuyouzhuang.com.cn/toufang/h5/*
02fa9e6587501578c05df9c31f9c74b1,1156511600,50,www.ztxzsjt.com/*
0338fb9a19e54097e3dc77122ed60f67,1156511100,19,m.cdwyzs.cn/*
033c1780e00ac4e385bb0d24d1733416,1156510100,67,m.cdwyzs.cn/*
034319b8d826f5bc02d811382106d538,1156510100,20,m.cdwyzs.cn/*
035bd0a24c78b771fcbe6caa081b4d9e,1156510700,28,m.cdwyzs.cn/*
03abaa9b020ad491c980542f361df390,1156510100,22,m.cdwyzs.cn/*
03c6326b471d745832fcbc6227388622,1156510100,9,www.scxblzs.com/*
04bb26018fe09f8cfb27ee39420b3e06,1156511600,2,cd.m.dyrs.com.cn/*
04d0ea472014b4fd62ce51bebdb44eae,1156511500,8,www.scxblzs.com/*
04e2d99e1519bea25d62e9550ba6df86,1156510100,9,www.wuyouzhuang.com.cn/toufang/h5/*
050629fba6dbb5008aa0ed97b7ed1239,1156510700,3,cd.m.dyrs.com.cn/*
0515df718f0f091f659fac32f53cbcdf,1156510900,2,www.ztxzsjt.com/*
05a397882788eacfe6fe031bf3eea3f3,1156510100,47,www.scxblzs.com/*
05cb19c89c4267a164d810302b687d72,1156510400,7,m.cdwyzs.cn/*
066227a7b145645b70d919df35b532c2,1156510100,28,www.ztxzsjt.com/*
06f5ae2f0c113d0adae39c8681ebb6f3,1156513400,17,m.cdwyzs.cn/*
07136120b5c5e3e8f1f5e7f1a49b9d51,1156510100,26,m.cdwyzs.cn/*
0734ba6f7a9fa19903046aca8c7621d2,1156513400,35,m.sljjzs.com/*
07a790c7cba2ad2f96f4ec94ff2f6f30,1156513400,4,cd.m.dyrs.com.cn/*
07b836da669ec067afd841d9fc598d5d,1156511800,26,m.cdwyzs.cn/*
07c0abd9152197e89b1e52f3919c650a,1156510100,26,m.cdwyzs.cn/*
07f03aa1bd03c97ef6095e1d5490ab6b,1156510100,13,m.cdlrzs.com/*
083a2b7c3149975bf0efa69427064c08,1156510600,28,m.cdzpg.com/*
0893465eca2073ddab9028e8eec9838f,1156510100,1,www.ch028.net/*
08e7b3fa7b4cee4ee4e617f89a0de36d,1156430600,10,www.wuyouzhuang.com.cn/toufang/h5/*
090ca9e7806ead5f366454cc7f5a8c17,1156511300,27,m.cdwyzs.cn/*
0922e2999f8a9d54c8b954a9b5c75396,1156510100,5,m.cdwyzs.cn/*
09454680ad5a296078a486c7e225c4eb,1156510100,22,m.cdlrzs.com/*
094e747d5cf528c49762a720ed65028e,1156510100,74,m.cdwyzs.cn/*
0999cf7af1caf67d8f7cfc66a964c45d,1156510100,3,cd.m.dyrs.com.cn/*
09ab90be00fb7679fb8a4a8840210f2e,1156510800,23,m.cdwyzs.cn/*
09ebc4d0e72131314263e0152e131537,1156510700,126,m.cdwyzs.cn/*
09eda6a78fbc0cc40a26b75c9689aefa,1156511800,8,www.scxblzs.com/*
0a032cb4def2cc65650b3c17dcd96a33,1156510700,5,cd.m.dyrs.com.cn/*
0a219631b86d309d69778cd109a893c7,1156440100,24,m.cdwyzs.cn/*
0a2fd7c51eadfffc5e36f6b9d4efb51d,1156510100,20,m.shj.cn/*
0a6ab1edd3ea80be63f9c2f1cab68707,1156510100,56,m.sljjzs.com/*
0a7a6a1b70932e00dfaa51df6709dfbb,1156511100,73,m.chuanhaozs.com/*
0ad989ac389d454de320fc31c43e2333,1156510700,2,m.shj.cn/*
0aeac866bb9192fc28908ed8199d9df3,1156510100,99,m.cdwyzs.cn/*
0b7df9052de313d63ef00b3f7d85b11b,1156510800,13,m.cdwyzs.cn/*
0be40f8d8a075c433f524d6204ec993b,1156510700,28,m.cdwyzs.cn/*
0beb315965e2e56290f22dfce6f834e1,1156511100,34,m.chuanhaozs.com/*
0bedea437d8963778cfc63085f1bc2b3,1156511300,87,www.ztxzsjt.com/*
0bf95c0c34dcacd5001d498656acf7ee,1156510100,30,m.cdwyzs.cn/*
0c04b965baa80169fcf36c014b0ca1c0,1156511300,27,m.cdzpg.com/*
0c1ac99f8bd95490b74c8ac608185ac8,1156511300,1,m.shj.cn/*
0cb35aea07bec0cbf692dfc3da67d275,1156513400,22,m.cdwyzs.cn/*
0cf02826ab72de0a9ff4651b00e29cdc,1156510100,8,m.cdlrzs.com/*
0d0c6632c47afa3bd9900bbdd085dcee,1156510700,2,cd.m.dyrs.com.cn/*
0d0f23b84c137f646df08cb67fc95da2,1156510600,130,m.cdlrzs.com/*
0d0f86c4501161002e4097bd00be20a0,1156510100,316,m.cdwyzs.cn/*
0d348b5bdeb9a56a46d66b913c87d6fe,1156511000,481,m.cdwyzs.cn/*
0e2a4dc9343116bc480acc4e42fde1d4,1156510100,81,m.cdwyzs.cn/*
0e6eb6627f5cede6d2a83e39ad64fad0,1156510100,93,m.cdwyzs.cn/*
0ea164d27ff89d08a979c5d6b4804558,1156510100,392,m.cdwyzs.cn/*
0ecf157dfee3f3b78dda6e0ff85c5522,1156513400,7,www.scxblzs.com/*
0ed2d2cb37c8fea6cdc0057642f59543,1156511400,26,m.cdlrzs.com/*
0f31d989558300a5d05e98767d08c59d,1156510100,56,m.cdwyzs.cn/*
0f6c502dc3f7c393f67126bd803180c4,1156510500,18,m.cdwyzs.cn/*
0f8c7b30cbee1b673028459a92237d88,1156510100,141,m.cdwyzs.cn/*
0fd1043154fdb0d0005c1828e75c6327,1156511800,1,m.chuanhaozs.com/*
10694e3f3718b4deec91b720451fa436,1156510300,27,www.scxblzs.com/*
11439b1f1445bd65440f5a9d578d09cd,1156510100,125,m.cdwyzs.cn/*
115233eb9ff51c6e294728ce88076f19,1156511300,1,m.cdlrzs.com/*
11be289a9086e499bbc67ddd77839d3a,1156510100,31,m.cdwyzs.cn/*
11df85776bc82378e5a59335d3af8be2,1156511600,62,m.cdwyzs.cn/*
121cd58f716d9551ea8071fe2edd70f0,1156511000,26,m.cdwyzs.cn/*
128667e5cae7c404eb477dbd79ba6b27,1156511900,64,www.ztxzsjt.com/*
12ed34940fe96f2ba11d49d30e9e8c9f,1156511300,51,m.cdwyzs.cn/*
135cc4adacf355e80fed07a4c0aa6ade,1156511300,2,m.shj.cn/*
138700a2c5bf99b440de72e07dbad876,1156511700,33,m.cdwyzs.cn/*
13d20b1794aa3e22f11e72b9b0064e97,1156511700,56,m.cdwyzs.cn/*
141711f40544454cef25b0697648cd07,1156510500,6,www.scxblzs.com/*
1445a904327193ebeeba161da5023b93,1156511800,5,m.cdwyzs.cn/*
14f7e2b37ecf11855c27da88058d88bf,1156650100,9,m.cdwyzs.cn/*
152c0c156cc8bad3efad074e6e54eb05,1156513200,12,www.ch028.net/*
152c23832aa9f9671b37135b0b2ab7ed,1156510700,8,www.scxblzs.com/*
156664024d06617f25168f9e47c16f3d,1156510100,20,m.cdwyzs.cn/*
156a4e08e5d356a83aa1f10cb5dcd125,1156512000,15,m.chuanhaozs.com/*
15bd326615d4ab15d600df21578239af,1156510700,32,m.cdwyzs.cn/*
1653e01b208f08784ac04b61dc42e138,1156510100,52,m.cdwyzs.cn/*
16b83f72328c157541bc550c5b23fbce,1156532800,2,m.cdwyzs.cn/*
171fb16e7619f6c99c732753cee0827e,1156510500,102,m.cdwyzs.cn/*
1728259f5b0a70168665620e10d85838,1156510100,3,cd.m.dyrs.com.cn/*
1760724aa6d586624b3fd0ddbd9c782a,1156510100,2,www.ch028.net/*
17aea3e66d601cc0443bdb4170e85b62,1156500000,2,m.shj.cn/*
18030faf253760a1a17eec961c50f8ee,1156510100,2,www.ch028.net/*
18296d7b875809df7053fa8e27f51169,1156510100,10,www.wuyouzhuang.com.cn/toufang/h5/*
18372fc51a4ed2152f540e08950fb95e,1156510100,1,m.hexinju.cn/*
18c5665a1ea33d16bab4f9262440b81f,1156510100,9,www.wuyouzhuang.com.cn/toufang/h5/*
18db5e53bd6654a90d8aa03f8e8ca388,1156511500,1,www.ch028.net/*
1901af09edfe13b91597b8fdff3f46aa,1156510100,8,www.wuyouzhuang.com.cn/toufang/h5/*
1927e8f835ddd425f3de42b7e177990e,1156510600,52,m.cdwyzs.cn/*
1929e89fd5ce8ec80575a204007b8371,1156510100,12,m.cdwyzs.cn/*
193c2cc2e45bdc4e1b0c3669602d2f18,1156510100,13,m.cdlrzs.com/*
1949fd98cc0113cd376f56e5ab8cc8d9,1156442000,1,m.cdlrzs.com/*
19560efb8ea202c79051ae91b905440b,1156510100,12,m.cdlrzs.com/*
198f1654f7aecd0876f811acf0c9d7d2,1156511800,53,m.cdwyzs.cn/*
19a91cddd68f5b74e0687c90f34c51ce,1156510100,9,cd.m.dyrs.com.cn/*
19d76df9ba38b265273da6e281ab11cb,1156510900,13,m.cdwyzs.cn/*
19ebb256d3612ae146c2714da01c7b74,1156511700,51,m.cdwyzs.cn/*
1a339df8c0f34e9bb86c498f1302a393,1156512000,41,m.chuanhaozs.com/*
1aa55340bc96461d9b0efa20cff396da,1156510100,2,m.cdwyzs.cn/*
1ad9ffe1926e0b920812212ae7a0650e,1156510100,10,www.wuyouzhuang.com.cn/toufang/h5/*
1adc7f917d50b384acba2c22425fdfd0,1156510400,120,m.cdwyzs.cn/*
1b20a00146f2658d7467e9d0e0eb5ebe,1156511100,62,m.chuanhaozs.com/*
1b34afc111f1cf9a4e1f4a32ea85485b,1156511600,189,m.cdwyzs.cn/*
1b6d5acc6768f40f551408ce51c16373,1156511300,2,m.yzf.com.cn/*
1bd60785cdce93fce509d9b216f6863d,1156510500,2,cd.m.dyrs.com.cn/*
1be935279a560ad8936a0f401827ab3c,1156510700,61,m.cdwyzs.cn/*
1c3639e6bb87d8c477808ccc3f5c1da9,1156510700,18,www.scxblzs.com/*
1c78138518f590a7deb1f27b5613076b,1156510100,28,m.cdwyzs.cn/*
1c8245806d79395e7b2ae46b5745d956,1156510100,2,www.cdsmhome.com/*
1cccf6e984ede05aaf6dfd654c7e8691,1156510100,8,www.scxblzs.com/*
1cd2716a453957ce3add414e48fd9cb3,1156510100,28,m.cdwyzs.cn/*
1dabc41285a02b553c9ee22eaf2f77fa,1156510100,61,m.hexinju.cn/*
1db25244d6670ad0050b5402d8aa797d,1156512000,47,m.cdwyzs.cn/*
1dd0f8bb6405266113192af42a2ffdb2,1156510100,46,m.cdwyzs.cn/*
1e16e205de1e9ce655c29034ac36064c,1156511900,12,www.scxblzs.com/*
1ebe4816fb57ca9946257755747c64a1,1156511300,29,www.scxblzs.com/*
1ed6a12d243c863beb523274e0f5da0c,1156510100,174,m.cdwyzs.cn/*
1f9a85dd9c3458c92f8f0a5b0a0b7bf8,1156510100,2,m.cdwyzs.cn/*
1fe48a6d787cb50009d12fbd2b8a8c18,1156510100,148,m.cdwyzs.cn/*
200889d14018676f0ff05c47f5032dda,1156511600,26,m.cdwyzs.cn/*
201360070125db758100a08163dd1830,1156511300,44,m.cdwyzs.cn/*
203d4b84d26baf0246a255577b28888d,1156510500,8,www.scxblzs.com/*
2044430390e459bb826358df26eede09,1156510700,130,www.scxyzs.cn/*
211d59d47f6602697528aa3d7703845e,1156510100,69,m.cdwyzs.cn/*
21479f905aadcda21d82ff2bbcd9c310,1156510100,16,www.scxblzs.com/*
21c02d711904ab0decaf56d0ed81188e,1156510500,35,m.cdwyzs.cn/*
2212faa4725c09b4a546be37a1ef2b75,1156510100,6,www.scxblzs.com/*
22160409d8d2481cb079b16406fe6f93,1156510100,14,m.cdwyzs.cn/*
2239978b793df9f76c70f306d1190d95,1156510100,33,m.cdwyzs.cn/*
22900574a45cd4c600e7d70340f20110,1156510500,8,www.scxblzs.com/*
22bdb73b9d976a0dcf704348dbbd37df,1156513400,25,m.cdzpg.com/*
23066f4d3bd246b2348a0dd3eae7513e,1156510100,8,www.wuyouzhuang.com.cn/toufang/h5/*
232425c3693c869b5aba0d8ec463a035,1156510100,8,www.scxblzs.com/*
2340c62749b021eb67b6dbeda713cf2c,1156511500,5,www.scxblzs.com/*
2370ceedf0d89d233156ede0e66b7de4,1156511700,79,m.cdwyzs.cn/*
23c894d550ce247707fe5de62274f04b,1156511600,8,www.scxblzs.com/*
23c9be172f3a18fa0c8b9c6eca9330a7,1156510100,7,www.scxblzs.com/*
23e066fad240fd9e3af40477180cfb60,1156510100,66,m.cdwyzs.cn/*
23fba3b2904d52207299b5232b4f156e,1156510900,59,m.cdwyzs.cn/*
241ba2d9447a40f41c8147287fec123e,1156510100,1,m.shj.cn/*
24295a73da85ff8d44582aa38557c6bf,1156510100,14,m.cdzpg.com/*
244298663a71bb16b704bc61573a1e37,1156510100,50,m.cdwyzs.cn/*
244cf24025294ceaa259168848c163db,1156510100,28,m.hexinju.cn/*
245c537a9d72c1eecd5de880c4db0c71,1156510700,2,m.cdwyzs.cn/*
249322b7b27c3cddaa3c26eb7e4a1563,1156511400,373,m.cdwyzs.cn/*
252c1ced83e9845fb747d1d77304a020,1156510100,51,www.scxblzs.com/*
25e31686335b959e3621b32f6b0742cc,1156510100,24,m.cdwyzs.cn/*
25ed232875fce82b63c07f90b0a348d5,1156510100,8,m.shj.cn/*
26127e5a211491aeca4c3d186d65f59b,1156511800,44,m.chuanhaozs.com/*
266af053e4e2f7e784d534d0a23a9848,1156510100,2,m.cdwyzs.cn/*
269bbf81bd273d613a536b4e646cd7b4,1156510100,17,m.cdwyzs.cn/*
26ddb3ae5a5fc798ca04399521124dfa,1156513300,27,m.cdwyzs.cn/*
27404b128537b540fb9514bbc2f9bd15,1156510100,1,m.cdwyzs.cn/*
281421a5a2a0573fb75642228429903a,1156510100,11,www.scxblzs.com/*
2829df8535d424fec3a9d28a2bf0a3b3,1156510900,8,www.scxblzs.com/*
282c9186d4a091aac7f65c24151eea3f,1156511100,11,www.scxblzs.com/*
285bbade673f27e6f5018daab98ad5b3,1156510700,1,cd.m.dyrs.com.cn/*
28737f7a79a09cf9eedcd38e20d88070,1156510300,10,m.cdlrzs.com/*
28c1e6468081684b7d2a7d252d973e05,1156510100,11,www.wuyouzhuang.com.cn/toufang/h5/*
28d3e8e488b81c15f55e2e416c594f36,1156510700,8,www.scxblzs.com/*
297e02dbb971840975cf0913c12c7067,1156510100,1,m.cdwyzs.cn/*
2a33d1d2599b0a3f71549d90fc17a832,1156510100,44,m.cdwyzs.cn/*
2a5d732d3a5f7a090a0fe6384afb3041,1156510100,131,m.cdwyzs.cn/*
2ad43687d547ac283bcfaa75227a159d,1156510100,61,m.cdwyzs.cn/*
2afb8873e14f01268d5117b2378fbc8b,1156510500,16,m.cdwyzs.cn/*
2bc4b70bbe898460572d1d5574f0ad6d,1156510100,1,cd.m.dyrs.com.cn/*
2c5470e4e4e633946a3cabf77e19d1fd,1156510100,317,m.cdwyzs.cn/*
2c55c9042a868625453ac0a4068926d7,1156511700,2,m.cdwyzs.cn/*
2c69dd062b0f6a70e9b31b337884594c,1156510100,1,cd.m.dyrs.com.cn/*
2cb185617ad5d0564460f3ace5759b0a,1156510100,9,www.scxblzs.com/*
2cf74bd4c27c1fd941430a42ab3efb70,1156512000,55,m.cdwyzs.cn/*
2d04a085e6e5fb55cb732fcb0b1fb512,1156510100,72,m.cdwyzs.cn/*
2d063f7ee6ac2989e184ab4990b9e314,1156511900,5,m.cdwyzs.cn/*
2d39e15cff9826c1e7ddfb92339db0d3,1156511300,3,m.shj.cn/*
2d470e9e8cbb406247139908adc4b338,1156510100,1,m.yzf.com.cn/*
2d4c3e6ab66753adcf5275695fa51f65,1156510100,35,m.cdwyzs.cn/*
2d92c1371f7bfd10c41f933c5556f0df,1156511300,25,m.chuanhaozs.com/*
2d962a5ab7d5f0dbe0b670fcf222223b,1156510100,13,m.cdwyzs.cn/*
2d9c6586ea0344c64b4fdc712d427826,1156510100,2,m.cdwyzs.cn/*
2dcb441fea25583a00c217bbb0a791cf,1156620900,14,m.cdlrzs.com/*
2ed79989280b705751368d0c2781d14e,1156511300,71,m.cdwyzs.cn/*
2f15aa80a59b9c9431fb40378ba08408,1156510100,1,www.aslbzs.com/*
2f342337b45f16f1bdf9f479f938cda6,1156510100,30,m.cdwyzs.cn/*
2f881eaa88c062a3a3424bd9ec46e518,1156510800,13,m.cdwyzs.cn/*
2fe50f2883ec4e4554b16c4e2594ab1b,1156510100,65,www.ztxzsjt.com/*
3015091a2252cc355c1b24e038106edd,1156510900,94,m.cdwyzs.cn/*
30fa6715df080ab44d3f34aff511a8f6,1156510100,2,m.cdwyzs.cn/*
3123d898b54efc0374f0b479518a54ba,1156510100,1,m.chuanhaozs.com/*
317788cf928857d5b0300c18e0260e6c,1156510100,1,cd.m.dyrs.com.cn/*
318c488f0bcceb6d7c117fea9d3f8670,1156510900,38,www.scxblzs.com/*
31912b1173c0002a13a45f6c5c178556,1156510700,2,cd.m.dyrs.com.cn/*
31d67c34596ac4166aad14465e03af54,1156511000,65,m.cdwyzs.cn/*
323e33812745153801acb8755903c6ce,1156510100,48,www.scxblzs.com/*
324a8f9c3aea49f3f44213736534f2b9,1156510100,21,m.cdzpg.com/*
325814df0c82356597160272ae33964d,1156510100,118,m.cdwyzs.cn/*
326df82c17c68d0515297bff48e48447,1156510700,50,m.chuanhaozs.com/*
32801e7156759052ef1cee9b10c81d2e,1156510100,7,m.cdwyzs.cn/*
332115868e354c699ec64b46690d5e83,1156511800,41,m.sljjzs.com/*
333d28c969cb0853a64927dd0ca0b985,1156510100,63,m.cdwyzs.cn/*
33b2fc7c219a3840f298ca9374d82ad2,1156511400,54,m.cdwyzs.cn/*
33bb5c014eea8af232d865b16ac8efc4,1156511400,17,www.scxblzs.com/*
33bb7dfb3b762ccf94c92d90774e2383,1156511800,25,m.cdwyzs.cn/*
3416c956d97a418e378bd1369934cd09,1156510100,3,m.shj.cn/*
341bb4e4e85622c02d3f61c85a3d6907,1156513400,100,m.cdwyzs.cn/*
34976f63e89e1f7530807ef673ea31cf,1156511900,31,m.cdwyzs.cn/*
34c9ac93939fa66fc9af305d0c47fad8,1156512000,9,www.scxblzs.com/*
34d681ed8201ce7dfb2a19e2284436fb,1156511300,8,www.scxblzs.com/*
350e51a80a442706f8952939da9e7871,1156511500,1,m.chuanhaozs.com/*
3516360f7df584cc0ba96827e721d1aa,1156510100,2,m.shj.cn/*
3540c9d84d9843e70c63dc7b2e310651,1156510100,57,m.cdwyzs.cn/*
3574538d3ba69cce06d5a6b0a76e003b,1156511300,13,m.shj.cn/*
3592d5bdb2d52faf4ceaca702347d8ea,1156511000,9,www.wuyouzhuang.com.cn/toufang/h5/*
35d9c0ea4f639ce9156669e155cf8cb1,1156511400,7,www.scxblzs.com/*
35e6f62354b6095d2837f09437756e1b,1156510600,49,m.cdwyzs.cn/*
35f667bb4a9ca6e79634ff38f0cf3c09,1156440100,18,m.shj.cn/*
362780ad5b23188fd226c1fa3e778a9f,1156511100,11,m.cdwyzs.cn/*
36422628c2cfab570feed91243f90808,1156511400,80,m.chuanhaozs.com/*
3697c3851094c502117dfbf9a9c8e9b4,1156510600,18,www.scxblzs.com/*
36b26439197f37e608d10110384347e5,1156510600,102,www.scxblzs.com/*
36b4d4edfcfa4c047795640b84c71155,1156510900,1,m.shj.cn/*
36d0c760dd8c2425927aa3182cd5e675,1156430100,17,www.scxblzs.com/*
37686ea11cfeaec37e06aa205aa69990,1156510100,27,cd.m.dyrs.com.cn/*
3774233ee6b26de56257a970a06361b0,1156511500,118,www.cdsmhome.com/*
3838e643c9512908b774a26709c267c7,1156511300,42,m.cdwyzs.cn/*
3873d4ea751effa6cd0846245de81362,1156640100,7,m.shj.cn/*
3884c8333d744678f59579175c448ad1,1156511300,1,m.cdwyzs.cn/*
388aef19622e3c3bf99d84205a8efeb5,1156511700,8,www.scxblzs.com/*
3904db5d34279ca32c5d3c91ab9f4af0,1156510100,91,www.bzzss.com/*
3952dd7feadf20e41fd0563a175af0e5,1156513400,1,m.cdzpg.com/*
39791115eeb13f5a3a73b3945a19d4f6,1156510800,7,m.cdwyzs.cn/*
39efab3ae7c73097a54da118a1749e15,1156511400,15,www.scxblzs.com/*
3a05f20aa0de330255c696b442d652a9,1156510300,40,m.cdwyzs.cn/*
3a0c1452d333605741ba4cb0e1b234c0,1156510100,70,www.028dd.cn/*
3a652872fab63f998b2d9b79437a7a46,1156510100,2,cd.m.dyrs.com.cn/*
3a7b330609762961a8c9ee3da00af460,1156510100,4,cd.m.dyrs.com.cn/*
3ae040c3006974007f9a1f8babdc85c1,1156510100,64,m.cdwyzs.cn/*
3b1313e61d96c577a7f50920035a6d47,1156511900,19,m.chuanhaozs.com/*
3b2a3a55688117e6e9e7e3318ec823c8,1156510100,28,m.cdwyzs.cn/*
3b41df809b2b7751c4ceaa86b2b862c9,1156510100,2,www.u-workshop.com/*
3b6256ded3baff2108e4e4e1fd298c51,1156511700,28,m.cdwyzs.cn/*
3b72c146b415eab380d53f31f68d37ad,1156510100,41,m.chuanhaozs.com/*
3b925a22812cc48984c929d8bc2ea6a1,1156513400,80,m.cdwyzs.cn/*
3bde1cf809b59da9f31a9780ff5f8ef5,1156510100,3,cd.m.dyrs.com.cn/*
3bfb43e2a990bc2be7c2ea59bba375ab,1156511900,43,www.cdsmhome.com/*
3ce2429ff76be73ca3fc849b0d94a094,1156510100,3,m.cdlrzs.com/*
3d0c012460afbab6c1eaea8b516ce24e,1156511700,26,m.cdwyzs.cn/*
3de3e5de82a8fb8ad68233791533369a,1156510600,18,www.scxblzs.com/*
3ee42078df5d5c9df397d3a2afe46c76,1156510100,58,www.ztxzsjt.com/*
3eeb3f57dbe7e9659cffc79b1c84510d,1156510100,1,www.wuyouzhuang.com.cn/toufang/h5/*
3f65502944e625078ab910d02f2bbe7f,1156510100,7,www.scxblzs.com/*
3fa9a8221010895c10585afd2ef8f909,1156540100,46,m.cdwyzs.cn/*
3fe64445c693a7ec11889994648f4933,1156510100,67,m.cdwyzs.cn/*
400116f9171aee6a14f45c1b4ecfe22b,1156513200,2,m.cdwyzs.cn/*
4020dd232905b2c71f3d764e65244aa9,1156510500,3,m.cdwyzs.cn/*
4073cc136c0162beab8374089ff89584,1156510500,1,m.shj.cn/*
4082f73f845e34ae58823ad3a61f368e,1156510100,11,www.scxblzs.com/*
409e166651f982e987182b6342fde7a4,1156510100,57,m.cdwyzs.cn/*
40a21e66256dec08c59c8e6b9110a178,1156511300,3,cd.m.dyrs.com.cn/*
40ec9a7f59caba30cf904a1b994f7f19,1156512000,29,m.cdwyzs.cn/*
4138b5b86380efebd0c96caab6bae8ce,1156510100,5,www.scxblzs.com/*
413a1a67bbd1bc916fbefe4d21881ad0,1156110000,81,www.scxyzs.cn/*
41458607ef44982fe0c585a3e97eb0ad,1156510800,33,m.cdzpg.com/*
4165e4f9ebe8b932effb0d4d4964c97b,1156510900,30,m.cdwyzs.cn/*
419871e89b320f0de0d41040b07a3b16,1156510100,46,m.cdwyzs.cn/*
41bfc5a74c20d710adcd6c5e4d41bc3d,1156320400,7,m.shj.cn/*
41d67ed9e886aba957b899d06ddf98b0,1156510700,2,cd.m.dyrs.com.cn/*
4245bd31d04926d289409aacc7b9a1ca,1156510900,72,www.ztxzsjt.com/*
42c5db21112a6486c2d7bc2a72bd1afa,1156510500,9,www.scxblzs.com/*
42cca240540a9828d32af8b7b74a6238,1156510100,39,m.chuanhaozs.com/*
42fadb4075a8ecb70a76a7145393d84d,1156510900,28,m.cdwyzs.cn/*
437d2591ed368843a2563f076c66796c,1156510100,57,m.cdwyzs.cn/*
4380d51ff3b127e7affb3af1c7188197,1156510100,41,www.scxyzs.cn/*
442ed57314b3d3180664f13fc99f68fd,1156510100,48,m.sljjzs.com/*
4437cb7ed55a327cba78a38a1852e77f,1156511000,66,m.cdlrzs.com/*
449d5cf4fb122e97bde8f439b1c73d7b,1156510100,9,www.scxblzs.com/*
44f1ee77018d60a7c16d6ebad199b625,1156510100,18,cd.m.dyrs.com.cn/*
45968e718e923d778c0feb9845f8016e,1156511400,1,m.cdwyzs.cn/*
45aa0d2b802ad7d3a048d03b38206f7e,1156510700,1,www.ch028.net/*
45b5a1f3e0d1930fcb5ba69f41f0b133,1156512000,65,m.cdwyzs.cn/*
45e63f960974d2f9cac9ff7fc6130eb8,1156510300,3,m.cdwyzs.cn/*
45f87ac8016c611f53c00850224d00e6,1156511900,36,m.cdwyzs.cn/*
462e01eabcb8b2828735d7f4993ff101,1156510100,8,www.scxblzs.com/*
46847362abb7af383887636c1fc45a7d,1156510100,54,www.cdsmhome.com/*
4691050ce92c7a7a01327f4b75477ca7,1156510100,9,m.cdwyzs.cn/*
46975e377c89baf229c8a9a4feaaad91,1156510100,34,www.ztxzsjt.com/*
46ae9207d735f384a209f62cf00be893,1156510600,1,cd.m.dyrs.com.cn/*
4708eccfb3efc5450bd462873bcfb93b,1156510100,3,m.cdlrzs.com/*
4794913bc67a0d8ffb6e3798ffdd1d39,1156110000,136,m.cdwyzs.cn/*
47e6f16d1ccb06189c4969cffe750b54,1156510100,3,cd.m.dyrs.com.cn/*
47ea8d60b5eabb82fcba28cbc5fce4ee,1156510100,3,www.scxblzs.com/*
48162b63d258c94dcc29c14619bbc25b,1156511000,16,m.cdwyzs.cn/*
484884b972f4c2388321e4c171bdd7da,1156510100,1,m.cdlrzs.com/*
484c321b9d8aa89fcff2df61f7d4eae3,1156510100,6,m.shj.cn/*
4934484b5e9c0653c69673919743a584,1156510100,2,m.cdwyzs.cn/*
4940a2813566a97759904cf187584f49,1156510500,27,m.cdwyzs.cn/*
494312d07938787dd34f81ce4bf474b0,1156510500,260,m.cdwyzs.cn/*
4961320aa047b64413a7cbee482eb9a3,1156510400,32,m.hexinju.cn/*
497e5787635edf586eaa317d98b10e4f,1156510500,41,m.chuanhaozs.com/*
49acb79abceac2ead266e0545df0b713,1156511100,5,cd.m.dyrs.com.cn/*
49b086c64c8722be0f8bd50e83e6f080,1156510800,102,m.cdwyzs.cn/*
49dc27f0f787ec933676903e8095c36a,1156510700,50,www.cdsmhome.com/*
49fb7b0abc0f03bdc189e90a7a464718,1156512000,148,m.cdwyzs.cn/*
4a0590a498afac834e34f26cbf5a0574,1156510100,29,m.cdwyzs.cn/*
4a7863a5b46cdaa5cb590d0b3482840c,1156511000,50,www.scxblzs.com/*
4a9ef4591354a215b12360470f3424e7,1156510100,47,m.cdwyzs.cn/*
4b16e60a67a927cf4243b9246f1b98d0,1156510100,2,m.cdwyzs.cn/*
4b19d52c9655b04a9734e1a09b5fd7dc,1156513400,132,m.cdwyzs.cn/*
4b36bc633d743149ced5d512155f0825,1156510700,5,cd.m.dyrs.com.cn/*
4b7966b9ba6bcff038d7fc0f5cb42f96,1156510600,53,m.cdwyzs.cn/*
4b7ab04a66131dffaf04598ee89549c3,1156511300,1,m.shj.cn/*
4bc30d1220c0dbfd42aabc882a8c71b9,1156510700,2,m.cdwyzs.cn/*
4c054a244c7178eba5a8fdc871aa21ae,1156510500,148,m.cdwyzs.cn/*
4c6153a3a71fe3a726401588ca96251e,1156510100,38,m.chuanhaozs.com/*
4ca3747e638a29be4fd4320c52baf64a,1156510100,5,www.scxblzs.com/*
4cd90725653dbcb2e3fd23b9e36b347a,1156510900,2,m.cdzpg.com/*
4cee961f37c5e9ce02900e1590d036a4,1156513300,6,www.ztxzsjt.com/*
4d3fddcdd260fda3f09e0c46e176cc11,1156511700,116,m.cdwyzs.cn/*
4d42620cc4ed2e52068341a0991972ea,1156510100,7,www.scxblzs.com/*
4d5f1ae72796b9fd7fc3f10b07b5ae44,1156510100,10,m.cdwyzs.cn/*
4e1eb8ff040371c8f4ed9544ed5ac164,1156512000,2,m.cdwyzs.cn/*
4ea8d27e1f9ec5ec82ab9ad2880d4f56,1156510100,12,www.cdsmhome.com/*
4ed3695dad6d566b313e0174c41ed989,1156510600,2,cd.m.dyrs.com.cn/*
4ed4b16325939755aee5b4e0f0855d3f,1156511700,119,m.cdwyzs.cn/*
4edaf512d1df451193286afe488d6122,1156510100,24,m.cdwyzs.cn/*
4f3b2d2e948decb0526bafda04eccaef,1156510100,59,www.cdsmhome.com/*
4f7a628e03968c60029c529cea4bc91e,1156511900,28,m.cdwyzs.cn/*
4fde2700202af4c1079d355ee9080d40,1156510100,6,cd.m.dyrs.com.cn/*
504479fce4bd5f68d5d6677c24e9bb88,1156510100,1,m.shj.cn/*
509449d5e2926cdcff4754cdf001f1e7,1156510100,27,m.cdzpg.com/*
50ae47a52bd8d87f8c2bcb5ffa47b70c,1156510100,28,m.cdwyzs.cn/*
50e06229f3b71a8c1d8089c891fcbc06,1156513200,1,www.ch028.net/*
50f2b782e64c90c980fb3f7ea10c826e,1156511900,65,www.ztxzsjt.com/*
51765e890774786522b98007263dee42,1156510100,42,m.cdwyzs.cn/*
52b4b77733ec35a23c3c9e72f1328570,1156510100,8,www.aslbzs.com/*
52dc333412a17f5c6fad28879ff05dd0,1156510600,33,m.cdwyzs.cn/*
52ddd6f0945d1de25cf6a1dcdf6c70b0,1156510100,39,m.chuanhaozs.com/*
52df9a80bed5555e52a8fd8a6d26fbc8,1156511000,8,www.scxblzs.com/*
532d6f327837bb806416f8884273f588,1156510100,110,m.cdwyzs.cn/*
535628803606995a4d0787f0cd52c273,1156510100,49,m.sljjzs.com/*
538c7eab2a723f7f06f6ec2af03c5e0a,1156511600,68,m.cdwyzs.cn/*
538df8f92d46b83ce4bc038afeac423f,1156510600,63,m.cdwyzs.cn/*
53931e68ba27aed95dd06622dda3b74e,1156510100,71,m.chuanhaozs.com/*
542ad1dba32e3c80f40df5a5a3c0a002,1156510100,59,m.cdwyzs.cn/*
544c7d7e6bd4d87bd7db1bdb365cc926,1156510100,1,cd.m.dyrs.com.cn/*
545c1ad8d67a0b2ee897dbc5fe0fec0b,1156510100,30,m.cdzpg.com/*
546ec5a96564de324d06dc16d2bc3b70,1156510100,1,www.scxblzs.com/*
548f40e5660f8eb94e7b08f3ea00bd0e,1156510100,2,m.shj.cn/*
54a478919ff33afafdb88c5f3f78be9e,1156510100,48,m.cdwyzs.cn/*
54a8f76dffdbac4fe6522dae03a48282,1156510100,70,m.cdwyzs.cn/*
54f93ea419d3fb15ce888c97202059d5,1156510100,26,m.cdwyzs.cn/*
55d3ee4ccacb5a32a6b030693d6d60f4,1156510100,1,www.bzzss.com/*
55eb74509bd8a7bf6985be981e896ab4,1156510100,24,m.cdzpg.com/*
563239c0b7fdc4e1b5d3194ab4c1ae04,1156510500,15,m.cdwyzs.cn/*
5651462d2af74893cf924158fe384a11,1156510500,40,m.chuanhaozs.com/*
56554bc66e3256efaa67e4f4fe4c29a5,1156510100,1,m.yzf.com.cn/*
56ddd75d5792e5e1515b0d4a83c9d5cb,1156512000,5,m.cdwyzs.cn/*
5706967673c92d261d71ef748f6d9a64,1156511700,3,cd.m.dyrs.com.cn/*
5783b082ce14147a2726285f801947a6,1156510100,54,m.cdwyzs.cn/*
5795de0e5f28068b8735db8376ac43a4,1156511300,17,www.scxblzs.com/*
57c77c63d8e4c845c233bdfcdb6729a6,1156510100,16,m.shj.cn/*
57e8b8a10d74eb4b9da0b525965bb51d,1156510700,62,m.cdwyzs.cn/*
57f11aa91b9b1cb3b36978908f63bc87,1156510100,18,m.cdwyzs.cn/*
58f4286eb8ba62476008827178e22e48,1156510100,1,m.cdwyzs.cn/*
593fee888b1615a26b4c2fe4783dbdb5,1156511800,2,m.hexinju.cn/*
59d94573b47d63ca0158b78661747f8e,1156510100,28,m.cdzpg.com/*
5a3fff6d7fd0e88fa494121a18595160,1156511400,1,m.cdwyzs.cn/*
5a411f3e740421d6c28b483eeca3ee8f,1156510100,39,m.chuanhaozs.com/*
5a69424a1dcfb0ea902a636205661127,1156510800,4,cd.m.dyrs.com.cn/*
5a90b233fc755107165f5b72d8d20c80,1156510100,3,m.shj.cn/*
5ab0aaf2453e0c4847076e8e446782f8,1156511300,91,m.cdlrzs.com/*
5ab374d82a036fe3a972f7a0c08abb0a,1156510100,40,m.cdzpg.com/*
5b50432dc74abfbac5f5cb477ba2c22e,1156510100,25,m.cdwyzs.cn/*
5b703344fa6dc92cfbfb7e82a1e3828a,1156510100,36,m.cdwyzs.cn/*
5b7614c7e35bf56019120c77d0545e6f,1156510100,68,m.cdwyzs.cn/*
5b7fea20ee3db2b15b5f7afd00b5ffe9,1156510100,2,m.shj.cn/*
5b85564253e09ab41b1ec404a856281c,1156510100,37,m.chuanhaozs.com/*
5baf1bbc7d96c71e9d6d13d7c1df1cbc,1156110000,140,m.cdlrzs.com/*
5c07fe28e017a9655ce93e188d9dc67a,1156510900,57,www.cdsmhome.com/*
5c9231e3ab20b24c0ddb8db5b3b326ce,1156510100,34,m.cdwyzs.cn/*
5d035765cdb94da82292f849e84a053d,1156510100,41,m.cdwyzs.cn/*
5d16e35e492212acbb6f42e598ea370d,1156510100,58,m.cdwyzs.cn/*
5d3a88580956f0ecb7465802aff5dfc4,1156510900,7,m.cdwyzs.cn/*
5d4197d6fa6c2ea01db9b914893bcaa5,1156510800,36,m.cdwyzs.cn/*
5d67978f557cb93e740eddc60da83e4b,1156510100,67,m.cdwyzs.cn/*
5d9787c7ac3e8687b1f4b0ddfc8be8b5,1156510100,6,m.cdlrzs.com/*
5db86a834de0ebe5623882c7f96e7d4c,1156510100,319,m.cdwyzs.cn/*
5dfbac723562fb1df3496a4a629244b9,1156510600,12,m.cdlrzs.com/*
5e42ddc13c2b473b42e2209d2388f7ea,1156511300,2,www.ztxzsjt.com/*
5e64112c10f59d17793423f11795ab23,1156510500,3,m.cdwyzs.cn/*
5ecf162751d8d70f80eaa4f689350ce4,1156510700,1,m.cdwyzs.cn/*
5ed11329757125c0a4ea73dbf9d21e4f,1156512000,70,m.cdwyzs.cn/*
5ee17c9b26dc012c741c3efc881702c0,1156510100,100,m.cdwyzs.cn/*
5f201d69112ff7f360ad4e4fcf3d10d0,1156510100,3,m.cdwyzs.cn/*
5f5c22da71c867ee441e0f68a33bf6a6,1156510300,17,m.cdzpg.com/*
5f71b18ca51814acd22a9a9bfabe9e80,1156510100,9,www.scxblzs.com/*
5f7da841d1088f2f55c67789e25d4ef4,1156510100,19,m.cdzpg.com/*
5f82f61e1dd88cb707a8e3d5cf929ef9,1156511000,274,m.cdwyzs.cn/*
5ffcf30e004844bfcf5ed960d83c0bf4,1156510700,2,www.wuyouzhuang.com.cn/toufang/h5/*
6048ffb911e1698075e994d58c9837ec,1156511300,33,m.cdwyzs.cn/*
6062411e39b6f11b184cd3f3138f9b2b,1156510100,3,cd.m.dyrs.com.cn/*
606c8fb47c4d5df6b68c13bb4048bcfd,1156510100,8,www.wuyouzhuang.com.cn/toufang/h5/*
60a9808dd985b5fdb2a0e316099fb321,1156511600,94,m.cdwyzs.cn/*
60b820eed00db31c86da0ce064b75913,1156510600,40,m.cdlrzs.com/*
6129bde12d87ea1c443aa0a1afb13431,1156510100,4,cd.shangceng.com.cn/*
61419495004ca7ea1a65e41564ffd39a,1156513200,4,m.shj.cn/*
619e2e16d478167a8944ef59941bfbca,1156510500,111,m.cdwyzs.cn/*
61a641e66a88dc6892744b51b9b9e47b,1156510600,8,www.scxblzs.com/*
61b9c79e57ef0eb3d53da5f2ffaa2a3e,1156511900,281,m.cdwyzs.cn/*
6215bc767eb86c61c78f6edf4d6bf273,1156510400,2,cd.m.dyrs.com.cn/*
623121b41aafaa9a45b814cfee577c2d,1156510100,14,m.cdlrzs.com/*
6234df502a8716df0856f947bfd65dfe,1156511700,10,m.cdwyzs.cn/*
6243b922fc9c01896142c7b0b6eeaf20,1156511700,3,www.scxblzs.com/*
6289f27021d296b296c237d154b74675,1156510400,50,m.cdwyzs.cn/*
62b7334b2bbdabb5ac6395661f75e941,1156510100,34,m.cdwyzs.cn/*
62d7953b2bb97dc2d4300d08ab2b2f9d,1156510700,5,www.cdsmhome.com/*
62f5d783b20d115f7b592c2c05f1e08e,1156510700,27,m.cdwyzs.cn/*
6364552bd0a8619a626e1e786b97f7f5,1156510100,14,m.cdwyzs.cn/*
6376cce4ba8175a0b8cade2ea516c060,1156510100,57,m.cdwyzs.cn/*
63841179d56fb219267e5b139330d89b,1156511000,26,m.cdwyzs.cn/*
6390515c174cb3a389f29b5679b0ee94,1156510600,46,www.cdsmhome.com/*
63a9a69c6b9b97bce496d3bf12c8417a,1156511900,9,www.wuyouzhuang.com.cn/toufang/h5/*
63b7f50511b6c4296dc588be92ab41db,1156510100,52,m.cdwyzs.cn/*
64283b6ebfaecff9907e9e62f548f132,1156512000,25,m.cdlrzs.com/*
643054050d0173bec4f0e28c1918151c,1156511800,25,m.cdwyzs.cn/*
64a141c165378cfaaf717335cd35c4b6,1156510500,12,www.scxblzs.com/*
64abc88d9227177d5fe4137415d76143,1156510400,64,www.scxblzs.com/*
658b2a0bab3357db5c395558d4ceff4b,1156510600,22,m.cdlrzs.com/*
666224ea08f285c16b2ffab128191d56,1156510100,1,cd.shj.cn/*
66656d65fa88754b7c76c0e6d3b79d98,1156510100,26,m.cdwyzs.cn/*
66b9ca928c72eee5b7bc7ad7d9b10525,1156510100,4,cd.shangceng.com.cn/*
67087336df5b3c97efd9771ad84ba16b,1156510100,14,m.cdwyzs.cn/*
6709360cf0490088afa7af836bd9531d,1156511300,64,m.cdlrzs.com/*
6758717a34f0f69643fe668ca9d0097a,1156511400,9,m.cdwyzs.cn/*
678bfc81b365b4a6afa8280e708f5424,1156510500,68,www.ztxzsjt.com/*
67db3a4aa55403558b9b2b1419f3b0e7,1156511500,1,www.ch028.net/*
680f3780c02fa0a093cf78e0c7e6a656,1156510100,61,m.cdwyzs.cn/*
68aac9fc6d3870ee978b3f5f3ff052ab,1156510900,59,m.chuanhaozs.com/*
68ff882860dc466c29077a018e4761ef,1156512000,35,m.chuanhaozs.com/*
69111acc4418b950cd23973f89219a04,1156330100,2,www.ch028.net/*
69b6438830ca6182384b21f4c3b41fb4,1156511100,59,m.cdlrzs.com/*
69b67520059aacb0ae089b10bf2b6f58,1156510100,3,cd.m.dyrs.com.cn/*
69d767efe0df624e5beea28e97cb4966,1156511300,9,www.scxblzs.com/*
6a09ace982cbe4a10e1c3cff0fa5311d,1156513200,4,m.shj.cn/*
6a3327be210251026fc387177b3ce1a0,1156510100,23,m.cdwyzs.cn/*
6a386679aa829c7df4ca6513da000325,1156510700,1,cd.m.dyrs.com.cn/*
6a84cedfbd62c000b74d337a222a8c5d,1156510100,7,m.shj.cn/*
6b5d24e992b7ac0b8a02f5e7bb9e17bb,1156510500,27,m.cdwyzs.cn/*
6b8d2a8923d35b92f9d4b5014aec6d8d,1156510900,8,www.scxblzs.com/*
6c93adbf5b06a7f99744e3dcfa190673,1156510100,1,www.u-workshop.com/*
6cc37bf74c3e888eeaa7965d1cc94195,1156511500,9,www.scxblzs.com/*
6cd8f5d4e714aa6bc6b5fa8577ffcad9,1156510100,8,3g.xjszs.com/*
6d6638819ea44fae31069c4bf459ab71,1156513300,2,cd.m.dyrs.com.cn/*
6d7fc2bca82dbfb4ed673c07427aa302,1156510700,2,m.shj.cn/*
6d84e34228e5281d58795210d94bd4ef,1156510300,1,m.shj.cn/*
6dacb942b70cded12f971288e1700e0d,1156511000,51,www.ztxzsjt.com/*
6dc1ea475c3a9975f9832c777da3d927,1156510100,7,www.wuyouzhuang.com.cn/toufang/h5/*
6e51f879321b0e20b1bd7984729b1f08,1156510700,1,m.cdwyzs.cn/*
6e833566599d7afac5eca09e218ec633,1156510400,32,m.cdwyzs.cn/*
6e99217c5269f006d462a1fa66cbb27b,1156510800,20,m.cdwyzs.cn/*
6ee3589f69e6248ddd5f53526402c2fe,1156511300,3,m.shj.cn/*
6eefe6a0efbb2d9536189c926213b081,1156510100,1,m.shj.cn/*
6f3599272bc444a0f54294efe0ad3de4,1156510100,14,m.cdlrzs.com/*
6fb5c1ff5c53e511214ad34134852098,1156513200,94,m.cdwyzs.cn/*
706964fe3d808b1b84ad81ba8fe1de3d,1156510600,2,m.cdlrzs.com/*
70ec6655baeb93289e8290a48df927d2,1156653100,1,cd.m.dyrs.com.cn/*
7108f8a328ccdeca1240ebe8aec53d26,1156510100,30,m.cdwyzs.cn/*
71e014a6878dc12c70abc5d7c69370c4,1156510100,105,m.cdwyzs.cn/*
720fcf4343300c0c19194e2fc9e8b036,1156510100,9,www.scxblzs.com/*
72212b9f448ad5b544a871ee46aea25b,1156511300,9,www.scxblzs.com/*
7226082175ccc29ae0c15587daef3390,1156510900,8,m.cdwyzs.cn/*
7242d2f3a0a66091256042fce92ff519,1156510100,42,m.cdwyzs.cn/*
725618c795ba7ce47d81687251cca846,1156510100,72,m.cdwyzs.cn/*
7309baf8a66505c1003c549297970320,1156510100,104,m.cdwyzs.cn/*
735c7f2baabd808d7e0d76e04e13e9bd,1156510700,36,m.cdwyzs.cn/*
736d53db352a6b1880c1e649ea1e4bfa,1156510100,10,www.wuyouzhuang.com.cn/toufang/h5/*
7385e9e1a9956705765be385958a6930,1156510800,20,m.cdwyzs.cn/*
73a94f1b072bf549b46e0e6efc38b276,1156510100,2,cd.m.dyrs.com.cn/*
74114467f8c7de523100a8718c27204d,1156510500,12,m.cdwyzs.cn/*
741a26f10c90020dfbf070f0d77a5ebb,1156510100,74,m.cdwyzs.cn/*
7442d51feeab972b5fc9854ce2e1c4b7,1156510100,14,m.cdlrzs.com/*
74ce7f249d8c2f4dbb63363d66a3bb1e,1156510100,6,m.cdlrzs.com/*
7504b572a3caaf8f0d2a736a1c6ca9ae,1156510100,9,m.cdlrzs.com/*
7582726d08fce8259bdae819fce6013c,1156510300,43,m.cdwyzs.cn/*
75a3c59152a031c8c8f1643a1f858c79,1156510100,37,m.cdwyzs.cn/*
75e9481be7b76fcf2e17025966f5dc9e,1156510700,59,m.cdwyzs.cn/*
75ff600f5d6ef51ffde85acc1edcd836,1156510900,9,m.cdwyzs.cn/*
760cd4e51c3528425811364131cad7ae,1156510300,8,www.scxblzs.com/*
76100e515fd9f1763cd536ae5d787f1e,1156510600,2,m.cdwyzs.cn/*
761cf0afef4fa12c9e18d44b1e0b3328,1156510100,8,www.scxblzs.com/*
764dfe3037d2449c13e0b89cfbf7d4d5,1156511700,1,m.cdwyzs.cn/*
764e4b5c59ec249c5e4e850ec8c1fd6a,1156512000,5,m.cdwyzs.cn/*
7654c70d0e1ebcaad15cc34d17190c37,1156510100,1,m.chuanhaozs.com/*
7671ff182768f160f4b6f0a8cdfffc1e,1156511300,4,m.shj.cn/*
767cb46c098229c0cefd27bb0889bc45,1156510100,42,m.chuanhaozs.com/*
76e9cc81d0706e8893adb6b54719c7f8,1156510100,3,cd.m.dyrs.com.cn/*
7722ec2e8251468dc356446b3f57cac3,1156511500,65,m.cdwyzs.cn/*
7737a749b475e2445e9b668cf1b194cc,1156510300,2,m.cdwyzs.cn/*
774664120f3e9d0ac13201b5333e7836,1156511300,64,www.bzzss.com/*
77c53245cc1cb724df5b2749001bef60,1156510700,115,m.cdlrzs.com/*
77c69749b788706ac34e6893063daffa,1156510700,64,m.cdwyzs.cn/*
7839c48654fe0bb63b7ba35860e1d036,1156510100,8,m.cdwyzs.cn/*
786f981433b5b88e03e7dda1d654d3ea,1156511300,39,m.cdwyzs.cn/*
78ec43df41dfccddc3cc71941e780a28,1156510100,66,m.cdwyzs.cn/*
78f9efa170baadba418afa6a09266b12,1156510100,36,www.ztxzsjt.com/*
79340ce2f67d28fc95d8be8386cb0065,1156510600,64,m.cdwyzs.cn/*
794902687246f233d000a362597d7967,1156510100,6,m.cdwyzs.cn/*
795433c23a601e28235b22ea973ccfa4,1156510100,151,m.cdwyzs.cn/*
795f9e61dd2e6566921f2e37100fe768,1156510100,15,m.cdlrzs.com/*
79a8f8b14ef02742b8de234b816af8ba,1156510100,26,m.cdwyzs.cn/*
79c37855eaf9c0211dc4215c1a8a00be,1156442000,31,www.ztxzsjt.com/*
79d319521b52c1371a1717df8bf3836c,1156510100,7,m.cdwyzs.cn/*
7a13422b1004b692e375d3e37b8f0620,1156510100,8,m.cdwyzs.cn/*
7a32c97f3a23c0f1213b5e968a9fdd3d,1156510100,54,m.cdwyzs.cn/*
7a405595ba9ba1a35a22b81ae4847c35,1156510100,62,m.cdwyzs.cn/*
7a5d3b9df3a865472b02164283336185,1156511800,34,m.chuanhaozs.com/*
7a983d650a6d5e9a13c06c5413c0eda1,1156510100,78,m.chuanhaozs.com/*
7aa589e20700666f9c43ac28664a70e0,1156511900,158,m.cdwyzs.cn/*
7b0ee0d1addc79695594a497c4514759,1156510100,3,m.shj.cn/*
7b2b4abc3418e516543a7d1fc1a0bfc8,1156510100,70,www.ztxzsjt.com/*
7b4600d7cb774ece3176e5ee782280bd,1156500000,36,www.ztxzsjt.com/*
7b49553d876b707783993ca569949971,1156510100,64,www.ztxzsjt.com/*
7b6c346512fd569505f2b794244a47f3,1156512000,7,www.scxblzs.com/*
7b80d56118614e83f28bd1837d3bd389,1156510100,29,m.cdwyzs.cn/*
7ba20d358e2565f1f3c7830a23febfa7,1156511400,56,m.cdwyzs.cn/*
7ba51d12569dcc8ec19a207d52abc0d5,1156510100,6,www.scxblzs.com/*
7bdd4ee293e9f8221cf94e069a024613,1156310000,142,m.cdwyzs.cn/*
7bedf3f174550d1ee10c71bcb12a511f,1156510900,72,m.cdwyzs.cn/*
7c3bb3c8f4e99d7331dcdcc21545b6c9,1156511400,123,www.scxblzs.com/*
7c8e3a5c5ef835d435343f97d3d76172,1156512000,3,m.shj.cn/*
7cd73af865da248529e9815468ed589b,1156511700,2,m.cdwyzs.cn/*
7cfb46828b601cc7fa4b3deb64b080a8,1156510300,1,m.cdwyzs.cn/*
7d529af92ec1dcd6708178f10d4a6a79,1156511500,54,m.cdwyzs.cn/*
7d5d081f3f6b6429e59cbdf9c0575977,1156510100,32,www.ztxzsjt.com/*
7dd296089f284f9b826cb99e58803375,1156511100,1,m.chuanhaozs.com/*
7dd51224df761a2349242f62d1592e6b,1156511900,7,www.scxblzs.com/*
7e148712e8d0d7bd9ad1eac6740e2b49,1156510300,59,m.cdwyzs.cn/*
7e192d124be0c98db9a4ce4e6f4559d0,1156511300,1,www.ch028.net/*
7e4626667e4ee36de6cd23112903c951,1156511300,65,m.cdwyzs.cn/*
7e77c8463154d7281e100c5eaf781afd,1156510100,17,m.cdwyzs.cn/*
7e8a84c49630015f2c25ffec9ffa70a1,1156511900,28,m.cdzpg.com/*
7e91785c45350ec9831cf4d190f89b6f,1156510100,48,m.chuanhaozs.com/*
7ed5130371d1ce1cd4307028c3f42c43,1156130600,116,m.cdwyzs.cn/*
7ee67adce0c40f8c7c791fb674134865,1156510900,1,www.lrzs.com.cn/*
7fb026de5b2ae725debeaeee0f0dd988,1156510100,169,m.tdhjz.com/*
7fb9b162b5cc22036a34196be335e1c8,1156510100,8,m.cdwyzs.cn/*
7fdbdae6cd9de3c7d7a10127d1a02aa9,1156511700,178,m.chuanhaozs.com/*
7fed8a949ce479d6f06a21160f8c2dc3,1156510100,65,m.shj.cn/*
7ff0f2b53e1113a0174a7f1d495745fc,1156513400,1,m.hexinju.cn/*
801df318bd637dbc555ab49da876af34,1156510300,69,m.cdwyzs.cn/*
801ed7dcdd94c77f9a8f483bf96469f0,1156511100,53,m.cdwyzs.cn/*
804a75ebee5703d515e472fe2792fdb2,1156512000,27,m.cdzpg.com/*
8051441203cc0ab054e0ae4ae70c8f31,1156510100,46,www.cdsmhome.com/*
80b04d16b3b79ba28cb36e4f644bd376,1156510100,1,www.u-workshop.com/*
80f58d8bbc8f84be174efebe3c371c1c,1156511600,60,m.cdwyzs.cn/*
813639055dd1ebc58dd27a7b1559c710,1156510100,30,m.cdwyzs.cn/*
814a48a4280e6d3140a674203545bdcd,1156510100,75,m.cdwyzs.cn/*
8176a5dc1d4f7ff9a13fb8adb8df0e37,1156510700,2,m.cdlrzs.com/*
81ea448f394f74ce3e93a22b35eabbc9,1156510100,9,m.shj.cn/*
8269aa8178b468d964bfb8df24e77520,1156511300,16,m.chuanhaozs.com/*
82985e3be466d4bd15e7c11d351f683c,1156510100,9,www.wuyouzhuang.com.cn/toufang/h5/*
82cc730e6e4f25719255243067caaf79,1156510100,3,cd.m.dyrs.com.cn/*
82e0dc7b0350ea1eb50cec3eba2ea75e,1156510100,910,m.cdwyzs.cn/*
82fbccd196ee4ded6ac008a15e0193ad,1156510900,15,www.cdsmhome.com/*
83bd0ac102b0c788bc8700fc13b1969f,1156513400,22,m.cdwyzs.cn/*
83bd660419b3f8e0221ed707b9951cdc,1156510100,286,m.cdwyzs.cn/*
83c0f95572cc822cd694cb45819e0678,1156510500,2,m.cdwyzs.cn/*
83d03ea13b51c66d21c6d13f1b9b4ccf,1156510100,76,m.cdwyzs.cn/*
83f30ef89ea89ccd44a368284313249b,1156510700,86,www.bzzss.com/*
840bef42800133643b22649da6f28ba1,1156510100,38,m.chuanhaozs.com/*
844d9eeb7d77a5f3419bf78d61e48fd9,1156510100,31,m.cdwyzs.cn/*
857692eaee2a2c4e351d0f10bd44c5d5,1156510700,39,m.cdwyzs.cn/*
85ce59b2ca51ac195950b6be50152600,1156510100,6,www.scxblzs.com/*
862997199c5c41846e960919b7bd72a3,1156511000,30,m.cdwyzs.cn/*
86aeb1d0c90e2b4ea860f8409564eec9,1156510900,2,www.scxblzs.com/*
86f90823af55e048044445c805207eca,1156510100,36,m.cdwyzs.cn/*
8734ec0edfd436b9281e7fd097321cd9,1156510100,25,cd.shj.cn/*
874c19e7a781a67782d51fbfee5f1cce,1156510100,22,www.falongfa.com/*
87ae0287cffec34b8beee835e743aec2,1156510800,8,www.wuyouzhuang.com.cn/toufang/h5/*
87c3f84f918dc636d7a52f995a490e4a,1156510100,2,m.cdwyzs.cn/*
886646a119d52c9a854660b29ffaaaed,1156510100,13,m.cdwyzs.cn/*
8867ceb12cfb656c7dabd9059b6c8fc0,1156510100,63,m.cdwyzs.cn/*
88681e8dd54d651d2c649d3bbb5b3851,1156510800,62,m.cdwyzs.cn/*
8908ee124b9d60e9d2c7d5394d413531,1156510100,12,m.cdwyzs.cn/*
891de2de1ebd7643b229d2f660ba0271,1156511000,69,www.ztxzsjt.com/*
89584b73eb72985291d90deff56cc9ad,1156510100,4,m.shj.cn/*
896ea3aa12b973c27168b05e53c0d1e2,1156510100,28,m.cdwyzs.cn/*
8979917edd0d7a170ab7b9db27793df3,1156510300,24,m.cdzpg.com/*
89d3822ddc31b0dac0845fc402861085,1156510700,12,m.cdwyzs.cn/*
8a4a978f738f50f0af38b58471e3a511,1156510100,14,m.cdwyzs.cn/*
8ab0fb8dd5da6834722a7c00a107f011,1156510100,18,m.cdwyzs.cn/*
8ac13d3d85c23f9c0574f635df9ea67c,1156511400,61,m.cdwyzs.cn/*
8add46ee1aba79a6a50bfe44b5f0042e,1156510500,30,m.cdlrzs.com/*
8aebfd56c6cea1f0954b47412745a66f,1156510100,1,www.lrzs.com.cn/*
8b154a389d283ff7c7cd60c81abfc24c,1156440300,2,m.cdwyzs.cn/*
8c034eb06855a40d3448576b7a05e84f,1156510300,7,www.scxblzs.com/*
8c1989a04224efa21be368eb13740640,1156510700,2,m.cdwyzs.cn/*
8c5958be724be2863872ed0f56a842b6,1156510100,9,m.cdwyzs.cn/*
8c947838e457291dca28b963ab1dfec4,1156510100,8,www.wuyouzhuang.com.cn/toufang/h5/*
8c9d0f151e75878fbcd9d658211fe571,1156510100,8,www.scxblzs.com/*
8cb8af83f868e91d6c9dcc31dd7852de,1156511900,17,www.scxblzs.com/*
8d642ccff5c857beea26351e38edf88c,1156510100,103,m.cdwyzs.cn/*
8d72474b05209693b44d25d357446882,1156510100,2,cd.m.dyrs.com.cn/*
8d92d289e8057f0afe0ce86d45a915e3,1156510100,1,m.cdwyzs.cn/*
8dd7d2cb0e008146bae8ae35f80a827a,1156510100,374,m.cdlrzs.com/*
8dfd11ce4e846e8aec790be04a07c7da,1156510100,8,m.cdwyzs.cn/*
8e0143a482a083c8ba9390a12c1614f9,1156510100,26,m.cdwyzs.cn/*
8e8b94464fa87e7a7d450dc8c5412042,1156511300,13,m.chuanhaozs.com/*
8ed6bf7498b8dabbf8067b42eca24e35,1156510300,12,www.cdsmhome.com/*
8ed79b7871e0b7ef6ea50b133bfcf113,1156511300,2,cd.m.dyrs.com.cn/*
8fb4d46a5b2d7a00dda1f3b79a86fc85,1156510100,38,m.cdwyzs.cn/*
8fc7f8c93caac37ca104d85c02763687,1156513400,237,m.chuanhaozs.com/*
8fc968e79d03f09965fb286b3f529946,1156510700,29,m.chuanhaozs.com/*
8fd55b81482c18210a0ff4ee387b7aa9,1156511500,14,m.cdlrzs.com/*
908602c8f8ac948de010478e44f214bb,1156511300,46,m.cdwyzs.cn/*
90bb81255e10a7dbb467702c2c7d9733,1156510100,4,cd.m.dyrs.com.cn/*
90bf7439958d4dfdc82b3683689bae70,1156511000,39,m.chuanhaozs.com/*
90c8afc63c7c6627cabcb09824aa087e,1156510100,41,www.bzzss.com/*
90d530b33125664a1463c8912c9e162b,1156510100,27,m.cdwyzs.cn/*
91149947ca3b46e9de6ed5c9ec97c0c4,1156510100,78,m.chuanhaozs.com/*
9123edf491f66f8cd691b01cb97d63f8,1156500000,60,m.cdwyzs.cn/*
91923ece7a8c7561728950fdb296767f,1156510300,210,m.cdwyzs.cn/*
919c3d6f279de15b9b710cf9e2ee03f8,1156510100,5,cd.m.dyrs.com.cn/*
91a1372a07b1dbdd5f00c4b04904d2e4,1156510100,7,www.wuyouzhuang.com.cn/toufang/h5/*
91a1e18ef757974958bc5c6a4fdc85ff,1156510100,7,www.scxblzs.com/*
91ac2bbf450f3bbf34d08849e7a9dd52,1156511900,30,m.cdwyzs.cn/*
91d0b1526633450fe84a7f78e04336a9,1156513200,3,m.shj.cn/*
91f718cb24afb401c83aa111cb5c7ccb,1156510100,14,m.cdlrzs.com/*
92c2db8aab249bac936869b03b4837af,1156510700,1,www.ddzsjt.cc/*
92d05bb96c9b351ce14c23dcb4d8cef6,1156510100,1,cd.m.dyrs.com.cn/*
93d142cfbd8f48944746636ba4951f4b,1156510100,57,www.cdsmhome.com/*
93fc48c64292ea2aefb3b9e002810210,1156510100,1,m.cdwyzs.cn/*
94062f042d4689c68bb609d3b2fb71ee,1156621200,2,m.cdwyzs.cn/*
940de0540a972149c83f12c7f3d4bb7f,1156510100,9,www.scxblzs.com/*
942fa37a0119995d8ce04d9073724905,1156510100,34,m.cdwyzs.cn/*
94309452785d7b2d49f601fd18b2b374,1156513300,3,cd.m.dyrs.com.cn/*
959d0d19189fe2ae8c5c68d8b5822c56,1156510100,11,m.cdlrzs.com/*
9658190d63f6328f598a90e1870382f9,1156510100,27,m.cdwyzs.cn/*
966c89757e0a701d05ce91a7dcf46cad,1156510500,198,m.chuanhaozs.com/*
96d9f3300c5a18564551b23af8b6c1ba,1156510100,69,m.cdwyzs.cn/*
9796d30807728dfe6020054a6ed114f4,1156510300,1,www.ch028.net/*
97d873da327e0eba80f28b6a1f8e4dba,1156510100,1,cd.m.dyrs.com.cn/*
97da0a5ad8c7e1a173162c19ef360a64,1156511300,19,m.cdwyzs.cn/*
9818c5609e8c4efbeb93544330e161e4,1156510100,52,www.falongfa.com/*
9837cf16c55fc0ac4bebe0a5e2824011,1156510100,37,m.chuanhaozs.com/*
984eb4528c99c9f3e12eac61354773c1,1156510100,42,m.cdwyzs.cn/*
9852e1476f65b8fbc8ac3f4fdcdc1f7c,1156510900,146,m.cdlrzs.com/*
98530e67a75b2aad37d74357ee5005f6,1156510500,8,www.scxblzs.com/*
9863c15867d687809e28eee8f3a9445a,1156510100,55,m.chuanhaozs.com/*
989a8d85c360c38a3c0954a3e3a57ea7,1156512000,27,m.cdwyzs.cn/*
98be0c31160d2b9dd56b067d5e937d82,1156511100,1,cd.m.dyrs.com.cn/*
995f301030aded04c44e8960735536fd,1156510100,3,m.shj.cn/*
9967ad821d6b8465a8b02261e834ae28,1156513400,46,m.cdlrzs.com/*
99b4718032266699004872fdeee7ea6f,1156510900,2,www.lrzs.com.cn/*
9a49bbc4b3d97320f3a8b87374b7d757,1156510100,1,m.cdwyzs.cn/*
9a5441f32b6fb6f5d06bcff47bea55ca,1156513400,69,m.cdwyzs.cn/*
9a57213f7348ec628ac6acfc2d7cb1dd,1156510100,31,m.cdwyzs.cn/*
9ae3a9a03ebcf102a4acd001b805dc57,1156510100,77,m.cdwyzs.cn/*
9b193cb831ea2f4bacca6100fd615d45,1156330200,18,www.scxblzs.com/*
9b42ffd6442852edd02fe92a00d3ecd8,1156510700,22,m.cdwyzs.cn/*
9b93f84834ed918b3e184ef971927627,1156511800,69,m.cdwyzs.cn/*
9b9e3d4716eeccbd3ec76eecef39fd10,1156510100,72,m.cdwyzs.cn/*
9bd908256d404b282a3766d53e775698,1156510600,72,m.cdwyzs.cn/*
9bdca090db1c615e282e0b291117915f,1156510100,71,www.ztxzsjt.com/*
9bdd5b00ecc3a711c0dc25148f95bcc7,1156510700,50,m.cdwyzs.cn/*
9c115d489119503e9f0e6933b873f85e,1156510100,24,m.cdlrzs.com/*
9c2167df9c4d722cc8bba28310a1bcc3,1156510100,2,www.u-workshop.com/*
9c44e16e1b0c68244e011d58a537323c,1156511800,65,m.cdwyzs.cn/*
9c7c1185a41c2e3b2d8d2f97aec3e267,1156510400,65,m.cdwyzs.cn/*
9c8ac729d717a3528fb5e383f93a2f3f,1156510400,46,m.sljjzs.com/*
9c8dfbbb62bbd728f916cafbe76b5567,1156510100,145,m.cdwyzs.cn/*
9c9aafcc3fe83335c64ee14a9845454d,1156510800,9,www.scxblzs.com/*
9cd1435d196f73637d8f7df83ae791d9,1156510700,60,m.chuanhaozs.com/*
9cdabc32ade4389203e4e7062549caa4,1156510100,1,cd.m.dyrs.com.cn/*
9d09b9e466ed8c2afbcce32b1361c9e5,1156510800,25,m.cdwyzs.cn/*
9daa06575080241d0aca85864a5b99c4,1156510100,3,m.shj.cn/*
9def23d1988405bb8bbb372fe04c0d3d,1156511600,18,m.cdwyzs.cn/*
9e315d6efbf03296dca63f58b00cd7ec,1156511400,85,m.chuanhaozs.com/*
9e3e00097a0a02676fc2a77eb016839b,1156511700,37,www.ztxzsjt.com/*
9e7e639ef425adcac2e732a303eb5575,1156510600,2,m.shj.cn/*
9e93f0b367d233fecdc7e518e8fa2659,1156511300,1,cd.m.dyrs.com.cn/*
9fcd95aff0ea6fafb5af4cc12a7a7720,1156510100,6,m.cdlrzs.com/*
9fd08347342ac17fe29d11ce58d1744d,1156510100,119,m.cdwyzs.cn/*
a0738a81226b5bba3873439be5f98f4d,1156510100,24,m.cdwyzs.cn/*
a0b7dc25e9935a8f5aa005ff28d00a8e,1156510700,2,m.cdwyzs.cn/*
a1228e9480e1398118a01bdacc35a704,1156513400,29,www.ztxzsjt.com/*
a1307779b8f7cbb1e8229a7c79dfd9d0,1156510900,18,m.cdzpg.com/*
a1e08dd666449ed63c647d0b085d6268,1156510100,13,m.shj.cn/*
a2099d9cb14fccf49cbdc6c40f4fef1c,1156510100,49,m.cdwyzs.cn/*
a239ee74d6edf66edce939dfeca41c67,1156510100,1,cd.m.dyrs.com.cn/*
a242eaf7bcb5bb886384d20906e95e8a,1156511400,1,m.cdwyzs.cn/*
a24f12ec95e10a48bdf0d35a55dc5736,1156510100,7,m.cdlrzs.com/*
a26f6ab17da0fec9d185a0768a73973f,1156510500,17,m.cdwyzs.cn/*
a2869efc615ea2f9ad0ac4bdd246fac5,1156510100,52,m.chuanhaozs.com/*
a3106ec4ab48105aa083a58cec558972,1156510100,61,m.cdwyzs.cn/*
a31cb08e9e122fdc5d48a3510c583491,1156510100,53,m.cdwyzs.cn/*
a31e1ff8438262a03fef9c39bbdf3d3c,1156510100,38,m.chuanhaozs.com/*
a3432a3a06e9bfff18d7600245ac9375,1156511600,36,m.chuanhaozs.com/*
a34b16c91b5e4eea7548da151121aca7,1156510100,10,m.cdwyzs.cn/*
a378805ca77a125ec665f64da783ff98,1156510100,10,m.cdwyzs.cn/*
a42739bbd4d1582af3834d560d6016b8,1156512000,36,m.cdwyzs.cn/*
a468c20cb4ff3e6d6730685a1f6667b1,1156510100,21,www.scxblzs.com/*
a4988343dab443a649fd35e653177d8c,1156510100,40,m.chuanhaozs.com/*
a58195e859f6e842d5a027440f9f8499,1156510100,34,m.cdwyzs.cn/*
a630e76ab1f0fb264d930d712420a566,1156511300,3,cd.m.dyrs.com.cn/*
a68286ebf568c1329265ddd1c71ff6ac,1156370700,127,m.hexinju.cn/*
a6f0d6a794a4e3f91c6cf24a0aa86a5f,1156510100,8,m.cdwyzs.cn/*
a745fdc6bfba7c8d1141ab3ebcce1536,1156510700,3,cd.m.dyrs.com.cn/*
a76893dcd07f21dd15de2c249d7b1ef2,1156511300,27,m.cdwyzs.cn/*
a7922028e5acc883d616db7f3846b133,1156511600,38,www.lrzs.com.cn/*
a7a0e83b5f03849b4f329b6779e66cdd,1156511300,252,m.cdwyzs.cn/*
a7acf328352adac86b511b1cb5a39526,1156510900,7,www.scxblzs.com/*
a841530088d22c27a321203b0b58dc99,1156510100,9,www.wuyouzhuang.com.cn/toufang/h5/*
a8f38d9aa41ac63cfbc2f088c1b69756,1156510100,29,m.cdwyzs.cn/*
a8f91cd5cf1ba4fca8f45e54c0a92791,1156441200,4,m.shj.cn/*
a9189196685cef262c6c19d0fe8aa6e5,1156510800,30,m.cdwyzs.cn/*
a97ca84af104944532a1bd6b68e9b2b3,1156511000,118,m.cdwyzs.cn/*
a99cc47e1b979ab47ed6d42d33c7c469,1156510100,11,m.cdlrzs.com/*
a9a2e59cf2d96626c7cea62162bfde84,1156511300,56,m.cdwyzs.cn/*
aa23887d5fd375bb6fbe512f27d23103,1156510100,45,m.chuanhaozs.com/*
aa48574c5af3996e9c2f6377d0bceccd,1156510700,11,www.scxblzs.com/*
aa534c881b79819c28bc3c537023b4ad,1156510100,108,m.cd.tdhjz.com/*
aa710adcbf20376323626d3c817e9aac,1156510100,32,m.cdwyzs.cn/*
aa7b242861bb8c199e83726f61f00150,1156510100,16,m.cdwyzs.cn/*
aa8899b6340888613c1eea63cee59dd9,1156511100,44,m.cdwyzs.cn/*
aabfb053ed89361535cd935b8edd475c,1156510100,7,m.cdwyzs.cn/*
aaf08ce23b048327c0e2215e5232f38c,1156511500,6,m.cdwyzs.cn/*
aba584b4eea1ac51bab4d6f25d56a243,1156511600,61,m.cdwyzs.cn/*
abc770e3f968f95b28b9ba2494ff8d1b,1156511400,19,m.cdwyzs.cn/*
abc9a8ea01d6dca45fa4b6aca9b6891c,1156511600,1,m.chuanhaozs.com/*
abe8afdb0c4355de70d2f05042eb10a6,1156510100,129,m.cdwyzs.cn/*
ac31190206747928abaa006eafaf12a0,1156510100,412,m.cdwyzs.cn/*
add71e2ce3888b91473d63b7aab49bc0,1156511700,28,m.cdwyzs.cn/*
adeb2a575a18b852a5191c020cbeaa3f,1156510100,56,m.cdwyzs.cn/*
ae10fcec299b4ba46b1878709e665121,1156510300,77,m.chuanhaozs.com/*
ae3b8eb1a054805e0e574bd6120947ba,1156511400,24,m.cdlrzs.com/*
ae487463ab4ddbd75fccd50786202c89,1156511600,82,m.cdwyzs.cn/*
ae7871a7cd9fa63b9a710131f3a0acab,1156511400,2,m.chuanhaozs.com/*
ae7f4fe5f4c266bb05bed4179a21673c,1156510500,7,www.scxblzs.com/*
aedb267a74e322c655eca59c46fa494b,1156510100,30,m.cdwyzs.cn/*
aefb5a759eed33615dea84eb2889f6de,1156510600,27,www.ztxzsjt.com/*
af401ccec5f7c33e29321f5bced46c34,1156510100,3,m.cdwyzs.cn/*
af48e042ee7e13543a9ef7ce3c37242e,1156512000,1,m.cdlrzs.com/*
af8c0c3492fd3094448d91d48880a7c2,1156511400,9,www.scxblzs.com/*
afcd9e605be5d39b9ef71e3af9da3533,1156510100,68,www.ztxzsjt.com/*
b023f5b93f08948e5e9610656a0c4030,1156510800,8,m.cdlrzs.com/*
b037ca7745366af376a437fe5642a788,1156510100,2,m.cdwyzs.cn/*
b070e4af22f132dfe7d0a92718b56cc5,1156510500,28,m.cdzpg.com/*
b0a1e255abe404f8870b9296cb85b60e,1156510100,13,www.scxblzs.com/*
b0ad6c1913b56aa18f92e6ccad3c4d54,1156510100,127,m.cdwyzs.cn/*
b0d726dffbfa59c57c76c1dbb10f7800,1156510300,42,m.cdzpg.com/*
b0ed6d455d9a74328cf922f814b16677,1156510100,10,www.wuyouzhuang.com.cn/toufang/h5/*
b1ae0df3a77d918e88f5b1d50c9c306f,1156511600,65,m.cdlrzs.com/*
b1b1d0025663f238ac88e6f0695b17ed,1156510100,2,m.cdwyzs.cn/*
b1ed5c97effd191892e76ee30d804b78,1156510100,19,m.cdwyzs.cn/*
b1fa83f1561d725b725fab7311f80b7a,1156510100,127,www.cdhxjzs.cn/*
b20eb955ea703b55be28361f7e75687d,1156510100,77,www.028dd.cn/*
b27f95d34e7231f54434b326b8b86cbd,1156511700,70,m.cdwyzs.cn/*
b29863cf8743055dcb3f372b49a90138,1156510100,68,m.cdlrzs.com/*
b2ed990f29b8665c1e3bcec0b4401953,1156511400,2,m.shj.cn/*
b30d3f2ca58637c6ac6cbc8755178a28,1156510300,1,www.ch028.net/*
b3138ad4f9caa9f5ab32a1a4860a7145,1156510100,50,m.cdlrzs.com/*
b317ab7b3602bd616b2017e3b4bb2ae7,1156511700,144,m.cdwyzs.cn/*
b35606bf715be85005332f6fa30e4ad9,1156510100,50,m.cdwyzs.cn/*
b37af1df160a78d6054710d1c044a6df,1156510100,44,m.cdwyzs.cn/*
b3a4ae5d7c0fb3dcdc0aa33c641a4013,1156510800,26,m.cdwyzs.cn/*
b410ab14dc2cfbaa51cb6caec9500a1d,1156511800,1,cd.m.dyrs.com.cn/*
b47413a56a33cda0937374af8c9d59b0,1156512000,57,m.cdwyzs.cn/*
b5313c27cc6b7930b3cbfd0cc76a2317,1156510100,85,www.028dd.cn/*
b5dab904f93528c96d7a085597ac1209,1156510600,52,m.cdwyzs.cn/*
b613290ac416a864f02bf5845d224118,1156511600,2,m.shj.cn/*
b6405f25519a1c0423a17c75dc8f5d8e,1156510100,9,www.wuyouzhuang.com.cn/toufang/h5/*
b690e8191358d6d17c8c539f4ae77316,1156510900,36,m.chuanhaozs.com/*
b6912aa2c6f1828627a3d4ec22860bda,1156510100,150,m.cdwyzs.cn/*
b6976214ba8e8628fe852e2b10c9d603,1156512000,42,m.cdwyzs.cn/*
b6b669f0e227e34d619260f23649ed6e,1156510100,46,m.sljjzs.com/*
b6cd8a733bcd7233db3173769f7577dc,1156510100,160,m.cdwyzs.cn/*
b6cf777b177eb6884d5526e54db1a76b,1156510100,46,m.chuanhaozs.com/*
b6fa9f0dc71e393290bff05c4c717c35,1156632100,2,cd.m.dyrs.com.cn/*
b70a33766353d8a8be3896fe5517747c,1156510100,21,m.shj.cn/*
b731ac8f2fb0241af36b86bfb5850dd3,1156510100,13,www.wuyouzhuang.com.cn/toufang/h5/*
b75d504162ed76f0eb0557920c8e2ade,1156510800,3,m.shj.cn/*
b790e66647c9edf06c7b2d108e1fa042,1156510100,37,m.cdwyzs.cn/*
b7a577bc630daa5eb999dd6de8e12af3,1156510100,35,m.cdwyzs.cn/*
b7c93356096259b22dd8b18836cd6674,1156510600,61,m.cdwyzs.cn/*
b8094b4dadc9b9b9c4be9d178f8cf665,1156510700,4,cd.m.dyrs.com.cn/*
b8206140fbd37e2e402ef5105b7c9809,1156510100,1,www.lrzs.com.cn/*
b8383b335bea5949ddd2e1994a4abbef,1156510900,65,www.bzzss.com/*
b84c298133227d4ea50d44d6ea9c4d3c,1156511800,1,m.cdlrzs.com/*
b8d6beee737bc96b7fa822b5cc9dbb6d,1156510100,53,m.cdwyzs.cn/*
b91e4b4b3c5016bf7fb31cc9347d65fe,1156511300,3,m.shj.cn/*
b943c4e4c832585cc372c9b455074caa,1156511300,70,m.cdwyzs.cn/*
b97b743d774501529e94412dd234635e,1156510100,29,m.shj.cn/*
b981893fb4103b2058fedb007693e431,1156510100,72,m.cdwyzs.cn/*
b99578e9d9f6b5f08fd8cfab535778bb,1156511000,1,cd.m.dyrs.com.cn/*
ba479d3d345e07d54f9c319147784cb7,1156511500,31,m.cdwyzs.cn/*
ba53f0bed879603bcd52f41215292de4,1156510100,49,m.cdzpg.com/*
bab9f039261df67595182e3d8ad4f3e2,1156510700,20,m.cdwyzs.cn/*
bad0f5d9a1becc51a44cf2bfa698d333,1156510800,2,m.shj.cn/*
baf2c6fb02a7db306c1298f026314370,1156510100,7,www.scxblzs.com/*
bb6ac660207a88d2621064fc3b71937e,1156510100,6,www.scxblzs.com/*
bba186c59d7461550e82744a348fb103,1156510100,10,m.cdwyzs.cn/*
bbf2ae96172c80f929237ccbc3326ed7,1156511300,55,m.cdwyzs.cn/*
bc1ea02e4d8314808acafe2bfb8b2d87,1156510100,1,m.cdlrzs.com/*
bc3a8888688b3a7fa6b97a1144589827,1156510100,2,m.cdwyzs.cn/*
bcb7e2617c6a267cea4e865d4dc8ddf4,1156510500,2,m.shj.cn/*
bce482129cb77d4ee7bcfc52cad63f2a,1156510100,7,m.cdlrzs.com/*
bd710409d29bcebcffdc1a4b540de2c2,1156511800,21,m.cdzpg.com/*
bdcabd358ce53bc34da77be2dc3495a3,1156511500,84,m.chuanhaozs.com/*
bde254b26d2579fe31e62771322ca984,1156510100,7,m.cdwyzs.cn/*
be0630294c374f0b5686cd9f84a0e1ae,1156511100,5,m.cdzpg.com/*
be80b464b5f971ecde963d3f24d220c1,1156510100,63,m.cdwyzs.cn/*
be9a603134e94b9c3ab1027eb5c4ee8d,1156510100,38,m.chuanhaozs.com/*
bead512ef25fd269543b3bfe737df738,1156510100,28,m.cdwyzs.cn/*
bee0a740844e80b1a7f16dddaad056c5,1156510100,94,m.cdwyzs.cn/*
bf02fd4fcd7297700a97489e3a1a5cfc,1156510100,22,m.cdwyzs.cn/*
bf19bf69f06f7933397ce64ad92fb006,1156511300,2,m.shj.cn/*
bf850497176339eae7a5fca8aa0e31a1,1156511300,67,m.cdwyzs.cn/*
bfd166759834ff83c59f0e6738a13fbb,1156510600,37,m.chuanhaozs.com/*
c04c5a703f065d614129c8205dadfd71,1156511300,49,m.cdwyzs.cn/*
c04ce0f81118a893634f017d76f66f52,1156510400,7,www.scxblzs.com/*
c065a7dcd034731c5c8fec26e003cafc,1156510500,27,m.cdwyzs.cn/*
c0a0aa8294170cac38b53be1c21943cf,1156510100,7,www.scxblzs.com/*
c0a47cd902b365a902088d7645628cdd,1156510700,12,m.cdlrzs.com/*
c10fbf81321289f8da0519ee231b9ff8,1156510100,53,m.cdwyzs.cn/*
c134c6e15ec3f91c1ac49afe5d86e660,1156510100,39,www.ztxzsjt.com/*
c14205433e702ae25b438236d0693e76,1156510100,44,m.cdwyzs.cn/*
c144500cb205515ffe8770f7d67eb1bf,1156510700,46,m.cdwyzs.cn/*
c183542b9a6c8811e0c1559725876b99,1156511700,1,m.cdwyzs.cn/*
c1ffd2029e5108b311acbf827265956a,1156542600,8,m.cdwyzs.cn/*
c20e555c7c40c7bdf016f2991410780e,1156510100,2,cd.m.dyrs.com.cn/*
c280cb2e26c010ff107d860d8df94c3b,1156511000,28,m.cdwyzs.cn/*
c2ad91aac659398277c322595922d372,1156510100,8,www.scxblzs.com/*
c31212ca1dc15e0b4e799b384bfa1ff7,1156510100,12,m.cdlrzs.com/*
c32fe58cedb3908d4235d9d93e9d5bb4,1156510100,3,m.shj.cn/*
c339e20482531b39331d33baf3d2c837,1156510100,24,m.cdwyzs.cn/*
c3553fddd4e037aabfaea12c9647fad8,1156511800,43,m.cdwyzs.cn/*
c36f51cc427f3ed84d1a7ce533baaf5f,1156510100,15,m.cdwyzs.cn/*
c3844f59452c5eb9e98d0615389df132,1156510100,12,m.cdlrzs.com/*
c3864fe3a961cd57a9b4b056849ef0ce,1156510500,6,m.cdwyzs.cn/*
c39f08c2dae99aada8ac1ccb7608969c,1156512000,2,m.shj.cn/*
c3abf7418b33c8c19c268be641254500,1156511700,4,m.cdwyzs.cn/*
c3bf0008d217e9a9d6dd01cc2411797a,1156510300,31,www.ztxzsjt.com/*
c41e41f393a08993bc0ac7fd0e17e9de,1156511600,17,m.cdwyzs.cn/*
c429e4774d0d6302188999387300aabf,1156511300,22,m.cdlrzs.com/*
c44758c6357ea885b983cac97ee0b941,1156510100,21,m.cdwyzs.cn/*
c46352707b4265d83ea62b24ffe3aa48,1156510700,26,cd.m.dyrs.com.cn/*
c49423424b338b6335b89a7bd7ad158e,1156511400,19,m.cdwyzs.cn/*
c4b8ce85f3cd596a9019c761655110b1,1156510100,28,m.cdwyzs.cn/*
c5c836d0f6cf817ff40369f483ed6aa4,1156510100,3,cd.m.dyrs.com.cn/*
c60d741964028cdaecbd5a2bca0bb03e,1156320100,3,www.cdsmhome.com/*
c617261b68fd10301d57d073e0e2bfc7,1156510100,33,m.cdwyzs.cn/*
c628de41620b9b46c502f5fed57e3627,1156511500,70,m.cdlrzs.com/*
c6512648f40e13847c3a88d9fa4e6965,1156511300,20,www.scxblzs.com/*
c66e9a1562d3436240dd145f20eb1ab7,1156511600,1,m.cdlrzs.com/*
c7a8e4a036a7b15b15894a5bd957ac0f,1156510100,13,m.cdlrzs.com/*
c8000b1c7dbf4a46568a507aa710428d,1156510700,68,m.cdwyzs.cn/*
c86f237ed4afbd4dcb2b790991e302e9,1156510800,7,m.cdlrzs.com/*
c899bd607257e3a9fcaf01b4d26ed02e,1156511300,20,www.ztxzsjt.com/*
c8d1d6fe0d24e135bc2d11ada5ae68c1,1156510700,92,m.chuanhaozs.com/*
c93622af1b708cf0703ff2e08409dcdb,1156513200,1,www.ztxzsjt.com/*
c93ae8ee86afe974303caa27ff545b0f,1156210200,36,m.cdwyzs.cn/*
c9be268734eadb553ee8e72c858ad3b8,1156510500,4,m.shj.cn/*
c9c2a319a3d3666255f73ea885d555b6,1156511400,2,m.cdwyzs.cn/*
c9de113ef48c620203e1c5cf117f2746,1156510500,8,www.scxblzs.com/*
ca0ffc3e2b1dd722415d64504fca30d5,1156511300,4,cd.m.dyrs.com.cn/*
ca2a39488e7609a43a74cba41995e480,1156510500,38,m.chuanhaozs.com/*
ca402117094d8f5b4e373153077c6aa3,1156510500,31,m.cdzpg.com/*
ca4a225bc9f48e569617ca382ab4d2d3,1156530100,26,m.cdzpg.com/*
ca6a895ade00796a9c738050c897d403,1156510100,11,m.cdwyzs.cn/*
ca97e8808acb4b03c91cbd6e54c703d1,1156510100,60,m.cdwyzs.cn/*
cacf8f7385d3f24f364eba861d052d2d,1156510100,52,m.hexinju.cn/*
cad1b0994b59d594613c75f4aeb546f7,1156510100,4,m.shj.cn/*
cb11da0e168348aa7d00df303ce441a6,1156510100,6,www.scxblzs.com/*
cb8754eca3b20a8f3c418af4513c8e91,1156511100,89,m.cdwyzs.cn/*
cb8bd07abed4d8f019dc6a4a2a8edf3d,1156511300,10,m.shj.cn/*
cba72c2827c4ae86bd679ce33b1003bb,1156510100,8,www.scxblzs.com/*
cbbb749c7714af8b052f49ad57576987,1156510300,64,m.cdwyzs.cn/*
cbc621454422e62575891fcbfe2a750d,1156510100,40,m.cdwyzs.cn/*
cbefe7e979dd5add639c5b80a5ce526a,1156510100,5,m.cdlrzs.com/*
cbf4e5b7a2f8cb7e9cc457fb98cf8e75,1156510100,27,m.chuanhaozs.com/*
cc4315b1008223157d8e209c9c751bf6,1156510500,8,www.scxblzs.com/*
cca9e560dd55e84bce789eead1b12cde,1156510100,129,www.aslbzs.com/*
cccf8fa79596f7708d08a4f1dd9a0050,1156510100,40,m.chuanhaozs.com/*
cd1a752d04f0090eeff539df6ca2ac14,1156510100,53,m.cdwyzs.cn/*
cd9f377b957478110617fbdcc1f3d95c,1156510100,36,m.cdwyzs.cn/*
cdac88bf8af55ab188b448e87db1c374,1156510500,1015,m.cdwyzs.cn/*
cdfc2786abeb67b6e6700336623c030f,1156510100,20,www.scxblzs.com/*
ce1331ab1a0ad302bb44c52751147885,1156511300,1,m.shj.cn/*
ce29dbae5149132a5b99e432d1f45af6,1156511000,2,www.ch028.net/*
ce6061d4f123f747efe6be943ceba2cc,1156511400,4,m.shj.cn/*
cebbfe66da31971f7a48fe4bc3382cb7,1156510100,3,cd.m.dyrs.com.cn/*
cec23aa7938af257a2a227c8ba5f4324,1156510800,43,m.cdwyzs.cn/*
cec331f8b5527d6b92974d0037f553e3,1156510700,172,m.cdwyzs.cn/*
cec915ed9af9bb526ec40720fe60b3ed,1156511900,7,www.scxblzs.com/*
ced0fe73cdd382e442e470dd77dc5fbc,1156511700,76,m.cdwyzs.cn/*
cee080eb7361afb44c066d6f9ab01151,1156510100,52,m.cdwyzs.cn/*
cf41ad5af2840d936946c25071cdb6e9,1156511300,9,m.shj.cn/*
cfff76837e95f0c878f330ce589da309,1156510900,57,m.cdwyzs.cn/*
d013d88032c42d2c1cdbcfa5bfce8359,1156510100,13,m.cdlrzs.com/*
d0b4fd6e92f8d4b39839ccfa89e80012,1156512000,44,m.chuanhaozs.com/*
d11f9bd6dc654a2f1b2044842f5ca49c,1156511100,76,m.cdwyzs.cn/*
d153d5f2ee7746ad2baf15a53831721e,1156510100,1,m.cdzpg.com/*
d1709d54e24bae5d1d2460fb080ce719,1156510100,10,m.cdlrzs.com/*
d1b16202821f811d2eca49c6bcf8d92f,1156510700,2,m.shj.cn/*
d1b774b7a1cc660b9a4c1abdaa561758,1156513300,16,www.scxblzs.com/*
d25a7d1dee0cbd51e8305323bfa571d6,1156511300,59,m.cdwyzs.cn/*
d27725c8c08900de9a5a78b0875033db,1156510100,2,m.shj.cn/*
d2b1505376406e6e9ede7f023032eb3a,1156510900,4,m.shj.cn/*
d2bbe997026013d9eb92f96e676897b3,1156511100,20,m.cdwyzs.cn/*
d2d89e9fbbc840db74572c1859dceda7,1156510500,55,m.chuanhaozs.com/*
d2e2f0c7ba956e197aaaf91917c155bc,1156510100,19,m.cdlrzs.com/*
d2fb412b2deb1d02a5a2b83720f8a5c3,1156510800,37,m.chuanhaozs.com/*
d2fb8d27334ecd59242a130446bf0081,1156510100,15,m.cdwyzs.cn/*
d3642ee55bfc2ad7627b95f898f26708,1156510700,3,cd.m.dyrs.com.cn/*
d39adcd9a5f403ebe345a23a9feebdd5,1156511700,66,m.cdwyzs.cn/*
d4062970f0ca40a6110509262fb7970f,1156511600,175,m.cdwyzs.cn/*
d43da3ba5557e20900577cddcd535584,1156410100,171,m.chuanhaozs.com/*
d449585c503907595dd57298675e6cc7,1156510100,1,cd.m.dyrs.com.cn/*
d46d0ba4517e0a9b9c6de5a8b5ba0689,1156510800,12,m.cdwyzs.cn/*
d473ac39083130bc3ad1e1b8292c86fc,1156510100,120,m.cdwyzs.cn/*
d487457be37cb90ea6ba2fa6e5b70d2b,1156510100,28,m.chuanhaozs.com/*
d4ec11c8a4f5dce13e3f3416a774195c,1156510100,8,m.chuanhaozs.com/*
d4fde060266b1d73ec60b4e210614ca3,1156510700,219,m.cdwyzs.cn/*
d5338087f2efa79556e5d31e06f301c5,1156511700,5,m.shj.cn/*
d5c1842bf27616186373822c70d5476b,1156513400,1,m.cdwyzs.cn/*
d5e781c5c463d1a761644378e8cb3b31,1156510100,39,m.chuanhaozs.com/*
d63533fbff8e34b5cce6eadc24f7188f,1156510600,38,m.cdwyzs.cn/*
d638f4358ca2e3b927bc00bf4b557fef,1156510100,21,www.ddzsjt.cc/*
d6cc7ebd6ba6f59ca04af5eacb84fe4c,1156510100,87,m.cdwyzs.cn/*
d6ebadb369ba9c03bac688970c82ae01,1156511300,21,www.ztxzsjt.com/*
d73b25f82b53d1b434e39f1e62c163d0,1156511300,41,m.sljjzs.com/*
d7a36aa6fd2c2e23c23ef95a2df40775,1156510100,6,m.cdwyzs.cn/*
d7a8ea4ac6ef21c04db3be4546d3d695,1156511300,33,m.cdwyzs.cn/*
d81565365040af0171d708630ae89708,1156513400,15,m.cdwyzs.cn/*
d82697da92329dc2e35c03074cb4d346,1156510100,78,m.cdwyzs.cn/*
d843c12c9bf4ffd0d183cebf0278ef84,1156510100,8,www.wuyouzhuang.com.cn/toufang/h5/*
d8898114b9e74cbbe944ea2734a88ceb,1156510100,10,m.cdwyzs.cn/*
d8977e99510398f4188d8760d511facd,1156510100,5,m.cdwyzs.cn/*
d8bad3147625ca1ae4d6213647263078,1156510100,7,www.scxblzs.com/*
d8bb5006f4d774e8f1575a706215425d,1156110000,88,m.cdwyzs.cn/*
d8da7932255c67418ea8131678097f49,1156510300,15,m.cdwyzs.cn/*
d8ec7383eb36ef4c7cf949007450b620,1156510100,35,m.cdwyzs.cn/*
d9497b2bae821b3ff1c0bf7f53cd3813,1156511600,72,m.cdwyzs.cn/*
d99233a5ed0188039983ab156370b5ff,1156511100,4,www.ch028.net/*
d9b1872f5eccd1a425140ca4df1fec32,1156511000,9,m.cdwyzs.cn/*
d9c74a3a2aea750f8f0abe4a8147f0d4,1156510700,121,m.cdwyzs.cn/*
d9ccd3ea8bbdf11a73c940c3906dba6d,1156510100,7,www.scxblzs.com/*
da550500d781a50919362095e9cc6941,1156511600,1,m.cdzpg.com/*
da552e02d189892c9695b7f91df68ca8,1156510100,12,m.cdwyzs.cn/*
da56c668fb0c7b948e2dbe324458d7b2,1156510100,38,m.chuanhaozs.com/*
daa301db12572c4312329093c16e9479,1156510800,27,m.cdwyzs.cn/*
db31e2818f8575242345f664534aa114,1156510700,7,www.scxblzs.com/*
db624e115ccafa66e44152d1629604a0,1156511900,157,m.cdwyzs.cn/*
dbcc292aee2c72051a0b0ac8ddc55f21,1156510300,8,www.scxblzs.com/*
dbe447f9074d8685c767ea5169eabbb6,1156510100,29,m.cdwyzs.cn/*
dc374f3299246a7ba869c1825c3cdb9d,1156511300,3,m.cdwyzs.cn/*
dc5b5ebb072917317d40b330ad083691,1156510100,22,m.cdwyzs.cn/*
dc78f912c3f74a741a531de84d4f1adb,1156510700,1,www.ch028.net/*
dcee11e47ef7c6dfb9cad23748c5e11e,1156510100,7,m.cdlrzs.com/*
dd02a0aa8653e3a73a2a9276fb4e7cef,1156510100,37,m.cdwyzs.cn/*
dd73ff289e23a6bcd33281f27ae21934,1156511700,13,m.cdwyzs.cn/*
dd837e5943a18a8b9b3a2644b4896392,1156511500,5,m.cdwyzs.cn/*
dda33295cc791143bbcc8eb413543dbe,1156510100,127,m.cdwyzs.cn/*
ddb211e7126fe24e98d778872d33774a,1156510100,7,www.scxblzs.com/*
ddbaa427846d3c09c092ecab8d925d53,1156511100,4,m.shj.cn/*
ddc07c54c0756f97ee1c88bfc45ba5ed,1156510100,58,m.cdwyzs.cn/*
de279240a4533a1052c0b0d0d34888c0,1156510100,3,www.bzzss.com/*
de4baaa8124ea5a6bb5128984a0bebbc,1156511600,14,m.cdwyzs.cn/*
ded0ee81df6fa3cfca35b8264aadd50b,1156510300,14,m.cdwyzs.cn/*
df04c999d1fdee1181cc2540f9adca25,1156511500,8,www.scxblzs.com/*
e02c298ed73c89760bd07e87537e9967,1156510100,22,m.cdwyzs.cn/*
e09ab65986e4fa55fc41ff380b6e533a,1156510400,93,m.cdwyzs.cn/*
e0c7e2bfb4e2ad9e1458e7511cb7010f,1156510700,4,cd.m.dyrs.com.cn/*
e105f92edab7cd9e70472a4d1b137cd8,1156510300,34,m.sljjzs.com/*
e106923cf057ead1e4d601672063db95,1156510100,23,m.cdwyzs.cn/*
e1aa4bf0c3286bce005c23c2f41937b2,1156513400,49,m.cdlrzs.com/*
e1e00545a38225ba00f7b5a745ce7bd7,1156510100,2,cd.m.dyrs.com.cn/*
e22548c5f9e88be0175022c1016abd89,1156510100,11,m.cdlrzs.com/*
e2b14d58a3fec42fcc5238e65865dc7f,1156510100,37,m.cdwyzs.cn/*
e2e082a8004e779ea458cbff3d562380,1156510100,3,m.shj.cn/*
e2e942cf745cf9f7d4e002997fbedd40,1156520100,2,m.shj.cn/*
e2fb59dc70d596a8a30aa47f69cefee3,1156511300,38,www.ztxzsjt.com/*
e3209f6ff56d5aba939cfb3e3c0f6786,1156511900,84,m.chuanhaozs.com/*
e3383c473bcfff005e5cf70b4faa3e10,1156510300,45,m.cdwyzs.cn/*
e357bb5525cea57c57d38e162c2bccdb,1156513200,28,m.cdzpg.com/*
e38f7c302de00c0466e3472da996a594,1156510100,47,m.cdwyzs.cn/*
e3bbca9dfb7c475961583a6f1cb88585,1156510800,78,m.chuanhaozs.com/*
e3d02ff9328ff1f384218d5748379b39,1156510100,22,m.cdwyzs.cn/*
e3d1207e2eb459bb996fa1490f353b24,1156511100,8,www.scxblzs.com/*
e3ead6f0cbba0945ca856469377d03ad,1156510100,22,m.cdwyzs.cn/*
e3f4e787af09057aa75724a72a982064,1156511000,27,m.cdwyzs.cn/*
e433fa4421272312737a3341adf8e2f8,1156510600,14,m.cdlrzs.com/*
e4996afa2d3cb9c5ae0a116d48c037fe,1156510100,91,m.cdlrzs.com/*
e4b1a7cee91dd483421f3b39ac396895,1156510500,16,m.cdwyzs.cn/*
e4bf516b49310d8fb8b2bc5115c5bdbc,1156511300,106,www.scxblzs.com/*
e4c532b364986062b2007fa76448d480,1156510800,8,m.cdwyzs.cn/*
e538977b87c16fb02668d70ef25a5cad,1156511300,10,www.scxblzs.com/*
e548c70871815338470b624abf41a6ff,1156511400,29,m.cdwyzs.cn/*
e55a4f99a0af9805ae7c069652033fa6,1156511400,61,m.cdlrzs.com/*
e58a3f03ad6eef3925a1d7ea9c755b38,1156510100,103,m.cdwyzs.cn/*
e5ae44a14a3a518675d33a2a1b73cdd7,1156511000,22,m.cdwyzs.cn/*
e5de47191c3da24a6a7a027a295890d2,1156510100,9,www.bzzss.com/*
e5e47dfdbc629c814b25e053cdd30ee2,1156511700,290,m.cdwyzs.cn/*
e68debc09b0eb8128fb52e6c4e971540,1156510100,81,m.cdwyzs.cn/*
e6e0d0314fb0571feec914ca24abcb56,1156510100,38,m.cdwyzs.cn/*
e6e4ac255f2682509b662cf7f70591e2,1156511100,72,m.cdwyzs.cn/*
e77e20e9937cbc53bb1a030828ca3a6a,1156510100,80,m.cdwyzs.cn/*
e7b116fdbd2b1080b755975f18aec50d,1156511300,17,www.scxblzs.com/*
e7c6bb5fab10169f00c1fe38e03bf736,1156510100,86,m.cdwyzs.cn/*
e85f2fdf72089fc5e04f24788c2abe5a,1156511700,9,www.scxblzs.com/*
e8688a055a1c9c8863b595e8b90ce1aa,1156510100,2,m.shj.cn/*
e874160a240ab4f5bf3633b4d560950f,1156510900,3,www.ch028.net/*
e8d0154873a31bb7920347507c6dd052,1156510300,4,cd.m.dyrs.com.cn/*
e8d85016cd6d3fe20f8a23472135522c,1156511700,58,m.cdwyzs.cn/*
e907c6452a47c20c9461b91fd53b45f7,1156511700,22,m.cdwyzs.cn/*
e908e695204f6c60b6dbd3659ef53189,1156620100,2,m.shj.cn/*
e9151b33263da052aca8636e9819b2e7,1156511500,2,cd.m.dyrs.com.cn/*
e9222bc8ada4d003dc8c0a931deb1491,1156510100,139,m.cdwyzs.cn/*
e940447983d80c05a9021a4a0384ba07,1156510100,35,m.cdwyzs.cn/*
e952fa25f9f24964e25b752f0a882b37,1156510100,163,www.scxblzs.com/*
e955dbc1f3a931152a78b52377dbf5a2,1156511400,94,m.cdlrzs.com/*
e99695cd413c95724844b245e7c52059,1156510100,55,m.cdwyzs.cn/*
ea38e2e0b7fb802f403e4f165a72fd53,1156510900,46,m.cdwyzs.cn/*
ea3d9a3f4f9d74d914b87c723b7bb82c,1156513300,5,www.scxblzs.com/*
ea96dc4b62230d2d8ff196396d976cf2,1156510500,9,www.scxblzs.com/*
eadc805e0cafbb8017ec916056da4ba6,1156510100,10,www.wuyouzhuang.com.cn/toufang/h5/*
eae526fb825866134326460d4dde2b4d,1156510100,20,m.cdwyzs.cn/*
eb0b9a10fdc0a01a716fdeff8eacdd19,1156513400,19,m.cdwyzs.cn/*
eb3624527d7040cad316b9d1cb09368b,1156511000,1,m.cdwyzs.cn/*
eb3f265f76c1008175f65aea8e280944,1156510100,78,cd.shangceng.com.cn/*
eba90157b5361ab98ac1caf4c4e2e4cf,1156511300,30,m.cdwyzs.cn/*
ebbb5097b655238093b245f2d1166240,1156510100,14,m.cdlrzs.com/*
ebca3611e44b12b3317df7ef97c404ed,1156510100,2,m.cdwyzs.cn/*
ebdbce9a5e7866731296c236a948b0a6,1156510100,1,cd.m.dyrs.com.cn/*
ec6a342a3faa669b8feabb1c7d1454e0,1156510100,55,m.cdwyzs.cn/*
ec8e63c0d99acfedad60756987d4c57f,1156510100,10,www.wuyouzhuang.com.cn/toufang/h5/*
eca007d58b0a3862caf884c1f6ca3124,1156510100,2,m.shj.cn/*
ecbf33b3ae4babb30f602133a083230c,1156420100,285,m.cdwyzs.cn/*
ed617407adf2b8794c6f5e63427613e9,1156510700,7,www.scxblzs.com/*
ed942b791d5d8dc0e3f7f8a3573cbc94,1156511300,2,m.shj.cn/*
edefadf2ab2d67e4fd580a3eeb52c6ff,1156511700,32,m.cdwyzs.cn/*
ee17b940a77eb2066ba4843122fdd4be,1156510100,1,m.cdlrzs.com/*
ee34beeb407ad776ce96772f98614d95,1156510700,2,cd.m.dyrs.com.cn/*
ee8829aebdd8288f33e40c5f2c9ccbe1,1156512000,74,m.cdlrzs.com/*
ee89da8ad13eedecba4b35693a7ce4c3,1156510100,56,m.cdwyzs.cn/*
eebe3f0adfae0aeca3a6a25999588b20,1156510100,102,m.cdlrzs.com/*
eedbe98a527334d2d57aee11c70c6967,1156511300,2,m.shj.cn/*
ef0a9b42da6d17e43f03c0505c0c5699,1156511800,9,www.scxblzs.com/*
ef1551aa15e1752277954d4ae050ceb1,1156510700,4,cd.m.dyrs.com.cn/*
ef2a7cbf01769eef3abf3679d9f5105e,1156510800,3,m.shj.cn/*
ef453a0dc4a4e718d45bfc8347fd1ef8,1156510100,1,m.cdwyzs.cn/*
ef5cba63ca898fb5f45249f0acd7e2b8,1156510400,1,www.cdsmhome.com/*
ef662845282034e660bc542609223452,1156510100,28,m.cdwyzs.cn/*
f0071efe06e104de87dad01415cc325e,1156511000,153,m.cdwyzs.cn/*
f08c11afc29cde51a8c7edcca1b2c489,1156510100,1,m.hexinju.cn/*
f0dd12f6cb2c25d493d15cf3d3ee059e,1156511600,195,m.cdwyzs.cn/*
f11c697069b27167ec975c6b53c89bdf,1156510100,112,m.cdwyzs.cn/*
f1392a766a5968aef145ab97ac1d53b3,1156510100,23,m.cdwyzs.cn/*
f199c5dbf8d233ba4b11fad999af1e33,1156512000,67,www.ztxzsjt.com/*
f1c5c4e04458866c6fa26cf581c3d72d,1156510100,31,m.cdwyzs.cn/*
f2201ad29ad9d97b80483843e8af81e7,1156510700,2,cd.m.dyrs.com.cn/*
f2204730b28b19b8aa230e5a90040451,1156510100,1,m.yzf.com.cn/*
f282430efe88f9e9a0f7aeba78ee8fb8,1156510100,8,www.wuyouzhuang.com.cn/toufang/h5/*
f3c97d2ceceb6d518e019af9d1d0e228,1156513300,1,cd.m.dyrs.com.cn/*
f4a86843c96160d6fe43c5cf41be9133,1156510100,10,www.wuyouzhuang.com.cn/toufang/h5/*
f4dcf54d8975574b228f69c32775416c,1156510100,19,m.cdlrzs.com/*
f4ede94ffbeee584b6baf477b8b84f2a,1156511000,51,www.cdsmhome.com/*
f51b4cc9158b1e0db914d9fae2ca970b,1156511600,68,www.ztxzsjt.com/*
f5624fa6f43e57cad3511a1bad3f58bf,1156511300,2,m.cdlrzs.com/*
f59642e6a7b2ca1b241bfa0c201d1469,1156511300,40,m.chuanhaozs.com/*
f59f77884b10483239ec9a75191473d4,1156511800,39,m.chuanhaozs.com/*
f622ae9cd756bd14152f4846b1193155,1156512000,14,m.cdwyzs.cn/*
f6b4d6f3050d9d11695268a36fee5475,1156430200,83,m.cdwyzs.cn/*
f6cf4c88d0303e153ec398464b28925c,1156510100,27,m.cdzpg.com/*
f6fd1b3c0a3aa00b6d2250d658e6bcde,1156510100,1,cd.m.dyrs.com.cn/*
f704f6931c85ae3d824162e19c8508e5,1156511500,2,m.yzf.com.cn/*
f71bed1fee19867e0d7b9f33baea44b7,1156510100,21,m.chuanhaozs.com/*
f73cfa9a27329c6abd9e60231795be15,1156510100,25,m.cdwyzs.cn/*
f78aa2560e366e97ed7747ed32ece218,1156510100,40,m.cdwyzs.cn/*
f7b19fa999d80ae225b9200f3631bbfa,1156510100,17,m.cdwyzs.cn/*
f7c90a85a1638f4cff3769252f221d2a,1156610100,35,m.chuanhaozs.com/*
f81faf74d16b8c10a1f0e939c9f9a61c,1156511300,125,m.cdwyzs.cn/*
f81fdd0d44e41d763987ed96fd8c1610,1156511500,34,www.ztxzsjt.com/*
f85be1ad9cbc8a515c5157436dca1334,1156511600,1,www.ch028.net/*
f873bd463d744b60b84d205ef4c4bc73,1156510100,31,m.cdwyzs.cn/*
f8980086e92a7ef7dd17a90e82dd9ccd,1156511600,57,m.cdwyzs.cn/*
f89a1f41e7527c2e94dbcaa63f71d0fc,1156510100,1,cd.m.dyrs.com.cn/*
f8dfe65cee788bdf762507abaa5584e2,1156510100,5,m.cdlrzs.com/*
f91055a57d8e147ec9f55f8703a37cae,1156511000,28,m.cdwyzs.cn/*
f915c9ac61752314b2b4bcd603b1e3d3,1156510100,33,m.cdwyzs.cn/*
f98903ee12be6776380c5ba5407cbde5,1156511100,20,m.cdwyzs.cn/*
f9a1afddafe7e246e3984978cc998a51,1156510100,6,www.scxblzs.com/*
f9e49332268d1b9279a809383a83e23d,1156510100,8,www.wuyouzhuang.com.cn/toufang/h5/*
fa1f701ba4258750e5a7221fcf48b245,1156510100,49,www.falongfa.com/*
fa2e76af7ad5168a7191f7201d8b246c,1156511600,1,m.cdwyzs.cn/*
fa7866470288e969b68405f6c1a505fb,1156511700,30,m.cdwyzs.cn/*
faab47dd81be51e3f9587d6b1760c3b7,1156511400,31,m.cdwyzs.cn/*
faaba6f170411a9d1f1d26fe630882cb,1156510100,1,m.cdlrzs.com/*
fb16da3c344b156863f12568ce55bb8d,1156510100,35,m.cdwyzs.cn/*
fb9a490e3e192e92755473cc4b93e815,1156510100,2,m.shj.cn/*
fd189a02ad9074f2f8b6e2d2e80e73bb,1156510100,33,m.cdwyzs.cn/*
fd45d45f8d2a2595672894ebea586378,1156511100,68,m.cdwyzs.cn/*
fd488589679934bce41d007287035483,1156510100,24,m.cdwyzs.cn/*
fd79e7e968da64d41e86f2fd9660c947,1156510100,69,m.cdlrzs.com/*
fe829fca5902ecf14b7c6711df5c2273,1156513400,95,m.cdwyzs.cn/*
fe8d17dc72fe9001f5cbfe2797cd7124,1156540100,228,m.cdwyzs.cn/*
fea8a88ab1914f6fcaddb1a12c2df7bc,1156511600,7,www.scxblzs.com/*
