009cbe28f9bf9c03b84505ad713d5437,1156513400,20,m.chenyitang888.com/*
01a838b7a54ea4a76e10523a13159876,1156130100,1,bdzsc.zsld39.com/web/2118/14844/20390/index_tpl.htm*
01be3be5d4c8cb763c9a5dde8c27f85a,1156360100,1,www.asiod.com/*
029c5716bec34aa7265bf28e6d0a364f,1156441800,5,3g.315568.com/web/jingdaoyangshengmeirong/*
029f00b8b028fe87ec26b6771ede1bfd,1156360400,3,www.asiod.com/*
02bd5065807e1b12410a9e544dad4989,1156421800,20,bdams.zsld57.com/web/2176/13560/17650/index_tpl.htm*
02f0bd3f258893bb1099493c0172f2db,1156500000,67,m.shanrui365.com/*
0372e6744eb6c60be476227e0d7416d4,1156610100,1,m.laoaitang.com/*
037d78b0769f98739aeaa7e480c1b00a,1156530400,1,www.gzgytyf.com/yd/index.html*
041413111bcb1d271aa7464469646335,1156341600,1,m.shanrui365.com/*
0451ba4b56d6f6aedcb9af73c5c36d3b,1156532500,1,x.wakucy.com/*
0496e8982fd0c9c3ed943fb34ee54e0b,1156460100,3,www.yahuangzi666.com/*
04c2644a56ad1ec7fff78823d72e7a47,1156611000,1,shjspa.com/*
05761cfcc92d47afad08b9a0045e09c5,1156360800,4,m.bjmaidao.com/*
05caeb17266a63094e300c12cfa09baf,1156610100,1,shjspa.com/*
06475fa0b2c1bac0f4ed7c25c014ff4b,1156610700,1,x.wakucy.com/*
066309624572bcb77b51ca427ede620c,1156330100,1,bdzsc.zsld39.com/web/2118/14844/20390/index_tpl.htm*
067d1332112b251c863a8b25db260607,1156610500,1,www.cqccyd.com/*
0690808b62e1231ce091ed1e91b00afd,1156360700,20,m.chenyitang.com/*
06c04c648a016b328ff9187dac6a679a,1156360100,1,www.heiyachang.com/*
06d3b27a1d9d3eb82c264159356dcb35,1156500000,1,3g.315568.com/web/jingdaoyangshengmeirong/*
06e1bd8ca7e947a414d2fd0c98e8dfa7,1156510500,24,www.fengkuangxiaochuan.com/*
074a17e69f113168a416dcbcd10552d3,1156341200,1,www.fengkuangxiaochuan.com/*
0839d31d9c881ac7f1621d8c91eb1aa1,1156350600,1,m.isjmw.com/yyt588/*
0859c345a40dc0bdf3eb539463d01c0d,1156410100,1,www.jdgyys.com/tuiguang/duhu/motg.html*
09261bd50a2a8da6bc36978db8af3caa,1156371500,1,www.bjmaidao.com/*
09c1ca1ba58490a9d84957c8f69fbc1f,1156610800,3,www.yahuangzi666.com/*
0a12786117ca41fe56a0ff817c01288c,1156361100,1,www.gzgytyf.com/yd/index.html*
0a43778655954824dc16674d5f4842fb,1156371700,20,m.zsld18.com/web/yiyangn/index.htm*
0a7ca1b6aca66fd50e9aa8ab81bc8840,1156120000,7,x.wakucy.com/*
0aabcc1142ee16da1a65b29f322b5c3b,1156360200,2,www.asiod.com/*
0af002e2caaef9102858ddb5985d83e8,1156110000,35,www.zhongaitang.com/*
0af921c01821ddd23b052bee3aa34857,1156513400,34,wap.spider360.cn/web/yynjkshg/*
0b57cdebbf4fe630aa5cbad6a6103882,1156522400,2,www.yahuangzi666.com/*
0b9ebc8fe789a52ee3af019e5a6ed6f0,1156420100,2,m.laoaitang.com/*
0bfbf3c8b674f64a6432a43a9444b84b,1156361000,1,3g.315568.com/web/jingdaoyangshengmeirong/*
0c4f2283facf6734f7fde9b658f4c3a5,1156430600,4,bd.sjh521.cn/7072/70726359/wap/*
0d410d656c80a1fecd1c467dd8a10a6b,1156110000,34,www.bjmaidao.com/*
0eaf96ffe65f84f0764cf98ddc1feed8,1156110000,60,www.fengkuangxiaochuan.com/*
0ecbb89d072c92bd226b992312a18f56,1156130100,62,4g.918523.com/web/yuanyuantangyangsheng/*
0f01498546b52290813e255fc3e01ec6,1156500000,1,www.yahuangzi666.com/*
0f4f87ff75537f346c6cc1588bcb75a1,1156341600,2,www.asiod.com/*
0f9f823f897daa4623f771696559610b,1156370900,62,m.shanrui365.com/*
10a6d24d56efb82d01bcfe81e2e6469c,1156450900,24,www.bjmaidao.com/*
10af0b1f50060e33ca97485185dee01b,1156511600,1,www.yahuangzi666.com/*
11146fd56f43f8d3bfe3053f589f61f8,1156522400,1,www.jdgyys.com/tuiguang/duhu/motg.html*
114987b3589a0ad3447a40a7b15dd012,1156370100,29,www.bjmaidao.com/*
120abd32ca42ec71b0e8763f57c1dbe3,1156431100,1,www.gzgytyf.com/yd/index.html*
1265b9b6becf56a07a150f03a4c2eea1,1156370300,2,www.asiod.com/*
13c492a72a0b690a82e139328a857860,1156431000,23,wap.spider360.cn/web/yynjkshg/*
13e49784ec69a048a48df56e98e1f0d2,1156360600,2,www.asiod.com/*
14423d55c10f0e736680e5bf3262d96a,1156370200,13,vip.bc5868.cn/xdt-m/*
145102172175e8a203151c2779293ead,1156441600,1,www.gzgytyf.com/yd/index.html*
145ab4c0791d94f2e04086f81e32321e,1156340100,9,m.chenyitang888.com/*
14b742d263d0a817c6a081688500cafa,1156610200,1,4g.918523.com/web/yuanyuantangyangsheng/*
14cc8973884bbb64a2e7b0cd0aebf580,1156320700,1,bdzsc.zsld39.com/web/2118/14844/20390/index_tpl.htm*
154170438482ec1d8524b4e78275596b,1156650100,84,m.shanrui365.com/*
1571be0ba24425190a740e19d3cebf9f,1156320600,1,www.whzsc.cn/index.html*
157d33bff2d7074fcded9638eccfdfad,1156410200,4,m.chenyitang888.com/*
15851b3431e391e1fedd994f4c75cd06,1156610100,21,shjspa.com/*
15c84dee1f0771622f4515d77801f966,1156610800,62,m.shanrui365.com/*
16a01644d2a818a855715f094f6addc2,1156411000,1,bdzsc.zsld39.com/web/2118/14844/20390/index_tpl.htm*
18050e4caa8d35078cb21daa04bdeda5,1156610100,2,www.zgslys.com/*
1829b14e2d1a85ed6ff65a1867fd8556,1156320400,1,bdams.zsld57.com/web/2176/13560/17650/index_tpl.htm*
1851fe23796a115a46a163926c122294,1156320200,3,www.asiod.com/*
1852f5bae075748092b0cf804ec652f9,1156410200,3,www.asiod.com/*
18a4bbd4d9c08ac03882df1e99e164ef,1156330400,1,bdzsc.zsld39.com/web/2118/14844/20390/index_tpl.htm*
18b6e48f70201613ed499f365078900f,1156211200,2,bd.sjh521.cn/7072/70726359/wap/*
18c03736ee743e7a24f8f02293c0f384,1156460100,17,m.chenyitang888.com/*
19ba56eb487a9f59c25587e1980f9def,1156340100,68,m.shanrui365.com/*
1a2feb77c226ceeb7d8a4ec7bda00e39,1156370300,2,www.asiod.com/*
1a554ec641f8793ee5b8ded253d7efd0,1156130400,2,www.asiod.com/*
1ae5f7676278e51ba67f8e3be0f5f027,1156110000,18,m.chenyitang888.com/*
1b3cc54ecf237fff2d7645928ea1a7cd,1156522700,5,x.wakucy.com/*
1c1ba56b4372826a63973f7f56e57548,1156510100,30,www.bjmaidao.com/*
1c5eea557e98b71d87689a0377d35711,1156530300,1,www.gzgytyf.com/yd/index.html*
1d3b3e3aa9a98feb444fdac499eaa286,1156370100,1,www.gzgytyf.com/yd/index.html*
1dca100e9801ef6d2bd8b829dd1c2a37,1156130600,1,m.zsld18.com/web/yiyangn/index.htm*
1dea0f1eeda27b641af696145d27bf68,1156360900,34,x.wakucy.com/*
1e0af68fcd8f47e8aff0e363b3335238,1156450100,1,www.bjmaidao.com/*
1e7f7ab91e36f1b9812c744906e66e95,1156610100,20,shjspa.com/*
1e8ef021a9c8a1733d46a6890297008e,1156371600,1,www.gzgytyf.com/yd/index.html*
1ea7236f8c1d04352d31dcfaad38a215,1156610100,14,shjspa.com/*
1ed885a18a39ecc2b01c471efc5748d5,1156533100,110,www.yahuangzi666.com/*
1f8a6a50da42e9ff4e5463b923df0ef3,1156513200,1,m.yalaida.cn/*
1fd9ffecf2a7740dde36f8bfcecb29cd,1156430500,2,bd.sjh521.cn/7072/70726359/wap/*
20b4625f46b2fd3635de000a0289fe63,1156540100,1,www.asiod.com/*
213b91a1ca2243420cf62feab89e901d,1156532900,1,www.yahuangzi666.com/*
213ca0ee5f6e4205ff9a8671dab33265,1156371600,1,m.yalaida.cn/*
2156584c0e5d899df80b0c3d2c8b5040,1156330100,40,www.cqccyd.com/*
219ecd291b9a07bc568851732605b20c,1156130600,1,www.fengkuangxiaochuan.com/*
21a426df85a9464bf3a2e21e69eddac0,1156340800,54,www.bjmaidao.com/*
2277efefb6e582d92732817a34aa2cd4,1156451400,19,wap.spider360.cn/web/yynjkshg/*
228daaeaa1e30d6acf247e25024fdc90,1156450100,1,www.gzgytyf.com/yd/index.html*
2324c1251985214a0ce527ae3b0fe579,1156510100,3,m.chenyitang888.com/*
232ba70979a32e68d8eac1ba85290b19,1156410800,30,x.wakucy.com/*
236ab6970bf2c2b4f6941a21f0b60ec2,1156340400,1,www.asiod.com/*
236fcdc9079187434561ad4c212e4db0,1156510100,1,bdzsc.zsld39.com/web/2118/14844/20390/index_tpl.htm*
24308e947a5b431d6be478d1ddcfe02f,1156420100,1,www.gzgytyf.com/yd/index.html*
25feae7302f4c4f26bef48e5bd045255,1156341200,1,bdzsc.zsld39.com/web/2118/14844/20390/index_tpl.htm*
2770d0c3f8e87083cbd8f70cae47f36a,1156110000,1,www.zgslys.com/*
27f28936440e195788cecee436fa369d,1156610100,48,shjspa.com/*
28a1d5cb2291e6056e760970d977ff7c,1156510100,11,m.scsl518.com/*
28deb0916631535b2259b7d57cdd6c13,1156460100,1,m.chenyitang888.com/*
2982977929b346d8e46dbb2b2647480d,1156430800,1,bdams.zsld57.com/web/2176/13560/17650/index_tpl.htm*
2a6907ec6cbc3a4088aab0f45b005ff9,1156441600,1,m.zsld18.com/web/yiyangn/index.htm*
2ad35dad56cd737686332974239f4202,1156430500,1,www.gzgytyf.com/yd/index.html*
2bcce2294965c4ac9d08941bd0b7a2f8,1156130200,3,www.asiod.com/*
2cb7c815750b567748c7c81b4048d66f,1156513400,33,www.heiyachang.com/*
2cca9cf0c0058071b7c76996cd0752ae,1156130200,2,www.asiod.com/*
2d15239ba573e48de4f28fabf72cc66c,1156310000,1,bdzsc.zsld39.com/web/2118/14844/20390/index_tpl.htm*
2d2ee2f788e724f762e7a0edd77d36da,1156500000,24,m.laoaitang.com/*
2d312755228bc6c577efc9ebe74cdee4,1156330100,45,www.cqccyd.com/*
2da44d87f499e224b9125b5841779154,1156360200,3,www.asiod.com/*
2e27c99ef9d51976aaa0d3a0be56ba89,1156440300,1,bdzsc.zsld39.com/web/2118/14844/20390/index_tpl.htm*
2ea759226edbbdb5d4df2321f18084d8,1156451100,1,www.cqccyd.com/*
2f371a823b43a133c1a24488c417ed3b,1156500000,54,www.bjmaidao.com/*
3000150b25004d8999d345f05a0d94de,1156420100,1,bdams.zsld57.com/web/2176/13560/17650/index_tpl.htm*
307b2a13b3d554aee6801b0cc9ae6de1,1156220100,148,www.fengkuangxiaochuan.com/*
30c786cdee731d1dcda272c558c0a998,1156522400,3,wap-ludech-cn-76b3.aipage.cn/*
318f0f85daab4b5388fd81f9576eaaf3,1156520100,10,m.chenyitang.com/*
3234c97948ece413bb49a8369d786424,1156530100,2,x.wakucy.com/*
326d049902e44fed628a3bf9acd0cf4d,1156330200,3,www.gzgytyf.com/yd/index.html*
32a158b12763233af87ea138bd2467d3,1156522400,1,bdtxwz.jmpingtai.com/m/xyfy/*
33022e5d686f5ba4abf86c4ce283264c,1156360100,37,m.91jmw.28n9.com/proe/137682/*
3333c2957170e6815a6a6fb6159a82dc,1156411700,1,www.bjmaidao.com/*
33dddd6557e4b657c8746ff0149fa0fd,1156370900,1,bdzsc.zsld39.com/web/2118/14844/20390/index_tpl.htm*
34131216013435578cce1ea24de89340,1156610100,7,shjspa.com/*
3415767b3d5db4e7abc942efbea77be2,1156371700,1,www.gzgytyf.com/yd/index.html*
3562ee92f4fe384266b87bda1659cdf3,1156310000,1,www.gzgytyf.com/yd/index.html*
36900d284d62b405ace0cabfcaf66d44,1156510700,15,www.wygjjt.com/*
36f7c2f63ab58b4a03231dc3b9cc0d8f,1156341300,1,www.gzgytyf.com/yd/index.html*
36fa4f06834bbd6f078bbac0915fd2f4,1156440300,1,bdzsc.zsld39.com/web/2118/14844/20390/index_tpl.htm*
376ab35b50989645afa85fd274fe6a21,1156341200,2,m.isjmw.com/yyt588/*
377ecf1a7d728d9e5b14375f7461b947,1156440100,2,www.gzgytyf.com/yd/index.html*
377fefcdcd8097159dedb4bc251fc145,1156610500,1,www.asiod.com/*
3857867a40d4ef33eb23fe2eebbaae20,1156610800,1,m.chenyitang.com/*
38ab9f43fc15e7e6dadd005ab210ffe4,1156500000,1,www.yahuangzi666.com/*
38df345d87b3fd4410610a9e54e879f6,1156610700,16,www.zhongaitang.com/*
396e17693d07af70c447f58963957854,1156440600,17,m.chenyitang888.com/*
3972a02d367be4a87a521593d5ca94ae,1156431200,50,www.bjmaidao.com/*
3a88f9751f3dda3686a237d6ac3d3a4c,1156330100,1,m.laoaitang.com/*
3b3301fbec269f5c3b7980578cfc2e94,1156310000,31,x.wakucy.com/*
3b9bcfbff879abb08e24b974f3907dba,1156500000,3,www.asiod.com/*
3c8de2dfa27d07da4b3950d46b666385,1156340100,1,www.gzgytyf.com/yd/index.html*
3cb8fc378a408ccb5410bd3c2e58291a,1156341700,1,www.gzgytyf.com/yd/index.html*
3d1246afb5de3649b709d1dc8e037889,1156530100,1,www.gzgytyf.com/yd/index.html*
3d4b106067742e82374c9f90ddc3a08a,1156320600,2,www.asiod.com/*
3ddb22c543e6e3427618b14579854573,1156330200,1,www.cqccyd.com/*
3decf714bf9e647eb35b5fe9430082c3,1156610100,2,shjspa.com/*
3dfb23e2ffafaf8b1a31206aa4e461ac,1156450400,9,www.yahuangzi666.com/*
3e22194c7f97d71c93f53b2359391a01,1156640100,1,www.wxth188.net/*
3e8eea233f4778e525657fafe9129070,1156340100,1,m.laoaitang.com/*
3f277b6872ed507119e6545bcc8b7efb,1156511700,3,www.asiod.com/*
4006528558ebbcf7548bb631b0391546,1156371300,29,www.bjmaidao.com/*
40230279d9115aab3732a1ac3838cf59,1156510100,18,www.bjmaidao.com/*
414dcd46da56dfad1c5c43514562ddac,1156510100,3,www.bjmaidao.com/*
420da7f469077914810f14d5b790e040,1156340300,1,www.asiod.com/*
421c1f56fb6474805b363b8ef586e6f7,1156330600,1,www.cqccyd.com/*
4283c62618c6d268a29a954ae5d8f815,1156340400,34,x.wakucy.com/*
429de04ca1b3973900a7a4b778f02292,1156610100,1,m.zsld18.com/web/yiyangn/index.htm*
430ba3c3b45df98f4aa2058f468ab566,1156110000,1,bdzsc.zsld39.com/web/2118/14844/20390/index_tpl.htm*
4318bba9c94516dacd76dd5e7e35e4aa,1156511600,1,www.gzgytyf.com/yd/index.html*
43bf72ebc77893a6a482c0a3db21a080,1156610400,3,shjspa.com/*
445bc071f297f3a162bfaab76ad341b9,1156230800,1,maoji.chuanxiaojian.com/*
450bebb0ceb7f220fe257c4e8d03892a,1156360200,2,www.yahuangzi666.com/*
457be75a8a7aebbe4fc4a9fe78d8ad58,1156520100,3,m.chenyitang888.com/*
45efb7f0121cb252630808f44d29f363,1156522600,15,m.chenyitang888.com/*
4622b09d8122d6491d09da7b6dc7cb49,1156510500,3,www.yahuangzi666.com/*
46f1440924465b0177198599ae353582,1156350500,4,www.zhongaitang.com/*
477dfd34b26b077f33df4288f88d14ed,1156330100,58,www.cqccyd.com/*
484c4aefd350f2adf38d34c9b718d8ae,1156360200,2,x.wakucy.com/*
488c10e3155b08141cb600dccecac84d,1156330200,1,www.cqccyd.com/*
489083f3c173ee8683e7f98451c01250,1156321300,1,www.gzgytyf.com/yd/index.html*
48f2e025fe30c021fb3f7b2d24590956,1156510300,1,m.chenyitang.com/*
4a4da9ab736e01663eaea1f1399e482f,1156420100,1,www.whzsc.cn/index.html*
4a8b37f8bf529789325c921e7891188f,1156530100,1,bdzsc.zsld39.com/web/2118/14844/20390/index_tpl.htm*
4ab966e23222904a3bdb6938a4b6648c,1156110000,1,x.wakucy.com/*
4ac7600f8853f039d08fa6fde0f3d9fb,1156610300,1,3g.315568.com/web/jingdaoyangshengmeirong/*
4aebe34b108aa9e9dd6d767492da6d51,1156430600,1,www.gzgytyf.com/yd/index.html*
4bf230136203c93a98d926c09d39320d,1156421100,1,m.isjmw.com/yyt588/*
4cb797e4e8a204b860d9ac30eb020ac0,1156610100,15,m.chenyitang.com/*
4cbafa1d739b11e24430001497bf4c85,1156411000,1,www.gzgytyf.com/yd/index.html*
4e05ec5a11a083945404c938e8180daa,1156320200,2,www.asiod.com/*
4e5205c80dc2e98fa160a5c063424327,1156421800,4,m.91jmw.28n9.com/proe/137682/*
4e54dbdf5f24471bf9b4376d9f283251,1156330100,48,www.cqccyd.com/*
4f72c1c8ec6ad5622a896bda459b3403,1156610100,14,shjspa.com/*
52641cacdfd743e8362283f226f9a408,1156450600,54,m.shanrui365.com/*
535e0b8f4ecbc762fdd2e4c970ec230c,1156361100,1,m.yalaida.cn/*
535e690456fafb66af5cfc23ea56a7e4,1156610400,1,x.wakucy.com/*
53682e4564607b47bfda8b894252e389,1156360900,19,m.chenyitang.com/*
5377f719700ec5e153260406a9ac5206,1156360100,70,www.yahuangzi666.com/*
53e63e81210cefa4b2bbbbfd493a5844,1156500000,335,www.zhongaitang.com/*
5425e02be3f1b93cc903170420c000f7,1156350100,54,m.yalaida.cn/*
5488c39c097ee4045d947f907912c363,1156510100,18,m.chenyitang888.com/*
552c00971af786a1a3ce3ccf4cf68852,1156510300,68,m.shanrui365.com/*
55569914e0b5398da5e187bde63a74d0,1156341600,30,www.bjmaidao.com/*
55e50ce7e6cd6720a14261c1fb5f723b,1156410800,2,www.asiod.com/*
55f6b93f2e3e9236c339e15b9166f5ca,1156330100,17,www.wygjjt.com/*
561a147f723f270e81ab39e123a02a4a,1156420100,1,www.gzgytyf.com/yd/index.html*
5659c138be7022e9a4c9fbea2bc99f73,1156350500,1,www.gzgytyf.com/yd/index.html*
56b9ef1c126718a436003647eba196ef,1156610500,1,www.jdgyys.com/tuiguang/duhu/motg.html*
56f84ced532ceae1278576a2afd0f74c,1156130100,1,bdams.zsld57.com/web/2176/13560/17650/index_tpl.htm*
5778249a9981aea5c510a8f1071f39a8,1156321300,4,www.yahuangzi666.com/*
57be3a6d56a13f1f51239f7fb1c96f4b,1156340500,3,www.asiod.com/*
58c2413114e62a2a5caadeb8bed146cc,1156511500,2,www.asiod.com/*
5a3f652939567a46c3a3131619bd0c78,1156442000,48,www.bjmaidao.com/*
5a753ec953ea033ee1a9ff6a68721e18,1156513200,24,m.chenyitang888.com/*
5a7f212fb526f29ce5be544e7939debc,1156520200,1,www.gzgytyf.com/yd/index.html*
5aab3f31c94552210cdc0cdc88cf5509,1156431100,1,m.yalaida.cn/*
5afb8f31cd0e6261cc3d3912693d3f33,1156510100,1,bdzsc.zsld39.com/web/2118/14844/20390/index_tpl.htm*
5b1a4ebe60d34cc5598787e27bcc1d6d,1156411700,19,www.jcxiangwei.com/shaokao/wsk/*
5b96a0391a06ad3f37b0dafe08fb5e69,1156610500,3,www.yahuangzi666.com/*
5c0f809ad2720b5fc6591652cf12c6b5,1156431100,1,m.yalaida.cn/*
5c1f2cfa6e92507fc9f98b10dd16a944,1156130400,29,www.bjmaidao.com/*
5cc2f0b7da18967b9150126a0f90e313,1156410100,26,www.bjmaidao.com/*
5d23bb33283b82a4fdd7d43426903ea8,1156371100,30,www.fengkuangxiaochuan.com/*
5d63af7d941ec913facd9a7c19a066e5,1156320300,1,www.fengkuangxiaochuan.com/*
5de94e6b7c0d10308e183634ba5c924c,1156420100,15,vip.bc5868.cn/xdt-m/*
5e376506ac21e9aa4ade58fcd500257c,1156530100,45,x.wakucy.com/*
5e9a2b28490411baabb1e143ff4a930c,1156341200,2,www.asiod.com/*
5ed37372ecd86a93de9163832bb8406d,1156341800,31,x.wakucy.com/*
5edf754b4ff205976870590cce44810b,1156421100,15,www.zhongaitang.com/*
5eefb4802d8eca1784618a38614a1542,1156131000,29,m.laoaitang.com/*
5f4a801652f45371962a6539d6a23c7d,1156130100,1,bdzsc.zsld39.com/web/2118/14844/20390/index_tpl.htm*
5fba9feec5ffdf2c0233cc98ef7c52af,1156511600,1,www.cqccyd.com/*
6078ad2a084edad167dffc24e4b61dc9,1156500000,1,bdams.zsld57.com/web/2176/13560/17650/index_tpl.htm*
608b7d0773f01e98a252cf230bc0f62e,1156330100,52,www.cqccyd.com/*
6183cdaedc5053611f0a54646e357682,1156532500,21,www.fengkuangxiaochuan.com/*
61a1783aa5eb8b8627f2f39d0033afc9,1156370700,23,x.wakucy.com/*
62d936bcddb14165b8e2ab61296cdd10,1156610100,16,vip.bc5868.cn/xdt-m/*
630db45b0cb797bfc8a700dc22e24545,1156430400,2,www.asiod.com/*
640d9c24e333aff8e7f7ae90aff74dc8,1156411100,21,www.bjmaidao.com/*
642765ffb5b43a1ea8cd2e9d5f3baf40,1156610100,3,shjspa.com/*
65041a4e22a7f71b7af15c27579579c1,1156522400,1,bdams.zsld57.com/web/2176/13560/17650/index_tpl.htm*
6593d3f77813ab3250c631c4a4ed5c11,1156341800,3,www.asiod.com/*
6676a697831f035ba07dc652e975c182,1156330100,55,www.cqccyd.com/*
66b989f3dbf5c81d28a376ea481933a1,1156610500,2,x.wakucy.com/*
674a16e519c7353580fda6f8a24933f2,1156110000,3,www.asiod.com/*
68505ff28b1643344957e48716ee31dc,1156130100,1,www.gzgytyf.com/yd/index.html*
68d19b9657b73eed45ba5f51abd9bfe4,1156610500,2,www.asiod.com/*
69bc6a38bb5bcaa1ad44ea50a3d65819,1156120000,1,x.wakucy.com/*
6a071abb247fbc88e708be79c5df4b32,1156340200,6,m.chenyitang888.com/*
6af288dbea6ffee720582639e1bf61b3,1156130200,1,bdhkwl.zsld78.com/web/1979/12730/15961/index_tpl.htm*
6c2ba53a23cba7a08d77e27aa0c85d1c,1156320100,1,bdhkwl.zsld78.com/web/1979/12730/15961/index_tpl.htm*
6cc71591b3ccfdc353c796d91174e783,1156370400,1,bdzsc.zsld39.com/web/2118/14844/20390/index_tpl.htm*
6d01c21ca88a27617b0c22f3d493305e,1156130600,1,m.zsld18.com/web/yiyangn/index.htm*
6d3f8325bf434f5a1d6763dfd17ccaff,1156360900,23,www.bjmaidao.com/mobile1.html*
6d9ce1ba7d0d93726ec134bb2edde680,1156360700,3,www.asiod.com/*
6e5510231e75a3f8f4c3363219fdf972,1156441600,2,bd.sjh521.cn/7072/70726359/wap/*
6ffaff34a5dac128b6a7ff27f44712f2,1156440300,1,bdzsc.zsld39.com/web/2118/14844/20390/index_tpl.htm*
7072c518299cb5276b997a963a669ca2,1156341100,1,www.yahuangzi666.com/*
70850784132eaab39378bcf7119e9a17,1156530500,19,vip.bc5868.cn/xdt-m/*
70baf16a3ea16dbae69c9553266f79a3,1156411700,1,www.asiod.com/*
70cb1aa67e9cf58d5f04d0d27f33f7f8,1156450200,1,www.asiod.com/*
71141a1034d0c15db8f78cde826913ad,1156610100,4,www.asiod.com/*
71c91b8a548938492d94758b10b25d02,1156430900,1,www.yahuangzi666.com/*
7254ad383d25e92ef6ba9b9e39836f54,1156110000,38,www.fengkuangxiaochuan.com/*
72c6b34ac054ce13befa9b7f6549a6d4,1156440300,1,bdzsc.zsld39.com/web/2118/14844/20390/index_tpl.htm*
73369e9231a9cf26bb0b266346425461,1156360800,34,x.wakucy.com/*
733f0dd657c4f19e543c7974030b2a40,1156110000,34,wap.spider360.cn/web/yynjkshg/*
734e24db36f33e27d72e2c39c026c2de,1156430900,1,m.yalaida.cn/*
7391b62607b6b05d93acc5c6bb53efae,1156500000,50,www.cqccyd.com/*
7408ee83f5554001c156587af207b717,1156350700,3,www.asiod.com/*
7487007eec11e9fd953ae21bbcfc3763,1156610100,5,www.bjmaidao.com/*
74e1a6f18e28d4544923d021990dce8c,1156532500,27,m.chenyitang888.com/*
75865a658e3603593cd7e9fe4ea080f9,1156532600,1,www.gzgytyf.com/yd/index.html*
759e7428345c589adfcd67b04ec4d203,1156341000,5,www.yahuangzi666.com/*
767b9c4fce56b266e510a91ba4ac1bb5,1156330100,4,x.wakucy.com/*
769f687f38153300451610dcefa39211,1156610100,1,m.chenyitang.com/*
76d5a16b137a6bcb58b43d186e893aaa,1156610100,9,x.wakucy.com/*
76f51f5e3bf2cf5e3a4d1f804d746c35,1156320300,1,m.yalaida.cn/*
778e48f99e0400e1c5a5cf1fae2dd8e9,1156130600,20,vip.bc5868.cn/xdt-m/*
79bc22e3730602b62425aced747b2923,1156510100,35,m.91jmw.28n9.com/proe/137682/*
7a2279b0fa6edcc1ba27b6ee80e3809e,1156330100,1,www.cqccyd.com/*
7a2923b2ce799a43a502883e2657dcb9,1156430700,1,www.gzgytyf.com/yd/index.html*
7a68a05d76e7fa38eb2278682af5a6e0,1156522700,1,www.zhongaitang.com/*
7a817b299e1bf9df3f86fbcb4a3fc01a,1156141000,23,vip.bc5868.cn/xdt-m/*
7aa4509f3055d91c6171e98c89e355a0,1156610800,2,shjspa.com/*
7b1b111e27641df157ec7d1684a89008,1156500000,1,www.gzgytyf.com/yd/index.html*
7b70d9c0e6b02b35bf842aab2c478cdc,1156610700,4,bdams.zsld57.com/web/2176/13560/17650/index_tpl.htm*
7b8ac87955d3334ddc45eedbd8aec265,1156330100,42,www.cqccyd.com/*
7bc7d5c2a276e846fcc1a98bc28a376a,1156610400,3,www.yahuangzi666.com/*
7c20dfb3cbbc12d798dae2617c08f68c,1156430100,3,www.asiod.com/*
7c92b36fb07db78e76489f47e317a258,1156340400,3,www.asiod.com/*
7c95bc3fae4ca4ac82d9d22cd7c48b38,1156610100,4,www.yahuangzi666.com/*
7d29f36b133c36e5e478e87fcf18863b,1156340100,48,www.fengkuangxiaochuan.com/*
7d4bcc0eec73616fc7adc86f9b6d7a79,1156441900,43,www.bjmaidao.com/*
7e85c828fe9326e4a119ea9aa0cc3510,1156512000,32,x.wakucy.com/*
7f0fa45f0c715387a6951abc82acc09c,1156130100,1,www.gzgytyf.com/yd/index.html*
7f104d57f944c02bb2bcc896e14a404c,1156421200,1,www.gzgytyf.com/yd/index.html*
7f57fbb6b4f4a0e36bfdeba0c0fcfc05,1156340600,2,m.chenyitang.com/*
7fa819a05cac325f4927dffd667f3bfa,1156610800,1,www.asiod.com/*
800375c200d58707b43a4d5ec66b8fef,1156341300,1,x.wakucy.com/*
80a67bcd4d950f102205bccc1fa1b295,1156330100,15,www.cqccyd.com/*
80f3049d51628e53fb9b5e194be2ca15,1156370200,5,m.chenyitang.com/*
81b0e10d2d458b818b799e79b7e96856,1156450100,1,www.asiod.com/*
8286ea96c3c74e6fd4dc8d4b5b7c62e5,1156610400,35,x.wakucy.com/*
82da26e6774dc7e3ec4808639ebe8b91,1156510100,30,www.bjmaidao.com/*
8374a7a9e25734fb9957afb45cec76b6,1156511100,58,www.cqccyd.com/*
83ab57b7219bb653f6014557c62b5d39,1156520100,15,www.heiyachang.com/*
83cf637b36fec843269c71ad646142bb,1156371600,2,bd.sjh521.cn/7072/70726359/wap/*
844a9ff65cf83c33e11b0deb87329db0,1156430300,37,m.chenyitang.com/*
84bbaff4f2e250695b0e29222e60a8a9,1156130700,3,www.asiod.com/*
8590780db2bb1e8ade4821e63e875560,1156110000,217,www.zhongaitang.com/*
85c418c0eb9c5c806d7138718994b96f,1156530400,1,bdzsc.zsld39.com/web/2118/14844/20390/index_tpl.htm*
8849681ab33ec07124ea39d822385865,1156520600,3,www.asiod.com/*
888ee259b9362a8efbb76360adaa9e72,1156321200,35,m.91jmw.28n9.com/proe/137682/*
8957e8255ed2d4260aa3dded37917d7a,1156330100,1,bdams.zsld57.com/web/2176/13560/17650/index_tpl.htm*
89903d81a99eeb60c3d01bc71ef77cd8,1156511300,1,www.gzgytyf.com/yd/index.html*
8a281b9df3c40495b8576e5a081dc2e0,1156220100,1,www.gzgytyf.com/yd/index.html*
8a55df25ae37f033948d277ed69a2594,1156130500,5,www.yahuangzi666.com/*
8a9396ddcf1131e6ec21c8e335911221,1156130600,1,m.laoaitang.com/*
8c52b6fe356ca51b4093d6f468aa5c9b,1156330100,1,www.cqccyd.com/*
8e26623a1ffd34cbf77bd5a1867d14ab,1156130300,1,bdhkwl.zsld78.com/web/1979/12730/15961/index_tpl.htm*
8e2f036ba73e992e95b07345a119a7c8,1156120000,31,x.wakucy.com/*
8fb1f85670dcb032a4d0684918bd85c4,1156330900,2,www.gzgytyf.com/yd/index.html*
8fb3dc7f993daa0e6d4cb7db98a1b0a7,1156610100,5,x.wakucy.com/*
8fc6b3c7a055c27b4baea7f4e3c1afc3,1156441900,2,www.yahuangzi666.com/*
909274cb6df948f2b8b9251ee9ffc221,1156350100,26,www.cqccyd.com/*
90af736fd8e4e7b21f4dd5fb6c030265,1156520500,1,bdzsc.zsld39.com/web/2118/14844/20390/index_tpl.htm*
915cb9217b9fab14cd9a04277bbf8eeb,1156411600,2,m.bjmaidao.com/*
92e49f8fdb0a5ae9608b7609e8784582,1156430100,1,www.cqccyd.com/*
930f691a6ec37e2c68686d1fbd2b9af7,1156341600,33,www.bjmaidao.com/*
93ce09b8324459b1a38b370da7b9a05f,1156442000,1,3g.315568.com/web/jingdaoyangshengmeirong/*
94158b9795ccead3574c718dfe388b65,1156533300,17,m.chenyitang888.com/*
945e2a7607656ba03223b592570873f4,1156520200,21,vip.bc5868.cn/xdt-m/*
94a47e294bb5bcec493e4ca515b949bd,1156340200,14,m.chenyitang.com/*
94e85ec65d283483f90956bf40f9e104,1156360700,33,m.91jmw.28n9.com/proe/137682/*
95c3d141e3890ec4e36cf1b1e20ba957,1156340800,1,www.zhongaitang.com/*
96bdf3bd802ddcf8071abaf3ba8240dc,1156131000,1,m.chenyitang888.com/*
970428ed1929c204773cf8c056955da5,1156610100,1,www.zgslys.com/*
97058235d9e9b49ba83bc557c317eb2a,1156510500,14,www.heiyachang.com/*
97f4d4d1c9acc28001b4cb474590debd,1156440300,17,m.chenyitang888.com/*
97feef1b5240d91ff7c7087f1eed2173,1156441300,1,m.yalaida.cn/*
983b5250c8d3e036bafce7164efd61d7,1156431100,3,www.asiod.com/*
98c2702eee333248740906e0140762c1,1156371100,1,bd.sjh521.cn/7072/70726359/wap/*
98f2c714d525a6cfc26b3f87ca39f981,1156110000,18,m.scsl518.com/*
990da0e4f6357308b29195d615b08745,1156520100,1,4g.918523.com/web/yuanyuantangyangsheng/*
9937b3c02b65a04376e601805f0fe009,1156360700,29,x.wakucy.com/*
99a896dd0db2d992af59757c410c1eb1,1156610100,1,www.gzgytyf.com/yd/index.html*
9aa48b2062d83aff3dbc8fd6144cf677,1156310000,1,www.gzgytyf.com/yd/index.html*
9ac7dd28037d05443d591dfda811e10f,1156330100,1,bdzsc.zsld39.com/web/2118/14844/20390/index_tpl.htm*
9c290521dd63be16f534d608a60a8cb5,1156120000,2,www.asiod.com/*
9d484f3bb19dc8de0c8f84216c557c52,1156510500,1,m.zsld18.com/web/yiyangn/index.htm*
9d5c1b2cda5e013d53a05ec520ce0ef1,1156511500,16,m.chenyitang888.com/*
9d96934d0a02b858e7ad0a56c8382ab8,1156431100,82,www.zhongaitang.com/*
9dabe22b7fcf891073e08f3d3a142ed3,1156371100,1,wap.23.cn/web/zatajys/index.htm*
9ee0483f6f798be889cf6e2d4667ff58,1156610700,25,x.wakucy.com/*
9f6b3cdba890b1983aa7f9fd6acd48e5,1156510100,6,www.heiyachang.com/*
9fa9663f01bbf517caa0f338d2f41e5f,1156510700,1,www.gzgytyf.com/yd/index.html*
9fcb2c056329be5bc2c44d886d3be944,1156330100,47,www.cqccyd.com/*
a0e0f0670ae5b5353eab18ebc374c324,1156500000,1,www.yahuangzi666.com/*
a117901309b4594edf9e275fc641e665,1156610100,1,m.zsld18.com/web/yiyangn/index.htm*
a150a2d4fce6297138eaa0aff8f72207,1156330100,40,www.cqccyd.com/*
a2dd9ba10a6c9e97c5e7d539a6eea40e,1156320300,15,m.chenyitang888.com/*
a2fce5248b2212b71a3d1a0b6699af01,1156350800,24,x.wakucy.com/*
a3120f536f2a1bb2946e6c807b618db8,1156341100,1,www.gzgytyf.com/yd/index.html*
a34c8892cac18780d729b15ef470a4b1,1156420800,2,www.gzgytyf.com/yd/index.html*
a3ae41c12296e9517ea5c2c4ec2da48f,1156500000,2,www.asiod.com/*
a41ce1b85980f70f440bf87d43b1cf33,1156500000,2,www.bjmaidao.com/mobile1.html*
a5c94815bb8a563276807b53cd431de2,1156610100,1,www.zgslys.com/*
a61beddc2f68e44c3948ba4a50e20840,1156421100,1,wap.spider360.cn/web/yynjkshg/*
a7cbcc736200c4de38999b5a67d823c4,1156371500,1,bdzsc.zsld39.com/web/2118/14844/20390/index_tpl.htm*
a85c4e6a5f743cfcf74181b2d39d14d1,1156500000,1,www.asiod.com/*
a88a2a84acc113ba2be0355debe0cbd2,1156610100,1,www.asiod.com/*
a95358720d6165e1e7ed39d51e81b3a9,1156530100,1,m.chenyitang.com/*
aa1219f9973f04276d170e6a1fdf66b1,1156510100,2,www.asiod.com/*
aa53aa08bbf6a3fd2f7bc8bd0016fc59,1156350200,9,www.cqccyd.com/*
aa56838bc423eaf49c67bae811ff47ac,1156440600,14,www.fengkuangxiaochuan.com/*
aaca006f867bcb167b93db30467a552e,1156440100,17,m.chenyitang.com/*
ab6855f73fd06e4346242e45167fa6b2,1156610400,2,www.gzgytyf.com/yd/index.html*
abf5ead65b29882731d5f7b3820a60a3,1156411600,1,bdams.zsld57.com/web/2176/13560/17650/index_tpl.htm*
abf9fc8acdd60f1df8da40327fedddf4,1156110000,51,www.zhongaitang.com/*
abfdc6b95ece74f714d37b0db311efb1,1156411700,1,www.gzgytyf.com/yd/index.html*
ac3ca6c0443985c50cc1a938044eb996,1156610800,1,www.asiod.com/*
acaeeca2167a3dfa434658e9e41abba6,1156330100,40,www.cqccyd.com/*
ae2ebb4d18c92001b5978b84a8719594,1156610100,1,www.gzgytyf.com/yd/index.html*
ae59a2701a8a9eb407e0ba43261f9ba3,1156450300,17,vip.bc5868.cn/xdt-m/*
ae7a8e762dd59673f11eefe716b284c1,1156441900,40,www.cqccyd.com/*
aecb92ac21742cabbedf4e3cb72c49a5,1156610100,1,bdzsc.zsld39.com/web/2118/14844/20390/index_tpl.htm*
af0106781716379624f0e68457c4d427,1156340100,1,www.gzgytyf.com/yd/index.html*
af15db00afcc9a8e25c2cc5405da1c70,1156510100,56,m.shanrui365.com/*
af1efc2fb0dc3fad7784b8d6e80e5097,1156371400,1,www.asiod.com/*
b00fe3bf44e4cc3367d90689cdf711c5,1156510700,1,www.asiod.com/*
b02a2f84f4e7e61a5205f234ec568e9c,1156522200,3,www.asiod.com/*
b05d5f9e2148616242e67f1cd5682a02,1156371600,31,www.bjmaidao.com/*
b05f587bdd52f8648ec6a01b099f2c7c,1156350200,16,m.shanrui365.com/*
b19c9cde3f4642d3f4e819bbde663b83,1156610100,18,shjspa.com/*
b1cef2f35d84b4efef6f144eabadb655,1156530100,1,bdzsc.zsld39.com/web/2118/14844/20390/index_tpl.htm*
b1f58837c3ac816057548501a4f631a4,1156360700,1,bdams.zsld57.com/web/2176/13560/17650/index_tpl.htm*
b1fd97ef22c217148256f89930bfcca1,1156610100,1,bdams.zsld57.com/web/2176/13560/17650/index_tpl.htm*
b2a04b5945942310b3061792d96bd33b,1156310000,4,www.asiod.com/*
b2ae1b8dbe4b24d2ed780a3268d72c9a,1156371100,1,x.wakucy.com/*
b32192117626bfef52cc01565d6987d3,1156350600,1,www.gzgytyf.com/yd/index.html*
b5d4f6ef51af8fef4169217fdc56d48d,1156511700,1,www.gzgytyf.com/yd/index.html*
b6885d7a6a8a418bb20c6f1035c1d94f,1156110000,1,m.zsld18.com/web/yiyangn/index.htm*
b69c84f7c2eaa477f100ee1d4214119d,1156340800,10,m.chenyitang888.com/*
b6b6edf58a86980dc99bbcff4e14fec8,1156513400,1,m.yalaida.cn/*
b6b713d7107f409f37a3570663ee595a,1156500000,1,www.gzgytyf.com/yd/index.html*
b70b858fb4f501638e3eb8f7cbfb63e2,1156530100,1,bd.sjh521.cn/7072/70726359/wap/*
b718697a99b4e98e366f6c41ee4e3e99,1156330700,1,www.cqccyd.com/*
b84cd10e204a7af3d001c52ac778563f,1156370100,1,bdzsc.zsld39.com/web/2118/14844/20390/index_tpl.htm*
b8dda7b24cb1e7f4927b0d876b84fe9c,1156410400,36,wap.spider360.cn/web/yynjkshg/*
b973b32d331e7c1824386a6600cc9883,1156420100,1,www.gzgytyf.com/yd/index.html*
b981c96d3152678b389757583c120b91,1156370200,2,m.chenyitang888.com/*
ba1cd848171b1c604e9a9a6e4a1dc95e,1156341000,1,bdzsc.zsld39.com/web/2118/14844/20390/index_tpl.htm*
bad2f7a6556303343ad8c21360f93e45,1156220100,63,www.fengkuangxiaochuan.com/*
bb58bd0c15ebdb2665d7020b793b982a,1156500000,1,m.shanrui365.com/*
bb9b6e235e583cbe9731ad2ae981cc2d,1156340500,1,m.yalaida.cn/*
bbb045fba972ef3bc0ccac3cab802335,1156331000,2,m.yalaida.cn/*
bbb96dd4346adbb299d17085f6a94fa4,1156130500,51,m.shanrui365.com/*
bbdd1d3e74ff394d1a03e07e4164cbce,1156450300,1,m.shanrui365.com/*
bc0a5a61e5a10a7ad30ba4f80f2022ca,1156360800,1,m.yalaida.cn/*
bc783c97745411186e7c262e8dd745cd,1156440300,56,www.heiyachang.com/*
bcc76ea6a32b081721c71c1fb14b5257,1156431400,2,m.yalaida.cn/*
bda356f9886e6645e7d4b764c2c78b9d,1156440100,2,m.yalaida.cn/*
bee9288350fb974541c910803252ce03,1156220100,1,www.gzgytyf.com/yd/index.html*
bf96b6bfb4120acd20580e802e446aa5,1156510700,123,m.shanrui365.com/*
bfc7353348509ac561cad850d35bcb87,1156510400,1,wap.zsld18.com/web/xyfy/index.htm*
c081ce22740a8efbdd922eb1b92f0a6e,1156500000,18,vip.bc5868.cn/xdt-m/*
c0c3e36b63019e0d718e9e8c6119104c,1156510100,1,m.yalaida.cn/*
c0d2939c1734be43cb66cf8ab46f64a4,1156341600,1,www.gzgytyf.com/yd/index.html*
c0ff83e94c24a3a0865d760604da2e69,1156522400,1,www.asiod.com/*
c1416f3c04b5b5131c2fe79347c32b0c,1156330100,41,www.cqccyd.com/*
c195024e5a41cd35fbb246ea0bd8fde9,1156440300,37,www.bjmaidao.com/*
c196e51561e7a40fe3bbf7aeb23bac63,1156130200,1,m.chenyitang888.com/*
c1edf004fb38971fc98cdc2ad78aad8c,1156430400,28,www.bjmaidao.com/*
c1f97ab269a634e5cb1da45d4b512861,1156511500,5,wap-ludech-cn-76b3.aipage.cn/*
c2ad231ebd389df2476cf5a86d480709,1156320100,31,www.bjmaidao.com/*
c2ba5f00b994122e3d1021ed35f6296f,1156330100,47,www.cqccyd.com/*
c2bb081fd70815a4415b36d8a8e6c485,1156310000,23,m.scsl518.com/*
c2d2b8c25ea6a573da12b3bcf114cc28,1156310000,104,www.zhongaitang.com/*
c2f411468d96c7c147194a055666052d,1156610100,30,m.shanrui365.com/*
c301ee38def5b597b8c7d30a77473443,1156340800,39,www.bjmaidao.com/*
c38aa811b617feda0bf0b0843bb348ab,1156440100,8,www.yahuangzi666.com/*
c3de6ca8281cd2de854de1a71dcd347b,1156130300,2,bdams.zsld57.com/web/2176/13560/17650/index_tpl.htm*
c43d24541453c7b0c22504a6b6a3e1be,1156410400,1,www.gzgytyf.com/yd/index.html*
c48ee8312eeec0ef530596c4703de2ca,1156451200,9,m.chenyitang.com/*
c4a0aa601fb5d3241ee444154aa95c7b,1156510100,19,m.chenyitang888.com/*
c4dd75327e79ec757d9c33a25dd32641,1156130100,1,bdzsc.zsld39.com/web/2118/14844/20390/index_tpl.htm*
c50a102d375909dcb3bdaa8d7c030c4d,1156440100,3,www.cqccyd.com/*
c51507c8e9ff53bcf926b4b529b2b67c,1156350200,19,www.wxth188.net/*
c521ecf52a1c7c24e8240e7f016d14b1,1156441300,11,m.chenyitang.com/*
c569e3d2d49d2e1fd1a480fad28afa59,1156520300,2,bdams.zsld57.com/web/2176/13560/17650/index_tpl.htm*
c57a797535a71564f43e201b381ceeb7,1156610600,19,vip.bc5868.cn/xdt-m/*
c69590819a803f44873ffc9cea965b2c,1156440100,1,www.gzgytyf.com/yd/index.html*
c6cc74a09da2c4a38eb43a1890e66887,1156610800,2,shjspa.com/*
c6d4fa14a4d55ed3f9ae4154531efc35,1156500000,1,www.heiyachang.com/*
c71cf424e219f9ca0454d1b410ec3625,1156610800,22,shjspa.com/*
c75bf555808bcd252c73c0e48398d35c,1156130200,2,m.chenyitang888.com/*
c76fcf574463e8a43ba01a213291779e,1156510300,3,www.asiod.com/*
c84a826413ff7714ffc171cdf1e52cce,1156411300,60,m.shanrui365.com/*
c8aeaa91f77cb3ead68cb2b48a3b40ab,1156361100,1,m.yalaida.cn/*
c94baab51270f286c41f851da7ab8924,1156370200,62,m.shanrui365.com/*
c96e5f31f7c468d4074b96111a0bd71b,1156350100,1,www.gzgytyf.com/yd/index.html*
ca55d2ebe2e306bfd6e8dff5e30e1a07,1156360100,2,www.asiod.com/*
cb1c39b62c7d16cca982c11eb6b99ffe,1156370200,1,www.cqccyd.com/*
cbdaa3fed363c0eb7f9bec6884b41694,1156442000,1,m.yalaida.cn/*
cbf311e8892c899a95dab5ade6531e34,1156410700,70,m.shanrui365.com/*
cc8934061232ff16ef6774372b7f51a3,1156530300,1,www.gzgytyf.com/yd/index.html*
ccbbb80d29f88e1e13e4f424f921bcc6,1156410600,1,bdzsc.zsld39.com/web/2118/14844/20390/index_tpl.htm*
cd6e8e43d31168c30a6fe16f083e6501,1156410200,29,wap.spider360.cn/web/yynjkshg/*
cd8940927bc7d4f348d0e6135cde0035,1156500000,1,www.gzgytyf.com/yd/index.html*
ce49121dd3785167a194e061aecf2505,1156431300,1,bdams.zsld57.com/web/2176/13560/17650/index_tpl.htm*
ce5d1de374457d4c2a2700fdc51c960e,1156370300,1,www.gzgytyf.com/yd/index.html*
cf9cda3ed23b56f4d922faa52b0755ed,1156510100,1,bdams.zsld57.com/web/2176/13560/17650/index_tpl.htm*
cfa1fcfaca99d3d0bb754ccc12f5db5c,1156520400,7,m.shanrui365.com/*
cfbf1f0db4aa592ee55194a277ec677f,1156420200,1,bdzsc.zsld39.com/web/2118/14844/20390/index_tpl.htm*
d0115540c2b2e1c31cc1e53af75bc4cc,1156511500,9,m.chenyitang888.com/*
d05789b976572127bc1b3e9b270bdc19,1156430700,1,www.asiod.com/*
d0ffc36576b046b014a356c481676226,1156610800,18,m.chenyitang888.com/*
d109b7ad82956775512b82b86296243a,1156510100,33,www.fengkuangxiaochuan.com/*
d114ce483ae0d8bb26c3e6c60f6f2abe,1156110000,2,m.laoaitang.com/*
d12f2fc3e96f07bad37d1de989dbe6b0,1156610100,57,www.bjmaidao.com/*
d1c8bc1537210cfd106371325542b8b3,1156520200,60,www.cqccyd.com/*
d20148f6131d060b96e09e37e0d1d662,1156110000,2,m.scsl518.com/*
d204b97613ef98a0d62abc8cb38fb965,1156350600,30,www.bjmaidao.com/*
d2882882d6112f071d8e42942d8f9092,1156430100,1,www.asiod.com/*
d2bc75ebd046e8353651c2dc5e349a49,1156511600,1,m.yalaida.cn/*
d36cb9df42053f41bc53d25e61b7cc59,1156530500,18,www.bjmaidao.com/*
d3ce95f1c1c78f4f50a47592c89304e4,1156430100,1,www.bjmaidao.com/*
d3e7e60a7f463c7b5ce6796b7a5c7282,1156410100,22,www.bjmaidao.com/*
d4407646b3b8cc4b49fe5c54ea8f59c1,1156370700,1,www.zhongaitang.com/*
d4737f968da3e5716e505709381a0a91,1156350700,3,www.asiod.com/*
d4d2c6e8ff2f35ab9d48b21f1d2dcc6c,1156330200,1,www.cqccyd.com/*
d51783e349ee5e25968dc353aeef769a,1156500000,410,m.shanrui365.com/*
d563178fed362a1cd17a26020211477c,1156340100,1,m.shanrui365.com/*
d5e869e5e5c54e11b1a9091280e45347,1156130400,1,m.chenyitang888.com/*
d5ed91b6703432182a94c784b92410f4,1156120000,2,www.asiod.com/*
d6a6d582cb2b839a2591731a7f4987a2,1156341100,1,www.bjmaidao.com/*
d705bb5880f4bd860a457440b0296e17,1156150700,1,m.chenyitang.com/*
d71dd8c125b4af3dc67ba254b53c7ef2,1156220700,24,m.chenyitang888.com/*
d73ff8b6a52414a77f974d16362ab0c4,1156130400,1,www.wxth188.net/*
d7a80e9cba25f54da796c47e1cad2806,1156510500,4,www.asiod.com/*
d840f4f7dd582460d518becfea5315a7,1156610100,3,m.chenyitang888.com/*
d8cd61c4f1c93884858a69fd988a60b6,1156511900,16,www.bjmaidao.com/*
d8f93bb3dc844b0e8e87a6703216f9a3,1156310000,1,m.scsl518.com/*
d8fe51181ffd2b96f2f313a8a05eb9ce,1156411300,1,bdams.zsld57.com/web/2176/13560/17650/index_tpl.htm*
d9bd69821096b224ac1521ebf61ad584,1156610100,24,shjspa.com/*
d9be531592fe4e8bd1907ef8de136d2b,1156500000,7,m.shanrui365.com/*
d9f34a0f5d75e910d4f798557d2fa821,1156610100,1,www.jinshayu.net/*
da657ce3b4878db7fafa25eec4aa1d7f,1156370600,1,m.yalaida.cn/*
dab7af16384b61c89526f1fc0a172c1b,1156440100,2,m.yalaida.cn/*
dac11b60a415e0d37b03d88a23633736,1156500000,1,www.bjmaidao.com/*
daefad74509b4b7fb764542f914ccfee,1156340100,62,m.shanrui365.com/*
db17edbc182f2f5acb1b7646e4364d46,1156510500,1,bdzsc.zsld39.com/web/2118/14844/20390/index_tpl.htm*
db97568d0295e2cd342a4c9078da54b5,1156360400,1,www.yahuangzi666.com/*
dc031015ef2b15597361e584ff49e4eb,1156510100,3,www.asiod.com/*
dcd77e803a7a4b6b405a9c0a2ed96b4d,1156460100,3,m.yalaida.cn/*
dd8f22bbfbc641a94dda3c0ce78877f1,1156330100,61,www.cqccyd.com/*
dd960008003fd5dce05d81b9daa2270d,1156420800,1,bdzsc.zsld39.com/web/2118/14844/20390/index_tpl.htm*
ddd5310d3f7e31386171eff2145d035b,1156513200,1,bdzsc.zsld39.com/web/2118/14844/20390/index_tpl.htm*
dea4607c5cab6ea82d9e09bb2aea342e,1156131000,1,bdhkwl.zsld78.com/web/1979/12730/15961/index_tpl.htm*
dfc9109584259810dbea3d9ea6b6273c,1156420100,1,m.laoaitang.com/*
e069e73215a5930eb35b110a5a70f9b3,1156610100,1,4g.918523.com/web/yuanyuantangyangsheng/*
e090149b9d9af5d2c7874c618d507e1c,1156530600,16,vip.bc5868.cn/xdt-m/*
e0a94cf806516b5488943a2a0bb697b9,1156350100,3,4g.918523.com/web/yuanyuantangyangsheng/*
e1128faa72f7761c82e67b7f1849f09b,1156450400,1,www.fengkuangxiaochuan.com/*
e16771651e734ec609bcd6f6b35065ea,1156500000,20,m.chenyitang.com/*
e1a9f0f0d217d274cc885cde4e51c19a,1156370200,15,m.chenyitang888.com/*
e2762c6934f69d4ecafe2a7b84b6a6f4,1156130200,2,www.asiod.com/*
e392c6b376f2c29ed9cdbd94411dacbf,1156340100,1,m.yalaida.cn/*
e481a2eff6ec0cd463ddfe0e48ebbc2c,1156411600,3,www.asiod.com/*
e4d61ea37d49d67f05dbcb7910ccbd7d,1156411100,1,m.yalaida.cn/*
e5cd1ff4387d687f48eb22de582ba523,1156220100,108,www.zhongaitang.com/*
e602caa6b3ca016aa1b20de1ae916b46,1156371300,1,m.shanrui365.com/*
e60da478d19a137771a4b207cef2411a,1156330200,5,www.bjmaidao.com/*
e65aef2cb6ab1fbd52e2879d0b56f172,1156370600,34,wap.spider360.cn/web/yynjkshg/*
e663eafe312146ac57cde59dc90d3253,1156610500,1,www.asiod.com/*
e67f1f40d9041b64984ff9144abbbc5b,1156361100,1,bdzsc.zsld39.com/web/2118/14844/20390/index_tpl.htm*
e76280b6a883c330d648bf1e14575f87,1156110000,17,www.fengkuangxiaochuan.com/*
e929e7738137286b99b0a8b25d039f9c,1156330700,2,bd.sjh521.cn/7072/70726359/wap/*
e93719c0b0f4bd4d14db28b8614aed60,1156510100,1,bdhkwl.zsld78.com/web/1979/12730/15961/index_tpl.htm*
e94f96947810bca8c15f56fe83a371c1,1156500000,1,www.gzgytyf.com/yd/index.html*
e9c9453c651a96643dd9a20f9ba46230,1156341300,1,www.gzgytyf.com/yd/index.html*
ea2854f71ab0b2a65bead270bca17ac5,1156420500,1,m.chenyitang888.com/*
ea8518155d5c9931f72d45f69cf7d73d,1156511600,41,m.91jmw.28n9.com/proe/137682/*
eaf70e1906517d27f27c5f95e48a939e,1156510100,1,bdams.zsld57.com/web/2176/13560/17650/index_tpl.htm*
eb7dfd83e28bf935ac7a0818a42ca8fc,1156500000,7,m.chenyitang.com/*
ebd2a0a3879515c80ce7873f3f1b13dc,1156130400,1,bdzsc.zsld39.com/web/2118/14844/20390/index_tpl.htm*
ec542d79fc4e9e06456da32d18a2d93a,1156511700,4,www.yahuangzi666.com/*
ed74efb9a3b8d4eff8607e77a19c97a8,1156451300,51,www.cqccyd.com/*
ee221471b24ab3b958f1c46a948ffb4e,1156130200,1,bdzsc.zsld39.com/web/2118/14844/20390/index_tpl.htm*
ee874ffd157258956c0982e5ccd5e16c,1156350200,17,m.chenyitang888.com/*
eec57b2c165fe50f0e3ec5a192b1def0,1156341300,1,m.yalaida.cn/*
ef19d8d4c424f3a855c6f5e51634a6d1,1156110000,1,m.zsld18.com/web/yiyangn/index.htm*
ef8d6c151ef76da8cda5545938328f82,1156140700,25,www.bjmaidao.com/*
f08b226b7fb54b0b354f24de65a090ee,1156330200,1,www.gzgytyf.com/yd/index.html*
f09a66869f2d7f78b36aea544f75fb97,1156350600,1,4g.918523.com/web/yuanyuantangyangsheng/*
f0a3f319afdaff71fd7d5e650ea6e70a,1156371700,4,www.wxth188.net/*
f0ae97b61d5db719539d21f866b8562d,1156511300,1,m.chenyitang.com/*
f0d400bf14fb6305ffe54c046178e5d7,1156500000,2,www.wxth188.net/*
f0e5d4fdca7187596695847ef56f9ea1,1156511500,2,www.asiod.com/*
f11a4d0cdd791cff1f2e337b80f6d5cc,1156621000,1,www.asiod.com/*
f138a18115ea1625278cf48b94025680,1156110000,31,x.wakucy.com/*
f18df6da4ca01ef493ea341f90a0200b,1156513400,3,www.bjmaidao.com/mobile1.html*
f2cc267f476fdc7498bf7847ce43ab51,1156530600,37,m.chenyitang.com/*
f3be6aa10bfda247e80943d6265cb83e,1156440100,1,4g.918523.com/web/yuanyuantangyangsheng/*
f423a18f35f1f2acedacd86767d071e3,1156371600,2,www.asiod.com/*
f42bad2109ee9d7be35a711c88a72a5e,1156520200,19,m.chenyitang.com/*
f441379ea77a6c04eca8bcb4c87aa753,1156371700,1,www.gzgytyf.com/yd/index.html*
f44bfe809cd822641dad049498161e94,1156610100,3,m.chenyitang888.com/*
f55595111a247f0652e3c50a184fbbd3,1156510600,1,m.chenyitang.com/*
f5782d2aeaf6c65238450d4cf668dbb4,1156520300,1,bdhkwl.zsld78.com/web/1979/12730/15961/index_tpl.htm*
f646665cdf324167b9d3baae630fe031,1156120000,2,m.shanrui365.com/*
f646cfc240315abc8661605b4c517b76,1156130100,1,www.hjyyd.com/*
f683344c0e6d023d89379d2325ef982a,1156341000,21,m.chenyitang.com/*
f6f78def774849a7fd19771adc78198c,1156440300,1,www.gzgytyf.com/yd/index.html*
f71521a2dbecd3469803a9f3dc187251,1156330300,1,www.cqccyd.com/*
f7ea63a85b5b479e2df7a73a4ebfb228,1156440100,2,www.asiod.com/*
f91e0218e6a2d84e60fc86145d41c98e,1156440300,1,m.zsld18.com/web/yiyangn/index.htm*
f9226377dda1b30f2d077bbc14f4825e,1156450200,32,www.bjmaidao.com/mobile1.html*
f956b9abbdab84156ddeef7cdec6f9d9,1156431100,1,d.zstv22.cn/dulijingjia/bailiankai/wap/*
fabe051cf6c98cb3add42b1afd417fe5,1156220100,34,www.fengkuangxiaochuan.com/*
fb8ad903bb9d8654ab227b35e596d58a,1156371600,34,wap.spider360.cn/web/yynjkshg/*
fb8ffda6ed89ff6a5e533bcf330716c5,1156371300,3,www.asiod.com/*
fbe44fadf1b16df23a9e7119272a9c61,1156131100,1,www.gzgytyf.com/yd/index.html*
fd43076b4033a78c1c82cb080295fdc7,1156610300,109,www.zhongaitang.com/*
fd7544e0915668a105f9568df2b27067,1156120000,19,m.chenyitang.com/*
fd78580c1c3cda4a55274015573fa9e3,1156430400,4,bd.sjh521.cn/7072/70726359/wap/*
fd9cab58c1d98f89402ba1d1a5075667,1156140200,1,www.asiod.com/*
fec3387f4c2ae897dcc48817e47e8709,1156610100,1,www.asiod.com/*
fec789c2b6dec6657dd2a557528c0b2e,1156131100,40,m.chenyitang888.com/*
feecb2890fe9e3ac43b5d03259d64d47,1156341000,1,x.wakucy.com/*
