000aa06adc7ce67be6f81cd47045d115,1156610100,1,fks.029xasz.com/zt/shb/*
0080b14a9c7f05ad5efe194bdb9de532,1156441900,1,fks.029xasz.com/zt/shb/*
00a47413a24bf275c336f23ce64c06cd,1156610100,4,sm.xbfueryy.com/wx/*
00a47413a24bf275c336f23ce64c06cd,1156610100,1,fks.029xasz.com/zt/shb/*
00b99bf20a973694f32ee508fdab3f08,1156610600,9,sm.xadcfk.com/zt/qzy/*
01942535b56d199e840ae53c4b049bb1,1156610100,2,4g.xaangel.com/zhuanti/1804xacqyc/*
022eeadb49099ed1eb086992b512e031,1156610100,1,fks.029xasz.com/zt/shb/*
028aced7368c57a1bd7b1dffb23dd0f8,1156610800,4,fk.xaszfk.com/zt/shb/*
02c618f68f2a780902b7635980a4965d,1156610500,7,sm.xbfueryy.com/wx/*
0401ade0eeb22342234386e638703206,1156610100,1,4g.xaangel.com/cd/1610fkjcwap/*
04844e1e650457c278f65bf5d13a6041,1156610100,2,fks.029xasz.com/zt/shb/*
04cdd9b335bf4a6b0854eb814e9b6155,1156610400,1,sougou.029dtfk.com/zhuanti/3_05zgrltj/*
068e393c7bee51ff68dc69652b3d69d0,1156610100,21,sgm.hdyy.com.cn/zt/20180602zyjc/*
069d40293649e857327fe1f3dcdcf978,1156610500,1,fks.029xasz.com/zt/shb/*
07b4244611798b5b2ce56397ccef819f,1156150800,1,fks.029xasz.com/zt/shb/*
07ea107a01264cb25aee981dc6cfb7b4,1156610700,4,sm.xadcfk.com/zt/qzy/*
0b2225d4b3ec22dfd20d14432af3e551,1156610100,5,sm.87384119.com/weixin/*
0b62aceddcc20a8db220ce09ef8492ac,1156610500,5,sg.xadcfkyy.com/zt/qzy/*
0c9afb78b5c544770c2e141f9bc461be,1156610500,2,sm.87384119.com/weixin/*
0d44ae190afbf1ef27982c9f92643f30,1156610300,2,sm.xbfueryy.com/wx/*
0ef6274b586469321f3b628ed654993f,1156610500,2,m.39.net/woman/*
0f7028dd0fa320b4f40a98d7ab341f33,1156610700,22,sm.87384119.com/zt/dyzt/jhsy/yl/*
112ebe03594f260d0cf3157c8e83d988,1156610400,1,fks.029xasz.com/zt/shb/*
11311cf0deff8a09efc726a574ec7f97,1156610400,1,sm.87384119.com/weixin/*
11510a667d25944a74a04ff60a91db96,1156610800,1,fks.029xasz.com/zt/shb/*
11d18a8a160faffd32a0c52d8c2f78d0,1156610500,1,fks.029xasz.com/zt/shb/*
12a3c8df4cbde74a6f0ba0b9eefd668e,1156611000,2,fks.029xasz.com/zt/shb/*
12b43777ba86522325764efeaf65fa6c,1156610400,1,fks.029xasz.com/zt/shb/*
1421533640a00a18e68c0b298d1a1362,1156610100,1,fks.029xasz.com/zt/shb/*
1448981419d40a84e427a5dac435b2b9,1156610100,2,sougou.029dtfk.com/zhuanti/6.9jc_fswt/*
145150802f8c434b2f5409827839b45e,1156610400,2,4g.xalryy.com/mrbfc/renliu2/*
1505c930d2c6e8ccf0eacb6ce581f7b9,1156610800,1,m.39.net/fk/*
1787ca11b0315a8f90f976aef55302a5,1156611000,1,fks.029xasz.com/zt/shb/*
17e3d1d126c2d6930e370a2daf6f386d,1156610300,1,fks.029xasz.com/zt/shb/*
19d31a260847029d80122c2ad91c630c,1156610100,3,sg.xadcfkyy.com/zt/qzy/*
19fcf149c1ab6e235473ca95757dfe01,1156610100,5,sg.xadcfkyy.com/zt/qzy/*
1a93182e8e5933fa3ac1b467b38c1f41,1156610100,1,m.39.net/woman/*
1aeea5fc96d4f084c48a1a2fa55bfd26,1156610100,20,4g.xaangel.com/cd/1610fkjcwap/*
1b076a3d8df232f802913fe815dbe78a,1156610100,1,fks.029xasz.com/zt/shb/*
1b7e873906658e16f5a8fd7633428115,1156610100,1,fks.029xasz.com/zt/shb/*
1c4931892205f967381da2f72e338f4c,1156610800,1,fk.xaszfk.com/zt/shb/*
209d7d1d6828016cde05301a66dbd891,1156610100,1,fks.029xasz.com/zt/shb/*
20fed0e7aef2439b46fbb182d3edd409,1156610800,1,sm.xadcfk.com/zt/qzy/*
20fed0e7aef2439b46fbb182d3edd409,1156610800,1,fks.029xasz.com/zt/shb/*
22104ed502299ab645ac595360604268,1156610100,1,fks.029xasz.com/zt/shb/*
222f5e9a68ca8c623196e2005cf63a43,1156610100,4,sougou.xadtkf.com/zhuanti/8.27rl/*
222f5e9a68ca8c623196e2005cf63a43,1156610100,4,sougou.xadtkf.com/zhuanti/8.27rl/
22399b15b9cfbdd64151e09a4f351af9,1156610100,3,sougou.xadtkf.com/zhuanti/8.27rl/*
22399b15b9cfbdd64151e09a4f351af9,1156610100,3,sougou.xadtkf.com/zhuanti/8.27rl/
2253c0f1b33eb04185b3758c17937b4d,1156610100,2,fks.029xasz.com/zt/shb/*
229520291fcbde4bd0678973dd7c9a8f,1156610100,2,sm.xadcfk.com/zt/qzy/*
2386ec0b9bcc54e26b8b94459f756487,1156610400,2,fks.029xasz.com/zt/shb/*
25377de514387801dcec1d221e479910,1156610100,2,fks.029xasz.com/zt/shb/*
25c3c44cc9c82f181d675e07cd4ecdc2,1156610500,1,fks.029xasz.com/zt/shb/*
27283db8fc25e3ab6efecbdacabd4511,1156610100,1,fks.029xasz.com/zt/shb/*
2841a2c453fc8a559e2695bdec0285f7,1156610900,1,fks.029xasz.com/zt/shb/*
2975be10dba5d2e215b85d39527f78b7,1156610500,1,fks.029xasz.com/zt/shb/*
299b3d14331094282a4ac860b2764b2b,1156610600,1,fks.029xasz.com/zt/shb/*
2a351c21fb26c684cbda4e2803306bd1,1156610900,1,fks.029xasz.com/zt/shb/*
2a351c21fb26c684cbda4e2803306bd1,1156610900,1,fk.xaszfk.com/zt/shb/*
2a35aaa49ec482056d97d810d0507a2d,1156610800,1,fk.xaszfk.com/zt/shb/*
2a932761d1fed120e8d34e21b2fb774b,1156610500,1,m.39.net/fk/*
2b3ec4d03fe9fc94776bbcc8d1ea1f95,1156610100,1,m.39.net/woman/*
2fa4eabcb1ad8b9230aff2832346be40,1156610900,1,fks.029xasz.com/zt/shb/*
307f1b319d68a89aa8fa6cdb56848cd3,1156610800,1,sm.xadcfk.com/zt/qzy/*
332c3a5e1f8026927f5aa280709ea22f,1156611000,11,sm.87384119.com/weixin/*
333aff4012d1b5cc00ea65e5d59c547b,1156610100,1,fks.029xasz.com/zt/shb/*
3432bdc5896ebab449db24ab3e1e200d,1156610100,3,m.hdyy.com.cn/zt/20171221rlll/*
3549a2245fc36d4b8ebf5f6ca52ea5c0,1156610100,23,4g.xaangel.com/zhuanti/1804xacqyc/*
3633aa6c74d5da3dd33d21edebcc3476,1156610100,1,m.39.net/woman/*
3738ab60e0f41524589bd36058f1dfb2,1156610300,2,sougou.029dtfk.com/zhuanti/3_05zgrltj/*
378aefb2b9b4aebde2cc95e37a6aa0de,1156610100,4,sm.87384119.com/weixin/*
37ad73cf0216eef0f5cc2e20330b3bd8,1156610600,1,fks.029xasz.com/zt/shb/*
3822de796bf319a8e31a47fc28c26336,1156610100,1,m.39.net/woman/*
3890abf3b22c550ede797d42b3c7ba35,1156610500,1,4g.xalryy.com/zjpskl/xsw1/*
390ec2adaf725effd088e3113ec4f6fa,1156611000,1,m.39.net/woman/*
391c21681cf9773b2e09bf0cbb120225,1156610900,2,sougou.xadtkf.com/zhuanti/8.27rl/*
391c21681cf9773b2e09bf0cbb120225,1156610900,2,sougou.xadtkf.com/zhuanti/8.27rl/
396e25a28d62db6f821f80976e76bc20,1156610300,1,fks.029xasz.com/zt/shb/*
3a2da27eeebd7bda6dcf36b237f6714d,1156610100,1,fks.029xasz.com/zt/shb/*
3a5e95ac12437bef90d8394a7ecbca83,1156610900,6,m.xalr120.com/zjpskl/xrl/*
3b21105bfab6983cf76b53733e90af13,1156610600,1,sm.87384119.com/weixin/*
3b2e5a8bf0edd9f979f4bbee505aafd5,1156610700,1,fks.029xasz.com/zt/shb/*
3b2e5a8bf0edd9f979f4bbee505aafd5,1156610700,6,fk.xaszfk.com/zt/shb/*
3cd35fb1d3672c2567587c01bc3fb62d,1156610100,16,sm.87384119.com/weixin/*
3e2f37b5956f8f9a46ddcec13f6d1f3e,1156610100,2,sm.87384119.com/zt/dyzt/jhsy/yl/*
3f682b2af45a622c977c07076e9b2790,1156610100,4,fk.xaszfk.com/zt/shb/*
4070c520999535a40ce777e0bb211a5b,1156610300,1,sm.87384119.com/zt/dyzt/jhsy/wtrl/index.html*
4170eb38db0bfe97ae7754cf0f4c15eb,1156610800,1,fks.029xasz.com/zt/shb/*
4170eb38db0bfe97ae7754cf0f4c15eb,1156610800,5,fk.xaszfk.com/zt/shb/*
41f2903f3e8a87c5f23851ea7ac2af00,1156610800,5,fks.029xasz.com/zt/shb/*
42de25bd9f376c72ce141517f2205adf,1156610600,2,m.shengbaby.com/zt/20161117dt/*
43293791f1c81d58003eac95d28bc199,1156610500,1,3g.xalrfk.com/mrbfc/renliu2/*
4396dd093cabc78de5ed3ae4ae89bd6d,1156610600,1,fks.029xasz.com/zt/shb/*
43a7319d4f3bae59807a00f39c93d00b,1156610400,29,m.hdyy.com.cn/zt/20171221rlll/*
44eea73c6bd7ebb2d0c94d676152f272,1156610100,1,fks.029xasz.com/zt/shb/*
4513c506626ed44e34d57b62212abfab,1156610100,1,sm.87384119.com/weixin/*
464c4cccdbaff111fd7540bfcac57f8f,1156610400,1,m.39.net/woman/*
4808e8e0a2df7e4fc5603bc3ae930584,1156610100,40,4g.xaangel.com/zhuanti/1804xacqyc/*
48f83a692661d990b529fd3c29af9c5e,1156610100,1,fks.029xasz.com/zt/shb/*
4c42e64c9288a4a5216509640a9cadfc,1156610400,1,m.xalr120.com/zjpskl/xrl/*
4c8feb9ead83129dfbac6b23f190413a,1156610100,1,fks.029xasz.com/zt/shb/*
4c8feb9ead83129dfbac6b23f190413a,1156610100,5,fk.xaszfk.com/zt/shb/*
4cd2a933dda360ea50594a4b14d3f703,1156610100,1,fks.029xasz.com/zt/shb/*
4df3db910764de256112a5d611b507ea,1156610100,1,sm.xbfueryy.com/wx/*
4df5820fa33e1d57cc43adde2db22d71,1156610800,1,sougou.029dtfk.com/zhuanti/6.9jc_fswt/*
4ed5e1823bae9e7f9328c4ea301720d7,1156610500,5,fks.029xasz.com/zt/shb/*
4f21bd70ad69f6b3177eaeba2ed94b89,1156610500,2,sougou.xadtkf.com/zhuanti/8.27rl/*
4f21bd70ad69f6b3177eaeba2ed94b89,1156610500,2,sougou.xadtkf.com/zhuanti/8.27rl/
4f6139d3e6e561a7ae89a18c54699352,1156320500,25,mfk.knowfk.com/zt/20170909zy*
4f7a52e21947241a6b2e107aef682501,1156610800,2,4g.xaangel.com/cd/1610fkjcwap/*
507825f9beb02b4d8f92062b9fc42d8e,1156610100,8,sm.87384119.com/zt/wtrl170418*
5084c3a75b28c89db3dcc38f6ea62425,1156611000,1,fks.029xasz.com/zt/shb/*
50c70a7104bd104c3276dd19081416df,1156610100,9,fks.029xasz.com/zt/shb/*
50c70a7104bd104c3276dd19081416df,1156610100,5,fk.xaszfk.com/zt/shb/*
5355a09857c38db9f75f1e84a12318b0,1156610300,22,sgm.hdyy.com.cn/zt/20180602zyjc/*
53bae6ebe88b195dc0457471798cdc4f,1156610200,1,fks.029xasz.com/zt/shb/*
5408ebb8993443429bf2b39e4b21642b,1156610900,11,sm.87384119.com/weixin/*
543411c9fbff5ce2ecd545b946513091,1156610100,1,m.hdyy.com.cn/zt/20171221rlll/*
55289e12166bf94180d802ece078aee1,1156611000,1,sm.87384119.com/weixin/*
558a15a8356467d0220c9ada829f28d8,1156610800,9,sm.xadcfk.com/zt/qzy/*
559ea42db590efafb33c958fc854896e,1156610100,25,sgm.hdyy.com.cn/zt/20180602zyjc/*
5634e60c5897f9905c900b33d9cd1b5e,1156610700,1,fks.029xasz.com/zt/shb/*
56a7955baeb5e215ad5dd8f363542583,1156610100,1,4g.xaangel.com/zhuanti/1804xacqyc/*
5909de3a6af5cee89e590f395383a005,1156610100,2,fk.xaszfk.com/zt/shb/*
5a1b292b534a536b0b81dd23ecfc9326,1156610500,3,3g.xalrck.com/zjpskl/xrl/*
5af542eb130c4a75f91ea87bcbf9d9b7,1156610100,1,sg.xadcfkyy.com/zt/qzy/*
5b928566f7e5543c2c24029f64b94db2,1156610100,2,sougou.029dtfk.com/zhuanti/3_05zgrltj/*
5bb474e3ab57f6b2038e1fb32a4a1062,1156610400,13,4g.xalryy.com/mrbfc/renliu2/*
5bc8256cfa16283984977f13080f1867,1156610800,1,fks.029xasz.com/zt/shb/*
5c33521f5fe144c65649315aa9ea56a8,1156610100,4,3g.xalrck.com/zjpskl/xrl/*
5ce7aa2a749a3228782514639e11abb7,1156610900,1,fks.029xasz.com/zt/shb/*
5d4126e07c1b7c604bcb67e68e1cdcdf,1156330200,1,fk.xaszfk.com/zt/shb/*
5f2d0ddb21fa213238f94c0b18659718,1156610700,2,sm.xadcfk.com/zt/qzy/*
6028292d85980d9364e8efdff58a3c92,1156610600,1,fks.029xasz.com/zt/shb/*
60b127da0bc94ac2ccebf64c434872e8,1156610100,1,m.39.net/woman/*
60e9ad8001522e6d974374f1194edb20,1156140700,17,m.shengbaby.com/zt/20161117dt/*
615a873181ea2187bcc7e80c4c5d184d,1156500000,2,m.39.net/woman/*
61f83201a792f092bb69cc51535f6d1d,1156610400,2,m.shengbaby.com/zt/20161117dt/*
62296dc50a243d0d9a552c62f5894c84,1156610500,1,m.39.net/woman/*
6325ddc1468004c62aabfeef8c62bb22,1156610300,1,fks.029xasz.com/zt/shb/*
66716b6805f737e621d90b96c3bf0d7f,1156610100,1,fks.029xasz.com/zt/shb/*
674bb16130c3e6fd61cd3a5036e3f3e2,1156610300,2,fk.xaszfk.com/zt/shb/*
675bf782494dcccfc76bdae43d2677af,1156610800,3,m.39.net/woman/*
682834c2dce5b3b3d68bca815f2fb311,1156610400,5,sg.xadcfkyy.com/zt/qzy/*
6853c5d16208c07c6e4248b76f519f1e,1156610500,27,m.hdyy.com.cn/zt/20171221rlll/*
691e38ac85f0d774025f55e8a306df9c,1156610800,38,4g.xaangel.com/zhuanti/1804xacqyc/*
697f32cdd4d6be5ced6c3e5ab2627bd4,1156610100,1,fks.029xasz.com/zt/shb/*
6a10f4db48cba046e8a6da7e278b79c1,1156610300,1,m.shengbaby.com/zt/20161117dt/*
6b57c5e4b86344801bb6cb6b96347597,1156610100,16,4g.xaangel.com/cd/1610fkjcwap/*
6dd200b4dc37edbedd496688ee5e31b7,1156610100,1,4g.xalryy.com/mrbfc/renliu2/*
6f74869ca4592e162ba99c8f897e8b89,1156610100,16,sm.87384119.com/weixin/*
6ff51495f4e47a2355f23ae578b274e4,1156610900,1,fks.029xasz.com/zt/shb/*
7044f87659f16ba53476df8b159ff83a,1156610100,3,sm.xbfueryy.com/wx/*
7105818ba9845ffe66a08730b9410b34,1156610300,1,fks.029xasz.com/zt/shb/*
7105818ba9845ffe66a08730b9410b34,1156610300,6,fk.xaszfk.com/zt/shb/*
7158306301380b0b9cf4afaad9775a83,1156610500,3,sg.xadcfkyy.com/zt/qzy/*
71959929945eea84650fbaf190d8f067,1156610100,5,4g.xaangel.com/zhuanti/1804xacqyc/*
74172164e011246400e664ad21289777,1156610100,1,sm.xadcfk.com/zt/qzy/*
759fb589e7eec8930855463da6f3bda5,1156611000,1,fks.029xasz.com/zt/shb/*
759fb589e7eec8930855463da6f3bda5,1156611000,4,fk.xaszfk.com/zt/shb/*
75b743b7cca27533a8f3a2f528873b34,1156610100,1,sm.87384119.com/weixin/*
75bd803cc9e2e918a88a4344a3ea0f98,1156610800,4,fk.xaszfk.com/zt/shb/*
78f5abdc61dd0c6bb25e5562301302d8,1156610100,3,m.shengbaby.com/zt/20170622fkjc/*
790af8c692af4cc57dcea27841bf4e5b,1156610100,2,fks.029xasz.com/zt/shb/*
7bfe2a2f15dfacc161a514a3e1eea5df,1156610100,1,fks.029xasz.com/zt/shb/*
7c17a6ccaae7a758dd84ffc82504dd10,1156610700,5,sm.87384119.com/weixin/*
7d66a36f18975b85b25054e59193bd93,1156610100,1,m.39.net/woman/*
7d8242a3c80cd80f5ea4759457e91b2b,1156610600,1,fks.029xasz.com/zt/shb/*
7d8242a3c80cd80f5ea4759457e91b2b,1156610600,4,fk.xaszfk.com/zt/shb/*
7d955437e8a99aedf13ac1e6805b36e0,1156611000,11,3g.xalrfk.com/mrbfc/renliu2/*
80a73cbf4353c38d23895d9ef8eacb87,1156610100,2,sm.87384119.com/weixin/*
80a73e8b0e0a1d317e4433bea2447165,1156610400,1,sm.87384119.com/weixin/*
80a73e8b0e0a1d317e4433bea2447165,1156610400,1,fks.029xasz.com/zt/shb/*
80f76bf243bafb54836469e15d509616,1156610500,1,sm.xaciai.com/zt/dyzt/jhsy/wtrl/index.html*
814e0e4d26352e9027d5177c8a92dda0,1156610600,39,4g.xaangel.com/zhuanti/1804xacqyc/*
81d83372759a3dc0076c8f6a093eef2d,1156610700,3,sougou.029dtfk.com/zhuanti/rlfy22/*
81fb78c65301b9c688f2cdf64f0d5a4d,1156610800,1,sm.87384119.com/zt/dyzt/jhsy/wtrl/rlzjsj/*
8215473c6391bf4b549962e52824ff03,1156610100,3,sg.xadcfkyy.com/zt/qzy/*
83bbb6f9794a083274496c5f3c4bcf10,1156610100,8,sm.xadcfk.com/zt/qzy/*
84364a90e0cd4652a736d891b7feefcb,1156610400,1,fks.029xasz.com/zt/shb/*
8463fccc649659a903bd5ffd2becb041,1156610100,1,m.xalr120.com/zjpskl/xrl/*
84b1655b57ebd121452059eb89aef054,1156610400,16,4g.xaangel.com/cd/1610fkjcwap/*
8526cdea418cccf854b328f4c3170860,1156610400,10,4g.xalryy.com/mrbfc/renliu2/*
87903ceadad805024c87b5d8d6c5c849,1156610100,1,fks.029xasz.com/zt/shb/*
8ac28e95d7ce14a94190abb90e955c4f,1156610100,1,sm.87384119.com/weixin/*
8c2d65b7445f929dbf80238b6a945dc9,1156610900,6,sm.029dtfk.com/zhuanti/8.27fswt/*
8c2d65b7445f929dbf80238b6a945dc9,1156610900,1,fks.029xasz.com/zt/shb/*
8de8d3bcc61e9f288dc9dfa555bda0ad,1156610900,1,fks.029xasz.com/zt/shb/*
8e3874f239b27212023a9c399671960f,1156610200,1,fks.029xasz.com/zt/shb/*
8e3874f239b27212023a9c399671960f,1156610200,1,fk.xaszfk.com/zt/shb/*
8e5897eea50cd8920fff90eb16ce679d,1156610300,2,sgm.hdyy.com.cn/zt/20180602zyjc/*
8ed775e631840e33125cd2520998d3bb,1156611000,1,sm.87384119.com/weixin/*
8f814179a82b2aa2b62ea8cd39c7f0e6,1156610800,1,m.39.net/fk/*
90554cb391bab90ab7b0c3dda1712800,1156610100,1,fks.029xasz.com/zt/shb/*
907694cfa4c550ebbe8312d708d55548,1156611000,1,fks.029xasz.com/zt/shb/*
911d168aa5e88e2b1da7a2debf5d7475,1156610900,1,fks.029xasz.com/zt/shb/*
9258c712766b18f202f1a87eec91bb28,1156610500,1,fks.029xasz.com/zt/shb/*
93f9284a2da977c196fa2c204d419213,1156610100,9,sg3g.ciaiyy.com/zt/renliu/*
9465c6e85bafff40c61aa968b306e8ee,1156610800,1,fks.029xasz.com/zt/shb/*
949a33ea33c167a3074e936a6c5edf2f,1156610400,1,sougou.029dtfk.com/zhuanti/3_05zgrltj/*
94e51d24bdafdf3ed2062fa2d1bd3e7b,1156610100,2,sgm.hdyy.com.cn/zt/20180602zyjc/*
9621fe0be510d79182dcb01392f51f3f,1156610400,1,sg.xadcfkyy.com/zt/qzy/*
96271a9ab1979f4557f05dd118c51522,1156610100,8,m.39.net/woman/*
964ba895aea5474c69767f019071ff8a,1156411300,1,fks.029xasz.com/zt/shb/*
96bbed172161229ef06e336b39c1dc5d,1156610400,1,4g.xaangel.com/zhuanti/1804xacqyc/*
96e7bb34b52d9a5b9bd95fd5acfaa7ac,1156610500,7,fks.029xasz.com/zt/shb/*
9886f87fc9240a1369da027fbdf23333,1156610400,6,fks.029xasz.com/zt/shb/*
994d28a09decd92ee5f5d2089c15ea4c,1156610100,1,sm.029dtfk.com/zhuanti/8.27fswt/*
9a794b30d73082a1f4c9fa86c7e12fc3,1156610100,1,sg.xadcfkyy.com/zt/qzy/*
9cd3fbe68b20318cdb1460f2bb72647c,1156611000,1,fks.029xasz.com/zt/shb/*
9cf62762b2f2299333c264fdfb18a4eb,1156610800,1,sougou.029dtfk.com/zhuanti/6.9jc_fswt/*
9e92e5f157f8ae55906841d8e279a1e1,1156610100,1,fk.xaszfk.com/zt/shb/*
9eb766f490a64994f4daa38053fa2462,1156610400,1,fks.029xasz.com/zt/shb/*
a211a97f5c67b258be043c4673bcf3f3,1156610800,5,fk.xaszfk.com/zt/shb/*
a2b2c7a9e62c957e04a08c4d495a1f23,1156610100,1,fk.xaszfk.com/zt/shb/*
a425a8a925a033968de33cbb743b42c0,1156610100,1,m.39.net/woman/*
a67a0c4b04117e47d036577bfb74a09b,1156610700,2,m.39.net/woman/*
a6a3075a33592965638b8cf731609c87,1156610300,10,3g.xalrfk.com/mrbfc/renliu2/*
a6f2c13233123a46e8954e5e03d85ee3,1156610400,18,m.xalr120.com/zjpskl/xrl/*
a791d6bcd1575f42367cd7a904aaa640,1156610100,14,sm.xadcfk.com/zt/qzy/*
a7b9e26c0090c89fd7ab773afdd05141,1156610100,1,sg3g.ciaiyy.com/zt/renliu/*
a82bfe606d24214d9ae5d16ae4b58317,1156610200,1,fks.029xasz.com/zt/shb/*
a89d34f67439831d0c787cf09bea9ee8,1156610700,2,fks.029xasz.com/zt/shb/*
ab72072cc69b12334a968754d9c2ab98,1156610300,1,m.39.net/woman/*
ac748b0b9ac1f8c024637084ad6d6b3e,1156610600,1,sm.87384119.com/zt/dyzt/jhsy/wtrl/index.html*
ad8047be2b82cb1d3e1fba33eac15099,1156610100,1,fks.029xasz.com/zt/shb/*
adb136d8b7be20440d5dcbb7428bcdbc,1156610800,17,4g.xaangel.com/cd/1610fkjcwap/*
adf34b25b31fdded8ceda6cfcdb75914,1156610800,1,3g.xalrck.com/zjpskl/xrl/*
b29175cf5856e5f371e85c566e5ce241,1156610800,1,fks.029xasz.com/zt/shb/*
b2bb21a5ad1cf71481dc59690b1a9763,1156610900,3,sm.xadcfk.com/zt/qzy/*
b61f22140afcce04ec83f5557db573ae,1156610400,4,sg.xadcfkyy.com/zt/qzy/*
b666b60caeaaddc47cef063c31941bee,1156610100,5,sm.87384119.com/weixin/*
b913ae95460f7c7bdf490c6cfa061f3b,1156610100,2,4g.xalryy.com/zjpskl/xsw1/*
b954ab02cc5a92a4fb35b4108fa11567,1156610100,1,fks.029xasz.com/zt/shb/*
bdda8189101d3d9c1d037fea5c505331,1156610700,3,m.39.net/woman/*
be060efc7f7221df8bc12ab7ffc15932,1156610100,1,sm.87384119.com/weixin/*
c0c05dad08fc9dcc6062726bca62c177,1156610100,1,fks.029xasz.com/zt/shb/*
c0ee357822b0adc219ba8b3d7921e041,1156610600,1,m.39.net/fk/*
c0f2b4a3d7bdea70bc3eb7504d14962d,1156610400,6,fks.029xasz.com/zt/shb/*
c1756b66612a2b356d0deececa496d39,1156610900,1,fks.029xasz.com/zt/shb/*
c1756b66612a2b356d0deececa496d39,1156610900,5,fk.xaszfk.com/zt/shb/*
c2c5631d9086ec4ae681a24624b914c7,1156610300,2,fks.029xasz.com/zt/shb/*
c3abce20e48216dba0f238307f56aba5,1156610500,1,m.39.net/woman/*
c4a01a3693e209c3dfe409e98471c7ee,1156610400,2,fks.029xasz.com/zt/shb/*
c53a1a46c1159f58653e4d07f1e7762e,1156610100,3,sg.xadcfkyy.com/zt/qzy/*
c5ac4adfb39567c8de36a7df089165b9,1156610900,1,fks.029xasz.com/zt/shb/*
c6d96dc89f76115650a4844732f7077e,1156610800,1,fks.029xasz.com/zt/shb/*
c7162d9853cd389334adf4e8e4b6a01a,1156610800,2,sg.xadcfkyy.com/zt/qzy/*
c7dd3ccff166050a4f4df75d87706957,1156611000,1,sm.87384119.com/weixin/*
c8216eebcb95cb758d4e08f33fddbdc2,1156610100,1,fks.029xasz.com/zt/shb/*
c88fa0a0a21ee7da1149efbb7c98c3bc,1156610100,1,fks.029xasz.com/zt/shb/*
c942a5f5afe8af166643caa8e548740c,1156610100,28,sgm.hdyy.com.cn/zt/20180602zyjc/*
c94f6faf1c4a858cca8fee4bba465a12,1156610700,2,sm.xadcfk.com/zt/qzy/*
ca09c8621a8337826be9ef8d0cf5b1ae,1156610900,2,sm.xbfueryy.com/wx/*
ca182e11011a3eabc5e4d01e36e35392,1156610100,3,sgm.knowfk.com/zt/20171109fkjc/*
ca1a7474f11dc37342d6dfee2f321acc,1156610400,2,3g.xalrck.com/zjpskl/xrl/*
ca45c0d0a2a749373a54351c282629a9,1156610100,2,sm.87384119.com/weixin/*
cae1945a6669cef3c2a0c66a9c39b1b3,1156610400,1,fks.029xasz.com/zt/shb/*
cb68cc900c425c377d713ca18715aec2,1156610200,1,fks.029xasz.com/zt/shb/*
cb68cc900c425c377d713ca18715aec2,1156610200,2,fk.xaszfk.com/zt/shb/*
cd5bcd95785f1f93f05456a4c3f7334b,1156610100,1,fks.029xasz.com/zt/shb/*
ce1ab02863379cff21e6a619739be77a,1156610800,1,sm.029dtfk.com/zhuanti/8.27fswt/*
ce27782026b50b3065ff4e759a5d1dc8,1156610800,17,4g.xaangel.com/cd/1610fkjcwap/*
cf63ea81062400c0e9be7af5a07c0e7d,1156610100,1,m.39.net/fk/*
cff873ea7e47e1c49b107a6f74ab2ee0,1156610100,3,m.xalr120.com/zjpskl/xrl/*
d02574e35c71d69cccecbbe821c0ab01,1156610100,15,sm.87384119.com/weixin/*
d073799274d32561afb2268cfb61583e,1156610500,16,4g.xaangel.com/zhuanti/1804xacqyc/*
d0828a2c1797696b041d77f8594ff1d2,1156610300,2,m.39.net/woman/*
d12d1c66519b80190c650aa993300eea,1156610700,2,sg3g.ciaiyy.com/zt/renliu/*
d13ead0f42b03045fa239177f16c1b38,1156610100,1,4g.xaangel.com/cd/1610fkjcwap/*
d143547b8477eaeaf1b76b7a09f8e09e,1156610100,4,fk.xaszfk.com/zt/shb/*
d143547b8477eaeaf1b76b7a09f8e09e,1156610100,2,sg.xadcfkyy.com/zt/qzy/*
d179ff8eee1c82ed7305c414c81cb2cf,1156610300,1,4g.xaangel.com/zhuanti/1804xacqyc/*
d1d41814d39f6aa184d0b7deaff554a1,1156610900,1,m.39.net/woman/*
d213c0fe64984c6abe5f59e66c52f23b,1156610500,1,fks.029xasz.com/zt/shb/*
d4cdf59a2f5ca34f35a8ab835d4fde89,1156610200,1,fks.029xasz.com/zt/shb/*
d7ed256022e662cf7c295b5757d38fd6,1156610600,2,m.39.net/woman/*
d8553971d18415a68c19630084004df1,1156610500,7,sg.xadcfkyy.com/zt/qzy/*
d9303a1a0c1d5a7dd70a93676cb8c547,1156610600,10,sm.87384119.com/weixin/*
db51f4953eb9634cb380579a83f14cdf,1156610700,1,fks.029xasz.com/zt/shb/*
dbb94c84fb7ff97d26a91af4e7a2d81e,1156610100,5,fks.029xasz.com/zt/shb/*
dc01fcb10da3e28508883c61359e5b20,1156610300,5,sougou.029dtfk.com/zhuanti/3_05zgrltj/*
dc5f721fb9c8649bf996cd26d3788f29,1156610100,5,m.39.net/woman/*
dc647ffe0decde7fea737fe71bd1b60d,1156610400,1,fks.029xasz.com/zt/shb/*
de04f31766b7f0e1b6974c3dae7bbbf9,1156610900,1,m.39.net/woman/*
e11f7662c8d54a10b42fdf0c85077a85,1156610500,2,fks.029xasz.com/zt/shb/*
e11f7662c8d54a10b42fdf0c85077a85,1156610500,21,sgm.hdyy.com.cn/zt/20180602zyjc/*
e3df88cc264dbf4deab9ed73007ebe84,1156610600,13,sm.87384119.com/weixin/*
e48d1f78d9c6126e057ffe2098d25910,1156610500,4,fks.029xasz.com/zt/shb/*
e64ccf74da0e608413d4857cf4ebc5bc,1156610100,15,sm.87384119.com/weixin/*
e6bcc09f29b92bd718e45865dba76930,1156611000,1,sm.87384119.com/weixin/*
e85a7e04d845851497068ac50a56329f,1156611000,11,sm.87384119.com/weixin/*
e889e4a6bd892dddc5842c58725f0f42,1156610100,42,4g.xaangel.com/zhuanti/1804xacqyc/*
e8bbe95c1792061b1dce4a2dbd719dc9,1156610100,1,fks.029xasz.com/zt/shb/*
eb464d582f444ba1617a70533a917a99,1156610800,5,fks.029xasz.com/zt/shb/*
eb7abb4edc18db1cb9b0a1d3e2173e51,1156610100,5,fk.xaszfk.com/zt/shb/*
edbe47ada25eb52fb33dab08c546a76a,1156610700,1,fks.029xasz.com/zt/shb/*
edd8a4c0371f8cf3a5dbbe0bf9539d01,1156611000,1,sm.xadcfk.com/zt/qzy/*
eedf27644ab8de214fb3ccaf677b0aae,1156610100,1,fk.xaszfk.com/zt/shb/*
f019445db02d38e67d867b7e6aad774a,1156610400,1,sm.xbfueryy.com/wx/*
f18fc9707385f727b3bfc28ddf3c5f40,1156610100,10,fk.xaszfk.com/zt/shb/*
f20a26b6e68735c7cde1822a3cf5bc89,1156610800,1,fks.029xasz.com/zt/shb/*
f3408c6c33377a217d30ae5340015983,1156610100,1,sm.xadcfk.com/zt/qzy/*
f50daa1c88ef406a73df764f88a6d178,1156610800,1,sgm.hdyy.com.cn/zt/20180602zyjc/*
f537482d08af7151397354f71f80c170,1156610100,1,fk.xaszfk.com/zt/shb/*
f541e3104b566fcf2c50be4ad5194284,1156610500,3,fk.xaszfk.com/zt/shb/*
f6ca513deaf9efe92cc83856b1ee06f4,1156610100,2,sg.xadcfkyy.com/zt/qzy/*
f798757f1e2bc22e5a9118b40522651c,1156610900,1,sg.xadcfkyy.com/zt/qzy/*
f7e75e5ad20ffa14f5a1c8923f140f7b,1156610500,1,sg.xadcfkyy.com/zt/qzy/*
f863f0e9d4d836c188ddf5089c23f36f,1156610300,2,fks.029xasz.com/zt/shb/*
f86e977d98b20cacac944aaf751dfcd5,1156610100,6,fks.029xasz.com/zt/shb/*
f8916eb384890b3a67b4620eaf5bd1c2,1156610100,6,fks.029xasz.com/zt/shb/*
f9b74d9c47d46339c9ee3eac064c1d97,1156610200,1,fks.029xasz.com/zt/shb/*
f9be09805eb99b66bea64a0cf690c59f,1156610100,1,sougou.xadtkf.com/zhuanti/8.27rl/*
f9be09805eb99b66bea64a0cf690c59f,1156610100,1,sougou.xadtkf.com/zhuanti/8.27rl/
fa248621136d94fad3dc5484b2c386d2,1156610500,1,sm.xbfueryy.com/wx/*
fac2e549f46792947026ea7b37af1a6a,1156610400,25,sgm.hdyy.com.cn/zt/20180602zyjc/*
fcf4f1e87c05bd801f606e1fe40c8c1f,1156610100,1,fks.029xasz.com/zt/shb/*
fd4e3f90c984bedc63fb94dbdc3d99ff,1156610800,5,sm.029dtfk.com/zhuanti/8.27fswt/*
fe908d40399644643b9596752f18c830,1156610700,1,fks.029xasz.com/zt/shb/*
fe908d40399644643b9596752f18c830,1156610700,3,fk.xaszfk.com/zt/shb/*
fe908d40399644643b9596752f18c830,1156610700,5,sg.xadcfkyy.com/zt/qzy/*
feb1e3fb515f4c3e50116b51ecba616b,1156610300,1,fk.xaszfk.com/zt/shb/*
ffa921e8595b5da2b6787eaadd1542ce,1156610900,1,fks.029xasz.com/zt/shb/*
ffffe83089cca194a838a16c15460134,1156610100,2,fk.xaszfk.com/zt/shb/*
