00d33c0debaf727af6504a161c6ae842,1156120000,1,m.to8to.com/*
0286388b3ea8b1922ffdc5fb549e1603,1156120000,1,m.zhuangku.com/tj/*
0286388b3ea8b1922ffdc5fb549e1603,1156120000,4,m.zx123.cn/tj/*
03158cf57c50c96665a8fb4ad01b6834,1156120000,2,m.shj.cn/*
032d41c9172b971fb11765a7aa2499ee,1156120000,1,m.to8to.com/*
06abeb4bd165b64071370cbf2926e84f,1156120000,2,m.to8to.com/*
07a25135d5153e0a275dc4fcbd461bc1,1156120000,1,m.to8to.com/*
0f718e1ca5dfae9089b80515e30854e3,1156120000,1,m.to8to.com/*
101430ce454a10259eaba3e310ead4db,1156120000,1,m.to8to.com/*
101cf2220dab56657af3062d7fa4d2ce,1156120000,2,m.to8to.com/*
113efda7d61b59b4b3a6787ecdf65105,1156120000,1,m.zhuangku.com/tj/*
1e7cca0ab51c111f03fce08106b634d0,1156610900,1,m.shj.cn/*
20103ea6bead43951892efd1b3bf7862,1156120000,3,m.zx123.cn/tj/*
222e4b1ba41cb8928ae570b03d81c070,1156120000,1,m.to8to.com/*
289e2615ea940d14383336be28b708cb,1156120000,17,m.shj.cn/*
2ace906a9b10c5c227155094a3c3df87,1156120000,1,m.to8to.com/*
2fe5651758f5182f53853326c96ca799,1156120000,1,m.zhuangku.com/tj/*
3061bbde194db15d4010069c3fe7f0a8,1156610100,2,m.to8to.com/*
309dba2fff412d25cdba60adad910fbe,1156120000,1,m.to8to.com/*
32821e562156d0226480634fe19c2ed7,1156141000,1,m.yz-china.com/*
34590712c590af3908e2d42a8a8f3a47,1156130200,1,m.zhuangku.com/tj/*
3506ee73550d3a7c144e15ff0657e0d1,1156120000,1,m.nb.17house.com/zhuanti/tianjin/*
36241dc8d2fec2488e558375bad6a773,1156120000,1,m.to8to.com/*
3829156add520c32c0da5e798bd678b2,1156120000,1,m.shj.cn/*
38314505b51c9d659e84c0e013570617,1156150100,4,m.to8to.com/*
3937feee4994bd600e646ece46d052c0,1156120000,1,m.nb.17house.com/zhuanti/tianjin/*
3989e692a9873d035537c7283d6a81ae,1156120000,1,m.shj.cn/*
3af6c1220a3ebf7c15f855c7074f0acd,1156120000,5,m.shj.cn/*
3afba7647e4ecb9c0c01d4bb78e52639,1156120000,5,m.shj.cn/*
3b57ef01ecad70e9967d6e8e6b03dd2e,1156120000,2,m.shj.cn/*
3d4261958b7935a65fda646680550e30,1156130300,1,m.zhuangku.com/tj/*
3f141f5d483444fba26adbc70bf4cf6a,1156120000,23,m.tj.shangceng.com.cn/*
4396cc9d8289c69a98d2166ddb088644,1156120000,4,m.shj.cn/*
481bb46c9ff7dd4137dfdb020851d77f,1156120000,4,m.shj.cn/*
4840dd1ec9110b1e13b57dee90fe7d8e,1156120000,1,m.to8to.com/*
4ded6d96553be95376e2d19c958d42ca,1156120000,1,m.qizuang.com/tj/*
4ee22bae9dce154cfd15530d77b59af2,1156120000,1,m.to8to.com/*
518a9e2a51b0eaa49bb757da6ac9d832,1156120000,1,m.shj.cn/*
54fab2f563a3100c645b52c8e181c864,1156120000,69,www.betterhome.com.cn/*
562602d10622e0e9597a994caadc1be8,1156140800,45,m.yz-china.com/*
57c7eeabf3bd06fb1887f37929b092fd,1156120000,3,m.zhuangku.com/tj/*
589bf57d4eedb08dbe91ec13a62ea664,1156120000,2,m.shj.cn/*
58fec3613e0429fcdc3124456c8ff81a,1156220100,1,www.longfa.com/index.php*
5f7ba27c0b54465a877ea2374645438c,1156371400,2,m.jia.com/tianjin/*
612f57748a67fda9d7cef881a6c8dd00,1156120000,4,m.shj.cn/*
642c06358a1176e8d3bd2338313d94d0,1156152200,2,m.qizuang.com/tj/*
67ab0b0eaebf3ca2415885416c01029a,1156110000,4,m.to8to.com/*
68647442bdf4a356ebeebe549da80489,1156120000,3,m.shj.cn/*
6a462431ccf4023d8e4f82c09ce81c38,1156120000,1,m.to8to.com/*
6ccb1ab88f280237aaf7c239d5206f3a,1156120000,1,m.to8to.com/*
6de496c58de7d671d66ba9e514ffd52c,1156120000,1,m.to8to.com/*
705b69d64427dfd0dcb36699bea8e457,1156120000,1,m.to8to.com/*
714331aee9f555674277cc2fc9576b43,1156120000,1,m.zhuangku.com/tj/*
71af6ccb80778d988b2c21336a01f181,1156340100,2,m.to8to.com/*
73f31b1d6e8b9de8a82f6cf72b9e1215,1156120000,1,m.to8to.com/*
76b469162f629f2fe43a740826af4da7,1156120000,2,m.shj.cn/*
849447abd1e2092d6e5fbefbba1846a9,1156110000,2,m.ikongjian.com/tj/*
871c094a2407459e1174e2cbfb59f3c5,1156120000,1,m.to8to.com/*
89c25d1bc7ea392f775952989b9b3699,1156120000,1,m.shj.cn/*
8a3a21145eb8415e6e06b82b5e9105da,1156120000,1,m.to8to.com/*
8c16e592e46f4e445b8551669eeeed58,1156510100,1,m.jia.com/tianjin/*
8e4818844b05d09a355cf702f74d7259,1156130100,2,m.to8to.com/*
8ea3559123ff2d106efad1bd23618bab,1156330400,4,m.qizuang.com/tj/*
8f3aad2fae1194b3fec102e3f7634f23,1156120000,4,www.tjjzzs.com/*
90200f03ad038556afa21dc740095018,1156130400,4,m.shj.cn/*
91de292f3515e366423d6c6ed6937658,1156120000,1,m.to8to.com/*
9dec33292b74c97d22e58ab2aa698ddd,1156130400,6,m.zx123.cn/tj/*
9fa0afd8c2632affe110e0168499cb14,1156341600,1,m.to8to.com/*
9ffa771151777b327e2adf84b48f4e71,1156120000,1,m.to8to.com/*
a23f564f2ad71684663ca1d7d08b7481,1156120000,1,m.to8to.com/*
a29f89f4dbdf934bf3db1412a074d93b,1156140100,1,m.shj.cn/*
a59eaf2dd61fb726e8ac19b51220e7d9,1156120000,1,m.nb.17house.com/zhuanti/tianjin/*
ab6c66825a3d565f64c29de5dd8c6729,1156131000,11,m.shj.cn/*
ad51decde84081949f2f4df78a2e22da,1156120000,1,m.to8to.com/*
b046e2de0b3ece9829d6c032fcfd8991,1156120000,1,m.yz-china.com/*
b3b2e1bf6bc74e228ca64ccc7621fd33,1156510800,11,m.yz-china.com/*
b90f44a00918a09b24ff730430d1acdb,1156120000,1,m.sp.17house.com/ac/tianjin/*
c0a8a4475b53b632b266123e232db5af,1156120000,5,m.to8to.com/*
d07faf19e326f299470c47697b43db10,1156120000,1,m.to8to.com/*
d1762095882df7da21a1372f391715fb,1156120000,35,m.yz-china.com/*
d61f0696730dbb69badc5cf2a7db212d,1156120000,3,m.shj.cn/*
d76b5aec3b6ea27244702d95dd4d11b0,1156120000,4,m.shj.cn/*
dcc230dcee2830539bab324b0ef665e0,1156110000,11,m.shj.cn/*
e032bec22768d3d80ce4bbbd55bef8db,1156130900,1,m.yz-china.com/*
e8a96abbb641ec60ccfac4303e50a26f,1156120000,6,m.shj.cn/*
ea80010d2af616ea05821b952aeb0edd,1156120000,1,m.to8to.com/*
ece9c301d009da7bc6140b74b14ea5a8,1156620100,52,m.yz-china.com/*
ecf2c52222c5c1e883d1bb311705fdc1,1156130200,2,m.shj.cn/*
f0e9a03b1ba87bb4af48f0bcf52ead2f,1156120000,1,m.zhuangku.com/tj/*
f0e9a03b1ba87bb4af48f0bcf52ead2f,1156120000,1,m.nb.17house.com/zhuanti/tianjin/*
f3a9c1fe4aaa6b24ee4f7ffb18105d85,1156120000,3,m.zhuangku.com/tj/*
f3fa9439bf8d1c9ba0c29791c24ce3b7,1156120000,2,m.zhuangku.com/tj/*
f88e29b7ea6e066ac572b5216ffb2148,1156120000,1,m.to8to.com/*
f9dd01f180116d8ad23bb25a41b97f60,1156120000,1,m.zhuangku.com/tj/*
fa41ae58c511a623e7c3b35334ccdde5,1156120000,1,m.zhuangku.com/tj/*
fde6fc3fee6dcaf9ac5fc60bbbed2791,1156120000,2,m.to8to.com/*
fe991da2420475f9cc4c26b249029270,1156120000,3,m.shj.cn/*
ff1503df62477f2ed8e8cc616d554ebf,1156120000,1,m.shj.cn/*
ff287598c7dbf300499ed8820a88ba8c,1156131000,3,m.jia.com/tianjin/*
