001bab0069c38f3a21bbe1fb13760da9,1156120000,3,m.jia.com/*
01239f5ec8a22d909682742583d5454f,1156120000,17,m.jia.com/*
013eafdcc936dee6a65aa8e951431ee7,1156320500,9,m.jia.com/*
0146ab7004ddaf8c2b5543b1234a2e22,1156120000,1,m.jia.com/*
027a8ee8d237cc48074d05f4bcfd7537,1156110000,2,m.jia.com/*
0286388b3ea8b1922ffdc5fb549e1603,1156120000,7,m.jia.com/*
02f5a02040942aaa29ae58b502fd382b,1156120000,12,m.jia.com/*
03475efe86a79044db720a7ebefe2eb6,1156120000,13,m.jia.com/*
035996e98c904d4c3a65743c89202359,1156120000,3,m.jia.com/*
03c3afd33a826812c109366501da0b81,1156120000,8,m.jia.com/*
040861c605118f37a393dce31911d378,1156130200,6,m.jia.com/*
0487ef42666bcb1994c76195bb6fe727,1156120000,2,m.to8to.com/*
0495c53002e548782bb14d85692af4ca,1156120000,7,m.jia.com/*
04c149b1f77da63e6b497e90efe6a8c7,1156120000,9,m.jia.com/*
04e1c423d11354b7a0e13f2a0f010d4e,1156230100,8,m.jia.com/*
051b6a825b5b340b7bfce2603534f3e4,1156120000,5,m.jia.com/*
059bd989e60b655ecdb5e9ea1beac63c,1156120000,1,m.to8to.com/*
05c916d79534f0af751ffc94c845be83,1156120000,2,m.zx123.cn/*
05d023e19fb5d9d0b7b8328674e5c0c2,1156211000,6,m.jia.com/*
06276088c75b9dcfd8a40829c0a5b364,1156120000,1,m.meilele.com/*
063e2e86acdf5e8e05a93732ccf18cc5,1156120000,2,m.zx123.cn/*
06b045f4f8233f2a0adfe63c70703164,1156120000,2,m.jia.com/*
072b290f65184584fb292e88b5ba079e,1156120000,1,m.jia.com/*
083ec79291753f5f8d06a202873ce98a,1156120000,1,m.to8to.com/*
0870847e68b9a6f4469bfa5c1776f8d7,1156650100,6,m.jia.com/*
08c4c8831929bb54430f8bfaa0ab76aa,1156120000,8,m.jia.com/*
09046c8c205acaf947614756b04a2439,1156130200,6,m.jia.com/*
096024c2faa0772b3586c7281f682f3f,1156120000,1,m.jia.com/*
09fc9b3abee0078055dc6924d03e75d5,1156120000,6,m.shj.cn/*
0a3fc45bb2da21e1f5f86f29b05449ff,1156120000,2,m.jia.com/*
0a851322e46719accc043dc171dfd0f8,1156120000,1,m.jia.com/*
0ab170d25b9b1aa70e345c95439a55a1,1156120000,2,m.zhuangyi.com/*
0b53dc8ecd85e7c32e41485d3a037487,1156120000,4,m.jia.com/*
0b9a9e4138109fdc80b729886be3cbad,1156120000,2,m.jia.com/*
0c829e79661f9fef1276a575570afd08,1156120000,8,m.jia.com/*
0d0d62b319c8f74e4b05aaf67e091e93,1156520100,8,m.jia.com/*
0e5bdc82c4a357d6c07ae0539f1f1a86,1156120000,2,m.jia.com/*
0e9a4df4dc4cbd90ca4b462608ee70d6,1156610700,1,m.jia.com/*
0ef9b9e38db4ea0e3eb9cfc2ed32fd22,1156110000,4,m.jia.com/*
0f0dd882dfd9f08b36bc98de1e4a5e6e,1156110000,2,m.jia.com/*
0fc9cef3b50b45966f3f488304f22f8b,1156120000,1,m.jia.com/*
0fe83455f3f4df694be0475cc99c01a3,1156120000,2,m.jia.com/*
10b0684a777f9fb23f7a8c9f0414804a,1156120000,2,m.zhuangyi.com/*
10cdd066a0d4d4971322131f7564228d,1156120000,9,m.jia.com/*
11b5953b6f8f6944006d4ddffc4f6ba6,1156120000,10,m.jia.com/*
11b692b6d6fed00e7914c0fd546edb7e,1156130100,7,m.zx123.cn/*
11d076f51af46833f0f025ad1b749f37,1156120000,10,m.jia.com/*
128ae754a54a7868ecc8778c2c20c2ce,1156120000,1,m.jia.com/*
12a4ec54ec566f8ced486e993e61abbd,1156110000,14,m.jia.com/*
12d03b7f711317fc31852417e6c983f5,1156120000,4,m.jia.com/*
12f23e025ad4d21b2c29f39b5346b6aa,1156131000,2,m.shj.cn/*
1324db939482e36a0e194ef9522faa05,1156130400,10,m.jia.com/*
13591a7508e08f33b331222e8f3ffcd0,1156120000,9,m.jia.com/*
13591a7508e08f33b331222e8f3ffcd0,1156120000,3,m.shj.cn/*
136df4f9ee289dc0e0d81e4b964110d1,1156120000,4,m.jia.com/*
13aafef2d6e3b8aac299eff9cb3f423f,1156120000,10,m.meilele.com/*
13fa1c304df9f93bc472177ec181c59a,1156110000,107,m.jia.com/*
143f84039e17e99a6826f2a6d7bbefaa,1156120000,1,m.jia.com/*
14ce3972b01d87324f979b1c02e081bb,1156120000,6,m.jia.com/*
156f1a5ad9e004a740206d34a3e45fdd,1156511500,1,m.zx123.cn/*
15a6fbc95cec7837e1fa6b1b94e700c7,1156120000,4,m.jia.com/*
167a69bd072ea28e6f389fad3a253449,1156120000,1,m.shj.cn/*
16f954fcaa2322ec58bee697a72bd0ce,1156120000,2,m.jia.com/*
170a4c504be50f58f0601fd249e019a4,1156131000,13,m.zhuangyi.com/*
173a090c67ee5d7ccc4333dd0c58e55a,1156411300,2,m.shj.cn/*
1746efec7d4f5e322cb59214601adb64,1156120000,1,m.to8to.com/*
17b83deeeabd6058ef347419558bb55f,1156330300,4,m.jia.com/*
185ce68cf49a90016a1ab236e7eabaa6,1156120000,1,m.jia.com/*
1927823928b56980f89ebaed9c9e50b5,1156141100,13,m.meilele.com/*
194a17ace20e50961f55263fa0a8ccf9,1156120000,107,m.meilele.com/*
194d19975461f7c8d480b051114ff1fe,1156120000,2,m.shj.cn/*
194d19975461f7c8d480b051114ff1fe,1156120000,1,m.ikongjian.com/*
1b221b3507422855190efcccbc08c7e8,1156120000,2,m.meilele.com/*
1c4aab03c57e4ff512c27397fd288a2f,1156120000,7,m.jia.com/*
1c6629b27cae24b81d96527ed4eed0e0,1156330400,11,m.jia.com/*
1c738c991ab1e35aeb13f02b99b85654,1156120000,1,m.jia.com/*
1c997e24aabd396c73662eaea0f118c0,1156120000,24,m.jia.com/*
1cb3968dd8ba9aadbf36a47b58a10fb1,1156120000,3,m.jia.com/*
1cc27270bd95df97a2962b8339a4ca93,1156120000,10,m.jia.com/*
1d4ce37488b62ea6c5479baf998cbe6b,1156650100,7,m.jia.com/*
1d780c9530632e39a53d33669fe047b9,1156120000,1,m.meilele.com/*
1d784964f73751a35ae440dde16c1d1b,1156120000,3,m.jia.com/*
1d90d3b18e6ecfbdf10086aa8b257a5f,1156120000,2,m.jia.com/*
1daba065cd7845d66113d5a44d7d0061,1156120000,6,m.meilele.com/*
1dac84610f5bdcc5c53193d8daec9a47,1156120000,2,m.shj.cn/*
1ea6bb2d675ed5ce249c75a5545ea5fc,1156120000,1,m.jia.com/*
1f8d2a0c4986b293e78150437fe200cc,1156110000,2,m.to8to.com/*
1f935596838aa15926c740ff3619ee43,1156120000,2,m.shj.cn/*
2052e0ec292a5a7831e998f087e58bb6,1156120000,6,m.jia.com/*
208b8afc7064717390b6d018be36d56d,1156120000,3,m.meilele.com/*
20b92bb39019f367177b77e8f5d8dee0,1156120000,4,m.zx123.cn/*
213c21a56f4575112785ca59d2d4b0f2,1156360600,1,m.to8to.com/*
218644684da1d75cb8d0212de3fa5514,1156441300,1,m.jia.com/*
21fca72df8075360cf70902837b16096,1156120000,5,m.jia.com/*
24523191df018bb0f9944f26b3f8c3af,1156120000,3,m.jia.com/*
2461dda3ff3098ae275d5ede20f51a8e,1156120000,5,m.shj.cn/*
246fc90d452b5fc6113238c16c63e1b8,1156220100,1,m.to8to.com/*
249603ac94349c5f216c07cee14aa469,1156120000,1,m.ikongjian.com/*
24a174ad6b46943c4d8b47a313553ae2,1156120000,1,m.jia.com/*
26cbadf94def6a0b1d89a63a131b17a2,1156120000,11,m.shj.cn/*
276ff5333b8eca7593747f608ede376e,1156120000,2,m.jia.com/*
27d0b3598e5d268f94b10bb05e4fce58,1156120000,6,m.jia.com/*
29be06ad2887b888ed71c8d70397d521,1156110000,12,m.jia.com/*
2a228c922c8843e31853bda0363a2ce2,1156120000,3,m.jia.com/*
2a2a73c77f67c3fa8e27850a6f397c77,1156120000,1,m.jia.com/*
2a833a0b930afe9f865f797085746241,1156371600,7,m.jia.com/*
2ad2015b578d4a86c0d6c3c115fc5cb7,1156120000,2,m.jia.com/*
2bdef6cf82bf620ec51560c49e78d602,1156120000,2,m.jia.com/*
2cbe4afb754f607f5e0b3e970f2a50db,1156120000,6,m.jia.com/*
2d0839dbe018275c69ea3cc0e4191e1c,1156120000,4,m.jia.com/*
2d12b3c644832c1f40a5a6e350472d58,1156431300,2,m.to8to.com/*
2d5fec54b885a18724830b2f19fcf88d,1156120000,1,m.jia.com/*
2d5fec54b885a18724830b2f19fcf88d,1156120000,1,m.shj.cn/*
2db63a75dbcdbc72bac7d7ec18d612a0,1156440300,1,m.jia.com/*
2dd33edc272c0d656e40dbe3adecd182,1156411700,3,m.jia.com/*
2e42e9dcd1218a018a253f855f777733,1156120000,1,m.jia.com/*
2ea500e409a4c850da93b09a8019ec61,1156131000,16,m.shj.cn/*
2edcaeb5cc32204a448a48c4bf34b31e,1156120000,1,m.jia.com/*
2ee0d191cdd27595ebceb71fc69033eb,1156120000,1,m.zx123.cn/*
2ef6289dff82facbc2613bb9c8adf8e4,1156120000,6,m.jia.com/*
2fad42451897f4dc434b8112da9fe495,1156120000,1,m.shj.cn/*
2fbb894c7b1ca331e35d6ea898f6bb29,1156120000,3,m.jia.com/*
2fd196637dcd84d13af54729a0df89c0,1156120000,1,m.jia.com/*
30067a9a98dddcb5a19c05fd1c68bef3,1156120000,10,m.jia.com/*
3011c5c81397b6b8e057a52ba79a350d,1156150700,1,m.ikongjian.com/*
309b6b518dc131a1ad4302783abee76d,1156120000,2,m.jia.com/*
30a5508dac7e6fbc7e74a19b7f9b8acb,1156120000,2,m.jia.com/*
31b1655901393ef679af8590590b9e88,1156130400,1,m.shj.cn/*
31cde91208e76f0459068dd8ef69ee62,1156120000,40,m.ikongjian.com/*
320c38b8e2b509b1d77910dc4da7d2a6,1156120000,2,m.jia.com/*
323c77e44642c8f87406190b29e27dfb,1156330400,5,m.jia.com/*
3252ad3b6005359879e7f4386b677ca9,1156120000,2,m.jia.com/*
32593a4dde811985fac0e8e4d9a95148,1156330100,1,m.zx123.cn/*
325b55d03047851e1323d39561f0f74c,1156440500,8,m.jia.com/*
32fe5909ae2e3b148016da0c04b7de1a,1156130900,1,m.jia.com/*
34013fdfd7709dad946b43b04e8fcb4c,1156130200,1,m.jia.com/*
34be210b97ed59a9f4b8ef927887c645,1156120000,4,m.shj.cn/*
35af4da9cce99a01e9331c6a8249a286,1156120000,2,m.jia.com/*
35e18fc72719b4a6e1abe1cc791d22ce,1156120000,6,m.jia.com/*
35f048cd88767e9ab265e17f486ebd3a,1156120000,1,m.jia.com/*
3640d226086f7eb686a9893a98508fda,1156120000,4,m.jia.com/*
36c12e3fd1d2a9ad03569dac378f9e86,1156120000,13,m.meilele.com/*
36c6a01411e801e7d73a427e275e0e66,1156640400,1,m.jia.com/*
36c8f30eedd51abac3f9144c8ff8d9be,1156120000,7,m.jia.com/*
37d71bb3a60adb647be9560f3cebca0f,1156120000,5,m.jia.com/*
38511e86baf8b80a5f7294accd33b006,1156130100,6,m.jia.com/*
388cc09ff36c4eb1f25830e370f479ee,1156120000,9,m.zx123.cn/*
38b21fb3433f63c7d66cde380709a88c,1156120000,6,m.jia.com/*
38b8983f75057f72658e9ac5abbe894c,1156120000,1,m.jia.com/*
38ea3597938de7450d3ca610663be86a,1156120000,2,m.jia.com/*
3ae9037d001e646ef998becbdcda3fad,1156120000,1,m.to8to.com/*
3b996a938755a303ba3b35ef693324d0,1156120000,368,m.meilele.com/*
3bbaea9cdf9a3164bff538275e0526fb,1156120000,1,m.to8to.com/*
3bdf9a180f799ecd8a9fc7ebcfb1cee4,1156120000,2,m.jia.com/*
3d04ee515fd6da06a7103f9495c389f6,1156120000,2,m.jia.com/*
3d1d06dbb4e6137603721330b106bffe,1156120000,1,m.jia.com/*
3d1f18a90f6e237293d389cc47988d7e,1156120000,1,m.jia.com/*
3d22d2703de85bcce943527d1aba18e3,1156430600,2,m.jia.com/*
3d5302a0c79eceab020704d581a505ef,1156130100,2,m.jia.com/*
3d62ffc3114d8390c4757fb22d0a6ed9,1156120000,8,m.jia.com/*
3dbc91cef8b97c28b6ec48949dace710,1156120000,5,m.meilele.com/*
3e8ee50e31c1bf0ee29ddef3466e923e,1156440300,3,m.jia.com/*
3eb9c48ac8313b566ed1a34c72c33ad8,1156120000,1,m.jia.com/*
3eea2b9a1f68e066fcec575163865245,1156120000,2,m.shj.cn/*
4067f75db3ea4575b852dfee568bec53,1156120000,2,m.ikongjian.com/*
406915f6b06d39b8095fb40a6944a49b,1156120000,1,m.jia.com/*
409ec7ba770fb3b0b8d4575bc3a62aa1,1156610300,1,m.jia.com/*
41b945cc3cc8f8206e7c56a217cf9edf,1156120000,2,m.jia.com/*
41c3e77988ecebea0a8d08ef6b00fe3b,1156120000,2,m.ikongjian.com/*
423c8d17cf1a46d609493fca55e4ead9,1156120000,1,m.to8to.com/*
42c60850a3fd689b240fba2f49a3a3f0,1156120000,5,m.jia.com/*
43fd1db63156b29f29e828b342b1ba29,1156120000,3,m.jia.com/*
4401ef75a47066c36a46534b97ea2e62,1156120000,2,m.jia.com/*
449a6ac8f4e6ed5e6a7bbe22939fcac9,1156120000,10,m.jia.com/*
449d788d290d183c196dd2d33d874bd3,1156120000,9,m.zx123.cn/*
4517992a34f551a9eb203711a2132a15,1156120000,3,m.jia.com/*
45486671746304c63c96c8180ab92f9d,1156120000,1,m.jia.com/*
4548c4440f6c31b5e4e85330658c017c,1156120000,2,m.jia.com/*
455082f804c81c97d10bda6731884bb2,1156120000,2,m.jia.com/*
45a440fe27b118482709fd921d1fcc2a,1156120000,87,m.jia.com/*
45a440fe27b118482709fd921d1fcc2a,1156120000,7,m.zx123.cn/*
45ff998a5aca5afa8966636004e3d5c3,1156120000,1,m.to8to.com/*
467712a7346d9c20b2d503157cc48524,1156110000,7,m.jia.com/*
469e32f12be280fea6128ef03e26cdde,1156110000,6,m.jia.com/*
46ebc78d92cf1e2a4e277933ff5fe0da,1156120000,4,m.zhuangyi.com/*
48e4cf549d0a9aed8563071197ebd5b0,1156120000,1,m.jia.com/*
49430eff339f4c214bdab61055153e46,1156120000,7,m.shj.cn/*
4951ec00ed00e5afd3dd0214c69af62d,1156120000,6,m.jia.com/*
4a25186634be7314c42ed6dc00335fa2,1156410900,12,m.jia.com/*
4aac552fa7518fcff0e5296836e02e3d,1156131000,2,m.shj.cn/*
4b1beaf8d01ffa9a50759bff04a2458f,1156120000,1,m.jia.com/*
4b5112fc64f0104361c8535189772dd5,1156130800,6,m.zx123.cn/*
4b98d3757bbaa4c4cc7e66b49853168b,1156120000,1,m.to8to.com/*
4ba2d137f92ece5c8d7a137d49b71f2b,1156120000,1,m.jia.com/*
4bc251dd8e2cd60b05f86bdef6c2c109,1156120000,3,m.jia.com/*
4bd388e76f53aca7f2642cbb47ae7973,1156120000,1,m.jia.com/*
4c0b02ef74525fd2b5a49a033014742d,1156120000,2,m.jia.com/*
4c0cc4dea8b5442cf6012aab0d25565b,1156231000,18,m.jia.com/*
4c57b7b8dabeb4286f7cb5100a02adcf,1156120000,1,m.jia.com/*
4cb5eb2c9c4dbd1f2954fa6966045bda,1156120000,1,m.jia.com/*
4ccded9293aecb8e64584f8f220ecbb2,1156140200,10,m.jia.com/*
4d529a724658d4211ce2179abc69a3a6,1156120000,1,m.jia.com/*
4d79c4401371d52a90521693e6ff3466,1156120000,1,m.jia.com/*
4ded6d96553be95376e2d19c958d42ca,1156120000,2,m.jia.com/*
4e3d6d18d215df2cde36ac67d7d14620,1156120000,1,m.jia.com/*
4e3db7381371ed0c26f6d303c244cb30,1156120000,13,m.meilele.com/*
4e5fce3010e8b2096dec1ac28d946d87,1156120000,1,m.to8to.com/*
4f9dcfbfcd28a6f8a5bdded7f284420b,1156120000,2,m.jia.com/*
4f9e23ebc386d4457b5bb44c0abb16df,1156130600,13,m.jia.com/*
501060b8e88ceafc98d73565359b238d,1156120000,4,m.jia.com/*
503168c5c68339b3947e2eee120b1997,1156632800,5,m.jia.com/*
505ffc0359fdca00675295c58df7489a,1156120000,6,m.jia.com/*
5063b9151802d142ee641c170f59382f,1156320100,3,m.jia.com/*
50769856346ac9e08277565ef8a9080f,1156120000,1,m.jia.com/*
50aefe0f853315fab7551c40e44fc918,1156120000,1,m.jia.com/*
50bb447c80e25d61951d5afc3d69d98d,1156120000,9,m.shj.cn/*
50dfb71aa393fce3986f6f913f6adc41,1156120000,2,m.jia.com/*
518866532f1bbdc32464e5172890416b,1156330200,1,m.jia.com/*
518b424d44ba9a95fdc9635bd970e2b6,1156120000,1,m.jia.com/*
5225a6a4faba2a0595476ac67ce2a5c2,1156120000,1,m.zhuangyi.com/*
5274f749b7d8df3187a551d7c2a065cd,1156120000,1,m.jia.com/*
5328f5f597a13da78127a77042a09306,1156120000,1,m.jia.com/*
535111d04c70aff9aaa71ea18218f36b,1156371600,1,m.zx123.cn/*
5380eef4c87501a86a4d051337c2a9d2,1156130800,1,m.shj.cn/*
541e7365e991b4b184329d8aa8b21040,1156120000,4,m.jia.com/*
54278cd066aeb150672eba03c19d5ec0,1156120000,2,m.jia.com/*
553ff01a8fe29264ae06a2e1e295f339,1156120000,1,m.jia.com/*
5574b5517206e67393f6c40c0c72d7eb,1156120000,18,m.jia.com/*
559f4fb94e0758a34cf4cc92718c3a14,1156120000,4,m.zhuangyi.com/*
55a510eb080badfa1df56fcf73634816,1156120000,2,m.jia.com/*
55cf2898b3dfbbb702101b8b55cdb8a2,1156120000,1,m.jia.com/*
56610a07aa4781a8e37ab9277a9a5eb3,1156120000,7,m.meilele.com/*
56d9370bdb9a73a3e980968cd27339fd,1156120000,7,m.jia.com/*
57edac12647aa9d58519225103ffb69f,1156120000,2,m.shj.cn/*
58be5b3ba31f2ad797b558183c9d8740,1156120000,3,m.jia.com/*
58e31cd7cc491788c8cef4f66776f384,1156120000,7,m.jia.com/*
59088b0bd726066ff8254a252ebf04e9,1156120000,2,m.jia.com/*
59c0a05e87f0d2cfe55707a926decce0,1156341500,7,m.jia.com/*
59d963559ed59a464dc1e3a3204c324b,1156120000,8,m.jia.com/*
5a094289f54ff8bcbc70b97a7887c1f9,1156120000,23,m.meilele.com/*
5a0e567e80e4073d8e3e43dbc0083db8,1156120000,4,m.zx123.cn/*
5a16bf9e1f8621eb63f1030fcd68b63a,1156120000,2,m.jia.com/*
5a1df6dafa9b69fae785ae1eb452b44b,1156110000,6,m.jia.com/*
5aab86b4d34c176a49722bb257607168,1156120000,1,m.to8to.com/*
5b0026fa3a109e2a4963eb9ad5472fe8,1156120000,1,m.jia.com/*
5b33e4449a73f6c68b0e2e9a3c964ba3,1156341200,2,m.jia.com/*
5c31d9e9443232bb686cb892f0a62862,1156120000,1,m.zhuangyi.com/*
5c68652d79c4b2d0bff250eba1ffab97,1156120000,4,m.jia.com/*
5c68652d79c4b2d0bff250eba1ffab97,1156120000,3,m.zhuangyi.com/*
5cbd5659d33f20c906d29ee081a81794,1156120000,2,m.jia.com/*
5cf73bf54937e2f13a31566634bc74f0,1156120000,13,m.meilele.com/*
5dd7edcf2b50d0b432abc461e9b97c3f,1156340200,4,m.jia.com/*
5e35bd748b2f440c4329bc225cd92493,1156120000,22,m.jia.com/*
5e4a44b565588c8a6acf4636037be833,1156120000,6,m.meilele.com/*
5e9122f9e899e610bbc9d4e5eaedb9cf,1156120000,1,m.zx123.cn/*
5ea42ac4553330be1111af1719ed6cd4,1156120000,3,m.jia.com/*
5eee548e7d241eed90b61d8f40b717aa,1156120000,2,m.jia.com/*
5ff3fabae81477b8f75e22cdde6ea7ed,1156120000,1,m.jia.com/*
6011e5209b41b99f0f9a63d1e8819584,1156150200,4,m.zhuangyi.com/*
608a963a77c80de2e631014f8332894c,1156130800,5,m.jia.com/*
612f57748a67fda9d7cef881a6c8dd00,1156120000,23,m.jia.com/*
614d89a5f874b7c3caa4422f86dc416f,1156120000,27,m.meilele.com/*
631d9c9f2c5ffdd8a8086355c79711d2,1156440100,2,m.jia.com/*
6426d37d4cf69cb8f3207cc90a38ea01,1156130700,4,m.jia.com/*
6670c8dd1e372bc4d57cbaf07ab2d145,1156120000,1,m.jia.com/*
66ead0702fe41830083b3ddaa6a03ebb,1156120000,1,m.jia.com/*
66f75fa2c52c78772afddd964ee5d437,1156120000,1,m.jia.com/*
671dae76f78661507bc81239a123ab14,1156120000,1,m.zx123.cn/*
6785f234474adf6d2326fd2f4c33669b,1156120000,34,m.shj.cn/*
6852fa3bdd87271685c3659b5739a48b,1156610100,3,m.jia.com/*
687f0ac03a88e21baa6379cf936a1cf6,1156120000,1,m.shj.cn/*
69bc483e6c2d729b741acd5e6d7aa389,1156120000,6,m.jia.com/*
69d3d7c0c37e5928312e688b7fdfb531,1156120000,2,m.jia.com/*
69fe3566e5978e648628f2098293fbef,1156341300,12,m.meilele.com/*
6a0484652db67ecdca8a896fe21efaec,1156120000,21,m.meilele.com/*
6a0971d7db7a98edcc0de807ea5fb5b2,1156120000,1,m.ikongjian.com/*
6a9a81ab2512e634b036a5da3b47ef9c,1156120000,2,m.jia.com/*
6acbf92f211eb5c9d5b8cb218d240ced,1156120000,193,m.ikongjian.com/*
6aecc7ca742a829237399efdca4f1adb,1156120000,3,m.jia.com/*
6b390d2092776d805a904abf9c57cc0a,1156441300,3,m.shj.cn/*
6b3a7ec2b6966814b59def7e22127a47,1156340100,5,m.jia.com/*
6b8a4354e891b3e9d2d7225c98bed55b,1156120000,16,m.meilele.com/*
6bc61b795403f93029aecc9d8f2759bd,1156120000,15,m.shj.cn/*
6bef0122880443558189e2c563673edb,1156120000,2,m.jia.com/*
6c0145e23d90f0f0a952c6c509081ff9,1156120000,214,m.ikongjian.com/*
6c7115fa2a9a925115aa9244ec9ea48d,1156120000,2,m.jia.com/*
6c9fc615c4a8b01cd5301c4f28f6635a,1156120000,2,m.jia.com/*
6c9fc615c4a8b01cd5301c4f28f6635a,1156120000,2,m.zx123.cn/*
6cd432cef5237daf25435b7b2194bec7,1156120000,1,m.jia.com/*
6d0dcecddf06714b2ce801430dab1eab,1156120000,9,m.jia.com/*
6d864b9c9d70ec17726ec5098f19541c,1156120000,22,m.jia.com/*
6df2331f4fd1b0f6808946d78ddcbe80,1156120000,6,m.jia.com/*
6e56e068ec2e1296408df4f3c40ddbce,1156120000,3,m.jia.com/*
6f6c575f2fa0c48c9966b5e05d3d24e4,1156120000,8,m.meilele.com/*
6ff7829a4cf74a85e23ee151c9d62151,1156120000,4,m.jia.com/*
7011b841d2a7e33cf40e1b1969359564,1156120000,1,m.jia.com/*
701641b802bac289c6d0f7a75ae0000f,1156120000,2,m.jia.com/*
701792c0cc014b7940dd2871d524ab72,1156120000,3,m.jia.com/*
70183ffd703231eb1b986ac8961f2ad3,1156120000,1,m.zx123.cn/*
7046b4a133ba0e84335cc820f65639b7,1156120000,4,m.jia.com/*
7049eb7c8ff996c8df6399884eb144d5,1156130100,1,m.jia.com/*
70a398795822127c38254eca0f7337b3,1156120000,1,m.to8to.com/*
71c391932668a3cbc0ae76b0e241688f,1156130900,1,m.jia.com/*
72106c2475950d95dc4da3bb292bbe3e,1156120000,2,m.jia.com/*
7210ba75b973e52fcf453ebb9fc63170,1156120000,7,m.jia.com/*
72fbbe5adc519cf1589b5a2cbb1108a7,1156120000,37,m.jia.com/*
73a8e32e101f0436771d5a813ad61495,1156120000,2,m.jia.com/*
7465a5de757ef48d71b4617daae3ddbb,1156450500,2,m.jia.com/*
74fb182f563429024d9e967381a1d118,1156120000,27,m.ikongjian.com/*
76d80492aedd5d9eabcedb4924ed869c,1156120000,6,m.jia.com/*
77e38e9a9267debe1a9367b924795cc6,1156120000,3,m.shj.cn/*
787d2444b03f6a40bd8d56bab144d4c5,1156120000,1,m.jia.com/*
78951412b8c8bbb81d9fd2a7fb63f82d,1156120000,1,m.jia.com/*
78c24484587bc436ffad24ada9b9869c,1156131000,2,m.jia.com/*
78c24484587bc436ffad24ada9b9869c,1156131000,3,m.shj.cn/*
79523020de5a8bf567e85b2a7cec8a10,1156360400,6,m.jia.com/*
7a0537be2e4cf37f604f31ae72675a9f,1156120000,1,m.zhuangyi.com/*
7a676065fd42f520ea072960e9b295c1,1156120000,2,m.jia.com/*
7b04a3febcdd1012caa8920483e42720,1156120000,10,m.zhuangyi.com/*
7b699a9ac5d207fdc4bd013740a7ff12,1156230100,15,m.jia.com/*
7b71609f8146537e846e10054f0d6e9b,1156440100,3,m.jia.com/*
7c425c1cdf53010e16cfa5cf598381a2,1156120000,1,m.to8to.com/*
7cb4f7d1a0f071fda3ed2ddd20ada1c7,1156120000,1,m.to8to.com/*
7cff93ec647f9043cfdfd9f47e42974e,1156120000,2,m.jia.com/*
7d060ffe4b7a6fa6f4650d4765ff85b9,1156120000,3,m.jia.com/*
7d4fc63dbced06e8cc8ff4c23d2ae674,1156120000,2,m.zx123.cn/*
7d5eefda31858632c46bd2e6e412421a,1156110000,7,m.jia.com/*
7de99cc92dd47c2d82992f13f5c499ba,1156120000,63,m.ikongjian.com/*
7f253985020565c348db672bb590794f,1156120000,5,m.jia.com/*
7f2be6c85578c1aa4486249f20823581,1156120000,1,m.meilele.com/*
7fad05e37598593559ce0395f2aa471d,1156110000,10,m.jia.com/*
7fc34b6368e7c500e5a3fff73a85a6d5,1156120000,1,m.jia.com/*
7fe125f2165244a7e81f3194426e4140,1156120000,3,m.jia.com/*
802da434e6f679152085ec7f91fc556d,1156120000,9,m.jia.com/*
803d50f2aa88c7f976510dda12600f08,1156120000,122,m.ikongjian.com/*
8067a0a379b645bb0e91595b7b8c4124,1156110000,1,m.jia.com/*
80bb4da94cac6f5426262bfcd4243378,1156120000,11,m.jia.com/*
812afaa1ef2bb91529729aacdd782b3e,1156120000,3,m.ikongjian.com/*
816b8029411c38f7c19b6fa1e119a07f,1156110000,12,m.jia.com/*
81a5a033e3546c4fa8c3defc0fc78086,1156110000,54,m.jia.com/*
81cad338e51d28d79c5bf91c1c094e1a,1156120000,1,m.jia.com/*
824e90385aee02cdbab6aa7cbe2e103b,1156120000,1,m.zhuangyi.com/*
8253ad0403a44b2e68a9a6c9aa3ae87a,1156120000,3,m.jia.com/*
825a9d6b230fc5644b704df0307ee7e1,1156120000,3,m.jia.com/*
839965768891c41c9823637708501606,1156150500,7,m.jia.com/*
83a5d97d851849b092d50aace79ffd6e,1156110000,47,m.ikongjian.com/*
83abead635091b271576830dd28fc0d8,1156120000,8,m.jia.com/*
83e3a334cbe91b41de288dbc4f13dff7,1156120000,5,m.jia.com/*
84cbde8b15ea5d7142479c0eb40e5068,1156120000,37,m.zx123.cn/*
85af4655a3fe7a859ed07358d6fc4df4,1156120000,1,m.to8to.com/*
85bdbc6b70cbbad7e1d28c71b2a7d051,1156120000,5,m.jia.com/*
85bdbc6b70cbbad7e1d28c71b2a7d051,1156120000,1,m.zx123.cn/*
85fdfb227684af92f90f5eb0b3a5f567,1156120000,2,m.jia.com/*
865cd0f8b08f3b48833088fb0f500335,1156120000,5,m.jia.com/*
865cd0f8b08f3b48833088fb0f500335,1156120000,2,m.to8to.com/*
87ab140f821cfe3e9cd0329c7aa2ec2a,1156120000,3,m.jia.com/*
8832cfde60edecfe058dc735c2b2df93,1156120000,1,m.to8to.com/*
883bf70d3e364df58f245faabfb87d4d,1156120000,5,m.jia.com/*
884e28763376f69da40ccf6588be5282,1156120000,1,m.jia.com/*
888fa0b76e565f2851245741188122ee,1156120000,1,m.jia.com/*
896669fa3abb9b1d02760ff8ec9d089c,1156120000,3,m.jia.com/*
89c671b73d7de3a556502eaed73e4c7a,1156120000,1,m.ikongjian.com/*
89f774e5d2b176f7bb89e9d57debc3c4,1156321000,2,m.jia.com/*
8b5760e7ddd618659f3495ad460eac12,1156120000,3,m.jia.com/*
8b6e5054967f702d64b0fa296fc83087,1156120000,14,m.meilele.com/*
8bfa846b89a07c718e9141594676f271,1156120000,6,m.jia.com/*
8c8871386ab91b865852c256aef493c4,1156120000,1,m.jia.com/*
8d1f3e70c4d4c48a67067e1ef90d1053,1156360200,4,m.jia.com/*
8da6f66302b9f95229dcdc6f8841645d,1156320100,2,m.to8to.com/*
8dd459a4211d1af672234dd237e69cd0,1156120000,1,m.jia.com/*
8e7118bf9e22505ad3b28c9851d5bf3b,1156120000,4,m.jia.com/*
8f0b7a4f82b6fbe5e710f2db0262cf14,1156120000,1,m.jia.com/*
8f2b0a9ed88b3000da415b785a7776d0,1156120000,1,m.ikongjian.com/*
8fa1cfb54231d4789cc3d95a41282925,1156500000,14,m.jia.com/*
90491c79fc70854a76f769a97e1bc909,1156210100,3,m.jia.com/*
90ed399186041199221a9605a013fbcb,1156120000,1,m.jia.com/*
914b9165c09ac46448ce3bb7e40fd3b8,1156120000,7,m.jia.com/*
926320eb6833d5bec1b8772ee1f16673,1156440100,1,m.zhuangyi.com/*
92bb38ccb70a205117af11587042b7e5,1156120000,4,m.jia.com/*
92cea55205543b1e4359cb3bc0a92a5f,1156120000,1,m.jia.com/*
92fd18d3cf1437294384aa09f119aa52,1156131000,3,m.jia.com/*
93931f3d771d6d569d5697f16ca57462,1156120000,14,m.zx123.cn/*
93ab235bd4975be0ab238017ce67c1e8,1156120000,7,m.jia.com/*
93e7c82b1d2b8d281c4741a5ae4bde07,1156120000,1,m.zx123.cn/*
9462da68a040ee388d70d9de62616442,1156131100,25,m.meilele.com/*
94b8c20577136ba4cd8f5c1bbda601df,1156110000,1,m.jia.com/*
95411ba5658996138ed6fcbb17b0150d,1156120000,1,m.to8to.com/*
95f1bae94b8bcb0f90ee6b9eae09b392,1156120000,8,m.jia.com/*
96198dc4da937e821becc4fb87e8e1ff,1156120000,4,m.jia.com/*
97b1ce4cb8b8518985fd619d9f31f590,1156120000,3,m.jia.com/*
97b1ce4cb8b8518985fd619d9f31f590,1156120000,4,m.shj.cn/*
981c21800e1db7ca0bb99916bfe8d4ab,1156120000,18,m.meilele.com/*
981dddffd6ab26b5f60d95d7aa4e5ef3,1156120000,8,m.jia.com/*
987f4ea2c2dc4e1c903042d28b1a763a,1156120000,1,m.jia.com/*
98c1c3519bf9e2e5cd749f4cada52051,1156110000,2,m.jia.com/*
98c657ba4ee8afea69bb919f42dbef55,1156120000,3,m.to8to.com/*
997a732f85c78e7ba49bfd134eeb1e5f,1156150700,2,m.to8to.com/*
99f1aa618c954d62b43fbb59bd2b19a8,1156510100,1,m.jia.com/*
9a1c38999dd55bc1e65f02aacc0760f0,1156120000,2,m.jia.com/*
9b3205861646ae0d62aa3c090268b3ae,1156120000,9,m.jia.com/*
9b6ca9ee013ca2064579d01ef9d945d9,1156120000,1,m.jia.com/*
9bf07f5f7a62ff498e0bbd05abcfaeab,1156120000,11,m.jia.com/*
9bfd7db9b9398e4ac96e4a3b1ca3874f,1156120000,11,m.jia.com/*
9c4bad16251b7dbb52c444136aa6fba5,1156120000,1,m.jia.com/*
9c90debf988d323f163ad14013a16bff,1156120000,10,m.jia.com/*
9d56b7dfd7cf0c4683966a53a7b690bb,1156120000,4,m.jia.com/*
9e240499cb423f30bd59ca6a7d986583,1156120000,1,m.jia.com/*
9e4331f21a91fab566cc8e97da886b4d,1156120000,5,m.jia.com/*
9e681bb3fd747a92805a0daf6f18c659,1156120000,10,m.jia.com/*
9e966954412667a002824456805e0279,1156120000,9,m.meilele.com/*
9f4d04df045e13fa53270ff93794b7d3,1156120000,3,m.jia.com/*
9f87607fb4e4428b57b510482d465aed,1156120000,4,m.jia.com/*
9f8adfab3cd96cfbab66d219b892d534,1156120000,1,m.jia.com/*
a00257225f0846829e7ce86f3b55a100,1156120000,1,m.to8to.com/*
a04b5e535450a649aa6c304498e34cb6,1156120000,1,m.to8to.com/*
a08ded47b0cb4234ff1c2e23d369da77,1156120000,2,m.jia.com/*
a0927263b07b1ca712c9a8455d41f672,1156330100,4,m.jia.com/*
a12005fab30e055e01ea26bdd810f0ab,1156120000,4,m.jia.com/*
a12e2f6dd41df80c2320660996a47fec,1156150700,5,m.shj.cn/*
a17c856e430fb732966d951e18a46eda,1156120000,2,m.jia.com/*
a19909d65f09d3a2f5a245742747a833,1156120000,72,m.jia.com/*
a1d25dd2c01d9b609d0f64475f1dbccf,1156120000,9,m.shj.cn/*
a2293bc633625c217f954a1f573094cc,1156120000,1,m.meilele.com/*
a357fd497948f20fbcb49643bb128a8f,1156120000,3,m.jia.com/*
a38c1d7430a208730f990dbab10d0970,1156110000,2,m.jia.com/*
a522a0f8627a8629a3bf9ab230da9d0c,1156120000,12,m.zhuangyi.com/*
a5d5aece2bf8bf5065f4d4178f162f0b,1156120000,1,m.jia.com/*
a706c1ead820e0b958b66c8b66a4d929,1156120000,2,m.jia.com/*
a7264e732f39a94078f02ca95027398c,1156120000,1,m.to8to.com/*
a7d5e38b74c0486cf453fdcf99c5f270,1156120000,3,m.jia.com/*
a828f830bb12cb23d446ede41081cac7,1156120000,15,m.meilele.com/*
a8460b7c56885c6887db8f89580626aa,1156120000,1,m.jia.com/*
a869d75aeb525be3ac6b2e41df49d346,1156120000,5,m.shj.cn/*
a8b98975becbdf8b61528592029912ae,1156120000,1,m.ikongjian.com/*
a8e0b65878bc7b80894a2e9cb5ab9f83,1156120000,2,m.jia.com/*
a9848a3f128de670c7923ad9589008fa,1156220100,7,m.jia.com/*
aa2399a9181e685b946f6f85f3017e77,1156110000,1,m.jia.com/*
ab34a0cbe8b834125a7fd6db42674564,1156120000,1,m.jia.com/*
ab66c347552457095a75163b2ec85a83,1156410500,2,m.jia.com/*
abf1d658f26b804b9dfd1e9ba51b7ae0,1156120000,6,m.jia.com/*
ac9dff787aa50693c90194f140daaafe,1156120000,2,m.jia.com/*
aceb0e2ffac60c9dee14978316e9a34e,1156120000,1,m.to8to.com/*
ad0973421675c4134325a9415442c0f8,1156340100,2,m.jia.com/*
ad0973421675c4134325a9415442c0f8,1156340100,4,m.zx123.cn/*
ad30916bd51047b6eefff461d87caf99,1156120000,18,m.meilele.com/*
ada994557ca710606b6509d5e906fbb2,1156120000,1,m.to8to.com/*
add4613fdb12c87fb098561be58c0630,1156130400,2,m.shj.cn/*
ae3b6c834096a81e681ca671f6867085,1156120000,4,m.jia.com/*
ae5716d6e690f121d8ed6dafe07ec2d8,1156120000,3,m.jia.com/*
ae88495836ff8161ef516ad45cdcda6b,1156130200,20,m.jia.com/*
ae88495836ff8161ef516ad45cdcda6b,1156130200,1,m.fang.com/jiaju/*
aeae92428ca124b95737248dd8e32e74,1156410900,2,m.jia.com/*
afc88e3e5928c3bdf6db68ffd1d09709,1156120000,3,m.jia.com/*
b12c99c9d149b9742b5d0fd71d46139e,1156120000,1,m.ikongjian.com/*
b1769dc4d0e92d15868840d7bdcbeb9a,1156110000,10,m.jia.com/*
b1cb50171e6196e1010f271664d9bfd9,1156120000,3,m.jia.com/*
b256f563f22f2eff9bb519e59fd1f360,1156120000,4,m.jia.com/*
b25a4f94b8ce191af014b50e5c0d4ee7,1156120000,4,m.jia.com/*
b29a485407e68e7a6e48f6a07465d762,1156120000,7,m.jia.com/*
b2d389a10a27ad8bcdbf6bccc7a3074c,1156120000,3,m.jia.com/*
b2dab01b0b48f64e6b291b8643134949,1156130200,3,m.jia.com/*
b356005c847f77efc7b8f739eb2ab445,1156120000,3,m.jia.com/*
b3968087b53f3b7b8c8b7a2e0d5d0b38,1156120000,5,m.jia.com/*
b3d197626ba31b93aee09e6131e2c81f,1156340500,7,m.jia.com/*
b44ca96bba6bf1800cd43223bfcc9646,1156330800,1,m.jia.com/*
b4a8f2a4c032019729381b75ad95eb1a,1156120000,1,m.ikongjian.com/*
b4ebb475e56ef2ec312882b32ce50232,1156120000,1,m.jia.com/*
b54059e136ea12a29aad869136779975,1156120000,4,m.jia.com/*
b5dab02f13aa789574f9ba026e2e5bf1,1156120000,3,m.jia.com/*
b717d5f5f50e3c52d0e6dfd2b9be986d,1156120000,4,m.jia.com/*
b744cc37880df888fde6bff04429e241,1156120000,1,m.jia.com/*
b7704afd2a95a98a83a20e9e4b461dd0,1156120000,2,m.jia.com/*
b808ae99144c7e45bb4931be56e1808e,1156120000,11,m.jia.com/*
b8d199d30d9b8144c3e81aecb9c53fb4,1156120000,4,m.jia.com/*
ba6dc26ade8bc0c57ae1aa9ae0a453c6,1156120000,1,m.jia.com/*
bab6250bedb2cb645c0581a71937182a,1156120000,7,m.jia.com/*
bae24c44988fb6e331e6abb90fad4634,1156120000,3,m.jia.com/*
bb25c27789e445493c8f2e904b50b850,1156120000,18,m.meilele.com/*
bb5827dc93670aae41864888d276acef,1156430300,5,m.jia.com/*
bbeac08f47bcbfc5bd268a638b4501ef,1156120000,3,m.jia.com/*
bbedbbdeaab45d2bb33df8154d2273f2,1156130900,4,m.jia.com/*
bc919a88d4d3fb68bc10d9cc45dd1c25,1156120000,18,m.jia.com/*
bd0b99391c7a41bf479e8c001fbb4145,1156120000,1,m.ikongjian.com/*
bd0d129c09b4194a7ef606165c62391e,1156610300,4,m.jia.com/*
bd79c5a713591d221e83d071c32e4209,1156410300,13,m.jia.com/*
bdbaf53afe566b785174ac49d7e4d359,1156371300,2,m.jia.com/*
bdcb7f24aa48f890765e0f757d706386,1156420100,2,m.jia.com/*
be42a5bf9995e0e63a087dc3a4b59cd4,1156120000,4,m.jia.com/*
be76f4c39ca18977424a3585ebbd0690,1156131000,1,m.meilele.com/*
bf459ddd125fe396ac3e2eb7bdd4cf2b,1156120000,21,m.jia.com/*
bf89b719f46b4f39c4d7e13dfe91a33b,1156120000,3,m.jia.com/*
bf8f5ae46bd9ed1fb7d94c227481614a,1156130200,1,m.jia.com/*
bfaf2a311abfa90838cc8b43d16e94ee,1156120000,1,m.jia.com/*
c037d63be2cabcc2eea9581d01e117a5,1156120000,3,m.shj.cn/*
c07e2ec7c702449398dd32086b515f8b,1156110000,25,m.jia.com/*
c07e2ec7c702449398dd32086b515f8b,1156110000,6,m.zx123.cn/*
c0e837ca82af35aa09b3ba5fd72acc57,1156120000,54,m.ikongjian.com/*
c14b27c6febfa789fde00c061f79333c,1156340700,16,m.meilele.com/*
c18ac6560ed6c42fa0a40347165dcdc8,1156120000,1,m.to8to.com/*
c1e604fd40b13c1eb34463c5bf54fcdc,1156130100,1,m.jia.com/*
c1e604fd40b13c1eb34463c5bf54fcdc,1156130100,1,m.to8to.com/*
c1e8c6e6fa365ea59edd11b9605ace7a,1156120000,10,m.zx123.cn/*
c24f6b17f493044fd4d570c31e61802e,1156330500,1,m.shj.cn/*
c323e0384aaa72b47c39776203ee4fcd,1156120000,4,m.jia.com/*
c5883fe8d66e236ee3f2563b1bc24e98,1156120000,1,m.jia.com/*
c5e68d725763a015b18af6dfc0618bca,1156230100,37,m.meilele.com/*
c68740c5abe8c075e4946a25ea128f9c,1156371500,1,m.jia.com/*
c68eeb7d6a6538f16ec5ddaa4c27ec20,1156130200,34,m.meilele.com/*
c68f321baca4decebce4523a0476d2f2,1156120000,2,m.shj.cn/*
c6b10c83db43b8c4090c9ea1f1d7e619,1156654000,1,m.meilele.com/*
c6c89d3398953f67eab4318bd37366b8,1156150200,5,m.jia.com/*
c7e6bba037a4720fd6b44edbebd9f5c1,1156120000,1,m.jia.com/*
c875bdc6b44c3f43a8419fa2da965aa0,1156120000,3,m.jia.com/*
c91948b5dc52543b3039726e0858b150,1156500000,10,m.jia.com/*
c95a120a2f49790efa71606c545becc5,1156320100,1,m.jia.com/*
c9764550f2d0de0d00512fcaef7ac407,1156120000,1,m.zx123.cn/*
c9af62f968626c1493ec0bb5a0bf888b,1156120000,8,m.jia.com/*
ca63957b389c9969ccdd7b3bbe91ba6b,1156130500,12,m.jia.com/*
ca74b4b22e660dba5ef12df3e7a588a7,1156220400,1,m.jia.com/*
cbe691848c0528cb98bd372fe3407cb9,1156120000,3,m.jia.com/*
cbefec5dd029f5c714b47a876523a9fd,1156120000,9,m.jia.com/*
cc53475d128eb5b1539181650a5bffc8,1156330300,2,m.to8to.com/*
cc5c8807018d877374e2b69fd09c4902,1156330300,1,m.to8to.com/*
cd04d5d2373ecfffda59eba4bf2e7f1e,1156120000,3,m.jia.com/*
ce1dd3bade9476badf02a3c9a2d126c2,1156120000,1,m.jia.com/*
cf363ecb163bdcbed54d4851c67bd358,1156120000,3,m.jia.com/*
cf9142f27ce56efa38fac109151c2200,1156120000,3,m.jia.com/*
cfada0f2581b0884084d602ee0c12b94,1156120000,1,m.jia.com/*
d002ff3c641064dd26302ad5c770f109,1156120000,2,m.jia.com/*
d04797b29cddd4052404a1c7bd4c6a62,1156120000,1,m.meilele.com/*
d1396c156ba8f44a93d1e3db0e797c4c,1156411700,7,m.jia.com/*
d144c0d87e7b53486551d262b5d0ed41,1156120000,3,m.jia.com/*
d15b51b749443f643bed6d299868cfad,1156120000,16,m.meilele.com/*
d3e2dfe8afb7be3dde5c9a2dc7b1637c,1156120000,1,m.zx123.cn/*
d4855f3abd4bb0ef6e26e6f44ff7f927,1156330100,5,m.jia.com/*
d48c415c3a58ae9525c838f1ab29ac39,1156131000,8,m.jia.com/*
d4dcbf1865756a4e23e7730ce19327b2,1156120000,5,m.jia.com/*
d4f926d73b2b6987936835e531ffd219,1156120000,41,m.meilele.com/*
d5118e1aa8076d251f293331d9bf4fc3,1156120000,4,m.shj.cn/*
d55c3aadd1ff9bf2f71201cebd30b182,1156120000,1,m.to8to.com/*
d7dc2c471ba01f891bf0c86c84163bb2,1156110000,17,m.zhuangyi.com/*
d8164f80e34e5ac5f920671bac42abc1,1156120000,1,m.jia.com/*
da1924d6a1a7aa9198cbb2beef673cda,1156120000,13,m.jia.com/*
da6bda10a82308ebae006f48fb769956,1156120000,10,m.meilele.com/*
dab541845ea0129f2335deceb3b8a3fb,1156110000,7,m.jia.com/*
dae2984fdd4f4318a77f8b3f6fdcc017,1156320500,2,m.meilele.com/*
dbafa1b2c16946ab497318b740b957ed,1156120000,1,m.jia.com/*
dc3233f483b03b73d64aa8da565d67fc,1156120000,1,m.jia.com/*
dc7911942c4dfd967d8e6c5d012d4a99,1156110000,1,m.to8to.com/*
dd75d910845ea87266c4faead40dd51d,1156120000,2,m.zx123.cn/*
ddc40e5a79d223f37e053e680efe7aaa,1156120000,1,m.jia.com/*
ddd68422a977e385ed25df79e0a13254,1156120000,1,m.jia.com/*
de06dd737de7bd5f981181fe91fe5cd8,1156120000,1,m.jia.com/*
de2188f4d03c6a471a60b1612b54144d,1156120000,2,m.jia.com/*
ded62765fc47ff126fe5023716c5435d,1156120000,9,m.jia.com/*
df4a447c7889b87936a4c0804dcaf75b,1156130900,4,m.jia.com/*
e023b1c47fe7d39f9b505fe1d1b1470f,1156130200,1,m.meilele.com/*
e0a630ac9fff2e55f31ea99a02cc39e5,1156321100,20,m.meilele.com/*
e0a630ac9fff2e55f31ea99a02cc39e5,1156321100,18,m.jia.com/*
e0c4fb927a9d8cf1625996704238146f,1156120000,6,m.jia.com/*
e0f39bd2074f4d2dc049da71665a9254,1156120000,6,m.jia.com/*
e149615e78967cd5cbb7ddf9d8e38130,1156130500,1,m.jia.com/*
e2cd66f2c07af0c8b221a5470081db8f,1156131000,2,m.jia.com/*
e3141467252c069e5a1513e1ca9e1902,1156120000,15,m.jia.com/*
e35e6506dc52f92cfc5a9272c4c214a7,1156120000,2,m.jia.com/*
e395ab816ca1059fe3b74bad1377a75f,1156120000,3,m.jia.com/*
e4da8e81677bce767ea67a3e569cf09c,1156120000,1,m.jia.com/*
e57f7b36a68fcfcb059acd234331042b,1156120000,1,m.jia.com/*
e58938430c628b394f7e1c574dec2f62,1156341200,9,m.jia.com/*
e59ffd3bd9fe15c196de20e7238e194c,1156120000,4,m.jia.com/*
e59ffd3bd9fe15c196de20e7238e194c,1156120000,5,m.zx123.cn/*
e5f9526f672719d76dd3350637a000e6,1156120000,9,m.jia.com/*
e707d27423e403f1f9e85637a6a54ff9,1156120000,54,m.meilele.com/*
e743a6e438259ba7af5fbd9429f9a6c5,1156120000,1,m.zx123.cn/*
e79a4e1f0ffaef2ce9dcad249b19727f,1156120000,1,m.zx123.cn/*
e862f665b561b49d1d9f940eb749abd7,1156120000,3,m.jia.com/*
e8b2548de119cd4546c6d842bc4c859e,1156120000,3,m.jia.com/*
e9b8cea7fc2fd1aaf4df8375c0328686,1156120000,2,m.zx123.cn/*
ea2bd30b090a7dd6dec48825534f0513,1156120000,3,m.zx123.cn/*
ea78dfb317472223983045b2e2ef2c67,1156120000,1,m.jia.com/*
ea93b473eb0156d03b7f096a895472ff,1156120000,4,m.jia.com/*
eb423e42060bd91b12a67ffb94aee34a,1156120000,1,m.zx123.cn/*
eb5a23eeae009d30f8d4fb1b35ebd1e4,1156120000,4,m.meilele.com/*
ec82d91519a2acd0e833a910d79a22b2,1156120000,8,m.jia.com/*
ecaa7053b9ab49f1e4d32b3d573e67d2,1156120000,6,m.jia.com/*
ed25dd53c32e505c9523f0a4031b171f,1156120000,1,m.shj.cn/*
ee0b87a79815df734e87fd29ed3472a9,1156130200,8,m.zx123.cn/*
eec490cf0e232ec825691202308d8f08,1156120000,1,m.jia.com/*
eeeeb3fa03123773d66199057f85dd13,1156120000,65,m.ikongjian.com/*
ef13ed78118c55eb87b351b287916fb7,1156120000,1,m.zx123.cn/*
ef280b7d6521dca24fba33b0c191958d,1156120000,19,m.meilele.com/*
efe0ca3409265b25e93e14bd8f4e49b5,1156120000,1,m.jia.com/*
f0fdacdb6b2e25ea5e75cb1af501df96,1156110000,80,m.jia.com/*
f16375863b59ef9e0d9e14029d705db0,1156120000,5,m.jia.com/*
f1fc0585eddd0693dbc17209f15183f8,1156120000,13,m.jia.com/*
f261f4447d08c87d96bc918d7d204411,1156120000,2,m.jia.com/*
f3478ef007d5c654b5327837bacd0e6d,1156120000,1,m.zx123.cn/*
f39e0cb87bd373ee6a99d0dcb7f7baa7,1156120000,3,m.jia.com/*
f39e0cb87bd373ee6a99d0dcb7f7baa7,1156120000,2,m.zhuangyi.com/*
f57ba4d5ae15dd437fdec5fa69bf4a0d,1156120000,3,m.shj.cn/*
f5e87122df5c46f6a0bf861ad08ca9f8,1156210200,4,m.jia.com/*
f64020b5d16e5ded449edf1a4400acf8,1156120000,6,m.jia.com/*
f6462e6059c149e5415dc695d2bcf163,1156120000,13,m.jia.com/*
f70a9d112f87dfad67284ac85bc1095f,1156120000,4,m.jia.com/*
f780e81e42a696fea405ceadebb37323,1156120000,1,m.to8to.com/*
f7f3c3e6975b1cf0b6218b1b321fad19,1156120000,11,m.jia.com/*
f81d680ae242b346da7c63e6c1b913ad,1156411500,22,m.jia.com/*
f9abc60f1d239e607eeb3ae0ade669a0,1156120000,2,m.jia.com/*
fa26e993ff576dc2ae0db7030051373d,1156120000,10,m.jia.com/*
fa6c3972a2d1dbefdb4a27528fe8deee,1156120000,1,m.jia.com/*
fa7df2a4606d52965b8acdfd92d19dbb,1156110000,4,m.jia.com/*
fabce59aed03d0f8d23ba1fe024fd080,1156120000,7,m.jia.com/*
fb03f1d9b7b555dad44da061460213d6,1156120000,1,m.zhuangyi.com/*
fb98906d576054add96e280c29d9ccf6,1156120000,2,m.jia.com/*
fbb55fb36b6b83f9594eb46335452fa9,1156120000,2,m.jia.com/*
fbe886801d52683bb9e0195ac9e60e63,1156120000,11,m.jia.com/*
fc23c50e7cdd7196bc69ee351aa6f872,1156120000,6,m.jia.com/*
fc452ae072e7c6ee5c147b8106c592cf,1156120000,1,m.jia.com/*
fc6e3f266d4effed3a1849c79e7c0f28,1156120000,3,m.jia.com/*
fc8c808bda9006b86c7a54194e95254f,1156620500,7,m.jia.com/*
fd095ddbc5cb5c9516c963b9ba3f9b3a,1156120000,1,m.jia.com/*
fd9e457022294383951205bdcc052a1c,1156120000,1,m.shj.cn/*
fdec9eb43fa3f82d65c29f27913e0333,1156140400,10,m.jia.com/*
fdec9eb43fa3f82d65c29f27913e0333,1156140400,2,m.zx123.cn/*
fe136dc2665b6b11bc478a8db9f308ae,1156120000,2,m.zx123.cn/*
fe4216475cf03af6ebb48319b6ae4fd2,1156120000,1,m.jia.com/*
fefadfd47ea2a2a12e4e379536fa1a8e,1156110000,4,m.jia.com/*
ff397d60b1eeb92b4c1937b680305a80,1156522400,1,m.zhuangyi.com/*
ff437a0b73fdd5210c2e3760a21f3d3f,1156120000,5,m.jia.com/*
ff61c542452945f55a9b38f08b750565,1156120000,3,m.ikongjian.com/*
ff766912dfefb9638df09feb38233f15,1156120000,3,m.jia.com/*
ffc36b9553c179f2d14ed0b88940cf4c,1156120000,1,m.to8to.com/*
ffd746fc297630429b60537169d2a3dd,1156120000,3,m.jia.com/*
ffeb8997ecc0819d97da2f464fd19d59,1156120000,4,m.jia.com/*
