00c5b9ce673455445be9dda939c96d32,1156610100,1,*.yanse123.com/*
00cfb9439ee8dda6f190a2c443144259,1156610100,1,*.yswebportal.cc/*
014b826c12bb6310c78a7242cecf1471,1156610100,1,m.jiuxian.com/*
017d56e438faad241e3e72a7aa991432,1156610100,27,*.yswebportal.cc/*
0181579552669e57f5bac28411d07758,1156610200,1,www.95bd.com/*
01aa72d0c32cd909304eb5d3661e1198,1156610100,1,*.yswebportal.cc/*
0244c3734f6d8a0d30ea0fc4e9e88234,1156610100,1,m.jiuxian.com/*
025409fa9966a8611e4aa178a6b97742,1156610500,15,www.95bd.com/*
0291c82a870c9861cd3cad6a57fbb2e4,1156610600,4,*.yswebportal.cc/*
02db2d327b53ea3c1e8bddf4ec258547,1156610600,1,*.yswebportal.cc/*
033b7a6e0a665f60c57940b04047e408,1156610500,1,m.jiuxian.com/*
03ab6f0947afdac5837e55711433bdeb,1156610400,1,www.ijovo.com/*
049bb1bf91ed452b688002ed8ad004ef,1156610100,21,*.yswebportal.cc/*
04ec952095867c6a7d3f3d1369120341,1156610100,6,*.yswebportal.cc/*
059d32f204aa3f3d48c9bda34d4fb6b3,1156610900,1,*.yswebportal.cc/*
074590f5537b4295a048a42fcfb3c573,1156610900,44,*.yswebportal.cc/*
074bf497a1dfb090867d0d1da00f02cb,1156610400,3,*.yanse123.com/*
0763c6b7a19708a171323f0e0514d61b,1156610600,335,*.yswebportal.cc/*
07f1628c85c9e0c3563f689e9019ddb6,1156610800,4,*.yswebportal.cc/*
088510126f715ee8e5feee0aa56ba555,1156610900,1,m.jiuxian.com/*
08a2cc49dd66176768e408c9ba0de691,1156610700,7,*.yswebportal.cc/*
08b5b11067c06bc329acdeaeedf17d9d,1156610100,1,*.yswebportal.cc/*
093c834005497a1ffb41293b2297413c,1156610900,17,*.yswebportal.cc/*
094e28bb5e2861849770e75d0607c18d,1156610100,1,m.shaojiu.com/m/*
0acece3647bbfb00145af2b3a3869019,1156610700,4,www.gujing.com/*
0ad9d14645c2643c267406f637d45b07,1156610100,26,*.yanse123.com/*
0ae7352ea9c38ef2dfe8d8f766b433d8,1156610500,1,*.zsb12.cn/*
0b596bf9c5e39207c449a6bbc1f11996,1156610700,4,*.zsb12.cn/*
0b80ea8a8c49d57168cb45bc49b64bfb,1156411400,7,*.yswebportal.cc/*
0d019c0bf6ad477a0491274bb687556e,1156610800,2,*.yswebportal.cc/*
0db040cb1233510bbb6107fdd440f4c0,1156610500,1,*.zsb12.cn/*
0dd9f7530e48bc33f84d4f4e786a2c47,1156610100,1,m.jiuxian.com/*
0e98930aaa1181c27408cce11eff6579,1156610100,6,www.95bd.com/*
0ef17b6151b9be7ba0fd30fd4f2a01c8,1156610300,6,*.yanse123.com/*
0f6210ec8dbc6e31eded52af825d84fd,1156610100,1,*.yswebportal.cc/*
0f771907b4b9a7997e32ae6326f013c2,1156610100,4,*.yswebportal.cc/*
0fa79564182bd30e72684d43db699f30,1156610100,2,www.baijw.com/*
0fd7c51dbb24ad45cecca7d3c5539e40,1156610500,1,www.langjiu.cn/*
100d93ed0bdd90aa9ad9e098682776f7,1156130800,7,*.yswebportal.cc/*
101dc80063eec890aa3701105b6070f5,1156361100,4,*.yswebportal.cc/*
104662c41517229812e59a7570df1b85,1156610700,1,m.cnjiuzhi.com/*
107795c0c57ffec0056c0a9edf053375,1156510300,1,*.yanse123.com/*
1216c7e3b1732552ba28fc5e5104b183,1156610100,30,*.yanse123.com/*
134450f1354261a67955baca205545e6,1156610100,1,m.jiuxian.com/*
13b4ed5bfaa6c0fcd57c2b39e448bc22,1156610700,1,m.jiuxian.com/*
13b9fbc75722e6c3b4791f1c7ed7d3b3,1156610900,2,www.jnc.com.cn/cn/pages/*
151c4e2310322d79ee0fe53a36bdb148,1156610100,5,bd.zsyowov.cn/xhc/wap/*
15bc4ecf3de7589024a54a95e7bc2d16,1156610700,2,m.cnjiuzhi.com/*
15e11a7cfa05700efea2403fa527504c,1156610900,1,*.yswebportal.cc/*
15fd4ce9219dba62d4bbc3d21137acd2,1156610800,15,*.yanse123.com/*
167961586ba22822e4af7446fe304a5f,1156610800,36,www.95bd.com/*
1711c2eeb1ae882e9865d78a8c5a12db,1156310000,5,m.maijiuwang.com/*
1753e03da4c4941f9108a6b8ec029a71,1156610400,12,www.zhongjiu.cn/m-wap/*
17ca6eeccb46b0c11e364c6a08a3bcbb,1156610800,1,*.zsb12.cn/*
17d2418b6b9b9fd072bb8b161d51f0ea,1156610500,3,m.shaojiu.com/m/*
17e753c81f058de5f2ecc5c400557f5d,1156610100,1,m.cnjiuzhi.com/*
17eb1a46297074a5b0ec60c165c6c3f8,1156610500,13,m.cnjiuzhi.com/*
180303431552b9e49fc7f4ae1bd3c8f0,1156610200,1,www.95bd.com/*
182bbe2c2775b9ba40ce147593a259c3,1156610100,1,*.zsb12.cn/*
18a812ca329f2c451048913dc01b1486,1156330400,59,*.yswebportal.cc/*
192eccdb426b8a6178f897ce774b5f25,1156610800,4,www.zhongjiu.cn/m-wap/*
19ce9ff5646522ac9ad9d5d0639d7a7d,1156610800,2,*.yswebportal.cc/*
1a4e9c688930896a209e380d2a7a2e6a,1156610300,1,*.yanse123.com/*
1a678673ff1e2f3c16f2cdf0b1927ae6,1156450100,2,m.cnjiuzhi.com/*
1ba8e793342bfba4cd2266bd5cd57135,1156610400,1,*.yswebportal.cc/*
1bf245549a227ef95a48257bb405d284,1156610200,2,m.jiuxian.com/*
1c3d3d14802434b2b5c39e0c55126b20,1156610400,21,*.yanse123.com/*
1cdf4acf8d12e99cfc216fa803f2a98c,1156610800,1,m.jiuxian.com/*
1ce2090c17d54f1fd3f0210c23dfa14d,1156610100,1,m.cnjiuzhi.com/*
1d4d2dcc5f2ea51c48ce2c8970cd691a,1156610100,1,*.yswebportal.cc/*
1d59e35d786ef5b3870d888fd064bf41,1156610900,23,*.yswebportal.cc/*
1d5d9dd28331cb5cae0320791d6625e3,1156610100,1,m.xfjvip.com/*
1f867cc88e077e155121c4a9734eff0e,1156610400,34,*.yswebportal.cc/*
1fcc92c676ab4f9f8e72d381c80da1f9,1156610900,23,*.yswebportal.cc/*
1fe74c17d7b1f96c823457bd3e7b0b94,1156610100,6,*.yswebportal.cc/*
2004078a3d2b4ef2699ea4bb025cb5ce,1156610900,1,*.zsb12.cn/*
206c3a61366269c040845061f607ade8,1156610100,1,m.cnjiuzhi.com/*
20f06e3eb9d42562e5778ef862979d86,1156610100,1,*.yswebportal.cc/*
224cc551b05bde682592d4d02307c87e,1156610300,4,*.yswebportal.cc/*
2255f8bf4fd9b33db9ef7db7349125e6,1156610100,9,*.yswebportal.cc/*
22b50679e168158bd51e431e276445fb,1156610300,1,*.zsb12.cn/*
23249e01328278eb3dda0236c71585ff,1156610100,2,*.zsb12.cn/*
23aa25b49cf231c7d99c3a98167dc30c,1156610900,31,*.yswebportal.cc/*
2585087ac108598fcbcf6168701d6e48,1156610400,1,m.jiuxian.com/*
258ee2505d2df52c178ad1bde4543b60,1156610100,1,m.jiuxian.com/*
262bf9e7c663d44bbfdd607f5bd3bc59,1156610900,1,www.95bd.com/*
263c994bd980efcafe710c43ace87245,1156610800,9,m.cnjiuzhi.com/*
271afb08b446e898f39f378e6d3b103f,1156610500,1,www.langjiu.cn/*
272fec54bba549861e7edead7b6341be,1156610100,1,m.xinxifeng.com/mobile/jiagebiao.asp*
28687085308831fae713ba93b95024eb,1156610800,1,m.jiuxian.com/*
2902b52f84553265364547f9d59b4b3a,1156610500,2,*.zsb12.cn/*
291eb97e1c27c338691dc79a8db5fab5,1156611000,11,m.cnjiuzhi.com/*
29a29bb9377d8bc2d56bac124452baf0,1156610300,1,www.ijovo.com/*
2a51347c424934ea44d7e1c91bbe7f4b,1156610900,2,*.yanse123.com/*
2ab524184ef9a46562363bc3322a03e8,1156610100,1,m.cnjiuzhi.com/*
2b1da9af32167224fc2e41930c0eb409,1156610500,2,m.jiuxian.com/*
2baa44f53613237115be99788bcd09c2,1156610500,1,m.jiuxian.com/*
2dc5184539b36e0dabae6b7025e936a7,1156610100,9,m.cnjiuzhi.com/*
2dc8de29c5e13ba63b6a6b23fc339ca8,1156610600,7,www.95bd.com/*
2f13b98291d1ebdc2d74e6f4e56b6f22,1156610500,1,*.yanse123.com/*
2faf53dc3b49fa1efe77036422010f36,1156610500,39,*.yanse123.com/*
318e95b8cd6e42393f235f20d0915c91,1156610400,1,m.cnjiuzhi.com/*
32c284075b990efe83b8ec2ecaf2ea36,1156610600,19,*.yanse123.com/*
32d5c7027fd21206fb8a450bfa3c2990,1156610400,9,*.yswebportal.cc/*
330738afced1ca9e6f4d78a9def59cb5,1156610100,16,*.yswebportal.cc/*
334a5c2722bb13585aeb8ca5bc1fe8c1,1156611000,1,m.jiuxian.com/*
343690f6126a95d56a97e6a909a29cb6,1156610100,6,*.yanse123.com/*
34b321c97446ecb25fb6cc417230a05e,1156610200,20,*.yanse123.com/*
353f04b94745112b17cb6870e5973a49,1156610600,1,m.jiuxian.com/*
3719f7059e1f71d22ec12f80337a0488,1156610700,33,*.yswebportal.cc/*
3815466d3cda0cab1daa91de8bd653f8,1156610500,3,www.95bd.com/*
383db96ae629caeb1ca7c93e63c534ae,1156610400,1,www.95bd.com/*
389dcb7893610b971c78ac52035d689e,1156610500,30,*.yanse123.com/*
38ad39d03fd004b90e235c8d7359fa8b,1156610100,1,m.jiuxian.com/*
38e82099add398a36fb44c9320de01cf,1156610100,1,www.gujing.com/*
394c30f3338524fb13ce3e1f0a0c5a45,1156610100,1,m.jiuxian.com/*
3964c7a6dafdbc3bd70eccec9afcb841,1156610900,52,*.yswebportal.cc/*
3a0327cd93a8410ccbe441fa1f698d70,1156510100,1,www.langjiu.cn/*
3b606ed86232dc8531d651f62ba74477,1156610300,20,*.yanse123.com/*
3b74f413d23f80e020bc5b6180bac93f,1156610100,2,*.zsb12.cn/*
3ba7dae343871a47e67d4808333ff41a,1156610100,2,*.zsb12.cn/*
3c05ce502061190b2f65cdba46034668,1156460100,21,*.yswebportal.cc/*
3c0f1ef16fde61561c034dd121728d15,1156610700,1,*.yanse123.com/*
3c624523fe4a143ba09e3ac2dbdd203a,1156610900,4,www.chinayanghe.com/*
3c867d266df05895b9b5f2e5ca2c0a11,1156610700,1,*.zsb12.cn/*
3c9b34a85a4d26728eb329f3aa0d3867,1156330400,1,*.yswebportal.cc/*
3cbb55d83963520276bd2c865c0ea453,1156610900,17,*.yswebportal.cc/*
3d2aeff659df795ebe170838a67b7376,1156610100,1,*.yswebportal.cc/*
3e68fd0afd7a285baa6357c81197502a,1156610100,1,*.yswebportal.cc/*
3ed341dc1600e004cbe499b001e036f9,1156610100,1,*.zsb12.cn/*
3f612a11e7ac259b438e5397c1a17805,1156610700,1,*.yswebportal.cc/*
3fbffe41295102df7bb0155f6198f06b,1156610700,2,m.jiuxian.com/*
40d909b7d27352272c239cd44026e78c,1156440300,8,m.cnjiuzhi.com/*
41329acbf3e35b53af967f0f147c71f6,1156610800,1,*.yswebportal.cc/*
41c06b867647dd294888e3e554805bd8,1156610800,1,www.yuanjiu999.com/*
43f53490563678839283ff084e95f648,1156610800,10,www.jiuguijiu000799.com/*
4400cb1249f25418fef78433f369a157,1156610800,3,*.yanse123.com/*
442bc7b2f33aa9df843adf412cfcb2ed,1156610100,1,*.yswebportal.cc/*
44987c50fcc1923212aa2696ee0ce343,1156610600,2,*.yswebportal.cc/*
45379a34e75b0e19eedd8cdad413fd75,1156610100,4,*.yswebportal.cc/*
453fbc3d345d3e1bd6316da0c18a3cad,1156420300,7,*.yswebportal.cc/*
459225b0a814f0782a5cbcafe1b481cf,1156610500,1,www.gujing.com/*
45f8f4919b6adc19b6f0a13584b7a5f0,1156610100,2,www.gujing.com/*
46282f4f9479f722e1fcc82fda38d2ac,1156610500,1,www.chinayanghe.com/*
463e00f13a51de936e2c45e0e90fcd93,1156341600,2,www.gujing.com/*
468cd15c6cf6bc0403714a7ee95cc414,1156610900,41,*.yswebportal.cc/*
46d5e7b35a291a20547afc27ded73a41,1156340600,8,www.95bd.com/*
46ea984ac97293c70685bcc66c0ed18c,1156611000,1,*.zsb12.cn/*
475ee34336995e769a207fed875a0b71,1156610700,2,*.yswebportal.cc/*
48afa10e490fc33e4cfa91922ba54512,1156610900,6,*.yswebportal.cc/*
49143ddd1fd015776c03fd22f93daca3,1156610100,5,*.yswebportal.cc/*
4ac6046f0dea2470d8785a65d879dac2,1156610700,17,www.jingpai.com/*
4b6035b013f5d51388f63fa839f43651,1156610100,1,*.zsb12.cn/*
4c598fb9b1bb2a5e8aaaf34eb30638c3,1156610100,14,www.langjiu.cn/*
4c598fb9b1bb2a5e8aaaf34eb30638c3,1156610100,6,xlj.langjiu.cn/*
4cb4a1b12e8143cd53ef46d233ab4ef7,1156610100,38,www.95bd.com/*
4d75543813552f9526b5ce85be27d46e,1156610100,1,www.jingpai.com/*
4d9b24f5e39df5107e3847086a545e8c,1156610100,9,*.yswebportal.cc/*
4dd65ebdcc45a1926d22a01806ae6b7a,1156610100,31,*.yswebportal.cc/*
4dd6a8ca54802cd389db7aeefbc425f3,1156610400,1,*.yanse123.com/*
4e5f118041ac968271e953d212f59839,1156610100,1,www.redstarwine.com/*
4eee96bb3c18fdfe385178fd47236651,1156610700,1,*.yswebportal.cc/*
4ef659489aa7d1ea80e396e742a0eaa4,1156610600,1,www.ijovo.com/*
4efa0015ac58ba0f5f59c00ad00bc2ee,1156610100,1,m.xinxifeng.com/mobile/jiagebiao.asp*
4f4b306233cf24cca2cb6d8bb3856fc6,1156610100,3,*.yanse123.com/*
508b64ea9990db27898916161e9f448d,1156610400,1,m.cnjiuzhi.com/*
50aabec172541ff99300d29f4bdd5b16,1156610700,38,m.maijiuwang.com/*
50f6bddd60e4c7b9970012d06f8340fe,1156610900,5,*.yswebportal.cc/*
527886cc6467d4e8c56a0ee1cae10f16,1156610100,8,www.chinayanghe.com/*
530b840db371ee8ec108fabbe422195e,1156610700,14,*.yswebportal.cc/*
5340ea09e99793810688428900df67f2,1156610500,1,*.yanse123.com/*
535bf6458bd44789aaa9a81a02af770a,1156621000,1,*.zsb12.cn/*
53aa86940e8d7573209e8cb4bcef4fd2,1156610100,13,www.95bd.com/*
53c0385e1edcddb0b6a54aa1a303d2ac,1156610300,1,*.zsb12.cn/*
53da194cb14ebd9a3b83e257e9bf9bab,1156610500,19,*.yanse123.com/*
53fd6506023dea6431cc35d0b3404bfc,1156420300,1,www.langjiu.cn/*
541233435655214effeadc7060b9e0b8,1156411200,1,m.jiuxian.com/*
54752d156484e07218a62dbc3605e8aa,1156610700,1,www.zhongjiu.cn/m-wap/*
54ee2658ef8f3fb9d556b95cc0fcd188,1156130600,8,*.yswebportal.cc/*
55d37bfb28e9bfd5a81a0701c417bace,1156610700,8,*.yswebportal.cc/*
57acf60d4029e8584e5c30ab10b97b53,1156610800,50,www.langjiu.cn/*
57b990d945fe0478378bff0fc9ce6ab5,1156610700,2,*.yanse123.com/*
57edaffdb810e3029a23f02f774eb3fa,1156610100,4,bd.zsyowov.cn/xhc/wap/*
585dd4b5df4fb48dd7081e72010a8e27,1156610100,7,www.95bd.com/*
58662bcced4e652cc4ed5108d4a0a7b9,1156610400,1,m.xinxifeng.com/mobile/jiagebiao.asp*
5948b5df6a913e4e280a23e7c1dc6c46,1156610600,1,m.jiuxian.com/*
59a489c1b4ed3059e4eaa129e44e4326,1156610500,14,m.shaojiu.com/m/*
59bbfa93156071a65132c3441773c1dd,1156110000,1,m.jiuxian.com/*
59bde3f65510698b9b19a5511b751b6a,1156610600,1,*.yswebportal.cc/*
59dcbe4cadcec49449c966e5a8635884,1156610100,5,m.xfjvip.com/*
5ab6461a1eb38ee411e0c4e3455eb480,1156610400,1,m.shaojiu.com/m/*
5aeb7c9e09a8c9e74ebaab9f718416b9,1156610700,1,www.jingpai.com/*
5aed2bf82b2bac8886eeb425ccfc3eb6,1156610800,2,*.zsb12.cn/*
5b3b7d728bdf609920b51dc9e58edbb1,1156610900,7,*.yswebportal.cc/*
5b75dffe003cac28a002afdd66f53ab3,1156610100,1,m.jiuxian.com/*
5c022e4c66cf278fcf00d0ab66644c92,1156610900,1,*.zsb12.cn/*
5c0ac6d3e97945fc1f7f7a016421bc55,1156610300,1,m.jiuxian.com/*
5cc4c8e93e791a6986d09c8b65ec86d5,1156610400,3,*.zsb12.cn/*
5cde88b99d65fd277195a3d882e08ead,1156610800,2,*.yanse123.com/*
5d0dc4203d804c8bd97533e7f1ca41b8,1156610900,2,m.maijiuwang.com/*
5d95212b1fe7e456f371f7dfd059d8d5,1156610100,4,www.zhongjiu.cn/m-wap/*
5e686ae30fd64b5dcc0a64b659b4a112,1156610800,9,*.yswebportal.cc/*
5eb801620a6497541b2ce8088ce90b98,1156610500,21,*.yanse123.com/*
5ecd8bc630098dc1abc9a8f5e24562ff,1156610300,4,www.95bd.com/*
5f44c73dbfd44d5b84ea0589c3b578af,1156610100,24,*.yswebportal.cc/*
5fc3e181c1c7b796f71a61692f753144,1156610400,1,m.jiuxian.com/*
5fcb59f916ce6029589e76809700c8e9,1156611000,2,*.yswebportal.cc/*
600fb1895f60e7eff3999f626171a59a,1156140100,1,*.yanse123.com/*
60bd3e19e82cece1c6774434ca6c0956,1156610800,5,*.yswebportal.cc/*
61024b6f2472f874afcc945fcdbdcb2c,1156610800,10,www.ijovo.com/*
6107722ff903ae292ae5185a93611760,1156610700,1,*.yswebportal.cc/*
6269b2b1634c1097d53e99b4c880316d,1156610600,9,m.cnjiuzhi.com/*
63624e3ed57232f1992f5af79d69042a,1156620500,47,*.yswebportal.cc/*
6364c73e4c6d89e43f7c476dfc54c0a4,1156610300,2,*.yanse123.com/*
6464919b66ac3c71366189dc6c5ab81a,1156610100,9,*.yswebportal.cc/*
65311f92bc57eacf8cfe3864080fe4b1,1156640500,1,*.zsb12.cn/*
65696b5341ca14b33ba8e76079089945,1156610500,1,m.jiuxian.com/*
656abf09e5e00b488bf981ef46bee727,1156610400,1,*.yanse123.com/*
6571083a2eb5937c1b2983f8c0de76ab,1156610500,2,*.yswebportal.cc/*
65cdd9db2e49b269ef4c39eb1405f18a,1156610400,1,*.zsb12.cn/*
65e5c52e3648c3bd77e787fbb4e38ef7,1156610500,1,www.ijovo.com/*
664a53d4d98dd26b8713b88e75382481,1156610900,5,www.langjiu.cn/*
66899c5fe9b59e6035c3f8f6e3e66fa2,1156610200,1,m.jiuxian.com/*
66e15dc4836c5789fa07c797faa47f2c,1156320500,1,m.xinxifeng.com/mobile/jiagebiao.asp*
66f6ceacca22f96982ea3ec02d5b4e31,1156610400,8,m.shaojiu.com/m/*
677d2b93e66b1fdba8aa8f35d8be81b6,1156610200,11,*.yswebportal.cc/*
68bc59fc7ef918edbe2a9334cfc485cd,1156610100,6,*.yswebportal.cc/*
68c52329b31dddb1f5e1a386295e6e04,1156610500,1,m.jiuxian.com/*
68ec814e55dd4401ee8477ee4b4c19e7,1156610100,1,m.cnjiuzhi.com/*
69dcd7bf1105ea12b7f7633360850ccb,1156150200,1,*.yanse123.com/*
6acf82faf35d190ef8d7233c03dd9633,1156610100,2,*.yswebportal.cc/*
6b3dfd19878f03dce4136f1968044d82,1156610600,1,m.maijiuwang.com/*
6b6e10aadfbbac7ff19e8b228923a6e9,1156610700,4,www.jingpai.com/*
6b85bf4fca645ccd9004f9a00c62c9a1,1156610100,20,*.yanse123.com/*
6b874691f18dfcd29ebb50a1ed6c0077,1156610100,53,*.yswebportal.cc/*
6babe8fe550af19de7044097f20f8f8c,1156650100,5,www.swellfun.com/*
6cb00d90e7b92fd80766930664e9ba18,1156610100,1,*.yswebportal.cc/*
6d50b31e1afa10688646c511bc0fe560,1156610100,1,m.jiuxian.com/*
6decb0eb88cd5caccd89b8e6f5e28aa2,1156610100,6,*.yswebportal.cc/*
6e1fe48ec17f78a8b434a4f0f083b985,1156610100,1,*.zsb12.cn/*
6f0e0b0f216309e5e44892c24b565f71,1156610100,4,m.cnjiuzhi.com/*
6f1a51b33da18c6abbd316b1c911dc5b,1156610100,2,*.zsb12.cn/*
705aee1801efef5e0433cab13aff4d4b,1156320100,1,*.zsb12.cn/*
7111915e272aecfde9d3dcd9e0c7376f,1156610100,1,www.chinayanghe.com/*
71b07d4278577f2d66e20fad5567afac,1156610600,1,*.yanse123.com/*
7243164f17672f29c69cf2381f7a9e44,1156610100,1,www.sxxfj.cn/*
726175abf873dced29d9dca73c796c1c,1156610400,1,*.yswebportal.cc/*
730107cb8cc57bfbedbcd3acb4476837,1156610100,31,m.maijiuwang.com/*
737fdb7814f54f014954cc21a5a40bb2,1156610700,1,www.zhongjiu.cn/m-wap/*
7380c4015f5b5849d51ca538c1874c32,1156610100,5,*.yswebportal.cc/*
73d4156e7285bb26f82de5e1cebff634,1156610100,4,*.yswebportal.cc/*
74079e7ee4f61891380b9ae3771c0cb3,1156611000,1,*.zsb12.cn/*
752b579534c81e0ba1b4f1bda4818dcd,1156610900,14,*.yswebportal.cc/*
760b8a0c5bcb9da893608c1740ea3d06,1156610100,11,*.yswebportal.cc/*
774107cf250e675f4441dcf9c077082f,1156610100,1,m.jiuxian.com/*
78225955b2c0d2e73c7fdeae2199a299,1156610100,1,*.zsb12.cn/*
7827ef61599c51e13e07a462d705b40a,1156610700,3,*.yswebportal.cc/*
7829f3307eb9ee84865cec5a332e9719,1156610200,1,*.yswebportal.cc/*
78febf12d762c1c6eac57c93e3b02b1b,1156610700,12,*.yswebportal.cc/*
7b1fa2ccad6fea082d59c49b818b97ca,1156330300,1,*.yanse123.com/*
7bd596070f785c4e0c51ac0700dd9dae,1156610100,2,m.xinxifeng.com/mobile/jiagebiao.asp*
7c0a43e21c490d5475ce191c26ffd646,1156610500,4,*.yswebportal.cc/*
7c686485f52b31d01345ac11a987f058,1156610400,1,*.yswebportal.cc/*
7c91dac48b59942d1e3477ccb067d042,1156610800,2,*.zsb12.cn/*
7c93760a452e8489a347c4b9b58c65ed,1156610200,1,www.jingpai.com/*
7cc76ab743a28c0ad11ae9490ce6f00f,1156610500,15,*.yswebportal.cc/*
7dbb8b09a2946dd464fe45564214bae2,1156610900,1,www.jinshiyuan.com.cn/*
7dbbffc702bcc55711db9093b6ec302f,1156610700,17,*.yswebportal.cc/*
7e231f232ebda0f1eb24d813c5bf8cb9,1156610800,2,*.yanse123.com/*
7e3af3899b4d0522ae169fd974473a9f,1156610100,2,*.zsb12.cn/*
7f19e50ee006cd4b756ccefb10ee9dc5,1156610700,1,*.yswebportal.cc/*
7fa5f37a1b73117b014285be08fd6f3b,1156610800,2,www.dukangwang.com/*
7fbe5194530e16f83f0bb0f91dde4816,1156610700,8,*.yswebportal.cc/*
8162ebcd24279dec0433ee7230742160,1156610600,27,*.yanse123.com/*
82bbb4e575579b10684f55174fb98132,1156610300,9,*.yanse123.com/*
834e9cbbb78a0591e593c9ad33d6edc0,1156610100,1,www.jnc.com.cn/cn/pages/*
83851c01a4f34d61ff54dc697f30b0d9,1156610800,3,*.yanse123.com/*
862475171c213d5aee77f5407b3b6732,1156610100,1,www.gujing.com/*
86aa07b7db9dc6a6332331a688759704,1156610700,6,*.yswebportal.cc/*
86cb6b7eeeacb4a11cfbc74b8056ecbd,1156610500,4,*.yanse123.com/*
86f6c4726954d918f965cf7c32fb9ca2,1156610700,2,*.yanse123.com/*
8711d7d313dd91f410aabc830682f8e8,1156610100,1,*.zsb12.cn/*
879be788e76351cb61792276cfba95de,1156610700,4,*.yswebportal.cc/*
87e134adfa3eba454bb06a891752843e,1156610700,1,*.yanse123.com/*
8900831e535fef195b1f0613e2c46132,1156610700,4,*.yswebportal.cc/*
89084782f820fd91fb1eb179287bf624,1156610100,1,*.zsb12.cn/*
8a4423a4725d47421d848cfd4b3e6aae,1156610100,4,m.xinxifeng.com/mobile/jiagebiao.asp*
8a86b41330e68522615d99c56d5b5b91,1156610700,1,*.yswebportal.cc/*
8a97360698c6bbe1c5c180f5f6f6e825,1156610700,8,*.yswebportal.cc/*
8cb4c8ccae7e6d87fb20a50f6ab33e64,1156610100,43,m.maijiuwang.com/*
8de291c4957196fa074cb30bd51e4917,1156610100,2,*.zsb12.cn/*
8e67a9ab9040591c27d9774563c38478,1156610100,9,*.yswebportal.cc/*
8e7103c9176590be5cb30880813d52a4,1156610400,1,*.yanse123.com/*
8e72c14768d4316af398150a68b49bb6,1156610700,1,m.jiuxian.com/*
8ebaafc2608422a9c77e465b224819fa,1156610100,2,*.zsb12.cn/*
8f0dfcb7bf04578b32a2894a395e5680,1156610600,1,*.yanse123.com/*
8f195d372a4717b60d3d00ebc4afaf09,1156610800,1,m.jiuxian.com/*
8feb690054336efc25a9f2c1a1547053,1156610400,1,m.jiuxian.com/*
9031f1f52bff7b4ad39bdc4758874faa,1156511900,1,*.yswebportal.cc/*
90d0eb7c753e4a31dff73457c209e7ad,1156610700,3,*.yswebportal.cc/*
912cc4b3faa2983236c52a33a4dc9963,1156610400,1,www.chinayanghe.com/*
9172682f06cded2b94e81185784899b9,1156610300,27,*.yswebportal.cc/*
91af5aaad82696d5a36da27b957fb956,1156610500,1,*.yanse123.com/*
92690dd8cc6bcbe895c442d60f45fdab,1156610500,2,*.zsb12.cn/*
929c1863f4482b086f6144f361999452,1156610100,34,www.95bd.com/*
93391133c1e4165a674dd2a9b70a7501,1156610700,1,*.zsb12.cn/*
93b8f5f967c738a32ea40fbe9d282923,1156610700,1,*.yswebportal.cc/*
93fee19143d684ac4133d616c289a9a6,1156500000,1,*.zsb12.cn/*
942fdc7355e31724dd893cf8d7271f16,1156610300,1,*.zsb12.cn/*
9459b72df5829fc9f3804c93a3f4f7c1,1156510100,5,www.langjiu.cn/*
9491b51ce275187c42bd0cbb039ee88c,1156610100,1,m.jiuxian.com/*
950cde38bd36c84cb5bbd7265487cde2,1156320600,1,m.jiuxian.com/*
95be76ce34d04928fe80e5111ee57546,1156610600,1,m.xinxifeng.com/mobile/jiagebiao.asp*
96d12b6384b3be6e7d051f62cb9351e3,1156610100,10,*.yswebportal.cc/*
9788709ca668c2a56be01dc719726c9a,1156610100,14,m.maijiuwang.com/*
97bdeb1c938c8af2eca7fb94b0a1e446,1156611000,4,*.yswebportal.cc/*
97ccafbdb52b2ce014232894cef69e9b,1156610100,54,*.yswebportal.cc/*
97d562b4c2a9a2558c6552cc90b84648,1156610500,1,*.zsb12.cn/*
97d869845d98864b25a68e97a005624f,1156610400,2,*.yanse123.com/*
9a7196e9e632c67bf1b1284b2d673fb7,1156511300,2,*.zsb12.cn/*
9aa2107cec0487b715139b3ff222e94e,1156610400,1,www.ijovo.com/*
9aacd72b9b1003f7ba71e8741c0afa07,1156610100,2,*.zsb12.cn/*
9b1e5943ea6bf9b9fa912845ab15e7ad,1156610500,1,m.maijiuwang.com/*
9b647609b4a0f55d1d4b4841ae7e3786,1156610100,1,*.zsb12.cn/*
9cf70e5f2eca142b6bc650aade147e0b,1156610200,14,*.yanse123.com/*
9d0c72221b538ae9eae35fa790ecf72e,1156460100,7,m.shaojiu.com/m/*
9d348891f9785bb2131f65a68d4ac360,1156610100,3,*.yswebportal.cc/*
9d77ff5adf2a610588de9f57ee33365c,1156610600,1,m.maijiuwang.com/*
9d8c41295da70f51addf5295c6f2eb31,1156610100,1,*.yswebportal.cc/*
9d99cc84326e528300c4e7990a4c8eb5,1156610100,1,*.zsb12.cn/*
9dc97d4ad8cb4804ecf49d07554f4d6f,1156610100,1,m.jiuxian.com/*
9dc97d4ad8cb4804ecf49d07554f4d6f,1156610100,30,m.maijiuwang.com/*
9e052133a53f0371dea78f960854c68e,1156610400,2,*.yswebportal.cc/*
9e1f31db7a840b4458c70cb990883b0c,1156610100,4,*.yswebportal.cc/*
9ea876c37989b0b14ece726f36f6ef6d,1156130100,11,*.yswebportal.cc/*
9ed9573fae9c8b8173ae7356e7afffdf,1156610400,1,*.zsb12.cn/*
9ee7f1e6b0982891f5626c7aa1499065,1156610900,26,*.yswebportal.cc/*
9efd8493bd420825db6c03c1362045bc,1156610300,12,*.yswebportal.cc/*
9f2e5ee8fce688a4526e646b9da3039e,1156610500,1,*.yanse123.com/*
9f3d3f1114796a0f4475a679fc1e7887,1156610700,19,*.yswebportal.cc/*
9fb049abc63b61f7bed2b3e82dbd1ecc,1156610100,19,*.yanse123.com/*
a03b5092f8084574ea2ba512988e0e1a,1156610900,2,*.zsb12.cn/*
a05628ac808039520303b23d91fd5078,1156610100,23,www.95bd.com/*
a0d648feefb2d2a84c457d809d07290e,1156610100,1,m.jiuxian.com/*
a0e5fa15d7a6bc5c393ec41c5093397e,1156610200,29,*.yanse123.com/*
a26c146c5e699601e05d8b0b5ee313f0,1156610100,2,*.yswebportal.cc/*
a3f363e244574272c4edf0d8b0d79b3e,1156610100,13,m.shaojiu.com/m/*
a3fdb42d3becb480c2f4ebc847f17c1f,1156610100,3,www.95bd.com/*
a4a209511339e1f3b27b4fca3b41952a,1156610100,2,www.95bd.com/*
a5524f6d96c5e6a5cfd5449b65d64af0,1156610100,1,*.yanse123.com/*
a5b81a6c4993d24d0e2ac45cd951dd66,1156610100,19,m.maijiuwang.com/*
a5de703b97ddab0100efdab8e5011399,1156610100,10,*.yswebportal.cc/*
a5e9d6c05de23c45239dd696375743d7,1156610100,2,www.chinayanghe.com/*
a5f736ba14c7a908da3a0b7d33bfc981,1156610500,1,www.langjiu.cn/*
a69445d95e3d3c1d90eefa52931f0599,1156610600,1,bdcdmlop.zsld20.com/web/813/13105/16675/index_tpl.htm*
a6944e271a3d58beff2419c66a289d69,1156610100,1,m.jiuxian.com/*
a73dff978d5719e4fcc79ac9ae8690ce,1156610500,6,www.langjiu.cn/*
a755d9dbc2c74dd7ff4200e9eb2cc0cc,1156610100,1,*.yanse123.com/*
a79721ebafc65ab46dca2e4d8423903c,1156610900,36,m.maijiuwang.com/*
a7e7049e415af0a15697ff5c0ca1277f,1156610700,8,www.chinayanghe.com/*
a7f40b65e4c37b5b21e3fe0b73fb5253,1156610900,6,*.yswebportal.cc/*
a855f2216ccb3f64fef9cf11e75e5a31,1156610100,1,*.zsb12.cn/*
a89f912a4e701249ed4ed8d254f21c40,1156610900,12,*.yswebportal.cc/*
a916b3c456c7ccf7e7149ba21ee776a3,1156610500,1,*.zsb12.cn/*
a962ce7dcba45b28e183e7743741a2ff,1156610100,2,*.zsb12.cn/*
a970de113e61ef9f7cf9a428c51de7fd,1156610700,2,*.zsb12.cn/*
a9ae36927cd3023de376d1501448cfdd,1156610100,1,*.yswebportal.cc/*
aa2f4161394e2b093090627421a498ba,1156610800,9,www.chinayanghe.com/*
aa44ebfab1f03fc6c9100bc504755dd2,1156610100,42,*.yswebportal.cc/*
aa5d0de721a6f82dfe0b528bf9a3ca58,1156610900,1,www.ijovo.com/*
aa651a3cad93a07f31eb72762f0b5145,1156610500,8,www.langjiu.cn/*
aae2033c88abfdfb721d6cdd7a6608c2,1156610100,1,www.ijovo.com/*
ab85081375a92309b8d8f17c4172cd4a,1156610100,1,m.xinxifeng.com/mobile/jiagebiao.asp*
ad482800761228f1ecf9287088233d66,1156610300,1,m.jiuxian.com/*
adada559ca76470ab6c55b116a2d6bdb,1156610100,3,*.yswebportal.cc/*
adb136d8b7be20440d5dcbb7428bcdbc,1156610800,6,*.yanse123.com/*
ae0178429d1cf5d65068aa28813dfad1,1156610900,60,*.yswebportal.cc/*
b04734cec6e4f851929f35f1db167996,1156610100,16,*.yswebportal.cc/*
b075f7ebfd37e3bf3a83845d2a3b2f8e,1156610400,1,www.langjiu.cn/*
b07c76f4d8e72f0d22313e44f7b7c98e,1156610900,1,m.maijiuwang.com/*
b09da12a39aea6997a4c98aead9a740f,1156610400,1,m.jiuxian.com/*
b17b214824df8b920173c4509daf2404,1156610100,1,*.yswebportal.cc/*
b301671666962f3d96dbd10bf6047ff1,1156610300,1,*.yanse123.com/*
b3296764607ca3a8b0018cddf8e7aef1,1156610500,4,*.yanse123.com/*
b35ed8d4642cff8de3c55e9d609278af,1156610100,1,m.shaojiu.com/m/*
b4f25fab1a35a33705a1659e10d67637,1156610400,38,*.yswebportal.cc/*
b505d545bb8b452edfda70b8a8620c25,1156610800,1,*.yswebportal.cc/*
b54ea1664cea4c34486f3e8b8d292938,1156610500,1,*.zsb12.cn/*
b58211a2387b9a5468d2797ea1c07dfd,1156610700,6,*.yanse123.com/*
b5e759a0012e850561d72207c7c549c3,1156611000,2,m.jiuxian.com/*
b62c6c91f18e31c11434a97df1e6b9d6,1156610100,10,www.ijovo.com/*
b73ba7abdc0b8ea2c4c28d1a4e1b2b56,1156610600,1,*.yswebportal.cc/*
b75dadbf0f10cfbcebdb19df93407785,1156610100,1,*.yanse123.com/*
b75dadbf0f10cfbcebdb19df93407785,1156610100,1,*.zsb12.cn/*
b7fa2937436b35247c3f1ea4e61e4e12,1156610900,2,www.ijovo.com/*
b7fb3a865df170a478cce2b509e362a7,1156610700,21,*.yanse123.com/*
b8441020b1fea0e2e67d5bb4f292355a,1156610100,1,www.95bd.com/*
b8787b76fad632f82dd79ef8ba2720da,1156610600,5,www.chinadongjiu.com/*
b8f47338189cfb5e606e743ad2d42e68,1156610900,6,*.yswebportal.cc/*
b90156812b36cd5149a18044b1f883d7,1156610100,22,*.yswebportal.cc/*
b913e87ad2f0bb096d18d235ceb55688,1156610500,31,www.95bd.com/*
b92aa22e113d397d8eae77c0af969233,1156610600,1,*.yswebportal.cc/*
b9435d8f5746f1abf298124e541eb89a,1156610300,1,*.yanse123.com/*
b97360ff08878bdbc8a8e149ecbdff60,1156610800,33,www.95bd.com/*
b9cdbf32ea4d6bc01889b55d13c0dd40,1156610100,1,*.yanse123.com/*
b9d07e1b86359644f25db449b3d43ee6,1156610600,1,m.maijiuwang.com/*
b9e72a431446c37fec1d3597f80bfbc4,1156620100,1,*.yanse123.com/*
bc4ac4ce919b39a7a84812ee7d9ad76d,1156610800,3,*.yswebportal.cc/*
bc51d6fcefe0537942be894f58777e0c,1156610100,1,*.zsb12.cn/*
bd31fa2f22907fa64db66a962644c7de,1156440300,29,www.chinayanghe.com/*
bd83728c0850c271c7656fc3fe2e3f12,1156610100,1,m.xinxifeng.com/mobile/jiagebiao.asp*
bda246e9f15760e12cbe9c1b3b9ee31c,1156610900,13,*.yswebportal.cc/*
bdc9968f85c7c6b43f9ec276114c5ad7,1156130300,2,m.jiuxian.com/*
bde7340890f4e60e38dbbb3f83b7c1df,1156610100,1,*.zsb12.cn/*
be10568b7d4d5226a2ffe56446d376bf,1156610100,12,www.95bd.com/*
bfd7327ad08d60ec2259adc54b9aabe2,1156610500,2,www.zhongjiu.cn/m-wap/*
c04114d339def28302a7224068967137,1156150100,2,m.jiuxian.com/*
c04af4fec4b35b8cf0681f7d16efc3bf,1156610100,1,*.yswebportal.cc/*
c05c32c184c52850888c04948f26a843,1156610400,1,*.yanse123.com/*
c0b682cafad1aab1f915a140399a40d3,1156610500,1,m.shaojiu.com/m/*
c0bccbb80e68f56a92dfbfe167d35fbd,1156610600,1,*.zsb12.cn/*
c0ebf883eb1454885d96b6cde6226341,1156610700,21,*.yanse123.com/*
c10dacbc8d6ccd3affe9abc067e6d155,1156610500,2,*.zsb12.cn/*
c1eec2b1da1519b0ba4e9d2a064fc085,1156610100,1,www.ijovo.com/*
c24b60770eb1839df43f9c74f54a665e,1156610100,3,www.95bd.com/*
c25205c067ec445a51e69f45eb18d47d,1156610500,2,*.yswebportal.cc/*
c2c26d2deb5721d9be9b164016ec68b5,1156610300,1,m.jiuxian.com/*
c3729331475086fef568c0e546f2969e,1156610700,1,*.yswebportal.cc/*
c3d3fa5137b15e1b8a7ce067650b5882,1156610100,1,*.zsb12.cn/*
c48ce49b31780ee5fa6307b9375ff45e,1156610100,4,www.zhongjiu.cn/m-wap/*
c543f0aa069df691eaef23438e30eff6,1156610100,2,www.ijovo.com/*
c574a1a2109b53a9dad1dbdc3625f0ea,1156611000,5,*.yswebportal.cc/*
c5d195efbc710cd78c2ceb7f63122cb9,1156610400,11,*.yswebportal.cc/*
c5f50fe8b40738a095e44d8ac75ac832,1156610900,58,*.yswebportal.cc/*
c60f6b374ca6dcaf78e0ca8d323dbfec,1156330400,20,www.langjiu.cn/*
c8170b8cbe7f8e4b9977605a392cfa3d,1156610100,3,*.zsb12.cn/*
c8589ba6ffd0ce635915d5854ce89258,1156610100,3,www.jingpai.com/*
c8b18590963458c42c525759ddc083c8,1156610800,1,m.jiuxian.com/*
c8c085d97119042b59f8c8ee2c98132f,1156330100,1,www.gujing.com/*
c92186f57b513ff3f3f5eca16e54090b,1156610100,1,*.zsb12.cn/*
c9fa7289ae6dfd9198ccb947508fdd69,1156610100,31,*.yanse123.com/*
ca357e502130f0d08e1a9b7631c755d8,1156610100,1,*.zsb12.cn/*
ca7075176213b9998d744fb03b1aa985,1156610500,3,m.cnjiuzhi.com/*
ca838b104818266aedf679cd5b6a060a,1156610500,1,*.zsb12.cn/*
cac11088f353eb3f4832d7e3225529ad,1156610100,32,www.95bd.com/*
cbb876d7ad763cc98d421021a412c1a6,1156610900,1,m.jiuxian.com/*
cbd95faac4f3844bce72e19a76337b92,1156610100,2,*.zsb12.cn/*
cc54be7fa24c704efdfbe9e8390817aa,1156610800,1,m.jiuxian.com/*
cc569cc63573302a1b6ebc387aff589b,1156610900,3,*.yswebportal.cc/*
cc8bc3c31078413a8b7d8c34d13c39ea,1156610800,33,www.langjiu.cn/*
ccb4a048616c959745be4e8720859d9c,1156610800,1,m.xfjvip.com/*
ccbc4130fffb8da164b39fa2008bccbd,1156611000,1,m.jiuxian.com/*
cd3fc0f009ed43566c573d0b5126b21a,1156610100,3,*.yswebportal.cc/*
cdfed0f3e8b92ac733117ebd553d2a6b,1156610700,1,*.yswebportal.cc/*
ce364fea76c548323fa654f0cd18435d,1156610100,1,m.jiuxian.com/*
ce70a53a47c22ab2731037507f2cb3de,1156610500,1,*.zsb12.cn/*
ce96edd73935122ff44abe534cbbd2c2,1156610900,2,*.yswebportal.cc/*
cea0fd1d321838613d5b0ef0851f3eb4,1156610100,9,*.yswebportal.cc/*
cfba5d0d981891e4b4b92875fcfa02c6,1156610200,1,*.yanse123.com/*
d099f94cbafabdcd0f535f08b81e6233,1156610100,7,*.yswebportal.cc/*
d0d114bf2e87737e93d70fb2de7713c1,1156611000,1,*.zsb12.cn/*
d0e04b92cecc3339236d0bc44bbf7209,1156610100,27,www.langjiu.cn/*
d13b7461c1c6ddb615b858faea096341,1156610300,2,m.cnjiuzhi.com/*
d17c1abe28be87594c57d02459d7d536,1156610400,1,*.yswebportal.cc/*
d1a72410429d0200026e4dc5c887339c,1156610700,10,*.yswebportal.cc/*
d27cfe883be771776305999269167ce1,1156610100,95,www.sxxfj.cn/*
d2c59cc79643d2461e622317b76ad90e,1156610900,24,*.yswebportal.cc/*
d2f374f440e145eacfe640a81e5a013b,1156610400,2,www.jingpai.com/*
d30be09a14c0424eeaca39f985aed58b,1156610100,1,www.95bd.com/*
d3feb85e51c9fbce2d191520253eca2e,1156610900,1,*.yswebportal.cc/*
d433ecc7a5ebd24453efdd7883b160c2,1156610600,4,*.yswebportal.cc/*
d48ad348759cf1b55029b884116fdf34,1156610100,2,*.zsb12.cn/*
d4c27e0a542eecbcc8ac4410a9be8019,1156610900,21,*.yswebportal.cc/*
d53db1aad06f24502af0ba5df3605dcc,1156610700,2,*.yanse123.com/*
d70d0f69d7acc49bf4d06e8207a5f869,1156341600,1,www.gujing.com/*
d8e7eb5627c3b8b09d7254edaece883f,1156610700,6,*.yswebportal.cc/*
d8ff6939345a914499dd47b37d325664,1156610200,1,m.cnjiuzhi.com/*
da97b7aba19d42ce4c96ac16118972b4,1156622900,1,*.yanse123.com/*
dab8328a2e2a06c741eb1472528c1866,1156610500,1,www.95bd.com/*
dc3e3803a1feed0d014851a16a44b49c,1156610100,2,m.shaojiu.com/m/*
dc530983e05c84fa0085bd5b61b601d2,1156610100,11,www.jingpai.com/*
dc75b1c9388e18490f9be388d19a9567,1156610700,2,*.yswebportal.cc/*
dd7362db8d85f6d1f4c7f0612923a655,1156610100,1,*.yswebportal.cc/*
dd77262da9d7f5d2dc2967552b45fcba,1156610800,29,*.yswebportal.cc/*
ddea6e90bdce0a19ee49b215b8f6d6da,1156610100,2,*.yswebportal.cc/*
df519613dfd97adc509aef467d496e54,1156610400,1,*.zsb12.cn/*
dfb0efe2fe78d32c422573d2a4e136e6,1156610800,1,www.langjiu.cn/*
dfd3552c5ebf4c68305bf2a0827d247d,1156610500,1,www.95bd.com/*
e033d87973e0d05d9cf7b294cee15e71,1156610700,1,www.gujing.com/*
e0604e548a19dbede0be0fe3616447a0,1156610800,5,www.zhongjiu.cn/m-wap/*
e1de28c44992b40b7a70e94ac00497c0,1156610100,1,*.yanse123.com/*
e33ec3db86b4d37d9808bac39a2195d6,1156610600,1,*.zsb12.cn/*
e359973979cce666a5e38b6b8e2eb3fc,1156610100,7,*.yswebportal.cc/*
e376a82e897778340a2bd5f3927911d5,1156610500,7,m.shaojiu.com/m/*
e37ff9b41fa923523c20bebe84722d82,1156610100,1,*.yswebportal.cc/*
e3bb36e643c936bf11f9af95f22c76b1,1156131000,18,*.yswebportal.cc/*
e4558cf6ac38c6f67a8c0a9cc9a65f30,1156610700,1,*.zsb12.cn/*
e543b991f8c772ada54846abc353e6d9,1156610100,7,www.langjiu.cn/*
e618ff34c971c04a8361647d51ffde32,1156610300,6,*.yanse123.com/*
e61d7f4de06d80117735df4ac1e8b869,1156310000,1,*.yswebportal.cc/*
e6e7a5efa5a1eae309caf018f560c501,1156610400,54,*.yswebportal.cc/*
e74b166ac35a66f8a43621988c1c82e6,1156610400,1,m.jiuxian.com/*
e90bef7d1da3d8f8d94cf8b599aa498c,1156610100,1,m.cnjiuzhi.com/*
e90d40d4a056f5226b63287299ae54f7,1156610900,1,*.zsb12.cn/*
e9237a5087bbe00512c81d5fbf903c04,1156610400,4,www.zhongjiu.cn/m-wap/*
e9f41299798834ed28a7a74d9c2049a5,1156320900,9,*.yswebportal.cc/*
ea2f857eca890a769d78203e0f6152ae,1156610500,32,www.chinayanghe.com/*
ea39c49f6aa3779a634f837d17e04689,1156610400,1,m.cnjiuzhi.com/*
eace5949975f95e5f7a8c02853ca6f83,1156610900,7,*.yswebportal.cc/*
eb586a17fb8ee91cbecb698cc8c1358b,1156610100,1,*.zsb12.cn/*
eba5c10bc72529e30b358651786a3bf9,1156610500,3,m.cnjiuzhi.com/*
ec1909a2bd97611597dd26bb25a6f4ab,1156610100,3,*.yswebportal.cc/*
ec4492d64f0392ca6953e88ac720ec5b,1156610500,10,www.langjiu.cn/*
ecab024d5f785b7fd9d8b231e84b07ef,1156610500,5,m.cnjiuzhi.com/*
ed99215b4f2d1c7079c22c005f0da3a9,1156610100,1,*.yswebportal.cc/*
edea066cfa9be88f10655a4df2423beb,1156330400,1,*.yswebportal.cc/*
ee042995a02abb44659d3b9d095b6e88,1156370300,1,*.yswebportal.cc/*
ee4a1bf32fd11557cbe38a201ba3247c,1156610800,1,*.zsb12.cn/*
ee5d23ad17e3e2aadac68f4c12b4485e,1156610100,3,*.yswebportal.cc/*
eff3c4e91550c12676561d99b7e8be82,1156610900,13,*.yswebportal.cc/*
f005b956dc4ed8d64086ee0d5bf6d563,1156610800,1,www.langjiu.cn/*
f08a2c20d16f96b7c25e53deb0027510,1156610100,2,*.yanse123.com/*
f0c7be0ddb781a767aea4fdaf586de9b,1156610100,1,*.yswebportal.cc/*
f0dcc4cbdb074c3dd484d1d571bb79d9,1156610100,2,*.zsb12.cn/*
f14fb7c198deb8085e7c4d96fbc9f72e,1156610100,1,www.langjiu.cn/*
f2c8445d4bf51e552acbc5314f8a6be0,1156610900,1,*.yswebportal.cc/*
f2da2d4e85d866fb91eb8cb41c749aad,1156610100,1,*.yswebportal.cc/*
f32fd74b49104f099b68c49a55359310,1156611000,1,*.yswebportal.cc/*
f53da327aed44766d74eb92fb42135f1,1156610600,1,*.zsb12.cn/*
f53e1396b0838cb331cd525474613b63,1156610700,15,*.yswebportal.cc/*
f5bdb1d9a8152a29f97f9511787f4f51,1156411600,1,*.yswebportal.cc/*
f5f0b4b7eb78b7db5f86957a83e0a45f,1156610400,5,www.gujing.com/*
f632dbacf258f7e5c3adf93d95f704d0,1156610800,6,m.cnjiuzhi.com/*
f690be959775f9a3821c0f18b718b6cd,1156610100,1,*.yswebportal.cc/*
f791e987b5b1278a110db4f302006d92,1156610100,1,m.xinxifeng.com/mobile/jiagebiao.asp*
f7bcaa311a39f518ecb4ae0681343ec1,1156610100,13,*.yanse123.com/*
f7e6eeebdf9cf28690fe036a2eef4db7,1156610500,1,*.yanse123.com/*
f8309564a5b6e516c7d161d0339452a0,1156610500,13,www.gujing.com/*
f8527d72f17a5edb6d3cf4eb003f958a,1156610100,1,*.zsb12.cn/*
f86e5497d687e1f3a23fe9d55e3e8327,1156610800,7,*.yswebportal.cc/*
f8cfcd3224bfd325b394fe71014f4746,1156610700,42,www.95bd.com/*
f8d446904397bcef750bac72414d8cec,1156610100,1,m.xfjvip.com/*
f95c61b579e6175585fa7767c6e679d3,1156610100,1,m.xfjvip.com/*
fa20cda331450760b7ec5fe61a54bb28,1156610900,62,*.yswebportal.cc/*
fa91869d5f783c60a1c7c450c26ee0d5,1156610800,2,*.zsb12.cn/*
fa98b47e766aecdcd8545a9c5881afe5,1156610100,1,m.shaojiu.com/m/*
fb538bdae5fee41e0cfd4909f275bc74,1156610400,1,*.yanse123.com/*
fbf2d7a0acc72e8ed26cc65a319ba4c6,1156610700,1,*.yswebportal.cc/*
fcb14a9e0826bd212dc7ff890a3e6801,1156640100,1,*.yswebportal.cc/*
fce950500c3dadace06d3a09eab31576,1156610500,8,m.shaojiu.com/m/*
fd0a4dce3f54f657a709dd53d777428a,1156610600,1,m.jiuxian.com/*
fd0ce1431d8ae75717cde590b008aeb0,1156610700,1,m.cnjiuzhi.com/*
fd43af4b942b61110db47297a9ccd6e5,1156610700,87,m.cnjiuzhi.com/*
fd4d86365ba990cf1980e68e030575de,1156610100,16,*.yswebportal.cc/*
fdc8eb8d7ad48159ff0733b87ebbc3c8,1156610600,3,*.yanse123.com/*
fdcc155a061ece63dd3a3e4c399dbf74,1156610100,46,*.yswebportal.cc/*
fde9ea05339dc1f2a6f7bc66236d991f,1156610500,1,*.yswebportal.cc/*
fe8315fa98583457c8719781e689c2eb,1156610400,1,*.yanse123.com/*
feb731850677a98fcd093987ed86e55a,1156610500,1,*.zsb12.cn/*
ff6f638ff6d12d9b0f7f6a183d71c2d4,1156611000,74,m.maijiuwang.com/*
ffc56c3f6fdcb5e2b15d765b9654eb97,1156610100,1,*.zsb12.cn/*
fff4c3cf8a57e32b8a165fda0d36f034,1156410800,26,www.95bd.com/*
