0010d22e80094ab60e77937704029226,1156371300,6,wap.lotosserwis.com/*
0083c9040187e6ced79eab6abaa3a30c,1156341100,36,wap.lotosserwis.com/*
01ccbc4543680833ad9a7a13cf6c38d3,1156420800,5,wap.lotosserwis.com/*
01e404271ef954986637dd9864fd7e5a,1156410100,39,wap.lotosserwis.com/*
020650e9c2744e30a877aa2a696bd46d,1156341000,13,wap.lotosserwis.com/*
02823d6b3af05e6589915c3ef587b016,1156450900,5,wap.lotosserwis.com/*
0338fe8374b7ff9f105eb475290b9d4e,1156451400,35,wap.lotosserwis.com/*
033e22e5246041c5cd1c10e471e307f5,1156522400,1,wapbd.082808.com/37/Group/wlcy_bpcy.html*
03ef7d1ff90b9a354fca2dcaf4cb9b76,1156610700,4,wap.lotosserwis.com/*
048eda8baa6da82b870bdb0a997e90c9,1156310000,29,wap.lotosserwis.com/*
04d01983c4b60731be23f990aec05f85,1156120000,2,wap.lotosserwis.com/*
04f1a7b6a83a539e0be4fd5a4133198c,1156130800,37,wap.lotosserwis.com/*
04ff8530640c7664aacddf72edd2e370,1156320100,27,wap.lotosserwis.com/*
05896f94af9cafa7f9ebc5519a4dd311,1156211200,20,wap.lotosserwis.com/*
05a0f658b44509a7783a8def134ad649,1156450500,8,wap.lotosserwis.com/*
0635be2d07a0b57b22dcf437616dcbe6,1156220800,2,wap.lotosserwis.com/*
0682d5cc83a5cbf2312e717368c70533,1156371300,1,m.jmw.com.cn/so/i2/*
0685d54a8b55c76b65eef427c0198d9d,1156371200,2,wap.lotosserwis.com/*
06dcae40701d403b83a10a579785ee27,1156451400,1,wap.lotosserwis.com/*
06f9a88478e87b9bfc970787a645339b,1156370700,3,wap.lotosserwis.com/*
0727898db4ba697cc0a7d89181431a7f,1156110000,30,wap.lotosserwis.com/*
07384a4fe6f2290fa6b72fbf154202a6,1156341200,16,wap.lotosserwis.com/*
075299bf48f49d29c750c3389a138d4c,1156340200,6,wap.lotosserwis.com/*
0774966fddc809d178e0bbf32189c49b,1156460100,1,m.jmw.com.cn/so/i2/*
07777b10b8fb82b3adc543bc8fafc659,1156440400,2,m.jmw.com.cn/so/i2/*
08724c6e02cd6c8828947ad351a57b76,1156220100,1,bdyzwl.zszx001.com/sbsds-wap-wgn/*
08ae8629971f1b1798a2679d89438fc5,1156430600,45,wap.lotosserwis.com/*
094d2e6ad2aa84373e96d4b47eef46cb,1156420500,1,m.jmw.com.cn/so/i2/*
09f5fbc6c7487ba7b0caa5ef9933303c,1156621000,3,wap.lotosserwis.com/*
09fcab54142d0defd9162f9792d8ae72,1156620100,16,wap.lotosserwis.com/*
0a65dba8f7c0180346756924c7132cde,1156530100,6,wap.lotosserwis.com/*
0a92085902f10029d18c0b955a307a37,1156510600,39,wap.lotosserwis.com/*
0b4f3d2c79d67df6f1578cc44eb085f1,1156420100,13,wap.lotosserwis.com/*
0b7baa4bddf561452323e949d2988664,1156130700,1,wap.lotosserwis.com/*
0b8051dc11ff4d4894cd47ff4b52cd71,1156110000,18,wap.lotosserwis.com/*
0be38b51a0d9ccde2290b6ff2197d7ef,1156340500,51,wap.lotosserwis.com/*
0c7e5ea37c186a50cacffe0ef0c2555c,1156530400,72,wap.lotosserwis.com/*
0ccc1965fbecf69363721824da70e22a,1156431100,1,wapbd.082808.com/37/Group/wlcy_bpcy.html*
0d4829e40fe9cbade75be67d9bdb760a,1156320800,45,wap.lotosserwis.com/*
0d51e3e77a34a6c22fdc647dc7defe69,1156130100,4,wap.lotosserwis.com/*
0da4d3b82508048118cbb0c73bf5495d,1156130100,3,wap.lotosserwis.com/*
0ddd41da8dc13c7657ba614f27daa0b9,1156341500,2,wap.lotosserwis.com/*
0df4c4239064ae330daa9d92d802b74d,1156511100,36,wap.lotosserwis.com/*
0e5268bbc81925bce8e294fe75f53766,1156220700,3,wap.lotosserwis.com/*
0ef77cc4beb56981aefd600766be64e6,1156410800,31,wap.lotosserwis.com/*
0f107dc9d83144796a69a23a53ecefc9,1156230100,2,wapbd.082808.com/37/Group/wlcy_bpcy.html*
0fae52a13777090c4444a172e89350d1,1156360800,14,wap.lotosserwis.com/*
1006fb5aa5d7b53f0fc71273c4ce45e4,1156511000,7,wap.lotosserwis.com/*
1034041012a49197be2db2fe4cd73417,1156511700,16,wap.lotosserwis.com/*
117ec9d6ff1018f06a3a3fade69ef26e,1156370400,3,wap.lotosserwis.com/*
118837f164fbe9cad9e738c5d272bdf8,1156430100,4,wap.lotosserwis.com/*
11aa59ada205f0f33edf42af9f4f8547,1156340100,1,wap.lotosserwis.com/*
121d2487318e254d39af1382211eed65,1156150100,42,wap.lotosserwis.com/*
122442cd4a3420a29dd2ce463675c787,1156510100,27,wap.lotosserwis.com/*
123978a9a60199ef1ba138c9e375a823,1156130700,4,wap.lotosserwis.com/*
123d5962dd51739796ebfd060eb52ee0,1156620800,25,wap.lotosserwis.com/*
12a7086f7168034accbcb9b2b0d6be4c,1156510100,7,wap.lotosserwis.com/*
12f34bf0544ecbf5393a0f0536c02e1b,1156640100,6,wap.lotosserwis.com/*
13f14f0f9a23ff24cadbe21da6929176,1156510500,23,wap.lotosserwis.com/*
13f3ed5ea9a021a07f44a50a2868a330,1156410900,1,bdyzwl.zszx001.com/sbsds-wap-wgn/*
14102ad0129041f133346acad8a24870,1156341500,21,wap.lotosserwis.com/*
1422763dee0ed88b3dbfc964473175e0,1156130100,3,wap.lotosserwis.com/*
14949d5ec65d61616b66330166b4d68b,1156220700,40,wap.lotosserwis.com/*
1524600ca7aa122ac052e571525636ba,1156420100,1,wapbd.082808.com/37/Group/wlcy_bpcy.html*
153a310d8d1ce978dcd4ab0d6756a4c2,1156210900,86,wap.lotosserwis.com/*
157ede331440481db84ba6e07ac593d6,1156330700,72,wap.lotosserwis.com/*
160e71042e7da04cbef3f2a69bdfe16a,1156430900,1,wapbd.082808.com/37/Group/wlcy_bpcy.html*
16402daa7840576d63f1762dd8798278,1156411300,21,wap.lotosserwis.com/*
166de9b12b866dc433d250f41d1931e4,1156450900,1,m.jmw.com.cn/so/i2/*
16a04f0a3c692541e3906d4ec54fabe1,1156150500,11,wap.lotosserwis.com/*
170bde9b8da66ac68fc855106ff38d6c,1156131000,21,wap.lotosserwis.com/*
171afd6be9a32255b230961eb197d9dd,1156410100,19,wap.lotosserwis.com/*
171b4995a1a04bd3fa8891f59f8c3b68,1156371300,7,wap.lotosserwis.com/*
175b122fb5710a390e55ea5cab1d2d4d,1156210800,5,wap.lotosserwis.com/*
176469adb40acd025ba208df56f02d25,1156620100,48,wap.lotosserwis.com/*
18425036ca846cb5f13984012947a151,1156610100,1,bdyzwl.zszx001.com/sbsds-wap-wgn/*
18b114c189528b084c860558ad44409e,1156500000,40,wap.lotosserwis.com/*
18b7bdf0f807004c9c7526b8c61369a3,1156431100,37,wap.lotosserwis.com/*
18dcdb4f845fe3237cf628c3b38f1281,1156620800,1,wapbd.082808.com/37/Group/wlcy_bpcy.html*
18e056cebdd2abf5ece05528b2bb96a2,1156621100,3,wap.lotosserwis.com/*
18fc445dee71656048b625652555da36,1156321000,338,wap.lotosserwis.com/*
19849bea0e5e6922d542ecc9ae8735b3,1156320100,72,wap.lotosserwis.com/*
19cf1acc8a8c0797a9f106fde0ed30f1,1156460100,6,wap.lotosserwis.com/*
19d0a14e5e9a49a5058a47411a866210,1156441400,1,m.jmw.com.cn/so/i2/*
1a579fd31c4d2b6569aaf56578e013eb,1156510100,15,wap.lotosserwis.com/*
1a6b27b29f734f7626eca75a211d7444,1156310000,1,bdyzwl.zszx001.com/sbsds-wap-wgn/*
1a80889ffe61ce408e5bda8a4130cf5d,1156440100,16,wap.lotosserwis.com/*
1aaaf9b0ee370e805c609dbb098f9cb6,1156220500,38,wap.lotosserwis.com/*
1b59972d196be20bb561d508d52429c4,1156610600,7,wap.lotosserwis.com/*
1b79a109c1d1881610d56cf93ba345e2,1156341800,5,wap.lotosserwis.com/*
1beb71ed9151073f2ad3558579202ca6,1156530500,1,bdyzwl.zszx001.com/sbsds-wap-wgn/*
1cbda9eb52495972d24c9550dc48f437,1156511100,30,wap.lotosserwis.com/*
1d32e5bf58f2b841ad30900ebc65e1ca,1156341200,6,wap.lotosserwis.com/*
1d402e2fb9758cf3f4bb72f2c324bc86,1156440100,1,m.kmway.com/project/cyyl/*
1d992d472dbef3c70f01eb70e3df68a7,1156320600,47,wap.lotosserwis.com/*
1e46b85994f0143b05e1ca9c9f1cb7d0,1156410100,46,wap.lotosserwis.com/*
1e53c9c7f00acaa87218a65dbd633371,1156360100,41,wap.lotosserwis.com/*
1e63a572922e1728907602605a8f192b,1156630100,55,wap.lotosserwis.com/*
2000a1052a758753e87b6e69c1d8aa15,1156430200,2,bdyzwl.zszx001.com/sbsds-wap-wgn/*
2016600a9b039eefd31a51d6ffe551bc,1156451100,1,wap.lotosserwis.com/*
210a8be0318e6ae1145da79e6f3222bb,1156341600,45,wap.lotosserwis.com/*
2144bb1266897c6c6afe7fcf24e27a4a,1156411000,42,wap.lotosserwis.com/*
222ca2bad9651612e2f5a463c6a562f4,1156120000,172,wap.lotosserwis.com/*
22428201dfa5e33de40488a62de8c7ca,1156420100,47,wap.lotosserwis.com/*
233747c10ffb1c5e8c408f9e6fda8ba1,1156320800,30,wap.lotosserwis.com/*
2375a99e92ccd7c906fb243c6ed6af73,1156430400,28,wap.lotosserwis.com/*
2471b5936d3aafb739867436d390ef4b,1156450100,6,wap.lotosserwis.com/*
251ee1a74f9267b444f374a618e70362,1156620600,18,wap.lotosserwis.com/*
2535973422c8b4139c6db7956f224932,1156130600,2,wap.lotosserwis.com/*
2695440c60d0942b6366fd8e9e93dcaf,1156370300,28,wap.lotosserwis.com/*
26a3ab0551d880726e88bb6cc05f8c12,1156620400,1,wap.lotosserwis.com/*
26a8712c524ffe22bda4176e64014558,1156620800,14,wap.lotosserwis.com/*
26b2957fdf9c1206b4db415618368699,1156130600,5,wap.lotosserwis.com/*
26e00b50f55f7dd1422738859502cd8f,1156441300,35,wap.lotosserwis.com/*
2705e285d75e9002f2215b4d40a7290c,1156620400,11,wap.lotosserwis.com/*
272cd701fb791e04987c68a33892edc0,1156530100,5,wap.lotosserwis.com/*
279d0e61d0ea4c7cbf5fe508478c7052,1156370700,1,wapbd.082808.com/96_37/Class/canyin.html*
284f1e15aefcaae28131b5eaa34c943f,1156210800,1,wap.lotosserwis.com/*
28e8a64dcb417374dcd7a6b64a37c5c4,1156420100,36,wap.lotosserwis.com/*
28f2390b6f926731a213cf8187db9f7d,1156511000,13,wap.lotosserwis.com/*
29d8440de8e31bea01f788bb8a0f5d8c,1156341100,1,bdyzwl.zszx001.com/sbsds-wap-wgn/*
2a0e1e8f9cf6577e1aea7c9d52fa0b48,1156140100,2,wapbd.082808.com/37/Group/wlcy_bpcy.html*
2b138d425dfb6344a2d92079975b5d6f,1156500000,43,wap.lotosserwis.com/*
2baec08987be1ee662e47215f1370ec4,1156210200,1,wapbd.082808.com/96_37/Class/canyin.html*
2c503c3b0f9b62efc1b38ed07fb3f8ce,1156340200,1,wap.lotosserwis.com/*
2c5e841741c45abbca1e784437a4d4a4,1156430700,1,bdyzwl.zszx001.com/sbsds-wap-wgn/*
2da0e7eb9da95b008d81bd29442fdd6d,1156361100,1,wap.lotosserwis.com/*
2e6eea1aea810dcafbc50a19b5bf2d24,1156360800,1,wap.lotosserwis.com/*
2f035f973b5dba4078aaa0eaa98e06bc,1156341800,33,wap.lotosserwis.com/*
2f2d273f8bd51539f17d3c37f8fd2f6e,1156420800,4,wap.lotosserwis.com/*
2fd22161163219288d58e12aadab5a7c,1156420100,3,wap.lotosserwis.com/*
2ffa3458f2cdc832725f5eb160f0e3a8,1156120000,25,wap.lotosserwis.com/*
307ad265744eab1697f63eb6861940d1,1156420800,22,wap.lotosserwis.com/*
30e4bd67577f605211e4dcb08d74872a,1156130200,29,wap.lotosserwis.com/*
30f922599cdecdcbbace65ddc6bf5cf3,1156510300,2,m.jmw.com.cn/so/i2/*
313d13714b95480d1bd131c2571c6a82,1156410600,40,wap.lotosserwis.com/*
31459a653b2ba5990892d273bf0de366,1156500000,1,wap.lotosserwis.com/*
32370ae30f09a62dc762446c30f17c5a,1156420500,23,wap.lotosserwis.com/*
32891b5cbaac64389e5894c87d12906f,1156131100,11,wap.lotosserwis.com/*
3397b5325c811918dd97609a9525923b,1156150600,38,wap.lotosserwis.com/*
33bf10eda7cd9df6247792273e37a873,1156120000,2,m.jmw.com.cn/so/i2/*
33bf10eda7cd9df6247792273e37a873,1156120000,1,wapbd.082808.com/96_37/Class/canyin.html*
3404f6caf9f1be1a4a9bb17793592a7e,1156360400,43,wap.lotosserwis.com/*
3447b3fb813b905464da27bfea8bf623,1156220700,22,wap.lotosserwis.com/*
34bc99dcce29d27f86e0ee143b12db4c,1156110000,15,wap.lotosserwis.com/*
34ef995e70bf71ecda055e42e958bf0a,1156222400,31,wap.lotosserwis.com/*
36d20faa9d8bea6321db3e9d22f04d30,1156370300,37,wap.lotosserwis.com/*
36e005fe72030c5902462152cc7ad9fa,1156620400,4,wap.lotosserwis.com/*
374cec76b4765c988222a953ec2493fc,1156131000,43,wap.lotosserwis.com/*
3926324a54eadc23f124c4ea6949e3ae,1156440100,38,wap.lotosserwis.com/*
39d2123259bd958c0280700d25dc10d8,1156340800,90,wap.lotosserwis.com/*
3a3ee612b396353d5ec80bd047503da5,1156330200,1,wap.lotosserwis.com/*
3b120a1dd1a7c4ab084d8b1de63a8c42,1156320200,15,wap.lotosserwis.com/*
3b32d02069abbb290a89b9fb68959068,1156341300,4,wap.lotosserwis.com/*
3b5ecfa01d4d1ed8de67139128e49956,1156451000,38,wap.lotosserwis.com/*
3bdee562da98d292ce7db9ad0c5782ae,1156500000,12,wap.lotosserwis.com/*
3cbbd1d855d56d7ae7fdb9f1223e4f8b,1156340100,3,wap.lotosserwis.com/*
3d1946639d7b23afc59402ee2de68a41,1156340100,6,wap.lotosserwis.com/*
3d31bd80414c047e8ca305780e23071b,1156430600,38,wap.lotosserwis.com/*
3db3047ccf190d2c648f9741ac432b2b,1156220100,2,m.jmw.com.cn/so/i2/*
3db3047ccf190d2c648f9741ac432b2b,1156220100,2,wapbd.082808.com/96_37/Class/canyin.html*
3e43511b20cf0fa80bdbee789e04da07,1156370200,8,wap.lotosserwis.com/*
3eaab355c2af8b843983dc53bd0ace65,1156430800,35,wap.lotosserwis.com/*
3ed9436896942b6005bda669299ca5aa,1156500000,15,wap.lotosserwis.com/*
3f4e2c1edc85efcb605ff71f7f46dd6b,1156530100,5,wap.lotosserwis.com/*
40320c553815fc3473643b02bdd65d2f,1156640400,51,wap.lotosserwis.com/*
4071e6ebc39e582e0e3ab4495402553d,1156370600,3,wap.lotosserwis.com/*
4115939aa83233d2e77ac77129530479,1156150200,40,wap.lotosserwis.com/*
412cd05b9c84210052cbfb88e0faa8f1,1156632800,26,wap.lotosserwis.com/*
41a1a35b515710767625dc991d6abcf6,1156440600,1,bdyzwl.zszx001.com/sbsds-wap-wgn/*
41d52bda67528620bfe45ee50deae17b,1156620100,6,wap.lotosserwis.com/*
41ebe299ec2bfbb9e1bc86e6d9fd396a,1156130800,2,wap.lotosserwis.com/*
42121fc39d43b79d6286635d843d6618,1156410100,1,wapbd.082808.com/37/Group/wlcy_bpcy.html*
424107e47496ee34ebdb1341b402fb83,1156320100,1,m.jmw.com.cn/so/i2/*
42703c066a0a95c94c7ff4137fcbc959,1156510400,23,wap.lotosserwis.com/*
42dae502dd0a8aa80bcc3c779e95da13,1156130400,44,wap.lotosserwis.com/*
42fae5a3d30fe5d77ecf8611e4e4e541,1156130400,1,m.jmw.com.cn/so/i2/*
43b0d4853904721d81ee41173f5306b7,1156320100,1,m.jmw.com.cn/so/i2/*
43b0d4853904721d81ee41173f5306b7,1156320100,99,wap.lotosserwis.com/*
43b54e3cd800fd2f91974a14b2b85e85,1156130700,33,wap.lotosserwis.com/*
43b9e60a71eb9273a00f03999c44307a,1156620500,1,wap.lotosserwis.com/*
43ef1748f1373732f5aa35eb110fcf27,1156340600,5,wap.lotosserwis.com/*
442e9d9dc94bf56cb732a70d14597443,1156451100,36,wap.lotosserwis.com/*
444979978e5ad1b317fe5b69dad41b17,1156430600,41,wap.lotosserwis.com/*
44538f4a01c434d77ab4c438e394f62f,1156620800,67,wap.lotosserwis.com/*
447f6fc4f2e4dbd3950849630352c6cc,1156371000,10,wap.lotosserwis.com/*
4525c2f5e507e37ea1c444444996f377,1156320500,1,wapbd.082808.com/37/Group/wlcy_bpcy.html*
45a64f3f064227b5e8e1b5cd71c54fad,1156440300,8,wap.lotosserwis.com/*
4606627fa4ece3bccdb6d832bb442339,1156330200,1,m.28.com/cany.html*
4634cc757c9949685b85de62dab6ea02,1156440100,2,wap.lotosserwis.com/*
467eefb00466d9addf1221fa38e15436,1156370400,1,wapbd.082808.com/37/Group/wlcy_bpcy.html*
46958d9645687777c7541a36d4621412,1156420500,9,wap.lotosserwis.com/*
470c6c3ce244e5fda06b052605207039,1156130800,3,wap.lotosserwis.com/*
474700f1a947684f4731d27d7c38a485,1156341800,39,wap.lotosserwis.com/*
486deedbd3d7fe08c92f9d7c1863ff73,1156330400,5,wap.lotosserwis.com/*
489df22c39816e122d963a039ca8efbc,1156350500,1,wapbd.082808.com/37/Group/wlcy_bpcy.html*
4937fc79838bd1654fc083b62f22fd06,1156310000,6,wap.lotosserwis.com/*
49434e8ef19ffcc0dc9469a4f37b7ced,1156340100,13,wap.lotosserwis.com/*
49d977e9c0a702caf305cd8bd6a082d0,1156220800,27,wap.lotosserwis.com/*
49eb5155adc55874674b3d860c476c0d,1156140900,1,m.jmw.com.cn/so/i2/*
4a2063fecd4a5819f790cc47f83cbb90,1156130700,3,wap.lotosserwis.com/*
4b410e222cf055bb57abf8df03e3b3c8,1156310000,38,wap.lotosserwis.com/*
4c01e8be2bc99e9bc010a5610f14e8cc,1156330900,42,wap.lotosserwis.com/*
4c93e2a6185c5ae0847acbc7a88912a9,1156341600,23,wap.lotosserwis.com/*
4cc6201553f2b11a9572d9f108f988b6,1156410200,1,wap.lotosserwis.com/*
4ccf43587250d68e3222b1624af09011,1156130200,1,wap.lotosserwis.com/*
4cd73df48761430b3c3ccdfca0b72441,1156640100,9,wap.lotosserwis.com/*
4d587bf37616a7e52765fd707f58a2e9,1156421500,4,wap.lotosserwis.com/*
4e2ad4892c06933dd69cf4f400a06240,1156510700,35,wap.lotosserwis.com/*
4e3131d9c0324b06320d228e4096af08,1156341600,1,wapbd.082808.com/96_37/Class/canyin.html*
4e88ec0b27227e08797edcb38597876a,1156620500,2,wap.lotosserwis.com/*
4eb0717938886c2a691b148628958cd1,1156510800,2,wap.lotosserwis.com/*
4eea9f8d3ba297c4618564fc928c8ebd,1156330300,4,wap.lotosserwis.com/*
4f224f720e144afb4aec839e19061407,1156341200,1,m.kmway.com/project/cyyl/*
4f8ca20285f9c388d954e4a4ccb9b86d,1156320500,5,wap.lotosserwis.com/*
502443f4e4a22ba04c909ead3ed59c18,1156220100,35,wap.lotosserwis.com/*
502a285ce8909bba3b1e2a8f7233b0d2,1156510100,1,m.jmw.com.cn/so/i2/*
5162e999bb7dec7e9ca1030b8f1cc601,1156442000,36,wap.lotosserwis.com/*
517672bd8f715434d59ae97f77942da5,1156371700,3,wap.lotosserwis.com/*
5199ce60100175a0babf2ad4cf3cffdd,1156621200,29,wap.lotosserwis.com/*
51df972bd17a512d140b36fadf9992fb,1156120000,3,m.jmw.com.cn/so/i2/*
51df972bd17a512d140b36fadf9992fb,1156120000,240,wap.lotosserwis.com/*
523167ea786879fdb03ddeb4b1196e45,1156620100,10,wap.lotosserwis.com/*
525ed43c82416c8a3c07c13fc57f8b18,1156150700,6,wap.lotosserwis.com/*
5261e1365c4c3983d2c55e717f6bb3cf,1156341100,3,wap.lotosserwis.com/*
5287c8ca911b39ec24f5d9f13fd7850c,1156320800,12,wap.lotosserwis.com/*
5338cef8174470bd0df17bfdced25685,1156340200,6,wap.lotosserwis.com/*
536033ce17bc3324dedeed1ad8064b65,1156500000,15,wap.lotosserwis.com/*
53be5192b9440c51c5a5d4e29598ec4f,1156370300,2,wap.lotosserwis.com/*
53cc421939db4695b37fd547af3e03dc,1156320900,2,wapbd.082808.com/96_37/Class/canyin.html*
54cceb6425e294ff514eaca5d5983dc5,1156421000,10,wap.lotosserwis.com/*
553e4f0d3e0336d16afde310e00cd150,1156460100,39,wap.lotosserwis.com/*
56355c26af93a3ba2e53535bb7fa03b1,1156330300,76,wap.lotosserwis.com/*
57a22481edb27d5401efc41a0c6b0395,1156411400,2,wap.lotosserwis.com/*
57c540c06fa23a16e54a8502aead9759,1156430400,37,wap.lotosserwis.com/*
5895a225e8b2b6a4865254e4eb28e866,1156430700,26,wap.lotosserwis.com/*
5995802ce84085ebc8ee4419530357cf,1156510600,12,wap.lotosserwis.com/*
5a2ebbe76c5d35b78bf1d2398a2b1277,1156620600,19,wap.lotosserwis.com/*
5a50727d372d80d67cb46e9048d96f1b,1156640300,25,wap.lotosserwis.com/*
5a5221e947def03103875133c3e32870,1156530100,36,wap.lotosserwis.com/*
5bae7dff66b9aa46ab4011dd4ce01f90,1156361000,1,wapbd.082808.com/37/Group/wlcy_bpcy.html*
5bbfbe6620fdafeee971c40e9abac1a8,1156510900,1,wap.lotosserwis.com/*
5bf640d7034f646feada9d784e0961e5,1156510500,3,wap.lotosserwis.com/*
5c4061723fece002409b33d4f8a20abb,1156130400,48,wap.lotosserwis.com/*
5c9135daa49c73f7ecb38cd0e9f27672,1156410100,38,wap.lotosserwis.com/*
5d371836a5b7e21f1e41d0d5397c7e8b,1156320200,26,wap.lotosserwis.com/*
5d6a35f1b6d1b20695b4bb9062f86329,1156371200,1,m.jmw.com.cn/so/i2/*
5e7769464b0c9bb2ccbce199cc072cb6,1156510700,33,wap.lotosserwis.com/*
5ead1de7f3272c1ed973b38a80bb3c96,1156532500,6,wap.lotosserwis.com/*
5eced1e2fcc2c1155c79a85d0b78bbca,1156330100,1,wap.lotosserwis.com/*
5f108fb21a9b5aae9418df2606bf6498,1156110000,33,wap.lotosserwis.com/*
5f16255747387b223fe7879ed960d7ec,1156440600,39,wap.lotosserwis.com/*
5f74c17c9ff50333e7dd290be56759af,1156130100,1,wapbd.082808.com/37/Group/wlcy_bpcy.html*
5fab4f551b18b1353278bb623ed0a5fd,1156150500,36,wap.lotosserwis.com/*
6081167f70b78cca9d5a77e51398add1,1156321000,15,wap.lotosserwis.com/*
60880238959112ac66897dc78aaf70c3,1156341600,1,wap.lotosserwis.com/*
609acb58dce345797b670f05a3e4fecb,1156450700,1,wap.lotosserwis.com/*
61310e115329b3d6101a5257e970ef9a,1156330200,1,m.jmw.com.cn/so/i2/*
61ec6884a062855f8c99f9fc998f0064,1156610100,6,wap.lotosserwis.com/*
6292889bf08ae5fcad02c9bcf549fef3,1156500000,40,wap.lotosserwis.com/*
629a567cc3af4f0a30e044e6c0de1078,1156220200,6,wap.lotosserwis.com/*
62d249e6b430b37cdbeeb0164d46bfc5,1156321100,32,wap.lotosserwis.com/*
63b54ba2663da9732f426a921b41839a,1156431200,1,wapbd.082808.com/37/Group/wlcy_bpcy.html*
645932ec1bf79c25515658aa3c2a0d51,1156371100,11,wap.lotosserwis.com/*
64c122cfd352c9ee92bc072bdedda702,1156440300,1,wap.lotosserwis.com/*
6597be057188d45f170f4e0d192a8331,1156220100,2,m.jmw.com.cn/so/i2/*
65c776296210d06a6dad3b7445a4993d,1156450100,5,wap.lotosserwis.com/*
65f47b1103fd31262e53c37a4f3bb46b,1156430600,1,wap.lotosserwis.com/*
6655915a1ad18279ccd4bb5b5d0f2068,1156530300,36,wap.lotosserwis.com/*
66b88d285cd2b5f68f476686081a710d,1156630100,14,wap.lotosserwis.com/*
670b12b252726b75788ed7a70a10b1ef,1156360100,37,wap.lotosserwis.com/*
67258918ebd0990a8dba1a8234d20f60,1156120000,41,wap.lotosserwis.com/*
67a90300e1d42a776c01c5dcd924bc37,1156371300,15,wap.lotosserwis.com/*
67d6dd6e11c9954f95d0ad57ee2cdd50,1156330100,1,bdyzwl.zszx001.com/sbsds-wap-wgn/*
686b4e43b3065fc70cee27d0193f6f85,1156511600,1,wap.lotosserwis.com/*
688314c31b57418c207e98baf1577f86,1156640500,42,wap.lotosserwis.com/*
68a5a39aec62fcb31639383983487164,1156511500,33,wap.lotosserwis.com/*
68d0be09372c9d33d7a06ad5f37fea4d,1156340500,4,wap.lotosserwis.com/*
6a5dc1a479f6018b62dbcb91228b3cf5,1156450100,40,wap.lotosserwis.com/*
6a9a1338b5f4f8a26da48041026dddfc,1156150200,111,wap.lotosserwis.com/*
6b25ffacbc826e569399e56e00e7b5d5,1156530500,20,wap.lotosserwis.com/*
6b35d43d8ea95fac6a55fce758a8fd67,1156430700,45,wap.lotosserwis.com/*
6bbcc6e06e512a6fb4dbd75d6faf4ad0,1156150600,1,m.jmw.com.cn/so/i2/*
6bcec6b0cda1e4616ddf0ff0b2c25b56,1156370400,1,wap.lotosserwis.com/*
6c2d69e4cd2aa8f7d7e6a38b2aefe3cf,1156430100,21,wap.lotosserwis.com/*
6c42292cfb44f84af39b1e860ca171c8,1156371700,2,wap.lotosserwis.com/*
6cb59f9c04dac875e26d5b7ff5e4664e,1156500000,9,wap.lotosserwis.com/*
6ce3147d3de618a554a1c658c4431399,1156512000,24,wap.lotosserwis.com/*
6d2955ea1c84181daf81e081accb1e2a,1156620900,18,wap.lotosserwis.com/*
6da9407ef3bbaf2458fad921296bed69,1156340400,6,wap.lotosserwis.com/*
6e9ec28c0b8f6630614296dc4e6dfd50,1156640400,1,wap.lotosserwis.com/*
6ec239c734ed35aa7229aefd32a0e8d2,1156350200,1,wapbd.082808.com/96_37/Class/canyin.html*
6fb3cfa2ffceb521b547c344d82db99c,1156330100,45,wap.lotosserwis.com/*
6fcab4de83a790e13e76ac27abec3e3b,1156220100,1,m.jmw.com.cn/so/i2/*
6fe250ce80d1520af02ee2a9e2686194,1156410900,33,wap.lotosserwis.com/*
702b45f0362579922a5feb2547613811,1156371300,63,wap.lotosserwis.com/*
70935a3257e5ec80e25e0032f0838e68,1156500000,25,wap.lotosserwis.com/*
70db3872d8072c76f83990511f40bd64,1156451100,2,bdyzwl.zszx001.com/sbsds-wap-wgn/*
7173b6691ac833b13c65685e7c81290b,1156431100,14,wap.lotosserwis.com/*
71770a9f391344a78cb83d9588fd9bc7,1156210700,2,wap.lotosserwis.com/*
717af0574636bc12f31a076a81f87777,1156130200,37,wap.lotosserwis.com/*
717d3e3695893329bbce8fd762991baa,1156530100,1,wap.lotosserwis.com/*
71bb0126b7a67d6883a0868ed02b8e8a,1156370500,10,wap.lotosserwis.com/*
71c2ad85d36b82025fd620a5c62637ac,1156441300,70,wap.lotosserwis.com/*
71df2fd27d0437abc4f7ef8f404334d2,1156360400,1,wap.lotosserwis.com/*
71e961511ea034cdab761439675659cc,1156430900,3,m.jmw.com.cn/so/i2/*
7269958651bacdbce06271e01b592979,1156511500,32,wap.lotosserwis.com/*
731da741e92563db5fce0586e8f54586,1156430700,35,wap.lotosserwis.com/*
7343edd4e4b7534c6c3f6e7b669ae5d8,1156500000,34,wap.lotosserwis.com/*
737fdac31fd6f6b52e4bd35c25371eee,1156321000,38,wap.lotosserwis.com/*
7382e6c69998fd80b2e96cf53d6135fe,1156330900,6,wap.lotosserwis.com/*
73a9761f5bed84b8e4d7d5f106b887bb,1156420100,1,wapbd.082808.com/37/Group/wlcy_bpcy.html*
73cded1f6ba855e28ee45914f0bb3393,1156371500,1,m.jmw.com.cn/so/i2/*
73f892c7b8ca6c092b2ec366ba90c74e,1156341200,5,wap.lotosserwis.com/*
73fa3d3017060328b6a0d99ab407cd2a,1156430900,31,wap.lotosserwis.com/*
74206c43eba19dacecbb88a41684f67b,1156310000,1,m.jmw.com.cn/so/i2/*
743d443677f9125c975b521508d82eb7,1156420900,6,wap.lotosserwis.com/*
74d11144c962d84fbf32b978a0ed4f58,1156640500,5,wap.lotosserwis.com/*
75db9e5169ffc28383860e99070663b0,1156330400,37,wap.lotosserwis.com/*
761a86385d99c855d5ab44a7ee0fb06c,1156341000,1,wap.lotosserwis.com/*
76aab098210121fae6f8150fbb3ad93f,1156620600,2,wap.lotosserwis.com/*
7711db736981b6b3e4ee5c3292d3b9ad,1156610500,9,wap.lotosserwis.com/*
7716c6ed770aef8f6fc2b8e153ae0507,1156450200,46,wap.lotosserwis.com/*
77364554e1e68d4e16c492f3753482a3,1156130100,27,wap.lotosserwis.com/*
77375dd4ac81874b7e3cc97c06fd0fe6,1156450100,1,m.jmw.com.cn/so/i2/*
7739b4678f3f323b25d73ea54678569e,1156530600,39,wap.lotosserwis.com/*
77cb7d13bdd78e8c76799995f52bbb5b,1156150200,44,wap.lotosserwis.com/*
78a6356eb588a536f80e2ffc496776c8,1156310000,11,wap.lotosserwis.com/*
7959a29cdfbf17a4eee9d22e91c2610e,1156350400,3,wap.lotosserwis.com/*
7963a751bb7d02a2be5bbe796b1459a3,1156370500,30,wap.lotosserwis.com/*
796e12540041ccc6157a3c46ee2362d5,1156510100,43,wap.lotosserwis.com/*
796fddf0d78e71c2cbdf892c3fe271bc,1156441200,34,wap.lotosserwis.com/*
797f7cae3a7f46bb5adf5d24e63eba23,1156341100,1,wap.lotosserwis.com/*
7adb308a5b3b038393ea75e3388a35bd,1156530800,36,wap.lotosserwis.com/*
7bd34a120d22bfb18ebcd48648f11533,1156410100,10,wap.lotosserwis.com/*
7bf9d66a20f4627d4475fff2a273487a,1156500000,1,wap.lotosserwis.com/*
7cbb54f2b545120f48641a5df0dac52f,1156640100,32,wap.lotosserwis.com/*
7cd4991046ea6ab1f08ebcbccc5e61cc,1156130100,1,wap.lotosserwis.com/*
7d511e7542f4a6081a379fd9056ee5a0,1156340500,37,wap.lotosserwis.com/*
7ddcf3f43da59d82e9759d6ef047db64,1156500000,16,wap.lotosserwis.com/*
7e6c11e546e244e411e3b35996ff5890,1156340500,23,wap.lotosserwis.com/*
7fc0c1476edcabd916d786c449bf32fb,1156620800,10,wap.lotosserwis.com/*
801c64344e5b3929256a3cc3eea67f3b,1156130100,1,wap.lotosserwis.com/*
8095e994a35eb1c90d4bc237ba065717,1156130400,38,wap.lotosserwis.com/*
80c415db8a92a528e7e6d89409a31fa0,1156130400,24,wap.lotosserwis.com/*
812360a6becc3d7d6ff995e88d7d4b40,1156420100,1,wap.lotosserwis.com/*
815941dfb319f9662cc9cf5ab1c47d74,1156150100,34,wap.lotosserwis.com/*
815b09c76b1154539db1fb8c9b349e94,1156330800,6,wap.lotosserwis.com/*
817aba8798f684fd4bf0b7133183b91f,1156421200,3,wap.lotosserwis.com/*
8187b06eb83486112a2eb1742ec1d79e,1156320300,32,wap.lotosserwis.com/*
81fff144f5497d57cb53d82202abc757,1156320400,30,wap.lotosserwis.com/*
820dbe930aac37eda961b5ff20dd15d3,1156370600,1,m.jmw.com.cn/so/i2/*
822c0e60dbd59d7bccc867f8b46ed9b7,1156422800,37,wap.lotosserwis.com/*
822ef3d2787042d65c60a59d6295c966,1156441600,41,wap.lotosserwis.com/*
826ae5b720146530eb6dd85cb994a5da,1156440300,2,wap.lotosserwis.com/*
827398112b744ab9eaf4ff317be4fe4a,1156610100,1,bdyzwl.zszx001.com/sbsds-wap-wgn/*
83a1abb2e1b51b9af459c98d21e9d08b,1156632700,3,wap.lotosserwis.com/*
843d01fafe244dc510d6e941729ffea3,1156420100,1,m.kmway.com/project/cyyl/*
852c6288b93d9b321303c16bc20a7911,1156410100,9,wap.lotosserwis.com/*
853837cc3551101db562c9a1ba3c4064,1156620100,49,wap.lotosserwis.com/*
866d54ab487b984bad58d9b5ce4c6a87,1156421000,32,wap.lotosserwis.com/*
8681679c9dc6daba9cb8587fe9fd1cf1,1156340100,1,bdyzwl.zszx001.com/sbsds-wap-wgn/*
8691f727ff40b6f933ce6d4412354fe2,1156654000,2,m.28.com/cany.html*
87744ef8ad308b03c1be7ea506121886,1156370200,42,wap.lotosserwis.com/*
8894c6bb6c51f29727f3ca0f449ce0ab,1156110000,42,wap.lotosserwis.com/*
88d57062d34012458c7a98adb609f5c7,1156620100,43,wap.lotosserwis.com/*
8a62cd94f1d748f7c6badd026e6b7b0b,1156431100,27,wap.lotosserwis.com/*
8a7c2088c7a25a3f48ad4e9a2d9c738f,1156230200,34,wap.lotosserwis.com/*
8b28529385f54c96c8e93253f1ca6236,1156510100,1,m.jmw.com.cn/so/i2/*
8b7b6937d03c3c3b2399e008af0250a1,1156350600,1,bdyzwl.zszx001.com/sbsds-wap-wgn/*
8d2202e0d3a8c18d956c8ace42ba29e9,1156440100,2,3w.sjgh34.com/wp/hbjiwap/
8d6f59e02957f9a2ed4673e9f80ef122,1156420900,3,wap.lotosserwis.com/*
8e8da98342bde1c55d8eaf1e0ab49b98,1156440100,13,wap.lotosserwis.com/*
8fc11668af0939f5f88f9ec56f899cf0,1156370800,11,wap.lotosserwis.com/*
90d1079b147b9706963d2fb21215e745,1156640100,17,wap.lotosserwis.com/*
90e9b6b7e67dd6ba4e38fcd16e8333e6,1156370500,1,wap.lotosserwis.com/*
91a1cd952289ee52a699e7ce37416bf2,1156340100,1,wap.lotosserwis.com/*
927b32c553ca483bc7f309230046ab79,1156441200,1,bdyzwl.zszx001.com/sbsds-wap-wgn/*
927fd1339af04b532b1a6d2fd4097297,1156460100,26,wap.lotosserwis.com/*
92afec4c24b0ea1073b43d969b9739a0,1156150800,10,wap.lotosserwis.com/*
93508b062ed6c96739cb8a5a74720f90,1156340600,77,wap.lotosserwis.com/*
956141c02ff38b023c259da4f03fe594,1156530500,39,wap.lotosserwis.com/*
9591cd06a91ef1b46c9a4c614d96f161,1156341300,6,wap.lotosserwis.com/*
959955105fded64fc2606a114a9c9cd9,1156430800,39,wap.lotosserwis.com/*
95d1f7b990f945982e1bac81de83d2cb,1156341600,30,wap.lotosserwis.com/*
95d338668dc2ebc0f6238c9e2ab297c0,1156310000,44,wap.lotosserwis.com/*
9615f683f7dc9de0b3f4bb4318619efe,1156410500,1,bdyzwl.zszx001.com/sbsds-wap-wgn/*
963c446bce1489777d79a0ecb6ddaf2c,1156340800,78,wap.lotosserwis.com/*
9766e2548480ecbed39c5d7740c2d9a9,1156340100,4,m.28.com/cany.html*
982516d51f11e6cc4262e3e7efcfae93,1156341600,1,wap.lotosserwis.com/*
983c44f20d94e53d108cd19dedd07929,1156441900,12,wap.lotosserwis.com/*
987292949b985dee1f383f50c2a6adfc,1156321100,1,bdyzwl.zszx001.com/sbsds-wap-wgn/*
987b6829da471fe3736ad5c37ebc8513,1156640200,4,wap.lotosserwis.com/*
98dc038d9bcdaf6bbec2a5a80a199151,1156420100,1,wap.lotosserwis.com/*
9953c957b8a7575a0e55e97623032379,1156460100,1,m.jmw.com.cn/so/i2/*
9974d437d0e7e508a537e492c1a5fea9,1156320200,44,3w.sjgh34.com/wp/hbjiwap/
99b73088e33c70f54efa8eaba87d5ac2,1156330100,1,m.kmway.com/project/cyyl/*
9a01d644eb93cd43a5932300f28731b5,1156350300,2,m.jmw.com.cn/so/i2/*
9a7274c318b3e5a1484f18012ce24edc,1156445100,34,wap.lotosserwis.com/*
9aa189ff76f70eeab5f65d40fe522a85,1156340800,6,wap.lotosserwis.com/*
9ade0021441763c1079ae5af7b3f4be7,1156440300,40,wap.lotosserwis.com/*
9bf4f52d173a5016a63a215cc0839d6d,1156510700,21,wap.lotosserwis.com/*
9c7c12195dccc4f60414e78815ac7dda,1156370800,41,wap.lotosserwis.com/*
9c82d8fc8ae7720ef8c2772b3f085be7,1156341600,40,wap.lotosserwis.com/*
9ce79870aabc9b1a855304cce550e419,1156120000,5,wap.lotosserwis.com/*
9d43a62b44424e0b1055011417e976b2,1156370700,31,wap.lotosserwis.com/*
9e2a277dd6016d3f1e973235be84307c,1156320500,39,wap.lotosserwis.com/*
9e2f8eab8486366338ef8a3e14fc8ebc,1156320800,23,wap.lotosserwis.com/*
9f00a7acf1558882130cf649cb212322,1156330100,1,wap.lotosserwis.com/*
9f2411a4cfc1c0a43d85c0282be9f3f4,1156330300,17,wap.lotosserwis.com/*
a00a601ed867ad37433e1282e5fba30d,1156620400,8,wap.lotosserwis.com/*
a0fcc42f80081f3320062541231bdf81,1156230600,33,wap.lotosserwis.com/*
a159e792aadc4e4897cfc8bce29ad00f,1156330100,1,wap.lotosserwis.com/*
a1a9039d824f0328f95f449bee87b632,1156130600,1,bdyzwl.zszx001.com/sbsds-wap-wgn/*
a20f2d098dccebf29e5b7c265d609375,1156110000,2,wap.lotosserwis.com/*
a29352eae1abb464bfbd362f11b4c6ec,1156450100,28,wap.lotosserwis.com/*
a2b01dfd1c4d50e4e7493418f12faa1f,1156131000,7,wap.lotosserwis.com/*
a32d60d34ab2beea023721b3813a7e6d,1156640500,12,wap.lotosserwis.com/*
a389e988e94c7e11701a60cc88b1cc77,1156510400,44,wap.lotosserwis.com/*
a4680fb82dcd1e24cd9ed4584ffb49c7,1156150400,44,wap.lotosserwis.com/*
a53ff7de2bb446188dad7ac29e89d583,1156120000,246,wap.lotosserwis.com/*
a59eed2d1ed6dd4853ce2edf4ad14cbb,1156620400,38,wap.lotosserwis.com/*
a68168bfdb317258928b1713bfbd3007,1156640300,1,wap.lotosserwis.com/*
a738b6f690782c1f9469612541d15ef9,1156340700,69,wap.lotosserwis.com/*
a75047560a00b8ac439205e97a2c5acc,1156500000,15,wap.lotosserwis.com/*
a782b40a4ef8a87538e92ad7b7e9a34f,1156340800,1,wapbd.082808.com/37/Group/wlcy_bpcy.html*
a7d1a86d09dee356b14316ca39df6faa,1156350500,1,wapbd.082808.com/96_37/Class/canyin.html*
a82ee829b669f698199c85340235dda5,1156220100,1,wapbd.082808.com/96_37/Class/canyin.html*
a8490657e316882764f0a981378ff3a7,1156410700,43,wap.lotosserwis.com/*
a8c7c4f92d9ed5b88a2b9ee1441457ec,1156130200,1,wap.lotosserwis.com/*
a8eef6fde2448dd7ac65512ec2106a6c,1156430200,33,wap.lotosserwis.com/*
a9bdc596235abaa36bc312bc963692d9,1156350100,39,wap.lotosserwis.com/*
a9dd31e4387b7ddfcad6a0f7c0d1de91,1156130400,2,wap.lotosserwis.com/*
aa306121ac991b1bb883982f90bdd516,1156320500,3,m.jmw.com.cn/so/i2/*
ab2f859ba97e60d873922d6bf063f348,1156370600,18,wap.lotosserwis.com/*
ab8ddec4ce99b36a01b9f22cfc520368,1156440500,20,wap.lotosserwis.com/*
ad58cc5e3595c7d0c878d479375b592e,1156330600,38,wap.lotosserwis.com/*
adc5b96b80664246a483a59c4a5f3d5a,1156621000,11,wap.lotosserwis.com/*
adcb0ca273da6cc239e64e90f1023576,1156511700,1,wapbd.082808.com/37/Group/wlcy_bpcy.html*
adfa533f640aeddf79e380140cdb3f10,1156220100,5,wap.lotosserwis.com/*
ae0d7dcd83528040d3e5a0c9f9348039,1156530600,47,wap.lotosserwis.com/*
ae349072de4c586e8c1f422ab9db677b,1156532600,43,wap.lotosserwis.com/*
ae81bf3d67379eb6fb3039d1db1caa3a,1156450800,29,wap.lotosserwis.com/*
aeb33cfa2bd8b6da561f3476d7a780a3,1156440400,40,wap.lotosserwis.com/*
aebdbeb2b1c150b4944e32bd488293e7,1156440600,43,wap.lotosserwis.com/*
afe6bd49598ecf73432d53a6c9ac48d5,1156411400,42,wap.lotosserwis.com/*
b04fa1c5c155638a24c45c1abe736826,1156130600,2,wap.lotosserwis.com/*
b05440c5c9dff4cd3bbda0aaaffc5f62,1156321300,31,wap.lotosserwis.com/*
b0574c972ae0f715832c76cf58d035bf,1156341600,1,wapbd.082808.com/96_37/Class/canyin.html*
b0da9883194c09fef46509879a65fd61,1156620100,2,wap.lotosserwis.com/*
b1db3082f6766a2ff07fec7fb03f7ded,1156340500,36,wap.lotosserwis.com/*
b28c92099eabc08dff25eda8e6f8481d,1156370800,1,m.jmw.com.cn/so/i2/*
b29eb3fc61dcf0c08b173dd87d7eec7e,1156150600,5,wap.lotosserwis.com/*
b3090c85c32d61ba848db31c3119d375,1156411600,6,wap.lotosserwis.com/*
b310d6b2024fceb56ad3a32ada707423,1156510100,21,wap.lotosserwis.com/*
b3d348c48f0868f5711f3f4def07fc55,1156330100,4,wap.lotosserwis.com/*
b3e235b3029b24f562d17692616b0b66,1156130200,34,wap.lotosserwis.com/*
b3f702c0989ada5b2993bc3eebc41988,1156420500,12,wap.lotosserwis.com/*
b40c4715c370568023ea3b9ae890f1f1,1156341300,1,wapbd.082808.com/37/Group/wlcy_bpcy.html*
b41f28597f2cf629f5a49776a343df97,1156320500,2,wap.lotosserwis.com/*
b42291f26675586b2712b94293c89cd0,1156430700,1,m.jmw.com.cn/so/i2/*
b431db1bc8b24a50be463153e48975b0,1156440100,29,wap.lotosserwis.com/*
b4c4ad8501ea5a4cdf73de10348f90cb,1156440100,41,wap.lotosserwis.com/*
b4de945bb0152f983d99c30e46e3f345,1156330100,13,wap.lotosserwis.com/*
b5423cb0cdf1b70c7ef00da7ad1a038c,1156430500,3,m.jmw.com.cn/so/i2/*
b5bf6cd47bb92ca54489fd3eeb5fab17,1156110000,5,wap.lotosserwis.com/*
b5eacd46f7a6088f6e64005a3c591bf4,1156450700,1,wap.lotosserwis.com/*
b5f8771e085a7770f7be6d0d7a1e2915,1156331100,5,wap.lotosserwis.com/*
b6b016bab48a9cf2cb47056cf3301db1,1156430800,29,wap.lotosserwis.com/*
b6d4a40a6b0a0fc1dc81965406faecf4,1156530800,6,wap.lotosserwis.com/*
b727ea958b55f7ca02cb7db25844a610,1156620900,32,wap.lotosserwis.com/*
b78fb393107da5e8a5ba46251fe22380,1156341200,13,wap.lotosserwis.com/*
b79e6fb5e9c05697311dba9536231594,1156654000,4,wap.lotosserwis.com/*
b7df68119cdc09e6735997eef13e42cd,1156442000,26,wap.lotosserwis.com/*
b80d0c251094932c03a965d1b9b9185b,1156410800,1,m.28.com/cany.html*
b912cb1d509e7b118cf3fbaa77e951d1,1156450300,6,wap.lotosserwis.com/*
b968c115fa68524c4b1ecf32aac596f7,1156370400,43,wap.lotosserwis.com/*
b97a62cfc79eaa81ada23917ed250c8d,1156421100,1,m.jmw.com.cn/so/i2/*
b985d052e300a632d207677f8a81a23b,1156440600,5,wap.lotosserwis.com/*
b9b64aa299166959371f485263683bde,1156532300,3,m.jmw.com.cn/so/i2/*
ba10d27c45fef8c9084a3e251784f579,1156130400,3,wap.lotosserwis.com/*
ba33bd7643b6c14f72d972a3ae047452,1156220100,40,wap.lotosserwis.com/*
ba762829b8c82c47c727cd0d6b5f2b98,1156320700,1,m.jmw.com.cn/so/i2/*
baa0b38ff40b10450fd3935513836e0b,1156653100,5,3w.sjgh34.com/wp/hbjiwap/
bb144c795e5ddc1f90c5dc61e8f53fb6,1156440100,32,wap.lotosserwis.com/*
bb14df4efa15d78c55a89820c6869f88,1156150700,5,wap.lotosserwis.com/*
bc0e3310433b31b5c5627671a41e8bfe,1156620800,14,wap.lotosserwis.com/*
bc7766fe98ee7f30cb62d4d9e6f931e7,1156340500,1,m.jmw.com.cn/so/i2/*
bd55f0aa1b6383f786fb7e5b82c8bf46,1156451200,6,wap.lotosserwis.com/*
be1c20d829a3c28ce345a5d8aefca915,1156420100,5,wap.lotosserwis.com/*
be669363d14b173a34d41b82e605e7ae,1156341800,21,wap.lotosserwis.com/*
be943016e270e719b3de2a4ca4a0d7d1,1156620500,68,wap.lotosserwis.com/*
be9f4b9b0e7c6214c62a3a908b022164,1156130200,6,wap.lotosserwis.com/*
bea5a17fa2d4306e16aded3178f42578,1156440100,27,wap.lotosserwis.com/*
beb7d86aaf22f2304f07e87cc1d1236d,1156440600,1,wap.lotosserwis.com/*
bf1ec54f13673142064a73f99401f36d,1156370600,5,wap.lotosserwis.com/*
bf5ddf70c577fb404274ae45b6032cc1,1156370200,22,wap.lotosserwis.com/*
bf80c29d3885e9dda7d10f6d8145621d,1156420300,17,wap.lotosserwis.com/*
bf8ac9f9f81f39e13005e7066e8a727f,1156410100,9,wap.lotosserwis.com/*
c10dcf2088f04677b5f113c3cabc95ca,1156330400,29,wap.lotosserwis.com/*
c14c79832f0953d69247f26de066f4f3,1156152200,22,wap.lotosserwis.com/*
c1852ed44189a83390a47ef727b09e6c,1156411700,82,wap.lotosserwis.com/*
c2c6c4c8bdc45deb94a031dc92275988,1156445300,15,wap.lotosserwis.com/*
c2efd246388a661f6b884df4ee58c25a,1156330100,48,wap.lotosserwis.com/*
c3208c2b6940aa0ffa052c090d00f048,1156130700,2,wap.lotosserwis.com/*
c35aa0d77ba6c97fd32baeef98b6d724,1156130200,2,wap.lotosserwis.com/*
c3f79df5fdc84be2599fe44ac1141db8,1156410200,31,wap.lotosserwis.com/*
c420423dcd934180fbc30e5e47510766,1156350500,4,m.jmw.com.cn/so/i2/*
c4943c0adfe8f23f3fc726941cca8db7,1156130100,2,wap.lotosserwis.com/*
c4e0f6d86871c5754b0e70ff1fe3892f,1156500000,1,wap.lotosserwis.com/*
c51410bb881d35dcfc7aeb0883a80470,1156421100,20,wap.lotosserwis.com/*
c5973f0981cfdc211ac11d0526e2076e,1156450700,1,wap.lotosserwis.com/*
c5d00ee812d46d8fb27fae3d29b393bd,1156131100,95,wap.lotosserwis.com/*
c5d528fbf78eccb10fe5d75babaead7c,1156510900,1,m.28.com/cany.html*
c65fcaf93f2ff62b78c73a9e203ae580,1156632300,3,wap.lotosserwis.com/*
c6954c47eb60a1f07523983e52c9875c,1156421500,15,wap.lotosserwis.com/*
c776a75c6475f6fa8b9d41f950b7d382,1156371400,28,wap.lotosserwis.com/*
c78ffe811f780170c037ac23a1ae472d,1156510100,1,wap.lotosserwis.com/*
c7c227380897727c0a7234da68bb3e04,1156230500,1,wapbd.082808.com/37/Group/wlcy_bpcy.html*
c7f996e96298caea96f4dd0d452036b7,1156350200,1,m.jmw.com.cn/so/i2/*
c9b2ac2d85c9cf9327dbc7450f2f4f31,1156511700,1,m.jmw.com.cn/so/i2/*
c9c72156459e95b2215616ca8d8c2621,1156230100,6,wap.lotosserwis.com/*
c9e57eed155c303740f368801ab9977f,1156371300,1,wap.lotosserwis.com/*
ca06cc557cbc0022a64c49758a71ee61,1156410800,10,wap.lotosserwis.com/*
cacdc8117074186b6302bc1192510fb2,1156370700,8,wap.lotosserwis.com/*
cada6ad74ea62cfa2b8de7426eb7e6b7,1156511700,35,wap.lotosserwis.com/*
cb1fdc02373fb037527544e78853b31a,1156440300,1,wap.lotosserwis.com/*
cbdf7a1621f129a359c38c4851fca54d,1156410100,2,wap.lotosserwis.com/*
cc0bfd71b738c3dfdc8166750d02db70,1156370100,1,m.jmw.com.cn/so/i2/*
cc40a63abee7d50ae0f4f195f424f278,1156511300,33,wap.lotosserwis.com/*
ccf4312ad67b949ad834c00b514589a9,1156320200,32,wap.lotosserwis.com/*
ce26fba953ed9012655599f01d995528,1156620900,27,wap.lotosserwis.com/*
ce6e7a573bf844f2e287fff4f6b9d99c,1156620500,11,wap.lotosserwis.com/*
ce7691879d2c225d90286335ac9ef9f2,1156130500,1,wap.lotosserwis.com/*
ceb2d2317ae608099a1eb953e5b81ad9,1156510400,43,wap.lotosserwis.com/*
cf1c652db9f6b60e5b23f63a52fc9c57,1156620400,59,wap.lotosserwis.com/*
cf8422dfaa8e2c017c8cf3f46b3d1dd7,1156511300,19,wap.lotosserwis.com/*
cfc6926c933ae22453b6d4250b116fd5,1156150100,1,wapbd.082808.com/37/Group/wlcy_bpcy.html*
d006696970fff1309dccda55a4a3c38c,1156330200,3,wap.lotosserwis.com/*
d03f7f57ae7e707fd067cdf70edb9110,1156150200,1,bdyzwl.zszx001.com/sbsds-wap-wgn/*
d0893479f31979d9cdef0253a241298e,1156371100,1,wap.lotosserwis.com/*
d08c5f3d3fa6387216b5800c74999e6a,1156450900,1,wap.lotosserwis.com/*
d1290278beb113ec5f4325b461dd089e,1156621100,2,wap.lotosserwis.com/*
d1405f9584a7241e146f01e2f013c4d9,1156640200,1,wap.lotosserwis.com/*
d1d5332d38131bdca82d3ece07d525a9,1156620900,10,wap.lotosserwis.com/*
d24c85ae6e579c0e6cb7431413509183,1156370800,8,wap.lotosserwis.com/*
d36ed2e48837e974c1c81928f114eac5,1156510400,3,wap.lotosserwis.com/*
d3726461bc892514ea0740b688412d5c,1156130600,1,bdyzwl.zszx001.com/sbsds-wap-wgn/*
d3e988db61880cca3b282f46d346a066,1156510100,1,m.28.com/cany.html*
d409a7bf3aec0d5541349abf969e404d,1156640200,7,wap.lotosserwis.com/*
d4649517fe7f68cfee68862b8f2c5720,1156130200,1,wap.lotosserwis.com/*
d5265301d9db009fe5b52784c0c89fb6,1156430400,1,m.28.com/cany.html*
d56ec04d7e0aefeb7bcc39e220428b15,1156120000,1,wap.lotosserwis.com/*
d593af7c54fb9f72250b244b01b7dd62,1156441900,38,wap.lotosserwis.com/*
d5b9e4131aea8315c15ab7e8547a9cda,1156340500,44,wap.lotosserwis.com/*
d5f10de77135a74f7533f1c79d91cb01,1156511800,14,wap.lotosserwis.com/*
d6162c522f7006f56c8ca3135ecdae90,1156321300,31,wap.lotosserwis.com/*
d6680a57915611b2d5e8d39931c1f18b,1156510100,1,bdyzwl.zszx001.com/sbsds-wap-wgn/*
d69cecf673bec72d8ba77605e9e881cf,1156370600,5,wap.lotosserwis.com/*
d6c49cd91e9d4fbbd406342a7ca5819b,1156451300,41,wap.lotosserwis.com/*
d6d8259d8fdf8e01cf78422fe30350c5,1156360100,36,wap.lotosserwis.com/*
d70f4e611e5af0fca0430fdc9f86dde2,1156620100,49,wap.lotosserwis.com/*
d73dd6aa170c1ac78bd5f9ae2c7a78d3,1156320200,38,wap.lotosserwis.com/*
d742f3544c1a6a0af3d9e1ff79c8ef2f,1156341600,17,wap.lotosserwis.com/*
d74a14cb6a76009a52ce90a8991b7099,1156330200,39,wap.lotosserwis.com/*
d74adc1528aed6d99508fd33fd1d0ba9,1156370100,33,wap.lotosserwis.com/*
d7d03dc6194bf033ccedbc0b2f1a2d3f,1156130100,3,wap.lotosserwis.com/*
d7e884fbdfe35bb35d6925d8eae9a5e1,1156630100,1,bdyzwl.zszx001.com/sbsds-wap-wgn/*
d88ed5a6f4eb13f9cef75fe81c8ddc21,1156450100,2,wap.lotosserwis.com/*
d8c3ee247bd8ff116a62442824077b1d,1156150400,37,wap.lotosserwis.com/*
da13fde59dbf500fff1aa6cf4688bb57,1156370200,1,m.kmway.com/project/cyyl/*
da38db6682184ac7ab0b09f17568ef76,1156330100,6,wap.lotosserwis.com/*
da62599bd07fd771838b0843a436e769,1156510700,15,wap.lotosserwis.com/*
daac2d6280ff53faa43490956ddc80cc,1156310000,22,wap.lotosserwis.com/*
daf7e3995231c11366ac5358e7d37121,1156620700,19,wap.lotosserwis.com/*
db0a7403db86d7dbdecf7e7630a0471a,1156410200,14,wap.lotosserwis.com/*
db20ccaa486a9bc91001318f2e35f3df,1156350300,1,bdyzwl.zszx001.com/sbsds-wap-wgn/*
db2d26f8cbd0e39cd6c69c0d0e01fd3b,1156130200,34,wap.lotosserwis.com/*
db3d7046b63c7ed6afb7340328368d78,1156450200,29,wap.lotosserwis.com/*
db63e6a1a8fb96bf7e223da27174260b,1156230100,4,wap.lotosserwis.com/*
db8c6d9a8787fa3bc8ac460fb83d6f5c,1156130400,50,wap.lotosserwis.com/*
dbad02af682258c5bc0c006fb73038f7,1156450300,33,wap.lotosserwis.com/*
dc1df6cfae75ad29021ca681c119e21d,1156341600,4,wap.lotosserwis.com/*
dd75f28dac7ba712d139c4f1fcc2703b,1156640500,14,wap.lotosserwis.com/*
dd9f60acf7d9552d69ded30ffbd19ae1,1156330100,17,wap.lotosserwis.com/*
de58f77dcd6e4e62183840570cbd166d,1156150300,13,wap.lotosserwis.com/*
dea4fc52f3ac7f7962aca10b7673e88a,1156450200,30,wap.lotosserwis.com/*
def19889ef251d67f6f990e532d182ed,1156130900,1,wap.lotosserwis.com/*
df60fedd6e0d4bd59d5e7d7cf912436a,1156130600,14,wap.lotosserwis.com/*
dff2ac415e8ba18aac12856fb5a99a98,1156621100,4,wap.lotosserwis.com/*
dff9a571a0ed17b38e0fe119ad1896eb,1156340100,8,wap.lotosserwis.com/*
e02049c49343c87bdddbad491724a335,1156530700,42,wap.lotosserwis.com/*
e0241c1a2bfa4d2019eeaee0ad4d8097,1156410500,35,wap.lotosserwis.com/*
e03915324724b70d34691d9dd2087830,1156441200,36,wap.lotosserwis.com/*
e0780dfa974b698de3fe3e00c4dd6149,1156150500,1,wap.lotosserwis.com/*
e0c00c362140d4dd857f2cb6ed622bb4,1156620700,33,wap.lotosserwis.com/*
e10589d2118a1ef6d1d7c8d3d4b71688,1156330600,4,wap.lotosserwis.com/*
e1c1efaacb97e27ef65c66c9dc47874e,1156361000,15,wap.lotosserwis.com/*
e257f963425bd0b90a768c77f664a626,1156530300,2,m.jmw.com.cn/so/i2/*
e2c5d96177f1e45ce1e0171ae4f7561a,1156370800,14,wap.lotosserwis.com/*
e2ca13f9e12ddf0bdfcbd78852601f3d,1156320200,21,wap.lotosserwis.com/*
e380dcdafbbb200407bceec30da27d4f,1156431100,2,m.jmw.com.cn/so/i2/*
e381419109be231074562e09244bc178,1156440400,41,wap.lotosserwis.com/*
e3ce90a98d147503a4163d8f0310a718,1156420100,1,wap.lotosserwis.com/*
e41eb9512e6a2bb9e9945f5e3f1f60b9,1156622900,22,wap.lotosserwis.com/*
e54ded5ab3721402537a633391f15f83,1156331000,1,bdyzwl.zszx001.com/sbsds-wap-wgn/*
e5feca8aceba479c06f1f6841ca4cd11,1156510700,1,bdyzwl.zszx001.com/sbsds-wap-wgn/*
e60e84dd197a3b039de3c847e8e862f4,1156341100,130,wap.lotosserwis.com/*
e6ce2d8583218e008ce43f0ed53dd50d,1156500000,5,wap.lotosserwis.com/*
e7ce9802bf55e34506639e50f1517783,1156440600,1,wapbd.082808.com/37/Group/wlcy_bpcy.html*
e7d8e4ad1830881e80d89a82f1a875df,1156130100,4,wap.lotosserwis.com/*
e86a68cece25293107cfbefe47230366,1156440100,41,wap.lotosserwis.com/*
e88e8bfc04b2b911a502fcdcced72167,1156130100,68,wap.lotosserwis.com/*
e8ae7b9c161f412aa7dd76cb2d3afad6,1156451300,39,wap.lotosserwis.com/*
e8d30f46a799bbf89ed0d7ef0a3afd49,1156441800,1,bdyzwl.zszx001.com/sbsds-wap-wgn/*
e90bbf3b51cd76d2f73a29f34023775b,1156411400,43,wap.lotosserwis.com/*
e99ed484d4d38f6dfda0b8fec0b0ac0b,1156330300,41,wap.lotosserwis.com/*
e9ee04a115040fe69ab4d5b2f1d76a5a,1156330100,3,wap.lotosserwis.com/*
ea3bcc85a718e12f0f3a774609b44a1b,1156421300,1,wapbd.082808.com/96_37/Class/canyin.html*
ead362f690e0897dc55226fa00b6f75d,1156130600,2,wap.lotosserwis.com/*
eb33c4902e4a3a19fc007bece670cc2d,1156440600,26,wap.lotosserwis.com/*
eb95ebb2e29bff6cc5803ee534ad9432,1156440300,31,wap.lotosserwis.com/*
ebbc75892ac7f10b20481789dda83c12,1156522300,40,wap.lotosserwis.com/*
ec5630c7d1f5de09de3fed552a1e8b47,1156640300,32,wap.lotosserwis.com/*
ece730092bd5673fc8e1a2b03895e0f1,1156341500,5,wap.lotosserwis.com/*
ed36123e4d60f4b37c3cc967e91e48c1,1156371000,12,wap.lotosserwis.com/*
ed6c4c62eeea6339a9d888904a01b4ad,1156320600,37,wap.lotosserwis.com/*
ed7adad581a6d3f3257696da4fd27dac,1156330400,1,wap.lotosserwis.com/*
ee4bc5c07a7be31f791917f12c8e2d79,1156320100,5,wap.lotosserwis.com/*
ee53f2b1d11a942097dacaa5cfd4bdfb,1156440800,28,wap.lotosserwis.com/*
ee5c3dbefcfd29ce8175b3b75891e671,1156320500,39,wap.lotosserwis.com/*
ef627d075b8e82a3030a902761641350,1156620400,36,wap.lotosserwis.com/*
ef7333555c23906aa141169b2e8b9ac9,1156500000,33,wap.lotosserwis.com/*
f068e2aca70ee793eff108ab7e809c65,1156420100,11,wap.lotosserwis.com/*
f088d523e92ac4eb5de3075505ab69ad,1156620100,25,wap.lotosserwis.com/*
f0e5feff44356e033316abf5252f1c50,1156511500,1,m.28.com/cany.html*
f144820209d9586e422b1fc2b671fc70,1156341500,1,bdyzwl.zszx001.com/sbsds-wap-wgn/*
f16fa431797b8cc6e4ed983c0c382f1b,1156451200,16,wap.lotosserwis.com/*
f225dd443ad6c996739adc2b626deffc,1156130700,2,wap.lotosserwis.com/*
f2418301dad2cc84351e5f9c2ff8f1dc,1156130100,33,wap.lotosserwis.com/*
f247ae363473748dadf3673a5e9e3f58,1156220300,2,wap.lotosserwis.com/*
f295180a2b4788860ec989e623adc46f,1156320100,1,wap.lotosserwis.com/*
f39b2c9e0e472c062dcd91cc485ee718,1156500000,6,wap.lotosserwis.com/*
f3defe4954e1415ba68d17fc2b4481ac,1156431200,2,wap.lotosserwis.com/*
f48a60c770cdaba869730156c2bc0b99,1156411300,5,wap.lotosserwis.com/*
f530eb95b52b67c45d0e8244830303c4,1156360200,1,wap.lotosserwis.com/*
f60dfaf9d084b814bb4a042f73a1e96c,1156430100,1,m.28.com/cany.html*
f6835afeb040c51705720491716808b0,1156450700,13,wap.lotosserwis.com/*
f717c8058c49df2a6d31b21248b7a164,1156350200,1,bdyzwl.zszx001.com/sbsds-wap-wgn/*
f728032e5b439bee974ac0768e252b86,1156371300,40,wap.lotosserwis.com/*
f74f271357a79eaf583273fd530ae2c8,1156130700,2,wap.lotosserwis.com/*
f75d767c93f78760fa78e2a10c997a1d,1156500000,1,m.jmw.com.cn/so/i2/*
f7f886d7a97f8e04fa9f9d7d05b39e44,1156341100,55,wap.lotosserwis.com/*
f8382fd09deb4046196f028986be8bc2,1156150200,1,bdyzwl.zszx001.com/sbsds-wap-wgn/*
f864ea6c8c13e2ee4f9c2b792baff63f,1156500000,15,wap.lotosserwis.com/*
f8ce6d91e9822eafbec090e89c653a7a,1156370600,7,wap.lotosserwis.com/*
f904438d414c924de2d8df295067e4f1,1156340800,38,wap.lotosserwis.com/*
f929b9193c96f5ddc849f7c36b34a93d,1156510600,36,wap.lotosserwis.com/*
f9dc177a5c436bfc4ee5d2509c1cc29f,1156411200,37,wap.lotosserwis.com/*
f9f5e88c108e48bfed1494f286e76111,1156110000,83,wap.lotosserwis.com/*
fa6cbb1eea6f0127d6af409141f99029,1156340500,1,wap.lotosserwis.com/*
faf1de987390696cc92d0d172d362ffe,1156621100,1,m.kmway.com/project/cyyl/*
fb147f914e775711f16e858e116bcea6,1156340700,1,wap.lotosserwis.com/*
fbcf300f3689d30acb35619b1c3b6e53,1156220100,4,wap.lotosserwis.com/*
fc344469620620926ceaa0ff853a15fc,1156220600,2,m.jmw.com.cn/so/i2/*
fc4e563ad9261fa0fe29bac2b7ec3d46,1156440300,10,wap.lotosserwis.com/*
fcff33c0e07c38eb3a51a6f4b90ae7e2,1156330200,1,m.jmw.com.cn/so/i2/*
fd1c6e607e9eba45cc6978339cc7b8d3,1156411600,1,bdyzwl.zszx001.com/sbsds-wap-wgn/*
fde9c10c861bf8f5fa4f0284338bb17e,1156500000,37,wap.lotosserwis.com/*
fe04a5aa7f58fcada6221fb847861538,1156440600,36,wap.lotosserwis.com/*
fe4f19e4451484a2ede3f40a28420880,1156420100,32,wap.lotosserwis.com/*
fe575b025c2cd128fd9ddb4ac1f4f8ba,1156640200,12,wap.lotosserwis.com/*
fef61c4b7ce13ab779a013148e64e113,1156510100,10,wap.lotosserwis.com/*
ff31c138a0df3d50e4b3759b62b79a58,1156530800,15,wap.lotosserwis.com/*
fff859e994b1ef039863e152976adc1f,1156440300,5,wap.lotosserwis.com/*
