003643ce4244df5f6bb41a7b7bc0a4dc,1156610700,2,*.huazhengcaiwu.com/*
003f54e3e0db6e1cd8afd11359fc9345,1156650100,3,*.caiwuhome.cn/*
003f54e3e0db6e1cd8afd11359fc9345,1156650100,27,*.caiwuchina.com/*
00eb6aa93a1981bda4595a83949d6810,1156610100,17,*.taoding.cn/*
013ff7f966054d2970f8dbb4795faa6b,1156310000,1,app.qixin.com
0187e711026c77f88ee5f052a427b96b,1156120000,1,app.qixin.com
01968bc6645fd1e61f0a7189f2c6b498,1156310000,14,app.qixin.com
01a7b153c76ecd19f4abee84a573e4f0,1156310000,3,app.qixin.com
01cee96a5a375d006d540b1d5d5599f7,1156330700,21,*.caiwuchina.com/*
01f976094a2091e02f2ffdc2dd837371,1156310000,15,app.qixin.com
020e23e2961c45d75dcd7b97839af996,1156610100,3,*.caiwuchina.com/*
0226affb59621c451bafd4eef643f10d,1156610200,2,*.huazhengcaiwu.com/*
023421efc2dae71c27c96831cb3e404f,1156610100,53,*.58shuiwu.com/*
0293a87e50899d7c1a65dad17cfd652c,1156610100,5,*.taoding.cn/*
02e87e0ee07d560f5dbec390f42f3c08,1156320200,4,app.qixin.com
02f8c2979bba15dfc015f473169f6007,1156310000,1,*.zcf.net.cn/*
03bfffb8696c05760e3bfcebfc165173,1156310000,27,*.zcf.net.cn/*
040143e03fd0781ddb81984675b4393b,1156310000,13,*.huazhengcaiwu.com/*
040143e03fd0781ddb81984675b4393b,1156310000,27,*.zcf.net.cn/*
040e5b2a7f74dc2e805e4d7b8b458547,1156610400,5,*.520gongsi.cn/*
04568fff6ec57ba751beeb93693baeb1,1156310000,2,app.qixin.com
049e653cf92a4494a4010f5bc4017069,1156350900,49,app.qixin.com
04aaa4c8e52975d44b3a2cb33da42068,1156120000,1,*.zhihuiji.com/*
04d1529c326a73b5dfb83fad5d53b4b3,1156610500,12,*.zhihuiji.com/*
05259a43daae13033df4ff64d2635bdd,1156120000,23,*.520gongsi.cn/*
05286ecc58edc6e857037358af81aeb3,1156120000,1,*.zhihuiji.com/*
059c67565f9c3b0395b81af8993e5d68,1156510600,6,*.520gongsi.cn/*
05a7f0fec7dc3897c94cd1b676425b5c,1156610100,4,*.wzjishangtong.net/*
05bb8b3c61cf0d440537d35ce4a199a6,1156310000,4,app.qixin.com
05d2c89e436f41709f3bcea4641faf5a,1156310000,3,*.520gongsi.cn/*
06dedfcb4f07705809fcf6979ece2d73,1156422800,22,*.huazhengcaiwu.com/*
070e44b8b1457cabb2de1f49aef71c5c,1156320700,38,*.zcf.net.cn/*
070e5444517aa0646113e6cb044b5124,1156610100,1,*.taoding.cn/*
0726d4fce71815d27a43295e8ab740c0,1156610700,2,*.520gongsi.cn/*
07458730f7fbb1800b6fe22152097fcb,1156310000,13,app.qixin.com
078286a50b97ed058011cc12ac328a3d,1156620100,5,app.qixin.com
07b167b66315d295647c17339f5ca57b,1156610100,13,*.clcs888.com/m/*
07bdb3a645b4ef44e4af89e5b58fc8dd,1156610100,32,app.qixin.com
07bec7b4853ffc156dc03b0872b16ce6,1156120000,1,*.zhihuiji.com/*
07efb44271718bf6780f670849e6ce09,1156310000,1,app.qixin.com
086b13801e6eb4b8723f71ce3f9939c4,1156310000,6,*.zcf.net.cn/*
0889bafe93eb6a38d6e667e77d3fb2a4,1156310000,1,*.zcf.net.cn/*
08a4ae222d5abd59c199e0d533233ac2,1156310000,1,*.ji-zhang.com/*
08e129b7b12fcbd0c7f8cf93579d4a5a,1156310000,42,app.qixin.com
0905aaa4dc5563c096a98d23d05777c8,1156120000,1,*.zhihuiji.com/*
0912d91f670dca97642a3de550b5674d,1156610100,15,*.clcs888.com/m/*
091bb78f9c3eb915c43fa03faa0275f2,1156310000,1,app.qixin.com
09489af7e0a7de6275568e546d244eba,1156120000,5,*.chuangyebaba.com/*
0a5adc412be78a645db2861127558ca8,1156130900,1,*.yishuiwu.com.cn/*
0a81be01116860676b51d882e46866ba,1156610100,2,app.qixin.com
0a81e24f0482aef7535c750144b7b582,1156610100,1,*.taoding.cn/*
0adab96fff143f444e94a30a7a5a3bea,1156610400,1,*.caiwuchina.com/*
0afcce5824aace7ad2e75f44ba246647,1156610100,2,*.ezcezc.com/*
0afcce5824aace7ad2e75f44ba246647,1156610100,4,*.taoding.cn/*
0bcc8e03f05a6d1b6c23116cf3ada13d,1156310000,4,app.qixin.com
0c68b50b2412ec91bfb3150dde08310a,1156310000,4,app.qixin.com
0c80e941fefe6195c31c4f0bb5d37952,1156120000,1,*.zhihuiji.com/*
0c97ad91d70045964e7c1968253e8ac0,1156120000,1,app.qixin.com
0ca71e4da81df6788ec7f35a69ee0c93,1156610100,5,*.taoding.cn/*
0d4bfb7c991406b4170a2b3bc582dbc5,1156610400,17,app.qixin.com
0d640a5f7f80684d657ef6e3bfdc3a3e,1156120000,24,*.520gongsi.cn/*
0d6ca7f63fdf57f70d9df97ffe6fe540,1156310000,4,app.qixin.com
0d7b47175ba719d61050e99232f8100a,1156310000,4,app.qixin.com
0d910ad9459743a85dab8f58df402906,1156310000,1,app.qixin.com
0d9a936902040701cc43fbb5158ff58f,1156320200,13,*.zcf.net.cn/*
0d9d2f27ddbbf0d8e2097eb6b0090ff1,1156210100,11,app.qixin.com
0e4a8ba787121d137c0528028febf077,1156310000,3,app.qixin.com
0f3477ef81acd14cea9a8fdcbb8eb56f,1156120000,1,*.zhihuiji.com/*
0f86e07ed6f8b0c3fb20a621a8ec70f2,1156310000,1,*.caiwuchina.com/*
0fedee41f6836ef70af740210b280923,1156120000,1,*.zhihuiji.com/*
1030fa0b0f0fda5c12aeb3563ffa9c2d,1156610100,2,*.huazhengcaiwu.com/*
1031ce87c7a65272ebb6a89f90c31c91,1156310000,29,app.qixin.com
106a3f4332a0b5ccb7759a9c0f1b297e,1156310000,1,*.zcf.net.cn/*
1135de113032d7ddcbd768742a951e3d,1156610100,2,app.qixin.com
11da9786282c9d25d9ffb83eadedc414,1156610500,23,*.taoding.cn/*
11e213d322b0bfdec2dfbcafedd320f6,1156610100,24,*.taoding.cn/*
12c8380409d64f00494a3ae338556c4a,1156610100,2,app.qixin.com
12f9a17bba23e0782f15fd618297e153,1156320500,7,app.qixin.com
13722073991774ce849d532f88fd0e08,1156610100,21,*.taoding.cn/*
1372fe9b8773c8f5ad1f96db7643b81f,1156120000,1,*.zhihuiji.com/*
13b836f5a95c9d85c652fc65744cbaeb,1156370800,1,*.520gongsi.cn/*
143b36beda826d5fe6de4662665ce364,1156610100,3,*.taoding.cn/*
144f187f3434968a23cd1ba2bc838929,1156610100,1,*.taoding.cn/*
145d34b277de766930d87c526a6c134d,1156610400,1,app.qixin.com
1487b7b24605dbe4b27d5e516dc5c1d5,1156610100,1,app.qixin.com
14b2b1c3dd10bbe55636a78ec9cdf97b,1156310000,9,*.zhihuiji.com/*
14dd7fe0ba58af95642c1d634f993b37,1156610100,2,*.qdqfser.com/*
1514d7b33ecddfb1fa5227a4e7fc2c71,1156310000,28,*.zcf.net.cn/*
15249e64552085a1f7df71698079085e,1156310000,33,*.zcf.net.cn/*
156e75e85d91dadf79c234cd63a93cb6,1156150600,29,*.zhihuiji.com/*
15b061b00f50aae8d0fdaedd27f305d1,1156150800,20,*.caiwuchina.com/*
15bbff3d059da5ddaf5efaa63ebe8f11,1156610100,1,*.taoding.cn/*
15c4669f281ea06c4ce2612ce39f9fd0,1156610100,21,*.huazhengcaiwu.com/*
1614cce5b243ebf0910ca0038143fdaa,1156610100,6,*.taoding.cn/*
16445ed7743682f180ffb7333795d778,1156610100,2,*.huazhengcaiwu.com/*
171ec8043329a81570ff7f1f2559a9b8,1156610800,1,*.520gongsi.cn/*
1796167ac1ea4739224a453c4af3e786,1156310000,1,app.qixin.com
183345ed5df4da5a18a675ed19191b7c,1156310000,24,*.caiwuchina.com/*
1866cdd25f45bb116206788987fd87b2,1156610800,2,app.qixin.com
18710f7af03837eac03df25c4ecf2493,1156310000,78,app.qixin.com
18bde46b2dae964f41a3345e5193388a,1156110000,39,*.ezcezc.com/*
18bde46b2dae964f41a3345e5193388a,1156110000,5,*.homecaiwu.cn/*
18bde46b2dae964f41a3345e5193388a,1156110000,54,*.caiwuchina.com/*
18d4c9c82452e7038ff8f6f2f5d19931,1156610100,7,*.duoyoumi.com/*
18d6bdf7f8df241c4ed0bbb82f64ffed,1156610100,2,*.wzjishangtong.net/*
1903db21a1d2f131dd127bb612221d78,1156610800,6,*.520gongsi.cn/*
192425735cb41f59747e767417d73938,1156341600,6,app.qixin.com
193b4d34eaaa60d843e52fbb139536fa,1156610500,9,*.520gongsi.cn/*
19eb868354dbdc75ca40284e2bf8ffb3,1156610200,2,app.qixin.com
19fad90dedec605b550cdcb97ce1d038,1156610100,1,*.clcs888.com/m/*
1b2b800f415fe7eef95b3e0ee73a35b9,1156310000,3,app.qixin.com
1b34dc9fa43f500388a17b370d6ff025,1156120000,32,*.caiwuchina.com/*
1b4cf367c72441f033a15d0e8cfb5bb1,1156120000,3,app.qixin.com
1ba894e56cd40bedce275ac94de68b7d,1156610100,15,*.taoding.cn/*
1c81679c0e71de7110f1d0dec1c85542,1156610100,2,*.taoding.cn/*
1cc0e0d41fb0ccc94c43edafa300f255,1156610100,1,*.clcs888.com/m/*
1cd97d9769120c2c7350e52ed4855a19,1156310000,9,app.qixin.com
1d24c982ef059174b7716ff3a7570a8e,1156610500,3,*.ezcezc.com/*
1d2a6b0784da2b518f876d6b20589251,1156310000,2,*.huazhengcaiwu.com/*
1d7cae111acc2d9991eec0104eb8ebc4,1156610100,23,*.taoding.cn/*
1d8b1291f540657f1d823d83987215c2,1156610800,1,*.zhihuiji.com/*
1d9f532e5f617a258178303573f6c456,1156610100,3,*.520gongsi.cn/*
1dd9c4c3798086358f2628b6d33843d4,1156610500,4,app.qixin.com
1ddaffcc04e0736ce7b67d5de92e7d44,1156610100,4,*.taoding.cn/*
1df42d6ecd8bd6e1693aa3d047cfa757,1156610100,23,*.520gongsi.cn/*
1e192a5361550eec187d6de012c73692,1156610100,3,*.zckjjt.cn/*
1e1a9f9e8ae04e610d2324148d6046d3,1156610500,22,*.taoding.cn/*
1e44680fbf105113650dd0fcce2be58d,1156120000,1,*.zhihuiji.com/*
1e574270e919aa7904d728ca2680ec48,1156610400,2,app.qixin.com
1e9869c6bade32ea5dde9de5fc384b10,1156310000,5,*.zcf.net.cn/*
1eb72c7455d6f474aaf8274d360a7df2,1156310000,5,*.huazhengcaiwu.com/*
1ee8bbe57b2c91f5e21999cb9ad98dd2,1156610100,3,app.qixin.com
1f0627dcc5ef8000dc9d674257eb7c28,1156610400,13,*.clcs888.com/m/*
1f79b5ff2804a4d3287354a41b20a44c,1156310000,1,*.photobase.cn/*
1fd0a1bbf4f914daca998b25e6a5cd3d,1156420100,26,*.yishuiwu.com.cn/*
202a68fc946bf1c41052ab1186bed2be,1156610100,10,app.qixin.com
204c3a39d45fe2cbd018970a89684bd0,1156310000,1,*.zhihuiji.com/*
204e755f925f6d04680a62a0fa9039c4,1156310000,5,*.520gongsi.cn/*
2082f778595ed2cf508ce170884bd369,1156610100,1,*.huazhengcaiwu.com/*
20eab7f870aaaa9463de504d0abcf314,1156610800,1,app.qixin.com
2113f84e423bcacef218b1bc8828b5ff,1156120000,1,*.yishuiwu.com.cn/*
213774bb25b8fe5c1451d973b3b08f2b,1156610100,4,*.taoding.cn/*
214eb4670d48c46ff1ffffecd0bb8b30,1156310000,5,app.qixin.com
21a733b3e85d7e77acd2adc5e2eedb32,1156310000,43,*.duoyoumi.com/*
21c34d2289dcd69d19472068a8c978fc,1156310000,3,app.qixin.com
21f8aaa91eb71546817499789a0ef21d,1156610100,3,app.qixin.com
22186331833b435a7a26ae5563043d84,1156610100,1,*.taoding.cn/*
2246cb8459ebecc1a80c74de9fe921b8,1156310000,5,app.qixin.com
2268e8ef67a1b517ad72ca95dd7b6cf9,1156120000,4,app.qixin.com
22746cd5d8022004d896a0b0e567feee,1156610100,41,*.chuangyebaba.com/*
22e959affdf7315db441d681df551bac,1156120000,2,app.qixin.com
233d3282383a31999462617f8f672854,1156310000,29,*.zcf.net.cn/*
23595fcd0d5dfd177250c9a857b21a3f,1156310000,8,m.huisuanzhang.com
2383a37b9301c23d3e03a3414c14642f,1156610100,31,*.eyczh.com/*
23877a165ffd80df82c0e272c3859923,1156320500,2,app.qixin.com
23b8c89213cb6c356c54a9fc6d2e5a1e,1156310000,1,app.qixin.com
23fdabad4fde61e8c30e09cba5f11d34,1156610100,3,app.qixin.com
24213e3e2e712fa6d2b9b39488c1e599,1156610100,1,*.ezcezc.com/*
24213e3e2e712fa6d2b9b39488c1e599,1156610100,1,*.caiwuchina.com/*
24310cddb732b3d54b46a64ae764351e,1156610100,1,*.taoding.cn/*
24b6b6e3153428f6356321e7f58e9970,1156430100,1,*.yushengsh.com/*
250e8ca95d7a087c3dc952ad20171969,1156610100,3,app.qixin.com
251c013f443aea305f95c9929abc90b4,1156610500,24,*.huazhengcaiwu.com/*
257bb476233aa14ab6b765f21cd42ba3,1156610400,10,*.clcs888.com/m/*
25c79468fc0eac8bbc3b3b6722f92c7d,1156610100,1,*.huazhengcaiwu.com/*
25c90578934ca7acd7a2f445c5d6ac32,1156610100,30,app.qixin.com
25fdb40d985ab12061f7757f77e9e682,1156610100,33,app.qixin.com
26056860e5700b772cf2c218ab7d147e,1156310000,8,app.qixin.com
2663213af88de64ea86d47b2f295d022,1156310000,4,app.qixin.com
26967786f3c210322868ccf93abf7e85,1156110000,2,app.qixin.com
269fedab6aa1d236519c90e2e05e9ed7,1156310000,2,app.qixin.com
26acb3884bf0639fb7164ac37fc4dd84,1156610100,22,*.taoding.cn/*
2727c3cb1562890d2fe1ca6b8da6406d,1156610900,1,*.520gongsi.cn/*
2727c3cb1562890d2fe1ca6b8da6406d,1156610900,1,*.521gongsi.cn/*
272991faf5fa83edd914690f6bc47fb1,1156610100,23,*.taoding.cn/*
274ade1fc3330f91b1ba9b7d07ebd88a,1156610700,2,app.qixin.com
275c1b4b1c2cbdc7f05fbf8749ddbf92,1156310000,1,*.zhihuiji.com/*
27a5944439c5de584b07131d8b54c3d5,1156310000,3,app.qixin.com
27cf1f44859f585c35cea1d6a85afd1c,1156610100,5,*.520gongsi.cn/*
281020b865d0279e4d6331de3f420ca6,1156310000,4,app.qixin.com
2820d7b8c652c0943d88ae5b5cbdc6d8,1156310000,12,*.zcf.net.cn/*
282461edc3828326bbdb918638a0ac00,1156610100,2,*.huazhengcaiwu.com/*
282774c9874bd99981e4539ee20d3568,1156610100,16,*.taoding.cn/*
284b1a50c822303536a2e087f536b3d2,1156440300,2,app.qixin.com
28783eccabb302e21070c5f6a634acf1,1156310000,1,app.qixin.com
287a9a1e7dbc6ed80e53b576f86fb089,1156310000,20,*.zcf.net.cn/*
287a9a1e7dbc6ed80e53b576f86fb089,1156310000,30,*.yishuiwu.com.cn/*
28aa36f66f6b08abe143a515d6b2f58c,1156610100,22,*.taoding.cn/*
28b18cc3aed8c00af816a8962cadcc1c,1156430100,10,app.qixin.com
298c1febd9ea6a2d9adbc1743ee91d87,1156310000,5,*.zcf.net.cn/*
29ad5d17d346ef9005d4d303f3fce35e,1156610100,17,*.taoding.cn/*
29ad5d17d346ef9005d4d303f3fce35e,1156610100,8,m.huisuanzhang.com
2a306519dad1ffa730feff7fbe9b1b0f,1156110000,22,*.wzjishangtong.net/*
2a46967444232c9f7003f30de0a0f7fa,1156310000,2,app.qixin.com
2b1f2313d0905a4b313c41aa0de8b137,1156120000,1,*.zhihuiji.com/*
2b5b3f88541a6b417048a5fe10c373c4,1156310000,1,app.qixin.com
2b626264b21fab14c99415afc60f95e6,1156310000,9,app.qixin.com
2b700d87ba754039387f1480938cd040,1156310000,4,app.qixin.com
2b779f43064257bd2a5d692f08b8f8e6,1156310000,14,app.qixin.com
2b9e3f29138f2b2239b8ecfd4a0efa7f,1156610800,2,*.520gongsi.cn/*
2b9e3f29138f2b2239b8ecfd4a0efa7f,1156610800,2,*.caiwuchina.com/*
2ba973e3474efbcaad97b41d22954ca4,1156610100,1,*.taoding.cn/*
2be9dfeadf31d3b628dcebfbcaab440c,1156610500,18,*.520gongsi.cn/*
2bee656e40331ad5cd4fc7115fedffa8,1156310000,3,app.qixin.com
2bf1fc574522ee70ed89484320cebfd3,1156500000,1,*.zhihuiji.com/*
2bffc2f4008ffedfda47c39d1ebf8b27,1156310000,3,app.qixin.com
2c7e48e5207a2cc58a501bb7f3da4788,1156360100,8,app.qixin.com
2cd612fb5317aed486100939d94ca36b,1156610500,197,*.zhihuiji.com/*
2cd774fd4e024460d41db9806b65c7da,1156610700,19,*.taoding.cn/*
2d75280036a4cb955b09a1709a169f0f,1156310000,11,app.qixin.com
2d94eca1e0a72e38f0c0fd9077b84327,1156610100,3,*.chuangyebaba.com/*
2d9acd95909c98a18db59a47bef5c8c4,1156610100,1,*.taoding.cn/*
2d9b1be3153a5fddbf6aabfdf2c1f6bd,1156610100,3,app.qixin.com
2dba3c8ed2d5e9e7ff83f215f27e176e,1156120000,1,*.zhihuiji.com/*
2de01ada982b7e6671825b1c1f308223,1156310000,25,*.zcf.net.cn/*
2de6b2c34ccdf784c6ed891d1dfd7940,1156610800,1,*.homecaiwu.cn/*
2e49786b2ee03364e178c79b45a934d2,1156320500,8,app.qixin.com
2e4d1f8aa5a185ff3802dc25fef3148d,1156610100,26,*.taoding.cn/*
2e962952b03cc60b718661668dbebad0,1156120000,23,*.caiwuchina.com/*
2ee1a80b0b50e628a6a77fecea176b8c,1156340800,6,app.qixin.com
2f2a76ccf27b6659b4ceaddbf82aa4c6,1156310000,687,*.zhihuiji.com/*
2f720deb859d041beccaf494f94dfd5c,1156610800,2,*.huazhengcaiwu.com/*
2f7eaa847170311b33bfda0ac4f20452,1156620900,20,*.669caishui.lsruiqi.top/*
2f7eaa847170311b33bfda0ac4f20452,1156620900,4,*.taoding.cn/*
2fb3e71465ebbd74e72ee5e2ce65b442,1156610100,1,*.360lihua.com/*
2fd17c89f535c23d749141206f3ec12b,1156610100,4,app.qixin.com
302459540b6932a409b61622cff40c8a,1156310000,3,app.qixin.com
3025e8a90666e921601d71e5686b8d89,1156610300,6,app.qixin.com
30338590dcad91dac942f772ee9d2566,1156310000,6,app.qixin.com
305955e55bb348141c118ef247e76359,1156310000,3,*.77china.org.cn/*
3087f2b4ffbe2cea25d83f5e90657170,1156340100,19,app.qixin.com
30f612cb9cfb8dde13ddaf74fe79bd94,1156610100,2,*.taoding.cn/*
30f77ee96a31e36041641da6a383f30d,1156340500,1,*.zcf.net.cn/*
31341dba32a0e556c15a793425145022,1156610100,2,*.huazhengcaiwu.com/*
31341dba32a0e556c15a793425145022,1156610100,4,*.qdqfser.com/*
324e0d0f036d8bdd7c8908e0686a1533,1156130500,11,app.qixin.com
3298a75df1fbf54fe2f0c7f98003489a,1156610100,12,app.qixin.com
3317ececec0f10f70af825a1f89e5c8a,1156610600,3,*.58shuiwu.com/*
334ca06515871f6f0a03eb21f7a7c6ee,1156320500,4,app.qixin.com
334d9e080d30ceb45a52f80314ad1e4d,1156610100,3,*.taoding.cn/*
335a716a77c8ba7d9ef6bb599cc9f64b,1156610100,21,*.chuangyebaba.com/*
33b6a806a15b3694a64e2d123e5a0b1e,1156610100,6,*.520gongsi.cn/*
33b6a806a15b3694a64e2d123e5a0b1e,1156610100,27,*.caiwuchina.com/*
33b6a806a15b3694a64e2d123e5a0b1e,1156610100,93,*.taoding.cn/*
33de0d934c55f72826fec85b0501edff,1156310000,1,app.qixin.com
341c90076058704e329ce2f071d56971,1156310000,1,app.qixin.com
347eea9ffa6de186004a94ba0982724c,1156330200,165,app.qixin.com
34b94eceac343f16f8d4a890dcb8244e,1156610700,1,*.520gongsi.cn/*
358ee12f63de537dd862437183937e7b,1156611000,7,*.520gongsi.cn/*
35c0ab3558a362cffc5453a4e38bf13d,1156610100,28,app.qixin.com
3665bf687290d2797bad8facbb1c9fe2,1156610400,5,*.taoding.cn/*
366760901c64f4993ff8c8c6f9322a7c,1156310000,6,*.zcf.net.cn/*
368d72e6352ebc2a30655603913ffa18,1156131000,2,*.duoyoumi.com/*
369d069d4718812b0f24e797a3786e6b,1156310000,1,app.qixin.com
36aa3a1628644b355edfe6cd246f47a1,1156320500,74,app.qixin.com
36c6e84dc5df9e681a613a791683be48,1156610100,1,*.chuangyebaba.com/*
36f943786566c13b3e2f1b9d9bc344e0,1156610100,19,app.qixin.com
374d999832ba0a5d3498d4f02e8df887,1156610500,1,*.zcf.net.cn/*
377b70cd963c8658f7f3a096f1251a4f,1156610100,6,app.qixin.com
3782bc999e421f8c9de45474b430491f,1156610500,1,*.caiwuchina.com/*
379618b3f87591e211327fc80782fdaf,1156120000,25,*.520gongsi.cn/*
379618b3f87591e211327fc80782fdaf,1156120000,1,*.tie6.net/*
379618b3f87591e211327fc80782fdaf,1156120000,21,*.chuangyebaba.com/*
37b0483c09c1ae353e7ed53f3399c929,1156621000,3,app.qixin.com
37bf61bd2603eaac47e032abffe29cbc,1156310000,3,app.qixin.com
383295a92a5d2c8b6c04efc5205d187b,1156610100,1,*.zhihuiji.com/*
3886132fc3fc3a0ee9f5d6c8dad947cc,1156610100,19,*.taoding.cn/*
38c058dd44d025164cba5d321e44409b,1156310000,4,app.qixin.com
38c9e21db8ee298e7d48f6ec8e03e9ed,1156310000,4,app.qixin.com
38ecde38e508ab42301cc45b3a4517ba,1156610100,1,*.520gongsi.cn/*
38f3bd726d938b66cec2d12e5a9cf843,1156320500,6,app.qixin.com
3926c8bbb96390facfb50c69294cbbd7,1156310000,3,app.qixin.com
3987718d03b592aa053945b4fa509d05,1156310000,3,*.zcf.net.cn/*
398e1873c6d7fe562a68007a8020568a,1156610300,6,app.qixin.com
39990dffc8eedcef56ac33aca1e691f3,1156610100,1,*.clcs888.com/m/*
39f4233c16b6e322ad72f4b8a8f5cada,1156610500,1,*.yixincaiwu.com/gszc*
3a106e1c49c84db9b6733230b0ae3525,1156330500,2,*.520gongsi.cn/*
3a14ac199712771c45234274fabdcb03,1156610800,21,*.520gongsi.cn/*
3a4373ce10bdf4ea51e8c0fba6ca642b,1156310000,6,app.qixin.com
3a90b6c71ee7a9ca0326d58eeb5b6e9f,1156610100,103,app.qixin.com
3a9e8a8ec6a414f6aad7c6ae0716c26d,1156421100,6,app.qixin.com
3aba6b9183f23b996e683b968ff278ff,1156310000,6,app.qixin.com
3acaeffe60a5311011650a65309f1d87,1156610100,1,app.qixin.com
3b6b2bb3372dc95611342373a1a8ccb6,1156610100,4,*.taoding.cn/*
3c01525eeb30eed258af7236d92b3157,1156310000,2,app.qixin.com
3c094daeb4c953c5fa9d0f1374d168bb,1156611000,12,*.520gongsi.cn/*
3cf8aa22920934b32a93f02b564e683b,1156310000,2,app.qixin.com
3d16936dd327e303fbb271baf93af47e,1156610100,1,*.taoding.cn/*
3d3cc60e0ab45819601cc9276075db61,1156610100,2,app.qixin.com
3d4edb4015e2b1229cbc2600b6afd7f3,1156310000,35,*.zcf.net.cn/*
3d9f8799b5dae29ca77082b5361560a2,1156610400,1,*.huazhengcaiwu.com/*
3e05079cf1c87eda84e1f713b1c0e9e0,1156610100,1,*.taoding.cn/*
3e60b5b1303cca2afb79d529c8e850f1,1156220300,26,*.520gongsi.cn/*
3e6a9857ee5c6b66d3b10188924f423a,1156610100,23,*.taoding.cn/*
3ec7ce24a6b907eacc36e5bae0e2f669,1156110000,1,*.zhihuiji.com/*
3ec9cf672b25b805ff10e207b8e8a2f1,1156310000,1,*.zcf.net.cn/*
3eccaef478c9bda8bd72ae55955543e6,1156310000,1,*.520gongsi.cn/*
3ee353925a5bf0d69422718e784da095,1156410600,1,*.zhihuiji.com/*
3f36c1ab8a98a74449d9b65a099b8f8d,1156610600,3,app.qixin.com
3f859b22254ce26bcf98d9edaa40d674,1156511300,1,*.zhihuiji.com/*
3f8f03b02c2dc792b963f7ca15fac6d5,1156431200,1,*.zhihuiji.com/*
3fc9d68b78d48ae6eb95ec54ca40f018,1156120000,48,*.zhihuiji.com/*
40d60f0287de46fe3be1899808bac9ab,1156610100,5,app.qixin.com
40ed5ca6875919669e6aa081c53d2877,1156310000,1,app.qixin.com
40ef7070cb7c116f4a20f930461446ab,1156310000,64,app.qixin.com
40f66b62b4bb79fae1a9e520280aab5f,1156120000,1,*.zhihuiji.com/*
41917c55dd9cf30be08591ff684d19f6,1156610100,14,*.taoding.cn/*
41b12a8fe7d6f4b3f59c2dbf5cdf83ef,1156610500,2,app.qixin.com
41dff9aade9bc39e670248c5a1b194dc,1156610500,1,app.qixin.com
42567b8b0d8bc1556ac5cc3956ab1d00,1156320500,8,*.520gongsi.cn/*
42b50c5604e50c83d75c5856303c0867,1156310000,4,app.qixin.com
430a73d213580b425c3d7e7c7218319d,1156610800,1,*.520gongsi.cn/*
432df3ab901c72a698a4d915506b66af,1156610100,23,*.taoding.cn/*
441a0ec425318cfce913b5477c631951,1156610400,63,*.wzjishangtong.net/*
441e26ab0cadb5fc8d298e8494daaa02,1156610100,1,*.520gongsi.cn/*
445d2ad64797322101c1f0da955a82af,1156310000,3,app.qixin.com
44ddf15548dd8efc017d8ce6cf73952c,1156610400,2,app.qixin.com
44e7a9ecf8ae3850534c5db9580a118c,1156610100,1,*.xaruiqian.com/*
44f6ffe16d662208aeca9f480bd3b8b4,1156610100,19,*.taoding.cn/*
4504ebe281ed0b20348738fef930017a,1156610100,10,*.eyczh.com/*
4523c4d7c7099ee7846a37cd61834094,1156310000,8,*.zcf.net.cn/*
4551376a80d5f9d1dab6c84669859419,1156610500,1,*.homecaiwu.cn/*
4551376a80d5f9d1dab6c84669859419,1156610500,3,*.caiwuchina.com/*
4562dbdcee5c2ae324d792c0e10d0528,1156610100,4,*.520gongsi.cn/*
45bad223ac269e51997dd2da3029c3f3,1156310000,4,app.qixin.com
46175bfcd7a307c1754fdc2c430a192c,1156310000,6,app.qixin.com
4658b5f989705a8d626a15073c958ee3,1156610500,3,*.taoding.cn/*
46618186591a79f8ee862fc85d52f48e,1156340400,1,*.zhihuiji.com/*
46dd026c5ff2bd956b1e1c29787f004a,1156610100,15,app.qixin.com
46fefc53b48b211e083578543e27bb6c,1156310000,5,*.zcf.net.cn/*
470103b92cd522eb1a7b1f018fb37446,1156610100,51,app.qixin.com
470fcf363a7e31e98c3ed23e00bcaf10,1156610100,4,*.clcs888.com/m/*
471eac8c844407c1b93f6b3b5efce788,1156610600,1,app.qixin.com
47425bb76183e4e9160343198c7395af,1156310000,1,app.qixin.com
4756e98281bc5a600243dcd40d043948,1156610100,8,*.clcs888.com/m/*
47649e0cf2b2e690c7d3a79c0117f78d,1156310000,4,app.qixin.com
47d23d161e7d41c0200dfcfff10f0227,1156120000,1,app.qixin.com
4802a2a163b27860156f56ce250b1dcf,1156610100,1,app.qixin.com
480fd62fb8ddc10f6e8bd56f741d5c5c,1156310000,26,*.zcf.net.cn/*
487e0e5f1b0bce053c1342d5db69a51b,1156610100,123,*.zhihuiji.com/*
488d91c110c130685de7b3d81ba608d6,1156610100,3,app.qixin.com
48b1406e065fd56d861801673fcf5a04,1156310000,5,app.qixin.com
4941114a9bf4a6989378ca3c50a3a786,1156610300,1,*.huazhengcaiwu.com/*
49f1d054273c269f169c603a2a71fe9b,1156510100,2,*.zcf.net.cn/*
4a3f296737b562bbe9bd859b946c44fc,1156310000,13,app.qixin.com
4ad0486804d9b82a86a19d23275ae74a,1156310000,5,app.qixin.com
4aefb58533a37ae5b473dfc6e564da0e,1156320200,18,app.qixin.com
4b18023c36fdd9ad914f335256667b34,1156610100,2286,*.zhihuiji.com/*
4b1ba700513d6ecd29b1bc8915bb1123,1156110000,1,app.qixin.com
4b27744ca065b35f280c30219ee4d8b5,1156310000,1,app.qixin.com
4b3f876c60fcae1e22dab45bbb9f944e,1156310000,3,app.qixin.com
4bb605a039b88054e00fc49660fd355a,1156610100,28,*.caiwuchina.com/*
4bf022f23866f61de69186275852bf14,1156310000,1,*.zcf.net.cn/*
4c06737f62043cb80831acf4d500ce87,1156610500,1,*.caiwuchina.com/*
4c71b439b2f421ca95c7e8d9f5087a27,1156610100,132,*.zhihuiji.com/*
4c727edb645ba23c87fa49e6437b9d8b,1156610300,4,app.qixin.com
4c9461caa1987f8fd507f2b64a06d931,1156310000,1,app.qixin.com
4cee7434a63ec8f3e24fa714b2f01446,1156310000,14,app.qixin.com
4d42cb415d8525348ccc9de34723767c,1156310000,2,app.qixin.com
4d9984c49cc6ce59e2be0de84f1f690b,1156610100,1,*.58shuiwu.com/*
4dc728220e27bb97184b2911b8b7c9b8,1156310000,37,app.qixin.com
4ddb5900ba38f5f65f412c606662e04d,1156310000,7,m.huisuanzhang.com
4e49c98e66dcd3dd15425dabff2a9f08,1156610500,21,*.caiwuchina.com/*
4ea274632669ed275de58512f6e2674b,1156610100,4,*.taoding.cn/*
4eabeabb13c718b9f2355e371a92001e,1156310000,2,app.qixin.com
4eac9289d797e3a7dbc574e1d6fe507b,1156411600,8,app.qixin.com
4ecf880410e951f892080b19ef968105,1156310000,1,app.qixin.com
4ee9a1b82c652dfd5a7917d0fb3c36d6,1156610100,4,*.taoding.cn/*
4ef4a07a07816f46b70f385e37d0ab98,1156411300,4,app.qixin.com
4f660781511b66aeaa68489470e9a290,1156610100,3,*.taoding.cn/*
4f6a4f3eb39d2bfe8bee17bf268b2867,1156610100,2,app.qixin.com
4f8152ec0405aa5d623787828489a374,1156310000,1,app.qixin.com
4fbedb2972bcf89066cc24e206fe9d4a,1156310000,2,app.qixin.com
4fd24d6044a7e62639228d2167fbd18a,1156610100,1,app.qixin.com
500006ab615f9b893c371b2cba19f766,1156610100,1,*.taoding.cn/*
50226e069c764679293638188828fae6,1156310000,2,app.qixin.com
503fde65aee40c1e2b0edc9c2306174e,1156610100,3,*.qdqfser.com/*
5045554b8b1f955aebe7fa33c34a957a,1156152200,35,*.zcf.net.cn/*
505c5a661036ee13ea5a6286e9695436,1156610700,2,app.qixin.com
506ecf78a6410de762009ffefe085430,1156310000,78,app.qixin.com
5093a9918df4533994d51c5ff62dabd6,1156610100,18,*.taoding.cn/*
50f9c2463ce926f0801260c7951b0013,1156310000,21,app.qixin.com
5121c380039c42803f8c989b660abfd8,1156610600,1,*.ezcezc.com/*
5164520fdab934c1365e1211ba386828,1156610100,1,*.taoding.cn/*
51846238843a0a2979e32cdb7233755e,1156230100,1,app.qixin.com
51a943d474046378e2421efa753c127e,1156611000,15,*.taoding.cn/*
520676b24799b3fd2bb016ec364525f7,1156310000,1,*.zhihuiji.com/*
520fec9b164ace1cee91ee9f3d67fcba,1156310000,1,*.zcf.net.cn/*
522c483fac2683244e630f6623a97837,1156310000,44,app.qixin.com
52fd92cb7a8d804ae7bf4ffd206d160d,1156610100,4,app.qixin.com
5371b552ba6921eed8708d43ae2f230a,1156320300,39,*.zcf.net.cn/*
5377a72f644e040592fb40b7c29f8e99,1156610400,1,app.qixin.com
53970dce9a588f6a9b99bd78cf839504,1156610700,1,app.qixin.com
53d17831a5a521ee1ed650ea30d43574,1156310000,69,app.qixin.com
53fe3ec770fbaba4a8767fbf14100a20,1156340500,37,*.zcf.net.cn/*
5412e9bb63ea4924520434f757b4023f,1156120000,6,m.huisuanzhang.com
544b8f86c79fcea44ce4e3f7b66c35cc,1156320500,3,app.qixin.com
545e0356b881686eed74ec230bd7aae5,1156310000,2,app.qixin.com
548b8c866928c294b883e834d4230804,1156310000,1,app.qixin.com
54a23d81ea68ef38c1ddc08eda2c801a,1156610100,1,*.520gongsi.cn/*
54b831a27c57b59047d535d311660424,1156610100,2,*.taoding.cn/*
5553b2d6d8c65230db4c0d31d95eb5ec,1156610100,1,*.duoyoumi.com/*
5595c151040b69dbe8a533ffe7acbcb0,1156610100,1,*.qusuanzhang.com.cn/*
5601540758e9c8081ea91767ed307e9f,1156610100,1,app.qixin.com
56028d32ba8e6fcd8c37ca742c0bb122,1156610800,3,app.qixin.com
56434ea184b91b321f8aaff7d4444b86,1156610800,29,*.520gongsi.cn/*
56434ea184b91b321f8aaff7d4444b86,1156610800,3,*.homecaiwu.cn/*
56434ea184b91b321f8aaff7d4444b86,1156610800,25,*.caiwuchina.com/*
56824e555e3b77dac1afcbe88cc3dc4f,1156610100,21,*.520gongsi.cn/*
56ac63140e3cba13da2f5d79a0d39531,1156610800,22,*.669caishui.lsruiqi.top/*
56ac63140e3cba13da2f5d79a0d39531,1156610800,38,*.taoding.cn/*
56da4e2821e6426a162d8a908f2b59bf,1156610100,23,*.taoding.cn/*
56dad91c32303e151e70c14d26d61e55,1156610100,26,*.ezcezc.com/*
56f80aaaa66fdd04bd7bdf5d58389aa7,1156610400,1,*.huazhengcaiwu.com/*
572e9e63f85379b2661025a6c50241e4,1156150100,2,*.zhihuiji.com/*
5763e8d04a46b022590ec16f38bbe8cb,1156370100,3,*.sxxbfw.com/m/*
57a7a6727c700370b18733581f3c7a43,1156331000,23,app.qixin.com
57ab20e07ab2e896f592344ec9a0ee1f,1156610100,2,app.qixin.com
57f22d419d54c9411da61f2c4f3402c2,1156610100,25,*.taoding.cn/*
5864239efb09977719c54c5aa288d87c,1156330500,1,*.zhihuiji.com/*
590d4b73dacac8f209ecae48ad22d947,1156610100,19,*.caiwuchina.com/*
592ad0d911c7f75766eee895debcde1c,1156611000,1,app.qixin.com
5945878f3d268dec8b66d1dfccae9842,1156610800,1,app.qixin.com
5a0ba655856bc611f2eccdf85ef24793,1156360900,2,*.taoding.cn/*
5a6fa3b470ef7caa92af1a587cf494e9,1156610500,1,*.e-zc.cc/*
5a6fa3b470ef7caa92af1a587cf494e9,1156610500,3,*.caiwuchina.com/*
5b014d21970f1a17c56b9edc8bb31d02,1156610800,22,*.taoding.cn/*
5b7796c9d76688822c43f789fa200662,1156310000,1,app.qixin.com
5b78aa5a9fecd86b9161b59dcf6a2272,1156610500,8,*.taoding.cn/*
5b9daa5033640d9fce82ddab9a9f404f,1156210100,1,*.zhihuiji.com/*
5bb9c116930eecb445b66636fb6a76d0,1156310000,3,app.qixin.com
5bcf2aaab56775d9ae3bade19a84ce97,1156610900,1,*.taoding.cn/*
5bf823c1f252434a548b8e26b0399c6a,1156610100,7,*.taoding.cn/*
5c19bb61892c3c8ab52fba25fd778b22,1156610100,4,*.taoding.cn/*
5c4b2cfd145b2cec33ed3a26caef2613,1156420300,2,app.qixin.com
5c75bb63a95b365c861f4649ec3136d6,1156120000,1,*.chuangyebaba.com/*
5ccadd08a0fcab422b57b34369e9d411,1156610100,2,app.qixin.com
5d06a4f9853d362cc2da10e92c7f0b04,1156310000,3,app.qixin.com
5d2c99fcf7c0f0dd10b54a8f4de0bdff,1156610100,19,*.taoding.cn/*
5d4d303c14c3eaa89c549e5e13ada3a9,1156611000,2,app.qixin.com
5d91dfe51b3aee4a578c9857b19d1525,1156310000,30,app.qixin.com
5d9b3698d72c985df91b81fbeab56421,1156310000,1,app.qixin.com
5e3908bbfa0b91ee1c2279dac4d0a043,1156431300,5,m.huisuanzhang.com
5e47d2d2ebc59844f544960b0908813f,1156310000,23,*.zcf.net.cn/*
5e49774d969dff917339a6a472a0fa2d,1156120000,1,app.qixin.com
5ea13c50080aeee860483f0ceb283c2e,1156310000,4,app.qixin.com
5ec4d6b9e787b9df3898f53e2d02f343,1156110000,2,app.qixin.com
5ec5ad1a1d81024cba0eadb785fb517c,1156610100,1,app.qixin.com
5f010d1f6e1b6643d546832e12fbcccb,1156610100,1,app.qixin.com
5f41dee601d3ca01ad011c3dd631439f,1156610400,2,*.taoding.cn/*
5f5d98f40b7308f0ef2cfb1b83f06352,1156310000,1,app.qixin.com
5f825681be70d845ace7b8728e4dc2c9,1156310000,6,*.zcf.net.cn/*
5fd380dbffdfacc70e092515d3f8d4a0,1156340800,26,app.qixin.com
601d0b448dc615aca51c9f3e71bcef98,1156610100,3,*.ezcezc.com/*
604c8572b2dd77a3817c150864e5d04a,1156120000,4,app.qixin.com
607d79fe734deec4453d4dab3db09a66,1156610300,4,*.homecaiwu.cn/*
607d79fe734deec4453d4dab3db09a66,1156610300,51,*.caiwuchina.com/*
608c1ceae81a5d9e4f416162a6966520,1156610500,1,*.caiwuchina.com/*
60e3cba69492cdb48ea9d401bc692c2c,1156341800,1,*.yishuiwu.com.cn/*
60f78446bc56b795df191afad67a852d,1156310000,20,*.520gongsi.cn/*
612c3d5ab59335a75d9d7aad6e1a7f77,1156610100,19,*.taoding.cn/*
615a693955a4bfa5063fe16942e8ab23,1156120000,26,*.520gongsi.cn/*
618261ba50bd780e87ad091a42b5280d,1156310000,28,*.duoyoumi.com/*
6267a6949463971d43003f7b5ef07d08,1156310000,1,*.zhihuiji.com/*
627fbf4131b7caab12e97c3212d2ff46,1156310000,9,*.zcf.net.cn/*
62853140cb47a72218ee4bf330a8795b,1156310000,4,app.qixin.com
629ead5955b2d33d35d38d8a43956c35,1156610100,17,*.huazhengcaiwu.com/*
62fcfce627aa4b48d193f88b988701e5,1156610400,3,*.520gongsi.cn/*
63bacb3b8f157f90bb22fdc0d020ac09,1156610500,56,*.taoding.cn/*
63bf7869e0556301eb3a293ed5d1f05e,1156610100,1,*.huazhengcaiwu.com/*
63d3efb546ee0bce433d54fca476bd82,1156120000,3,app.qixin.com
63e5980869a685574b8205ee73a6af1e,1156310000,2,app.qixin.com
63fa859704719bb2e46ae4556bbcb152,1156610100,10,*.zhihuiji.com/*
6465f174d9827cec085054febe3f414b,1156130100,1,*.zhihuiji.com/*
64cefa8eb79f379222226faf8a43effc,1156310000,25,app.qixin.com
64f9f3128e6b4fec212a60c7b31fb422,1156310000,1,*.zhihuiji.com/*
6521aa389f48d5e12498d9c8fa64f5d6,1156610400,88,*.taoding.cn/*
655e514dc5b01f0c7fa694ccead73c78,1156330400,25,*.zcf.net.cn/*
656e73713a6a9c03248a8f2d825e7350,1156610100,9,app.qixin.com
6583dc3fb9032b5decbcf5028e684c29,1156621100,7,app.qixin.com
65ac1fe1cf17019c930f65aebbfe2d9e,1156431100,3,app.qixin.com
65b271c5d72d0c0b6e550835aa0c7efb,1156610800,4,app.qixin.com
6606116b994bfe54b2f5bd0f4c2d50ea,1156610100,10,*.zhihuiji.com/*
667ea608ef29d49536e684fc90d27bae,1156120000,2,app.qixin.com
668d018b621edece5f74827626237e7e,1156610100,1,app.qixin.com
67a6d79f63b0ec3be6646c5da9729bfc,1156131100,18,*.caiwuchina.com/*
67bd643583955a65e38c0b1803c18989,1156310000,14,*.zcf.net.cn/*
67e848e9f9793aad716b6a3fb5feb0d8,1156320100,1,app.qixin.com
67f5d8272d4d669d6d3a65906bf0b220,1156370800,4,app.qixin.com
68120f814605bcbdd0ce8fefe9e98ac6,1156310000,11,app.qixin.com
68135022ee09613795fddfacfbb16af6,1156610100,1,*.ezcezc.com/*
682e84260b71610a6271da235b121bb8,1156610100,1,m.huisuanzhang.com
688c39c637b7d3dfb300c44ae18827a1,1156610100,9,app.qixin.com
68900179684ae2d12ab54cc5fdac4e2b,1156330700,2,*.taoding.cn/*
68e76183157cfebccea627f49c6032e5,1156310000,48,*.zcf.net.cn/*
692fde2189b400fc40992549c4088cf7,1156610100,13,*.clcs888.com/m/*
6945d650fb7fabdf33b2d6293c8ce1fa,1156310000,4,app.qixin.com
6966ffdddf4ccb6a0d7457a4b7402911,1156610100,2,*.yixincaiwu.com/gszc*
69a2803dff7adbc22bcf26b30c48ae4d,1156310000,3,app.qixin.com
69b74200650ca6341737a4789ca3c267,1156310000,30,*.zcf.net.cn/*
69c11191bea68edbc1a429ff916d912a,1156310000,4,app.qixin.com
6a0228111decf0df5936e6b4b534f90a,1156441900,1,app.qixin.com
6a03e81bd812137d51e375ba30df7f6a,1156310000,33,*.yishuiwu.com.cn/*
6a182a69f635b8f0f85fe26e379f54f2,1156110000,1,app.qixin.com
6ade394f42f1f9c6a1096624ccb1a536,1156310000,62,app.qixin.com
6ae01c93c642d60cddb27034dc3b4e2c,1156310000,2,app.qixin.com
6b3c2509f7208452644b0b6b1d8c1507,1156120000,36,app.qixin.com
6b53b3f45a367494b7538d3b8d5ba3e9,1156370700,14,app.qixin.com
6bc80a514c5b4ed89fa5e19d6ba7dc80,1156310000,16,app.qixin.com
6bd76e4bda170d84c6497f66078bcdfd,1156310000,3,*.yushengsh.com/*
6c3b7f0b67ffd272c96a5de92bbffe18,1156610100,6,*.taoding.cn/*
6c71cb5902fa496627892d43b44a9274,1156310000,46,app.qixin.com
6c725627642be0c02472de0a789e913b,1156310000,1,app.qixin.com
6cd2f5c9f17dd12d93cef06586c9965c,1156340100,7,app.qixin.com
6d3d1a56e76d1ac6819a5a9db09ce5e0,1156610700,1,*.520gongsi.cn/*
6d5b9a6c46b169fbe2b9df7ddc090a17,1156610600,3,app.qixin.com
6d8cac0665317a762280aa875bf5efa4,1156610100,3,*.taoding.cn/*
6dd2e62c99fc780d1d4add827fcc9456,1156120000,4,*.zhihuiji.com/*
6e086e0cf76a0da41c0d10ace3208f31,1156610100,3,*.58shuiwu.com/*
6e27de2fa32ca84e726504d140eafc7c,1156120000,41,*.yishuiwu.com.cn/*
6e2c41988a3bb866a12b8c183dc37817,1156310000,1,app.qixin.com
6e630cd508e9ea317e059aeb0636625f,1156120000,22,*.669caishui.lsruiqi.top/*
6e6a46304166484934533c4f0c855132,1156340100,1,app.qixin.com
6e9d65ce33752adea7f730663937c1c1,1156610100,1,*.taoding.cn/*
6eb416b076075f56038d4fb39b6ead2b,1156310000,4,app.qixin.com
6ee33e3a5ca92c32932d1c8c66af8ca3,1156610100,24,m.huisuanzhang.com
6ef349e12be0662cbfbee2f9b945600f,1156310000,6,app.qixin.com
6f1bb84544978fb7043918494b75e0bf,1156610100,2,app.qixin.com
6f32b987a07fb0b46586d3dddf6c9323,1156610100,17,*.taoding.cn/*
6f32b987a07fb0b46586d3dddf6c9323,1156610100,3,*.sxxbfw.com/m/*
6f476474d9a3447431b4280ada7c01d5,1156610100,2,app.qixin.com
6f9b793f1b554fff2ccf1fa7baa56286,1156411500,93,app.qixin.com
6fa32caf2eade811c196df96a7eb0857,1156610100,4,*.qdqfser.com/*
6fa83ad2d8bb0f56f1bee43474a29ade,1156610100,1,*.520gongsi.cn/*
6fba5d0bab3e222dade23a78b3523b63,1156120000,11,*.tjsunaomei.com/*
6fba5d0bab3e222dade23a78b3523b63,1156120000,3,*.huacai.com.cn/*
6ffa0d611f06a3b296a5f962c8432b05,1156310000,1,*.yushengsh.com/*
702b9050b6217a91878ae113cb11c93e,1156610100,66,*.eyczh.com/*
702b9050b6217a91878ae113cb11c93e,1156610100,25,*.taoding.cn/*
706ff9f89caeaf20c902cb29ae8164e6,1156340300,27,*.yushengsh.com/*
707d31645962bb916b4c9fc13ef49c39,1156350100,4,*.zhihuiji.com/*
70d94f86e30c51232263be903d574ac0,1156150600,1,*.zhihuiji.com/*
70f5eee3ab03e074a00d44fee24e8ae6,1156610100,2,*.taoding.cn/*
716edcd41f49e826ff13ac33af7ea828,1156310000,13,app.qixin.com
71c8f5a0174606325f4e5305a2cfa7df,1156610500,3,*.taoding.cn/*
71ea5282424eade2c4de2b09b6bb8745,1156310000,6,*.520gongsi.cn/*
7210bb8ffc3edfd2030c7790a7832ca2,1156320500,6,*.zcf.net.cn/*
725eee97966730fb78ef68bbddaae438,1156310000,3,app.qixin.com
72b5af8ba980e9e83c0fce90d1381573,1156610100,1,*.clcs888.com/m/*
72c63829f96f98b8d9d3f1a33795c369,1156310000,23,*.ezcezc.com/*
72e990f2175827580bb9a1538ccff05f,1156310000,2,app.qixin.com
72f4199ae71b2098c9205f162f2a322d,1156361100,1,*.zhihuiji.com/*
73379a657202611e89142f6c4aa2743d,1156310000,1,app.qixin.com
736ae5cdb249d6d03650d10172bf5ec2,1156610100,1,*.huazhengcaiwu.com/*
736e04925c7423b49c4f6d51c197fb1d,1156610100,3,*.sxxbfw.com/m/*
7370d1c27367e1f7d4a992cea0d521a6,1156120000,4,app.qixin.com
7383c47e447d265bb7e1c92c90b83389,1156610100,1,app.qixin.com
738862c6982cdb29c7bca411850224a8,1156310000,1,app.qixin.com
738a8598e0b073c7ed2c0ae3ad1010dd,1156610500,1,app.qixin.com
7390a945d75d7d37e563ae459a863617,1156610100,1,*.huazhengcaiwu.com/*
742b4daab61f6593907a2b4d51d35fa9,1156120000,40,*.yishuiwu.com.cn/*
74374fc4d3a4787dece68b41200a4a2b,1156320500,3,app.qixin.com
743ddf5ea4136ff93723bb4f4bae4474,1156130100,1,app.qixin.com
743ef49155179e3aa59326b6a4dc2ee8,1156610100,18,*.huazhengcaiwu.com/*
7486945964b83d26ae0cc996e9ef9636,1156310000,244,app.qixin.com
748c529179e3d60488ef1557fc2b6ddd,1156610700,21,*.520gongsi.cn/*
748c529179e3d60488ef1557fc2b6ddd,1156610700,4,*.taoding.cn/*
751dff0fffc2928f47e6f93f74337f52,1156310000,17,*.huazhengcaiwu.com/*
7529506f5747eb618b2aaa9484dcb685,1156310000,4,app.qixin.com
753bd277662399343ad9257501d37990,1156610100,49,*.huazhengcaiwu.com/*
7541a2e54c9cfef4b7c7d25319d13871,1156610100,1,*.taoding.cn/*
7577b8b09e76e7669bbaf23545182028,1156610900,25,*.taoding.cn/*
75b81d7e9c9be6d619ed103605cde5dc,1156610100,1,m.huisuanzhang.com
75bea540c9ee977223e8ed47de0b1cf0,1156310000,9,*.zhihuiji.com/*
75e441686f3be30807a7a9cb2c5e4832,1156610100,19,*.taoding.cn/*
75e51d86fdbc558b662aab7ffce9dbae,1156610100,1,app.qixin.com
7657afba6eb59aca56f49c68c0bdbce4,1156310000,6,*.yushengsh.com/*
768125176e5287a2e78956cd15424fd9,1156310000,35,app.qixin.com
76c489f7ad4c3b693782d94a44eb9da6,1156310000,1,app.qixin.com
76d481c9e0a7285348246b50e4e1e266,1156610100,5,*.zhihuiji.com/*
772a49b1e3d3ed23f080f9204381493e,1156120000,1,*.zhihuiji.com/*
77645a505616ea9249aae5ff3b38c668,1156320900,1,app.qixin.com
77f4116431ef0b777b846f215703bdd5,1156610400,21,*.chuangyebaba.com/*
77f737f9533d296bbd56759e97b428fb,1156310000,2,app.qixin.com
78578d570c8e0e525a10f66408981086,1156611000,2,app.qixin.com
787a95c8280d7518dcad261c9d2e1438,1156610200,26,*.taoding.cn/*
78981627ab7f5facdac67aebce98931a,1156610100,3,*.taoding.cn/*
78d4fa7de39eebbf8e1e813343ca64e0,1156610400,9,*.taoding.cn/*
78ebd9a9005f46dcdf80988137798c21,1156150200,1,*.zhihuiji.com/*
78ee93a6203a4df6e7d2c965f4884858,1156431000,22,app.qixin.com
79e9b859f50c065424d80716dc827bea,1156610500,22,*.taoding.cn/*
79f56d1b18c999e728c3e36c463c357a,1156610800,5,*.zhihuiji.com/*
7a1b61e582add40e5226622e8e9c0359,1156610100,5,app.qixin.com
7a1dcbaff02ca671515d6d74d8fd23a5,1156120000,23,*.yishuiwu.com.cn/*
7a56e0023be84e88a03e714c4308f380,1156610100,190,*.zhihuiji.com/*
7a7be1029e13964c4c30999dc3f7e675,1156120000,1,*.zhihuiji.com/*
7a9f3590a0181dcc5e5777d84c9bc1e4,1156310000,4,*.zcf.net.cn/*
7ac33d952ed5196e9c0d2f66df5db9f6,1156520300,1,app.qixin.com
7ac53eb245805e49d27fd5fb6c88f4fb,1156610600,1,app.qixin.com
7ae49de555e43c5378b98100387bd00c,1156440100,1,*.77china.org.cn/*
7af84b7509513cfc6ac610819b753c7a,1156310000,7,app.qixin.com
7b50c34013f5baeff713c4ed8929252c,1156610500,1,*.caiwuchina.com/*
7b5c6b00095ea832ae5c18a59b557dde,1156610100,246,*.zhihuiji.com/*
7b619c32a401a717da70974e33151173,1156120000,4,app.qixin.com
7bb0e7464c96459141f597293ef30e43,1156310000,1,*.zcf.net.cn/*
7bbc1d2842f7f5c47a6fd0f551a4673d,1156610100,7,*.huazhengcaiwu.com/*
7bbc1d2842f7f5c47a6fd0f551a4673d,1156610100,4,*.taoding.cn/*
7bef29bbe2828e6d89e5e4c150f7bb39,1156610100,21,app.qixin.com
7c00496bb0dcddc54647b64ba996e4cc,1156610100,22,*.sxxbfw.com/m/*
7c22134918c8396a96a866adcd51425f,1156610700,1,*.520gongsi.cn/*
7cc84dad7402dc8b3fe4508c2734c0eb,1156610100,6,app.qixin.com
7cc9848b6ba709b298db924aacfa02dd,1156310000,28,*.669caishui.lsruiqi.top/*
7cd339a649ca256f7e3819c8edfa3fc0,1156610100,13,*.taoding.cn/*
7ce2c1ae016045e426219c62648e6cd7,1156610100,2,app.qixin.com
7d705e27ac334ab8a6b54d2badfffd91,1156120000,1,*.zhihuiji.com/*
7deb893a6913c18c91ee4305811bd737,1156610100,1,app.qixin.com
7e198b7f23cd5e6c7db4976c2641c7dc,1156120000,18,m.huisuanzhang.com
7e607552d9db6f8842ec8c63be5e40a4,1156330100,16,*.yushengsh.com/*
7e7e4743f886079df0984c1f44f555a2,1156610900,8,m.huisuanzhang.com
7ed365e95b45caa70a703ea93d438183,1156310000,2,app.qixin.com
7f05cd31c44c6f428b2e6d5146ca4f95,1156310000,23,app.qixin.com
7f8cc6bfee7af71095515c97150d5844,1156610100,1,*.taoding.cn/*
802336b41203ee000a7c84214c900fbd,1156310000,2,*.duoyoumi.com/*
80606f22fd432740459e6f11ad6e604b,1156120000,1,*.yishuiwu.com.cn/*
80834a46fbf58cb384ec70723eef79bc,1156310000,15,m.huisuanzhang.com
80c839de962f03120b97112167a65957,1156310000,2,app.qixin.com
80ce8ea04f44df1759bb6e042e780859,1156120000,1,*.zhihuiji.com/*
80dd3549a6d979f96709a9fad5024501,1156610100,3,app.qixin.com
80fbe219da4136a8098098b26bc59f0a,1156310000,25,app.qixin.com
815988a322d2561391ea7db4e74bc942,1156610700,2,app.qixin.com
8162011fe38c27e86ed0e975accafa18,1156621000,3,*.ezcezc.com/*
8199fa55aa4e28b8938e2920f90a4f59,1156130200,2,app.qixin.com
81c032b6741df4a85d72d58e6f438a71,1156610100,4,*.taoding.cn/*
81cd55aeb223d8ea459a9c89e92b20fe,1156511400,1,*.zhihuiji.com/*
8201e1296434faee5a20e99b09a0ccc8,1156340100,29,*.77china.org.cn/*
820a4387b26a90392c06e47369d637ca,1156610600,12,m.huisuanzhang.com
8303ab969695098aee92bdd975851214,1156330400,4,app.qixin.com
838c136c76d1b533fadc9f3252ac0a09,1156310000,302,app.qixin.com
83bc677a27153b052e52b96c811597ce,1156310000,39,*.qdqfser.com/*
83ca283beeaffc44696691c6be7bf00b,1156610100,2,app.qixin.com
83d5481fd5e2cb66268deb1d7556152e,1156610100,1,m.huisuanzhang.com
83ecc1990195dfc07661d1fc574f67ec,1156610900,1,app.qixin.com
84b7bfcdc9a3689cf68c51d6151409dc,1156330200,1,*.zhihuiji.com/*
84cc87826957b1e55a5b2485141b588c,1156310000,8,app.qixin.com
84e1c4367d675a4648d310300379e8f5,1156310000,9,*.zcf.net.cn/*
854eee6db5980a4bb02804b97d9d0a99,1156610200,1,*.520gongsi.cn/*
85651d58d5706e2b80d6133c83cb70a6,1156440300,1,app.qixin.com
859232142043d4459dca1283606afd56,1156310000,4,app.qixin.com
85d81db72a36063f846a2816317d70ad,1156610700,1,*.huazhengcaiwu.com/*
85f37b5d844c27e7b947887ff71ce8fc,1156610100,23,*.taoding.cn/*
86070b7cadbe104f25f4061dbc5f1d62,1156610100,22,*.taoding.cn/*
863f3def08b6d97ce5b2bc4d17aac54a,1156610100,5,*.eyczh.com/*
866bce9bd5091776670d70277711edce,1156310000,1,app.qixin.com
867697fd4383d6ad5aaac331dbe653e5,1156320100,52,app.qixin.com
86ad521c3e3d7fc77df2c2abf6df7bf6,1156610300,4,*.taoding.cn/*
86b694b125baa80046d7b1767e22862b,1156610100,25,*.669caishui.lsruiqi.top/*
870a1aef4a4cbdf5d6b0e2ad5ad100b5,1156610100,1,*.caiwuchina.com/*
876fa54ac9c625a38cb4bcdf3536dd1a,1156110000,8,app.qixin.com
877d515b7e2251b984ede603a58e334f,1156310000,4,app.qixin.com
87af131c6f8238c57fb89c91d5fd3cf6,1156310000,2,app.qixin.com
87f064653d1a7395b84e943dfc323dea,1156610800,1,*.520gongsi.cn/*
88257ccb9a303a5db206a93b2dd67565,1156610100,4,*.qusuanzhang.com.cn/*
885f93c06d44411f87871169812b636f,1156610400,5,*.e-zc.cc/*
8868d1e1c6cb4fae0826b60ce28e689d,1156621200,6,app.qixin.com
886ea1b215b9d7045df23adb1fa841c5,1156320500,1,app.qixin.com
888428f28f43dc79ae902510c5a728ad,1156330500,1,*.zhihuiji.com/*
8903ab97330ec0c214857ca82610f469,1156610100,2,app.qixin.com
8930bd53d93d23406f2bb83d2b5e688e,1156610300,2,app.qixin.com
897a4d3b318c6498664920695be1aa24,1156310000,1,*.zcf.net.cn/*
8984d2df89aa920c1b317de38655daec,1156610400,4,app.qixin.com
8991900cfa0878aea38745316559b5e0,1156310000,1,app.qixin.com
899b2a6c5647084dd312b6f425e20214,1156310000,5,app.qixin.com
89b07b7ad86ed665448f76f0d8b1dbe9,1156610500,1,*.ezcezc.com/*
89cc47d5654806bf5f2b3f6611c7881f,1156610700,3,*.ezcezc.com/*
89fba2b93ab802c581bbd417ccfd9d4a,1156610400,6,*.e-zc.cc/*
89fba2b93ab802c581bbd417ccfd9d4a,1156610400,2,*.caiwuchina.com/*
8b09f87222aeb9a3208a63bc633211a9,1156510100,18,*.520gongsi.cn/*
8b364cc33013d965761a6fb7d003e8a8,1156610100,1,app.qixin.com
8b8a17e9ac1ebaaf2db9d61639e01e2b,1156310000,3,*.chuangyebaba.com/*
8bab8062d986275a94aa7daeb73d54ad,1156310000,2,app.qixin.com
8bcd207cd966e481e6e78b9b7e888a8c,1156610100,6,*.taoding.cn/*
8c5944d7768f1a22445336aa996dc0f0,1156610100,2,app.qixin.com
8c8177bd9b21121c74446f5e2fa46ec2,1156610100,1,*.eyczh.com/*
8c8177bd9b21121c74446f5e2fa46ec2,1156610100,2,*.taoding.cn/*
8c86715f9c5113159f18731c3161bd95,1156610100,17,*.huazhengcaiwu.com/*
8d36c188ce94e7c66984eff7f87c1135,1156610800,1,app.qixin.com
8d5b1c1a01beb00186e9155ee51dcb05,1156120000,21,*.zhihuiji.com/*
8d6ce93bc64ec67cc06a107cd1f9895a,1156440300,1,*.huazhengcaiwu.com/*
8da94f39f71455486ab30f89d73108d1,1156310000,1,app.qixin.com
8dac19b281b9e034f63a027aa821b135,1156310000,9,*.huazhengcaiwu.com/*
8ddf33283d7933d2b11fec97ff6fd9e4,1156522700,1,*.zhihuiji.com/*
8e00cb80434a2f3704705e3594c1b74b,1156610100,1,app.qixin.com
8e27500fe10fdd1f5f4dac503da4074a,1156310000,7,app.qixin.com
8e48370c07d97518b477d8a890d2244b,1156310000,1,*.yushengsh.com/*
8e5c50a6507eb67a754a08de2778b332,1156140800,2,*.zhihuiji.com/*
8f473eb221f74824fc0e869b1ebdd42d,1156310000,7,m.huisuanzhang.com
8f95ac51a29c93b67d21fadb63bb8139,1156610100,10,*.360lihua.com/*
8fa8dbfdb7fdf3a1fcfc9495ce4ff8c1,1156310000,40,app.qixin.com
8ffb0cae1acf4383c9f95b6250f439da,1156610100,2,app.qixin.com
90391762d30d21b70c6f7e5e10266aab,1156320900,5,app.qixin.com
906f38bd3c2ee5fc5938a25b8c76d5a2,1156310000,23,*.zcf.net.cn/*
90818095d414adea910f2fd84487ba93,1156310000,4,*.caiwuchina.com/*
90937673543dbf85264e619b16b6b4ec,1156610600,8,*.chuangyebaba.com/*
90967b28d5f1d3a9909b30b72955ed23,1156610400,20,*.taoding.cn/*
90b0f8b8eb73f080f1be043e321018e3,1156310000,6,*.chuangyebaba.com/*
90ff58ed4139d133590e0e3eea3503d4,1156610300,23,*.taoding.cn/*
91325c669440bde3bd062dd193f43ef4,1156610100,7,m.huisuanzhang.com
9153484c54ee6794cc4c05a17cc803e2,1156310000,3,app.qixin.com
917843d5e3925f3b52fdfc4db07d0cd7,1156110000,2,app.qixin.com
9189fd16296a003384719956ccc77c99,1156310000,17,app.qixin.com
91b0f1747e70f5a89335420315e39355,1156320500,4,app.qixin.com
91d9286e46456bcb8d8a1c8926c4e179,1156340200,6,app.qixin.com
9230b2c7cdb18549d3de61c6a12710cd,1156610100,2,*.clcs888.com/m/*
9232ab5300417533a36b5b0583a66b1d,1156610100,1,*.taoding.cn/*
925e4ad32257e5db58f15414195f3c6e,1156610100,2,*.huazhengcaiwu.com/*
9277a8c070c4ba0c230111effafb55cb,1156610300,1,*.taoding.cn/*
92b0077122ef3dddc05ab2ee6e4d1201,1156310000,167,app.qixin.com
92ef939de8b03cbe4fc2a3f5fe3807c3,1156610100,4,app.qixin.com
932a78519ceeb108dcd2695e9f881670,1156610600,1,*.taoding.cn/*
9357503f82e1162ef10e314a1b3620f2,1156610800,3,*.wzjishangtong.net/*
93b8da15aa2186367dd0ecb022ce853e,1156120000,1,*.chuangyebaba.com/*
93c2418fb6d0c337cb039188be1fdbf3,1156610100,16,*.taoding.cn/*
93e6f26f44c3e8e76fc3a48eaa8d286c,1156310000,7,*.zcf.net.cn/*
93fdea787d30256589fd55bcf7b381b2,1156310000,1,app.qixin.com
941337d1bacd80aa641e0e00ccf47947,1156120000,1,*.zhihuiji.com/*
9430935a9ff28bb07665c8c367f2ca13,1156610100,2,*.chuangyebaba.com/*
945bfaedb73316bbb90b32eb47175a71,1156310000,9,app.qixin.com
946c62dfe9397fd73eddf490327cada8,1156310000,74,*.zhihuiji.com/*
9490a3b7e3d2e595051e209071ccd87c,1156310000,2,app.qixin.com
94dc8282da7566c6843a44aa3279321f,1156610100,10,*.jinxun888.com/*
950647eadd2b6863293d015795133936,1156610400,2,app.qixin.com
953aaa24ca5fae8918b9426c0c766aad,1156611000,4,app.qixin.com
95566864247bb260e4ed3cde72e204c4,1156610100,1,*.caiwuhome.cn/*
95566864247bb260e4ed3cde72e204c4,1156610100,21,*.caiwuchina.com/*
95b242752ea4026c1e7bd6c10105bc1a,1156120000,1,*.zhihuiji.com/*
961156bb872974a946643461a88f45e1,1156310000,29,app.qixin.com
965ffecf8cade421ed790b92db1b8b77,1156610100,46,*.qifugou.com/*
966e837df23b5e5b3b789e62472008f2,1156610700,6,*.caiwuchina.com/*
96c4ec1bcb765ac89e65f1040cf065ec,1156120000,1,*.zhihuiji.com/*
96c51c3f673a89584a6b2f62a1193871,1156610100,1,app.qixin.com
96f5b9f1245119301b2e4bfe6d7606fb,1156610100,2,app.qixin.com
97287746a2b7cbb470309a9d3de783f5,1156310000,11,app.qixin.com
9741632e76351ef1ba037c9f3e067a36,1156350100,13,*.zcf.net.cn/*
975008503a5e2cd5e989b48867d4ca95,1156310000,15,*.yishuiwu.com.cn/*
97cd0d4b91c35ed92958b85dbdd0c13b,1156610800,1,*.taoding.cn/*
97f3da5f04bdd57b2e2b9bba2a2e12e6,1156310000,4,app.qixin.com
97feb6577a084a9163ce00996ada081f,1156610800,1,*.homecaiwu.cn/*
97feb6577a084a9163ce00996ada081f,1156610800,17,*.caiwuchina.com/*
97feb6577a084a9163ce00996ada081f,1156610800,1,*.taoding.cn/*
9833a5912e80f76b21b622915c944c2f,1156610300,5,*.taoding.cn/*
9838c99b5c3d393434bc03a5609d7ae8,1156310000,22,*.zcf.net.cn/*
986e153c6d4b16e566aee8e0ac6259ee,1156320600,19,app.qixin.com
98705f78c409b6121a4d98a004fa4990,1156310000,2,app.qixin.com
987d8e8116465040e39084f6d72832fe,1156120000,2,app.qixin.com
989417f41e0a586f11ba58e3be4f25f3,1156410100,14,app.qixin.com
98a975684f81a5357b19534bbcae8cab,1156610100,3,*.clcs888.com/m/*
98c0ea8b69955147fe2a6376e1df4bbf,1156310000,1,*.duoyoumi.com/*
990630bd401302a250cf3e2eae783ecc,1156610100,1,app.qixin.com
999e7f64f21594bc1f74e36262c55cd9,1156310000,1,app.qixin.com
9a200439d0e4225824b35920a3ee8a39,1156610100,1,*.taoding.cn/*
9a48a002306f9682c3cbd0f50c566c0d,1156610500,13,*.clcs888.com/m/*
9a6778b296bda2a5e62b29c183db1e53,1156120000,3,app.qixin.com
9a693162f6d2674c76039d73eb437c3b,1156310000,53,*.yuqijituan.com/*
9aebf9f14e2287ffe6cc58b7e60024bb,1156610100,5,*.caiwuchina.com/*
9b570d1d28d37a9e79fd717c0fe645fb,1156610500,6,*.taoding.cn/*
9b86e35e3b2c365b8d0a68f30a65621d,1156610400,14,*.clcs888.com/m/*
9b9593ef893eb71cccb9f5aeaaab1024,1156411600,1,*.zhihuiji.com/*
9bc9c80e1634ccaa2d40a3eb157fcd63,1156310000,1,app.qixin.com
9bcc29bc1285edc9564fb18821e8cdd0,1156610100,1,*.eyczh.com/*
9bfe8abdf1f94874d7e0dda259f18981,1156310000,1,*.qdqfser.com/*
9cdd2dfd362681150ef54c2ee2ecc736,1156320900,27,*.520gongsi.cn/*
9cdd2dfd362681150ef54c2ee2ecc736,1156320900,20,*.zcf.net.cn/*
9cdecccc8602595f1b2f7973b9d69545,1156320500,8,app.qixin.com
9d0a7f86699d2fcc1c9c8c6817f54298,1156310000,2,m.huisuanzhang.com
9d1cee6d3d35fde8010edec7b0578175,1156310000,4,*.520gongsi.cn/*
9db12296c675dbf173da414461e3696c,1156610500,1,app.qixin.com
9dbede5bc3b67de01b5110244edab3b5,1156610100,63,*.taoding.cn/*
9dd1e9d7d77ff8d2df6d4327c3b1a547,1156310000,5,*.huazhengcaiwu.com/*
9e356c326428b87f19d2abf40ef805b4,1156611000,4,*.520gongsi.cn/*
9e43a2d49c89abc35290518a278a0e72,1156610700,23,*.taoding.cn/*
9e4d8692c14e199aaa81da970260b824,1156610100,21,*.huazhengcaiwu.com/*
9ed992fc115666597aea74580f56bd13,1156610100,2,app.qixin.com
9ef70a5ba915cc4c4e5b9ff446d4c6ef,1156610100,127,app.qixin.com
9efde16b9154f273d6da91b35a67d12d,1156610100,1,*.ezcezc.com/*
9f4b65aa677eda46e6ba3697f29ff23c,1156610100,23,*.taoding.cn/*
9f97fb64e6f3faf9deb8f74899d9d860,1156610100,1,app.qixin.com
9fa3cd7740d0e3900f7b538e5e15989d,1156610400,21,*.taoding.cn/*
9fb384d82634f8f19802157a9403d92c,1156610100,20,*.taoding.cn/*
a0044ef4a7d5c0b509c972d1ff1ead31,1156330200,10,app.qixin.com
a0054349e88967b54b3098c2b0507a98,1156310000,20,*.zcf.net.cn/*
a00650134e51372898ced50c8a6e9b71,1156610100,1,app.qixin.com
a0612304ef66f579c7e44f8d56465483,1156310000,1,app.qixin.com
a0b0611655108c6f6241726a3b8416ab,1156610900,3,app.qixin.com
a0bcd2f527dace0a4d484e288eed6568,1156610100,5,*.520gongsi.cn/*
a0cf95efac96e4f7c0542e5c7e9c8fe0,1156610100,1,*.caiwuchina.com/*
a0d36942c7d5652605a9319ef0679fa8,1156151100,1,*.caiwuchina.com/*
a0e00c94ee9b5aff53c0c2f10438404c,1156310000,1,*.zcf.net.cn/*
a1165cd9f10ae0303c4a5a61628a2ab8,1156610100,1,*.taoding.cn/*
a13234d8c60123774bab07ab40ac0298,1156310000,1,app.qixin.com
a1335f8006f94313e4ddff31ad52616b,1156310000,22,*.zcf.net.cn/*
a13b05eb31a7a9822d2922339f5fb586,1156610500,3,*.homecaiwu.cn/*
a13b05eb31a7a9822d2922339f5fb586,1156610500,25,*.caiwuchina.com/*
a15dbaaa7e6a71cb0df68e4b24dee8f5,1156620700,13,app.qixin.com
a15ec385de46973e1d4a66b525d5c354,1156310000,10,app.qixin.com
a175eae804c0e488229db29d1ab6b454,1156610700,8,*.taoding.cn/*
a1b4863b273a6c5fbbc3efca0908b997,1156310000,2,*.zhihuiji.com/*
a1c2b1cfa3a9fd84b4f8813ebaae8293,1156610100,4,*.taoding.cn/*
a1de534da63b1dbdb17f194f1760e306,1156610100,1,*.taoding.cn/*
a20b9596730a8e86a745ddb9bd0f5df8,1156210200,2,app.qixin.com
a23de922cdf5a1ae7c3651a631eb8dcf,1156610100,8,*.huazhengcaiwu.com/*
a256d57603c2470c2df1e4c33099e84b,1156320600,27,*.520gongsi.cn/*
a2b79fb4bfd8d6d65ef16a346ba63c3c,1156610100,1,*.yixincaiwu.com/gszc*
a30527dffcd4b70c4fbfcc1e9bf97693,1156610100,18,app.qixin.com
a347d6e42916e3c066955284cb7fdf64,1156610800,1,*.caiwuchina.com/*
a35d88a983d1bf756ead2133546f3435,1156310000,21,*.ji-zhang.com/*
a3d262271ae5fd763dd743e883343979,1156120000,30,*.szsmxx.cn/*
a3d624bad2aebe5deb99ab9ae491fcee,1156610100,3,*.caiwuchina.com/*
a444d58b2a87f2defef8b69b0cb2644b,1156310000,33,app.qixin.com
a4b54ed51c57859590dd458e6cfe1cf3,1156310000,4,app.qixin.com
a4bbb8ad6e85c6af3fea02e214d4e38d,1156310000,27,app.qixin.com
a4c4473bf4adcda9e1cff8343a0f2273,1156610100,20,*.huazhengcaiwu.com/*
a4fe7a753feba6ffca303e5d8acd0bea,1156610100,15,app.qixin.com
a51b51425698f93d24f977049b53da84,1156321000,1,*.zhihuiji.com/*
a57fa3784a7f059af4adb046d5167170,1156610100,16,*.taoding.cn/*
a5c739036f6d47f15d58ea97f0e4fde8,1156330400,35,m.huisuanzhang.com
a5f5fe970a52eaa6ff38032576642e01,1156110000,2,app.qixin.com
a607f62bd3fd354b209a73998a4ae249,1156610100,4,*.sxxbfw.com/m/*
a63e5f67e8332bb5753d98e69b0fa186,1156610100,7,*.caiwuchina.com/*
a674a0815065635cb365cea2080fa805,1156310000,1,*.zhihuiji.com/*
a69065408bbbcaa583c4577b2701a8bf,1156310000,19,*.zcf.net.cn/*
a69e54997763f45bf98e1d97dd2295ae,1156310000,28,*.szsmxx.cn/*
a6edc5e5cff8a56456a79c051211d43a,1156610100,55,*.taoding.cn/*
a7545298c086155eb40d1740620e3fc2,1156310000,1,app.qixin.com
a7820bfc77b3d4a1b517113b11051e3b,1156320700,4,*.zcf.net.cn/*
a79719b36732e8b4138a1f7339873e05,1156310000,3,app.qixin.com
a7ff01cc75c9f60241120b42fd2e9454,1156310000,5,app.qixin.com
a81bd92a456ff9d31679af6dc490085f,1156610500,4,*.caiwuchina.com/*
a82b3d441963e9b2a0c6bb61a855d582,1156120000,1,*.zhihuiji.com/*
a87f08e807c79e958f617ae625c92ba8,1156610500,2,app.qixin.com
a946a72b49ae8081f73325af28e42159,1156371400,6,*.eyczh.com/*
a946a72b49ae8081f73325af28e42159,1156371400,4,*.taoding.cn/*
a966f2b2bc1400c926bfe7d9fd43756a,1156310000,5,m.huisuanzhang.com
a99b744bd42cad766e55e7988049a559,1156310000,3,app.qixin.com
a9f77cd720e6818db2ea87c72b0ff8eb,1156310000,1,*.zhihuiji.com/*
aa45c654e202456af02ca0965a07181d,1156610500,1,*.homecaiwu.cn/*
aa9c3c36da1545b1db5d833ca12104a9,1156310000,27,*.szsmxx.cn/*
aab8d91373667e35ab712d40fc500cc3,1156130100,2,app.qixin.com
ab18574fec8a8972b7fcf19ee0ca2deb,1156610500,1,*.zcf.net.cn/*
ab58bf8b27bef7cb0a4373b0dd3bdc74,1156310000,27,*.zcf.net.cn/*
ab756e10bb7577945d1a001faf1a78b0,1156653200,7,m.huisuanzhang.com
ab9fc0b714d41761289492e1f6a0aa2c,1156610100,1,*.taoding.cn/*
aba332edcc7941d1bd5b08dcf7e69a4a,1156310000,14,app.qixin.com
abe0b0c27443e208c2ac22b53481a4ec,1156341200,1,*.zhihuiji.com/*
ad3a5d7cbd00773700ac2822f7c52d25,1156310000,3,app.qixin.com
ade0ef223bf0cea961727adb1481b806,1156610800,6,*.qdqfser.com/*
adf1fbf309e16cf607da805155aeecb1,1156310000,30,*.zcf.net.cn/*
ae08125337558b9528b78e5eb240620d,1156610100,6,app.qixin.com
ae742b8e8a1f207c0d334b0ed6c803b2,1156130600,1,*.huacai.com.cn/*
aecba90496788dcd84bef6bcf3eba842,1156610100,1,*.520gongsi.cn/*
aecba90496788dcd84bef6bcf3eba842,1156610100,115,*.eyczh.com/*
aedde358245fde82eff01258f763dfe4,1156120000,1,*.zhihuiji.com/*
af82a452d8eb8ea841ae24d5412f9cda,1156610500,1,*.taoding.cn/*
affd4c0093e03fd96718f2af10966bff,1156310000,2,app.qixin.com
b03a92e034d3c51dc1a89a9c96071259,1156310000,1,app.qixin.com
b03e293c65a4d5ea98f39513bca21249,1156610700,1,*.taoding.cn/*
b06ff4d61f83619b8514dc424a185ee3,1156610100,5,*.taoding.cn/*
b0bc0b610d170d5d030a0a438954deae,1156310000,1,app.qixin.com
b0f864e7803f7aeec258e6b792dd4e7f,1156310000,2,app.qixin.com
b10605dfd47ae2b4e20e0970535278d9,1156120000,53,*.wzjishangtong.net/*
b111e657ffc9190a051e5203b347f583,1156610100,9,*.huazhengcaiwu.com/*
b12fe553344cf80429003bd46a04dd87,1156440600,3,app.qixin.com
b149be796ab8c64392a4f89a82de44a2,1156310000,1,*.zhihuiji.com/*
b173bd071dce2d8d0cedae6af957b31e,1156310000,4,app.qixin.com
b1993602ec983f5020144d788ed439bd,1156610900,20,*.520gongsi.cn/*
b1b00fae16c87bf3b37364ae22da66a9,1156310000,128,*.zhihuiji.com/*
b2075461eed4fac7660784808adadbbe,1156310000,2,app.qixin.com
b2493e748b9f11eb9d0244d5d82eac0c,1156310000,4,app.qixin.com
b2589b9ebf178d7cacda71fcc8935624,1156610800,1,*.520gongsi.cn/*
b267199d245f26c23629ba6b6f237cbb,1156610100,12,m.huisuanzhang.com
b2cd8d60c0cdbb97a72f3b7821c48f49,1156310000,1,*.zhihuiji.com/*
b2db298f71789cf60e224cdbcfe5241d,1156310000,6,app.qixin.com
b2dd384b70134e4bda74e374f227db36,1156610300,12,*.huazhengcaiwu.com/*
b2e359f59b818cf50f18226125516ebd,1156610800,1,*.520gongsi.cn/*
b2f18a81886bfd3e0358b46dd6f9c1f8,1156610100,1,*.taoding.cn/*
b424f0df81013671ae21d694c766e99e,1156120000,1,*.wzjishangtong.net/*
b46f5ab1ddb31da8d69a1b0771c42ddf,1156310000,24,*.77china.org.cn/*
b4725901c4b3697b7d513a17a9abc9fa,1156610100,2,*.chuangyebaba.com/*
b4a250c30533e17a23595093b8e8f344,1156610400,3,app.qixin.com
b4bc20866e06969825c21a17f5ebd150,1156120000,1,app.qixin.com
b52b59098819278f0af373c4e7ccaa65,1156610100,2,m.huisuanzhang.com
b5d7c93b13b353929c584207c4cdfd86,1156610100,1,*.taoding.cn/*
b5d9984224ef2aed65fe3248c9a48137,1156610100,24,*.taoding.cn/*
b624db7130b0bb8786df06f6edb17cda,1156310000,1,app.qixin.com
b625fca7ec9b436b483aa93e0dd81f02,1156310000,1,*.77china.org.cn/*
b65209faf47a7673e4d151ce8e2d3edd,1156610100,7,*.taoding.cn/*
b658c8dd2b83cf79e8332840617d45ca,1156610100,1,app.qixin.com
b65a3998a54d68f954bd386244e71d8c,1156610100,11,*.taoding.cn/*
b66498dff8569bf488d2ec60349d1020,1156310000,186,app.qixin.com
b67db024b71ac9c1c6b8e619282c1550,1156610500,3,app.qixin.com
b68238ba1e249f2657a7006975866294,1156310000,50,app.qixin.com
b682f53b6670b2e9f6f77c88b02b923a,1156421000,158,*.zhihuiji.com/*
b6ad67a4ea97e2045e7714da98ae4e80,1156610100,1,*.taoding.cn/*
b6ad67a4ea97e2045e7714da98ae4e80,1156610100,12,m.huisuanzhang.com
b6b0dddd6a8a08dc71f9d4af21cd7114,1156610400,23,*.taoding.cn/*
b6e309b093b651dd28978b4329d3140f,1156610100,1,*.taoding.cn/*
b793377f9e5171bbbfa58859db293f0a,1156120000,1,*.zhihuiji.com/*
b7985d9f9859eb3e6d9d684eab12da27,1156310000,1,app.qixin.com
b7b69945e0a38f97b66f3af0a9812e62,1156310000,1,app.qixin.com
b82b817431a87eb9b15f17f8f4b0a5b8,1156610100,1,*.taoding.cn/*
b8497ace41787fd555b5f2d56d58e7c7,1156611000,29,*.taoding.cn/*
b883c071a3d9482c0a4558c5369e6dbb,1156310000,37,app.qixin.com
b899713d8c5d1aeadf7b27ce7090b2db,1156330400,2,*.520gongsi.cn/*
b8c4df9b14c078d4b8debaec799882b3,1156610700,1,*.ezcezc.com/*
b8d0e24343aa70318643a5e639f14bfe,1156220100,50,*.520gongsi.cn/*
b8e1478bac9e6d7e411b13924beff7f3,1156120000,28,*.huazhengcaiwu.com/*
b90371eb96f9920783e53e3147119ee8,1156610100,2,app.qixin.com
b90b5f39fec291de1697f895dff71721,1156610600,1,app.qixin.com
b94639b45426c1ced54ccc87a7620607,1156610800,2,app.qixin.com
b9492175a13e0930e494ccacc0a77ce5,1156610100,31,*.huazhengcaiwu.com/*
b962ea9c0e770695901dfc7adf912907,1156340600,2,app.qixin.com
b99e2ef780d5b3b588d187c2b86248dd,1156510100,4,*.520gongsi.cn/*
b99e2ef780d5b3b588d187c2b86248dd,1156510100,29,*.ezcezc.com/*
b9b03d9bbac3f1dcd1ba51bd956a5b77,1156120000,1,*.zhihuiji.com/*
ba3d6552c53d39602cae09d97688ad98,1156610100,19,*.caiwuchina.com/*
ba497fa86c630cf2c835e661ac7eab6e,1156120000,45,*.qusuanzhang.com.cn/*
ba4d80e6636570f42a09a2db6ade19b7,1156610100,12,*.kuaijifuwu.cc/*
ba5ca8b24802244a58203d029858f5e9,1156440300,2,app.qixin.com
ba805a58ac378ec76edc222298577e50,1156130700,1,*.zhihuiji.com/*
bacde82a609556f79a82592fd8667193,1156310000,22,*.zcf.net.cn/*
bb13b1b24cd0f77a78039aab40e0d006,1156610400,4,m.huisuanzhang.com
bb81fb9283521e795383885723f93da9,1156320200,4,app.qixin.com
bbce5b2eb1e069b5192149af61b7f6e5,1156610300,15,*.huazhengcaiwu.com/*
bc45e55e152d508aeea5c2d99e7a5150,1156610100,81,*.eyczh.com/*
bc75a5f7e17093ecf5eef21cf3c681b3,1156610100,4,*.taoding.cn/*
bc79460620d61d3c89841622bacf2d55,1156610100,6,*.huazhengcaiwu.com/*
bc79460620d61d3c89841622bacf2d55,1156610100,19,*.eyczh.com/*
bce5f2739a3d03925f15e8638e25078f,1156310000,7,*.zcf.net.cn/*
bd34e6c6a7ba86afca314aed4bb201a1,1156610100,1,*.huazhengcaiwu.com/*
bd8d6702fa2d5bd8e3c556a413366338,1156310000,5,app.qixin.com
bdab796a9439ef5ef53f67bf3060a10a,1156610100,1,*.taoding.cn/*
bdd79679c2a365f9896056af2f5669a0,1156610100,27,*.caiwuchina.com/*
bdeceb17d5e1157e2fb8a039f9193911,1156610100,33,*.e-zc.cc/*
bdfb0dae7dfc599b5617100e5aaffc4b,1156610100,1,*.taoding.cn/*
be18a14111051a9e5fe967e7558c8589,1156610100,14,app.qixin.com
be6567a9d6ffdd9247b3d6b54edb432b,1156610400,14,*.taoding.cn/*
be85d01356f0e19804891f34226103fe,1156310000,3,app.qixin.com
bed6ec9e39a52cbabbb7fb9c4546d349,1156610800,4,*.taoding.cn/*
bf33f015f10cf426cccb17741573756d,1156220500,1,*.zhihuiji.com/*
bf7e1f34d74941d649eb55c27db64567,1156310000,1,app.qixin.com
bfa03874a1297a6e35bc35334c4a3523,1156310000,1,app.qixin.com
bfe58cc4377ceaafbaf8cdef6690501d,1156610800,1,app.qixin.com
c0605b6e7b359f17b194c6157e400ba3,1156610100,4,*.taoding.cn/*
c0605b6e7b359f17b194c6157e400ba3,1156610100,1,*.yixincaiwu.com/gszc*
c06ab38c8e7dffc036f44f0294e4583d,1156610100,1,app.qixin.com
c0edde45068bd76701b9803b4fb7a897,1156610100,2,*.taoding.cn/*
c13a0bd380ecdfe170bfe7851e1efe4a,1156610300,3,*.homecaiwu.cn/*
c13a0bd380ecdfe170bfe7851e1efe4a,1156610300,24,*.caiwuchina.com/*
c1625e51e8a71b646cafd4e273e8545e,1156610100,2,*.huazhengcaiwu.com/*
c2316ebbdfa429f76f3c45835150dae2,1156610400,19,*.520gongsi.cn/*
c26cd01fe1bea5fb3320987544eaf90e,1156310000,1,*.duoyoumi.com/*
c2f6493fc62703e63133705aca42f659,1156310000,4,app.qixin.com
c32bbb551a0a0883bee1a01d1d5e4a7b,1156610100,12,*.chuangyebaba.com/*
c41ede0e4b7d11b305bb11769d7aed6e,1156310000,1,app.qixin.com
c482209aec331f00c1fe41e0cee68340,1156610800,7,*.520gongsi.cn/*
c4a028cebfe355732ad7704d26e44cb6,1156130600,2,*.zhihuiji.com/*
c4cc0c0a83b7183e1fc712d6cab375f5,1156310000,1,*.zcf.net.cn/*
c6084440d2689e19f2a6f7917b79d7a9,1156610400,3,app.qixin.com
c6107bb33472ce0b63879149f12ccf99,1156140200,24,*.520gongsi.cn/*
c648f4032f3e7ae5e6a6a207b0e7e0bc,1156310000,5,*.520gongsi.cn/*
c648f4032f3e7ae5e6a6a207b0e7e0bc,1156310000,22,*.521gongsi.cn/*
c650f5ce2ca83219828c44b765018a0b,1156610100,2,app.qixin.com
c65e2c19fdbc82418ca5e9159229e2e4,1156610100,2,*.taoding.cn/*
c65e2c19fdbc82418ca5e9159229e2e4,1156610100,4,*.sxxbfw.com/m/*
c65f095562d4baa96c973843d208cf1f,1156310000,32,*.zcf.net.cn/*
c65f223cc6e8cff1c5fa6da1da41548e,1156610100,3,*.eyczh.com/*
c6689a817fdbc6a2c163cd52bd1d62f5,1156310000,22,*.zcf.net.cn/*
c6832a2bf5d9a9b3de728437c016d46e,1156610100,30,app.qixin.com
c6920258bef7e83eadad47c1f4a58ec1,1156120000,4,*.qusuanzhang.com.cn/*
c6dc9145b2d808363710e3cc09786032,1156442000,6,app.qixin.com
c73c1e4932df40cb6e3d9496b3cd3ecd,1156610100,1,*.clcs888.com/m/*
c75cb544fa9e3ddbefcbe41f94fdf6d1,1156610100,24,*.taoding.cn/*
c76773e92a602017066f65cf1b489e06,1156320200,26,*.zcf.net.cn/*
c7b1a680b805d7b419566fac78402326,1156610500,48,*.taoding.cn/*
c80a51cb9c64fb39ecd8d674abde5d12,1156610100,8,*.taoding.cn/*
c80c1a2581696116aba4066d6c9b48be,1156310000,1,app.qixin.com
c85d2d98bf5adb1cf6c8cd08b02e6e30,1156120000,9,app.qixin.com
c873974d68ffe90f63fae7815ea8e45a,1156610100,1,app.qixin.com
c877186d83f471f8214d9c1f72c63269,1156310000,1,app.qixin.com
c8ee270fde80c589a0e75d804ea3ceb2,1156310000,5,app.qixin.com
c8f9b43db0624baf51a43abf0aafdc82,1156610400,1,app.qixin.com
c940268333cd1ac099cf29472bbf2e24,1156120000,22,*.caiwuchina.com/*
c953265ed51e10dd3c963f5b01625741,1156310000,1,*.yushengsh.com/*
c988f6639fcf21ba0488be83bb2d37cc,1156120000,1,*.zhihuiji.com/*
c98b0b2577e0e8e0f64fef699b665657,1156610100,5,*.520gongsi.cn/*
c9b684f42973bd09ba8a9bd0713c6e2a,1156310000,2,app.qixin.com
c9d9c00826cb7286ec585d110c1fe148,1156610700,13,*.520gongsi.cn/*
ca0eb36f10edeb0503b7d964591dbe32,1156610100,14,*.taoding.cn/*
ca44284cc360fa914d0b9d61bcbdc0ba,1156610900,1,*.520gongsi.cn/*
ca7a36ace42397470a5d88cd0167c080,1156310000,1,app.qixin.com
cb186e2cd6933a6af900ca0abef80415,1156310000,25,m.huisuanzhang.com
cb1cdd0dc90bc45af544275d79e108dc,1156610400,1,*.chuangyebaba.com/*
cb3addfdf5d6088276738a682c845d45,1156610100,20,*.huazhengcaiwu.com/*
cb6842d15d024e01f44ddc621056e426,1156611000,25,*.taoding.cn/*
cbd8205df4fd1c47b4cb36445f3aec8c,1156610100,2,app.qixin.com
cbdfe2dadaa1a98bbffc661592b1c041,1156610100,4,*.taoding.cn/*
cc1c0b9fa576805d7146ed4a4d1ce099,1156320600,22,*.zcf.net.cn/*
cc34602d7f154ba1c49898e2c800823b,1156120000,16,app.qixin.com
cc366ae0f53621fb1ed31c379f1d13d8,1156610100,1,*.huazhengcaiwu.com/*
cc3b143729a318eba8431d05792acf64,1156411500,4,app.qixin.com
cc93eb714512d3d7a2319542c4342d4b,1156610100,1,*.520gongsi.cn/*
ccbfe12654312e51a25e9c203f11b8c8,1156120000,1,app.qixin.com
cd24ec324690524b289ad0fa152ebe93,1156610100,13,app.qixin.com
cd50a53e7195f7e04c70516b5c757756,1156310000,4,app.qixin.com
cd55d47bbc781166dba15c98b6f7bd7c,1156610100,14,*.clcs888.com/m/*
cda5caa0317ee75db64e8ac97e264f19,1156610100,15,app.qixin.com
cda8b9468c997eee3efc13022f02ee17,1156310000,1,app.qixin.com
cdd538589cd084f82a2f3f9cd14ef945,1156611000,20,*.huazhengcaiwu.com/*
cdddee6f499b9466e85f9293d49b1f65,1156310000,1,app.qixin.com
cea557bd8437ba1086abd2ec0198663c,1156610900,1,app.qixin.com
cedf4254f55fe1be3ee86323b9848d67,1156610100,1,app.qixin.com
cf2eef60f9928d9635b0153f5b49e04f,1156120000,6,*.caiwuchina.com/*
cf658a29bd490a5cff938f820b1d5984,1156610100,3,app.qixin.com
cfa6fe5b95907691ca2e7884a2b1877e,1156310000,25,*.520gongsi.cn/*
cfcd208495d565ef66e7dff9f98764da,1156610500,1,*.taoding.cn/*
d03ca4a5af19e5c0d33335c5aa3f8389,1156310000,28,*.zcf.net.cn/*
d03d9f3f7bd1ee9d01e56b40246f04f0,1156310000,1,*.tie6.net/*
d03d9f3f7bd1ee9d01e56b40246f04f0,1156310000,29,*.chuangyebaba.com/*
d03e9472f981d5933d914ac26b77acf0,1156310000,2,app.qixin.com
d04c1f73e47526281ca6919350ba673c,1156610100,4,*.huazhengcaiwu.com/*
d1105660ef4807d7311c50e1ba3c903d,1156610300,6,*.taoding.cn/*
d117f63d293ec3d6a7cf7c2b8f1beeb8,1156610200,1,*.taoding.cn/*
d121bcfbf7c4e371fe3e270d1df952b2,1156610100,3,*.caiwuchina.com/*
d21a6d9f651009d6fb4e9f2e90447cd2,1156310000,1,app.qixin.com
d25fac2ef818182d26e6bf1888f2eb60,1156610100,15,*.520gongsi.cn/*
d28dbd0c731595b1deee58b279badd2c,1156610900,1,*.520gongsi.cn/*
d29e1e59b2d96d3085b459c9c4f23c9c,1156610300,1,app.qixin.com
d2a6b35864a11d3f06314b310e98d2f0,1156310000,2,*.zcf.net.cn/*
d2eeb32bd9624049b1dd8b96062d149b,1156310000,24,*.520gongsi.cn/*
d31b82b5c3d6687b6fcd0d243c0cb7c5,1156310000,1,app.qixin.com
d3517255bf7bf02179a38475b0a334f9,1156610100,23,m.huisuanzhang.com
d36130d271993e96ff96a02a463c227b,1156610100,24,*.taoding.cn/*
d3843e5a07db85b7167885bc795bc0cc,1156320600,5,app.qixin.com
d39dab7ef1d04d037bb0a39915c51cb2,1156320300,1,*.zhihuiji.com/*
d3e80011340a0c585150e251038054e0,1156610100,1,app.qixin.com
d3f26e123765d7080f13eaa90682aaf1,1156621000,3,app.qixin.com
d41fbe6867c9fd40ae80c70098740712,1156340600,1,*.669caishui.lsruiqi.top/*
d42d56f8d9beb076f5202a685b8fb847,1156610400,24,*.sxxbfw.com/m/*
d4a8bac9e7284e32f7d3d303a1d45092,1156610500,7,*.huazhengcaiwu.com/*
d4aa862b60f6f85dd72e2e4a347dac3d,1156610700,22,*.520gongsi.cn/*
d4aa862b60f6f85dd72e2e4a347dac3d,1156610700,23,*.taoding.cn/*
d4b03c176557cee66f8d7f32a348cffc,1156310000,42,*.zcf.net.cn/*
d4c4442e389adaddf19b85925bece585,1156610100,1,app.qixin.com
d4f2a765eb89f23ea2504f461f8ead69,1156310000,15,*.zcf.net.cn/*
d516cfe69d19ee392cb8a9cb11628d68,1156310000,1,*.zcf.net.cn/*
d52980022ca8c5444ab69b9ee3e3a9db,1156610100,3,*.taoding.cn/*
d5c1af347d20b4c4bcda53d7d7153cdf,1156610800,1,*.yixincaiwu.com/gszc*
d5d2ccbee21fc13b3b4849f7c044f668,1156430100,6,app.qixin.com
d5dbd87cad0f302b84b5ebffd7859c75,1156610800,1,app.qixin.com
d60322728dd9e915ba290c6badf749ba,1156310000,1,*.qdqfser.com/*
d626b36d3075a3f71f33efffd8d0980f,1156310000,26,*.ezcezc.com/*
d62906cb2468d822dd00d8c9b5fe5736,1156310000,1,*.zcf.net.cn/*
d62b69dfea9356866250741f10efdc16,1156610100,13,*.xaruiqian.com/*
d648a2fd0d35839c20b2763a6862289a,1156120000,3,app.qixin.com
d69906306325065210a08429c5992cf5,1156310000,1,app.qixin.com
d6a6cc7ec434c2aa48deb4f4285593cf,1156610100,9,app.qixin.com
d6b2ba6a41d2b338b9fd429eed0440c3,1156310000,1,*.zhihuiji.com/*
d6db75783376d70f18e77b290671b43e,1156310000,13,*.zcf.net.cn/*
d6ea12ad54b98bd2bc71f774437e5ee3,1156610100,54,*.taoding.cn/*
d736b3f8453ae7112717db21fffb50c5,1156310000,10,app.qixin.com
d8462d18ceb8f0741ef8ffa2049883e5,1156610600,1,*.taoding.cn/*
d92ef878a296aeac854c13f6de27f6f7,1156310000,1,*.zcf.net.cn/*
d99e6d22d3b1a3b7a777259870c1a299,1156310000,3,app.qixin.com
d9dee96583dfb09274e97ca1120dea07,1156610100,2,*.taoding.cn/*
da04f02b91f4984aa71924cf4f4a181e,1156310000,4,app.qixin.com
da2ce0e1ec276e39a0dcf1eef511de06,1156310000,2,app.qixin.com
da46be0df71f5d80b49bb147cdfb681b,1156320200,95,app.qixin.com
da922ee9021799846213d2b053f260d6,1156610100,1,*.taoding.cn/*
dae3fb721a7e300f7005cab604a440e2,1156610100,21,app.qixin.com
db26be3c29c3d46274258a31b51d1c83,1156610100,2,*.taoding.cn/*
db573088c33de70776098ed18bd0f2b0,1156120000,8,*.huacai.com.cn/*
dbd74324793f1967612fefabcb535703,1156610100,1,*.taoding.cn/*
dc1452b3dfed727bee0f29bc248153a6,1156610100,21,*.taoding.cn/*
dc21705a9b3e4b04c88ae8dd4ca8d2d9,1156610400,18,*.taoding.cn/*
dc4595da764599d9ec1c6edf41797a7f,1156310000,14,app.qixin.com
dc4adf7f88e8450040348c7fa5364ecf,1156610700,6,*.zhihuiji.com/*
dc4e725b025d63291a51c23209cec039,1156610100,1947,*.zhihuiji.com/*
dc69684cfd39580000873c2bf44fc305,1156310000,23,*.520gongsi.cn/*
dca9e28f4edd778c5aa59649fa235103,1156610100,1,app.qixin.com
dd6e2a968484c8fa8400b422171ad60a,1156610300,1,*.huazhengcaiwu.com/*
de0a9828c31110637bb0f34e6e710166,1156610900,1,*.taoding.cn/*
ded5bb90740f94f567842aa8963829e9,1156120000,28,*.caiwuchina.com/*
dedf8d1e73da4a550e9e742a3542e21e,1156610100,19,*.669caishui.lsruiqi.top/*
dedf8d1e73da4a550e9e742a3542e21e,1156610100,10,*.taoding.cn/*
df4a145b2b73f197bfdc172c761bb8b5,1156610100,26,*.ezcezc.com/*
df4a145b2b73f197bfdc172c761bb8b5,1156610100,26,*.caiwuchina.com/*
df5c53c91a29210e1bf80d298e2a8f04,1156610200,5,*.58shuiwu.com/*
df805b84030ac16fd02f16c2f082ade7,1156610100,1,app.qixin.com
dfcb92c4121f512b052e510aa23d4e31,1156370600,1,app.qixin.com
dfdd1eeebe63ecb00ec58387d5a101c9,1156610800,12,m.huisuanzhang.com
dff5fa6c5197d92808c67775cbf33e87,1156610100,5,*.520gongsi.cn/*
e03095cd24a814b2bc6c474d43cc761d,1156411700,1,*.zcf.net.cn/*
e0c5b47c0d069418a0b27340c4d764a8,1156610100,2,*.ezcezc.com/*
e121700ca81bf518512d961cd6a24c57,1156610100,9,m.huisuanzhang.com
e15daf2d6fb2c4049d82ee9f03d13371,1156610300,6,*.huazhengcaiwu.com/*
e1c6fe52ae595f69aeaac1e9e1d6fc8a,1156120000,4,*.zhihuiji.com/*
e233a0ee34a10104237e111abd581620,1156610100,4,*.ezcezc.com/*
e24d1bee87385e8ad41d5f706b6462e2,1156310000,2,app.qixin.com
e2521b82fbc66dc919aaf023bd14aaf9,1156610100,1,*.ezcezc.com/*
e2612feebfe07ed5f095846b0c8a6076,1156610100,24,*.taoding.cn/*
e278e0bbb4c64305771e0bb1fae30da7,1156610100,5,*.taoding.cn/*
e278e0bbb4c64305771e0bb1fae30da7,1156610100,2,*.yixincaiwu.com/gszc*
e2a17a892608e8f8f36e3b9401d24c8f,1156310000,16,app.qixin.com
e2b704df79e841a7249e35338220534c,1156610100,1,*.taoding.cn/*
e2c513e5c781e1a0816ff85bb5c89d9a,1156310000,27,*.zcf.net.cn/*
e34d2afd256c9e2369b1a22078d4c4f1,1156610100,3,*.caiwuchina.com/*
e3984c9c1b628278d08f909d89a73166,1156120000,1,*.zhihuiji.com/*
e39c30cbedb5ddcec5564aab4cb878ba,1156320500,58,app.qixin.com
e3ad3ac9b60dfcdf50a50e043e42d5bd,1156310000,1,app.qixin.com
e3f8a5d1efbdf2baa0de16d887260e69,1156310000,1,app.qixin.com
e400cf3c39906c1b2c75ee5d031ed99d,1156310000,39,*.zcf.net.cn/*
e4084e045f1c1ae9c195ef474ef39a2e,1156610800,1,*.caiwuchina.com/*
e4812de80ea68bc02eed6ca2c2e7e508,1156310000,13,app.qixin.com
e54e690278f7eb7e5d9765988c8781a4,1156310000,1,app.qixin.com
e54e93149d2cfc017aff00c081483843,1156610700,16,*.520gongsi.cn/*
e556948763a518dc3ad87c9022f1a5de,1156610500,1,*.huazhengcaiwu.com/*
e556e91955e26da94e0d969d2ce02c28,1156310000,2,app.qixin.com
e6271e6b00d74ee0c1350d7e30a1a65b,1156610700,16,app.qixin.com
e66ffc6abba196acaad6a8796237c125,1156310000,149,app.qixin.com
e68f7dc542f5942126ca6fd7a4d110a3,1156310000,3,app.qixin.com
e692170a2ab3112d2b66ba87e0935a23,1156310000,1,app.qixin.com
e6c62b15acb1fa4679a93b69e613000c,1156120000,1,*.zhihuiji.com/*
e6e0362dc2539e90441d389482fa8705,1156610100,20,app.qixin.com
e71e805331fbe588b68fe703e6046b6d,1156610800,1,*.homecaiwu.cn/*
e71e805331fbe588b68fe703e6046b6d,1156610800,19,*.caiwuchina.com/*
e74bd91fae6c24cd88e141e523d1bd6e,1156310000,3,app.qixin.com
e7a8215d63907c431528e15f57786d03,1156610100,3,*.taoding.cn/*
e7f6bc14261404fea0c4d07a665e18e4,1156320500,30,*.zcf.net.cn/*
e847a34dabdfc9a63947c807e5252484,1156310000,1,*.zcf.net.cn/*
e8b10a4d825ebb3ccd9c13c99871e505,1156610100,26,*.caiwuchina.com/*
e8b30ed213fabef582d810cb2cb13954,1156310000,1,app.qixin.com
e8f791f1b587e5f737774a88c0ad875c,1156310000,202,*.zhihuiji.com/*
e961cf277942577de2b7151a0b9a8fc5,1156610500,18,*.taoding.cn/*
e9a7ad7e3e7ca582b8ac7128dd3dd377,1156120000,1963,*.zhihuiji.com/*
ea95d088539e8efda7e7609bb5864425,1156610800,3,*.caiwuchina.com/*
eb2dd081b33af25bc1b1f6d5181c72a9,1156320200,1,app.qixin.com
eb2e51db6a49da7e51e772b444af8738,1156310000,3,app.qixin.com
eb670de2811661d36d26d7c6644756b6,1156310000,1,app.qixin.com
ebd0e3957113a8850ba6c2cceeeb367c,1156310000,1,app.qixin.com
ec0ecb63fadf4575b1c4bb5ca0840efd,1156610400,24,*.taoding.cn/*
ec5f5a8cff66e47147ecb413746607da,1156310000,1,app.qixin.com
ec64e45c051b5e8d3684b5e180a095de,1156610800,3,*.huazhengcaiwu.com/*
ecce53d7b1c808b78d3c0bf404cae61e,1156610100,34,app.qixin.com
ed13dddc0867b0b83af8bd1d54e79b4a,1156610700,2,app.qixin.com
ed18c6c9af35d82da8b55b682fc1385e,1156310000,61,app.qixin.com
ed7b1d890d505f22c9f14ebe7154d962,1156310000,1,app.qixin.com
edb87d120acc5a9c2bae8b6329fa5305,1156310000,9,app.qixin.com
ee1e813bb0667241305d035a145a902b,1156610100,2,*.taoding.cn/*
ee533f64ddbb4ea4b45b71f852dfbc18,1156120000,1,*.zhihuiji.com/*
eecf2367d4988405d84af101b8c6fc03,1156610100,15,*.wzjishangtong.net/*
eeee146cba7e93c8585c4232f746e7e1,1156310000,12,*.zcf.net.cn/*
ef066a37f122a8dea41197f709f18ca0,1156330300,1,*.669caishui.lsruiqi.top/*
ef54af32bb7320e91b58614cb40960a4,1156610100,1,*.clcs888.com/m/*
efe2650d548cd5ad836942dabd3eff10,1156310000,2,app.qixin.com
f0071bac30ed53e1026830d982a9d9f6,1156610500,18,*.huazhengcaiwu.com/*
f087f54720f399d93c2e3fa641efc5e9,1156310000,38,*.zcf.net.cn/*
f0a31eed2d84dcad09f4b13bbc82245a,1156371400,9,*.ezcezc.com/*
f0bd9cfe1222bf3a20237c26dea42c34,1156310000,48,*.zcf.net.cn/*
f10621fcbfe7369d5405f4aaf9c502fc,1156610100,1,*.58shuiwu.com/*
f179685c7e390ef35532bb525073cbfb,1156610100,2,app.qixin.com
f1a6e9a5fef2367445d53463c191b761,1156610100,104,app.qixin.com
f2bc1bf6699d83356da08c699f676299,1156310000,4,app.qixin.com
f3162718775f90d807536b3a47a3df7b,1156120000,15,app.qixin.com
f3276b46e87bf9bdf2e8b4673dc79fe7,1156620500,1,*.homecaiwu.cn/*
f3276b46e87bf9bdf2e8b4673dc79fe7,1156620500,26,*.caiwuchina.com/*
f360e638eb44e04f7fdac7996923888e,1156310000,22,*.zcf.net.cn/*
f367f6ef7358f10dbac83ea91959ecb8,1156310000,2,app.qixin.com
f3a3810dc360cfb91ed1680a79f434a9,1156310000,2,app.qixin.com
f3b9d9e64c92922518e640638dbe436f,1156610700,25,*.520gongsi.cn/*
f3b9e9eeb214cb74fa0fb462439433a5,1156610100,2,*.taoding.cn/*
f3e60f9563cb27cc15d5314d4bd0548c,1156310000,6,*.zcf.net.cn/*
f3eaf7f47d960df8d6b9e13bfe328042,1156610100,4,app.qixin.com
f43bd9166397ea2084c8b053dda8c951,1156120000,1,*.669caishui.lsruiqi.top/*
f4e93621dfda90a1347adaebd2c8a130,1156310000,26,app.qixin.com
f4f64ecfae5ef53f30e17b035268dd4e,1156310000,11,*.zhihuiji.com/*
f50fa79bed989604a7a74d36058dd380,1156410100,2,app.qixin.com
f544637a48fb12abf30916586d28074c,1156310000,1,*.zcf.net.cn/*
f5c46ce4aa26e0d76e5ea68d6896ebfa,1156310000,24,*.ezcezc.com/*
f5d26b8b7f305c6963845d9ed5ee4a45,1156310000,3,*.zcf.net.cn/*
f5d46fceb908ba05c453aa7b1973ac7f,1156321000,2,*.huazhengcaiwu.com/*
f5d46fceb908ba05c453aa7b1973ac7f,1156321000,1,*.taoding.cn/*
f5da9ab21b1e3bf502689b928b6e43ce,1156610500,1,*.520gongsi.cn/*
f6a0e1acdeb734ae2c31e2b95b6e57a7,1156610800,1,*.taoding.cn/*
f6c4792a464bcdf9755b75279585b06c,1156610700,2,app.qixin.com
f766f6b5fc4c3987a74baa603b8cb5ec,1156610100,17,*.taoding.cn/*
f782d396c9346ce5c48ea5bd2149dba3,1156610100,11,*.taoding.cn/*
f7b561c15a3e6e645ab961b805cb0321,1156610100,4,*.taoding.cn/*
f7e75a3f10d7a2545faab3a87b5e39b0,1156310000,4,app.qixin.com
f7ea9c1b280640f63b4d6bfcff630328,1156310000,1,*.zhihuiji.com/*
f818c1cd71616664515289adae30d860,1156610100,1,*.caiwuchina.com/*
f82855c2a8b3dd1aa0ae429368b637de,1156610100,34,*.qifugou.com/*
f89965f76d7190c87888d862052b6a85,1156120000,8,*.huacai.com.cn/*
f8b517d24706adfa13a87052437609ab,1156330100,1,*.vipcs.cn/*
f90a279c36cf355f5567fbbd530c1288,1156310000,34,app.qixin.com
f91ed86b8e4a8bc78b3533eef3d68a0f,1156320900,23,*.szsmxx.cn/*
f95982914c65a4b659c3d698375238f4,1156310000,2,app.qixin.com
f96479e9cdb3f9482c5539613e3ccecd,1156310000,14,*.zcf.net.cn/*
f99aca1d8009e13ddeab16a1cc7e75b8,1156610100,1,*.taoding.cn/*
fa0453f564c86221578a3f889bffe4c6,1156621000,16,app.qixin.com
fa31914897b058f7892ec1a6cd3ee42f,1156610100,1,app.qixin.com
fae0dc39380bcaf0e951ce988db3b406,1156610900,3,m.huisuanzhang.com
fb0018861f9ae24be553296f575b8597,1156610400,1,*.520gongsi.cn/*
fb3096134f0ddcde0f1b833ed12c5610,1156610100,1,*.caiwuhome.cn/*
fb3096134f0ddcde0f1b833ed12c5610,1156610100,21,*.caiwuchina.com/*
fb69ee781601af99e5297aa6e5855d82,1156320100,4,app.qixin.com
fb7934521199b1972469c7935d5372b3,1156150800,2,app.qixin.com
fbc00dd53ab8bdfb2a30572a217815a8,1156610100,13,app.qixin.com
fc0f8dd7a0855ac37bb0fe39943983ee,1156410100,13,app.qixin.com
fc6e258debba012e59238008ee2319e1,1156610500,1,app.qixin.com
fc6f979d09c71f23c48f7112a409022d,1156310000,1,*.zhihuiji.com/*
fca65ef0680d3e4bf7e55a39556d6ab6,1156610100,4,*.taoding.cn/*
fcea8679e0e57ec12c0f1c08a95043a7,1156120000,4,app.qixin.com
fcee1cf7ac59768de1c0a10609930e7d,1156120000,1,*.zhihuiji.com/*
fcf9f69b2f927b977cacb427ef019139,1156310000,1,*.zhihuiji.com/*
fd1e55a7c8637dc6cd455572b0cbc33d,1156610100,10,*.taoding.cn/*
fd244f3fb24fcd0069559724660cdda3,1156610100,2,*.eyczh.com/*
fd3b377cc6391610f5b85076e6af8ce9,1156120000,1,*.zhihuiji.com/*
fd49ee2edb21d58c8b19d90870e58aa6,1156610800,55,*.taoding.cn/*
fe3581e78b259ce0a5a5d68ece798b67,1156610100,1,*.360lihua.com/*
fe942a79108e914439194d038a7abc86,1156330200,3,app.qixin.com
fed64fe3e564c1ca113e96d0970a4bec,1156610100,1,*.520gongsi.cn/*
fedb7d21303ecb0dc7fdcc318c4ee7f6,1156120000,63,*.wzjishangtong.net/*
feed8c25b455864a4990a76f57daf8a4,1156350900,21,*.520gongsi.cn/*
feefa770ef0da9ade667eb0c50854f96,1156330700,1,*.zhihuiji.com/*
