0020374363136d86f9ab3f702535ebbe,1156610100,3,m.xahmylmryy.com/zt/hm-jfcz/*
0053776f70ebcbbe4632cbcd73cd45ce,1156610500,1,m.xaylmr.cn/zt/hm-ztzf/*
005b750535936c626d2148b2652d25a6,1156610100,9,mpf.xianmylike.com/pf_zt/jlyan/*
005b750535936c626d2148b2652d25a6,1156610100,9,mpf.xianmylike.com/pf_zt/jlyan*
005e5090424369d07250fc266bfc6838,1156610400,4,m.zxmryy.vip/zt/hm-xbzx/*
00cab581dfa22157c563ee9de7da7740,1156610100,1,m.xianmylike.cn/zw_ztzw/newjlyanbu/*
00d4ede079be3349a2a90fa9d7bc6929,1156610900,3,mzx.81885555.cn/zw_ztzw/jlzhzw/*
0119f0c97db1339d7fcb5a119d83e1ba,1156610500,7,m.xahmyy.cn/zt/hm-meibai*
012c0347a6c0e9dfe2ccd0faea7ab822,1156610100,10,m.hmmr.vip/zt/hm-jfcz/*
012c0347a6c0e9dfe2ccd0faea7ab822,1156610100,19,m.xahmylmryy.vip/zt/hm-jfcz/*
013867f7124589b7a929b9719cd9e30e,1156610100,9,m.xahmylmryy.com/zt/hm-jfcz/*
01588082f3a0fc9ea58196228e08e976,1156610500,18,m.huayi-mr.net/special/hy-shuangyanpi/*
01a2e00daa4ffe7a89838aa744ca3eb7,1156610300,1,m.hmymyy.vip/zt/hm-pm/*
01a6b726e9e8de5e277a7e3dcf67f16e,1156610400,5,mpf.xianmylike.com/pf_zt/jlyan/*
01a6b726e9e8de5e277a7e3dcf67f16e,1156610400,5,mpf.xianmylike.com/pf_zt/jlyan*
0308d511a908ac02baebd85e8afe4931,1156610300,1,m.hmmr.vip/zt/hm-jfcz/*
03651bee757467c19374640927c78269,1156610100,1,m.xianmylike.cn/ztwc/jlzhwc/*
037c9808aa0ce52e0ec11e0c4aa43c0d,1156610500,1,mpf.xianmylike.com/pf_zt/jlyan/*
037c9808aa0ce52e0ec11e0c4aa43c0d,1156610500,1,mpf.xianmylike.com/pf_zt/jlyan*
039ee1b26b05d70ac067e7e639e82d55,1156610800,2,m.xaylmr.vip/zt/hm-xizhi/*
03b60e1808cc50dcd819c29891724b0e,1156610900,3,mzw.81885555.com/zw_ztzw/jlzwxz/*
03c5b4f76368de4528128ad5ac637e5c,1156610500,1,mwc.xamylike.com/wc_zt/jlzhslz/*
040f56d7343937281321c95f45ad33bc,1156610100,3,mpf.xianmylike.com/pf_zt/jlyan/*
040f56d7343937281321c95f45ad33bc,1156610100,3,mpf.xianmylike.com/pf_zt/jlyan*
043c164d73dc3d5a47b2a36a2214e989,1156610900,1,m.xamr.vip/zt/hm-wc/*
049a1d335f214ea95fa0ee32b8d75762,1156610400,2,4g.xahmbyj.com/*
04f954af9730ecfcd32cd2cd34b77e54,1156610100,1,m.huayi-mr.net/zixun/zixun-boniaosuan.html*
0510e321de6bd55e1c7a0acb37b02fd2,1156610300,1,mzw.81885555.com/zw_ztzw/jlbi/*
0616f115c44aa6603dd14bd779a84692,1156610900,14,m.xahmmr.vip/zt/hm-quban/*
0633463c4d7c635dc7a54b74da70c86e,1156610600,3,m.xianmylike.cn/ztwc/jlzhwc/*
063e13dd73e7211d234e8a5b53475f4d,1156120000,8,m.zxmryy.vip/zt/hm-lb/*
065ceaf97f16645ca93ce218cbd1a2fc,1156610100,11,m.xahmylmryy.vip/zt/hm-jfcz/*
0666b930c26c655ddd4d3ced79629c96,1156610700,1,mzx.81885555.cn/zw_ztzw/jlzhzw/*
06cb4b6ca70d9cfc7fbf136100258892,1156610500,11,m.zxmryy.vip/zt/hm-xizhi/*
06fda65fcb80d07c94b30a41e4ead567,1156610400,15,mzw.81885555.com/zw_ztzw/jlzwxz/*
0719f343a57ec4cfee8017c7c70166bd,1156610100,22,m.yestarwzh.com/zt/yxqubanx/*
0753c077412025b408de004760089c40,1156610900,9,mzw.81885555.com/zw_ztzw/jlbi/*
077232eca3cc9b8374a433c6e570f073,1156610100,1,mpf.xianmylike.com/pf_zt/jlyan/*
077232eca3cc9b8374a433c6e570f073,1156610100,1,mpf.xianmylike.com/pf_zt/jlyan*
0778899f541aa0d2e94229bb751daf4b,1156610100,8,m.xaylmr.cn/zt/hm-xizhi/*
077a22b2dccff762002934515e515ccc,1156610300,1,m.huayi-mr.net/zixun/zixun-shoulianzhen.html*
07877a659ffe212145e592b9246fc707,1156610800,1,m.beyestar.com//zt/yebbwys/*
07b22843132e49262f416f22645703a8,1156610100,2,m.zxmryy.vip/zt/hm-xbzx/*
07e4f3311e72c1064a6cb37bbece122b,1156610400,3,m.xaylmr.vip/zt/hm-zx/*
08358c997b2d6e49e9193dba244fd4da,1156610500,9,m.beyestar.com//zt/yebbwys/*
0841faeea9a77502170cd90a0611c349,1156610900,44,4g.xahmbyj.com/*
0852b20be2058859be7cb415c6260935,1156610100,1,mpf.xianmylike.com/pf_zt/jlyan/*
0852b20be2058859be7cb415c6260935,1156610100,1,mpf.xianmylike.com/pf_zt/jlyan*
08adc9e184754657918b77e36aec8393,1156610300,6,m.hmmr.vip/zt/hm-meibai/*
08e74f24763a46e17f87b104193060c5,1156610600,3,mpf.xianmylike.com/pf_zt/jlyan/*
08e74f24763a46e17f87b104193060c5,1156610600,3,mpf.xianmylike.com/pf_zt/jlyan*
096995b33d096d8a20433186930510b8,1156610100,9,mzw.81885555.com/zw_ztzw/jlzwxz/*
09a5890c973c5986d16f50587f085775,1156610100,24,m.yestarwzh.com/zt/yxqubanx/*
09cd5203964b0dc37860d6d7e9742fcd,1156610700,15,m.zxmryy.vip/zt/hm-lb/*
09cf4dc0f751c93754338a32ce086108,1156610700,14,m.xaylmr.vip/zt/hm-zx/*
09fe460b7d2d397fce7ac9103fd99c68,1156610700,6,m.huayi-mr.net/special/hy-shuangyanpi/*
0a3f37fa4d267064e6dd48230f570428,1156610700,8,mpf.xianmylike.com/pf_zt/jlyan/*
0a3f37fa4d267064e6dd48230f570428,1156610700,8,mpf.xianmylike.com/pf_zt/jlyan*
0a5ed919af7d3560f6268baa75bc2a36,1156610100,4,m.xaylmr.vip/zt/hm-xizhi/*
0a9a96d7f2751fc856f8bc9a36faeb2c,1156610400,15,m.xaylmr.vip/zt/hm-xizhi/*
0b19d1a5fd91d3a5ad380ab2b184e50f,1156610100,6,5g.yestarwzh.com//xa/x_list_yb/*
0b519f5a26926ec299737920754333cd,1156610100,9,m.xahmmr.vip/zt/hm-quban/*
0b578866a2a1790fe5b9ec7d8016f205,1156610100,2,m.hmmr.vip/zt/hm-meibai/*
0b63c43e0cb98b945b898af67b4ac9eb,1156610100,26,m.yestarwzh.com/zt/yxqubanx/*
0c19bfbd9a8bb14a80fb60772a00cdc7,1156610100,8,mzw.81885555.com/zw_ztzw/jlzwxz/*
0c8c06da24d2bd98a2629c0efaa012ff,1156610200,1,mzw.81885555.com/zw_ztzw/jlzwxz/*
0cd6ba179bd3e47e0af52c339acfef24,1156610600,8,mpf.xianmylike.com/pf_zt/jlyan/*
0cd6ba179bd3e47e0af52c339acfef24,1156610600,8,mpf.xianmylike.com/pf_zt/jlyan*
0cfd0b7db24fe32b4ea30dc92b0d4520,1156610100,2,m.xahmyy.cn/zt/hm-meibai*
0cfe7e9ae760c29644885ec5695ded39,1156610400,10,m.beyestar.com//zt/yebbwys/*
0cfe7e9ae760c29644885ec5695ded39,1156610400,11,mzw.81885555.com/zw_ztzw/jlzwxz/*
0d08876da7f65b80bace7223cafb55f2,1156611000,14,m.xahmykyy.vip/zt/hm-xizhi/*
0d144811639ff29b5140810fc9cce8eb,1156610800,41,m.peixunwenxiu.com/*
0de0404b590a72040a6d2220aa30119e,1156610100,7,m.hmmr.vip/zt/hm-jfcz/*
0e4d0a937605c3020f65343afc3e7d3b,1156610900,13,mzw.81885555.com/zw_ztzw/jlzwxz/*
0e65677a73c8ffd2c080187fb5167bc2,1156610100,4,mzw.81885555.com/zw_ztzw/jlzwxz/*
0ea5368c33248572725c193a77fffe55,1156611000,40,m.peixunwenxiu.com/*
0eb4f08e57c9001b9f11788a16d595dc,1156610200,1,m.huayi-mr.com/special/HYshoulianzhen/*
0edaa4bcf87fdb02ec32f49219672992,1156610100,1,m.hmymyy.vip/zt/hm-quban/*
0ef47ec74c8e38d2c3f797b76e052139,1156610900,16,m.xahmylmryy.vip/zt/hm-pf/*
0f08aab3f24f01e92eee4a2f3e2118de,1156610400,7,m.xamr.vip/zt/hm-slz/*
0f0e740f4a7370efdd801cf665fa4d3f,1156610100,3,m.hmymyy.vip/zt/hm-jfcz/*
0f76f1bb15260717879161873943d316,1156610500,14,m.hmmr.vip/zt/hm-meibai/*
0f81a6c302c7ddf052018dc063536fb3,1156610100,10,mzw.81885555.com/zw_ztzw/jlbi/*
0ffa83c6eaf823d263a7f9a69d9fc3fa,1156610400,14,m.huayi-mr.net/special/hy-shuangyanpi/*
10144a3ba69a3bb161fa1a11dd82cd1b,1156610500,1,m.clmini.com/*
1029af996df7bd7f258f47796920aad9,1156610700,1,m.zxmryy.vip/zt/hm-xizhi/*
1032a25963b93a38ccdd35f435cae332,1156610600,8,m.xahmmr.vip/zt/hm-quban/*
104628e420d12409b6c02b72c5a48242,1156610400,1,mpf.xianmylike.com/pf_zt/jlyan/*
104628e420d12409b6c02b72c5a48242,1156610400,1,mpf.xianmylike.com/pf_zt/jlyan*
108420ac3878c8d7367ce5de36e5c632,1156610400,2,m.zxmryy.vip/zt/hm-xizhi/*
10b9cfbb08ffbea75035f1632a8a9808,1156610100,1,m.huayi-mr.com/special/HYshoulianzhen/*
1105751a327b03f63a716a9928065d5b,1156610100,2,m.yestarwzh.com/zt/yxqubanx/*
114117bcdb910d946d2608360acd1810,1156610900,16,m.xamr.vip/zt/hm-slz/*
11a346c0cfb68db25aac8689215a012d,1156610100,11,mpf.xianmylike.com/pf_zt/jlyan/*
11a346c0cfb68db25aac8689215a012d,1156610100,11,mpf.xianmylike.com/pf_zt/jlyan*
1214971c89ae05c2be0e2f2df7842098,1156610100,1,m.hmmr.vip/zt/hm-meibai/*
1268ca2dcd0adb43352692d346c10a6d,1156610300,7,m.xamr.vip/zt/hm-wc/*
12ef09209f8231794f5fd69d93439785,1156610900,1,mzw.81885555.com/zw_ztzw/jlzwxz/*
13476a33e7fcd1f6c65bed71e72f9f92,1156610100,1,mpf.xianmylike.com/pf_zt/jlyan/*
13476a33e7fcd1f6c65bed71e72f9f92,1156610100,1,mpf.xianmylike.com/pf_zt/jlyan*
136c3e936e49a69e0e53859b056f93a7,1156610500,1,m.beyestar.com//zt/yebbwys/*
13f297ff921af92d8521fdb2632da5a7,1156610600,1,m.beyestar.com//zt/yebbwys/*
13fa0d177ec5ff0539a05b711eae5cc9,1156610100,1,m.hmymyy.vip/zt/hm-quban/*
144908728aed3b68d3aa1bb3b0a5f062,1156610600,13,m.xaylmr.cn/zt/hm-ztzf/*
148845d8dae81fe486f936df56c6c8bb,1156610900,15,m.hmymyy.vip/zt/hm-quban/*
14da78ae5dc001246adca91676f7bfed,1156610200,3,mpf.xianmylike.com/pf_zt/jlyan/*
14da78ae5dc001246adca91676f7bfed,1156610200,3,mpf.xianmylike.com/pf_zt/jlyan*
1542c18cfb5d89c4ee7c6be8df25bba5,1156610100,1,m.beyestar.com//zt/yebbwys/*
15682d5589e072e28fddab39704ed789,1156610100,9,5g.xalrv.com/zhuanti/xizhi/ziti_swt/*
157c5041f8a55c2ecb94bee78cbe05c9,1156610800,5,mpf.xianmylike.com/pf_zt/jlyan/*
157c5041f8a55c2ecb94bee78cbe05c9,1156610800,5,mpf.xianmylike.com/pf_zt/jlyan*
1582c3b92f58e693d0c02dc50ee5cc5a,1156610100,1,mzw.81885555.com/zw_ztzw/jlzwxz/*
159235abf2622bde0b55938c7a69b238,1156610400,2,m.xamr.vip/zt/hm-wc/*
159bfc77e2d3c45c0c960f138fedd054,1156610600,22,mzw.81885555.com/zw_ztzw/newxzfy1/*
15b7546a0cb3855b9b40b103a48e8f28,1156610700,17,m.xahmmr.vip/zt/hm-quban/*
15cdffdcfeb012181221a5993ab2ddea,1156610100,1,m.huayi-mr.net/zixun/zixun-shoulianzhen.html*
15cdffdcfeb012181221a5993ab2ddea,1156610100,2,m.huayi-mr.com/special/HYshoulianzhen/*
168389bdd246a59b5fa2383843636602,1156610800,6,mzmeiye.cn/*
16c501978e971da4cf173cb1c1d0e8d5,1156610700,1,m.huayi-mr.net/zixun/zixun-yuweiwen.html*
174dd5872065a61360a4507838f1571d,1156610100,14,m.hmmr.vip/zt/hm-meibai/*
1753360823c8cf219d133c61c6efd135,1156610500,10,mzw.81885555.com/zw_ztzw/jlzwxz/*
1760bb6c030f3bf2d217235f81adb017,1156610100,1,m.xahmykyy.vip/zt/hm-xizhi/*
17768fe1e9880c9929f5f38ae66cabf8,1156610800,9,mpf.xianmylike.com/pf_zt/jlyan/*
17768fe1e9880c9929f5f38ae66cabf8,1156610800,9,mpf.xianmylike.com/pf_zt/jlyan*
177d62449585286052c8e929791fcd83,1156610100,14,m.hmmr.vip/zt/hm-meibai/*
17ab4e0aacd1e236af5299c767fda98f,1156610100,1,m.xianmylike.cn/ztwc/jlzhwc/*
17ab4e0aacd1e236af5299c767fda98f,1156610100,15,m.xahmylmryy.com/zt/hm-jfcz/*
17ccf37002822f018231bd5e63509de2,1156610100,3,m.huayi-mr.com/special/HYshoulianzhen/*
183aa5db2c50b76aa49205f5e6b4d210,1156610100,10,mzw.81885555.com/zw_ztzw/jlzwxz/*
185786720207fa721b3ca8790f42af3f,1156610400,3,m.xahmmr.vip/zt/hm-quban/*
185e370363fd429cc40b061bdb76f816,1156610600,2,m.xamr.vip/zt/hm-slz/*
189644663e0008749ac20538ba6c6e6e,1156610100,13,m.xahmyy.cn/zt/hm-meibai*
1898bb9668486ad1d6fbde9b3aeded0a,1156610200,3,m.xahmyy.cn/zt/hm-meibai*
18a9741cc6e47975ab88260f9c17ceda,1156610100,14,mzw.81885555.com/zw_ztzw/jlzwxz/*
18dfad82f6e1551b0b5af09be580258f,1156610300,9,mpf.xianmylike.com/pf_zt/jlyan/*
18dfad82f6e1551b0b5af09be580258f,1156610300,9,mpf.xianmylike.com/pf_zt/jlyan*
18f3bfd34ddc5a3827643709e401899d,1156610100,1,m.huayi-mr.net/zixun/zixun-boniaosuan.html*
190b78fd82a3090ed3053f6144563547,1156610400,11,m.xaylmr.vip/zt/hm-xizhi/*
193537d54cfd2c52a62151b325d07f6a,1156610800,6,m.hmymyy.vip/zt/hm-quban/*
193fbec1434c6a68d85b622298ddcc25,1156610300,11,m.xahmylmryy.vip/zt/hm-meibai/*
19b20adfd72c37e5764b91247f6166a3,1156610100,12,m.zxmryy.vip/zt/hm-lx/*
19d1a46bb9740785f7af14d060ac3458,1156610800,14,4g.xahmbyj.com/*
1a241ae87ffee18feda8546eac8d7b59,1156610100,5,5g.xalrv.com/zhuanti/xizhi/ziti_swt/*
1a338d192940671080676ac8445b92a6,1156610800,12,m.xahmylmryy.com/zt/hm-jfcz/*
1a8d7b51588f44e3e4ac1aa2ae97a322,1156610100,1,m.huayi-mr.net/zixun/zixun-yuweiwen.html*
1aefd3516a8646ba13d7007654fbd52d,1156610400,2,m.yestarwzh.com/xa/x_yxxzjfxzt/*
1b776f922bf6f22fa7f4f263ce261c00,1156610100,6,m.xahmylmryy.vip/zt/hm-meibai/*
1bbbb40fb339f0882535af4b4b1028d1,1156610100,8,mzw.81885555.com/zw_ztzw/jlbi/*
1bbbb40fb339f0882535af4b4b1028d1,1156610100,15,m.beyestar.com//zt/yebbwys/*
1bc54e48a092c74b0519bd28f4556f6e,1156610800,17,m.xahmmr.vip/zt/hm-quban/*
1bf481587d9d8852fed29a9111a1f416,1156610100,10,m.hmmr.vip/zt/hm-meibai/*
1c32bebcc459db78a037867aaf64309a,1156610800,12,mzw.81885555.com/zw_ztzw/jlzwxz/*
1c6223c12e09688f2934ea890c4089e6,1156610100,1,mzw.81885555.com/zw_ztzw/jlbi/*
1c8cd3dd7c649b0aff0b8b1e8d5f46d8,1156610400,8,mpf.xianmylike.com/pf_zt/jlyan/*
1c8cd3dd7c649b0aff0b8b1e8d5f46d8,1156610400,8,mpf.xianmylike.com/pf_zt/jlyan*
1cb4326b8c3fd6186e2dcd6377d3fd66,1156621100,10,mpf.xianmylike.com/pf_zt/jlyan/*
1cb4326b8c3fd6186e2dcd6377d3fd66,1156621100,10,mpf.xianmylike.com/pf_zt/jlyan*
1cb7d2a34decc7f76702b661bea80cb1,1156610500,2,m.yestarwzh.com/xa/x_yxxzjfxzt/*
1d020a48a91028493ad1af9c3d8e22f0,1156610400,27,m.peixunwenxiu.com/*
1d36c7b1f432a8ece95f0196398e5c00,1156610500,3,5g.xalrv.com/zhuanti/wzx/swtbns/*
1d3c4a80bdd9752870947973acc8fc42,1156610300,2,m.xaylmr.vip/zt/hm-zx/*
1da633056e19d2e5bf8ef781bf03d567,1156610100,6,mzx.81885555.cn/zw_ztzw/jlzhzw/*
1e39d915b7a026df0be7ca2589a25ffb,1156610100,1,m.beyestar.com//zt/yebbwys/*
1eee8d4ae9d5365bc8d91afc65aed1e5,1156610100,25,m.yestarwzh.com/zt/yxqubanx/*
1f17ecd3a37cfcddcba74c8edeca9304,1156610800,1,mpf.xianmylike.com/pf_zt/jlyan/*
1f17ecd3a37cfcddcba74c8edeca9304,1156610800,1,mpf.xianmylike.com/pf_zt/jlyan*
1f197f52d0c09f8c18a2dbcf15a64ec7,1156610100,3,m.yestarwzh.com/zt/yxqubanx/*
1f9f562a9562bce5a1246d6928163ffa,1156430700,5,m.xaylmr.vip/zt/hm-lb/*
1fcb1307a3278903489d5f7b3b4fa68d,1156610400,2,mzw.81885555.com/zw_ztzw/jlzwxz/*
1fe63364773735d646dcd1a4017c9f62,1156610100,1,m.xahmmr.vip/zt/hm-quban/*
20023b04ccf3dcd1ef09ee1f22bcb6ec,1156610100,2,m.bgyestar.com/xa/x_xalxwys/*
200ea07dd09ba846d6b2095e8274dc07,1156610500,14,m.bgyestar.com/xa/x_xalxwys/*
2054b12a9d198e32ea1ee507b068648b,1156611000,1,mpf.xianmylike.com/pf_zt/jlyan/*
2054b12a9d198e32ea1ee507b068648b,1156611000,2,m.xahmmr.vip/zt/hm-quban/*
2054b12a9d198e32ea1ee507b068648b,1156611000,1,mpf.xianmylike.com/pf_zt/jlyan*
20a2ffd09bd824edd250e589216e8f6d,1156610300,1,m.hmmr.vip/zt/hm-meibai/*
20e4d21c9a23b10003ee350cdd773a4c,1156610600,2,mzw.81885555.com/zw_ztzw/jlzwxz/*
20eb56c1d5f9da8ed1be3e7ddb1a1ae3,1156610500,3,mpf.xianmylike.com/pf_zt/jlyan/*
20eb56c1d5f9da8ed1be3e7ddb1a1ae3,1156610500,3,mpf.xianmylike.com/pf_zt/jlyan*
21a5b6668f38af750c448c6d31d9f408,1156610500,2,m.hmymyy.vip/zt/hm-jfcz/*
21c1d28d5530f0f0ea9f08a7582ec271,1156610700,3,m.hmmr.vip/zt/hm-jfcz/*
22289047290ea76282dab579b6701f38,1156610700,12,mzw.81885555.com/zw_ztzw/jlzwxz/*
22368449ab45b50ce849fed41175f0c1,1156610100,1,m.huayi-mr.net/zixun/zixun-shoulianzhen.html*
22576c7bb94e47cf10c2729ea26bf3d8,1156610100,1,m.xafx.vip/zt/hm-ztzf/*
2259529e0f046f4bf285ee622b2663ec,1156610600,1,m.huayi-mr.net/zixun/zixun-boniaosuan.html*
226000988f048deb6b2853cd69ae496c,1156341200,3,m.xianhuamei.cn/zt/hm-wc/*
2287c483c1f358d724fac7f8be0ed22d,1156610100,1,m.mrzxyy.cn/zt/hm-xizhi/*
22a21810dec66f03b856326d0a8f7041,1156610100,2,mzw.81885555.com/zw_ztzw/jlzwxz/*
230431ca3d5fa656eba4cb853259e810,1156610900,9,mwc.xamylike.com/wc_zt/jlzhslz/*
2350a399ee018a8f5b16edc469fe8a66,1156610100,1,m.hmymyy.vip/zt/hm-quban/*
2378ee15dd5322ad35fc883a7d50c69e,1156110000,6,mpf.xianmylike.com/pf_zt/jlyan/*
2378ee15dd5322ad35fc883a7d50c69e,1156110000,6,mpf.xianmylike.com/pf_zt/jlyan*
239e50564dc46cd8f31b5046c45b3736,1156610100,3,m.xaylmr.vip/zt/hm-xizhi/*
246424b16cb8a7b168464775da8788f5,1156610400,2,m.bgyestar.com/xa/x_xalxwys/*
24e59f4354b71e289e126b037ee68011,1156610100,1,mzw.81885555.com/zw_ztzw/jlzwxz/*
25258027abfc7e6f0f6c87ac09838d49,1156610400,8,mpf.xianmylike.com/pf_zt/jlyan/*
25258027abfc7e6f0f6c87ac09838d49,1156610400,8,mpf.xianmylike.com/pf_zt/jlyan*
25d9e71e6fef9f1000c456e6e1f9923b,1156610100,28,m.xaylmr.vip/zt/hm-lb/*
25f6a07a2e922a38b537551998be73b8,1156610800,3,m.hmymyy.vip/zt/hm-jfcz/*
264d769717c1a6bc64ff15428be2929d,1156610100,8,m.xianmylike.cn/ztwc/jlzhwc/*
267af17767eb668ec6f368911c6b2318,1156610100,4,m.xamr.vip/zt/hm-wc/*
272c7f6a322722a4bb3808755d31b63c,1156610700,13,mzw.81885555.com/zw_ztzw/jlzwxz/*
279b75e9a3013de2efb5f8285a532f17,1156610100,1,m.hmymyy.vip/zt/hm-quban/*
27bbbdb3bc0266d678dc8fb54fe0c467,1156610100,1,m.hmmr.vip/zt/hm-meibai/*
27c506aaedc882acb076a865503dcb3e,1156610100,12,m.xahmylmryy.vip/zt/hm-jfcz/*
280d00efb1eb566b058d29cbffe63fc4,1156610700,3,m.xaylmr.vip/zt/hm-kyj/*
280d00efb1eb566b058d29cbffe63fc4,1156610700,1,m.bgyestar.com/xa/x_xalxwys/*
2815d0c747bc78a7b99abf09d8e45bd8,1156610800,1,m.yestarwzh.com/xa/x_yxxzjfxzt/*
28222f31ea78322e5910f852d059e083,1156610100,24,m.yestarwzh.com/zt/yxqubanx/*
289bcfa3f7e677804835a553e2de8f92,1156610100,13,mzw.81885555.com/zw_ztzw/jlzwxz/*
28cbf7572ade4ae91d92ea839658605f,1156610100,1,m.hmymyy.vip/zt/hm-quban/*
28cbf7572ade4ae91d92ea839658605f,1156610100,4,m.yestarwzh.com/zt/yxqubanx/*
28de1e59063abaab4ec93bc0cfeee712,1156610700,1,m.huayi-mr.net/zixun/zixun-shoulianzhen.html*
28de1e59063abaab4ec93bc0cfeee712,1156610700,13,m.xamr.vip/zt/hm-slz/*
28de1e59063abaab4ec93bc0cfeee712,1156610700,9,m.xahmylmryy.vip/zt/hm-jfcz/*
28e76f7107c8109f191338dcfd821f94,1156610400,9,m.xianmylike.cn/ztwc/jlzhwc/*
28ebbaf7cf294706f4b6c7ef9efdb73c,1156610200,7,m.beyestar.com//zt/yebbwys/*
290fb0e5201b4c51ba4458f689f222de,1156610100,9,m.zxmryy.vip/zt/hm-xizhi/*
2934cdd9bcb996c5cdd423ab155d2271,1156610100,4,mzw.81885555.com/zw_ztzw/jlzwxz/*
293604bfe1c6dce5aa963efaf6ab57eb,1156610100,6,5g.yestarwzh.com//xa/x_list_yb/*
295cfd7f6cc96fb0c8d3a268551ae22d,1156610400,9,m.yestarwzh.com/xa/x_yxxzjfxzt/*
295cfd7f6cc96fb0c8d3a268551ae22d,1156610400,12,m.xaylmr.vip/zt/hm-xizhi/*
295cfd7f6cc96fb0c8d3a268551ae22d,1156610400,4,m.xahmylmryy.vip/zt/hm-jfcz/*
29870f1c6f1fe7e6996ea0dd6ee7a95e,1156610200,1,mzw.81885555.com/zw_ztzw/jlbi/*
2996f95823313176bee9bcadb7623a1d,1156610100,2,www.chuntianxueyuan.com/*
29f55c50713beec538722c9ff19302f5,1156610800,2,m.xahmyy.cn/zt/hm-meibai*
2a1d5bceb2ce216a23cc4f231fb04b8d,1156610100,14,m.bgyestar.com/xa/x_xalxwys/*
2a3b90ad153be508f54789f38a2ab473,1156610800,13,www.chuntianxueyuan.com/*
2ba51658a5feebe63199028205359bfa,1156610700,10,mzw.81885555.com/zw_ztzw/jlbi/*
2c02e3acb2180b5a6596c23cd92ddf32,1156611000,2,m.beyestar.com//zt/yebbwys/*
2c46934c3e909fc644ed31865f15754d,1156610100,1,m.huayi-mr.net/zixun/zixun-yuweiwen.html*
2c6fa052f3a13b30d2860df9963d1b5c,1156610100,12,m.xianhuamei.cn/zt/hm-wc/*
2cd09b7340712fefadc571193179ed1d,1156610400,10,m.yestarwzh.com/xa/x_yxxzjfxzt/*
2cfff5014a1c56366d4cd4648258039e,1156610800,2,m.xianmylike.cn/ztwc/jlzhwc/*
2d07d57db67e49f955fc75658016dcec,1156610100,1,m.hmmr.vip/zt/hm-jfcz/*
2d6641e7d2fd63c0b4f9dc5b66a1ea1e,1156610700,11,m.xaylmr.cn/zt/hm-xizhi/*
2d977690ad1983e9d81ce57928196d64,1156610100,1,m.xanz120.com.cn/zhuanti/x_pbxf/*
2da18eb2451043f0b5708d47b998ede1,1156610500,1,5g.xianmeho.com/zt1/syp/*
2eae5380b2dd416851babb66dd5498a0,1156610800,3,m.hmymyy.vip/zt/hm-jfcz/*
2eaed82d515ea0085771e89e2a3d66ec,1156610100,2,m.hmymyy.vip/zt/hm-pm/*
2ed6dfcaea02f6222e67d51fbe6590a7,1156610100,3,m.beyestar.com//zt/yebbwys/*
2f195f73addd297a52aebb9a1f344185,1156610100,2,mpf.xianmylike.com/pf_zt/jlyan/*
2f195f73addd297a52aebb9a1f344185,1156610100,2,mpf.xianmylike.com/pf_zt/jlyan*
2f7c9bc5493aee28e010bfdb579293a5,1156610800,1,m.hmymyy.vip/zt/hm-jfcz/*
2f87bb47368f706d6a327d977810b211,1156610900,17,m.xahmyy.cn/zt/hm-meibai*
2f948dc4ba7b8a21c1488d3ea8b30325,1156610100,1,m.beyestar.com//zt/yebbwys/*
2ffefcb6f2739e174ef2225943364976,1156610100,8,5g.xianmeho.com/zt1/syp/*
301a57ae98d04123dfd1b4dcd444a902,1156610300,13,m.yestarwzh.com/zt/yxqubanx/*
309c072b6346697c05e5a1653469f91a,1156610100,3,mwc.xamylike.com/wc_zt/jlzhslz/*
309e2d8addeb3991c32343eefffa83ee,1156610200,4,m.yestarwzh.com/zt/yxqubanx/*
313e5af851c60ce2fe3bc93895859842,1156610500,10,m.zxmryy.vip/zt/hm-lb/*
316e56aadbf7d50e2958df2495d53e02,1156610400,11,m.yestarwzh.com/xa/x_yxxzjfxzt/*
31aa3c961d4e561f42eb6b46c19b5dc2,1156610100,4,m.zxmryy.vip/zt/hm-xbzx/*
31c6483163378931a52869d81105a268,1156611000,22,m.yestarwzh.com/zt/yxqubanx/*
3204953cf3948fc21a6fb97fff1d0b1d,1156610100,1,mzx.81885555.cn/zw_ztzw/jlzhzw/*
32431a1b565ec4afcdbfec00ac791e9c,1156120000,12,m.xahmykyy.vip/zt/hm-xizhi/*
3286efe2dd8493a0eb2e9667be7f3129,1156610500,11,m.hmmr.vip/zt/hm-meibai/*
3314a8132b359574a3ea21ed04ff3fb3,1156610100,10,m.xaylmr.cn/zt/hm-xbzx/*
3329e5eb61dfd06f71851c41fd8ee985,1156610400,11,mzw.81885555.com/zw_ztzw/jlbi/*
332a57aa57a2f28c420c7bfb33551675,1156611000,3,m.huayi-mr.net/special/hy-shuangyanpi/*
3351034efddd9a729bac791d16af55cd,1156610100,3,m.huayi-mr.net/special/hy-zhushechuzhou/*
3366bfe7a0a5e5bff0f544687f7c333b,1156610100,1,m.xamr.vip/zt/hm-wc/*
336a5fb41fd25b91c56645bfe5f0068a,1156610100,11,mpf.xianmylike.com/pf_zt/jlyan/*
336a5fb41fd25b91c56645bfe5f0068a,1156610100,11,mpf.xianmylike.com/pf_zt/jlyan*
340607af0c34a63471642cb47381f36c,1156610100,7,mzw.81885555.com/zw_ztzw/jlzwxz/*
3430b22c45fa9bbe79d51b7ff62f8af7,1156610100,3,mzx.81885555.cn/zw_ztzw/jlzhzw/*
34e20743aed8caac8d5473810a9b1ab0,1156610700,102,4g.xahmbyj.com/*
3510bac6eb57b0b46cb77256afcc1427,1156610300,17,m.hmymyy.vip/zt/hm-quban/*
3541804b15f816052195c92efedd4378,1156610200,1,m.xaylmr.vip/zt/hm-lb/*
354e343592aa1c74c78b81fbaff6f9b1,1156610800,1,mpf.xianmylike.com/pf_zt/jlyan/*
354e343592aa1c74c78b81fbaff6f9b1,1156610800,1,mpf.xianmylike.com/pf_zt/jlyan*
35d326ccad8199e0d20abc807f81783e,1156610700,1,m.xaylmr.vip/zt/hm-xizhi/*
35d3e545f728a88c3b85bb213f11a82e,1156610100,1,m.beyestar.com//zt/yebbwys/*
35dce22d5695b759c3c7b1d161d4b345,1156610900,1,m.clmini.com/*
362cdec93335c88aa20e72dbcc7085a4,1156610600,10,mzx.81885555.cn/zw_ztzw/jlzhzw/*
364ce92ccd4f6ebcd53d24a8f600a0f2,1156610300,13,m.zxmryy.vip/zt/hm-xizhi/*
3715915c32e9b3fcfde5a5692985fbea,1156610100,14,m.xamr.vip/zt/hm-wc/*
371c8596639db210e3596fee0954b3d4,1156610700,11,m.yestarwzh.com/xa/x_yxxzjfxzt/*
3726b50bfaadead7a054b14171320f1f,1156610100,1,mzw.81885555.com/zw_ztzw/jlzwxz/*
373241d1cdfad8a2bf55ba3b7055dc04,1156610500,12,mzw.81885555.com/zw_ztzw/jlzwxz/*
3763e4d7c7402f9147ebdf6dacf017ed,1156610600,9,m.hmmr.vip/zt/hm-jfcz/*
37805c044fea75b512463e4e8f6ebdd3,1156610100,11,mpf.xianmylike.com/pf_zt/jlyan/*
37805c044fea75b512463e4e8f6ebdd3,1156610100,11,mpf.xianmylike.com/pf_zt/jlyan*
37e483de2b3f91845572add8f7213a64,1156610300,2,m.zxmryy.vip/zt/hm-xizhi/*
384764b712da0cb2ca16e48b55ac261a,1156610700,1,m.hmmr.vip/zt/hm-jfcz/*
3848d54ee291fdcb339cd3d5dbb3dba2,1156610100,2,m.hmmr.vip/zt/hm-meibai/*
3849755724d8f09a389beb1ee7045944,1156610500,13,m.xahmylmryy.vip/zt/hm-jfcz/*
385438200285dae23e6a2fb06ac659a6,1156610400,7,mzw.81885555.com/zw_ztzw/jlzwxz/*
385e5d58ae4883b691ca52c3166153f4,1156610300,1,mpf.xianmylike.com/pf_zt/jlyan/*
385e5d58ae4883b691ca52c3166153f4,1156610300,1,mpf.xianmylike.com/pf_zt/jlyan*
3872e246d5680e68f35c4fd153f55419,1156610200,12,m.xahmmr.vip/zt/hm-quban/*
3894dded13ae55ef2e564f5ec5d69ad9,1156610800,1,m.bgyestar.com/xa/x_xalxwys/*
38a9c409e67c744cb030449d62542146,1156610400,7,mpf.xianmylike.com/pf_zt/jlyan/*
38a9c409e67c744cb030449d62542146,1156610400,7,mpf.xianmylike.com/pf_zt/jlyan*
38efdd4eb44512b429ac39b2ce3e156e,1156610600,2,m.beyestar.com//zt/yebbwys/*
390f0d4d512455eee2d268d2fb143127,1156610100,6,m.xahmylmryy.vip/zt/hm-pf/*
390f0d4d512455eee2d268d2fb143127,1156610100,10,mpf.xianmylike.com/pf_zt/jlyan/*
390f0d4d512455eee2d268d2fb143127,1156610100,10,mpf.xianmylike.com/pf_zt/jlyan*
39caf7ba66aa45cbd5a08554c2cf91f4,1156120000,1,m.xaylmr.vip/zt/hm-zx/*
39de271758fb6a34cf26ac56dbaf2b51,1156610400,1,mzw.81885555.com/zw_ztzw/jlzwxz/*
39ea7712ee9dc539b1f2c7f5b2f51486,1156610100,3,5g.xalrv.com/zhuanti/xizhi/ziti_swt/*
3a500804a1075d04e6d705274711a8cb,1156610200,2,mzx.81885555.cn/zw_ztzw/jlzhzw/*
3aafc36ef075918a9aeaffd6691f2a6f,1156610800,16,m.xahmyy.cn/zt/hm-meibai*
3aafc36ef075918a9aeaffd6691f2a6f,1156610800,11,m.hmmr.vip/zt/hm-meibai/*
3aca66d9ce2d7fe261bc212511725262,1156610100,1,m.xamr.vip/zt/hm-wc/*
3b0867e52bfb4ff87313e5af8373dd47,1156610100,3,mzw.81885555.com/zw_ztzw/jlbi/*
3b7ae700fc37a4dccd131b1e34b715e2,1156621000,2,mpf.xianmylike.com/pf_zt/jlyan/*
3b7ae700fc37a4dccd131b1e34b715e2,1156621000,2,mpf.xianmylike.com/pf_zt/jlyan*
3b8ac93a2e4a53d417ea9ab43cac7054,1156610500,6,mzw.81885555.com/zw_ztzw/jlbi/*
3c0768af6520838a8f975336b01adea2,1156610100,5,m.huayi-mr.com/zixun/zixun-xizhijianfei.html*
3de01c7ae7ce35c767c81d5ba9a35faf,1156610100,13,m.bgyestar.com/xa/x_xalxwys/*
3e097e1752695afbf8590f6b1849537d,1156610100,2,5g.yestarwzh.com//xa/x_list_yb/*
3e2d6d4bef73f65ee18bb9c2124f1599,1156610100,13,mzw.81885555.com/zw_ztzw/jlzwxz/*
3efb02b69b0f402f9a6bf32d1dce9dfa,1156610800,1,mpf.xianmylike.com/pf_zt/jlyan/*
3efb02b69b0f402f9a6bf32d1dce9dfa,1156610800,1,mpf.xianmylike.com/pf_zt/jlyan*
3f3ab9424ef6becc79ae9be83327d34d,1156610700,1,m.hmmr.vip/zt/hm-jfcz/*
3fdad1e9a9bd4a9bcf23a0d275867444,1156610600,17,m.hmmr.vip/zt/hm-meibai/*
3fe57ec74849da61a1444f86d3708dfc,1156610700,1,m.bgyestar.com/xa/x_xalxwys/*
40908fac9ad5ac25af53b36b875850b8,1156610900,12,mzw.81885555.com/zw_ztzw/jlzwxz/*
409d8bd59fcedf1ac76b9bd2f8e9b36b,1156610700,2,m.xianmylike.cn/ztwc/jlzhwc/*
40c8deab3e81331f697ea2336395beaf,1156610100,26,mzw.81885555.com/zw_ztzw/jlzwxz/*
40efc4cc516ca261f7c06e605ad83dd0,1156610100,3,m.xianmylike.cn/ztwc/jlzhwc/*
41968ce4f8153146db7410b46b0b289d,1156610100,3,m.xahmmr.vip/zt/hm-quban/*
41ca97bbd9f23ccf0e627b61f0be4b34,1156610100,6,5g.yestarwzh.com//xa/x_list_yb/*
42017dc8d03727c37b2588300ce7793f,1156610900,1,mzw.81885555.com/zw_ztzw/jlzwxz/*
4214baba9c24fd81f84e7a006b2c126c,1156610100,2,m.xaylmr.cn/zt/hm-ztzf/*
429ad2dcdf8e33fd575071f3231fffed,1156610100,4,m.zxmryy.vip/zt/hm-xizhi/*
42ba5db7953c95e9af787b6570831a66,1156610600,1,m.zxmryy.vip/zt/hm-lb/*
4330b90eb8c372b766c230f73a162ff3,1156610100,2,m.xamr.vip/zt/hm-slz/*
43639531553183aa13c9b635665472f9,1156610700,3,mzw.81885555.com/zw_ztzw/jlbi/*
437b0c0eb7f696e03102647967951f00,1156610100,1,mpf.xianmylike.com/pf_zt/jlyan/*
437b0c0eb7f696e03102647967951f00,1156610100,1,mpf.xianmylike.com/pf_zt/jlyan*
4395df32da94cd83831ecda7a0c52be1,1156610500,3,mzx.81885555.cn/zw_ztzw/jlzhzw/*
43a2d69b359c3fa4985ea68fd7dc43d8,1156610500,5,m.xahmyy.cn/zt/hm-meibai*
43a8d5512993817cac148eb9160769d2,1156610100,6,mpf.xianmylike.com/pf_zt/jlyan/*
43a8d5512993817cac148eb9160769d2,1156610100,6,mpf.xianmylike.com/pf_zt/jlyan*
43d0432a5e695e1fb8f9efdeba58cca2,1156610100,12,m.xamr.vip/zt/hm-wc/*
43d309cbd2e83a658711831ed148dacb,1156610100,1,mpf.xianmylike.com/pf_zt/jlyan/*
43d309cbd2e83a658711831ed148dacb,1156610100,1,mpf.xianmylike.com/pf_zt/jlyan*
43fa441b1c971b64993d2ecbdc629970,1156610300,14,m.xianhuamei.cn/zt/hm-wc/*
4401e921c527c38e2c97aade08c88a73,1156610500,14,m.xahmylmryy.vip/zt/hm-jfcz/*
44454f797a05e1906d95414d9760d1a4,1156610100,14,m.xahmyy.cn/zt/hm-meibai*
44e99953fd7adccab8c41b343d20b9af,1156610100,3,m.xahmyy.cn/zt/hm-meibai*
450d76a23d2846cf7cf2754ae0304460,1156610800,2,m.xahmyy.cn/zt/hm-meibai*
45178b32afd14c4c0dd40ed91c0785ea,1156510500,8,mzw.81885555.com/zw_ztzw/jlbi/*
452074cdef5b94d2de04df9998a25c52,1156610100,10,m.bgyestar.com/xa/x_xalxwys/*
4540a8e2a1ca919a0bb857a241588c25,1156610300,3,m.xianhuamei.cn/zt/hm-wc/*
45a2bd7819901f2df107f4a1f454478b,1156610600,2,m.hmymyy.vip/zt/hm-jfcz/*
45a2bd7819901f2df107f4a1f454478b,1156610600,13,m.hmmr.vip/zt/hm-jfcz/*
45f2ddaad627b29493ea605c984b2585,1156610100,2,m.hmmr.vip/zt/hm-meibai/*
460dff0afb1b40ba1671ff671745a0c0,1156611000,5,5g.xianmeho.com/zt1/syp/*
4692bd75b9c2117af1683560b9747223,1156610100,3,m.hmymyy.vip/zt/hm-quban/*
46a7a662b0e48edf7a8d94a1862bb197,1156610100,101,4g.xahmbyj.com/*
46bbf9fba75e947ea53644b687636dca,1156610300,1,mzx.81885555.cn/zw_ztzw/jlzhzw/*
4718999cdf41803290291eec5ed9611c,1156610100,3,m.xahmyy.cn/zt/hm-meibai*
47224998a3dc3cfbf4c848a461365760,1156610100,15,m.xahmyy.cn/zt/hm-meibai*
475f467bf3ea8187acd1bc423eb2ed80,1156610100,2,mwc.xamylike.com/wc_zt/jlzhslz/*
476fbea234103dfbab5005fc7a2dcf13,1156610100,1,m.xaylmr.vip/zt/hm-lb/*
478eb92021cd3a4c716b0505d4df3488,1156610100,1,m.xaylmr.vip/zt/hm-zx/*
4794e0b2924680255e782f849cf21e10,1156610100,2,5g.yestarwzh.com//xa/x_list_yb/*
47a4763f5fd685f7e7c98fe346349487,1156610700,4,5g.yestarwzh.com//xa/x_list_yb/*
47c6a0dff35e59fad84b7920da7aba11,1156610200,15,m.hmymyy.vip/zt/hm-jfcz/*
47c8d0df2853a67a3916c15fe485dc51,1156610100,2,m.zxmryy.vip/zt/hm-xizhi/*
486b797a49ffed10ef8b4ebde5db7bf3,1156610100,9,mzw.81885555.com/zw_ztzw/jlzwxz/*
48e662e7a9d539669eaa2537154d6b9f,1156610400,1,m.xanz120.com.cn/zhuanti/x_pbxf/*
49e184d8cf5ff8672357e07aee5b8219,1156610400,6,m.hmmr.vip/zt/hm-meibai/*
49ef012bff8e728afb97cf816aed0488,1156610300,22,m.yestarwzh.com/zt/yxqubanx/*
4a2eb3755f86add7b42bca3ecd2ae886,1156610100,1,m.xaylmr.vip/zt/hm-zx/*
4aabd9a858c7794d00832ae2ff7cf195,1156610700,2,m.hmmr.vip/zt/hm-jfcz/*
4aabd9a858c7794d00832ae2ff7cf195,1156610700,2,m.xahmylmryy.vip/zt/hm-jfcz/*
4b23e617453aa082ab092db520a21bd6,1156610100,3,mzw.81885555.com/zw_ztzw/jlzwxz/*
4b9c774954c13c2554d3e40afbb99ea4,1156610100,3,mpf.xianmylike.com/pf_zt/jlyan/*
4b9c774954c13c2554d3e40afbb99ea4,1156610100,3,mpf.xianmylike.com/pf_zt/jlyan*
4bb0b03d62a60c41910b388aa1ccd6d7,1156610100,1,m.hmymyy.vip/zt/hm-jfcz/*
4bfafd79bc568da2a637385ff70d26ed,1156610100,1,mpf.xianmylike.com/pf_zt/jlyan/*
4bfafd79bc568da2a637385ff70d26ed,1156610100,1,mpf.xianmylike.com/pf_zt/jlyan*
4c386bff448046e3764d771c8281351c,1156610100,1,mzw.81885555.com/zw_ztzw/jlzwxz/*
4c534dedf7960b63970d77b7c1b03d8b,1156610100,5,m.hmmr.vip/zt/hm-jfcz/*
4e9b3c810bcbc9bd5b8cca7da9ca8502,1156610800,4,m.zxmryy.vip/zt/hm-xizhi/*
4e9b3c810bcbc9bd5b8cca7da9ca8502,1156610800,4,m.mrzxyy.cn/zt/hm-xizhi/*
4ebdf09b0cf9eb1373d96854097d0b81,1156610100,6,m.xianmylike.cn/ztwc/jlzhwc/*
4f0707c4c501c2b5c59416a0c66f72c5,1156610100,12,m.yestarwzh.com/xa/x_yeslz/*
4f34dc4d994bd0276c888a3a1291bcfe,1156610900,6,m.hmymyy.vip/zt/hm-jfcz/*
4f34dc4d994bd0276c888a3a1291bcfe,1156610900,4,m.xahmylmryy.vip/zt/hm-jfcz/*
4f3be16b6b7e9ce5645944b930ed6fd2,1156610100,13,mzw.81885555.com/zw_ztzw/jlzwxz/*
4f4c94f42e82c7d5608d26dad28e0ba4,1156610100,1,mzx.81885555.cn/zw_ztzw/jlzhzw/*
500e90afd0e75d001b707c98717a5eed,1156610700,2,m.xahmmr.vip/zt/hm-quban/*
50430d1f9f0c4c282a99d3ac53463f48,1156610100,3,m.xahmylmryy.com/zt/hm-jfcz/*
50d0fbc2e4f5c0ba31c76c0c3398b06f,1156610100,2,m.xamr.vip/zt/hm-wc/*
51047d40496d979196464fec6c24e943,1156410800,16,m.xaylmr.vip/zt/hm-lb/*
513901895f978651850d51b088651241,1156610300,9,m.xahmylmryy.vip/zt/hm-pf/*
51761a2308e52e602c59dcc87ce1baef,1156610900,1,4g.xahmbyj.com/*
51f928d117d85d1a5e2f50ca6fa885c6,1156610600,3,mzw.81885555.com/zw_ztzw/jlbi/*
520c415a90699505b411fba94599c58e,1156610800,13,m.xaylmr.vip/zt/hm-xizhi/*
52689a599d73f4421603a90c51c1d4cb,1156610500,2,m.hmmr.vip/zt/hm-meibai/*
52f5521a168c7dfde2b558b64d276cbb,1156610100,6,m.xamr.vip/zt/hm-slz/*
532395c75b3f5af179fd4d4eeedf554c,1156610100,12,m.hmmr.vip/zt/hm-jfcz/*
5367ec4b0808d334767029bd8f8efee1,1156610100,3,mpf.xianmylike.com/pf_zt/jlyan/*
5367ec4b0808d334767029bd8f8efee1,1156610100,3,mpf.xianmylike.com/pf_zt/jlyan*
53c23dbd31cf60fb7ef49437d360bb8a,1156610100,14,m.beyestar.com//zt/yebbwys/*
53c8f84314efe26dd3711bbac57cce52,1156610100,3,m.hmymyy.vip/zt/hm-jfcz/*
53e69eb05e7a89e5c917f3b5edb1e64c,1156610300,1,m.xahmyy.cn/zt/hm-meibai*
542fdac1ef63dc1c89ed7018e5ce5745,1156610300,11,m.xahmylmryy.com/zt/hm-jfcz/*
54b6fc735cd4dced55fab07dae4f633f,1156610100,3,4g.xahmbyj.com/*
551c45f9ea61dcf904a3c5f9b1bfb6b2,1156621200,4,mwc.xamylike.com/wc_zt/jlzhslz/*
553fa1f694bede2446c9d7c4bb573a1b,1156610400,1,m.mrzxyy.cn/zt/hm-xizhi/*
55ecf47f73a2e5b4ac97172be0543c61,1156610100,1,m.zxmryy.vip/zt/hm-xizhi/*
55fdcac3f5b5bad501f341d459e873f8,1156610100,12,m.xaylmr.cn/zt/hm-xizhi/*
564a6290c2794e87c3d6fb269e633080,1156610100,2,m.zxmryy.vip/zt/hm-xizhi/*
564ab3ff4eb7e73625865eba38f23531,1156610500,15,m.xahmylmryy.vip/zt/hm-meibai/*
5701a4a6e4a9d56180ab67a6ec85de75,1156610500,10,m.hmmr.vip/zt/hm-meibai/*
57108924397e2fa1596b6deeb0587116,1156610100,1,m.xahmmr.vip/zt/hm-quban/*
57347e326ba4521b8e17e7bd6cebcc5d,1156610100,4,mzw.81885555.com/zw_ztzw/jlzwxz/*
573ae6721949106cbacd366916009135,1156610100,2,m.xianhuamei.cn/zt/hm-wc/*
5748eddb45f0383f8c310d605775e026,1156611000,1,m.hmmr.vip/zt/hm-jfcz/*
5752351d2d9fba55603bd47e49a03dd7,1156610400,1,mpf.xianmylike.com/pf_zt/jlyan/*
5752351d2d9fba55603bd47e49a03dd7,1156610400,1,mpf.xianmylike.com/pf_zt/jlyan*
5809484cf42dac726dc0a8b1847ead6c,1156610100,15,m.xaylmr.vip/zt/hm-lb/*
581987e947727fd6788d8fc3baa3bcf2,1156610100,5,mpf.xianmylike.com/pf_zt/jlyan/*
581987e947727fd6788d8fc3baa3bcf2,1156610100,5,mpf.xianmylike.com/pf_zt/jlyan*
58451c982c8d419e3973f6475488283d,1156610100,3,m.bgyestar.com/xa/x_xalxwys/*
5846037cc24ec7abf44e117cdd7571a7,1156610100,6,5g.yestarwzh.com//xa/x_list_yb/*
58667b2ec76b95ede27320977e98a36f,1156610400,7,m.hmmr.vip/zt/hm-jfcz/*
597615f5dd8403cddc451915b68ba37f,1156640500,14,m.xaylmr.vip/zt/hm-xizhi/*
59c91ed160c0e98017cf4cc7520bc1c4,1156610100,4,4g.xahmbyj.com/*
59c9d7701522f96f10e0872721121f60,1156610100,1,mzw.81885555.com/zw_ztzw/jlzwxz/*
59d622f821f6b5c1738bb3cb87e6c8fd,1156610100,4,mzx.81885555.cn/zw_ztzw/jlzhzw/*
59d622f821f6b5c1738bb3cb87e6c8fd,1156610100,2,mzw.81885555.com/zw_ztzw/jlzwxz/*
5a07a6f2d60af74692fefd7691bad421,1156610100,4,m.xahmyy.cn/zt/hm-meibai*
5a0aeb4e04d6846bc82b61c9e71a160b,1156610500,11,mzw.81885555.com/zw_ztzw/jlbi/*
5a26d027c8029dc0b31b095c05760d8b,1156610100,3,m.zxmryy.vip/zt/hm-xizhi/*
5a26d027c8029dc0b31b095c05760d8b,1156610100,10,m.xahmykyy.vip/zt/hm-xizhi/*
5a4294f4084539e495777196c4e80ff2,1156610100,2,mwc.xamylike.com/wc_zt/jlzhslz/*
5a5fb2cc6a8e893d99b05d21f5d27651,1156610100,1,mzw.81885555.com/zw_ztzw/jlzwxz/*
5a9dc8a9ce0a41064ff638fdd00ec544,1156610400,1,m.bgyestar.com/xa/x_xalxwys/*
5ac1ce4d0362aecb3debf5b446bc0377,1156610500,5,mwc.xamylike.com/wc_zt/jlzhslz/*
5b3b08def66d37786fb0efd68baa6590,1156610800,7,mzw.81885555.com/zw_ztzw/jlbi/*
5b4e5e67cfa7c566494f275f5022951b,1156610100,9,m.xamr.vip/zt/hm-wc/*
5b65bbaabc2d872a9101b0cc342979e0,1156610600,6,m.hmmr.vip/zt/hm-meibai/*
5c6aa2758904cab03d12cb6dc679dcbf,1156110000,15,5g.yestarwzh.com//xa/x_list_yb/*
5cbbda4a5dfe78336743f3469668c8aa,1156610100,11,mpf.xianmylike.com/pf_zt/jlyan/*
5cbbda4a5dfe78336743f3469668c8aa,1156610100,11,mpf.xianmylike.com/pf_zt/jlyan*
5ccee5a22509e1a5240ef6544868f6a8,1156610200,2,m.xahmylmryy.com/zt/hm-jfcz/*
5ce8cc9a75529883455544e1ce59a6d8,1156610400,2,m.xaylmr.vip/zt/hm-zx/*
5d31c59e27c1884b29725738a1d2b583,1156610100,7,mwc.xamylike.com/wc_zt/jlzhslz/*
5d83b723120b06cf8f17285bbba16748,1156610500,24,m.yestarwzh.com/zt/yxqubanx/*
5dca84a99601ccf174615c2de08fc594,1156610600,8,mwc.xamylike.com/wc_zt/jlzhslz/*
5dd3038b1c4eba966620bd574f3e1add,1156610100,4,m.zxmryy.vip/zt/hm-xizhi/*
5eb6580fce0f9f715c96139c13f877be,1156610100,2,m.zxmryy.vip/zt/hm-xizhi/*
5eb678539b458390d866e49ca37f58e0,1156610500,2,m.xamr.vip/zt/hm-wc/*
5eb7e0d21a4ac5ce10c8b1daa5db0c3e,1156610500,11,mpf.xianmylike.com/pf_zt/jlyan/*
5eb7e0d21a4ac5ce10c8b1daa5db0c3e,1156610500,11,mpf.xianmylike.com/pf_zt/jlyan*
5eceeb13529636442ad724ffc9d1d31b,1156610100,4,m.xaylmr.vip/zt/hm-lb/*
5eceeb13529636442ad724ffc9d1d31b,1156610100,2,m.zxmryy.vip/zt/hm-lx/*
5f894562f5ac6b979aa54ecd87b4760e,1156610100,2,mzw.81885555.com/zw_ztzw/jlbi/*
5faa9cd8067fda97e3c3239a2f7ce2b1,1156610900,13,mzw.81885555.com/zw_ztzw/jlzwxz/*
600a58371de4018642559c283f57fa0b,1156610100,1,m.zxmryy.vip/zt/hm-lb/*
608ff821bf2903e101801c60b0279ee6,1156610100,42,mzmeiye.cn/*
60a4b2f07d9fddcdc4521a71e7e22131,1156620100,1,m.hmymyy.vip/zt/hm-quban/*
61133f078ed19dfbf1064700202b1109,1156610100,2,m.hmymyy.vip/zt/hm-jfcz/*
614b1f87a017ae26f2dca8530aa24e32,1156610100,2,4g.xahmbyj.com/*
61a2a337b5f90b03f7560132cb08f518,1156610800,15,m.xaylmr.vip/zt/hm-lb/*
61ae95253ac86ff84cfcccdff989b3d1,1156610900,4,mpf.xianmylike.com/pf_zt/jlyan/*
61ae95253ac86ff84cfcccdff989b3d1,1156610900,4,mpf.xianmylike.com/pf_zt/jlyan*
61f9021e6ccc0a835781f4a01f8f7539,1156610800,1,m.beyestar.com//zt/yebbwys/*
61f99d836f2a0600a039976c338e1d2a,1156610600,3,mpf.xianmylike.com/pf_zt/jlyan/*
61f99d836f2a0600a039976c338e1d2a,1156610600,3,mpf.xianmylike.com/pf_zt/jlyan*
621477750d9385d9908f560d5016973b,1156610400,2,mpf.xianmylike.com/pf_zt/jlyan/*
621477750d9385d9908f560d5016973b,1156610400,2,mpf.xianmylike.com/pf_zt/jlyan*
6231fa8367b27b6d9aec3d5c59fd9c99,1156610100,24,5g.yestarwzh.com//xa/x_list_yb/*
62346a5871efa38098b805b8bcf96528,1156610400,1,mpf.xianmylike.com/pf_zt/jlyan/*
62346a5871efa38098b805b8bcf96528,1156610400,1,mpf.xianmylike.com/pf_zt/jlyan*
6294eff2cdea14759aa3bfd0c93ba309,1156610100,3,mpf.xianmylike.com/pf_zt/jlyan/*
6294eff2cdea14759aa3bfd0c93ba309,1156610100,3,mpf.xianmylike.com/pf_zt/jlyan*
6333b73e69902167183e76b29baf2969,1156610100,7,m.xaylmr.vip/zt/hm-kyj/*
638cc5f64aed17e34b7fcd05fe201b46,1156610300,5,5g.xianmeho.com/zt1/syp/*
63c3c2a2fbd6c3bf9ac9c7c11564ea27,1156610100,14,m.bgyestar.com/zt/xabnszxy201903/*
63c5100eb7ddb231c0a2dbdeebda6b0a,1156610100,3,5g.xalrv.com/zhuanti/wzx/swtbns/*
648abd544d92de257a27a5a928958cfc,1156610300,2,m.xianhuamei.cn/zt/hm-wc/*
648abd544d92de257a27a5a928958cfc,1156610300,1,m.xamr.vip/zt/hm-wc/*
64c6806aa90d0355c9808ae4b5c89761,1156610100,9,m.xamr.vip/zt/hm-wc/*
64fe1f0615d9baddc21bd76d5587a8a9,1156610400,13,m.zxmryy.vip/zt/hm-xizhi/*
65484a7faef5c440bb621829c5e36daf,1156610500,1,5g.xianmeho.com/zt1/syp/*
6549ee464f750bfa3c89fbd79eb0a232,1156610100,1,m.hmmr.vip/zt/hm-meibai/*
6575963b6d9c77544d81eb6dffa5f0b4,1156610300,5,m.xahmykyy.vip/zt/hm-xizhi/*
6581b63fc8693b36c6f702afc118c156,1156610100,16,m.xaylmr.vip/zt/hm-xizhi/*
6583eb14fd3abb966e6dbdee1ccdb569,1156610800,1,m.xaylmr.cn/zt/hm-syp/*
658990e21a5df799ba7e150bd5515109,1156611000,14,m.beyestar.com//zt/yebbwys/*
65a0a2da418a3d0ef1cf4fb2b1c59894,1156610100,12,m.hmymyy.vip/zt/hm-jfcz/*
65e907a1a829914dea0e4328c485d448,1156610900,2,m.yestarwzh.com/zt/yxqubanx/*
6607d4e1ce36ce1df0727e39402358fc,1156610100,11,m.beyestar.com//zt/yebbwys/*
662561c94571d5a70e980da0b549999a,1156610100,2,mpf.xianmylike.com/pf_zt/jlyan/*
662561c94571d5a70e980da0b549999a,1156610100,2,mpf.xianmylike.com/pf_zt/jlyan*
6628815dd97d016e00a6556e075b83ea,1156610100,20,5g.yestarwzh.com//xa/x_list_yb/*
6634d53aa997c27dc172fd3e5974cfc3,1156610500,7,mzw.81885555.com/zw_ztzw/jlzwxz/*
6650dc10c9f002e94161682a97a3b450,1156610800,17,m.hmmr.vip/zt/hm-meibai/*
6680e828b43782d95040773eb5cfc53f,1156610700,10,mpf.xianmylike.com/pf_zt/jlyan/*
6680e828b43782d95040773eb5cfc53f,1156610700,10,mpf.xianmylike.com/pf_zt/jlyan*
66de0ee60440fa52e1931bcd3cee8e39,1156610100,1,m.xahmylmryy.vip/zt/hm-pf/*
66f2b271027c3a5ba8861ebe947fbd57,1156610100,14,m.beyestar.com//zt/yebbwys/*
67630ce65f8c6e6b2c02f4398b8e622f,1156610900,17,m.zxmryy.vip/zt/hm-lb/*
677e805280b6430e2c23c9f58ec49a75,1156610100,2,m.xaylmr.vip/zt/hm-lb/*
67ad22a815c5ecf3aeb73c76cb621019,1156610100,25,m.yestarwzh.com/xa/x_sypztzh/*
67d1742e1e55d30635080c53f11354e2,1156610100,9,mzw.81885555.com/zw_ztzw/jlzwxz/*
67d2229c90beb414ae0d7f522afdac3f,1156610600,11,m.xahmyy.cn/zt/hm-meibai*
67d88d71a78a086e76d2174ccc10d04c,1156610100,15,m.hmmr.vip/zt/hm-jfcz/*
6853e0416f50dddd28d728bad208a84c,1156610100,13,m.zxmryy.vip/zt/hm-lb/*
6868a18020b27151b446059d372b7162,1156610800,1,mzx.81885555.cn/zw_ztzw/jlzhzw/*
687828e224e876daebcbf576137c31b2,1156610100,4,m.yestarwzh.com/zt/yxqubanx/*
68b66141eda613c5cbd7f68c8604fe0e,1156610100,10,m.zxmryy.vip/zt/hm-lb/*
68cdd3aa6d34b961e393177f770c0315,1156610800,10,m.hmmr.vip/zt/hm-jfcz/*
69ced26fe51c6e76d44ccb0ffcf6b721,1156610100,10,m.hmymyy.vip/zt/hm-jfcz/*
69d142ba7b51a9d08eed75ae56f86073,1156610700,2,m.xianmylike.cn/zw_ztzw/newjlyanbu/*
69e6a24aa9d8cf444627394dba8e0d3b,1156610400,13,m.xamr.vip/zt/hm-wc/*
6a1278316138ec85ee9d5344896116e1,1156610400,1,m.yestarwzh.com/zt/yxqubanx/*
6a426eef6df2e165fd9703ac21941346,1156610100,1,mzw.81885555.com/zw_ztzw/jlzwxz/*
6a53cde5c980cc58d31094d89387004e,1156610100,2,mzmeiye.cn/*
6a8bef311165c5ab3ec311433e9282bf,1156610100,12,m.xamr.vip/zt/hm-wc/*
6a9f8c7393b96668230f5db006e66530,1156610100,8,m.zxmryy.vip/zt/hm-lb/*
6ac5bd41de7a06347dab5ca36a1db962,1156610100,16,m.xaylmr.vip/zt/hm-xizhi/*
6af0d5c2d65b27f71756c35c917ea481,1156610100,25,m.yestarwzh.com/zt/yxqubanx/*
6b088d697248b9e1b59fcf1e848535ef,1156310000,1,m.xamr.vip/zt/hm-slz/*
6b5d8aaf3768739993f22ab9eb1b4e06,1156610100,2,m.yestarwzh.com/zt/yxqubanx/*
6b9a27c80acbe67173648f2b4beefb02,1156610900,2,mzx.81885555.cn/zw_ztzw/jlzhzw/*
6b9ad13e5c227f0f58d069a5733d0397,1156610500,5,mzw.81885555.com/zw_ztzw/jlbi/*
6bb3db1cf356d1e18e819f1d965f519f,1156610900,10,m.xianhuamei.cn/zt/hm-wc/*
6c43cdd8e51f5b31c9acaa25226a10c8,1156610100,1,m.xanz120.com.cn/zhuanti/x_pbxf/*
6c4eb1b406c68c19f078499a339d9bb0,1156610300,1,mzx.81885555.cn/zw_ztzw/jlzhzw/*
6c63f030fb8159c37a2de7f6d3029abe,1156610500,2,mpf.xianmylike.com/pf_zt/jlyan/*
6c63f030fb8159c37a2de7f6d3029abe,1156610500,2,mpf.xianmylike.com/pf_zt/jlyan*
6c67620d8a43500c6fa3614d493ab718,1156610100,2,m.xaylmr.vip/zt/hm-lb/*
6c67620d8a43500c6fa3614d493ab718,1156610100,2,m.xaylmr.cn/zt/hm-ztzf/*
6ce7cf3afa39a4841a1bea28df9b8f45,1156610100,1,m.xahmyy.cn/zt/hm-meibai*
6d1c779eb262ae27700786cc12fdde34,1156610100,3,m.xahmyy.cn/zt/hm-meibai*
6dca6e6f123177a36815d7b52bd05717,1156610700,1,mzx.81885555.cn/zw_ztzw/jlzhzw/*
6e28bd4f7309e5a192978e85c845dbf1,1156610800,1,mpf.xianmylike.com/pf_zt/jlyan/*
6e28bd4f7309e5a192978e85c845dbf1,1156610800,2,m.xahmmr.vip/zt/hm-quban/*
6e28bd4f7309e5a192978e85c845dbf1,1156610800,1,mpf.xianmylike.com/pf_zt/jlyan*
6e4a01198b7dd41117d9198d49b0cb2a,1156610700,11,m.xahmykyy.vip/zt/hm-xizhi/*
6e7f6d85ebfff3d1827c30c3db914cb1,1156610900,3,mzw.81885555.com/zw_ztzw/jlbi/*
6ee3ebb2d3245cd16710c039240c4a16,1156610900,12,m.hmymyy.vip/zt/hm-pm/*
6f9802f77470656fbf27b297ec03a442,1156610700,3,m.xaylmr.vip/zt/hm-zx/*
6f9aae4f5328188a9efc8f670ddb08b5,1156610700,13,m.yestarwzh.com/xa/x_yxxzjfxzt/*
6f9e9ebd8abde9b61ca3cc7a684f7221,1156610100,8,m.xianmylike.cn/ztwc/jlzhwc/*
6fac5bc593a1c0d12689e42a300b052e,1156610100,3,m.yestarwzh.com/zt/yxqubanx/*
6fb5a3a3463c099f8eef78c480abcb92,1156610100,1,m.hmymyy.vip/zt/hm-jfcz/*
6fdfbd8531de300cb8ce7010694afd40,1156650100,2,m.xahmmr.vip/zt/hm-quban/*
6ffeb9e702efdf0b4e411a23ec512751,1156610100,3,m.zxmryy.vip/zt/hm-xizhi/*
7024be38f8415411d5b97646774fa4b7,1156610100,1,m.hmymyy.vip/zt/hm-quban/*
70917598abadd3d40f208486718c8c20,1156610100,2,m.bgyestar.com/xa/x_xalxwys/*
70a1d90176cdf77d37f3271e91c6d714,1156610300,24,m.yestarwzh.com/zt/yxqubanx/*
70af4d89054317f3ecdae6e5b9dfd7dc,1156610400,8,m.hmymyy.vip/zt/hm-quban/*
7105818ba9845ffe66a08730b9410b34,1156610300,1,m.xaylmr.vip/zt/hm-lb/*
711e4e25d43624c51a25cdc966e745bb,1156610600,7,m.xahmylmryy.com/zt/hm-jfcz/*
7124420a2cca54e967cece804729f5a8,1156611000,2,mzx.81885555.cn/zw_ztzw/jlzhzw/*
7124a7b7cd6df605a127db40d36fe73c,1156610700,9,mpf.xianmylike.com/pf_zt/jlyan/*
7124a7b7cd6df605a127db40d36fe73c,1156610700,9,mpf.xianmylike.com/pf_zt/jlyan*
7140e1c114ee8972d5646d5c6f023377,1156610100,2,m.zxmryy.vip/zt/hm-xbzx/*
72d0be3b1818147705ea660f13d46971,1156610100,2,m.xamr.vip/zt/hm-wc/*
739342a9086932308387a0f63e68d70b,1156610100,9,mzw.81885555.com/zw_ztzw/jlbi/*
739bffe1f6e296044187c4a7669ebdf1,1156610900,16,m.xamr.vip/zt/hm-slz/*
73a8bc429771810a87123c15f1fe7b57,1156610900,15,4g.xahmbyj.com/*
73bb20c9a275c319a5609cc6cb554217,1156610800,1,m.bgyestar.com/xa/x_xalxwys/*
73ce00891f22e36c379b3817647d8aa2,1156610600,5,m.hmymyy.vip/zt/hm-pm/*
73f0a7a41583a58b884177bdaf053859,1156610700,7,m.beyestar.com//zt/yebbwys/*
742be75f32ff81980e91d695cb78148b,1156610100,16,m.hmmr.vip/zt/hm-meibai/*
74510d2fab02207c5fa8ffea23f80243,1156610400,16,m.xaylmr.vip/zt/hm-lb/*
74f340770eff202a4303d0880307d859,1156610100,4,m.zxmryy.vip/zt/hm-xizhi/*
7519d3fb85837473709489869b5ecfca,1156610300,15,m.xaylmr.vip/zt/hm-lb/*
751a564c859e898609f1d7dd66055c7b,1156610100,4,mpf.xianmylike.com/pf_zt/jlyan/*
751a564c859e898609f1d7dd66055c7b,1156610100,4,mpf.xianmylike.com/pf_zt/jlyan*
75225ca6119a9bf76450e4f01e6a607e,1156610700,1,m.xahmyy.cn/zt/hm-meibai*
752df814101794032a3c1d773e437714,1156610700,1,m.xahmylmryy.vip/zt/hm-jfcz/*
753b416c5d725173bb63b114af25aef9,1156610100,2,m.hmmr.vip/zt/hm-meibai/*
754fcf5283fe5ee11a29b0a4db5f116f,1156610100,7,mzw.81885555.com/zw_ztzw/jlbi/*
75546c83cebdfde7419523b037973c6b,1156610500,13,m.hmmr.vip/zt/hm-jfcz/*
75770737d077807dd28d40cad2f4c5f6,1156610300,1,m.huayi-mr.net/zixun/zixun-boniaosuan.html*
75acf4bd2dc9c6cdc854692a6ead6c3e,1156610400,1,m.xaylmr.vip/zt/hm-lb/*
763af8f696507904876045de37e37b41,1156610500,1,m.xaylmr.vip/zt/hm-zx/*
7682d2e0a9e65923d9b7a4f72d00beda,1156610100,15,m.xaylmr.cn/zt/hm-ztzf/*
76c0c8e1f3bdbb8d7b9ffa8b2be51cda,1156610500,3,m.xaylmr.vip/zt/hm-lb/*
777e51aaedec5cf9a13efbbaa06c7de1,1156610100,13,mzw.81885555.com/zw_ztzw/jlzwxz/*
77aeb602ff5789f3365e328c410dbb42,1156610800,15,m.xahmmr.vip/zt/hm-quban/*
780483df781f4e991ded1af428528f59,1156610100,6,4g.xahmbyj.com/*
7888ef8eb40bbce20b98b549f9b54646,1156610500,5,mpf.xianmylike.com/pf_zt/jlyan/*
7888ef8eb40bbce20b98b549f9b54646,1156610500,5,mpf.xianmylike.com/pf_zt/jlyan*
78b3918e281a806013822a55c665ea2a,1156610100,9,m.xahmylmryy.vip/zt/hm-meibai/*
78b399ba3c384ed375c6c940411b3a23,1156610100,15,mzw.81885555.com/zw_ztzw/jlzwxz/*
78cae834ae5a68c5c225a2fb99912c2c,1156610100,2,m.xahmmr.vip/zt/hm-quban/*
7908819b0079b426b586b27dff60cf86,1156610100,11,mpf.xianmylike.com/pf_zt/jlyan/*
7908819b0079b426b586b27dff60cf86,1156610100,16,m.xahmmr.vip/zt/hm-quban/*
7908819b0079b426b586b27dff60cf86,1156610100,11,mpf.xianmylike.com/pf_zt/jlyan*
796339e67f5097371651e7ca4dccd3d9,1156610100,4,m.xaylmr.vip/zt/hm-xizhi/*
796d940501914038b09cc3afa78e35b1,1156610100,13,m.xahmyy.cn/zt/hm-meibai*
7977eb4d82a22b2f232e20c0c39e5cd1,1156610700,3,4g.xahmbyj.com/*
79b755d46c3b0c9ecf1d9860c47dd480,1156610100,2,m.xahmmr.vip/zt/hm-quban/*
79b755d46c3b0c9ecf1d9860c47dd480,1156610100,1,m.hmymyy.vip/zt/hm-quban/*
79b75dd65f9c5b1d533d436e55fd37f0,1156610500,3,m.hmymyy.vip/zt/hm-jfcz/*
79bb83cd16d081b009e2a671327ff5cd,1156610600,14,m.beyestar.com//zt/yebbwys/*
7a133ce913e77fb097e6319dc42cae73,1156610100,9,m.xahmyy.cn/zt/hm-meibai*
7a2f8bb355537e9a6450f9b781be71ff,1156610100,23,m.yestarwzh.com/zt/yxqubanx/*
7a4a1e738e421ac62deced25b2cd47fb,1156610100,1,mpf.xianmylike.com/pf_zt/jlyan/*
7a4a1e738e421ac62deced25b2cd47fb,1156610100,1,mpf.xianmylike.com/pf_zt/jlyan*
7a8994e5a58a874e481a84e5955cd705,1156370900,2,m.xahmmr.vip/zt/hm-quban/*
7a8994e5a58a874e481a84e5955cd705,1156370900,3,m.yestarwzh.com/zt/yxqubanx/*
7a8baaae1d8e45798cfdef785a5ee89b,1156610100,10,5g.xalrv.com/zhuanti/xizhi/ziti_swt/*
7a9dfef50a4ce14e4e1f4cfac9cb115e,1156610100,1,mzw.81885555.com/zw_ztzw/jlbi/*
7a9ec35110cb6d60f0a12b741b8c0186,1156610400,1,m.xanz120.com.cn/zhuanti/xin_xbzx/*
7aac1f0ec807bb692477ebd05759dfba,1156610100,1,m.yestarwzh.com/zt/yxqubanx/*
7ae24f57c5b25ba00ec4e449f6a98d91,1156610100,11,m.xaylmr.vip/zt/hm-zx/*
7aedc2ccff03248945a4165e65876837,1156610100,1,mpf.xianmylike.com/pf_zt/jlyan/*
7aedc2ccff03248945a4165e65876837,1156610100,1,mpf.xianmylike.com/pf_zt/jlyan*
7af110dc377e20ccc6771cc4296ea9db,1156610700,11,m.xahmykyy.vip/zt/hm-xizhi/*
7af75fbcdcca137f439d61735007dd28,1156610100,16,m.xahmylmryy.vip/zt/hm-pf/*
7b21340da3827336c81af5e1af39621d,1156610500,5,m.xianhuamei.cn/zt/hm-wc/*
7b43119c9f1bda7fafc4bc9d2ed74829,1156610100,2,m.xaylmr.cn/zt/hm-ztzf/*
7b50be5e92074ee5faeebaa3c4c26043,1156610900,15,m.xianhuamei.cn/zt/hm-wc/*
7b89ed5f26f701b85bf740a9c8b5ece8,1156610100,2,m.xaylmr.cn/zt/hm-ztzf/*
7b8f5a3e9088a118fdcab9ad11a93fd9,1156510100,11,mpf.xianmylike.com/pf_zt/jlyan/*
7b8f5a3e9088a118fdcab9ad11a93fd9,1156510100,11,mpf.xianmylike.com/pf_zt/jlyan*
7ba27c9453718866f71a7cc183875b71,1156610800,8,m.xaylmr.vip/zt/hm-zx/*
7bad4ccef46ee964ff657268e949dc49,1156610600,3,mwc.xamylike.com/wc_zt/jlzhslz/*
7bc2698e66ead537546f199be415d166,1156610100,9,m.hmymyy.vip/zt/hm-jfcz/*
7c032b4483e81886a6b8919b12288ea4,1156610600,7,5g.yestarwzh.com//xa/x_list_yb/*
7c0fe98502c8e09983e25fec3dded4d0,1156610100,10,m.xahmmr.vip/zt/hm-quban/*
7c26b2a3a607d8a05e5f339184597184,1156610100,2,m.hmymyy.vip/zt/hm-quban/*
7c64cba18ca3a2a125686779ab3200cb,1156610900,13,m.xanz120.com.cn/zhuanti/xin_njh/*
7cbc943e117a9df197e074df2dab32c0,1156610400,1,mzw.81885555.com/zw_ztzw/jlzwxz/*
7cf9c47c439a8db9c9b8df216021bbc4,1156610800,8,mpf.xianmylike.com/pf_zt/jlyan/*
7cf9c47c439a8db9c9b8df216021bbc4,1156610800,8,mpf.xianmylike.com/pf_zt/jlyan*
7cfb345d4da3dcf4804586b1fbc8521e,1156610500,13,m.xahmylmryy.vip/zt/hm-jfcz/*
7d016e5736c819d86d339963d337e96a,1156610100,1,m.xaylmr.vip/zt/hm-zx/*
7d14fb87041b76c23a7d4088dafbb6a9,1156610800,1,5g.xianmeho.com/zt1/syp/*
7d3290c28ecfc2f53b6ebf9b21e11f06,1156610100,1,m.hmmr.vip/zt/hm-meibai/*
7e39af2a134ac84c99546e183d48c9d0,1156140200,8,m.beyestar.com//zt/yebbwys/*
7e76ba67c4d790373c7b31f09dcd3235,1156610600,3,m.hmmr.vip/zt/hm-meibai/*
7ebf2fe54e982100f482a1fa9c58aa48,1156610100,2,m.zxmryy.vip/zt/hm-xizhi/*
7ec7f17eeeab012e9eed4f1eda7a1f25,1156610100,8,m.yestarwzh.com/xa/x_yxxzjfxzt/*
7ecb1746d2f297ba9f5b98bbbb77ccb7,1156610100,2,m.xahmmr.vip/zt/hm-quban/*
7f9675bbf3f131a14ea5ba81252e0cf5,1156610100,1,m.hmymyy.vip/zt/hm-pm/*
7feb1b6e52c92232a5d269241526b2a9,1156610800,14,m.mrzxyy.cn/zt/hm-xizhi/*
8029ade91328fcd5a42ab0b027830f4b,1156610600,2,m.hmmr.vip/zt/hm-meibai/*
8029fbc7e0597eeb57194f0216a2679b,1156610400,3,mzx.81885555.cn/zw_ztzw/jlzhzw/*
803046686701c62bcdc37654d49572d2,1156330500,1,4g.xahmbyj.com/*
803565131f492453f2aef5ebd4f198dc,1156610100,1,5g.xalrv.com/zhuanti/wzx/swtbns/*
803565131f492453f2aef5ebd4f198dc,1156610100,4,m.xianmylike.cn/ztwc/jlzhwc/*
8047e69dbcc81fb54c0843b602421b2a,1156610500,1,m.hmmr.vip/zt/hm-meibai/*
80b5368e8e1aa47ec85895922b5a8e2e,1156610100,10,m.mrzxyy.cn/zt/hm-xizhi/*
812d63e27e630dcc4cf7084ab5b6dcb7,1156610400,23,mzw.81885555.com/zw_ztzw/jlbi/*
81772289cd2cecccbf89e8c1ce6d5bac,1156610500,10,mpf.xianmylike.com/pf_zt/jlyan/*
81772289cd2cecccbf89e8c1ce6d5bac,1156610500,10,mpf.xianmylike.com/pf_zt/jlyan*
81a4ee04f844f57108516e8bbcaca623,1156610100,1,m.xaylmr.cn/zt/hm-syp/*
8205d67669e4715bbc688cfd02ffafbe,1156610700,16,m.zxmryy.vip/zt/hm-ztzf/*
8249f0cf6d89aa688cfebcaef963c974,1156611000,3,m.peixunwenxiu.com/*
827d8d192aadd4f1b24df60e147edf80,1156610100,10,m.xaylmr.vip/zt/hm-xizhi/*
828336e9efc27d5aa06e7dd853856ed2,1156610400,5,m.xianhuamei.cn/zt/hm-wc/*
82aa431484b6702203a46292a6f05deb,1156610400,3,mpf.xianmylike.com/pf_zt/jlyan/*
82aa431484b6702203a46292a6f05deb,1156610400,3,mpf.xianmylike.com/pf_zt/jlyan*
82d6d91061e34b1ca63196f068929b60,1156611000,3,mzw.81885555.com/zw_ztzw/jlzwxz/*
82e7fd9b5b39adc89980c46169656a55,1156610100,17,m.hmmr.vip/zt/hm-meibai/*
83090451cfaa7c27a1dd0ea04f572bed,1156610100,17,m.zxmryy.vip/zt/hm-ztzf/*
8309225dd83ed3f00c1250ce1b89d479,1156610100,3,mpf.xianmylike.com/pf_zt/jlyan/*
8309225dd83ed3f00c1250ce1b89d479,1156610100,3,mpf.xianmylike.com/pf_zt/jlyan*
833a587487483396ce8630a51a1d0a0d,1156610100,11,m.hmmr.vip/zt/hm-meibai/*
834999aa8d0abb410adc3cbc73cc77d0,1156610100,10,m.xamr.vip/zt/hm-wc/*
834d1929e2f8fa728a383b814c2d3348,1156610900,3,m.xamr.vip/zt/hm-wc/*
834eaa75b46406e4263ba454402d050c,1156610500,4,m.yestarwzh.com/zt/yxqubanx/*
8380d88c79322dd3597773b4efe83840,1156610100,1,m.yestarwzh.com/xa/x_yxxzjfxzt/*
83a40fe4403b70a83dda579dc6f3b6b3,1156610100,6,mpf.xianmylike.com/pf_zt/jlyan/*
83a40fe4403b70a83dda579dc6f3b6b3,1156610100,6,mpf.xianmylike.com/pf_zt/jlyan*
83d4a3ccb7bb33dfa9d925039c0dffbc,1156610600,9,mpf.xianmylike.com/pf_zt/jlyan/*
83d4a3ccb7bb33dfa9d925039c0dffbc,1156610600,9,mpf.xianmylike.com/pf_zt/jlyan*
84005c10f7fa4cdd7371fd4c141aeb99,1156610100,1,m.xahmylmryy.vip/zt/hm-jfcz/*
842a7ea779c9d19e5c4339c9dd2bb1e8,1156610100,16,m.hmymyy.vip/zt/hm-quban/*
8476b507a95f84c160f8d89240035597,1156610100,1,m.huayi-mr.net/zixun/zixun-shoulianzhen.html*
84a012fff068a19bc6e7b27863743d26,1156610100,1,m.hmmr.vip/zt/hm-meibai/*
85267a8ebb9008d19fc0601a6171ac72,1156611000,17,m.xahmyy.cn/zt/hm-meibai*
85267a8ebb9008d19fc0601a6171ac72,1156611000,12,m.hmmr.vip/zt/hm-meibai/*
857155f5ef7f505e6ac3f1ec663d11dc,1156610100,2,m.xahmylmryy.com/zt/hm-jfcz/*
859566fe79989ecd0ccab31dcdea5de0,1156610400,9,4g.xahmbyj.com/*
85aa3075f43c208d483ee9e3ab0839f7,1156321000,1,m.xamr.vip/zt/hm-wc/*
85f787f8c7486c5af685be55f751f23d,1156610100,9,mpf.xianmylike.com/pf_zt/jlyan/*
85f787f8c7486c5af685be55f751f23d,1156610100,9,mpf.xianmylike.com/pf_zt/jlyan*
86c13664b3b5ff5c8077ec5123a8f0ed,1156610100,2,m.xaylmr.vip/zt/hm-lb/*
86f6bc3610c18141eaf275a491605106,1156610100,3,mpf.xianmylike.com/pf_zt/jlyan/*
86f6bc3610c18141eaf275a491605106,1156610100,3,mpf.xianmylike.com/pf_zt/jlyan*
86fe0d7873dc67c4a3def383501eeccb,1156610500,13,m.xahmmr.vip/zt/hm-quban/*
87478bb0951727452e7c08b57e872de6,1156610100,1,m.xahmylmryy.com/zt/hm-jfcz/*
87dcc78cd3bcd6081f4fca483d19eb98,1156610100,13,m.xaylmr.cn/zt/hm-xizhi/*
880452f5957000c4194d8124fddb11e8,1156410100,6,mpf.xianmylike.com/pf_zt/jlyan/*
880452f5957000c4194d8124fddb11e8,1156410100,6,mpf.xianmylike.com/pf_zt/jlyan*
885e00ef142c393d2f5a8e9d65a8eee5,1156610300,1,m.xahmyy.cn/zt/hm-meibai*
887fe8418df24e477f2fff66d9097d37,1156610600,8,m.xaylmr.vip/zt/hm-zx/*
88d37fb6058e240f01159234e2138566,1156610100,24,m.yestarwzh.com/zt/yxqubanx/*
89393da684d561d262e6db33fb28a9d7,1156610500,11,mpf.xianmylike.com/pf_zt/jlyan/*
89393da684d561d262e6db33fb28a9d7,1156610500,11,mpf.xianmylike.com/pf_zt/jlyan*
8944e332a84d9244190ecb927b65b452,1156610100,13,m.hmymyy.vip/zt/hm-jfcz/*
8944e332a84d9244190ecb927b65b452,1156610100,13,m.xahmylmryy.vip/zt/hm-jfcz/*
894cf93a497f1577c411bc3897188ca3,1156610100,28,m.xahmmr.vip/zt/hm-quban/*
8985d014a25b339babb5a5f80981728a,1156610500,16,m.xaylmr.cn/zt/hm-xizhi/*
8986e1be4f756f0a9e4f7039570f7e8b,1156610100,13,m.hmymyy.vip/zt/hm-jfcz/*
89cc8e90b6712a4b824dc661374b112b,1156610500,2,m.yestarwzh.com/xa/x_yxxzjfxzt/*
89cc8e90b6712a4b824dc661374b112b,1156610500,4,m.zxmryy.vip/zt/hm-lb/*
89fcb91d836df361ebe2b18b80d95c08,1156610100,14,m.xamr.vip/zt/hm-wc/*
8a14d60d398dbd4e7f2725b7b9d9920f,1156610100,2,5g.yestarwzh.com//xa/x_list_yb/*
8a27103ab3d5bf6d1915f08ae2d5c2ce,1156610300,9,m.hmymyy.vip/zt/hm-jfcz/*
8a961096e03c8a36ba71dd2ecb2fd8ed,1156610100,4,m.hmymyy.vip/zt/hm-jfcz/*
8b5f444bd85efd0310a7c3b1de78a5c0,1156610300,1,mpf.xianmylike.com/pf_zt/jlyan/*
8b5f444bd85efd0310a7c3b1de78a5c0,1156610300,1,mpf.xianmylike.com/pf_zt/jlyan*
8bd27359879b6fdc7b630d492f37bdeb,1156610500,11,m.xianmylike.cn/ztwc/jlzhwc/*
8bd29f8898026b2985ab67fba59be56b,1156610100,9,m.bgyestar.com/xa/x_xalxwys/*
8c14f08d5d2c59223c9398faa6e8e9a4,1156610100,6,mzw.81885555.com/zw_ztzw/jlbi/*
8c83ced870d5d5dccdab9d1b6f41a042,1156610100,18,m.xahmmr.vip/zt/hm-quban/*
8ca042b47c681bfae531b6ab7b4d16d8,1156610100,2,m.yestarwzh.com/xa/x_yxxzjfxzt/*
8cb1e6e1e6774f52f3b2b26bdb77e541,1156610100,4,4g.xahmbyj.com/*
8ce9b37125e2f100103374edf6b1b53c,1156610100,2,m.xaylmr.cn/zt/hm-syp/*
8cf02cacaaba1cbdbdf4ac3b701da332,1156610500,6,m.xaylmr.cn/zt/hm-ztzf/*
8cf3fa379270dc97556adb331aa531b4,1156610400,1,m.xahmyy.cn/zt/hm-meibai*
8cf3fa379270dc97556adb331aa531b4,1156610400,10,m.xahmylmryy.com/zt/hm-jfcz/*
8d002c0819d3f353a87c1b8d39a408d9,1156610400,1,mwc.xamylike.com/wc_zt/jlzhslz/*
8d22bb024d2fb7309eec42232394e22d,1156610500,13,m.zxmryy.vip/zt/hm-lb/*
8d4a1b88258d54b87c228e95ced0c838,1156610800,2,m.xianmylike.cn/zw_ztzw/newjlyanbu/*
8d4a1b88258d54b87c228e95ced0c838,1156610800,2,mzx.81885555.cn/zw_ztzw/jlzhzw/*
8d4a1b88258d54b87c228e95ced0c838,1156610800,5,m.huayi-mr.net/special/hy-shuangyanpi/*
8d980751a62d9a99965f29711c6f61b7,1156610100,10,m.xahmylmryy.vip/zt/hm-jfcz/*
8dd504a91987d716ef84b342da566676,1156610100,2,m.xianhuamei.cn/zt/hm-wc/*
8e2f7e68fe3238c86e470538ab5a89e1,1156610800,2,m.xahmyy.cn/zt/hm-meibai*
8e33c34198f33607504f235efadf2608,1156610500,20,m.yestarwzh.com/zt/yxqubanx/*
8e45c1e22f7470d745abcb8a74fb001d,1156610100,23,m.yestarwzh.com/zt/yxqubanx/*
8e61c020669b77b1ced6c065f4e90502,1156610100,5,m.hmmr.vip/zt/hm-meibai/*
8e6f7c91ba983f493f1001303eb86e0b,1156610800,48,m.huayi-mr.net/special/hy-shuangyanpi/*
8e97b39fadcfa4bc468fa11e762bbce5,1156610500,2,m.yestarwzh.com/xa/x_yemb/*
8ea82893d661ed26fd906d495f7cc091,1156610100,3,mpf.xianmylike.com/pf_zt/jlyan/*
8ea82893d661ed26fd906d495f7cc091,1156610100,3,mpf.xianmylike.com/pf_zt/jlyan*
8ea8666648841dac6a778caae994b6af,1156610100,10,m.zxmryy.vip/zt/hm-ztzf/*
8ecdd2c5ab11c337cab09b9eb35cf5dd,1156610400,1,m.zxmryy.vip/zt/hm-xizhi/*
8ee18c87cdd7a3064c9440017129cea1,1156610100,12,m.xianhuamei.cn/zt/hm-wc/*
8ee43da84d561877a1b987b8158296db,1156610100,7,m.bgyestar.com/xa/x_xalxwys/*
8eef72cb4a8e3820bf39bf077d0512e9,1156610500,2,mpf.xianmylike.com/pf_zt/jlyan/*
8eef72cb4a8e3820bf39bf077d0512e9,1156610500,2,mpf.xianmylike.com/pf_zt/jlyan*
8f3d40ec852b87faf33e5f811d8f21d8,1156610100,12,m.xaylmr.vip/zt/hm-zx/*
8fdef9e81542f6cba0352bdedc14bd9a,1156610600,1,mzw.81885555.com/zw_ztzw/jlbi/*
90723a539e5f123ba23f7924750c6c37,1156610600,6,m.xamr.vip/zt/hm-wc/*
9085fb920290d1bc6d0ffaca306baf59,1156610100,3,mpf.xianmylike.com/pf_zt/jlyan/*
9085fb920290d1bc6d0ffaca306baf59,1156610100,3,mpf.xianmylike.com/pf_zt/jlyan*
908a3e9d6ee5f8ba9d33f011f3e64ea4,1156611000,15,m.beyestar.com//zt/yebbwys/*
909101baa4fac6236c765b37784b5fdb,1156610100,2,5g.yestarwzh.com//xa/x_list_yb/*
909d0b7078e3801e9eeab0f92b384e44,1156610100,15,m.zxmryy.vip/zt/hm-ztzf/*
90f1758a6112811e9adbae9ec7f24259,1156610500,1,mpf.xianmylike.com/pf_zt/jlyan/*
90f1758a6112811e9adbae9ec7f24259,1156610500,1,mpf.xianmylike.com/pf_zt/jlyan*
915df06f58f352b8859d691b5e05ac7c,1156610100,1,mpf.xianmylike.com/pf_zt/jlyan/*
915df06f58f352b8859d691b5e05ac7c,1156610100,1,mpf.xianmylike.com/pf_zt/jlyan*
9168a37e60100d4c0a9bfc6c3e313f4d,1156611000,14,m.zxmryy.vip/zt/hm-xbzx/*
91944bbb054f558fdeaf93e618047f0d,1156610100,1,m.beyestar.com//zt/yebbwys/*
91b672e9403bf184f7f48ae2324703ca,1156610500,4,mpf.xianmylike.com/pf_zt/jlyan/*
91b672e9403bf184f7f48ae2324703ca,1156610500,4,mpf.xianmylike.com/pf_zt/jlyan*
925d64a5e891bfdfd6d4c77d9dad9329,1156610100,2,m.xaylmr.vip/zt/hm-lb/*
93049e9f3453fe4c4f45b19c1a6fdb0f,1156610400,16,mzw.81885555.com/zw_ztzw/jlzwxz/*
9337e74833380a703f1f1e97700114c6,1156610800,7,m.xahmylmryy.vip/zt/hm-jfcz/*
934f971980ee945aa11aab9fecfde446,1156610500,6,mpf.xianmylike.com/pf_zt/jlyan/*
934f971980ee945aa11aab9fecfde446,1156610500,6,mpf.xianmylike.com/pf_zt/jlyan*
93570f35a573cadc8d541db0f99d6397,1156610100,1,m.yestarwzh.com/xa/x_yxxzjfxzt/*
9371e3acdee665d60d6652d8e56b13e1,1156610100,12,m.hmmr.vip/zt/hm-meibai/*
93a8ee3c477757ca6ef07989c339e057,1156610300,15,m.zxmryy.vip/zt/hm-lx/*
93f936a9d15e34d9d9b8e48c0517070d,1156610800,25,m.yestarwzh.com/zt/yxqubanx/*
944fb2302cebac425a69ac52dc52fe5c,1156610100,9,mpf.xianmylike.com/pf_zt/jlyan/*
944fb2302cebac425a69ac52dc52fe5c,1156610100,9,mpf.xianmylike.com/pf_zt/jlyan*
9486f7133870de7380393dc8da55d78a,1156610400,2,mpf.xianmylike.com/pf_zt/jlyan/*
9486f7133870de7380393dc8da55d78a,1156610400,2,mpf.xianmylike.com/pf_zt/jlyan*
94bd44f30da96ec5033172bb860152a4,1156610100,1,m.hmmr.vip/zt/hm-jfcz/*
9502cb4332e856c2fa2fe61ac07656ce,1156610100,9,m.xianhuamei.cn/zt/hm-wc/*
95121ee6044bb70db8f07637b69cbc71,1156610100,1,m.yestarwzh.com/xa/x_yxxzjfxzt/*
9533848bc4133d109e495f2c1b19623a,1156610100,1,m.xamr.vip/zt/hm-wc/*
9557eead0a9b4651549b091633b9038b,1156610300,1,m.xaylmr.vip/zt/hm-zx/*
9567cd2d25997aa1656d141ef553c461,1156610100,12,m.hmmr.vip/zt/hm-meibai/*
9567cd2d25997aa1656d141ef553c461,1156610100,7,mpf.xianmylike.com/pf_zt/jlyan/*
9567cd2d25997aa1656d141ef553c461,1156610100,7,mpf.xianmylike.com/pf_zt/jlyan*
95927d7eeba0687179e561ba609c9a4c,1156610400,1,m.yestarwzh.com/xa/x_yxxzjfxzt/*
96038972cfa23e66be24062d66a73f25,1156610100,3,m.xianhuamei.cn/zt/hm-wc/*
967ee0584bfa5a9ebbdab1b1acce0870,1156610100,7,mpf.xianmylike.com/pf_zt/jlyan/*
967ee0584bfa5a9ebbdab1b1acce0870,1156610100,7,mpf.xianmylike.com/pf_zt/jlyan*
968573bdd723410ef71b51082e1e2480,1156610500,16,m.xahmykyy.vip/zt/hm-xizhi/*
971b947a6b1fbbb3e453f3a7862e2172,1156610300,10,m.xaylmr.vip/zt/hm-lb/*
978b0cc932d32b06d9bb7c8bb948fea0,1156610300,6,mzw.81885555.com/zw_ztzw/jlbi/*
97a13ed9f7a02d8fcf4b269f81e52670,1156611000,1,m.xahmylmryy.vip/zt/hm-jfcz/*
97cd0d4b91c35ed92958b85dbdd0c13b,1156610300,1,m.xaylmr.vip/zt/hm-xizhi/*
98306452b39c72f26856f2c9450e92da,1156610300,3,m.xahmyy.cn/zt/hm-meibai*
9874e41a684392c61a1a7279e0cdaf0e,1156110000,3,m.xahmmr.vip/zt/hm-quban/*
987eb58219402f117d7c4e094c62bd06,1156610100,1,m.zxmryy.vip/zt/hm-lb/*
987eb58219402f117d7c4e094c62bd06,1156610100,12,m.xaylmr.vip/zt/hm-xizhi/*
987eb58219402f117d7c4e094c62bd06,1156610100,14,mzw.81885555.com/zw_ztzw/jlzwxz/*
98852a46ce5628fdbf0df3f7a5e75a51,1156610400,11,m.bgyestar.com/xa/x_xalxwys/*
98b2ae6811179f51e1526deeeb4040a3,1156610800,14,m.hmymyy.vip/zt/hm-quban/*
98f232485b42870119c35aa2c81e75e1,1156610100,9,m.hmmr.vip/zt/hm-meibai/*
9979fab45aa9f673d7983d95d6a89772,1156610100,11,m.xaylmr.vip/zt/hm-zx/*
997a437f9627b8a478af695f1998bf3c,1156610600,4,5g.xianmeho.com/zt1/syp/*
99dcf85adf0cdc546062dc895d90736d,1156610500,5,m.yestarwzh.com/zt/yxqubanx/*
9a2134b71114b48389aba8cd26578583,1156610300,15,m.zxmryy.vip/zt/hm-xbzx/*
9af72e0af873a55ff692e760703ca79f,1156640200,1,m.xahmylmryy.vip/zt/hm-jfcz/*
9b0d69d9d62b2eb47f1d862162e497be,1156610300,3,m.zxmryy.vip/zt/hm-xizhi/*
9b2bab0414b447f0ff3cd2c549801a80,1156610800,7,mpf.xianmylike.com/pf_zt/jlyan/*
9b2bab0414b447f0ff3cd2c549801a80,1156610800,7,mpf.xianmylike.com/pf_zt/jlyan*
9b5900da0780302175e00e21fd25e39f,1156611000,11,m.hmmr.vip/zt/hm-jfcz/*
9b7d1a376cf9144f5b597bf7f4727768,1156610500,1,m.beyestar.com//zt/yebbwys/*
9bed548c04a519f0331f1d210d8185b5,1156610100,14,3g.82306653.com/zhuanti/x_mxsyp/*
9bf53095a32364df7428639122dc44ad,1156610100,1,m.xahmyy.cn/zt/hm-meibai*
9c2d1c62270e74ff3f8eece19ad09bd4,1156610100,1,m.hmmr.vip/zt/hm-meibai/*
9c36af09b9af9cfdadf47527ca5ac431,1156610100,15,m.hmymyy.vip/zt/hm-quban/*
9cb9ce16e0f0c699ab0cfb7dcd70e9c4,1156610100,1,m.beyestar.com//zt/yebbwys/*
9cd5474d57ce31a59fab9bfdcd48df0a,1156610100,8,m.mrzxyy.cn/zt/hm-xizhi/*
9d56a0ed66437a519ab596550055ae64,1156610900,18,m.xaylmr.cn/zt/hm-syp/*
9d721284b1d2e3818f6148e3782e52be,1156610100,45,m.peixunwenxiu.com/*
9d948e0e56e960a996789e21ada8401b,1156610800,3,m.xianhuamei.cn/zt/hm-wc/*
9de32ba41a448f2108cb0481636c8dae,1156610100,1,mzw.81885555.com/zw_ztzw/jlzwxz/*
9dfaa3ac071b7151164afbf2442584cb,1156611000,7,mzw.81885555.com/zw_ztzw/newxzfy1/*
9e2e616a9a6e5b1f4cc6c7bac921a437,1156610500,10,m.yestarwzh.com/xa/x_yxxzjfxzt/*
9e7b8354eba4cba820377968ca374ea6,1156610100,14,m.xahmylmryy.vip/zt/hm-jfcz/*
9e7cb5691690a0c80af21d91f1b3b611,1156610500,8,mzw.81885555.com/zw_ztzw/jlbi/*
9e91c985de673d5b1486e6041efa1ba8,1156610400,2,mzw.81885555.com/zw_ztzw/jlzwxz/*
9e93660edb534abdd611dca7752236bc,1156610800,4,m.beyestar.com//zt/yebbwys/*
9e99e43cf4a82703c8eb6b3833e095d6,1156610500,2,mzx.81885555.cn/zw_ztzw/jlzhzw/*
9eb2d97c43570f9beee559107ef0d371,1156610100,1,mpf.xianmylike.com/pf_zt/jlyan/*
9eb2d97c43570f9beee559107ef0d371,1156610100,1,mpf.xianmylike.com/pf_zt/jlyan*
9f0087e3e6bacdb32b27261ee4784bc8,1156460100,1,m.xamr.vip/zt/hm-wc/*
9fb4908eaa581d3364fc9e4e57e54f6c,1156610100,8,mpf.xianmylike.com/pf_zt/jlyan/*
9fb4908eaa581d3364fc9e4e57e54f6c,1156610100,8,mpf.xianmylike.com/pf_zt/jlyan*
9ff67b6a2a1961560528ce6f5de96185,1156500000,11,mpf.xianmylike.com/pf_zt/jlyan/*
9ff67b6a2a1961560528ce6f5de96185,1156500000,11,mpf.xianmylike.com/pf_zt/jlyan*
a01534e17fb6b0e64e870fd08ec2b6d8,1156621000,2,mpf.xianmylike.com/pf_zt/jlyan/*
a01534e17fb6b0e64e870fd08ec2b6d8,1156621000,2,mpf.xianmylike.com/pf_zt/jlyan*
a05ef1a9785dc7211acb2ba7353d19de,1156610500,8,mzw.81885555.com/zw_ztzw/jlbi/*
a060c7059e0f432a7e44fa188ed3bacf,1156611000,13,mzw.81885555.com/zw_ztzw/jlzwxz/*
a077d7acca927454f88a1908b5c427b3,1156610100,3,m.xianmylike.cn/zw_ztzw/newjlyanbu/*
a079832cd0aba7d876dfffd74b7862bc,1156610100,21,m.yestarwzh.com/zt/yxqubanx/*
a0bfbfab1c5412f32febf3fe5870a431,1156610600,6,mzw.81885555.com/zw_ztzw/jlzwxz/*
a0f9daffcf04c0751919f16e54730a17,1156610500,6,m.yestarwzh.com/zt/yxqubanx/*
a12348e4b5b9927d3ef29205c0e398e9,1156610400,1,4g.xahmbyj.com/*
a147bed2183205ffd8a26d84cb4a286a,1156610700,8,m.beyestar.com//zt/yebbwys/*
a148e4a86237c0a5d8a08e5e28fbda48,1156610100,4,m.xianmylike.cn/ztwc/jlzhwc/*
a154cec4c342e2b80958e3c3fc2e28a0,1156610100,12,mzw.81885555.com/zw_ztzw/jlzwxz/*
a1d062b02859764d28ea850d25e0fbe2,1156611000,3,mzw.81885555.com/zw_ztzw/jlbi/*
a1f605014abcc5a4f8d8cc51ed14659c,1156610100,1,mzw.81885555.com/zw_ztzw/jlzwxz/*
a21dc86663c1941d1a27bcea4d454a5a,1156610100,12,m.hmmr.vip/zt/hm-meibai/*
a22b2cf30891a037ca46d26726973d75,1156610700,1,mzw.81885555.com/zw_ztzw/jlzwxz/*
a2abc2ff6dac732e8c8f2f2f470d77be,1156610100,2,m.hmmr.vip/zt/hm-jfcz/*
a2c49f042ab6069ccfa95f2caaaaf051,1156610600,10,mpf.xianmylike.com/pf_zt/jlyan/*
a2c49f042ab6069ccfa95f2caaaaf051,1156610600,10,mpf.xianmylike.com/pf_zt/jlyan*
a2e77ad94c9bfdebf9e4b1810444ac88,1156610100,6,mpf.xianmylike.com/pf_zt/jlyan/*
a2e77ad94c9bfdebf9e4b1810444ac88,1156610100,6,mpf.xianmylike.com/pf_zt/jlyan*
a3434c82c30d29f2e6e7ff7f1c2a7974,1156610400,1,mwc.xamylike.com/wc_zt/jlzhslz/*
a3e74d56673d195fe261a6dee389a3f1,1156610100,1,m.xanz120.com.cn/zhuanti/xin_qb/*
a42ac9d7f7487740f99fa1c697208827,1156610100,2,m.bgyestar.com/xa/x_xalxwys/*
a482e2c4e217e90822cf005d30ef2879,1156610100,1,m.yestarwzh.com/zt/yxqubanx/*
a4c60a5d0c62edb7ea89c614f2b36d47,1156610500,11,m.beyestar.com//zt/yebbwys/*
a50506301dee22f8fc3814add6751464,1156610100,3,m.xahmylmryy.com/zt/hm-jfcz/*
a5ac7d3e6e457e373b1491da99317aab,1156610100,12,m.huayi-mr.com/special/HYshoulianzhen/*
a5fd4e0de8dadb98183aecf3d23647ad,1156120000,2,mzw.81885555.com/zw_ztzw/jlbi/*
a6454bd5f1d143cc8e4e8aab43a0aa57,1156610400,9,5g.xalrv.com/zhuanti/wzx/swtbns/*
a6adc0a9a05880dde5c91dcde6fa5896,1156610200,4,m.zxmryy.vip/zt/hm-xizhi/*
a6d18bad78b9478f50fde2e1bc4bae6a,1156610100,10,mzw.81885555.com/zw_ztzw/jlbi/*
a70d8d60e8518033577ef98e0652610f,1156610100,13,m.beyestar.com//zt/yebbwys/*
a76350a32d5ef21d559d96dc252e6478,1156610400,1,mpf.xianmylike.com/pf_zt/jlyan/*
a76350a32d5ef21d559d96dc252e6478,1156610400,1,mpf.xianmylike.com/pf_zt/jlyan*
a8278048810f05cbc192993a500953ec,1156610900,16,m.xaylmr.cn/zt/hm-xizhi/*
a917d565ef6b36705bd38b7c3bb54366,1156610400,1,mpf.xianmylike.com/pf_zt/jlyan/*
a917d565ef6b36705bd38b7c3bb54366,1156610400,1,mpf.xianmylike.com/pf_zt/jlyan*
a95a4be48438b5b65a0595a89b9c209d,1156610100,14,m.xamr.vip/zt/hm-wc/*
aa3d7f800e4e626dfa3c6e59602d55c3,1156610100,8,m.hmmr.vip/zt/hm-meibai/*
aaae4906b26527ea663a5bdd9db0fe0a,1156610900,14,m.beyestar.com//zt/yebbwys/*
aac2846d5c6a17ee2298c1019f7dadfd,1156610500,10,mpf.xianmylike.com/pf_zt/jlyan/*
aac2846d5c6a17ee2298c1019f7dadfd,1156610500,10,mpf.xianmylike.com/pf_zt/jlyan*
aacd05466a74d20e2e7e790004694aaf,1156610100,1,m.yestarwzh.com/xa/x_yxxzjfxzt/*
aae459e2225709e2c1dc7b4a15aaacbd,1156610300,2,m.yestarwzh.com/zt/yxqubanx/*
ab80e69559bce94bb693d4d5a182451d,1156610100,19,m.yestarwzh.com/zt/yxqubanx/*
abb522fb8a1f3a46bf2e8b129613e797,1156610100,1,m.xamr.vip/zt/hm-wc/*
abd7e55c1d0fcfb9e8e701564bbee872,1156610100,1,mzw.81885555.com/zw_ztzw/jlbi/*
abfa501172dbfaf986e5554262a7dbe3,1156610100,3,mzw.81885555.com/zw_ztzw/jlzwxz/*
ac941be3364cb4beefc26f63c0bc115f,1156610400,12,m.zxmryy.vip/zt/hm-xbzx/*
ac97db343aebeb48ea8a45f39a704a9d,1156610300,10,m.hmmr.vip/zt/hm-meibai/*
ac9b039d1d2b942659cee3d09cb041ec,1156611000,2,mzw.81885555.com/zw_ztzw/jlbi/*
acc5aca58e088185e7f54c6e594cd26e,1156610400,2,m.clmini.com/*
ad1120d73386b7c65097cc92dd89c549,1156610100,1,mpf.xianmylike.com/pf_zt/jlyan/*
ad1120d73386b7c65097cc92dd89c549,1156610100,1,mpf.xianmylike.com/pf_zt/jlyan*
ad17a5dc50a08491a43d8ac4fb7f8664,1156610900,1,m.huayi-mr.net/zixun/zixun-boniaosuan.html*
ad768858015f23dc0d79d1aeae18fe62,1156610100,3,m.bgyestar.com/xa/x_xalxwys/*
ae67e30113321a0f79505dc27017e32d,1156610100,1,m.xamr.vip/zt/hm-wc/*
ae8cbb301f52eb7592fe6d3d4221a121,1156610100,8,5g.xalrv.com/zhuanti/wzx/swtbns/*
ae9cb9068d9ad90de215cb4c629de35b,1156610100,1,m.zxmryy.vip/zt/hm-lb/*
aebfee27d24d92c633ea31d380d9cf58,1156620400,2,mpf.xianmylike.com/pf_zt/jlyan/*
aebfee27d24d92c633ea31d380d9cf58,1156620400,2,mpf.xianmylike.com/pf_zt/jlyan*
aed15f238437abcefd934053c637d7e3,1156610500,1,mpf.xianmylike.com/pf_zt/jlyan/*
aed15f238437abcefd934053c637d7e3,1156610500,1,mpf.xianmylike.com/pf_zt/jlyan*
aed19a9f233b5ef823d86d534d4dcfe0,1156610100,1,mwc.xamylike.com/wc_zt/jlzhslz/*
aefaecf8f8128c6097a2453231523ee3,1156610100,7,m.xahmylmryy.vip/zt/hm-pf/*
af124497c055b2366fefbfcf4bcddbaf,1156610100,10,mpf.xianmylike.com/pf_zt/jlyan/*
af124497c055b2366fefbfcf4bcddbaf,1156610100,10,mpf.xianmylike.com/pf_zt/jlyan*
af24856ed08cf019417fec9f2a4fd319,1156611000,2,m.beyestar.com//zt/yebbwys/*
af3ed6509cf615e70d465d0e6d62a7a0,1156610700,3,m.xaylmr.vip/zt/hm-zx/*
af3f54d758c10c4929d54ab35d997494,1156610100,4,mpf.xianmylike.com/pf_zt/jlyan/*
af3f54d758c10c4929d54ab35d997494,1156610100,4,mpf.xianmylike.com/pf_zt/jlyan*
af9cc438926c1a7e74fbe18366fb2bc9,1156610500,8,mzw.81885555.com/zw_ztzw/jlbi/*
afacad6de36346eb622757b145b52258,1156330100,3,m.beyestar.com//zt/yebbwys/*
afad49c2d022a1a812f6bf3b2889dff4,1156610300,8,m.zxmryy.vip/zt/hm-lb/*
b0441cfe6d43bec2f485375168c47386,1156610500,13,mzw.81885555.com/zw_ztzw/jlzwxz/*
b054308d5bf7f8a73ea5a019855ca696,1156610800,19,4g.xahmbyj.com/*
b0dc53836d8e95b949c447158d46ecad,1156610100,1,m.xahmyy.cn/zt/hm-meibai*
b18bf105e12c9418fc0fd16f6425b5ee,1156610100,10,m.hmmr.vip/zt/hm-meibai/*
b19ce590556e2900f380ab3fb3a1d240,1156610500,2,mpf.xianmylike.com/pf_zt/jlyan/*
b19ce590556e2900f380ab3fb3a1d240,1156610500,2,mpf.xianmylike.com/pf_zt/jlyan*
b1a707fd55f3f3ad900f7de7cc38d8d1,1156610400,2,mzw.81885555.com/zw_ztzw/jlzwxz/*
b1ac98e6bc8d1c3680bb7c2092033e21,1156610100,2,m.hmymyy.vip/zt/hm-quban/*
b1c79cfd903fdd1e802142e75ff34589,1156610100,14,m.xaylmr.vip/zt/hm-lb/*
b1ebddd9e81fa8861316a053080800c2,1156610300,14,mzw.81885555.com/zw_ztzw/jlzwxz/*
b1fc030d7c32999fa3d49b1ff58f675b,1156640200,14,m.xaylmr.cn/zt/hm-xizhi/*
b25aa69193104ac969bb41d21864d495,1156610200,1,m.yestarwzh.com/xa/x_yxxzjfxzt/*
b261485b1a722c110bba4720a1ea8b92,1156610100,2,mzx.81885555.cn/zw_ztzw/jlzhzw/*
b269b88dc0480df20413d4232170c603,1156610400,8,m.xahmmr.vip/zt/hm-quban/*
b2dc30aa16f0ba875607b7813f8c39bd,1156610100,11,m.xahmylmryy.vip/zt/hm-pf/*
b2fff804296b7ed07685067fe329a3e3,1156610100,12,m.bgyestar.com/xa/x_xalxwys/*
b330a8e3d1dd41ebe95d71a248994517,1156610100,16,m.xahmmr.vip/zt/hm-quban/*
b335e1ce554121021e33b7d48896e917,1156610100,16,m.hmymyy.vip/zt/hm-pm/*
b349aee514b38a92b085a65bce8b8a1a,1156610100,11,m.xahmylmryy.vip/zt/hm-meibai/*
b35cf5c082dd16981c5fc6a7cb994065,1156330200,10,m.xahmykyy.vip/zt/hm-xizhi/*
b37a38368c757f07033331eb9a30a3e5,1156610300,11,4g.xahmbyj.com/*
b37bdbd1f10d36e05cbac523973e13b8,1156610700,1,m.xianmylike.cn/ztwc/jlzhwc/*
b3a5d33d2710fee2bac4235e4db47101,1156610100,1,mwc.xamylike.com/wc_zt/jlzhslz/*
b3d194b27d46570efb31379a3bc26116,1156610100,12,m.hmmr.vip/zt/hm-meibai/*
b3dce30a929dbdae82b31ee65078af20,1156610500,11,m.xahmylmryy.com/zt/hm-jfcz/*
b42b1e58d170f9cfb39eed533cbaaf63,1156610500,1,mpf.xianmylike.com/pf_zt/jlyan/*
b42b1e58d170f9cfb39eed533cbaaf63,1156610500,1,mpf.xianmylike.com/pf_zt/jlyan*
b4354e9dd06fff3b96f8f3cebf30ae0c,1156610900,10,m.xahmylmryy.com/zt/hm-jfcz/*
b46aa600a6b652d83c944c2b36054211,1156610500,5,m.hmymyy.vip/zt/hm-jfcz/*
b49039a1d2db202774090edccb1e127d,1156610500,1,mzx.81885555.cn/zw_ztzw/jlzhzw/*
b49039a1d2db202774090edccb1e127d,1156610500,11,m.xaylmr.cn/zt/hm-xizhi/*
b4a8698a135631b3d2112adffecc971d,1156610100,1,m.xamr.vip/zt/hm-slz/*
b4fa977bc300ddea0078aac7f085d7ec,1156500000,1,m.xaylmr.cn/zt/hm-ztzf/*
b534798999b7ab0407e4e60540b6d259,1156611000,9,m.xahmyy.cn/zt/hm-meibai*
b53be64e994e16a27fa8caad461c4233,1156610100,4,5g.yestarwzh.com//xa/x_list_yb/*
b55b833acea916dbf0364c41d4c7c0a2,1156610500,2,mzx.81885555.cn/zw_ztzw/jlzhzw/*
b6d0f5b6d86c2a5cd3a43724f0f456f4,1156610100,10,mwc.xamylike.com/wc_zt/jlzhslz/*
b6d0f5b6d86c2a5cd3a43724f0f456f4,1156610100,16,m.xamr.vip/zt/hm-slz/*
b6d1a22659d015a9b5a288a60fbb2eff,1156610100,1,m.xanz120.com.cn/zhuanti/xin_njh/*
b6e58f31e380170b4cc11d1abbe36a49,1156610300,23,m.yestarwzh.com/zt/yxqubanx/*
b6e69329ff5ef22f4c047c5dd8f2187b,1156510500,2,mpf.xianmylike.com/pf_zt/jlyan/*
b6e69329ff5ef22f4c047c5dd8f2187b,1156510500,2,mpf.xianmylike.com/pf_zt/jlyan*
b6f475bc8345c1ca374d4e9e0c752981,1156611000,8,mzw.81885555.com/zw_ztzw/jlzwxz/*
b70ae863f422e9d8b640905deb04797d,1156610900,3,m.xaylmr.vip/zt/hm-xizhi/*
b72c06ded91b3f8f51b4acddb7da3bee,1156610100,9,mzw.81885555.com/zw_ztzw/jlbi/*
b76c168283d6e34e6ae1ada8ae6191b3,1156610300,5,m.yestarwzh.com/zt/yxqubanx/*
b8400b5437e8579a7fdbcd6db9d63385,1156610500,10,4g.aifenka.cn/*
b860fe60804ecc0b1276f1c2d11c0c3e,1156610100,14,m.zxmryy.vip/zt/hm-lb/*
b8e6cb1c8af11dcb5408045c5c2d4d99,1156610500,6,m.xahmmr.vip/zt/hm-quban/*
b8f5a15feb6ff710bbcb3501efe336d0,1156611000,10,mpf.xianmylike.com/pf_zt/jlyan/*
b8f5a15feb6ff710bbcb3501efe336d0,1156611000,10,mpf.xianmylike.com/pf_zt/jlyan*
b905c7788e93687b3eeddaa2222d5858,1156610100,10,m.huayi-mr.net/special/HYshoushensuxing/*
b9513d50e243716799445d37a0d4e8ef,1156610100,12,5g.yestarwzh.com//xa/x_list_yb/*
b99f17c7009dbe72d593111ea8666819,1156610400,1,m.yestarwzh.com/zt/yxqubanx/*
b9cb7e50329a0916f4cf26b7963b2bf4,1156610100,1,m.beyestar.com//zt/yebbwys/*
b9d27d34b5aed1839cee2b3a031341a0,1156610100,2,m.clmini.com/*
ba12ff4bcfbae686d6107eff18e8eb5f,1156610900,24,m.yestarwzh.com/zt/yxqubanx/*
ba589165c639bcb625679f1c2214cd9b,1156610100,3,m.beyestar.com//zt/yebbwys/*
ba7b08000ee37ddf3a012cbb8f122047,1156610100,1,m.huayi-mr.net/zixun/zixun-boniaosuan.html*
ba7b08000ee37ddf3a012cbb8f122047,1156610100,2,mzw.81885555.com/zw_ztzw/jlzwxz/*
ba8a381736c6d4f94a8e09e09fa6aa9a,1156610100,2,m.xahmmr.vip/zt/hm-quban/*
bac9509f17e18d1064b0322ac24c09a7,1156611000,21,m.yestarwzh.com/zt/yxqubanx/*
bacddab23339dc91ae2c316cc075fa06,1156610100,7,5g.xalrv.com/zhuanti/wzx/swtbns/*
bb3cd4462387a45f005df2e421a01415,1156610100,4,mpf.xianmylike.com/pf_zt/jlyan/*
bb3cd4462387a45f005df2e421a01415,1156610100,4,mpf.xianmylike.com/pf_zt/jlyan*
bb78fb66ebd08ebada03e96bb7e0743e,1156610700,1,mpf.xianmylike.com/pf_zt/jlyan/*
bb78fb66ebd08ebada03e96bb7e0743e,1156610700,1,mpf.xianmylike.com/pf_zt/jlyan*
bbab85ff64c88f76c5a1c471e355420a,1156610400,7,mpf.xianmylike.com/pf_zt/jlyan/*
bbab85ff64c88f76c5a1c471e355420a,1156610400,26,m.yestarwzh.com/zt/yxqubanx/*
bbab85ff64c88f76c5a1c471e355420a,1156610400,7,mpf.xianmylike.com/pf_zt/jlyan*
bbd8d5eeb743e0c27ccde099a90fdb4f,1156610100,15,m.xahmylmryy.vip/zt/hm-meibai/*
bc0568aec3b7d16eb95131083945db60,1156440100,5,5g.xianmeho.com/zt1/syp/*
bc93c32af147a4789c4b71d642e0d250,1156610100,9,4g.xahmbyj.com/*
bcc4414217350473fd53a3b4937c963a,1156610500,3,m.xahmyy.cn/zt/hm-meibai*
bcc4414217350473fd53a3b4937c963a,1156610500,6,m.xahmylmryy.vip/zt/hm-meibai/*
bcd0f77c34075c33e8b310229416ce30,1156610100,9,m.xahmmr.vip/zt/hm-quban/*
bd1b811d3ce0dc95604281749ac312ec,1156610700,1,mzw.81885555.com/zw_ztzw/jlzwxz/*
bd2f9b3494ad65d3ed76e5c39879da12,1156511900,14,m.hmymyy.vip/zt/hm-quban/*
bd86e35cc4bf639d8400afa75683b121,1156610600,2,m.xaylmr.vip/zt/hm-lb/*
bd86e35cc4bf639d8400afa75683b121,1156610600,11,m.xahmykyy.vip/zt/hm-xizhi/*
bd86e35cc4bf639d8400afa75683b121,1156610600,15,m.mrzxyy.cn/zt/hm-xizhi/*
bd86e35cc4bf639d8400afa75683b121,1156610600,3,m.zxmryy.vip/zt/hm-ztzf/*
bdb355eb3691aad39eb6e8d2d84b045e,1156610100,9,m.xaylmr.vip/zt/hm-lb/*
bdb355eb3691aad39eb6e8d2d84b045e,1156610100,5,mzw.81885555.com/zw_ztzw/jlbi/*
bdb355eb3691aad39eb6e8d2d84b045e,1156610100,7,mpf.xianmylike.com/pf_zt/jlyan/*
bdb355eb3691aad39eb6e8d2d84b045e,1156610100,7,mpf.xianmylike.com/pf_zt/jlyan*
bdc314f8817da5758ecfb9b470d83fc6,1156610300,1,m.xahmylmryy.com/zt/hm-jfcz/*
bdc7de114ead1727adaeba5973f6bfdc,1156610100,52,4g.xahmbyj.com/*
bdc7de114ead1727adaeba5973f6bfdc,1156610100,75,4g.szreine.com/*
bdef6668878ef8d8165ff1e52bfe4312,1156610100,12,m.yestarwzh.com/xa/x_yeslz/*
be2e3d23a49fc78f34a836a992c184f2,1156610100,3,m.zxmryy.vip/zt/hm-xizhi/*
be35ab8b5c7ddc6862eed2a859246df6,1156610100,27,5g.yestarwzh.com//xa/x_list_yb/*
be6703e49fd09b9c9dc8817c52945b6b,1156610100,1,mpf.xianmylike.com/pf_zt/jlyan/*
be6703e49fd09b9c9dc8817c52945b6b,1156610100,1,mpf.xianmylike.com/pf_zt/jlyan*
bf6b47a2c11bea7bcdc0d1211d786dd8,1156610900,2,m.beyestar.com//zt/yebbwys/*
c05d77203d1c463187bfede60d0be1f0,1156610800,1,mzx.81885555.cn/zw_ztzw/jlzhzw/*
c07e5cd1d676b324dd8942002b044519,1156610100,12,m.beyestar.com//zt/yebbwys/*
c0952bba196d0f996b199f7485f7c4b2,1156610500,3,mzw.81885555.com/zw_ztzw/jlzwxz/*
c0988fc5a2ff0b3c744fb5d168a041d7,1156610100,3,m.hmymyy.vip/zt/hm-quban/*
c0bc46b8805b47a2c886c22836049509,1156610300,6,m.bgyestar.com/xa/x_xalxwys/*
c1416ded1f5f6964c91923ffdb35cded,1156610900,10,m.xahmykyy.vip/zt/hm-xizhi/*
c15f5ae3f5510066474e265baa34ac4b,1156610100,8,m.peixunwenxiu.com/*
c1941b565a1db350d227e322a286175b,1156610100,9,mpf.xianmylike.com/pf_zt/jlyan/*
c1941b565a1db350d227e322a286175b,1156610100,9,mpf.xianmylike.com/pf_zt/jlyan*
c1954e8ed8453759777dce51f507baa4,1156610100,1,mzx.81885555.cn/zw_ztzw/jlzhzw/*
c1b66d47214a1c9e597eaf578dbb2b83,1156610100,7,m.hmymyy.vip/zt/hm-jfcz/*
c20a9b93efabff84e023564941421cfd,1156610100,3,m.xamr.vip/zt/hm-slz/*
c2406a8ea151fd94ac3ae96a496ae33c,1156610300,13,m.xahmylmryy.vip/zt/hm-jfcz/*
c2694697c3c2bd6d62b1b67c87e6481c,1156610900,1,mwc.xamylike.com/wc_zt/jlzhslz/*
c29c08c1d0906e823d4c1798d8c46f67,1156410700,1,m.xahmylmryy.vip/zt/hm-pf/*
c2e08c0b4c97cf0301095e601999b764,1156610500,1,mzx.81885555.cn/zw_ztzw/jlzhzw/*
c2e08c0b4c97cf0301095e601999b764,1156610500,14,m.zxmryy.vip/zt/hm-lb/*
c31b57871628077c9d8471b450d9e08c,1156610100,9,mpf.xianmylike.com/pf_zt/jlyan/*
c31b57871628077c9d8471b450d9e08c,1156610100,9,mpf.xianmylike.com/pf_zt/jlyan*
c32af6949908e42339693401baec5fb8,1156610100,2,mzw.81885555.com/zw_ztzw/jlzwxz/*
c34e1ca95ed9fbaa68e76ab1fd620d73,1156610100,24,m.yestarwzh.com/zt/yxqubanx/*
c388d7b27a909bf8e029d9bad4d7be60,1156610700,1,5g.xianmeho.com/zt1/syp/*
c3cf52f94a81fbbf9831cd8078bd90ee,1156610400,11,5g.xalrv.com/zhuanti/wzx/swtbns/*
c3db1a57cf462188982dfa492011e7a8,1156610100,1,mpf.xianmylike.com/pf_zt/jlyan/*
c3db1a57cf462188982dfa492011e7a8,1156610100,1,mpf.xianmylike.com/pf_zt/jlyan*
c463894d5cdd9f33f2eb9274a2d291f0,1156610800,2,m.hmmr.vip/zt/hm-meibai/*
c463894d5cdd9f33f2eb9274a2d291f0,1156610800,3,m.hmymyy.vip/zt/hm-quban/*
c474efcbdc2e4553a9fb4b9d78d51fb0,1156610100,2,mpf.xianmylike.com/pf_zt/jlyan/*
c474efcbdc2e4553a9fb4b9d78d51fb0,1156610100,2,mpf.xianmylike.com/pf_zt/jlyan*
c4c8440b81ef1ff4a84ff004277d8a04,1156610800,2,m.hmmr.vip/zt/hm-jfcz/*
c5040ab861942c4cad5a81ce6094f124,1156610900,5,m.huayi-mr.com/special/HYshoulianzhen/*
c58b2a7b3e5cdfb074c2bc9dd7637628,1156610700,1,mpf.xianmylike.com/pf_zt/jlyan/*
c58b2a7b3e5cdfb074c2bc9dd7637628,1156610700,1,mpf.xianmylike.com/pf_zt/jlyan*
c5b8535c4ffe7b53fd0be038f241d20b,1156610800,1,mpf.xianmylike.com/pf_zt/jlyan/*
c5b8535c4ffe7b53fd0be038f241d20b,1156610800,1,mpf.xianmylike.com/pf_zt/jlyan*
c5ef18cdb0d75168ce63f5a1a04b444b,1156610100,8,mpf.xianmylike.com/pf_zt/jlyan/*
c5ef18cdb0d75168ce63f5a1a04b444b,1156610100,8,mpf.xianmylike.com/pf_zt/jlyan*
c60b7a3a3b668ae45ff5646f32dfa9c1,1156610100,3,m.zxmryy.vip/zt/hm-xizhi/*
c62def168266cd810cf3089577d735b2,1156610600,10,m.xafx.vip/zt/dym-zxxm01*
c62def168266cd810cf3089577d735b2,1156610600,32,mzmeiye.cn/*
c672b431a360a29c9874ae421add30ad,1156610800,9,m.hmmr.vip/zt/hm-jfcz/*
c673043fdf7f5a45b20d62d923899780,1156610100,14,m.xahmyy.cn/zt/hm-meibai*
c6c8d1b4cd55d5048d5de44e2e332684,1156610400,1,m.xafx.vip/zt/hm-ztzf/*
c6d4404e68b8cf4d5b20cd0f0a20b1de,1156610700,9,mzx.81885555.cn/zw_ztzw/jlzhzw/*
c6fd57949e4ae297c28fe27c47c5fb14,1156610100,8,m.yestarwzh.com/xa/x_yxxzjfxzt/*
c70e76de69d24070caa5f5725e371565,1156411400,4,m.xafx.vip/zt/hm-ztzf/*
c72d77f65c9e2e342c42502a8ff33502,1156610100,1,m.zxmryy.vip/zt/hm-xizhi/*
c74964607d8f12ac9d7ab5b294050252,1156610100,2,m.zxmryy.vip/zt/hm-ztzf/*
c7d542b75865aa8b2cc5703d267d2542,1156610800,2,m.yestarwzh.com/zt/yxqubanx/*
c7de8c89939df62d3f4b60b3fcf128f7,1156610300,5,m.xianmylike.cn/zw_ztzw/newjlyanbu/*
c8052592cd3333d26ae5b666d7f178d5,1156610400,8,m.xahmyy.cn/zt/hm-meibai*
c8052592cd3333d26ae5b666d7f178d5,1156610400,12,m.xahmylmryy.vip/zt/hm-meibai/*
c8282fc2b0ce34d1cbfe05cca66d86f9,1156610100,11,m.xahmyy.cn/zt/hm-meibai*
c82a798b06ae6e799b522810a3d89e21,1156610100,2,m.xahmyy.cn/zt/hm-meibai*
c84faa72b1f1161fa217e2beaf656168,1156610400,4,m.xaylmr.vip/zt/hm-lb/*
c8ad182821b38e9ed6be397345fef557,1156610100,2,mzw.81885555.com/zw_ztzw/jlbi/*
c8be274e980b7543e766d799e60c0273,1156610500,48,4g.xahmbyj.com/*
c8f48172c278a77f20dfd5faa38633ec,1156610100,1,mzx.81885555.cn/zw_ztzw/jlzhzw/*
c9098d1da9caa4f6cc53d364f4cfe6e6,1156610100,2,m.yestarwzh.com/xa/x_yeslz/*
c93257cd86ce467262168474df482028,1156610100,1,m.xaylmr.vip/zt/hm-zx/*
c93257cd86ce467262168474df482028,1156610100,30,mzmeiye.cn/*
c93426077311eeeb4694cf388fdce95d,1156610800,10,m.hmymyy.vip/zt/hm-jfcz/*
c97e933bf98bb634bfa2e8ca92351a16,1156610100,1,mpf.xianmylike.com/pf_zt/jlyan/*
c97e933bf98bb634bfa2e8ca92351a16,1156610100,1,mpf.xianmylike.com/pf_zt/jlyan*
c9be56cc2bf52321538066476a91de1d,1156610600,1,m.xianmylike.cn/ztwc/jlzhwc/*
c9d44d9fb67fc7be2748b3c5ed5fe25c,1156610100,10,m.hmymyy.vip/zt/hm-jfcz/*
c9f735f542bb6de0cf5e83ee03aa7376,1156610700,3,m.xahmylmryy.vip/zt/hm-meibai/*
c9f878c2e97427bbd992b45616e08383,1156610300,13,m.beyestar.com//zt/yebbwys/*
ca7a30311ef86f9e75bb322db211ffc6,1156610100,20,m.yestarwzh.com/zt/yxqubanx/*
cb4c18615e05bedad5a1db781b0aa3c1,1156610100,2,m.yestarwzh.com/xa/x_yxxzjfxzt/*
cb619cb6b013dba6e9131410d91b6957,1156610500,2,m.xamr.vip/zt/hm-wc/*
cbe0acee07ac096c6bd19fb00111b83a,1156610100,2,mzw.81885555.com/zw_ztzw/jlzwxz/*
cc264216de66d77d592675e4f516bad2,1156610100,8,m.beyestar.com//zt/yebbwys/*
cc30594b2b28705e7d076c22ea9b8152,1156610100,10,m.xamr.vip/zt/hm-slz/*
cc3696a27cd45dbda1012b9c4aaaf536,1156610300,20,5g.yestarwzh.com//xa/x_list_yb/*
cc80622a0c631c9c4675797f45d42561,1156610900,2,m.xaylmr.vip/zt/hm-zx/*
ccad6b408de506fcede5cf8600b81616,1156610100,15,m.xaylmr.vip/zt/hm-zx/*
ccc5edb4b43313dcd5c08ef5851b83d9,1156610100,7,m.xaylmr.cn/zt/hm-xizhi/*
cd1fea8cdf60f731af5a1919d68876ed,1156610100,12,m.xahmylmryy.com/zt/hm-jfcz/*
cd241e07ab5f085429ff657dea0885b5,1156610100,3,4g.xahmbyj.com/*
cdd709b44b50362355309d099df65be3,1156610100,1,m.xaylmr.vip/zt/hm-zx/*
ceb6c4fa2003abbd948fe43c325bb20f,1156610100,12,m.beyestar.com//zt/yebbwys/*
cec8487d013a02d6b4b1adba0a476685,1156611000,1,m.huayi-mr.net/zixun/zixun-boniaosuan.html*
cecca2123f5d4db0a60d58a84a85b704,1156610500,12,m.xahmylmryy.com/zt/hm-jfcz/*
cef4bd23addf88d1b7aca7c5e1be3992,1156610100,1,m.zxmryy.vip/zt/hm-xizhi/*
cf2153e07f93756da750b719634d8b92,1156610100,7,mzw.81885555.com/zw_ztzw/jlbi/*
cf92db364c5cb24655ad720a1f7baaa2,1156610500,2,m.zxmryy.vip/zt/hm-lx/*
cfcd208495d565ef66e7dff9f98764da,1156610100,1,5g.yestarwzh.com//xa/x_list_yb/*
cfcd208495d565ef66e7dff9f98764da,1156610600,6,m.hmymyy.vip/zt/hm-jfcz/*
d04bf7536100809bc5465299aedaa519,1156611000,2,m.hmymyy.vip/zt/hm-jfcz/*
d0547dfabfc7f36d75697572c0e571be,1156610100,1,m.hmymyy.vip/zt/hm-jfcz/*
d06dfe35bb3e7a9809af97d41e8a6f05,1156610400,10,mwc.xamylike.com/wc_zt/jlzhslz/*
d07bc03e033af8b3d586fb241a0e515d,1156610400,6,m.xahmylmryy.com/zt/hm-jfcz/*
d0c51d60b6403b566728b6dfc4ee118a,1156610600,9,m.xamr.vip/zt/hm-wc/*
d0edfba4fbe382bfba62e84cdbc3c434,1156611000,3,5g.yestarwzh.com//xa/x_list_yb/*
d0edfba4fbe382bfba62e84cdbc3c434,1156611000,3,mzw.81885555.com/zw_ztzw/jlbi/*
d0edfba4fbe382bfba62e84cdbc3c434,1156611000,13,4g.xahmbyj.com/*
d0f0a1ce37530f13d4a1d09d5ec975c9,1156610900,3,m.bgyestar.com/xa/x_xalxwys/*
d120dc1bb4d9b94a09dc31fca5a46fc9,1156610300,5,mzw.81885555.com/zw_ztzw/jlzwxz/*
d15421b2f83a722a04cdca49d730397b,1156610100,9,mpf.xianmylike.com/pf_zt/jlyan/*
d15421b2f83a722a04cdca49d730397b,1156610100,9,mpf.xianmylike.com/pf_zt/jlyan*
d198c71a9cb1c2449ad97c3d3dc6fd72,1156611000,2,mzw.81885555.com/zw_ztzw/jlzwxz/*
d1c334bd33f7d785c5e21042715d7642,1156610300,3,5g.yestarwzh.com//xa/x_list_yb/*
d1cd877e0cde7893dc9061fd2d34ed92,1156610400,3,m.xahmmr.vip/zt/hm-quban/*
d1e408831429077cf4fbb6347ade2a53,1156610100,1,m.xahmmr.vip/zt/hm-quban/*
d217150a1a195ae724789fe92913ef1c,1156610100,2,mzx.81885555.cn/zw_ztzw/jlzhzw/*
d2453f78225ba70264cb8d629bd5780d,1156610100,2,m.xahmmr.vip/zt/hm-quban/*
d2d97b9f49e8b18c359dfeb227732a7c,1156610100,26,m.yestarwzh.com/zt/yxqubanx/*
d336650e5258cbbca94a00832db48f9d,1156610100,10,5g.xalrv.com/zhuanti/wzx/swtbns/*
d336650e5258cbbca94a00832db48f9d,1156610100,6,mzmeiye.cn/*
d39312d7d64ceff1cd9f92922c4cee3e,1156610400,1,m.xaylmr.cn/zt/hm-syp/*
d3b24834c305d33bc9e824fbd21fa4e7,1156610100,17,m.xahmykyy.vip/zt/hm-xizhi/*
d3e0dc28b6afead91f8ce7c37df24e27,1156610500,5,m.zxmryy.vip/zt/hm-lb/*
d3e5c6ecfeea5c57d08010a02554f915,1156610600,14,m.hmymyy.vip/zt/hm-quban/*
d401415c601a9739ca62f99c31d558f2,1156610100,3,m.yestarwzh.com/zt/yxqubanx/*
d40f3f3a56643e674c775594a124b5a8,1156610400,11,mpf.xianmylike.com/pf_zt/jlyan/*
d40f3f3a56643e674c775594a124b5a8,1156610400,11,mpf.xianmylike.com/pf_zt/jlyan*
d471760267da098fe79dc16a86df03a5,1156611000,9,m.xianmylike.cn/zw_ztzw/newjlyanbu/*
d47613ab94d71362dead9c80e96caa3e,1156610900,6,mzw.81885555.com/zw_ztzw/jlbi/*
d4aa48ff2854d4397202631bd711a8a8,1156610100,1,mzw.81885555.com/zw_ztzw/jlzwxz/*
d4db1ff1f25eb5d78520ca0431b7ad33,1156610100,3,m.xahmmr.vip/zt/hm-quban/*
d5a03ad77a0d55f9ef2ee86bbd05a6d6,1156610100,17,m.yestarwzh.com/zt/yxqubanx/*
d6158594ed3632df62a2bd41ab56d2c7,1156610500,3,m.beyestar.com//zt/yebbwys/*
d61914c9779b3d9210a65bf1b0dd349d,1156610100,2,m.yestarwzh.com/xa/x_yxxzjfxzt/*
d61914c9779b3d9210a65bf1b0dd349d,1156610100,1,5g.xalrv.com/zhuanti/xizhi/xizhi_swt/*
d63cdbabdb6365f8fc2f7aa0ab728b03,1156610100,8,m.xaylmr.vip/zt/hm-zx/*
d640368ceef4dbfa279d8789fb367e29,1156610100,29,5g.yestarwzh.com//xa/x_list_yb/*
d67422dcde4a61b50f3ba6a3bf276eae,1156620100,3,m.hmmr.vip/zt/hm-meibai/*
d675acba06f3fc576f80d0fceeb6ad23,1156610300,1,m.xaylmr.vip/zt/hm-zx/*
d748ba6aa3127b3a4c9eb6149e7990d8,1156610100,1,4g.xahmbyj.com/*
d798f032846bdfd0c0dd423132c596e8,1156610600,11,m.xaylmr.vip/zt/hm-zx/*
d8165f90f4d1422371f7757edae72891,1156610700,14,m.xahmykyy.vip/zt/hm-xizhi/*
d8188bf11f07522b4b08279b31511bd1,1156110000,9,5g.xalrv.com/zhuanti/xizhi/ziti_swt/*
d875adc5cd9e61787b4cd0bc81b2c1ab,1156350700,17,m.hmmr.vip/zt/hm-meibai/*
d8a712b5cd556d0d6463569118d1f6e2,1156610100,21,m.yestarwzh.com/zt/yxqubanx/*
d8d13670df251333a8e8b8011082733a,1156610100,1,m.zxmryy.vip/zt/hm-xizhi/*
d8d430f8d90d68930f2c52f584f86940,1156610100,7,mpf.xianmylike.com/pf_zt/jlyan/*
d8d430f8d90d68930f2c52f584f86940,1156610100,24,m.yestarwzh.com/zt/yxqubanx/*
d8d430f8d90d68930f2c52f584f86940,1156610100,7,mpf.xianmylike.com/pf_zt/jlyan*
d8f4454461479dd7f24e8f1126745a6a,1156610600,15,m.beyestar.com//zt/yebbwys/*
d95c31e4d7e61dcbb104d2bbb2d5c936,1156610100,9,5g.xalrv.com/zhuanti/wzx/swtbns/*
d9e5e5c28bd8d7d4101c94a75b7ca248,1156610100,23,m.yestarwzh.com/zt/yxqubanx/*
da1f35ab8ff532acb4f107329335eb60,1156610100,31,5g.yestarwzh.com//xa/x_list_yb/*
dad1c3e2a1420ad9ece4226849b073e0,1156610100,49,m.huayi-mr.net/special/hy-shuangyanpi/*
daf11e9b3f5139f372d525050b381301,1156610400,15,m.xaylmr.vip/zt/hm-xizhi/*
daf11e9b3f5139f372d525050b381301,1156610400,13,mzw.81885555.com/zw_ztzw/jlzwxz/*
db089c711dec33c3e536f09e48c769d1,1156610300,2,m.beyestar.com//zt/yebbwys/*
db4b4a14a623e4bd7752c908cdfecff2,1156610400,5,m.peixunwenxiu.com/*
db88781b2dbf185ce4a26840e5f15f42,1156610900,14,m.xaylmr.vip/zt/hm-zx/*
db8ee3724a2f20289604ab4772c5fde6,1156610100,11,m.xahmykyy.vip/zt/hm-xizhi/*
dbc0e8c0a52242eb0464a6041488c79c,1156610400,2,m.yestarwzh.com/zt/yxqubanx/*
dbee2c579b6affeac2f83f5b00731f65,1156610500,21,m.yestarwzh.com/zt/yxqubanx/*
dcd6f848757f9bf7beca98f64027ad41,1156610800,1,mzx.81885555.cn/zw_ztzw/jlzhzw/*
dd601ffbb10ecdf49c80d78ae5cc59d7,1156611000,2,m.xahmyy.cn/zt/hm-meibai*
de399c115c0c789082ae5fdfb7929dfa,1156610100,1,m.zxmryy.vip/zt/hm-lb/*
de756436bd8aab5d54f28cf7a6e19f97,1156610100,27,m.yestarwzh.com/zt/yxqubanx/*
de8f5c567a8ada8171499b4a60e4b8c1,1156610100,1,m.xamr.vip/zt/hm-slz/*
dea1aca1fe46cdbf078e971df7a41b20,1156610800,2,mwc.xamylike.com/wc_zt/jlzhslz/*
df064dc37b91a3f841cb5328fc2d8b66,1156611000,4,mzw.81885555.com/zw_ztzw/jlbi/*
df06e025d42ef80686eb5ffae36cf98d,1156610100,2,m.beyestar.com//zt/yebbwys/*
df7eb3b547203439e18aaf35214d18dd,1156610100,13,m.hmmr.vip/zt/hm-meibai/*
dfb6ec586d10308e10720e927e96cb7e,1156610100,11,mzw.81885555.com/zw_ztzw/jlzwxz/*
dfb799bc5c9257ac11da95d1ff2f0d55,1156610600,9,m.xamr.vip/zt/hm-wc/*
e0017fc881dd6c5eb660b4da4fa5544d,1156610900,6,mzw.81885555.com/zw_ztzw/jlzwxz/*
e03909161bf6aa3739208f404d2811d9,1156610100,10,mpf.xianmylike.com/pf_zt/jlyan/*
e03909161bf6aa3739208f404d2811d9,1156610100,10,mpf.xianmylike.com/pf_zt/jlyan*
e0da3fceb44b97480f4bd3bd9e65613b,1156610100,14,m.xaylmr.cn/zt/hm-syp/*
e0da3fceb44b97480f4bd3bd9e65613b,1156610100,1,m.beyestar.com//zt/yebbwys/*
e1534092d6e426234e1e5dc1e95ecfaf,1156610100,2,m.yestarwzh.com/zt/yxqubanx/*
e16272930d20b0c60f7d53fdbc98782e,1156610400,2,m.xianmylike.cn/ztwc/jlzhwc/*
e1686847c76275409bcb05b8766ff210,1156610900,1,mzx.81885555.cn/zw_ztzw/jlzhzw/*
e1b8a2f1bb459d28836b59d87cf262ad,1156610100,2,m.xahmylmryy.vip/zt/hm-pf/*
e1c68a96427b421e63a9657d865a8f9b,1156610800,14,mzw.81885555.com/zw_ztzw/jlzwxz/*
e1d7c6848db91a5d094d4c3092541533,1156610100,10,m.zxmryy.vip/zt/hm-lb/*
e1dc48ecf3020fed6ffdcea335fcb0d3,1156610100,2,m.yestarwzh.com/xa/x_yemb/*
e2111c0687c5e70f60fccc2f1c3cc7b3,1156610900,1,m.hmmr.vip/zt/hm-meibai/*
e21f727e9e897688f43d1c01d79440f5,1156610100,2,mzw.81885555.com/zw_ztzw/jlzwxz/*
e25e86292a9793491a3e06917f976908,1156610100,8,m.xahmmr.vip/zt/hm-quban/*
e25e8808e2a4ef6469e008267f050211,1156610100,10,mpf.xianmylike.com/pf_zt/jlyan/*
e25e8808e2a4ef6469e008267f050211,1156610100,14,m.xahmmr.vip/zt/hm-quban/*
e25e8808e2a4ef6469e008267f050211,1156610100,10,mpf.xianmylike.com/pf_zt/jlyan*
e2d50ef35430c222b56d5ec2158ba141,1156610500,1,mzw.81885555.com/zw_ztzw/jlbi/*
e2f1cfb852d47a344e2726b183ae267b,1156610100,3,m.xaylmr.vip/zt/hm-zx/*
e32f0a9a6ce2be50eee9f3821566c987,1156610500,2,m.yestarwzh.com/zt/yxqubanx/*
e3354c9b5d84054ced8352e133a40e0d,1156610100,47,4g.xahmbyj.com/*
e380e002904f03fcd31adb3f6e4c34e7,1156611000,9,mzw.81885555.com/zw_ztzw/jlzwxz/*
e3c7f4cc93e752e31b5dfec1622a1861,1156610300,15,m.xaylmr.cn/zt/hm-xizhi/*
e3eddd091f1ca2c33345789afac348b2,1156610100,1,m.huayi-mr.net/zixun/zixun-shoulianzhen.html*
e42bd5188888802f9779e00220141834,1156610100,42,m.peixunwenxiu.com/*
e431a05ad4b25c887f978a113ef96e39,1156511500,12,m.xaylmr.cn/zt/hm-ztzf/*
e4bc4f7bbac5dacbda1d7ea2a27fdea5,1156610100,2,mpf.xianmylike.com/pf_zt/jlyan/*
e4bc4f7bbac5dacbda1d7ea2a27fdea5,1156610100,11,m.xahmmr.vip/zt/hm-quban/*
e4bc4f7bbac5dacbda1d7ea2a27fdea5,1156610100,2,mpf.xianmylike.com/pf_zt/jlyan*
e535fb61707baba4ca7b40d85c9581a8,1156610400,2,m.zxmryy.vip/zt/hm-xizhi/*
e58172899ff1d85a55d7dbb86118377d,1156610300,1,mzx.81885555.cn/zw_ztzw/jlzhzw/*
e5b740e63e55054e2a83c68c74b239d4,1156610400,12,m.hmmr.vip/zt/hm-meibai/*
e5c7632cd6ab764e528f2eaa5c6cbedf,1156610100,16,m.yestarwzh.com/zt/yxqubanx/*
e5d2660f7e885f7e678aeeb1f744e648,1156610100,2,4g.xahmbyj.com/*
e603f7970252994ebaab9e01e62c4882,1156610100,1,mpf.xianmylike.com/pf_zt/jlyan/*
e603f7970252994ebaab9e01e62c4882,1156610100,1,mpf.xianmylike.com/pf_zt/jlyan*
e61d7e11cc3f7ec80cd7d3c792e0c145,1156610400,2,mpf.xianmylike.com/pf_zt/jlyan/*
e61d7e11cc3f7ec80cd7d3c792e0c145,1156610400,2,mpf.xianmylike.com/pf_zt/jlyan*
e65a44d35bc3e3d29a258160c7d935da,1156610100,5,mpf.xianmylike.com/pf_zt/jlyan/*
e65a44d35bc3e3d29a258160c7d935da,1156610100,5,mpf.xianmylike.com/pf_zt/jlyan*
e6680127d4ae7333feadddb1b2bbab8b,1156610900,4,m.peixunwenxiu.com/*
e677712e691a19e4423cb1f8331b9b63,1156610100,1,m.hmymyy.vip/zt/hm-jfcz/*
e68bcf00225b4948f406ff5e77bd49fa,1156610800,8,mpf.xianmylike.com/pf_zt/jlyan/*
e68bcf00225b4948f406ff5e77bd49fa,1156610800,8,mpf.xianmylike.com/pf_zt/jlyan*
e6e30f2fe3ea5542035a40ce51661066,1156610100,9,mpf.xianmylike.com/pf_zt/jlyan/*
e6e30f2fe3ea5542035a40ce51661066,1156610100,9,mpf.xianmylike.com/pf_zt/jlyan*
e70d5f6ae8daf26535684a426450fa36,1156610100,2,m.zxmryy.vip/zt/hm-xizhi/*
e72c075022c3b846068e7d7367d184a0,1156610100,3,mwc.xamylike.com/wc_zt/jlzhslz/*
e78c69d6cfcf9655841e284085f79a92,1156611000,4,mpf.xianmylike.com/pf_zt/jlyan/*
e78c69d6cfcf9655841e284085f79a92,1156611000,4,mpf.xianmylike.com/pf_zt/jlyan*
e799c3897124e5f61eb83bfff4f46b57,1156610100,5,mpf.xianmylike.com/pf_zt/jlyan/*
e799c3897124e5f61eb83bfff4f46b57,1156610100,5,mpf.xianmylike.com/pf_zt/jlyan*
e7f1dba698197984e886cab516be3226,1156610100,2,mpf.xianmylike.com/pf_zt/jlyan/*
e7f1dba698197984e886cab516be3226,1156610100,2,mpf.xianmylike.com/pf_zt/jlyan*
e82f199de5dec0946d444f525d223a18,1156610100,11,mzw.81885555.com/zw_ztzw/jlzwxz/*
e8878cfd6f49e64e70f87c7b005d9107,1156610100,15,m.xahmykyy.vip/zt/hm-xizhi/*
e8936dc31fc7ad26afafc82e2b48effd,1156610700,10,m.bgyestar.com/xa/x_xalxwys/*
e8ac27b8ad89ca608541f8c6407b38ab,1156610400,4,5g.xalrv.com/zhuanti/wzx/swtbns/*
e8c42c94e6defc09da8bad6b48d3a759,1156610600,11,m.xaylmr.vip/zt/hm-xizhi/*
e8febc3f8d4c0b3f93489a8af03096c8,1156610700,16,m.xaylmr.vip/zt/hm-zx/*
e939900cd7314d1a20a1985d523927b1,1156610100,22,m.yestarwzh.com/zt/yxqubanx/*
e994e711c1e46a43605ffd8c800f66fb,1156610100,4,m.xaylmr.cn/zt/hm-ztzf/*
e9a41bd245760c9cbaa7815ec637c69e,1156610100,2,m.xaylmr.vip/zt/hm-xizhi/*
ea536cbfdf4dc6f894251232e81fb9dc,1156610100,1,5g.xianmeho.com/zt1/syp/*
ea8de3ed9a9227a8aee193991e3abd95,1156610800,2,mzw.81885555.com/zw_ztzw/jlzwxz/*
ea98b37deef8cade33f41c1f45dfc89b,1156140800,14,m.hmymyy.vip/zt/hm-jfcz/*
eb10c70e58c6e53fb352e3a05ac79f22,1156610100,2,m.xahmylmryy.vip/zt/hm-pf/*
eb10c70e58c6e53fb352e3a05ac79f22,1156610100,1,m.hmmr.vip/zt/hm-meibai/*
ebcf2796270f2bda0889d67c9d8739c3,1156610100,1,m.xaylmr.vip/zt/hm-zx/*
ec4664bfd84d3c55a0d698588823bbf4,1156610600,1,mzw.81885555.com/zw_ztzw/jlzwxz/*
ed2e81e6c5b103082b603ba31f1dde33,1156610100,4,mzw.81885555.com/zw_ztzw/jlzwxz/*
ed8ec49ca83da4ca455a508f845f8d1f,1156610100,1,mpf.xianmylike.com/pf_zt/jlyan/*
ed8ec49ca83da4ca455a508f845f8d1f,1156610100,1,mpf.xianmylike.com/pf_zt/jlyan*
ed90851ddc4aab2a7eb9659dad60763c,1156610500,9,m.hmmr.vip/zt/hm-jfcz/*
ed954c9161d38d3320731b7414967891,1156610700,1,m.yestarwzh.com/xa/x_yxxzjfxzt/*
edae74142f1451f3533f3d28df2944d9,1156610500,14,m.bgyestar.com/xa/x_xalxwys/*
ede82fede595465ed99f4ff233329fe9,1156610700,3,m.hmmr.vip/zt/hm-meibai/*
ee2c819471f9125c47471e273742ff14,1156610100,6,m.xahmmr.vip/zt/hm-quban/*
ee4b993a476d99c07a6a28b7724cbc4d,1156610300,1,m.xahmyy.cn/zt/hm-meibai*
eec4886639398c1c0df7e9cfadbdc2fd,1156610100,13,mzw.81885555.com/zw_ztzw/jlzwxz/*
ef4fb840400f16c411ec4650b1c62924,1156222400,2,mzw.81885555.com/zw_ztzw/jlbi/*
efa859504766f47a99182668ecc71b18,1156610100,9,m.xianhuamei.cn/zt/hm-wc/*
efa859504766f47a99182668ecc71b18,1156610100,9,m.xamr.vip/zt/hm-wc/*
f078660db0d847da258f1b3cca53f1bb,1156610100,2,mzx.81885555.cn/zw_ztzw/jlzhzw/*
f091a6bd82219b0b48e5e272eaf52d7e,1156610100,3,m.zxmryy.vip/zt/hm-xizhi/*
f0d5dbeb47e114037b062016e45ef16e,1156610400,2,m.xamr.vip/zt/hm-slz/*
f0f12de6333297c10898b411c6a4b45e,1156610600,57,4g.xahmbyj.com/*
f11a1a13fe23b00d6d6b0ae5848323b7,1156610100,2,m.xahmmr.vip/zt/hm-quban/*
f12800e3cf65ce8fd53652a14d24cc1a,1156610100,7,mzw.81885555.com/zw_ztzw/jlbi/*
f146286d03f06053e0aeb2b2036a96fb,1156610400,13,m.hmmr.vip/zt/hm-meibai/*
f1b29537bc9cb070f394b7940c5e181d,1156610400,7,m.xahmylmryy.com/zt/hm-jfcz/*
f1b4e67c539a45147c7ceb46f5ff6c4e,1156610100,14,m.xahmmr.vip/zt/hm-quban/*
f1bb0bc5724cc161ef4d737690908844,1156610100,5,m.hmymyy.vip/zt/hm-jfcz/*
f20d3321efa4edcc63c090043e3aa91d,1156610500,9,mpf.xianmylike.com/pf_zt/jlyan/*
f20d3321efa4edcc63c090043e3aa91d,1156610500,9,mpf.xianmylike.com/pf_zt/jlyan*
f21670c0b4a2cb66f3d4698ef222aa00,1156610600,1,mzw.81885555.com/zw_ztzw/jlzwxz/*
f24ec26e0341715f7518481aa294d257,1156610400,2,m.xaylmr.vip/zt/hm-zx/*
f280248c5ba9eadc63801cf4dfab0a45,1156450300,3,m.yestarwzh.com/xa/x_yxxzjfxzt/*
f2823e52d88030d967eee876ebfe50dc,1156610500,1,4g.xahmbyj.com/*
f28829068435679a24b594d92c7ba31a,1156511900,2,m.peixunwenxiu.com/*
f2f88b575a680635d9ed581de3a483dd,1156610100,11,m.xaylmr.vip/zt/hm-zx/*
f307a087090dff3c1bf9e08219666593,1156610100,3,m.xaylmr.vip/zt/hm-xizhi/*
f3499b7066e15734a213ea95eab3f6c3,1156610100,4,m.hmmr.vip/zt/hm-jfcz/*
f378278683f5039426cbddb23fee5390,1156610100,1,m.xahmmr.vip/zt/hm-quban/*
f409eaf1ad82ccc5deee329f731044ac,1156610300,11,m.yestarwzh.com/xa/x_yxxzjfxzt/*
f409eaf1ad82ccc5deee329f731044ac,1156610300,4,m.xaylmr.cn/zt/hm-ztzf/*
f41304a5a42aeb855653f4b61f0720c9,1156610100,6,m.hmmr.vip/zt/hm-jfcz/*
f4a6d55be020648716fb5c5a5d9da171,1156610100,1,m.xahmylmryy.vip/zt/hm-jfcz/*
f4bd7fea795dbc0727b673c07ff23e6f,1156150600,5,mzw.81885555.com/zw_ztzw/jlbi/*
f4bf8940059556fd98f88e2e98994572,1156610100,14,m.xafx.vip/zt/dym-zxxm01*
f4f29c4d20807e199d2f21150861ec4c,1156610100,1,m.xahmylmryy.vip/zt/hm-pf/*
f53ab466afbc394aab8a12b3c8ef0dde,1156610700,8,m.xahmyy.cn/zt/hm-meibai*
f59e8411a15e599f58e86de8498f498c,1156610100,5,mzw.81885555.com/zw_ztzw/jlbi/*
f5c73b9d2dce67fbab975ca8e6d8769f,1156610100,13,m.xamr.vip/zt/hm-wc/*
f5c73b9d2dce67fbab975ca8e6d8769f,1156610100,3,m.huayi-mr.net/zixun/zixun-boniaosuan.html*
f5dd41b6f7f7ea1e73be1b23c7957ba3,1156610100,1,m.xahmyy.cn/zt/hm-meibai*
f68772567be6f505329a310ff4b384e1,1156610200,5,m.yestarwzh.com/xa/x_yeslz/*
f68772567be6f505329a310ff4b384e1,1156610200,1,m.bgyestar.com/xa/x_ybbns/*
f6a76c30d6dd2e2a8f592b298205af83,1156610400,31,5g.yestarwzh.com//xa/x_list_yb/*
f6b8b31667e852af00ed9609d13e09d6,1156610100,13,m.hmmr.vip/zt/hm-meibai/*
f7146f3cebddf93729ac24d52dfabc4d,1156510700,1,mpf.xianmylike.com/pf_zt/jlyan/*
f7146f3cebddf93729ac24d52dfabc4d,1156510700,1,mpf.xianmylike.com/pf_zt/jlyan*
f7313b5686d588008b303567e0176755,1156610100,1,mpf.xianmylike.com/pf_zt/jlyan/*
f7313b5686d588008b303567e0176755,1156610100,1,mpf.xianmylike.com/pf_zt/jlyan*
f773d0e07f7d20924cc0b1eb504e1266,1156610300,20,m.yestarwzh.com/zt/yxqubanx/*
f79ccae185d3117549790e2df1d9a365,1156610800,10,mzw.81885555.com/zw_ztzw/jlzwxz/*
f7c5400f98ac7d95141aa74b51b2b1fc,1156620400,7,m.xamr.vip/zt/hm-wc/*
f8f0d0f6402c1a15006d052baac0ce8c,1156610100,13,mzw.81885555.com/zw_ztzw/jlzwxz/*
f974e9c84e9a652f78a404ef72e77904,1156610100,1,m.hmmr.vip/zt/hm-meibai/*
f9b1343d99e12ac189de2493b2c4f3e1,1156610400,4,mzw.81885555.com/zw_ztzw/jlbi/*
f9bb275ba9c7ad1a94754614fe38bba0,1156610100,7,m.xahmykyy.vip/zt/hm-xizhi/*
f9c3a1069da4d42cfb3d83ac8eef867a,1156610700,15,m.xaylmr.vip/zt/hm-zx/*
f9d50a9c4aff112e892a42f087d54dd7,1156610100,11,mzw.81885555.com/zw_ztzw/newxzfy1/*
fa3c9991072679352a604345df3e032a,1156610100,10,m.xahmmr.vip/zt/hm-quban/*
fa549e25105f4f57367cc891774d83c1,1156610100,10,m.hmmr.vip/zt/hm-jfcz/*
fa687c201304f4d7071c17a932fbc6eb,1156610200,1,m.zxmryy.vip/zt/hm-xizhi/*
fb1830e0bf182ddc46eefebc7ffef8f6,1156610500,5,m.peixunwenxiu.com/*
fb93635886c99f5743fd7ab305cd1c08,1156610100,14,4g.xahmbyj.com/*
fbda72cd99a5c33101ab8611efc52949,1156610500,1,5g.xianmeho.com/zt1/syp/*
fc05a33e7e4f8bc1150ad437079350be,1156610900,17,m.hmmr.vip/zt/hm-meibai/*
fc2fce1f1de35d9b123acae2740b6c90,1156610400,72,4g.xahmbyj.com/*
fc30045294fdd6eb22b00135d64f10f6,1156610100,3,m.zxmryy.vip/zt/hm-lx/*
fc628ca36eb59bdfa00d0de647de60e5,1156610700,51,m.huayi-mr.net/special/hy-shuangyanpi/*
fc6d4d062a45354ac26ea389a3f29758,1156530100,10,m.huayi-mr.com/special/HYshoulianzhen/*
fcc842f519038f1f987538f5a3f42c62,1156610100,14,m.hmymyy.vip/zt/hm-jfcz/*
fce20396443c01b7ded55c11de3d1460,1156610100,2,m.xahmylmryy.vip/zt/hm-pf/*
fd3039b62e85125a0b2e67687c79a302,1156610100,2,5g.yestarwzh.com//xa/x_list_yb/*
fd68dfa8f09ed5e9b245fb894dd88ec6,1156610100,13,m.hmymyy.vip/zt/hm-jfcz/*
fd73f932be47f7a420f55be42bb33416,1156610100,1,m.hmymyy.vip/zt/hm-jfcz/*
fdbbc8b46c1a5e5751e7a0f463969dc4,1156610700,11,m.xahmylmryy.vip/zt/hm-jfcz/*
fdd63841acb037a30eb29a626b6ebe05,1156610100,3,m.hmmr.vip/zt/hm-jfcz/*
fe599aa2c087a251663387a9144d2d84,1156610900,11,m.yestarwzh.com/xa/x_yxxzjfxzt/*
fe66669f94a5de2a86c437af0df9fe7e,1156610100,2,m.xamr.vip/zt/hm-wc/*
fe69dfacc447c176cb01e02c17ce2e6e,1156610700,11,mzw.81885555.com/zw_ztzw/jlbi/*
fea68579219f63936376f85389a85bb6,1156610300,10,m.yestarwzh.com/xa/x_yeslz/*
ff4644b0d7cfe327982f6bf9595add33,1156610100,13,m.zxmryy.vip/zt/hm-lb/*
ff5d6d6b4977773cc0aad641abd919a0,1156610900,2,5g.xalrv.com/zhuanti/xizhi/ziti_swt/*
ff6752e748c82cbf5bdd19285253cbca,1156610100,5,m.xaylmr.vip/zt/hm-zx/*
ffef31836700c39a99d5baa4139f9ef7,1156360100,26,m.xaylmr.vip/zt/hm-zx/*
