01d215677f9ab6a0ae2f9a21d751bd5f,1156610100,4,www.wuyouzhuang.com.cn/toufang/h5/*
030fb91743ecc84a52b1cbd7b33af8e0,1156610100,5,xa.bhjzs.com/*
0326c2d4625721e5cb6ea0bd33b475e9,1156610100,2,m.shj.cn/*
046ed05bed58aac8d599d8279d5212af,1156610800,1,xa.bhjzs.com/*
05bee646dc434bdbb96fda409a656a91,1156610100,1,m.shj.cn/*
06c33d9758ab68933fd0fbc090e50639,1156610100,2,m.shj.cn/*
072ecd8e658a621dfd7bb33ff93d4c97,1156610400,4,xa.bhjzs.com/*
0845344591cfa72a23514a6cdcaeb720,1156610100,5,m.shj.cn/*
08e7c1f0595f308a036667fd2ec2ff7b,1156610900,111,xa.bhjzs.com/*
09a2e300700ccae6a87069639497ab14,1156610300,2,xa.bhjzs.com/*
09f152002d04c583cbe614a2c3e4a1d7,1156610100,19,xa.bhjzs.com/*
0a2c555c0311325f4d352a70cf89da23,1156610100,1,m.yzf.com.cn/*
0a7ac1f010f42f1c3ee0eaf4f6bb843d,1156610100,10,xa.bhjzs.com/*
0aa93a3c2c3a9fa22b499e992ba98ab9,1156610100,1,m.shj.cn/*
0ae0c9b897c7a41f247792a4dcb6c7af,1156610100,10,xa.bhjzs.com/*
0b1fa9fa645793dde2e28c737e86360b,1156610400,1,www.wuyouzhuang.com.cn/toufang/h5/*
0b6715d1732f62c715e83d6ff6164092,1156610100,7,xa.bhjzs.com/*
0be708c6f6df884b725c78a0619e97ce,1156510100,33,m.cdwyzs.cn/*
0cfff6f0524476a28926a87cb8493302,1156610600,19,xa.bhjzs.com/*
0cfff6f0524476a28926a87cb8493302,1156610600,3,www.wuyouzhuang.com.cn/toufang/h5/*
0d13925cd409fd64bb064e41e6ef8c30,1156610900,3,www.ch028.net/*
0e2c52daad767e15a04396762a6d33bf,1156610100,1,m.shj.cn/*
0e7dbdba66f4e61996825b5f9a126904,1156610700,106,xa.bhjzs.com/*
0ec6f97d1294f87682e403abf3eb39ad,1156610800,74,xa.bhjzs.com/*
1011b3f33eca8513683c335d45a2a5d4,1156610200,1,xa.bhjzs.com/*
10f6006d524c864251d8d7d45f8ed925,1156610300,1,m.shj.cn/*
1148e23842e9d6b0c67fd2b14f91c9bd,1156610100,4,m.shj.cn/*
1158bfe0ba50354996d86ab469a9fb9d,1156610100,21,xa.bhjzs.com/*
12776a3c345e3ae15e769b1b83ed71fb,1156610100,1,m.shj.cn/*
12edda0600b21aa733b1e7f3d5823784,1156610100,3,m.shj.cn/*
12edda0600b21aa733b1e7f3d5823784,1156610100,240,xa.bhjzs.com/*
1321acce980e3599d959bd62c40dc4e3,1156610500,4,xa.bhjzs.com/*
13a9570bb4dd4048ae0eb6e7bf81862a,1156610100,88,xa.bhjzs.com/*
14e15d2b2ef73250b5b7020b5f3c6450,1156610100,101,xa.bhjzs.com/*
155dbbc791de4bdbe54a862576c56ba4,1156411200,24,xa.bhjzs.com/*
164976cc760cc3537f903522a3253d07,1156610100,1,www.wuyouzhuang.com.cn/toufang/h5/*
1698f94b3be535e4898d5f8aea7932a1,1156610100,3,xa.bhjzs.com/*
175e6815357bea0e179b4933637bacad,1156611000,29,xa.bhjzs.com/*
17a8d379033894a0fda5dcef04701f57,1156610800,37,m.bzzss.com/*
17a8d379033894a0fda5dcef04701f57,1156610800,8,www.bzzss.com/*
193fbb38447ef609c8a42a6b98f7aae7,1156610400,1,m.bzzss.com/*
1983b6a14b515261867bb31dab201f8e,1156610100,4,m.shj.cn/*
1b039fed8c8308a797bd7aaf59cd06a3,1156610100,9,www.wuyouzhuang.com.cn/toufang/h5/*
1bedf2ebc45b3839c086d4791f3d8641,1156610100,1,xa.bhjzs.com/*
1cf396206a5fe24d8b9ddea4830a39b1,1156610100,1,xa.bhjzs.com/*
1fd310513af6e1f05bae0a144fb9258b,1156610100,5,xa.bhjzs.com/*
21a0cb85eeb97d23c61a847454cba636,1156610100,3,m.shj.cn/*
21a47dd9208419e809d6cfd3984a8a7b,1156610600,3,m.shj.cn/*
21a554a9116fc8a3c709dab717c28a65,1156610100,119,xa.bhjzs.com/*
223c186e6bda512769b71a96702029ea,1156610900,3,cd.m.dyrs.com.cn/*
22a9507b02f7149fdc4c71ee6c30257c,1156610300,27,xa.bhjzs.com/*
246ccddcc7fbcbe09018aaf8c4e586bc,1156610100,8,m.shj.cn/*
247dba47c6730a1411d3909af97f5aac,1156610500,61,xa.bhjzs.com/*
25ffd5b363ef3476dd8c8188d92e5056,1156450200,2,m.shj.cn/*
26f36cda0fda5546e0f62bbc5a8ef3ef,1156610300,1,www.ch028.net/*
274f2b97321f166950b71e993bfcb2c1,1156610100,44,xa.bhjzs.com/*
27b15735af19d2498d533625e7f806d5,1156610700,2,m.shj.cn/*
292f0de81af8ea33d5aaa45dd9548578,1156610100,1,m.shj.cn/*
2969ddaaa92b865019c1bbef5979a92d,1156500000,1,m.shj.cn/*
2a854bc1da07b110954b839fa416e137,1156610100,1,www.wuyouzhuang.com.cn/toufang/h5/*
2a9268fc0998e869d2500174c8b8a86a,1156610300,52,xa.bhjzs.com/*
2a9d08aa75ce1993421f4f769ff85315,1156610500,4,xa.bhjzs.com/*
2c1c70edf29fedb322f74ca09c207b59,1156610100,1,www.wuyouzhuang.com.cn/toufang/h5/*
2c868c370d98f1c4129f1bc16234a084,1156610100,5,m.shj.cn/*
2d01a724aee3e7a0c1da2758077c95c0,1156610500,1,www.ch028.net/*
2e7e163e9c9d134c0e3b9c8c52e8c3a4,1156610100,4,m.shj.cn/*
2f49dc03b82d9848749d341f11151f0a,1156611000,2,www.wuyouzhuang.com.cn/toufang/h5/*
2f775bd242b01e1cdf9b2c29a6fec41b,1156610800,26,xa.bhjzs.com/*
2fe1271d1ee30fba4e5a934d82547ed7,1156610100,2,m.shj.cn/*
308270d40ca13343b78032e156b154e0,1156610700,1,www.ch028.net/*
3135e82354b71213b77c9cad2259f4b3,1156610500,1,m.yzf.com.cn/*
31a9091c12d16650879cffe6586e02eb,1156610800,1,m.shj.cn/*
3207b20617cc653a429a9f7caac26749,1156511700,15,m.bzzss.com/*
3207b20617cc653a429a9f7caac26749,1156511700,1,www.bzzss.com/*
33243ef533cb64b685ad3356df6c1188,1156610100,39,xa.bhjzs.com/*
332913fb0a4cf5fc0c441e2966987e2e,1156610600,3,m.shj.cn/*
33b8c0782b52e17ce7093fd6e488f88c,1156610100,44,xa.bhjzs.com/*
35fed207f440c55a5605bff244b202d5,1156610100,30,xa.bhjzs.com/*
36565335236881e2b8f280f4d83cba78,1156610100,1,xa.bhjzs.com/*
370717d55752bb4f083b6ff1b8125c8e,1156610500,111,xa.bhjzs.com/*
38a554cea55703e4ae93126dbf3a9976,1156610100,3,xa.bhjzs.com/*
38afe4f646930b246fa5fa0bf64a53a3,1156610100,1,m.yzf.com.cn/*
38b445dbadcd123b58f78c4fe175a99d,1156610600,1,m.yzf.com.cn/*
3971dc541eb88f69cf6e53a5d9994804,1156610100,8,xa.bhjzs.com/*
3a8da37b012d43fcfb69deaef7ebfc34,1156610100,2,m.bjlongfa.cn/*
3a95aceafda2da0dda0188c05341d6d3,1156610100,4,m.shj.cn/*
3ccb90e524b37d9713e39f49d65eb8dc,1156610100,37,xa.bhjzs.com/*
3d6671cffb0bab48215bfe57438ef8d5,1156610700,1,m.shj.cn/*
3dabd8a48ed7e93623561d3c85d95334,1156610100,118,xa.bhjzs.com/*
3e5574d085e790a637ca39c76131b85b,1156650100,14,xa.bhjzs.com/*
3e5762c499b0847aef0aa3dd65a5c251,1156610100,4,xa.bhjzs.com/*
3ed34c79d660fd6c94152d08a24bc253,1156610300,1,m.shj.cn/*
3f6b0722be4b420a8eb8c742e5e450af,1156610100,5,xa.bhjzs.com/*
426020b79172e20466ffd01c84e913b8,1156610100,30,xa.bhjzs.com/*
42a116e198525b323f0d731519d135d0,1156610400,10,xa.bhjzs.com/*
449912cdda438ebf9afb2752b2d1f886,1156610100,2,xa.bhjzs.com/*
45b092163e1b499a0f9f014f9c159495,1156610900,5,m.shj.cn/*
4683e0d0f1fd119222fcfcfed99e5d2b,1156610100,2,www.wuyouzhuang.com.cn/toufang/h5/*
474e12314b6371642f2127fe70546546,1156610600,1,m.shj.cn/*
48b01a70661361a2509ce6645d5f77d0,1156610500,7,xa.bhjzs.com/*
499e470eb3f6d656a0dc757396eae082,1156610100,7,m.shj.cn/*
4a35e1e8d0c8f8ebe9678a86b4cdce26,1156610100,1,xa.bhjzs.com/*
4aaa05c4abe93b37a8036baa123a2dca,1156610400,1,www.wuyouzhuang.com.cn/toufang/h5/*
4adbd42eb0c7e721152d9a0d9a3e4571,1156610100,1,m.shj.cn/*
4af3189666f2f20a7c47fac1f00ab1fd,1156610100,1,m.yzf.com.cn/*
4ec7e1dcf832ee2f66155708495a77b9,1156610100,1,m.shj.cn/*
51d02022ee9fd97369e5cd9e4ec58e22,1156610100,1,xa.bhjzs.com/*
522d7180991df31f3761fe3a075d09d4,1156411600,11,xa.bhjzs.com/*
52c8390eb773ae8f13b7bf0bde9142b3,1156610100,2,m.shj.cn/*
52d4fbdaaeb9f3138f8f7fa7d11f6a0a,1156610600,1,m.shj.cn/*
531030259cf2ba037a14a43a729a1117,1156610700,44,xa.bhjzs.com/*
5357a2579eb1fc6a79b3706923fc2283,1156610400,3,m.shj.cn/*
53fd5bdec7ae19d5645e55ef1e9c8b27,1156610500,7,www.wuyouzhuang.com.cn/toufang/h5/*
552fef14d0ac1fe6d26b13ed9e26761f,1156610100,116,xa.bhjzs.com/*
553f75489381281ee9dff7a516c60e0d,1156610100,4,m.shj.cn/*
5745f88799feee32d2b36ba6fc9640ea,1156610100,13,www.ch028.net/*
57f3bc3442782a0bba87eb0380cecf7c,1156611000,2,m.shj.cn/*
5821ade327408df0b61763cd12d25fba,1156610500,1,m.shj.cn/*
5823d9b823d6738f032197858cdb9957,1156610100,44,xa.bhjzs.com/*
59004e1c17162496142f68998e783454,1156610100,1,xa.bhjzs.com/*
59f983bb108eca51c222091ab50dc582,1156610100,9,m.shj.cn/*
5a2444706ff8f97a92b0d6f70feed43f,1156510800,7,xa.bhjzs.com/*
5c1410fb910f9008e142d1dbd89f69f8,1156610600,1,xa.bhjzs.com/*
5cd05d9c09c09f0e0cd1ab8a509d2405,1156610100,6,xa.bhjzs.com/*
5cf0580e3b2195ad21a5afbc7477fdd6,1156621000,2,m.shj.cn/*
5d3bbef8ccef1ec90b822c22d9270a7b,1156610100,29,xa.bhjzs.com/*
5d636634d13c8c9bb2e2b2a19a2f02a6,1156610200,5,www.wuyouzhuang.com.cn/toufang/h5/*
5ff6d8a0ee5063bebf411b31c9db6e97,1156610500,29,xa.bhjzs.com/*
624099ed13cb3d4ec8c9def63f73429e,1156610100,2,m.shj.cn/*
6265ed7af4e78c07fb3ab8c6799ae19e,1156610200,6,xa.bhjzs.com/*
62752323aa4367847aa7f918a75f8b77,1156610700,108,xa.bhjzs.com/*
62a29a4ee23c2d1004ea9e3fc21707de,1156610100,56,xa.bhjzs.com/*
63f43f4de7efea6b628f378381bd06dd,1156610900,14,xa.bhjzs.com/*
6443b0a0e2d5bf46dc7b80935cc1028e,1156610100,8,xa.bhjzs.com/*
6443b0a0e2d5bf46dc7b80935cc1028e,1156610100,1,www.wuyouzhuang.com.cn/toufang/h5/*
662496a1a5029098d69d4638115f338e,1156610600,1,m.shj.cn/*
66e3b92c85efe192f07cefd34d8c8d48,1156610100,3,m.shj.cn/*
673f8d3530dc47488bc75aede781a902,1156610900,30,xa.bhjzs.com/*
677120c93f446f1118930879ecd1e482,1156610400,2,www.wuyouzhuang.com.cn/toufang/h5/*
67e5131829e5ca97f3a4058f123ae8eb,1156610500,8,xa.bhjzs.com/*
68275cbd04e629a6e74a53769dbf4a93,1156610100,1,www.ch028.net/*
68549b48f9cddfe9ced73c5d1cc618e5,1156610500,7,www.wuyouzhuang.com.cn/toufang/h5/*
685b0e4f5b83320c2318297f4f2ead39,1156610100,2,m.shj.cn/*
69dc0a7d4a0c461a385129c6af5ccd9c,1156610400,5,m.shj.cn/*
69f931df2af55d4028626fa458259f3c,1156610100,9,www.wuyouzhuang.com.cn/toufang/h5/*
6d4a311fa0f8e78df71089ceb128d655,1156610100,1,m.shj.cn/*
6e6b0da7a59dcb82a8246fc685670caf,1156610800,3,m.shj.cn/*
6f10b5c017b3ea4976457e8903e91f41,1156610100,1,m.yzf.com.cn/*
6f1300830f39ea82492dbc233210016c,1156610100,4,www.wuyouzhuang.com.cn/toufang/h5/*
6f8062a57118ec8a781c3d103051da31,1156610100,69,xa.bhjzs.com/*
70c8ead5a38e9dae133824765249a174,1156610100,2,m.shj.cn/*
715cd104c9c107c5dfbb1b0d240e3dbc,1156610500,2,xa.bhjzs.com/*
7166bafd6b8fa3a6b7e67ffb51377689,1156610100,19,xa.bhjzs.com/*
716abebdccddd6261531dd133bbe9e44,1156610900,6,m.shj.cn/*
75339491ae8edbce6d23d36c458b70fa,1156610800,1,xa.bhjzs.com/*
758a6ce2047d5ae1443836841879b322,1156510100,7,m.cdwyzs.cn/*
75bbc94bcdebddefa97cb4d4e7d4f2a5,1156610800,4,www.wuyouzhuang.com.cn/toufang/h5/*
78c2fad3002d40935ce8a60b40c39a64,1156610900,2,www.wuyouzhuang.com.cn/toufang/h5/*
79385822053bec437c6a104e4720d096,1156611000,23,xa.bhjzs.com/*
7ad6a14e8370266d875e389c6aea7286,1156610100,1,m.shj.cn/*
7aec7c6d9230d526ead9f08bfaa57447,1156420900,1,m.shj.cn/*
7d3012fca7eb6197eab57f44f9766364,1156610900,110,xa.bhjzs.com/*
7df468e22f2f7b11754e4d18cb02780e,1156610300,3,m.shj.cn/*
7e8e3561bce1a381c6191b6f837b5521,1156610100,9,www.wuyouzhuang.com.cn/toufang/h5/*
7ee62d274361e010dd06702d49e3ec6a,1156610100,5,m.shj.cn/*
7f58f887a67f7a5a67b2d76a5b86b4fd,1156610100,47,xa.bhjzs.com/*
7f8d7ba740158d4691c2576ec0f545c5,1156610500,112,xa.bhjzs.com/*
81345b6434b1cd4034a31cc928321e06,1156610500,2,m.shj.cn/*
814f739a96fbe71202c4054adaba5f0b,1156610100,10,www.wuyouzhuang.com.cn/toufang/h5/*
81db31f71dccfba07c5c3d90fbd7b26b,1156610100,3,xa.bhjzs.com/*
82b79572c33c69f5e845f36efc111e63,1156610100,3,m.shj.cn/*
83b1ce49cb57cfadcd04d5e152506d81,1156610100,1,m.shj.cn/*
83ddb29f05c47a062aff04dccef634c2,1156610100,2,m.shj.cn/*
83eb2690364db163261b9e470dc8d09d,1156610100,99,xa.bhjzs.com/*
84b2605b25394c1e3619f79ffa776f02,1156610100,4,m.shj.cn/*
85d70eea688e6dcf69435dcbc7379807,1156610400,111,xa.bhjzs.com/*
86cc5eef5be3d711920f3798a5c23bec,1156610100,18,xa.bhjzs.com/*
87413f3ea50002e852edef8caef1e2ac,1156421100,12,xa.bhjzs.com/*
8804ee4bef4ef8ef59d4a195bed7cdaf,1156610100,2,m.shj.cn/*
8881fd6f00252b0e80e76eb2abb4a4cf,1156610800,121,xa.bhjzs.com/*
8d630b0f1ecddc2b8a2ba8ee22954220,1156610100,1,www.wuyouzhuang.com.cn/toufang/h5/*
8f19dd534647450a27e1f98003c4cb71,1156610700,3,www.wuyouzhuang.com.cn/toufang/h5/*
903f30bd63a158230b9020dc0544643b,1156610500,1,www.ch028.net/*
9245d76730f2da7fbd2d35044c06baa1,1156610100,1,m.shj.cn/*
93aa51e09942d0c362f41f4e7aa15cef,1156610100,2,m.shj.cn/*
93ddba1e28ad2296da5c66567e0b3920,1156610500,2,m.shj.cn/*
94377e332515abc6473ccc7c47b9053b,1156610100,2,m.shj.cn/*
94a78f0dcdd9af45a2219e5fda748554,1156610400,2,xa.bhjzs.com/*
97a7180d39dae8d0bbdfd803f1dccf80,1156610500,44,xa.bhjzs.com/*
97d3b4f153e4ca6a847bb948e7bbbfc4,1156610100,1,m.yzf.com.cn/*
983b605c8fa2aeab3380bf283dd86d27,1156610100,2,m.shj.cn/*
9a2659fcd8ec9659421aaed929cadf11,1156610200,6,m.bzzss.com/*
9b0892bd9fafeac12b099472274a566b,1156610300,3,xa.bhjzs.com/*
9c991462d9884e66d23d9a60b9cdca73,1156610100,7,www.wuyouzhuang.com.cn/toufang/h5/*
9d87a650262db5dc006dac15adb7c408,1156610500,121,xa.bhjzs.com/*
9d940457097f0a9ac24e27589aa93b62,1156610100,6,xa.bhjzs.com/*
9de5b4ceff3402af632ffa58449429f9,1156610400,5,m.shj.cn/*
9eb445bf030f3b643284b7aed658441d,1156610400,1,m.shj.cn/*
9f20124f9c03e94208736f2964d1b102,1156610100,1,xa.bhjzs.com/*
9fb5b51c5aa140325069b022e7620903,1156610200,6,xa.bhjzs.com/*
a0f86608072cbcc83e1be057de2445bf,1156610100,10,xa.bhjzs.com/*
a15517f241daa733834008a02399b6b5,1156610100,26,xa.bhjzs.com/*
a1c3e102cf752f3369eabd579434c02b,1156610100,5,xa.bhjzs.com/*
a25f12b1e56a825e489344a287448500,1156610100,1,xa.bhjzs.com/*
a2aac57b3c449306785a87d9212ddfbd,1156610300,18,xa.bhjzs.com/*
a3333903b34309f0e895f734b9a93240,1156610800,6,www.wuyouzhuang.com.cn/toufang/h5/*
a375cb6f3a5cecdc1fad72865daeb3c8,1156610100,1,xa.bhjzs.com/*
a407cc3a0dc1ee7a7299c7f3be8ba589,1156610100,1,cd.m.dyrs.com.cn/*
a85e896de0c0b9b195eaeeb47d9622c6,1156610100,3,xa.bhjzs.com/*
a9277b117df92086f4814244e9e34498,1156610100,21,m.shj.cn/*
ab12991d8046267ab2122a951b0b1eba,1156610500,7,xa.bhjzs.com/*
abc887c0a1d0101f94e4f572de0b8e01,1156610100,1,m.shj.cn/*
ada62845002a7e7781890b9b75c3a71d,1156610100,1,m.shj.cn/*
aec70f990237aee2ac7fe19c09ee6706,1156610100,9,xa.bhjzs.com/*
af7cca0332980ae3f0cbf749266f2457,1156610100,45,xa.bhjzs.com/*
b054f9d2bbfd59dbaff5709fe2dfd9d2,1156610800,2,www.ch028.net/*
b054f9d2bbfd59dbaff5709fe2dfd9d2,1156610800,1,m.shj.cn/*
b0a89faaebedec8331bf9d078731424a,1156110000,38,xa.bhjzs.com/*
b122c05c1a6f5b53fc12dce38490d106,1156610800,3,www.wuyouzhuang.com.cn/toufang/h5/*
b203492fddcc894e1f3c86d80f3c6aca,1156610100,49,xa.bhjzs.com/*
b3773bbc138f393cc29e7570579771b7,1156610100,1,xa.bhjzs.com/*
b4fa735c33f7cd484f13ad275a8021b3,1156610100,4,m.shj.cn/*
b4fa735c33f7cd484f13ad275a8021b3,1156610100,4,xa.bhjzs.com/*
b5c5482d2c56af9a789879f0077d7078,1156610100,1,m.yzf.com.cn/*
b70537c6ac8b0fcae2b23fbb6b79b971,1156610100,4,m.shj.cn/*
b78794eb7ca7af52ef4519136a2a661d,1156610500,4,m.bzzss.com/*
b78794eb7ca7af52ef4519136a2a661d,1156610500,8,xa.bhjzs.com/*
b7f8d76e2ba771169b57eb96750209de,1156610100,3,m.shj.cn/*
b981357ad804c88a4383263d4201b6b4,1156610400,3,xa.bhjzs.com/*
b9bd1b88c9a05a3bdbd5cc6b4db4e33b,1156611000,22,xa.bhjzs.com/*
b9c58989a3fff7ab6331c55d76227e40,1156610100,3,m.shj.cn/*
b9d96a2e72d0ae336c22a3f2219584c9,1156610100,114,xa.bhjzs.com/*
ba7705e667d57ed2c40f86c9cf1de48b,1156610100,4,xa.bhjzs.com/*
ba9ccd538abd1722292c27161eb15511,1156611000,2,m.shj.cn/*
baa2ea6866f8acbae791064c94f946ac,1156610100,1,m.shj.cn/*
bae9f63fa03fcdadf252849c9f5c1039,1156610400,1,www.ch028.net/*
bb782fdc6c280eded7c247598b58d9e2,1156610100,111,xa.bhjzs.com/*
bb7abab75bf0d03775685e27bb5f1fdd,1156610100,36,xa.bhjzs.com/*
bc6899fa29e541ea4377e1250af9d3de,1156320600,1,m.shj.cn/*
bcfad9401340834d9bb8c2c19d3cf548,1156610700,1,xa.bhjzs.com/*
bd4a1125c25cffeec5930ac7bb621f47,1156130400,13,m.cdlrzs.com/*
be04d8aaa846677e4f2c3390224d7d11,1156610100,9,xa.bhjzs.com/*
be1a673a315baa7ccb4ba39a0b0f23bb,1156610100,1,xa.bhjzs.com/*
bef9c291a2f48a923b745550a97d2d74,1156610400,7,www.wuyouzhuang.com.cn/toufang/h5/*
c1426c7664c8784b9f387a5056d08922,1156610200,1,m.shj.cn/*
c2d9fcca5e9ee7e3b63065796365a264,1156610400,2,m.shj.cn/*
c3493298327252a8d35149ed9047b886,1156610100,2,m.shj.cn/*
c38a97a7cc2204ab3f8f69b2a18eccbe,1156610300,5,m.shj.cn/*
c3c96d6a44cd7d68500f88fa04c096d3,1156610100,51,xa.bhjzs.com/*
c4b69251cf01ee68a0a57a659ee76e2c,1156610100,6,xa.bhjzs.com/*
c57373c06c513fa668b0b882f1f35ca5,1156610100,3,m.shj.cn/*
c57a5c39a0bc457f6388cd5b1d7f6b7c,1156610100,72,xa.bhjzs.com/*
c6f94feda2140893d57a6be97c7ce5f5,1156610900,6,www.wuyouzhuang.com.cn/toufang/h5/*
c70346452779805ceceafc0f20c0b127,1156610900,81,m.bzzss.com/*
c70346452779805ceceafc0f20c0b127,1156610900,10,www.bzzss.com/*
c96920c29994730cca5bf0de0d7ae80b,1156610800,3,m.shj.cn/*
ca402b21c5929843eb08a63e5aa7a6cf,1156310000,1,m.yzf.com.cn/*
ca402b21c5929843eb08a63e5aa7a6cf,1156310000,10,m.shj.cn/*
caa26044a0312da8e88c5dadf89ed5b5,1156610100,13,www.wuyouzhuang.com.cn/toufang/h5/*
cd721c27f805b10e8c1e0faf14fc3be2,1156610700,1,m.shj.cn/*
cd7a97c2545b88b37202d1cc02dac2c6,1156411400,96,xa.bhjzs.com/*
d04bf7536100809bc5465299aedaa519,1156611000,3,m.shj.cn/*
d05876591c7c97d8d180ec1ca3487ed1,1156610200,4,m.shj.cn/*
d262e006007f9987982d56e6917ebe6d,1156610300,1,www.ch028.net/*
d3323c0302d87543b215d439fd62edb2,1156610500,99,xa.bhjzs.com/*
d3605bf90c3fc6b0e230f0e429e3040e,1156610100,1,m.shj.cn/*
d377d4b57c2c7f37823f331448a92498,1156610100,38,xa.bhjzs.com/*
d546969ce5128805dd568037ce662046,1156610100,1,m.shj.cn/*
d5ad47370df9e1943766a44ae03566ca,1156610300,105,xa.bhjzs.com/*
d60ed711080ef7bbdf684007a45f75db,1156610100,5,xa.bhjzs.com/*
d718d436378dc492b5ac4b833e590873,1156511300,34,m.chuanhaozs.com/*
d7594731f0f755443b1545999076cd0d,1156610100,6,m.shj.cn/*
d815326b92f59e0da3c8f614677c3d65,1156610100,13,xa.bhjzs.com/*
d8bbd0adacc3605901e518fd7b76c7c8,1156610100,68,m.bzzss.com/*
d8bbd0adacc3605901e518fd7b76c7c8,1156610100,10,www.bzzss.com/*
d90b7d671843204414a05cc0a413df4c,1156610600,1,www.ch028.net/*
d9b715b30852cb5eab3f7f4710fd2463,1156610100,8,www.wuyouzhuang.com.cn/toufang/h5/*
da7f1929a68d278190db2bb8082ccf52,1156610100,1,m.shj.cn/*
dc625358bb09c1eb1e78ec34151d8e22,1156610100,24,xa.bhjzs.com/*
dc791d17c01d24be70e9ce07b5e18f92,1156610100,1,m.shj.cn/*
dcae50cdd2c6ae7cdecbc8ea92cfba7d,1156610100,1,m.shj.cn/*
dd70cd7cd659d3bc41278916650d8730,1156610900,1,m.shj.cn/*
dede8f7fc726a2bbcb870f9c32590925,1156610500,1,m.shj.cn/*
df3d755dc1da8b9d757f77e77532fb38,1156610100,1,m.yzf.com.cn/*
df449d9916d06fd2840567659572abaa,1156610100,3,m.shj.cn/*
dfcd61ba6c7bca61213af64fff42b2fa,1156620500,1,www.ch028.net/*
e36c931c2f8a76b9b01d7f51d1202862,1156610100,2,m.shj.cn/*
e3e4a4f22176e45f5692ca925b6f2ca5,1156610400,1,xa.bhjzs.com/*
e4c93d43b5a26690461935b3c6cc9c6e,1156610800,2,m.shj.cn/*
e50105fd58a96040b56f389e98c79aa8,1156610100,7,xa.bhjzs.com/*
e57b22e2c9d5388283e4057690d7f177,1156610100,27,xa.bhjzs.com/*
e58b9924235d50d15ce7efa2d98da66b,1156321000,1,m.bjlongfa.cn/*
e6397904964b473ff9c164c96dba14a1,1156611000,2,m.shj.cn/*
e7171944285fef464b3db0e0db12c534,1156610800,3,xa.bhjzs.com/*
e954f46af4ba79b2a1f764f68c70a686,1156610900,3,xa.bhjzs.com/*
e9a4943ebe44f5a074669e1889ba8bb7,1156610100,7,m.shj.cn/*
ea1e047638076b57ced05a8d36302da5,1156610700,6,xa.bhjzs.com/*
ea52d83d2be04bdcf051fa0284880fa3,1156620800,5,lz.zpg268.com/*
eda1d4339b496a3fc1fff36272beb371,1156610100,2,m.shj.cn/*
ede2efe73f977f6cca80a34f50c7030f,1156610300,1,www.ch028.net/*
ede2efe73f977f6cca80a34f50c7030f,1156610300,106,xa.bhjzs.com/*
ee59085e8d193500852c8e6e5a0dd1f6,1156610400,9,xa.bhjzs.com/*
eea5946e9741d4152f4e05626f8c3794,1156610100,107,xa.bhjzs.com/*
eed0d981e96bf34e107a15f658f5947e,1156610100,6,www.wuyouzhuang.com.cn/toufang/h5/*
efe0f65e02645d2f99c4923675f2c9bc,1156610100,57,xa.bhjzs.com/*
f05e09108aad40a785bbfda8d2f6a92c,1156610700,3,xa.bhjzs.com/*
f1b8fe3dad40dad4bf653111a2a363a9,1156611000,48,xa.bhjzs.com/*
f314336b360ac2425e5785295669d18d,1156610100,5,m.shj.cn/*
f4e127cde63e4e1cb4d94680a7b1f9b6,1156610100,1,www.wuyouzhuang.com.cn/toufang/h5/*
f5267ce51c6ccca93b6d85fc004461dc,1156610200,1,xa.bhjzs.com/*
f5bdc6ed853c7f7e43510bf06a3e5840,1156610700,111,xa.bhjzs.com/*
f61dc5a64053585c185058f60ac8b436,1156610500,2,m.shj.cn/*
f6398afec8942bb6f492a455038f922f,1156610100,1,xa.bhjzs.com/*
f6a3478427f6d23ebf9232de266db222,1156610600,2,m.shj.cn/*
f81a51d75009ec72874cc745553d782f,1156610800,28,xa.bhjzs.com/*
f9434bcb1c58fcaf356cd1356943c524,1156610100,1,m.yzf.com.cn/*
f9a324c1dd5f5cef8851aabe5f936879,1156610100,5,m.shj.cn/*
f9a4cab5eea9d0391fd26252d0d79c81,1156610100,1,m.shj.cn/*
f9d5397973683a2559ce2b583bf14eea,1156610600,1,m.shj.cn/*
fa9af68327bda0b6681dece287673d5e,1156610400,2,m.shj.cn/*
fab3442adc2d9e98f7ea8e24d0b9dd90,1156610100,24,xa.bhjzs.com/*
fb54f786200f59e02ae5f8bd365fa27d,1156610100,12,xa.bhjzs.com/*
ff2b2b8c34c0e7091d3e8097d0524db8,1156610900,1,www.ch028.net/*
fff5fae36da78a4d33ec546fa5fb70a2,1156610900,1,www.ch028.net/*
