0032ef0fe67b7ab2d5fa54fdaa453b1c,1156330100,1,mcappapi.cjs.com.cn/*
012f592a751305e65ea2061dab7d40f1,1156371100,1,mcappapi.cjs.com.cn/*
01d81b4b80412ae8a96e97df5b98d5c9,1156120000,1,mcappapi.cjs.com.cn/*
01d94fa6698ca273ca61935254f31f23,1156330200,1,mcappapi.cjs.com.cn/*
02845c538b7b163b7b83ccb7c5870326,1156310000,10,mcappapi.cjs.com.cn/*
02993213b2254da067b814f7bc9b6edc,1156320300,273,mcappapi.cjs.com.cn/*
02a2ba64075537a6abb47c84e1ba5735,1156370900,1,mcappapi.cjs.com.cn/*
02b0ba2605d28e62f050e5c1fc47863d,1156431000,14,mcappapi.cjs.com.cn/*
02d9b62672596b87afa0f020d8e5c2b4,1156330700,1248,mcappapi.cjs.com.cn/*
02f03b8fba4d23705f5ad8f1347bcc7b,1156330100,1,mcappapi.cjs.com.cn/*
037995e61ec83c0f32395937fd8d7504,1156440700,716,mcappapi.cjs.com.cn/*
03db49b8592f26f03bcfe1e02a74619b,1156350100,45,mcappapi.cjs.com.cn/*
03df7b42e64999da8a420bfa7b725361,1156370300,1,mcappapi.cjs.com.cn/*
04459d11dcdbf7a1db91cedf1c4a96f2,1156451000,1,mcappapi.cjs.com.cn/*
04b4e7864a3009ed09326a7af8d15fc0,1156310000,714,mcappapi.cjs.com.cn/*
05c3209b34808e62b7b955230424895e,1156330300,1,mcappapi.cjs.com.cn/*
067231d0cb4c20ebcb9d8bc55561e006,1156330700,1,mcappapi.cjs.com.cn/*
06d691cffe15597a9f53fcfb12fa96ef,1156220100,94,mcappapi.cjs.com.cn/*
06ebf1229ec09ef930c1a570862052dd,1156110000,1,mcappapi.cjs.com.cn/*
07f8b5a7a2326a67583736a1dcece012,1156510100,124,mcappapi.cjs.com.cn/*
08775ec16c4b377e1abf3cb551e996b2,1156320100,1,mcappapi.cjs.com.cn/*
087772d1deea4ea7f9bec5acab69724e,1156341500,205,mcappapi.cjs.com.cn/*
08b01e73ccc5501e21531596d6457f1d,1156420100,1749,mcappapi.cjs.com.cn/*
08c790c7b570ca2cb20c951daa7f09b3,1156330200,1,mcappapi.cjs.com.cn/*
08e749d5d468db5429d71cab761d89fa,1156370900,1,mcappapi.cjs.com.cn/*
0905854ba10dc7aed7f56aa75187893d,1156370800,1,mcappapi.cjs.com.cn/*
090db509a1a9fe1abd4ab6c24e6acd7c,1156370700,1,mcappapi.cjs.com.cn/*
0942767de5992015b1cf6c5b5a697741,1156370700,1,mcappapi.cjs.com.cn/*
0a00ffeb042e48a308480ec5196d1130,1156370700,1,mcappapi.cjs.com.cn/*
0b54bdf5c146735240a4e40b9f9f02ab,1156370600,1,mcappapi.cjs.com.cn/*
0bb280f258d99ce03ed47aafb9eb39f1,1156371500,1,mcappapi.cjs.com.cn/*
0bc88b08bda9e204a4de5c4b0aff5562,1156340200,14,mcappapi.cjs.com.cn/*
0d372fd31baf4611e98a59fd696cf7f3,1156370900,1,mcappapi.cjs.com.cn/*
0d98af8e22739165074f1a99a54605ad,1156331100,33,mcappapi.cjs.com.cn/*
0deb64e3315fa43a1ed4c25708910f1f,1156210200,112,mcappapi.cjs.com.cn/*
0e6008763434dac9f0e4cfcbaf05f480,1156330200,1,mcappapi.cjs.com.cn/*
0fd09810e6ae22778c832fc9924d9102,1156350200,54,mcappapi.cjs.com.cn/*
101cfc410b859620949393c86a4ebbea,1156310000,1,mcappapi.cjs.com.cn/*
109dc8a26403d2f73107a2ea89285787,1156371700,1,mcappapi.cjs.com.cn/*
116897c1e0f98ff6974be590759e9f53,1156370500,1,mcappapi.cjs.com.cn/*
1215c61d02437b3241d415c158a5a1a0,1156370100,1,mcappapi.cjs.com.cn/*
1343b5c83f6b87c2310888bc3cd28fe6,1156431200,1,mcappapi.cjs.com.cn/*
138a92284f120310a502bcc87e2ad3f2,1156120000,1,mcappapi.cjs.com.cn/*
14512d0950e033ebfd70a0e20f01007e,1156150200,272,mcappapi.cjs.com.cn/*
151b75356e03fd19861a9f0bd678112d,1156620600,4,mcappapi.cjs.com.cn/*
15f03b8149e2f904a2444cea52a1d665,1156441400,1,mcappapi.cjs.com.cn/*
164dc080b6b89cec56f52b6287f6c530,1156510100,6,mcappapi.cjs.com.cn/*
1691da1b45dc072d2635bdb55d306556,1156510100,278,mcappapi.cjs.com.cn/*
170bafb1df020551d2dccb1177af30f2,1156451300,1,mcappapi.cjs.com.cn/*
174a5423137f3e0d3c477675130c69de,1156341600,1,mcappapi.cjs.com.cn/*
174b4c54eac56d842d26a76b844c289e,1156500000,1,mcappapi.cjs.com.cn/*
1787d37a3d1bd13a808ad48dce778f8e,1156450100,1,mcappapi.cjs.com.cn/*
1837cc480f4ddfefb536941387d409ac,1156371400,1,mcappapi.cjs.com.cn/*
18ba87fda072961318ad1fedc3ee08b2,1156450200,1,mcappapi.cjs.com.cn/*
195528fd1afd600fb6b9233fcfb673d5,1156310000,208,mcappapi.cjs.com.cn/*
19f492baddb9cec13488fb2e08b8284b,1156371100,1,mcappapi.cjs.com.cn/*
1ac9ffc6b4f64496931e6dd92824efbf,1156110000,11,mcappapi.cjs.com.cn/*
1bc4f009123c7e1304d98066370d3a21,1156370600,1,mcappapi.cjs.com.cn/*
1c613b1565305982b0f62ec6b945b7d6,1156370200,1,mcappapi.cjs.com.cn/*
1c92b24caf3b1970c25a9cccb0613ca8,1156310000,1,mcappapi.cjs.com.cn/*
20c43776aa6293ad59da2f59eb99f46d,1156441900,16,mcappapi.cjs.com.cn/*
20f2401d7c218441bc3faae54eb3acbd,1156510100,154,mcappapi.cjs.com.cn/*
211cba8c472c3766c710650c4ff4ddbc,1156370800,1,mcappapi.cjs.com.cn/*
2174dfbd2795594c9997651d5cb68aab,1156450900,1,mcappapi.cjs.com.cn/*
226793f9d9fad0c7b13b4e75c262104c,1156340400,1,mcappapi.cjs.com.cn/*
2413a796ad4d08cae683ba75566146b7,1156330200,1,mcappapi.cjs.com.cn/*
242086b3a00ead4f85c06df9fce374da,1156440200,11,mcappapi.cjs.com.cn/*
2505bddf2ef2b174f81efa8ccace346e,1156450100,1,mcappapi.cjs.com.cn/*
257afb226fb8e897183a73dfdd4dd637,1156370600,2,mcappapi.cjs.com.cn/*
25fed607107a360c70e498c8401affb3,1156370600,1,mcappapi.cjs.com.cn/*
26c22f4f16ad8a68d5402739bac24f70,1156510100,3,mcappapi.cjs.com.cn/*
26f351300400337ed6a90db8bfe7f77a,1156450100,1,mcappapi.cjs.com.cn/*
270858b87ffd846b8502aa5dcfea1ac6,1156520200,13,mcappapi.cjs.com.cn/*
28408342144316ba54b4ef104e2730cd,1156330800,9,mcappapi.cjs.com.cn/*
28e75c2f00fcc13a17b96b53b88551e6,1156620500,1,mcappapi.cjs.com.cn/*
29267300703d76124f6ec5ad73660c1d,1156320200,136,mcappapi.cjs.com.cn/*
293422e91f9e7d31f6c27d6f7ff87dc2,1156421000,1,mcappapi.cjs.com.cn/*
295682a75a4ae870e78ff80b92435e46,1156350700,51,mcappapi.cjs.com.cn/*
2979afcb989bc77183fe3fb3c62d51f0,1156331000,1,mcappapi.cjs.com.cn/*
29a5a7087797f2a8c522fdfdf2cd83c4,1156451300,1,mcappapi.cjs.com.cn/*
29f475bf7483fd1a4d5a6d457974dfdd,1156370400,1,mcappapi.cjs.com.cn/*
2a042a9405be73352ca8c6310a67df6a,1156420300,16,mcappapi.cjs.com.cn/*
2b03f40c6a52ed58c77466bbdb9ed1de,1156330200,89,mcappapi.cjs.com.cn/*
2b355350d7da0de809e651799a69198d,1156370200,1,mcappapi.cjs.com.cn/*
2b4a04cf4e6301ec7f676eebdfda7a95,1156450100,1,mcappapi.cjs.com.cn/*
2c7e0a2b1fd909e228276c629418554d,1156371300,1,mcappapi.cjs.com.cn/*
2cfed20a1394abc1d1ff77ac03023bb5,1156371700,1,mcappapi.cjs.com.cn/*
2dc48748e8a2f89fe0e2c5b113cd7315,1156450300,96,mcappapi.cjs.com.cn/*
2e9681f026e91fc2b1f8f10ba7e90d77,1156340500,1,mcappapi.cjs.com.cn/*
2edfb8346fa9751d278ebc36516777ad,1156310000,39,mcappapi.cjs.com.cn/*
2ee4690cf6b718cbb819a21db7b2c408,1156510100,318,mcappapi.cjs.com.cn/*
2f2fee0340f68aa9002298640174787d,1156341200,3,mcappapi.cjs.com.cn/*
3054e822957a3f48e0cc3831caa0628a,1156610100,123,mcappapi.cjs.com.cn/*
30bbfe2f3330d38566c2fb0a2371e3d4,1156370800,1,mcappapi.cjs.com.cn/*
30cd971c0654b3025a02bca607ea7801,1156451100,1,mcappapi.cjs.com.cn/*
3174a5f5ff157627d132b9e3b0a09f16,1156310000,20,mcappapi.cjs.com.cn/*
31b18acb9f082fdca7b8a8128716180e,1156360200,62,mcappapi.cjs.com.cn/*
31fcb1bf0e12bbd453c151283446c97c,1156330200,1,mcappapi.cjs.com.cn/*
32476b90d698d7c9ef83256bbc1bb9fd,1156371000,1,mcappapi.cjs.com.cn/*
328c02bb0c533c2fc2f1e4562cccc448,1156331100,1,mcappapi.cjs.com.cn/*
3317c32dcf74062dca5cecc1682b31b1,1156371300,1,mcappapi.cjs.com.cn/*
33f0ea2ddc750ffbbfdd45ec5851f0e9,1156371000,1,mcappapi.cjs.com.cn/*
34092cb92421283b76668e0b4a5de360,1156330200,1,mcappapi.cjs.com.cn/*
3454180e2d55bfed00eaed90af7d1456,1156450200,1,mcappapi.cjs.com.cn/*
3476cfea2486917f26b5ae4dcf3931ac,1156371000,6,mcappapi.cjs.com.cn/*
3560027eb8d75e700227c8b3278f157d,1156450700,1,mcappapi.cjs.com.cn/*
358e6b853912e26f33ff01aa7e65590d,1156331000,1,mcappapi.cjs.com.cn/*
371ead6a1c956be914b7926b519a5cdf,1156341100,1,mcappapi.cjs.com.cn/*
377020e334013f5e16d8395a79cd9f9c,1156370200,60,mcappapi.cjs.com.cn/*
38085cd3c33c10b1b7b5dd7068f123c5,1156330100,1,mcappapi.cjs.com.cn/*
382e4419848f5535e939a3481c54453e,1156310000,1,mcappapi.cjs.com.cn/*
38f91cd6dec56a178969b5fc8e1e653c,1156340100,1,mcappapi.cjs.com.cn/*
39b1007b1a92188be26ad7198e744105,1156341100,123,mcappapi.cjs.com.cn/*
39c51db7df347e432512589a2f0f4042,1156510100,57,mcappapi.cjs.com.cn/*
39ec8e27940d362e64693ee3efdea767,1156421800,80,mcappapi.cjs.com.cn/*
3aa666edc5dfd390cf17b92c1486d695,1156130100,322,mcappapi.cjs.com.cn/*
3baf9ff1fde90a6dd48bcfff38378d03,1156421800,1,mcappapi.cjs.com.cn/*
3bbe5682e97f14c0624508a1a00d798e,1156340100,1,mcappapi.cjs.com.cn/*
3c29f73bd822423ad1b3dffb5cc8c655,1156340100,1,mcappapi.cjs.com.cn/*
3cb1c770599bcdade9c57889baaf73bd,1156330300,1,mcappapi.cjs.com.cn/*
3d25e5bd4ec65a6601fae57ba682e4a9,1156370800,5,mcappapi.cjs.com.cn/*
3e43fd41fca7e5c3eaa59e6f276279bf,1156410100,1,mcappapi.cjs.com.cn/*
3e56d1fff0d639388f321da873ffa2b7,1156450500,1,mcappapi.cjs.com.cn/*
3fc0d344ccdd53c2bb2720ce04918dea,1156621100,1,mcappapi.cjs.com.cn/*
4051fbfc4d5852939ea6800ef4410a0e,1156451000,1,mcappapi.cjs.com.cn/*
40de5b105fbb9b43a57818851020b4df,1156131000,1,mcappapi.cjs.com.cn/*
4136fa326f4465615103c973598d1298,1156620800,172,mcappapi.cjs.com.cn/*
4213f9bbd54f3a6b79a1a563084d50c0,1156341500,1,mcappapi.cjs.com.cn/*
428027a89afa325998bfd09f926f1f59,1156340100,1,mcappapi.cjs.com.cn/*
42985a3cc512550408e1bf6b8bbb6482,1156210200,6,mcappapi.cjs.com.cn/*
43bf0852e1451c787b50b4da9934988e,1156450100,202,mcappapi.cjs.com.cn/*
43ed9d5c2dbbe391a267d6a223975986,1156620100,22,mcappapi.cjs.com.cn/*
441569b1f7df1ebf523fa308ee1d9c1e,1156340800,275,mcappapi.cjs.com.cn/*
4464dc8b79b96006abaca8c43c40ac57,1156420100,4,mcappapi.cjs.com.cn/*
44b5568a2e4f4111769c9bf917dbcfc3,1156370600,1423,mcappapi.cjs.com.cn/*
48f747277ff35527587f64d44ae20009,1156360300,376,mcappapi.cjs.com.cn/*
4abb9f9cf92a3c83a1ca7fc6003a572f,1156350100,1,mcappapi.cjs.com.cn/*
4ac7ebef7bc5f1d7940c485e8b3e17a5,1156360100,1291,mcappapi.cjs.com.cn/*
4b3f618c4eea646078335c598ef0f006,1156120000,1,mcappapi.cjs.com.cn/*
4b824c33efe48f95705bd041a122902d,1156220600,134,mcappapi.cjs.com.cn/*
4b82f4fbd05714068d3e182826873ce5,1156130200,266,mcappapi.cjs.com.cn/*
4c250162ad0400af06f02af4f9926407,1156440300,434,mcappapi.cjs.com.cn/*
4ccbd804fb1c29a4c0b134f96626d331,1156510100,78,mcappapi.cjs.com.cn/*
4dc3cb424f94644e600ad7fbd1cfea28,1156350200,69,mcappapi.cjs.com.cn/*
4e09469ffe2a7bd4b0fcae287213a3e3,1156331100,195,mcappapi.cjs.com.cn/*
4ed3d9944b0719899dc34d2b285e0116,1156500000,75,mcappapi.cjs.com.cn/*
4fe6defb6664227ae3b38d881c1480fc,1156330100,1,mcappapi.cjs.com.cn/*
509bc6fea8947c5eec050fef076eb273,1156330900,2,mcappapi.cjs.com.cn/*
510ae39503be8763646106f7b6a0116e,1156320300,1,mcappapi.cjs.com.cn/*
5118dafb7cadea24625213f6b81ca28d,1156310000,3,mcappapi.cjs.com.cn/*
51e8ead6d1681349ef4900709ab4b213,1156341200,1,mcappapi.cjs.com.cn/*
51e9a6161bba0422f7b44fa3c213650c,1156370200,433,mcappapi.cjs.com.cn/*
5202c212bfd97e6bdcf96acbf86c7b9d,1156370400,1,mcappapi.cjs.com.cn/*
52c708ada01ec930af8cfa1171fb26e9,1156610400,7,mcappapi.cjs.com.cn/*
53628fd245ef4915733bcfcbc2f8e84e,1156371300,1,mcappapi.cjs.com.cn/*
53bd14bb4eb18e92ed9cc3c7426bbc52,1156450200,1,mcappapi.cjs.com.cn/*
53eecd10246b6a5a7ee5d65b6866323a,1156370900,1,mcappapi.cjs.com.cn/*
55e93a5947cabc341943476a582403f7,1156341200,1,mcappapi.cjs.com.cn/*
563e83aea9cffcff6d1989805e7e8915,1156411100,43,mcappapi.cjs.com.cn/*
570c02623d67ecc95c2ba74eacbbe70d,1156430200,25,mcappapi.cjs.com.cn/*
57a554eb7ed9631f0d49044430461b8f,1156500000,1,mcappapi.cjs.com.cn/*
57e3c52e80851f60ead90d04c8177780,1156310000,1,mcappapi.cjs.com.cn/*
58624160d486c4f19f8d6767bffc3a64,1156310000,2,mcappapi.cjs.com.cn/*
58a50ea3c11f5099db0a73039f06f52e,1156340100,445,mcappapi.cjs.com.cn/*
58ac96f66defd275c91c5d29342843a3,1156370500,1,mcappapi.cjs.com.cn/*
58af1e1d946ea472801de906add33eba,1156500000,96,mcappapi.cjs.com.cn/*
5952243bedd3195d3e485e1aa5ba158d,1156640100,117,mcappapi.cjs.com.cn/*
5952a1a6f3acba3239c390bff13c0f56,1156310000,48,mcappapi.cjs.com.cn/*
59a1aa96f2f8942ad1aeec5f22dabed5,1156131100,1,mcappapi.cjs.com.cn/*
59a9e41226826e91248a03d8b9fe1945,1156450100,1,mcappapi.cjs.com.cn/*
5a1f9eb21c137f68023461754009ef6d,1156341300,1,mcappapi.cjs.com.cn/*
5c346ba486f6c26ef60b021004eb3566,1156371100,1,mcappapi.cjs.com.cn/*
5c350754aca5f2304d94a106b49f06e6,1156370600,1,mcappapi.cjs.com.cn/*
5cc10660d87a106ac5fa8fdeba5e77e0,1156350200,103,mcappapi.cjs.com.cn/*
5cd8af0226dc934e6bd013da0853d121,1156330500,114,mcappapi.cjs.com.cn/*
5ceecabfb30b2e655ad00214bfeadfee,1156450100,16,mcappapi.cjs.com.cn/*
5d3064f35f55a3f9cfc87be24f5573d8,1156360500,563,mcappapi.cjs.com.cn/*
5d40ea18ea16bf45fa3bfd502097c3c4,1156510500,5,mcappapi.cjs.com.cn/*
5d9f1f48e5fc5e9dc0cd597f4da21318,1156320600,1,mcappapi.cjs.com.cn/*
5df6320f3369adcd4b0c02aa1435d508,1156320600,1,mcappapi.cjs.com.cn/*
5ea8c742d9c499a37911775ef5a785f7,1156410700,1,mcappapi.cjs.com.cn/*
5efc8aeb3ead757a2eec2e90f1409575,1156371600,2,mcappapi.cjs.com.cn/*
5f4ca39eef3e0236223d759b35ad891b,1156500000,1,mcappapi.cjs.com.cn/*
5f77a925bdf722ad8d3dfe3a23ee004f,1156320100,95,mcappapi.cjs.com.cn/*
5fe0584341b48ff09380e3f0a014d8b9,1156371500,1,mcappapi.cjs.com.cn/*
60938a27e8b03f49bba1ef9dbc3bfba4,1156451000,1,mcappapi.cjs.com.cn/*
615df1581a71a9d284cc4971308f21af,1156500000,12,mcappapi.cjs.com.cn/*
618fe2474c655965d7f6347966eb28f0,1156411600,1,mcappapi.cjs.com.cn/*
624354c2801328c60d0a01669ad27cff,1156210200,1,mcappapi.cjs.com.cn/*
624e2a0d3a88b56957344621f2a0321c,1156130100,281,mcappapi.cjs.com.cn/*
62e0e2f21c15fa626bd5ffb6b2f73928,1156320300,166,mcappapi.cjs.com.cn/*
634c755b5f0b208cd3ad7c5297227d21,1156320500,1,mcappapi.cjs.com.cn/*
63e21f409a249dd6dd4999224486a133,1156370400,44,mcappapi.cjs.com.cn/*
6409789e8f71d5ef684d45dc71ae434e,1156441200,8,mcappapi.cjs.com.cn/*
64a9e9c8904024684435ea72de06364a,1156410800,1,mcappapi.cjs.com.cn/*
6581da75467a13eeb99bf80ef25dcd69,1156340100,12,mcappapi.cjs.com.cn/*
668c90038d69de2574120b41f042a180,1156321000,116,mcappapi.cjs.com.cn/*
66c1e69e1cb55cb96ab49643d12ad30d,1156370100,3107,mcappapi.cjs.com.cn/*
68333d75bfe8196c3adb5d2e6b0611da,1156451200,2,mcappapi.cjs.com.cn/*
691154ba432670660e8aaa33dd6b3ef6,1156450300,59,mcappapi.cjs.com.cn/*
6937b3e06128672d79d4912a5519850f,1156330200,1,mcappapi.cjs.com.cn/*
6a287f56032bc02f66a93a3d622e62ea,1156330100,1,mcappapi.cjs.com.cn/*
6ae8c8d88a2a88f09ae68d3bf884348d,1156310000,378,mcappapi.cjs.com.cn/*
6b1aee776d6c6ef5008afb400a64e558,1156371100,1,mcappapi.cjs.com.cn/*
6be574fcf0880af2b8f6f3ecac7e37f4,1156361000,1,mcappapi.cjs.com.cn/*
6c0268dba5a91f4256c2fe2031a0037c,1156320200,1,mcappapi.cjs.com.cn/*
6c64d839acac45ddf124437a26b76b39,1156450700,1,mcappapi.cjs.com.cn/*
6e196272f04c9a1be05718dfa5138726,1156330700,1,mcappapi.cjs.com.cn/*
6e5ed7d748adb34140ff679a0a4f9b69,1156370100,34,mcappapi.cjs.com.cn/*
6f0862f7b2c3756e7f20f4d36ea1ab6b,1156370100,1,mcappapi.cjs.com.cn/*
6f19f49e19542d0d5dadb31180ab31ec,1156450300,3,mcappapi.cjs.com.cn/*
6f7bd4b7bfbc255a40cdebd3d8ed137f,1156120000,1,mcappapi.cjs.com.cn/*
6f9a2239243d9361e4d59246105ecb73,1156130100,42,mcappapi.cjs.com.cn/*
70fff4d63ebceb47ec0fc1ea1c95c3f8,1156451400,1,mcappapi.cjs.com.cn/*
71b95278177b1592ff5564cd2447ec84,1156371400,1,mcappapi.cjs.com.cn/*
72542cbd374fe0e83d63c7655e80a50a,1156140500,56,mcappapi.cjs.com.cn/*
73c3879086330efee6413dc9d3fec92a,1156430500,3,mcappapi.cjs.com.cn/*
73ca8644f4f9c16a93af3d0314d90362,1156131000,1,mcappapi.cjs.com.cn/*
748cc482727b4f6eeec5aedfdd873e9b,1156210400,44,mcappapi.cjs.com.cn/*
762b151a0c7264e38a7ebb05fea898fc,1156330500,1,mcappapi.cjs.com.cn/*
768804c53514bce88f2bc87bede556b8,1156330400,1,mcappapi.cjs.com.cn/*
76aa1ef0e1891d623dba06709d5ccce4,1156450600,1,mcappapi.cjs.com.cn/*
76cdc8a8ac0eaf0c999d7991815982be,1156130100,26,mcappapi.cjs.com.cn/*
77880a32b457e0642f377d4f6466da1b,1156350400,55,mcappapi.cjs.com.cn/*
78acf24761afb3a25137798e1c81bd7d,1156330600,1,mcappapi.cjs.com.cn/*
79a01f94b6dcc49ba37e7881e88ec824,1156370400,1,mcappapi.cjs.com.cn/*
79eb748b028704cf1c63846e806058c9,1156511000,294,mcappapi.cjs.com.cn/*
7a6c1c05ee9d4b3de8a59258022de07b,1156450700,1,mcappapi.cjs.com.cn/*
7ae7efc49ddf5910ea5459f82e488e51,1156310000,1,mcappapi.cjs.com.cn/*
7af86e6724ef4032b5c34e6f6ac8bd11,1156341800,196,mcappapi.cjs.com.cn/*
7afad07fb197524a51728024a5de9f59,1156341600,1,mcappapi.cjs.com.cn/*
7c75d87666861f7eff6b45e47465cfe6,1156330100,27,mcappapi.cjs.com.cn/*
7cf5f32fb7b3de2816044ffbd657a9ae,1156451300,1,mcappapi.cjs.com.cn/*
7cf6524a05e7a5397ef216e503117b5c,1156320500,1,mcappapi.cjs.com.cn/*
7d817b7efe26dcc49147697f18e81d31,1156130600,53,mcappapi.cjs.com.cn/*
7dc61d741ec76e8f8f8ba7c79d5d7d2f,1156330200,1,mcappapi.cjs.com.cn/*
7e4795c8430a927befa25f72191c80f0,1156360100,1,mcappapi.cjs.com.cn/*
7f636010d70aaac78afac73d99e81a27,1156371100,1,mcappapi.cjs.com.cn/*
7fcf51409b4daa56287a08ef5d486a86,1156310000,446,mcappapi.cjs.com.cn/*
801fe2e797c87b0f329461a20c03cbdd,1156500000,125,mcappapi.cjs.com.cn/*
811b282f97ed3deb6bef4e6e74d30420,1156310000,11,mcappapi.cjs.com.cn/*
82062d7310c287589aa30972a5aad1b5,1156370300,1,mcappapi.cjs.com.cn/*
830540ea2ee3859cebd59ded48d55af2,1156610500,395,mcappapi.cjs.com.cn/*
832a6c53337cbe69bb3c3e245b10160b,1156451300,1,mcappapi.cjs.com.cn/*
8418370b6864b3929c9f5555c412ae87,1156330900,629,mcappapi.cjs.com.cn/*
84bb43c57185304d58be906d956e58da,1156370900,1,mcappapi.cjs.com.cn/*
8507d636472f40d3008aa03a8953336c,1156310000,57,mcappapi.cjs.com.cn/*
856d5a2351dffb3b8225d7f60113be96,1156341200,1,mcappapi.cjs.com.cn/*
8585bb40de9ef5374bd60bbb26fbfe0c,1156370700,2,mcappapi.cjs.com.cn/*
872742bbfd28ecb30a881c4c8c0dd331,1156371500,1,mcappapi.cjs.com.cn/*
8870fae2bb2577bbce89614ff2fcd666,1156370600,1,mcappapi.cjs.com.cn/*
887291f8c8d4d1fc484483cd581b3cb4,1156331100,1,mcappapi.cjs.com.cn/*
888de0dc7b08ff394e47fc684f8d42a0,1156110000,40,mcappapi.cjs.com.cn/*
894ecbd45afb2c8893e665fa13e7ee50,1156320500,1,mcappapi.cjs.com.cn/*
8a187d989f86cbee2ea5093781451dc6,1156440600,3081,mcappapi.cjs.com.cn/*
8d0cba2253ee8bafa83306dee2846745,1156451000,1,mcappapi.cjs.com.cn/*
8d2c4f023f01c5a6e9d63fd8b0f66369,1156310000,23,mcappapi.cjs.com.cn/*
8ee1e9acbab6a5599b31da36bbe43eb1,1156370300,1,mcappapi.cjs.com.cn/*
8fc5adcda26b744fa2e45112cec63d07,1156330900,1,mcappapi.cjs.com.cn/*
91c0a9616b56fd994765b5210826fc36,1156371300,1,mcappapi.cjs.com.cn/*
925b3f45d3823fdde5900f70dfa5ce38,1156450300,1,mcappapi.cjs.com.cn/*
928c6f05589502ef5a930ab72e8a0dd9,1156510100,1,mcappapi.cjs.com.cn/*
92ca719b7079567a64c14eebaac86467,1156350200,95,mcappapi.cjs.com.cn/*
931045b455dbd911ece4d61504b944cb,1156370700,1,mcappapi.cjs.com.cn/*
93278fbf7e722ac25ea8ca81e5f2fb74,1156361100,91,mcappapi.cjs.com.cn/*
957986f6ff6d2518d2647a77b8e57eb9,1156310000,181,mcappapi.cjs.com.cn/*
95c67026f223f0979ef2f11dd861a42c,1156522200,81,mcappapi.cjs.com.cn/*
96042677805b3b47e9e47ea46bca1cc8,1156370700,1,mcappapi.cjs.com.cn/*
962b9154af28058dcf60a046f43065b7,1156120000,1,mcappapi.cjs.com.cn/*
9638389e80251e4e6bf2b5205a1e02f2,1156370200,1,mcappapi.cjs.com.cn/*
97bce6cea28a489e58cdeaffab0257d4,1156310000,1,mcappapi.cjs.com.cn/*
9816a01b67c30d262493c37505f1daf4,1156341600,1,mcappapi.cjs.com.cn/*
9892b18647880b7d04f17ace21ff1165,1156341500,1,mcappapi.cjs.com.cn/*
996f8801fa9a2b4f87ead13d269ecbd2,1156340300,1,mcappapi.cjs.com.cn/*
99e754fb11b0e2ae99ecfda45e559d03,1156330200,1,mcappapi.cjs.com.cn/*
9b1d0915084d3eb41ee033c55966885c,1156621000,126,mcappapi.cjs.com.cn/*
9c5df5e55ae943bc6f1ad2393256c9b1,1156370100,1,mcappapi.cjs.com.cn/*
9c69d402c5b3f95dddbd4617f6d8d618,1156371300,1,mcappapi.cjs.com.cn/*
9c9032da6fa9d59264ca04b1f6915541,1156210200,1,mcappapi.cjs.com.cn/*
9d19f78da6e049d53e986c773be8c098,1156130100,327,mcappapi.cjs.com.cn/*
9d396e9c136b0ef8b4ff02d403c1bfd7,1156350200,33,mcappapi.cjs.com.cn/*
9e56dd0e6f65136879129f080e8a5841,1156370400,1,mcappapi.cjs.com.cn/*
9e814e0aa39e28214b84f6c5e2289aaf,1156510900,1,mcappapi.cjs.com.cn/*
9ec1d3782f6be445672e1bf355d21590,1156330200,222,mcappapi.cjs.com.cn/*
9f278dfcca90ab5a5805c1d361daf91e,1156320900,757,mcappapi.cjs.com.cn/*
a03fee6210bbeba96a1b067a2290ea26,1156371700,1,mcappapi.cjs.com.cn/*
a157798f07790abd697fbc169bcb80c7,1156330100,1,mcappapi.cjs.com.cn/*
a1d381a67cbfba57ba3a5c245e362ddf,1156370700,1,mcappapi.cjs.com.cn/*
a228e227fd58bca829774840594cf72b,1156350100,571,mcappapi.cjs.com.cn/*
a241385be064a94e79b73f0b1400ce16,1156310000,80,mcappapi.cjs.com.cn/*
a38590f6b55f4a96d8d914ec766b07eb,1156330300,117,mcappapi.cjs.com.cn/*
a4f45eb40e429c4ac0fc8ab49aad7b92,1156110000,256,mcappapi.cjs.com.cn/*
a53390829a641feb009f950d2b4e4b31,1156440100,251,mcappapi.cjs.com.cn/*
a5e2a5c0a0d53c0cbf6dc5b6464bc6a6,1156350600,217,mcappapi.cjs.com.cn/*
a6790d6a18f42cfcf0c694c403455f21,1156370700,893,mcappapi.cjs.com.cn/*
a7aad56491ff61484742a760796619a3,1156370100,1,mcappapi.cjs.com.cn/*
a860fa9a6b96ba03a1143c1931b1f503,1156341300,93,mcappapi.cjs.com.cn/*
a86c10ba28a466cdffa56aa8ed2878bf,1156610800,223,mcappapi.cjs.com.cn/*
a914d54c52745c3e2e44a12b643b87f3,1156350800,1,mcappapi.cjs.com.cn/*
aabe8f09401118994249e23e25f92e4a,1156450500,1,mcappapi.cjs.com.cn/*
aae68645c393265c7c5f6909f8e95575,1156320500,1,mcappapi.cjs.com.cn/*
ab010dca4dfb02c67e0224fee4a269c8,1156320100,97,mcappapi.cjs.com.cn/*
ab397e07eda6ed8eca59c842b386e636,1156370500,1,mcappapi.cjs.com.cn/*
ab71e9805584e69737cc3dbdfc0bde05,1156450100,1,mcappapi.cjs.com.cn/*
ab78e4d1e9742e4fd06b9c69b9579c51,1156450900,1,mcappapi.cjs.com.cn/*
abd5111e112cf13c3f518d5de02df6f0,1156430100,110,mcappapi.cjs.com.cn/*
acc87b2bb842bd390a84aa6ad829cba9,1156310000,2,mcappapi.cjs.com.cn/*
ad4171c515fde4968f12f00de7a6d3f7,1156310000,1,mcappapi.cjs.com.cn/*
afb24ef10d4effe51727cafff13acbf1,1156220100,568,mcappapi.cjs.com.cn/*
b042e9c5539eec651500f975fa4610aa,1156370600,1,mcappapi.cjs.com.cn/*
b0abd50002b2ef8ec39fc1553aabc3da,1156441300,310,mcappapi.cjs.com.cn/*
b11e44cb5e12323c5a1e7fde44753136,1156532900,967,mcappapi.cjs.com.cn/*
b132a96879b31b86f890531466acb31d,1156330900,1,mcappapi.cjs.com.cn/*
b1acb8fd5e1cd3f4deaf776ac93c6244,1156441400,105,mcappapi.cjs.com.cn/*
b1dab1a14213f350dd9d350365be4715,1156341500,1,mcappapi.cjs.com.cn/*
b2ef2b5a39736b92f29bc3c822a20ba0,1156310000,1,mcappapi.cjs.com.cn/*
b34203434d08cdc49765c7af913b53e8,1156330100,1300,mcappapi.cjs.com.cn/*
b369886c7577d1d4a5cbbd31f49311fb,1156331000,1,mcappapi.cjs.com.cn/*
b3d7b7fdc79e5cfc9d4910875dab67f0,1156341800,1,mcappapi.cjs.com.cn/*
b3e465be9615b0b71b9386823be80188,1156370100,1028,mcappapi.cjs.com.cn/*
b3e8ae725b43a15d49ffdc497823a6c6,1156371300,1,mcappapi.cjs.com.cn/*
b4085f24bf50be1a73cef6b4618673ff,1156310000,1,mcappapi.cjs.com.cn/*
b408ce9fabe15df8832663042bc8a99e,1156310000,11,mcappapi.cjs.com.cn/*
b40eff19f297d76df931c38704ca268a,1156330600,1,mcappapi.cjs.com.cn/*
b4d8f93f0638b5c5f34935fad0ad665b,1156130100,1,mcappapi.cjs.com.cn/*
b550cc1bcbc488847dbb1351c58ebad2,1156370600,1,mcappapi.cjs.com.cn/*
b59b28b20c9e69c787ec59e095cbe34c,1156331100,1,mcappapi.cjs.com.cn/*
b5ad7d29fa6088dad77981c28763ea3f,1156441300,108,mcappapi.cjs.com.cn/*
b632ef08f8c09705a50256fff8e8a06e,1156210200,1,mcappapi.cjs.com.cn/*
b64228bfffeefa44f417f130996746f0,1156370200,1,mcappapi.cjs.com.cn/*
b697882634e1e274df58ef49433e68cc,1156340600,1,mcappapi.cjs.com.cn/*
b6ca72e070ec073393eec23ecdb2d505,1156340600,37,mcappapi.cjs.com.cn/*
b73d5a62cd2119519f4aebc9fa9ac50c,1156450200,1,mcappapi.cjs.com.cn/*
b7cf759ec6ea5d72c44c7b34f42650de,1156330100,50,mcappapi.cjs.com.cn/*
b853a8b4eaca58349b84d0c5c2eccd84,1156130600,1,mcappapi.cjs.com.cn/*
b905a39d819322200a31a04ed7caebbd,1156450400,1,mcappapi.cjs.com.cn/*
b9086fd069dd7d1c8375236e2e10309d,1156230800,1,mcappapi.cjs.com.cn/*
bc43305b74c28dc9963cbeb5851bc4e4,1156330700,8,mcappapi.cjs.com.cn/*
bcc30f56714f241976c5f842d82df038,1156450800,1,mcappapi.cjs.com.cn/*
bd28f06fa3417b4ddc430045b3741771,1156451200,1,mcappapi.cjs.com.cn/*
bd588ac7702fae3ff9154ce707daf485,1156340800,1,mcappapi.cjs.com.cn/*
be25e8f5876f65a150d3fc7d9c5a5753,1156450900,2942,mcappapi.cjs.com.cn/*
bf69d798fe34764e5e14c31ee23099b9,1156370400,1,mcappapi.cjs.com.cn/*
c05e6ac936cbdcc44a31db7e5996bdf0,1156411600,587,mcappapi.cjs.com.cn/*
c1ae316ad6fc562fc203394619545fa4,1156450300,542,mcappapi.cjs.com.cn/*
c2250259f66faa14606faacc4f481435,1156330100,1,mcappapi.cjs.com.cn/*
c29e6526299ce5a321d2b27818b40a45,1156371700,1,mcappapi.cjs.com.cn/*
c2b386f292c2844857ff82ed18686910,1156520200,418,mcappapi.cjs.com.cn/*
c4f810b04439794cec6dd5334ea05b03,1156371600,1,mcappapi.cjs.com.cn/*
c5183fa7b6732b2d4784cd67d7e388dd,1156511400,2,mcappapi.cjs.com.cn/*
c52685845d0f87f6f597933311b17a33,1156445200,7,mcappapi.cjs.com.cn/*
c5b1432a56db4693c2346aa2d910b7ab,1156371000,1,mcappapi.cjs.com.cn/*
c5b9862c973117c48365965571ffb45a,1156450200,1,mcappapi.cjs.com.cn/*
c5dd81a6aadb8be53a5b29faef594772,1156320200,5,mcappapi.cjs.com.cn/*
c6a9eaeec83d94c87eebddaadf71fa41,1156310000,1,mcappapi.cjs.com.cn/*
c727a43744f45a116f3102e7309ba5e6,1156450300,2,mcappapi.cjs.com.cn/*
c7db4779048d51863414693c3e4da54a,1156370200,1,mcappapi.cjs.com.cn/*
c8dd2f6cd67e8d5939218d7bc31f8881,1156440600,99,mcappapi.cjs.com.cn/*
c972d2932dc977d49518bb5a165bb5f4,1156500000,416,mcappapi.cjs.com.cn/*
ca19557802ca754dcee19307d7c60f16,1156370300,1,mcappapi.cjs.com.cn/*
ca39698f438d1f0eaac8e740f300e3ea,1156330100,1,mcappapi.cjs.com.cn/*
caafd660d7c3a993fc58a2885a9316cd,1156450300,1,mcappapi.cjs.com.cn/*
cab2113aba00bbc69938f10eff8f2524,1156371000,1,mcappapi.cjs.com.cn/*
cb3797d0b7c818614f942334d989cb8d,1156310000,1,mcappapi.cjs.com.cn/*
cc7834444852cc85131166afaa9efaff,1156130600,6,mcappapi.cjs.com.cn/*
cc996199890fc520a7e4a01bfda2589c,1156310000,14,mcappapi.cjs.com.cn/*
cd5dda39d3f316e08973f2e897b63fce,1156320100,21,mcappapi.cjs.com.cn/*
cf4b2bc60880c9a816571f1e2154dc0b,1156530300,1,mcappapi.cjs.com.cn/*
cf8a29c476be1c4b74823b66f39f43bc,1156120000,1,mcappapi.cjs.com.cn/*
cfb96a62f51579eb267f49cd0c2c7f74,1156370400,1,mcappapi.cjs.com.cn/*
d1434867555b449b8fe0395e7d248adc,1156370700,9,mcappapi.cjs.com.cn/*
d22b012e20eb047b5c03e9b445b6db26,1156371400,1,mcappapi.cjs.com.cn/*
d26441f3251f2bdf37752b2cb4cf42d3,1156371000,1,mcappapi.cjs.com.cn/*
d332521823a057e92a6b3c4f0f159f08,1156420100,150,mcappapi.cjs.com.cn/*
d3c833ac044f89e9c93dc7a061603d27,1156330600,1,mcappapi.cjs.com.cn/*
d41b7b4e4afa5f4d12c1e59a2f570a6d,1156500000,554,mcappapi.cjs.com.cn/*
d48d45c362228b2292ccb8e9275d8edf,1156510100,124,mcappapi.cjs.com.cn/*
d4d81deec9a4c7cbdc073ed15d95164e,1156420100,42,mcappapi.cjs.com.cn/*
d4e25406c3d9cee0b323db5ba24f0194,1156131000,30,mcappapi.cjs.com.cn/*
d59dd5fe03a48cf78dd511a2be7a75e3,1156371000,1,mcappapi.cjs.com.cn/*
d6a7ad1a8c870420d925c088f0b2d926,1156330400,1,mcappapi.cjs.com.cn/*
d7be54a1cd1dbe65f6ebeae69221710e,1156430200,1,mcappapi.cjs.com.cn/*
d8682a446865bd8603288dceae6d5b2a,1156370600,57,mcappapi.cjs.com.cn/*
d88b5c58990934718c435f4a9d863e2b,1156371300,1,mcappapi.cjs.com.cn/*
d8d39686aac6e5ec6d709e8caf96f685,1156330400,7,mcappapi.cjs.com.cn/*
d90a36758a795c1b346ded9ea878b14d,1156440300,460,mcappapi.cjs.com.cn/*
d927ab19a96c029c0f1a73ecf9ff8573,1156430500,1,mcappapi.cjs.com.cn/*
d991a2cbcb243059e6949e3ccf06c87e,1156330200,1,mcappapi.cjs.com.cn/*
d9bca6f0b783ef87164da529af8fdae4,1156410300,185,mcappapi.cjs.com.cn/*
db60ca2bc2bf87e1cd3f9f1e3071889b,1156371300,1,mcappapi.cjs.com.cn/*
dc61b09c2da583de46f84ca10c794b22,1156370300,1,mcappapi.cjs.com.cn/*
dc8f78967d810d54cb1347ece49c1f5c,1156370800,1,mcappapi.cjs.com.cn/*
dcc48d93b206a47750a554cc9400a13d,1156370800,1,mcappapi.cjs.com.cn/*
dd570dbc4e9406421ec6ab45604934ae,1156371700,1,mcappapi.cjs.com.cn/*
dd69b77698d5d996794cf2bd45e19ed9,1156620900,2,mcappapi.cjs.com.cn/*
dd7815ee01deb6ddc62f190284f34a76,1156370200,1,mcappapi.cjs.com.cn/*
df816ba1aa57b8c62e09cdee4450fb8f,1156370700,1,mcappapi.cjs.com.cn/*
dfcf0f38a3b046c7280d7b4b8f0b502e,1156510300,401,mcappapi.cjs.com.cn/*
dfd1f5759c0f1d629180fbe32536b08c,1156330200,1,mcappapi.cjs.com.cn/*
e08462410ad82cdfc07f766329bb521f,1156371700,1,mcappapi.cjs.com.cn/*
e0ca1d28785203cb728ba4956c9e74c7,1156330400,1,mcappapi.cjs.com.cn/*
e134a28841810f251f4fec896caa30c2,1156370700,1,mcappapi.cjs.com.cn/*
e1707148602425210b933762113f0730,1156110000,28,mcappapi.cjs.com.cn/*
e1ab9ddcc7d09399a043cccfcc2bb504,1156511400,94,mcappapi.cjs.com.cn/*
e1e00b487ff628c7ab068e12022705c0,1156130100,14,mcappapi.cjs.com.cn/*
e1e8887f0c8d19e0e1687a40d661e99c,1156120000,1,mcappapi.cjs.com.cn/*
e1f6254504919b99ba7779f9c3d3a8fb,1156331000,1,mcappapi.cjs.com.cn/*
e218d33ccc1a4525b102c39aa529e451,1156532900,593,mcappapi.cjs.com.cn/*
e25ec74352d1937a96e6ab57cbea2a39,1156320900,1,mcappapi.cjs.com.cn/*
e3cf9bae96f2616144c8a8ddab0cdbb5,1156610700,367,mcappapi.cjs.com.cn/*
e3e891df71a9410dca0d5c120c806e44,1156450200,90,mcappapi.cjs.com.cn/*
e3ee8ed4739346089ed0f922e52a2e43,1156510100,214,mcappapi.cjs.com.cn/*
e42747b6cb64f07bd6a6c6ed4e41773b,1156371500,1,mcappapi.cjs.com.cn/*
e42b7a9014b067ddba13a8de9600635d,1156310000,1,mcappapi.cjs.com.cn/*
e48fbdd6e197c0f599e68e6098241acb,1156620400,3,mcappapi.cjs.com.cn/*
e4cac07fa17fcc422e167fc4b3085705,1156371600,1,mcappapi.cjs.com.cn/*
e514014b71cd8200e755685ddb8a719b,1156450600,1,mcappapi.cjs.com.cn/*
e5295e8e49dfedf15877f4b9b135541e,1156371100,1,mcappapi.cjs.com.cn/*
e53bfa5ef996790a8b3fc15d12466ab2,1156310000,26,mcappapi.cjs.com.cn/*
e54d67d2ef45716011b14906bcfb22da,1156610400,54,mcappapi.cjs.com.cn/*
e5ef979515a494b51ef55d17da8b57c3,1156450100,1,mcappapi.cjs.com.cn/*
e5ff0352fa149214022117c939d033ab,1156140500,67,mcappapi.cjs.com.cn/*
e66c12922fb44787a9c09c3e5c505822,1156440100,278,mcappapi.cjs.com.cn/*
e72e39e17d3f059e47cb02f660a771e6,1156330100,1,mcappapi.cjs.com.cn/*
e882f72681fcdd258ce4c5094c983258,1156340100,1,mcappapi.cjs.com.cn/*
e8af36c0879fc444e5e2980eacc2830d,1156370100,1,mcappapi.cjs.com.cn/*
e9065af751814a46866a5c3d25100f99,1156330100,1,mcappapi.cjs.com.cn/*
e90ec98dbef892f51d6b7d1af956a17a,1156610800,112,mcappapi.cjs.com.cn/*
e9382abf5cdf80de5c1ec75b20eb0348,1156330100,1,mcappapi.cjs.com.cn/*
eaf7c9f90aa1b3a16120927259f62875,1156370900,1,mcappapi.cjs.com.cn/*
eb3ee46dea749fee22d34dcb9dbfba8e,1156411300,1,mcappapi.cjs.com.cn/*
ebaf83f1430e9e2a5fa0d1843e4b1c10,1156370200,1,mcappapi.cjs.com.cn/*
ec5e484dca048832113ff9dd37a58815,1156450900,1,mcappapi.cjs.com.cn/*
ec7fe85be146bd6f129d560c1946c0da,1156370600,1,mcappapi.cjs.com.cn/*
edf98e500991a8eb7f2a48d8afb46a9c,1156110000,2,unify-api.topxlc.com
ee4d9e07872ef4c80296eb14421086ba,1156361100,1,mcappapi.cjs.com.cn/*
eee00e1ddcebfc9751e66ed0a6caa8b6,1156330700,1,mcappapi.cjs.com.cn/*
eeea24aaab021da59df62212f01cacd3,1156371400,1,mcappapi.cjs.com.cn/*
efaee3f807083bb9711ab53c5fd6ec93,1156611000,179,mcappapi.cjs.com.cn/*
efbc5711362373ebd1bb8fbfc076f543,1156310000,2,mcappapi.cjs.com.cn/*
f0c9aeb05c2240adfa17de34fbd2b0fe,1156371100,1,mcappapi.cjs.com.cn/*
f0c9d62d3a9ca4402dc2a5716fcdbbcd,1156630100,30,mcappapi.cjs.com.cn/*
f118d31e346a5b0d66f6ce0023459db0,1156310000,1,mcappapi.cjs.com.cn/*
f1811f7f9c7f7f7b0d80aea30a048145,1156450100,1,mcappapi.cjs.com.cn/*
f1ce91fd0f5fb0e411725cfefbe9147d,1156450200,1,mcappapi.cjs.com.cn/*
f2474c89b1bd0cc2a9af72fc1ecfe4d3,1156370100,1,mcappapi.cjs.com.cn/*
f26a20380f1611ac9fc6ea41d3bbbd9c,1156511900,4662,mcappapi.cjs.com.cn/*
f2f81f279a6071af7a727a01ffe8577b,1156370100,1,mcappapi.cjs.com.cn/*
f3487c1d6311fc255dac332f828e97c3,1156410100,162,mcappapi.cjs.com.cn/*
f39a537e60c5c7fd72a15122f1eb27f7,1156320500,1102,mcappapi.cjs.com.cn/*
f4a1ae79f4b64806c662c32beaec648f,1156120000,40,mcappapi.cjs.com.cn/*
f50b1e5df07b965893e2e058db59f066,1156511000,49,mcappapi.cjs.com.cn/*
f61e9927a7e65e6571ccd601f495170b,1156431100,1,mcappapi.cjs.com.cn/*
f6497e43722936241d57344ab5c475d1,1156450100,17,mcappapi.cjs.com.cn/*
f667957ce25b2533fb387eb044117c4e,1156450100,2,mcappapi.cjs.com.cn/*
f6f1764bd8338ab2475659ff52811dd7,1156440900,963,mcappapi.cjs.com.cn/*
f768da217372bbf295af0df7624d9b94,1156341200,1,mcappapi.cjs.com.cn/*
f779986194e16691e61c284394dcf348,1156371300,1,mcappapi.cjs.com.cn/*
f7aef024f1a9c118d396fc62e03b961b,1156510100,10,mcappapi.cjs.com.cn/*
f89c70a4be352c51024b69d899411e89,1156370200,1,mcappapi.cjs.com.cn/*
f9061a183e0515856448910e05e74cee,1156321000,1,mcappapi.cjs.com.cn/*
f9413442094c3a6401ff98362b16d3b1,1156120000,1,mcappapi.cjs.com.cn/*
f99aeb4831cd623ba6b5d5ecfc0fa354,1156371400,1,mcappapi.cjs.com.cn/*
f9bfd53665ac1a88a6e1c25beb2fd2e8,1156310000,1,mcappapi.cjs.com.cn/*
fa2c9dd7b415fd621f944372d882facc,1156320700,1,mcappapi.cjs.com.cn/*
fa6f32dbf200700606bc92e47800ae2b,1156450300,9,mcappapi.cjs.com.cn/*
fc0949a045ec7fed26d29480eef079e8,1156370200,1,mcappapi.cjs.com.cn/*
fc0b1f2fe3c4871f86d563ccfec3aa16,1156110000,1,mcappapi.cjs.com.cn/*
fc72d67b4e59ce6b4c01948a420080e0,1156330800,1,mcappapi.cjs.com.cn/*
fc76ad61fc6f7a1c31ce801cb377267c,1156330400,1,mcappapi.cjs.com.cn/*
fc903d8a964d6124e0e93cd036a5acb4,1156310000,1,mcappapi.cjs.com.cn/*
fc9ba083d2adc6114fb534680ef55acf,1156350500,10,mcappapi.cjs.com.cn/*
fd248142951f51f7e9a59ca6a5f1ecc7,1156500000,14,mcappapi.cjs.com.cn/*
fd4056c5a4a4efd08fbed1bb2675cb10,1156320500,1751,mcappapi.cjs.com.cn/*
fdf8fd2ff8ac94f90082c9eb6e71bab3,1156340100,1,mcappapi.cjs.com.cn/*
fe02abf9acd07fcf3770265db3c18c34,1156330700,2,mcappapi.cjs.com.cn/*
fe064c371a7346400a4c7ffa125d74f4,1156330300,94,mcappapi.cjs.com.cn/*
fea21c48bfc0d17d514b418eeed96f7c,1156370100,1,mcappapi.cjs.com.cn/*
