00baa050d1c397661f76f1cbe9b808e8,1156340300,3,wap.jiameng.com/xiaochi/*
0d52e968ceb6335e9081314a6451bea8,1156360400,1,m.kmway.com/project/cyyl/*
1a2daee354b68a2b6cc22d687e828ad0,1156130200,2,m.jmw.com.cn/so/i29/*
2b3db79fd353375203adad4d3323f768,1156421800,1,wap.jiameng.com/xiaochi/*
315e4fae986b1d4863a1aef3f6d2489c,1156130700,1,wap.jiameng.com/xiaochi/*
31c4ef6497f9a1a45aa449cbf9ed7717,1156110000,2,wap.jiameng.com/xiaochi/*
3365058a3e3d049d3f3b235481fc668d,1156411300,2,wap.jiameng.com/xiaochi/*
37e70bf9b66f6f127eb10f6401d82200,1156340100,1,wap.jiameng.com/xiaochi/*
3aa326a3800026ee61cf0d400ac3df75,1156341600,1,wap.jiameng.com/xiaochi/*
402349d0de809787ac80296b5a002a5a,1156131000,1,m.jmw.com.cn/so/i29/*
4f0f8aebc5c07e6a82e899d05a4e1fab,1156131000,1,m.jmw.com.cn/so/i29/*
5e24fded70f4e12968160d73dfdc05c4,1156360700,1,wap.jiameng.com/xiaochi/*
7251d044aa27529e02cf4a0e72befae3,1156110000,1,wap.jiameng.com/xiaochi/*
7a79c235991d40f01fc2a189101e1a75,1156131100,1,m.kmway.com/project/cyyl/*
853d76e1e83be309f6be4a6a14ca8a2d,1156340200,6,m.jmw.com.cn/so/i29/*
853d76e1e83be309f6be4a6a14ca8a2d,1156340200,1,wap.jiameng.com/xiaochi/*
87bfbfcbc04eb058fc22862a8dea7aaf,1156411400,1,wap.jiameng.com/xiaochi/*
8cebb68fb70c06b617ee7aa1688fcf51,1156371000,1,m.3158.cn/xiangmu/xiaochi/*
934cf8a83dc446db95d111e5307b143f,1156370200,1,m.jmw.com.cn/so/i29/*
9ac4b2b6e8ecb899254d3b7e66e25a25,1156370700,1,wap.jiameng.com/xiaochi/*
c459b3a8114d84e823ce3bfc1fc1c707,1156341800,2,m.jmw.com.cn/so/i29/*
cc7f3f2ef80f0edf90492e016712bf47,1156421200,1,wap.jiameng.com/xiaochi/*
cf2bbe36137088d0954b78380f0ecc8e,1156430900,1,m.kmway.com/project/cyyl/*
d1cc02da328eef405b92ef736f446d6d,1156110000,1,wap.jiameng.com/xiaochi/*
d936ac707e37173d73b51c8153152a51,1156340500,1,wap.jiameng.com/xiaochi/*
e300f6386a72f5f12b70114128d463ec,1156420100,1,wap.jiameng.com/xiaochi/*
f5ea43b32cd60bc7fc7c8f63b08823ad,1156310000,1,m.jmw.com.cn/so/i29/*
f8348a046a366aaf2f484407d9d12f5c,1156431200,1,wap.jiameng.com/xiaochi/*
