007d2b0a9d510a8a132170c15cff3596,1156341300,1,m.xiaozhu2.com/*
010d286ad0a6b4812ca9358678481f23,1156610100,8,m.xiaozhu2.com/*
01473e5e06b53ade8df543d7759f3727,1156610500,10,m.xiaozhu2.com/*
03d9f617793470c4ae50d1e883cad096,1156610100,7,m.xiaozhu2.com/*
048d579aea95e064dea0a9f75a51b055,1156610100,1,m.xiaozhu2.com/*
04a778699362ccece246f268848e096f,1156610100,11,m.xiaozhu2.com/*
04ac96f94b38131bf70e3573d2a4849f,1156610100,6,m.xiaozhu2.com/*
05e5c6bce3ab96402693b9229af75eeb,1156610100,2,m.xiaozhu2.com/*
0641e0a3ba9979cf7d02bc8d3e117f20,1156610400,3,m.xiaozhu2.com/*
0852501984b5839a7a3356f6c020ab68,1156610100,12,m.xiaozhu2.com/*
087e77979f028540bed06abc84bde8bc,1156610100,1,m.xiaozhu2.com/*
09c724eb0dde84d0c1a52de6c431b000,1156610100,6,m.xiaozhu2.com/*
09d669a0355824c6e25d62ca8fc9017d,1156610400,8,m.xiaozhu2.com/*
0af1ced848a3df38bff384fda81a3857,1156610400,15,m.xiaozhu2.com/*
0b500d8add99ddbfb57b78ec92946a9c,1156610100,1,m.xiaozhu2.com/*
0c7e0ef84aeb5b17bc772c0e94f0f5bf,1156610100,13,m.xiaozhu2.com/*
0c7ffeb4ce8282de52ebe800eb80e6e8,1156320300,13,m.xiaozhu2.com/*
0cc52f8560715a07d16de46d3e571af9,1156610100,4,m.xiaozhu2.com/*
0e2f43e2f94028b87818dfceddfe0b5b,1156610100,10,m.xiaozhu2.com/*
0ec9f75ee52bf1a1568ffe1241e6453b,1156610100,11,m.xiaozhu2.com/*
0f97f72023b64a7b95bcd0ff1dbd3dfc,1156610400,1,m.xiaozhu2.com/*
10794e10ee7879292f03927dfd4abf1a,1156610400,6,m.xiaozhu2.com/*
10f42df83acf543113c97350965a7f4f,1156610100,5,m.xiaozhu2.com/*
1110d0456d08dfb7f5abb4771927fff6,1156610100,15,m.xiaozhu2.com/*
1229f330463f46cbf4dba2f506d046b2,1156610800,24,m.xiaozhu2.com/*
12f125b215701b91c738ec5414710da5,1156610100,1,m.xiaozhu2.com/*
13665f798d796fbeff8349105d5c67e2,1156610900,15,m.xiaozhu2.com/*
13ab17e548ea9e7313a1ea59f736a8e9,1156611000,15,m.xiaozhu2.com/*
1468a3a060bab18517c9fe29583bcbe7,1156610100,8,m.xiaozhu2.com/*
147cbf307b37dc2d861cda5597e1a18e,1156610100,7,m.xiaozhu2.com/*
15e104074056f71b917b3f72d75f21bc,1156610700,8,m.xiaozhu2.com/*
164e3902cfdd579d9645f7c4e3cdf078,1156610100,1,m.xiaozhu2.com/*
165a8ae3c3ba680e4ee949d95eef9108,1156610100,9,m.xiaozhu2.com/*
166aa23e65e39641dbde61f420e0417a,1156610300,4,m.xiaozhu2.com/*
16a33e10195f8e5162638074840f94af,1156610100,6,m.xiaozhu2.com/*
16f70c280bf0764691352db6bd9739eb,1156430500,12,m.xiaozhu2.com/*
170ce786d6b1e2580ac3471b2f5f8b78,1156610100,6,m.xiaozhu2.com/*
18b36bb387d6c77173812d31bb3208e0,1156610100,7,m.xiaozhu2.com/*
19ee830b82f923b34c2db85c6889c387,1156610100,4,m.xiaozhu2.com/*
1a0843a261cafcf30cb08d9038be1f72,1156610600,1,m.xiaozhu2.com/*
1a1bbddf017e6aee0f6f15a06c0b67ad,1156610100,31,m.xiaozhu2.com/*
1a714c58c7c13082463e914ad25e888b,1156610800,39,m.xiaozhu2.com/*
1a98a7b1ad64c5d22e724eeec283fe4e,1156610400,7,m.xiaozhu2.com/*
1eb9e837c888eeb47bb2f711fe77ba40,1156610600,5,m.xiaozhu2.com/*
1f4e597b44fe20c9787cd4817b1ec933,1156610100,12,m.xiaozhu2.com/*
1fc356bc9003baa48a0cf2339a80e425,1156610100,13,m.xiaozhu2.com/*
2018abcfbc4714c23c5736f7f5ecab52,1156610900,12,m.xiaozhu2.com/*
20338fdd8145d6d84775adc799eb5c27,1156610500,15,m.xiaozhu2.com/*
225fbf7643bfe7865bda5ab193a634f4,1156610100,9,m.xiaozhu2.com/*
239d5c5a9b1e3e3ae5672a72526e624a,1156610100,3,m.xiaozhu2.com/*
2442bef963de6ba6a58e27bcc5a41222,1156220100,1,m.xiaozhu2.com/*
249a067328ad2da77e54b0e5c744e23f,1156610100,5,m.xiaozhu2.com/*
288a05c6d8792b707f73d9037e3135b4,1156610800,1,m.xiaozhu2.com/*
2a80a047ac92ae055d057f8854be4e42,1156610100,9,m.xiaozhu2.com/*
2ad3c32f01c0657418ebe64f07b3057d,1156610200,1,m.xiaozhu2.com/*
2c263675a761e848fabc2ba70eb7c584,1156610100,4,m.xiaozhu2.com/*
2d8eb19dcad2705d7cb6d660b072864c,1156610400,13,m.xiaozhu2.com/*
2eb15428f0e1db583eea0165eb55287c,1156610100,10,m.xiaozhu2.com/*
2f410abef4afba59e47828f0f48c580d,1156610100,8,m.xiaozhu2.com/*
30031078e4207e23e1c8e1eb45d1b6d1,1156320200,14,m.xiaozhu2.com/*
303f3f10df7adaa65bcc9f94a8bed919,1156320200,7,m.xiaozhu2.com/*
30ba5cdab9a1703a130ccfbe01678faa,1156610100,11,m.xiaozhu2.com/*
30c20c3e036990d055587fc8c0f2a4f7,1156610800,7,m.xiaozhu2.com/*
31e36a94f84bbf0df40860868528080d,1156610500,1,m.xiaozhu2.com/*
332e84c7a51b04706ef7b9ff3ae002cf,1156610900,2,m.xiaozhu2.com/*
33cf463c7606c0967929dc706ea81e7a,1156610100,1,m.xiaozhu2.com/*
33d42a4f131e281210b62ac22af2ad47,1156610500,1,m.xiaozhu2.com/*
3557ba6eebfc88698d8f94600e38daa0,1156610800,1,m.xiaozhu2.com/*
3613879050d7ed0b9f893a3b06468a7e,1156321000,8,m.xiaozhu2.com/*
3646d14d280068531b8376c7eef349bb,1156610500,21,m.xiaozhu2.com/*
3652cf255b6c592b7c1a5ac014ad553d,1156610200,5,m.xiaozhu2.com/*
36c458093f56a44f7dae0028af639080,1156610900,14,m.xiaozhu2.com/*
397f02f87438fb9d393918f8ae8759a1,1156610500,12,m.xiaozhu2.com/*
3c79f43f72a7dca62f49b1d6680cbb7e,1156610300,1,m.xiaozhu2.com/*
3cd68976b2043400def602e0ba320983,1156610100,6,m.xiaozhu2.com/*
3d07071a8cf36c5419b7746fe210ad76,1156610100,1,m.xiaozhu2.com/*
3d317672b90a8f166e6a606665750546,1156610100,19,m.xiaozhu2.com/*
3dc45007fb36e6a86dea394c4c934c43,1156610300,11,m.xiaozhu2.com/*
3e5d3f7b8264bd715498b8feca808264,1156610100,3,m.xiaozhu2.com/*
3eac80dea454c532e365986c1e0c540a,1156610500,16,m.xiaozhu2.com/*
3fb4d386a60fdbcfed682fcb3861a018,1156610500,8,m.xiaozhu2.com/*
4023e9dae77d01b5729b66ec85ad8a29,1156610500,17,m.xiaozhu2.com/*
438c68f2ef5c5684b43c408a9f231c0f,1156610100,8,m.xiaozhu2.com/*
467e808b703c6d5e2f913de3cc0edc3d,1156610100,1,m.xiaozhu2.com/*
475b8660e352ed29dbe379c447591168,1156610100,6,m.xiaozhu2.com/*
4aa3e1ac420bbaf60dc266ab3348ecc1,1156610500,3,m.xiaozhu2.com/*
4abae643b746b533ac0cfdbd41843087,1156610100,12,m.xiaozhu2.com/*
4ad74d1fc52802a6706b0938f6082f01,1156610800,1,m.xiaozhu2.com/*
4b1395a159360c0326102426596fcdcf,1156610100,12,m.xiaozhu2.com/*
4b179695ebf5185a75a5bf8b8da3c932,1156610100,9,m.xiaozhu2.com/*
4b64b170470bbd61195c504236584851,1156610100,8,m.xiaozhu2.com/*
4bfe3188409bce68286b2cfa11186ab0,1156610400,13,m.xiaozhu2.com/*
4cddc76ac99ea498670bce46bd47e307,1156610100,6,m.xiaozhu2.com/*
4d5df21283f97ff72b10196af53a457e,1156610400,9,m.xiaozhu2.com/*
4e62682df7fb68b9f2a89903c7c0f51a,1156610700,1,m.xiaozhu2.com/*
4ede3778fe63c8d810c389a8b34b8c9e,1156610100,2,m.xiaozhu2.com/*
518f1745202a082477c46f7875012a93,1156610600,8,m.xiaozhu2.com/*
51aa64653f2d8a6d87bd2e824e5f84c5,1156120000,19,m.xiaozhu2.com/*
525034237ecf59017bbbc4d62e585436,1156610100,14,m.xiaozhu2.com/*
52c4b645ce78e6e7eaa4c3fba19d731e,1156610400,28,m.xiaozhu2.com/*
536c84d67915594f59d97ca5a6f2c07e,1156610100,12,m.xiaozhu2.com/*
550247d02b7c04c64cc18428db5ebf1f,1156610100,13,m.xiaozhu2.com/*
55b495bfa0286db392729c27a2476e79,1156610100,5,m.xiaozhu2.com/*
5963bf007c11681fe0c8f92e1034a10c,1156610100,1,m.xiaozhu2.com/*
598a57a0ff25d75fa06837ef99226ec3,1156610100,1,m.xiaozhu2.com/*
5ae66fc523cdee65caff423c62630456,1156610100,16,m.xiaozhu2.com/*
5b1c67e504e43e35e23d30c93cd1e32d,1156610600,1,m.xiaozhu2.com/*
5b4520347cae9d1aaef2134611a43e26,1156610100,12,m.xiaozhu2.com/*
5f07b4e5513f7e8b85a54cfec0499014,1156610100,13,m.xiaozhu2.com/*
610e57edc8b0f407209fb2c8360eddc3,1156610100,16,m.xiaozhu2.com/*
62266df319fc815e3bcedb2292c6dd07,1156610100,10,m.xiaozhu2.com/*
639cd0db4cdebdb1007a917b441e4532,1156610500,9,m.xiaozhu2.com/*
640739367cb8de00db951e74e165c405,1156520100,17,m.xiaozhu2.com/*
65a128d60af6e9c5da8a6acfffbaacee,1156610400,11,m.xiaozhu2.com/*
65c0393c9d35dda3bdf9be7a2e44ebbb,1156610100,1,m.xiaozhu2.com/*
66b4a4729619a9f91c32b2cfb5648bdb,1156610100,6,m.xiaozhu2.com/*
6706ad5e83a12733de7076fcd07ea4f4,1156610500,12,m.xiaozhu2.com/*
69686b750c6893952bedbd2781f1799c,1156610100,1,m.xiaozhu2.com/*
696c232b941bd035635335f95b5622d6,1156610100,14,m.xiaozhu2.com/*
6b4f73ba6ac99399e4a6f97b4f25ad1b,1156610100,13,m.xiaozhu2.com/*
6bb097098876b4ada7462cd7bcd3037d,1156610100,12,m.xiaozhu2.com/*
6cc066196a5e96e60bf1ce454f9bf265,1156610300,19,m.xiaozhu2.com/*
6e311810f8ed2c32241234080376b8bf,1156611000,12,m.xiaozhu2.com/*
6ffd98c50be8f4023e8727ff24bea831,1156640100,2,m.xiaozhu2.com/*
70ffc5cf962dd20e4d093b932f7f2dda,1156411500,11,m.xiaozhu2.com/*
723ca6fb11a80141db6e236b1b7f311c,1156620900,3,m.xiaozhu2.com/*
75e73872429f1a4161f6403a799a51d0,1156610600,4,m.xiaozhu2.com/*
769a2fb631a71588209ea8e95109c8ee,1156610800,2,m.xiaozhu2.com/*
77475e1ee55118c0ccd82efd6c67b219,1156610100,4,m.xiaozhu2.com/*
7818ee4adeed98d3f4059dd51a662c1f,1156610500,6,m.xiaozhu2.com/*
7820ef233e9309cf0edeaa1da85e1bd3,1156610400,5,m.xiaozhu2.com/*
79a8823757b5cd223ec3705304916f47,1156610100,7,m.xiaozhu2.com/*
7a07f7358b7330df9a09d4e483fb9a0f,1156610900,16,m.xiaozhu2.com/*
7b0d0a978e8ddec2406317af6cd197b1,1156331000,15,m.xiaozhu2.com/*
7ceff0991925dec70c0b3d2591fcf401,1156610700,5,m.xiaozhu2.com/*
7d267e8ba1aa7cb8fc5f9c750230e822,1156610500,50,m.xiaozhu2.com/*
7d2d7c3bd0c39dfd252e0b9387cb1bbc,1156610100,1,m.xiaozhu2.com/*
8036c4a1eb19d7a0967eb55ed56fccb5,1156610100,1,m.xiaozhu2.com/*
82b6347703c517737cf11958b195cc84,1156610400,6,m.xiaozhu2.com/*
846fa76f8b44d261749b642151841935,1156610500,12,m.xiaozhu2.com/*
853813b2503b530e20d3f70d6129fe40,1156610200,8,m.xiaozhu2.com/*
8716dde212ec6e69deda19b673489f8e,1156610500,6,m.xiaozhu2.com/*
881b3d1a3279157cba8f49c6753d7992,1156330900,9,m.xiaozhu2.com/*
8949686dc434fd8ffb1483523417c415,1156610100,14,m.xiaozhu2.com/*
8a5a2cc674de2e5f0716ce75d93a1a96,1156610600,1,m.xiaozhu2.com/*
8ace7c4aa414ee399a2ee048ad474df1,1156610400,1,m.xiaozhu2.com/*
8b5e677ca549973b3f2ee7d7d98795de,1156610600,7,m.xiaozhu2.com/*
8be068fedfac884eea139ef365274615,1156610100,13,m.xiaozhu2.com/*
8be778563e09725d5c82432b4eb862e6,1156611000,12,m.xiaozhu2.com/*
8c6c886dea5baa458b24c6d1b92af8f0,1156610200,12,m.xiaozhu2.com/*
8daa6904275ec5cc77b2cc0a5a1ea1c5,1156610500,5,m.xiaozhu2.com/*
8df0b0f1ca42befd5fd469024a78b3e6,1156610900,1,m.xiaozhu2.com/*
8e66f415dc7ab1947193a19d9ba8f90f,1156610100,5,m.xiaozhu2.com/*
8fcd3fc54f7cf0d75640557f6a93a7b9,1156610600,1,m.xiaozhu2.com/*
906288e1e34f2cf27a671978c5c080cb,1156610100,1,m.xiaozhu2.com/*
90ba41f2d1a59e37c805a0425d52dab4,1156610500,1,m.xiaozhu2.com/*
92910a25e530ea7484d92409880c6497,1156610100,6,m.xiaozhu2.com/*
93c650e764d5c0f06ed111ab4b807f09,1156610400,1,m.xiaozhu2.com/*
93e4e4aa77bf408c29e2cead047b1305,1156610100,10,m.xiaozhu2.com/*
9460963cc3be1620a9477cbb348ff35e,1156610100,10,m.xiaozhu2.com/*
95984c4ac10aee1820369a18c5641c22,1156610800,14,m.xiaozhu2.com/*
96293a33d1f1d9f3e1db78113752bd6b,1156610600,11,m.xiaozhu2.com/*
96ed611514e05932b49df4c151459c41,1156610500,12,m.xiaozhu2.com/*
975a17136b06589fc5c8b23b82553cdd,1156610100,7,m.xiaozhu2.com/*
9b00898de4ce999642caa85311ec7d8a,1156610100,12,m.xiaozhu2.com/*
9b4149521600ae19a370985a949a20d2,1156530800,6,m.xiaozhu2.com/*
9c34996aefb1b4904dcb0e4b68d99305,1156611000,37,m.xiaozhu2.com/*
9fe63ef3aed354ad08c7d0253e8ab081,1156610100,10,m.xiaozhu2.com/*
9ff5bd897a28bfb1b3061037dc9eab25,1156610500,10,m.xiaozhu2.com/*
a21d316a759cb58fb321795e4e9d9a11,1156610500,6,m.xiaozhu2.com/*
a349ff97a6023fb487b71ab8d27edb32,1156610100,1,m.xiaozhu2.com/*
a3f0cf63f1ceb2370260248483bb94a1,1156611000,2,m.xiaozhu2.com/*
a43204e96db18117b9d40c09053a77d1,1156610600,5,m.xiaozhu2.com/*
a5c08fa2ea1eb6a5eca70f23f59b99ac,1156610100,6,m.xiaozhu2.com/*
a5fbaae268824eaafb36e2cd84428dd1,1156610400,4,m.xiaozhu2.com/*
a6c7c3079122d37328b9b13f49e838f4,1156610700,1,m.xiaozhu2.com/*
a7057285b9dd8583a568a18d298fe6de,1156610400,10,m.xiaozhu2.com/*
a7764ed51397799296a0ada8e7f6e161,1156610500,13,m.xiaozhu2.com/*
a790ae3119d506195024b918ea23e9ce,1156610100,4,m.xiaozhu2.com/*
a84bcf87e0812f75dc90af07f795780e,1156610500,7,m.xiaozhu2.com/*
aa0a484896a5fc3dfcf2fc99223f6d48,1156610500,7,m.xiaozhu2.com/*
aa47c17bf5782bf2b9d428670ca9c3eb,1156611000,17,m.xiaozhu2.com/*
aa5414c86fba38c5e7148e77939e86f2,1156610100,4,m.xiaozhu2.com/*
ab3d0019649b722304e4e1440d63d619,1156610100,15,m.xiaozhu2.com/*
ab53da631e37a9ce14a491d6364382c7,1156610100,1,m.xiaozhu2.com/*
ab815c2c0cdf039613e1904c2ef86358,1156610100,1,m.xiaozhu2.com/*
ac07ec247f4251c039371069a9ae7887,1156610400,4,m.xiaozhu2.com/*
acd5aa8f187ce19afd0afeaa5a19c6e2,1156610500,4,m.xiaozhu2.com/*
ad43a0a566c79b1f5e452c81bb5a4c8d,1156610100,3,m.xiaozhu2.com/*
aed075b5ff4ec4ad11266383b6f162f2,1156610900,12,m.xiaozhu2.com/*
af5cf24db8061631063694b5f1345399,1156610300,13,m.xiaozhu2.com/*
afda2211154267a9f711243769b7ff44,1156610100,6,m.xiaozhu2.com/*
b0d087665592e174a76d851418fe9fa9,1156610100,5,m.xiaozhu2.com/*
b240b02acba09a4904dce8148e5da66a,1156610100,7,m.xiaozhu2.com/*
b27e5621c742a085cd5ca956cd3a1de5,1156610200,21,m.xiaozhu2.com/*
b2a5039bd4bea93ccaff4e2c1e3a217a,1156610100,1,m.xiaozhu2.com/*
b3ca24e73bf21611262cd1e9d7040b28,1156610500,2,m.xiaozhu2.com/*
b68a49135f3d9dae16f477110092a4cb,1156610100,1,m.xiaozhu2.com/*
b9679464fba5c27c6e87034ac516f286,1156610100,1,m.xiaozhu2.com/*
ba526264568d89f5793321075b315773,1156610100,3,m.xiaozhu2.com/*
ba6f1b9dc52c1bd26120bb81f7d17af7,1156510100,10,m.xiaozhu2.com/*
bac51e752f257c1f6ba1ceb6d7c424cb,1156610500,15,m.xiaozhu2.com/*
bb300bf2b878fa0999a7537f1f0bc576,1156610700,1,m.xiaozhu2.com/*
bd496808ff6aecc87d0841ff61972291,1156610100,10,m.xiaozhu2.com/*
be0a6714e9d0dd08a33f103f6b477301,1156610100,4,m.xiaozhu2.com/*
be3fb76e289b270e3173214992f59f33,1156150600,9,m.xiaozhu2.com/*
bfd4941157c5f09f8b35f78b7cebab8a,1156610100,1,m.xiaozhu2.com/*
c1a3794ec14082541ab77dbb620513d4,1156610700,12,m.xiaozhu2.com/*
c1d1eeeba71e7fa1f31c79f733c29c3f,1156610500,1,m.xiaozhu2.com/*
c24e3b38236578f398748d0b164660c5,1156610100,4,m.xiaozhu2.com/*
c2fe0d34fe5064fa5546d69fd3dc1a65,1156610800,1,m.xiaozhu2.com/*
c45a4f9160ab300a82447e53f309aa8e,1156610100,28,m.xiaozhu2.com/*
c461c05cb41e7ecfdf3edce9f204b857,1156610100,4,m.xiaozhu2.com/*
c4d5ad149ac65c16ee5c7ef2e8553cfd,1156610900,1,m.xiaozhu2.com/*
c53a6cac16cdd2ec5e135b675a8e0a6e,1156610800,24,m.xiaozhu2.com/*
c552895071eb669563810d998093d118,1156610100,1,m.xiaozhu2.com/*
c72e156aa11aef44810e614f04dac712,1156610200,10,m.xiaozhu2.com/*
c760a9b6b048b95aed3bbd7792877d71,1156610100,11,m.xiaozhu2.com/*
c82a80d47483d9c81b1d3a3e9c484937,1156610600,7,m.xiaozhu2.com/*
c8eb9db88e3d3aee1f15624b60d0ff23,1156610100,9,m.xiaozhu2.com/*
ca97d8be62de9b4298bd3a5ad0acfb45,1156610100,1,m.xiaozhu2.com/*
cb7e0f236205440732b42bb594a41096,1156610600,8,m.xiaozhu2.com/*
ce953eb00e7a72529e85c11949e57019,1156610500,3,m.xiaozhu2.com/*
cfcd208495d565ef66e7dff9f98764da,1156610600,4,m.xiaozhu2.com/*
d16554e6c967e14d0bdae821b90d69f4,1156611000,1,m.xiaozhu2.com/*
d2f923b1af1eb71d15e0d881ac0ca308,1156610100,12,m.xiaozhu2.com/*
db8a56806e1f04401d2934d4de6c955e,1156610400,17,m.xiaozhu2.com/*
dc2d2b8308785e9b38c79c0f4dba75c4,1156610400,13,m.xiaozhu2.com/*
de16748b9f29912b577802aacd8a16ea,1156410300,5,m.xiaozhu2.com/*
dee6e053d6d9137657ceff70b75ecd9d,1156610100,10,m.xiaozhu2.com/*
df564ea49d3608c2763d97c65ac7d0c1,1156610500,1,m.xiaozhu2.com/*
e0258ce69ac5bfe8aeb570cc04a6dee4,1156610400,1,m.xiaozhu2.com/*
e12e0d54f2712aa213d865e737ff323d,1156610100,1,m.xiaozhu2.com/*
e1a6433de17a27d496757fa8005cecd3,1156610100,1,m.xiaozhu2.com/*
e307e6c69d4cf1925a5573d37b1e6746,1156610800,16,m.xiaozhu2.com/*
e32a0ec841def4279ea9f7adbf852283,1156610400,7,m.xiaozhu2.com/*
e331ae1706e96e0d71562b169b0199ac,1156610800,1,m.xiaozhu2.com/*
e5397f5a4fd360b62a693110db75719d,1156610600,14,m.xiaozhu2.com/*
e59bbabf88ad524839cdf842915e0a12,1156610100,1,m.xiaozhu2.com/*
e6960224be99024ee5d5761dc43c284b,1156610100,5,m.xiaozhu2.com/*
eae9c5ebde11c3f99fe551cd45b53a34,1156610100,2,m.xiaozhu2.com/*
eb43e54c50465fe5120d4a4c1a9a5654,1156610500,12,m.xiaozhu2.com/*
eb9c0c1e1ca9fda65789fdbca69bb0fd,1156610500,15,m.xiaozhu2.com/*
ec042de6457b4734f846ddf8826157fb,1156610100,8,m.xiaozhu2.com/*
ecfae47596f2f278757a61622100e9c9,1156610500,12,m.xiaozhu2.com/*
ee20e615ade6716ccb7c16804c5023b0,1156610100,12,m.xiaozhu2.com/*
eec4ff6122a08ad467096ebfe987d657,1156610100,14,m.xiaozhu2.com/*
eef074d24e8b50d9c98afa7d6fc801bc,1156610100,13,m.xiaozhu2.com/*
f62abc37c67872f0fdd63764f6fe72c7,1156610400,4,m.xiaozhu2.com/*
f671345e44fd14bf507b1a4da8aa706f,1156420300,13,m.xiaozhu2.com/*
f805b0a00766ce0a29d27c0504709aae,1156610100,6,m.xiaozhu2.com/*
f8fb00bbc7c51a84999041d3da1cff24,1156610100,6,m.xiaozhu2.com/*
f9077debae2b4f652fd701bcaee57c13,1156110000,11,m.xiaozhu2.com/*
f98b2a7c973acab52e8d46abd99be2fe,1156610200,1,m.xiaozhu2.com/*
f9a01921e1ee0d7b153c2d32f8424fe9,1156610100,1,m.xiaozhu2.com/*
fa09dcb68ebb580971f71c042b67198b,1156610800,4,m.xiaozhu2.com/*
fb08f0c5afebb77937a7e4009a8bccde,1156610800,6,m.xiaozhu2.com/*
fb44a9f5ecb90d8535e603cb6c29c4fa,1156610100,12,m.xiaozhu2.com/*
fb505fd548bba3b7e3a382e4a1ff67b3,1156621200,1,m.xiaozhu2.com/*
fd9cd95f8027d9c5e531bb7ee1ac262e,1156610100,8,m.xiaozhu2.com/*
fdded080ed906e5900fac5d56cbb898f,1156610600,6,m.xiaozhu2.com/*
febd9aefc0bae4d12ce4be3084732269,1156610100,1,m.xiaozhu2.com/*
fedb8f66bdf2443349f002ca025f6d6c,1156340100,2,m.xiaozhu2.com/*
