01429fd256a4c4f74de2f7612d5c3fea,1156120000,1,m.ikongjian.com/tj/*
03fb0e6c47a987a024c37015c938eb3c,1156120000,1,m.to8to.com/*
041b99636a3c74cea62abdc6eed9bdf9,1156120000,1,m.to8to.com/*
058524ca1b68a9aa77cc6be62c0b92d2,1156120000,1,m.to8to.com/*
09d1c1c69f3e28d251ae5e91ba212c8e,1156120000,1,m.nb.17house.com/zhuanti/tianjin/*
0d5c7c6f81595891f41d18b97661a142,1156120000,1,m.to8to.com/*
0d6dbb10106d981949f6bcec0fb8c05b,1156120000,1,m.jia.com/tianjin/*
0da7ef8641648715651c25a5913af65a,1156120000,2,m.to8to.com/*
1275b7f9d009bf1ac064422dea7803c4,1156120000,1,m.to8to.com/*
12c901df57054bfd5806ee37d3353057,1156510300,1,m.to8to.com/*
1940d98b4c4612f5100e0503c7d7e542,1156120000,1,m.to8to.com/*
19ff0eee536e5392792624cdacec2959,1156120000,1,m.to8to.com/*
1a4eb1f91d1d6601c8030b6353263541,1156130200,1,m.to8to.com/*
1be4928e39ee4fca8fc76b325fd74e46,1156120000,2,m.shj.cn/*
1ec211d7c5f4fc6a6cb8393e903f4189,1156110000,8,m.shj.cn/*
2016c5707c495f1b157e4d88e4047a4d,1156120000,1,m.to8to.com/*
206b95b3f76060d9b4b482b4bdacf2b4,1156120000,2,m.shj.cn/*
24c025a74e60b14f7e40df0f01358073,1156120000,5,m.zx123.cn/tj/*
26bf2fa3dde19f3346fb110bda9ab602,1156120000,7,m.shj.cn/*
2d3f009e63392ef07549b7eb990fcf99,1156120000,3,m.zhuangku.com/tj/*
2d3f009e63392ef07549b7eb990fcf99,1156120000,1,m.nb.17house.com/zhuanti/tianjin/*
2ee9842701a8f7220011a3a0acd363bd,1156120000,1,m.to8to.com/*
34313ec1d6360e42dd54dab85f413ff1,1156120000,1,m.to8to.com/*
37e2807d769e0dbefec8a5414c6da46c,1156120000,1,m.to8to.com/*
3ac5b6b40b3521eaf3cd81e21d17be6b,1156120000,1,m.to8to.com/*
3b78bdd7b7a2cebc96f0fa01ba4427e2,1156120000,1,m.to8to.com/*
3fc01864c89cab55a291e8d7cb69517b,1156120000,1,m.to8to.com/*
4248ae1ac7f099730b9bc587271912ca,1156120000,1,m.to8to.com/*
427c636fc1fd29058713283ca96c795d,1156120000,7,m.shj.cn/*
42d54141959c379568d4b504d3aef718,1156210300,2,m.to8to.com/*
453546ef0627b989010087eccfa1b2bf,1156120000,1,m.nb.17house.com/zhuanti/tianjin/*
47ff737cd052c611dcf1c7c587b0b8cb,1156120000,2,m.to8to.com/*
4b03e48e74ebb117cb009b3fed26fdee,1156120000,1,m.to8to.com/*
4b68c7128c0859de2ccf0839543960dc,1156120000,1,m.sp.17house.com/ac/tianjin/*
4c50c7ac2d2dc77ad7cadcb3387e8f85,1156120000,4,m.shj.cn/*
5334566387d04c1037c8a74105ce9b36,1156120000,1,www.betterhome.com.cn/*
54ab978bc14b92c52f69a9fa0202d26c,1156120000,1,m.to8to.com/*
59b70f34e2f6231e888b197a55ece1f7,1156110000,2,m.to8to.com/*
5a00203c5dca7751537a70dc35d923d5,1156120000,29,m.yz-china.com/*
5ac0d3634628e22113588ead163a931e,1156130200,1,m.to8to.com/*
5cc6c2365d11c91f3a5238ddf97abcf9,1156120000,1,m.to8to.com/*
5db25f464885521253a629ac7cf3e004,1156120000,1,m.to8to.com/*
5de3261c59d52a8b00ff9e43e3bec1b8,1156120000,1,m.shj.cn/*
606366950204a3b371401cc696985494,1156120000,1,m.to8to.com/*
648f802bda27265a9816d6aecb65a0e6,1156330400,1,m.mzhujia.com/*
677c520ef253c6c9ed84c8c39436c960,1156120000,1,m.zhuangku.com/tj/*
6a5facf07e34ccbd6e1c843b30e0d831,1156120000,9,m.zhuangku.com/tj/*
6bdadaa2dc307bba8657507733622eca,1156120000,3,m.shj.cn/*
6be3f3a67b4b8a02bfb75774b9773947,1156140100,86,m.yz-china.com/*
6e7f819ba88211190c2ce98ec883fe22,1156120000,1,m.nb.17house.com/zhuanti/tianjin/*
703b00e571d4b2645bd6bbcadb88099e,1156120000,1,m.to8to.com/*
7097558181353482b3ce5821d7f38b9e,1156120000,1,m.to8to.com/*
723857907c802f23e90f2eeda575d586,1156120000,6,m.shj.cn/*
74ebb51386cebee7406cf6150cde22b4,1156120000,1,m.to8to.com/*
74ed4192cd0b473d41ecddb46157b516,1156120000,1,m.to8to.com/*
7655dd77f5733d7951107326961ca956,1156120000,1,m.to8to.com/*
79d7187fe7380ec1f2a5ea5555a95b3d,1156120000,1,m.to8to.com/*
7cf253fc1f6108090c833eb701ecfc27,1156120000,1,m.ikongjian.com/tj/*
7dc2bd1d31bdea070232a4db9b4de44e,1156120000,4,m.shj.cn/*
7dfccd0a2867f6cafeb73d867071f2e6,1156220100,2,m.to8to.com/*
80a8e5ad885c263da766a67c937797a6,1156120000,60,m.mzhujia.com/*
846f385070ebdc0dcf4c882d8f1ceb6d,1156120000,2,m.shj.cn/*
8b7c2dd2823139ee83470078a6dc0a63,1156110000,3,m.nb.17house.com/zhuanti/tianjin/*
8c3277d5dc646c422914bfc116b12176,1156120000,1,m.to8to.com/*
8c3277d5dc646c422914bfc116b12176,1156120000,2,m.zhuangku.com/tj/*
8d986eec2ac9a3d825affafb79e5e9cf,1156120000,1,m.to8to.com/*
8f8132fc2bfbede3ee3d07df2839bf53,1156120000,1,m.to8to.com/*
91e0200138205f5b86cfb616897c2457,1156110000,2,m.to8to.com/*
933b1ffa7ec41e1854629b604770b878,1156120000,1,m.mzhujia.com/*
94439a15ae25b47d8af58fb4129eb5ba,1156120000,1,m.to8to.com/*
97e4b52a5535c55a655f724cf444ab98,1156120000,1,m.to8to.com/*
9831b25b40aab53abe710f83b10990dc,1156431400,1,m.nb.17house.com/zhuanti/tianjin/*
991ad1a200e47b2f03abf86dec97b574,1156211300,2,m.zhuangku.com/tj/*
994bb0337bccc2a45c88965e1439102f,1156120000,1,m.to8to.com/*
9a5f5b79ec19ad89821ac1a72f7d04e1,1156120000,28,m.yz-china.com/*
9b6b4300ef89b7af335f51cdf17e6546,1156120000,1,m.to8to.com/*
a981ced2dfa570bd6626c65fafb021cc,1156410700,1,m.to8to.com/*
ad4432cd3a5715dada6334a072a38f2e,1156120000,2,m.shj.cn/*
ae932252931529b7e2e17110fcd04654,1156120000,1,m.to8to.com/*
afa427ec86e3548d8b8a311c603b1a12,1156130900,2,m.to8to.com/*
b262bf9925eeb45f75847f6cc9153fab,1156120000,2,m.to8to.com/*
b387f93d88a7726ee47b575dad5a6b41,1156130900,1,m.to8to.com/*
b4181678decf02faf97489b6b8ff4e28,1156120000,1,m.to8to.com/*
b52c68efbce46661cd3c105138301b79,1156131000,1,m.shj.cn/*
b538a5f47192a4a4fb348dc8c8835f9a,1156120000,4,m.shj.cn/*
b762b1715eea3f479fad683fbb6b1fdb,1156120000,2,m.to8to.com/*
be43b6596fbd3da43d3d7844bd30d26e,1156411600,2,m.to8to.com/*
c0cb860b8beceefc306699bcdf384f20,1156120000,1,m.to8to.com/*
c33ab0c2ee04caa300e254d1c1b8ca08,1156120000,2,m.to8to.com/*
c421a02932b6e1fb7106036090021a3e,1156120000,2,m.shj.cn/*
c8b33577433d9fc641aca3622f22f039,1156120000,1,m.to8to.com/*
caae6ad2fb014db8b3ce3ebc120828bd,1156120000,1,m.to8to.com/*
caefec03886d2ee2e2aaa91992f08e45,1156120000,1,m.to8to.com/*
cce0a97916c05511c34145b9a234ed44,1156130900,3,m.shj.cn/*
cfbc3e690c0f85f3f03882244c4c3f0c,1156350700,1,m.to8to.com/*
d4ff2aeb2dbaf9a1795487dd7269a0a7,1156120000,1,m.to8to.com/*
d6d6168027038dd613d5fa66a0808770,1156120000,5,m.shj.cn/*
d6e5bd7205e1c463c3c0797e54674f23,1156120000,1,m.to8to.com/*
d7548e40214a991a17951ba2553401ee,1156120000,1,m.to8to.com/*
d7a9a0524ea7c314e50f75cd0433d03d,1156120000,1,m.shj.cn/*
da13238d1e9db7d155c1980ac19edde2,1156120000,1,m.to8to.com/*
dedad262d1f4292dc6957fb83c133067,1156131000,3,m.to8to.com/*
df09c68d9ee95b21e919fa50c94a0b8b,1156120000,12,m.tj.shangceng.com.cn/*
df1b835ba1036bd3ea9b2bbc9ed6320b,1156120000,8,m.shj.cn/*
e05f5d6907c443d54504833924d41ced,1156120000,1,m.to8to.com/*
e10ec87d9b8419b6dd39791ecce205c6,1156330600,2,m.sp.17house.com/ac/tianjin/*
e3e4cb76a8d7f7a432bed9ba3bb56d12,1156120000,1,m.yz-china.com/*
e619b345ab7e4aff65ad5e99df7c83ab,1156410300,1,m.tj.shangceng.com.cn/*
e837b45a5c0bc71c6432f7f1779f60e9,1156130100,1,m.shj.cn/*
e89217df07f17549f6540a8fb28373f5,1156120000,1,m.to8to.com/*
eacd3fc57cfc02423b204d93da91298f,1156130800,1,m.mzhujia.com/*
eb8e71b9ddd28ff87757f8187d5dee0c,1156120000,1,m.mjia.cc/*
ed071f860a2b10c56eb86a984ec3524d,1156120000,1,m.to8to.com/*
ed426ceaa165d022ac3f25aee83a3573,1156120000,2,m.zhuangku.com/tj/*
ed866dcacc71343f1b3dc4028968fc3e,1156120000,1,m.to8to.com/*
f03544e2f4f9c33bd83365f2f8daa404,1156120000,1,m.nb.17house.com/zhuanti/tianjin/*
f03e2634ae131bcc99b1681cf2466779,1156120000,2,m.to8to.com/*
f087f0273ddab85f7b14a7ac5c2af843,1156120000,1,m.shj.cn/*
f2f41e9bd8c7bbd72a32c2cd7191628c,1156120000,1,m.to8to.com/*
f3093abe32736158799bd5b4485e3521,1156511900,2,m.shj.cn/*
f33a19e3b0e7c86d45dd9b2607ab95bb,1156130100,1,m.to8to.com/*
f3ffe88ed19b02a168c88723d5342266,1156120000,1,m.sp.17house.com/ac/tianjin/*
f5c531f051bac136c7bec8a1b604c061,1156110000,4,m.shj.cn/*
fb4da0860eea69918d8b7cddf7fddddf,1156120000,1,m.to8to.com/*
fbc7f6b7b2ba9bf423de020e7114edee,1156120000,1,m.to8to.com/*
fcc6ef88d0fa4b957ec0cb29dd7d5460,1156510100,1,m.to8to.com/*
fde6682818b7c13096a592a229400d9f,1156130700,2,m.jia.com/tianjin/*
fe40838e84876f8bbb38f4796bbbc3b7,1156320100,1,m.to8to.com/*
