01b645187abbe2d0b5698493d293ec2a,1156621000,17,jiameng.183do.com/mgj/*
0a3a639b1bd3c70db49c7097b3b20c73,1156500000,14,m.shixiaom.com/zt/zgds/190220/*
0c1bac9587d871607afe52abff3ce3a2,1156500000,1,zs.zsb43.com/7072/70726351/*
0c1bac9587d871607afe52abff3ce3a2,1156500000,1,m.315sj.cn/sem5213.html/*
0ee6673b2dc56e99d7ea662616705d44,1156110000,1,zs.zsb43.com/7072/70726351/*
0eed901a96bfe442946e0c295f677e3d,1156510700,39,jm.661826.com/bd/mgj/wap-1/*
1397d9f09625574c2dbbb9df9e42765f,1156621000,24,qx2.souchuangye07.com/ghz1-m/*
152d79ab1e4e629a217cb5f04554fc31,1156620100,1,wap.19978.cn/sjzsy/27501/*
2c9c38c2e2079e3bf2d43df15b528dda,1156610600,7,3w.sjgh52.com/wp/qtpgu5wap/*
2dcbd6c3cc6521e5c9f7b7525d8f3134,1156420100,7,3w.sjgh49.com/wp/qtpgu3wap/*
2f5966986c25dce08d3e2023b9108a47,1156430100,22,qx2.souchuangye07.com/ghz1-m/*
344e07c443daa45aa51608b17b0ded54,1156500000,15,wap.78.cn/web/zuigudashu/*
367f8c66b468b8ce43aac855f5d58bf0,1156420200,27,qx2.souchuangye07.com/ghz1-m/*
3a87c5d8b1c8c074e39c3fa57b6807b9,1156140500,1,cap.jingyang.pro/ghzpg/wap/*
3b365fd7b2614c349cab82ed6cbdff3c,1156620300,2,mcbdm.topcyb.com/xmsj/zgdsbg/*
3eed787cd6d896a0a81108e0d6258f8e,1156410500,1,zs.zsb43.com/7072/70726351/*
40b5325255ccb874b83f81cfb29c9b7a,1156410500,1,zs.zsb43.com/7072/70726351/*
4669c1b8301950ad57bb534c7590798d,1156420800,1,qx2.souchuangye07.com/ghz1-m/*
49560c97fbb9b38844d2002b449af98e,1156421300,43,3w.sjgh51.com/wp/ghzbdwap/*
4d4844beccd6ac16e5d0e0f9c93eb13a,1156510100,39,3w.sjgh49.com/wp/qtpgu3wap/*
5005f70a66fb2150229c7c5ced04cf14,1156622900,6,3w.sjgh51.com/wp/ghzbdwap/*
528c8868f365a44347bf667a9fb9de64,1156620700,1,zs.zsb43.com/7072/70726351/*
556b3c424e4c6183bd23c7ebfb142df9,1156620500,8,qx2.souchuangye07.com/ghz1-m/*
56879bafd56bc50b747b4ddb1a0ff525,1156610400,3,jm.661826.com/bd/mgj/wap-1/*
572039074f2b1cdb390b8dc27f9011a0,1156640100,1,zs.zsb43.com/7072/70726351/*
57edc8dc333d9402d799efdfcc2616cf,1156330500,24,qx2.souchuangye07.com/ghz1-m/*
587677c166eb2950799eeaa372370bf9,1156610700,5,3w.sjgh34.com/wp/guhuoziwap/*
5b55e9c78b0567fd1e62ee4eddaa6f49,1156610500,6,jmw.661852.com/mgj/wap/*
5ca9b7b4dcb540a4914cf8ec0a8c18d0,1156620100,12,3w.sjgh51.com/wp/ghzbdwap/*
62c4ed0f8f3e35d4d7f7ac7dd09fbfb5,1156510100,41,3w.sjgh52.com/wp/qtpgu5wap/*
65ac6f1fafb12a70fa3960fe5eb71c89,1156421200,1,3w.sjgh52.com/wp/qtpgu5wap/*
66c7505658f7e77fbd8376781ef7660d,1156610800,1,ly.zsb13.cn/qtpg/*
6c492f55f29615d5913cd0edc6da0169,1156610100,1,3w.sjgh51.com/wp/ghzbdwap/*
7366e0a997999194d4b34e75fead08d3,1156360700,13,m.shixiaom.com/zt/zgds/190220/*
7a6e3b290bf02a0ad8c99cda2855e430,1156350200,1,zs.zsb43.com/7072/70726351/*
7d4a1478014ae6f6de9bafa5171afa81,1156410100,42,3w.sjgh51.com/wp/ghzbdwap/*
7f3b9b356135e4cb68f16bef3a18d8a3,1156420500,21,3w.sjgh51.com/wp/ghzbdwap/*
7f3b9b356135e4cb68f16bef3a18d8a3,1156420500,1,mcbdm.cybptw.com/xmsj/ghzxzcp/*
8048fdb5bcddfaf0c055ec704cc0598a,1156500000,36,3w.sjgh51.com/wp/ghzbdwap/*
8058d9cb3104369347789125c897e76a,1156510700,39,3w.sjgh49.com/wp/qtpgu3wap/*
8058d9cb3104369347789125c897e76a,1156510700,24,jmw.661852.com/mgj/wap/*
8058d9cb3104369347789125c897e76a,1156510700,14,m.shixiaom.com/zt/zgds/190220/*
81b2fd78dbbff4bcca566f4e20f25baa,1156511000,19,m.shixiaom.com/zt/zgds/190220/*
85e6641836d8d41d3fe574746e68edde,1156421000,27,zszt1.souchuangye10.com/qtpg2-m/*
86542c4039a3c95016045098fb4b7a41,1156620100,1,zs.zsb43.com/7072/70726351/*
880b4a189dc9bc805b112540832dbb31,1156610100,6,jmw.661852.com/mgj/wap/*
880b4a189dc9bc805b112540832dbb31,1156610100,5,jm.661826.com/bd/mgj/wap-1/*
908318462562bbd87f36a0f9e2a80134,1156610700,32,3w.sjgh34.com/wp/guhuoziwap/*
91d91192192cbd1d3b34d73b05ccc72d,1156420100,32,3w.sjgh52.com/wp/qtpgu5wap/*
96a2d3269eb64ea8a5e333d1fd67898c,1156610100,7,3w.sjgh51.com/wp/ghzbdwap/*
9fa979dc5223c16da703b335258d3589,1156620100,1,zs.zsb43.com/7072/70726351/*
a0869d42a712d0b5ad7b121ecc41f9dd,1156110000,1,zs.zsb43.com/7072/70726351/*
a1727eaf15820a2999f630523158708b,1156420100,1,zs.zsb43.com/7072/70726351/*
a59e89163d3d33038e01b2ea3812fc09,1156610100,42,3w.sjgh52.com/wp/qtpgu5wap/*
a7391eac81413d250fcbf3d219f9185c,1156110000,1,zs.zsb43.com/7072/70726351/*
a761d0753aba3d5b5780e2027636986c,1156610900,3,3w.sjgh52.com/wp/qtpgu5wap/*
ac0349ef6fa07e1c910000f33da92c40,1156620800,1,zs.zsb43.com/7072/70726351/*
af351ebf52fed56983e8f3f3748c1904,1156510500,1,mcbdm.cybptw.com/xmsj/qtpg/*
b3096ef7fabde0fc66c6b6e20a6a6ece,1156610400,1,zs.zsb43.com/7072/70726351/*
bc64345b811e8f1099b1f81cbffa2893,1156510700,22,jmw.661852.com/mgj/wap/*
c0e384a1f2da3ae629290562a620d35d,1156422800,7,jiameng.183do.com/mgj/*
c19b8b829278cd94a264ab8a15fb4d72,1156370500,1,zs.zsb43.com/7072/70726351/*
c3844022e0203c7829a9f02dfe16a36e,1156610600,1,mkbdm.cyjm25.cn/xmsj/zgdsbg/*
c7fee0658357a856f4bfeee46e1afb1c,1156420100,45,3w.sjgh51.com/wp/ghzbdwap/*
c7fee0658357a856f4bfeee46e1afb1c,1156420100,43,3w.sjgh52.com/wp/qtpgu5wap/*
c8783a1f72d13f6cfba9778282a9d66e,1156620100,1,cap.jingyang.pro/ghzpg/wap/*
c9156e30ac9061d479d1c37ec5c490d6,1156610600,13,m.shixiaom.com/zt/zgds/190220/*
cb5dd8791024a1865e77c4a7647d31a4,1156620100,18,qx2.souchuangye07.com/ghz1-m/*
d09aa3a4d4dcde067d47e243ca3383d7,1156510100,1,3g.315268.com/web/qiaotoupaigu/*
d09aa3a4d4dcde067d47e243ca3383d7,1156510100,38,3w.sjgh49.com/wp/qtpgu3wap/*
d30f3b5b6ac97a14c9b73b8f2989d237,1156610500,14,m.shixiaom.com/zt/zgds/190220/*
d33c2c0681e5e29f2a7729ccb2c063c6,1156420100,1,3g.959.cn/sjzsy/27501/*
d68b8f1d3d682f7056b7e9ae0cee20dc,1156422800,36,3w.sjgh34.com/wp/guhuoziwap/*
d68b8f1d3d682f7056b7e9ae0cee20dc,1156422800,37,3w.sjgh52.com/wp/qtpgu5wap/*
d8c8d442019c865378d45619fae6889c,1156610400,1,m.315sj.cn/sem5213.html/*
df62112830f2fc8815388886e224a90a,1156330700,1,zs.zsb43.com/7072/70726351/*
e41aa6c7b599cee8d437bd8de8b39fbb,1156410500,32,3w.sjgh51.com/wp/ghzbdwap/*
e50500801fbcc1b93333d856f9d0b241,1156610800,1,zs.zsb43.com/7072/70726351/*
e50500801fbcc1b93333d856f9d0b241,1156610800,35,3w.sjgh52.com/wp/qtpgu5wap/*
e7abf8ce5f4cf992bbfa7ad2050355f8,1156460100,1,zs.zsb43.com/7072/70726351/*
f15c5dec064ae4662b142da7e60675a4,1156500000,13,m.shixiaom.com/zt/zgds/190220/*
f698598da31667417c7237bc99e95564,1156510100,1,zs.zsb43.com/7072/70726351/*
