0017eb2958673ec7d2c343a5249487a3,1156411600,6,cqiedu.com/xl/xf*
00c78739664b8c0c8c16c3b34d9ef1f2,1156510100,1,cqiedu.com/xl/xf*
0103f98471e52f719828cd9402c1ff3e,1156130300,29,kuangjia555.zzbredu.com/*
0150255e7824d8326e0f51835eed2e46,1156130100,25,bj.hpwxb.com/xf-MB*
015bdd7940908bdca5467c42b0ea096a,1156150100,59,bj.hpwxb.com/xf-MB*
01b50380cbe209f8f0038438c2cd9105,1156220100,21,bj.hpwxb.com/xf-MB*
01dd62855921ed94194b2e94ece3d3a8,1156371700,3,cqiedu.com/xl/xf*
01ec4a7ccde07762eb409b8265d0c45c,1156131000,31,kuangjia555.zzbredu.com/*
01ef258758be0b958ab0afd7757a5ec2,1156370900,1,www.niceloo.com/yixiao/*
01f92a7b562e83a8cfcae3db48f2223c,1156411300,28,bj.hpwxb.com/xf-MB*
02050f84b00e51a24a638f855ff13e98,1156130200,28,bj.hpwxb.com/xf-MB*
02380341a5f820c6c9571bf945b3a6a1,1156130100,6,www.niceloo.com/tg/xf*
02934dc71052e008a86f9a02c369fc27,1156340700,1,www.yaomiedu.com/wap.html*
02934dc71052e008a86f9a02c369fc27,1156340700,6,cqiedu.com/xl/xf*
02b5a185fb1efed2b85a224000587bbe,1156371500,113,bj.hpwxb.com/xf-MB*
02fa59ecb344b292d72108d3992fa4c6,1156130100,58,www.niceloo.com/tg/xf*
033dada804b8190a7c1474501867f2a3,1156310000,1,lma3.fjbest.net/indexApp.html*
03a381e1fc8ff48dc0da25e98559d27c,1156370800,36,zjks.offcn.com/zg/xfgcs*
03c51f9900d44ad522d4ab066103a858,1156220100,31,www.feiyue119.com/*
03ca8d15c0318f12515c5adf95effba3,1156130700,2,www.youluwx.com/*
03ca8d15c0318f12515c5adf95effba3,1156130700,61,www.niceloo.com/tg/xf*
040577eb7eb20d205aec9f95cc6fc1be,1156210100,7,www.qddfxfpx.com/*
041b05e6c99e902980a24ef37562ff7c,1156370400,8,changqiedu.com/jiaoyu1/wap/*
0436eee152ca4955dccb807cd3f59c60,1156320500,2,www.yaomiedu.com/wap.html*
0437ed6a599d1eb18f40b189f0344d5b,1156220800,1,xf119.wztedu.com/*
0438e077c4127248e6cb75516fe91cc3,1156131000,1,www.youluwx.com/*
0453c8f8655f3f50a05d5a95ce130201,1156370200,1,changqiedu.com/jiaoyu1/wap/*
04a44beb56a9b776b943eb52c59ed176,1156310000,5,www.youluwx.com/*
04d03e0fa9a04b2f78f9d630f2ebf1d8,1156370300,14,zjks.offcn.com/zg/xfgcs*
057079bbf554919e1a37eadcc437bec9,1156510100,4,changqiedu.com/jiaoyu1/wap/*
05bfa552581a41af5dc074c4e3b983ee,1156370300,7,changqiedu.com/jiaoyu1/wap/*
05ea822ea869e18a2c2ade3dc8fc069e,1156512000,12,changqiedu.com/jiaoyu1/wap/*
060aeda07e9961ae9ffb51d81c962915,1156130900,1,www.youluwx.com/*
0616d4e5debcf4f94358cecea501d5b2,1156130100,1,www.haixue.com/xfyd*
06b226e84610fa29a39c42c847c78b2a,1156320900,31,www.jhwx.cn/zt/m_xfgc/*
06ee5b02a9d793cfeebcf8ce20f5e5dc,1156370600,1,www.yaomiedu.com/wap.html*
06f26faee7704b1266b7d08234cb98e4,1156130400,1,changqiedu.com/jiaoyu1/wap/*
07c7e807a5abd42ad1d5ca7b5046b008,1156131000,16,www.youluwx.com/*
0807936bc35b944ca9e14d5654c04468,1156370800,1,lma3.fjbest.net/indexApp.html*
0807936bc35b944ca9e14d5654c04468,1156370800,6,changqiedu.com/jiaoyu1/wap/*
0861e95dae4be7ea5fad6d710197368b,1156371400,13,changqiedu.com/jiaoyu1/wap/*
08a31ef0e22cafab72b87fe8163c8545,1156130100,58,www.niceloo.com/tg/xf*
08aaec1c990054d0a05c682a0f09f3ab,1156130200,2,www.yaomiedu.com/wap.html*
08c50e53403d4aa7b6abe1e963b9e8ef,1156210700,1,www.haixue.com/xfyd*
096bb9bc06516d75217a4e228692d9e8,1156130400,4,cqiedu.com/xl/xf*
09852ded8969f6ce89d9d0180679d46d,1156370100,8,changqiedu.com/jiaoyu1/wap/*
09b29a06c2a9fa066c004ada60b41c74,1156410600,33,yidongm.zzbredu.com/*
09ca24ae1e1c738b1e8c844c132742d0,1156130100,28,yidongm.zzbredu.com/*
0a305327193794bd31c752c7c33b157c,1156371100,4,www.youluwx.com/*
0a5b185b8ae251d3fb67c86a3cbbc73c,1156220200,1,www.niceloo.com/yixiao/*
0a695ee48c9c1c1aa2660b4bb7175460,1156510800,1,www.haixue.com/xfyd*
0a6c18a54fcab01c742c9af52c5d3070,1156131100,1,yidongm.zzbredu.com/*
0a9c9b0321045a6352c1279e01fc43bd,1156320500,42,www.kaojia119.com/m/*
0ac74b56f5dbe6136569d6075b9e1411,1156130400,1,www.haixue.com/xfyd*
0aef80d179f4b0d2deac63501f821252,1156130100,3,www.niceloo.com/yixiao/*
0af83c52d7e7f9beebba1bf583f371a9,1156150100,2,www.youluwx.com/*
0b20951f9bee5c21c759e685926bf51a,1156220100,22,www.yd119.cn/m/
0b20951f9bee5c21c759e685926bf51a,1156220100,8,changqiedu.com/jiaoyu1/wap/*
0b3161e17777cdf75b9ab0ac5ac82ccd,1156370400,20,bj.hpwxb.com/xf-MB*
0b6099185a43bd5ec8c6cc80ac5c60b8,1156150500,5,www.youluwx.com/*
0ba1e7f5a5700450e1c0cfe4aa3cbd1b,1156130300,57,www.niceloo.com/tg/xf*
0bd35448d573d77b2fb6f2cbb99d269e,1156321000,1,changqiedu.com/jiaoyu1/wap/*
0bdda5aa0edc995997009a0eda8c3c0d,1156130500,4,www.niceloo.com/tg/xf*
0cacbb18243d915329b4c804abf2935a,1156130300,4,www.yd119.cn/m/
0cacbb18243d915329b4c804abf2935a,1156130300,12,bj.hpwxb.com/xf-MB*
0cc396f281cabcfd8215f0b219eb1606,1156320200,8,www.jhwx.cn/zt/m_xfgc/*
0cfde9729720a40a2d985c3bf07bafd7,1156150100,8,changqiedu.com/jiaoyu1/wap/*
0d6159025d2a5eed784f179087722f10,1156130400,1,www.haixue.com/xfyd*
0d91c813d7a536513889660bf43ac283,1156610800,2,www.feiyue119.com/*
0e1458ff9b4ee4120ec3fd04e1917d3d,1156370500,5,cqiedu.com/xl/xf*
0e5289ef43d903c92ba38ed43977e777,1156310000,1,yidongm.zzbredu.com/*
0f0f9d6d43ee61e06104bb4c2ef97698,1156130100,5,www.youluwx.com/*
0f1670d8be5300ae514bba13c3db9480,1156320500,30,www.youluwx.com/*
0f2ae72deda035bc4d25ba32f9f7cd7f,1156130800,1,www.haixue.com/xfyd*
0f302ef794eed3e7c6f6d370e96d9e34,1156370300,11,www.youluwx.com/*
0f302ef794eed3e7c6f6d370e96d9e34,1156370300,4,zjks.offcn.com/zg/xfgcs*
0f9ec5cb83257c8f95d8133905a3e4b7,1156510100,2,cqiedu.com/xl/xf*
0fd06a1a6b7b36751340fe313eb62fb1,1156210200,4,yidongm.zzbredu.com/*
10f0b6e3f05218e7e3994199b406ed69,1156210200,4,changqiedu.com/jiaoyu1/wap/*
11777bf4450683b5098c4c6a974727ef,1156130100,21,www.yd119.cn/m/
11fffeb7607b954ddd98747e9a90dc99,1156510800,2,wap.bangkaojiaoyu.com/bjtg/xf/*
1227453a611f1c2a5a9d0ff8d2189633,1156222400,2,www.feiyue119.com/*
1263653c6b2bf4300f9baa1cd564a94d,1156321300,1,www.youluwx.com/*
12cb744ea9eecbd332de3db1cc624007,1156110000,30,kuangjia555.zzbredu.com/*
12eed0cc82e0e3524e1c059ddc1959dd,1156370100,25,bj.hpwxb.com/xf-MB*
131b7de272ea4cfbb5ee1fd42b5627e0,1156130100,29,yidongm.zzbredu.com/*
13b36ee48b93c95bf3bfe28e1de597d9,1156370200,9,zjks.offcn.com/zg/xfgcs*
13ca23179c8d279ba84960868f62b735,1156130100,1,www.youluwx.com/*
140fd4f9921b968ea991775317cc974a,1156130100,17,www.youluwx.com/*
1413d40610720c1c11e2170373edec76,1156220500,2,zjks.offcn.com/zg/xfgcs*
144f3d733213cf261609a4fece7189b3,1156511300,6,cqiedu.com/xl/xf*
14c25fe00fd9bddb0758b7fb4b7884c5,1156370700,35,zjks.offcn.com/zg/xfgcs*
14c25fe00fd9bddb0758b7fb4b7884c5,1156370700,19,bj.hpwxb.com/xf-MB*
14c9636122951fd4382727a5efe6a9bc,1156370700,39,xf119.wztedu.com/*
14d423cd4382be299ecc670cf62a4900,1156220100,39,zjks.offcn.com/zg/xfgcs*
14d423cd4382be299ecc670cf62a4900,1156220100,9,changqiedu.com/jiaoyu1/wap/*
14f3fff41825cb6c55cce4bdc12c02c8,1156150700,16,xfgcs.krs119.com/m/*
14f4f2b8154637ebd97117465ba72016,1156370700,1,xf119.wztedu.com/*
152a0ab9292d6cc0ac22c431632a0233,1156370200,2,cqiedu.com/xl/xf*
15359c41c2c9b539afa4caba3402459f,1156150200,19,yidongm.zzbredu.com/*
153b12855c88e394f78ac69481229af0,1156330500,2,www.haixue.com/xfyd*
1542ef0f06651f8572e752743b3cd9c6,1156411500,28,www.jhwx.cn/zt/m_xfgc/*
15b0be164d4baade306163f795ffabd6,1156370100,9,www.youluwx.com/*
15f76de0653c43a2ac4c6e2a3bb6bbf0,1156410400,41,zjks.offcn.com/zg/xfgcs*
167eec2fc41afbfed970d5123b2336f7,1156310000,1,www.youluwx.com/*
16b1ac0eadc649e9105e0cdb5312f184,1156310000,9,changqiedu.com/jiaoyu1/wap/*
16b7e0d0c616e20733d31639e3aa1f6f,1156320600,41,www.kaojia119.com/m/*
16cf2bcc99d98d67bb18e0e89ff6b96d,1156510100,2,cqiedu.com/xl/xf*
16e36d328d0f134b8c9dc3958a58fe16,1156410100,27,xfgcs.krs119.com/m/*
16f38bcb50e05e3234533b7cb053054a,1156320500,7,changqiedu.com/jiaoyu1/wap/*
1737ec5c68729b077e4e1681f73bf305,1156321300,2,www.yaomiedu.com/wap.html*
1737ec5c68729b077e4e1681f73bf305,1156321300,1,lma3.fjbest.net/indexApp.html*
1740945df21dbbde05caa2a3f75810fc,1156410400,8,changqiedu.com/jiaoyu1/wap/*
17774ee08b722cbfd930c9b8148e49c3,1156220600,5,changqiedu.com/jiaoyu1/wap/*
17bb9bef163f8987b027b1594a3cfce4,1156130600,1,bj.hpwxb.com/xf-MB*
17ced7f0cd28ceeae92d1a43c7a20492,1156371100,6,changqiedu.com/jiaoyu1/wap/*
18249750f4ace2729518b9cb63d21327,1156511300,1,www.haixue.com/xfyd*
18249750f4ace2729518b9cb63d21327,1156511300,2,cqiedu.com/xl/xf*
184486f7e4691c662c1362b3be49c2e6,1156130900,1,www.haixue.com/xfyd*
186c6fb81dc61b6cd8da0a27ea09709c,1156150600,1,www.niceloo.com/yixiao/*
1936a8cdc17ef5df2148aaa269442c2a,1156130200,1,www.yaomiedu.com/wap.html*
19a91fd3507dd1a7381be599d223c83a,1156410500,1,www.niceloo.com/yixiao/*
19ce66307e7f4c23442aa35cde3de9da,1156511100,66,www.yd119.cn/m/
19ce66307e7f4c23442aa35cde3de9da,1156511100,8,changqiedu.com/jiaoyu1/wap/*
19e4b2dde1e91fd2a7a5d64d1bf4d27c,1156210600,6,yidongm.zzbredu.com/*
19e4b2dde1e91fd2a7a5d64d1bf4d27c,1156210600,4,th.adumm.com/XFM6/*
19e7af5b97e0cea15ee8d2d19396ff73,1156371300,25,www.yd119.cn/m/
19e7af5b97e0cea15ee8d2d19396ff73,1156371300,1,lma3.fjbest.net/indexApp.html*
19f592f55da1cc930c312ddf99fb651d,1156130200,6,wap.bangkaojiaoyu.com/bjtg/xf/*
19f94edff4b165e5d5dad9e8978da9fd,1156510700,3,www.youluwx.com/*
1a070ddc7ac066d7e90e125268725446,1156510100,19,th.adumm.com/XFM6/*
1a1ac31ab744da384faca9d653de8dc5,1156411200,6,cqiedu.com/xl/xf*
1a2157f084cfd95557bcbb209bb3afad,1156310000,2,boxin.wztedu.com/new/wap/bktj.html*
1a26213a8a88a46b4e7f0b24305e81b0,1156320600,6,wap.bangkaojiaoyu.com/bjtg/xf/*
1a858f8abbb19a4bc2b2add4fc54b074,1156130200,57,www.niceloo.com/tg/xf*
1ad45166ed29d5029dea4413acc4c7bf,1156220100,19,zjks.offcn.com/zg/xfgcs*
1ad45166ed29d5029dea4413acc4c7bf,1156220100,53,jy08.yanganzixun.com/xfpc/*
1ad45166ed29d5029dea4413acc4c7bf,1156220100,8,changqiedu.com/jiaoyu1/wap/*
1b158a9af9f6727f02cedf8d370672dc,1156150900,32,bj.hpwxb.com/xf-MB*
1b1c97d32e548d390186c196c3eda9d0,1156130100,68,www.niceloo.com/tg/xf*
1b1c97d32e548d390186c196c3eda9d0,1156130100,22,www.jhwx.cn/zt/m_xfgc/*
1b6309cb142df9b0bd44d3c10d672ab8,1156370800,26,www.yd119.cn/m/
1b6a327e78f61ae83be5a20a457c6bad,1156370200,7,changqiedu.com/jiaoyu1/wap/*
1b8f07429699c3ae5c53434137dceb88,1156131000,31,www.feiyue119.com/*
1bb7ee9e752bd9be8d09637f8888461a,1156130100,6,www.youluwx.com/*
1bca7b24dd4496c950e3f741e0a6b90a,1156321200,11,wap.bangkaojiaoyu.com/bjtg/xf/*
1bddba53eb9d87e2e1611fe61d3d6ce4,1156130200,7,www.yd119.cn/m/
1c1fd09edb858a2d1074f6d4fe202e22,1156370100,48,bj.hpwxb.com/xf-MB*
1c47fc6ba525e4c26eae33f72bc5c2ed,1156370600,23,bj.hpwxb.com/xf-MB*
1cd20933e6d0f4f20f19367e3fbf7b3c,1156220800,10,www.youluwx.com/*
1cdf444cbe6a13c6dd967d4416b29d5a,1156220400,4,yuzhonglude.guozhengonline.com/*
1cdf444cbe6a13c6dd967d4416b29d5a,1156220400,6,wap.bangkaojiaoyu.com/bjtg/xf/*
1d211fdff304a98c009fa21dee1ccc69,1156421500,37,xfgcs.krs119.com/m/*
1d211fdff304a98c009fa21dee1ccc69,1156421500,20,www.yd119.cn/m/
1d211fdff304a98c009fa21dee1ccc69,1156421500,2,wap.bangkaojiaoyu.com/bjtg/xf/*
1d37ec199ef0128138240f2555e28a24,1156510600,6,cqiedu.com/xl/xf*
1d5ed0643993cb45a824327113435bca,1156130200,8,changqiedu.com/jiaoyu1/wap/*
1d80ff9dd024791128de8e3a12bc9f13,1156410300,1,lma3.fjbest.net/indexApp.html*
1d96849574ad7cd8d390b10678034695,1156371100,1,lma3.fjbest.net/indexApp.html*
1dd351f9f6e3a1109bca443d18a60647,1156511100,2,yuzhonglude.guozhengonline.com/*
1df2197762155eb041522785653c6752,1156150200,34,www.feiyue119.com/*
1e47e5e56a113028a1af5340e873cd16,1156510100,2,cqiedu.com/xl/xf*
1e75c123ab59cb961d88e1f25dcc9017,1156370200,9,changqiedu.com/jiaoyu1/wap/*
1eeef1b5786b8fc992afe77687a0a9f9,1156131000,1,changqiedu.com/jiaoyu1/wap/*
1f50bb14625384f033ef3b736f7cf485,1156130700,1,www.niceloo.com/tg/xf*
201c673e1e6a216f482824ba09a7dc8d,1156410100,31,yidongm.zzbredu.com/*
20246a15d212d3ee6d8b42b1664f13c8,1156411500,33,yidongm.zzbredu.com/*
207b9940fa02a5caac51656578b6f449,1156370300,59,bj.hpwxb.com/xf-MB*
20969338f19b50272f51d3713af5bfaa,1156220100,40,zjks.offcn.com/zg/xfgcs*
20d6e738a3608739b2903cc453a0b124,1156371700,6,kuangjia555.zzbredu.com/*
211b1fe31f3cb420f5252b166ec4b627,1156211200,6,yidongm.zzbredu.com/*
213888e59ab22e7f0a38971fd127e1a3,1156410200,7,www.youluwx.com/*
213888e59ab22e7f0a38971fd127e1a3,1156410200,1,lma3.fjbest.net/indexApp.html*
213e0613d3e7ad9cd68f0125979660f9,1156220100,66,www.youluwx.com/*
2166d0815f09d70166ff334642b5175f,1156130500,25,www.feiyue119.com/*
2167eaf441b77d83d01e5561c36f2d91,1156130100,1,yidongm.zzbredu.com/*
21750ec1c842a966dd102755a7dd18c6,1156131000,26,zjks.offcn.com/zg/xfgcs*
2223df1f817969f4c3eb1b1f96baa300,1156150100,1,www.haixue.com/xfyd*
22abfddcd0c61a8c903de6dac89f026d,1156370400,6,cqiedu.com/xl/xf*
22abfddcd0c61a8c903de6dac89f026d,1156370400,8,changqiedu.com/jiaoyu1/wap/*
22c434eea45dce65aa9b03e23e599a8a,1156130100,29,www.jhwx.cn/zt/m_xfgc/*
22d811f62c736e5143b528dd5d7ec5b3,1156150600,1,yl.szfilmcenter.com/*
22f1e1c7d7a86a1a0a1e6784f0c4878a,1156150900,8,changqiedu.com/jiaoyu1/wap/*
23029957eda8106ba82cabf2ebdfa941,1156130700,1,yidongm.zzbredu.com/*
23489827d7939b369852f4179b265e95,1156130200,2,www.feiyue119.com/*
23489827d7939b369852f4179b265e95,1156130200,3,bj.hpwxb.com/xf-MB*
23672168388d1cd62a5af01096788b24,1156370600,2,wap.bangkaojiaoyu.com/bjtg/xf/*
23cb3f9a37f5f65acc93ae540a3988a2,1156222400,28,www.feiyue119.com/*
23d21133ae6e0e922569502a40a08797,1156510100,2,www.qddfxfpx.com/*
240e399c933d244bd5fbac6add192778,1156130100,6,www.feiyue119.com/*
243d114eb6628ec57fa0a013bc11088e,1156210500,6,bj.hpwxb.com/xf-MB*
24678567f75a454d1f5876ea60593aa4,1156150800,73,www.yd119.cn/m/
24a8fb2c535d50a73217c8ffa1235920,1156371300,1,wap.bangkaojiaoyu.com/bjtg/xf/*
2501ad3751bafcbeb1baa6550d2b9924,1156370700,29,yidongm.zzbredu.com/*
256a6b171527e94fab14d203394f5f8a,1156150700,13,www.youluwx.com/*
259834da3a3fc0e0b8f0a7145a399dbc,1156321000,2,www.niceloo.com/yixiao/*
25b16e890b99f605f38306721abad8a3,1156370600,1,cqiedu.com/xl/xf*
2694921869170e4a930461da501eaba1,1156371700,36,wap.bangkaojiaoyu.com/xf*
26c98e35354b2a33973044cc1e51dd0d,1156330200,1,xf119.wztedu.com/*
26f85a7745ae672ec12b702b124b24f6,1156370800,3,cqiedu.com/xl/xf*
2804d7c5e56dcf8505c7c3a639946c72,1156310000,2,www.haixue.com/xfyd*
280c00b547b548a311e1ffb2c1419b7f,1156410800,35,bj.hpwxb.com/xf-MB*
2816311d9fb581f15d4050b7ed0a40fa,1156130100,28,www.jhwx.cn/zt/m_xfgc/*
284e979925767c02418ec5cb99019b38,1156210400,5,www.yd119.cn/m/
2897964e98e16efd0c48646438f1156a,1156130300,3,yidongm.zzbredu.com/*
2897964e98e16efd0c48646438f1156a,1156130300,11,www.niceloo.com/tg/xf*
2897964e98e16efd0c48646438f1156a,1156130300,6,www.feiyue119.com/*
289abed8b155a0636972bd56e417cd67,1156131000,62,www.niceloo.com/tg/xf*
289abed8b155a0636972bd56e417cd67,1156131000,15,www.jhwx.cn/zt/m_xfgc/*
289bd28bfdc0832cf0154222eb42d091,1156410100,1,www.youluwx.com/*
28c7b6111f962c6d53abc60fcebc15b6,1156371500,10,yidongm.zzbredu.com/*
28c7b6111f962c6d53abc60fcebc15b6,1156371500,21,www.yd119.cn/m/
295247c24c251ab6cb66c514f7910427,1156320500,21,yidongm.zzbredu.com/*
2975c0332f4af29f8e9bbaca78f5ae8c,1156220100,70,www.yd119.cn/m/
299ce7f0fdffec86e085c75de2178066,1156130600,1,boxin.wztedu.com/new/wap/bktj.html*
29aadaed0075cb022d35d710f966da6d,1156510100,1,www.yd119.cn/m/
29aadaed0075cb022d35d710f966da6d,1156510100,6,cqiedu.com/xl/xf*
29aadaed0075cb022d35d710f966da6d,1156510100,8,changqiedu.com/jiaoyu1/wap/*
29d579e6e77207fa306a4e8a44e3e979,1156130600,69,www.yd119.cn/m/
2a90e30744222d95b9e8516f3a7ef6b7,1156610100,1,www.haixue.com/xfyd*
2abea9ffb517a91ae6868e12fa4e8563,1156320500,2,www.niceloo.com/yixiao/*
2acb95b04a2dc91ba8941cd35876f357,1156410300,1,www.haixue.com/xfyd*
2afa759c4a3a80593fd1c1566a03fc3a,1156230800,11,cqiedu.com/xl/xf*
2b0e7813a699790a401459f9f8cf2dff,1156370800,34,yidongm.zzbredu.com/*
2b0e7813a699790a401459f9f8cf2dff,1156370800,8,changqiedu.com/jiaoyu1/wap/*
2b1037a4d1a52e1b08b0ee95c5e21ea5,1156130600,1,bj.hpwxb.com/xf-MB*
2b178fc6071c4f0be8c57cf5b3b01968,1156513400,7,changqiedu.com/jiaoyu1/wap/*
2b19e2f19ef9fc94aa7a164a71b019e5,1156130300,22,www.yd119.cn/m/
2b2e9952a5d0fcd5e3eafa8e9cf544fb,1156371700,17,bj.hpwxb.com/xf-MB*
2b4383a8a6b0a60172bb63b9defce825,1156370900,47,bj.hpwxb.com/xf-MB*
2b635cce5bc843db1c1b3c91f63b0c68,1156371000,1,zjks.offcn.com/zg/xfgcs*
2b66c51eab60b36267c2cebb74677089,1156310000,6,wap.bangkaojiaoyu.com/bjtg/xf/*
2b7c9b010faff063b73ea6bef10f0a45,1156371300,25,www.yd119.cn/m/
2bcc86d3417b551fcc7d8e2ac320be42,1156411700,6,www.niceloo.com/tg/xf*
2c19dd498f5d0601ba4cbc128f15132a,1156131100,3,yidongm.zzbredu.com/*
2c70aa120e7f28a580d5d7f54c27e489,1156371100,28,bj.hpwxb.com/xf-MB*
2cb5463eb972ed27387bc3028ed63849,1156150200,20,th.adumm.com/XFM6/*
2ccb8e124e64a476a161b42976024f8c,1156130600,32,zjks.offcn.com/zg/xfgcs*
2ce2fb8199d377c66d2b0d5a2482755b,1156411300,15,www.yd119.cn/m/
2ce6c5558768ba6b4d986e98769c0ad6,1156321200,13,yidongm.zzbredu.com/*
2cf03f0642a2aecb50d95acc8a659901,1156220700,3,changqiedu.com/jiaoyu1/wap/*
2d8dc5ad94a1d32c395df3796be3bfa1,1156130200,36,zjks.offcn.com/zg/xfgcs*
2e2647ed54fd210cd0dbd92e1d6c155a,1156370200,5,cqiedu.com/xl/xf*
2e2ecf35540c6d9124bb5abe19c43689,1156500000,132,www.yd119.cn/m/
2e33535aac70ecfd6dbc2e5ff8a32687,1156410100,39,xfgcs.krs119.com/m/*
2ec40ef3e26fbd397068998f7fd85c9d,1156230400,5,www.niceloo.com/tg/xf*
2f0704ff477ff709d518f6dc12747595,1156150200,8,changqiedu.com/jiaoyu1/wap/*
2f2d7973007f295df5aa47765173fab8,1156370600,28,bj.hpwxb.com/xf-MB*
2f97dd2b5003d56424632c4ddb73ed83,1156341300,33,yidongm.zzbredu.com/*
2fd9e80b6de44fb9a1784b2975c34bb1,1156220100,31,www.feiyue119.com/*
3011a184e386e2ca84de88c50d5309e6,1156320600,17,www.niceloo.com/yixiao/*
308e047cc4aee193a2c7e7f61d512664,1156310000,4,wap.bangkaojiaoyu.com/bjtg/xf/*
3092b180082a0557d3e7990d8e1f744d,1156130900,19,th.adumm.com/XFM6/*
30aa3a389acb6bb693593ea40eb32179,1156130100,4,www.yd119.cn/m/
30d43c14f24401dd5d2b1d443ef03984,1156620100,1,yuzhonglude.guozhengonline.com/*
310965bd69ffa640bbfbe10266649127,1156220100,4,www.youluwx.com/*
3168a2d08e13346bb8993a6641a3d985,1156370200,49,www.yd119.cn/m/
31ac00b28971575bbcb6573a7d90f2e8,1156370400,4,zjks.offcn.com/zg/xfgcs*
31ac00b28971575bbcb6573a7d90f2e8,1156370400,4,kuangjia555.zzbredu.com/*
3203bdee348278328892500197fa0343,1156511400,1,www.youluwx.com/*
320bf2201279c2ba9ff5001eed80fd65,1156370100,26,www.yd119.cn/m/
32733c9b113e2635b238665a92867a7c,1156511400,1,www.haixue.com/xfyd*
32733c9b113e2635b238665a92867a7c,1156511400,6,cqiedu.com/xl/xf*
32c0dad3cb4ff26983a77cd98e246dbd,1156110000,1,wap.bangkaojiaoyu.com/bjtg/xf/*
32cbacfad700719f196f360cd46b63ce,1156150500,26,www.yd119.cn/m/
330dbc914956b7f77c4c89a65d448df8,1156130100,3,www.niceloo.com/tg/xf*
34609055d15530e98fef1de3104dca40,1156210300,5,www.feiyue119.com/*
34ae339873833f01edca112c92d8a727,1156220100,2,yuzhonglude.guozhengonline.com/*
35037c0b696d4c42e7616169277a60fc,1156370200,1,www.youluwx.com/*
3509a3c5f6ea93c24214f268c40b9325,1156371300,5,kuangjia555.zzbredu.com/*
35225771a807209eac1bbc2aaf441b69,1156370200,2,cqiedu.com/xl/xf*
35433bfb71c7eac2e3993ac28375a021,1156320500,31,bj.hpwxb.com/xf-MB*
3559113edbef74372ac2dfbca910e4d9,1156410600,1,lma3.fjbest.net/indexApp.html*
35ee5a9e85d2b1759eb38d952753d3df,1156411400,34,www.yd119.cn/m/
3608328dc78be823a1090cf481b55454,1156130700,3,www.feiyue119.com/*
36909e4362ab2ad3b0c444ae1d6d4f31,1156230900,57,www.yd119.cn/m/
3698ca2cf3d2742237c15c042a6f5c42,1156130100,7,www.yd119.cn/m/
36a1c85f4c440747882bc148fe616f02,1156130700,28,www.feiyue119.com/*
36a1c85f4c440747882bc148fe616f02,1156130700,28,bj.hpwxb.com/xf-MB*
36efd6ae2f16569c0f61136405173d0d,1156130600,2,www.niceloo.com/yixiao/*
3727b46921ea914efd4b50d6fd345985,1156130100,66,www.niceloo.com/tg/xf*
373a854aebae8996f12685fa563a573f,1156130200,1,yuzhonglude.guozhengonline.com/*
3788c4713d513d8c78427bf1b1a2ff2d,1156130100,1,www.yd119.cn/m/
378d50752c712c7599824254a03924bb,1156370600,1,www.youluwx.com/*
37c4d08afc6385a11a6b60b1f4fdfbf4,1156130900,9,yuzhonglude.guozhengonline.com/*
37d17cac57647fc8c0ffe9a6295cfa2e,1156371400,1,yl.szfilmcenter.com/*
38b44c94d818f73a87c8a8b73f8dfe85,1156410800,32,bj.hpwxb.com/xf-MB*
38bab7ac98750da7fc221fa49bfc2417,1156370200,1,www.niceloo.com/yixiao/*
3905c46265829b95b1af852052de6f9d,1156131000,3,www.niceloo.com/tg/xf*
3905c46265829b95b1af852052de6f9d,1156131000,1,www.feiyue119.com/*
391971d67ddc35081300afa4bbe8d795,1156130900,49,www.niceloo.com/tg/xf*
391ab2b0c7f3ddf9555c3f0e8891d9ae,1156370600,101,www.yd119.cn/m/
391ab2b0c7f3ddf9555c3f0e8891d9ae,1156370600,6,cqiedu.com/xl/xf*
3967da7baff0e959c8f7074db0b30f0f,1156310000,2,www.yaomiedu.com/wap.html*
3967da7baff0e959c8f7074db0b30f0f,1156310000,13,www.jhwx.cn/zt/m_xfgc/*
3989419c262c02dce1fd8c51bbae3ee5,1156370600,1,www.niceloo.com/yixiao/*
3989419c262c02dce1fd8c51bbae3ee5,1156370600,24,www.yd119.cn/m/
3996bd4ad5ec42d17c1af0fc38abb6cb,1156130100,1,changqiedu.com/jiaoyu1/wap/*
39bd09bc9a1289ec860bc6f5561a424b,1156370500,1,cqiedu.com/xl/xf*
39e8f3e152a788b372a5b6bd5ffbd01b,1156130400,6,wap.bangkaojiaoyu.com/bjtg/xf/*
3b23851ee0f5cd9464c140954545d423,1156230800,1,www.haixue.com/xfyd*
3b4932427cb1474620f09427924a76dc,1156130200,6,bj.hpwxb.com/xf-MB*
3b8b12b027d16760546f02f4987e5ec9,1156370200,23,zjks.offcn.com/zg/xfgcs*
3b8b12b027d16760546f02f4987e5ec9,1156370200,8,cqiedu.com/xl/xf*
3bcc996d336793d3b84d1305b7bcea8d,1156320500,85,www.qddfxfpx.com/*
3c46bb41e8616c5807498ce389373b0f,1156411100,56,bj.hpwxb.com/xf-MB*
3c5a425ded61c8d8b160610e8f8ec587,1156210500,1,www.haixue.com/xfyd*
3ca2d6c85da0da1e383ba1289a6a8aa9,1156211300,10,www.youluwx.com/*
3cfa86a23e313e6a390f53c83f536ff5,1156341200,30,zjks.offcn.com/zg/xfgcs*
3d02a36710a249f75f7a85c58947c91b,1156130100,4,changqiedu.com/jiaoyu1/wap/*
3d58260393b6bdba6a8d7c3ef303a258,1156500000,1,lma3.fjbest.net/indexApp.html*
3d70a7ea46f7ec8ea8a30de4fba8de85,1156371000,21,xf119.wztedu.com/*
3d70a7ea46f7ec8ea8a30de4fba8de85,1156371000,3,changqiedu.com/jiaoyu1/wap/*
3e522620de8bb6d123e2279651656292,1156131100,67,www.niceloo.com/tg/xf*
3e79675752ce7ae5fa233afa767217f7,1156130600,3,www.niceloo.com/tg/xf*
3e9ea66fccd46e7b9cf736ea122b3be3,1156411200,6,cqiedu.com/xl/xf*
3ecf22212fb5404bc4760480362f19b2,1156411700,33,yidongm.zzbredu.com/*
3ee0f2d655cd55d26ca33feeb44f44f5,1156130800,33,zjks.offcn.com/zg/xfgcs*
3ee7b99ba01e4c5073e2ec8902a1c002,1156321100,37,www.yd119.cn/m/
3f92ff3a96c1a70a7e66d098407e5cf4,1156220600,1,lma3.fjbest.net/indexApp.html*
3fe4eb7167610c370234d471b2c6ea5d,1156220100,5,wap.bangkaojiaoyu.com/bjtg/xf/*
3fe6651f2b00692b99356559532a1646,1156320100,5,www.youluwx.com/*
3ff67639fbcd8538a098653dc28caef3,1156310000,13,www.jhwx.cn/zt/m_xfgc/*
40022c51c5c69c11171ca75343703f05,1156130200,66,www.niceloo.com/tg/xf*
401b5d08bed007e2e138081100e739be,1156370600,25,www.yd119.cn/m/
406593e6c0dd506b3ea1c1960203ace3,1156330100,1,www.niceloo.com/yixiao/*
4068a873a80748905a1ee4b8d5cabc17,1156320100,9,changqiedu.com/jiaoyu1/wap/*
40732af07ac8a40b31b7981fd4c015a5,1156500000,6,changqiedu.com/jiaoyu1/wap/*
4088d81471d4c5f6973c8b96c941a233,1156371300,1,www.youluwx.com/*
415a752d0908d26b0ffbd665519d0eab,1156151100,26,www.yd119.cn/m/
415fb8bd48155ac771a8adacc785082f,1156130800,38,zjks.offcn.com/zg/xfgcs*
416ede3eb60b07aa6ae1fe6d5e1a8ac1,1156150100,3,yuzhonglude.guozhengonline.com/*
416ede3eb60b07aa6ae1fe6d5e1a8ac1,1156150100,3,yl.szfilmcenter.com/*
416fda1c62c3f74863d81c9815c6b5c9,1156370400,2,cqiedu.com/xl/xf*
41cefc4f31ab6ba7bd15b6ce98b1191b,1156610100,3,yidongm.zzbredu.com/*
41d747ea583096c77e5dfbd1a8887cf0,1156410400,1,lma3.fjbest.net/indexApp.html*
41d747ea583096c77e5dfbd1a8887cf0,1156410400,8,changqiedu.com/jiaoyu1/wap/*
41e52e86ac78cbff958ef06c2cd71cf7,1156130200,2,www.jhwx.cn/zt/m_xfgc/*
425d3605fde380deac41ab9e0126b89e,1156370300,29,www.feiyue119.com/*
426362035b56b985b216ed9d600f722b,1156510100,1,www.haixue.com/xfyd*
426362035b56b985b216ed9d600f722b,1156510100,6,cqiedu.com/xl/xf*
4286ea380cb63b5ce43b74e8e30498fd,1156130100,4,kuangjia555.zzbredu.com/*
42bed718eed59910c0ac68d768d93095,1156371400,7,zjks.offcn.com/zg/xfgcs*
42c54339b37dc963bf7f547d37da2a94,1156230100,82,zjks.offcn.com/zg/xfgcs*
42c54339b37dc963bf7f547d37da2a94,1156230100,66,yidongm.zzbredu.com/*
42ef7437897b2cfcdcab85751994d96c,1156411200,1,www.yaomiedu.com/wap.html*
42f50786893d876e9cc339d2aa60316f,1156321000,68,www.niceloo.com/tg/xf*
43251932e6d141b1f2592d6ec073e524,1156130100,1,www.haixue.com/xfyd*
43331c62ca4f45bed2458b363949b3b0,1156411700,2,www.niceloo.com/yixiao/*
436a721eed5ca85c9e62caaa621298b0,1156130600,5,www.yd119.cn/m/
436b742cf3b6ee7e5c6d414e4cfcc1d1,1156220100,5,wap.bangkaojiaoyu.com/bjtg/xf/*
44385a026b5711523d1578cf889e7dcc,1156610100,2,yl.szfilmcenter.com/*
44bb838abc077ba05ee3f2b2fecd8950,1156150100,1,www.niceloo.com/yixiao/*
44ec80cf8511d0782c074b9043c84d3b,1156410500,24,www.jhwx.cn/zt/m_xfgc/*
45060ce34a046f85f30684aae663c83d,1156130900,5,www.niceloo.com/tg/xf*
45394e781dbb50a17d686487a1fb88f4,1156130900,3,www.niceloo.com/tg/xf*
455468886d3101edbc522e81694474db,1156320500,1,lma3.fjbest.net/indexApp.html*
45b9dd169ace3d13accef85b02f64ed4,1156511300,1,lma3.fjbest.net/indexApp.html*
45b9dd169ace3d13accef85b02f64ed4,1156511300,5,cqiedu.com/xl/xf*
46474d340fb4144e55d16c566d4cad3f,1156370400,2,cqiedu.com/xl/xf*
469fce0224b33d78296c8c0dfabe28e3,1156411500,1,www.niceloo.com/yixiao/*
46cc40f4773123967503720158b959e4,1156410200,1,www.youluwx.com/*
46e55b873232569ad9fd6edeaa5872e3,1156510300,2,cqiedu.com/xl/xf*
477f5b0da3389b12d684e943dd497908,1156410100,26,zjks.offcn.com/zg/xfgcs*
479578fabcbbc465da9072c8bff9d361,1156130100,66,www.niceloo.com/tg/xf*
479578fabcbbc465da9072c8bff9d361,1156130100,2,bj.hpwxb.com/xf-MB*
48b38d6b945ed06a30881cf3ecce1ae8,1156130400,30,zjks.offcn.com/zg/xfgcs*
48b4337480d80ecced3f862a6d8cf6dc,1156410100,2,www.youluwx.com/*
48f339e44e2361adc0bbb234c0d40783,1156150100,1,www.haixue.com/xfyd*
48fc71180ea58c1b1301f16d387f46eb,1156210400,4,www.feiyue119.com/*
4903a85cefb1aa80e7e0f87177315267,1156130200,32,zjks.offcn.com/zg/xfgcs*
495b6104030afaefe872ebcf2aa77d9e,1156130600,1,yuzhonglude.guozhengonline.com/*
4964b7877fa7e207474de3c4fe5fc5a4,1156130500,1,th.adumm.com/XFM6/*
497baea9d2dc544abf60361010f41039,1156511300,3,cqiedu.com/xl/xf*
49bbaae524243c249e13ad8f5418d30a,1156511300,5,www.yd119.cn/m/
4a937ebd8b1575e594ca710f7d84d81d,1156410300,26,www.yd119.cn/m/
4ba734f525d6adefa5230979cfd2170c,1156320600,22,www.niceloo.com/tg/xf*
4c5694c33d7b468c761e7e718e4c18bf,1156130500,28,www.feiyue119.com/*
4c5694c33d7b468c761e7e718e4c18bf,1156130500,60,bj.hpwxb.com/xf-MB*
4c640d28f605aeb624bdb12b94a86450,1156371400,1,www.yaomiedu.com/wap.html*
4c640d28f605aeb624bdb12b94a86450,1156371400,1,lma3.fjbest.net/indexApp.html*
4cff081fbda20759b097d0b52f2b2ade,1156320500,28,www.jhwx.cn/zt/m_xfgc/*
4cff081fbda20759b097d0b52f2b2ade,1156320500,22,bj.hpwxb.com/xf-MB*
4d27657b30164ce2ea9425ecccef1a34,1156510700,1,www.niceloo.com/yixiao/*
4d27657b30164ce2ea9425ecccef1a34,1156510700,32,yidongm.zzbredu.com/*
4d33d95436e41f4d61b3f59c4cf5aceb,1156320900,1,www.haixue.com/xfyd*
4d40f1eab6f3722a17346b01b23cb397,1156320600,68,www.yd119.cn/m/
4d4d008ef5766e397c17b86a66c09d07,1156510700,67,www.yd119.cn/m/
4dbd26846c57b7352ae95e11147dfdb0,1156150400,38,www.jhwx.cn/zt/m_xfgc/*
4e04453fc6d4ac84a468c53ae8098a40,1156370400,2,cqiedu.com/xl/xf*
4e7c57f62d968a3ae9a061e6b1c01c39,1156370300,86,bj.hpwxb.com/xf-MB*
4eecd8c412192b47ca68130c458ee392,1156130300,1,www.youluwx.com/*
4f9005f85109b28d8a0676171ea46587,1156371500,28,bj.hpwxb.com/xf-MB*
4ffe50dba4bd661e273f3baf78b3c81d,1156370700,2,www.yaomiedu.com/wap.html*
50530be6333247185dd074e0141248cf,1156370500,5,cqiedu.com/xl/xf*
507c037d9cb45036ff2d19676d302f6a,1156220300,3,www.yd119.cn/m/
50cfedba383d4dc5023f13a73b619733,1156371500,1,lma3.fjbest.net/indexApp.html*
50e2a581c48c9a538c6b32170f9f413f,1156130800,46,www.qddfxfpx.com/*
50e2a581c48c9a538c6b32170f9f413f,1156130800,23,bj.hpwxb.com/xf-MB*
50e86359c5708a455739644c193973de,1156370200,3,wap.bangkaojiaoyu.com/bjtg/xf/*
510b214153a39331e30c34bf0b0a02bb,1156150500,19,zjks.offcn.com/zg/xfgcs*
512c54a2687e230f00fa7649822e573f,1156210100,1,www.haixue.com/xfyd*
517ba9b674f83449aa0029a7470c1f66,1156130100,35,zjks.offcn.com/zg/xfgcs*
517ba9b674f83449aa0029a7470c1f66,1156130100,1,www.yaomiedu.com/wap.html*
517ba9b674f83449aa0029a7470c1f66,1156130100,31,www.niceloo.com/tg/xf*
517ba9b674f83449aa0029a7470c1f66,1156130100,20,th.adumm.com/XFM6/*
51cf1c83bbf8fa5bbda14c856d5c3c68,1156210600,6,zjks.offcn.com/zg/xfgcs*
51fdd5fb36b49581d4405f8d48917ab9,1156150400,26,www.yd119.cn/m/
52296656e4763ae73c44382e6d7a0b5e,1156370700,50,www.yd119.cn/m/
52c38af2c1b11f9017778204d7724cb8,1156130400,44,www.qddfxfpx.com/*
53651c4bcea3cc83055f7eb34386e176,1156320700,27,www.jhwx.cn/zt/m_xfgc/*
53c5b703aabfcdd5d120042abf1dd268,1156370600,13,zjks.offcn.com/zg/xfgcs*
53d3b68c55a1c7b794066594ef12c89a,1156210200,1,www.haixue.com/xfyd*
5460d3d29dadd080d98cce4f870d9a64,1156371100,3,cqiedu.com/xl/xf*
54dbd7b568d470e62ad5840dca897b51,1156310000,8,changqiedu.com/jiaoyu1/wap/*
5512dd14e2b17d00ac35ff29052bc5e4,1156371300,1,www.niceloo.com/yixiao/*
55c9917a694b949ecc368747970c0c5d,1156150300,69,www.yd119.cn/m/
55cd77a439630f3869a010ac43cf23e8,1156130100,1,www.niceloo.com/yixiao/*
565f23a34301eec7cdfaf5b9298f0d7c,1156220300,2,changqiedu.com/jiaoyu1/wap/*
5668905a044950b82fd9d3af68490fc2,1156110000,1,www.youluwx.com/*
566c82c16e7f169785a5d9d074aeac1f,1156371400,1,yl.szfilmcenter.com/*
5672936e8100bde2255a82e9c9e43516,1156130100,6,zjks.offcn.com/zg/xfgcs*
56e92bc9e4a93634eeaeda4d200ae62a,1156220100,28,bj.hpwxb.com/xf-MB*
5710beff6cf21215fa204cffe420d838,1156511800,1,www.youluwx.com/*
572fcb524956ee53fafbfe67321aac93,1156130300,1,changqiedu.com/jiaoyu1/wap/*
57cc057e277ed3c515e43874244ab43d,1156321300,5,cqiedu.com/xl/xf*
57d00948428e5f00bf522ce0c52bcfc2,1156220100,33,kuangjia555.zzbredu.com/*
57e1b49b15e714be602d0544f67f5d4e,1156130800,61,www.niceloo.com/tg/xf*
57ec81e97c326096ae3d8ee847c26a30,1156320900,21,bj.hpwxb.com/xf-MB*
582e11004a3307b9f4ee1f0cd280ef89,1156130300,30,www.jhwx.cn/zt/m_xfgc/*
58cac6aee85f4a82a05fe93c0b0b3fe0,1156150100,4,www.youluwx.com/*
599e03827cc14923e1a0216b516b08bf,1156130100,28,bj.hpwxb.com/xf-MB*
59c388056fd7144b28904f97fe37ce37,1156371700,6,cqiedu.com/xl/xf*
59c67f4dca7ab2bd81a9b15536720e32,1156120000,17,zjks.offcn.com/zg/xfgcs*
5a0dff02b9c2e5178e0845fd249107a7,1156310000,2,changqiedu.com/jiaoyu1/wap/*
5a28d95eff6f1fb019ca492dd388f7e1,1156130600,2,www.yd119.cn/m/
5aabca1323a3e9d228a73852e0423b13,1156130200,61,www.niceloo.com/tg/xf*
5acb327aca7796e5cc1c8e2223c750c3,1156130300,69,www.yd119.cn/m/
5ad8d906a435ec39d6949c1dec765352,1156220100,26,www.feiyue119.com/*
5ad8d906a435ec39d6949c1dec765352,1156220100,8,changqiedu.com/jiaoyu1/wap/*
5b5043e7cf7cab1317791dcd6abef94b,1156360900,9,changqiedu.com/jiaoyu1/wap/*
5b69b065b1c904b95995ab82ff7b6f6e,1156510700,8,changqiedu.com/jiaoyu1/wap/*
5bc5a7ff208c6ce692dea04074a5183e,1156371400,23,yidongm.zzbredu.com/*
5bca37e805542bd03c57bd412acac8a9,1156370100,76,www.yd119.cn/m/
5c77ee6e2d14557426311af247066612,1156130400,4,cqiedu.com/xl/xf*
5c83df9a1af785a1b7fc45d77e803305,1156310000,1,www.yaomiedu.com/wap.html*
5c8c292154d996e041497d8536f9eb96,1156130600,4,www.youluwx.com/*
5db4b8d49239be0ab2b025992c1a9447,1156130600,2,www.youluwx.com/*
5df9198438279de8d22491c452f41021,1156320800,2,lma3.fjbest.net/indexApp.html*
5ebdb0882c12e1811204f6475f64690f,1156220800,24,yidongm.zzbredu.com/*
5ed9e1aaa5ca8e3e037c021c798e748b,1156130200,58,www.niceloo.com/tg/xf*
5efc799c2b141e70d12ee877e1b5e70d,1156210500,1,www.youluwx.com/*
5efc799c2b141e70d12ee877e1b5e70d,1156210500,6,www.jhwx.cn/zt/m_xfgc/*
5f53b59b637e2edc8e81871d138cdaf0,1156510300,3,www.xiyahongedu.com/*
5ff369cae5e93797b2344e3bbb474102,1156210900,5,www.yd119.cn/m/
6014f75d1eacf2efc5e1de71e3961813,1156110000,1,bj.hpwxb.com/xf-MB*
60348fe0e0088abf19c332c6fae9501d,1156310000,1,www.niceloo.com/yixiao/*
6096a81bbc09535ec60581aedb4522a2,1156310000,1,www.youluwx.com/*
609a188a2a3755eeba51060b75644f8a,1156210200,6,zjks.offcn.com/zg/xfgcs*
60b615794e4cdb5884202f8f9563c2a5,1156370700,6,cqiedu.com/xl/xf*
60cf55379aa05bc92c69b686faa1a031,1156510800,1,cqiedu.com/xl/xf*
60edc148fcf6a875d7147cccd0d3d9ef,1156130200,33,zjks.offcn.com/zg/xfgcs*
615496d59bff25f70a144d61e7bb4355,1156210100,1,www.feiyue119.com/*
61baf29dad7cccded7d3821118054902,1156370400,6,cqiedu.com/xl/xf*
62764c07447def9fb70dc7e54dedb67a,1156130100,1,www.niceloo.com/yixiao/*
63597cbcf1cccd0f302f8c3f9b621ee3,1156130500,18,zjks.offcn.com/zg/xfgcs*
635cd0b830a20af17d7f08d5d8a78ebc,1156210400,8,www.feiyue119.com/*
64c2582bbb9cbd0677df82ac64f8b317,1156511400,1,yidongm.zzbredu.com/*
64c9e63c40f7eaae81e945490c5dc688,1156370900,2,cqiedu.com/xl/xf*
64ede4833c41b413f93e54bdf57f50f2,1156370200,6,cqiedu.com/xl/xf*
655890c1b51665da7e487d176b428df0,1156320200,9,changqiedu.com/jiaoyu1/wap/*
655e182158b3e13ada5bcba23da990a0,1156370700,1,www.youluwx.com/*
658f84fdd781e599d351a44939a2788c,1156320700,5,www.youluwx.com/*
6593513926dad0ca67ba85dc29bb7711,1156110000,1,zjks.offcn.com/zg/xfgcs*
6593513926dad0ca67ba85dc29bb7711,1156110000,5,www.niceloo.com/tg/xf*
662d32750730094cbd6c4984d4180e65,1156130100,4,www.yd119.cn/m/
664f9d62a869f2849e2d4208a99cc521,1156210800,4,changqiedu.com/jiaoyu1/wap/*
669dc6ef23788b2d8d232c8103484a87,1156370500,29,www.kaojia119.com/m/*
6713bbc8d4853bd8de741a710049af0b,1156210100,1,www.niceloo.com/yixiao/*
6713bbc8d4853bd8de741a710049af0b,1156210100,4,yidongm.zzbredu.com/*
671454958d84a300092d9f304885fec9,1156130100,5,www.youluwx.com/*
6717ebc21dcf18c573e89bf6b63ebd74,1156131100,1,www.yd119.cn/m/
6725c5de3850872b5b375b7738fed224,1156371500,7,www.yd119.cn/m/
673f0ed608c7c85bede0d7aae6f5e240,1156511100,6,cqiedu.com/xl/xf*
6776c67ddb49ce6713cbd2848c6c2821,1156411000,37,zjks.offcn.com/zg/xfgcs*
67a8a175c4c03c674eaf827eef4881d9,1156150500,38,zjks.offcn.com/zg/xfgcs*
67cc6d81cf2cbf37bc3f82dd59978e50,1156371100,11,yidongm.zzbredu.com/*
67d6813793bb698b45e57bd13db0979b,1156130200,59,www.niceloo.com/tg/xf*
67da0dfc4b2a395d9d77a41b2d52a81b,1156371400,2,changqiedu.com/jiaoyu1/wap/*
687b314fdc27d764030994e7b5054c09,1156130500,63,www.niceloo.com/tg/xf*
68d4169f751f3d502e9ae2034375054c,1156410100,8,changqiedu.com/jiaoyu1/wap/*
68f653e817ea205d51db896e0da2bf05,1156150800,1,www.niceloo.com/yixiao/*
693edc1aaaee2badc289fb9a027c9456,1156370500,7,changqiedu.com/jiaoyu1/wap/*
69787692355f99b9989e5505cef84fb3,1156130200,1,bj.hpwxb.com/xf-MB*
6989e5e532d0c8bcc9d6b2f041053b62,1156510100,1,cqiedu.com/xl/xf*
69b4ad205c600b4f87953f80eb4109d9,1156130200,2,www.feiyue119.com/*
69efd58b0797dd04df083af4e3826968,1156411200,13,kuangjia555.zzbredu.com/*
6a05a549f394c113ebb1aff3acfd4c61,1156130100,5,www.jhwx.cn/zt/m_xfgc/*
6a996813abdecf33dc9671d37bd1f754,1156320800,10,th.adumm.com/XFM6/*
6abff4bc7980e8dd2f38db146c66263b,1156511900,6,cqiedu.com/xl/xf*
6ae05de8891adcfbde08964a5a9130ec,1156130600,1,bj.hpwxb.com/xf-MB*
6af682411460a98d1f453b56b77d8533,1156220200,26,www.yd119.cn/m/
6b1fcb7744c3f8c396dd10633af686df,1156370600,2,cqiedu.com/xl/xf*
6b806f347ac2b870e5af4db66f772431,1156511400,6,cqiedu.com/xl/xf*
6bb721ee98824eaac22095f65131e829,1156370700,2,www.youluwx.com/*
6c0770ca524a1b2bd8d910735684c355,1156370200,69,www.yd119.cn/m/
6c3aee4656c863f229ce3925c029be32,1156130100,1,www.youluwx.com/*
6cd97b56c6bdb31ac9e864ae466ee787,1156210100,6,www.feiyue119.com/*
6d426f044a2e34fddda87a8a9b365472,1156320100,6,wap.bangkaojiaoyu.com/bjtg/xf/*
6da5c7a69f53e49864f468a479362dec,1156371100,26,yidongm.zzbredu.com/*
6de47d009f16f41aba204215f31d7e2d,1156513400,6,cqiedu.com/xl/xf*
6deb988193afbda29319e38a946279b7,1156130400,27,www.feiyue119.com/*
6deb988193afbda29319e38a946279b7,1156130400,56,bj.hpwxb.com/xf-MB*
6e1f833140f946449ad579bc29886106,1156130200,6,www.youluwx.com/*
6e1f833140f946449ad579bc29886106,1156130200,9,changqiedu.com/jiaoyu1/wap/*
6e35ce7e517f1756d3ec6577241327f4,1156341300,34,yidongm.zzbredu.com/*
6e8fad68e487211144d8866b3ad61d41,1156220100,9,changqiedu.com/jiaoyu1/wap/*
6ef0639b9b6206d517ce85a08acbf748,1156130100,28,bj.hpwxb.com/xf-MB*
6fd9cb6e3db3f65771712f09cd20fe50,1156130100,2,wap.bangkaojiaoyu.com/bjtg/xf/*
701656e0c3ad87c1ec53410535323744,1156410800,33,kuangjia555.zzbredu.com/*
702683585622fbcf591b6bd170380d91,1156210300,6,www.feiyue119.com/*
703a683bc9cf9fe0a69b4f58c07b6d01,1156320500,2,www.haixue.com/xfyd*
7042e52d235f4aa8ad0c30cb15692274,1156130900,1,boxin.wztedu.com/new/wap/bktj.html*
705790bd82c137795c40099642094c9e,1156210400,5,www.yd119.cn/m/
713592c2c07a51786f3b28152f6c3387,1156371600,11,cqiedu.com/xl/xf*
71550045a02931d67a876cdd90a5141c,1156371700,5,cqiedu.com/xl/xf*
716ca21c516a364a59b58726bd88bcf1,1156410100,7,changqiedu.com/jiaoyu1/wap/*
717a3db7d1b260c42dabc18e149c3bc7,1156150700,26,www.yd119.cn/m/
71b78245d2fbd80285c83f976401b9bd,1156220100,1,changqiedu.com/jiaoyu1/wap/*
71c221e80a0b9f7605615cc33b0f38fd,1156370600,1,lma3.fjbest.net/indexApp.html*
71c221e80a0b9f7605615cc33b0f38fd,1156370600,1,changqiedu.com/jiaoyu1/wap/*
71eacc627e91efe7fc1d37ec4e99be21,1156450900,1,www.qddfxfpx.com/*
71f9a8b0c66a03ba1c3abe272330c31a,1156330100,8,changqiedu.com/jiaoyu1/wap/*
72ac465022c3f3965b201bb6d05fce13,1156370400,1,lma3.fjbest.net/indexApp.html*
72ce3c6210de7263efad3704c3099bb2,1156340800,13,www.youluwx.com/*
72db8581bdd5b5bffdedfe66a990e75f,1156410100,26,www.yd119.cn/m/
72f88e462b4e13e70ff45796f0a9a40f,1156341800,5,www.yd119.cn/m/
730e1ca4b88154453b9a931c05de865e,1156511300,1,www.haixue.com/xfyd*
73e3d7160f1ec7ca1f7cad6e5ca1747c,1156370200,76,www.youluwx.com/*
745a95a1acd7aeca5e40dbe603b91294,1156130200,6,www.niceloo.com/tg/xf*
74818b1e9844b99b4c981349c32441de,1156510100,33,yidongm.zzbredu.com/*
74906247d47a1007cb50819713d31e3f,1156370700,3,th.adumm.com/XFM6/*
74a734b85a3af3e87fbb295353f6141c,1156320600,3,www.niceloo.com/yixiao/*
74e7858a942232df8d79664c4b350f4d,1156130100,5,www.yd119.cn/m/
74f2f864ad1be0d0a758fe543a973795,1156130100,1,www.youluwx.com/*
753148e1a57f1416de8e4a4cddaf148e,1156130200,2,yidongm.zzbredu.com/*
757a9723b52e24b9334ca2a1380897c8,1156320700,67,www.niceloo.com/tg/xf*
75b38a33ab58b582d23b88b8126ca827,1156130100,1,boxin.wztedu.com/new/wap/bktj.html*
7622f9701549da82d8d62a6039f38e48,1156110000,6,cqiedu.com/xl/xf*
7653767b723386c415705d68bdaa927c,1156150700,1,lma3.fjbest.net/indexApp.html*
76ac72ffda3b5c1fa4d3a7286c820975,1156370200,33,yidongm.zzbredu.com/*
7714f71b0166759fc19e7c7ef1a8425a,1156370700,8,changqiedu.com/jiaoyu1/wap/*
77166bf429fe4009f80e7faff90e3657,1156370200,26,www.yd119.cn/m/
772cb8d22fa2619df86068650e6bc447,1156370100,1,wap.bangkaojiaoyu.com/bjtg/xf/*
7815e3b037457586a48ae3428cb2fef3,1156320100,2,www.niceloo.com/yixiao/*
7815e3b037457586a48ae3428cb2fef3,1156320100,1,tg.bjgenshuixue.com/webnew.html*
78b3a58c223137adc9c51d2df41378bb,1156131000,1,www.haixue.com/xfyd*
78c475816568f0199f4591282d063646,1156370400,15,www.kaojia119.com/m/*
78c9d285eb7c76b01dbb34c78631a7f3,1156310000,8,changqiedu.com/jiaoyu1/wap/*
790541c84e8552ad8f4270f2c0768903,1156130200,2,www.yd119.cn/m/
7986eca9bcb2cc2966293489efdaa4da,1156320300,31,bj.hpwxb.com/xf-MB*
79a4aac1b9269763799e23546b3f18f3,1156130600,67,www.niceloo.com/tg/xf*
79bd1ac264ea631b61babf42588fa6a8,1156371600,26,xfgcs.krs119.com/m/*
79bd1ac264ea631b61babf42588fa6a8,1156371600,24,www.yd119.cn/m/
79bd1ac264ea631b61babf42588fa6a8,1156371600,1,www.haixue.com/xfyd*
79c06c54b607ebc7ec16b2eae975d182,1156370600,2,www.niceloo.com/yixiao/*
7a0e8800fa06f9f0cc3a0ef8c6ae9b0d,1156410100,14,bj.hpwxb.com/xf-MB*
7a260e1fc5333c95152325afa43a8de8,1156320900,1,cqiedu.com/xl/xf*
7a49edc68c19dbb483f043b257047c86,1156130500,2,kuangjia555.zzbredu.com/*
7b0cdf6187307d9c8c606e4662beca36,1156130600,65,www.niceloo.com/tg/xf*
7b36b743a884b1385c68015c3a96016e,1156150800,2,yl.szfilmcenter.com/*
7b86c5d0e755058f6e0103a29693beb4,1156220800,1,yidongm.zzbredu.com/*
7b8e4b33a7dad1b469cdf9ac95093c63,1156370400,2,www.haixue.com/xfyd*
7b9d6a520a8f8d082950dd85ed216a49,1156130600,5,www.yd119.cn/m/
7b9fa3c7fb23e85e0b9ff09cc622d912,1156130900,67,www.niceloo.com/tg/xf*
7baa840f93269c23bde82a0bad3ed7e9,1156130600,6,wap.bangkaojiaoyu.com/bjtg/xf/*
7bb4a7fdefb0ac6064d78eadceca23ca,1156130800,3,www.niceloo.com/tg/xf*
7c0fe5186aec9f7a959ae2ee5dc995bf,1156370700,24,zjks.offcn.com/zg/xfgcs*
7c0fe5186aec9f7a959ae2ee5dc995bf,1156370700,1,lma3.fjbest.net/indexApp.html*
7c0fe5186aec9f7a959ae2ee5dc995bf,1156370700,4,cqiedu.com/xl/xf*
7c404f3075761469b939203b1f1bfb90,1156510700,1,cqiedu.com/xl/xf*
7ca748b3827caaf8ba0adcb8fbcc5f94,1156370100,13,www.yd119.cn/m/
7cabe6b7a1cb2399cfb5da1c039a94b6,1156130600,56,bj.hpwxb.com/xf-MB*
7cba30d38dadf5803c4368e44c4cb644,1156321000,26,www.yd119.cn/m/
7cd3bf3b8a80336755c4df4f50991a19,1156131000,1,lma3.fjbest.net/indexApp.html*
7cd4dbdcef199f8ced139cb3aa0f4e68,1156321000,77,bj.hpwxb.com/xf-MB*
7cedd75f1c6219630c7962bb8d7f9caa,1156130800,3,www.niceloo.com/tg/xf*
7d34908fa494e49aedca81c2923b1c1f,1156130400,7,www.yd119.cn/m/
7d73c49fc6988f529b64f8d8f9afa352,1156321100,34,yidongm.zzbredu.com/*
7d73c49fc6988f529b64f8d8f9afa352,1156321100,39,xfgcs.krs119.com/m/*
7d8263b38aacb48bf441b84927ccba8a,1156370100,6,changqiedu.com/jiaoyu1/wap/*
7dc060cd9ce8a5105f3746b7eec9870f,1156320500,1,www.yaomiedu.com/wap.html*
7dc060cd9ce8a5105f3746b7eec9870f,1156320500,1,lma3.fjbest.net/indexApp.html*
7dc060cd9ce8a5105f3746b7eec9870f,1156320500,9,changqiedu.com/jiaoyu1/wap/*
7e193d47397b5343b622d8bddeb0fbfc,1156370200,6,cqiedu.com/xl/xf*
7e34782649471a7feb3cbf9602819a1b,1156340100,23,yidongm.zzbredu.com/*
7e44560d7792c99d5d0d07e6934d9919,1156370500,1,xf119.wztedu.com/*
7e5792ede6462636a6130b7f3eb45269,1156130200,2,www.youluwx.com/*
7e5792ede6462636a6130b7f3eb45269,1156130200,16,www.niceloo.com/tg/xf*
7e80f53eb336b57b01d6f12448ee0920,1156320500,1,www.haixue.com/xfyd*
7e982c9247ccac1a15df62e55f736906,1156370900,8,zjks.offcn.com/zg/xfgcs*
7ed2bf36b4ca9f4d030c5a64d4e775aa,1156220100,1,www.youluwx.com/*
8013ba571849d69940c8dd62a223ee64,1156511300,32,yidongm.zzbredu.com/*
8032518bb61f94f9a46c2031d15a57f2,1156310000,28,www.jhwx.cn/zt/m_xfgc/*
807a4455adeb24590da0bd6f16bc2ff2,1156370500,69,www.yd119.cn/m/
807a4455adeb24590da0bd6f16bc2ff2,1156370500,29,www.jhwx.cn/zt/m_xfgc/*
807a4455adeb24590da0bd6f16bc2ff2,1156370500,1,boxin.wztedu.com/new/wap/bktj.html*
807d317981d76be2bf0661ac65d70e41,1156130500,28,bj.hpwxb.com/xf-MB*
808349310c0cc5bbc0c89cf935cd2ca3,1156320600,1,boxin.wztedu.com/new/wap/bktj.html*
809a6d5e6bca2cad8046ffbf604b0a72,1156130100,26,www.yd119.cn/m/
80a72ded8bbf813792406ced8ceefcb1,1156150600,6,wap.bangkaojiaoyu.com/bjtg/xf/*
811adc39c773411a954ae2fba376dba9,1156321100,22,www.kaojia119.com/m/*
812b33b1443071138346ae47220e8777,1156130100,8,changqiedu.com/jiaoyu1/wap/*
8289bed0901ee5dd977335c5e753c700,1156220300,21,yidongm.zzbredu.com/*
82b031c928cda6e7f0b5b3dc83adee67,1156370500,13,www.youluwx.com/*
82e2165ec49898df8d3bb72311bd721d,1156150100,1,www.youluwx.com/*
8373cdad62fdf53f5a50ebdc06e5de68,1156370800,1,yl.szfilmcenter.com/*
83779a07a02d46d30cab8db9de649e8b,1156320900,1,www.youluwx.com/*
83ee57999ca265658fcab75e5f385c0b,1156150200,1,www.haixue.com/xfyd*
83ee57999ca265658fcab75e5f385c0b,1156150200,2,cqiedu.com/xl/xf*
845ae9747d6caccb10d822479fd86209,1156370700,33,yidongm.zzbredu.com/*
845ae9747d6caccb10d822479fd86209,1156370700,16,th.adumm.com/XFM6/*
84d30d5361b8b933a27b3764aaf8d61d,1156370700,9,changqiedu.com/jiaoyu1/wap/*
84d4dd340bffe826be8f6969f3ad9cf1,1156130200,5,www.kaojia119.com/m/*
852edcb2b66a7535ebc16fb1548bf2b8,1156130100,9,www.youluwx.com/*
857d18c5fd152ec76f3e2a46156a0465,1156130600,7,changqiedu.com/jiaoyu1/wap/*
859c5084855a3b4dd72e3d2a9ff5734f,1156131000,2,www.yd119.cn/m/
85ce284f47983d6c58ac0105a76e0877,1156130100,2,www.youluwx.com/*
866f67fd91ef67d6691523a8851633fd,1156130500,7,www.youluwx.com/*
866f67fd91ef67d6691523a8851633fd,1156130500,44,www.niceloo.com/tg/xf*
867e8c18804ebb68aa6502a52a5b3dfb,1156130100,35,www.kaojia119.com/m/*
867e8c18804ebb68aa6502a52a5b3dfb,1156130100,1,lma3.fjbest.net/indexApp.html*
86dc72d11a1dd01170a9e046a51b7522,1156371500,1,boxin.wztedu.com/new/wap/bktj.html*
871f1682837e5521a893518812bafcc4,1156370500,1,wap.bangkaojiaoyu.com/bjtg/xf/*
8755904c8c408968726b73bc1fd497eb,1156150200,1,www.yaomiedu.com/wap.html*
8755904c8c408968726b73bc1fd497eb,1156150200,8,changqiedu.com/jiaoyu1/wap/*
876701a75b3fedff8575a39784208296,1156320500,5,bj.hpwxb.com/xf-MB*
876fe4c81011bc714f660eb202c9f914,1156411500,10,jy08.yanganzixun.com/xfpc/*
879cc85825de205c7ec7317153a517e9,1156410300,32,yidongm.zzbredu.com/*
87c65665b9ba535d7583111b34421347,1156130100,1,www.niceloo.com/yixiao/*
87deb69d1a27a5e1857c9f312c8752c2,1156130100,61,www.niceloo.com/tg/xf*
880e5f64cc6926c3ee5128b6bb5825e5,1156130700,26,www.yd119.cn/m/
88106e56598af062d8077dba79ea47ba,1156420800,2,cqiedu.com/xl/xf*
884a7b7fb94ea0b2a654785098fbd1d4,1156370700,1,yuzhonglude.guozhengonline.com/*
8864df823bdd5d563059511a44a7966d,1156410300,13,www.youluwx.com/*
88651bff28b8a7c3d0d9333324bd5da0,1156320100,19,th.adumm.com/XFM6/*
88667733c4cc68b89c131897b8bb8b94,1156511300,6,cqiedu.com/xl/xf*
888da196b01a29008ebe06d89143ffb8,1156320100,7,www.youluwx.com/*
88bf810e17417170afffba36d84b9ea3,1156321200,23,zjks.offcn.com/zg/xfgcs*
88bf810e17417170afffba36d84b9ea3,1156321200,11,www.niceloo.com/tg/xf*
89054203c44f05aa0b2c192b6cd53627,1156510100,1,www.haixue.com/xfyd*
89b21d30caee96a9678c01b3c773ab19,1156371300,26,bj.hpwxb.com/xf-MB*
89eee757abbb4d75882ff1182de2f0d5,1156371100,8,changqiedu.com/jiaoyu1/wap/*
8a0687ec59369c90d41f8020fa7a9783,1156410100,28,bj.hpwxb.com/xf-MB*
8a147a6fcd9f1742fa32c84ec71500a3,1156341700,1,lma3.fjbest.net/indexApp.html*
8a2489a16ce5e6ce24c596e398580efd,1156320300,9,changqiedu.com/jiaoyu1/wap/*
8a4ba5bd58c68cd14f3651c3a54eac12,1156152200,6,wap.bangkaojiaoyu.com/bjtg/xf/*
8a64f5f6e54c02234aa3c1232c747586,1156140800,88,bj.hpwxb.com/xf-MB*
8a9f4a2eace1140fcd6ac0c65c38654a,1156511300,31,zjks.offcn.com/zg/xfgcs*
8a9f4a2eace1140fcd6ac0c65c38654a,1156511300,1,lma3.fjbest.net/indexApp.html*
8a9f4a2eace1140fcd6ac0c65c38654a,1156511300,7,changqiedu.com/jiaoyu1/wap/*
8aa2dd57272cdee1fd94bbdb36cb7154,1156130700,36,zjks.offcn.com/zg/xfgcs*
8add92a651bd78b0d57d37a701294857,1156320400,2,www.niceloo.com/yixiao/*
8ae55e728d8d7d02591d78a18758edef,1156220100,7,changqiedu.com/jiaoyu1/wap/*
8ae6a1c215e30663af3389ae71e72bb5,1156220100,1,www.niceloo.com/yixiao/*
8b36dee2e6cb41266b40e88386f1147d,1156371600,8,changqiedu.com/jiaoyu1/wap/*
8b514f1a3a44f8201e9563fc27da84a8,1156130400,1,www.yaomiedu.com/wap.html*
8b8b59a8ccc860cb92a9b29495f5cff7,1156130600,1,th.adumm.com/XFM6/*
8bac4c94021675976f33dd83cb27894b,1156411300,1,www.youluwx.com/*
8be269194b475b4ed15b091ae6c7fbf2,1156370800,8,changqiedu.com/jiaoyu1/wap/*
8c5e2810f60de057ae2944db550242ec,1156210400,6,bj.hpwxb.com/xf-MB*
8c6894b064e9ca114fb820a6e063fe29,1156150600,32,bj.hpwxb.com/xf-MB*
8c7ad754002bdba0b3c245181d96600f,1156130500,54,www.niceloo.com/tg/xf*
8c8dab6264c1ac260c97adc42f955da4,1156220100,1,yidongm.zzbredu.com/*
8cb693cb8d42768e4cb9ed688c1e8339,1156370600,66,www.yd119.cn/m/
8cb693cb8d42768e4cb9ed688c1e8339,1156370600,25,www.jhwx.cn/zt/m_xfgc/*
8cb693cb8d42768e4cb9ed688c1e8339,1156370600,7,changqiedu.com/jiaoyu1/wap/*
8cd97349ce36aa2a96f0ef4c00581b59,1156310000,6,wap.bangkaojiaoyu.com/bjtg/xf/*
8d11c124c95ed94cd3c343f12938b7cc,1156411600,1,www.niceloo.com/yixiao/*
8d5682a48c65d705e9be6680c25931c9,1156130400,9,www.feiyue119.com/*
8db1972d331a51e8a21e62086d636570,1156131000,7,changqiedu.com/jiaoyu1/wap/*
8de3efe70dff9c13d6ca742b93170464,1156371500,1,wap.bangkaojiaoyu.com/bjtg/xf/*
8e0b4304f339d117bf57e49ce733df2f,1156131000,40,www.qddfxfpx.com/*
8f0fc5de2752cb1f75c1c26b29c06774,1156510500,2,www.youluwx.com/*
8f3e804fa5a769d03b0e40a6938b341f,1156130800,7,changqiedu.com/jiaoyu1/wap/*
8f3f9085e8a8feb5acbc763f218b38ea,1156370200,4,changqiedu.com/jiaoyu1/wap/*
8f62bb142831fc1ee266940472d083ec,1156151100,2,yl.szfilmcenter.com/*
8fa86f6584faf91c7e0d18dce3baf2e0,1156371300,18,bj.hpwxb.com/xf-MB*
8fa98948fc100a390bd38eb23b553772,1156130100,1,th.adumm.com/XFM6/*
8fcb1b78f3578d9c497a8b9e6524645f,1156370200,23,www.yd119.cn/m/
8fcd2c46d1f84ea948dd00159c815b49,1156131100,5,www.niceloo.com/tg/xf*
8fe6bb2636f6da76913e1e7ba2c6aa26,1156320900,1,lma3.fjbest.net/indexApp.html*
90559de55eee19fa081cfa70882bcab8,1156320400,30,www.jhwx.cn/zt/m_xfgc/*
9088a15608e11f7e7b653ac159358364,1156371400,8,changqiedu.com/jiaoyu1/wap/*
90a5c795211e44f483921022ec05c720,1156371600,2,cqiedu.com/xl/xf*
90aacf7c7a7c8b288d45a21d5617f480,1156450700,1,www.youluwx.com/*
90aacf7c7a7c8b288d45a21d5617f480,1156450700,1,boxin.wztedu.com/new/wap/bktj.html*
91a9a05a7d16c6d063e0a46c8d79151d,1156370400,1,boxin.wztedu.com/new/wap/bktj.html*
9228c8efb59746f0be2a7913ddd487f6,1156130200,28,bj.hpwxb.com/xf-MB*
92f375914c5ca801da9b5cc374e034e9,1156511100,4,cqiedu.com/xl/xf*
9304b0c5d118e0626284c3d1d7ac7b94,1156130200,56,www.niceloo.com/tg/xf*
93443d8d466f8802c1e583eddad88056,1156410100,49,bj.hpwxb.com/xf-MB*
937cb9703308fb9eae8f00914dccca19,1156320100,1,www.youluwx.com/*
93d5f12c8a022375b2def0bc06de91a3,1156370100,1,yidongm.zzbredu.com/*
943940f0082697b62fb3b7eed2116f85,1156130400,5,zjks.offcn.com/zg/xfgcs*
943940f0082697b62fb3b7eed2116f85,1156130400,1,th.adumm.com/XFM6/*
949a117d71367d416ea68405eb84833d,1156130100,35,www.kaojia119.com/m/*
94d6c90a56611abbd14803dd083a1d56,1156321000,34,yidongm.zzbredu.com/*
95506286c28260677fd0a3d56945baaf,1156130100,3,yidongm.zzbredu.com/*
956fc1fb1631fa65986164e7558cf9e6,1156410300,48,bj.hpwxb.com/xf-MB*
957edb74d0afbdbf3d61dbdf75d9858a,1156130100,39,www.kaojia119.com/m/*
95e9f0f45d4d0f7ba1797a993b59cf87,1156131000,7,www.niceloo.com/tg/xf*
960e5be7203c8396cdb7e8dabf86ae37,1156130600,4,www.niceloo.com/tg/xf*
9684943cdfd1b4073d7af3ad3a153352,1156320500,12,xf119.wztedu.com/*
9684943cdfd1b4073d7af3ad3a153352,1156320500,2,changqiedu.com/jiaoyu1/wap/*
96a2190b4ff38086e2eec6eefeb39ce4,1156371300,1,www.niceloo.com/yixiao/*
96d71145776e3ecd16c4dce40ac1057a,1156450100,1,lma3.fjbest.net/indexApp.html*
96f472c697427a2c66c1011cc68596ff,1156130100,3,www.kaojia119.com/m/*
9726d1e25c7e66955cc9e85f6b399350,1156130100,25,www.yd119.cn/m/
97916be7b2f5d6a5ba0a440370df43b5,1156370400,20,www.yd119.cn/m/
97942d8c615c7f743cd4155f2db50ed8,1156130600,2,bj.hpwxb.com/xf-MB*
97a0f12ea5001854a2913204c6da50e2,1156320100,7,www.kaojia119.com/m/*
97cbc7a95769c57a84cd3971ff0d602b,1156410300,23,www.yd119.cn/m/
97cbc7a95769c57a84cd3971ff0d602b,1156410300,1,lma3.fjbest.net/indexApp.html*
98a8dba0b0f37d63c23a934cf7eef1c4,1156130300,52,www.yd119.cn/m/
98e051f51c02b17eb832b44b68ec62fc,1156371400,23,bj.hpwxb.com/xf-MB*
990062ebe0b873fa12b4910289d5b8e8,1156220100,8,changqiedu.com/jiaoyu1/wap/*
991fcfa88d9220ffcdfde8aa02dabf51,1156320600,41,www.kaojia119.com/m/*
9a1e1a5abf35cc4821066da280e75906,1156310000,6,wap.bangkaojiaoyu.com/bjtg/xf/*
9a29ddfe744bf6d99b8dad0bd540e722,1156310000,32,yidongm.zzbredu.com/*
9a4c59a90a2437aba7c17ad1748f30a8,1156320500,9,changqiedu.com/jiaoyu1/wap/*
9a4f4e9ce7be4e22beeb3c1366fad05d,1156210400,5,changqiedu.com/jiaoyu1/wap/*
9a5b6789a17fc16be848c481fd630d74,1156330100,8,changqiedu.com/jiaoyu1/wap/*
9a740b538e816e962615c28929365142,1156320100,1,www.haixue.com/xfyd*
9a8185d416aea006046d997588ff748c,1156410100,25,zjks.offcn.com/zg/xfgcs*
9a91d4437562aa37211722a19cdfd795,1156371300,1,changqiedu.com/jiaoyu1/wap/*
9a99f92b56b61b43eb65ef5db1ff892e,1156130700,20,th.adumm.com/XFM6/*
9acace834af01f7e5d455ae9d2da3a8d,1156131000,57,www.niceloo.com/tg/xf*
9ad174070d715acf244bec021b7a22c8,1156321200,5,www.youluwx.com/*
9ad37ce67e2e20ad8677aa4ef9cf6007,1156130100,26,www.yd119.cn/m/
9b3478bfcc7e6f50517ea380b7db72dc,1156130200,1,www.youluwx.com/*
9b3478bfcc7e6f50517ea380b7db72dc,1156130200,56,www.niceloo.com/tg/xf*
9b97c06078d118fa273a5c8c89ec59c0,1156371700,35,bj.hpwxb.com/xf-MB*
9baee097ce6514733b1e643506c4a09c,1156130100,2,www.niceloo.com/tg/xf*
9c28c73a16a571e6a398c4e03d304922,1156310000,4,www.qddfxfpx.com/*
9cfc90475d2646c74ff4f6d827a2d9c2,1156320900,2,www.niceloo.com/yixiao/*
9d30a3e0aa485c5aec0a2878bd80830f,1156130100,1,lma3.fjbest.net/indexApp.html*
9d58f4e70063263132c31feb3cbab283,1156130200,1,www.haixue.com/xfyd*
9e85b13739475590d44e67aa2d204c84,1156321200,28,bj.hpwxb.com/xf-MB*
9f32e3e092e6854971593c0de956b5cc,1156320300,1,lma3.fjbest.net/indexApp.html*
9fecaca8a7b79c0d01f0cb970291a80b,1156211000,3,yidongm.zzbredu.com/*
9ff133314a6b823b5f1483bd5a634878,1156320500,25,www.jhwx.cn/zt/m_xfgc/*
a05e8a6ca60895b6397e12187a7a350a,1156310000,1,yidongm.zzbredu.com/*
a070062d66f6b31eb122c17964e7e5ef,1156130200,58,www.niceloo.com/tg/xf*
a0e0055e28cfad42b7d34b66aefe184d,1156370100,7,changqiedu.com/jiaoyu1/wap/*
a1336f8b8f4cf425f70adde34c52e3be,1156320800,5,www.youluwx.com/*
a1cefc7c45dd8d881fefcb539943b1e5,1156371400,2,www.youluwx.com/*
a2044511ffc5e52c1cf57c45ac3df43a,1156130100,1,www.niceloo.com/tg/xf*
a26bf81e5d69a8adcabaf4b6f2f7a204,1156321000,1,tg.bjgenshuixue.com/webnew.html*
a26bf81e5d69a8adcabaf4b6f2f7a204,1156321000,28,bj.hpwxb.com/xf-MB*
a276b87730a6d60dc2245b4dbd524e12,1156371500,89,www.yd119.cn/m/
a276b87730a6d60dc2245b4dbd524e12,1156371500,41,www.kaojia119.com/m/*
a276b87730a6d60dc2245b4dbd524e12,1156371500,9,changqiedu.com/jiaoyu1/wap/*
a2bdb135f5256ac7c14f28c7285ab57f,1156130300,1,www.niceloo.com/tg/xf*
a2bdb135f5256ac7c14f28c7285ab57f,1156130300,7,changqiedu.com/jiaoyu1/wap/*
a3270d70e2d0e36523fbc4bd73779df5,1156110000,1,xf119.wztedu.com/*
a38733bc74c1b056c395b42232347727,1156130200,31,kuangjia555.zzbredu.com/*
a3d6e2982076a8eb5e01d4e3fafed5aa,1156130600,5,www.yd119.cn/m/
a3ecff89efc0d517991a8479fa30ba9e,1156130200,26,www.yd119.cn/m/
a3fbcd7db3b5a6075ba6ff9c08ce4d25,1156130700,5,zjks.offcn.com/zg/xfgcs*
a3fe8b33997d7d29298ef52377d817ad,1156410300,1,boxin.wztedu.com/new/wap/bktj.html*
a3ff8f49e0f93655d35455a95c3ecd36,1156130700,1,www.haixue.com/xfyd*
a41ef3e56dc44ca3918535f7735aa042,1156131100,33,www.feiyue119.com/*
a447e45054088bbd462e508c315ffb1e,1156370300,27,www.jhwx.cn/zt/m_xfgc/*
a4f189e9d3afd33fbf0283253bf7d8fb,1156310000,32,kuangjia555.zzbredu.com/*
a5037696023b80512fec9eb8e232abda,1156320100,6,wap.bangkaojiaoyu.com/bjtg/xf/*
a5217b405358130f83293441ac5a611e,1156340300,2,cqiedu.com/xl/xf*
a5217b405358130f83293441ac5a611e,1156340300,5,changqiedu.com/jiaoyu1/wap/*
a523b949b3548ccc35574e55a72ae8ee,1156370600,22,www.yd119.cn/m/
a59578a01419e677dc4819c98c553818,1156371100,33,yidongm.zzbredu.com/*
a59578a01419e677dc4819c98c553818,1156371100,7,changqiedu.com/jiaoyu1/wap/*
a5ac6597d3a66e33c64560a4e6ca8f54,1156130300,5,www.youluwx.com/*
a5ae8752d044846488610d6505045dcf,1156371300,1,www.youluwx.com/*
a5b34b50a4a882e89a0c0f6c53ed771a,1156370200,9,changqiedu.com/jiaoyu1/wap/*
a5d478f747c872de1f0a7d6b2f9a95e9,1156371700,27,www.yd119.cn/m/
a61909855be97978768a93d09624f7f3,1156510500,11,yidongm.zzbredu.com/*
a6220c5f2b49af29f7e2b2040acdc421,1156130300,1,www.youluwx.com/*
a678e5d4f31cacc0936a8300e8c97542,1156371600,1,yidongm.zzbredu.com/*
a688092bec944050214cae0744fdf079,1156130500,1,www.yaomiedu.com/wap.html*
a688092bec944050214cae0744fdf079,1156130500,24,www.jhwx.cn/zt/m_xfgc/*
a6b8a4b04e6af327fb10c1da157f8488,1156511300,8,changqiedu.com/jiaoyu1/wap/*
a7426ada63c33a17022ea2613aa6a3df,1156320500,1,boxin.wztedu.com/new/wap/bktj.html*
a74322e35f05024e24b03b55a68c69ab,1156370800,22,www.yd119.cn/m/
a74322e35f05024e24b03b55a68c69ab,1156370800,1,lma3.fjbest.net/indexApp.html*
a745355054838fd0c50cea2b3f3d2a02,1156320300,20,www.feiyue119.com/*
a821c0b6aa2371be17534d4a38937415,1156150700,1,boxin.wztedu.com/new/wap/bktj.html*
a83c663113ca9d98e7e95e78771fc873,1156371700,5,www.yd119.cn/m/
a876654d98920f9c4d41c36c5fc2dff4,1156130100,6,www.niceloo.com/tg/xf*
a8c990f3e427cba4956b501271263b4c,1156131000,70,www.niceloo.com/tg/xf*
a9851e11ce4be109e0cd4bdc40dcae23,1156370700,22,bj.hpwxb.com/xf-MB*
a987f17a3f341f3650b768f8ca5a53de,1156211400,3,www.youluwx.com/*
a99a376b42c5d270fa768769f01b84dd,1156510100,24,bj.hpwxb.com/xf-MB*
a9d0c8079f34c1a2d2000428bf53a8e4,1156370600,1,www.yaomiedu.com/wap.html*
a9d0c8079f34c1a2d2000428bf53a8e4,1156370600,8,changqiedu.com/jiaoyu1/wap/*
aa2dcdb838bdf3ec9b2cf79f3f274d36,1156440600,25,zjks.offcn.com/zg/xfgcs*
aa73c5069d77abdd11196089e004651a,1156371300,1,xf119.wztedu.com/*
aa74c36296b5985ba386a29240fdc5d7,1156130100,4,www.niceloo.com/tg/xf*
aaad2cbc05ee854f0f935bcd751ad702,1156370700,24,www.yd119.cn/m/
aab298a8fb82b58136d7ec071516c5f0,1156511100,68,www.yd119.cn/m/
aacc30a3f8f44d50f9aa6de9690b6918,1156370600,30,zjks.offcn.com/zg/xfgcs*
ab6095db5930cc0347349e05050383b1,1156410100,6,cqiedu.com/xl/xf*
ab6095db5930cc0347349e05050383b1,1156410100,8,changqiedu.com/jiaoyu1/wap/*
ab9032e008e04c2d0198c2dd3b9c0d99,1156130300,1,zjks.offcn.com/zg/xfgcs*
ab9032e008e04c2d0198c2dd3b9c0d99,1156130300,1,www.niceloo.com/tg/xf*
abaa6560878207821b32e3d21860309b,1156370900,23,bj.hpwxb.com/xf-MB*
abdfa4f20f80c5b6bb57d6f9c4233341,1156150400,8,changqiedu.com/jiaoyu1/wap/*
abe14f89496ad04b4900073f2c655af6,1156220100,1,www.haixue.com/xfyd*
ac1afafff75b43fb80bc3c9e452b679e,1156370100,1,lma3.fjbest.net/indexApp.html*
ac622107bc4a05a2fa770183e85eb9cc,1156131000,3,cqiedu.com/xl/xf*
ac6946160766edfe8c2ba6d1f9c0fa23,1156320200,34,yidongm.zzbredu.com/*
ac76695de82710d738c9370fe8e260cd,1156320500,1,www.haixue.com/xfyd*
ace49b0bf88f039176323b9f83d01c90,1156500000,8,changqiedu.com/jiaoyu1/wap/*
aceb79c650d3797c2ae7b6cd746b22ac,1156130300,61,www.niceloo.com/tg/xf*
ad36bd79681f38d899dabbdf0d48ca13,1156371100,6,wap.bangkaojiaoyu.com/bjtg/xf/*
ad73444c1849a4ca90f4ae00e33bc9c5,1156130100,28,bj.hpwxb.com/xf-MB*
ad9bddc00bc91d2efce06afee0efe17e,1156130800,4,www.yd119.cn/m/
adec9879f9d5e4ead2fee25f80be3b00,1156130200,1,www.haixue.com/xfyd*
ae9a75ac0d394c720ef2a98d9995bd9a,1156370300,48,www.qddfxfpx.com/*
af6e7251c4e056cb74ca5c61fd833b4f,1156130100,1,changqiedu.com/jiaoyu1/wap/*
afabc4256bc9346151fe8ad383ca57ec,1156130500,4,www.niceloo.com/tg/xf*
afabc4256bc9346151fe8ad383ca57ec,1156130500,1,boxin.wztedu.com/new/wap/bktj.html*
b06cf5d449c4bbee39c4f3d47681b7f9,1156131100,8,www.yd119.cn/m/
b0ae2adb8f3a8a253d89738070b09452,1156320600,1,lma3.fjbest.net/indexApp.html*
b0d2d85b8635fee948e5d2379dfb4587,1156370900,2,www.yaomiedu.com/wap.html*
b0fef5ac748b707810f8770dccc1edd7,1156310000,1,www.youluwx.com/*
b11556bfc394c440e1f15be386d20d4a,1156131000,2,www.youluwx.com/*
b11556bfc394c440e1f15be386d20d4a,1156131000,2,wap.bangkaojiaoyu.com/bjtg/xf/*
b120a00c5fb4c3f0e69acbdca8e23676,1156500000,3,www.niceloo.com/tg/xf*
b13c4d44d80e0df16e52c5366d2fee9b,1156320900,1,www.youluwx.com/*
b1460c382931f6d94ee00b160469c5f3,1156410300,44,bj.hpwxb.com/xf-MB*
b15a0132b9c7385ee00c9eef5cb9fee9,1156220500,28,www.feiyue119.com/*
b15a0132b9c7385ee00c9eef5cb9fee9,1156220500,8,changqiedu.com/jiaoyu1/wap/*
b176f69d1f03404c1f9807063ff2238c,1156130600,1,zjks.offcn.com/zg/xfgcs*
b1a550c132576c11b1496bcb4b76de89,1156370400,29,bj.hpwxb.com/xf-MB*
b1c266bf72e751346c1d275762a6033a,1156370500,23,bj.hpwxb.com/xf-MB*
b1ecde6f0d87f850afdf09a05d0b5f1d,1156130300,1,boxin.wztedu.com/new/wap/bktj.html*
b3417a8b40ae62b12a02e56a8775d930,1156110000,2,cqiedu.com/xl/xf*
b3500c5a9e6c85832de046810c70422a,1156130900,32,www.youluwx.com/*
b3862922b3c13ab9bfa5900c0fe95cd5,1156370600,78,www.yd119.cn/m/
b3862922b3c13ab9bfa5900c0fe95cd5,1156370600,1,boxin.wztedu.com/new/wap/bktj.html*
b3b903df4f21da7ecdcdc11b39548266,1156210200,4,changqiedu.com/jiaoyu1/wap/*
b3d164a51fcef6aea3b55df261148b7c,1156410100,27,kuangjia555.zzbredu.com/*
b3e7927374569ede5ae8c395ced90406,1156130400,67,www.niceloo.com/tg/xf*
b45d37554c9da2dac9c6fdf83e9f3245,1156130100,28,bj.hpwxb.com/xf-MB*
b4829854261a4f739084a6c8f595998c,1156371400,26,www.yd119.cn/m/
b4c8450c458ccc930e50850afcdf0bae,1156130300,3,www.niceloo.com/tg/xf*
b4d3edfcbfbfd6dda79f68c81077ef12,1156130800,60,www.niceloo.com/tg/xf*
b509149c4f243647b04699d59c4ad3cf,1156210100,4,changqiedu.com/jiaoyu1/wap/*
b5198e510fde352cbecd7e9bc37662e4,1156320100,25,kuangjia555.zzbredu.com/*
b52cfef4d6e19f16a241abbcb8ee4a84,1156220100,28,bj.hpwxb.com/xf-MB*
b573a0766681fb41ca3f9af4d279898a,1156210100,5,www.yd119.cn/m/
b58594f9fac132f7250eb29ab6a0eb64,1156130300,3,www.yd119.cn/m/
b663fe4fa8189cf5dcf5bff411c90bef,1156130600,4,yuzhonglude.guozhengonline.com/*
b6c23507e5220c4f523dadf5bb1374a5,1156310000,12,cqiedu.com/xl/xf*
b6c959152302e2692bc435fb759f1af6,1156210400,5,th.adumm.com/XFM6/*
b71ac414c98ab221becea2aa24ab6608,1156211200,6,www.feiyue119.com/*
b74f5067408b949cee3855dc3ba129c4,1156370300,1,lma3.fjbest.net/indexApp.html*
b7f2f51637174ace5d8fe9d61ce46d21,1156370600,1,www.haixue.com/xfyd*
b801b63e566654298acba374e0417096,1156220100,44,bj.hpwxb.com/xf-MB*
b8633d596b82ee7a67daf9f901fc0179,1156370500,11,cqiedu.com/xl/xf*
b889a9c65d9602054c5ee2bcbb2a6161,1156370100,7,changqiedu.com/jiaoyu1/wap/*
b8df2adc2abdeb88bbdb893b4fa621fc,1156510100,20,th.adumm.com/XFM6/*
b931702bb5dcfd9abc2eddb9d76894a3,1156370700,17,www.yd119.cn/m/
b9473a11dfc113dc195bfe63c89f7834,1156130600,17,th.adumm.com/XFM6/*
b9473a11dfc113dc195bfe63c89f7834,1156130600,1,lma3.fjbest.net/indexApp.html*
b9603e645ab68c13fb38c183e941e447,1156130100,1,www.yd119.cn/m/
b9de3bb0b3e42e795b63039b4b447c73,1156411200,5,cqiedu.com/xl/xf*
b9e2d17b507466ee88181c6601081cb4,1156510500,28,www.feiyue119.com/*
b9e7de313753363f3442868a98f144f4,1156510800,1,www.niceloo.com/yixiao/*
ba273435a4cac1362f3d8c17a7390642,1156220400,5,changqiedu.com/jiaoyu1/wap/*
ba7b0a5d529c2db193d8441d0738a33f,1156411000,30,yidongm.zzbredu.com/*
ba9ac659ecb484877a038ecc5db6a8ea,1156130100,2,th.adumm.com/XFM6/*
bac6683478916100ff7ebc01c4dfdb80,1156410800,1,www.yaomiedu.com/wap.html*
bac861758f53db7a52e3eb778a44c947,1156131000,3,yidongm.zzbredu.com/*
bb018545a8207b4835622c5acceee5f4,1156511100,1,lma3.fjbest.net/indexApp.html*
bb33c5faed2e52a92e47af2b1b1856a4,1156131000,4,www.niceloo.com/tg/xf*
bb66164e4d425fd3753c4a392aa1e259,1156310000,1,boxin.wztedu.com/new/wap/bktj.html*
bb8658c10739dffd453b3921545c8012,1156371100,6,cqiedu.com/xl/xf*
bbe3c77f8182aa18f452192d9c245161,1156371000,87,zjks.offcn.com/zg/xfgcs*
bbec075edbbec09bc0f61b49c1630e92,1156150700,28,bj.hpwxb.com/xf-MB*
bbf13a41ab009b64a81494dce6fc39fd,1156510500,1,lma3.fjbest.net/indexApp.html*
bc6d87f318c54bfdf22d5f3baab0c9ba,1156210200,5,www.yd119.cn/m/
bc83f0a8e8564d39b036910bd78cb8f0,1156130200,4,www.feiyue119.com/*
bca02c399739556d59acf8d638a17404,1156371400,2,zjks.offcn.com/zg/xfgcs*
bd2a8c3e93f7d3f187a978c7deb2f9d8,1156320600,20,www.jhwx.cn/zt/m_xfgc/*
bd34ef560ef505b65308395de8d1de03,1156320500,26,www.yd119.cn/m/
bd34ef560ef505b65308395de8d1de03,1156320500,12,www.feiyue119.com/*
bd5fda5930e86a163b4f4803ec90a5c0,1156320100,25,bj.hpwxb.com/xf-MB*
bd752d903eeced78a362ccf7269afb51,1156130600,4,yidongm.zzbredu.com/*
bd752d903eeced78a362ccf7269afb51,1156130600,1,changqiedu.com/jiaoyu1/wap/*
bda5efd61913f2db310deef408f8346d,1156131100,1,bj.hpwxb.com/xf-MB*
be016f87aec4470c35eedac1443dc14c,1156371400,5,cqiedu.com/xl/xf*
be2222f530e96f06e9c00b2795a3a5e7,1156130200,26,yidongm.zzbredu.com/*
be2222f530e96f06e9c00b2795a3a5e7,1156130200,19,www.yd119.cn/m/
be2222f530e96f06e9c00b2795a3a5e7,1156130200,23,www.feiyue119.com/*
be61d9d7461caa9a6e13f5aba5170241,1156130900,1,yidongm.zzbredu.com/*
bec380f540b3def7cace783501e00e06,1156370200,1,boxin.wztedu.com/new/wap/bktj.html*
befc99d03cdb733aec34367de1d84631,1156130500,23,www.yd119.cn/m/
bf300dffe05c496601ffe6195f710564,1156210300,5,www.yd119.cn/m/
bf825a37300be4980b4367257872719d,1156371000,1,yidongm.zzbredu.com/*
bfe08fb4892d7d219ea87a199993c968,1156130300,2,yl.szfilmcenter.com/*
bff63d7ff3768221d9d4f7ea049c7eac,1156130100,37,www.kaojia119.com/m/*
c04ec361ec2f6e2591ea266af955aaa1,1156130400,1,www.niceloo.com/yixiao/*
c0678430d200eb55bd945fe990af0037,1156320600,7,changqiedu.com/jiaoyu1/wap/*
c074a8360cadf18e7d380447854dd460,1156130100,1,www.yaomiedu.com/wap.html*
c0904147522bb0b11a11b65670bd377f,1156130700,66,www.niceloo.com/tg/xf*
c0904147522bb0b11a11b65670bd377f,1156130700,1,boxin.wztedu.com/new/wap/bktj.html*
c094f1d10549ae73d974b4de2799db90,1156510300,8,changqiedu.com/jiaoyu1/wap/*
c0f022892ac51a2a6bb0022354bae991,1156210100,4,changqiedu.com/jiaoyu1/wap/*
c1234d6bb2f9e8a96df5940318a62055,1156210200,1,www.feiyue119.com/*
c190e0f9a912624772ca9f294a8da872,1156410100,3,cqiedu.com/xl/xf*
c190e0f9a912624772ca9f294a8da872,1156410100,8,changqiedu.com/jiaoyu1/wap/*
c1ae14f4eeed55d504b18241fc96ca77,1156130700,1,yidongm.zzbredu.com/*
c1ae14f4eeed55d504b18241fc96ca77,1156130700,6,www.niceloo.com/tg/xf*
c1ae14f4eeed55d504b18241fc96ca77,1156130700,1,www.feiyue119.com/*
c227b5967c0d1e69ffb2efcd8976a3c0,1156370700,3,www.kaojia119.com/m/*
c227b5967c0d1e69ffb2efcd8976a3c0,1156370700,1,lma3.fjbest.net/indexApp.html*
c3588f725499a8f16fbc97270b8b4db3,1156310000,1,yl.szfilmcenter.com/*
c38ba6b2ba1143b8b63f5886fd690452,1156320200,47,www.yd119.cn/m/
c4b5871a70decdbf38d9742e8a69ba50,1156370300,64,bj.hpwxb.com/xf-MB*
c4c2e6bac11b8442e25dbe2344376ecc,1156130100,66,www.niceloo.com/tg/xf*
c59459c92cc0c7cacdaf5e7db588601b,1156371700,23,zjks.offcn.com/zg/xfgcs*
c59459c92cc0c7cacdaf5e7db588601b,1156371700,33,yidongm.zzbredu.com/*
c59459c92cc0c7cacdaf5e7db588601b,1156371700,15,cqiedu.com/xl/xf*
c5bc6bf9ad527e7b827218e8660c9d3a,1156320500,9,changqiedu.com/jiaoyu1/wap/*
c67e7e22d7c650e72569927b78d0232c,1156220100,36,zjks.offcn.com/zg/xfgcs*
c70308cef7953b844547170c6b65d0f0,1156371100,5,www.youluwx.com/*
c752ec16a5fe6031187e0673ac301697,1156371100,7,www.youluwx.com/*
c7556fd4cb0d034cca7ffefee941d3be,1156320800,1,tg.bjgenshuixue.com/webnew.html*
c75a9c9cca7844648c856155faa84d7b,1156130800,11,www.youluwx.com/*
c75ad97f9503c6bc5ddb83327bca5f9c,1156330100,56,yidongm.zzbredu.com/*
c78b7890064b9d4a35c65199c5210eee,1156320500,29,bj.hpwxb.com/xf-MB*
c7b38d95f96526cc8f1d5bdb37e8550d,1156371300,28,kuangjia555.zzbredu.com/*
c8482e4c18d16d4268efbe53485d30cc,1156131100,2,yidongm.zzbredu.com/*
c8a290412f5ccfb5a288ae0f80fca64e,1156130400,8,www.niceloo.com/tg/xf*
c8a6a3f5b210fcb19d6dd8dd8576a185,1156310000,6,wap.bangkaojiaoyu.com/bjtg/xf/*
c8ec3979868dd36cf5b66c4ddc547ea4,1156110000,5,www.youluwx.com/*
c916cc34adb598ccc7387159ec50808e,1156370800,3,zjks.offcn.com/zg/xfgcs*
c916cc34adb598ccc7387159ec50808e,1156370800,23,www.feiyue119.com/*
c927f7fcc6ad6831f761fdedf602d35d,1156371400,4,wap.bangkaojiaoyu.com/bjtg/xf/*
c939cdf16ddfe6f43d80d5b16ac0ce3b,1156370200,1,lma3.fjbest.net/indexApp.html*
c93aa2e50b4478c1d7e68d2633f66f2c,1156220100,23,bj.hpwxb.com/xf-MB*
ca31d289ca55c68fd9751b6de9816215,1156320300,8,www.youluwx.com/*
ca42d9af9f691ef3894ad2c435688c04,1156321000,1,www.yaomiedu.com/wap.html*
cb7830d7cc4ceb3aee5c323d5c3c01fe,1156370100,1,boxin.wztedu.com/new/wap/bktj.html*
cbf3cca2ca471fb4aa565a43fdbac6c7,1156220100,26,www.yd119.cn/m/
cc2f61117c99fac9f35210054abc390e,1156370100,6,cqiedu.com/xl/xf*
cccb2f010de79cdcfc455e881c6b887e,1156371300,7,yidongm.zzbredu.com/*
cd069ced10b2985c3b4b289656131872,1156210200,6,www.feiyue119.com/*
cd069ced10b2985c3b4b289656131872,1156210200,5,th.adumm.com/XFM6/*
cdc3270bdf23668803af08f57cb381df,1156130200,1,tg.bjgenshuixue.com/webnew.html*
cdd2eb13776d175e5e94405592070ac5,1156321200,69,www.yd119.cn/m/
cdd5ae342e384281cdeb9f95d6c34100,1156320200,11,bj.hpwxb.com/xf-MB*
ce27fa08c6fa038457a406f40235611e,1156510600,8,changqiedu.com/jiaoyu1/wap/*
ce2b68c28cbc3e9b27ed8e53be91561e,1156130900,23,www.yd119.cn/m/
ce616168b2c35137bcebc09d2bf1680a,1156320900,26,www.yd119.cn/m/
ce88af9b98ff995ed51d0a44975f24ba,1156130800,20,www.yd119.cn/m/
cf4034efc66e5377129910530f439c13,1156230500,28,zjks.offcn.com/zg/xfgcs*
cf4034efc66e5377129910530f439c13,1156230500,6,yidongm.zzbredu.com/*
cf4a0a9f7180837b3298676be543e43e,1156371300,1,yidongm.zzbredu.com/*
cf4a0a9f7180837b3298676be543e43e,1156371300,3,th.adumm.com/XFM6/*
cfb7259e3302b08a3d20280996f88dfb,1156130600,1,yidongm.zzbredu.com/*
cfc084ecaa1b97fbd258bcfd8e86407c,1156130200,31,yidongm.zzbredu.com/*
cfc084ecaa1b97fbd258bcfd8e86407c,1156130200,7,changqiedu.com/jiaoyu1/wap/*
cfd5874ce26997fa81dee5ee557ac467,1156320400,1,www.youluwx.com/*
cfd8f0a3cd45f1eebb97644e8c8ec019,1156150100,1,www.youluwx.com/*
d065218f9718ea87ef7fa672aa525a98,1156210700,4,bj.hpwxb.com/xf-MB*
d0f1c43df292487dd55773b035f959cf,1156130600,3,yidongm.zzbredu.com/*
d1cd319bbe8c8f2a55ecaaaadeca9116,1156370800,8,changqiedu.com/jiaoyu1/wap/*
d2447a977c18ccef9789f4c54e077a03,1156130200,25,www.yd119.cn/m/
d2ac724607ded14e9aa5ff561632ba79,1156371500,1,www.niceloo.com/yixiao/*
d2bb756f0eae93af71f3e08c7c059eb4,1156130100,69,www.yd119.cn/m/
d2e9677bff3c59a24a5cb273d21cdb81,1156130200,4,www.kaojia119.com/m/*
d33b1372055214002b987a54d4a3b5f2,1156220100,1,www.haixue.com/xfyd*
d409ad288295ed7882b476dcb4b4cc99,1156130100,6,www.niceloo.com/tg/xf*
d4a582484e3cbca268eb1a2fbbeaa5c5,1156130400,63,www.niceloo.com/tg/xf*
d4d02c81bb092a2e32a434be3e52d7fb,1156130100,1,www.haixue.com/xfyd*
d509bc1f01bce2e23201dbdf938164af,1156513200,6,cqiedu.com/xl/xf*
d530304aecc4a74379a1d7766af270d8,1156510100,6,cqiedu.com/xl/xf*
d53f0eebeb3b32122e009152a7e8411f,1156130200,6,wap.bangkaojiaoyu.com/bjtg/xf/*
d5a49baf50e87f4e10501abe9823f837,1156130900,5,www.kaojia119.com/m/*
d5fedfebdd61e67a5a47f546eac134bd,1156500000,4,changqiedu.com/jiaoyu1/wap/*
d60aa4dc28685da86fa9f2d452c736be,1156370900,1,lma3.fjbest.net/indexApp.html*
d6b889d45ef5a95bd48114aaee30bca1,1156130300,11,wap.bangkaojiaoyu.com/bjtg/xf/*
d6f4863033f8fd96ec82f5dc69df474d,1156370200,2,www.youluwx.com/*
d7615497c7db09b9b84ea9288b7f9665,1156220700,2,cqiedu.com/xl/xf*
d7615497c7db09b9b84ea9288b7f9665,1156220700,8,changqiedu.com/jiaoyu1/wap/*
d7f79f3523949de9789d09f492c9982a,1156130100,4,www.yd119.cn/m/
d7f79f3523949de9789d09f492c9982a,1156130100,8,www.niceloo.com/tg/xf*
d8159ede2764e59d7eba00a9ee3ccbda,1156220200,5,changqiedu.com/jiaoyu1/wap/*
d8a129dd3af016f1f27c1dd9db1fb824,1156220300,4,www.niceloo.com/yixiao/*
d8cb9461af22e8d65d9445e95f21fb0c,1156130100,27,www.niceloo.com/tg/xf*
d90c764edb3f5cc912efc25c8f5b1524,1156130200,56,www.feiyue119.com/*
d94a9ec0fa90440193d772b3dc6fee42,1156210400,2,www.jhwx.cn/zt/m_xfgc/*
d9b2d4ffa9f32a29bb7b1168547b6300,1156131100,6,www.yd119.cn/m/
d9b2d4ffa9f32a29bb7b1168547b6300,1156131100,4,www.niceloo.com/tg/xf*
d9e368044d5d49d7f4b2952de83bf038,1156410100,59,www.niceloo.com/tg/xf*
da12b5c6b47fa8a1295481c025c43ac9,1156370200,8,changqiedu.com/jiaoyu1/wap/*
da4adaff8210b425e2a36b78690d4276,1156370600,9,changqiedu.com/jiaoyu1/wap/*
dae0b6ebe7b742f2f928920dcf65001a,1156150500,41,zjks.offcn.com/zg/xfgcs*
db2358843c15de826e1808f3bbe75548,1156320500,4,yuzhonglude.guozhengonline.com/*
db2d54cd198b3ad89136f21cd1b54a0c,1156513400,1,boxin.wztedu.com/new/wap/bktj.html*
db3d08fb719e5622c3fc0359c870fb6c,1156220100,32,zjks.offcn.com/zg/xfgcs*
db6b93b92efe3dc6bf17f945e6ff1599,1156150600,26,www.yd119.cn/m/
db8664a1e5cdb49bb7a9dd473047e73e,1156321200,9,www.qddfxfpx.com/*
db9a91259bf367558f5891b7b12b7224,1156130600,27,yidongm.zzbredu.com/*
dba52972fa3499327901de19bc010327,1156320800,4,www.youluwx.com/*
dbaad8caae2517b86936f0a4f192deb0,1156371000,6,cqiedu.com/xl/xf*
dbc831273277bdf7bbc56643ce14ff46,1156370700,1,lma3.fjbest.net/indexApp.html*
dbc831273277bdf7bbc56643ce14ff46,1156370700,3,cqiedu.com/xl/xf*
dc0b101dd321d1be0c185991f6c5f9b0,1156130400,67,www.niceloo.com/tg/xf*
dc15791422a3dae2da5ceb7603e27964,1156371300,39,zjks.offcn.com/zg/xfgcs*
dc16e21de1e6427d649c869431e823fe,1156310000,6,yidongm.zzbredu.com/*
dc8821e78db251368faf8158e1dd5942,1156510100,6,cqiedu.com/xl/xf*
dcc3b7a4d378ba79ff40108b35385cb5,1156370300,32,xfgcs.krs119.com/m/*
dcd3b53d40ba53e9256a13958654fa55,1156130400,38,www.niceloo.com/tg/xf*
dce24e0bf2b0402a43294494e88436c2,1156511800,6,cqiedu.com/xl/xf*
dd4f4d8d704f1b2dc4eda43d0baf0db2,1156370600,19,www.qddfxfpx.com/*
dd9f4dc02a521b55c496b1c7e67dbe21,1156150600,6,www.youluwx.com/*
ddb1a3493904d3aa4e24ed05aa111ad0,1156130100,39,xfgcs.krs119.com/m/*
ddcb46ddfdf1d3e7a252895c77e33875,1156130300,1,www.yd119.cn/m/
de8f9aa17b795738af7e014124717f82,1156210700,6,kuangjia555.zzbredu.com/*
df3406d0a20aa3f9ba7a96ec07f7d8f9,1156131100,35,xf119.wztedu.com/*
dfb39bfd298bc056b89912a0b577735e,1156130400,43,www.niceloo.com/tg/xf*
dfbd7dc795b4ca6cf4dc839fea8566cb,1156220700,6,www.yd119.cn/m/
e0876aebf86a686b2a75a4723fcc80a9,1156130600,66,www.niceloo.com/tg/xf*
e09a9e1c47b7c3feb106b8a78b93bc9b,1156210100,1,www.niceloo.com/yixiao/*
e0d80827f619887ea4c8928d620de8f1,1156130600,9,www.feiyue119.com/*
e0f4130ef22b66960856d31a7691dc99,1156130100,62,www.niceloo.com/tg/xf*
e1f9a0c48dfb7a59757a1442313dfeb0,1156320100,2,www.niceloo.com/yixiao/*
e231eb1fc7d12931d4fc988dc7e69cb9,1156141000,66,www.niceloo.com/tg/xf*
e23b085fb43b89e9d42ecad2c5d07325,1156511800,5,cqiedu.com/xl/xf*
e25b1eb078bf93fde330ed3eaae0c215,1156440600,12,www.youluwx.com/*
e289424c169a8d03a5e21b6c7f8a88a4,1156150100,41,www.qddfxfpx.com/*
e290bc298412c712abc9fbdf6e2536b6,1156370200,1,boxin.wztedu.com/new/wap/bktj.html*
e2a5ac2f8ca6b9bd5e8a34f69b25b2f0,1156320500,21,zjks.offcn.com/zg/xfgcs*
e2ef40ad764cd8a371ed7626f0b61ddc,1156130200,1,lma3.fjbest.net/indexApp.html*
e32186f47e98fb421996bf2bf2a5f42c,1156371300,1,www.youluwx.com/*
e373b330baccc155d73d07136ac576cc,1156371500,15,bj.hpwxb.com/xf-MB*
e3af5104fa21b9c23a48c93d6e8f4f13,1156130600,5,zjks.offcn.com/zg/xfgcs*
e3b89cf491e3eaa21864928b07d08fe7,1156320900,9,changqiedu.com/jiaoyu1/wap/*
e3ea3b58905c2c9c2d056418e745c420,1156130400,1,www.haixue.com/xfyd*
e4a587dcb4bf50f3d4d8acdfdefa1c02,1156220100,24,bj.hpwxb.com/xf-MB*
e5334cd8f34eb8b07758126ff0cb10a9,1156130300,23,bj.hpwxb.com/xf-MB*
e5c782892a4267c822a61d0c3a0222bd,1156130200,3,www.niceloo.com/tg/xf*
e5c782892a4267c822a61d0c3a0222bd,1156130200,3,www.feiyue119.com/*
e5ce9dd3894bef71134f761f775e91de,1156130600,2,www.niceloo.com/tg/xf*
e667c1b9b8409cfb0b9d8b25d0093e7a,1156370500,3,www.youluwx.com/*
e66c37c829651b2ef43f84e897df9587,1156320500,1,tg.bjgenshuixue.com/webnew.html*
e6dd48274660ab16688eb94070e6f325,1156320700,8,cqiedu.com/xl/xf*
e71951a5dbbe89a837c8947c5f1ed2c2,1156411100,38,zjks.offcn.com/zg/xfgcs*
e71a1d12432bc30954efb69136f0660d,1156370200,10,zjks.offcn.com/zg/xfgcs*
e71a1d12432bc30954efb69136f0660d,1156370200,9,changqiedu.com/jiaoyu1/wap/*
e76c447fcccb7f3cf9dd23b561e7f91a,1156130100,2,kuangjia555.zzbredu.com/*
e79824842fad2ad992e63aaadeb6da2e,1156130900,1,www.haixue.com/xfyd*
e806641ce58916a418e6b8f668e827c2,1156410200,6,cqiedu.com/xl/xf*
e81eafc78f998a8f8ede51e47311207f,1156130600,1,www.niceloo.com/yixiao/*
e8810f7d7e116fc30768c076cd5d87e1,1156320700,34,yidongm.zzbredu.com/*
e8d308601a99bc34fa7451322de52a0a,1156371000,1,lma3.fjbest.net/indexApp.html*
e901717e7d80472b361d05f29d6dbbbb,1156610100,1,www.niceloo.com/yixiao/*
e95b9ede8c415a771308020bcf101fbc,1156130400,4,www.niceloo.com/tg/xf*
e96a2c855a8e00b646955772dc012aa2,1156211400,5,www.yd119.cn/m/
e96a2c855a8e00b646955772dc012aa2,1156211400,6,bj.hpwxb.com/xf-MB*
e9737810d619da8e830d1ee36a3b5185,1156130700,1,www.youluwx.com/*
e9aee7a16eb3e93ebfee98efd3345f25,1156321000,2,www.yaomiedu.com/wap.html*
e9d4bda9286431bf20b3b7283055e87b,1156370100,13,cqiedu.com/xl/xf*
e9db9c7c852ad47c6c2516c946c38396,1156370400,28,bj.hpwxb.com/xf-MB*
e9e2f60c3a4c5186388cf064bb86c75a,1156320500,26,www.niceloo.com/yixiao/*
ea4aadd72f3b800b6771fb54e68df834,1156370600,4,yl.szfilmcenter.com/*
ea4aadd72f3b800b6771fb54e68df834,1156370600,4,wap.bangkaojiaoyu.com/bjtg/xf/*
ea84d50fef3f3c82de07f2d643b0eef3,1156310000,40,kuangjia555.zzbredu.com/*
ea96425ba18f33199cad59fa31ae719c,1156320100,28,yidongm.zzbredu.com/*
eafdc7cd948b351088a4a89fa10c80d9,1156410300,5,cqiedu.com/xl/xf*
eb3fbaead75fb714366e78987e896340,1156310000,1,yl.szfilmcenter.com/*
eb5d3b137d9be23d56321a6d8fa8ea0f,1156321300,53,www.niceloo.com/tg/xf*
eb5fa9f2e25608b45a471d861d368f48,1156370200,6,wap.bangkaojiaoyu.com/bjtg/xf/*
eb79f2051da7b11a3b28ca03793a3dcc,1156411300,15,bj.hpwxb.com/xf-MB*
eb87e3153d79863f2e672c1a64955b61,1156150100,8,changqiedu.com/jiaoyu1/wap/*
eb9ea05c487a42b7b81658a17fbad45d,1156130200,25,www.yd119.cn/m/
ec09bff0514dccb328e542d1e15b9eb0,1156150700,28,bj.hpwxb.com/xf-MB*
ec9b1995208ac0450d97b9bf1539200e,1156420100,4,www.yd119.cn/m/
ecd9663466c9e74a0df9ba4193242d1d,1156410100,1,www.niceloo.com/yixiao/*
ed87c37b2510b6684bd7d2cf6fde553c,1156131100,8,changqiedu.com/jiaoyu1/wap/*
edbcb02adfe09b6251946ea73eca7e44,1156220100,37,zjks.offcn.com/zg/xfgcs*
edbcb02adfe09b6251946ea73eca7e44,1156220100,1,lma3.fjbest.net/indexApp.html*
ee273d24d6a872a50982393e623b4865,1156110000,41,zjks.offcn.com/zg/xfgcs*
ee273d24d6a872a50982393e623b4865,1156110000,8,changqiedu.com/jiaoyu1/wap/*
ee8c3fd46118474efc75acadce9b266f,1156130100,4,www.yd119.cn/m/
ee8c3fd46118474efc75acadce9b266f,1156130100,5,www.niceloo.com/tg/xf*
ee8c3fd46118474efc75acadce9b266f,1156130100,1,www.feiyue119.com/*
eeb8fa6bbcc0f88175437d53297e377a,1156150600,9,changqiedu.com/jiaoyu1/wap/*
eedc7a10702a28daaaea15a3e57491e2,1156371300,1,yuzhonglude.guozhengonline.com/*
ef0b078bcb365ce77a3686b575b4e37e,1156130800,7,wap.bangkaojiaoyu.com/bjtg/xf/*
ef10b9fa0a9ba9a995aa208d61d5512f,1156130500,1,bj.hpwxb.com/xf-MB*
ef4be76aa6fa2a32eefce7ab24106d20,1156410100,1,www.niceloo.com/yixiao/*
ef5b7fe82dc4496d48ec3beb17def50b,1156211200,5,yidongm.zzbredu.com/*
ef5b7fe82dc4496d48ec3beb17def50b,1156211200,3,www.yd119.cn/m/
ef6be548cd6a364a29d5c66d599ba000,1156210100,3,changqiedu.com/jiaoyu1/wap/*
ef95ad805f188c65642121c8efe4f220,1156130200,3,zjks.offcn.com/zg/xfgcs*
ef95ad805f188c65642121c8efe4f220,1156130200,2,changqiedu.com/jiaoyu1/wap/*
f04af0b1a039f4cd25607554b2d191dd,1156371300,1,www.haixue.com/xfyd*
f04bd45893de40bacca12b829b12447c,1156371100,3,yidongm.zzbredu.com/*
f0e2875453aef26e3500d1541ed95aaf,1156220300,23,www.yd119.cn/m/
f0e6acc41aa967e1f9dc76b80252bad8,1156410100,13,yidongm.zzbredu.com/*
f0e6acc41aa967e1f9dc76b80252bad8,1156410100,32,kuangjia555.zzbredu.com/*
f0ea3b7d0e4330cc3f03d1c98b63eb3c,1156130100,4,www.yd119.cn/m/
f0fd28878c9fd17b3c4c7670f7e326d5,1156130300,7,changqiedu.com/jiaoyu1/wap/*
f15815d59dbe4785f5e359775de3a049,1156410100,8,changqiedu.com/jiaoyu1/wap/*
f1d01c4c022a4e7da3de4f76ce627c9e,1156130400,2,www.niceloo.com/tg/xf*
f1fb22e9163256e55caf31f5bfcd4107,1156130200,5,wap.bangkaojiaoyu.com/bjtg/xf/*
f231f2cd16944d89d3b8141cce6136dc,1156211000,6,zjks.offcn.com/zg/xfgcs*
f2981a1809ed204bbb8b30f119866fd7,1156370100,1,wap.bangkaojiaoyu.com/bjtg/xf/*
f2db2395c35ec463ca3360143ec1a9e5,1156330300,15,www.youluwx.com/*
f3085f2823f7fc9681606e8299147a24,1156370900,4,www.youluwx.com/*
f3140e4610bf68c9947d46a358d9d436,1156210200,4,www.yd119.cn/m/
f358d9eb44aefffc6fcba642a9f12e01,1156220700,6,wap.bangkaojiaoyu.com/bjtg/xf/*
f3cb1c9c0e08f84e67ce80a38f2b9c91,1156130600,1,kuangjia555.zzbredu.com/*
f417bdb7e4bc08c617e4724a50370593,1156410100,2,wap.bangkaojiaoyu.com/xf*
f4182b5dcb14f03a574add6d7ebd354a,1156511600,3,www.xiyahongedu.com/*
f451bb7b4972060f94f662b9cdc955df,1156410900,65,kuangjia555.zzbredu.com/*
f482e4b66ca8689eb4d973f177071d0a,1156370200,34,xfgcs.krs119.com/m/*
f4d23f4cd30dd21e9110aa9334c61dd9,1156510100,13,www.youluwx.com/*
f5c00af86f93a92c993492f546237874,1156150700,29,www.jhwx.cn/zt/m_xfgc/*
f5c00af86f93a92c993492f546237874,1156150700,9,changqiedu.com/jiaoyu1/wap/*
f5c4a55675cc8c4e92301aaeeb59004a,1156321000,1,www.niceloo.com/yixiao/*
f5d82c6f8c015b3f75d4950ca1155b01,1156411400,6,wap.bangkaojiaoyu.com/bjtg/xf/*
f5dd76beac6352bec13a0a00b11a0989,1156371700,1,cqiedu.com/xl/xf*
f634c6ff959ae350a8b46e3bb7531f18,1156370400,5,zjks.offcn.com/zg/xfgcs*
f63764bb13f8bbef254ccecd4548cd1f,1156410800,1,www.niceloo.com/yixiao/*
f650016cf203044255178eb518ee3dbd,1156130500,1,bj.hpwxb.com/xf-MB*
f665252eca3bde4be15c6af714ff5d29,1156370900,8,changqiedu.com/jiaoyu1/wap/*
f665252eca3bde4be15c6af714ff5d29,1156370900,1,boxin.wztedu.com/new/wap/bktj.html*
f7161eb20e47267fd34ba1622e30d712,1156210100,6,bj.hpwxb.com/xf-MB*
f71d68ae17da83a2e756258971882b94,1156320900,1,lma3.fjbest.net/indexApp.html*
f7647579e4a0b9783c4ec16f176aa459,1156210200,1,yuzhonglude.guozhengonline.com/*
f770223d1a95d4eb0934ebc4a26311a5,1156130300,26,www.yd119.cn/m/
f7e1cd00551af2ffe3af93702c7bddd4,1156370700,30,www.kaojia119.com/m/*
f823f23cf28275d386a12dc8b2b0fb68,1156320500,26,www.yd119.cn/m/
f823f23cf28275d386a12dc8b2b0fb68,1156320500,4,changqiedu.com/jiaoyu1/wap/*
f833ff43bbd88ecdd40c1b832609fa09,1156130200,27,www.yd119.cn/m/
f9094fb5f6a4f72d222998c2f08cb350,1156150200,1,lma3.fjbest.net/indexApp.html*
f94dc05d8c089a4db502d32e7a749bcf,1156610800,2,www.haixue.com/xfyd*
f975f3060b4b12ac8269957ce5064ee5,1156513300,2,cqiedu.com/xl/xf*
f980bc99a5a45a2ce63dc10e6e113e7b,1156411500,33,kuangjia555.zzbredu.com/*
f9a3e26ae5643f0ddc5fe9f952a07cd4,1156130100,1,boxin.wztedu.com/new/wap/bktj.html*
f9ae625c2aa493ad86d44b006d394b10,1156370300,8,changqiedu.com/jiaoyu1/wap/*
fa96a5d2b542b56fbdd401442df2593e,1156370700,28,bj.hpwxb.com/xf-MB*
faeeb7c552df3c991686b0b026d61b17,1156510700,1,lma3.fjbest.net/indexApp.html*
fc7d1852f85138b23590fbd6de7de713,1156310000,1,boxin.wztedu.com/new/wap/bktj.html*
fcf3b77f1c0b3deb967beb46b42fed89,1156131100,57,www.niceloo.com/tg/xf*
fd1e11e5f25307f92c0353b873b3a789,1156130100,7,www.kaojia119.com/m/*
fd616272451e2455b37c903e34eb4f35,1156150200,1,yl.szfilmcenter.com/*
fd63af68a1f28765f3309df057fe7310,1156320400,5,www.niceloo.com/tg/xf*
fd6c08e71aa1b6f651dd7e964eb0f942,1156222400,7,www.youluwx.com/*
fd6c08e71aa1b6f651dd7e964eb0f942,1156222400,7,changqiedu.com/jiaoyu1/wap/*
fd70ee2cdec5deff4fc1d042d26a5dcd,1156370200,31,www.feiyue119.com/*
fd70ee2cdec5deff4fc1d042d26a5dcd,1156370200,17,th.adumm.com/XFM6/*
fd70ee2cdec5deff4fc1d042d26a5dcd,1156370200,20,kuangjia555.zzbredu.com/*
fd70ee2cdec5deff4fc1d042d26a5dcd,1156370200,4,changqiedu.com/jiaoyu1/wap/*
fd8facf122f2ee2b92eb420f6d27d5f4,1156131000,3,www.niceloo.com/tg/xf*
fe3e9f910acf22d946b343d2a985eb00,1156130200,2,www.niceloo.com/tg/xf*
fe58cca022249b13fcd37119956f4d3d,1156210200,6,bj.hpwxb.com/xf-MB*
ff08e28d73c16de21ff79d124d22fc2d,1156510600,31,yidongm.zzbredu.com/*
ff0debb3b3bd8cc60099b9ce7a9cc997,1156130200,25,www.yd119.cn/m/
ffa27fdc38e5c54b0242e487c011fb77,1156510100,3,www.youluwx.com/*
