00388030557c403840141350046c2e55,1156511500,21,www.yd119.cn/m/
00dedfeea20f6305936337cb857e253e,1156131100,1,www.feiyue119.com/*
011fbe494aaa697fdf56c270c25e6ce0,1156130200,17,www.youluwx.com/*
013f5f60334a7ac764ecf7f212a2488a,1156220100,3,www.youluwx.com/*
015f1a5b33e5c0b5a37fb767b2f1a563,1156511400,1,cqiedu.com/xl/xf*
01b205727970a844cc4617c146300537,1156511800,5,cqiedu.com/xl/xf*
022b956c09fca9b6a0a5e0face8411f7,1156320600,2,www.youluwx.com/*
02345a1c2550220b039e3e1a16e18f58,1156411600,4,www.youluwx.com/*
028180a332fa6f8367975f13982410f6,1156320500,2,www.niceloo.com/yixiao/*
030651c30713ff814840d7461ed511e0,1156320900,1,www.niceloo.com/yixiao/*
034b6cdcddbedc6326f360a6a9fc085f,1156131100,7,www.youluwx.com/*
04441232be0de785de56325ef2f361b9,1156511300,4,cqiedu.com/xl/xf*
0449ec9546d00419ada611646a0dfd0a,1156130300,3,www.feiyue119.com/*
050bc3ab49ea199838302c8af01f393b,1156130700,6,kuangjia555.zzbredu.com/*
056599909ac39e09daaa72294aadc7b5,1156130100,3,www.qddfxfpx.com/*
0579dc65716d2a5f721377ee3f1016ea,1156370200,26,www.feiyue119.com/*
05ffb35af88dc5b0b90ca282a1989bca,1156131100,1,www.feiyue119.com/*
05ffb35af88dc5b0b90ca282a1989bca,1156131100,1,kuangjia555.zzbredu.com/*
064027f4b020a374f0090f8d5d8a611f,1156510100,2,yidongm.zzbredu.com/*
06498d863e64f1aff6ee6cff2dd25784,1156510100,1,www.feiyue119.com/*
06c5d8c0894de714ce97c5997e6ea137,1156370900,1,www.feiyue119.com/*
0724290cc5db4e7a286db3d767346ed3,1156370600,1,yidongm.zzbredu.com/*
0792eca591ca149366ddad4603df7bce,1156310000,1,www.feiyue119.com/*
0840c8ad678a8ae6f31a5fb6070ded63,1156220200,1,www.yaomiedu.com/wap.html*
0847f75326965f05c861f8d2c4bb7405,1156510100,4,cqiedu.com/xl/xf*
08b7709db681d5996b398d3948ae7c35,1156220100,4,kuangjia555.zzbredu.com/*
08ef1a2f80f6e65afcb5722d2962b48c,1156310000,1,www.youluwx.com/*
0914f4ea3ddd918c40b71ec6a000d195,1156510100,46,www.feiyue119.com/*
09a05b5683776664563cfbc6bf68d557,1156130600,2,www.yd119.cn/m/
09f609bc8343cb331442c4192f622288,1156511800,4,kuangjia555.zzbredu.com/*
09f609bc8343cb331442c4192f622288,1156511800,3,cqiedu.com/xl/xf*
0a048ef4e2d32b67716b52ba1cae0788,1156220100,2,wap.bangkaojiaoyu.com/bjtg/xf/*
0bb201022c0b590bdaea6ee7153d726b,1156510800,7,cqiedu.com/xl/xf*
0c31c75a95180c5a9d4d754a31eef23e,1156130700,35,www.feiyue119.com/*
0c4472a03907ca0cce562fa6bd84fdcc,1156220700,2,www.youluwx.com/*
0c8bacdf74c6bb74cc51991171cd7b3a,1156320500,26,www.yd119.cn/m/
0cc82ffe08e5a7d5330f16c3be177422,1156510100,12,www.youluwx.com/*
0d957372ccf1470551e78583534149c3,1156130900,2,cqiedu.com/xl/xf*
0df0a48cbafe29cee6d857a6ab6e581c,1156371300,4,kuangjia555.zzbredu.com/*
0e002772f22f8be62490dc33748c61c9,1156130200,1,yl.szfilmcenter.com/*
0e239482bc16140d4231aecda86730fb,1156511800,37,www.feiyue119.com/*
0e3ab3f175c62f6e3e62438ae41e7894,1156320100,7,changqiedu.com/jiaoyu1/wap/*
0e613147f3d9461d5d1e233f3576185b,1156330500,4,www.youluwx.com/*
0f9545a115acc91f279556615e57b960,1156370300,22,www.kaojia119.com/m/*
0f9ee8de313fbfd3ee91128a7d91052d,1156511900,4,www.youluwx.com/*
0fe7b1eba75bfdb22cf328c7683b00a6,1156370500,4,kuangjia555.zzbredu.com/*
1032306b31eda266848322d0b5388d83,1156140800,2,www.yaomiedu.com/wap.html*
10c4e6aa209931d092f4fa07aecabcfd,1156130100,26,yidongm.zzbredu.com/*
10de431c5073e108f44ba321cbb1a307,1156130800,4,www.yd119.cn/m/
120929361d8e4c626ea38f6874045859,1156510100,6,cqiedu.com/xl/xf*
12176cdd1a90237131de26c9e234aa42,1156130100,16,yidongm.zzbredu.com/*
125b84dcd210ebd61dee76567e2f3a13,1156130100,5,bj.hpwxb.com/xf-MB*
128cfc15c46affc8582347c95fef7da7,1156371700,3,www.yd119.cn/m/
12b9723a14610cac1452950bb0f4dad9,1156340100,9,www.youluwx.com/*
12c4690c48c66d0172573174b820609e,1156220100,24,www.yd119.cn/m/
12d58013fced0621807c19595568488b,1156340600,15,cqiedu.com/xl/xf*
12f37737b48f91a821276228ca27dc9c,1156220100,2,www.youluwx.com/*
13493dc1c4025b6ef6be779fceca7725,1156510100,6,cqiedu.com/xl/xf*
13841c946abd25a642993b6e4b89bbb1,1156130200,19,www.kaojia119.com/m/*
138b832a3a6a3d9ddbcbdd4c11fb831a,1156130300,13,www.youluwx.com/*
139a0efb0d10d72a39ba4aec05f244fa,1156511000,5,www.youluwx.com/*
13b3b922f2a109d67e3c29f9b763663d,1156370700,8,yidongm.zzbredu.com/*
13b3b922f2a109d67e3c29f9b763663d,1156370700,1,cqiedu.com/xl/xf*
14be88bdabce99cc8e126a9c8102d950,1156320200,22,www.yd119.cn/m/
14e73e0594a54159617bfe84533a232e,1156370400,6,kuangjia555.zzbredu.com/*
15826d47507d38215cfce7a721578ea5,1156130100,5,bj.hpwxb.com/xf-MB*
15df976767d11ad5ff645f5ccbd0f7c6,1156510500,4,bj.hpwxb.com/xf-MB*
162c5bad210fff083fc1b8781e3a3188,1156510100,5,cqiedu.com/xl/xf*
16a7ecbd0a359785910cc2d4d491bdf6,1156510400,5,bj.hpwxb.com/xf-MB*
16e076e99e7c8c91d27e80bda6ffb9e5,1156441300,7,www.feiyue119.com/*
1702fce18eed0370994ca08c6d7cb89f,1156511100,5,www.youluwx.com/*
177c987dd41b06a5e458e2b3b03e24a7,1156510100,1,www.youluwx.com/*
17ba5fb439211f16143e1eef9cb1dac1,1156130700,1,wap.bangkaojiaoyu.com/xf*
17d4e9bea613d0b12130d2288e49cd17,1156320100,5,www.youluwx.com/*
189aebb7d0d4bc16ba0b31c20169cac2,1156320200,64,www.youluwx.com/*
190ae01a6b53fc5d0767d294a8a9f47c,1156130600,1,wap.bangkaojiaoyu.com/xf*
194ff90615663e59d51b75b742868bcb,1156220200,25,www.yd119.cn/m/
19687b8e2b48d10f9b2cfdf0e8b491ed,1156370900,5,www.youluwx.com/*
198ce874fe16cd13c5be51318c9bcb74,1156130100,5,www.niceloo.com/yixiao/*
19cd90bce67972fd4bfadf61cb637093,1156511600,2,www.youluwx.com/*
19cd90bce67972fd4bfadf61cb637093,1156511600,49,www.feiyue119.com/*
19db1ee2b247c452b76b095c82dcdd06,1156350200,1,www.qddfxfpx.com/*
1aaceee1173da2281cb5897ec1197a1e,1156371100,3,www.youluwx.com/*
1aceb141bccf70b1f0cf1f1e8d733623,1156131100,34,www.kaojia119.com/m/*
1ae4273839ba68188cf0ece2d6eed8f6,1156310000,6,www.feiyue119.com/*
1bf806fea45b1ae24e96594542238668,1156510100,6,cqiedu.com/xl/xf*
1c2941a65c106626e16b432539c47615,1156370400,1,yl.szfilmcenter.com/*
1da1ab6c45c5a4c31d36a65fbaa17955,1156370900,5,www.youluwx.com/*
1e33080cc191e54195dd4a77730cb67a,1156320300,2,www.niceloo.com/yixiao/*
1e3f475fbf6d4de6772b6315d75ae6e4,1156130400,61,www.niceloo.com/tg/xf*
1e6ddc7ebfebb0e097c148026ecd787c,1156220100,8,changqiedu.com/jiaoyu1/wap/*
1e99b7a7a320333372f8ab07a6888291,1156510500,6,wap.bangkaojiaoyu.com/bjtg/xf/*
1eb306b5366efe9b6414b7f6fd74de88,1156370800,1,www.feiyue119.com/*
1f07d4912a7a1f082aa072d0027d3b07,1156511300,19,www.yd119.cn/m/
1f0cd4f61efa9c4c5526021d6c6d99c1,1156371600,4,kuangjia555.zzbredu.com/*
1f2dd934b9f945cc8318fc67b7653786,1156310000,1,www.feiyue119.com/*
1f7860fc222ae0da7a85895f1ce134c1,1156511400,1,wap.bangkaojiaoyu.com/xf*
2063487a836f39e5d6e15abe88aa3203,1156511700,1,bj.hpwxb.com/xf-MB*
2083c24a72e7fa7be4d2ef3048649f39,1156150100,20,yidongm.zzbredu.com/*
21213feece815d8c1f54d847dddeaa2c,1156510700,1,www.youluwx.com/*
22008d019d1abe40f116127fad86f0be,1156510700,5,cqiedu.com/xl/xf*
2275cf8e448d5abc48198666a8daf807,1156371400,10,www.youluwx.com/*
22a8af7f5e3d09f823258de89cab0135,1156130700,1,www.youluwx.com/*
22ecd8e906adb9d6c224ad69684b4e3c,1156130100,48,www.feiyue119.com/*
2379f008feb642d59055222769f84769,1156370800,2,yidongm.zzbredu.com/*
239c51a7c208080930de587d81343c32,1156511400,8,www.youluwx.com/*
23c1c39dba73971db4cd12f09490c0b1,1156220700,48,jy08.yanganzixun.com/xfpc/*
23c56c4d847695c33754777257e3396b,1156510900,1,cqiedu.com/xl/xf*
23d8cda78472ff966fd4b5fdc17aab2c,1156371100,12,www.youluwx.com/*
2404147694784338b5903c947baf5947,1156130100,1,kuangjia555.zzbredu.com/*
240b1ff63daa8ddc143ac15ea6ee023e,1156370700,11,yidongm.zzbredu.com/*
2436f2436c21ec1bdebabb8af71f5bc4,1156510600,1,www.yaomiedu.com/wap.html*
24b32f7de598416917e0e47443a7c291,1156130600,22,www.yd119.cn/m/
26d18d27764617782a9af4cc29a535ce,1156130100,43,www.feiyue119.com/*
283f692f639d0e7d2d8abdad83bc1ec1,1156510100,26,yidongm.zzbredu.com/*
2860f305f970360c2fd223513a060b66,1156511300,17,www.youluwx.com/*
286bde8cb95bf1ff3675b9993615c50d,1156130600,1,www.niceloo.com/yixiao/*
28b41b78d84ff8b8cf233aca23045a67,1156130200,1,www.feiyue119.com/*
28ca82ff89a9dfe7c9310e688cd7efcc,1156130200,1,wap.bangkaojiaoyu.com/xf*
28f511798f347875b6452400c3c900e7,1156510700,28,www.yd119.cn/m/
298e6d27c8b2ed9d08957526cd1efe25,1156510100,5,www.youluwx.com/*
2a8eb827fc6a3d2a2e1c8f7c542c8ee2,1156440300,1,www.feiyue119.com/*
2b3c32d94dbd09b3cf030e06dba73e70,1156370100,1,www.youluwx.com/*
2b54b546049c5ff0ed935d57d48ad9c3,1156341800,1,www.youluwx.com/*
2c3fcd99c8c082f6056260200abfd4cd,1156370500,4,yidongm.zzbredu.com/*
2c8e72cb502fead0a3a8e197307bfa6c,1156370700,5,cqiedu.com/xl/xf*
2cd92f322f402b3426961770855baad7,1156370500,1,www.niceloo.com/yixiao/*
2cecaf76f844c565284f7ebcc25ebc38,1156370400,7,bj.hpwxb.com/xf-MB*
2d0f688dc0ecc6254acd8b96bab9913d,1156510400,1,wap.bangkaojiaoyu.com/xf*
2d18d26668bfa8c833aebadfbdedbc83,1156320100,27,www.yd119.cn/m/
2d18d26668bfa8c833aebadfbdedbc83,1156320100,35,www.jhwx.cn/zt/m_xfgc/*
2d1a8800fd3de912627c22e473d2fbb5,1156510100,11,changqiedu.com/jiaoyu1/wap/*
2d6483229756fa0ae7ce137bb03784de,1156610900,9,cqiedu.com/xl/xf*
2df4125fdfbab65a087ad82efeb2cf1a,1156510700,8,bj.hpwxb.com/xf-MB*
2e61b3ce78f5393c47ae1466a162d786,1156510100,6,kuangjia555.zzbredu.com/*
2e8c2c4d6e656bfc7c78f00cb31fbc02,1156330400,5,kuangjia555.zzbredu.com/*
2eac33bd95c58ff3a78aa77ae4aa9058,1156510100,1,www.youluwx.com/*
2f0e8c158eb4a4c08c075c222c1a17ee,1156510900,15,www.youluwx.com/*
2f3575d2be2dd5c90e6b71f84499e5a3,1156320600,46,www.feiyue119.com/*
2fbb5e562d8a489a1e4763ae1d86ae98,1156510100,5,bj.hpwxb.com/xf-MB*
3179f9a8ce13023f289628148a5457f2,1156510100,1,www.niceloo.com/yixiao/*
31fc8c3c8631ef809ea38f5aa813fd29,1156110000,6,cqiedu.com/xl/xf*
321cf89eff1f44ea51b52cef1eb94741,1156220100,1,www.youluwx.com/*
321cf89eff1f44ea51b52cef1eb94741,1156220100,2,wap.bangkaojiaoyu.com/xf*
323081a5e6d1b5e513a3a117631fa208,1156500000,2,www.yd119.cn/m/
326ea739d6c1dd4e5b1f262bc2542a0a,1156320400,1,yl.szfilmcenter.com/*
326ea739d6c1dd4e5b1f262bc2542a0a,1156320400,1,wap.bangkaojiaoyu.com/bjtg/xf/*
32733c9b113e2635b238665a92867a7c,1156511400,2,cqiedu.com/xl/xf*
3334e975dbe68ad0317520ae1fcb024b,1156511800,53,www.feiyue119.com/*
33cc99571f4edcc8838d32711fd1667b,1156130100,33,www.kaojia119.com/m/*
34109628361a8e3db6397a0547fbc039,1156370200,30,www.yd119.cn/m/
345b0a64e9f7704efbc93d4cd6e86770,1156321000,4,yl.szfilmcenter.com/*
34c95a5d2e6c1d4536e5dbb94eb2cf7d,1156370100,10,bj.hpwxb.com/xf-MB*
34e8753e2ec3c31fee746a9e36434f0c,1156510100,3,cqiedu.com/xl/xf*
36efd6ae2f16569c0f61136405173d0d,1156130600,3,www.niceloo.com/yixiao/*
376232581877ed94998a63d31a478377,1156370600,25,www.yd119.cn/m/
37d90be1c51d34cda09d2eb91bf9977f,1156220800,8,kuangjia555.zzbredu.com/*
37f3b3b22c2f36fc3bf276041690a4cf,1156130600,1,www.youluwx.com/*
38d8ccd5efa3bd99393d481d0186cced,1156510700,53,www.feiyue119.com/*
39347c6e520d9181b0286381b492da06,1156130100,3,www.jhwx.cn/zt/m_xfgc/*
394300203c15d0e00aa22da119c1faa2,1156310000,4,www.yd119.cn/m/
398858c50ecc9a08f4174e18e3c988ca,1156510100,1,cqiedu.com/xl/xf*
399d230a1e4036452ad9070bf86cbe81,1156510100,14,cqiedu.com/xl/xf*
3a0ac5cb0dddd8136f474a80b737b1ed,1156510700,51,www.feiyue119.com/*
3a892a2e4083602b07017fe3e59a7072,1156130200,37,www.feiyue119.com/*
3abe41be4157a027063e47617b36af86,1156310000,1,www.youluwx.com/*
3b2f5469de872e11747426fa7e329a47,1156150800,3,yl.szfilmcenter.com/*
3b649a87773b94ddfc62dcf846bc1cc1,1156510100,6,cqiedu.com/xl/xf*
3b72c9b201c518bf696d8596f85dbd4c,1156130900,7,www.feiyue119.com/*
3c24c64fc7e938a5269e90f488f88bf4,1156510100,1,www.niceloo.com/yixiao/*
3ca152b8017fd0e22d4aba5ad56d5254,1156511500,1,www.youluwx.com/*
3e8cc2c570b589dae4364dd4d27c238b,1156510500,1,www.youluwx.com/*
3f26ef68ff92a759e8aedb3679235d9a,1156370200,42,www.feiyue119.com/*
3f4b50490f34b80eb9689c767d06c4f2,1156510100,5,cqiedu.com/xl/xf*
3f573be987ea9a5659e0a5603a889015,1156511300,8,www.youluwx.com/*
3f8ff38cff68e9becbda538171370a94,1156370700,2,kuangjia555.zzbredu.com/*
405afdbb135e05fe3a45c692d28efc80,1156510100,48,yidongm.zzbredu.com/*
405afdbb135e05fe3a45c692d28efc80,1156510100,5,kuangjia555.zzbredu.com/*
407a5d6f384aa3c06bf4d03a2406a34f,1156511500,6,www.youluwx.com/*
407e4c76f4f59efeae256af3a350e720,1156500000,6,cqiedu.com/xl/xf*
414c319351e8667fe29fb2d00ce0dd37,1156130100,56,www.niceloo.com/tg/xf*
4150419d853d42c9df4e7c048b41a7f7,1156370400,1,www.feiyue119.com/*
41683ef3f3f63939c352931ba26140f2,1156131000,44,www.youluwx.com/*
41a261ae55dbfc059a142c393db193d2,1156370900,2,www.jhwx.cn/zt/m_xfgc/*
41ce5e6715b2ae65a6a1cc6857211e1f,1156130500,1,www.youluwx.com/*
421125c9315db519a94826a0673ef79c,1156320500,1,kuangjia555.zzbredu.com/*
432dc359d020dc993998802ffd43a9ba,1156510700,26,www.qddfxfpx.com/*
435510482d22274afb2de5f9aa11bb30,1156321200,29,www.niceloo.com/tg/xf*
43f6e76a9dabafc4fdb49ddde0ad2fb4,1156370700,3,bj.hpwxb.com/xf-MB*
44147e311c9a2aae0f7d3f636b5e06cb,1156340700,4,www.youluwx.com/*
441863c5ec63d6527511e19c50d48a8e,1156320700,10,www.niceloo.com/tg/xf*
455dfa75512168fb19ef0093519a3c72,1156371500,3,kuangjia555.zzbredu.com/*
45d4803eff1edc88afabe9c1faaa0a24,1156371500,11,cqiedu.com/xl/xf*
45d894ec4191fab701ba6578e56aaa3e,1156371700,55,www.feiyue119.com/*
464756c15b52da43c9f906916aa72739,1156511100,6,cqiedu.com/xl/xf*
465c6c8133f25597d910d5b1603a13e3,1156320300,52,www.feiyue119.com/*
466daf16ceb1da689e845867cd0b9748,1156370400,12,www.yd119.cn/m/
46f709e10230e251e00a18899fd2faee,1156510600,21,www.youluwx.com/*
46f709e10230e251e00a18899fd2faee,1156510600,1,wap.bangkaojiaoyu.com/xf*
472a8267d3c1475a922cb6d537c9e42a,1156321000,25,yidongm.zzbredu.com/*
478e48240f65146afe34f707c5317134,1156370600,15,www.youluwx.com/*
47b4a8a5af0624f97af5c48af850e019,1156510700,51,www.feiyue119.com/*
48190aee19a815907a75915af11a0e7c,1156371300,1,www.feiyue119.com/*
48952a107bf87c43e37e52b29d30f5ee,1156370400,1,www.youluwx.com/*
48d927234349212e0b00b41d0ca03e62,1156440100,16,www.yd119.cn/m/
490e2210453281ac8b1cbf200df5a748,1156370100,34,www.qddfxfpx.com/*
4bb965b5a8e1283d278237537827bcb5,1156510100,38,www.qddfxfpx.com/*
4bcf9cbb3114ac606fdf3c2c22560162,1156130400,11,www.feiyue119.com/*
4be628667d55ac567809abcf38271892,1156310000,58,www.feiyue119.com/*
4be628667d55ac567809abcf38271892,1156310000,3,changqiedu.com/jiaoyu1/wap/*
4d1472332448ef611c7958607ea8adcb,1156371600,4,yl.szfilmcenter.com/*
4d266f165f615a69f590143430437f66,1156310000,8,www.youluwx.com/*
4d282555743e9430255576dd6485dcf0,1156131000,32,www.feiyue119.com/*
4dad04338ff44c44f12ea502ea655820,1156130300,43,www.feiyue119.com/*
4dbda8c974b70453c895ecc5a9eaea50,1156130700,5,www.niceloo.com/tg/xf*
4df78e15b6a040b3618552f073758c88,1156510100,2,www.qddfxfpx.com/*
4df8b795eaffc9ee2878dd59c2f5d257,1156510100,6,cqiedu.com/xl/xf*
4e25829be0ddf1d18754462c281afc29,1156370700,1,www.youluwx.com/*
4e31445a1456539f649716947e1dc1ad,1156513400,5,bj.hpwxb.com/xf-MB*
4e5515fa38af7e4801b7660ba5a39548,1156130200,14,www.feiyue119.com/*
4ea50382a45fb1d5e1f6c5fd25a10233,1156510900,1,www.youluwx.com/*
4efcfa6cf8937281f0510856251beaa8,1156371000,1,www.youluwx.com/*
4f32c4c2131e9237f515f1356257ee72,1156320100,26,www.yd119.cn/m/
5051c97950e1c33ea0678313e8b5caf1,1156510100,1,www.youluwx.com/*
5197d85a1ebe7e65811229689b2ef1b1,1156370600,1,www.feiyue119.com/*
51b1b28e053967061673ceff9ed5d1e0,1156510100,5,www.youluwx.com/*
520e5ab3c78d67f4b9ae3f4acd318329,1156370400,15,yidongm.zzbredu.com/*
5299240d92b330d7f8cbd5a2659ba266,1156510500,1,cqiedu.com/xl/xf*
52c8a8553e547e16e91f91710e1b1037,1156510100,1,wap.bangkaojiaoyu.com/xf*
5368ec3aa51aafb8ccb177ecdea83c98,1156131100,4,yidongm.zzbredu.com/*
5368ec3aa51aafb8ccb177ecdea83c98,1156131100,6,www.yd119.cn/m/
53745927649558542e596a70874bd480,1156511900,7,cqiedu.com/xl/xf*
541f18e956bb2fb7d54388ed5f0673d1,1156510500,3,www.yd119.cn/m/
552588eb384286feffaaab21b8da495f,1156220100,8,changqiedu.com/jiaoyu1/wap/*
55b87766ab174e22062ede13c71a4f20,1156310000,49,www.feiyue119.com/*
55ea942871e8205da8bc6d5247d011ff,1156320900,9,www.youluwx.com/*
560e33da78cd08a9dbb2f11a7440e634,1156130400,20,www.yd119.cn/m/
564fd96643ac1d60772f88deafaf792b,1156310000,1,www.feiyue119.com/*
572c4b6694d7406a4272975307ce493f,1156370500,2,www.feiyue119.com/*
575c10dbb0f7fda36928256d4271dc69,1156511300,3,cqiedu.com/xl/xf*
57684425b3629b73c0bcc7e488418054,1156371600,6,cqiedu.com/xl/xf*
57e640e2f5df11e158bae2fe0aba538b,1156370600,22,www.youluwx.com/*
58acd9df6ff083219b3069e38e3a50ea,1156370700,1,www.niceloo.com/yixiao/*
58b7bb3cb417a44ddb09e017b727b85f,1156320600,10,www.youluwx.com/*
58b8cb9f7ddeb8c885538c887ca8be52,1156511800,1,www.youluwx.com/*
5956e63d62447cf76c0addac0d176522,1156320200,24,www.yd119.cn/m/
59b23b7c586c321a27c3810d20cc0199,1156130100,1,www.youluwx.com/*
59d61abbff2cbbe2cfe0a98d9b54f83a,1156510100,3,cqiedu.com/xl/xf*
59ef71afbaa035bd37da58d6338f1edc,1156510400,7,changqiedu.com/jiaoyu1/wap/*
5a7eac95e401df5b3ba2cfa8126bd4c9,1156220400,19,yidongm.zzbredu.com/*
5bc27572e73fbeeb61e64ed81657d403,1156130700,1,wap.bangkaojiaoyu.com/xf*
5c3a389020d9391292be84902b98c730,1156131100,29,yidongm.zzbredu.com/*
5c6b9bea1aa31e69f8d22b459b0f3f75,1156220100,4,www.yd119.cn/m/
5d6efffa56c30d0775fc7cd9f229179e,1156130200,2,www.youluwx.com/*
5e076ce1516105e32d2e2cf3597396ae,1156510900,5,wap.bangkaojiaoyu.com/bjtg/xf/*
5eb94110378f71f2d74418820f5f4c56,1156140100,1,www.feiyue119.com/*
5f7c6e32dbefec5028c8aa7449aab3c3,1156130200,2,www.yd119.cn/m/
5fcbb6c091afa28e65ce5eaeb4a649a2,1156310000,6,www.feiyue119.com/*
61190c2284a71c9dc0cf1d930a5cd9bb,1156130100,54,www.niceloo.com/tg/xf*
6134aaaa69a73ba82ba700f723dad44a,1156310000,10,www.jhwx.cn/zt/m_xfgc/*
615911200f5fd6f08668798e707cdfdf,1156130200,23,www.niceloo.com/yixiao/*
61b860b5118456b75951991b88322360,1156130900,22,yidongm.zzbredu.com/*
61dfa1e155bfc9327f792a0ce71dad1d,1156321100,4,www.youluwx.com/*
61f56a1b4bfc38380e704ad3fa95fdd9,1156510900,20,www.yd119.cn/m/
6244fcf5cb58aa13b68b47d6cc7a93ce,1156512000,1,www.feiyue119.com/*
6347113178eaa1068eb3ad00fdcaafe6,1156130100,21,www.jhwx.cn/zt/m_xfgc/*
634d7310702ffdcc0fe824b28552faad,1156511000,2,yl.szfilmcenter.com/*
635e6cd9e3a7ffee4be56a4972c397b0,1156510100,1,www.youluwx.com/*
640fee9fed67d188879565e857962797,1156431200,1,yidongm.zzbredu.com/*
64a190572aeba0e8d0897e7f165f72c8,1156320100,2,www.niceloo.com/yixiao/*
64f9f3128e6b4fec212a60c7b31fb422,1156310000,1,www.feiyue119.com/*
6537235624438c426b177b8a4340aa30,1156130100,4,www.niceloo.com/tg/xf*
656a065b2b4b62282c90d6b81f0c02f8,1156511500,5,kuangjia555.zzbredu.com/*
65f5c08d4c64ffdeac2acc126e4c3128,1156510100,6,www.youluwx.com/*
660b7ed373261dc86ed79e00cc2204a7,1156130100,2,www.yd119.cn/m/
6621641f59ad59431601a9a21f212f31,1156511100,4,cqiedu.com/xl/xf*
6673319fcf9c6cc24fe8e5072a408441,1156130700,1,www.niceloo.com/yixiao/*
66851938a8bad40953ba283c82143513,1156220500,18,yidongm.zzbredu.com/*
66e3f81c9242e2be398442896abea3d3,1156130400,1,yidongm.zzbredu.com/*
66e864772f08a3b1353357dfe7adb264,1156220700,5,www.youluwx.com/*
6815e2328d9735e36b4340f4d68b438c,1156310000,1,www.qddfxfpx.com/*
687916811b77214eb856ce68adba58f1,1156130200,18,www.youluwx.com/*
6976b3dc477512f7567ba22b9c0c026f,1156360100,5,www.youluwx.com/*
699cdc76daa9c90c4c8ae5c52c1b7835,1156220100,1,www.youluwx.com/*
69d6add2697fdb30cd014d1dbacec384,1156320600,1,www.youluwx.com/*
69e629ffccb3f665bfa702b425a879c2,1156220100,52,www.feiyue119.com/*
6ac59456a0b80a95ce5ebdccf95dde48,1156510700,1,www.niceloo.com/yixiao/*
6ac59456a0b80a95ce5ebdccf95dde48,1156510700,3,cqiedu.com/xl/xf*
6aca6c008393593921a6031b26af8bed,1156510100,6,cqiedu.com/xl/xf*
6ae503a57160bc62684a19ca01b20370,1156510100,1,www.niceloo.com/yixiao/*
6b067b9c5ec8b86f05e963fd9cab6b8d,1156130200,3,www.youluwx.com/*
6b47cce6d1a366dc981bed1bbd88c88b,1156222400,25,www.yd119.cn/m/
6b52dc4997162c95f86a0079e70333b7,1156321100,4,www.youluwx.com/*
6b616a949560f85c5f1015ca5c4e0210,1156130200,21,www.yd119.cn/m/
6c0fc731d7b36034d01fc96afee7a010,1156150700,6,cqiedu.com/xl/xf*
6cba6ac3f1a9f144832e550df38e358f,1156511300,1,www.feiyue119.com/*
6d575c2ca6342b97e90d1f12dee70c84,1156371000,25,www.kaojia119.com/m/*
6d934b8c74d5c6c157d860b750df07b6,1156130500,47,www.feiyue119.com/*
6de6e922a5b4ffe7c174b64afaa005b0,1156513400,5,bj.hpwxb.com/xf-MB*
6e246cd6981b748830aeca1d50377a58,1156130100,39,www.youluwx.com/*
6eb5c122c34102b739ef1926580830af,1156320300,1,kuangjia555.zzbredu.com/*
6f05e8deb4de71b41597ba3c78aae97b,1156130200,6,www.youluwx.com/*
6f0cbfd80ebc822818c352a84c800be4,1156320700,6,www.qddfxfpx.com/*
6f3a27ce4da4cb19c7119bc1576b1a24,1156130600,1,www.niceloo.com/yixiao/*
6fe68c7519047c87fa4082bb1284504a,1156510100,1,www.niceloo.com/yixiao/*
700973d2699889fe38c9a31c9c019ed2,1156320700,6,www.youluwx.com/*
7068f9eb855388a804eef534af92c899,1156220100,5,bj.hpwxb.com/xf-MB*
70e793b4f685021ddc187b397d0a0995,1156513400,1,www.youluwx.com/*
717ff0f83e9d42140a79aef9768ae9df,1156220200,1,www.youluwx.com/*
719e71aaad1cb7e30066e48464743b56,1156511300,1,www.youluwx.com/*
71fb9d3cf39977a6d1b4a043611eea00,1156130500,55,www.niceloo.com/tg/xf*
721130d90aa3875a38ce0ac1821b9296,1156320800,58,www.feiyue119.com/*
7213695c300a4df2b910adb04bea25a7,1156370200,9,changqiedu.com/jiaoyu1/wap/*
72280a3ed22a1422adbe007254ae876b,1156511300,3,www.youluwx.com/*
728aa637e15b078f8df23cac12a7f9a6,1156371200,2,www.youluwx.com/*
72c0d22289540c9dbfb634ea3a73fc81,1156370600,1,www.youluwx.com/*
735825836bd75fdc1d0bf8fc9f47279c,1156510100,8,changqiedu.com/jiaoyu1/wap/*
7380f457e7eef426677af31e1d8aafdf,1156130100,30,yidongm.zzbredu.com/*
73a247385caef470b7b5d80d71cba779,1156310000,25,yidongm.zzbredu.com/*
73aa824e67f30e54a575499c4d1d4746,1156510900,1,www.youluwx.com/*
74120925e8a2d6031ee17c50884183da,1156310000,6,www.youluwx.com/*
74641f6b72263a44c780bfc9868fff56,1156320800,2,www.youluwx.com/*
7483d47fc6b4c3d2c764a60899f8444d,1156130100,6,www.youluwx.com/*
748d3f502969e064e4822e4692997446,1156110000,3,cqiedu.com/xl/xf*
74b004b8a846522074842a70ba8609f0,1156511900,7,changqiedu.com/jiaoyu1/wap/*
7510b01f02a11fffb502af74793148dc,1156320100,1,bj.hpwxb.com/xf-MB*
757eca9ccbe9f8fcc2f74fb13ed16ea4,1156131100,5,www.niceloo.com/tg/xf*
75da5ad290a972c47a9a13343db98587,1156130100,6,www.youluwx.com/*
75dd064d63d9f9cc52dd46ed4852f098,1156220500,4,kuangjia555.zzbredu.com/*
77164c1dc84c46020d036c520f0476c3,1156320500,1,wap.bangkaojiaoyu.com/xf*
772e16cb2a5450452a15c2687f9586e7,1156511800,20,www.niceloo.com/yixiao/*
774ae4c7678bca064f5b97e0951dad15,1156131000,2,yl.szfilmcenter.com/*
7787f8b189e16401c3d367b3562a1e4d,1156510700,2,www.niceloo.com/yixiao/*
78386258906703a1f0863ec3ac939c23,1156450300,8,changqiedu.com/jiaoyu1/wap/*
78e7b601d83f747e68ff367195dd5d11,1156131100,1,www.niceloo.com/tg/xf*
795fe4a5d1c42c4c6c86aeae1306f7ea,1156320400,1,www.youluwx.com/*
798565d6871291650a9e8d0534450b7a,1156130400,1,www.youluwx.com/*
79c9c33fcccf6d045c1182d2dade83ff,1156370200,2,www.youluwx.com/*
79dd2a2d7f11c7876fa896d4304865e4,1156370200,1,www.youluwx.com/*
7a4add15bd701de7727b177a522be61a,1156321200,6,kuangjia555.zzbredu.com/*
7a7cdc02c8953570f22f2d076037bce1,1156510500,3,changqiedu.com/jiaoyu1/wap/*
7abff6d9cf97af9f6da004825a188198,1156510400,2,www.youluwx.com/*
7ada9f2af2bb6c39ec6337200d679875,1156131100,1,kuangjia555.zzbredu.com/*
7b6d257e0f042b21f29bc804bec06d5d,1156130200,2,yidongm.zzbredu.com/*
7babb05a68eddad260547cbef45ece28,1156371300,3,bj.hpwxb.com/xf-MB*
7baf50f340b1ac968732e8dc7ede3cc9,1156371300,15,www.youluwx.com/*
7bb081360579953d8d174b12a4b1e7ad,1156371700,1,www.niceloo.com/yixiao/*
7c0e1b8afc4e5f8e87b3755203a51e7c,1156371300,3,bj.hpwxb.com/xf-MB*
7c4d35b0bcabaefcb4813d7da760e3ba,1156320100,57,www.niceloo.com/tg/xf*
7c8ef51a4246a232b765653fd6b92553,1156310000,1,www.youluwx.com/*
7ca131d7f8cc8a75afd06b2938069a0f,1156110000,4,cqiedu.com/xl/xf*
7d254640c7949d3d697ccd675627f107,1156130100,3,www.jhwx.cn/zt/m_xfgc/*
7d5c99f45b5dcef1b8da26403d494ec2,1156340400,1,www.youluwx.com/*
7d9a5c21c9665825f39ae64269d270e1,1156370100,5,yl.szfilmcenter.com/*
7e6cbcec5ae1b5bc9e5aab16b7209844,1156220400,48,www.feiyue119.com/*
7f256599b0c78906e41ba8f4212be035,1156130100,5,www.feiyue119.com/*
7f8af82c41199b8cfb1b419a8015744f,1156130200,46,www.feiyue119.com/*
800b1fa53791bce6a53f07df09e4083c,1156510600,1,yidongm.zzbredu.com/*
8014e4cee018218d79a4d4df44782289,1156110000,1,cqiedu.com/xl/xf*
803dd88ebf146d39c3e678efee4f1bc0,1156513200,24,www.feiyue119.com/*
8070bf448f06e443cf440aa1bc5e5ccc,1156130300,5,www.youluwx.com/*
807c87709a448a157d0d80f5cdfc5d8c,1156440400,6,www.youluwx.com/*
82369dc93667db65db8210119f64c226,1156130700,23,www.yd119.cn/m/
8254bd60f0d3318921f53a3d86e5b408,1156131000,51,www.youluwx.com/*
82867f5a75d7d4feace6ba5ae5bab005,1156130100,60,www.niceloo.com/tg/xf*
833355efebf1382466f64aaa6dc636d5,1156130200,4,bj.hpwxb.com/xf-MB*
83df4c75d0679e40a1913a761b9af8d2,1156340200,7,www.youluwx.com/*
84443f08d22db7858e9c7c17a239e487,1156511900,47,www.feiyue119.com/*
84679b8cad24d41c7651133f972f7d79,1156510100,8,kuangjia555.zzbredu.com/*
8477c11b8d796e9eed57cf853c2a99d8,1156370500,27,www.feiyue119.com/*
85b3302fe6b8c92aa78c0cdac9b7ba37,1156310000,3,www.youluwx.com/*
8630830232d4e52ad38df19923ecf8e4,1156130600,38,www.youluwx.com/*
8665168bd5e60a95f2c64ff9c41c0a48,1156131000,6,kuangjia555.zzbredu.com/*
87238f99b2ff636e1ee62f728964cb6f,1156130200,13,www.youluwx.com/*
872f69c46d4d24a6cdb6272cf8237e9b,1156511700,1,cqiedu.com/xl/xf*
876d2179ceac8c276032247e8959d22c,1156370800,12,changqiedu.com/jiaoyu1/wap/*
876f706cb4ee73a6ce6427a8d92c620e,1156510100,1,wap.bangkaojiaoyu.com/xf*
87c33ead402a03f2afe069f092fa36e3,1156321300,46,www.feiyue119.com/*
88919642d6d6681363db9037780ea3ce,1156130200,1,wap.bangkaojiaoyu.com/bjtg/xf/*
88ac5f7d9a180affb44ffd8df9307d33,1156510800,21,www.yd119.cn/m/
896a193e359a272d706a206069254c7e,1156320100,15,yidongm.zzbredu.com/*
89c894594cf051c6d5b0d62756f4c159,1156130100,69,www.kaojia119.com/m/*
8a2243def628f374e4023be69a556641,1156510700,6,cqiedu.com/xl/xf*
8a674c5d103c2742b21ceebc525d5839,1156510700,4,cqiedu.com/xl/xf*
8afee709a526d113dd8ffcfa1b09fe58,1156320500,31,www.jhwx.cn/zt/m_xfgc/*
8b35870b9ed32048b971b7b57afe1d1c,1156370200,1,www.niceloo.com/yixiao/*
8bf5f612841fe7e0581ae58279bb2d80,1156320500,1,www.youluwx.com/*
8bfe7a63e59f5d726165005278933efd,1156371300,1,www.youluwx.com/*
8c9e3441341f9adc1d7fc2ceb508d5c6,1156321000,1,www.youluwx.com/*
8cc46434b92beb57d809924cfc11f31a,1156513400,1,bj.hpwxb.com/xf-MB*
8cf1b036436bae34929d0b7c1c0e5d7b,1156510500,1,wap.bangkaojiaoyu.com/xf*
8e11dff955ad636f41aca86f03af0f7a,1156511600,8,kuangjia555.zzbredu.com/*
8f0147d7218df17c2a58e8f10c21b056,1156310000,47,www.qddfxfpx.com/*
8fafae64654c968ec2afc59b903624ad,1156510100,23,www.yd119.cn/m/
8fafae64654c968ec2afc59b903624ad,1156510100,1,kuangjia555.zzbredu.com/*
9055b75d706366a4be90e5841d136caf,1156130600,28,yidongm.zzbredu.com/*
906fcf86f5599cf60a8515fab52dfdfa,1156310000,12,www.jhwx.cn/zt/m_xfgc/*
910fe09c5cc647ccd413e001880de10a,1156511400,4,www.youluwx.com/*
91736b2155b7fa7c17043bc2db4af4db,1156370700,7,bj.hpwxb.com/xf-MB*
91a4f0423483633551540cbf1fcf753d,1156370600,5,www.yd119.cn/m/
91d3aa7eea2df3b9eb94463cc0583f65,1156320500,2,www.youluwx.com/*
9215b63ca8375692ee3d06a53797c3cb,1156320500,7,www.youluwx.com/*
921772d468f665d6ccd30e049fd46dd9,1156510100,4,bj.hpwxb.com/xf-MB*
92179b529563fbdc0bc77e5ad69ce0b3,1156220500,6,changqiedu.com/jiaoyu1/wap/*
9220af68837daf23f2f5cb326ae0f738,1156520100,37,www.kaojia119.com/m/*
924d74abb6c8979512d5047c0b7c3fea,1156440100,7,changqiedu.com/jiaoyu1/wap/*
9269f1d47d7588855f8d9c04a96e220f,1156220700,11,www.youluwx.com/*
927cc21298f1595e8324c4f834230d4e,1156510100,21,www.jhwx.cn/zt/m_xfgc/*
92963a94ec59d666ab26d972251bd2cb,1156310000,1,www.feiyue119.com/*
92972d1e6907af02ad834aa80dff0035,1156370200,6,cqiedu.com/xl/xf*
92dd157341adf8067cba529e568c1a45,1156320600,3,www.youluwx.com/*
934bbe7e1dd885c4f1d0b9bd4f5f2ba5,1156370700,6,www.youluwx.com/*
934bbe7e1dd885c4f1d0b9bd4f5f2ba5,1156370700,1,changqiedu.com/jiaoyu1/wap/*
940282f9a7ac937a4bcb36d836155bbb,1156220100,1,www.niceloo.com/yixiao/*
942bae92095f632064fc071c507f4d1c,1156510700,32,www.qddfxfpx.com/*
942ef464119e3c0a93cfaccbd73d5a65,1156130200,35,www.feiyue119.com/*
947fa707cac4c3c7b60543c3eed7e23b,1156510100,35,www.kaojia119.com/m/*
94e56bb600e344a1de06c7491b92f181,1156320400,22,www.yd119.cn/m/
94fbf300d081fd2e1d2355a243e2dac9,1156320600,1,www.yaomiedu.com/wap.html*
9515074fd05c2b9c1beae660a2229396,1156310000,1,www.youluwx.com/*
9636eb836d5ba1969affafbbea62901c,1156511900,8,changqiedu.com/jiaoyu1/wap/*
967bfbf8ed432642351e0ab22f0df977,1156320800,8,changqiedu.com/jiaoyu1/wap/*
96e109c21827099ef45255fcf48e7f0b,1156130800,1,www.youluwx.com/*
971a86002bb277d98fec88bca4777e4c,1156120000,2,www.youluwx.com/*
97484aebb9d58f8d54930b4e7b109400,1156371000,18,www.youluwx.com/*
976e3b12b6ec3d7d07d4df5fbfc163ef,1156511400,1,kuangjia555.zzbredu.com/*
979f411be66aec3abad535ed062887ba,1156370900,1,www.jhwx.cn/zt/m_xfgc/*
989b07e01a06e5f1af10c6c635a68abf,1156371600,9,yidongm.zzbredu.com/*
99078867da33bd7b0566bd4716435cf3,1156371600,10,www.kaojia119.com/m/*
99078867da33bd7b0566bd4716435cf3,1156371600,3,kuangjia555.zzbredu.com/*
99078867da33bd7b0566bd4716435cf3,1156371600,6,cqiedu.com/xl/xf*
9936c3a228d9ebf3334b5c6cb23322ab,1156371700,2,bj.hpwxb.com/xf-MB*
9a6307c15f5bd3091f1a7377bb164660,1156370600,21,www.jhwx.cn/zt/m_xfgc/*
9af314652c0eb1f7017c349b4fdb8703,1156370200,91,www.youluwx.com/*
9afe7e923bb530a444320f1861fac68a,1156320200,1,wap.bangkaojiaoyu.com/xf*
9b6b22889fe8dcf5b483b84d0b72ae2b,1156511500,47,www.feiyue119.com/*
9c12ba0a0648c007771f2e3d92ed66b8,1156511500,9,www.youluwx.com/*
9c28793507d0e6e5562b73826fe38fb7,1156370600,9,cqiedu.com/xl/xf*
9ced213adae72ba5bbbbf12945f129d5,1156220800,17,www.yd119.cn/m/
9ced213adae72ba5bbbbf12945f129d5,1156220800,26,www.jhwx.cn/zt/m_xfgc/*
9d283aca6bf1f6963dd9433ae8fd641a,1156411200,25,www.kaojia119.com/m/*
9d283aca6bf1f6963dd9433ae8fd641a,1156411200,6,kuangjia555.zzbredu.com/*
9dafcae1afcb38f55f25b27213c52203,1156511300,1,www.youluwx.com/*
9dcfc2baa5706e5388cbce4bfd659378,1156310000,2,www.youluwx.com/*
9df9949d32da63a1a7cde210b735384d,1156370200,3,cqiedu.com/xl/xf*
9f324f105af5cee87fa4b65443b8497a,1156370400,1,www.niceloo.com/yixiao/*
9f5210e1853a5ae3904a82c690b6d86e,1156510700,1,cqiedu.com/xl/xf*
9ff2627a4d8f90a4488e741007a69e49,1156130400,1,wap.bangkaojiaoyu.com/bjtg/xf/*
a03bd462ec1adca3aa1cbc0b24aed2ee,1156510100,20,www.yd119.cn/m/
a10630a0fe8d4c0e2ce1306d08d8c466,1156110000,16,www.youluwx.com/*
a1a9596d40ce83286eba4e7346a14e79,1156371300,7,kuangjia555.zzbredu.com/*
a211f1b36a730bfb638138f243c039d5,1156510600,4,www.jhwx.cn/zt/m_xfgc/*
a291c022e41663e845a10a5f7591f55c,1156511400,1,www.niceloo.com/yixiao/*
a2ae473f0ccb36fc0fbfb4f3b4c04bdd,1156371300,18,www.feiyue119.com/*
a389d0e705f8379089e41deb01e584bc,1156130100,12,www.youluwx.com/*
a43a66798abcae97e1c78fbec73f047b,1156511400,6,cqiedu.com/xl/xf*
a464e344c6b7896205f570add163b68b,1156320600,32,www.jhwx.cn/zt/m_xfgc/*
a5217b405358130f83293441ac5a611e,1156340300,3,cqiedu.com/xl/xf*
a5fbe0b821a7340405d26d0e45559f1f,1156130200,5,www.qddfxfpx.com/*
a60d0ad9175727c9049b92ff1888aefc,1156371500,5,cqiedu.com/xl/xf*
a63e47d506223a5a3fd05b00e63e5752,1156220500,22,www.qddfxfpx.com/*
a6f0974b69c42e8468c16f236cb2a76c,1156130100,1,www.niceloo.com/yixiao/*
a70a605fd4475591572a60c3e835701f,1156370700,1,yl.szfilmcenter.com/*
a75675fef86931b2b05b0beb029879ee,1156130200,29,www.jhwx.cn/zt/m_xfgc/*
a7a2122b51da2d858f77cc6c2583d109,1156510900,6,cqiedu.com/xl/xf*
a93696f277ca5f8fc82e133d1f5804fd,1156370200,5,cqiedu.com/xl/xf*
a9798ab797f7482352815c8fe7e65e1a,1156130100,4,www.youluwx.com/*
a9ed98851df561d932fbfbe976f90ab5,1156130200,4,bj.hpwxb.com/xf-MB*
aaf7dec2178950c09800d19222d97d28,1156130400,4,bj.hpwxb.com/xf-MB*
ab74a3441e1e98b92049a56ad1e5f653,1156110000,1,cqiedu.com/xl/xf*
abd7206e65fe56e2d72e754a4d9c71c6,1156320200,9,changqiedu.com/jiaoyu1/wap/*
aca53a7b2377e795bd98edb9b37275fb,1156370700,2,bj.hpwxb.com/xf-MB*
acae6c1da09e56dadf570d218b171bc7,1156110000,4,www.niceloo.com/tg/xf*
acae6c1da09e56dadf570d218b171bc7,1156110000,2,www.feiyue119.com/*
ace2c602e53379102c1db3815b8ad8da,1156370200,19,www.feiyue119.com/*
ad05bdf267a90846f46b0cc69ce38531,1156320100,30,xfgcs.krs119.com/m/*
ada9bbb50af5128a4b2a2b1462900e57,1156220200,25,yidongm.zzbredu.com/*
adbf84e2db5c6c253ee30976f372f3c6,1156130600,37,www.feiyue119.com/*
adc0ac2f97531ce513ee85ace5017f00,1156320600,1,www.youluwx.com/*
adf92b1b6c1edffff2aabdc3210132ff,1156321000,3,www.yd119.cn/m/
ae2178f4734214f9fdef809346748f7b,1156411500,1,www.qddfxfpx.com/*
ae84b6a077bc577b2c3b9f2bd5c59204,1156370200,49,www.feiyue119.com/*
afc984648c7ccb2926fb181db709a9a1,1156512000,21,www.youluwx.com/*
b019096a35b219c6c8cc2f645b22e620,1156511000,16,www.youluwx.com/*
b027d059c38096a179b40a416ee78d6c,1156310000,1,www.youluwx.com/*
b0c3c43a5795113fb7790d882991f139,1156220100,53,www.feiyue119.com/*
b116f080e9ba8b48ce728c342d0cc312,1156510600,1,wap.bangkaojiaoyu.com/xf*
b1180d950aac1e99cec50779a31f2b99,1156220600,3,www.youluwx.com/*
b13ec477350b71624a3b4a1dfdd4b11c,1156110000,8,www.youluwx.com/*
b1b0f9855ce310499e7d371a37dd928a,1156320100,1,m.yahuedu.net/*
b1f905c893e9dffdad11e12b17b0b044,1156130200,1,www.youluwx.com/*
b279b285001dce72840a51d52334c9a4,1156220100,53,www.feiyue119.com/*
b279b285001dce72840a51d52334c9a4,1156220100,5,bj.hpwxb.com/xf-MB*
b2961adb3b64178316446239b0e71658,1156320700,46,www.feiyue119.com/*
b2ffafbbcc703117f52e0b417a0d6332,1156130100,30,yidongm.zzbredu.com/*
b3e251be11eb7e214d5a723bf6d2cddf,1156310000,2,kuangjia555.zzbredu.com/*
b4283ceb22ac762de57dcb97f88d4722,1156511600,6,changqiedu.com/jiaoyu1/wap/*
b4b8242de961bf71aea2cec1f938c421,1156510100,21,www.youluwx.com/*
b4ba3a48a0580feee3b7e2261b7f6150,1156320600,33,www.kaojia119.com/m/*
b5d0e0d2226ed34aadd04a3a3f7254c1,1156511300,2,www.youluwx.com/*
b5ed021e4e43e99bddd82c2e89b205c2,1156130500,3,www.youluwx.com/*
b644960653a7aec795e3a5d7ee6cb4b5,1156510400,3,cqiedu.com/xl/xf*
b6f948db372339025dbe0103f8f24b1e,1156371200,5,www.youluwx.com/*
b7114c25b340ba37ea897871ce4d0a19,1156371600,5,www.youluwx.com/*
b7e368492de37d665d3f7ad26ccb69b6,1156320100,5,www.niceloo.com/yixiao/*
b8c2793168039b12aa9b7c4b0b835848,1156371100,5,cqiedu.com/xl/xf*
b995c249d43ba2706e8484d3dfcc2c19,1156130200,1,www.youluwx.com/*
b995c249d43ba2706e8484d3dfcc2c19,1156130200,1,www.niceloo.com/yixiao/*
baecd6b4ade7e864083624025e1f9535,1156120000,1,www.youluwx.com/*
bc0fc9e387de22577e932e47f7620d68,1156131000,3,www.niceloo.com/tg/xf*
bc9e3573acb7c938e1aab06f07679158,1156500000,1,www.feiyue119.com/*
bd648808e81c26a8bdf39fde2b47c7b7,1156320200,5,wap.bangkaojiaoyu.com/bjtg/xf/*
bd6b3f80601ed6b375b376628cbb89e1,1156320700,49,www.feiyue119.com/*
be42e287150f9a66ca1d133fe35a6610,1156130600,1,www.youluwx.com/*
be48ba5cacb28ba18cb31587288ba374,1156513400,22,www.yd119.cn/m/
bfa32b85da9eb2515e3318216d83e7e2,1156511000,1,www.niceloo.com/yixiao/*
bfd533d12d7ed4ba0afd720aaccd27ea,1156130500,1,www.youluwx.com/*
c00d23fd48ddd894178865c9bdd2c946,1156500000,1,yidongm.zzbredu.com/*
c010ce02f042f8957feb96b996eb11a3,1156371700,1,www.youluwx.com/*
c0705ecfc9ca433d335732daedba658f,1156511600,26,www.yd119.cn/m/
c095a5d97613ca2a6f7c16463fb98a75,1156511900,20,www.yd119.cn/m/
c095a5d97613ca2a6f7c16463fb98a75,1156511900,34,www.feiyue119.com/*
c0f10fc4afc0bae976133065cd15e8f6,1156510700,6,www.youluwx.com/*
c0f10fc4afc0bae976133065cd15e8f6,1156510700,10,changqiedu.com/jiaoyu1/wap/*
c1259bf71e476cb535f8d080410e794f,1156510100,4,yl.szfilmcenter.com/*
c19a4540808ad5e4e76edfa908741fe2,1156370200,6,cqiedu.com/xl/xf*
c24360bc9b0331f9d95ceeaefbc07387,1156131000,52,www.feiyue119.com/*
c2c065639bc63bdece04106c6d4a6ce0,1156130200,43,www.feiyue119.com/*
c2d496c1468562940660290141071e66,1156510100,1,www.youluwx.com/*
c315c5de21ad176dd53b9e5144794e62,1156130600,11,www.youluwx.com/*
c3b656bcb27b89178197052101d46acb,1156310000,111,www.feiyue119.com/*
c441ef3a1ef5ba76057b41403e766b6e,1156371000,4,www.jhwx.cn/zt/m_xfgc/*
c4a3ffcaa727d123fde7d7f3c16c33e6,1156510100,33,yidongm.zzbredu.com/*
c4ccc621e7c493a286ebd98f1a6c8a16,1156220500,47,www.feiyue119.com/*
c4da4b103a66049e592ff3281de5c26e,1156140100,2,www.youluwx.com/*
c55bcee502ee8ddf0fef0a38645135ec,1156510500,42,www.qddfxfpx.com/*
c55bcee502ee8ddf0fef0a38645135ec,1156510500,3,bj.hpwxb.com/xf-MB*
c5e26b80f496eeee2b921971c5411a1b,1156320500,1,www.youluwx.com/*
c641a14667aaf2b797999dc68484ee58,1156370300,2,yidongm.zzbredu.com/*
c641a14667aaf2b797999dc68484ee58,1156370300,18,www.feiyue119.com/*
c681477fde2379d215996ae16669d69e,1156130100,47,www.feiyue119.com/*
c683b251ed67736a427e54c9b219e8f5,1156130600,4,www.niceloo.com/yixiao/*
c82220160966e0fab1f420be8f15782d,1156511900,28,yidongm.zzbredu.com/*
c8765f2bb721dbec4180227ad1e3085d,1156370100,4,www.jhwx.cn/zt/m_xfgc/*
c956c47d8af58d4d89071a83ae29c15f,1156370200,1,www.youluwx.com/*
c987679ae5fb4a7293683c3f404da5d7,1156513400,57,www.feiyue119.com/*
c98e13e5045a1d0aa1b9e6ab713a226e,1156510700,5,www.youluwx.com/*
cb8066a3fb9894c84cea60b579819742,1156371600,4,www.yd119.cn/m/
cc133e2376d756361f801f08c5a0d281,1156130100,30,yidongm.zzbredu.com/*
cc4242d288863d375caf2464ef3fcee6,1156510100,15,www.youluwx.com/*
cc55bf68947649f3309cf1d1c28eb049,1156510300,49,jy08.yanganzixun.com/xfpc/*
cc70c3f9fde90121ed90aa97a8d70df7,1156220100,1,www.youluwx.com/*
ccd4fa1a3a5c8616b8dc8782cad8b1b5,1156370600,25,www.jhwx.cn/zt/m_xfgc/*
ccd4fa1a3a5c8616b8dc8782cad8b1b5,1156370600,45,www.feiyue119.com/*
ccd4fa1a3a5c8616b8dc8782cad8b1b5,1156370600,4,changqiedu.com/jiaoyu1/wap/*
cce7fa2dd8dd506671340be5f9fb77b7,1156510100,1,www.youluwx.com/*
cd8811f2da823c4c0bc7f0e698317ec5,1156510700,56,www.feiyue119.com/*
cdfee6ecb2091573b2139784c93e188c,1156370200,23,www.yd119.cn/m/
ce11a38277b5bcaad6760f8e78925f82,1156460100,5,kuangjia555.zzbredu.com/*
ce42a3544dd179548063d3a7c450ab3c,1156130100,4,www.youluwx.com/*
ce67cfd48b5f5baf89f384a73cd4a32d,1156371300,4,cqiedu.com/xl/xf*
cf043945c2ebdb41675ccf675b20ea3b,1156513400,1,yidongm.zzbredu.com/*
cf9798d7caf0e701b22b1255f0bcb2de,1156370600,7,changqiedu.com/jiaoyu1/wap/*
d00adf981990d4e50ba46af6cdb34834,1156510600,28,yidongm.zzbredu.com/*
d0eeff68c369445b761bdf8020683328,1156130800,2,www.youluwx.com/*
d19c37ab93e8ccb9f1230ddf0a28667d,1156130400,2,www.feiyue119.com/*
d1f52babae7c7b902659526b14599681,1156370200,5,www.youluwx.com/*
d1f7baca84b68afdae016d865509985a,1156370700,5,www.youluwx.com/*
d2cd235f4e6ca5eabad73702b925e0e4,1156130400,61,www.niceloo.com/tg/xf*
d2cd235f4e6ca5eabad73702b925e0e4,1156130400,2,wap.bangkaojiaoyu.com/xf*
d32bc7bcf073326c2a9268b8c2b70f89,1156130300,61,www.niceloo.com/tg/xf*
d32bc7bcf073326c2a9268b8c2b70f89,1156130300,9,bj.hpwxb.com/xf-MB*
d3b423ae17c8e8ffd3efe438e92a8c0a,1156510500,1,wap.bangkaojiaoyu.com/xf*
d3d1665d7b0c07c9d579cbb389e7d9d3,1156371200,1,www.youluwx.com/*
d3d3b00ff0d8a9f1cf1218c1f3596df0,1156130500,1,yl.szfilmcenter.com/*
d3f5bb0e23154ec3ffb62a6aa7b68a2e,1156370600,55,www.feiyue119.com/*
d4330af1a318d804aa2d1ef4ce7c3e94,1156510500,52,www.feiyue119.com/*
d5238541fa36f7ce731dba704be7754f,1156510100,1,wap.bangkaojiaoyu.com/xf*
d5238541fa36f7ce731dba704be7754f,1156510100,5,cqiedu.com/xl/xf*
d53c371f6e0c7cee2e3b54ee2b6c5ba2,1156130700,2,yl.szfilmcenter.com/*
d6128071d2c0e90cf66b91f4d0df6046,1156511400,21,www.yd119.cn/m/
d657d25077ef7b0e6c5a498135e4b946,1156370900,1,www.youluwx.com/*
d6ad0e081addfc452948316b24654af1,1156310000,5,yl.szfilmcenter.com/*
d6bc6238d8acc3f2ea860030c8763146,1156230100,22,www.feiyue119.com/*
d71269f77eda5a6e5a57ee0f4a17342c,1156371700,22,www.kaojia119.com/m/*
d79b73401af39f0a24805bec2324279b,1156130200,35,www.feiyue119.com/*
d7daa2475a5cb4b257fd3688902df88c,1156130100,27,www.jhwx.cn/zt/m_xfgc/*
d7e389295f407e81e0bf582fc7ffa01c,1156510100,21,yidongm.zzbredu.com/*
d82ff278dd4aa2dec62b8b21243a69c7,1156320400,1,www.qddfxfpx.com/*
d83ba511b775a22eb1107679a690adbf,1156130400,23,www.yd119.cn/m/
d84a25f1029395afba0ca294f6df9011,1156320500,21,www.yd119.cn/m/
d86b3a184625f4a5b61f9f048865c647,1156320400,1,www.yaomiedu.com/wap.html*
d9307c583be32f12e467a23d7d88baeb,1156510700,3,cqiedu.com/xl/xf*
d932c887b777e370d55b89efb9286941,1156370300,6,changqiedu.com/jiaoyu1/wap/*
d932c887b777e370d55b89efb9286941,1156370300,7,bj.hpwxb.com/xf-MB*
d94d5a90e7d37f2d7e87e34db7e1593d,1156220100,40,www.feiyue119.com/*
d94d5a90e7d37f2d7e87e34db7e1593d,1156220100,6,kuangjia555.zzbredu.com/*
db1db537d962bfb83cec954a0db0613e,1156130600,1,wap.bangkaojiaoyu.com/xf*
db55144636f4699d0bd83f587b7c6ead,1156130100,4,bj.hpwxb.com/xf-MB*
dbad87dc41472c48447749b13e9b79f2,1156220100,2,www.youluwx.com/*
dbad87dc41472c48447749b13e9b79f2,1156220100,12,www.jhwx.cn/zt/m_xfgc/*
dbc4752d744894a83b7047a01d70ae76,1156320400,5,www.youluwx.com/*
dcc36cf99c572f21c8e688b54cb1e808,1156511300,1,www.youluwx.com/*
dce40150010deb24d6a57512c8dfb6ac,1156320300,1,bj.hpwxb.com/xf-MB*
dd5a762cd9a8ec07d1a3cdc2dac88c2a,1156220100,4,www.youluwx.com/*
de28ca0d4887a39e13a5dfd1be3d8d7b,1156511600,8,changqiedu.com/jiaoyu1/wap/*
dedf0b5311703eb4b77213542e29bd55,1156510100,4,bj.hpwxb.com/xf-MB*
deeaf5a75a4637f2f702de6dbc6c883b,1156510100,4,www.youluwx.com/*
df5de6352c835a95d95feaaa7b944854,1156330100,5,bj.hpwxb.com/xf-MB*
df640d635d37dc7d37338f017d06fee1,1156510100,25,www.yd119.cn/m/
df7e39691820850e2988939d0ab1fa60,1156130300,4,kuangjia555.zzbredu.com/*
e04573d40e9f283ede24f89ea7bfc4e8,1156130200,24,www.jhwx.cn/zt/m_xfgc/*
e04573d40e9f283ede24f89ea7bfc4e8,1156130200,5,bj.hpwxb.com/xf-MB*
e05711bd9d1e826a8babfac3032376c4,1156370400,2,cqiedu.com/xl/xf*
e0d2f0b9484913f0a2e7509a3a726a5f,1156321000,3,www.youluwx.com/*
e0d9c468bc56ed21a0511b197ec0ac83,1156130400,2,www.youluwx.com/*
e1b38413d8a5a66b6bc2235e1faa6bb7,1156320700,1,www.youluwx.com/*
e1ecfc76e96a96c482aeb0cfd9e6bc2c,1156130100,1,www.youluwx.com/*
e210c19f87d52732493ddd31255b94c5,1156510100,2,www.youluwx.com/*
e239ac7055fa1e7b0b6ab3241f4c6799,1156370900,5,wap.bangkaojiaoyu.com/bjtg/xf/*
e26206763f5f31458a266da1595b697e,1156310000,66,www.qddfxfpx.com/*
e26dbc9e20b7267c4212d6da5985d5b1,1156130400,22,www.yd119.cn/m/
e28a0cbdc54be302de281d7638563137,1156320200,5,www.youluwx.com/*
e2ae4f19b8d3e986df72f6f7bbad3cb8,1156130500,22,www.yd119.cn/m/
e2da6b5208a5ec7d302526a057d4de15,1156310000,4,wap.bangkaojiaoyu.com/bjtg/xf/*
e32b928d7feae6a34be64ebbe8025422,1156210700,21,yidongm.zzbredu.com/*
e3e8662dfab9a29353c7e1943fe91b2f,1156370700,52,www.feiyue119.com/*
e429c88ce544a64810ce375690d53e68,1156370500,1,www.youluwx.com/*
e5926ce15d81c290b691ffdd394a626c,1156130900,1,www.youluwx.com/*
e5cbe921c5a6a9f429105b360444c935,1156370500,26,xfgcs.krs119.com/m/*
e69f1de3acf0e755418990537e3bb318,1156510100,8,cqiedu.com/xl/xf*
e6ce7730c890cfded6d4a555dcc720bc,1156370800,1,www.niceloo.com/yixiao/*
e6dc5376dadbb5671ffa5b043c92694e,1156130200,18,www.feiyue119.com/*
e6fee0ad12e55468a288ab7288ef6d63,1156130100,6,www.feiyue119.com/*
e8a11a77d2deeb5219280bf061f4a089,1156130200,112,www.niceloo.com/tg/xf*
eacbd324a325696381a811346406f28b,1156371700,4,kuangjia555.zzbredu.com/*
eb253a4fe0de7843bfe9d52ddf972233,1156130300,2,www.yd119.cn/m/
eb79f4b589eec882ae0367fc6e340fdd,1156320200,8,kuangjia555.zzbredu.com/*
ec179b29bd81216dd3b43d607eb78161,1156511000,1,changqiedu.com/jiaoyu1/wap/*
ed169cbc46511f461817d98426886532,1156511100,1,www.youluwx.com/*
ede4529dbad96a09ea8afb8e25cfae1a,1156411200,2,wap.bangkaojiaoyu.com/xf*
ee358f79c0c4bfd2998e017674a210aa,1156513400,1,www.youluwx.com/*
ee7e70d9a04b87e14b74d4eac481995a,1156370500,3,bj.hpwxb.com/xf-MB*
eeb682026daa23dd36ad7b4a254ca7c6,1156510100,4,www.youluwx.com/*
ef0a67cdb1e78f54dd6d63baadba46b2,1156150200,2,www.youluwx.com/*
ef0bba20f20f000e13742e2534d0c777,1156321200,14,www.jhwx.cn/zt/m_xfgc/*
ef1882efe7c262a87406cce236c2fc7b,1156511900,5,www.youluwx.com/*
ef66077439378bb2e5a7db5bca5ccf3c,1156320500,42,www.feiyue119.com/*
ef7d125ab4629a775ae3a120f44344f8,1156512000,6,cqiedu.com/xl/xf*
efa3e9b114cd49b7d3cfcc4d28e81d85,1156370100,1,www.niceloo.com/yixiao/*
f02748dd300312fdf8ae2ec8742be7a5,1156370700,48,www.feiyue119.com/*
f052a58faca08ea60d38cf71f520bb5a,1156220100,4,bj.hpwxb.com/xf-MB*
f0798ce43f8b7a7158a101492b62867b,1156130200,59,www.niceloo.com/tg/xf*
f09cd4351012bd20c1e72db6e41b20cf,1156131000,1,www.feiyue119.com/*
f0bc2dd86e317c48b6357559d9be5253,1156510100,1,www.youluwx.com/*
f0bfac77bac011c3c2be9fc53b6fb01d,1156370100,2,cqiedu.com/xl/xf*
f0c03e8ab945c43133a15b41e7c2b6e0,1156511900,1,wap.bangkaojiaoyu.com/bjtg/xf/*
f0fea28d7d67530752424c2b0b744b5a,1156510100,1,www.niceloo.com/yixiao/*
f1618ce4b71b4b6e6a67c16618c1258e,1156511000,1,www.youluwx.com/*
f1fbc1c899fd149f675b9051c0a51fc9,1156321100,7,www.niceloo.com/yixiao/*
f238613d95a99d25dcf86f875e519576,1156500000,16,cqiedu.com/xl/xf*
f24d55adf032bfd1d72e0b9eeec72ba9,1156370200,1,www.yaomiedu.com/wap.html*
f24d55adf032bfd1d72e0b9eeec72ba9,1156370200,3,kuangjia555.zzbredu.com/*
f24d55adf032bfd1d72e0b9eeec72ba9,1156370200,2,cqiedu.com/xl/xf*
f2aa218b0ce12d3f8dbde03da5d807be,1156370800,4,www.youluwx.com/*
f2de9b7cb5e64cefeca3ea5cb86033f3,1156370300,16,yidongm.zzbredu.com/*
f2de9b7cb5e64cefeca3ea5cb86033f3,1156370300,9,www.yd119.cn/m/
f3232d2f6bd331f67ee8f6fdeca01e6a,1156371400,8,www.youluwx.com/*
f35569c72fdaeb1261f5e2d57cd8bf3f,1156620500,34,www.yd119.cn/m/
f35569c72fdaeb1261f5e2d57cd8bf3f,1156620500,38,www.kaojia119.com/m/*
f3dda33b6c932a83044e9b1690401745,1156130600,2,www.jhwx.cn/zt/m_xfgc/*
f3f193ac69e4c2ef478ba122c30626d2,1156220700,8,changqiedu.com/jiaoyu1/wap/*
f3f193ac69e4c2ef478ba122c30626d2,1156220700,5,bj.hpwxb.com/xf-MB*
f4121f8b1ba68d4c80a43cb1b7bcf24f,1156320300,3,www.youluwx.com/*
f47466f3c243b9c89892295f472cc55e,1156320700,48,www.qddfxfpx.com/*
f5386a6af91935f422c2ca580188d675,1156360500,7,www.youluwx.com/*
f5610b4f5c62020685dc78b3de6d9744,1156130600,24,www.youluwx.com/*
f5cad10283b862ee19608e86fd3c657c,1156130500,4,yl.szfilmcenter.com/*
f5e40914822de6c2b5640770f09b37e3,1156370100,1,wap.bangkaojiaoyu.com/xf*
f612b1c5dfdecdd92eae5abbd96479f5,1156130200,26,yidongm.zzbredu.com/*
f656accb41e064967d500b3174f60090,1156131000,1,wap.bangkaojiaoyu.com/xf*
f6ac268ac36800d5792404c9e28da34b,1156130500,1,www.niceloo.com/yixiao/*
f6d88c67ac61d206ec616d70bd7132db,1156131000,2,cqiedu.com/xl/xf*
f75afdd03933938383394ee28a5ce88b,1156371400,35,www.qddfxfpx.com/*
f818b5f057f267f06831ed15e23128b3,1156131000,7,www.youluwx.com/*
f8217158d94d37eb87365e714d315caa,1156220100,16,www.feiyue119.com/*
f831f0e48e1e14d298735e67f82be014,1156321000,36,www.youluwx.com/*
f8d79c98c754f704df054aecc75f15e1,1156370300,1,www.niceloo.com/yixiao/*
f8e714cc35f8b9c24fa7279ed4934187,1156310000,3,www.youluwx.com/*
f96eaa49843f3068d474696948ad7df8,1156510100,6,cqiedu.com/xl/xf*
f9f6005e21277117b5e4f5da4cddc23a,1156130100,5,www.yd119.cn/m/
fa4b4b4104539a8750501f477a90f70a,1156511400,14,www.youluwx.com/*
fa7a8e3f2faa24d365194969fb1ad3ac,1156310000,1,www.niceloo.com/yixiao/*
fac5a296fdc6fae4b4d9cc444bd6f173,1156320200,3,jy08.yanganzixun.com/xfpc/*
fadcd8ae213eb365bc1f9ffa685abe4f,1156130600,25,www.feiyue119.com/*
fafa6cddcb3f43c91248f467d9f9bdfc,1156320100,1,www.niceloo.com/yixiao/*
fb79f618c04c9468a78107f74a7e851b,1156370400,12,www.feiyue119.com/*
fb79f618c04c9468a78107f74a7e851b,1156370400,2,kuangjia555.zzbredu.com/*
fb79f618c04c9468a78107f74a7e851b,1156370400,7,cqiedu.com/xl/xf*
fb7f83cf00bfbb76cea4ca3113f68737,1156510100,2,yl.szfilmcenter.com/*
fb9b66b265b2b5e3808de0fd7f0596ac,1156220100,37,www.kaojia119.com/m/*
fbf68f0bf5201617141efd90addef3f9,1156320600,2,www.youluwx.com/*
fc369c19101b46b54cc8d869839a2865,1156130600,4,www.youluwx.com/*
fc3a6030c1ae2eb14e9f8a9047698ed6,1156130300,2,www.youluwx.com/*
fccf39c77113b264b911b8a09331c7bd,1156511300,18,www.youluwx.com/*
fd38dcdd2a566215b2086eba166c1012,1156371300,5,kuangjia555.zzbredu.com/*
fd4c3b9586bb6798c06a35068d7eeb39,1156370700,5,cqiedu.com/xl/xf*
fe3d40e248fc163394d479f7112d4dfb,1156370500,1,www.youluwx.com/*
fe773d37cca5d8af9c003a636aef0d0c,1156131100,1,www.niceloo.com/yixiao/*
ff70b4ba7c2d4d5537e0428a9a25fbe2,1156130400,1,www.niceloo.com/yixiao/*
ffa14ca72b775a5a97784d204f633d5b,1156310000,1,www.niceloo.com/yixiao/*
