00fd979c6397e3b4756a964c22e09937,1156510100,3,m.lrzs.com.cn/*
01347302f74f4bb315d92ec0b04aadb1,1156510100,1,m.shj.cn/cd*
01573d7086addef55a0dbdbf96d83f52,1156510700,5,m.tobosu.com
016f772ba91f2cd6b66fe0c55a6bd5d9,1156500000,12,m.tobosu.com
01bfa2cb59d37c676cc571abecb975aa,1156511700,1,m.tobosu.com
01e6cdc52d329387f542d2511efab86a,1156510500,11,m.tobosu.com
02676665dda74d7a606549dc0820764e,1156511400,4,m.tobosu.com
02c89bb6ebcabb5f206900b04e36806c,1156510100,5,m.tobosu.com
03124733bab65911563b1f6fec406305,1156511500,14,www.liupingsheji.com/*
031996ee14f5fd3b8312f5652d8020aa,1156512000,6,m.tobosu.com
0334821ae42c349620ed3ffedbc8d7b9,1156511400,5,m.tobosu.com
03d6b60a50f102157eea395e54fc2c06,1156510700,2,m.tobosu.com
03d976376b1c8b647a4acc1fa93e33d4,1156511000,6,m.tobosu.com
04092d4b96684249bf1874715a1a12f6,1156510100,4,m.tobosu.com
042b086b59bd59c7240fd9f9ae8b3311,1156511800,36,m.tobosu.com
044843dd57f7510ca936b6c217e84f03,1156511600,59,m.lrzs.com.cn/*
04901bb15c95c0f89bdba1131782a95f,1156510600,6,m.tobosu.com
04e87d74cdd7b26c681169f5a7e5ae29,1156510100,1,m.tobosu.com
04f77860a531d0ecbafb3e256677b0aa,1156511400,3,m.tobosu.com
05417c1f24bf9c125f1495e4145e95f1,1156510100,1,m.tobosu.com
0544a4183f165c9d399b8e4d507b1d79,1156510500,3,m.tobosu.com
0570e835113f4c2247e3fef8832995e8,1156511800,3,m.tobosu.com
05d1ac842d1b766af02c744b3d069e35,1156510100,6,m.tobosu.com
05d304e9cc90a6ade66573f9ecae5dcf,1156510100,12,m.91exiu.com/*
0639305638a44ed06ebd2e04eb5508ce,1156510100,4,m.tobosu.com
064566a339ef5365a627fd8ede06f556,1156510100,1,m.tobosu.com
0658f0e7e1dc2fbcf8908ea8e6b8e0e3,1156510100,1,m.tobosu.com
06736ae82304144cc5fba66fdb8d22ab,1156510300,4,m.tobosu.com
0687acb085b8d0266d1846a1f8f0e7b9,1156510100,4,cd.m.dyrs.com.cn/*
068e80afd9184b1d969420bea020a7c9,1156510500,8,m.tobosu.com
06a3a6dd5473f6ec3e7d69a0a0e6ef93,1156510700,1,m.tobosu.com
06c07f8cb51d2fb27955c1403de59ae3,1156510100,5,m.tobosu.com
071debfc4f305626f06f2c733642a6b5,1156610100,30,m.91exiu.com/*
073bcd62f9fe6ebbf41296e894cb6540,1156511500,41,m.lrzs.com.cn/*
073db9cfb16e0bfcbc66dca2f6879ab3,1156410100,5,m.tobosu.com
078c40b3640a33da71c3ba0ca750a77f,1156510700,24,m.tobosu.com
07c24f435b19b6b38582594dfd01827f,1156511900,1,m.tobosu.com
0811384b154e180c9a1d2a9ca44f8886,1156511600,10,m.tobosu.com
081c5f45edbca73ad01dea90123e8c29,1156510100,1,m.tobosu.com
082b79c85a08de4119b05c2e0597344a,1156511400,6,m.tobosu.com
085f4f88cb7b8ee4a444f18305c5278b,1156513400,4,m.tobosu.com
08ab10637b71cf4c7eac128e4cbeff71,1156513400,2,m.tobosu.com
08d40efc99c600043bbb7fcd5b3f3660,1156510500,2,m.tobosu.com
0932b6cb5732ef86f9a93250ac6b18cb,1156510100,2,m.tobosu.com
0936a18db5b21e2b2d5861ca9be68689,1156510100,2,m.tobosu.com
0987f38bf5e9ea1ffa49fb30f6c4a56c,1156510100,32,m.scszzs.cn/*
09c56946389621bbd193f9c2272f53b8,1156510800,1,cd.m.dyrs.com.cn/*
09d120b9b93f76df7baffff6a2afb6cc,1156510700,1,m.jia.com/chengdu/*
09ec73aa0144079fde8bc8b79dd24bba,1156513200,35,m.tobosu.com
0a520b94365b774f3c24097402d8a9e6,1156511500,6,m.tobosu.com
0a535c100b38544b405dd8cfd977dda6,1156510100,70,m.lrzs.com.cn/*
0ac2f9dc562742dda82bb0d873fedcbf,1156510100,1,m.hexinju.cn/*
0adb25120b131ad8e77484b7f78046a8,1156511100,1,m.91exiu.com/*
0af01dd7ce98e1fe9dea73030168421c,1156510800,8,m.ddzsjt.cn/*
0b4ac7874a69e9610ab969275520cce0,1156511300,2,m.tobosu.com
0b78f46a12eedf8daa8693ed8e551f4f,1156510100,1,www.aiuw.com/*
0b8c08376cc3b9e97f9897cab691f3ee,1156510500,1,m.tobosu.com
0bac1be7f000fb01ad965717e8c5f1fa,1156510100,3,m.tobosu.com
0bb808682d98767faabaf7375f5cf1f5,1156511800,3,m.tobosu.com
0bc167f877bbe98e4c8bf43aa69b7dcb,1156510500,33,m.cdtdhjz.com/*
0c04529e7a79b3ef96d3271b4209c101,1156510900,5,m.tobosu.com
0c88bbc6bacba0429c54e0846e434047,1156500000,2,m.tobosu.com
0cd603eca2e8e59a476a3f9ca3e66ecf,1156510100,4,m.tobosu.com
0cd7a523aed4f8d6b3ed0998aa737d77,1156510100,3,m.tobosu.com
0cf3487646445e93afe51adfe8185eb7,1156510800,4,m.tobosu.com
0d000c1a7d4a3c078de65c1008d81c3b,1156520100,32,m.91exiu.com/*
0d1178f347a9faac268712b4c05f5219,1156510100,6,m.tobosu.com
0d4474e8589c3d793adf2248485fdda8,1156511300,4,m.tobosu.com
0d488a14648a6eb4f9a59fcc6741f44f,1156511500,1,m.tobosu.com
0d57e2f46ec2ecbfa280c91ec06e2692,1156510500,12,m.tobosu.com
0dd2f65189f3299c0aa07609ac482144,1156510100,1,m.tobosu.com
0e4e14edb912ece66108c0f31b2cb236,1156510400,26,m.tobosu.com
0e7474d076f7d80f8ec3b52f05ffff9a,1156512000,4,m.tobosu.com
0f1c4e8655bb9294eb5408d4db79d936,1156513400,1,m.xinjiadiy.com/*
0f582871ff25c820afa1d1e644e886e3,1156510600,4,m.tobosu.com
0fa8690c97c56a29ec833861dd1474dc,1156510100,5,m.tobosu.com
10212bbda0f54a16bbccb69e0c9cd6cc,1156512000,6,m.tobosu.com
102543c5e97784c60b1af40c08d9226c,1156510100,3,m.tobosu.com
10403fc68957ceafa7a62f7d58bfc220,1156510700,3,m.xinjiadiy.com/*
1083ca4fbbfa73d6ce1fd3571d0d79cc,1156511500,2,m.tobosu.com
10bf7057ce837075e73f1af7a9d2e1af,1156510100,6,m.tobosu.com
1144ee68847683e97f7dce85a8865c1a,1156510700,50,m.91exiu.com/*
12d0515ad6bb166ad0349c155e44ea2a,1156510600,4,m.tobosu.com
12e9fb1c4fda25b0cd9f8bf7a2e797f9,1156511500,4,m.tobosu.com
133cb7a9a764cccb67e7223e5544608f,1156511300,19,m.tobosu.com
133d5ae23dcc6ff9a11cb06323f67184,1156511500,4,m.tobosu.com
136d89db349b09d6a5e8749e11ef18f6,1156510100,5,m.tobosu.com
13b46c4e273c098eff516cfe893db6c9,1156512000,1,m.dyrs.com.cn/*
13b46c4e273c098eff516cfe893db6c9,1156512000,2,cd.m.dyrs.com.cn/*
13c33f99fd6b4ee275c7213714cfcf82,1156511700,2,m.tobosu.com
13ffedebbab756f04218eee36aae98df,1156510100,40,m.lrzs.com.cn/*
14d1fdf0e62faea2c9f4ff719a157de0,1156510100,29,m.91exiu.com/*
15908c98c6f21d64987a526bbd69cf43,1156510100,1,m.lrzs.com.cn/*
15be37cdfe3c3103cae1050b315c15ab,1156510100,22,m.lrzs.com.cn/*
1628538cf625d492a3d43a3ada8abf0d,1156510500,5,m.tobosu.com
1672091edd2a866e011a125a98b780e8,1156510100,9,m.tobosu.com
16e5c081d82b84d9b37e2037e4049d2b,1156511100,33,m.tobosu.com
176b52f602fe74eaa712ca10fa0d9c6f,1156513400,1,m.jia.com/chengdu/*
1778034b832a809100f31d5786b93b7d,1156510900,1,m.xinjiadiy.com/*
17c538d72035e6a5385f7cd17d5bb902,1156511800,16,m.huizhuang.com/*
1819b997f31b1181295305ed626eebb9,1156510100,1,m.tobosu.com
1835f5088608ad000a952ebbc00e0a6f,1156510500,3,m.tobosu.com
1846ddc17d39793e5e383fc329008ba7,1156510100,34,m.028xfmf.com/*
184a2fc5c8b9ae3ba5f12e10d4166dea,1156510400,1,m.qizuang.com/cd/*
186ff1fc4d1b5221bf0b964e8212cbe7,1156511100,30,m.scszzs.cn/*
18b8e4524791c6152cbb68f43cc96194,1156510100,1,m.shj.cn/cd*
195b5674a9df07015b10fa024c19e216,1156510100,1,m.chuanhaozs.com/*
198afa80516ea0d77052341305d382e2,1156511400,110,m.tobosu.com
19bc9125e96227f40e059bccb1af8077,1156510700,2,m.tobosu.com
19d65163958373d140d2449041e6fe0f,1156510100,15,m.tobosu.com
19da8d4e04f10f0f1fe3e5aa52dc08bd,1156610700,2,m.scltgc.com/*
19da8d4e04f10f0f1fe3e5aa52dc08bd,1156610700,2,m.zx123.cn/cd*
19da8d4e04f10f0f1fe3e5aa52dc08bd,1156610700,1,m.tobosu.com
19da8d4e04f10f0f1fe3e5aa52dc08bd,1156610700,86,m.fenglizs.com/m/*
19da8d4e04f10f0f1fe3e5aa52dc08bd,1156610700,23,m.hexinju.cn/*
1a420cdd65cc2e3af094ec6fd80e42d0,1156511000,2,m.tobosu.com
1a4a72ce8c752dbdc42bf0f9a583b942,1156511300,1,m.hexinju.cn/*
1a4b784755c3391f45cbec73ef9b6431,1156510100,53,m.chuanhaozs.com/*
1a8fec1c2172cdd601ce5f8f813c4ecc,1156510100,1,m.tobosu.com
1b55d311471d040e80f5da09e474d41c,1156510100,5,m.tobosu.com
1bd1db5166d391f48cd7991e07784490,1156511300,6,m.tobosu.com
1beef62f2212ec9ff2393a2bd3730d4e,1156510100,6,m.tobosu.com
1cea8991c45fcd2a019d11b05e400626,1156510100,6,m.tobosu.com
1d4a0a3c85ff97c71a78047fca66ee89,1156510100,12,m.cdzpg.com/*
1d509ffd7b57ad2b0ea7dfa7ef43194c,1156510100,9,m.tobosu.com
1dd4f10fda60709373afb9c19ca6ef1e,1156510100,6,m.tobosu.com
1de8f321cdbc663475e979b781e733dc,1156510100,4,m.tobosu.com
1e03873ba36a690bb3bc97a3ecb2cb42,1156210600,4,m.tobosu.com
1e4172038522ebc77f42353723a1a800,1156510100,21,m.lrzs.com.cn/*
1e5af2ec21861b3762aab56c4c22a495,1156510100,1,m.jia.com/chengdu/*
1e8671dcb422c492a843d76942c5e270,1156510100,1,m.tobosu.com
1eda609b4c939c7dc0740b5f46c55d9b,1156510400,2,m.tobosu.com
1ede59f389b43cf9496ae3a70663a91e,1156510100,11,m.tobosu.com
1f6786185faa4d3b48a6ee4aede5716d,1156510500,2,m.dyrs.com.cn/*
209b43837f84cb47a659f689ce8fd1fb,1156510100,5,m.tobosu.com
20bd5e9c6a0db5782d3a78a7ba5c0764,1156510100,1,m.hexinju.cn/*
2183206f1e20b8bb5ca9b6c4cb589731,1156510600,1,m.tobosu.com
21b1b32d190285965f774dd82fc0bf40,1156510800,6,m.tobosu.com
21b8884a74f31415962275591e49cb6d,1156511800,5,m.tobosu.com
2286cfb9f74bf30f8a78db97a9300bb1,1156511600,1,m.xinjiadiy.com/*
228d08b6a96628959b04ea9af2a07e08,1156510100,6,m.tobosu.com
22a045dfef1e49f436e9eb6da8343af6,1156510100,1,m.028ltzx.com/*
22a9f7bff508658333a69ac0554d6d0d,1156510100,6,m.zx123.cn/cd*
22dfdf0e08373cd64c5d26a7544315aa,1156510100,72,www.lmjzs.cn/*
23028f50291c6946c5bfa86cb44517e7,1156420500,4,m.tobosu.com
2357b3600313b0b9bdb0e474d5c74fbd,1156510100,6,m.tobosu.com
23c89d6a81cf2877def11d0b97573e23,1156511100,1,m.jia.com/chengdu/*
23df2537953c6276dd089ddc6e77a4bc,1156511300,12,m.tobosu.com
241a877495e66edea9fd64d29a2f4120,1156510100,6,m.tobosu.com
243727858a00a83eabab3a9c92324766,1156511900,5,m.tobosu.com
257add7b1d50bd53942a6985a351f99c,1156510100,25,m.tobosu.com
25b849d6ae31ccb7d67670bb673aa3d0,1156511400,3,m.tobosu.com
25bf6de41965bc4b51eff2bd9ed87b2f,1156511300,15,m.tobosu.com
25d65139e0a96809e7436b6ecbdc6765,1156510100,7,m.tobosu.com
25dc0cc6ac9cb6b9ca41f796eb258982,1156510100,48,m.91exiu.com/*
262e6bd124b0c60de696f45d6e920595,1156511800,1,m.yzf.com.cn/cd*
269e0ba2f61bed781eb9d4d951b56ca2,1156510500,1,m.jia.com/chengdu/*
26c6828b3c9d4368e640b407d8cc70c2,1156510100,6,m.tobosu.com
272d1e088bae22353a860f0b56748145,1156511400,3,m.tobosu.com
274cd1f0fd7f1ef50a4f666e8724ba39,1156510700,27,m.tobosu.com
27d84802568a5cb71772c0302e6eebfa,1156511300,1,m.tobosu.com
2818b1b9c7e5c772df448214213e9412,1156510100,3,m.tobosu.com
284f74bbb5b640007383b51696864a6b,1156511900,18,m.tobosu.com
287b9ab5a2391fe34cb3e9106f4b1f8a,1156510700,1,m.xinjiadiy.com/*
28983f715c10de65dc3aa2097179547b,1156513300,2,m.tobosu.com
291e068e6b56c6958b626736540729cd,1156510100,3,m.tobosu.com
296dd2b78ad65beb9be606668f108ddf,1156511000,1,m.cdtdhjz.com/*
29976804308df999d7f9332bf9e4add1,1156510500,31,m.ddzsjt.cn/*
29976804308df999d7f9332bf9e4add1,1156510500,4,m.tobosu.com
29d1460c5ad15d30d8be2f829dd8d57e,1156512000,6,m.tobosu.com
29dfd62998b7c59fbbd8dafbcf4fb38e,1156511300,6,m.tobosu.com
2a02f6b678049825214e74f7d4d8f4c5,1156510100,2,m.tobosu.com
2a2c656d4a51a813007bdddc96761bf0,1156510500,4,m.tobosu.com
2a4176d2f76706b25c8efa76d4ea4fda,1156511900,2,m.tobosu.com
2a6790618de7c15b6ee23b55a32118e8,1156510100,1,m.jia.com/chengdu/*
2ac078070ad6f23bf12ce44a89b969f0,1156511300,6,m.tobosu.com
2ac9b1e49f4cc85b8eb4f94ee971234c,1156510100,5,m.tobosu.com
2ace5e073f10ddda4ca4bc911ae5c530,1156511300,1,m.tobosu.com
2b26929e12b4ccd09d86a194242acf85,1156510100,5,m.tobosu.com
2b5b1fd945ccc023640261998e39888f,1156510100,2,m.yzf.com.cn/cd*
2b69f516f45b612bd1ed84d8af15000f,1156510300,7,m.tobosu.com
2b90203e4cc9b377c9a40c5b900c1db3,1156510100,4,m.tobosu.com
2b91e4cb75536ebe20e873fc798dc7a9,1156510100,1,m.91exiu.com/*
2bf5090859e4963b5834a84068c2b6b9,1156510100,5,m.tobosu.com
2c43df1363ff2069c51ddf8cafc643e5,1156511300,10,m.tobosu.com
2c733dfd02f106e6026f27339f414d9a,1156510100,27,www.yrqzs.com/*
2cb9a2db5de37836b3e0622c9ed9c415,1156510100,1,m.shj.cn/cd*
2d105f41a6d663f1054da16ede41b299,1156510100,8,m.tobosu.com
2e00b0a598c9b9f164135b2896c963af,1156510600,1,m.tobosu.com
2e41bfeaf220602e49345604796c1883,1156510100,1,m.028xfmf.com/*
2e835a49cac60137f34f7b53e663c9b2,1156510100,26,m.tobosu.com
2e950ee0202ec4e9717eafac6572e04a,1156510100,4,m.tobosu.com
2f2511c7bd44986b8014d7b76c86571e,1156511400,3,m.tobosu.com
2f28d6472577d7241ec8f69a4411e014,1156511300,39,m.ddzsjt.cn/*
2f3104d1723ec5a123ce42de309f1850,1156511400,9,m.tobosu.com
2faf43d5c91b440ab167ea89fbd97236,1156510700,13,m.cdzpg.com/*
2ff97da93982a7de0044d20409cb8265,1156510300,6,m.tobosu.com
307f4441d189fe58987d1346b203975a,1156511300,5,m.tobosu.com
3084fbda899b28457f8a8d956cc6ee52,1156511400,1,m.tobosu.com
30e603454288972384890b2ac911637c,1156510300,6,m.tobosu.com
3188be372124f0d5fe87c0e8f33ac4ee,1156511400,4,m.tobosu.com
318d9aac1d67b8d8d6ad35f8f9d74da7,1156510600,1,www.cdsmhome.com/*
319bc50cdc9cde101a8625e289088e85,1156510700,5,m.tobosu.com
31e006790c1d6810bdbba020ae62bd7e,1156510600,23,m.tobosu.com
31e764702ca4ba4a94af36096e83f19b,1156511300,6,m.tobosu.com
32001c0b2d2d0fdb109ccb5fa114defc,1156511700,17,m.cdzpg.com/*
324b1bf0b32588e355d5116c34edcdce,1156510100,1,m.shj.cn/cd*
32d363375fc2d7a580c074d945642a0d,1156510100,17,m.tobosu.com
32f5721fbb0827056f8e5cec9e58395c,1156512000,10,m.tobosu.com
32f83caafc232bc67674cde91a2007f7,1156510100,22,m.tobosu.com
33149bcd0982f07c618099575ced8861,1156511700,87,m.tobosu.com
334323c0547b5bc53532a442ef205073,1156510100,6,m.tobosu.com
3361885ade9a1792c103c62bc8542093,1156510100,13,m.tobosu.com
338e03ab34a283a55b2639e2cd900cac,1156510900,2,m.tobosu.com
33c628d56b768dcca1853687aab2eea4,1156510100,1,m.tobosu.com
346583b54082418e4519159896738ca4,1156510700,40,m.ddzsjt.cn/*
346a8115d2d323ea8847fd34dea0005e,1156511700,1,m.tobosu.com
346f4ee5fb5bae8d11aa13e0746fdc42,1156511400,2,m.tobosu.com
3491885e606351bf2b49dc104f5d9fe0,1156510800,1,m.tobosu.com
35d6743b0b09804732c639232c8ea398,1156510100,33,m.91exiu.com/*
35eb70e848f1ba0ff02ae88cdff55669,1156510700,14,m.tobosu.com
36320f29bd71a5bf6f152061dbe1fb1b,1156513300,1,m.shj.cn/cd*
363f4c3cf8e8ee88ea464642522a1eee,1156510100,17,m.cdzpg.com/*
3645e161770eebe1819a650a3d3e684d,1156610700,3,m.tobosu.com
3666adc6bd0a9b6cc48e8f34c989be57,1156511700,6,m.tobosu.com
370da2455a4831ed1d08593da1dfdc5d,1156510100,17,m.cdzpg.com/*
375c7f17ee41c7608bcd1d993a871d0a,1156511300,4,m.tobosu.com
37cc0abe0308dbde5ced851269b8a9d5,1156511700,4,m.tobosu.com
380fe5178560984385b70074be6340f8,1156511500,25,m.tobosu.com
3896062f4ca1f526e62580f547abe2cb,1156510600,3,m.tobosu.com
38a0152eb4bb110d09b439bc5f4a5897,1156510300,8,m.tobosu.com
38f8bf5ef81c22b30b18983bfbb04e83,1156511500,7,m.tobosu.com
39316ab7ee7a07394daec4a87aca25a0,1156510100,17,m.xinjiadiy.com/*
39592300bb30d6937d36e20066461729,1156510100,2,m.tobosu.com
39c4bc7878f6042ae8aa83283655d56f,1156510100,6,m.tobosu.com
3a6e4cd2e6fa347b32b0e65fa7904b8f,1156511400,4,m.tobosu.com
3a744d708852cac4b1aecf6b7080ce51,1156510300,3,www.aiuw.com/*
3a9bf192a752f2e5347abec8d01b67b9,1156510100,1,m.xinjiadiy.com/*
3b263008321800273831f3c728a1c1a2,1156510700,1,m.tobosu.com
3bc1e90244b33136d574f2a968a47bcc,1156511500,5,m.tobosu.com
3c21b97882e6fd5677327d0a37135e18,1156510100,7,www.aiuw.com/*
3c44370a134ec14a8932bdd3d3447000,1156510100,2,m.tobosu.com
3c65e55bfeda072b8dbab9a9f197d00e,1156510100,4,m.tobosu.com
3c6a3c06b0fa5ff9f994bb1d03de864e,1156510700,42,wap.cdjzw.com/*
3c6ecaff8f72482b834ca4b14ad375e0,1156510100,4,m.tobosu.com
3cb9e87fb8f5dd024c7f2967814ff57c,1156510600,76,m.ddzsjt.cn/*
3d3b33779fca554b36c7199b9c1af263,1156510100,46,m.lrzs.com.cn/*
3d535c0213ff13bcb7b78323e05b551d,1156510300,1,m.qizuang.com/cd/*
3d5bbd9eb4719dca300c97ae03ba703e,1156510600,3,m.tobosu.com
3d667069cd9c62e39c0866e3970da63a,1156511300,1,m.dyrs.com.cn/*
3d667069cd9c62e39c0866e3970da63a,1156511300,1,cd.m.dyrs.com.cn/*
3df17ae015b7315e4fdb8c0da075f911,1156510100,1,m.dyrs.com.cn/*
3df17ae015b7315e4fdb8c0da075f911,1156510100,1,cd.m.dyrs.com.cn/*
3e1d1c81587973c4e1d27b7c091ff905,1156510100,12,m.tobosu.com
3e6164626791a8d17eb8a4d217b74613,1156510100,37,m.tobosu.com
3e62ded09f0c55088b1dd78c1dfe79b6,1156510900,7,m.tobosu.com
3f725dffba644440d7e746192efa23e7,1156510100,14,m.tobosu.com
3fc56eb55aece01738eefcb788f8f23d,1156511400,5,m.tobosu.com
3fc6fc7b385b4906001eed1638712d58,1156511400,4,m.tobosu.com
41987dbb6e604eb6a188d9f9f31639b1,1156510500,2,m.tobosu.com
41aa16bb85c4a850c99d7ddef774e5a6,1156510900,19,m.tobosu.com
41b47e659298dfdd9004dd7ac83d0a02,1156510100,3,m.tobosu.com
4201380cda7c0a582bbfd0cdfc85e5a3,1156510400,11,m.tobosu.com
4208ef13ceef8075b1bd109b05b80c10,1156511300,4,m.tobosu.com
428e426bfea4691d0dc27c3d1b3af528,1156510400,1,m.tobosu.com
43083af209c1d829c4ce2406b38d9c4e,1156440100,6,m.tobosu.com
4312b0a27407df9fb9a9f17ebb658e63,1156510100,2,m.tobosu.com
4336abf52c12c28e354df66f73ed299b,1156513400,1,m.tobosu.com
43682a961cb0519ef2bcd75df51af6d3,1156510700,5,www.aiuw.com/*
43682a961cb0519ef2bcd75df51af6d3,1156510700,10,m.tobosu.com
43da2e2c18098916bc3345cc9f66d478,1156510700,16,m.tobosu.com
445b2f1e0892acc72b1b4c14e6733702,1156511300,16,m.tobosu.com
449a181f48313dbea6dcc4750d0b5ce0,1156511300,5,m.tobosu.com
44bf7d6aebc8e46c1e150d71e8798ba8,1156510100,1,m.dyrs.com.cn/*
44bf7d6aebc8e46c1e150d71e8798ba8,1156510100,2,cd.m.dyrs.com.cn/*
44da25f252738aa01508bab05483a56a,1156510600,7,www.aiuw.com/*
450527fe5155426d7c4b584b8824f5bc,1156511300,14,m.cdzpg.com/*
450849cfbdd1daeb92a2d65ac96e3a37,1156510800,1,m.yzf.com.cn/cd*
451e9c039a25780d0429311d95f934bb,1156511900,5,m.tobosu.com
45d29d08829723d93bfa17cec16545d8,1156500000,2,m.xinjiadiy.com/*
46123f351726417e4074be3f0cab5b5d,1156513400,6,m.tobosu.com
469d1d6193dce70d244ed53b25c14ca3,1156511300,11,m.tobosu.com
46ae735bd29179c4d2189c7d9e3d88e3,1156330400,26,m.tobosu.com
46c60946059ea313fe8dded8e663abd7,1156511400,1,m.tobosu.com
471ea4f9bf8c05b72970caf23cd6c921,1156511100,1,m.ddzsjt.cn/*
475685f79742f080734deace889360bf,1156510100,41,m.lrzs.com.cn/*
47763ac1be3d5ae072704041e36cd512,1156511800,11,m.tobosu.com
478fd4388e57457988e7cb4ad5f3be47,1156511000,3,m.tobosu.com
47f84f0c434eb07b77a0e030c2bb587a,1156512000,5,m.tobosu.com
484aeb1332a2439daebd836f26d7e0f4,1156510100,1,m.tobosu.com
487b8cd71b29f18eef53027d834c7ebc,1156510100,77,m.ddzsjt.cn/*
489649a14b6f397361578edf6e2ea946,1156510100,3,m.zx123.cn/cd*
4920b005ac74c6129723c8bdd3965cdc,1156511900,5,m.tobosu.com
495328bf44a5f9e6f28adae9c41644d2,1156510100,1,m.tobosu.com
4958de515ca02926e661aab673fe29d1,1156510100,9,m.tobosu.com
4a0f18ec7c93bbe0c60c2233b151158a,1156510100,5,m.tobosu.com
4a10f1e77b708bb7f85ff3dba1e0e0ea,1156511300,6,m.tobosu.com
4a1bca699e70d1ee56ba37e2326d51bc,1156513400,10,m.tobosu.com
4a463cffe86130fac4f9ee3e6b8417c7,1156510700,2,m.tobosu.com
4a926090eda2fd496c7f946147f80777,1156510100,2,m.tobosu.com
4aae31807d618994aa63bd4fe20764c7,1156510100,4,m.tobosu.com
4ae268a42759d66f02c59bbbda0321b0,1156511300,2,m.tobosu.com
4b027f72f60f7952718c37e4e830e808,1156511000,6,m.tobosu.com
4b3b5d379f88d9c5da4d09b716b54b2c,1156510100,75,m.lrzs.com.cn/*
4b85d562a9282683773fe5a17ecef928,1156511300,6,m.tobosu.com
4ba41253cede0ab4a18fcbc542ff28cb,1156510700,1,m.tobosu.com
4bac42345bc0a58f88b5b23203d7c57c,1156510100,10,m.tobosu.com
4bb54a748527d264405ff5ffc8d1f06e,1156510100,2,m.tobosu.com
4c83969bfb4488d716c6fe031aaefc53,1156511900,7,m.tobosu.com
4ca1df2e36cfa628853dc9d2d7f08074,1156510400,12,m.tobosu.com
4cbfbb01a1e2831c76829ba236049288,1156511000,1,m.tobosu.com
4cef986b4561ae023994f631a899b4d9,1156510100,18,m.chuanhaozs.com/*
4cf05ffcf094846a1e02b373bd81f41c,1156510100,2,m.tobosu.com
4d0ec1f38302d74483cd937ce748076d,1156510600,16,m.tobosu.com
4d2b604b40b5daf37f9e67d004c700b6,1156511000,6,www.aiuw.com/*
4d5d016fd53c4a5b5fe5d5e409fc3cdd,1156510800,32,m.tobosu.com
4e3c93b9c747a4ea96c86b118470f4a5,1156511900,22,m.tobosu.com
4e44d472560bc47c06062a229c3641ee,1156510600,1,www.aiuw.com/*
4f05f20997f84e027f74eb545aaf3198,1156510100,6,m.tobosu.com
4f675abebf78280aaee01bfb0abfca03,1156510700,4,m.tobosu.com
4f888568eb382e82095a1f7b53b1d578,1156510100,17,m.tobosu.com
4fb10760fa526fb37b5709f594848380,1156511500,2,m.tobosu.com
507b0508e7415dd6d99e647a36f2b3e6,1156510500,1,m.tobosu.com
509fee0120827c63d3330a1550eef26c,1156513300,86,m.ddzsjt.cn/*
50b2195705a6c2b1cc86f4ef07cadd12,1156440300,8,m.tobosu.com
50dbc521b30bf915de23ac743db15565,1156510500,4,m.tobosu.com
50df2fd267fae8730ae364365d5c73b3,1156511800,5,m.tobosu.com
51cbe9d2d0fb1654b7f3deaf0d1e8324,1156510700,6,m.tobosu.com
51d10149a35182324b43cff920a776c8,1156511400,2,m.tobosu.com
51f15bcfaf9c541f2ce2ce1e2ee6deaa,1156510100,3,m.tobosu.com
51faed96068d34e15aa3fb763f3294bb,1156510100,1,m.tobosu.com
52128e2b2bc623b9b99168470a2dcc4d,1156510100,3,m.tobosu.com
523b1124dba53aaab40b54991fd171ec,1156510100,1,m.hexinju.cn/*
5248e7126e8212999492b31d283b7ebb,1156511800,2,m.zx123.cn/cd*
525cd208d1a3b035257e840549d900b6,1156511300,64,m.lrzs.com.cn/*
5266461826544f4ece550c79190087f0,1156510100,9,m.cdzpg.com/*
5312fbc94621fe7b536d4ebaedd16cc6,1156510800,2,m.tobosu.com
537438e2cff347fb65440bf5e5fad35b,1156510100,4,m.tobosu.com
53f01992cacd03e5e00267a6303fca6b,1156511500,6,m.tobosu.com
542d9354a37e7714c63e8ceb8cd1830f,1156510700,1,m.tobosu.com
5466c566777f7205e832bff3e2a8a071,1156510100,4,m.tobosu.com
54d5a6734dd9e950e0141dc6299e4cca,1156450200,1,m.tobosu.com
5591e9fd9498038f74136f79ad76a951,1156510900,1,m.tobosu.com
55b3c60299e9079316ef37b50ed71b52,1156511000,4,www.liupingsheji.com/*
55e42f08988460d2217c4ed508832864,1156510100,7,m.tobosu.com
5620963eecb4c2c5b2f16de579a8155e,1156511700,70,m.028ltzx.com/*
5661f388c784c6fc20daf0f07f90e3d2,1156510700,90,m.ddzsjt.cn/*
57117bd1fcb349094cc808f70b21f83f,1156510600,61,m.lrzs.com.cn/*
571b2a78bba1647dbf13b0a35db3a6b9,1156510300,1,m.shj.cn/cd*
5728512547e5054c6ebca23a379b2870,1156511600,2,m.tobosu.com
5773679154a3213c3c80d2c5db0c7fa0,1156511700,11,m.tobosu.com
577fa448504e347214e5af085ce0d81d,1156510100,4,m.tobosu.com
57b4ddd73d93e5cff07990e52406179a,1156511300,7,www.liupingsheji.com/*
57c9bb067eb870afc70f1e682dfbe26d,1156510100,10,m.tobosu.com
58194bba8f2fb4dd168f7e490cf88db5,1156510100,3,m.tobosu.com
584bba48ebdba1ffc73c5f8ffaf05cb7,1156510100,75,m.lrzs.com.cn/*
584bba48ebdba1ffc73c5f8ffaf05cb7,1156510100,16,m.shj.cn/cd*
58622b74eaa29b2410ada7a9c56e3991,1156511100,1,m.tobosu.com
58d995125179959aa852a71bf5f79e35,1156510900,4,m.tobosu.com
58ed8ec875fcba29a77a145a8f37d379,1156510900,27,m.scszzs.cn/*
58ee52ea3c60cc09d9cb24b60e9f3514,1156511300,9,m.tobosu.com
599e6db1e8be4fcd92eb8ea48a8816f9,1156511500,18,m.xkjzs.com/*
59a18fc1e8674a05a7c1ab354702115a,1156510600,63,m.028ltzx.com/*
59cb39f4db39a32d1d5964a1455a6af5,1156510100,4,m.tobosu.com
5a003744ce1e5bfc7d5198aa08344399,1156513400,3,m.tobosu.com
5a3b1da3cfe3e3418b8e69e09dbc24cd,1156510300,6,m.tobosu.com
5a84109c14f8d8b800389b2df3f7cad7,1156510100,26,m.lrzs.com.cn/*
5aa2992cf9d0bb06fe0920fb1beb7264,1156510100,16,m.tobosu.com
5ac9bd55bf4c41b2c79d531e3cd00389,1156510100,10,m.tobosu.com
5af7818b0e92222c0de1c5dd2b1101b7,1156510900,14,m.tobosu.com
5b151a89772d37fd3688e4e3a4564291,1156510700,17,m.tobosu.com
5b5271aee5363f2f8808c824bd6726a1,1156510100,9,m.tobosu.com
5b89646eb21895b3b26ccc1dad0b05a8,1156510100,18,m.tobosu.com
5bd418b88d2ecceb9d6657b1ef503650,1156510100,32,m.lrzs.com.cn/*
5be4e2ad976f83c0eab2bdad7c6d7358,1156511000,3,m.tobosu.com
5beac50ff2d7c77d53522ebb66ea2db3,1156510700,1,m.qizuang.com/cd/*
5c430784435f11f000f6bf268a5e2761,1156510300,1,m.tobosu.com
5c4c5abd24b01425a7f9b42495b793ed,1156511600,5,m.tobosu.com
5c5dc9716604e72607ff3aec7a7fd00a,1156510100,12,m.tobosu.com
5c6d691a920a0b258be64e166dc4c1e2,1156510100,1,m.tobosu.com
5c8011e2610fed907f162274f477a95f,1156511300,6,m.tobosu.com
5c8730c47257e806d5e2c1209a2fdac3,1156512000,8,m.tobosu.com
5cb956e9537350639429de65934e9ab2,1156510100,24,m.scltgc.com/*
5cb956e9537350639429de65934e9ab2,1156510100,6,m.tobosu.com
5cb956e9537350639429de65934e9ab2,1156510100,1,m.hexinju.cn/*
5cbc3bff8c02039d6f54610b021e8ab2,1156511900,1,m.xinjiadiy.com/*
5cc456b21fbe4a5a75b6de815914dab6,1156510100,2,m.tobosu.com
5cf5f9efa84ec0cd8f16e989a65c64c6,1156511100,21,m.xinjiadiy.com/*
5d06fdea848fe099d385724b67d96149,1156512000,2,m.tobosu.com
5d7c6343d1bb3b00cd77263b8dbb2e4e,1156511500,6,m.tobosu.com
5da2d1c2fba0b756ea2ef48bb43b2722,1156511300,6,m.tobosu.com
5ddb0487c0d956155f41b4d9f5172a8b,1156511600,5,m.tobosu.com
5df67fad61548c415036aa24e2332b08,1156513400,1,m.tobosu.com
5e82d5f1d6fd6a19e91277ba9eba992e,1156510100,2,m.tobosu.com
5eb7828650306f446f89e5088864a6ac,1156511900,1,m.scszzs.cn/*
5ee664ed3969bb5bca9817bf81adc763,1156513300,6,m.tobosu.com
5f0e58902967b19b4463b8c5b8bd5c4c,1156510100,6,m.tobosu.com
5f0f9e524877d497d90c510a29eb1bd7,1156510700,10,m.tobosu.com
5f9b8ccfb9441258e4f66843acdd962f,1156510700,3,m.tobosu.com
6029018bb3ca7f67e3012c9f6c140741,1156510500,59,m.028ltzx.com/*
608e94e2420620742272eb9ea2a2aed6,1156420200,5,m.tobosu.com
60ba99e6bddae2e2a2e6bb71dc03952f,1156511300,1,m.tobosu.com
60e37072b012f22c5060d2a463268da6,1156510600,5,m.tobosu.com
60f63a3aba28ae3b1812fe90592b6df6,1156511000,3,m.tobosu.com
610455f9fc10769634a8b478731e1306,1156511100,5,m.tobosu.com
611ad787895da8923a7104aa38d51395,1156510100,1,m.zx123.cn/cd*
61cbdc8e399851bfea4d7a84246f2c22,1156511000,6,m.tobosu.com
61ef5787e52b2ad6b64236d0f6dc976a,1156511100,4,m.tobosu.com
623867c2e531c3d4d91f0c335b44e64b,1156510100,4,m.tobosu.com
627b46d61f6468d14de20c521491e3a5,1156510100,12,m.tobosu.com
6292c8347b230926b017ee5b1940852a,1156510100,5,m.tobosu.com
62da61ae90eeba1a2e397eae827a96b4,1156510100,2,m.tobosu.com
62e5038aaa1f53ae77fc0a01e55353c8,1156510500,5,m.tobosu.com
63ba3038020ed08ab5103db88898f622,1156511400,24,m.91exiu.com/*
63bd6a90978b1c8c5a80ec96e88ebb7c,1156510100,1,m.tobosu.com
6441c1340a46e573325b0fbe12075281,1156510100,5,m.tobosu.com
644f926a9436c4ec176af093776e13b8,1156510100,17,m.tobosu.com
6457f69b0d8536a58b1c84a4e0a4f5f0,1156510100,18,m.tobosu.com
647c45a453bc6a40d25442d6579f89fe,1156511300,3,m.tobosu.com
6480890d87d9f0a3f4ca45e713538b2f,1156512000,6,m.028ltzx.com/*
64ad80638c578ead288b9af5af7c9be4,1156511300,38,m.ddzsjt.cn/*
64d6627548b8c5a934270c68ac569c5d,1156510100,6,m.tobosu.com
64eb7ce6562be423afbba2f420eba301,1156511400,4,m.tobosu.com
6525d7017dc19a01b0eccfc9d50018af,1156360100,2,m.tobosu.com
65aace7296d551adbaca8951a80ecb6d,1156512000,36,m.lrzs.com.cn/*
65bdb307ee1fcafa5143ddf83e7ec9d1,1156510100,35,m.tobosu.com
65d6ee6382a6915803e5a8f4f90757da,1156410100,1,m.tobosu.com
6613b8c7c01e749c9c32dd6a6d2a9d0a,1156511300,4,m.tobosu.com
6617f29abfd8fd2d0898bbb994094bea,1156510600,7,m.tobosu.com
667c04fcd2d8ab682ce3ea082cf8bf81,1156510100,3,m.tobosu.com
668d70f0c497a73f5b59dbf74dc07355,1156510100,5,m.tobosu.com
6698a7578562ea1778f12d5d536ff2ad,1156510900,3,m.tobosu.com
66dc84f1c7c2a22148376b678f62a772,1156513200,76,m.lrzs.com.cn/*
66ff79236fe9171ebafeb168f15f32a1,1156510100,1,m.zx123.cn/cd*
670a79e24825b9bc0066ff41c4805e61,1156510100,16,m.tobosu.com
6715e35506138bc04b181585dabacc04,1156510800,6,m.tobosu.com
67829f405775ef47cb2216910ec398e9,1156511100,38,m.tobosu.com
67e64dd2d4633b90f68d46501df3cfe5,1156510100,44,m.tobosu.com
686aa3792aa32e1f8d1631b94e443828,1156310000,2,m.yzf.com.cn/cd*
68e3bddd0d48e3f5ae39ce9f04aebe72,1156510100,54,www.94cg.com/*
693caa0952e82ce38b707f72d583385c,1156510100,51,m.cdtdhjz.com/*
697c4ffb1f89e8abbdc3c0a1b7e8f4de,1156411600,4,m.tobosu.com
69c271de9bbc89510e4c8f1a57e97915,1156511300,1,m.tobosu.com
6a4028ed465bb1434b0e5e125b3b09ce,1156510100,1,m.shj.cn/cd*
6a75438987d399374f835f0b1f5c0d7f,1156511300,5,m.tobosu.com
6afd12c675dbc1352c392b9c1c8d4b9e,1156511700,2,m.tobosu.com
6b33f92ab6618f4fa5f3f66154edbec3,1156510100,2,m.ddzsjt.cn/*
6b95749cd45f7bffdc902c97daa5f505,1156510900,2,m.tobosu.com
6ce6c272ecbe122db661a93aa9c3ef28,1156510700,9,m.tobosu.com
6d01cefeb1968675f04a20d8c448c36a,1156510100,4,m.tobosu.com
6d5016082fb07e470cea755e3eafb969,1156510100,2,m.tobosu.com
6dc06b3628530290d3a10dd7611965a0,1156510300,1,m.dyrs.com.cn/*
6dc06b3628530290d3a10dd7611965a0,1156510300,2,cd.m.dyrs.com.cn/*
6e11f399028e6bce1ca305bf25e74c69,1156510100,4,m.tobosu.com
6e62b68b44c587b77c1cdffad409f67a,1156510100,2,m.shj.cn/cd*
6eb79cc57153592514fd73b9c9fc5c4e,1156510100,17,m.cdzpg.com/*
6efd63a8b2134f724b7fb8e10ed4ebc7,1156510100,3,m.tobosu.com
6f0af75dac3bc616e33fd80fc009c93c,1156510700,6,m.tobosu.com
6f24023adf48471c052e63b21f2fb340,1156510100,20,m.91exiu.com/*
6f24bea3bc75843ac03d3f355c8b2f54,1156511800,8,m.tobosu.com
6fd8bd9eded1fec44d021e46394253c0,1156511300,2,m.qizuang.com/cd/*
6fd9c10f114f79c129e75de079290d26,1156511600,4,m.tobosu.com
700cc86a917a6ce25e6fbdfd5b1f5caa,1156510100,1,m.tobosu.com
70734f99695a5ffa41f118f83d35874d,1156510100,16,m.lrzs.com.cn/*
7074b2e3622f00930f2594b0341a2f72,1156510500,2,m.tobosu.com
70ac0ba0d53751a68648ce618919b1f2,1156510100,6,m.tobosu.com
70d184b26058eb2fc8c55f4478968ab7,1156510100,2,m.tobosu.com
70dde3bc4cd5a4961ea476f76e6e5d71,1156510400,6,m.tobosu.com
716eff3555573ee99ce812052ef7d15b,1156511000,1,m.tobosu.com
718463c06781132068b51518ec9076c3,1156510100,3,m.tobosu.com
71b455d8c734bfec2d92377f29b10841,1156510700,6,m.tobosu.com
71d5775e84388af7917ec9767fa0dd9d,1156510100,13,m.cdzpg.com/*
71f2ddae5267d1e9bb6e7e196faf3ede,1156511400,24,m.cdtdhjz.com/*
7254888464ed42db7fb551cca556ffe6,1156510100,38,www.lmjzs.cn/*
726e2ef8cf9547ea16a4243abc244b23,1156511500,3,m.tobosu.com
728f86b7eb17a386c1bf5a76158f677a,1156511800,6,m.tobosu.com
72b976d89336bf37c02673f5cc941d9d,1156510500,6,m.tobosu.com
731be292a724fc73e92d8f39b148acbc,1156510500,1,m.tobosu.com
736fa7df200d199870593c0d89ec368c,1156510700,5,m.tobosu.com
738287ddea836ca9ffa2eb378ae85478,1156510700,40,m.91exiu.com/*
739440a59710db4bbaab65ded5c7197d,1156513400,1,m.shj.cn/cd*
73db9bfc6f6a24666238cef4891f2c30,1156510100,1,m.dyrs.com.cn/*
73db9bfc6f6a24666238cef4891f2c30,1156510100,1,cd.m.dyrs.com.cn/*
73de27cc0bd762cb6a8f7e1308d3333f,1156510700,40,m.hexinju.cn/*
73e56e058533d835567d0f76be4cb42d,1156511300,2,m.tobosu.com
74cb332940c7fa134c30504be6574e72,1156510900,68,m.cdtdhjz.com/*
74cef9d30295bd485b0d0332d1710a43,1156511500,15,m.tobosu.com
74eecff7a8a70528c4b67b1d7ac27da6,1156511100,8,m.tobosu.com
7538c8080ff4adc205f97d6f4a46ddf1,1156510500,2,m.dyrs.com.cn/*
753c2dcaf11877b45684d65ab5ca935b,1156511000,1,m.tobosu.com
75404d3895a0925e5a1b37762ac7e50a,1156500000,15,m.tobosu.com
75ece89e6328d2831c8f0e139f153581,1156510100,6,m.tobosu.com
765e8e4ee978cadd2a8f2eae119b63bc,1156510400,22,m.tobosu.com
76f456f19c977b2e13cc0e784baa4d1a,1156510100,18,m.tobosu.com
777772fbb5d6ba720ee88264bcdeb1d8,1156510500,1,m.scszzs.cn/*
77a0ac6cc0782c4cc5f99776250eda4c,1156500000,22,m.tobosu.com
7800a272ca1a2e5e714d39e4c7b1287d,1156512000,4,m.tobosu.com
783580408736b29bcc8924248d23c407,1156510800,6,m.tobosu.com
791844a7a112850ee78560baf88d5515,1156511400,1,m.qizuang.com/cd/*
795b0e4930d0a5ab0407ad79c1069dfb,1156511100,4,m.tobosu.com
7974f7d54977ba1fe1e2726b9e36f8ac,1156510900,6,m.tobosu.com
79d6cda41e160147d79e14ecceb0d006,1156511300,6,m.tobosu.com
7a3e07a1eaf8c29b5a15a9d490648f06,1156510100,38,m.cdtdhjz.com/*
7a4e675e5b4aa057c99f3efff6044493,1156511700,9,m.tobosu.com
7b41e750ff81e3e118e30622dfafe1ee,1156511400,4,m.tobosu.com
7b45998c434cf4857f78c14f812299b5,1156511600,41,m.scszzs.cn/*
7b6b9ff12cbbc65d847222add6b79c6d,1156510300,17,m.cdtdhjz.com/*
7b868cb996f5942eb41387f37265de8b,1156511300,18,m.cdzpg.com/*
7bd7ee7ab6f129731aa01ecc0c1257d8,1156510100,5,m.tobosu.com
7be19305822b80a7b0069c5cd5933609,1156510100,8,m.tobosu.com
7c27f880ad3f97720154de5c202345de,1156510100,1,cd.m.dyrs.com.cn/*
7c46f21b64d515f4453b3a341c77a883,1156510500,7,m.tobosu.com
7c5b49f73ccb4fedcb29b573afb9873f,1156511600,15,m.tobosu.com
7c616ebc22b08be2490cc9758202392f,1156511300,6,m.tobosu.com
7caab96d90a28ceaab767da34416b3dc,1156510100,6,m.tobosu.com
7cea40962210306e3e5c62e6fd1b66cf,1156510100,1,m.tobosu.com
7d17867deeecdd570440c29cf7c74f6d,1156510100,7,www.aiuw.com/*
7e192c43a5dfee1aa30e40b07eabd726,1156511700,5,m.tobosu.com
7e38b00daa000e6b7b22dffe5931421d,1156510700,3,m.tobosu.com
7ea72e4acc5a67e3c9c98d36a0caac03,1156511700,1,www.cdxjszs.com/*
7ef1c6d1c9331fe5b373a8f4a9323516,1156510100,6,m.tobosu.com
7f0ece37b17b204d40358160edb8a096,1156510100,1,m.tobosu.com
7f201c7b56cd7d0b1a8348adb09e747c,1156510100,4,m.tobosu.com
7f229d2baaa3e94127bd7cbead3e8a30,1156510100,34,m.lrzs.com.cn/*
7f3254dbdb83eb351a54f6626bece270,1156511300,5,m.tobosu.com
7f658e53e706fa86cd19f4db77a9fef8,1156510100,113,m.lrzs.com.cn/*
7f6e09dc78add93a26239c1388db0176,1156511400,4,m.tobosu.com
7f74999affbea92cb0717142524ec814,1156511000,1,m.tobosu.com
7f78a1c1e78e9ec9e093415d4f8c27a9,1156510700,35,m.ddzsjt.cn/*
7fc7d9d69f2274d6c6bdf84201c845fb,1156512000,5,m.tobosu.com
80145d9a64d3dd138cc7934761974e3d,1156510100,1,m.dyrs.com.cn/*
80145d9a64d3dd138cc7934761974e3d,1156510100,1,cd.m.dyrs.com.cn/*
80428b63a46a972337b2cd3ec5de0435,1156510500,1,m.tobosu.com
8109c70d88c9ad852d80ccfcdf83c4d0,1156510100,4,m.tobosu.com
81d06bbf465495672546fb8ca5db5d18,1156511300,1,m.tobosu.com
81eaba8ae84d40f7b8c56b3774159a5e,1156510500,15,m.tobosu.com
8228e3441478fe0b53db9e9970206866,1156510600,7,m.tobosu.com
82439e7c8413559ab72da273e2c47155,1156330100,1,m.dyrs.com.cn/*
824badb55fcf557c9164d6fe4093b032,1156510300,6,m.tobosu.com
825366c76e8112c603c30672a80b3118,1156511100,1,m.jia.com/chengdu/*
8272ec3da2d26779eee1b5cbb0f69716,1156510100,1,m.tobosu.com
82797d45d36d1081d54aaf9c661b21f1,1156510100,9,m.tobosu.com
82b759c17eebf184eb8350ca5423e8d2,1156500000,6,m.tobosu.com
82bfb73eb07d69a7e66aa97022d37fe0,1156511500,4,m.tobosu.com
82d6a4cfe1d280db22859217936268b0,1156510100,8,m.tobosu.com
82d7b8e2d5060494fc17225846519024,1156510500,3,m.tobosu.com
82f4ba5f27d276ef889be8795866d1c9,1156510700,56,m.tobosu.com
831a2521f7bda141a374095b30d93dbd,1156510100,5,www.aiuw.com/*
83b1dcc941e6f65ca14841b310405634,1156511700,100,m.lrzs.com.cn/*
83c4f693bfcab820a9c06852a1a0dc6f,1156510100,24,m.cdzpg.com/*
83f0fe7dc46f8e288ac39bd902cfe2e4,1156510100,4,m.tobosu.com
83f98701a15e0ffca00bd0da7fc41017,1156510500,1,m.tobosu.com
84359f9a23c2b45647090598b3f3ae82,1156511400,5,m.tobosu.com
84436c1be31a36f2df65f7942dea0a86,1156510500,1,m.xinjiadiy.com/*
845b8a7a027e62480013db91f40a25d2,1156510100,2,m.tobosu.com
845f7ef75b4cb5fd74f064c8b2b79866,1156510100,1,m.tobosu.com
84eeca78e0ed4521b85ea601672a0986,1156510100,1,m.dyrs.com.cn/*
84eeca78e0ed4521b85ea601672a0986,1156510100,1,cd.m.dyrs.com.cn/*
853facfc74ebcd14e697812e53e5eb87,1156510500,18,m.tobosu.com
8565e56b5bde099df7ebdb86dd861af6,1156460100,4,m.tobosu.com
85c466fdb62141fc4152a10c4dfe1116,1156510500,8,m.tobosu.com
8636018c106067e5c64fb28397ae259d,1156510100,6,m.tobosu.com
86f02e181cf7949291ffdeffa86411a7,1156512000,1,m.tobosu.com
871fd6344f21450d87df7feb4e4f26d6,1156511900,24,m.tobosu.com
87b52762325bffa1f54a05f3eaf55c1e,1156510100,4,m.tobosu.com
87f45a1552c31b1e32418e279a02631c,1156500000,20,m.tobosu.com
8803295539b1186d0ccf7d7b0676067b,1156511600,2,m.tobosu.com
882169ccd8b3d80b547ceaad8f64e355,1156510100,2,m.dyrs.com.cn/*
882169ccd8b3d80b547ceaad8f64e355,1156510100,2,cd.m.dyrs.com.cn/*
883648c01f7ced8815a36d3ed4861c1d,1156511500,4,m.tobosu.com
885a3f2f6bc00e03e09f840cfb718748,1156510100,2,m.tobosu.com
8892d61f83c71b1132b844f814922bb8,1156510100,18,m.tobosu.com
8893019a3c1b56e315ef937bf0b862ef,1156320500,9,m.tobosu.com
88931fff358530f36a303d8c919021a5,1156510100,2,m.shj.cn/cd*
88aa630efae5141b2c8d605a47795bb8,1156510800,35,m.tobosu.com
88c214e0daed3ecfa7f1087371aaabb6,1156510100,5,m.tobosu.com
88c74cc35e350bf8888cb0c91a9d993b,1156511500,1,m.tobosu.com
88e8684f488c955069905e3523a3fa98,1156510100,16,m.cdzpg.com/*
890dbc19b2688b752067c0e226b9adcc,1156510400,5,m.tobosu.com
8929b1a3a15ebadbf9d270bf5df767e9,1156510100,1,m.tobosu.com
89ae2170045600bef36c9cbb3c6519de,1156511500,1,m.tobosu.com
89c13a3ac6b2ef02a862325b14330747,1156511400,16,m.tobosu.com
89d90194e92ca8086cd33814f90cbc4e,1156510900,1,m.tobosu.com
89e07aa901b6f1dd6b9b6d869a90cb4e,1156512000,6,m.tobosu.com
89e0ed3c938580731d68276c9dcc9b43,1156510500,34,m.91exiu.com/*
89fbb6a2654e2f0869d9dfc52841e908,1156510100,6,m.tobosu.com
8a087b286bc2b0acc393553ff8596cc9,1156431000,146,m.cdrhyf.com/*
8a15cb170f4f382b2c2e858dec5f6b2b,1156510100,2,m.dyrs.com.cn/*
8a15cb170f4f382b2c2e858dec5f6b2b,1156510100,4,cd.m.dyrs.com.cn/*
8a3d8a74f0e75e304eb9ddd5e7d843c2,1156510700,6,m.tobosu.com
8ae1dbdb6da1f6a9e9c1b8138f9ba788,1156510700,8,m.tobosu.com
8b10e8b25626718da1c5e226cc4bbfc6,1156510500,2,m.dyrs.com.cn/*
8bc9f152fb7f23bfc45887fc65bae8aa,1156510700,8,m.tobosu.com
8c07e1e1ae94542359109e97f12e9866,1156510100,20,m.91exiu.com/*
8c07e1e1ae94542359109e97f12e9866,1156510100,21,m.xinjiadiy.com/*
8c0b5aa2ebba7421317b1d3b1ba4fc48,1156511000,1,m.shj.cn/cd*
8c311b8f5c9a8c3419e45609116b3607,1156510100,23,m.lrzs.com.cn/*
8c311b8f5c9a8c3419e45609116b3607,1156510100,11,m.shj.cn/cd*
8c6498caba7cf1a6d9193aad7a2a0710,1156370600,4,m.tobosu.com
8d64f810f5514c02d1a098dd5613f012,1156510700,1,m.tobosu.com
8da49c7542d483211c951123d3a6fb07,1156510100,2,m.tobosu.com
8db1fd2386b5a5ce334e9b9690d4dfa9,1156510100,6,m.qizuang.com/cd/*
8db8d1ad2c8f7a955abf1c914457d0e3,1156510100,27,m.scszzs.cn/*
8e117316d80cce0f0ea5547b297a043d,1156511500,10,m.tobosu.com
8e29c3f8212d85bee9ae1f59a3e672cd,1156511500,39,m.tobosu.com
8e483de95594c9fdb23ab1994539c334,1156522700,5,m.tobosu.com
8e8e8ae517bb3f16785e461f6fb4c2bc,1156511100,80,m.cdtdhjz.com/*
8e9368a1026ddcda15421abf3936a98c,1156510100,29,m.tobosu.com
8eb29253ef956335cb34c19cf0f8a866,1156510100,6,m.tobosu.com
8f114bd55eb500eca1c690b0fd691338,1156510500,4,m.tobosu.com
8f6197d81549a6d5821912944a380a94,1156510100,31,m.scszzs.cn/*
8ff0b3ac2632058a61bbdbf92babebf0,1156510100,1,m.to8to.com
901b169f1d8e09d3387be214ce473296,1156510100,3,m.tobosu.com
901d4b4bf1571e1202bae9e6bfccf8ef,1156510100,26,m.tobosu.com
9056bf2c8c7e8c84202b49bb398e8b2d,1156511300,11,m.tobosu.com
907cde68ff7ee8f8d885860b7a205a4b,1156510100,3,m.tobosu.com
908a4739c6819694a03e0c4373ac9a1e,1156510500,2,m.tobosu.com
90ee54be123934bd78d0f89734f8b166,1156510800,6,m.tobosu.com
915a7e67b665345535a4ce035dc1c01b,1156510100,23,m.ddzsjt.cn/*
9184ab1edf0a656f5e3555634767aea2,1156510900,4,m.tobosu.com
921d5fab1e4e8a842297a58ff40276af,1156410200,6,m.tobosu.com
924eab42298a90e53b5f2c281b90348e,1156511400,2,m.tobosu.com
92657337746488facda391d842e1ff33,1156513400,11,m.028xfmf.com/*
92657337746488facda391d842e1ff33,1156513400,5,m.cdnfzsjt.com/*
926d967c6710132ff3166133a64fbb88,1156511000,5,m.tobosu.com
9271b5c641298b32f66e985b7819af72,1156510100,3,m.tobosu.com
92cb625b3aa8e8d43a2a31eb1c366221,1156510100,1,m.zx123.cn/cd*
92ef4c682a423cad8e4bb207caa8a344,1156510700,35,m.ddzsjt.cn/*
9328de820e8a56ac9840dc92881d187b,1156510100,4,m.tobosu.com
933ff4d27162dcf474ac89298159398d,1156511500,4,m.tobosu.com
934eaa38a1e6e371fb0b003c55855fca,1156510100,4,m.tobosu.com
93b59928e18d92ecc48d54a8bea0d8c5,1156510700,1,m.tobosu.com
93c23b94bbf531c62f559dc5a9d516d2,1156510100,1,m.hexinju.cn/*
94025672c6a1a9ca7cd60d0d8ce293a1,1156510500,15,m.tobosu.com
94145fb5558245f9fac826ef7fbcbe12,1156510100,1,m.jia.com/chengdu/*
9425f449eeca2f739e17955a256810cd,1156510100,6,m.tobosu.com
943f156d009062fa1b8ad9594c4f5887,1156511300,2,m.tobosu.com
9440d470863d98027e71d717352fa1ec,1156510100,1,m.tobosu.com
945d1e8c1e1ac429e38d4b1ebc04acd0,1156510700,5,m.tobosu.com
945dda85b5962249b46bd4cffcd70dee,1156511500,17,m.tobosu.com
94e931b5670a77e728b00f73b0d59e86,1156511300,6,m.tobosu.com
9500a8bff0ed304fd85a483020e0ea97,1156510100,17,m.cdzpg.com/*
950faabfbac50bf672d2db31e3bb1961,1156511900,4,m.tobosu.com
9521d6603398b3953e9c0dcd3f0a052b,1156510100,2,m.tobosu.com
9524a955c90547a976979fe33d285c8d,1156510100,30,m.ddzsjt.cn/*
95467501a3bacb80f646752f6e354eda,1156510800,6,m.tobosu.com
9563cfb92d0595f09f5b9e5000912586,1156511500,1,m.tobosu.com
960895f1d85482a7ad94f6a97d400e25,1156510100,1,m.tobosu.com
96176e25e09818ef15ed2d7b31f3e325,1156510100,4,m.tobosu.com
962d6e22ff6ecf8564d5ac94e0f1cf76,1156510400,3,m.cdzpg.com/*
96e01fabcf5915ae6a62ebe27ecc7517,1156513300,5,m.tobosu.com
9752a56d224a9c710bbd83bcff19b43f,1156510100,4,m.tobosu.com
97ad018d3759c1c97f00af268e0b8c85,1156510100,55,m.lrzs.com.cn/*
97cb976d17e1d6d6f0988d2daf68eff3,1156510500,1,m.dyrs.com.cn/*
9837462ed6f2a3c7687fa6e26b8ca9b7,1156510100,1,m.xinjiadiy.com/*
989af06330416f3e10da9efea8e80c73,1156511300,9,m.tobosu.com
98ac4419b49f7eb73ffb3a4986fe61c3,1156510100,22,m.91exiu.com/*
98c78c1c9057ebf950c34da4b072c0f6,1156510500,6,m.tobosu.com
9901890b37b50a23d2856c5eefcfa3f6,1156510800,56,m.028ltzx.com/*
9943eb3fb5f2940e3544c59daf585289,1156510100,2,m.tobosu.com
9988cda564929f6c0b59e926b44e70b1,1156513400,25,m.tobosu.com
99ae0c3a0cea9ceda3523bde99f822a4,1156610100,2,m.tobosu.com
9a2c548f4c958cbeac9e1d084dac8c2f,1156440600,15,m.cdzpg.com/*
9a47539ae742c0e699ceef84b8b742fb,1156510100,7,m.tobosu.com
9a845c5186cea8df409c96d6246d955a,1156511000,6,m.tobosu.com
9ae974a5153a99a39a37cedbc558ab6e,1156511600,6,m.tobosu.com
9b0374a9edee09e8afa13435b472763b,1156511300,2,m.tobosu.com
9b471736d98ff9ba563e60232c88355b,1156510100,1,m.tobosu.com
9b485bcf9575a5eb59a162e3bf73d072,1156110000,7,m.tobosu.com
9b497ee9eee7a9936e4378c4dd5867da,1156511600,6,m.tobosu.com
9b9cfea8b76e53953a4e5af1f729d57d,1156510100,5,m.tobosu.com
9c4189d9cc76961c4cabb95c65a63312,1156512000,6,m.tobosu.com
9c4a0e0a63c8d883a6e36d087957c224,1156511300,2,m.qizuang.com/cd/*
9ca837fbeaa1ce6a65d164ef1e39a091,1156510100,21,m.tobosu.com
9d3d368ee7a97ba7ee3f0ace73e3cdc5,1156513200,1,m.tobosu.com
9d3f05889b468813b6c3926f3bd53191,1156510100,124,m.tobosu.com
9d8de1c6b7a56e26d6323b315b959753,1156510100,1,m.xinjiadiy.com/*
9dfe93d94fd7e3fb2359aded79aadbba,1156511300,10,m.tobosu.com
9e18960bb0c7aa9d506742c340529fa5,1156513400,1,m.jia.com/chengdu/*
9e734acc0f75b7ba29e48f0ebb843044,1156511700,1,m.zx123.cn/cd*
9eb2029abd2924305558edd632f86167,1156510100,11,m.tobosu.com
9f0063598d1b8ed30ed7f797de736bde,1156510700,3,m.tobosu.com
9f1963ea0360cfebd47649d7f5df71b4,1156510700,1,m.tobosu.com
9f3ef8cf8539904d9043de668e79196a,1156510100,1,m.tobosu.com
9f792abbbccb61f1e62cea7eb930faa6,1156511300,1,m.tobosu.com
9f8b0ef1c106b6607fb7af521f3aa14c,1156320200,6,m.tobosu.com
9fabf4b4b0472ec2b08f0cb2e1b13a45,1156511400,3,m.tobosu.com
9fadcdb1aa02120aa2529d6a6964a251,1156510100,3,m.tobosu.com
9fc8e5de9c31db9852485c7a019d6dcb,1156511300,4,m.tobosu.com
9ff3ce4bae43f692894f9bd66096e058,1156510100,1,www.aiuw.com/*
a0335a0acd5189f4338390d7799e445f,1156510700,6,m.tobosu.com
a039c6b00cd8b5330038977e7185ff06,1156510100,1,m.tobosu.com
a092cac0285a5a92d12779f955db90a8,1156510700,9,m.tobosu.com
a09a1ed023af30ce6fafe744856fc0e4,1156510100,7,m.tobosu.com
a0cdeb2b0d0b64c329895943e277d8d3,1156511100,6,m.tobosu.com
a133ddb116c0493af191d0d8d453ef87,1156510100,3,m.tobosu.com
a14888eb9d301eb20f0d09d603b0952c,1156510100,4,m.tobosu.com
a17b18f524bad59088ef11a30047c74c,1156510600,68,m.cdtdhjz.com/*
a1960214b9939ead5364d1a047248400,1156510100,19,m.tobosu.com
a1f9a6c12388cc82a8e8984010d7d426,1156510600,2,m.tobosu.com
a1ffdf3688579ed30643ffe0909849c9,1156510500,6,m.tobosu.com
a22300c1eefc85a285b3a94f574ecbd7,1156510100,1,m.shj.cn/cd*
a2507b338f57326c297c6dd9e1ff852b,1156511300,5,m.tobosu.com
a271cf53b6f66e66eee8a9f3f4241705,1156510900,1,m.shj.cn/cd*
a2a950672518e1f9ad2509c2032a01ea,1156511700,3,m.tobosu.com
a31cd447173af20900a7097d70d4a4a8,1156510100,1,m.tobosu.com
a33ad3a9b52033fc46dedd0d9df7f4ee,1156510100,16,m.cdzpg.com/*
a33b8b5e584c9387a213cb3b2731a85f,1156511500,1,m.028ltzx.com/*
a3615c23ce4e33eca1ac22cff132c8bc,1156510600,4,m.tobosu.com
a3b6e3a11c47474c91b4464f1f2cb2b1,1156510100,1,m.tobosu.com
a3ec9802e9ca55bc544675321ddcf323,1156511100,1,m.shj.cn/cd*
a3ffdff26cb33ef9f10308a96976521c,1156510500,1,m.xinjiadiy.com/*
a405b33fdf545e1fe0857070de54f022,1156510100,9,m.tobosu.com
a494b799e7f7d0ff15dcc4b1d36e1928,1156510100,16,m.tobosu.com
a4a71cdf8534e7da6e073f52a80191bf,1156510600,9,m.tobosu.com
a4bf0fb9831e3768c8ab0b5c69b5e0f6,1156510100,2,m.dyrs.com.cn/*
a4bf0fb9831e3768c8ab0b5c69b5e0f6,1156510100,3,cd.m.dyrs.com.cn/*
a50e8c5f2bd08d47c080822d771105c5,1156510600,1,m.xinjiadiy.com/*
a52d64a1b947803dd231538fe5c1d595,1156510100,4,m.tobosu.com
a571d2daa5eb0c8867d26f5feb6b0eba,1156500000,7,m.tobosu.com
a58a955c436b7c24b64dceeb088812ef,1156510700,1,m.tobosu.com
a5965c535eadd058b90ac0126b3331ec,1156510100,25,m.tobosu.com
a5d27e282ffb8e1df3c970688b2300e5,1156510100,2,m.91exiu.com/*
a6263561f8ef0dfa68c971635cc80071,1156511300,2,m.tobosu.com
a63723b379f5837a6da98904d35cc0e4,1156510100,1,m.tobosu.com
a79760e8af0c245680821f72275531c9,1156511300,1,www.aiuw.com/*
a7a31715aa9e22958ce568d8bc7b9121,1156511400,2,m.tobosu.com
a7ffd773ca6ea9ed1965df7d49ad05a4,1156510100,56,m.lrzs.com.cn/*
a8113ba3d2f15bf5e858fe6fc3080d0d,1156511500,5,m.tobosu.com
a83953c9977113970bdd2853ef45ddaa,1156510500,47,m.lrzs.com.cn/*
a84be19d1c815a7f2e082a750f42c3b7,1156510700,3,m.tobosu.com
a921e70c4934350585dc1eb71a4b57b2,1156510700,55,m.tobosu.com
a926c70a4960a84818f0b094f718f21a,1156510100,19,m.91exiu.com/*
a97d68df278649d13096cdce43e6a470,1156511700,11,m.tobosu.com
aa91ccaaf28a0daea8a33672b0bb142f,1156510100,27,m.91exiu.com/*
aa9a5a9932b3d00d444ba2f51b5ca293,1156511500,1,m.tobosu.com
aac068efaab6a4d12ee452604ac27dc1,1156511800,4,m.tobosu.com
aaeb242c01481d89f6e3ba60afc9c036,1156511700,3,m.tobosu.com
abb23e185e955c949c07ec318409ea45,1156510500,2,m.dyrs.com.cn/*
abcb518540742b945eba7a9b1c5e8c6e,1156440300,1,m.qizuang.com/cd/*
abcfdc5eb25d00537b5572fda0531284,1156510100,13,m.91yzw.com/*
ac0936330304d6c3e0166e7f35ce18df,1156511300,20,m.tobosu.com
ac23dec1e8ade94f5efeedce74077c27,1156511100,3,m.tobosu.com
ac2d2b68f305d73571fe3817fd663029,1156511000,2,m.tobosu.com
ac6f3b705dae955d907ac54460337e6a,1156511500,7,m.tobosu.com
ac8a4642d67a731ddabbbcdac9a55ecf,1156510100,28,cd.hgzzj.cn/mob/*
ad0747869c4258d47380981f22cec9c4,1156510100,4,m.tobosu.com
ad22da6c8826cb7eae93c8138b9f9411,1156510300,1,m.tobosu.com
ad34aff104a322d005e5ac918a46212e,1156510100,2,m.tobosu.com
ad720f380c0c261ead79215e1e204ce5,1156510800,2,m.tobosu.com
ad9a66ee26937ac894cad2b4e67834c3,1156511400,17,m.cdzpg.com/*
addd42228f31e898253cc9e3b038079e,1156511700,12,m.tobosu.com
adde08b229e3969df52081e42102aac1,1156511400,17,m.xkjzs.com/*
adfd90be8a53cf67815edcdbb5960b6e,1156510400,3,m.tobosu.com
ae0838336d5a6cd7c479c2644e9e5869,1156510500,4,m.tobosu.com
ae0e9bb20686a4c05442b6417b901ef8,1156510100,5,m.tobosu.com
ae49f550874504a52ca244fa708845dd,1156510300,6,m.tobosu.com
ae4b975c684b6cd8788ce6fd11118ed2,1156510800,1,m.tobosu.com
ae74efdf2d3d5da62c2047f90f573f55,1156510800,5,m.tobosu.com
ae918d6b37d0951f6891bff7817939b5,1156511300,35,m.lrzs.com.cn/*
aeae481a4ca048da603a41f61a59122b,1156511500,7,www.aiuw.com/*
af1715daacca70eef57864db383968e6,1156510100,4,m.tobosu.com
af1f3df0eec5953061c1689cd79983de,1156510500,3,m.tobosu.com
af666bc86d82d4b59c104421f855e3c0,1156510100,6,m.tobosu.com
af6bdb8b34fd1b1d0ec2196d8cc6f021,1156510300,1,m.tobosu.com
af7686c2b9d18b28df2ad89fd92937dd,1156511600,23,m.tobosu.com
af7c4b62c2d52bc909e68ccac376c137,1156510100,6,m.tobosu.com
afff00b98022bf7562893a348260ef3c,1156510300,1,m.tobosu.com
b0797ad33c44c278d97be0cb57b798b3,1156510500,64,m.lrzs.com.cn/*
b0c84ed17cf5220b7b6e8b4c82fab66a,1156510800,3,m.tobosu.com
b0c880e632621a200772aee20c423929,1156510500,37,m.lrzs.com.cn/*
b0d72d7afedab550178b604f652b59b8,1156500000,2,m.tobosu.com
b1942705de3c3ac01d7e0bbe27fb07c8,1156510600,4,m.tobosu.com
b1e05b4d1886027bbfd5aac5806063c6,1156622900,2,m.tobosu.com
b1edab7322667ea5192c72b43d847290,1156511100,6,m.tobosu.com
b20ed3ab0ea41e70fc2e3e1d080ad885,1156610300,2,m.tobosu.com
b2a189b5f0a4cbf8c8fc72a586bab04b,1156510100,37,m.cdtdhjz.com/*
b2be7cf5a58b506a9b0383d875937ce3,1156510100,37,m.lrzs.com.cn/*
b37a8669252911880698a01bde1b546e,1156510400,5,m.tobosu.com
b3a54112c19ef153feaab809f8974ff8,1156511700,13,m.91exiu.com/*
b40c4b3cc57f8341056b94d5f6c63a9f,1156510100,5,m.tobosu.com
b43835ae08a096d6d84ee171fa548942,1156511400,2,m.tobosu.com
b49139fceb610ad02945a85e73e2a09e,1156510100,5,m.tobosu.com
b4b521692a3127352fe47cabe48a2984,1156510100,4,m.tobosu.com
b4de362af7a01b7043a55538613c8980,1156510100,1,m.tobosu.com
b4e0219c90748be986109886ed9cc394,1156510100,1,m.tobosu.com
b4e1e6565b1b98ed951138c41f3a3a3a,1156510100,67,m.lrzs.com.cn/*
b4ed99dad9e95a326c2a06ab55bd272a,1156510100,36,m.lrzs.com.cn/*
b59492099ddf5f09a0191ecda605dc27,1156511900,12,m.tobosu.com
b59ada082383e2d5561286a85833eb3a,1156360100,4,www.99zzw.com/*
b60020a3235b7006626727d1fe492ed7,1156510500,1,m.tobosu.com
b6596981bb2355726e5fde0686a59a1a,1156510100,15,m.tobosu.com
b65d45b4e762274f82caed61b2fd6963,1156510100,17,m.cdzpg.com/*
b69afb881d3f99e74ff21c20ad7bced0,1156510600,1,m.zx123.cn/cd*
b6ac0ac70be967409310ee068db7d2ce,1156510300,4,m.tobosu.com
b719f1a4cf45e9dd7b176e9f0988ef22,1156510100,1,m.tobosu.com
b76b50700ae353e2a7a8a0b96f9d5ea6,1156510100,163,m.lrzs.com.cn/*
b790cf7cf951dc1587d5ac83b6c4c484,1156510100,1,cd.m.dyrs.com.cn/*
b7d73a25b73d434f491edf8ae042cf6a,1156511800,106,m.lrzs.com.cn/*
b815794384098d344526e086f81ca040,1156510500,4,m.tobosu.com
b8c86fb6958d5f0595629fefc400b112,1156510700,29,m.tobosu.com
ba2c41cd2883daf357afb5b230448375,1156510100,31,m.xinjiadiy.com/*
ba57ed82d9c12ffe55b22b2ec84efa8b,1156370800,66,m.91exiu.com/*
ba898e67a2dd5ed9293baf6ad83ac95b,1156513400,3,m.tobosu.com
ba8a01b0bddf4a56663362ab83302ba9,1156511000,14,m.tobosu.com
bacb2fc94a756bef3a6badf23f9bddf2,1156513400,2,m.tobosu.com
bae24c44988fb6e331e6abb90fad4634,1156510600,2,m.tobosu.com
bb233bfe7cc398238385feea94ff9221,1156510800,1,m.jia.com/chengdu/*
bbcac20a82da570e580ba8e26d0061b3,1156510500,1,m.dyrs.com.cn/*
bbcac20a82da570e580ba8e26d0061b3,1156510500,2,cd.m.dyrs.com.cn/*
bc433e0612b60cb97548e1c0873bf013,1156513300,5,m.tobosu.com
bc92d510e67fe3c71acd63ed01806bc9,1156511900,1,m.tobosu.com
bd117f2ca01d812fed58f8197a913e61,1156510100,12,m.lrzs.com.cn/*
bd34b00fcdd6ca10d366b7688d3640cc,1156510100,15,m.tobosu.com
bd6517393bc83084701aff4e04bffc2c,1156110000,85,m.91exiu.com/*
bd908e9eef831fa808f039bbbf8a8c8c,1156511400,6,m.tobosu.com
bde646d0c9cc30a532596f7424eedf72,1156510100,1,m.tobosu.com
be3bfd89bcc6dcee84a970a793b6d3c1,1156511000,3,m.tobosu.com
bef019224cda0f2572b8803d4d8ff447,1156510100,7,m.tobosu.com
bef32f1c1287ab505d75cd5d31aa49f2,1156510900,1,m.tobosu.com
bf0a2d729fe02f91d83d1609c556202e,1156350100,20,m.91exiu.com/*
bf65c65a6cc4b212c4145e822104177c,1156510100,5,m.tobosu.com
bf7dc9e709d11bed84833110718bce57,1156510900,6,m.tobosu.com
bfe4a37004284594a3988305a991d952,1156511300,11,m.lrzs.com.cn/*
c021cac61f110792af12b2ce3f5740dc,1156512000,1,m.tobosu.com
c09a8aec50f521f518b87edb783c217d,1156511300,32,m.91exiu.com/*
c0dd69e25be9ed8c571cf50ec12ed12b,1156510100,6,m.tobosu.com
c0f07b17b8d781d66798347af3cee455,1156510100,30,m.lrzs.com.cn/*
c0f07b17b8d781d66798347af3cee455,1156510100,1,m.dyrs.com.cn/*
c0f07b17b8d781d66798347af3cee455,1156510100,7,cd.m.dyrs.com.cn/*
c0f07b17b8d781d66798347af3cee455,1156510100,5,m.yzf.com.cn/cd*
c0f73b77744ed04d60a8ba216557fd2f,1156511800,1,m.tobosu.com
c114200e55638f73ee64a410d8bbc471,1156510100,3,m.tobosu.com
c12c81cd5c6918b5b2f812abb866873b,1156513400,3,m.tobosu.com
c14580faa162292d72921e66a0b721da,1156511400,6,m.tobosu.com
c1811aad29c3bb4ca590d895d00c3b5a,1156510100,1,m.tobosu.com
c20eb28a74b07527df9717fb260b80e8,1156510100,1,m.dyrs.com.cn/*
c20eb28a74b07527df9717fb260b80e8,1156510100,1,cd.m.dyrs.com.cn/*
c20eb28a74b07527df9717fb260b80e8,1156510100,1,m.zx123.cn/cd*
c2216fdcc81ac8ee6106f7bcee276abc,1156510700,4,m.tobosu.com
c23112f817bcedb1d6114243aa75900b,1156510700,3,m.tobosu.com
c2d2aa365944a9a51201bc76712d01de,1156511400,2,m.lrzs.com.cn/*
c348ad7ca303d8eb4d24652adbbd41c8,1156510700,2,m.tobosu.com
c34c22044923ee37e3277b8b15dd9b48,1156511400,6,m.tobosu.com
c36c4d3e28235c6da4b1b5033d59c52c,1156511700,2,m.tobosu.com
c375967c10d9462fd4819765a7d7688c,1156510100,40,m.028xfmf.com/*
c37fefcf7e2f9b3b5dc53964229cf195,1156510100,32,m.ddzsjt.cn/*
c380fc3e197c87010109035bb4184e8f,1156510100,3,m.tobosu.com
c392dbfe163f3a589b5226a6246c5fa0,1156510100,6,m.tobosu.com
c3aabadc6198fe08f5b25070df9b946a,1156511600,5,m.tobosu.com
c3c8860ee68d8eab32993bd42e39ebcd,1156510100,2,m.tobosu.com
c4135c3b62d35f2619f19575a5949061,1156510700,1,m.tobosu.com
c44e80c4bed9e5fe0d8e3694004e3f36,1156510700,5,m.shj.cn/cd*
c458589ce9fb22af64b4bc3469b9e55e,1156510100,16,m.cdzpg.com/*
c497c59d24e219ca79aec14e8a368d79,1156510500,2,m.dyrs.com.cn/*
c4d9331e43426955fe89b53be11499d8,1156511300,6,m.91exiu.com/*
c4ef5204fac5cda2e0d68b4618822fc3,1156511300,22,m.028ltzx.com/*
c5007068b4c7fa69b26f76b66a2a2abe,1156510100,3,m.tobosu.com
c5551d15e0b678ad68ee764bce32ed45,1156510100,54,m.91exiu.com/*
c58d48733a06a2e498ef2d13f5ccb160,1156510100,10,m.tobosu.com
c5b9882097f6249323a37bbd0213600a,1156511800,1,m.tobosu.com
c5bbc393bf06c7ac1a078cbea744dd7c,1156510700,8,m.xinjiadiy.com/*
c5e6d1e0e2a47bc25c8d18cfbba05b21,1156513400,38,m.ddzsjt.cn/*
c62c9a841ca9d0415ac0d2f049fff054,1156510400,2,m.tobosu.com
c6cfd656b1fb7ad5ef99d2b3784254c4,1156510100,4,m.tobosu.com
c6fb99db75d3be4ca7868f24e38a4608,1156510800,2,m.tobosu.com
c72c9003efe9e661d58e1b35044e0011,1156510100,4,m.tobosu.com
c7c9f51e897aeeae089b5bb8a216c083,1156513400,10,m.tobosu.com
c7dfac6854879d83531bbe46423de38a,1156510100,2,m.tobosu.com
c84b17ede12f31cfaf9ee0c472ceb80b,1156511000,8,m.tobosu.com
c89f737bb7d9812d2eb40edb8ca8f259,1156510300,4,m.tobosu.com
c8c0f121d22c9da1bcfcf38d721aa181,1156510500,2,m.dyrs.com.cn/*
c8ef5b867bbd5db22a2a6a899c3dd5d0,1156510300,3,m.tobosu.com
c906d63b508434642f8d68ea7b86a881,1156510100,1,m.tobosu.com
c91d3f9351972b68a45bae44e93c678a,1156511700,1,m.tobosu.com
c92ce0ef073e03d000979ea8e9f6e23c,1156510300,15,m.tobosu.com
c94bed15d05af64d6bea90cc7846a7f2,1156510100,74,m.lrzs.com.cn/*
c94bed15d05af64d6bea90cc7846a7f2,1156510100,1,m.shj.cn/cd*
c94bed15d05af64d6bea90cc7846a7f2,1156510100,1,m.jia.com/chengdu/*
c95f5f6ef12646cc3cde044f8ea74473,1156510100,1,m.shj.cn/cd*
c95f5f6ef12646cc3cde044f8ea74473,1156510100,3,m.tobosu.com
c9e3de80675f0da8181bef2d6070a34b,1156510900,1,m.tobosu.com
c9e49a85e423ad462aa2cc57ef112b47,1156510100,5,m.tobosu.com
ca2cc959ecaa84119e349eaf9e51a6ed,1156510400,6,m.tobosu.com
cb6a935b0f9b324b803c7a03db4652d6,1156513300,1,m.tobosu.com
cb738ba583a0b99af3c1170ae7549b07,1156510100,2,m.tobosu.com
cc219c2703a11ae98a0c3506cd99d861,1156513200,16,m.tobosu.com
cc591aecb67f2f993d049e9f25c9c6b6,1156510100,4,m.tobosu.com
cccdbc12ece330d3a15a590293ac0fdf,1156510900,8,m.tobosu.com
cd137cc8ba3157c0ad8b60c8c279e5a9,1156530600,8,m.tobosu.com
cd1cb100494f98623d26231952d6b977,1156510100,24,m.cdzpg.com/*
cd23eab172df817acf4354240a5699a3,1156510700,6,m.tobosu.com
cd331df8ee9d762c6b17b5a8f6a54551,1156511700,17,m.tobosu.com
cd4f22071a71aa6391b3b062f7602252,1156510700,5,m.tobosu.com
cd649c81bc72bf29ea97f579da5dad31,1156510100,18,m.tobosu.com
cd808e02cb65656e8e63f824e6c3f3bd,1156510100,18,m.lrzs.com.cn/*
cd811b9bef355bde35446cc79a003765,1156510100,1,m.tobosu.com
cdbfb2ecfb8e65dca70ce3274381aa5e,1156513400,6,m.tobosu.com
cde88a556412a5fceded8dfd998c8376,1156510100,25,m.scszzs.cn/*
ce8c6394990eee392043fc82e72a7fb6,1156511400,4,m.tobosu.com
cf330ba5ac7e8a7d1429523f221efeba,1156511500,12,m.tobosu.com
cf54d2bd7d96a07570b66ae2187e6bdb,1156510100,3,m.tobosu.com
cfbff1c71e40775c03546adae6a64657,1156510100,4,www.aiuw.com/*
d0ac0cea04c0893396e9429ae6e16f87,1156510700,2,m.dyrs.com.cn/*
d0ac0cea04c0893396e9429ae6e16f87,1156510700,3,cd.m.dyrs.com.cn/*
d0b14f616d9ca56035886f2d59287e48,1156500000,1,m.xtuan.com/cd/*
d0dffa9d0b3ac6636033a6245f9d299c,1156510700,5,m.tobosu.com
d11cf338b2f237e714aa78f911590ba6,1156511400,9,m.tobosu.com
d1212469a850e15266a9dd1c95b02fca,1156510100,1,m.cdtdhjz.com/*
d13641320c0e5c5893cb783e6a00f38c,1156510100,21,m.91exiu.com/*
d15a4a039015b3493d3237e2ddd29289,1156512000,7,m.tobosu.com
d16df416a3cf934f9199c45257a590cd,1156510100,83,cd.hgzzj.cn/mob/*
d1709d54e24bae5d1d2460fb080ce719,1156510100,28,m.cdzpg.com/*
d174af5906625d806fe2091c9456b6f5,1156510700,2,m.tobosu.com
d18f6556820d18e6bc4bd4733be48f28,1156511600,1,m.jia.com/chengdu/*
d1ab45be3ff7bbcd34a0d5c78ef5fdff,1156511300,9,m.tobosu.com
d1c5ad03f2bb6472fa688d29b331afbe,1156510500,18,m.cdzpg.com/*
d23aeb5d5c442ee120726bbef27c5606,1156511400,4,m.tobosu.com
d24cd51fd053c7ee0e4db3ee644e42c9,1156511600,2,m.tobosu.com
d26cb89a58fa921aeb0180148e639516,1156510900,2,m.tobosu.com
d26e26c613457e1616bf6fec2d7dcd15,1156510100,2,m.qizuang.com/cd/*
d299651505dbf03a019d0fcdd1d36b17,1156511500,5,m.tobosu.com
d2b7d0d0ba93703d7246a85a312cd091,1156510100,6,m.tobosu.com
d2cca90f63962eb6c3ffe6ac394dd935,1156511600,14,m.tobosu.com
d2ea65a0ceb5833b0738a354a507c162,1156510300,4,m.tobosu.com
d2ebb88218522fdcb186285676226d1d,1156511100,1,m.tobosu.com
d31e001888b4476de996affa40fecdfc,1156513300,1,m.tobosu.com
d338361cb95cb13f6a6ca780bc9b8346,1156510100,1,m.tobosu.com
d3393f84412228dcba9ab9d61fa751ed,1156500000,12,m.tobosu.com
d3d51c7f3d6381e3f58660192f06f6c5,1156511100,1,m.xinjiadiy.com/*
d424ebd8f78c163e63187b67c70eb6c5,1156510100,6,m.tobosu.com
d431ca0aae74a3208e53fd33334784d5,1156510700,19,m.tobosu.com
d4368d4996e143c5de7a08f6f42aa2da,1156510500,9,m.tobosu.com
d47d3d0351cc943c6860f269d9b8470a,1156510700,1,m.tobosu.com
d481eb9fba5ccba54b894a630808df15,1156510100,4,m.tobosu.com
d4bf61423571b1ba1d64aadd53855a54,1156513400,6,m.tobosu.com
d4daa7be59000def999a749c1acc3f61,1156511700,4,m.tobosu.com
d4f696752ad1fcb67a936773db40bf9f,1156510100,1,m.tobosu.com
d52a79a741d518352d189823e6ced559,1156440100,64,m.028ltzx.com/*
d5348e68754cf699f30218e5fd110a62,1156510100,1,m.dyrs.com.cn/*
d5348e68754cf699f30218e5fd110a62,1156510100,1,cd.m.dyrs.com.cn/*
d556f43c22e786cef0242ab710c78446,1156511100,1,m.tobosu.com
d56740c4fc3678116d629093d726b4f8,1156510100,4,m.tobosu.com
d5c2e7b6a625312f94eb92a39c8c68b8,1156510800,3,m.tobosu.com
d5dc0729b9c852ae322884738fff634a,1156511300,1,m.tobosu.com
d648b360d708bb0d3e0817f32381a164,1156510800,1,m.jia.com/chengdu/*
d6677867e89803cf71f0f2b1c0a72cc2,1156510100,8,m.tobosu.com
d6c55bce0655b18c32183f6670802ed1,1156510100,1,m.tobosu.com
d708f14d5a10ac4e654c9f2919c2e0d5,1156510100,1,m.tobosu.com
d761f5830ecdb0417df92509b998378a,1156510100,6,m.tobosu.com
d77181e4d5070b99fe7cb28038b6a3c0,1156513400,1,m.tobosu.com
d78a57e669a397403331c05164877a2b,1156510300,22,m.tobosu.com
d7b7713057f237ecb860067288c0a74c,1156511700,38,m.lrzs.com.cn/*
d7c9ce9d005f1aae6514772e51ecb061,1156510100,1,m.qizuang.com/cd/*
d831adc9b095949e4be4541cf936f64b,1156510100,17,m.tobosu.com
d83799b2acf48f100bc80ec1b469732f,1156513400,6,m.tobosu.com
d84b407c76f5a7431c2a23a659613570,1156510100,1,m.tobosu.com
d876965ca4dfdf4257804cf90edf1eef,1156510900,8,m.tobosu.com
d876bb367fc244d5a7b04a2d42dd2103,1156511500,4,m.tobosu.com
d89e32405e9295898119b2de74e5ad08,1156510100,1,m.xinjiadiy.com/*
d8a8227ef90c1c127ba5c8866911f87a,1156510100,1,m.tobosu.com
d8e639decc5de0b47ad21d12190a90e9,1156511400,5,m.tobosu.com
d8ec3f4a301889f539a942d9432c0c1b,1156510700,1,m.tobosu.com
d9124dd0596dacb7ce800d75aa073f42,1156511500,1,m.tobosu.com
d922c945b72ba32be9b7142dcfc0de50,1156513200,1,m.tobosu.com
d9f44b3126fc8a55207da6a8cb584839,1156511400,1,m.xinjiadiy.com/*
da0bbae6200bb2425f91d7866f7d5aa6,1156513400,26,m.xinjiadiy.com/*
da3a655093fbd8ce3387e381cb8b9693,1156510100,16,m.cdzpg.com/*
da50b2eea17d54f1d010458886e1cfe7,1156510100,4,m.tobosu.com
da61a8c8d95ae10090b374fdfac0d470,1156510100,2,m.tobosu.com
da7e9c43d2596b84e0b38d7d92fff1d8,1156510100,12,m.cdzpg.com/*
daa91295ef0dc9b9d9c1dc5279eb5141,1156510100,5,m.tobosu.com
dabb300769f8e32ff7e8528c3f331a47,1156511500,1,m.91exiu.com/*
db4112b20786907a88e183bb06bdb04e,1156511300,22,m.tobosu.com
db83727b2314e0dfb8190a3832111547,1156511500,1,m.tobosu.com
db9189792a8565f32aa6bcb6365ef340,1156511300,10,m.tobosu.com
dbbcf6936f01d226d194d54ebb6a8e8d,1156511400,1,m.tobosu.com
dc2a96fca3d6404296fee0fbc2623295,1156510100,2,m.shj.cn/cd*
dc381672f901537f976efef25ae3cc25,1156510100,1,m.tobosu.com
dc62e2145b66dcf431e3dae631b35e62,1156510100,7,www.falongfa.com/mobile/*
dc73d1630a95bdad455a0ead419f8d64,1156510100,9,m.tobosu.com
dc8d4d13913b6510f0fb0a58af693e6f,1156511700,20,m.91exiu.com/*
dc997a12d1faf0d298dda3d9e2d070b7,1156510500,2,m.tobosu.com
dc9a5e1f46e88343e812d6dc50195bd8,1156610100,4,m.tobosu.com
dd84a11dca35b9dc9347c58d98dc61fc,1156510100,6,m.tobosu.com
ddb31336e242348b7fe892b10da6132f,1156510500,27,m.tobosu.com
ddc83458adf5b007c76565c13eb95c3f,1156510100,10,m.tobosu.com
ddeec4c49769409c14287f82a070b4d9,1156511300,1,m.tobosu.com
ddfb2a9c0fdfb3fdeac70361d7b47f23,1156510100,1,m.zx123.cn/cd*
de4de651789b0c2897dd82bfc43cd840,1156511900,6,m.tobosu.com
de71f6a43a4b5b280f16fd47735d2fb2,1156510500,1,m.dyrs.com.cn/*
deb8dbd107f17ce4e927f313bfc3153c,1156510100,6,m.tobosu.com
df220761b84ef3a1cca23c32f2efc9b4,1156510300,6,m.tobosu.com
df2c020da518ebcbdf5a1cafcb33bd20,1156510100,9,m.tobosu.com
df6d798d28a654dc1a45d5b485456ffe,1156510600,18,m.tobosu.com
dfa6530958ce0af6750c65cd5134189f,1156511300,1,m.tobosu.com
dfc127cfdd3dc492e67a23f34e1a65f6,1156510800,6,m.tobosu.com
e0197c537d3710f7fd190a215da8b3f6,1156510700,1,m.tobosu.com
e02e6a0c3ed8d383792d23a86608383b,1156330300,18,m.tobosu.com
e05a221ea65e6603e743be3d44146dca,1156510100,1,m.cdtdhjz.com/*
e07a43f109aa69cb8b221cd4d3382d58,1156510100,1,m.tobosu.com
e17c902d687a1518bfd72f718638f509,1156520200,44,m.tobosu.com
e1e5be03b631e7961e53a106d4c2875d,1156510800,42,m.ddzsjt.cn/*
e1fd8012b3f86f6803c2773b9326b238,1156511500,1,m.xinjiadiy.com/*
e2261a7cbe02824456fab4431e9d1d95,1156511000,2,m.tobosu.com
e2ba67ddfb5cc08f022791b4d054467b,1156510100,2,m.tobosu.com
e2c7f210bfa9d77bbc4ebe45027ca5af,1156510500,15,m.tobosu.com
e335d4154543f96128c490fde28b8baa,1156510700,6,m.tobosu.com
e3625615e7190296917b397c787d2760,1156510800,14,m.tobosu.com
e380f0b8e0c86396aa0d7f2c23c75d2c,1156511700,6,m.tobosu.com
e3c834139f5d2ea0f7a975c20aea1466,1156510100,1,m.dyrs.com.cn/*
e3c834139f5d2ea0f7a975c20aea1466,1156510100,2,cd.m.dyrs.com.cn/*
e3f8b010b85d37ba93fb19fb513a26a4,1156510700,8,m.tobosu.com
e41097448bf8b6de7c2c04ec5a1adc96,1156510100,37,m.91exiu.com/*
e423578b78395951b4272ca4547482b2,1156510100,17,m.tobosu.com
e425d2b61629a16f8f399380ff695919,1156513400,5,m.tobosu.com
e427f1a6c5ff36ddcb603941c8c3b268,1156510100,42,m.lrzs.com.cn/*
e443b3f231c6412979e16a30cb6a1887,1156510100,3,m.tobosu.com
e4681a612fa988df76115bad82d6d259,1156511600,6,m.tobosu.com
e48c4420386cede00487cfea34952b03,1156510100,1,m.tobosu.com
e499ddcd7261fbb92c34a045fe8cf740,1156510600,11,m.cdzpg.com/*
e564379ffde880395dec1b5e42b0f7cd,1156510500,9,m.tobosu.com
e576f36fbc61f91bb69aca4dfcd68f9b,1156511900,25,m.tobosu.com
e5942c00d5aa26aa216221d364d283a2,1156510900,18,m.tobosu.com
e5942c00d5aa26aa216221d364d283a2,1156510900,51,m.scszzs.cn/*
e5dd57df6eddaa5e55ee97a309e7420b,1156510700,7,m.tobosu.com
e60e25f8c4a5bfed92abf2a26ced5a48,1156510300,2,m.tobosu.com
e63b7c5c8168a691a8838101dde2db4c,1156511500,10,m.tobosu.com
e65eaa2a168512e82ec16ec73461b0d4,1156510500,3,m.tobosu.com
e68993071ef318927550b8727252347f,1156510100,40,m.cdtdhjz.com/*
e695e0f1fc8a87baee930e5395f6bbad,1156510300,5,m.tobosu.com
e6e51df47b7d790851bf8d14740ab27d,1156440100,2,m.tobosu.com
e6ec37f1b1432580cd7be52c9cac6eaf,1156500000,42,m.hexinju.cn/*
e7a29ade57597031cdb880ec83441e2d,1156510900,2,m.tobosu.com
e7c665d116ea3386987e218b011ca16b,1156510100,5,m.tobosu.com
e7c8a535715e323b81f919404b46a3e4,1156511100,16,m.cdzpg.com/*
e7db03096abbf6c5814e0801d820c898,1156510700,2,m.tobosu.com
e896987d333eec0ac427b3162a4c582c,1156510100,2,m.tobosu.com
e8a5e4b2e63cbde3f77668ef2dd49a0e,1156510700,6,m.tobosu.com
e8a7401ab54b035bff12c6369a5233f6,1156511800,3,m.tobosu.com
e8ce018b6e8b9797c1f018bacd4fd731,1156510300,14,m.cdzpg.com/*
e8e6adc51b9371fa1bcfc9de8dfc2481,1156513400,30,m.tobosu.com
e8ff61e85d63817475cdaf7ff386bfde,1156511700,4,m.tobosu.com
e9147dd5de6d485f60ac95f43016ce07,1156511100,6,m.tobosu.com
e97be259a4f9ba5bb48e4090f4f1cf00,1156510100,1,m.tobosu.com
e9823062513101bf6c203af75959798e,1156511900,6,m.tobosu.com
e9c2183e9d1342a6685ace2f3a2adc3e,1156510100,6,m.tobosu.com
ea33c6954f147d36583803d2ada46000,1156510100,4,m.tobosu.com
ea3befd35bdcd2442fe0596a51160fe2,1156510100,1,m.zx123.cn/cd*
ea508b26f1d4738c8c1f389dce5fd25d,1156510100,8,m.tobosu.com
ea5f037b673eb1e47a71a622a17ba63d,1156510100,43,m.91exiu.com/*
ea7f8c396309a48c2dc9026d26cdc476,1156511300,1,m.tobosu.com
eabf184d88afe34ff10bc72448ef7ce3,1156511700,6,m.tobosu.com
eb07d6e68932b13e15f6afb9580cefe2,1156510700,5,m.tobosu.com
eb16a3a2c70d91549c09fb37abbfff04,1156510100,14,m.tobosu.com
eb53f7e5b4da81529e35aba913f2ac69,1156510100,2,m.lrzs.com.cn/*
eb571d2b3813c05d5f3d9eb33477f55e,1156510100,37,m.scszzs.cn/*
eb5b7224f2cab1bc831b9bdce0e66515,1156510600,4,m.tobosu.com
ebd7e8332972d897b1fefa3dfd79d041,1156510100,1,m.tobosu.com
ec30151e65a272a8ca8e79e6ab0994e4,1156511800,6,m.tobosu.com
ec68fc562ecb6ea17fba1a5427de516a,1156510300,18,m.tobosu.com
ec69c276c5a5da757c5a7850c53216f7,1156510100,1,m.tobosu.com
ec99e9ad4e844bc6f8b2a540598f8620,1156510500,2,m.tobosu.com
ecd29bd34e7bc4d917608380149a660b,1156510100,4,m.tobosu.com
ed06ee9b12e1cd9946b9e05c035f46fb,1156511800,2,m.shj.cn/cd*
ed54393a0e12ca7848dbea4219ea4bf7,1156510100,6,m.tobosu.com
ed86097ad1b744f78bd1c5d86de09bc2,1156511300,3,m.tobosu.com
edafe43225e89fc3be142170a0bd808a,1156510300,14,m.tobosu.com
edcbdf8c09ebee5f1b09918b98a60b11,1156510100,2,m.dyrs.com.cn/*
edcbdf8c09ebee5f1b09918b98a60b11,1156510100,7,cd.m.dyrs.com.cn/*
eddb8da92d8701c9230d976e0ba0bfcd,1156510100,58,m.91exiu.com/*
ee13c776664a1abb638bc77eb3dfdc43,1156510100,5,m.tobosu.com
ee2a7f9808c77cf2beb5f84a5344f74e,1156511300,4,m.tobosu.com
ee74b16c7ffd1bc9cd9506a99fee0f27,1156511500,31,m.ddzsjt.cn/*
ee74b16c7ffd1bc9cd9506a99fee0f27,1156511500,1,m.cdtdhjz.com/*
eec3cc5d6fe39256d36b298192fbc213,1156510100,7,m.tobosu.com
eec5c5a7248b824e9687923006199489,1156510100,17,m.91exiu.com/*
eefc14cadb8b4e3fbda079b9ed4a9b82,1156510100,2,m.tobosu.com
ef2b65e62904638913e526b2fef9e42f,1156510100,3,m.tobosu.com
ef7d125ab4629a775ae3a120f44344f8,1156512000,33,m.91exiu.com/*
ef972cd477985d51081f51c9db42130b,1156510300,4,m.tobosu.com
f00df79ce80ab1ee6c39e237f340f533,1156510900,4,m.tobosu.com
f01818ddc77caa3ae4e08ef4bd8f6bde,1156510100,36,m.ddzsjt.cn/*
f05231288c89a9ac4c0146c2bbe319fb,1156510100,55,www.cdsmhome.com/*
f05231288c89a9ac4c0146c2bbe319fb,1156510100,33,www.zxiucd.com/*
f06f7f653951076d19d9598dd47ea4bf,1156511400,5,m.tobosu.com
f0a7a99807757f5f8a2a6e001e590b61,1156511000,3,m.tobosu.com
f1085754092793512d96c15b4e2be461,1156510100,1,m.tobosu.com
f1206dda605aa1c6da6ffac3ae9efe86,1156510100,1,m.dyrs.com.cn/*
f1206dda605aa1c6da6ffac3ae9efe86,1156510100,2,cd.m.dyrs.com.cn/*
f1d558f89d0a0e8949d9b64052915386,1156110000,12,m.tobosu.com
f1e215bc9bb24502497052136c72500c,1156510700,23,m.tobosu.com
f1ee900ed3502977b5a73d65eb31bfa8,1156511300,4,m.tobosu.com
f25eb6076ad5ab89f9eebeac4a14522d,1156510100,22,m.91exiu.com/*
f294fe2b224fc194b8a1dc720b88b557,1156511100,6,www.aiuw.com/*
f2b9c5d81cabedf19e1de584f02c0fe8,1156510100,4,m.tobosu.com
f2d7cc4ce1e734287c647122c3e02f7e,1156510100,14,m.cdzpg.com/*
f33ed7b06a2335b389f34bf584e663de,1156510100,1,m.tobosu.com
f366ea0f28788cb93abdfff4d560fc99,1156511700,1,m.dyrs.com.cn/*
f3cd46fdc408935e005da9c9dbf06296,1156510100,1,m.dyrs.com.cn/*
f40c292d1848a7728beb854b73c1da66,1156511900,1,m.tobosu.com
f41e99876694ff854b087171ca33d52b,1156510100,6,m.tobosu.com
f4f5ed22a44c1088cb125e3aa1a158b3,1156510700,33,m.91exiu.com/*
f53bc0bcc0a9f82a79b43b6c6b9d8757,1156510100,4,m.tobosu.com
f5563718c23dc29dba9781efea440ef0,1156510100,6,m.tobosu.com
f55afafe839c9132f87fae11154da734,1156510800,11,cd.m.dyrs.com.cn/*
f563edc3258303a88728534e1bddc934,1156510600,1,m.tobosu.com
f58cfc7130b9eb9b2768b38d10d6f62d,1156512000,5,m.tobosu.com
f5b6fda69204462f1f96a51b51922408,1156510500,2,m.tobosu.com
f5cca4e5f6075c96237940f87d9a796e,1156510100,12,m.cdzpg.com/*
f61b9488a3127cfab57bbc9ca6d45084,1156510900,32,wap.cdjzw.com/*
f66d7458f390d81335f2c977e7ef8188,1156510500,1,m.dyrs.com.cn/*
f66f3267b0d6e0b5db3ec4be0e6cb758,1156513400,1,m.dyrs.com.cn/*
f6cfcc4c721729a7b56a80e05eb73c90,1156510700,1,m.tobosu.com
f7a7de53d9e7a43d7b408e774d31d9fe,1156511000,6,m.tobosu.com
f7b1004e48949368953a3596a215cd0f,1156511100,6,m.tobosu.com
f7b784028c6169d4ee835f44e5ed41d1,1156511600,60,m.tobosu.com
f81bd27e7d860c8b7909e1ac83bcdc34,1156513200,36,m.ddzsjt.cn/*
f845c31c2b82a866b7790799acb69f82,1156511300,8,m.tobosu.com
f84c43e240e0632c839b6f682e83c2e1,1156530100,12,m.tobosu.com
f8bcced8062aca057f86f67a5e1c5578,1156510100,7,m.cdzpg.com/*
f8d9765a84d5c7aea40c6780bc8bb54a,1156511500,6,m.tobosu.com
f94fbaca382eaf0ea407881cb0c8b71d,1156513400,2,m.tobosu.com
f9d80ed931c6293f52aa8218da6be672,1156510100,2,m.lrzs.com.cn/*
fa2f0e46fca61164e87959efb966fad5,1156510100,4,m.tobosu.com
fa8aeb8318d165bf8dbd48b60ac2a1af,1156510300,90,m.cdzgzs.com/*
fab4993b5c08f4d119806b01733048d7,1156500000,2,m.tobosu.com
fad9b21cdb1344806216595541303973,1156510100,18,m.tobosu.com
fae0aab1a824091e593ad23939ec7a20,1156510700,1,m.qizuang.com/cd/*
fb24a6bbf94726e13376f9ddf68ee2f6,1156510100,6,m.tobosu.com
fb8e667b04b5ae5e4b157ae173f09740,1156510800,1,m.shj.cn/cd*
fbc2bf52bf69036071e026fddc6ea824,1156510100,5,m.tobosu.com
fbc8dd1cf553e86f255303cf61462b1c,1156510100,3,m.tobosu.com
fbc9e87c4d819f6bd9b5e00d601eb185,1156510100,1,m.hexinju.cn/*
fcb18b3bb52b6ce2e140719209ba0f56,1156510500,1,m.tobosu.com
fd1c1cc1c0efaa2e61fe1e11fe5b88ef,1156510700,1,m.tobosu.com
fdac5100a056160d59dc87690f815470,1156511300,6,m.tobosu.com
fdf2df45135b2817f3f605785e07612f,1156513400,3,m.tobosu.com
fe77bb6c6913486e51f19e838863f8f5,1156510500,1,m.dyrs.com.cn/*
fe7b1286e34fed31311563c62d535b45,1156511600,1,m.tobosu.com
fec89658621c919137fea291ed5fbabc,1156350100,2,www.aiuw.com/*
ffa278c4b24d9932b73e7e2738db1992,1156511600,9,m.tobosu.com
ffd7e9aa62f5389159c6da84b4a56b73,1156510100,6,m.tobosu.com
