006bba5b3dc936140cbf8a11c4a50046,1156430700,3,*.zsb12.cn/*
00a23cf48020ac2fa0a191a445486226,1156330100,2,*.zsb12.cn/*
016f320fe3f403137afa8454ba6a109a,1156350800,1,www.hlpretty.net/*
0187bc4a1746bd546e360be29eb2ebd8,1156360100,1,*.zsb12.cn/*
024f1a7f704a7d128fcf01209a133780,1156330100,1,www.nblife.com/*
02b9d516c1e1e02bd93ebb94b56f4363,1156350700,2,www.hlpretty.net/*
02c192b8a38ceead60f766f7df8433fd,1156430700,1,*.zsb12.cn/*
035834ba24b6067793822bcdabd3355c,1156331000,2,*.zsb12.cn/*
038a07d87e78d216e4817b14e17d3535,1156350300,1,*.zsb12.cn/*
03d158639ed1608d2a4146d2d5632a17,1156330100,1,*.zsb12.cn/*
03e86d23903f2234f4b4eb194750f543,1156331000,2,*.zsb12.cn/*
04382d76abaeb5e2d897235d5e0f233c,1156440100,2,*.zsb12.cn/*
04fecd9a405a688d388bfe9c4a4ea96b,1156411000,43,www.asiod.com/*
0514e65b674b6e1e94ef718a0ffb3e9a,1156330700,1,*.zsb12.cn/*
0561cac32cd06ae7bb35ab13d3d1b498,1156330700,2,*.zsb12.cn/*
0586e28361eadadfb314f0679a22adcd,1156330100,1,*.zsb12.cn/*
05bc3efbaea5826ec0d7cb01ca3b1837,1156321000,2,*.zsb12.cn/*
05d63b292f4f7615c46ebf82cb883e79,1156511000,1,*.zsb12.cn/*
05e2958e04f5b15ed7fc922edb7479d1,1156350100,1,*.zsb12.cn/*
062c3a10d1b1c54e2eee16bf3a5e4ce1,1156330600,3,*.zsb12.cn/*
063655a53015794a1ae4e2fbe7e8d3e3,1156320400,3,*.zsb12.cn/*
06a74723b2f1b449fe6bb13c74f22b4f,1156350200,2,*.zsb12.cn/*
06bd4479c93aa73718f322a906fddf87,1156430100,2,*.zsb12.cn/*
071758ccbbca2380b5446c988b9136fb,1156360400,2,*.zsb12.cn/*
07d4d235ecec959df1feae12b9f62115,1156330600,5,www.hlpretty.net/*
08053a82d6965f6ed41b82e237ca7f6d,1156450700,2,*.zsb12.cn/*
085e7ac1756bcb2410d531f06d678b52,1156361000,1,*.zsb12.cn/*
08d22313112b4ae358031dcdce132f6d,1156360100,5,*.zsb12.cn/*
09191f17da32e2ad2ac5c470d364421c,1156360400,5,www.hlpretty.net/*
091bc8b82f3d3ef0c3c522558827dcaa,1156440100,3,*.zsb12.cn/*
093188940d5c6f02f57880ce423a421c,1156330300,2,*.zsb12.cn/*
0976a2aa2965a103e7db7d7b1ae67a5e,1156450800,2,*.zsb12.cn/*
0a0fc67f8c6f54cf7801b20bbc3a81d0,1156350200,1,*.zsb12.cn/*
0a9ccd1028377a6b324e7974a72fb8b0,1156321000,1,*.zsb12.cn/*
0ab96930237051b33bc3f8592616c826,1156442000,2,*.zsb12.cn/*
0b1d803d49b39a1b74039ffb43f2216d,1156340800,2,*.zsb12.cn/*
0b3b3556a46b49ec22dfdd175191db1c,1156451200,1,*.zsb12.cn/*
0b49a66768782b54d087605e4754bc8a,1156445200,3,*.zsb12.cn/*
0b6e796969346a04005d82c0f7783829,1156440800,1,*.zsb12.cn/*
0c18b3b1171952c07f1e5ceaf72a13f2,1156350500,3,www.hlpretty.net/*
0c41f8b7746be003784346611239efc0,1156450800,3,*.zsb12.cn/*
0c69e1d369d6bd23b2bd33548802ff5f,1156450300,1,*.zsb12.cn/*
0cb97d1c75ec8841912671e870da24f5,1156441900,2,www.hlpretty.net/*
0d164e11a00050a4a63e25612f2641d9,1156330700,2,*.zsb12.cn/*
0d20bc6cf8f74299742d1279090991fd,1156361000,4,www.hlpretty.net/*
0d20bc6cf8f74299742d1279090991fd,1156361000,37,www.asiod.com/*
0d7a8dba7730c5adc82e112d8b3a205e,1156450700,2,*.zsb12.cn/*
0d9930a5c374b5913a56cf6ed0c41eb3,1156430100,2,*.zsb12.cn/*
0d993f7c3da3d3c9d284fee95469af2e,1156361000,3,*.zsb12.cn/*
0d9abaf361ea48f7e87a4de91f092ce7,1156430100,4,*.zsb12.cn/*
0df3c06ba5d8520886b1edb979a624bf,1156350900,2,*.zsb12.cn/*
0e193d7d001b764cbda590daf09feb79,1156320500,2,*.zsb12.cn/*
0e7edb89b7c1ace5b71349f6f57179be,1156440900,1,*.zsb12.cn/*
0eb2affd960a53cebeb12173856bed35,1156320500,18,www.nblife.com/*
0f0a7a2f4f1925b2fd2e3b4e46d9e3f6,1156350300,3,*.zsb12.cn/*
0ffbb636b8d6b79de008fce40c040642,1156361000,1,*.zsb12.cn/*
10133467a843f5120636a5aef2fb82e3,1156440100,42,www.asiod.com/*
111d8d7855b7583c70687a7b4189d568,1156430700,1,*.zsb12.cn/*
11778c44d9ba0ed9e2fa5503c839f0ec,1156320600,2,*.zsb12.cn/*
11905ade7535e9cfcc1e86581b3d7b33,1156321300,2,*.zsb12.cn/*
11a6ad58de8bfc0f1e380ebe2a8cd772,1156440600,2,*.zsb12.cn/*
11c0024b8ce9c0c037d1cb547fcf3c94,1156360900,2,www.hlpretty.net/*
11e2fd294c7e7d03826b894a3c6c1bb8,1156331000,4,*.zsb12.cn/*
11fcb088edeadfdbaa4df9ecd3e25f6a,1156511400,1,*.zsb12.cn/*
1203e7689b3e1458797f5db9153c604c,1156360700,1,*.zsb12.cn/*
1252e15067b61c7f8c846645b113f527,1156451100,3,*.zsb12.cn/*
125f4e327da75dae4943ef8fdb17300e,1156320300,2,*.zsb12.cn/*
12941b7bb65917831b3fa3515543aa74,1156500000,1,*.zsb12.cn/*
1400fe467d14649a8fa81bd90aa376c4,1156360100,1,*.zsb12.cn/*
1432305befa16c8bc0d4b184df54738d,1156522700,1,*.zsb12.cn/*
1445f459bb42571a05ebab150cc60a0d,1156522400,1,*.zsb12.cn/*
147e34689a4a29bbc8eeed2e5e122344,1156520700,2,*.zsb12.cn/*
14e8d644c9a76a70c8be45ebd0b9e07a,1156360800,1,www.showlan.net/*
15b0b21585fe7b36b718836cadc757dc,1156440100,2,mry.5588.tv/*
15f8797c586017245399d259420ed82b,1156430700,2,*.zsb12.cn/*
166e93effdcea63665b5c43e06625e7f,1156320200,1,*.zsb12.cn/*
179465215d067902d2c69639a21a3989,1156330400,1,*.zsb12.cn/*
17dfd851ba561cd046289e9e1a511ab5,1156431400,3,*.zsb12.cn/*
182670d0e70d86308265ec472b794d1d,1156511300,2,*.zsb12.cn/*
184ac1f16b8de71ba156fbde994dc533,1156330300,1,*.zsb12.cn/*
195ce7b4512b57ff5032b2331d8eda88,1156510500,2,*.zsb12.cn/*
19daf4bd3c5ff5bf6791b8cf6599812d,1156330300,3,*.zsb12.cn/*
1a23d7c8b5aee140633d6ba6312704d8,1156320100,2,*.zsb12.cn/*
1ab05981b4cdc32a1a854fe1a5410e1a,1156320600,2,*.zsb12.cn/*
1acbf8e54a786222a21070a815dda39a,1156360700,2,*.zsb12.cn/*
1ad834477d05e59569b3c16560680ac5,1156330300,2,*.zsb12.cn/*
1b8be1788f920bb916203dd668b98eed,1156433100,1,*.zsb12.cn/*
1b90a0db964607adf2e81ab4c644715b,1156331100,1,*.zsb12.cn/*
1be1b62c2a8da218203f34c696face17,1156430700,2,*.zsb12.cn/*
1be3a975f4372803633105993cc14052,1156361000,2,*.zsb12.cn/*
1c35f393694bb9dc18bfc716f30c143a,1156510500,1,*.zsb12.cn/*
1c79da8879fbeadda2afe681ce5ab4a6,1156320200,1,www.hlpretty.net/*
1c9aac1936181c9eac3a477e3ef31357,1156430500,1,www.kpbeauty.com.cn/*
1ce72e5f030d1a5d09dede72214d0337,1156420100,3,*.zsb12.cn/*
1d4ad44fe53953234ec2c2d46948017a,1156360100,2,*.zsb12.cn/*
1d80412ebefb398fb9c92f342d376931,1156445300,30,www.sausantong.com/*
1df7695a264b6628f8a750295d2adb04,1156320500,2,*.zsb12.cn/*
1e0252dd5ba31dd20d55b6aeab91004c,1156320300,1,*.zsb12.cn/*
1e31a003ea5feb92c3fe496cfa19ed42,1156360400,1,*.zsb12.cn/*
1e71baad4f75ef8abad161f2846494cf,1156441400,2,*.zsb12.cn/*
1eb8a392a7e55eb0e77be1fbb06a8124,1156350600,2,*.zsb12.cn/*
1ed677600f66a6a32cc7517581ca6944,1156320900,2,*.zsb12.cn/*
1edaa5b91bb862593bf6f27cd075f9a7,1156320400,2,*.zsb12.cn/*
1f1d1528fa118c754e0d64ef6cad78ab,1156321300,3,*.zsb12.cn/*
1f3e0f6484276e997bba83d046c89eb8,1156350200,1,*.zsb12.cn/*
1f74f9a6ca90fea91f5e6fafe5deb097,1156321300,2,*.zsb12.cn/*
1fcb3e64cda0deb416e412eac11a1b01,1156430200,1,*.zsb12.cn/*
1fde5f479e3c02b35aa94bb9916c6004,1156450200,1,*.zsb12.cn/*
20e8bb6771e5464357e015b3a64c4a86,1156350800,1,*.zsb12.cn/*
214d879e006495f2b3443b2126a7cbe5,1156360900,3,*.zsb12.cn/*
21d9fd9ece606e29155a920ed3544870,1156321100,2,*.zsb12.cn/*
21f04ecb342dcfbbd1edbe5c43e25c11,1156330300,1,*.zsb12.cn/*
223c23532d42b6201c56fcb4254d039d,1156320100,1,*.zsb12.cn/*
224fc2035689d66da6831c3f0d786693,1156330800,2,*.zsb12.cn/*
2331aa248940062b860758cfde5919a9,1156341300,1,*.zsb12.cn/*
234ac7e56c84a988b944eea0c2d7b3e9,1156440100,3,*.zsb12.cn/*
23e5e8f922e1a7d261d7719530be543e,1156360900,4,*.zsb12.cn/*
240536d21e18658ef2206ef2f6e04f2e,1156360800,4,*.zsb12.cn/*
242d1646c1a27f1b12d0aafcacc9cf3b,1156360400,1,*.zsb12.cn/*
243e3b3a0ff2f0ecd400e6bad1d0bff8,1156510700,1,*.zsb12.cn/*
24d3ea9a8ab533b496ec366542ba4da4,1156440600,2,*.zsb12.cn/*
2524a3b5b43f2e1abdd0589f4d77420c,1156350800,1,*.zsb12.cn/*
25a480222a33a6d41cb4168742668794,1156320700,2,*.zsb12.cn/*
270a3e281c83a25de994426096790f95,1156330300,1,*.zsb12.cn/*
2710ccd27b6993a0a720b988365f0268,1156430500,3,*.zsb12.cn/*
2717bf61142d7b1f140410095cfe9503,1156421300,1,*.zsb12.cn/*
28211e7cc57db439732989abf06a6d05,1156330200,1,*.zsb12.cn/*
282bba2435625b2e062c47548ece5cee,1156441900,3,*.zsb12.cn/*
282cb8e5dee9324f08a1e1dc66de35ec,1156330800,1,*.zsb12.cn/*
2839119d39f4f1226103818954d9a270,1156360900,1,*.zsb12.cn/*
28a2b304ac7474ba8c3c596f1fff4022,1156510100,2,*.zsb12.cn/*
29366dc0ae0db6f2980988aa58849c71,1156320100,2,*.zsb12.cn/*
294db4acf552face28bf2170dbbe661f,1156340600,3,*.zsb12.cn/*
297ee49e7a28472fea578bfab13af870,1156441900,49,sgls.gadgk.cn/*
2981e41bf4731d8c9af99e0188aeb7e3,1156320800,2,*.zsb12.cn/*
298de2e2fe65a58ae353243550ec84c9,1156330400,1,www.kmway.com/
29d838ef7a6373daad4ec2e89cafe981,1156320400,1,*.zsb12.cn/*
2a032e162f058452e3498922347bb420,1156350400,2,*.zsb12.cn/*
2a4402edfa133244d1a9ed55f94e2f6d,1156450400,1,*.zsb12.cn/*
2a44d1ed28237b9301d4f8427301125e,1156320500,1,*.zsb12.cn/*
2a5bae51ad5210adc99b0b997b0b9baf,1156330300,1,*.zsb12.cn/*
2b5bf0247a2c27584a6579b12e810c49,1156450100,1,*.zsb12.cn/*
2b6736531f0683106b3f8447436d14b8,1156330800,1,*.zsb12.cn/*
2be681cadff8b701bac1fb2fc42b9169,1156450100,1,*.zsb12.cn/*
2c18d67817d4ad65277c98c584173167,1156511300,1,*.zsb12.cn/*
2c7f3c170c6e22c8d0161a0a9d5c6b0b,1156330600,1,www.hlpretty.net/*
2d84c69091c45558f6670b4a9c0dd04f,1156320600,1,*.zsb12.cn/*
2d87070150dac4abcc82ae53c0e519bb,1156350200,2,*.zsb12.cn/*
2de330500a4e435d664efff4b9f339e5,1156433100,1,*.zsb12.cn/*
2e0218850ecdca4cb791dd08534e3d31,1156360700,2,*.zsb12.cn/*
2e0ef6d776ed496c37f81b621ab7c0af,1156360100,1,*.zsb12.cn/*
2e3dcb4163d95e1c441ec9d7ace63215,1156440900,1,*.zsb12.cn/*
2e6a8ab5d14c63eac3c1e3a7f33ea387,1156361000,3,*.zsb12.cn/*
2ea10afd902036590ca2893fdfac73eb,1156330200,1,www.hlpretty.net/*
2ed122d6c216b6a307365bed7736f821,1156360900,2,*.zsb12.cn/*
2ee6794d699c8347e4954fadf534b9d4,1156360100,1,*.zsb12.cn/*
2f1403bf6e22d1d8f4a0be41e518ff0b,1156360100,1,*.zsb12.cn/*
2f737106a6b12d2a5cfce73879e46cbd,1156320300,1,*.zsb12.cn/*
2fa633aef44025e83526eca59a71a132,1156340200,1,*.zsb12.cn/*
2fa8b8d94bf554a4efb708edda43e927,1156321000,2,*.zsb12.cn/*
2ff3fbb1e6586cbe2ab7a296ab2e8091,1156431200,3,www.hlpretty.net/*
302ff87762c0fd164eb01d4b3936dc32,1156360800,1,*.zsb12.cn/*
30c2dc7011be1cf46fe4f536bf04dc00,1156320500,1,*.zsb12.cn/*
316a1e7cd3c6c3c4dd71029f4b071885,1156350200,1,*.zsb12.cn/*
317d2f9580691ef5d31a2880b96a136f,1156451300,2,*.zsb12.cn/*
31ca3a64264ead9e5395f9d23e3028a6,1156360700,1,*.zsb12.cn/*
3247f19048e3818b79db72fbecffac56,1156320300,2,*.zsb12.cn/*
34156e8ad6dc3d96f7b3eb2612abbda0,1156430400,1,*.zsb12.cn/*
3421cf5fb5a5b8f45f2a0affd06042c5,1156350500,2,*.zsb12.cn/*
34506ce7b7d437348710e2b0bfbdf142,1156441200,1,*.zsb12.cn/*
34516f7059ab0fcd09baf8af8b772ac0,1156330200,1,*.zsb12.cn/*
34d6cf33e09f3a1dc5eafad10775f67e,1156431300,3,*.zsb12.cn/*
35f24f9a06444a166d88ef77796024cf,1156360100,2,*.zsb12.cn/*
360b9ecb6f431195e06b8569ae891cfb,1156330500,1,*.zsb12.cn/*
36175f65ee5c748cc75005cdc4e8aeac,1156441700,1,*.zsb12.cn/*
36590efd84c0dd2c88d5c69c0a03da04,1156421700,23,www.samunlisa.com/*
36bf3b060d1270520c1eef1ddb5201b5,1156350300,1,www.hlpretty.net/*
36cbbe909dc806a165f58dd164e2ed56,1156450700,1,*.zsb12.cn/*
37297cc8e7c7b7b6c9ddf9394f9f3eee,1156360300,3,*.zsb12.cn/*
3761d162e4fcbe0183a62fda7e8fe7e3,1156450200,1,*.zsb12.cn/*
37bddda0413da07e2b9e7f6730040494,1156330100,1,www.nblife.com/*
37e0f3afb159d19c3c2ec65a8152e492,1156460100,2,*.zsb12.cn/*
37e7be373fd69fe3377ed8e6d2f599e2,1156320200,1,*.zsb12.cn/*
37f965913af95ac05b5d166f8374b513,1156361100,1,*.zsb12.cn/*
3811da296481423cb66ec137b58dab9e,1156330300,3,*.zsb12.cn/*
384c64ebb5f64acfad0a9d12c9b7c87a,1156511500,6,*.zsb12.cn/*
38583ec388b60eeac7ba925e3946aa1a,1156320500,3,*.zsb12.cn/*
38af062a68d1f73239957e313787d37f,1156430500,1,*.zsb12.cn/*
395218a1aa9d52c5446b26418c7968fc,1156350500,1,*.zsb12.cn/*
39679198223541ea25040f2cf1f4ee6a,1156450200,1,*.zsb12.cn/*
396a9529fa6253e8817b3582b555b053,1156430400,1,*.zsb12.cn/*
3a172407a9ff7141a7ef1b62658e4429,1156320100,19,www.hlpretty.net/*
3a55797af195ea7c183e9076041888fc,1156320900,2,*.zsb12.cn/*
3ab15c3c08dd63e9e6a7c7acbcdd9b2f,1156360400,126,www.kpbeauty.com.cn/*
3b986c9ee4ecae7541784f06ce8bf21e,1156440300,1,*.zsb12.cn/*
3c0dafbe49bd576bbf2f09f69ad06dd3,1156430100,2,*.zsb12.cn/*
3c3cea36637a14393cc767a1d2ced837,1156360700,1,*.zsb12.cn/*
3c4a4503e09c255b3ae2bfbbb7c8951b,1156440300,2,*.zsb12.cn/*
3c5e39166da5af02eb4bf3971cafe431,1156330100,1,www.hlpretty.net/*
3cd97841c001ad60ecb054fec457d7f5,1156331000,1,*.zsb12.cn/*
3d08813e8aabb5cd2f154f9a499fd686,1156320500,1,*.zsb12.cn/*
3d6545ce16ac359304cec0a57ce97a20,1156460100,2,*.zsb12.cn/*
3f006f706c663ec4b2d9863ee03312c1,1156420200,1,*.zsb12.cn/*
3f175d04997d64251b43ccfe2ad3988b,1156460100,1,*.zsb12.cn/*
3f64f2c7a50e0047447fcd79745222a8,1156320500,1,*.zsb12.cn/*
3f87e4a09af7aff78fdb3dadc9430e04,1156520400,1,*.zsb12.cn/*
40c6db82ffc4dc3c9e31a983e15481ee,1156441900,2,www.kpbeauty.com.cn/*
40d932374193f630cadb38d5064fb666,1156320800,1,*.zsb12.cn/*
40ea5c6460b48eb877eb339fa7adfef7,1156340800,3,*.zsb12.cn/*
41872a6b11ea297ffe06f00a71380c00,1156350500,2,*.zsb12.cn/*
41ddca759c1aedd454b1629fd79047e8,1156451100,1,*.zsb12.cn/*
41e131ad56dcf82b44c3edb7527a5df9,1156320200,2,www.kmway.com/
41e4c266b5aacda50a24b0d6b9f3bc07,1156450700,5,sg.qxwl17.com/msyg/*
423f1382e6602b865531860e48df00b1,1156360900,8,*.zsb12.cn/*
42f8a971187b720c64e828ddb4b4e1ab,1156430300,1,www.kmway.com/
434a78d380bcc8f3196c7de5e96b08e3,1156330300,4,*.zsb12.cn/*
43f4dd548cc7cedd6fd4ee16317e4e2b,1156321000,2,*.zsb12.cn/*
44ba8a0bba4de00a69e54dad7570cf49,1156321200,1,*.zsb12.cn/*
44e3b9289e9fcea38c133ac2b02130a1,1156430700,1,*.zsb12.cn/*
45281417e5b9af6459ac8645db21f9ae,1156320600,1,*.zsb12.cn/*
452eb2da467b3278dad5c3445ac8c0dd,1156431300,1,*.zsb12.cn/*
457dad301078992fc4cde2b9484d8841,1156411600,2,*.zsb12.cn/*
458fa2374e5beeffc8cc44ca16c8f706,1156430800,1,*.zsb12.cn/*
4695cf1bff679a58b369d3d437cd5078,1156451400,1,*.zsb12.cn/*
4695e0d01a2340fe06f8599aa38dd78f,1156440100,1,*.zsb12.cn/*
469907e40b5674469de32d0aa87c4bca,1156440300,2,*.zsb12.cn/*
46a8899a8afc4b7feb1879e6cbba8bad,1156350900,2,*.zsb12.cn/*
46b9817e6845d82b6bfa1a1d9581acc4,1156330200,2,www.hlpretty.net/*
47056e8d1eb812eec14342a818c76262,1156350800,2,*.zsb12.cn/*
4764db2bd1d809891f91f2a3a3e8b9e6,1156360100,25,www.nblife.com/*
479dc05a15086eeb6ae7f8bda240614d,1156441300,2,*.zsb12.cn/*
47a87bac693aebdbb500d1962a8302b7,1156350500,2,*.zsb12.cn/*
482ec09aa957f3736cc9d4935189fb40,1156360600,1,*.zsb12.cn/*
48321737f343e2f69e948eda0b79eaae,1156441700,1,*.zsb12.cn/*
483246d8d264f97edb2d87e3dfad72e9,1156431100,3,*.zsb12.cn/*
484800fb540840926677249bd36b3550,1156360200,2,*.zsb12.cn/*
495dd4f975799be88c336fac5cdb01ac,1156320100,1,*.zsb12.cn/*
49aa788af6e763fe0580905769f3dc8d,1156442000,1,www.asiod.com/*
49b9b71b3d243a21a1422ff4a81fe79d,1156430100,2,*.zsb12.cn/*
49f884ba50a3ee2b87dbd1906a971e19,1156460100,2,*.zsb12.cn/*
4a2f3a5881f740889a9df76c076173ef,1156330200,1,*.zsb12.cn/*
4ac5af9491bfc01dd49de4cc393ea32e,1156350100,1,*.zsb12.cn/*
4aeae28e42b2e6f24f6c3cb5b381bd3b,1156350400,3,*.zsb12.cn/*
4af2b561a74084a8a8b5b9191e8eb250,1156361100,3,*.zsb12.cn/*
4af930c5a27b339060a6a5463e704e21,1156330600,3,*.zsb12.cn/*
4b0c8cda951a76ba72c86af8dfbad05d,1156330100,4,*.zsb12.cn/*
4b5300e6666e50a83d1247c8c86332a4,1156360200,2,*.zsb12.cn/*
4b8b7443d50b7a9000674b1254bc53f8,1156330300,1,*.zsb12.cn/*
4ba102c05fb4cebf4c5ca44648306337,1156450700,3,*.zsb12.cn/*
4c3f695cc11edef28abbabb15d3f5647,1156330400,1,*.zsb12.cn/*
4c589932296e242310c4b988e1b4ba60,1156330300,2,*.zsb12.cn/*
4ce61311a1bf2131a794a23877c3d778,1156320500,3,*.zsb12.cn/*
4d92eb4538afeeaf64522be38b64f839,1156360500,2,*.zsb12.cn/*
4e0d42b00b473280d0402bbd268ca88f,1156450300,2,*.zsb12.cn/*
4e1e44f82ed41d3243f100dd007cda0c,1156330700,2,*.zsb12.cn/*
4e5ebb7197a720e80e905c2e4d815a54,1156330300,1,*.zsb12.cn/*
4eeb55ff94e22a9cbc0b7f4d8c94559d,1156440500,3,www.hlpretty.net/*
4f3998f80b9160840b1b717e43344f2e,1156440300,2,*.zsb12.cn/*
5079b83aefd002d8eccf0819e6a4f0fb,1156450100,1,*.zsb12.cn/*
50982c970eb5f13ea8f18abeb3deb4b4,1156320500,3,*.zsb12.cn/*
509fab6e21c8f33099733acfbbbdc1b7,1156350200,1,www.hlpretty.net/*
50efb9a734584de21fac8a89a80fb6bb,1156130900,1,*.zsb12.cn/*
515cab3902e4e7d420d931639723a777,1156361000,2,*.zsb12.cn/*
51cb98ac734aa40502cde68dfcda5cd2,1156431100,2,*.zsb12.cn/*
5201ac008b829c3055d49c6e7dc315b5,1156320900,2,*.zsb12.cn/*
53a4ad4ed9f5a222566abe6a797f8ff5,1156350300,2,*.zsb12.cn/*
53a9f588b71f0326337b4f91aadc9dbe,1156330100,5,*.zsb12.cn/*
53bd42b084aa282c152244d16f7c8874,1156510500,3,*.zsb12.cn/*
53c2fb1f83d8c77fa69c7850b613b164,1156450900,3,*.zsb12.cn/*
540ef7319de19308bae3a98287f0886f,1156330100,2,*.zsb12.cn/*
5415fa626db2c8eb1f35473cf3475b69,1156320200,2,*.zsb12.cn/*
54983b5c522d8c3181a93cc3261e1fd3,1156360700,2,www.hlpretty.net/*
549e496dc29c6d8e4ae8407bad1ec2e9,1156430700,2,*.zsb12.cn/*
54b12eec15f7ad14f1099b679e1cac6a,1156350600,1,*.zsb12.cn/*
559fd869dadfc2c0b4536f935beab2f8,1156320600,3,*.zsb12.cn/*
55dcbbd108a68fd880acaa68581f1ccc,1156440400,2,*.zsb12.cn/*
5643eacbf64464c7199037133dc53807,1156442000,1,*.zsb12.cn/*
56acb5579897e11326b571235ce7c2e6,1156522200,2,*.zsb12.cn/*
56c66ed4fb3b61a324f41374fb26023b,1156440100,1,www.hlpretty.net/*
56dd6208db006e2b30653bc45ed93de6,1156321000,2,*.zsb12.cn/*
572172a78dca9306f06d431fe1643ab8,1156450400,4,*.zsb12.cn/*
575353c5989202017d53e08853cf313c,1156330100,1,*.zsb12.cn/*
5758821dc5f5cc96829a966999e75956,1156320100,19,www.hlpretty.net/*
575c1425d631db8bb1770f099bdafc52,1156320200,2,*.zsb12.cn/*
58357cb26b20c1fbe9832c1c52a88680,1156350200,1,www.qj.com.cn/
58cc40dc934e144a4341541cf4b51236,1156360400,1,*.zsb12.cn/*
58cd5772307004ffaa6fa3239bdd6eab,1156320400,3,*.zsb12.cn/*
58d5aabfd59d6fab2b5f80cd3ddab330,1156330200,1,*.zsb12.cn/*
5962107aa7efec201424f989aae6bb19,1156441800,1,*.zsb12.cn/*
596a851ee21a2404899a9842b8558a97,1156350100,2,*.zsb12.cn/*
59b8369ea3365c0b5f4fe0ee40944a00,1156360700,2,*.zsb12.cn/*
59dfb55425f6eb9c80627d2ad950c368,1156360700,1,www.kmway.com/
59f8752433b4216a6763579c0dc818c3,1156510500,1,*.zsb12.cn/*
5a3e2b1afdef976828fb89379cf6ef12,1156320800,2,*.zsb12.cn/*
5a453543682b5d667454b99d722226d7,1156110000,2,*.zsb12.cn/*
5a8c6878dadf8fa70f59cbb1465d071d,1156360200,1,www.kmway.com/
5a9cec6bac64678495b5095fe31da6fa,1156520300,1,*.zsb12.cn/*
5af837ff5e085fc5aee8987da077a886,1156431100,3,*.zsb12.cn/*
5b0d350fbe53a0e065318b54d29bc8c6,1156450300,1,*.zsb12.cn/*
5b691c0e0d5a516f6e74f556ad51120b,1156350100,4,www.kmway.com/
5c1453cb60d60c9a9b5b6d7a7ef2ae6d,1156350100,2,*.zsb12.cn/*
5c5332dd4e40c1c4a806c283d376f678,1156360700,2,*.zsb12.cn/*
5c9250c86afa0b70d526afb8679b0b84,1156360900,2,*.zsb12.cn/*
5cd256341aa16788c2d22b24273e083e,1156440600,1,*.zsb12.cn/*
5d15b90c144f1125c57f26575babe034,1156451200,1,*.zsb12.cn/*
5d662a4b8c9d9a54a69909b6bc33f74c,1156431000,2,*.zsb12.cn/*
5d914e270521a96b6dace2cad295f2e5,1156330300,1,*.zsb12.cn/*
5e38df15f5a85ff4d4bbe2f70c303a83,1156510100,2,*.zsb12.cn/*
5e50be49185c73194a69bc3a9f1c790a,1156430600,1,*.zsb12.cn/*
5e5ab161e1b6208d77d4c75635658c58,1156451300,1,*.zsb12.cn/*
5eb0333ff4fbc026a774a0ea4ac9d917,1156330100,1,*.zsb12.cn/*
5ebbffa4ea32ad51807ec7d323f83371,1156350500,1,*.zsb12.cn/*
5ec519594c28023045806fd3894d09d6,1156440100,2,*.zsb12.cn/*
5ed4a9e0ea480bbca040967070d96645,1156361000,2,*.zsb12.cn/*
5f21bae410edca99f8fc3f697637f1ff,1156350500,2,*.zsb12.cn/*
5fb83bc74b02be1ef512fd3930b52448,1156310000,4,www.hlpretty.net/*
605d0be4b631d80a56862c9a71c7d9da,1156450200,1,www.kmway.com/
60a6fc1809d61b13155aea523f67f9a8,1156330300,1,*.zsb12.cn/*
6142ecd4ce4a6533970d3c6f4d709a7c,1156320100,1,*.zsb12.cn/*
6158fa3e6ddf3e4bc14e9a6903ba8c0f,1156450700,1,*.zsb12.cn/*
6290ceb98796f158a8858a6adad50d31,1156330300,1,*.zsb12.cn/*
62ad56c6b7e93f76ee7c1a9bc4147f38,1156350400,1,*.zsb12.cn/*
63a15a2ea281d0a823e1af2b165684a9,1156340800,2,www.hlpretty.net/*
63b32952d42907b4579bd0da834c4268,1156430100,13,www.hlpretty.net/*
63c3055736fbeb3356667cfbe760b469,1156330400,2,*.zsb12.cn/*
644105665c238eb1ea795e332f257ab8,1156430700,2,*.zsb12.cn/*
647071dd9a1ca40f0661ac9acbf01b36,1156330100,6,*.zsb12.cn/*
64df23e6f357af7036bcc25e3607ec1e,1156330300,56,www.nblife.com/*
654407903d2c51fcc00a63767aa8f49a,1156350800,2,www.hlpretty.net/*
65690f75bd2f92678a8b09bf8f1c1103,1156320800,1,*.zsb12.cn/*
65bbc51085145553c98ee0ffc9072ef5,1156340300,1,*.zsb12.cn/*
65ff2ee9b77da57e8fea1f78594dc5c0,1156320500,2,*.zsb12.cn/*
6638a6e11524ade23351ac4c1ad9196f,1156460100,2,www.hlpretty.net/*
663b0f3ff9d0388c008354730b7dbc22,1156330300,1,*.zsb12.cn/*
666f5bb77ea1323d729346eb23344801,1156320500,2,*.zsb12.cn/*
667b192ec838ce28c5ebf366a6f0b0c2,1156440700,2,*.zsb12.cn/*
6691e57ae9d836b266a1586391fd8ef5,1156350800,2,*.zsb12.cn/*
6741d00fdfabcffbb401133342583b88,1156330100,1,www.hlpretty.net/*
6742d3007bf057252de58998634cceed,1156430700,1,*.zsb12.cn/*
67469934d4fe5b732149bf8172edd82c,1156321000,2,*.zsb12.cn/*
6774e4e1d040235610492d664c2f0b1e,1156451100,1,*.zsb12.cn/*
67b05d175bcb389583fe6a915ea278bf,1156350800,2,www.asiod.com/*
67d15e6f831d2ee72a0823a93611e713,1156431200,1,*.zsb12.cn/*
67fe294e5cb5c52c9accdd86668f1189,1156360500,2,*.zsb12.cn/*
685b7bcc9f03506cfaf606e15103bd79,1156321200,23,www.hlpretty.net/*
6886eb7780283914f1a3d3abd8a96a57,1156450100,1,*.zsb12.cn/*
6894ad8062ec6414b288116a768fe6d9,1156500000,2,*.zsb12.cn/*
689e0b8fcc10c1a35ba0babf371b27b5,1156321200,2,*.zsb12.cn/*
68bf10234818a930bcc8edf8a817ac90,1156350300,1,*.zsb12.cn/*
68cdd5eeb8aafa9cbfd850b90c7fdeeb,1156350900,1,*.zsb12.cn/*
68daf041db7450b6d0e970845f566ca8,1156350900,2,*.zsb12.cn/*
68ef09a8d956fd6b899cf031960f3320,1156360700,2,*.zsb12.cn/*
68f88d1a1da209e2347b6da24c120262,1156330100,2,*.zsb12.cn/*
692112ee5a4e6d71571aa6fd2ca89d48,1156320200,3,*.zsb12.cn/*
696e2bc759eb558ee077a6a30cc5bd37,1156350300,1,*.zsb12.cn/*
699fd934e163ba89afac13fa690fff86,1156440100,2,www.xueyishi.com/*
699fd934e163ba89afac13fa690fff86,1156440100,6,www.hlpretty.net/*
699fd934e163ba89afac13fa690fff86,1156440100,3,www.showlan.net/*
6a0361a67e8dbd085a9412dbdb58be93,1156330100,1,*.zsb12.cn/*
6a4e694b9623db016f6d3c18d1abb6de,1156450300,1,*.zsb12.cn/*
6a7ba47f540e713c880e90427b21a030,1156460100,1,www.qj.com.cn/
6a8cc25dec0f83ff995f70664659ee30,1156130400,3,www.hlpretty.net/*
6aab0ae44a8dba9b95496fd8ca0fdfd9,1156320500,2,*.zsb12.cn/*
6af5f0d51010f18c9e97cb7de1e8d68e,1156330300,2,*.zsb12.cn/*
6b745a3de71bab2ee78b19547349964b,1156330700,1,*.zsb12.cn/*
6b8024699b5380d399630588a5fe7f2a,1156360400,3,www.hlpretty.net/*
6bb9977e2e9c5cb7e4aa5751138d3aa8,1156330100,1,*.zsb12.cn/*
6c38144d409df42199b6d0cd0e787001,1156440400,1,*.zsb12.cn/*
6cf40886e764337aee25ea5d2facc62f,1156360400,2,*.zsb12.cn/*
6d2d486951522aa108fbb0ba503d82d6,1156320900,2,*.zsb12.cn/*
6df6625149cda8d0e3abdbe75fcf0021,1156330400,15,www.sausantong.com/*
6e20f2092a4ae248998bbb4badc76cbf,1156361000,43,www.asiod.com/*
6e517a6953cac800b4700a81f01b2013,1156360100,1,*.zsb12.cn/*
6ebcda581b7e7fd73a5366b57d5bae2e,1156431100,26,www.qiya.com.cn/*
6f02c53dd16c353566c5d2b7d81120d6,1156431400,3,*.zsb12.cn/*
6f8fad8a34e23e3bc6651fbd96bd7072,1156440500,2,www.qj.com.cn/
6fe8d8d76088fc5252ab5a10cf3a7746,1156321300,1,*.zsb12.cn/*
7069999478ec760ee508432b104c5b66,1156440100,1,*.zsb12.cn/*
70f246c1eb4ec39cb2029215aa54a08d,1156330300,2,*.zsb12.cn/*
71377a8df5ed37bf46772c850d15db12,1156450900,6,www.prejm.com/*
7175e580d54f6bf185a442b1b766b4e3,1156350500,4,www.kmway.com/
7177b77e1a50c43ffcfe8b23bcba04a9,1156320200,1,*.zsb12.cn/*
727a55f7bb3f9541498e631ff2d27ae3,1156330100,6,*.zsb12.cn/*
727d55d63330a45d266ae00fe91b019f,1156350200,1,*.zsb12.cn/*
73571c904f7e40f38e52a90cd65115c1,1156350600,1,*.zsb12.cn/*
73617e55a51505f476e5b9eb1699f490,1156451200,2,*.zsb12.cn/*
736f1a857b48f3051b4633208b640538,1156330300,2,*.zsb12.cn/*
73d61262ae8044fcedddcf70362ee8dd,1156330300,2,www.hlpretty.net/*
744d20103ec7818ce97d44b987a4cc28,1156431000,1,*.zsb12.cn/*
74998de62dc126116bd4a305ec99f887,1156330100,4,*.zsb12.cn/*
74c55cb34a617a33aaa276733573391d,1156441900,40,www.china-vb.com/*
74debb48f681757eb251bb4361606b6d,1156430100,2,*.zsb12.cn/*
754a6ccb50366ccd8f43733208e3cd7e,1156330700,1,*.zsb12.cn/*
75e2a19de54cd19d9b180e9fc5dad374,1156350200,1,*.zsb12.cn/*
7668d74f25d69277a4e21dd2cf09f8f9,1156310000,3,*.zsb12.cn/*
7681bfd850d9007f525a35889fc78a5b,1156361000,2,*.zsb12.cn/*
76dc6f0e9b9a693d40545e7ef158bc41,1156350700,1,*.zsb12.cn/*
76f932ed93b7b4d12a0a0afbc55018ef,1156341600,1,*.zsb12.cn/*
773f21b48e049b2875b408d4a21a4e14,1156330100,2,*.zsb12.cn/*
777916e386c861a54668d6eac0d22de1,1156350600,2,*.zsb12.cn/*
7800b9f422b14ff7b9b4bfe8a6f1c0c8,1156330800,1,*.zsb12.cn/*
78d36621f898cc74bdfb29d506ac9850,1156320300,1,www.asiod.com/*
790b19ced1ac6fd142a28f433e061ab1,1156411300,3,*.zsb12.cn/*
79631696690d47739d5467a2127638cb,1156440100,1,*.zsb12.cn/*
79ca38d348430bde00e5241726cbd109,1156431100,32,www.qiya.com.cn/*
7a2ad551ab0c241cd7a0fb4633d778d5,1156320300,1,*.zsb12.cn/*
7ab909bfbae2dc7d5e0783853a78a5f2,1156321200,2,*.zsb12.cn/*
7af77ab5f00692c728b36ce0ed4790b8,1156320500,1,*.zsb12.cn/*
7b44504d601cf7db4b75004757d28af9,1156511000,3,www.hlpretty.net/*
7c860a6fe9bac48fb7a792b5c4b1419d,1156460100,3,*.zsb12.cn/*
7c962863fbde80d222e51e93e3432851,1156430500,2,*.zsb12.cn/*
7ca6d9f3c312222675bceed369ec0c74,1156460100,1,*.zsb12.cn/*
7cfd7b6dc7d420056306d948dc753193,1156360100,1,www.kmway.com/
7d8a2179cec80eb3e8470c21b3c6120f,1156320500,3,*.zsb12.cn/*
7d9d5382e63b793c0f6ff467fc524c44,1156431200,2,*.zsb12.cn/*
7e12ddb18af4c0c2f8476ea826a5c485,1156330200,1,www.hlpretty.net/*
7e4ed51a60450b57a162e63b7754d8a6,1156360900,1,*.zsb12.cn/*
7e6bbc898ab1037e27f4230a4038e0e2,1156440100,1,*.zsb12.cn/*
7f46e58b5bab5911e54cadb2282c2fdc,1156330500,1,*.zsb12.cn/*
7f7022466e6d9a33a6516f78735455ea,1156460100,1,*.zsb12.cn/*
7f8a13ae6ff90fef0f151fe65c3ef9f0,1156450200,1,*.zsb12.cn/*
7fca634696f95260a065e866390e01c8,1156321000,1,*.zsb12.cn/*
800c12fab34c8e78c418684624fd7f99,1156360700,2,*.zsb12.cn/*
8028158c7796864d7ac514139b90fe2d,1156150900,2,*.zsb12.cn/*
804371227df0137d76b1d35b0a7d99da,1156441700,3,*.zsb12.cn/*
80d7628bf79f88f22d6913e72766341a,1156440400,1,*.zsb12.cn/*
8144b7a21be93e3a5c7af4e47775e450,1156360700,2,*.zsb12.cn/*
814b6d297583de24533a1b40f7bc1ca4,1156440300,1,www.hlpretty.net/*
815e46bdc697e921ecc3e75b9fa97e9d,1156320500,1,*.zsb12.cn/*
819290f11c1fc59bee2050907568f4cb,1156510700,2,*.zsb12.cn/*
8233af3dd3b6ca8d568240b89d635e7d,1156440300,4,www.hlpretty.net/*
825170fa9815e79ec1e3a94321ecdde0,1156350100,1,*.zsb12.cn/*
8320b31eb5e8433360a15fe7dce78573,1156340800,1,*.zsb12.cn/*
8376ca46367cd953c3475558f5b4d695,1156431000,2,*.zsb12.cn/*
839db4ff08cbcf673f07b262953802be,1156320900,1,*.zsb12.cn/*
84504a4be5ee78f4f3b68416f2e337a2,1156360900,1,*.zsb12.cn/*
84c13e16c320c7c6de2caabbd86ca3fa,1156451000,1,*.zsb12.cn/*
857fa24a77b29b69b557eb1258386f0f,1156360600,2,*.zsb12.cn/*
862c0079efa0615a61f00feb5cca6378,1156430300,3,*.zsb12.cn/*
8661e2341d19e6ca9fc57d1e1bed5537,1156511900,3,www.hlpretty.net/*
868564f83f53e92e6eecdb6b2e4d18c1,1156440100,2,*.zsb12.cn/*
86ecf9b61ab8a7aefcdc26cdefac06c0,1156330500,1,*.zsb12.cn/*
87172685ec3dce157ce0ac2cf6e9f161,1156320500,2,www.kmway.com/
8751e8ece1f94e417b0bfe668e5acd7b,1156360200,1,*.zsb12.cn/*
8773243f641cf76cb4075a1714908b8c,1156441900,2,*.zsb12.cn/*
8788ca003ff3e33ace52280ba73ca059,1156320300,3,*.zsb12.cn/*
88062154c09a2a484c37fb7fa9755963,1156330500,2,*.zsb12.cn/*
8824c277c732638afd8554d4f213507d,1156350800,3,*.zsb12.cn/*
882516acaff9bbddf7877e33fb36aa1f,1156320200,2,*.zsb12.cn/*
888ddae8e8505caf6e5a2623ffed568d,1156441700,2,*.zsb12.cn/*
889132e275fa460405df93635df8ed63,1156460100,2,*.zsb12.cn/*
889e1c22352ba9a44d8e8292206192d0,1156340600,1,*.zsb12.cn/*
8948b80b3993774b39e8accde6a72c9a,1156350700,2,*.zsb12.cn/*
898023d70254f0f567d0e00d278220fe,1156320100,1,*.zsb12.cn/*
8a494964f2f37dab84c163802b4820dc,1156361100,2,*.zsb12.cn/*
8a6cf3f2872b9e85fc3ec70a4cacd7ba,1156330900,4,www.kmway.com/
8aee34f1140c30cb35c7f44139f67faf,1156440600,1,*.zsb12.cn/*
8b4002f484e4686c1bb21f204a9d8cfd,1156330200,1,*.zsb12.cn/*
8b9bd965e4912bdd9646e468832e5f44,1156321200,2,*.zsb12.cn/*
8ba64194a0135a8e928dd22b44cededd,1156430100,1,www.hlpretty.net/*
8bf4b638dad7623c01d3e261af9c74aa,1156440100,2,mry.5588.tv/*
8bfec435bcc5da098ca2723fd30e837f,1156320800,1,*.zsb12.cn/*
8c116adf5ce39e81f9d107a79664bbcf,1156440300,3,*.zsb12.cn/*
8c242e068ebc41681b2d4428b0828218,1156320400,1,*.zsb12.cn/*
8c338a8921e9b05c57b2055031643626,1156360900,4,*.zsb12.cn/*
8c9197334ab3d50935a3163cb15a92b5,1156330100,1,*.zsb12.cn/*
8ceba9db8fa6dec5dd04e8bdf3837e45,1156330300,2,*.zsb12.cn/*
8cf330a6498b5e4ab3d975b5a0a35b46,1156431000,3,*.zsb12.cn/*
8dbb3569a1f8fcbff0c44c8aa95bbd0b,1156361000,3,www.hlpretty.net/*
8e8d719fdee3e619ae966a33290342cb,1156321000,2,*.zsb12.cn/*
8eb19bde5280e44bf64de08d330e0cf3,1156340100,1,*.zsb12.cn/*
8eb4df891edc6f4119f6657245f4a8ca,1156330200,1,*.zsb12.cn/*
8ec623c0f2f807edb16a18b70d0883f3,1156360800,1,*.zsb12.cn/*
8ecba4e56adf3592d28ccc6d6cf47e22,1156320800,2,*.zsb12.cn/*
8efb6001bb8459bacea3c9b199b98e0b,1156410100,2,*.zsb12.cn/*
8f599e9afddf529c99b6bf2719be6223,1156450900,1,*.zsb12.cn/*
8f75aa17140b0815e3880095514137f6,1156361000,1,*.zsb12.cn/*
8f8037e367ba914f7e40aa1ed2f675a5,1156350300,2,*.zsb12.cn/*
8f9b6e63a8eda7b1fd9237a4e29aaee3,1156320400,2,*.zsb12.cn/*
902407cc71124fa3c74d503aaf0603f8,1156350600,2,*.zsb12.cn/*
90d2a5a8904ed940889d2cc1a4be8a2f,1156430400,2,*.zsb12.cn/*
91590236de6cd8c2ae142cf203ef7d8f,1156330100,2,*.zsb12.cn/*
91c358481a9ea6c130599a104f257a12,1156440300,1,www.qj.com.cn/
92be81290037e9ce5fdf8e0770d423ba,1156440100,1,*.zsb12.cn/*
931d201c3c62e2d708d94401cc87bcec,1156511700,2,*.zsb12.cn/*
9348b3403fb07933bb6590b92a6f863f,1156330500,1,*.zsb12.cn/*
937d8c987f2c037fbd9bd93ea93be058,1156330400,1,*.zsb12.cn/*
93813b7cbfc9826eaefc08040ae7e55e,1156442000,2,*.zsb12.cn/*
94d5826ba2d67e00d7f148812eea6226,1156441900,2,*.zsb12.cn/*
9501b69690c512607593169e64004046,1156430100,2,*.zsb12.cn/*
957c2c43d5a93610fa3f054bcd409120,1156330700,2,*.zsb12.cn/*
959128db1a95e2502511f9d687287b7f,1156340300,2,*.zsb12.cn/*
95e7c413f0b9d939f3ac38dd49679e7f,1156441300,2,*.zsb12.cn/*
95f1583218efbd05baee9f8c8022825c,1156430500,2,*.zsb12.cn/*
965c9405f1c1fba002ee977ad063487f,1156330200,2,*.zsb12.cn/*
96db77333c5136f32745aa5c945b97be,1156431200,2,*.zsb12.cn/*
970b34201d84c78214e397b0288a1d64,1156320300,2,*.zsb12.cn/*
975912c861d4e8abce8d589f7188ad1d,1156350900,2,*.zsb12.cn/*
97e20cb5b1483ffd91976ac91eae25f3,1156360700,41,www.china-vb.com/*
98260ad365c208205622ca94f3933a3a,1156360700,2,*.zsb12.cn/*
98760e8c94676b74d7e9b3d84b752e3c,1156440100,1,*.zsb12.cn/*
98c201fd8115037fe2145d458c6d6036,1156440300,2,*.zsb12.cn/*
9909ca25355610093e2fb48191e8d3d0,1156460100,1,*.zsb12.cn/*
9913df6764b9844b9cb0b54c691b9e0f,1156330300,1,*.zsb12.cn/*
99311e6659cd8ae6c4430bb5eb628cc9,1156330100,1,*.zsb12.cn/*
9931bd4a423ebb3180e26322ef22c4d6,1156350500,3,*.zsb12.cn/*
9983f74d75f84174e1038f760a34d9bd,1156440300,1,www.kinglady.com/*
9983f74d75f84174e1038f760a34d9bd,1156440300,5,www.hlpretty.net/*
9989e40698ade2e6cc00cdcb3b7bce6f,1156360800,1,*.zsb12.cn/*
99d1262589ac79269fb2117b9bec7e88,1156330300,1,*.zsb12.cn/*
99d29dd8eeb58f63d4c13662e921a0de,1156430100,3,*.zsb12.cn/*
9a192a9678ba9434ad2c79d94307df3a,1156460100,1,*.zsb12.cn/*
9a3007281f4141c0ea74ba7f58e70293,1156330300,2,*.zsb12.cn/*
9a5f8fa2afb737caa862812f7949f3d1,1156350700,3,*.zsb12.cn/*
9ad272f6ffaa11ab30506a876676cbf6,1156320700,1,*.zsb12.cn/*
9b0ff229b8b4bf987baaa75a60df5ab0,1156330700,3,*.zsb12.cn/*
9bab9a70663607815b1a846ecaefeb23,1156441900,1,www.china-vb.com/*
9bcc57dd9a2255241d86c3deda16e10d,1156330200,1,*.zsb12.cn/*
9c58c36a59cd2ee24764d3846806dfc0,1156450100,1,*.zsb12.cn/*
9ca01ab6bb23121cce54ebe6fb84dd84,1156441900,2,www.hlpretty.net/*
9cba421b0e7f13cf0d58358415251dd7,1156320500,2,*.zsb12.cn/*
9cfcbcc238d0d32266cabbf5dbe6506c,1156330700,2,*.zsb12.cn/*
9d0bce12af5d05ff5690eb3de6519626,1156330900,1,*.zsb12.cn/*
9d250d602567380e7088f98f4100b773,1156360100,3,*.zsb12.cn/*
9d864079920bbd7667ff6f5e682655bc,1156450800,2,*.zsb12.cn/*
9d8efa61fb477323da9c442ed15e3245,1156431000,1,*.zsb12.cn/*
9e657822e01fb1578d91411b7ec12e9e,1156360700,2,*.zsb12.cn/*
9f1eb65ccd9b7eeb39c54c722c544a41,1156350500,4,*.zsb12.cn/*
9f52935512176cdcdd7506d02b4d6bd5,1156350800,2,*.zsb12.cn/*
a00869aa115fd5103041b7b13c248bd8,1156440800,1,*.zsb12.cn/*
a0ae76a75bc11e92de499a2a2b3c4c6d,1156330200,2,*.zsb12.cn/*
a10ad1be5db05289f3ff048de26a5df4,1156330100,2,*.zsb12.cn/*
a12ebfd2ed1e2afa8c500681494d9189,1156410700,1,*.zsb12.cn/*
a13645a68e9e70d6a7cf7879520d5b48,1156360800,1,*.zsb12.cn/*
a1e02fd6cae13891cb108f9476419e27,1156350500,3,*.zsb12.cn/*
a22a0dd476040a35a3df5506278225a1,1156440600,6,*.zsb12.cn/*
a25e4795b88dc68681c396454f4e1f2f,1156360700,2,*.zsb12.cn/*
a272f49cbf7a437fe5a61d0fef7248a6,1156450100,1,*.zsb12.cn/*
a2a64b4b848c2629a756dcafff121eb5,1156420200,1,*.zsb12.cn/*
a3036c65f3fc4e4ad9535056c06c425c,1156440300,1,*.zsb12.cn/*
a33a74e66466bb067f4d0db6acc10bcd,1156330500,3,www.hlpretty.net/*
a395c5a7ae9b428c8c8e797f8d46f89d,1156350200,2,*.zsb12.cn/*
a44e298e8a2a5bccfe3f0bb721e916d4,1156451000,1,*.zsb12.cn/*
a47624e4a25c3f15108407d5921de88a,1156360600,2,*.zsb12.cn/*
a4a438bbea745ad3e861c87b5a57f101,1156441900,2,*.zsb12.cn/*
a4be3980722e58779865dd3c3aa0970e,1156330100,1,*.zsb12.cn/*
a52f110817248ff4ff0c97bd0fe903ef,1156350400,3,*.zsb12.cn/*
a60b78ae8dadb953175fbc678382d3ea,1156440300,1,*.zsb12.cn/*
a60bb783c9d036fbfbce30dfa070e39c,1156341000,2,*.zsb12.cn/*
a64fdec1a09823110f69c8bb14991800,1156500000,11,*.zsb12.cn/*
a6e94c40e240393bce93764c00821766,1156440900,20,www.nblife.com/*
a6f27216e12442abe67dd6653c39c58e,1156360800,1,*.zsb12.cn/*
a7651dbd4972a0ed9eebba0c5bbaafe6,1156340800,3,*.zsb12.cn/*
a7ab77f4c14ae6b2a0fe961705d51e70,1156350500,2,*.zsb12.cn/*
a7ded47625817a41ad1b5195156afbc0,1156451100,3,*.zsb12.cn/*
a81c70d5520d47eaffb13616916b8c3b,1156360100,1,*.zsb12.cn/*
a837db369d3148904819ad962ec9a022,1156430100,1,www.qj.com.cn/
a8b4ac0fd1b9e29fe49e2c663b9b748b,1156430300,3,www.hlpretty.net/*
a97b387990d5094772654320ee17a524,1156440300,4,*.zsb12.cn/*
a990d55d25fb89fbceeb5b739f6c6b74,1156440900,3,*.zsb12.cn/*
a9e142cac358742ee0a4ec87a043f4c2,1156360900,1,*.zsb12.cn/*
a9e1d3aaed8efffb481212a45beda4c5,1156430100,4,www.kmway.com/
aa3e744bc6276bb4dee060fa07bbb9c9,1156440900,1,*.zsb12.cn/*
aa665f51c65b1115afaed52a2237cc0d,1156320900,1,*.zsb12.cn/*
aaff8613cb30165dfd2ccb044b0a2701,1156451300,1,*.zsb12.cn/*
aba15d910038f7623d40ce2baa5bdbef,1156431200,2,*.zsb12.cn/*
abb78f780feb80b1a3857c7e3d974741,1156320200,1,*.zsb12.cn/*
abc2ec823200456a4f9e0e2cea6c1a97,1156320100,3,*.zsb12.cn/*
abf79b75d4c214d2cc858abe7ce94c7a,1156441900,1,*.zsb12.cn/*
ac128f1b49c0f774f37854b6f02a4b50,1156440400,5,www.hlpretty.net/*
ac2318c487235abf1cf525d795294a6f,1156440100,2,*.zsb12.cn/*
aca5504c8d410ca5965e5f71810b3476,1156320900,1,*.zsb12.cn/*
acaaa6c77b05b2b68b275e1d1bfae09c,1156440300,1,www.qj.com.cn/
acc90d0f97237570e1a94e92a8c9cbfd,1156320700,1,*.zsb12.cn/*
acfa6e5512479f2d63daa53022726bc1,1156320100,1,*.zsb12.cn/*
ad39c8501f3e72a61a3384e5a8b28760,1156360900,3,*.zsb12.cn/*
ad888c6ddf04e3e68598cd7f15cfad84,1156430600,1,*.zsb12.cn/*
ad8cef9bb04f826129aa2ffc6a683064,1156440300,2,*.zsb12.cn/*
ae0210aa09c4be17bdc5d883bce06a12,1156431000,2,*.zsb12.cn/*
ae2a3a96c6f4f0dc29422f1df1a118bc,1156350100,2,*.zsb12.cn/*
ae566d6356229fcf0dc87ee058b1d1de,1156440100,4,*.zsb12.cn/*
ae766484d1b7d4afab387f6b48180e79,1156320300,24,www.yushanghuimei.com/*
ae8aa28e6681979f553079de8a1831d8,1156350100,2,*.zsb12.cn/*
aea49e7e593f6641f87d56fc5d399d38,1156330900,1,www.nblife.com/*
aee5b85ef021dc0419ba3f86e8dfcb17,1156330200,2,*.zsb12.cn/*
af463113a5d526078ade17bdaa2482e9,1156451000,3,*.zsb12.cn/*
af8ee17257bf45b005c96e4c94576c24,1156360700,1,*.zsb12.cn/*
b05d35697a41cdc5da1bf0613592d551,1156350500,1,www.hlpretty.net/*
b06a9fd3cbdf46d15e73733eb0619a3e,1156330300,2,*.zsb12.cn/*
b0a37947295f3807bb99d55853c26744,1156321000,1,*.zsb12.cn/*
b137f409d3fb30209082fa93ef2c4275,1156360100,3,*.zsb12.cn/*
b13edcdfd834d6b3f019d88e9229d09e,1156350200,3,*.zsb12.cn/*
b1a88c343130a3851909c0704d2b9256,1156361100,1,*.zsb12.cn/*
b23793e96580cfb7773cafafc0a60f62,1156350700,1,*.zsb12.cn/*
b282e05b02220c0a23f93650429d2767,1156431200,3,*.zsb12.cn/*
b2afb41544642a9b0ddb29617118986d,1156330300,3,*.zsb12.cn/*
b35f9c5ca6222d4c35bddab09f62d8d9,1156361100,2,*.zsb12.cn/*
b363d2e076c44d96af798c01b5b77040,1156430100,6,www.showlan.net/*
b3d501e1f18c9518e159976267a571f0,1156451100,3,*.zsb12.cn/*
b4684b605216619662f0cb58e2de51da,1156330100,1,*.zsb12.cn/*
b5194e6ee2bd66e916f8e48ddba43575,1156330600,1,*.zsb12.cn/*
b53f4fc7e538e94e60ccfd34c3b843a8,1156350700,1,*.zsb12.cn/*
b5727c8ad3d40ce69176891b1f3ed0cc,1156350900,1,*.zsb12.cn/*
b5d33dadff1bd1db4cd76c5bbb48df4d,1156361000,1,*.zsb12.cn/*
b623600ea642944e9b59eaa2416090d9,1156320500,3,www.hlpretty.net/*
b68ba7fff3a169ff5b73cdd9c07c4080,1156360400,4,*.zsb12.cn/*
b6be40659222e8afc82ec981a67ba3a5,1156500000,2,*.zsb12.cn/*
b6c07ff528b99159ed559386b1d3856f,1156341200,1,*.zsb12.cn/*
b6cc38c6305dbc01c7af9b29dccab594,1156360500,1,*.zsb12.cn/*
b6d3bca375e7bf33f804e110a9ee62ba,1156350500,1,*.zsb12.cn/*
b6d428abf823b19456445b96de525dc3,1156321200,1,www.kmway.com/
b6d5c0e42e5d3ffb9b718ae0fe63b572,1156430700,42,www.asiod.com/*
b6e007ae37feac5950581db7a9233e93,1156430700,2,*.zsb12.cn/*
b6e763ef45098baba4967765a1e3ab7c,1156450100,2,*.zsb12.cn/*
b78a9733d7e63c3b5ada7393218766a1,1156350600,38,www.sausantong.com/*
b78c1d532cd86d28828e4ac7229a8957,1156330100,1,*.zsb12.cn/*
b79fa413c177904745c19ba9f1aaadb9,1156320400,2,*.zsb12.cn/*
b82fc953b5bd85a0b97447c04a399cb1,1156451000,2,*.zsb12.cn/*
b8d407c85226b11694ce3e80c35a4993,1156431400,1,www.kmway.com/
b8e9cd8b6a9ee64ac89873a3b143bd02,1156320600,1,*.zsb12.cn/*
b9143c09413991ad15c7cc179871b861,1156321300,1,*.zsb12.cn/*
b924a3ac89e9d67448a83bb76aadbd73,1156450200,1,*.zsb12.cn/*
b9c93701ce542be335a5626a3121f7c7,1156350900,2,*.zsb12.cn/*
ba1b976ad09c86d62f61a5d1f230c115,1156450100,2,*.zsb12.cn/*
ba44ff9cbc6cf547be8fce5a95deb4d4,1156450300,2,*.zsb12.cn/*
ba91c04a9f29bb679f53778516c364fd,1156350600,2,*.zsb12.cn/*
bb290269a035cc9e8230a725402b3a3f,1156441900,3,*.zsb12.cn/*
bb3942ac769f9ee88988392d18b78399,1156330500,2,*.zsb12.cn/*
bb5c6b0a0f53a58191567f850fafd196,1156440100,1,*.zsb12.cn/*
bb7a2124c491bc13cfcdd6a0b24b5454,1156360900,3,*.zsb12.cn/*
bba10dd1bedfbcafc656c5ec9a128f2a,1156350500,2,www.hlpretty.net/*
bc09e49ef2aa9d6cd332546db07c554e,1156360400,1,*.zsb12.cn/*
bc27df38cea86b2c20cf37de86f5bcd1,1156331000,1,*.zsb12.cn/*
bc2ca42286620449eb569cd153f2d541,1156360900,1,*.zsb12.cn/*
bd17f87a66b966e46d5934f71c579b48,1156450300,1,*.zsb12.cn/*
bd1cb5c4574918947243185536d123ad,1156350500,4,*.zsb12.cn/*
bd56708e9f9b2a8d06c6258737af9bc5,1156421100,2,*.zsb12.cn/*
bd84f2c959ffe86abbfabdb12d194435,1156350600,1,*.zsb12.cn/*
bd85f6823b373d2d4538c8ab6c6ef5a1,1156441900,2,*.zsb12.cn/*
bd99a02bf55de1ad09b738850ac12900,1156360100,3,*.zsb12.cn/*
be3fe9b60ec89d877ff3f6df2623fdfb,1156431300,1,*.zsb12.cn/*
beb3afc9bf973d10080bc31c10d471b4,1156450200,1,*.zsb12.cn/*
beea786dbe93aef3859433df8202b8dd,1156430100,2,*.zsb12.cn/*
bf63cb55aa936f0ac6f4516fd663c7f6,1156350800,2,*.zsb12.cn/*
bfcbea953e936f0bd387bc92a21a78ee,1156360800,1,*.zsb12.cn/*
bfe9b6e7af7eed2ee6b61e5fe44c0aca,1156360400,1,*.zsb12.cn/*
c0376d0f85590afe7150383dbc76b4c0,1156450900,2,*.zsb12.cn/*
c0511a212c1c4aabc3a1db0d511cfa11,1156440100,2,*.zsb12.cn/*
c0cacc25d93b0773760f42d87f1c4c5d,1156320300,6,www.hlpretty.net/*
c0e918e21ad86d99b805d451a35b3c5f,1156350200,2,*.zsb12.cn/*
c13d375294806952fba4db3d8db6b0bc,1156440300,1,www.yushanghuimei.com/*
c1a5a381a330ac64291040b1cb78302b,1156450800,2,*.zsb12.cn/*
c1b1710005d11621d480c147da91cff4,1156450400,1,*.zsb12.cn/*
c1f4f49473f59a6f77ccc6e2c3ca2677,1156361000,1,www.hlpretty.net/*
c20a05b939db172816469b2aa431441d,1156350500,1,*.zsb12.cn/*
c2118921d4f685103f1a7b121a79ee22,1156450200,6,www.china-vb.com/*
c2b83014de9ec90818be6a3f37a1a774,1156361100,1,*.zsb12.cn/*
c306fe6642b05db86b7eba4009eddc96,1156360900,3,*.zsb12.cn/*
c378baca9d0c1a53c7ef528671273ff9,1156360400,2,*.zsb12.cn/*
c3b573220957adeba2643924269b716d,1156451200,1,*.zsb12.cn/*
c438907058da23a23843cde6e9989f50,1156440100,1,*.zsb12.cn/*
c4581dce90abad2342c31cbd3b491a51,1156350500,3,*.zsb12.cn/*
c4f834314334bf822e47a9a6b766a41d,1156431400,1,*.zsb12.cn/*
c58e7c384a87d611d3b3a8059339fdf4,1156431000,11,*.zsb12.cn/*
c5967d73e4f25dc6eb8590192d1d2d92,1156330100,1,*.zsb12.cn/*
c5bd88e9680c933f1f61cebd8954fa27,1156430900,2,*.zsb12.cn/*
c5ecdaaeb33e6bdf764b35a5eefe778b,1156440100,2,*.zsb12.cn/*
c60370979107500884105e787e707c1c,1156330300,2,*.zsb12.cn/*
c695189f1446377153518856671fd87a,1156331000,2,*.zsb12.cn/*
c70554234a1e1b5cb1f70e5a13a0d98f,1156430100,3,www.hlpretty.net/*
c70c4fe5dd10d0d02a8696175332350b,1156460100,2,*.zsb12.cn/*
c7a1e52fd1267db74f4c4c4b37e8e3c6,1156450500,4,*.zsb12.cn/*
c7c369cc4d605328c72787d11d28be49,1156340400,2,*.zsb12.cn/*
c7e893c90c7a935e5de4077877709fae,1156330600,2,*.zsb12.cn/*
c8475626eb9365f6374188ce00bca421,1156450300,1,*.zsb12.cn/*
c84c4015d6161fbb4bd6ba6a7884bd26,1156431200,4,*.zsb12.cn/*
c8980885f204b175275ba4dc69227b0a,1156441300,1,*.zsb12.cn/*
c8abf4675251a34c6806ae35d95b6fa3,1156350700,2,*.zsb12.cn/*
c94726b4e1029bf2137d6c0a38d7bdb6,1156361000,2,*.zsb12.cn/*
c9d75203cbc9f3972ee89e120d3b78c5,1156430700,3,*.zsb12.cn/*
ca0a87b4fb42f9c328e151838e3d986e,1156361000,3,*.zsb12.cn/*
cafb94ae6be311f5728ed38a11ebd203,1156340800,1,*.zsb12.cn/*
cb0ee6b371d6d38e51e4e41dc995bca2,1156360700,1,*.zsb12.cn/*
cb260ddeba561b0cee63cdaf28bb6c08,1156360200,8,www.hlpretty.net/*
cb39338513455280a8d1db6923d7a69c,1156522200,1,*.zsb12.cn/*
cb530f7f6b230a9de89563f006ebbbc8,1156320100,2,*.zsb12.cn/*
cb87c6ba0402f92e0128cd4d606b383b,1156500000,1,www.kmway.com/
cbafb409c5bb297f391d6cc7e9ae9fde,1156330200,2,*.zsb12.cn/*
cc351df455fa554a525be172127588d4,1156441700,3,*.zsb12.cn/*
cc5283f3a13b684c2616c1d1174cb342,1156450900,2,*.zsb12.cn/*
cc8d5a2d8c6be38a0bb6258dddf69e04,1156430600,1,*.zsb12.cn/*
cd1bc54a4d8f7b13c83c8f768eca8218,1156330300,1,www.showlan.net/*
cdaf31a3830cde4dae82763b7fb5da4e,1156360900,3,*.zsb12.cn/*
ce0ce7e9f9bf342a5b44d90d130e1d41,1156451300,9,www.hlpretty.net/*
ce52854543426290c24fb473d7339b99,1156360700,5,*.zsb12.cn/*
ced9cd0b0728db6d2e0eab77556b706b,1156320600,2,*.zsb12.cn/*
cf21cc5119c308b58f026b87af77cb5f,1156350200,2,*.zsb12.cn/*
cf5b448bd8f96cc1fa17956f4eb4eaf1,1156331000,1,www.perfectshape.com.cn
cf627e62e279a9be5e42e59d617d500a,1156360100,2,*.zsb12.cn/*
cf8da365f3473c6f63d9c1584c8161c4,1156440300,1,*.zsb12.cn/*
cfaa2b92c783dc7907384d435a66bdcb,1156451400,6,www.yufengfang.net/*
cfc1443a7124298143ef25e079379d3f,1156330100,6,*.zsb12.cn/*
cfc479454b3750c473a7184a7762d180,1156420800,3,*.zsb12.cn/*
cfceb4adb647479ca31b8a467e2f13f7,1156330100,1,*.zsb12.cn/*
d0166df7329d2139fe55dcbc30b1729a,1156320300,1,www.kmway.com/
d06188a635e973d345abf8f0e77f40e8,1156532600,42,www.asiod.com/*
d0d3e195ca885834a5f31770e2c271c9,1156320400,1,*.zsb12.cn/*
d0dc611595c90c4b0d9fa317359203ac,1156331100,1,*.zsb12.cn/*
d1661374dac2cebc7339926108096a0e,1156441900,1,*.zsb12.cn/*
d17be89c72707f9f894d0243f61d2b23,1156330600,1,*.zsb12.cn/*
d247c53f46f2fae902f63afb54f11dd9,1156330300,3,*.zsb12.cn/*
d31da434a80918954b991c24b6b6c7a7,1156350500,44,www.asiod.com/*
d34abe5131a7e97154d29bd422f5f5fd,1156340800,1,*.zsb12.cn/*
d39a8e0b0104fcee5d6cea3335206142,1156610100,1,www.kmway.com/
d3a7b4dfc7d3da714b66ab03284d30e3,1156320600,11,www.yushanghuimei.com/*
d3b59780f6f94b13209c3edda55cef92,1156360900,3,*.zsb12.cn/*
d452b85afef7c10d6d5a6a462a82290d,1156330200,1,*.zsb12.cn/*
d4c1ce429744f799ffa98b77a1160b7d,1156450200,1,*.zsb12.cn/*
d4f71381ffc7e1f27c873b17dcfa9eeb,1156320500,1,*.zsb12.cn/*
d51452c32e8a93c88287557404dcedab,1156460100,1,*.zsb12.cn/*
d60f8636a598f06b656dba43b4e8a417,1156450300,1,*.zsb12.cn/*
d6334bc9bc2ec7d76dc74144763150ae,1156361100,1,*.zsb12.cn/*
d63ef89b3c921007706f7a6afac72caa,1156360400,2,*.zsb12.cn/*
d64abce265e945fcd4b3a013490ce128,1156451300,1,*.zsb12.cn/*
d661245de6aa9015540603fc2b2a5c1a,1156450100,1,*.zsb12.cn/*
d69dd8483a1ee07ce8588c5efe7ee3d7,1156450200,1,*.zsb12.cn/*
d79c19ed2493acb83a7bb50ad7621da7,1156330300,2,*.zsb12.cn/*
d7b3ffcad5346031fcc0bda906800d47,1156340400,6,*.zsb12.cn/*
d7faa84891afa40f21cfbfebb295326b,1156450600,1,www.yufengfang.net/*
d83c39a0917881c2e577833dddaf6a4d,1156320500,3,*.zsb12.cn/*
d88cf89ede4f6fde414e8fb775a8e42a,1156350100,2,*.zsb12.cn/*
d8b96ccb2af568014ed9e9eb50becf48,1156320200,2,*.zsb12.cn/*
da57c5413ce31e81781218a7d60f07bb,1156450700,1,*.zsb12.cn/*
dac6fe03921fa7c241a2b4cc32afb587,1156440100,1,www.snowyskin.com/*
db427a2b1d29162f72998990a4900f84,1156460100,2,*.zsb12.cn/*
db64452ebe550ca54499f1e8dbbf33cc,1156360200,2,*.zsb12.cn/*
db6cc1fc02e86e899067247a6efc90b2,1156330700,2,*.zsb12.cn/*
db861380dbf3e062969f84c08733b8b4,1156440100,3,*.zsb12.cn/*
dbc0f2b5135a6d96e8cb2e1002d011e5,1156320600,8,*.zsb12.cn/*
dbe57a0b01e9ff90ed47469986fb47e8,1156441300,2,*.zsb12.cn/*
dc3f489ebf4f6a5f399201f9b806c97f,1156350100,3,*.zsb12.cn/*
dc4faf6c01124c518fc34e9916200f3c,1156360800,1,*.zsb12.cn/*
dc8198eeee7a0e4d45c0535005e1b4a3,1156320500,33,www.xueyishi.com/*
dcddad296926f3817ee62221a6a5e614,1156360300,5,www.hlpretty.net/*
dd4c71de65ee7672fa67bc9ff3fe18ee,1156330700,1,*.zsb12.cn/*
dd77f236beaf5d3e7a26e77bf37ab87e,1156320300,1,*.zsb12.cn/*
deb6ff44f59289c9c5cf9fa88a16e7f9,1156320300,2,*.zsb12.cn/*
debb67e9f4c15a42b8d80eb666f678a4,1156430900,2,*.zsb12.cn/*
def3a5a58400cbfa8e5c88753133991f,1156321000,2,*.zsb12.cn/*
df1ab408fc579d207cfdff9d9e1561ff,1156431000,2,*.zsb12.cn/*
dfb13f682245b41bee90a22513b6e7fd,1156360200,1,www.kmway.com/
dfcdb6d571978900b3365bb24692f2ec,1156320500,2,*.zsb12.cn/*
dfcf4fafbce8ac00ba1b34fc59887af7,1156320300,1,*.zsb12.cn/*
dff376be6af76c870b3e8670e3a5fd22,1156320800,2,*.zsb12.cn/*
e00b00301e951758aa0228922fbd7246,1156360400,1,*.zsb12.cn/*
e01b33dff19390cca51a55c99d6c3fe5,1156450900,2,*.zsb12.cn/*
e0389d3c1b2c052a61e6673aef10dee3,1156451000,1,*.zsb12.cn/*
e06b186c174e75406f3ad7f33c6abd68,1156330500,2,*.zsb12.cn/*
e07e9bb155866e444e889e8a5b86783a,1156440100,17,www.samunlisa.com/*
e0ba2fb5bc509847440c914cc524ca1f,1156430600,3,www.mfspa.com/*
e14e2d1694fcd55290c54380cd7db549,1156330200,2,*.zsb12.cn/*
e1a857796c38522cb86af11b8765fbe7,1156430500,1,*.zsb12.cn/*
e1b302b0d6c951980cc88e595615feed,1156430100,2,www.hlpretty.net/*
e200ffd73a22a217b17d84e28b3cf5c6,1156320400,2,*.zsb12.cn/*
e20e8a29c45dc49252c1692dc545284c,1156440300,2,www.reinapalace.com/*
e255dca13eaac3bd1e2aff754e33ddfc,1156330900,2,*.zsb12.cn/*
e2721218db6dbf9c347dda046b803a26,1156340100,9,www.hlpretty.net/*
e31de19f2d8b2ac8de09f8ab10e7a841,1156440400,4,*.zsb12.cn/*
e33a7174b99d3eb52976381a59d44689,1156360900,1,*.zsb12.cn/*
e35103086a7b74a7a0b28246f1d178cd,1156450700,1,*.zsb12.cn/*
e356f9560cce62613298c56cb265e019,1156450700,1,*.zsb12.cn/*
e41c2aae2dfc579347adfd7266a8e1ba,1156441600,2,*.zsb12.cn/*
e424d340f8815bf7c7bf9ebbd115d3df,1156330200,1,*.zsb12.cn/*
e4705dbefa034d7e90270aaf9948096c,1156350500,1,*.zsb12.cn/*
e4809ecd03fd817ff45fce4a297f8e1a,1156441400,10,www.kpbeauty.com.cn/*
e49b061c916133330546df1f513faaff,1156510100,8,*.zsb12.cn/*
e4aef6fded91db4114b1f7c1e149ea34,1156431300,3,*.zsb12.cn/*
e56eee8334eb49c7c83be8e8cbcf3c52,1156430700,2,*.zsb12.cn/*
e5c8cd7e8cf3ae027ac34a09516292d4,1156330700,4,*.zsb12.cn/*
e64dc729bac422c711b433e2095b04cd,1156330700,2,*.zsb12.cn/*
e67210369d7ffd986025d1b3ba888127,1156320100,1,*.zsb12.cn/*
e6b99a75c9f8b35c1d506d0e82103b92,1156440100,1,*.zsb12.cn/*
e6f15f1441bd8d5ac238030cd6ae5b12,1156450100,3,*.zsb12.cn/*
e7ba8f26c70ff989f0ffa2749ce03b38,1156440200,3,www.asiod.com/*
e7e0dd4ce3919c498b83d617abf322ca,1156430100,1,www.kmway.com/
e8086fb210cd82b7299065456d17d64b,1156360700,1,*.zsb12.cn/*
e841fd6784063e40d8629a0f7603cf53,1156520300,1,*.zsb12.cn/*
e86370dda259ea47797a10b0931d8b84,1156451000,2,*.zsb12.cn/*
e890d10cf959b135c71f6f4570a0f143,1156430100,2,www.samunlisa.com/*
e8929db63a512b7684543d831a477344,1156360700,2,*.zsb12.cn/*
e8b13580d477675c4d3d381e76c7c6e0,1156341200,1,*.zsb12.cn/*
e8dc1b02a61dc18ba764ef135a3abda7,1156440700,2,*.zsb12.cn/*
e8ef3edf74d972fe7444a24cc522d2bd,1156320500,45,www.asiod.com/*
e9a81aab359b6569983c71e73fc1527a,1156320400,1,*.zsb12.cn/*
e9cc277e5fd7ac456f64ec06ebdb2a84,1156430600,2,*.zsb12.cn/*
ea37acc7d1130cec688413e5a8f88f49,1156430900,5,*.zsb12.cn/*
ea61ca24b03ed3876446331b0d2cf5fa,1156360800,1,*.zsb12.cn/*
ea88c7f3f25052f289405bee77564604,1156450200,2,*.zsb12.cn/*
eacead50811f09bc62f3690993293a27,1156510700,3,*.zsb12.cn/*
eae6c805d0a51765d1696c099d0f103d,1156330300,1,*.zsb12.cn/*
eb217d86d8df1a15a362fe1f41eb8d59,1156500000,1,*.zsb12.cn/*
eb7cfb097891ac4594439a710fde2b18,1156360800,4,*.zsb12.cn/*
eba3b64f7ca4df117c9407756d84e9d1,1156360200,1,www.asiod.com/*
eba5127554c4f6f975c788982cf4a816,1156510300,1,*.zsb12.cn/*
ebb44d748524207d595f681303404c94,1156450400,1,*.zsb12.cn/*
ec4f164cd266fa3c5aee269eeb42eb0b,1156450900,1,*.zsb12.cn/*
ec8549ca53c3bac1ab08f89919e53caf,1156321000,1,*.zsb12.cn/*
eca2a7a201047b84aa0dce070723a90c,1156320600,18,*.zsb12.cn/*
ed2535a57de815e529543209ec50b52c,1156360700,1,www.kmway.com/
ed287e1cce40f07fc926c8cb416bad05,1156320400,2,*.zsb12.cn/*
ed3815fd924b0a0b79d55f0b55332b72,1156361000,5,*.zsb12.cn/*
ed53eea15de3cf87e1ba10aef404f41b,1156440300,1,*.zsb12.cn/*
ed9808cfff3ca7534a01bfa308a63c11,1156511900,2,*.zsb12.cn/*
edead9c0e8f661eb9430f1ec59ccd81c,1156440300,1,www.kmway.com/
ee078f773a4a7fbbd85f8396594a3a09,1156350100,3,*.zsb12.cn/*
ee247c0a50c42245ff9a5a24043ab12f,1156360800,2,*.zsb12.cn/*
ee50aa7780027d62a789f92db12e5cfe,1156511300,1,*.zsb12.cn/*
ee9bfa9220d129db029df39a1cd41a44,1156330300,1,*.zsb12.cn/*
eeab4233b5a5a48222453dd250ab0472,1156330300,1,*.zsb12.cn/*
eee6490d82bea0838bf5da3652ff51cf,1156440100,1,*.zsb12.cn/*
ef499283a21ef62d7d12e07024635a22,1156320500,1,*.zsb12.cn/*
f0583af9a7c763ac240431f53d747222,1156450800,1,*.zsb12.cn/*
f09e68eea3331444ba7887f741358588,1156360100,2,*.zsb12.cn/*
f0b5c2e68e79ef68c0fedd335e9bc87a,1156330600,1,*.zsb12.cn/*
f0c29e4daa3b82ae76f210ecf5e35615,1156440300,2,*.zsb12.cn/*
f10c4272b301af7eafc8a43ad81d6a8f,1156441400,1,*.zsb12.cn/*
f120cd312cfa62a6eeccc3d66be36cba,1156430500,1,*.zsb12.cn/*
f226178a420ab0eb8ab597d898da7570,1156442000,2,*.zsb12.cn/*
f270f6b8a03f3946af932d16265bfae3,1156331000,1,*.zsb12.cn/*
f2852c2f7af561a71c86dd216090cbfd,1156341000,37,www.asiod.com/*
f293e1707209817a83770b5c7956c406,1156350700,1,*.zsb12.cn/*
f2b1af369e9d514618bfb66837c0d33d,1156350600,1,*.zsb12.cn/*
f2bacfcc8229cc533ea308e427488be2,1156320200,17,www.hlpretty.net/*
f30b5b0cd4a48e624c367be805055336,1156430700,2,*.zsb12.cn/*
f33b6a03e3475adc605ee827d29b73e6,1156320400,1,*.zsb12.cn/*
f40ea1ca829de21c369f35c021622c78,1156431300,2,www.hlpretty.net/*
f443df31e64ab68f82ceb75e98cfe372,1156430100,2,*.zsb12.cn/*
f491ccc99fe43e7294d3bdd79984e141,1156451200,1,*.zsb12.cn/*
f4ac7ca9a04a492316d43c3987476987,1156440600,2,*.zsb12.cn/*
f51bc2d219207dbb36652d58c2a07dae,1156360400,1,*.zsb12.cn/*
f535436d3602743be000d4b02caf8181,1156450400,2,*.zsb12.cn/*
f5bd289bb3453f11576b16998a84ae5b,1156440300,2,www.hlpretty.net/*
f5c218aee07ebe522edf02f85cc12fe4,1156450100,2,*.zsb12.cn/*
f5d31f149b15670219dc9a066798cd16,1156440100,3,*.zsb12.cn/*
f67499b3f2a92a315032d88db5dbf06e,1156360100,1,*.zsb12.cn/*
f6b2936aa1ed339e24690629fb174ba9,1156330100,2,*.zsb12.cn/*
f6c9263b72b50c0c2d3e6bc9d11ab78e,1156330300,3,*.zsb12.cn/*
f70f36d83454e15655db3066df0fd277,1156350600,1,*.zsb12.cn/*
f71f3bfa1ad3915868e2cd8176bf2bef,1156320200,2,*.zsb12.cn/*
f737dc5f54631896c5a3b72ba416cf14,1156360700,1,*.zsb12.cn/*
f7470d90bee3682b9160386457f7c611,1156320500,2,*.zsb12.cn/*
f74f38028d47fb56e416edc96896639f,1156341700,2,*.zsb12.cn/*
f7d08cb6f3c315f21eb6b3282897b0a8,1156450100,1,www.kmway.com/
f7d65c7d3b8e45de1be371665b9b7c75,1156330900,2,*.zsb12.cn/*
f8175fee272ddab95cd93969d8d59903,1156320100,1,*.zsb12.cn/*
f850991a3f91cd96447e12bc2fda294e,1156440300,7,www.yushanghuimei.com/*
f8a1efde014249c83bafc4bdd1b70710,1156441700,1,www.hlpretty.net/*
f8a1efde014249c83bafc4bdd1b70710,1156441700,49,www.asiod.com/*
f8e368bdedb654d38be5789c0f88191e,1156610100,1,*.zsb12.cn/*
f936dc7d5b8ebd4e2248d176e093f097,1156442000,1,*.zsb12.cn/*
f95b18c27dcb99834f60a8763682f4c6,1156360900,2,www.hlpretty.net/*
f9aa90c4cd4a42ca116d53cab55de2be,1156440300,44,www.asiod.com/*
fa0e37c8ee56c4588219bbcd1fcbf0e9,1156320900,3,*.zsb12.cn/*
fa8372c196ac9224384fb22b73827e31,1156450800,3,www.hlpretty.net/*
faaf66fe87ea2cf5799358915749bc4a,1156440100,1,*.zsb12.cn/*
fac3bd407ecc2b24331142ddf0edc03f,1156440100,1,*.zsb12.cn/*
fb0cfa992cd79a3a7f9c33acf542ebc6,1156522400,2,*.zsb12.cn/*
fb1c02b68e32a77ab79357995fe4ffa6,1156450200,1,*.zsb12.cn/*
fb54d27c51ac466482640ac3ea2ba1ce,1156450900,2,*.zsb12.cn/*
fb59128867c52d4af61fd68513755f1b,1156320900,2,*.zsb12.cn/*
fbf99a6c4aea0534a1125e5755eb7db3,1156320100,2,*.zsb12.cn/*
fc49c9d7066a067c9ac5d6c239ac1eb0,1156320700,1,*.zsb12.cn/*
fc779d2f5fd53c85b63acc581b3d7301,1156310000,2,*.zsb12.cn/*
fce73cca3265c0c3ce4e589465a79b2a,1156360700,2,*.zsb12.cn/*
fcf559c856342a04c18e77ed7e357629,1156450100,1,*.zsb12.cn/*
fd462bfb4933e6bf2056bc23050393a5,1156330200,1,*.zsb12.cn/*
fd63a1d6d7c66a75dd11807c40cfe91b,1156440300,3,*.zsb12.cn/*
fe12d458a62618bfb8fea0e104f6cb1d,1156450100,1,*.zsb12.cn/*
fe1d255498f1a2002d6a039c5e544606,1156440100,2,*.zsb12.cn/*
feaf12bdec043e6be1d7ad673c609992,1156361000,3,www.hlpretty.net/*
ff039761f8049efd9e72f391c75c8637,1156350600,3,*.zsb12.cn/*
ff36e1f9efb3f0ea1594e4b2758eb0b4,1156360600,1,*.zsb12.cn/*
ff3afc6c20cade13c5a3fcfa68eb9247,1156440700,3,www.hlpretty.net/*
ff4d6c50e1a06e66b9fb73ae349137bf,1156360900,2,*.zsb12.cn/*
ff58af1dc67dc5822041c1cefc449643,1156450800,2,*.zsb12.cn/*
ff73f84b3dd3749df62ab4f167288237,1156430100,5,*.zsb12.cn/*
ffcc9743c2763201f933f514fd2f1226,1156360100,4,www.hlpretty.net/*
