03382eb77fd6e6ec308ded0f59362668,1156410800,31,www.jiedilia.com/*
0c2516f3d323f8359c99bf1febd63aa8,1156341600,1,m.91juyouwei.com/*
0d2a6cb0350750afd8ad239def83724d,1156350100,2,www.hudajie.cn/*
18035636f6c5960b867d6556487e85b9,1156360700,19,m.guodixiang.com/*
1ae82c6b3a5abf799470b363718d38ba,1156370200,1,m.91juyouwei.com/*
1afe03b5fee1b0988b353c6910465a62,1156511700,18,www.cyjm23.cn/zhangyiwan-wap/*
1bf0f71f72d65212b0d0d9b69b92a80f,1156510100,35,m.hdjztct.com/*
2c7c668fc0b45c6d0bbafbcc5f1e4c73,1156230800,4,vip.mlsdsf.cn/*
34e8fc38bd0b6a6b0dc16d30951c944a,1156610100,1,www.jiedilia.com/*
34e8fc38bd0b6a6b0dc16d30951c944a,1156610100,1,m.hdjztct.com/*
3d268cf4c6c24db01ec4e285ea201e0d,1156410100,28,www.jiedilia.com/*
3f5470e27e1688b8b951498acc00b3e4,1156371000,1,www.jiedilia.com/*
43fdf01049aa7837a6ef871f10b9b103,1156130100,4,www.hudajie.cn/*
44408e51596a6a5ba9019854b7986e36,1156340200,22,m.hdjztct.com/*
468f009fffeabc90ae31e02dd64e6a89,1156410100,4,m.doudoupo.com/*
488437eaa9f7834f1d6f48bf50602f54,1156310000,2,www.jiedilia.com/*
4a43445df8c8f1b3c096cd383e93eb39,1156130900,15,m.hdjztct.com/*
4c9460b61c654ab97540550bfe064bab,1156440100,20,m.hdjztct.com/*
56a4fcc8af4f2d733a4d1d73bdbdbfb5,1156610500,15,www.hudajie.cn/*
59ed37a504ece4266f30fa498d6c308c,1156320500,4,www.cyjm23.cn/zhangyiwan-wap/*
633bc7d86602e74c9ee631e2d71c438a,1156422800,15,m.hdjztct.com/*
6586d16c6f094c6c6fe464eb7bb87529,1156330500,2,m.91juyouwei.com/*
67e9cf44e5d9933e46cc937d51d6c71a,1156150400,22,m.jiediliagw.com/*
6818f8f8e123fecf4bdd49c288f7b842,1156321300,34,m.jiediliagw.com/*
68eaa4043af8f301087a688569c14108,1156370200,77,m.91juyouwei.com/*
69cd83cd39db988a4c67d3ce15151804,1156430100,19,m.400skdd.com/zt/tudoufen/*
6bcbeb155c2de71dc05660c23c6ef62f,1156130100,67,m.91juyouwei.com/*
6bfffa16a3ed59cf374a3fe5dcb76707,1156422800,27,www.cyjm23.cn/zhangyiwan-wap/*
740d8622cfcff0d220e3effe50b25412,1156420100,13,m.91juyouwei.com/*
761f3ba05ae63904fc1e577ca64b4552,1156130200,15,m.hdjztct.com/*
78ef5a320479ef64172e83533c7f3f4f,1156610100,28,www.jiedilia.com/*
78ef5a320479ef64172e83533c7f3f4f,1156610100,71,m.91juyouwei.com/*
7946c045463b7889028b412799905592,1156150300,1,www.jiedilia.com/*
7d9ac8e80c19f331bbb991b9aa275b81,1156610800,3,vip.mlsdsf.cn/*
85367a8805fdceffb60599b72b542d8e,1156621000,1,www.jiedilia.com/*
87e97e2004bc378b44d0985c4f381b31,1156130200,69,m.91juyouwei.com/*
8c58724eff37c99091cc4ad395a3cf96,1156110000,1,m.91juyouwei.com/*
8f6f1a833dcbf6341ccef6b3417eafdc,1156150700,18,www.jiedilia.com/*
9000f79fd1a1094452dd8e7e6ea846bd,1156151100,29,www.cyjm23.cn/zhangyiwan-wap/*
96a6f93c77a7d04d584fa7404a457422,1156441800,3,vip.mlsdsf.cn/*
96d91977341127a3db0f6b42556c4a18,1156130500,3,m.hdjztct.com/*
97d5276ef591ace53ef1f1e2021f7780,1156410100,36,www.jiedilia.com/*
ac0270297b51de3df8fc6de7ed5b9d0c,1156520400,1,www.cyjm23.cn/zhangyiwan-wap/*
ad93fcdccb2b5e37637782cb153657d3,1156410100,16,www.hudajie.cn/*
ae8bf1ba612108ecf5581228a8b4ffe8,1156150400,1,www.jiedilia.com/*
b06b5725fa2633f2610dccbbb5866802,1156220300,13,m.hdjztct.com/*
b3e8e1f58c368782d0cd4cea302811fd,1156420200,3,www.cyjm23.cn/zhangyiwan-wap/*
baa65bc054e07fff9e3c30f64c42b910,1156150100,25,m.hdjztct.com/*
bcb7ccd1d9db1eda07ab037d18f7c3b4,1156130900,21,m.hdjztct.com/*
bde9536cf8e82b63463a70ad2b16ebd3,1156140900,94,m.fenaimian.com/*
c0e5eca0135ec9541673a70c20c944c6,1156130300,5,www.jiedilia.com/*
ca126f0bc0dda2c47120a952e0f2d416,1156360500,29,www.cyjm23.cn/zhangyiwan-wap/*
cce002571e7a366a9edc998b3e030714,1156610900,24,m.hdjztct.com/*
cf2bcbb562dc9c9f3a4f655e6d0418f5,1156230100,23,m.hdjztct.com/*
d10e44dc7b0e91da3c96c095ae9ddb02,1156131000,4,m.hdjztct.com/*
d33a870880bc5752ac2417e2f65a58e1,1156150100,2,www.jiedilia.com/*
d44725f31b3ecc33bae4e3f25f2c8c40,1156341600,1,m.91juyouwei.com/*
d50428f28d2777f0c23005510bb93745,1156341200,22,www.cyjm23.cn/zhangyiwan-wap/*
de3a20ca9f3636ccc7643f9252894b28,1156230100,22,www.hudajie.cn/*
de3a20ca9f3636ccc7643f9252894b28,1156230100,21,www.hudajie.net/*
de5bad734cbdcc1b4c19e7b08aacefdc,1156610100,15,www.jiedilia.com/*
dfc82201578b619d72e25506fe7c90af,1156411700,4,m.hdjztct.com/*
e1ce0b1907aef19b807f65ee2e9d1046,1156440800,3,vip.mlsdsf.cn/*
e4de398a93a1cdd7123ce8e19d7c7655,1156370200,21,m.hdjztct.com/*
eb08178a04f5cddaa5b48c6e1aac1ec3,1156370700,30,www.cyjm23.cn/zhangyiwan-wap/*
ee0dc566b6043be71922b5b2f560f89c,1156440100,36,m.hdjztct.com/*
efb5f077d9567bef923c636b59135147,1156340200,19,m.hdjztct.com/*
efb5f077d9567bef923c636b59135147,1156340200,168,m.91juyouwei.com/*
f45a3d51dd87157ed170d6c942df19ff,1156320700,16,m.hdjztct.com/*
faddfd53678240e5be071f105344a600,1156370100,27,www.cyjm23.cn/zhangyiwan-wap/*
