004b953bd225f46245ce30b7688ebea9,1156370500,12,www.youluwx.com/*
0069e2e8d7ba7d4c69959f9f784e0bc2,1156310000,2,www.niceloo.com/yixiao/*
0091d11c0169826ce28afef43fcb0f85,1156130900,39,www.youluwx.com/*
01acfec754060afd5ed954a31fe661a6,1156510100,2,www.youluwx.com/*
023f059ac3a4663cd939cf8eaee5906c,1156510100,26,www.yd119.cn/m/
0259db44903cbffcbbe6bf415d02c843,1156120000,1,yidongm.zzbredu.com/*
02861184d5558e9e0177797d3e64e84d,1156511900,55,www.feiyue119.com/*
02bb9a3bf3d1b8e98b0b5ffa2a2dd872,1156510100,1,www.youluwx.com/*
02d982c658413a118ce77b7f4c920066,1156110000,1,wap.bangkaojiaoyu.com/bjtg/xf/*
031f417a5bd671b2077eded92338e764,1156371400,41,www.feiyue119.com/*
03a8e0e3300d66ee57836cca01456aa3,1156130800,2,wap.bangkaojiaoyu.com/bjtg/xf/*
03b20b361d5be7888859488c5d881ce9,1156430400,25,www.yd119.cn/m/
044095a7c3676686c3117cf36738cd2b,1156510800,2,www.youluwx.com/*
04b5f720392eafebadfd147af59f8934,1156371700,15,www.youluwx.com/*
04efdfff95cbc6f832f3fd23419b9212,1156130400,20,www.youluwx.com/*
04f026f76af3b30a813d1be5251ea272,1156510700,1,www.yd119.cn/m/
04fcb92fc15681411437f280ae7710a7,1156130100,5,wap.bangkaojiaoyu.com/xf*
05095c416643e34c29e2ee3edd7149ec,1156370300,6,www.youluwx.com/*
05624f74a306ab87430d98bbc581be9e,1156371400,6,www.youluwx.com/*
066121de073ae562c91288d73427f508,1156370700,23,www.yd119.cn/m/
06f38e3d289abd08cd4ab054878f8746,1156371200,1,www.youluwx.com/*
072af0c8a3e74f9f5b65b1bb9dec2f28,1156511600,13,www.youluwx.com/*
07ad555e2349c1ae56af94392cf07f57,1156130400,25,www.yd119.cn/m/
07e13cdbbb1dccbf7f2680c4f96e14b4,1156510100,56,www.feiyue119.com/*
0802fbdc4b37ffd797b7fbe2fe217c7a,1156371400,13,www.youluwx.com/*
08afb2915ea178c80e33f41cd32d512d,1156320200,6,www.youluwx.com/*
096750518ee3205e18f15aa59e7cc195,1156320500,14,www.niceloo.com/tg/xf*
097f197f18cedb6d3324752581b26324,1156510100,3,www.youluwx.com/*
09be382ac3158d6e3e275c0931bd8cb0,1156130100,3,www.youluwx.com/*
09fc5fe687684efc702ce29232704852,1156371300,2,www.youluwx.com/*
0a8ecbaf51225aa614909c08b8d7feda,1156511600,7,www.youluwx.com/*
0af55fa1424d1634d6f78bccfb48d824,1156510100,19,www.youluwx.com/*
0bf0cf24656b379f375d37db578114f2,1156321000,13,www.youluwx.com/*
0c96de228c3e02ab374d537bd08ee687,1156510100,21,www.yd119.cn/m/
0cf852384f8b806114172212fbbc1691,1156371400,11,www.youluwx.com/*
0dd2664ffc8f8d8d5e78d21b5db9e7e1,1156510100,13,www.youluwx.com/*
0e0aff016a44f55c4492e300f2b85427,1156220500,1,www.niceloo.com/yixiao/*
0f24947040eb85834da29b4059e9b0a8,1156371300,3,www.youluwx.com/*
0f3bd16bfafb00c3bd04be0293b23151,1156130400,4,www.youluwx.com/*
0fa860f51f20c4bdaf2653014d358cc8,1156370400,12,www.youluwx.com/*
0fb6f97d56441f7d2b962db0ba293e60,1156130200,7,www.youluwx.com/*
101441485f23880f9b281afa9a25f716,1156130100,10,www.youluwx.com/*
116907b8cab49e3693c2541fed9e3254,1156130200,21,www.youluwx.com/*
1193ed7ffa813335eb15d3d8b3bb26ee,1156371500,12,www.youluwx.com/*
1232e980a9a826d13bbdc7481577f714,1156511400,7,www.youluwx.com/*
1244a146107e1fc747fc048032a1e69e,1156320700,3,www.youluwx.com/*
127e37423ee52e7ac9fb95eb88b5a805,1156511600,27,www.youluwx.com/*
12f92d0e0d446536e564fbbb35a94233,1156321000,13,www.youluwx.com/*
12ff9b2fa46d428f14eed9c6a9f6fc07,1156320700,66,www.youluwx.com/*
134fb5940a36aa8f1d2347819a077b55,1156370700,40,www.feiyue119.com/*
139e469fa623fbb200a6fee29106f4f2,1156340800,11,wap.bangkaojiaoyu.com/bjtg/xf/*
14b6a86199298acf84441ed8e6911ec0,1156130100,4,www.youluwx.com/*
159d0bc0b148b002867ddf3691978cc7,1156371500,26,www.youluwx.com/*
15ce9b0de990549be0e0b10ceb1d5ba6,1156510100,3,www.youluwx.com/*
16d5b6834cddf6c78b5035ed79b9c06e,1156510500,11,www.youluwx.com/*
1710427367dc07a918ed66f7db8970f5,1156130500,8,www.youluwx.com/*
1722b73675818223e3b04c0f0f3eb800,1156510800,15,www.youluwx.com/*
175bafc9a375c6255aaea0a88e162d7f,1156320200,12,www.youluwx.com/*
17c8612ac5866472fc2fab19cf09610c,1156510700,3,www.youluwx.com/*
195a7d22c8a44cb6b07137e5ec3a51be,1156310000,1,www.feiyue119.com/*
1964e1259d466cf0b27590c3f6d0052d,1156371600,4,www.youluwx.com/*
19e0eb36021a31257f23e7e7cb2891a5,1156510600,57,www.feiyue119.com/*
1a4becda7d8c2956c2ab262d6f64b307,1156510100,13,www.youluwx.com/*
1a6d238e44619b1fe5597837eb9a86bb,1156510100,3,www.youluwx.com/*
1a9f2eef79be561a780db4d167f54082,1156371600,4,wap.bangkaojiaoyu.com/bjtg/xf/*
1b0c4ad0fe8a560d4fd3439f389cc200,1156370700,1,www.youluwx.com/*
1b199229985848ba36d6b2f4d943d35a,1156310000,53,www.feiyue119.com/*
1c77a6a65c6e603bbf9bae65ae63e3af,1156130300,42,www.feiyue119.com/*
1c8067bf83ffa95c9bf7ae470c97a3a2,1156130100,23,www.yd119.cn/m/
1cefe97b1a8245d58a718615be2ab4d5,1156370400,1,www.feiyue119.com/*
1cf3ef1beb1904a1ab040a3e146a6ed6,1156320700,8,www.youluwx.com/*
1d250f97999f0b50eea1447116726ca1,1156371100,1,www.youluwx.com/*
1e58b301ea1e65308412974461bc864e,1156320700,3,www.youluwx.com/*
1e6914d0608f2fc051ee81bcfdc3e0a6,1156513200,3,www.youluwx.com/*
1e73624a667d745b58f0f95aaeccf5c0,1156370200,2,www.youluwx.com/*
1e74dab5790765e8da8872a1175b9b66,1156130100,3,www.youluwx.com/*
1efb96d81c10e711cf3f03ed2e8677f8,1156320600,3,www.youluwx.com/*
201ae8e6def0aa65c69772fc0e97e6df,1156511900,14,www.youluwx.com/*
203652dd6e9376748e0eba76b61671b1,1156370900,16,www.youluwx.com/*
211c06abbdce048ea3fdeccc42ea9c1b,1156330100,3,wap.bangkaojiaoyu.com/bjtg/xf/*
227253b9927a554eb7dbcdfb6a58050a,1156130600,3,www.youluwx.com/*
22a7907d9e0603c858d1378c6186ba49,1156511700,13,www.youluwx.com/*
22ae3df85bdef923d9d0bc7da35dc445,1156510500,2,www.youluwx.com/*
22b37e49e212089879ac1b5780c2b90e,1156512000,9,www.youluwx.com/*
22b75d718b50de68d3d5d48f26ac2a4d,1156320500,11,www.youluwx.com/*
23c543d5356574614be2f2837c54dc2f,1156370700,6,www.youluwx.com/*
23e5f19d8ea81e6083110934a973a04f,1156511900,1,www.niceloo.com/yixiao/*
240c0373e1e2c40d4ef1e70413e8daf3,1156370400,15,www.youluwx.com/*
242cda66b0a014fc94d2efbff796943c,1156131000,1,www.qddfxfpx.com/*
244296f29e633ab61c51eedd25463929,1156371300,13,www.youluwx.com/*
24aabd9ceb1b8d51f0dfacf1cacd9092,1156511000,21,www.youluwx.com/*
24ff79d1420f666668f124a6862e2164,1156511000,16,www.yd119.cn/m/
2684455c395bebaa9ba7980db848f96d,1156320100,22,www.youluwx.com/*
2711a7026d0e7e414b8787c9595ccdaf,1156320800,9,www.youluwx.com/*
271ef4544c5de28ccdd67aed5a8cd513,1156370200,12,www.youluwx.com/*
2761535dc645732f2e9ebdb6deb13be5,1156370200,49,xfgcs.krs119.com/m/*
27b8fc52ddeeb8ef9a26e063bb039b10,1156130100,25,www.yd119.cn/m/
282cb2a836ea3345525853cec8714805,1156510100,3,www.youluwx.com/*
2830fe821108a0b5573afab9e5e04878,1156371100,9,www.youluwx.com/*
283b9303326c16ee3d277af41a229aef,1156510100,17,www.youluwx.com/*
28c67ba04ef14d579ad66277f3d2e8d2,1156371600,8,www.youluwx.com/*
292231d9c4e8af2e59392420cf31a610,1156370600,54,www.feiyue119.com/*
2a55e4b007311162cb7d7e88830e5a71,1156511600,5,www.youluwx.com/*
2aecbf3ae1506562ea125a4803ee9dab,1156130300,23,yidongm.zzbredu.com/*
2b03aa80d22a5d26a42d7d9d736186c7,1156510500,3,www.youluwx.com/*
2b07558f94b8f81c28f5bc8cc18ab206,1156371600,1,www.youluwx.com/*
2b2ccb2115154edf923d268e576870ec,1156130400,2,www.niceloo.com/yixiao/*
2c6a3fc51140dd6be3f1368bbfb9eae1,1156510100,1,www.yaomiedu.com/wap.html*
2c6fcd9d6aa021eaee6c84926c08434b,1156510800,26,www.yd119.cn/m/
2c854a1e57a93974885cedc283f08733,1156371100,4,www.youluwx.com/*
2ccd0a9bac97934032d2de78f832508b,1156370900,9,www.youluwx.com/*
2cf98bea32632b17503b647d80a98926,1156512000,1,www.youluwx.com/*
2d105b3a68b8a4fcfea16448e3c654ad,1156131000,5,www.youluwx.com/*
2d2b211b6a6e2f733f716943025996c1,1156510100,1,www.youluwx.com/*
2d8f8817f754a5643a5c200e7df163cc,1156370100,12,www.youluwx.com/*
2d91966bb67395efa483b7968b8a1e08,1156310000,67,www.feiyue119.com/*
2ddb066511904038b889ffaa65882dea,1156510700,4,www.youluwx.com/*
2dde6a8f9707a736f250bde2b7fcc3ba,1156370800,1,www.youluwx.com/*
2df2a10646524faedee292bf4d65c484,1156130600,25,www.yd119.cn/m/
2e2041a7203a3f09e15e984a1e4849d7,1156131100,2,wap.bangkaojiaoyu.com/bjtg/xf/*
2eadb8ba1df2496ad174b235f42f2d23,1156371700,3,www.youluwx.com/*
2ec3634513f0c024b97905d9a59738f0,1156510500,13,www.youluwx.com/*
2f72bcab0dca5554762174fbbe321428,1156370900,25,www.yd119.cn/m/
300c943b2a0b85106df7ebf59d6fcecc,1156320900,16,www.youluwx.com/*
30220845bf868fa5aa2d6c45335e47fa,1156441300,17,www.youluwx.com/*
302ed50635484aff49a0a334b61d62f2,1156370700,30,yidongm.zzbredu.com/*
304f746f3a6ab2f37ad74b054ee648d0,1156510800,8,www.youluwx.com/*
306390a886308d8940f3f4f37873764f,1156371400,25,www.yd119.cn/m/
3074bfe06b646d358bec3191b3c3533b,1156131000,37,www.feiyue119.com/*
30bab808c80ed1be4f85d614376adb4a,1156310000,10,www.youluwx.com/*
3108d281042a2e281d6485e4043240e9,1156371000,6,www.youluwx.com/*
3186f009fed855388dd695dbb81aadfb,1156371600,1,www.youluwx.com/*
31a8b6894fe1dec2f6f3622ddac307d3,1156511800,3,www.youluwx.com/*
31d0546fb07c537293af4b7003b454d5,1156371200,1,www.youluwx.com/*
31feabe9ffff477d378f6c355dd49f58,1156130100,20,www.youluwx.com/*
329023fa82bfa44434de353e909c87c9,1156130900,10,www.youluwx.com/*
3444b214eee345f2e125e9f8e481d2b4,1156370500,1,www.niceloo.com/yixiao/*
344cb7487c56da541b1510b03e04fa89,1156511000,17,www.youluwx.com/*
345302aa28d34569f2cddc220dde4b7a,1156510100,33,wap.bangkaojiaoyu.com/xf*
34ab967b219362a8d0da6fb363bf8f76,1156320800,12,www.youluwx.com/*
3582f21e6011a6ebd4de5e4f03a3abd0,1156320600,13,www.youluwx.com/*
3593d8834cf6c68b6101c9dbf7950e0e,1156512000,4,www.youluwx.com/*
3651c8eb8f6e30f055897633f363ad66,1156370500,17,www.youluwx.com/*
368c0e50d115cd78f0e05c94d35d5d6e,1156510100,1,www.yaomiedu.com/wap.html*
36cad1ea8643ad2bc9a8a190d0cbd78a,1156130400,11,www.youluwx.com/*
3712936571d686b58fb006aab8771b99,1156510400,7,www.youluwx.com/*
372b36fe7ee6854e41be58c1cdb8dda8,1156510700,4,www.youluwx.com/*
3736760474ade41aeb1550920532888d,1156320100,3,www.youluwx.com/*
3744c68fd03c6eb2fe684c8755dcebcf,1156370200,2,www.youluwx.com/*
37bbce567325bdb6c19421ddb7f58712,1156511700,1,www.youluwx.com/*
382694d98e2f72b816aba3ee6a5a73d1,1156510700,3,www.youluwx.com/*
382cd4f3b627bb0f7d38847b6663bfc6,1156510100,15,www.youluwx.com/*
3900bb2a1c1fde5e5437a82dab69e9fa,1156510500,1,wap.bangkaojiaoyu.com/xf*
393a0435132f12f74f8c35ae283f11c2,1156370300,3,www.youluwx.com/*
3983da575ba6a1a16fda43d026032913,1156500000,3,www.youluwx.com/*
399b22784e19285c638fab6292fbca05,1156510900,1,www.youluwx.com/*
3a484e8e80dffc5f869ee3f439cabbc1,1156410500,17,www.youluwx.com/*
3a4dfcd602b955093ddb407ded2f2a42,1156510600,6,wap.bangkaojiaoyu.com/bjtg/xf/*
3cac6ab4682d666a2838ceed12c36d3d,1156511000,4,www.youluwx.com/*
3de509c0af7bc457b22d19b3d724971b,1156371400,4,www.youluwx.com/*
3e2b9153742f31035f1beeb8b9c4e712,1156510700,1,www.youluwx.com/*
3edb9a0e033eba9bbae15fc468653891,1156130200,27,www.youluwx.com/*
3f431e0ea87576aa408f122842beab5a,1156310000,52,www.youluwx.com/*
3f531e73c3a33f5fb91f8daf9a08e109,1156371700,25,www.youluwx.com/*
3f899e7c61f3b15bb6ba4349f6e34704,1156511600,6,www.youluwx.com/*
3ff0228851bec75f2110a71c913ee731,1156140800,25,yidongm.zzbredu.com/*
3ff5cc3b88d94d63caacf9946dfc0a02,1156370200,1,wap.bangkaojiaoyu.com/bjtg/xf/*
3ffa47663db3e196fb81b84c595e5ba8,1156320100,4,www.youluwx.com/*
409411ff56aab83a4317dfec9ab2f25d,1156510100,7,www.youluwx.com/*
414ea59e79a884872eb07ec3ac4702d3,1156371600,3,yidongm.zzbredu.com/*
416a9c4cccf5c5a48493192ee4d67872,1156370600,2,www.youluwx.com/*
4210b282b3a214dc23edb2e66fd1fb9a,1156130200,3,www.youluwx.com/*
422e6579af1ff75842fd35927c3d7d0c,1156340100,8,www.youluwx.com/*
422fab848d5de73cccd824039d7b8393,1156371300,9,www.youluwx.com/*
430511f00ba3f406f6ef73159b0317a3,1156370700,29,www.yd119.cn/m/
43966118dde0b79e3785f9899f71f1b5,1156371700,73,www.qddfxfpx.com/*
439cc48c1ea6e1a7ac7fe8239a5b09b6,1156510100,1,www.niceloo.com/yixiao/*
43bdba165e2b1f8d900966f4ed67aa02,1156371100,61,www.feiyue119.com/*
43d08bb39171da252ba3f15df3255ca7,1156370800,51,www.youluwx.com/*
445e1372439c943388ae3c09113d2392,1156370200,20,www.feiyue119.com/*
44af075169e3ba75aa3336a2b5ef948e,1156130400,2,www.youluwx.com/*
4535d6dd68bfb52544882f01c37a608c,1156320500,2,www.youluwx.com/*
454ec9ef35117eade140777fc2eb7ef9,1156370500,3,www.youluwx.com/*
46500499d13154a3042fe387011ba45d,1156310000,1,www.feiyue119.com/*
472d8293c3ada7a3fcb3f9fe0cac34ee,1156512000,2,wap.bangkaojiaoyu.com/xf*
47bff28cf72719f88a306c0259213504,1156510100,4,www.youluwx.com/*
47dafd50261ea9d745e5d1c1f43503cb,1156510600,1,www.youluwx.com/*
47f7af0fdeb9305186fcfbcb7f33d544,1156370500,8,www.feiyue119.com/*
485c308f68c8c27ef3d3fa6b7d5c236a,1156130600,21,www.youluwx.com/*
487be013455f1c092624139fa6e060f6,1156370700,5,wap.bangkaojiaoyu.com/xf*
488b33a3fa7499114829e00dbf4da013,1156510100,53,www.feiyue119.com/*
48ce6308b6a87f70f2995995295facfa,1156130300,1,www.youluwx.com/*
4900ce4cca58f8c9da565231b1662a56,1156321000,65,yidongm.zzbredu.com/*
4926c95e06b0304e2d8567566470987c,1156370500,15,www.youluwx.com/*
4967794285696873896d083586fdfe0c,1156370700,27,www.youluwx.com/*
49f6a43589da3a28e090cb874ace7bb5,1156510100,4,wap.bangkaojiaoyu.com/bjtg/xf/*
4a2c9ea126264ccdaea981757b50ad1f,1156130100,1,www.niceloo.com/yixiao/*
4a6a95cdf133e82a61ac1d9cc1bb15ab,1156511500,1,www.youluwx.com/*
4a7626875afeff8e7e4b2f7636912ccf,1156510100,15,www.youluwx.com/*
4b8e76713825bfa4bbb9410793529a8e,1156371100,7,www.youluwx.com/*
4c0d987c9e26d7a2e3cc15069759266d,1156320300,1,www.feiyue119.com/*
4cc0fd722d348a12c8ab4a99b99abbc3,1156130700,23,www.yd119.cn/m/
4da0bab06c52443e625e4a27c14a36e2,1156320500,1,www.youluwx.com/*
4db486158ac641b0062ba5614156597b,1156310000,1,www.youluwx.com/*
4dbfec9c020dea161153c92e6e9b86dd,1156130200,4,www.youluwx.com/*
4e45a3e3bafa0e1dd4584e81add8a10b,1156371600,1,www.youluwx.com/*
4efa25ea2793e90d878618c3b216147c,1156511500,9,www.youluwx.com/*
500964bd62adc0e634b46bcf47c58d11,1156430400,5,www.youluwx.com/*
5013b911fc10126324a8325e030deeea,1156320600,47,www.feiyue119.com/*
508a0a54c168b65d654667da3f48a3e8,1156370600,1,yidongm.zzbredu.com/*
50ea28032bcf1b65f91d2b8004a145b1,1156320500,16,www.youluwx.com/*
5173bc950e11097fcdd9a65445947950,1156320200,1,www.youluwx.com/*
51bbfa46d380f1381d5f7a53ea11eecc,1156511000,51,www.feiyue119.com/*
51bd148671c5c44825c79780e0dd961a,1156510100,3,www.youluwx.com/*
531907b33607c555e24a450fcecabda7,1156510100,15,www.youluwx.com/*
532bd6fba61343a1f7027bb32f615de2,1156130100,26,www.yd119.cn/m/
538db124ce95371c9d064eb33f6c505b,1156371000,1,wap.bangkaojiaoyu.com/xf*
5392332c65b849201946e51ac06c0303,1156510600,13,www.youluwx.com/*
5439e03cf442547c9bea54a0e8ca4af6,1156370100,9,www.youluwx.com/*
5485a53790bdaa2472f8117cd9e323f3,1156370200,30,www.yd119.cn/m/
55a176aca373f4d1d366fb51036cdf3a,1156510600,3,www.youluwx.com/*
56598782bc1bf0069450fb9793703da4,1156510100,24,www.youluwx.com/*
56641d9d58b1ee1f901957d4453b5baa,1156320800,3,www.youluwx.com/*
572faaebf3655c156a4cf916ec1efbed,1156510600,5,www.youluwx.com/*
5734a4d883e408cbcf906ad547bb7a9b,1156130500,11,www.youluwx.com/*
574b30dbedff6fd3fe5fa775b409d5f3,1156511600,9,www.youluwx.com/*
575e6472f69d19cf45ef7b38bc65c0b9,1156512000,2,www.youluwx.com/*
5866395ec62cf167f51137678fd2d831,1156130100,1,www.niceloo.com/yixiao/*
58dff06f13236a4a03288d12f55c5678,1156131100,7,www.youluwx.com/*
595d8f6ebd7c34bedb6816573230875c,1156130200,1,www.niceloo.com/yixiao/*
59b3f45b0fd0ecfadfac068e236574ce,1156510100,6,www.youluwx.com/*
59efd9036d2dcd2a8beb453bcee91c45,1156320200,12,www.youluwx.com/*
5a78bcd941996c3cdeb302a4a6628bce,1156370700,4,www.youluwx.com/*
5ab533aae3b3c262351a307d6a9c9f69,1156510100,20,www.youluwx.com/*
5b30366d5782e22f02fd1f5d0e5968a0,1156370500,14,www.youluwx.com/*
5b425933c1186b303aaf3fd1601f741c,1156130800,55,www.feiyue119.com/*
5c18ae51f669346906bb9fb199178a75,1156110000,3,www.youluwx.com/*
5c37e5a535bd1098a4b8c8c05ce24edc,1156130700,4,wap.bangkaojiaoyu.com/xf*
5d9ffa175cd4bff87e3ffc2c80a1fe7f,1156370200,57,www.feiyue119.com/*
5dfe3eceacd66880f31e03b2acc9db96,1156371300,4,www.youluwx.com/*
5e46bfdda2dea59051d57e61d237043f,1156320900,6,www.youluwx.com/*
5e7a5577bca8635c434dd0d060326df6,1156510900,3,www.youluwx.com/*
5ed6d134d5e4e6e1d8d3a7c259368391,1156510100,7,www.youluwx.com/*
5efd3d14591bd55b804d950fb7056972,1156511100,7,www.youluwx.com/*
5f09c82ef96f30c54545d5277c542446,1156131000,7,www.youluwx.com/*
5fb016b0592a15da9e635d246e4523d4,1156371500,15,www.youluwx.com/*
5fd2c4b35ab5131505ac78402f108927,1156310000,1,yidongm.zzbredu.com/*
603b8720774961af65c0f339b12e3932,1156510800,17,www.youluwx.com/*
605d2759fe57330d1541dde3974d0c54,1156130200,6,www.youluwx.com/*
611474445d5ff1f42703b5e04b15d754,1156370700,1,www.youluwx.com/*
614210b589f47a9b095f48352a484e65,1156371300,18,www.yd119.cn/m/
61bc23ec6b23a59321992f8a10346590,1156361000,2,www.youluwx.com/*
61e87b7f3c567c7832087a7b22b56d32,1156320500,21,www.youluwx.com/*
6273ff11fd364e147170bc33199e02af,1156510600,3,www.youluwx.com/*
62905bbff677ee18431d5bcb0a6f8b33,1156370500,16,www.youluwx.com/*
63b366f7cc1c3167fed9caf5ce6fa8cd,1156130700,26,www.yd119.cn/m/
63ccc59cf256d1c38207ee8ed1fdc89d,1156360900,8,www.youluwx.com/*
64e1d980cfb2921211d719fdea8fcd62,1156511400,14,www.youluwx.com/*
65395ca6160ad0b28afe30be9c612ecb,1156510100,5,www.youluwx.com/*
674fe018f595d9c840ab8dca1d7197ce,1156370400,2,www.youluwx.com/*
67bc319f02de6036af31af703631a148,1156130200,11,www.youluwx.com/*
6813169370a4f71b4ab528b4ad8fc808,1156370800,9,www.youluwx.com/*
682f768001e1d1d7614c3720dcfc9622,1156510500,11,www.youluwx.com/*
68687943795458a5703c9ef1b02084c0,1156370800,13,www.youluwx.com/*
68a1d60120c7c512b56ac0f942683442,1156130100,6,www.youluwx.com/*
68d3a338fa5de62c28d101b6a499372f,1156510100,8,www.youluwx.com/*
68fbcdb7ec85b12c27e31933d60843c4,1156370100,1,www.feiyue119.com/*
693eacc1b16bf13911cb6229bfe5a584,1156370500,1,www.niceloo.com/yixiao/*
69dc63d6082bd3914a7b67b3149825cc,1156370800,5,www.youluwx.com/*
6a20152b268bea54561c9b2af14856c7,1156370600,1,www.yaomiedu.com/wap.html*
6a29bdb6c5316fe9716f1cd2a7d013e5,1156510100,3,www.youluwx.com/*
6a2d9b2a1dcf4fc38a5200216a0d0701,1156330300,7,www.youluwx.com/*
6a6ed22408b38c81518e00d4e7348a74,1156511800,3,www.youluwx.com/*
6ac0358aee14e1e961684b3bca7c5dfe,1156320200,12,www.youluwx.com/*
6b7ba13a99b02aaf7b649945d5ccb2e6,1156510100,22,wap.bangkaojiaoyu.com/bjtg/xf/*
6b99fdd7aba2944c37e47c9db6990794,1156410100,2,www.jhwx.cn/zt/m_xfgc/*
6ba0053163dc226c2a74f981fba6fdb1,1156130900,5,www.youluwx.com/*
6ba27a20193c4a2cac296af2f0700895,1156370200,4,www.youluwx.com/*
6bb0201326c726845d3ac7c7f45aafeb,1156130200,48,www.feiyue119.com/*
6bbda622256214613544323b630606c2,1156371300,1,www.youluwx.com/*
6be41af4128450eeb72148cfec879f40,1156510100,1,wap.bangkaojiaoyu.com/xf*
6c235e18f82ef62b70efe6d71ef4f7bd,1156371700,6,www.youluwx.com/*
6dbb6b77cd163ac68a024dcf8a4ff8d3,1156511000,25,www.yd119.cn/m/
6e4b30fcd0622378a771f63a0dc40d8a,1156330300,4,www.youluwx.com/*
6e6f875263fc210efef16996b798504a,1156511300,8,www.youluwx.com/*
6e81de62250bb01b79f3322cbadb5746,1156370800,46,www.feiyue119.com/*
70baddd82c8eba5ea30841f86f0cda34,1156510100,3,www.youluwx.com/*
70c0a1e0489d23613a22206c2a4ebd1f,1156320100,21,www.yd119.cn/m/
70ecee57b0e1110504586cf41ffc38da,1156320500,13,www.youluwx.com/*
71100b46582668d37c2d31f9cb370b45,1156620100,40,www.youluwx.com/*
7179cd08d0fb08b73cc35b2a6a18e6bd,1156513400,26,www.yd119.cn/m/
722ff3497cb0ac71a2b27b4af2b0de04,1156371100,7,www.youluwx.com/*
72c8c67446edc56b1001c38bbd829472,1156370500,15,www.youluwx.com/*
72d8164acc046f7246625f49b3e667b2,1156310000,1,www.feiyue119.com/*
72ef7aa5f63c7fb55532bf4bc73861b6,1156130100,5,www.niceloo.com/yixiao/*
7323c20cf19a2b4296154b7fa7f07e76,1156130100,3,www.youluwx.com/*
741e4ac6396e59ab794b812a9a1e246d,1156130600,13,www.youluwx.com/*
746255c7165422d347c5eb422352c969,1156510100,3,www.youluwx.com/*
7515dc49119cd7994dc6b8aa8ffe0862,1156371700,54,www.feiyue119.com/*
75d61461a7cdff3186e095ab86075316,1156371500,1,www.youluwx.com/*
76e28ff04cbfe3cf509f79433a9df417,1156370400,10,www.youluwx.com/*
76fb37e565407374f88d27caf7c25aac,1156320800,23,www.youluwx.com/*
77d5569a52d21d0aef50511e300bde26,1156131000,1,www.youluwx.com/*
786c14b74fdb8d5a2952b695f1b3e9bb,1156510700,13,www.youluwx.com/*
787bdfe39334f6faeefe27e9efe87d3c,1156371300,4,www.youluwx.com/*
7897dbe9e7997951e0ed2f26540ca7ae,1156371100,1,www.youluwx.com/*
78b223dcbb063a1ef88a53702ae12ccc,1156341800,13,www.youluwx.com/*
793d67af0e7bf370a1658cb8d51a8d1a,1156370600,10,www.youluwx.com/*
7992e7a5597f7c4e304a92e411683fc6,1156320900,26,www.yd119.cn/m/
7a344feadf1c3febd93214fe877de040,1156510700,2,wap.bangkaojiaoyu.com/xf*
7af69ecd48b3f2e388fe399b0f1d8af7,1156131100,1,www.niceloo.com/yixiao/*
7cf66e6652026a53ccf062fc6afcf13c,1156320200,11,www.youluwx.com/*
7d1aafe0157e478fe10b90f7b1df1b62,1156320500,59,www.feiyue119.com/*
7d6a908e2950c76c2a95114dfcce9278,1156510100,3,www.youluwx.com/*
7d7f7714abef85aee5d39e5d2548c011,1156130600,12,www.youluwx.com/*
7dd6028e0eaeabe0065dafe8efd99e24,1156370300,1,www.feiyue119.com/*
7e2d1839dcfa18bdac996150ded1fbeb,1156511700,8,www.youluwx.com/*
7e993f6eebf6a6cd1b4b9de31f10fbf9,1156130200,3,www.youluwx.com/*
7fa3ee4600c86f278618f5678402ab5d,1156310000,23,www.jhwx.cn/zt/m_xfgc/*
7fb9292556f7eaf540c532e8d0b17f4e,1156330800,1,www.qddfxfpx.com/*
8054dfe5e91d5047a70b9b7a7c217f0e,1156370400,1,www.youluwx.com/*
82e0fbe403b24d41823b1bf376a1d3fd,1156511500,17,www.youluwx.com/*
8303b31f5ddc219e528c4d0c8b3ac2df,1156511300,10,www.youluwx.com/*
83acc3d01798d460ec9d32b483c012f4,1156130600,6,www.youluwx.com/*
84007770272b59cdd6225b93ae80472e,1156510100,3,www.youluwx.com/*
86330bd32c7def4daf81bf2e320193a5,1156131000,21,www.youluwx.com/*
86530a99be108c628e730b4c9172cd25,1156371500,5,wap.bangkaojiaoyu.com/bjtg/xf/*
8688948418563f733d90859ab7244b4b,1156330400,26,www.youluwx.com/*
877dc628d17d3b72a9328988e72e140b,1156130300,9,www.youluwx.com/*
879b3734882f03105acf1bb3a7149332,1156511900,5,www.youluwx.com/*
8821ac563876c5027709b23df812491d,1156370600,3,wap.bangkaojiaoyu.com/xf*
89bd557f3bf3847b172b7b19e1df43dd,1156130500,20,www.youluwx.com/*
89c1f172663268dd6c3a59ebab47d5d3,1156510100,12,www.youluwx.com/*
8a2330838a63675bd017af26af954a8d,1156320500,2,www.youluwx.com/*
8b1122627bfff52f5f73100c17d07037,1156371500,1,www.yaomiedu.com/wap.html*
8b693d30f3258dc42a33d936ccfa6147,1156371100,1,www.youluwx.com/*
8b754be62015a8f5a4d7e7e200d6f856,1156130200,7,www.youluwx.com/*
8ba25eb861fb888e835479386aa6b01a,1156371100,4,www.youluwx.com/*
8bd5547e559693760ad54f8f7aa93825,1156130400,12,www.youluwx.com/*
8bf8961d70e0d1f1a92e6ab381c7ccae,1156510900,2,www.youluwx.com/*
8c55cf10b6e669bcd0af58dd48a56617,1156320100,8,www.youluwx.com/*
8cffc730532b75cff96165a812a5133a,1156130200,4,wap.bangkaojiaoyu.com/bjtg/xf/*
8d58135dcfabd327d5bef047b868fc3f,1156371200,9,www.youluwx.com/*
8efe7ffe7142a0e06f1285904ddf13a9,1156370800,2,www.niceloo.com/yixiao/*
8f2aca4d175636b3cc5c25a8217a50a0,1156371000,2,www.youluwx.com/*
8f69c9ff88653cfed63147bd22d12574,1156341300,17,yidongm.zzbredu.com/*
8f7e8fef2858c9a3bf6054ceaedc31c4,1156370300,2,www.yaomiedu.com/wap.html*
9012c575cb69926cddf37ddd14629a91,1156130200,7,www.youluwx.com/*
907380d9229575858d84326b1a229e73,1156371300,11,www.youluwx.com/*
90e00a0c74893177f07aac437b8e0834,1156510100,1,www.youluwx.com/*
90fce8d0d66d37d3b9e8ae0a03115cc6,1156510100,7,www.youluwx.com/*
91087c04bba0211e28b6a99f1740e79a,1156130700,1,www.youluwx.com/*
914b87f0d44e6fd30baf27b9801d4343,1156320300,7,www.youluwx.com/*
916cbcdd120d796605fa7a85dea437d2,1156370700,6,www.youluwx.com/*
9192081b8e293c25f8cd3c9776494173,1156371700,1,www.youluwx.com/*
91aeee49f90e70169839e305fc951d4f,1156511300,13,www.youluwx.com/*
9200ec23138c7b4afa07226d24099152,1156511300,4,www.youluwx.com/*
92736a6955ddd0d19d790f4dcb2800fd,1156130100,1,www.youluwx.com/*
9313851a9f1e14e2c70f1a1daf05a4a3,1156130700,1,www.niceloo.com/yixiao/*
93ea2174f4ca9a8e40a2a150a03c4028,1156500000,3,www.youluwx.com/*
93ee1aa688321c7808e29df8c3e5eb8f,1156371100,1,www.feiyue119.com/*
9437bc47403d32718fa9d6013f73a496,1156371500,3,www.youluwx.com/*
9453dc27ec56e2a5897a6a7f741f0dc8,1156371500,34,wap.bangkaojiaoyu.com/xf*
9465de63bdcb1f57564e78714be6563b,1156370600,3,wap.bangkaojiaoyu.com/xf*
9658424968d80750fd4681d196a31ca1,1156440100,13,www.youluwx.com/*
96a1d0433f084dab53e80a2f1f2eb240,1156370100,15,www.youluwx.com/*
9701a894e9430c3c345855376e05850e,1156370900,1,www.youluwx.com/*
976e5fa108193e8ce54303ceebef5826,1156370700,1,wap.bangkaojiaoyu.com/xf*
97c5bbc030400960fad609470f34fe50,1156370200,24,www.yd119.cn/m/
9876b09ce851d51b765b76cd7b289855,1156320900,5,www.feiyue119.com/*
98c76b12206437a6f97a41d835d15fc1,1156130100,25,www.yd119.cn/m/
9921c0918711b1b7500ffef6f68b87ea,1156510500,2,www.youluwx.com/*
995511e220e9e96c26bf890529b9c143,1156230200,4,www.youluwx.com/*
999262e202063bfd0346f018f7b5af5c,1156510800,3,www.youluwx.com/*
99d9a808f72aba995b18226ea554aa8b,1156370600,1,www.feiyue119.com/*
9a578404a12a6ed551a6ba79b76e4b3b,1156130900,10,www.youluwx.com/*
9a57d7cb9066fa8d3b35072e494b1b3d,1156370200,2,www.youluwx.com/*
9ac377792476c90b5381d6df1c30e2a2,1156370900,7,www.youluwx.com/*
9b05984d2df934154ad36f8a3facc9b5,1156130100,1,www.youluwx.com/*
9bc585db81c1484735b35ff4891f8cbb,1156320400,3,www.youluwx.com/*
9bd51e96bcbbbcf81ce8570f887ac635,1156320600,6,www.youluwx.com/*
9c16a35faada84465153faa6ff354406,1156371300,11,www.yd119.cn/m/
9c42634d01f5fdcfd04be1d41c1d805f,1156371400,112,www.feiyue119.com/*
9ce9e99ff5e89fe7894aae1219abd646,1156130500,18,www.youluwx.com/*
9dc52285644a4a17a2f981e0708d9935,1156130700,12,www.youluwx.com/*
9dfa75ea7723dd22d67f742b04f7cdb7,1156320900,10,www.youluwx.com/*
9e474367db6403c07394f5d7a2c14a6b,1156130400,11,www.youluwx.com/*
9e644fd5c45ff6b7775806b3210343e7,1156320600,1,www.youluwx.com/*
9ea74bab4d864deca74108c8907d8bd1,1156110000,5,www.youluwx.com/*
9f543f47015c6bacf058e98e5adc453a,1156130700,12,www.youluwx.com/*
a06b1232f5e6ad05fa736d055f1e7bbf,1156510500,13,www.youluwx.com/*
a09313fd11eb221fb94eed3b5585732c,1156370300,26,www.yd119.cn/m/
a1b1b9fbf6c8d79579d5b5677c7b6b35,1156131000,1,wap.bangkaojiaoyu.com/bjtg/xf/*
a26dbd288c5b5016699ffcf82b6076b2,1156130200,6,wap.bangkaojiaoyu.com/bjtg/xf/*
a2cd22eb017679129c938eb2e9b3d787,1156511600,7,www.youluwx.com/*
a2fb65d08268aeb7ad4544e04c968fc3,1156310000,19,www.youluwx.com/*
a392762d84499f2d8d5f05a11af430a1,1156371300,13,www.youluwx.com/*
a4260518eba6c88b74f155b2b82471f3,1156330200,30,www.youluwx.com/*
a48fdd9ce6aef394372b97865d842d38,1156370800,5,www.youluwx.com/*
a49bec99020dd35f710796d7f400ec45,1156320200,17,www.youluwx.com/*
a55bbd8a68d731b4b11c774e478a29ed,1156511000,14,www.youluwx.com/*
a59cf8f4172d78a01d8cc668a799def3,1156371300,1,www.youluwx.com/*
a74d15008b48df25b96694d314a7c557,1156370800,1,www.youluwx.com/*
a7525952685822a76e8cf0641cf5e8df,1156130300,26,www.yd119.cn/m/
a7811d0076133ca6e392acac36961474,1156510100,5,www.youluwx.com/*
a7992d38b313a7fa99fab5687a7d9dce,1156370100,4,www.youluwx.com/*
a7b333561ea672d70807706ea3a25d64,1156371600,1,www.youluwx.com/*
a8d311f061d76f9e309232d8ea00ebd2,1156632800,34,www.youluwx.com/*
a8e98083053234c32920078cecf7c349,1156511100,12,www.youluwx.com/*
a968e2c98e05a627c3ef35febdc14715,1156510500,7,www.youluwx.com/*
aa30cf4365fa11b0360ad6d52259b719,1156510700,54,www.feiyue119.com/*
aac1bcbf5697bb7c3ec9dacfbb380ed9,1156370500,8,www.youluwx.com/*
aba6f01c695582d140fd0ba79f53fe1c,1156320100,3,www.youluwx.com/*
ac170e61b62b95378a3d2e1cbae3b202,1156513400,12,www.youluwx.com/*
ac58147740eaf1e42676f44362f7f0c1,1156510100,3,www.youluwx.com/*
acbd36555b361ade5961a3bd9217bb24,1156320300,11,www.youluwx.com/*
ad06c37ed5c8ed30fb2d1b74cb580920,1156511300,9,www.youluwx.com/*
add3ad702258fa32a0c5fd48894339f1,1156510100,3,www.youluwx.com/*
ae4093dbd6e5d28f3f31e5cabf1d14fe,1156340400,63,www.niceloo.com/tg/xf*
aed5b0f56da2e8e8b2ad1ad351052e7a,1156130400,12,www.youluwx.com/*
af5b425b4074f7c3c80c5780c19fa404,1156511300,5,www.youluwx.com/*
b060e9a1600e610ee054803b2dfc960f,1156640100,9,www.youluwx.com/*
b07c72ddb59b1aff67cdab97d6037525,1156411600,8,www.youluwx.com/*
b0ae119f547f91b26cea0a48d1ec94a5,1156130200,23,www.yd119.cn/m/
b0d96ff4f7f85c79d3e0b9c6fed4c6f4,1156513400,2,www.youluwx.com/*
b11076c1e954b385b3dcb27716b1950d,1156320500,5,wap.bangkaojiaoyu.com/bjtg/xf/*
b1442ae6b08c598b8e9e16097124aeb8,1156130200,3,www.youluwx.com/*
b2a4187637e30905eb0981e1c77ea60c,1156371100,1,www.niceloo.com/yixiao/*
b2ffafbbcc703117f52e0b417a0d6332,1156130100,26,www.yd119.cn/m/
b3534a652f6ee573e1f912fbffa2b944,1156130500,13,www.youluwx.com/*
b3734e7db2ce36c6db1ba4dc7a7463c1,1156130100,3,www.youluwx.com/*
b3764de8e66e2aeb40a971f2d5ee735d,1156370500,6,www.youluwx.com/*
b45909a9016e26ccc0088c0054d62d40,1156371300,14,www.youluwx.com/*
b4671e4118d21b79d263288f279a794e,1156370100,12,www.feiyue119.com/*
b58827fb5fa7438307023c42bb333de4,1156370500,21,www.youluwx.com/*
b5d13cedaaa8466e2e91b257fcedf712,1156511900,1,www.feiyue119.com/*
b5ede95a8b82e5e5e98cf4f4c3fcf69f,1156320200,12,www.youluwx.com/*
b646ba920a546c0aa2c90bf9eb8883e3,1156371400,3,www.youluwx.com/*
b7b02313c5a07d801ac4fdcaf3979199,1156510100,20,www.youluwx.com/*
b7dc9b120940343c7cf047e15f7b84f0,1156510100,1,www.niceloo.com/yixiao/*
b7e84eed6e65c3e0bd5701a8cbba7218,1156510700,21,www.youluwx.com/*
b8802a8758f80e067ccafd04e29671dc,1156510600,4,www.youluwx.com/*
b92abb2e8636b7770ca5d4d5ccc2a18e,1156320500,8,www.youluwx.com/*
b95bfef8419d9d5c60c3a2dbf2cd6013,1156321200,14,www.youluwx.com/*
b96de08b1550d81a2ea87fe874ebe6fc,1156510100,3,www.youluwx.com/*
b9bcf0784af1142e84e7005f48d1416f,1156320400,7,www.youluwx.com/*
b9ce26541538771aaaf64c9616d66c1f,1156371400,32,www.feiyue119.com/*
ba35bbb72b34f1677912c53398c1f2d4,1156510100,3,www.youluwx.com/*
bab0124dcd3c7a4934c85e8e8f05d504,1156310000,12,www.youluwx.com/*
bb1187e13076cfb4da1d8f339838e58d,1156370800,3,www.youluwx.com/*
bb5cb74595da927599815167826f509f,1156371600,8,www.youluwx.com/*
bb6abfa8818e292f515f5f6e9ad48b16,1156110000,7,www.youluwx.com/*
bc85ccf0db9588e7ef4ce2454b2aa7ed,1156511300,6,www.youluwx.com/*
bcbcb1d8994dcc31e47fdbf9a316ea28,1156370200,11,www.youluwx.com/*
bd19d5fe081b3f016d00ffd9ef59d342,1156320500,16,www.youluwx.com/*
bd345eb16439d810c83ae9bd84a5f491,1156370400,42,www.feiyue119.com/*
bd4174782e032b5660ddcd0bfbefd821,1156371000,16,yidongm.zzbredu.com/*
be6de6121a6808929adb7e9dbd4f90a9,1156510100,21,yidongm.zzbredu.com/*
befb3a0846eb088023f4f32821c1a691,1156513400,56,www.feiyue119.com/*
bf02c2643107ee94d6bd171317e66fc6,1156513400,5,wap.bangkaojiaoyu.com/xf*
bf18622e0e334d2942a24e09f80bd847,1156371500,18,www.youluwx.com/*
bfea8daa7b4b298860bd39c70e016327,1156511800,3,www.youluwx.com/*
c2854e6c7a5d9b4b923e700e5f8ba639,1156321300,76,www.feiyue119.com/*
c299317ad4e8a4768bb99199b1220766,1156370200,1,wap.bangkaojiaoyu.com/xf*
c314c761e3a8f27a2ace4ffdacd680e9,1156370100,2,www.youluwx.com/*
c32995f8c9fbca4ed63d9f24450f1051,1156510500,1,www.youluwx.com/*
c332db8d6049fb89795def8a550d3b44,1156140800,2,wap.bangkaojiaoyu.com/xf*
c3a505134641b376e6240f4b55ae25ce,1156370700,26,www.yd119.cn/m/
c4777c5b84bef3853ea9ee4a9d1a789e,1156370300,2,www.youluwx.com/*
c54eb76979c9c5af1d31f91348b933c5,1156371300,10,www.youluwx.com/*
c5819e7223b439c4d387d357f7404568,1156371500,47,www.yd119.cn/m/
c6307fa5b72f1946ec9233434c2c1bbb,1156511300,3,www.youluwx.com/*
c6d4dd6dcc96c30faee32a2290f18479,1156130100,71,www.niceloo.com/tg/xf*
c74348b15e107c783a67f3cbe031f86e,1156370600,11,www.youluwx.com/*
c83797d93cbf8a7f45c5882702ba4e60,1156511000,13,www.youluwx.com/*
c89d34da3d71250b1d90452b9ea641e9,1156510500,3,www.niceloo.com/yixiao/*
c8a07ad8e1404ff2e6d52c5a67b83449,1156371700,9,kuangjia555.zzbredu.com/*
c8f2b26886cdcc6681f3c29d0201fab0,1156510100,1,wap.bangkaojiaoyu.com/xf*
c90633e53188b5d9bd184c0dc60eee79,1156371000,42,www.qddfxfpx.com/*
c993fe9ef0020ad4b9455f14fc9be590,1156370100,4,www.youluwx.com/*
cb3f9891d924b9e0a6d183bfb281ff2a,1156320900,10,wap.bangkaojiaoyu.com/bjtg/xf/*
cb61fe362445fc24a223bbeefe35cdab,1156320500,8,www.youluwx.com/*
cbbd3c8f4e175df41e4b276c2278d699,1156130200,3,www.niceloo.com/yixiao/*
cc4f6cd14c71aad7ea70a05192465f5f,1156411200,2,www.feiyue119.com/*
cca28c86315d961f56e84bf3b82b4a30,1156310000,13,www.youluwx.com/*
ce180d7e871dbeab8232f2a342184dec,1156371400,2,www.youluwx.com/*
ceaf99ab980f0219d747db4f08923d65,1156130900,3,www.youluwx.com/*
cf03b9d187e74095e91e3a8be4cbdc19,1156511300,25,www.youluwx.com/*
cfc4c8df73204903a90ef0c32dded7b3,1156130100,10,www.youluwx.com/*
cfedee88886758c74b8ce69a2ea74059,1156511700,13,www.youluwx.com/*
d04bdac358cb67f126367b09a8137b1e,1156370500,10,www.youluwx.com/*
d0800bd17b50c97ee3f397df7753e0d8,1156370700,3,www.youluwx.com/*
d119d7f1cecf2bf4859d2e2e51575530,1156510400,4,www.youluwx.com/*
d143e03f27108ef59b2146a9c307189b,1156510100,13,www.youluwx.com/*
d15fa082a8246691998272de0782eb18,1156130200,7,www.youluwx.com/*
d16130787bf25c6002dccdb18412129f,1156130200,50,www.feiyue119.com/*
d1aa12c8fbbaba140cb3d4656a0b489e,1156310000,1,yidongm.zzbredu.com/*
d1d4e9ef83aa90b5fb7ba3ff0be624bd,1156130600,2,www.niceloo.com/yixiao/*
d21cbcda607e44641f3857b8d1289ab9,1156510100,3,www.youluwx.com/*
d33ac8c1d0b2903ceae28a54cb0d6488,1156511500,3,www.youluwx.com/*
d3fa541d1025209ef1a7c1bd2cc24167,1156510100,10,www.youluwx.com/*
d4889dc5a687fc1861e04201820b488a,1156130500,6,www.youluwx.com/*
d4cb2e1294b702e895c08b080c1a5a0e,1156131100,47,www.feiyue119.com/*
d5202cf9e0cf83c8684b1933a8760c68,1156310000,54,www.feiyue119.com/*
d535b9158079b95e8db4778f2f34d272,1156510100,2,www.youluwx.com/*
d586b731ca17a0edec56bd0841f8ee09,1156511700,3,www.youluwx.com/*
d64343653c28196d46885b5f46308bb2,1156321000,34,www.yd119.cn/m/
d6cb601378135f81b0799ab0149ac090,1156130100,21,www.feiyue119.com/*
d71b046eb382a52df44f36d0dd9c9330,1156370600,3,www.youluwx.com/*
d825bb224db5bd12869b65956fc09252,1156370200,10,www.youluwx.com/*
d8daba1bae1f119fdf80952c071b6ff4,1156130500,10,www.youluwx.com/*
d979f83f44106b8251c559199462a49c,1156371500,3,www.youluwx.com/*
d9ea24ce7d27bbaa8139f39cac5e422e,1156370400,1,www.yaomiedu.com/wap.html*
dd4f4d8d704f1b2dc4eda43d0baf0db2,1156370600,7,www.qddfxfpx.com/*
de17b57c4475e0d1daa057a06f513639,1156511300,10,wap.bangkaojiaoyu.com/xf*
de213eb24ff17587d36180d305a1e4bb,1156510100,1,www.niceloo.com/yixiao/*
df247f3ff2b270c7871004c62c84ecec,1156370900,5,www.youluwx.com/*
df9a211690c45ff06d592af3bb067d16,1156321000,7,www.youluwx.com/*
e000a069e69a3b5450b74bfcecad4e11,1156130800,11,www.youluwx.com/*
e1c1df77aff8a91cf7cdb5d42905f4b5,1156330400,6,www.youluwx.com/*
e24d08d1a7f9e54d4558d25a830c8e0b,1156510700,1,www.youluwx.com/*
e25d214e7368927381b8ab4f9c9ef94d,1156320500,14,www.youluwx.com/*
e2904881dc949f195f932ba18dec28d9,1156320600,71,www.niceloo.com/tg/xf*
e2e18314115db661e69e847a83e40a50,1156371700,8,www.yd119.cn/m/
e2f70971ed172ea0293826201e44c5a0,1156130200,21,www.yd119.cn/m/
e2ff27ca478ce58ac19fe08cc5e5ef15,1156130200,19,www.youluwx.com/*
e3bc6d7d17a7cdbd809513be8a5a0930,1156510500,7,www.youluwx.com/*
e43aa6ea36aec734bb54b92d46322a59,1156370800,1,www.youluwx.com/*
e4d53ce4ce7e57f8117334073aad2629,1156431200,20,www.youluwx.com/*
e4ec549d58a4a822bb4f172b46f7d82b,1156330600,6,wap.bangkaojiaoyu.com/bjtg/xf/*
e546aaf7ed7a3b41c64ce81c69038c71,1156371300,1,www.youluwx.com/*
e5b389a980a72bd0c105c766e7b8d729,1156371700,1,www.feiyue119.com/*
e5c255f69ac1f1e51221c52db21aa404,1156370700,55,www.feiyue119.com/*
e5c5634eb8451b8d4057f456442a34d3,1156130600,43,www.feiyue119.com/*
e62137f3d81afdea4774ea9560e9afcb,1156320500,3,www.youluwx.com/*
e678f55007349a56f2c4e4e41d010197,1156430400,9,www.youluwx.com/*
e7bdb3968cd0a3a0117b3fbc8e9f41f2,1156610500,1,www.feiyue119.com/*
e8203dcbd76e0d2b105accb36c2362ed,1156510100,55,www.feiyue119.com/*
e9e3afe298233dd5136bb0c6cdc33aad,1156321300,1,www.jhwx.cn/zt/m_xfgc/*
ea0137c44d7909e1d68afafc34e5e68a,1156510500,3,www.youluwx.com/*
ea0bc08f6fce906f5a9cdd76e2f71a49,1156320800,26,www.yd119.cn/m/
ea32613749f17dddba330fbcbb0989c9,1156371600,1,www.youluwx.com/*
eab48dc9348410d717feff21abffd573,1156511500,2,www.youluwx.com/*
eb107ec2d9b560b05a5bb8c20137f8fb,1156320200,57,www.feiyue119.com/*
eb64c6cbf8326b96a9356a4c392ca6e8,1156510100,7,www.youluwx.com/*
eb67622be9abdd985531a6ec581b625d,1156350100,5,www.youluwx.com/*
eb95933ec2b2564c6532d5f81db343ec,1156510100,7,www.youluwx.com/*
ed976eab0864781bcbec0c1c9f52ac09,1156130200,13,www.youluwx.com/*
eed9276385bdf7d03c842f00d3682ffa,1156510900,7,www.youluwx.com/*
f0123ebab4c3aef9de0b8e1b499e8a70,1156411400,1,www.youluwx.com/*
f0465ca918c1dc4632860ade47c37666,1156320500,30,www.youluwx.com/*
f0949b0da1b9088350a76b52289da43e,1156320100,17,www.youluwx.com/*
f096c1fa7a1e2c83e6ba9354fa5962cc,1156131000,12,www.youluwx.com/*
f0f077c69fb0012a9f216b6ebae36f23,1156511300,14,www.yd119.cn/m/
f115028ebd4454e76a8250ff4849b87c,1156130200,46,www.feiyue119.com/*
f163b5bb22db8401185246f621eb7568,1156371100,1,www.youluwx.com/*
f21e2ebb665d4b4c4b3d97af674f5858,1156510100,3,www.youluwx.com/*
f29e26c1415e625c4a5b68b449bd6869,1156513400,8,kuangjia555.zzbredu.com/*
f3250794bea205827f902e33238a50f2,1156510100,1,www.youluwx.com/*
f3403e11173f2c6ee1fe4f81ac2f5efa,1156371700,14,www.youluwx.com/*
f40d635513b50a1ef1fd0fab8bf988d0,1156510100,1,www.niceloo.com/yixiao/*
f4353b2821ea5bbb85442ad1e8c6377d,1156130500,16,www.youluwx.com/*
f44a658566a8533b2b296c967503076d,1156310000,16,wap.bangkaojiaoyu.com/bjtg/xf/*
f4a438d6866a9aff6b1eb099ed367ef5,1156370600,3,www.youluwx.com/*
f5389781b19b517daa3b7cb5d4a31863,1156371300,12,www.youluwx.com/*
f54e304f469b10273e740837730774ca,1156130100,3,www.youluwx.com/*
f60916f832a487698dda1c589a1075b0,1156370600,13,www.youluwx.com/*
f6997d00c96f5fd8beae710a33f89331,1156321300,3,www.youluwx.com/*
f6ed1a7c381cacffd1e61fde870324f8,1156371000,6,www.youluwx.com/*
f7bcc20e712f13c7a01ee528b5f1e6bf,1156320100,1,lk.jyi365.com/phone/FireControl/index.html*
f7d2995c5dadbbac037b7203b08f3b74,1156371300,7,www.youluwx.com/*
f815cf9991ea60045d3f1e93a298e4dd,1156310000,4,www.youluwx.com/*
f84aed9813b966eb260ca01ed09befe9,1156511400,1,www.youluwx.com/*
f8a8fd9f4a0107c5675347986c55c2a2,1156370300,8,www.feiyue119.com/*
f8e093f31fd03afd7939b35233dc0eef,1156370100,3,www.youluwx.com/*
f9340ea18797d78e5ff2e06c2c9cdbd2,1156130900,21,www.yd119.cn/m/
f961757e78d65f0dfd9648cc7cf9c7cc,1156310000,6,www.youluwx.com/*
f97137985fd2f43c33e1eeb16b38175c,1156511400,18,wap.bangkaojiaoyu.com/bjtg/xf/*
f9b0dec46988298583be09f4f245f524,1156370600,1,wap.bangkaojiaoyu.com/xf*
fa031f54975ba196ba300395367a625d,1156510600,1,www.niceloo.com/yixiao/*
fa3feae47e663789276dce78391ec229,1156320100,7,www.youluwx.com/*
fa6f6a84f3ffbe7069e5e1b1baf18746,1156130100,1,www.youluwx.com/*
faa1e0cf8623b9187729938cc470ee66,1156511500,17,www.youluwx.com/*
fb944509738e419aea1d960c66045077,1156511000,12,www.youluwx.com/*
fb97edf334bdffea402c2c9cb2dc4983,1156370200,6,www.youluwx.com/*
fcae491728cb64b584f41bba23bd76a7,1156512000,6,wap.bangkaojiaoyu.com/bjtg/xf/*
fcb935f0d837fc897d130a4318fdca49,1156320300,4,www.youluwx.com/*
fdaea80619cfcf56f061bd4478d78083,1156140700,3,www.youluwx.com/*
fdc2ca07e51b42a8c768a570b3538d3f,1156371500,1,wap.bangkaojiaoyu.com/bjtg/xf/*
fe77585d9ebf78860d0d56bdc87135f2,1156510100,51,www.youluwx.com/*
fe7fe4d3635992fc6e353847ebcba7d2,1156510100,1,www.yd119.cn/m/
fecda9793b2544b2a6e1141ba81603a6,1156370600,15,www.youluwx.com/*
ff568a200cd00271551a2dbe6886bca5,1156320500,25,www.yd119.cn/m/
ff6a616bc7902b7517b9cc78d663fc54,1156130200,4,www.youluwx.com/*
ff6cee8d2e9335dc83e6d5338fd2a877,1156130100,25,www.yd119.cn/m/
ff880e27d5056eb85c1fdfe3c3c754a0,1156371300,1,wap.bangkaojiaoyu.com/xf*
ffcf90938c5c9ce97e4583dcf37f6616,1156131100,15,www.youluwx.com/*
