00cc84634a90bf8f79c25b9c84b32469,1156440600,3,szxl.qkwwd.com/ZH-UC-WAP6/428/*
01470807cfc7a1e065cf1e9cb1a9c6d0,1156441300,4,xf119.jtjya.com/mmm/*
0181e36b0d7e65ca404f6ff90daf1bd8,1156441800,1,abc.wkyfl.com/uc109/xf4.html*
0181fe355f8b472d518617acbff37098,1156440300,33,4g.bjpaierde.com/*
0196c0e984a7baa530094fd10402512e,1156440600,3,xf119.jtjya.com/mmm/*
040d0df3c04d2bf3b3f1e89b302d973b,1156440300,2,xf119.jtjya.com/mmm/*
0547803ffefe78d88da21ab0ff7619c5,1156411600,1,4g.bjpaierde.com/*
064d01877ef3d488e294d01902f00f02,1156440300,2,xf119.jtjya.com/mmm/*
06a4f72c62b5bf13f91aea2cad687d7e,1156230100,2,wap119.jiangyan6.cn/*
06bb089ac0dfca1c65296346cb387d25,1156440300,2,xf119.jtjya.com/mmm/*
06d653202e75232d68a663733c504d06,1156441900,2,xf119.jtjya.com/mmm/*
07cd9ecf4d0141281e2faa63048c99cb,1156441400,1,abc.ddjcx.cn/uc35/xf4.html*
07d7a8826f34d86ed2b83fcaaf420e7a,1156450700,2,xf119.jtjya.com/mmm/*
08e364c7d30ed5416d7f2af6f018696e,1156440600,3,xf.tjtylai.com/wap/*
094a3eae0e3be750b906e8d5e865aae2,1156440100,1,ni.nicline.com.cn/*
09645de32cabad247832a50221be3f76,1156441400,4,www.hqhwedu.com/m/*
09af82152f58e5c9b1b6e57e401f8a11,1156440800,1,abc.ddjcx.cn/uc35/xf4.html*
09af9cc5e9f8295eced144e57e8ee35c,1156440300,4,xf119.jtjya.com/mmm/*
0a471eedd13ca5f114f88ee1b9e1e1a5,1156440700,1,xfgcs.krs119.com/mb/*
0bff90bc58db9a623f90073f3e7ca155,1156450100,1,4g.bjpaierde.com/*
0cc691fbaffb8033966c18d058552cdc,1156440100,1,yi.tjtylai.com/wap/bktj.html*
0e3efc5d0f99b6cd16d7a04c1f150355,1156440300,2,xf119.jtjya.com/mmm/*
0f65df9d14e31d027accbd5631dffd53,1156440100,36,www.hqhwedu.com/m/*
0f92996b593750699dfff903b413fd55,1156441800,3,xf.tjtylai.com/wap/*
109a33ae9e49f08101a4ac21c405c003,1156441900,36,xiaofang.offcn.com/zt/xiaofangh5/*
10e6115539e9ca1f81511d4967c577ab,1156441200,4,wap119.jiangyan6.cn/*
113b5e7c7af3c1ce619c2cd08c7f9059,1156420300,34,xfgcs.krs119.com/mb/*
11c3727c2c80b1b52bb8c30d78ab5c67,1156441400,13,wap119.jiangyan6.cn/*
12779fad56b53e7d2b2b9ffd938a64b4,1156440600,29,xf119.jtjya.com/mmm/*
132a6c30863a3f7eba555f2ed2b410d2,1156441900,6,xf119.jtjya.com/mmm/*
139a1a567a7a1811f55543c4f944f50a,1156610100,1,wx.wzwljy.com/wx.wzwljy.com/bjxf/yd/bktj/*
1614a91f871da7b508b6fd2d0312ed57,1156510700,1,www.feiyue119.com/*
16a10e9317be9719a002a0bab7045072,1156440900,1,yd.jktsfu.com/mmmm/*
183cbb046df68e5437f7e18f86476b48,1156430100,36,www.hqhwedu.com/m/*
188d0d4ce2bdb0e6e5b684dbd3ecf7a6,1156440600,4,xf119.jtjya.com/mmm/*
193a22b68a5a095b093d6316f1ba77b8,1156411600,1,4g.bjpaierde.com/*
19f3d8826efc88d42cf474d44636197a,1156440400,4,xf119.jtjya.com/mmm/*
1a445853d83c3a6fb483c5de1f68d21a,1156421000,2,yd.jktsfu.com/mmmm/*
1b665dbf5b882f975d9defd68cc0794c,1156440300,6,xf119.jtjya.com/mmm/*
1dbba233702ea9605b378c244fa5eeaa,1156440600,2,xiaofang.offcn.com/zt/xiaofangh5/*
1e651de793d8d510b9bf0463828b11ff,1156441900,1,mmx.jtjyc.cn/*
1ef909debf9c044b50a1eb2397b65626,1156440300,1,ni.nicline.com.cn/*
207ffc20a9bc80f4937f763a080a021b,1156441900,1,wap119.jiangyan6.cn/*
20cdd2fbe13ae643a14fe4080ed052fa,1156440100,8,edu.beinantv.cn/tg/cyc19/*
20fab460f7caa70da8b8fb7c9557f9e0,1156441900,25,yi.tjtylai.com/wap/bktj.html*
2257797f9820e93b796c344c70e5aa21,1156440100,1,prd1.yytxs.net.cn/m/*
228e96f96b97f2b550c62eb3ffc449bc,1156421000,43,xiaofang.offcn.com/zt/xiaofangh5/*
2361df2a6934e09be350dde27adc9e82,1156431300,2,xf119.jtjya.com/mmm/*
25c8aac9a84bec74ab1bb22053034db7,1156440300,5,www.hqwx6.com/class_xf_M/*
25dc0ce07850961023c0af7a91d85351,1156440200,4,xf.tjtylai.com/wap/*
26842eef35fe1a3c686f5b425f8368be,1156440100,4,xf119.jtjya.com/mmm/*
27980fd70d79bb827d29cfd0b3562abf,1156440300,4,xf119.jtjya.com/mmm/*
28d6400a674fa7a3301ece9114b5479d,1156220300,1,xfgs.ddjcx.cn/xfgs.ddjcx.cn/smbktj.jsp*
28ee31a04725596dbdceab2ee757e1da,1156440100,16,js.jhwx.com/zt/m_xfgc/*
294329a3ca1ea44932839c6cbe808618,1156440300,2,jiaoyu.rqqjyxx.com/bd/bd21/mb/hd/*
296822c1ed428d362d2e0ce6fbb46b86,1156441300,10,xfs.yytmh.org.cn/*
29ad88926ca3e6d85851be5ceb701971,1156445200,31,xf.tjtylai.com/wap/*
2a2157eae61ecf86d627735115618392,1156451000,2,xf119.jtjya.com/mmm/*
2aabc6a671d040db9ce023efaf07d208,1156440300,1,ni.nicline.com.cn/*
2b0a98dcad5324b2840564e538fa9155,1156440300,21,xf119.jtjya.com/mmm/*
2d44b5cec001dd0a6bf6dbe98e71af25,1156440600,2,xf119.jtjya.com/mmm/*
2e017f3a4f05e62ef8eb009932f73b27,1156500000,18,prd1.yytxs.net.cn/m/*
2eb48746d743b33bedd42ea46509dee8,1156440300,3,yzc.mtjlz.net/t1/feeds7/uc/*
2eca2380463208a8b629efb9014e47a5,1156441200,43,xiaofang.offcn.com/zt/xiaofangh5/*
2f84f6b90ff2e2f9562ea7e483cb8ef1,1156440300,1,4g.bjpaierde.com/*
2facbf8e0df0207a1b49cd260ef5a3a5,1156440600,9,ni.nicline.com.cn/*
2ff18bffb5b053fae205e2167a461689,1156441900,3,xf119.jtjya.com/mmm/*
3030f1e951d62ea76c172208215ca722,1156440700,1,xf119.jtjya.com/mmm/*
30c8332dcb957c774399682ecad5fae0,1156441900,1,js.jhwx.com/zt/m_xfgc/*
317425a0da7d630d2dba7724240dc1b0,1156150800,31,wap119.jiangyan6.cn/*
31929a31f03db97202fb2424653bc94b,1156440900,1,xf119.jtjya.com/mmm/*
31d002ce8d9e6f024edac87b598b8094,1156440700,1,ni.nicline.com.cn/*
326ba080c71970e37e8cee87ce2574d2,1156440300,5,xf119.jtjya.com/mmm/*
32ba59f5399b26dcdf797edf9f8b7759,1156440700,3,xf119.jtjya.com/mmm/*
33c20de5821af272548d30bc2866e523,1156440100,2,ni.nicline.com.cn/*
37d736532decdb77b2cef14748a83f40,1156450500,15,xiaofang.offcn.com/zt/xiaofangh5/*
37f70c9fce334a5088cc57bdb493f6eb,1156441900,6,xf119.jtjya.com/mmm/*
382b98e2ca5fcc108aefdb722eb49134,1156440100,1,xf119.jtjya.com/mmm/*
388c50c88e6ddfd9449847d39c8a50fc,1156440400,3,xf.tjtylai.com/wap/*
38b6714dd121e69f55b2ca433e385851,1156441300,23,yidongm.zzbredu.com/*
397038285960a4cb29eb0d0d68443bef,1156441900,2,xf119.jtjya.com/mmm/*
3a1ba0da26381f2d217799326fbda8f1,1156610300,2,bj.hqmianshou.com/class_xf/MB/*
3b0be59cc3a3a4283520f046d7285bd9,1156440600,1,xf119.jtjya.com/mmm/*
3b148d15db184ac3103e16cb8a23b3ac,1156610700,6,jiaoyu.rqqjyxx.com/bd/bd21/mb/hd/*
3bbbae1171e5624adf8587e263dbb563,1156440300,16,xf119.jtjya.com/mmm/*
3c1cfc4f750c690c2a21b499f99c6100,1156440700,1,yzc.jkhtgd.cn/t4/feeds2/uc2/*
3cbc4fbf52e6e8e95ed6df7abbb274c9,1156440300,4,xf119.jtjya.com/mmm/*
3dbe93337f0795cb4b17e81c815d0104,1156440600,1,www.feiyue119.com/*
3dc1d45181a7aa93b8811395a8bc52fa,1156440300,8,kuangjia777.zzbredu.com/*
3dcaa6bd3bfd57df5ce3d49f396ee15c,1156350300,1,abc.wkyfl.com/uc109/xf4.html*
3ea0155435b8da367c32de08e3201480,1156361000,3,xiaofang.offcn.com/zt/xiaofangh5/*
3f099a71bfa650aba7cec1a0a59f294c,1156440300,8,xiaofang.offcn.com/zt/xiaofangh5/*
3f2a4a88ac283d681e198f785ac99d99,1156442000,1,xf.tjtylai.com/wap/*
3f67b2703410b2cfb1f91754dcfa71d2,1156440100,32,xiaofang.offcn.com/zt/xiaofangh5/*
419432c011f47dd0d84a827325a27300,1156441300,2,4g.bjpaierde.com/*
41add04491de825ced7d8cc74e107478,1156230200,35,xiaofang.offcn.com/zt/xiaofangh5/*
4313530b9883d30ac303d38143c8de96,1156451300,74,wap119.jiangyan6.cn/*
432d8bec8d535dd6e3abbb2215798e42,1156330500,1,ni.nicline.com.cn/*
43987d803a25cfd6b2b2f29be59a8a54,1156442000,1,jiaoyu.rqqjyxx.com/bd/bd21/mb/hd/*
44da62977b0b2037bfdc75f36fc47143,1156440600,5,jiaoyu.rqqjyxx.com/bd/bd21/mb/hd/*
47c883d3decb5d15203c0475879a9ff4,1156440700,2,xf119.jtjya.com/mmm/*
482434affd0e6b6bf440d6b9a362482e,1156440100,4,yzc.mtjlz.net/t1/feeds7/uc/*
48480faf2776ff54f0993c3ae9698bc3,1156441600,1,ni.nicline.com.cn/*
4918110fd51bc0072edccc8159513757,1156440700,2,xf119.jtjya.com/mmm/*
49daa6266e5d2325f102201055578f9c,1156440300,3,xf119.jtjya.com/mmm/*
4a8185c1585f7cbfeb18b65ac57e2134,1156441300,1,xf119.jtjya.com/mmm/*
4ac3b64a0dee4fc2ded1b231f8efc256,1156445200,3,xf119.jtjya.com/mmm/*
4c983677cf511f051e17a6872b51ab6c,1156441900,1,yzcxf.qkwwb.net.cn/t2/sem/shenma2/mob1/*
4cd64e4de518e6daef4b263643dbdd56,1156440300,1,yzc.hthsvg.net/feeds/uc1/*
4df72b915d8ee16670547f48698e4813,1156441400,2,xf119.jtjya.com/mmm/*
4e9289512f3e18808048bbd44ffb4559,1156440100,1,xf.tjtylai.com/wap/*
4eb3a3bba0efea2017a85fb4b802f58c,1156440300,3,xf119.jtjya.com/mmm/*
4ed8bef0e63dd3e6c7313b717f93b9f3,1156440100,81,xfgcs.krs119.com/mb/*
4f3f30300dc68e42c6b9983430b180bb,1156441900,2,yzc.hthsvg.net/feeds/uc1/*
4fb7e4c3876c31ca55fbc28f0b705214,1156440600,4,xf119.jtjya.com/mmm/*
51782a3daf8a2a59079f22df7a4d5f6e,1156450900,38,4g.bjpaierde.com/*
540d7141e89e6c8bfadd5716e3856f21,1156440600,1,4g.bjpaierde.com/*
5578958f58cf3b09ee6eea004555bc2d,1156440300,5,jiaoyu.rqqjyxx.com/bd/bd21/mb/hd/*
55bfddc7d3d75ec6138f30b95396aa88,1156441900,19,yd119.myfxs.net/XF/SG/1/m/*
590284c645dbdfc41c2a5628b36387ac,1156440600,30,xf119.jtjya.com/mmm/*
59ad5e100e93569746cb9e99dd772704,1156441900,7,xf119.jtjya.com/mmm/*
5b37e8a2ee40de157b8748f5ac5ed9d4,1156440300,33,xiaofang.offcn.com/zt/xiaofangh5/*
5e1c53645f3185f6f413b56a467bf88d,1156441900,6,xf119.jtjya.com/mmm/*
5ee5cb8cd831cbc1347d634c014779e0,1156441900,11,xf.tjtylai.com/wap/*
5f71b32ded607ff5a85760769ea69544,1156442000,33,xiaofang.offcn.com/zt/xiaofangh5/*
6165cd2d472b6facd3642d46e8da5042,1156440300,2,xf119.jtjya.com/mmm/*
61809783c871cb384f04e94698f47325,1156441800,15,mmx.jtjyc.cn/*
61eae2a3c50728a1631599832d6eec90,1156440600,1,mmx.jtjyc.cn/*
62ce6b114b3b586927dfd595a5aac117,1156451100,3,xiaofang.offcn.com/zt/xiaofangh5/*
63fc04e8ef070f5a3ef7f21cbe2b44ac,1156440300,1,abc.wkyfl.com/uc109/xf4.html*
64b0aff591cc353af6687412c6d69638,1156440300,6,xf119.jtjya.com/mmm/*
65268390e4cd5125e25885ff95c54104,1156441900,2,xf.tjtylai.com/wap/*
65ff3e03adb89b7536c96fc7a4703279,1156441900,28,xf119.jtjya.com/mmm/*
66e53a6dec1679de06b9482fccf66e92,1156440300,4,xf119.jtjya.com/mmm/*
67ca0e3962bd16946c6fb59e4ba257cd,1156441800,7,yzc.jkhtgd.cn/t4/feeds2/uc2/*
67d7d0e5864339f653e0113037930e87,1156442000,3,xf119.jtjya.com/mmm/*
698130edaafeea314b45890c54cc6714,1156511900,10,ni.nicline.com.cn/*
6a47e2eddadf859fa3a4463cda2e9f1e,1156340100,1,yzc.diliqi.cn/t2/sem/baidu2/mob1/*
6b3b93898b687d1f0f697c15fcf456ca,1156441900,17,js.jhwx.com/zt/m_xfgc/*
6b869067f19164b99d1656ce382b1c4f,1156440400,2,www.hqhwedu.com/m/*
6b9606c62f5452e03a9d4ee8e25e5b50,1156441900,52,xf119.jtjya.com/mmm/*
6bab5acc1f9b3b62728eaf62c8542595,1156440300,3,xf119.jtjya.com/mmm/*
6be3ac214d5aaada32c7300b378c1622,1156440100,2,xf119.jtjya.com/mmm/*
6ca3a4a4cb822e86b1799c27751079ed,1156440100,1,xfgcs.krs119.com/mb/*
6e832bc647794e0a0e8ae0b897bceee3,1156440600,1,xf119.jtjya.com/mmm/*
6ee12929d8aa63beef06b2fcf5a54c44,1156440300,1,4g.bjpaierde.com/*
7080b2a3ba3331b8b443ffb2fbad4dcb,1156441900,1,4g.bjpaierde.com/*
710669209781560200dfdc3b38b88a2c,1156430600,8,wx.wzwljy.com/wx.wzwljy.com/bjxf/yd/bktj/*
713413c8f509e76142bc4a206cb5348f,1156440500,1,xfs.yytmh.org.cn/*
71c97cf330eacd4810d2da5a1a92eba1,1156441300,6,wx.wzwljy.com/wx.wzwljy.com/bjxf/yd/bktj/*
72067c571741018078672d3a75840986,1156442000,12,js.jhwx.com/zt/m_xfgc/*
73260c58b5172c2f8297eedd5f4939fa,1156442000,37,wap119.jiangyan6.cn/*
765a74190232a30e8380da74af70317a,1156440100,1,ni.nicline.com.cn/*
76943912cb75eae337460991405e2929,1156440100,19,cpta119.yuyanliliang.com/*
77127d4267a92e411c88c48bcb632c05,1156441600,1,4g.bjpaierde.com/*
77387efd97eb8bf0d79bdede3267be9c,1156440300,29,xf119.jtjya.com/mmm/*
7739fc03ab73faa0222a40aaeb6465a3,1156440800,1,abc.wkyfl.com/uc109/xf4.html*
796b7cf368b4d20ffeb3702f80162f8f,1156440300,32,xf.tjtylai.com/wap/*
7a6c6e2c915bdf5a1cd59720bd011d26,1156440100,37,www.hqhwedu.com/m/*
7b6ad44773aba2c4a11d9429bd1d6565,1156430600,1,ni.nicline.com.cn/*
7be5df9ad520058c6e7ad9669bca04e1,1156440100,8,szxl.qkwwd.com/ZH-UC-WAP6/428/*
7be67195725d7c9820d8648fe6c5a189,1156440300,1,www.jhwx.com.cn/zt/m_xfgc_01_sogou/*
7d85350d50c387c5eb367d8bcf634790,1156440600,1,kuangjia777.zzbredu.com/*
7e8bc2015ef82fd5721091af160a6291,1156440300,1,mmx.jtjyc.cn/*
7f1a921419110744d9daf240e8223b4a,1156361000,2,www.feiyue119.com/*
800e0119f8c094030670065c8748122b,1156441200,3,xf119.jtjya.com/mmm/*
80cdf2c294546d2ffa9b7a14f8c7e943,1156360100,1,yzc.mtjlz.net/t1/feeds7/uc/*
82e0732ca8a0ceafa1b2a65fca9dfeff,1156440100,26,xf119.jtjya.com/mmm/*
833a9ccbe10257ec6c046aa5318f3b50,1156440100,1,xf119.jtjya.com/mmm/*
83600709b7ce138fe24f7c594ce1e982,1156450800,3,xf119.jtjya.com/mmm/*
843cf9f16b7fc136fca7c9a4b5484543,1156440300,2,xf119.jtjya.com/mmm/*
8663c5c8416d62b3f6bcd1114f1b9a79,1156430200,1,4g.bjpaierde.com/*
8897515240c2cf5046a2e7ec994002ca,1156440900,2,xf119.jtjya.com/mmm/*
89168dd996b8e33e28665dafdf0889fb,1156440600,1,4g.bjpaierde.com/*
8ad3502c84e447add43797ae0750897f,1156440300,28,xf.tjtylai.com/wap/*
8b1674569d1b14640ea613a0d413de18,1156440300,24,yidongm.zzbredu.com/*
8b574618ece2a8ca60767e86c27eea23,1156440100,1,ni.nicline.com.cn/*
8c197def7ea187e3954a5ad655c128d8,1156440100,1,xf119.jtjya.com/mmm/*
8c2608f28bb199cd849c5c75590d9d29,1156441900,23,prd1.yytxs.net.cn/m/*
8d00522f553c9e6e16818ed0383eb4a3,1156440100,32,xf.tjtylai.com/wap/*
8dfee9351bac273b12dc3f892d05718d,1156441600,12,xf.tjtylai.com/wap/*
8e247e97b56b6e27895b6459074d7ee6,1156440600,32,yd.jktsfu.com/mmmm/*
8eee8e922f696dca204e284d9ce808fd,1156441900,1,4g.bjpaierde.com/*
9209c55839600857746576839630cb0c,1156533400,13,www.youluwx.com/hj/xf/19/xfzhengc-sjnew/*
929aaba368ba7982004ab6bc13194b96,1156440300,29,xf119.jtjya.com/mmm/*
9307349f6926b63b31d8f1ab3345a4b1,1156440700,3,xf119.jtjya.com/mmm/*
9312ddb7a6947de99cab4523e6feae49,1156441900,1,ni.nicline.com.cn/*
94e8cc32ab2435f13a571d161002b554,1156445100,1,ni.nicline.com.cn/*
9579890ba9dc19bb4d9a27f90021acb7,1156445300,4,xf119.jtjya.com/mmm/*
95f3862b83d37c86c85965235324eabc,1156440100,2,xf119.jtjya.com/mmm/*
960377542a9ae7820ea25d0a5ca328e9,1156440600,1,4g.bjpaierde.com/*
96d88a3ba4e31d8ec14ce09e63bff973,1156440700,1,mmx.jtjyc.cn/*
9786dbda42dbf5c0e2b57d0ad31b8a30,1156441300,1,ni.nicline.com.cn/*
97f2d26bd4ed767a7cdffced7458ed58,1156450100,2,www.hqhwedu.com/m/*
981b69ed14a8eac4af29b6e919daf32e,1156440600,1,ni.nicline.com.cn/*
982afefbf00b33ef088b16eacdc2d1f8,1156440300,4,xf119.jtjya.com/mmm/*
99144d1942924750196d63755a19e88d,1156440400,1,yi.tjtylai.com/wap/bktj.html*
998799153cfa5ee2dbee0e1bad077295,1156360400,30,xf119.jtjya.com/mmm/*
998d87a8de0f6bd96cd4629671b51dbf,1156440900,4,xf119.jtjya.com/mmm/*
9a42c8839155c0e20a7895fab25a91ad,1156330400,23,xf119.jtjya.com/mmm/*
9bb360d4f19be9bf9906e5057714e6f6,1156440800,35,www.hqhwedu.com/m/*
9c5019a9385ff262077bbe7e43c24bce,1156430100,2,xf119.jtjya.com/mmm/*
9ca673c775ec66453b2d119f201be2bd,1156440100,4,xf119.jtjya.com/mmm/*
9d72aa4215497dc13c489d4296f37ac6,1156441600,1,kuangjia777.zzbredu.com/*
9da95b1c6e6547ada5a79489a4677d29,1156440600,42,xiaofang.offcn.com/zt/xiaofangh5/*
9ddd22e51ccb0297622b800e978ece16,1156441200,1,ni.nicline.com.cn/*
9e1b13970decfb8624ed542e4092773c,1156440300,1,4g.bjpaierde.com/*
a01feb5e5f4296761eebfeb4c7634ef5,1156431300,40,wap119.jiangyan6.cn/*
a072fd5e47014f35a26ef794afc9fceb,1156440400,1,xf119.jtjya.com/mmm/*
a1e4384228179381e5c6a8f3d4a4865d,1156445300,1,4g.bjpaierde.com/*
a200cb5586b5385f2d232a95a023be68,1156442000,4,xf119.jtjya.com/mmm/*
a243b2d33565943b4484a8a05ec12213,1156440600,6,xfs.yytmh.org.cn/*
a244d3d6ce4833941af7fe67dc984d22,1156440600,1,abc.wzzbb.net.cn/sougou-326/xf3.html*
a297b16bfa61318d46f7702807f95eee,1156431100,4,xf119.jtjya.com/mmm/*
a2c0f1d870801dfbf9b5ac4313dc07f2,1156441900,51,www.feiyue119.com/*
a3d25d17156719550e53321840285ffd,1156441800,2,mmx.jtjyc.cn/*
a3f11365ee8f103e4faeace40f6d544d,1156442000,4,yzc.hthsvg.net.cn/t6/feeds5/uc5/wap1/*
a44855fdbb6ad7d9d422ccee91484a87,1156440300,1,mmx.jtjyc.cn/*
a47d1a2b65360a3a8a9d7b2bcb11c416,1156440100,2,xf119.jtjya.com/mmm/*
a4be29f7b33b9cc65e67d739babac2de,1156440600,3,xf.tjtylai.com/wap/*
a6cd10b4396383eff519c91f231038a8,1156511600,26,xf.tjtylai.com/wap/*
a6e6dfebd736ee20922504cf892cab12,1156441800,14,mmx.jtjyc.cn/*
a6f6105f7e2f4a3e3977a41cf9e63dc6,1156141000,1,ni.nicline.com.cn/*
a916aa0ccbb5a38cad29c8819df43903,1156440100,1,ni.nicline.com.cn/*
a97e4bfda0984c22b84bae5436d6b34a,1156440800,2,xf119.jtjya.com/mmm/*
a9fead2125e7be85954cced0ee0577a0,1156440800,8,jiaoyu.rqqjyxx.com/bd/bd21/mb/hd/*
aa8159087e7b5776f5d8b3868ba653a5,1156370300,10,yd.jktsfu.com/mmmm/*
ab5253f31b55d077b13dcb435096277e,1156445200,2,xf119.jtjya.com/mmm/*
ab6f9e12c3fc6e3807f4acef5d619bf8,1156440300,3,xf119.jtjya.com/mmm/*
ac89cb8a08a532ba9d8994fc5d6eb267,1156441300,4,xf119.jtjya.com/mmm/*
ad21f2bde212a20a34659cb3f7bbbac0,1156440700,1,xf119.jtjya.com/mmm/*
ad326155bbda93a6e03492162456dd21,1156441800,1,mmx.jtjyc.cn/*
af73aff83d1a543cd1eb3c87b4da153f,1156411300,1,abc.wzzbb.net.cn/sougou-326/xf3.html*
b035786aa5914cee452d56720ff222b4,1156440600,1,abc.wkyfl.com/uc109/xf4.html*
b03c5ae85b07c06034345dd45e4245e4,1156440300,3,xf119.jtjya.com/mmm/*
b11c23a3861378665d8e52766780bbf6,1156440300,30,xf119.jtjya.com/mmm/*
b3d8d0522f412e3c5449b735468e389c,1156440600,1,ni.nicline.com.cn/*
b4138494bef7282526bd80d419c83174,1156440300,48,kuangjia777.zzbredu.com/*
b6459a2ae547af709ddb2944b678b88e,1156440600,3,xf119.jtjya.com/mmm/*
b7bc40df4df0ffdca5de02e1cf4bbe96,1156440300,58,fy.wbbb.org.cn/*
b7ca48d56b33222a66eaa1ba7fcb5c18,1156441800,34,www.hqhwedu.com/m/*
b858e427f7b3ba8ad4be2c1e5a1445f9,1156441400,32,xf.tjtylai.com/wap/*
b90bac34ccaed6ac90a9bedcc8618ce7,1156511700,31,xf119.huacec.com/m/*
b95beabc505901b0222b56ddb6a4a3bf,1156440300,1,xf119.jtjya.com/mmm/*
b9681af5865b495a171a219987a461a4,1156360800,2,4g.bjpaierde.com/*
bbb604098f3ab045e8a8b34e2bb6d0ba,1156440100,1,mmx.jtjyc.cn/*
bc1ccca15d87b36650b32d73fe78a9c8,1156441300,14,yzc.diliqi.cn/t2/sem/baidu2/mob1/*
bc9b08b5d3769b48bea0b7f22f11f5b7,1156440100,39,xiaofang.offcn.com/zt/xiaofangh5/*
bd8420fa433a35260d355645f9c8adde,1156440300,1,xf119.jtjya.com/mmm/*
be1d8512ff1e6f255df3f3bd8aa645c2,1156450100,1,ni.nicline.com.cn/*
be62502ee33c00a2506b4e00c634c2e4,1156441900,5,jiaoyu.rqqjyxx.com/bd/bd21/mb/hd/*
bee229881adbe0b3e722ad7f2a98cfd6,1156441900,4,xf119.jtjya.com/mmm/*
bf9b2233f426e1ccc055228347566b13,1156411300,1,mmx.jtjyc.cn/*
c398c98a464896611fc413fb729f63e9,1156510700,20,yd119.myfxs.net/XF/SG/1/m/*
c3e03aa86d1a6b4ba52fc8bbfe5bb43e,1156440900,1,xf119.jtjya.com/mmm/*
c4c492782f8cefe688f64baa2285756f,1156440300,1,js.jhwx.com/zt/m_xfgc/*
c4cfe1282c7560a822d5f065b7d4ee6b,1156440300,16,js.jhwx.com/zt/m_xfgc/*
c4f1c7f54055298f2cd8e4c1aee92300,1156450100,18,yzc.hthsvg.net.cn/t6/feeds5/uc5/wap1/*
c52e6c1702162721c8d3b252f3cd844d,1156440900,1,ni.nicline.com.cn/*
c603d742c808fea8afc8ea3a8474ecac,1156440300,2,xf119.jtjya.com/mmm/*
c6aed684cf2586cc9e520750cb4ef0da,1156441300,31,xf.tjtylai.com/wap/*
c7227153f8db5d7d4c06729ada61c54a,1156440800,1,ni.nicline.com.cn/*
c801212c786bf6a2367357e50d90cc1f,1156440300,1,yzc.jkhtgd.cn/t4/feeds2/uc2/*
c80b6509b1e59d80d63d079d11157f3d,1156440600,30,xf119.jtjya.com/mmm/*
c80fc129a1b0e33a622592852ceda173,1156440600,10,ni.nicline.com.cn/*
c81c4dcf3803263934b9f2ec15382eb0,1156440100,3,xf119.jtjya.com/mmm/*
c873c1d80e1abc7f251379ed78db53f7,1156440100,1,ni.nicline.com.cn/*
c971e4a4707ffe0c9bfcba5596737985,1156361000,37,www.hqhwedu.com/m/*
c9eb6f933ec7aecdcd03840f6d25b304,1156441200,1,ni.nicline.com.cn/*
caed3458c4d1deda5005a7a3d006e7b3,1156310000,39,xf119.jtjya.com/mmm/*
caefe35deeb4be5e68740aba29794835,1156440300,1,www.hqhwedu.com/m/*
cb4bc67d3c4968548bfc3e6d42ca720a,1156440300,2,yzc.diliqi.cn/t2/sem/baidu2/mob1/*
cb4d3646243d9e6e23035e866cae9e56,1156440300,2,xf119.jtjya.com/mmm/*
cc9f10580636abe1be7f768c86a51772,1156440700,1,ni.nicline.com.cn/*
ccf5cfe3ef1365fb1f848a0ed2c1dfde,1156510400,17,zhwx.51guoji.org/m/*
cdd760adda0e3e8a1dbdc08b0fe6bec8,1156440400,6,xf119.jtjya.com/mmm/*
ce2cee585862c4b79ae15c10f1b7186d,1156440100,28,xf119.jtjya.com/mmm/*
cf2298ca59b9fe555422834972dfd9f2,1156431000,3,yd.jktsfu.com/mmmm/*
d00e328ddcab4e9f68c6bf9e6b38234a,1156440700,8,xf.tjtylai.com/wap/*
d0dd2b3b36c39ab347667a124bf48529,1156441800,2,xf119.jtjya.com/mmm/*
d2368c5c0b0eb0eee84a9f471b06fde3,1156450800,1,yi.tjtylai.com/wap/bktj.html*
d246f29b81d64c767a89b81601a43333,1156430700,1,js.jhwx.com/zt/m_xfgc/*
d270193e479b4d12ca856435eb07f866,1156500000,2,xf119.jtjya.com/mmm/*
d28ba482f7ddd93eecb8aacb1b499469,1156440300,9,ni.nicline.com.cn/*
d3065ceccbf1ec1740d758d933ec5988,1156440300,5,xf119.jtjya.com/mmm/*
d37288f591eec06ca66e2e1eb13cea6d,1156440900,1,4g.bjpaierde.com/*
d4349d4382b967d41dec49e94747a20f,1156360300,5,xf119.jtjya.com/mmm/*
d6789f9385a8542c55b814f26bc7b3e2,1156510100,2,4g.bjpaierde.com/*
d7e60fd32152f381c113fb53c1ee894c,1156522200,1,www.evofirst.org/sweb/sxf/*
d8fb4e37388b160a30c274bd75c1d675,1156441700,1,xf119.jtjya.com/mmm/*
da23f2f9cbd7a4c3968544d7979dd1d0,1156440700,38,wap119.jiangyan6.cn/*
da79076ff92eeebc33df493e76b1746e,1156440900,1,abc.wkyfl.com/uc109/xf4.html*
dd0ae81ec94963399091cc75c0778ed4,1156440300,4,yd119.myfxs.net/XF/SG/1/m/*
ddfd06d1e93a13c49bd6f5265f7d3cb2,1156320100,1,yd.jktsfu.com/mmmm/*
de30912e316297b3684cd72e452cd58a,1156440300,1,ni.nicline.com.cn/*
de83d4f6c7356462dedf82ae4a4ba032,1156440100,1,yi.tjtylai.com/wap/bktj.html*
dfaaf2edc5e6c67028797c9512851c2e,1156441300,32,www.hqhwedu.com/m/*
e0de41a9e15e1e0900431117c2875fab,1156441600,3,szxl.qkwwd.com/ZH-UC-WAP6/428/*
e13a0bf5a3f3450ffb0b9017e3f4cc3e,1156441300,3,xf119.jtjya.com/mmm/*
e14cf34bcf6c151486df0f2446118b6b,1156441900,34,www.hqhwedu.com/m/*
e1dd6a427ac93ae7357bcb9efca01305,1156440100,4,xf119.jtjya.com/mmm/*
e28aae761f7ddcd454da62bf843044e7,1156441600,2,xf119.jtjya.com/mmm/*
e35a3b4bb956a39c3a6bb7350d78f882,1156440200,2,xf119.jtjya.com/mmm/*
e3ffcaf2bd2e55d3dba947a5135ce655,1156440300,3,yzcxf.qkwwb.net.cn/t2/sem/shenma2/mob1/*
e473677b4a49e24d28b298800586aa3e,1156440100,1,xf119.jtjya.com/mmm/*
e4a42a0cf5e1354bebb3055d1607ddf2,1156441800,35,www.hqhwedu.com/m/*
e50c0647a33e3f35a69498086a4e8a0c,1156440300,29,xf119.huacec.com/m/*
e52b77e43d5187545476acd7c2e72ac7,1156450900,15,edu.beinantv.cn/tg/cyc19/*
e58552f0596a5d1c45a3c675b9491047,1156440100,6,xf119.jtjya.com/mmm/*
e5e5232c29edca5d3b714e433bdf77f8,1156440300,8,xf119.jtjya.com/mmm/*
e5fcee2858aeda5cd7cd35a0c34e25e0,1156441900,6,xf119.jtjya.com/mmm/*
e61e96e88c319e0684cd53f40ebbc3ee,1156440300,3,xf119.jtjya.com/mmm/*
e75050007bd96106379fb9f304f0524d,1156440300,39,yi.tjtylai.com/wap/bktj.html*
e8c212de5da226039aeee07fc807cbe6,1156440300,1,yzcxf.qkwwb.net.cn/t2/sem/shenma2/mob1/*
ea242ee992ed863fb3ccdeae55979c24,1156440100,5,www.hqhwedu.com/m/*
ea6e07707ed901a3c58a3b0ebd3965f9,1156440100,1,ni.nicline.com.cn/*
ead3597d81c053b3a6c660c7b4129c28,1156440100,1,wap119.jiangyan6.cn/*
ec9ab94be24f2c8df4c8bd0a6fdce1a6,1156440300,2,xf119.jtjya.com/mmm/*
ee160b5f7780cfd352f0e4395a75e835,1156451100,2,xf119.jtjya.com/mmm/*
ef55f9221d15a1e6ae25250a09ae9737,1156310000,10,yzc.jkhtgd.cn/t4/feeds2/uc2/*
efe28dfa1fddc6c6ea14a5cc741446ea,1156430900,105,xfgcs.krs119.com/mb/*
f0072cc7309ae43d70f677afc1f57591,1156522700,24,xf119.huacec.com/m/*
f0c1907e88ec580de9512195eb8dcd39,1156440300,6,szxl.qkwwd.com/ZH-UC-WAP6/428/*
f1d53bfdef89a2982ef01b98f96ed50d,1156440300,3,xf119.jtjya.com/mmm/*
f1e4ddc9c0ff9e6c71b3cc20a5f8ae8d,1156440100,1,yi.tjtylai.com/wap/bktj.html*
f1ee61314d733fa74d842478b8d3676d,1156440300,5,xf119.jtjya.com/mmm/*
f208407fd33f6c082f4b21065cfb53b7,1156440600,3,xf119.jtjya.com/mmm/*
f2712e18dd545a9ad850366e00fd45b8,1156450900,29,xf119.jtjya.com/mmm/*
f315196bd585fe52f49025f70b445da1,1156440700,1,ni.nicline.com.cn/*
f46f20001e8a6e7337e4ecc8947f2a4f,1156440600,5,yzc.jkhtgd.net/t2/feeds3/uc/*
f47ea9bab2a3b45e6046d0591603012d,1156441900,2,xf119.jtjya.com/mmm/*
f4c2a27242ca791b2b6cf14a84f4e1bd,1156440300,2,xf119.jtjya.com/mmm/*
f8a58d9f76cf48fdb0b3f1fd95db4b1e,1156440300,4,xf119.jtjya.com/mmm/*
f96dcb06301735693a52a24c6eac4676,1156320800,69,4g.bjpaierde.com/*
fa1b2bd3d5ece4b5b4adf4c27578c686,1156110000,1,yzc.diliqi.cn/t2/sem/baidu2/mob1/*
faeca97115584d0a70fa81adb5bee666,1156440100,36,www.hqhwedu.com/m/*
fc0ad23ea689cda5e0c9a6ff56f4f209,1156440100,23,xf.tjtylai.com/wap/*
fd9f927796e7e29a287cd57bc468e979,1156441800,1,ni.nicline.com.cn/*
ff22b64ee0f405f355ff3a3ed177d89f,1156441600,28,xf119.jtjya.com/mmm/*
