1490d7fb9a2b811752df8eb7b4a5d69d,1156310000,12,www.zcf.net.cn/mobile/*
155dd92690a7eb43fff0e12180f9a490,1156310000,17,www.zcf.net.cn/mobile/*
175bafc9a375c6255aaea0a88e162d7f,1156320200,49,www.jufeng188.com/*
1c4a95baee6b2295e7abaddd20b657da,1156371000,1,www.qdqfser.com/m/*
21a97b5dd05868f1b69b8dbdaaaa958e,1156370700,1,www.wfxbnd.com/*
2285b4f82b0f2900cb17af59df4a843c,1156370100,3,www.zcf.net.cn/mobile/*
23fda4d6eb89dc80715661e420e409f7,1156371100,1,www.qdqfser.com/m/*
25147c70b3e157c1135e2745ceefeadb,1156371000,1,www.qdqfser.com/m/*
2524f909580d8b26b2052b4fc53f3fe9,1156310000,40,www.yuqijituan.com/*
2a0111c834e313608cbfa26aa92b7c18,1156320500,6,www.szdeshun.com/*
2d4bde2386c4c4c5d828491f26135335,1156370200,1,www.lanbokuaiji.com/*
2dc6c53835492d918f5b85511df34cdb,1156330400,7,www.zcgsh.com/wap/*
33a81f8f02c7d94054afd3c1ef382a38,1156370100,4,www.weifangzhuce.com/*
356eedcf1aaf6a653750b18513d71a3a,1156371300,1,www.lanbokuaiji.com/*
398afe98c387a2c7be35dda35c64e324,1156370600,30,www.ytjinbaihui.com/m/*
40bbe7fcf366517c929ee3a42b8f6eca,1156320500,8,www.szdeshun.com/*
436ff5de5a867d552a7958fd26180d04,1156370800,1,www.qdqfser.com/m/*
4c53495d917b0dc63f89b43642cfbfa6,1156310000,1,www.kuaijifuwu.cc/*
4ca84deff29671ee6e99637e33425eb1,1156370700,1,zc.baishichina.net/*
5422df520a7aee4f7d54eda3ea5ea76e,1156371600,1,www.qdqfser.com/m/*
550031991cd5f2b9888c7b788655c036,1156440300,5,www.zcf.net.cn/mobile/*
55d8b1dd9f407d456076715b03eec8ed,1156371700,4,www.xintuozhiqi.top/m/*
571259bc6152a571e90f8af5c12bb225,1156370800,23,www.xintuozhiqi.top/m/*
57736274bccb3cf371097c720981957d,1156320300,87,www.jufeng188.com/*
599ebecfd1a80fec7ccd34f214d9c309,1156370200,43,www.qdjinyan.com/*
5eadaa3c19c86d164da1cf384a3ee6c6,1156310000,28,www.xintuozhiqi.top/m/*
61fee11948d4b3f99572c631433fa63c,1156340100,1,www.qdqfser.com/m/*
6538c728fe23653104524478cff4bf2d,1156320500,22,www.szdeshun.com/*
69fe76a6b5bf06a20e9c1acd8e0c8e81,1156320900,1,www.qdqfser.com/m/*
75394c4abeff9578e66057d1f86443b0,1156310000,14,www.zcf.net.cn/mobile/*
7aa3f491935a4c74bc4d0a3cd0ed5e36,1156320200,1,www.qdqfser.com/m/*
7ac941d5dd62ac36f1167fa2fc42a69f,1156320100,8,www.zcf.net.cn/mobile/*
7e897240309e0a64cb299300f943dabe,1156320400,96,www.qdgdcs.com/*
850e26559332e2ccc45e0fb137b05f39,1156321200,67,www.rcswms.com/*
8eb3675b8f4a06b9ec6c28897cd10866,1156370200,1,www.juzicaishui.com.cn/*
8f9c521ae10ee0219dd6520129dafc76,1156310000,7,www.zcf.net.cn/mobile/*
9c69da02c80f3bfef8f2a92c5d226361,1156320500,26,www.szdeshun.com/*
9d007d62946d7e80ddad805fd431b0f9,1156310000,25,www.shzelin.com.cn/*
a605b798ec14d1b63a0996b63325a8cb,1156320200,1,www.qdqfser.com/m/*
b1bc03bc78cef0b03942894cd3af1da6,1156330300,1,www.lanbokuaiji.com/*
b8a3e268c1510b524c26388034a59a73,1156310000,1,www.qucye.com/*
bce7a1138dda92db722efe9f80d6c66f,1156370200,1,www.zcgsh.com/wap/*
be19ef4f1616479566e69fe1aa9b466d,1156310000,1,www.qdqfser.com/m/*
bf84a0d52e59837fd74ff5fc8207c109,1156130900,93,www.xintuozhiqi.top/m/*
c5e7fdc5f303ff1549f4e8bb06620522,1156320900,4,zhuce.szhaokuaiji.com/*
c7d917e1d279ce7bfe1c7a736ed6b88d,1156370600,63,www.lanbokuaiji.com/*
c83fc9b05d1275abb4d94e09d6b26b2d,1156320500,25,zhuce.szhaokuaiji.com/*
c9c32e468aa22cfa415abccdfb4422ba,1156371600,1,www.jufeng188.com/*
ca3a332b10f99ecdb39985a9bb577307,1156320500,1,www.qdqfser.com/m/*
cd0e6da00a1fe4e36fb283231efc93bb,1156370200,2,www.qdjinyan.com/*
cd71e84a91bd8f7fa97cecae85fe10ad,1156310000,2,www.wlinkw.com.cn/*
d123114449492203a61e161b9eb67fa2,1156310000,1,www.qdqfser.com/m/*
d8ba80e7cc2677fc1316ef3a735a7367,1156310000,2,www.yuqijituan.com/*
da1f176a3a52e97dd169d1280043fe4c,1156370600,1,www.wfxbnd.com/*
e568d93b6dac7e6cfc9879d09c360272,1156320100,1,www.qdqfser.com/m/*
e6649d92d232ae3faab9ab84e3d89da5,1156321200,21,www.rcswms.com/*
e8eebc1de1fefff0f055f318935e9f1a,1156320500,19,www.szdeshun.com/*
eb7a6fc97907e4d252ea4c7d74d32ca0,1156310000,17,www.zcf.net.cn/mobile/*
ec34344106e11b89b5ca44d6967bcd23,1156370600,10,www.ytjinbaihui.com/m/*
ec3e954b33a0fd76a182a98fc1224a44,1156310000,1,www.wlinkw.com.cn/*
eea2dfa237f400974c79db8bff7aa88e,1156120000,27,www.xintuozhiqi.top/m/*
f28b51669a8139ffdcc0fd72a77a5958,1156371700,13,zc.baishichina.net/*
f30b99301d06ebdc1cec6725e76daec4,1156320100,1,www.qdqfser.com/m/*
f30d1638fc00a9d7e81768dc132d1fbd,1156120000,1,www.xintuozhiqi.top/m/*
f74a4cb2af932a51d2a834967876f3ab,1156371600,8,zc.baishichina.net/*
fecd8a16658880c42815e3355412034b,1156321300,91,www.jufeng188.com/*
fefb2a39973b46c49db3462624a8966f,1156320400,74,www.zxgszc.com/*
