008e297c5f9ffb6153734bd135da500c,1156610100,1,car.m.yiche.com/baoma1xi-4853/*
025fbb12faa1eda5a49fc2e816b0c837,1156610100,1,car.m.yiche.com/baomax5/*
04ce01965860f8c7ea5de44a992dc718,1156610400,1,car.m.yiche.com/aodia3-3999/*
06f50f28c00e18800e5670470ea4f3e1,1156610100,1,car.m.yiche.com/huachenbaomax1/*
08b50e1758e81ebbc5498b2a1995606e,1156630200,1,db.auto.sina.cn/hb/serial/1988829/*
0afc2c282ea64b251b008d7ee50df666,1156610400,2,car.m.yiche.com/aodiq3haiwai/*
0c761ac560b4c813a374837a998ddbd9,1156610100,1,db.auto.sina.cn/hb/serial/1988829/*
0de511f38f0933dfa4d44b00c40b4d30,1156610300,1,car.m.yiche.com/baoma3xi/*
0e1dce145b4a59c23cb582705d163ee4,1156610300,1,car.m.yiche.com/baomax5/*
135fd832a4472bd208b518b18984425c,1156610100,2,db.auto.sina.cn/hb/serial/1988104/*
1660ae0bc5adb691114fe5c0cdac1042,1156610100,1,db.auto.sina.cn/hb/serial/1988244/*
16bb8533a8694c688e41d5fb78036d3b,1156610100,1,car.m.yiche.com/aodia3-3999/*
16bb8533a8694c688e41d5fb78036d3b,1156610100,1,car.m.yiche.com/aodiq7/*
19c1f259dbd08deba00f06b3e41fd681,1156610100,1,db.auto.sina.cn/hb/serial/1988957/*
1a48185c564b3d0c6e5ea57902b66119,1156610100,1,car.m.yiche.com/baomax3-5301/*
1e0a66372f13656369f2b582ef85bd35,1156610400,1,car.m.yiche.com/baomax6/*
21e7333666e717926a7c9f17560b6f4b,1156610100,1,db.auto.sina.cn/hb/serial/1988692/*
244ad556813bc4d09b6e8506fe498825,1156610100,1,car.m.yiche.com/baomax6/*
27b688e9c9b8268b96814595edbbd192,1156610500,1,db.auto.sina.cn/hb/serial/1988692/*
27b688e9c9b8268b96814595edbbd192,1156610500,1,db.auto.sina.cn/hb/serial/1988829/*
29195a3dab5f3eb844b6153163564d79,1156610400,1,car.m.yiche.com/aodia3-3999/*
2be5cce8ed0a9f15751e78bbd62d9f39,1156621000,1,db.auto.sina.cn/hb/serial/1989038/*
2c34db0fea1e67a6f2ec4acde7c2e1d3,1156610100,1,car.m.yiche.com/aodiq7/*
2c9cdfb92cffb3f61cdd5b334526db99,1156610200,1,car.m.yiche.com/baoma5xichangzhoujuban/*
2e227908be1946013733840fe7fae749,1156611000,1,car.m.yiche.com/baoma5xichangzhoujuban/*
2e90d8b94d8915b629cb4f0aac58c211,1156610100,1,db.auto.sina.cn/hb/serial/1988104/*
2edea9bc865d2de6f59e2b6646bd2987,1156610100,1,car.m.yiche.com/aodiq5-2855/*
31e2b7b75578737321a9ad322b394a37,1156610100,1,car.m.yiche.com/baoma3xi/*
3270e0c1f288da350f78bd9d6ec32575,1156610500,1,car.m.yiche.com/baoma5xichangzhoujuban/*
367a5756dd491de92cb0680d277f4430,1156610500,4,car.m.yiche.com/aodia6/*
37058fec418d847a43745fa587965ac1,1156610300,1,car.m.yiche.com/huachenbaomax1/*
3915bcafbcb894ec3687b17c413b8957,1156610400,1,car.m.yiche.com/aodia3-3999/*
393102a547975d190e77c32c5c50bb77,1156341600,1,car.m.yiche.com/aodia3-3999/*
393102a547975d190e77c32c5c50bb77,1156341600,1,car.m.yiche.com/aodiq3haiwai/*
397901c2da031c72205aae8953cad9c2,1156610500,1,car.m.yiche.com/baomax5/*
3a14db6034edd34a703e405a3fd38c6b,1156610100,1,car.m.yiche.com/aodiq3haiwai/*
41b59e753237fe49126f734e7f30343a,1156610300,1,car.m.yiche.com/baomax5/*
43fcba138cd4753e633eefc419ad6286,1156610100,1,db.auto.sina.cn/hb/serial/1988349/*
4576799317dd8a3c9eaa7e812ce9c6b3,1156610100,1,db.auto.sina.cn/hb/serial/1988104/*
46494a6faac80144d35aa498b59f5afd,1156440300,3,car.m.yiche.com/huachenbaomax1/*
4837a4e6c1a027e5170667946fb57f34,1156610100,3,car.m.yiche.com/baoma3xi/*
4def65edd6dc7c0f3957fcf7abe9b11b,1156611000,1,car.m.yiche.com/aodia3-3999/*
553f7459b1b53277cf3f68d3776a43aa,1156610100,5,car.m.yiche.com/baomax3-5301/*
55ebf0ff5b5a7f7aac9a8b93c5bf2ebc,1156610100,1,car.m.yiche.com/baoma3xi/*
5b75dea7e8c3c7f912cba30b4d495c09,1156610700,1,car.m.yiche.com/aodiq7/*
5b75dea7e8c3c7f912cba30b4d495c09,1156610700,1,car.m.yiche.com/baomax3-5301/*
5c0252479c0c7710df0118e6bd4244cb,1156610800,1,car.m.yiche.com/aodiq3haiwai/*
5eb024d2ffcace2871341196670afca6,1156610100,1,car.m.yiche.com/baoma3xi/*
5f99a2a1d22b6744bc8509837c515cb0,1156610100,1,car.m.yiche.com/aodia3-3999/*
60b75bf694c6f389c7938b69569c4397,1156610100,2,db.auto.sina.cn/hb/serial/1988713/*
61a1e3fd5087ee8383106fb4b544ca64,1156610100,1,car.m.yiche.com/baoma3xi/*
654ef72520772f4426fd3673da5ad0fb,1156610700,1,car.m.yiche.com/aodiq3haiwai/*
6714ac8d68fc6f703a466fba00240bd7,1156110000,1,car.m.yiche.com/aodia3-3999/*
67c03da4ab00be149c12a1fc5a5bafb0,1156610100,1,db.auto.sina.cn/hb/serial/1988244/*
67ed6067ba33b0a4cc99756cae884997,1156610100,1,car.m.yiche.com/baoma5xichangzhoujuban/*
68bd610f15f4be72e30fe8bb930512f4,1156610100,1,car.m.yiche.com/aodiq3haiwai/*
6b4ec8c6a3e63460acbbc235d647cd12,1156610500,1,car.m.yiche.com/aodia3-3999/*
730762ea6c37e603b375ed8ebb306417,1156610100,1,car.m.yiche.com/baoma5xichangzhoujuban/*
7395225cc685b26e18c9596d712cbf7e,1156610100,1,car.m.yiche.com/baoma3xi/*
7447058e847dafaa55ddd5fefe2230d3,1156110000,1,car.m.yiche.com/baomax5/*
74ad2af963dfca8110f0cd505e8aa26b,1156652900,1,car.m.yiche.com/baomax5/*
75595253d29036ec69265360d7923228,1156610100,2,car.m.yiche.com/baoma3xi/*
78aaadfd74644cd595e1bb54c6c53e6b,1156610400,1,car.m.yiche.com/aodia6/*
7edc78e89f9d77cd931e69d6aaca3281,1156420100,1,car.m.yiche.com/baoma1xi-4853/*
7edc78e89f9d77cd931e69d6aaca3281,1156420100,1,car.m.yiche.com/aodia3-3999/*
839c0f7e0b3868d3fd10b120f37a9511,1156610100,1,db.auto.sina.cn/hb/serial/1989038/*
8651239a2ed6a198478e1640d3714e94,1156610900,1,car.m.yiche.com/baomax6/*
8b0bd355ae26594ea286b405fc09c593,1156610600,1,car.m.yiche.com/baomax5/*
8bccb4568e2c48f34b375d501ffcf148,1156610100,3,car.m.yiche.com/aodia3-3999/*
8c5dc0283e779fed8ba81d1bc93809a1,1156610100,1,car.m.yiche.com/baoma3xi/*
8c5ef00905b21b9728dbc94e4fbebc09,1156610100,1,car.m.yiche.com/baoma5xichangzhoujuban/*
8c6cee1f908eb68ebac081178a4ff408,1156610100,1,car.m.yiche.com/baoma5xichangzhoujuban/*
8cb8ee0aa35239510b97a3a01691a96b,1156610100,1,car.m.yiche.com/baoma2xi/*
8d276cc4e25f559a1a5d067407c55d8e,1156610400,1,car.m.yiche.com/huachenbaomax1/*
907a7ba539df570d138073b199919430,1156611000,1,car.m.yiche.com/aodia3-3999/*
90babd28a8f9256d92bf013801581798,1156610400,1,car.m.yiche.com/baoma3xi/*
9290f90bc87c79524e162a6024ab1318,1156610600,1,car.m.yiche.com/baoma3xi/*
9290f90bc87c79524e162a6024ab1318,1156610600,2,car.m.yiche.com/aodiq3haiwai/*
9554c66ec8fbb20bfa0eba5437ed1c2a,1156610100,1,car.m.yiche.com/baoma3xi/*
970ed047bc3c71498e5d4a418062bb2f,1156610100,3,db.auto.sina.cn/hb/serial/1989038/*
9e045304ad80bfe0d099cab67cd565c5,1156610100,1,car.m.yiche.com/baoma3xi/*
9e045304ad80bfe0d099cab67cd565c5,1156610100,1,car.m.yiche.com/baoma5xichangzhoujuban/*
9e46e691b34bb6ff99f8f604c7f6eea8,1156610500,1,car.m.yiche.com/baomax3-5301/*
9ef04d2edd7896e893393fd2ec6756f5,1156511900,1,car.m.yiche.com/baoma1xi-4853/*
a21a48ef18974af550c37804c703a720,1156610100,1,car.m.yiche.com/baomax5/*
a33af8fc0350e416935e21ed27ef5b91,1156610600,1,car.m.yiche.com/huachenbaomax1/*
a796539a513a9b11b355ba426a2db815,1156610900,2,car.m.yiche.com/aodiq5-2855/*
ab210f7a916cffd3c22d8f1988d052f7,1156610100,1,car.m.yiche.com/baoma3xi/*
ab3dfea8f107df408f50e7100c8ac2d6,1156610100,1,car.m.yiche.com/baoma2xi/*
ac72661bca2290c5a037c4c08eb75053,1156610100,1,car.m.yiche.com/aodia3-3999/*
ae0de5dbb551fdc4cee00c430d59408f,1156610100,1,car.m.yiche.com/aodia3-3999/*
b0f3da93c38e4aa64734d756b5cbe941,1156610100,1,car.m.yiche.com/baomax5/*
b29ba104a4c8371e08bbf1a59be4bbc9,1156610700,1,car.m.yiche.com/baoma5xichangzhoujuban/*
b41844bba785c4abe64c432b602326b0,1156610100,1,car.m.yiche.com/baoma3xi/*
b7964e6512dc3296f665dc4d72a4a07a,1156610100,1,car.m.yiche.com/baomax5/*
b7ff6e470673ef4e1000c0877cdfff5a,1156610100,1,car.m.yiche.com/baoma5xichangzhoujuban/*
b7ff6e470673ef4e1000c0877cdfff5a,1156610100,1,car.m.yiche.com/baomax6/*
bc4d76924a430dbd99f21e66830f10ba,1156610400,2,car.m.yiche.com/huachenbaomax1/*
bd461cb272543029dc2d5394e06b6bcb,1156610100,1,car.m.yiche.com/huachenbaomax1/*
be61c06493da30628f8cfdf75af0d3da,1156610500,1,car.m.yiche.com/baoma5xichangzhoujuban/*
c082c68a446ab68b40c15527c72ef1b0,1156610100,1,car.m.yiche.com/baomax3-5301/*
c1baa0e7368da9639815b5199c3c5097,1156610700,1,car.m.yiche.com/aodiq5-2855/*
c3a1427452659cddcf9905a8349f1227,1156610500,1,car.m.yiche.com/baomax3-5301/*
c4f6353a50bf91dd5ad77847f3cdf5a0,1156610800,1,car.m.yiche.com/baomax6/*
c8a6627e970eb114dd438597bc45c059,1156610700,1,car.m.yiche.com/baoma1xi-4853/*
c8a6627e970eb114dd438597bc45c059,1156610700,1,car.m.yiche.com/aodia3-3999/*
c8b0cc9e6fd68041900d4ecda81b6f4d,1156610100,1,car.m.yiche.com/baoma3xi/*
cd0628bf6fd246d8d73ad753d847ebb0,1156610100,1,car.m.yiche.com/baoma3xi/*
d07047514bcb19f91508eac5a0836fdd,1156610100,1,car.m.yiche.com/aodia3-3999/*
d33a93355fc235af260e37753783e884,1156610500,1,car.m.yiche.com/aodiq3haiwai/*
d4409109c8846d2079dbb6a297da445d,1156610900,1,car.m.yiche.com/aodia3-3999/*
d823d8a145c7e04aa24956a63c9731a1,1156610500,4,car.m.yiche.com/baoma3xi/*
d823d8a145c7e04aa24956a63c9731a1,1156610500,2,car.m.yiche.com/huachenbaomax1/*
d823d8a145c7e04aa24956a63c9731a1,1156610500,1,car.m.yiche.com/baomax3-5301/*
e00cf38e6ed166ed1a81b83d313fa9ab,1156610100,1,car.m.yiche.com/baoma5xichangzhoujuban/*
e10faab9ac561956b1f27af6de3fc648,1156611000,1,car.m.yiche.com/aodiq3haiwai/*
e136887c4434c0350b8cd72600cf33ce,1156610100,1,db.auto.sina.cn/hb/serial/1988104/*
e19744fe37adbd35a17c440e6f9d7b37,1156610700,2,car.m.yiche.com/baoma5xichangzhoujuban/*
e19744fe37adbd35a17c440e6f9d7b37,1156610700,2,car.m.yiche.com/baomax6/*
e19744fe37adbd35a17c440e6f9d7b37,1156610700,1,car.m.yiche.com/aodiq7/*
e1cbafa807eef25e9805d15eb2646655,1156370800,1,car.m.yiche.com/baoma5xichangzhoujuban/*
e3b5b705d3ab88146c0878fb2e1fb6f3,1156610100,1,car.m.yiche.com/huachenbaomax1/*
e5f9ea8967213f750bb9ce56dbcd4dd6,1156610100,1,db.auto.sina.cn/hb/serial/1988104/*
ebb20689de308dcb9c5f2107fe576338,1156610300,1,db.auto.sina.cn/hb/serial/1989038/*
f30e6cacca49a8b94ed8e8a4913d8569,1156610100,1,car.m.yiche.com/baoma3xi/*
f4dffde14ac264f8a06cf8f524202b74,1156610400,1,car.m.yiche.com/aodiq3haiwai/*
f4dffde14ac264f8a06cf8f524202b74,1156610400,1,car.m.yiche.com/baomax3-5301/*
f583ff311f8cab135ce6fb6d6b4c03fd,1156610800,1,car.m.yiche.com/baoma3xi/*
fcc9a2d108e0e8d7aff04a84a51b2b48,1156610100,1,car.m.yiche.com/baoma3xi/*
fe3120ef1bbfe6808d72910ee96aa241,1156610100,1,car.m.yiche.com/baoma3xi/*
fe95fad5715671e4a99822b55fb799c8,1156610100,1,car.m.yiche.com/baomax6/*
