0006de7949894b3c269ee68178e2eeff,1156510100,50,bd.hyzyywu.com/*
00909acc7f0f7462662dac646c84d46d,1156610500,7,4g.aifenka.cn/*
00fc07a66301523828e1bdafa4e2d860,1156610100,3,mm.xayayagongzhu.com/*
0186e22330bac719e8648d6cc7f4e199,1156500000,21,www.happy-lemon.com/*
01910d239a86f14761331a32152721fc,1156522400,11,www.thaiyuehealth.com/*
01b5088341fd29eda2ddcc52b7a8ec87,1156510100,20,www.chuntianxueyuan.com/*
01c4601faba738a22b6d33732520c57a,1156630100,27,4g.xahmbyj.com/*
01d57dca99d3969d09c21d951de9f68e,1156610500,2,mm.xayayagongzhu.com/*
03f8dd1aa8200bc568225e9823408a87,1156622900,3,mm.xayayagongzhu.com/*
046bd66f9dd8ea0d89119b0ab5ec4566,1156510600,57,4g.aifenka.cn/*
05a5a4cb0d708e1ee55404cf4043a063,1156420100,8,www.happy-lemon.com/*
0649e7c73f6985ae1671d1fa683a620e,1156610100,6,m.clmini.com/*
068fb08be547b766c8ae66fb64ddf079,1156511800,1,bd.hyzyywu.com/*
06a7c6591776a92195d5b74f97ebaacc,1156610400,40,mzmeiye.cn/*
0763b6d89ef0845ce73787e9f46efd13,1156510100,2,4g.aifenka.cn/*
080787fe9a26925ce515d7f6821287ec,1156511300,5,m.clmini.com/*
08f8881235c2ee8acc6aa723c1a5dc55,1156410200,8,m.clmini.com/*
0977213653d3a020cf8aecfd32895676,1156140900,6,3w.sjgh51.com/wp/ghzbdwap/*
09a68f9c71212db0e58c5b46354cbf5e,1156500000,66,m.peixunwenxiu.com/*
0ab2971e196e8838dffaf798dbeba17b,1156500000,46,www.happy-lemon.com/*
0aed59b17428242c01b326a0017f11c3,1156510400,12,m.peixunwenxiu.com/*
0b48b8033d5d123fb37669db9d5614aa,1156620500,27,3w.sjgh51.com/wp/ghzbdwap/*
0c20279099fd8d551a08841393909c30,1156140200,44,bd.hyzyywu.com/*
0c6094af085207d7f1dee01cb996896c,1156410200,58,4g.aifenka.cn/*
0c9f2e7db813cd6293853cc927eb5c11,1156420100,2,m.yiy120.com/*
0df646625f22ce01088da975cf5291ab,1156610500,5,mm.xayayagongzhu.com/*
0f2bc8268b99e5f16d7fbac7a76d049a,1156610900,1,4g.xahmbyj.com/*
0f2bc8268b99e5f16d7fbac7a76d049a,1156610900,6,4g.hmbyjyjy.com/*
10464946153628b6ccd23197a992cf14,1156610500,1,bdwz.dingzhenjf.com/hnt/mw-z01-012-1807-03/*
11f1059882209bc5be8af4b911dbe12b,1156621200,71,3w.sjgh51.com/wp/ghzbdwap/*
125afc67fd27aea10b01c24dde570896,1156610500,4,bd.hyzyywu.com/*
130fc473c3292406705c6ec864e819cd,1156610600,1,bd.hyzyywu.com/*
1360cb0b9efcb1aab9db033b5d0a0217,1156420800,1,bd.hyzyywu.com/*
1591f4b4a4e13aeae052f57eb0ab476c,1156530300,52,m.peixunwenxiu.com/*
167bc2cff9371f4cfa0b7b5c8adf11a1,1156611000,7,mm.xayayagongzhu.com/*
17437303a7e4fe06cfbf68087dc70a65,1156420800,59,5g.vqskin.com/*
1794db27f1beb6ce2e9823db9e0f060f,1156420100,2,m.peixunwenxiu.com/*
18c217a8259060ad7cc706adea49dd8e,1156500000,27,m.peixunwenxiu.com/*
1912476b345d57389c929c26c8a82918,1156513200,7,3w.sjgh49.com/wp/qtpgu3wap/*
191f5990f3e2706a9bf0fcaebe3f2668,1156610500,16,4g.hmbyjyjy.com/*
19580cb3ee237e43403d6902a477b119,1156420100,25,www.chuntianxueyuan.com/*
19e246f8d98a4353bc85c78984f00fba,1156420100,3,bd.hyzyywu.com/*
19fefcce901e5c73b023c380498398e0,1156140200,20,3w.sjgh51.com/wp/ghzbdwap/*
1a4bbfa77e63620969e49d9e6aa1b760,1156511100,29,www.bnhshiguan.com/*
1a8bcfadc557a3d1b5d100a833d94ac9,1156511700,84,4g.aifenka.cn/*
1b5479bf9e1da1468cfc0ebf4178d022,1156610500,6,mm.xayayagongzhu.com/*
1b907541d377b01db6100b738eab7cbb,1156131100,1,mm.xayayagongzhu.com/*
1c62888d15127eedaf00449d95b811d6,1156410700,73,www.happy-lemon.com/*
1e478b67fe072cd037ff9d695c47b001,1156610800,20,qx2.souchuangye07.com/ghz1-m/*
1f203b8d00e1bb620e4d6d26508f9271,1156610300,77,4g.aifenka.cn/*
1fa9677fb889a5893b12b83db31fba9c,1156610100,1,mm.xayayagongzhu.com/*
200c39c14965f12a37d06842ee406d46,1156140500,26,3w.sjgh51.com/wp/ghzbdwap/*
20eb96e45a62486abc3328b958d02829,1156410100,45,m.peixunwenxiu.com/*
21c132798ddb1438cae74ff1f90e65bd,1156510100,27,m.peixunwenxiu.com/*
22176fc0440f285e704d9755892f41cd,1156610300,1,3w.sjgh51.com/wp/ghzbdwap/*
227603014da6ee678a06e64168cffb26,1156610100,69,4g.aifenka.cn/*
22ec17f4cd6b47d6577a5870bfc2f5ec,1156500000,6,m.clmini.com/*
23aaf19b986beb5375a28d5eb13306c4,1156610100,103,4g.aifenka.cn/*
23ce045512aeb74e4dab4ab38bcbe712,1156500000,5,m.clmini.com/*
23da43972fd85c9da34365a74b7fe876,1156610500,5,www.xianmishang.com/mobile/banyongjiu/*
23f188c392c0095d90357f72e30dc589,1156411000,29,5g.vqskin.com/*
24110ce051219dcb1bb7c4883eee06b8,1156611000,50,4g.xahmbyj.com/*
259038220ef4e20b27487be34a9edb09,1156510100,5,mkbdm.cyjm25.cn/xmsj/zgdsbg/*
2599dec83bf887729811ff424169414a,1156510600,129,m.peixunwenxiu.com/*
260c065d0967bfc973fe607784c201ab,1156510400,1,wap.taiorient.com/*
26bccf7782471b025c0e53237f7ed7fb,1156411300,14,m.clmini.com/*
26bccf7782471b025c0e53237f7ed7fb,1156411300,145,4g.aifenka.cn/*
27bbfc3e741beb2064c567dfe64af5ed,1156610300,1,mm.xayayagongzhu.com/*
285535c8db67397e7f3214de10f7077f,1156500000,1,www.chuntianxueyuan.com/*
2a7cd2f714eeba60b467df23122282fa,1156610100,2,bd.hyzyywu.com/*
2aa6de748d0bf1d920213917a61447c8,1156510800,19,3w.sjgh51.com/wp/ghzbdwap/*
2ac67976bbce3eb4795659ad4f368527,1156420500,29,3w.sjgh51.com/wp/ghzbdwap/*
2b035611345e899ca34e624d5cc3c269,1156360900,41,5g.vqskin.com/*
2b34917ad6b46d9288635254240138f9,1156610100,5,3w.sjgh51.com/wp/ghzbdwap/*
2c30ba04fed5e5ab71438838ca2a3ed3,1156610100,4,mm.xayayagongzhu.com/*
2c45eed125898e741ccbb187ac35bc3f,1156500000,26,m.peixunwenxiu.com/*
2cb78a5c57f95b20a92502b98b4466b7,1156420100,12,www.thaiyuehealth.com/*
2df2e23ba8a2372af4286ae50f3dda0c,1156511800,3,m.clmini.com/*
2dfa208a799e2df1320267e0b184cb6a,1156610100,1,mm.xayayagongzhu.com/*
2e058e62edb0d758ff38878cbf6adaa3,1156140300,31,3w.sjgh51.com/wp/ghzbdwap/*
2e5a6ea43a1caf2667dea328c14b31f2,1156610100,1,bdwz.dingzhenjf.com/hnt/mw-z01-012-1807-03/*
2e74912f345b43ac94e98b5c2aa475bb,1156610100,8,bd.hyzyywu.com/*
2f288cb720991e5547710a21b5f49a14,1156420800,1,bdwz.dingzhenjf.com/hnt/mw-z01-012-1807-03/*
2f86f22b7279487617a55c72ad8cd445,1156510600,42,m.peixunwenxiu.com/*
31940b1cd94a59b4ba5c7ed67edfd459,1156610500,4,mm.xayayagongzhu.com/*
31b9487d6301234657f4033deb2cd150,1156611000,3,mm.xayayagongzhu.com/*
31c5b2ff07886ca26f4ad8f44a82e2be,1156610500,7,mm.xayayagongzhu.com/*
31fba36d27f8319a888d18c7d8eb1517,1156500000,57,m.peixunwenxiu.com/*
3229d2c45ec5a2f746c4b14ab4d505d4,1156141000,3,4g.xahmbyj.com/*
32d2689e80dd47f48927c3c3c2e72443,1156610600,21,m.peixunwenxiu.com/*
33596645f6f64f8dbb7961f73d9232fe,1156420300,3,bd.hyzyywu.com/*
34f584ec837d692a334064c0e7c10039,1156610100,6,m.clmini.com/*
354353c7fb617f9a8abb08179ff42fcc,1156510700,55,m.peixunwenxiu.com/*
35af0893151a6448ffca4b06aa42b3ee,1156510100,1,m.peixunwenxiu.com/*
35cf92539757feb4e336fbe9b19eef6f,1156610700,1,4g.xahmbyj.com/*
35cf92539757feb4e336fbe9b19eef6f,1156610700,45,4g.hmbyjyjy.com/*
3689d70b3f43c796b259a38edcf39ad0,1156360400,7,m.yiy120.com/*
3693fabea8f49513139119116e86d47b,1156500000,84,4g.aifenka.cn/*
37977a30d5c07f7e5949cdc91c7c54d4,1156500000,1,wap.happyligo.com/franchise.aspx*
3848217849bbb84aedbea94149a33f8f,1156511800,24,m.peixunwenxiu.com/*
38764279f5d8754b909cfad41a2d5519,1156500000,1,wap.19978.cn/sjzsy/27501/*
38963e82b6e811fb8502fd615c524f6d,1156510100,1,mm.xayayagongzhu.com/*
392115f4b7bffda8fe2802e5821e519b,1156510500,32,bd.hyzyywu.com/*
394735b00e180ec20ca3d06aa40a3718,1156510100,13,m.peixunwenxiu.com/*
3986b7ffabd6972efe9edf9d8ecc4ddc,1156610400,5,3w.sjgh51.com/wp/ghzbdwap/*
39e067f8373ceb398fcc61f96f38fd3b,1156360400,8,m.peixunwenxiu.com/*
3a306651cefbabe9e03b64a636701fa4,1156510100,33,bd.hyzyywu.com/*
3b04889de48a6f75af31170755844972,1156610800,4,mm.xayayagongzhu.com/*
3bd02f8197fec515559111cccd3bc95d,1156410300,60,www.happy-lemon.com/*
3da92bd2ce74d6a1218ffb4882379d94,1156511300,1,bdwz.dingzhenjf.com/hnt/mw-z01-012-1807-03/*
3ea551f23d9aed267f88deb5ddc2e6ef,1156500000,21,wap.020gxmr.com/*
3f570ddc02863755f8253dbd172e2316,1156610100,2,www.xianmishang.com/mobile/banyongjiu/*
3f8df5b20f4e3994596cb7e2c9b5548a,1156610900,6,m.peixunwenxiu.com/*
3fb989fefc2bfe30ac546bb3737c0e14,1156421000,16,www.bnhshiguan.com/*
40ac5dc4faf977004c49e524d21ee4a2,1156420100,1,yhgc.dingzhenjf.com/yhgc/mw-s04-043-1803/*
42b67c9733b82de080dc1e7c12c684d7,1156140800,36,3w.sjgh51.com/wp/ghzbdwap/*
4390ad6511b05e7026deed9171739622,1156510500,129,www.happy-lemon.com/*
43b3c8d8c46754abd5c166f29a4bc85b,1156510600,3,4g.aifenka.cn/*
444e857cf2fd5658c88f6bb2e57ee21b,1156500000,12,m.peixunwenxiu.com/*
45772c72292a88a3ea9840c88b4c3b48,1156610800,5,m.clmini.com/*
45bb4d6d94ae5200e4b337ee5212f21f,1156610100,6,4g.xahmbyj.com/*
45bb4d6d94ae5200e4b337ee5212f21f,1156610100,34,4g.hmbyjyjy.com/*
45d72caf5f119991c9d881eb797a94f8,1156610100,37,4g.xahmbyj.com/*
4657e0f5e2fc814dec773f97682dcd77,1156511500,14,m.peixunwenxiu.com/*
470b346ec25cfc33f92f58ed90982fca,1156510900,1,wap.020gxmr.com/*
473c74f769e05362db7d1fc8ecf5d2cf,1156510100,32,m.peixunwenxiu.com/*
479578fbec05f9b02852ef864571f60d,1156610500,4,mm.xayayagongzhu.com/*
481664d3ff6d4a56b38a7c17ea6d86cc,1156421800,12,m.peixunwenxiu.com/*
49003353270d27a602d120b46df0540b,1156610100,1,www.thaiyuehealth.com/*
49058f1882a016355ba39bf7517f31f4,1156610900,5,4g.xahmbyj.com/*
493ed0458bd740446c2fcb02e41179ed,1156510700,47,bd.hyzyywu.com/*
4a68d985c2ab0ffc17f763c58364957b,1156610100,7,m.clmini.com/*
4ad295aadc4f5c3f89404db4abb19329,1156410300,28,4g.aifenka.cn/*
4ad32bbc1699e4f44c4dbe4cc6ca635f,1156610100,59,4g.xahmbyj.com/*
4ad32bbc1699e4f44c4dbe4cc6ca635f,1156610100,1,4g.hmbyjyjy.com/*
4b25a1ff5a67ff03f09e3bcd56d627b3,1156620800,43,www.bnhshiguan.com/*
4b9ed6aff5194492ab5de5c9fc243b81,1156610600,21,www.happy-lemon.com/*
4c2a6754a13603ae22b53951185280e4,1156421500,72,4g.aifenka.cn/*
4c69e8d2e71cfc731bbad6c00f43ab80,1156510100,47,m.peixunwenxiu.com/*
4c85bb5a5c2f1ac36cd7fd084765cb3f,1156610400,1,www.xianmishang.com/mobile/banyongjiu/*
4d176a1413eea76ce80d7002029118d2,1156510300,26,m.peixunwenxiu.com/*
4eb40a3b3652aa0afeb271faa6e224af,1156610100,37,mzmeiye.cn/*
4ec269cb9c46f5067f792165b0cfe42f,1156420100,34,3w.sjgh51.com/wp/ghzbdwap/*
4f79003f222cb98bcfc33c7ab9ba99ee,1156420300,2,bd.hyzyywu.com/*
5091e553f21c2198d5fb2f40294b1304,1156610600,11,m.shixiaom.com/zt/zgds/190220/*
50ffd2328afc0f1ee88f0d494197186e,1156610300,8,4g.xahmbyj.com/*
51731d57360fc90ec8e017de7380035d,1156510100,33,m.peixunwenxiu.com/*
51a2dde6244dc6aa78af639f416826b4,1156510500,47,bd.hyzyywu.com/*
528bb274056a03e998f04165ca276acf,1156140300,33,3w.sjgh51.com/wp/ghzbdwap/*
52aa2936f5a8f2ca93d5b17da36bd37b,1156610300,2,4g.xahmbyj.com/*
52aa2936f5a8f2ca93d5b17da36bd37b,1156610300,6,m.clmini.com/*
52aa2936f5a8f2ca93d5b17da36bd37b,1156610300,36,mzmeiye.cn/*
52aa2936f5a8f2ca93d5b17da36bd37b,1156610300,56,4g.hmbyjyjy.com/*
52c25dc20315e9982bee99389bbbcbd3,1156500000,82,4g.aifenka.cn/*
530cb66adaaf62c97ed4d217e2f744c1,1156510500,1,3g.959.cn/sjzsy/27501/*
53240ed2444ff958e203a88c0b598dc2,1156320500,1,m.peixunwenxiu.com/*
53240ed2444ff958e203a88c0b598dc2,1156421100,1,bd.hyzyywu.com/*
53457ebfdf8458b19078229ad8e9ef2e,1156610100,5,www.xianmishang.com/mobile/banyongjiu/*
53535d72d4f6a83a9e452e1aeb307531,1156510100,38,3w.sjgh51.com/wp/ghzbdwap/*
5355a87a0506f2b9de9def7313e50518,1156611000,41,bd.hyzyywu.com/*
538eafbc37d25afd118d0f7373d7a754,1156500000,7,m.clmini.com/*
53cb25d6d37600f17dd0cb21d934c30d,1156450300,46,bd.hyzyywu.com/*
54122ce722a41f0b187b17c3c1855546,1156420500,1,jiameng.183do.com/mgj/*
545095cb4d59fa7a9113a59d829c6cf5,1156610100,1,4g.xahmbyj.com/*
545095cb4d59fa7a9113a59d829c6cf5,1156610100,34,4g.hmbyjyjy.com/*
545f6d7f22c549d4680cf05d41132da5,1156420100,1,bd.hyzyywu.com/*
54ad75583b18e9ac4f1ccf27f93664b5,1156610100,62,4g.xahmbyj.com/*
54ecd99f8112aa33dc403f8a41bf4d50,1156500000,30,www.happy-lemon.com/*
55c3e30610fe1dd8f687e5931e59be72,1156510100,2,4g.szreine.com/*
55d46cb79cce4b82433398ccdf2c3342,1156610100,1,mm.xayayagongzhu.com/*
55de0f1e3b8a62b3e32c11c653a8e7fc,1156510600,1,3w.sjgh51.com/wp/ghzbdwap/*
5601f350cd4f8577567b0c3e9c9224e3,1156510100,41,m.peixunwenxiu.com/*
5609605e298d3e8214c4015852d963aa,1156511000,1,bd.hyzyywu.com/*
574a544decfc25490b2f2b4094c19b14,1156140100,4,bd.hyzyywu.com/*
588a3f699c4d2777c7c085c9b5c429fe,1156500000,82,4g.aifenka.cn/*
593a63aa67fc10d8dce172f7859310cc,1156620500,152,mm.xayayagongzhu.com/*
599e3bc5d79b7b6141897456f5640560,1156610700,7,m.clmini.com/*
59f4c89543f4afe6a2cd87086fde52ac,1156320500,22,m.peixunwenxiu.com/*
5a61f84a664b4e7bee970db4bea1668d,1156410300,2,wap.happyligo.com/franchise.aspx*
5afe117520bcc35523898b4584188fec,1156610500,1,mm.xayayagongzhu.com/*
5b31c56dfbcf2acf7bfb3ff95938719f,1156510400,28,3w.sjgh49.com/wp/qtpgu3wap/*
5bd7bbefa1bc3667da62516d60e4e253,1156510100,5,m.clmini.com/*
5c80772bb7c0f915073a49317e3c24f3,1156513400,7,m.clmini.com/*
5e3eba6543685ca98bbf042081384271,1156610100,6,mm.xayayagongzhu.com/*
5ee2300b5063f6c4a948c352fa61e14a,1156610200,1,m.clmini.com/*
5f19679a325eb301733a4c0a8ef0ddef,1156420100,15,m.shixiaom.com/zt/zgds/190220/*
5f4804dcbb972f63c3a5a8468be3f75b,1156410100,44,m.peixunwenxiu.com/*
5f8314862e52ffea8d43158404866ce0,1156500000,7,m.clmini.com/*
604f90c3cbd2da585f0d208985c8e378,1156511400,63,wap.020gxmr.com/*
60c39a7c1de5048ddec7fe5b5aef3d96,1156610300,4,mm.xayayagongzhu.com/*
610043fd2da1008c80286925a0f7981d,1156511300,15,m.peixunwenxiu.com/*
6153e650b066e1a73309ca25377e3b1b,1156500000,2,www.shiguang8.com/*
6156ea05862efbb47438852904f7763c,1156610100,7,bd.hyzyywu.com/*
622c9e2922fa487f25864e23188b8bdf,1156610200,1,m.clmini.com/*
626b5c5cc7ac2297a320614ff74dba61,1156610700,8,mm.xayayagongzhu.com/*
62a6586ddb2dc5c75e34573e99c97121,1156500000,34,3w.sjgh51.com/wp/ghzbdwap/*
62cddcc0aae85eb54d685ca75d14cb6e,1156610500,3,4g.xahmbyj.com/*
62cddcc0aae85eb54d685ca75d14cb6e,1156610500,140,4g.hmbyjyjy.com/*
6304c5b154ace52eec19f88a4e6b6bdb,1156510100,7,www.chuntianxueyuan.com/*
6409dc63ec14965a01bcd493ea6f7940,1156330400,7,m.clmini.com/*
6573d8d0d7d7a7a844c84d8013c92ab0,1156610100,1,3w.sjgh51.com/wp/ghzbdwap/*
65a8aa61bc032959ec79de2d2a7247d5,1156510700,52,wap.020gxmr.com/*
65e7285d5a9971a6322540f464d09c66,1156420500,29,wap.infertilitybridge.com/*
65f107705cd46bb95a069d1b3fb90f74,1156610100,6,4g.xahmbyj.com/*
6612348afd7a378d85bfec0256aadac9,1156420800,24,qx2.souchuangye07.com/ghz1-m/*
66d3641e4b8f8d4d732660a833752e8d,1156610100,115,4g.xahmbyj.com/*
66d3641e4b8f8d4d732660a833752e8d,1156610100,47,4g.hmbyjyjy.com/*
66ef633c3cb4af5c80ca3954640f4cb9,1156611000,11,m.peixunwenxiu.com/*
66fd64819d7d63ab2cc027280c328956,1156411200,7,www.chuntianxueyuan.com/*
6798022d7939e5a3999b20d68cdc0be0,1156320200,82,4g.aifenka.cn/*
67ed64f72013d978bc241d442298187f,1156410100,9,m.shixiaom.com/zt/zgds/190220/*
68112d6ab41a28973101b52713dae607,1156510100,53,m.peixunwenxiu.com/*
6857abcb58c44dfab39a24a264f166ab,1156610100,4,www.xianmishang.com/mobile/banyongjiu/*
6903a99d5562c87dd3a524805179bff2,1156610200,38,m.peixunwenxiu.com/*
6940adf17d458deb05ee054ef90024fd,1156610100,13,www.xianmishang.com/mobile/banyongjiu/*
6979ad7c5d58e8525ace49f678e18915,1156511800,39,3w.sjgh51.com/wp/ghzbdwap/*
69be607ea33c87b01738e6dedd1fb51b,1156610700,47,4g.aifenka.cn/*
6a4dbd81803c2f0458a19c9fd3eddd66,1156510100,11,m.peixunwenxiu.com/*
6a9de0fa8990d3c5babd7fc2ec940966,1156510100,39,3w.sjgh49.com/wp/qtpgu3wap/*
6adfbf651ef62f4afe5decd2c37b7a74,1156610600,6,mm.xayayagongzhu.com/*
6bd89f0a92dd275c15014e311b75aea6,1156610100,3,4g.hmbyjyjy.com/*
6c08e1cec0e7d3db38f4d596e605ac59,1156140400,159,4g.xahmbyj.com/*
6d43650153c04dc70f2477e97c294620,1156511600,12,m.peixunwenxiu.com/*
6d4c941fe035959d3a604c0adff5ae89,1156610300,13,www.happy-lemon.com/*
6d6be73cb34162bd5b50014eb11484fd,1156420100,13,m.peixunwenxiu.com/*
6d973d928df953357672a1d306203dfc,1156510100,7,m.clmini.com/*
6dcda2935ad1253b267d48472eba1a97,1156610600,1,www.xianmishang.com/mobile/banyongjiu/*
6de0a3a25da668186a9bb732a4c874fd,1156510500,28,m.peixunwenxiu.com/*
6e88217c90ae37b8267b925b1ee5a318,1156410500,41,m.peixunwenxiu.com/*
6f86ecdc55de13af0cd19bd0c0b2d6ee,1156610600,2,mzmeiye.cn/*
702b9eafe05a1bb7625df48af839a085,1156511300,3,wap.taiorient.com/*
7181a91782aae349b1465b6188250157,1156510400,38,m.clmini.com/*
71f2d383001774c1cb3249e3efb30920,1156510500,31,bd.hyzyywu.com/*
72075978b9a2fe3a12ad3efcc1388d4a,1156420200,69,5g.vqskin.com/*
720e2b2f4aa172bb7ca7f526ea93e98d,1156500000,1,yhgc.dingzhenjf.com/yhgc/mw-s04-043-1803/*
72939100e4a00e968ea723681bcb82f5,1156610400,37,3w.sjgh51.com/wp/ghzbdwap/*
72cf599d04dc514083a5c67cc90e4e64,1156610200,34,3w.sjgh51.com/wp/ghzbdwap/*
7310a1cf3996f0a82d39b85cc20fed17,1156510100,25,www.chuntianxueyuan.com/*
753874a2676cd6c2a0aeecc518dd68d3,1156610100,42,bd.hyzyywu.com/*
753b8e9da10947036d5d900c3312cc67,1156610100,3,mm.xayayagongzhu.com/*
758e128add2e85dc8db9547a59fd1b60,1156420100,12,www.thaiyuehealth.com/*
758e128add2e85dc8db9547a59fd1b60,1156420100,31,wap.infertilitybridge.com/*
774428e9302883bf5a690bf368b3a590,1156510700,83,4g.aifenka.cn/*
78de46c813c72c78dc5eefd51afc75cb,1156410100,45,m.peixunwenxiu.com/*
790d545c03fe960903fa94efd82a477a,1156610400,1,mm.xayayagongzhu.com/*
79e1ad33d6402d6584391d1575fd6f88,1156500000,1,bdwz.dingzhenjf.com/hnt/mw-z01-012-1807-03/*
79fe0b621e2ac7f7af66688934e2aeb9,1156411700,7,3w.sjgh51.com/wp/ghzbdwap/*
7aaacdf82d19b959c371d16e5e40032a,1156510100,2,www.ivf52.com/*
7ab1a31c95cb92e85189ccc60eae4e3a,1156310000,56,sgyeyy.syxcmzb.cn/*
7b977e932c61d342efdfa0d1b8ff8327,1156420100,48,bd.hyzyywu.com/*
7c02b3511abc3d305f2e0d6ce1b27056,1156610200,5,3w.sjgh51.com/wp/ghzbdwap/*
7c23b73296ab0863f28ec52dcbd25037,1156500000,44,m.peixunwenxiu.com/*
7cc46c292e114c380b8173f52e8dbe15,1156511700,58,5g.vqskin.com/*
7cd5c1548c9fef503af46fe5cc2a21ac,1156610500,2,mm.xayayagongzhu.com/*
7f5a33a5b43ad4c9085ea3925f453629,1156620900,9,mm.xayayagongzhu.com/*
8079de8600d0fcfd22ec6c2806660ad2,1156511700,47,www.happy-lemon.com/*
8086841829d2698ab5fc1c19a30eefab,1156420500,4,www.happy-lemon.com/*
80cc7012f2f8e1a10d6732a5a2782830,1156420100,20,bd.hyzyywu.com/*
8246eb2b892df774010ba68a24dd7b66,1156500000,1,wap.happyligo.com/franchise.aspx*
82fac29c344534cecc4a0e4c485ea9cd,1156610100,2,bd.hyzyywu.com/*
83635730776c0d7f2ec75612229bd19c,1156610400,54,4g.xahmbyj.com/*
844cc406d17e3f1b42be81f679527657,1156511300,3,wap.taiorient.com/*
84976afdc587831106fa5dc5c9ac8185,1156530900,7,m.clmini.com/*
85c41e56d2c73774526a23b39e1520a6,1156510800,2,m.peixunwenxiu.com/*
85d70a18adfe9f2f86221f015cafd5df,1156511700,7,m.clmini.com/*
874cc3af0228ec9e34b8594b1555c03d,1156610100,2,mzmeiye.cn/*
874cc3af0228ec9e34b8594b1555c03d,1156610100,68,m.peixunwenxiu.com/*
875ea5265c6822db0dbe07005f1af267,1156420200,2,3w.sjgh51.com/wp/ghzbdwap/*
87725b6d1f488a9c4d412e478f75cd4e,1156410100,40,3w.sjgh51.com/wp/ghzbdwap/*
877f55aaa6eb71d114c40bce73dbccfc,1156510400,18,www.chuntianxueyuan.com/*
88dd6c9c78781b6636da1f1174026d62,1156500000,82,4g.aifenka.cn/*
8986e1be4f756f0a9e4f7039570f7e8b,1156610100,36,mzmeiye.cn/*
8a03a5618bc606fd72185d13f0914946,1156510100,1,yhgc.dingzhenjf.com/yhgc/mw-s04-043-1803/*
8a4c6d17da467e366ae56c1a45e267fb,1156500000,92,4g.aifenka.cn/*
8afb895953b276fba162afb91b26f858,1156410100,9,m.peixunwenxiu.com/*
8b790c0bdd8d197bcc0ce5e505a43199,1156450100,27,4g.xahmbyj.com/*
8b790c0bdd8d197bcc0ce5e505a43199,1156450100,47,4g.hmbyjyjy.com/*
8ba2ac8a9bb359511d8e0728bf41e6ff,1156610300,3,mm.xayayagongzhu.com/*
8c30d9b679ab1b951d8d6e845ba01b60,1156510100,7,m.clmini.com/*
8dc2e54cc7f9c98ed9bd4dbcc7e8f7b0,1156141100,4,bd.hyzyywu.com/*
8e73b165e31b9f3c228e99872d5df5de,1156511900,94,www.mengmeilife.com/*
8fe300ae28840c219c9bf2b99e204ef7,1156421100,5,m.clmini.com/*
90b261b3e0d370a88f9b85b3ebc42e5c,1156610400,28,m.peixunwenxiu.com/*
90d1d4270e15202d75c65dc9a967ce14,1156610100,10,www.phyathaibaby.com/*
9109eef70433e358af8968696b30f4b3,1156511300,20,m.peixunwenxiu.com/*
913c10f7171d90e0fde224f25541eb0a,1156610100,45,bd.hyzyywu.com/*
9143cceab24066b71605d540e651143c,1156511600,39,m.peixunwenxiu.com/*
927908b5d02d72d42024f293834d690c,1156410100,85,4g.aifenka.cn/*
9330bac7941ff90b2129722bcd9a4132,1156610100,1,mm.xayayagongzhu.com/*
937a01d13844a919cf52fb01b9fa7afe,1156422800,7,m.peixunwenxiu.com/*
93e49889912fe5ba18d96d5313b727ae,1156421800,11,www.shiguang8.com/*
93fbe0a1ee943bb511c1a4305f75831a,1156511600,52,3w.sjgh51.com/wp/ghzbdwap/*
942058bf7e058089d7f50ed5100defd2,1156611000,24,www.xianmishang.com/mobile/banyongjiu/*
958646dfe878dd72e862406ff7dfdb55,1156420100,46,m.peixunwenxiu.com/*
95ba6a4939c65de75f95fca29a35bd5d,1156500000,1,wap.happyligo.com/franchise.aspx*
970e69e29b6eea871c7bdca2fcecf6e8,1156610100,5,qx2.souchuangye07.com/ghz1-m/*
971b2b82cd7758f4f1f69c3b3e9bc46d,1156510100,41,m.peixunwenxiu.com/*
9ab0b65317e07d9d95e80abea5b3e0f5,1156610500,24,www.xianmishang.com/mobile/banyongjiu/*
9ad6137fb24f8351c34f80ab47fc8ed3,1156610800,1,3g.959.cn/sjzsy/27501/*
9bd822c3ed56b1ce28847a3960f12a68,1156510400,13,www.chuntianxueyuan.com/*
9c8d36a4a2f93076ecbee65eb3b2a57c,1156510100,43,m.peixunwenxiu.com/*
9c94fb0f613c3af8f8523e96bc21f794,1156512000,71,m.peixunwenxiu.com/*
9d5771f67c3086e3e75a64b790fd0404,1156511500,22,m.peixunwenxiu.com/*
9d719cc26f710e67e2178d0bcd564c5e,1156611000,10,www.xianmishang.com/mobile/banyongjiu/*
9fa589c7878ea8802a7fb50a92d5fee4,1156510500,1,wap.020gxmr.com/*
9ff546734e28ebb6bc7eb280cf952d79,1156410400,9,www.chuntianxueyuan.com/*
a0f80d521eb7b06830b779bea0777d14,1156620600,1,4g.hmbyjyjy.com/*
a291f8ddf057aba8a2fcd6f91f6ee6cd,1156510100,1,wap.happyligo.com/franchise.aspx*
a2c2c73b28aa03d4306377ae6ebb8158,1156420500,38,3w.sjgh51.com/wp/ghzbdwap/*
a32a846646910a14e951dd4ba1373c63,1156511500,10,m.peixunwenxiu.com/*
a3ef02a60f754bb3c4e770b131ece912,1156421000,47,bd.hyzyywu.com/*
a4b4ab0f9f1d39a875727e8de6a8e825,1156410800,37,3w.sjgh51.com/wp/ghzbdwap/*
a4d80e686f64ede8d714e2bac201d988,1156500000,21,www.chuntianxueyuan.com/*
a52f03ac967f40dac3e0f876f5c83f6e,1156510600,18,www.chuntianxueyuan.com/*
a59e828e94ce0e92521a0e7dc573c85d,1156610400,6,mm.xayayagongzhu.com/*
a5dbfac936bb5ad9b5b853edddfd9219,1156510100,61,wap.020gxmr.com/*
a657cf0c09e030627a619d70e35b70ac,1156610500,5,mm.xayayagongzhu.com/*
a75e99eb5276c224d6a6636518dece8a,1156610100,7,m.peixunwenxiu.com/*
a8845c32fc936827cc460ec5561c0b9a,1156510700,5,m.clmini.com/*
aa02d2a1200b01bad2bb87c1174c681e,1156140900,67,www.happy-lemon.com/*
aa0d7ab5c44f8dbfe80081a7a67b570e,1156610900,55,sgyeyy.syxcmzb.cn/*
aaabdda028c603b6398c2727bff1cad7,1156610100,2,wap.taiorient.com/*
ac1c77e3cfe7c65086cf955ece8a246d,1156511800,1,m.peixunwenxiu.com/*
acc084284858497b2dd4a8bc3d628ac2,1156610500,67,www.happy-lemon.com/*
acf4d9ab2884088924a907bf96c161a0,1156410300,47,m.peixunwenxiu.com/*
ad1d1e3c772c5b754001cf854b26d416,1156513400,37,m.peixunwenxiu.com/*
ad6223cd06684dd7b242b9499d1a382c,1156420700,8,3w.sjgh51.com/wp/ghzbdwap/*
ad831e335093a12f14bfe3e83d1f4713,1156511100,38,wap.020gxmr.com/*
ad90ce10865aa33a5579e00ef7c0f38a,1156610400,69,www.happy-lemon.com/*
ae547c66c1466a5ffe2d1915ceafd358,1156320500,86,4g.aifenka.cn/*
ae78bda603239e612f6271734fe256f9,1156500000,83,4g.aifenka.cn/*
aed7025b5f8ab3e69c7d911c12a3689f,1156610900,13,mzmeiye.cn/*
af350bd07ea355a455db6ca65ea1e835,1156430500,36,3w.sjgh51.com/wp/ghzbdwap/*
b0321907b62ee28bbf290432fbcaffd1,1156610600,19,www.xianmishang.com/mobile/banyongjiu/*
b08fd0ad1b6116e0803662d8277bd346,1156610400,34,mzmeiye.cn/*
b1e2727749c9c0018f7f8517f28b6290,1156513400,36,bd.hyzyywu.com/*
b3bba8b8fbe2c156d08dc77c8ec791ec,1156140100,43,3w.sjgh51.com/wp/ghzbdwap/*
b4c5cdb8c11031e5ca92eb771579f95e,1156610100,1,mm.xayayagongzhu.com/*
b4f4ed719bbf2d08ba72d2f344353123,1156610100,1,3g.959.cn/sjzsy/27501/*
b52a4f399b72f79caa541699ecfb6311,1156621000,39,3w.sjgh51.com/wp/ghzbdwap/*
b55f0a818b9865897bcf424499d1d66f,1156440100,8,m.peixunwenxiu.com/*
b560f93c0135fbf5f5396d4d860c9aa6,1156511300,45,bd.hyzyywu.com/*
b6246a8699b017da20c7b492f08fed54,1156511700,10,www.happy-lemon.com/*
b770d968d83001995c82f3284a9b47e3,1156140200,60,www.happy-lemon.com/*
b82368776404f79199ed146fd4143e65,1156610500,2,3w.sjgh51.com/wp/ghzbdwap/*
b8c97ecbe8967ea344a8c322dee74e67,1156420100,29,3w.sjgh51.com/wp/ghzbdwap/*
b94fd82ed948710897ca9e45fea33dd7,1156320200,1,bd.hyzyywu.com/*
b979606ef15c24daa7a7963986571551,1156610400,1,yhgc.dingzhenjf.com/yhgc/mw-s04-043-1803/*
b99f10fba1e06d9d8c81db3c22aac50f,1156610500,30,m.peixunwenxiu.com/*
b9a2ffed4e1e3ed0d313dc3de8ab70b5,1156420200,1,m.peixunwenxiu.com/*
ba068e9831589bc17038b27d315b79d4,1156440300,1,wap.19978.cn/sjzsy/27501/*
ba9d7885c25cc95ffd6a0dd008a60d0e,1156510300,51,4g.aifenka.cn/*
bd31f4498e33b79c1419a9eab1449628,1156610700,59,4g.xahmbyj.com/*
bd31f4498e33b79c1419a9eab1449628,1156610700,5,mm.xayayagongzhu.com/*
bd8e12d6acdc6e093c16ee8a9de7969d,1156420100,32,m.peixunwenxiu.com/*
be73cbc2b9dfc09aa514546304c5e313,1156510100,30,m.peixunwenxiu.com/*
beca565b9a51c3460881559898264dc6,1156410400,13,m.clmini.com/*
bf92ed1968b65246ea16274146142a8b,1156510700,4,wap.taiorient.com/*
bfa96a54a84ef73d65dae3bf024e8a33,1156511700,42,m.peixunwenxiu.com/*
bfb664ccab79e85f3e4d0691be849ac8,1156511800,48,bd.hyzyywu.com/*
bfe5681b4541e280d29498faca116fb5,1156610100,3,4g.xahmbyj.com/*
c055605d805836f100690c5c97a77af6,1156610300,25,bd.hyzyywu.com/*
c1a47a10e7e44ca9645f6b919f67120e,1156320300,37,www.chuntianxueyuan.com/*
c2fc543e5c56e30a2ea7645ef6ca4fe5,1156610600,2,mm.xayayagongzhu.com/*
c318445311db0bd7908f59f39c73b3c9,1156511500,49,bd.hyzyywu.com/*
c3a73b7cbf34ca98e6cc6f91d39685df,1156500000,50,m.peixunwenxiu.com/*
c3ff75ad28d300d6f82fbdd0e938c9bb,1156410300,1,4g.xahmbyj.com/*
c3ff75ad28d300d6f82fbdd0e938c9bb,1156410300,21,4g.hmbyjyjy.com/*
c42820516b5e0f8db3688e601ae01acd,1156610100,5,mm.xayayagongzhu.com/*
c42c187e69b435c451ba071421e44265,1156510100,34,wap.infertilitybridge.com/*
c4f85096ace0a67b26157c1b3a1cef1b,1156530100,25,www.happy-lemon.com/*
c512487dbb2617cf70a1f05ef708dd5c,1156510100,37,3w.sjgh51.com/wp/ghzbdwap/*
c512487dbb2617cf70a1f05ef708dd5c,1156510100,42,3w.sjgh49.com/wp/qtpgu3wap/*
c512487dbb2617cf70a1f05ef708dd5c,1156510100,14,m.shixiaom.com/zt/zgds/190220/*
c5372d55b856c29fece11ee994f12df2,1156610800,1,3w.sjgh51.com/wp/ghzbdwap/*
c573085f079a39614bbdc46905f43849,1156610100,58,4g.aifenka.cn/*
c577f7a3cfd503f1b6e229c23ecff976,1156610100,3,www.xianmishang.com/mobile/banyongjiu/*
c591207a9fb265affd2e192710167cc0,1156610900,4,4g.hmbyjyjy.com/*
c6d7f091a6523ff44b0f2a70ed6d4d20,1156410300,3,bd.hyzyywu.com/*
c719a0c1cf417838df8787c561a3dd5d,1156421100,1,ly.zsb13.cn/qtpg/*
c73fd96c7eae714fc435d1d9754c51f0,1156610700,5,m.clmini.com/*
c963b1b74de5cccd2604154ae7ee5f3c,1156620100,4,mm.xayayagongzhu.com/*
ca524b473daf6c576165ba1446094573,1156410400,47,m.peixunwenxiu.com/*
cb4fd40f9ed3971cc1f7487b4944f1fc,1156610100,34,3w.sjgh51.com/wp/ghzbdwap/*
cb5fda5c70bdaf472d8cd6fa9620caa0,1156411700,85,4g.aifenka.cn/*
cba82f86f8cfc57d5d53cf6d9b60c34f,1156411300,33,m.peixunwenxiu.com/*
cbb51dc36c78a3586183ba9fe60bcd19,1156610100,36,4g.xahmbyj.com/*
cbb51dc36c78a3586183ba9fe60bcd19,1156610100,28,4g.hmbyjyjy.com/*
cc543705c960d1fe0d95c9f3040dc381,1156500000,57,m.peixunwenxiu.com/*
cd70b241fe64d66b8232175b9c673d43,1156610300,37,3w.sjgh51.com/wp/ghzbdwap/*
cf92e5ca04c6cf7fac3521f545d3d226,1156610100,25,www.xianmishang.com/mobile/banyongjiu/*
cfbabb701b7ae0a6111652a276ed6b9d,1156610100,1,4g.xahmbyj.com/*
d0cadb83cf23953469f6f169374d26dd,1156610100,42,3w.sjgh51.com/wp/ghzbdwap/*
d0ee8104047c0754a659d7a255e0278e,1156610700,42,3w.sjgh51.com/wp/ghzbdwap/*
d11da1fa322dd6f883fa242edede644a,1156421000,52,4g.aifenka.cn/*
d1506a4c17a8a887c7db2c928330cb8d,1156140700,19,qx2.souchuangye07.com/ghz1-m/*
d1e87c0ac679332366cc0154e6ef9285,1156511300,16,www.thaiyuehealth.com/*
d264b3acaf37a60d6d6bfa8b11b64ff6,1156140800,14,mm.xayayagongzhu.com/*
d3efdb420bfd3b886576617fd9100dd0,1156610600,6,bd.hyzyywu.com/*
d523e7c3902a1ef88de8ab93677d5681,1156513400,46,bd.hyzyywu.com/*
d57e02d448c58939e5bf633cbfba8ea8,1156610100,44,bd.hyzyywu.com/*
d6e1a9ad4ed1ecb76ca76019dc7b3140,1156421400,2,bd.hyzyywu.com/*
d6ea73b1c36703dcf4a2e34eb68c2d85,1156540100,27,bd.hyzyywu.com/*
d725897f99d8bd021ffa79ee8bc85f82,1156500000,82,4g.aifenka.cn/*
d7ff0ad974a35c10f3ca8d5901706576,1156420100,29,3w.sjgh49.com/wp/qtpgu3wap/*
d86a9d09f5be96cd8ff48d7d96a5fea8,1156500000,1,wap.happyligo.com/franchise.aspx*
d917714ef2470c02e0ba883a0ded74e8,1156500000,37,3w.sjgh51.com/wp/ghzbdwap/*
d9a311e73cdab7d0357066c4d1eaa57f,1156512000,1,www.chuntianxueyuan.com/*
da70baae75b16a1147d8422b80d07662,1156500000,65,wap.020gxmr.com/*
db000b6824ecd525de64be5c24056350,1156420800,44,m.peixunwenxiu.com/*
dbc96bd1bdf13e0c4da8b8535dc80bfc,1156610400,36,3w.sjgh51.com/wp/ghzbdwap/*
dbd81890ba79ad2b44c2a2f8f721c931,1156513400,23,www.mengmeilife.com/*
dc3204d83c26951189f2f5a5ccea55a5,1156510100,1,bdwz.dingzhenjf.com/hnt/mw-z01-012-1807-03/*
dd8ad163ffd00a1d22f16d27e50dfb19,1156420100,1,www.ivfhaoyun.com/*
decad14cea8d2646ea49a2163ec17907,1156611000,1,mm.xayayagongzhu.com/*
df2e315ae8d21ae0d25e450b2d955e02,1156610800,1,mm.xayayagongzhu.com/*
dfa9378b069f08a1223a07474c28c519,1156410100,1,bdwz.dingzhenjf.com/hnt/mw-z01-012-1807-03/*
e047ce7fa86efa30e2376bbf822038d3,1156420200,1,wap.infertilitybridge.com/*
e0a6ba18d8f3d0d326a6c99158b7c4f3,1156421100,11,bd.hyzyywu.com/*
e0cf68663aefeff20a7be94ed529dfb1,1156510900,47,www.chuntianxueyuan.com/*
e0e7d051d536fa7833d1e107d0e4fd1d,1156620100,22,m.taijiayun.cn/*
e1d4e02806b852f4f832bb2cddd1a557,1156511500,36,m.peixunwenxiu.com/*
e2ff2973def1dacaf63cce175c432eaa,1156421100,13,m.shixiaom.com/zt/zgds/190220/*
e36fba091b2588f76c46e0260b17e334,1156410700,5,4g.xahmbyj.com/*
e39e7b4578b6b420aa08179524cab0a0,1156610800,40,bd.hyzyywu.com/*
e447d8c40328766476bb587247c88395,1156610300,2,mm.xayayagongzhu.com/*
e498d3d4e031cdacf7c9eeedcf66d135,1156610300,6,m.clmini.com/*
e61a7de7832a650e3be4bb508a310bb9,1156510400,20,m.peixunwenxiu.com/*
e72e2c036210f367a581cd0a6920be49,1156511500,43,m.peixunwenxiu.com/*
e74f300d7b745fef686786745bf97887,1156140800,37,3w.sjgh51.com/wp/ghzbdwap/*
e7a96739ded89d58441d2cbf5ae5a4b3,1156610400,1,www.xianmishang.com/mobile/banyongjiu/*
e7d392cc15341d3d2ed4b44735d1c0f0,1156140900,6,www.thaiyuehealth.com/*
e80cd0ccb428e6e6200eaa4c2273fbd8,1156140100,84,www.happy-lemon.com/*
e9ab5761bea11bdb87d567bafa0c84d7,1156421200,68,4g.aifenka.cn/*
eafe1724d4c28cd2239daa02434724ed,1156510100,15,www.chuntianxueyuan.com/*
eb571d2b3813c05d5f3d9eb33477f55e,1156510100,17,www.chuntianxueyuan.com/*
eb6ac5552d6934cbca8a7d614242d192,1156510700,22,m.peixunwenxiu.com/*
ebaf5dbf0c2bb3db78b041880b5c2633,1156610100,2,m.peixunwenxiu.com/*
ebefb34c6ceadafc747ed9ee3fe9d24d,1156513400,44,bd.hyzyywu.com/*
ebf2882aac1cbb8f4f79052c4cc7123a,1156510100,5,m.clmini.com/*
ec8787e40a3ea2d39b3d37e24cbc5905,1156330100,85,4g.aifenka.cn/*
ecd527bb697c6c6c43ef0daf9e8ba92f,1156500000,80,4g.aifenka.cn/*
ed2b2aaa644ab9b7cd086f35c20ba870,1156610500,4,mm.xayayagongzhu.com/*
ed93ff0220948e4cb46884020c744775,1156512000,41,m.peixunwenxiu.com/*
ee4a4733682257db8cb8c43ebb61d38d,1156610500,4,4g.xahmbyj.com/*
ee4a4733682257db8cb8c43ebb61d38d,1156610500,5,4g.hmbyjyjy.com/*
ee5002308696a0709d4aadb0a13601a1,1156510500,1,bd.hyzyywu.com/*
efbf5eb998a558e17e592d519a63ad61,1156420100,23,3w.sjgh49.com/wp/qtpgu3wap/*
efca138e76d25f651199a5a5d065330c,1156410400,58,3w.sjgh51.com/wp/ghzbdwap/*
f11fb5bad0d1de326a6c7c420209e13d,1156610500,51,4g.xahmbyj.com/*
f11fb5bad0d1de326a6c7c420209e13d,1156610500,46,4g.hmbyjyjy.com/*
f12946abecc2aefe5b446bb796a6e3b7,1156140100,1,sgyeyy.syxcmzb.cn/*
f12a593b45b5bedddbef225d3abe401d,1156511600,12,bd.hyzyywu.com/*
f169d251d69f39d71537f6421cf1d42c,1156510100,42,3w.sjgh51.com/wp/ghzbdwap/*
f27eeae1b5aad563e2b7466b7c475641,1156610200,3,mm.xayayagongzhu.com/*
f38fc6a6a1949587c27c2b11112a1835,1156610700,3,www.xianmishang.com/mobile/banyongjiu/*
f44f363850d94286438d5573f7f6da34,1156511300,12,www.chuntianxueyuan.com/*
f5650d52c2093660a15cee958124447a,1156510100,31,m.peixunwenxiu.com/*
f6b2c049a07091505f135f67ea355620,1156610400,27,www.xianmishang.com/mobile/banyongjiu/*
f6fb55c3b63360401b3e48558729244b,1156420100,3,3w.sjgh51.com/wp/ghzbdwap/*
f7c2b1a769bbd58f6729fc2ce8f58806,1156500000,28,m.peixunwenxiu.com/*
f893dafd7443722f298a12452e8a3a2b,1156513200,7,m.clmini.com/*
f8e08cad1f7449b8fe5c9de17503f2b9,1156510700,14,www.thaiyuehealth.com/*
f91ced06f6408e4555b567df606ed6d2,1156420800,8,m.clmini.com/*
f94cf276d5a3f0ec648e757a37731807,1156610100,1,ly.zsb13.cn/qtpg/*
f973173546c480dd6678c50326ce9cae,1156510700,29,www.chuntianxueyuan.com/*
f9dffb38273a53c97ec6ab90e97ea1af,1156410800,12,3w.sjgh51.com/wp/ghzbdwap/*
fa056e9d05657250a7814afc7a60164c,1156410100,5,m.clmini.com/*
facb6f997bda8b0bb998fb023c2759eb,1156510600,3,wap.happyligo.com/franchise.aspx*
fae8bfd20f1ee5edb7583c77739cb5c0,1156610100,7,mm.xayayagongzhu.com/*
fb533cde5e9e40c5d5bac53540178b54,1156510500,87,4g.aifenka.cn/*
fb798db3b2b94aeb8d8d9f4f5c866d07,1156430700,6,4g.aifenka.cn/*
fc042e76105c6411a3d3f99de53c4a71,1156140500,1,4g.hmbyjyjy.com/*
fd43d5ec23fc172217e186b067e696c7,1156410200,13,m.shixiaom.com/zt/zgds/190220/*
fd63c8e97eb357cea89619e91036e44e,1156610100,56,sgyeyy.syxcmzb.cn/*
fdc5cf37e03cfaa21db9ee8a3eec927c,1156610800,3,mm.xayayagongzhu.com/*
fde4da36a1af8437a186bd50c8528b8c,1156511000,22,www.chuntianxueyuan.com/*
fe9d5e65604950bf4a3cc7a8f7d09641,1156511900,32,wap.020gxmr.com/*
ff8fc00a7fe465aa5eea8367917d0a50,1156420100,3,m.yiy120.com/*
ffac8151b45556429c05a8cfe0645425,1156610100,42,bd.hyzyywu.com/*
ffc5306d1bafb8a48fdbdab349717645,1156511400,49,wap.020gxmr.com/*
