0052015456fb1b7b94c0fcd10cef7cde,1156511100,26,m.cdwyzs.cn/*
0067aab795def96d311347cb599f47e6,1156511000,15,m.cdwyzs.cn/*
00f9090904b23730a312b4de14cbd1f0,1156511900,80,m.cdwyzs.cn/*
0122402a4a9805d9b4355efec63aee41,1156511300,2,m.cdwyzs.cn/*
0132cb9d80f44d9123d12e7b944fb97b,1156510500,34,m.cdwyzs.cn/*
01396c9e9e72a8f26fbc79a1602887b0,1156510100,26,m.chuanhaozs.com/*
0152d98acd0d46a8a32b71b3df13e018,1156510700,22,m.bzzss.com/*
0152d98acd0d46a8a32b71b3df13e018,1156510700,3,www.bzzss.com/*
01c9536dfcbcf492eadb6f8fe5ec0c69,1156511900,49,m.cdwyzs.cn/*
01d41ac8d67cb2f8d1b75b864acc7892,1156511300,2,m.shj.cn/*
01e074c1cbbaf8fa0e5b724237cf93ed,1156513400,25,m.cdwyzs.cn/*
01e80614a1efc3f63d6ad941174f26ae,1156510100,58,m.cdwyzs.cn/*
01e80614a1efc3f63d6ad941174f26ae,1156510100,49,m.chuanhaozs.com/*
022f3076011533c8669dad2267f2c4d8,1156510500,49,www.cdsmhome.com/*
02ace58bf9355197854a8d19ceae27ac,1156510100,57,m.cdwyzs.cn/*
02dbdb183dc37bfdcdfa3515078bd5ec,1156510100,39,m.chuanhaozs.com/*
03e1176b5563d5a8856f6603464d057d,1156510100,41,m.chuanhaozs.com/*
042b83a1b3b93f1cd3dd2ccf120580f0,1156510100,42,m.cdwyzs.cn/*
0488fe0b7f94fd1e78bbb20d15aee764,1156510100,27,m.cdwyzs.cn/*
0536ddc0888b619eabe17bc12076aae5,1156510400,28,m.cdwyzs.cn/*
05a0cc05291d7c166b825dffebd96da9,1156510100,7,m.cdlrzs.com/*
05a46b7385a2560a93614cc6368f88e9,1156510400,60,m.cdwyzs.cn/*
05d16929ca2acf2a5618b46b8801f1bf,1156510800,3,m.cdwyzs.cn/*
05ec8e6acee2375b3cc8cfbb56600f07,1156510100,1,m.cdwyzs.cn/*
06068fdb51df44ea7f24bf977e8d6cb9,1156510300,36,www.cdsmhome.com/*
063c5942b412e92365affc560ca2d15f,1156510100,44,m.chuanhaozs.com/*
066227a7b145645b70d919df35b532c2,1156510100,103,m.cdwyzs.cn/*
06e9342a421a37d04e5b9c6e95bbcd61,1156510100,131,m.cdwyzs.cn/*
06ef9182c219ebe0ab297c5dcc47bfd9,1156510800,142,m.cdwyzs.cn/*
0703cc3469e5e75fff95c95d68fd1ab0,1156510300,62,m.cdwyzs.cn/*
071de7c3106bb577d54ce60d67fc75b3,1156511000,56,m.cdwyzs.cn/*
074a8a8450a905263595a87ac2a157b5,1156511400,3,cd.m.dyrs.com.cn/*
07dc124ea79a80fa5e61a53ddff2aa66,1156511500,19,m.cdwyzs.cn/*
07dfa3b31b13c864eebbfcadbce41d75,1156510100,125,m.cdwyzs.cn/*
081f14d0cc8730c2796af6084ab9747c,1156510100,26,m.cdwyzs.cn/*
08802e5729e06fcff81e215f73d35e63,1156510700,46,m.chuanhaozs.com/*
08e5d55978eafb577adb5391a6240b0c,1156510100,128,m.cdwyzs.cn/*
090c52a40044d66267abfb5aa165fdf4,1156511600,1,www.scxblzs.com/*
09142fcbd0cf6dcba192874826f8f14e,1156510400,200,m.cdwyzs.cn/*
0948e9e4cbed5619e6b922c1eb8701f4,1156510100,3,m.cdwyzs.cn/*
0b16f10424e61ee602323ab87f6fbd7e,1156510100,26,m.cdzpg.com/*
0b256c39b562053201d1aeefbece20e4,1156510100,37,m.chuanhaozs.com/*
0bbd8ea4b4d35765dd747e58b9da0271,1156510700,11,m.cdwyzs.cn/*
0bc33aab884b313e4648022beb373e58,1156511600,2,m.cdwyzs.cn/*
0c0ae1f905b300f6cbdb6b81640cf532,1156510100,20,m.cdwyzs.cn/*
0c17d42436cd74e79a369ec5c21f796f,1156511300,2,cd.m.dyrs.com.cn/*
0c67b021be2148c13521f551a89389c5,1156410100,2,cd.m.dyrs.com.cn/*
0c6cb3f3f9240d0bd45ed7e012940156,1156510100,4,m.shj.cn/*
0d23fa9b268f281cccbc8881af4d0f60,1156510100,219,m.cdwyzs.cn/*
0d89661484f9afb34a65c32c619304d4,1156511300,8,m.cdwyzs.cn/*
0d9bb9f1990145ffb2b513055639f28b,1156510100,26,m.cdwyzs.cn/*
0e2c0c7cb3b9313571b9165d4ddef851,1156511400,7,m.cdlrzs.com/*
0e3e67f4faf4d4cc18875992383ea409,1156511400,29,m.cdwyzs.cn/*
0e93767b1e70590631fd55a91cff208d,1156510100,11,www.wuyouzhuang.com.cn/toufang/h5/*
0f87dd921d3c9c29de29725025ff792c,1156510100,2,m.cdwyzs.cn/*
0faf874c9b6fc1815eefeee4deb097d0,1156510100,8,cd.m.dyrs.com.cn/*
0fd727b69b34d16275baab19ee6da97a,1156510100,2,cd.m.dyrs.com.cn/*
0fecbd6d03e3745abbbd1b782ecb7405,1156511500,16,m.cdwyzs.cn/*
105ba1d2f336c3a6080a103a91ad7952,1156511500,28,m.chuanhaozs.com/*
10672c8b15bf4cfd03ea1a2a0d014414,1156510100,2,m.cdzpg.com/*
10ea29c050e215ba6714c3ef0b6273b9,1156510100,10,m.cdwyzs.cn/*
114a78a3b1655fff74cb6ae6f89d5026,1156510100,29,m.cdlrzs.com/*
11552b4b371494410dbdaec19a7270f3,1156510100,29,m.cdzpg.com/*
11ac637e54fb5361e63700f3ba247b4c,1156511100,16,m.cdzpg.com/*
11c8de730cd184e27117caec6c8c4116,1156510100,1,www.ch028.net/*
11da79eacaabdda8b37cb6d723d78d5e,1156511500,18,m.cdwyzs.cn/*
124dea334b356d1f6a818d49d9604581,1156510400,7,m.cdwyzs.cn/*
1272db266bb4106b98c2ea2be79df6c0,1156511700,1,m.cdwyzs.cn/*
127de22caa39aae57f2f5bfddf11ecba,1156510100,13,m.cdlrzs.com/*
128e823b0bfbd6c105799a5d70545d29,1156510100,31,m.cdwyzs.cn/*
1329e9a2db68218d80b2b0cec9ba3692,1156510100,13,m.cdlrzs.com/*
137ef546541d492371433aa3a5b08aa4,1156510500,82,m.cdwyzs.cn/*
13ac0187a9337209ba2b39ca6b3f0ce3,1156500000,285,m.tdhjz.com/*
146e9dc4982aac651a7d5892dc21065c,1156510100,3,cd.m.dyrs.com.cn/*
147dc119309b624d7cc71328db3b174f,1156510100,2,m.cdlrzs.com/*
149fd668ebb50dbc4b828c51f74dbae5,1156510100,9,m.cdwyzs.cn/*
14b39d3c74047c134b1cb1132c175c54,1156510100,1,m.cdlrzs.com/*
14ef024051e670f6000afe2947b340a2,1156510100,3,m.cdwyzs.cn/*
14f651dd5e9afe70ee657af2b56f694e,1156510100,39,m.cdwyzs.cn/*
1565a18498224bd08906b536cb3fb8f4,1156511300,1,m.chuanhaozs.com/*
15a2d017d0535d0cb1a57fd60600e41c,1156510100,2,m.shj.cn/*
15b430a7dc47558389956f51c89f9f96,1156510100,261,www.cdluban.com/*
15f6d1335f028a731a90b65acf5bce70,1156510100,2,m.cdwyzs.cn/*
1624631dd5cd3a931b57be40b2ec60fd,1156513400,8,www.scxblzs.com/*
16350760a80d738c0795cd7a8a4b8e50,1156511300,12,m.cdzpg.com/*
16696d3addb1901a0ddfc7ad47bb2bcd,1156510100,3,m.cdwyzs.cn/*
16bf53f4079921ca82147235261beff7,1156510700,4,m.cdwyzs.cn/*
16cc8477beb48e9a65ad8a2c1e549f4b,1156510500,2,m.shj.cn/*
171f07bf2da93f0e7b823b216b5556bf,1156511400,20,m.cdlrzs.com/*
17b70504fda54f63bbbdcef40a5617bf,1156510100,1,m.cdwyzs.cn/*
17efd2a989845819bdb3c8695ecfacc5,1156511300,141,m.cdwyzs.cn/*
185094c89d37d5e36bee28d460fa6ec7,1156510100,2,m.bzzss.com/*
185094c89d37d5e36bee28d460fa6ec7,1156510100,28,www.bzzss.com/*
1868c1e58dbd65166e4961e2f966ee08,1156510100,1,m.shj.cn/*
1868c1e58dbd65166e4961e2f966ee08,1156510100,2,cd.m.dyrs.com.cn/*
18a43331be13e7fe827c5ee5b4edf1c0,1156513300,23,m.shj.cn/*
1916187494c2b5071a49de9cf4b62681,1156510100,14,m.cdlrzs.com/*
1918b99f6ecbbbadf5844257491a809e,1156510100,12,m.cdlrzs.com/*
1918c38b262b275a2df6ef7c1fe90129,1156512000,11,m.cdlrzs.com/*
191aaed510277bc7e1f95f084f33562c,1156510100,1,m.cdlrzs.com/*
19821eff2acd8df7494b869b0059b609,1156510100,31,m.chuanhaozs.com/*
19e8b747d4e24453f78db7d9e7ced8d0,1156510100,24,m.cdlrzs.com/*
1a4f9fbb4f21038e9ae61674464656d0,1156510100,4,m.cd.tdhjz.com/*
1a82a9d4d678753852ff9645bd28459f,1156510100,95,m.cdwyzs.cn/*
1ab061095078546ee824de6cc9e73c55,1156511100,35,m.chuanhaozs.com/*
1adf851df9d150b9699b1ba6fbf9d855,1156510700,9,m.cdwyzs.cn/*
1b23cd2daf49d43b57402d32affc25e0,1156510100,19,m.cdlrzs.com/*
1ba644edf56fb8f64400933f6734b854,1156510100,26,m.cdwyzs.cn/*
1bd9ad5fcfdb9d392ecf8f23e505c76d,1156510100,40,m.cdwyzs.cn/*
1bdf6acdb92e4cecc433e8c8ba858a84,1156510100,3,m.cdwyzs.cn/*
1bf8a20134c19626e32ab5d4317f669b,1156510300,13,m.cdwyzs.cn/*
1c4bcba786162fc219a132c8f4e8c485,1156511300,15,m.cdlrzs.com/*
1c8921e3ec39a68314f27bd125599363,1156510800,3,m.cdlrzs.com/*
1c8fbe6b6193e1a51eb6e77f46459466,1156510500,55,m.cdwyzs.cn/*
1ca0ecd7f3019802c17dda8ba51d2463,1156370600,487,m.cdwyzs.cn/*
1d08efa832c8a19e9db982b8dd5bd119,1156510100,31,m.cdwyzs.cn/*
1d8eb6c4f134c15f269e035b266742c9,1156510500,2,m.cdwyzs.cn/*
1da3772bc4847fb8e76b1798d468b8ee,1156510100,2,m.shj.cn/*
1dd7dbe72ee91f6a58cc77a588ccb6d8,1156510300,21,m.cdwyzs.cn/*
1df8e1f9f7a893f35061eaa036d5e6bf,1156510100,14,m.cdlrzs.com/*
1e329269cc80fa080c1f417468c34cd6,1156511100,47,m.cdwyzs.cn/*
1e842c183d01d386b771c1597ec40698,1156510900,21,m.cdwyzs.cn/*
1e9bceb72f1949a7f463962ffe4fa258,1156510100,12,m.cdlrzs.com/*
1ee1b22bfc0e6c0aa327044fdcbb44ab,1156510100,97,m.cdwyzs.cn/*
1ef6bcce07cb0d1547410106f77ceacc,1156513400,269,m.cdwyzs.cn/*
1f062441caf0e8ff78fd0ba6cf1756e9,1156511300,46,m.cdwyzs.cn/*
1f3d8de556478e903d59976f7f45f3ad,1156510500,2,m.cdwyzs.cn/*
1f7638e4e75e90b7f0fc1ac4d04ad3ca,1156511800,33,m.cdwyzs.cn/*
1f83d5abd8349852a15db45d52b943ae,1156510700,43,m.chuanhaozs.com/*
1f8831ed0efc9b32768c071d07ed53d7,1156510100,1,m.cdlrzs.com/*
1fc09a42f1509a70002cff5bdc0302d7,1156510100,1,m.shj.cn/*
1fcf93cac43a20c34e373749c5899f30,1156510100,39,m.cdwyzs.cn/*
208ca183ed6c35854f9ea32b95b71c46,1156511400,64,m.cdwyzs.cn/*
20d8e5070e53e77e9d1efdd689248dcc,1156511400,2,cd.m.dyrs.com.cn/*
20e0f40d9a1f98c050b1c80041fc11b6,1156510100,9,m.cdlrzs.com/*
216e43c5f98991864b19590f93c239b7,1156511700,1,m.shj.cn/*
216e43c5f98991864b19590f93c239b7,1156511700,51,m.cdwyzs.cn/*
2179299b24aad04dfb63865f28d7893c,1156510900,71,m.cdwyzs.cn/*
217db2099c0ba656deba1819c939f416,1156510600,24,m.cdwyzs.cn/*
21de9fcd473e837fecb9044a832af07f,1156510700,2,cd.m.dyrs.com.cn/*
21f6cff14723f76b8aadc60d335d646d,1156511900,35,m.cdwyzs.cn/*
221e81feee2626e6d65bfda1126b5de7,1156510100,27,m.cdwyzs.cn/*
229c6988b886f655762965a37a76eec8,1156510100,2,m.shj.cn/*
2313fac1f9e3560e402a276cd1d687d4,1156510100,27,m.cdzpg.com/*
23438204e9e438a5b83baa3727f4172f,1156510100,7,m.shj.cn/*
2377b9cfac49ee44810ffe34a3422250,1156511400,28,m.chuanhaozs.com/*
23c438150ca9f5d57bd5f2203bf00630,1156510100,14,m.cdlrzs.com/*
241840996f838b49fcdd89e1cefc0c99,1156510300,46,m.cdwyzs.cn/*
24448f56648ce4932b6112e0d0146821,1156510100,17,m.cdlrzs.com/*
24641b7e5c8cb81e34cc4ad3b4098c8a,1156510100,2,m.shj.cn/*
24641b7e5c8cb81e34cc4ad3b4098c8a,1156510100,3,cd.m.dyrs.com.cn/*
24b56e9730189ceeb33d4a2f977d0935,1156511100,29,m.cdwyzs.cn/*
25152ac2f6766cf5f92dd47147a0ad55,1156512000,8,m.cdwyzs.cn/*
252c1ced83e9845fb747d1d77304a020,1156510100,16,m.cdwyzs.cn/*
254c59f53932fb7496277202020e2afb,1156511300,35,www.cdsmhome.com/*
255989bd4937b026405e50e8da0a1428,1156511300,20,m.cdwyzs.cn/*
25fb239913ffd4bbd315e57eaf8fb9e5,1156511400,2,m.cdwyzs.cn/*
26dd62739c6d5169c69176eb66e68d01,1156510100,9,m.cdlrzs.com/*
26e94bd601af0abd1a878653b32f87d0,1156610300,8,m.shj.cn/*
26f8fca833cc6c809bdc8fcf6442f32b,1156511400,22,m.cdzpg.com/*
275f5815756a9da865c80644f6d9eaf7,1156511600,4,m.cdwyzs.cn/*
27a0527eb76bd603015bc01bd12c7a72,1156510500,184,m.cdwyzs.cn/*
27f282cef0f76ef752bbdeedf9220ce1,1156510100,52,m.hexinju.cn/*
28426dcac13ff330a3080473a4c8403d,1156510100,3,cd.m.dyrs.com.cn/*
28c4890e6a9babe8adf0b2d9fbf0dd49,1156510100,13,m.cdlrzs.com/*
29588006ac6de89b1c2d7be78401e764,1156510300,41,m.cdwyzs.cn/*
296ef2e574b5574b93fa144ff6568275,1156510100,9,m.cdlrzs.com/*
29bf9bf4de9725e1135380636d9ec10e,1156510500,191,m.cdwyzs.cn/*
29d21656c98490b52ec8637ec355af78,1156510100,14,m.cdlrzs.com/*
29f039c55135e5c14613477f651d8382,1156511300,10,m.cdwyzs.cn/*
2a39996546f6707bff17076d7203f8f1,1156320600,9,m.cdwyzs.cn/*
2abb1a9220160f4e97aff82f7733d0ca,1156511300,31,m.cdwyzs.cn/*
2affd51d9d01d48d357d61831c9b19e6,1156511600,1,m.cdwyzs.cn/*
2b4efdf401d50ff6217eab31235f85b7,1156510500,26,m.cdwyzs.cn/*
2b5b63fde8ff3e443b493b02c1611b7b,1156510100,8,m.cdwyzs.cn/*
2b8ca3b525bd1cfdf7885a5bd9b627da,1156511900,9,m.cdwyzs.cn/*
2b92bb59e9105bc20fce6f2f52f8cea8,1156510100,2,m.shj.cn/*
2ba9a53234061aa86b6ade23c7dee3c4,1156510700,30,m.cdwyzs.cn/*
2bb98fb94fca9ac8d64f67f4d594e113,1156510700,49,m.cdwyzs.cn/*
2c24f445fedf97652b3fc19d833d79b7,1156510100,21,www.scxblzs.com/*
2c5c5ba4da07cea12d72889ba214b990,1156513400,27,m.cdwyzs.cn/*
2c60384af13f4a5fe9fda8b995b00723,1156510100,6,m.cdlrzs.com/*
2c7080f0f1fd8ddb95c21606a429bdd8,1156510100,2,m.cdwyzs.cn/*
2cbfbce504f4c2f4374d4c406e150251,1156510600,38,m.sljjzs.com/*
2cc29bd221d54b95b8e01b436e9f5095,1156510500,32,m.cdwyzs.cn/*
2d1f8998ef0d57e20f61fd4c292ddf7a,1156510100,62,m.cdwyzs.cn/*
2dbac514d42d08eeb5d2cf3cfe4bfc78,1156510100,13,m.cdlrzs.com/*
2e843c4f2b5942cf19b073432d30fbbf,1156511500,9,m.cdwyzs.cn/*
2ec589bcee6cdd2ef231d24690b40b0d,1156510100,16,www.wuyouzhuang.com.cn/toufang/h5/*
2ed9b613a20ce955e3bf7d85431e7e8f,1156510700,95,m.cdwyzs.cn/*
2f95ea9a9362fb5959761637ad64a793,1156511100,6,m.cdlrzs.com/*
2f9d0cb41f088051c47e7e728824fdec,1156511100,2,m.cdwyzs.cn/*
304acf2122e537e1131d38ac33ea1711,1156511000,51,m.cdwyzs.cn/*
30a3e1ab8873bdb5ec9fcf15c58aa1f7,1156511100,13,m.cdwyzs.cn/*
30fa6715df080ab44d3f34aff511a8f6,1156510100,47,m.cdwyzs.cn/*
311df3e733b19ffbb1d062e30207d30e,1156513400,47,m.sljjzs.com/*
3149e8f751ea0335aab2385d223a1ca0,1156510100,1,m.shj.cn/*
31ba293dfaa73d3b8cdac08cd6ef1311,1156510100,38,m.cdlrzs.com/*
31da5e973e05faf958514459bb65695c,1156510100,12,m.cdwyzs.cn/*
32380332b685678d6002e45f9efe148b,1156513200,50,m.cdwyzs.cn/*
325cff2642c1bd13454b338fe16a4d4d,1156511400,31,m.sljjzs.com/*
327a743444c66b83c506d23a24281f1a,1156510100,222,m.cdwyzs.cn/*
32a9bee2e7ce79dbb49bef0e8ec811c9,1156510700,24,m.cdwyzs.cn/*
32b627a90bdec2f45cb67ffda0b56a9d,1156511300,29,m.cdwyzs.cn/*
32e78b90a127ff251848ed583a51e9a3,1156510100,14,m.cdlrzs.com/*
3302cf475e6bac46cb5f14970884fabe,1156511700,73,m.cdwyzs.cn/*
331ec694a6fd8ad410efb473257187d3,1156513400,58,m.cdwyzs.cn/*
335dcc2ac95cb49f4e7ea5ae2e4f063e,1156510100,37,m.cdwyzs.cn/*
336eaa092d63d65a21d824e235a7ac6c,1156510800,13,m.cdwyzs.cn/*
3389b8f5b70059957d24b629874634d0,1156510100,2,cd.m.dyrs.com.cn/*
3423e0909ab2cb1cffa8be0466d1c8c2,1156510100,1,m.cdwyzs.cn/*
353824c9f102aa1f831278d3c1738d9d,1156510100,7,m.cdlrzs.com/*
3539f9d710568c1395b4630134d79115,1156510700,4,m.cdwyzs.cn/*
35fb6e48bca10e7efaf13675a432e521,1156510700,1,cd.m.dyrs.com.cn/*
36119c9aafb4db04e58271389b68b6cf,1156510700,36,m.cdwyzs.cn/*
362367e3f51d21c0a61d756ce4a4e3bb,1156510400,3,m.cdwyzs.cn/*
364e0d9e6f1edbb6e5f867ca96cb551d,1156513400,2,m.shj.cn/*
36bfd1294555490c0db1692f93d3ed60,1156510100,10,m.cdlrzs.com/*
36e3d0e24dfdb8807a6ce1357f9d3e25,1156510100,83,m.cdwyzs.cn/*
3719cee5cb64fc1348b0ee1bec0e60f2,1156110000,38,m.cdlrzs.com/*
3761461b5412e6aa82567bef9b3f9e3a,1156510700,4,m.cdwyzs.cn/*
37650e09e207441a5e245682a8fa7e35,1156511300,63,m.cdwyzs.cn/*
380e58ac734bfa562a0742083c8deb70,1156511300,5,m.shj.cn/*
3882e67710569c7409bd343c9714f7ae,1156511100,3,cd.m.dyrs.com.cn/*
389cfac69a251de508287b63a0b5730e,1156511100,129,m.cdwyzs.cn/*
38fa7005122c067005194a2f2cf55d1a,1156510700,1,m.cdwyzs.cn/*
397a91465a3ea4798189c2d2834c5d6a,1156510100,17,m.cdlrzs.com/*
398db0be8171cc3a2e2833ff50202bf8,1156510100,23,m.cdzpg.com/*
398ed3203a696b7c0c70e27800b1124f,1156510100,6,m.cdwyzs.cn/*
3a7e8b7308c30aa623868ae1b67e851e,1156510100,3,m.cdwyzs.cn/*
3a8af1ebebbd3e97105f271eb32d4e04,1156511100,27,m.cdwyzs.cn/*
3ab3fb17fe9b628dba692d6490da4506,1156510300,4,www.ch028.net/*
3afe07901543b1590d560db5f5d84166,1156511500,50,m.cdwyzs.cn/*
3b1d8fb34220aa767483cc7902ccf452,1156510100,13,m.cdlrzs.com/*
3b33be13f05a8d73833e0b037cb33a64,1156513400,4,m.cdwyzs.cn/*
3b439490cea297baa2c0cc1bc041c230,1156510100,1,m.cdlrzs.com/*
3b4ed4acba478e23480c026c82bd8a5e,1156510100,11,m.cdzpg.com/*
3b69e24c4345280305e071008a3e21d2,1156510100,40,m.chuanhaozs.com/*
3be1f08ddf957e6ec080d06c0bce4d1e,1156511800,13,m.cdzpg.com/*
3c143efb0e35383697ab6b7db78838f0,1156510100,33,m.cdwyzs.cn/*
3c8b77e5c96e92c87a451fdc92feb659,1156511900,25,m.cdwyzs.cn/*
3ce0beee9ca7474f2e75a7eb4118b31a,1156510100,11,m.cdlrzs.com/*
3cf6446bb78ff4696089ec6ed0d28cd1,1156510100,52,m.cdwyzs.cn/*
3d20bf82f54bcf9ca068f11d41d7b367,1156511300,202,m.cdwyzs.cn/*
3d6911f0ff3c7dc29cb0f64b5d57d412,1156510100,6,www.wuyouzhuang.com.cn/toufang/h5/*
3e821972c4f2882b9aa85cec2e4f7e6e,1156510600,21,m.cdwyzs.cn/*
3e83cdc0776dd44cca6955c5ea3becfe,1156510100,160,m.cdwyzs.cn/*
3eb1619fbad1a17f50d72c2202513ba5,1156510100,8,m.cdlrzs.com/*
3ee714b389efd0afe8f56a5b60f6dfd8,1156510500,2,www.lrzs.com.cn/*
3ef0a5169c8e04887f9ac698de1db35c,1156511800,237,m.cdwyzs.cn/*
3efd3a034a4a896d380e809ab7e38f69,1156510300,1,www.bzzss.com/*
3f1ccbf8b0280d30c06c68a9ff04965c,1156511000,11,m.cdwyzs.cn/*
3f81030b9d6cf179403873671efdc3e8,1156510100,20,m.cdwyzs.cn/*
3f8695410061a7d2ef046f3ccb6dddc2,1156511100,20,m.cdwyzs.cn/*
3f9454b965b3d861cf6daed519ea7f6d,1156510100,78,m.cdwyzs.cn/*
3fd08dc98bcfa75b0fb07a059f2b7e37,1156511500,52,m.cdwyzs.cn/*
3fd14d52d20ab49dcc5f2e5c7d42047a,1156510300,3,m.cdwyzs.cn/*
3ffc7bb1caf6f396f1445f809e833c44,1156510100,24,m.cdlrzs.com/*
407ac57537598dfe97af2789b9f9afb3,1156511000,13,m.cdwyzs.cn/*
40b56c702194e524a6c7d19d858a9669,1156511600,8,m.chuanhaozs.com/*
40c04950cd27f0860454dc72d78b5721,1156511700,8,www.scxblzs.com/*
40e070924f9cc9d148551f49a39e4898,1156510400,104,m.cdwyzs.cn/*
4124d8f16a5b0722512051dda89988ac,1156510100,3,m.cdwyzs.cn/*
413769d3fe9dcec96e193d5844a5d1bc,1156510700,3,cd.m.dyrs.com.cn/*
4172242912b13909e86c523381b5ab76,1156510100,39,m.chuanhaozs.com/*
419a3e4fd6055d1cdcbb36d34a2f5b70,1156510100,62,m.cdwyzs.cn/*
41f0f2d17382bfe33c3f8b53f22475de,1156510500,1,m.cdlrzs.com/*
421966543ccb6011df1a90aa1607591c,1156510700,2,cd.m.dyrs.com.cn/*
42252ba55e8ff394c2ee13638c43af5d,1156510700,13,m.cdwyzs.cn/*
429cede0362cf22a75e64b422092682e,1156510100,1,m.cdwyzs.cn/*
429e3a28f57b75c8c271304b648d1e4e,1156510100,24,m.cdlrzs.com/*
429e9687ca80e932adfd057534f1a2e1,1156510100,2,m.cdwyzs.cn/*
42b9947fe90c84091dc2468c1feb6878,1156511400,9,m.shj.cn/*
4405053f7bcd4bce690b751df8a76868,1156510100,1,m.cdwyzs.cn/*
44744e2f6a60d336bfbc341e6285cdab,1156511300,1,www.ch028.net/*
44b1dfe6bbc55fdef4aebb658d335dd8,1156511100,1,m.shj.cn/*
44b1dfe6bbc55fdef4aebb658d335dd8,1156511100,4,m.cdwyzs.cn/*
44d2ae99433a36904fa63b08f463a7bf,1156510100,192,m.cdwyzs.cn/*
44d68f51d1df32d4a4ffc5a2a5ed6099,1156510100,72,m.cdwyzs.cn/*
44f749cc71dbf68b310ef0da9572da51,1156511500,72,m.cdwyzs.cn/*
4516a9091b7df363bb641d2e0fe141c3,1156510100,44,m.cdwyzs.cn/*
451a0c2a6cca4b3adca90a5ff1251adc,1156510100,1,m.cdwyzs.cn/*
455ac4c0fe042ec175c096ada96378a9,1156510900,6,m.cdwyzs.cn/*
4582b1fa775842652c9559f5e822621f,1156510100,18,m.cdwyzs.cn/*
459c12a1826b397785b068cff5319012,1156510100,14,m.cdlrzs.com/*
45d24da186bfef40e59014acaa09dc53,1156510400,31,m.cdwyzs.cn/*
45de98aa7b06afbc0a0e863e368d9173,1156511100,35,m.cdwyzs.cn/*
45ed1ddf7809c46a5572d1eebeac4300,1156510100,92,m.cdwyzs.cn/*
4616c5d38c8a86a597ff00debeb1cb34,1156511700,21,m.cdwyzs.cn/*
461a3c35d2ce117a429fda8baa04b838,1156511100,12,m.shj.cn/*
466165a219093096773000a3325b520a,1156510600,34,m.cdwyzs.cn/*
466c04ec3ee9ebdbb57118bd15eeb00b,1156510100,14,m.cdlrzs.com/*
4698078a6e466d0cbbee76390b09e871,1156510500,3,cd.m.dyrs.com.cn/*
46f2ec44aee7b05a99e24c28934a95fc,1156510100,20,m.cdwyzs.cn/*
47906dd87691d940d4a8b48995ea63aa,1156510100,14,m.cdlrzs.com/*
47ceb5f1966c6bafc1171c40b899ff8a,1156510300,2,m.cdwyzs.cn/*
47d635918f8710d09925b4eb470eb843,1156510700,21,m.cdwyzs.cn/*
480c30ab02ff4169101bd0f5b27fa003,1156510900,86,m.chuanhaozs.com/*
481a6d52755c769c126a8fad83a351a6,1156510100,22,m.cdlrzs.com/*
485dc3708d54d3b4b06dbe7c62392bc2,1156510500,15,m.cdwyzs.cn/*
4869cb040508c71c8789b9ea49b2c0a9,1156511500,3,cd.m.dyrs.com.cn/*
486efd02a528bfcd7a9ff3c8d4fe42db,1156510100,12,m.cdlrzs.com/*
48c15324650fdc0524c626d1ef708a6a,1156510700,12,m.cdlrzs.com/*
494706cd3c815ceccdbdeed5e6a78ae6,1156510100,23,m.cdwyzs.cn/*
49b5631eff262950c39000c5be87d142,1156510100,40,m.cdwyzs.cn/*
49bdc5c4ebd515997d8e741bee22a2e3,1156510100,80,m.cdwyzs.cn/*
49ea0f0a6f9f724e72c037d1d65eb144,1156511300,28,m.chuanhaozs.com/*
49f4ada0cc9ff4abb703bbec7ba9ff81,1156510100,7,m.cdwyzs.cn/*
4a0ddeb35a92dbceca9a560f3dfe8722,1156511300,116,m.cdwyzs.cn/*
4a33009e4b4affcb0298ac504d5e7b26,1156511700,27,m.cdzpg.com/*
4a78cfde9490d6955be9dbc8d6f50e82,1156510100,6,m.cdwyzs.cn/*
4a7ef162bf89a2cdac1c979c1ac45687,1156510100,39,m.cdwyzs.cn/*
4aba01225c4b94dacb32d0b9d8e417cd,1156511500,26,m.cdwyzs.cn/*
4ac5c216c0f30943a1b2e43da7d32195,1156510100,8,m.cdlrzs.com/*
4af282fe539bf58eea207275288f5a3b,1156510500,62,m.cdwyzs.cn/*
4b0bbb7e39f983655e041d443b5d25db,1156510100,13,m.cdwyzs.cn/*
4b36bc633d743149ced5d512155f0825,1156510700,88,m.cdwyzs.cn/*
4b5e8e9345da30fee367396402edfc8a,1156510100,3,m.cdlrzs.com/*
4b5e8e9345da30fee367396402edfc8a,1156510100,14,www.scxblzs.com/*
4baa1436a18a0a6c6ba545ac4608894e,1156510700,6,cd.m.dyrs.com.cn/*
4bcd5c3a7b887b2aae506f73c95fcf3a,1156511500,37,m.cdwyzs.cn/*
4c2bdbd25da59955edf1d90eba6ce79c,1156510100,25,m.cdwyzs.cn/*
4c3d5feb1dfcc987209d4285316040ea,1156510100,24,m.cdzpg.com/*
4c62cb5e0c2128bfdd5944903a7fc46f,1156511600,6,m.cdlrzs.com/*
4cabc2b7f6b7c3a51d343e4bbc6307de,1156511800,1,m.shj.cn/*
4cb473fc2b1e55ac3a5964597f7b8e45,1156510300,1,m.cdwyzs.cn/*
4cca84f602d15b223ef1b8abe2ce8a0c,1156510100,33,m.chuanhaozs.com/*
4cd5bf02f70b57f0e7a80d8f9b84ad8a,1156510100,5,m.cdlrzs.com/*
4cf822a5e2d248974d065fa8e0439209,1156510100,59,m.cdwyzs.cn/*
4d1a82f423deade3917d0929e33d7b3a,1156510100,4,m.cdwyzs.cn/*
4d3df85c528fd844fd2bb413763290df,1156510100,11,m.cdlrzs.com/*
4d40417c0ae4e7fdfd1f19fd13eac2e9,1156330200,4,m.cdwyzs.cn/*
4d4ce161daf1a90544a8a8ccddef9e63,1156510900,81,m.cdwyzs.cn/*
4d976058e6546fa754c300b230eeb8ba,1156510100,43,m.chuanhaozs.com/*
4dc6fa1d1621ce6e0719284fc425f551,1156511600,27,m.cdwyzs.cn/*
4e048e466d7106a6d71167b3c60a0e1e,1156510100,3,m.cdwyzs.cn/*
4e2e33bd1ba08b488c3855d57f683428,1156510100,19,m.cdwyzs.cn/*
4e45134f8914bf9e5b226fd6a170c8fa,1156512000,30,m.chuanhaozs.com/*
4e644a4e5cf177d8d3be1ee592260df1,1156511800,3,m.cdwyzs.cn/*
4e99de90c600484bd0cc12c0836f06db,1156510100,1,m.cdlrzs.com/*
4eef973b2b45635a1460158fc5f93f59,1156510100,8,www.cdsmhome.com/*
4effb3c28ee021034962b6208a23817d,1156510100,1,m.cdwyzs.cn/*
4f3e3847c19596e34ebe2ae557f7849f,1156511100,50,m.cdwyzs.cn/*
4f89b04cee43d3567d81224ef9daa1f7,1156511500,8,m.cdwyzs.cn/*
4fe2e437128afeb1906e1ad4cfe5ea3d,1156510100,104,m.cdwyzs.cn/*
4fe8ba102269954a6a4384cf40e3b686,1156510700,46,www.cdsmhome.com/*
508462ba9e4b9aaf9f557e7a105882b8,1156511500,3,m.shj.cn/*
50dc1dc8941d9bf036a51d51a034b357,1156510100,14,m.cdlrzs.com/*
5108728a9cb7f922cc55d0f1a2d0cf24,1156510100,9,www.wuyouzhuang.com.cn/toufang/h5/*
511f0823998b4fbcc7bb33352bffc4ae,1156510100,22,m.cdlrzs.com/*
51d428929baf1608cd6e0f2422abba37,1156510100,36,m.cdwyzs.cn/*
5229684a8a604a87f9a2c1f702626b30,1156510100,24,m.cdlrzs.com/*
52515dcd676191e32ce89e2397fcdeea,1156511500,178,m.cdwyzs.cn/*
52f52f0ac0a54fcf31a5c1f5217ac9ee,1156510500,3,m.cdwyzs.cn/*
531232bfcdc2e262917f0e888ff927ef,1156510100,19,m.cdwyzs.cn/*
5385c7e506762365544e4c16b5ceb9f2,1156511900,30,m.cdzpg.com/*
5385c7e506762365544e4c16b5ceb9f2,1156511900,44,m.chuanhaozs.com/*
538d85db4c32400d8a447f2fe389c406,1156510100,1,www.ch028.net/*
53f585cc05ba40af6e97c4264352e088,1156510100,1,m.cdlrzs.com/*
5408d846ad8cef08bc753cc54a31deca,1156510100,12,m.cdlrzs.com/*
545622f4a3cfaccaba1cfc71bc529683,1156510100,92,m.cdwyzs.cn/*
5468b6d9087121bf41a5d7fcd4520475,1156511900,1,m.cdwyzs.cn/*
547e40e79cb6ff9cb10cd860312b4c65,1156510600,91,m.cdwyzs.cn/*
549150fb5f24aa69d657c62e5ddfd0a8,1156513200,19,m.cdwyzs.cn/*
54be4bca20855055c6228ae8da02cefa,1156510100,13,m.cdlrzs.com/*
54d4aa675f66153f8b624c38cd9172c8,1156510100,77,m.cdwyzs.cn/*
55e908f776f56975bc9bb8c473212d89,1156513400,1,m.cdwyzs.cn/*
5628ee6a888024369cd730bd3c05bf5f,1156510100,3,m.shj.cn/*
571f145d1740e007f4428b2fd7667272,1156510100,36,m.cdwyzs.cn/*
5737407edffb95e436f2bb7d3008e36d,1156511300,3,m.shj.cn/*
573a69bfb84e568f9067de8362503a2b,1156511000,1,m.tdhjz.com/*
573a69bfb84e568f9067de8362503a2b,1156511000,56,m.cd.tdhjz.com/*
57c77c63d8e4c845c233bdfcdb6729a6,1156510100,36,m.shj.cn/*
5821c89c7f5f95f4dc95860fa195d13a,1156510900,33,m.cdwyzs.cn/*
59e86990f0ec2ddd92cccbfd64dc0661,1156510100,2,m.shj.cn/*
59fe3ea64ee004ff7c12c97003018f1e,1156510100,1,m.cdlrzs.com/*
5a6905cf52cb24ba5bceb37bae79ba9e,1156511100,5,m.cdwyzs.cn/*
5a6b3052d9185026a7b54f86e456a6ee,1156511700,3,m.shj.cn/*
5a97fc1f549fc026f79117f246e04015,1156510100,3,m.cdwyzs.cn/*
5ab38ade914d270275a4aa866f578fc0,1156510100,264,m.cdwyzs.cn/*
5ad81d5c774e10c25806ac3d75aa7245,1156510100,1,m.cdlrzs.com/*
5b9d2eee9e5c166d3c5de897744d7034,1156511000,2,m.shj.cn/*
5ba877e5596ec20795fc8c1b5475f5d5,1156510700,20,m.chuanhaozs.com/*
5c32488a9bec2dc892088b091d039908,1156511300,2,m.shj.cn/*
5c37b7b1943fc753233007598cd28f1e,1156510100,53,m.chuanhaozs.com/*
5cbbccfb0318475a7eb780f9050db304,1156510100,3,m.cdwyzs.cn/*
5cf5b3af0501e9477ccc68347725c9cd,1156510800,17,m.cdwyzs.cn/*
5d876c5371f8e7179f11fb607e834bb0,1156510100,13,m.cdlrzs.com/*
5dfcc749198201ea7ae8f118ada47824,1156511500,30,m.cdzpg.com/*
5e8ae30fe07ca4a346a6f5c9128d741b,1156500000,9,m.cdlrzs.com/*
5ea0e001f35ab2f533411191f6d28019,1156510100,33,www.aslbzs.com/*
5ea0e001f35ab2f533411191f6d28019,1156510100,288,www.cdluban.com/*
5eab5e60de3c533a5a7921e6183135ea,1156510700,1,m.cdwyzs.cn/*
5eb0d4f2ae3ff9cec73cc6dc0dbbc0de,1156510100,10,m.cdlrzs.com/*
5ee17636df82b4c90611025b0c2bff2f,1156513300,1,m.shj.cn/*
5f18f947aeacbed4ab9d70979ee32d6e,1156510100,13,m.cdlrzs.com/*
5f6e0a242081b5851601bcb283e22353,1156510100,19,m.cdlrzs.com/*
5fb40489dda4aaecef894deba875514c,1156510100,3,m.cdwyzs.cn/*
6047312c1bf0095e2703fd8aad70f673,1156511700,3,m.cdzpg.com/*
606698480c14744a0876017c0c834863,1156511900,26,m.cdwyzs.cn/*
6091213bdafaa8696fe64a1f3eb85396,1156510100,3,m.cdwyzs.cn/*
6096158085d7dfd5bfc33de0a4acb00a,1156513400,5,m.cdwyzs.cn/*
612aafc7b78d7fc1e89d40c816e2ce13,1156510100,1,m.cdzpg.com/*
617f30997d394bc5f16d95ec4e4ba87b,1156510800,33,m.cdwyzs.cn/*
61825851defded294767315a6da04f1a,1156511300,85,m.cdwyzs.cn/*
61a22e0762f12706e9c437c5c3008a92,1156510100,24,m.cdwyzs.cn/*
6206c2b7325be062da1d91ebde05ee2d,1156511000,14,m.cdwyzs.cn/*
623346ed96da1373cfa5097e4b39aacb,1156511800,9,m.cdwyzs.cn/*
6300c430d700513e499b6c0dfac15cbc,1156510100,2,cd.m.dyrs.com.cn/*
6304513dbb7187d0c2c4c0465ba23a4b,1156511800,24,m.cdwyzs.cn/*
641cc655b8e50ceb21e9a0d6ca99a23f,1156230100,4,m.cdwyzs.cn/*
6525d0b68a898cd940b84998b512cbc4,1156510100,2,cd.m.dyrs.com.cn/*
65445f06a198108ca82b4a83c6eb5040,1156513400,62,m.cdwyzs.cn/*
659d95ff4d61228f6d1e27c8ff748008,1156511100,38,m.chuanhaozs.com/*
65c6aa00010097b80bdbec25d3a53093,1156513400,76,m.cdwyzs.cn/*
65e6e25fe789df982a8b389f06a94ef8,1156510100,44,m.chuanhaozs.com/*
661ba84653430ea431ece6dea41b315c,1156510100,24,m.cdwyzs.cn/*
6622503825169d7a4465c3528bb624ca,1156510100,76,m.cdwyzs.cn/*
66fccfbde35762c0ce75c7363ea1a633,1156510500,18,m.cdlrzs.com/*
6722585792d0c5ec779880ace6cba1fe,1156511000,1,m.cdwyzs.cn/*
677b11fbf34dfc7e2ffc1ebd24b22650,1156510100,16,m.cdwyzs.cn/*
6797b738e9b273c9abb1137ae59ef083,1156510100,50,m.cdwyzs.cn/*
67e951a10ff542dcdaa2070d98297e4f,1156511700,3,m.cdwyzs.cn/*
68025f6c76a7aae52e01cecdb0ad31b0,1156510500,3,m.cdwyzs.cn/*
68246baa2b61c7dea1b5df473b00b31a,1156510100,297,m.cdwyzs.cn/*
683f733b9f83524572f94d3653c98651,1156510100,32,m.cdzpg.com/*
686e7b83c3b3a43c1573f2b02771a927,1156512000,18,m.cdzpg.com/*
6892e3448977030fb68a639e59a949e8,1156510100,29,m.cdwyzs.cn/*
68966742a20124ac50a1d36069ce7b5b,1156510500,18,m.cdwyzs.cn/*
689f0366f01cf721a015b219e7ff7204,1156510700,5,m.chuanhaozs.com/*
6915ffc31fd436baa68f5417949da93c,1156510100,1,m.shj.cn/*
69337482acc40169193c6c8e8c537d4f,1156510100,70,www.lrzs.com.cn/*
69337482acc40169193c6c8e8c537d4f,1156510100,1,www.ch028.net/*
69337482acc40169193c6c8e8c537d4f,1156510100,2,www.ddzsjt.cc/*
6977db45701995243466657864c0cd19,1156510700,37,m.shj.cn/*
69bf73273a9b8ed71d210713d62841e1,1156510100,171,m.cdwyzs.cn/*
69d292b3a38a5ad5b0eb18b83e7f5892,1156510700,72,m.cdwyzs.cn/*
6ad05f5f3b6e4c538143414d3d6b81d4,1156510100,25,m.cdwyzs.cn/*
6b601ef3d984e9412024b78d27ffed0b,1156510600,8,m.cdlrzs.com/*
6bdbc303c878c07118cc715a8526cee4,1156510100,1,3g.xjszs.com/*
6bf6d817494e10dc63a409ba699f5529,1156510100,15,m.cdzpg.com/*
6c5f1d6fefaac0215faec4d2e3ea371b,1156510100,1,www.scxblzs.com/*
6c8800a923edb15402fc70b47f98aafc,1156510100,9,m.cdlrzs.com/*
6c8b644d9553c8d36f1285fe7dbf6103,1156510100,6,m.bzzss.com/*
6d100afe8fdb8b36cbee070fb3e5a808,1156510900,61,m.cdwyzs.cn/*
6d1a2b5cf135467cbab26e79260e1066,1156510100,36,m.chuanhaozs.com/*
6e11084ab017db2d53d0b86f68a3bdb5,1156511500,1,www.ch028.net/*
6e18302b6ec778ceb0936102cb8f0c71,1156511300,5,m.cdwyzs.cn/*
6e2b8e5e9b7ac01c35135dec03bb0130,1156512000,6,m.cdwyzs.cn/*
6e2dafe6cb5b5e2f71795da9700d2721,1156511300,109,m.cdwyzs.cn/*
6e3c56cb8a2cb139b3d17ce13143556f,1156511400,23,m.chuanhaozs.com/*
6eb03fdc01001abdad736aa0e3f993f9,1156510700,1,m.chuanhaozs.com/*
6f077651979ff54c664484f4a6ef7d37,1156510100,6,m.cdlrzs.com/*
6f208dd8f71e770987930754817340bf,1156510500,43,m.cdwyzs.cn/*
6f8573f52a9f49789ce190e296eb0bba,1156511300,26,m.cdwyzs.cn/*
6fa427179ecca11810ca63b922133fdb,1156500000,1,www.ch028.net/*
70481ad73093905fc0b0d6fcb84cc7e9,1156511800,37,m.cdwyzs.cn/*
70d9e3ad235cd769cac4c06eaaad5bd3,1156510100,8,m.cdlrzs.com/*
71184cac547caa87aa1dd8415cf8ee95,1156510100,3,www.ch028.net/*
7196c63ed9f32213d5cb2aabe469dac7,1156440300,46,m.cdwyzs.cn/*
71ce3b901b37edcbcfe588efd0a34848,1156510100,7,m.shj.cn/*
71d9f74dcafd117350084e5bbbf7b129,1156510100,26,m.cdzpg.com/*
71db95d3e340e1fce2920a7a9770484a,1156512000,7,m.cdwyzs.cn/*
7219a7aa2f10e8c20377a019179e048e,1156510100,1,cd.m.dyrs.com.cn/*
72780844d67ac4d801263a93f53bb59e,1156510100,21,m.cdwyzs.cn/*
729c883f879a9a4090f2d7dc24b1a0e4,1156512000,1,m.cdwyzs.cn/*
72e192482a3fb4c553eced90d63886b2,1156510300,31,m.chuanhaozs.com/*
72f34c8f235cd91e4227871b0747a4a9,1156510100,23,m.chuanhaozs.com/*
73171122ab809a3803091ad685b1be2c,1156513400,3,m.shj.cn/*
73598603f542e49571512503c450961a,1156511300,1,cd.m.dyrs.com.cn/*
735edb55cde899c106710a4041a1fba9,1156510700,2,cd.m.dyrs.com.cn/*
73f67a9ee836ddb19074875cf1282260,1156510100,15,m.cdwyzs.cn/*
744cc177a7b152b9e735a8b0ebd737ab,1156510700,22,m.cdwyzs.cn/*
74e69fd07a65fbb5d505c97b3efb9583,1156510100,83,www.cdsmhome.com/*
75035a5c987508e140ae942ba814f73a,1156511600,1,m.yzf.com.cn/*
753be6dd98a09a8b2f00223487fde32c,1156511300,2,m.chuanhaozs.com/*
75a7c3320e88508bfe607942ea071e26,1156510100,46,m.chuanhaozs.com/*
76bcc06461b256b036ab483cb56de3b0,1156510100,11,m.cdwyzs.cn/*
76e00071246f066efdbfe94c62dcb5f7,1156510500,56,m.cdwyzs.cn/*
76e7e81c21b1af4fe52267036b815486,1156513200,174,m.cdwyzs.cn/*
76e7e81c21b1af4fe52267036b815486,1156513200,62,m.chuanhaozs.com/*
7702b293e45a1d319fc89623947882d6,1156510100,13,m.cdlrzs.com/*
7715b000dc6d6b1e59e29585e53721ed,1156510100,13,m.cdlrzs.com/*
77b853143cb1556e2359e26dc7875877,1156513400,2,m.cdlrzs.com/*
77f6d23186d71487fab6909e45cc002d,1156510700,4,m.cdwyzs.cn/*
7839652a43f55085b16b3aa695fb9464,1156511900,43,m.chuanhaozs.com/*
78a297e19ce0bfc04d4cf7112500a3fc,1156510100,14,m.cdlrzs.com/*
78da6a89dacfea21e359549d4e70447a,1156511100,138,m.cdwyzs.cn/*
799928d45d1a28e05949a364b5094408,1156511000,14,m.cdlrzs.com/*
799db669659910c99da5c76b83cc9ce8,1156510100,26,m.cdlrzs.com/*
79a7ab5dc954bc0169e282501609fe8d,1156510100,95,m.cdwyzs.cn/*
7a105b8bf80088c871cd6114a00d8c0d,1156510100,7,m.cdwyzs.cn/*
7a10e48d67e26c1f11653f8cf190dafc,1156511500,4,m.shj.cn/*
7bc76b951b65b76ccf702416cd1d6455,1156511000,2,m.cdwyzs.cn/*
7cb99af70f440b06759074edc2f728c0,1156510100,23,m.cdwyzs.cn/*
7cdb8f13e724777eff0eb95d733eeabf,1156510100,5,m.cdlrzs.com/*
7d15a475b72c32ff4d9229c71efb208a,1156510100,19,m.cdwyzs.cn/*
7d896ec292d9cc6a7ac417ec4656c962,1156511100,52,m.cdwyzs.cn/*
7dbfc52447b652f4af5ee0f598f4c666,1156510100,12,www.wuyouzhuang.com.cn/toufang/h5/*
7e0d87328f579c57b5b4a8bd36614954,1156511300,150,m.cdwyzs.cn/*
7ea8721b1c9410f62511a0ff14e141cc,1156510100,15,m.cdwyzs.cn/*
7eb0cd7603cef94794b61798b5dc2b0f,1156510700,37,m.chuanhaozs.com/*
7ec0828fd3353d784ba01fdf3fd59426,1156510100,24,m.cdwyzs.cn/*
7ee8ce9eb91632997f8e92e62ec9d4f5,1156510700,53,m.chuanhaozs.com/*
7f77ed89efc948aa41e2ed828bffa05d,1156510100,25,m.cdwyzs.cn/*
7fb026de5b2ae725debeaeee0f0dd988,1156510100,1,www.scxblzs.com/*
7fb1cfac6ca8ac98db5d0678012f2f89,1156510100,85,m.cdwyzs.cn/*
7fdd7336afefc67f10cefaeee1698a95,1156510100,32,m.cdwyzs.cn/*
7ffb7ef083312973d21a66ec7fb62d1c,1156510100,14,m.cdlrzs.com/*
8030cf76c8302648fc2dc052870e3e91,1156511800,68,m.cdlrzs.com/*
805e1df0b883362b019e0e0a042e2adf,1156510100,5,m.cdwyzs.cn/*
808369fb526c7f22341f287716c2a1eb,1156510600,1,m.chuanhaozs.com/*
80d73fbbac15760a4696c96208902d61,1156510100,42,m.cdwyzs.cn/*
81494b727d9f49cb912f86bec18b0304,1156510100,12,m.cdlrzs.com/*
814dc2e7ba249273bf4add18c9b943ca,1156510100,66,m.cdwyzs.cn/*
8153fef54767bdd16f49079f08c522d3,1156520300,1,www.lrzs.com.cn/*
81a5890ec99f526bc434dfead64d5ea5,1156440600,3,m.shj.cn/*
820109fad93e1a7123ea4ab77bbce93a,1156510100,2,www.ch028.net/*
8256521e56f3309da44b0c30bcc75861,1156510700,132,m.cdwyzs.cn/*
827c70e58719a2fd499b713f5e6ce928,1156510100,98,m.cdwyzs.cn/*
828b0fca281a7e90e0f2133a521fd292,1156511700,1,m.cdlrzs.com/*
82a94ff33450ba69df2674b8bc2b6139,1156510600,163,m.hexinju.cn/*
82d26a7d8e40dc6579de72479ea56cb8,1156511100,70,m.chuanhaozs.com/*
831813967e35df1a68c8fa3b28665eb9,1156511100,67,m.cdwyzs.cn/*
838f87e1bb895dcc309a416ac4df7faf,1156510100,72,m.cdlrzs.com/*
84a09b052d89c68dae8bec1d783dd0c9,1156510900,2,m.cdwyzs.cn/*
84d203f9d6cf8403f9f74ff3fdd58623,1156512000,4,m.cdzpg.com/*
85027bc48c5daf6efcf26c967be11d83,1156510500,34,m.cdwyzs.cn/*
8525a47cacc102986c59817dc02ab49f,1156510700,9,m.shj.cn/*
859eb0455a54e841704ba4dc93a1bd41,1156510100,4,m.cdwyzs.cn/*
85c44bc6626b0d442a5f725bb4674853,1156510100,1,m.cdlrzs.com/*
85c8495573ef0e0511ef26e02d3e1b76,1156510100,3,www.scxblzs.com/*
8603e9e9b010168152c091a8a6602c37,1156510100,58,wap.cdjzw.com/*
861e89a9b930cb9d107b943ea2c2b64e,1156513200,74,m.cdwyzs.cn/*
8650b4d36a49002196648bd917490033,1156510100,2,m.cdlrzs.com/*
8658f50efd1ed396cad0cf2bdc711153,1156510100,16,m.cdwyzs.cn/*
86d879fbd78ff8aed19579f50d97123a,1156510100,1,m.cdwyzs.cn/*
86ff330b43d8f51a3442054721b71821,1156510100,14,m.cdlrzs.com/*
8729097e9d014cbbe14d32609ba80c42,1156511300,64,m.cdwyzs.cn/*
8839dbebe5a0873617fe9b6cebb4e511,1156513200,2,m.cdwyzs.cn/*
887f2d715fee99726f11118d468d9d33,1156511500,21,m.cdwyzs.cn/*
88a3f47d7e539d5f81803a00b3b89589,1156511700,45,m.chuanhaozs.com/*
88c454b7b8b4e098ec8a4cb9cf4e552f,1156511400,43,m.cdwyzs.cn/*
88db6d8f27c2ab31b2490e8c7b43274b,1156510100,15,m.cdlrzs.com/*
88f25612433b79c237dbf23bfa4900d7,1156511300,17,m.cdwyzs.cn/*
8903ea11c6d94f19d9c7ea0e761aa514,1156510800,53,m.cdwyzs.cn/*
89e5eb2c9574d804a22e51c42afd160b,1156510100,21,m.cdlrzs.com/*
8a68a7162588cb8114c943a92d798cef,1156510100,14,m.cdlrzs.com/*
8a8a485133c768aa0e450e0e6814927d,1156510100,30,m.cdlrzs.com/*
8b3f6dabdf10c417a0a3f50348ec9953,1156510100,58,m.cdwyzs.cn/*
8ba975c5169c3a501887c56414d54450,1156511800,9,www.wuyouzhuang.com.cn/toufang/h5/*
8c1d015eca874a6a9d3368bfe907439f,1156510300,89,m.cdwyzs.cn/*
8caf726ce1e0bccf92309d4f4a237447,1156513200,1,cd.shj.cn/*
8caf726ce1e0bccf92309d4f4a237447,1156513200,6,m.shj.cn/*
8ce3ca25f1763fccfa57f82403f17991,1156510100,16,www.bzzss.com/*
8d675c6af2f123c915c83f09532866a1,1156511300,9,m.cdwyzs.cn/*
8d92d289e8057f0afe0ce86d45a915e3,1156510100,16,m.cdwyzs.cn/*
8e802c9f6e88c4def8ac1cf014ce1e7f,1156510100,11,m.cdwyzs.cn/*
8e99776fa84138ff2d4ca16049da9969,1156510100,97,m.cdwyzs.cn/*
8f500d034cf68f83cc2ea2626388de17,1156510100,19,m.hexinju.cn/*
8f77a37bbb73e33d2c92c74420725227,1156510600,1,cd.m.dyrs.com.cn/*
8fab04f6f8261a38317d6ce90f3ea7fc,1156510100,3,m.shj.cn/*
8fbe3eca38bc14043da91f01f454f260,1156500000,10,m.cdwyzs.cn/*
91073c7aaea99d1e303a68973c3b0883,1156512000,15,m.chuanhaozs.com/*
91afa8cca6bfde8f224291b7db5ee5e2,1156510100,65,m.cdwyzs.cn/*
91f1fa9d97caf402ddc7e02669ecc8f2,1156510100,37,m.chuanhaozs.com/*
921f5d33ba21832c7c62f6ae797b9ac3,1156510100,29,m.bzzss.com/*
926e48fe975d88c4f710dd8abd29f326,1156510100,6,m.cdwyzs.cn/*
92877e5e6f5bf5a6b64690a313f0d20f,1156511300,2,m.shj.cn/*
9293f3adcea26133ffa72efb9c329e66,1156510700,11,m.chuanhaozs.com/*
92dc9bc3e36ff7bfb00bbbdebcca173a,1156510100,119,m.cdwyzs.cn/*
933f6874a0b00ffe94abb1cfa076a62d,1156511400,3,m.shj.cn/*
93a32ef4df689f4c96244efe55810c54,1156510100,1,m.tdhjz.com/*
93a32ef4df689f4c96244efe55810c54,1156510100,77,m.cd.tdhjz.com/*
93c7dd82767c209da814ca1757ea1458,1156510300,72,m.cdwyzs.cn/*
93cf9a62c7f5546756621f18a6f19df5,1156510400,73,m.chuanhaozs.com/*
93e09379a554c14e47e15bdd5c24cbb6,1156510100,71,m.cdwyzs.cn/*
950288e3e4f3f394a89dab2f91a78a6d,1156511700,88,m.cdwyzs.cn/*
95f61557b1a05195579b3a74a6c236ef,1156510700,13,m.cdwyzs.cn/*
960ef01b510c0c9c4e889c1ccccf148d,1156511300,2,m.shj.cn/*
96334b1b969ad4bdf946ff4bead1bd52,1156510100,8,m.cdlrzs.com/*
964b69e36b8ce4c8efffc025732c6608,1156511900,8,m.cdlrzs.com/*
964ee854f9334cabd37d7656cf71866b,1156510500,3,cd.m.dyrs.com.cn/*
9660a4cd271418fd10186687e4255399,1156510100,34,m.cdwyzs.cn/*
972d5c6685dea4b05ba65d3aa7d48b72,1156511000,12,m.cdwyzs.cn/*
9747807facff63b620affca1526e94f7,1156510100,124,m.cdlrzs.com/*
978491b217b973644b24498e067688d3,1156510100,25,m.cdlrzs.com/*
97bf69481a481c99afa7901b200ad3c8,1156510100,51,m.chuanhaozs.com/*
980cd5f623b978eb5c0c31fd60ac95b6,1156510100,3,m.cdwyzs.cn/*
987ff2e08df29d25a77107934e28326d,1156510100,6,m.cdlrzs.com/*
99949575e954b0ca1cc998b25c6d704d,1156510100,12,m.cdlrzs.com/*
99be53a6f8a6c1955c65bf3dcfe89bfe,1156510700,56,m.cdwyzs.cn/*
9a3a8ed273c109ad6b51719ac6edb108,1156510500,29,m.chuanhaozs.com/*
9aab00d4353130702499caacfb68335c,1156510100,142,m.cdwyzs.cn/*
9acc4169c2bd9eee9c40c337e48101be,1156510700,84,m.cdwyzs.cn/*
9b1ae4e9898bbc3aa5b8c52d4a2e869c,1156510100,88,m.cdwyzs.cn/*
9b51b6c3e962c7af1802de806b612652,1156510100,1,m.shj.cn/*
9b8d01cc0cfce51f6e9dda7c7b6937bf,1156510100,11,m.cdwyzs.cn/*
9ba155c5267268fe5423fd1e3a8305e1,1156510500,6,www.ch028.net/*
9ba46dec10fe7ab51cd49f3382f34504,1156511300,51,m.cdwyzs.cn/*
9bc2977a57b58ed53a88fe6da31c8b40,1156511300,17,m.cdwyzs.cn/*
9bfc6b2c488776e2a7561d73ac44c46e,1156510600,4,m.shj.cn/*
9c3fb44fc7b45be2242f6bfb72da3f4c,1156511900,189,m.cdwyzs.cn/*
9cbe34bec84ca897d9b524d363fba93e,1156510100,54,m.cdwyzs.cn/*
9d360262ae8ce72a6e124e575ef58cdb,1156511000,36,m.cdwyzs.cn/*
9ef841efd82353714be3d4eab71000e4,1156511300,48,m.cdlrzs.com/*
9f56f4da7297129678c9ae1b67383c2e,1156510100,1,m.cdwyzs.cn/*
9f828f722b2f00e2283b127cc58e17c6,1156510100,30,m.bzzss.com/*
9f828f722b2f00e2283b127cc58e17c6,1156510100,36,www.bzzss.com/*
a02b81fc4dfacbd0cf4d102a49378bac,1156510900,11,m.cdwyzs.cn/*
a03ac98dcee14b7d30fe102f1a9d7df1,1156510100,4,m.cdlrzs.com/*
a0455fedb782e71e76d7d24b72fb60ba,1156510100,1,m.cdlrzs.com/*
a08218c16e91ebf5fd3c7e0949d12b1c,1156510700,46,m.cdwyzs.cn/*
a0b2d57c8d004ef8dcee1173b367c7a9,1156510100,75,m.cdwyzs.cn/*
a0eda089ec20ee0b9be6e2ab1c5b0de5,1156513400,8,m.shj.cn/*
a0eda089ec20ee0b9be6e2ab1c5b0de5,1156513400,8,www.scxblzs.com/*
a118c518e78fd70da64bc98d962f95ca,1156510100,5,cd.m.dyrs.com.cn/*
a1481e3c8a91ffa9e504214e8100e66c,1156510100,5,m.shj.cn/*
a199536127ce57859586bcc67898b8a9,1156510700,19,www.ddzsjt.cc/*
a22601c2b0125f010730482acd9e17b6,1156510700,3,cd.m.dyrs.com.cn/*
a227e636827dd9755d424e1bdd0fe422,1156510100,56,m.cdwyzs.cn/*
a231d21c173472326139ea098bfd8e74,1156510100,12,m.cdwyzs.cn/*
a232f37e62b73312460670646bedbde8,1156510400,3,m.tdhjz.com/*
a232f37e62b73312460670646bedbde8,1156510400,22,m.cdwyzs.cn/*
a232f37e62b73312460670646bedbde8,1156510400,5,m.cd.tdhjz.com/*
a256de086a2a87475f2731edf26f5bfa,1156511300,64,m.cdwyzs.cn/*
a2bc0e0876013a38e5d034b77ab76e64,1156511500,4,m.cdwyzs.cn/*
a3195d7c9e1c36a6841e0284d45b1cce,1156510100,23,m.cdwyzs.cn/*
a33ff8f5246d0da0d1d4b0f7cb16bd37,1156512000,3,m.cdlrzs.com/*
a3e0bd415b4b4520da86b77b51124e1a,1156510900,2,m.shj.cn/*
a3e0bd415b4b4520da86b77b51124e1a,1156510900,46,m.cdwyzs.cn/*
a3e0bd415b4b4520da86b77b51124e1a,1156510900,1,www.falongfa.com/*
a40276486dce6185a7d544d878be5e97,1156510100,26,m.cdlrzs.com/*
a4c9530b43200eb7a90b2cec8ae5210e,1156512000,24,m.cdwyzs.cn/*
a4cd5427bcb60a7abf0181c00bf9b123,1156511100,35,m.cdwyzs.cn/*
a5466d6d270fcdceac0527279db92180,1156341300,20,m.cdlrzs.com/*
a5bc1b5c2a7a003670ecd6be14559cc0,1156510100,3,m.shj.cn/*
a5cea40df7e9d2c060226f3561a279af,1156510100,14,m.cdlrzs.com/*
a6045059dfa095e25063f3147286efb7,1156511600,405,m.cdwyzs.cn/*
a6a335956475e4d4d69b4ea80ccc3ad4,1156620900,5,m.cdwyzs.cn/*
a6c622a1f76a2597a453908fe51577da,1156510300,1,3g.xjszs.com/*
a6f8ae8edcc72462a52824573c6d010a,1156510400,47,m.cdwyzs.cn/*
a717810c478a9b4e20a014a0d7b1038f,1156510100,73,m.cdwyzs.cn/*
a722e5b7dc4044bd6104f829c5c68d5b,1156510100,6,m.cdwyzs.cn/*
a78367dcb88cb433149739efc68c9fab,1156511500,1,m.cdwyzs.cn/*
a7ba17ed4b1684263de9493233e708d4,1156510100,88,m.cdwyzs.cn/*
a873c0440e880b408882742a7989d389,1156513200,23,m.cdlrzs.com/*
a8ac8bc8eccf2a0173fc2e7998bed6c1,1156510100,3,m.shj.cn/*
a8c280ec65fc61d2729d4aa43c02b14e,1156510100,1,m.bjlongfa.cn/*
aa09cf153eeaba52c654f93cd006f542,1156621200,21,m.cdwyzs.cn/*
aa18b16bd05d0230a3ae7231f4e8f57a,1156511500,162,m.cdwyzs.cn/*
aa3bb3f5b0c6c9c3e6c3388c980eca18,1156510300,18,m.cdwyzs.cn/*
aa7b1fab36cf3f22e65baa1832cb358b,1156511100,62,m.cdwyzs.cn/*
aaab967577814d992c556551f05319a0,1156510100,30,m.cdlrzs.com/*
ab32b187c5aa58139579b7d68b9677f6,1156510100,19,m.cdzpg.com/*
ab4e0644b6a453e965484e0c8f6fe4f3,1156510100,32,m.cdwyzs.cn/*
ab93fd2e8f9defe12962e8570fa7d206,1156510100,2,cd.m.dyrs.com.cn/*
ab998e605ef8f4f5a8d6e07002bc41a2,1156510100,2,m.cdlrzs.com/*
aba7bb453ec6d40261d27e131a23d42f,1156513200,63,m.cdwyzs.cn/*
abd038c7982b616471da73073e243c2c,1156510500,45,m.bzzss.com/*
abd038c7982b616471da73073e243c2c,1156510500,10,www.bzzss.com/*
abffc12f1e30cd4951fcd3d942fa5d17,1156510100,55,m.cdwyzs.cn/*
ac7bf498ff0d8fa6f64dd4b55b016560,1156510400,1,m.chuanhaozs.com/*
ac82ef04d2de2549f50ff6797efa4012,1156511700,39,m.cdwyzs.cn/*
aca3c61a74af43ec7df4cd7c7f1dac8a,1156510100,10,www.wuyouzhuang.com.cn/toufang/h5/*
ad183d4aaa17a3c2d09c1ee023d7d6a9,1156510100,372,m.cdwyzs.cn/*
adf72e6828c5ee75ec41995969fc664c,1156511400,71,m.cdwyzs.cn/*
ae60f0fb1bac3e8a5c0561a601d44192,1156511300,36,m.chuanhaozs.com/*
ae85c964af38a70baf4bdcbddfba9433,1156510800,5,m.cdwyzs.cn/*
ae965aee4ed6e48abe7042a232f7a7a2,1156511300,191,m.cdwyzs.cn/*
aeb77e937c7c1aa8cded5b0d68d294ea,1156510100,2,m.cdwyzs.cn/*
aebf0b2e77d535ad5d2c32368d072f6e,1156511800,16,m.cdwyzs.cn/*
aef0bec14027a7144222547ef4cdff95,1156511500,2,www.ch028.net/*
aef3f0725986f462c59a270d247c6073,1156511300,8,m.cdwyzs.cn/*
af57a5139308feba8174dadd8f6f1185,1156510100,5,cd.m.dyrs.com.cn/*
af73aef3ebde3ebb5e9e8b733ebe90b8,1156510600,8,m.cdwyzs.cn/*
afc690c4833315511dc03450327700e8,1156510100,39,m.chuanhaozs.com/*
afd61477fb67aa88f71f15a2c86b5e5a,1156510100,37,m.chuanhaozs.com/*
b0280800b1b603015deb9162c14771b8,1156511300,28,m.cdwyzs.cn/*
b03859e0f4e0b2554cafe65480761531,1156511600,39,m.cdwyzs.cn/*
b0b939fcbfd2ea43903432c68e984c97,1156510700,97,m.cdwyzs.cn/*
b0e999371133c12b59bcd74eced09668,1156510100,105,m.cdwyzs.cn/*
b0f35fe777f9eb8ed0269f153947050f,1156511100,5,m.shj.cn/*
b0ffec3e583476e9a63522a704e04fc5,1156510100,2,m.cdlrzs.com/*
b125e77d7d58bfc3590868a5f336da5f,1156511800,68,m.cdwyzs.cn/*
b14925a4497cd9cbb2de76ed3fdb3c16,1156510100,40,m.cdwyzs.cn/*
b1890c329e4c548a08c6abf9e4e02b5c,1156510500,1,m.shj.cn/*
b1cb1bc86e2eaa6cd2302331ac141855,1156511100,9,m.cdwyzs.cn/*
b1dbede2bc81b8fa8c4fa9e5941df045,1156512000,28,m.cdwyzs.cn/*
b200ecbda8a562de9ac9e3185884d041,1156510100,3,m.cdwyzs.cn/*
b26a725a151e317f9b4fa2753e3c7511,1156510100,50,m.cdwyzs.cn/*
b2ddd9b3045b25aca1abdd16b221987a,1156511400,10,m.cdwyzs.cn/*
b33ef3bab28a3300af6b839dd9e9db8c,1156511700,18,m.cdlrzs.com/*
b368c01db9ae43c8bb58f69c5520e7ce,1156510100,1,m.shj.cn/*
b3c4b80f9018e64d6bb81ba39f158c81,1156513400,2,cd.m.dyrs.com.cn/*
b3ecd52afc64b44115b4a667b972a96e,1156510800,2,m.cdwyzs.cn/*
b3ed590b19400a7a3a6dac8d1fb2b740,1156510100,19,m.cdwyzs.cn/*
b47ad13f4c9b66a59de211c7e6f1a7e5,1156510500,14,m.cdwyzs.cn/*
b4fa5b690d3f12b77091866e5315cf7a,1156510100,4,m.cdwyzs.cn/*
b506e812c80d352b64da0011014ee7b2,1156510100,33,m.cdwyzs.cn/*
b54b8f5dbd198e7d2ecd252a12c0b1f3,1156511300,10,www.wuyouzhuang.com.cn/toufang/h5/*
b584d5384a9c50ae8b3dd87a06d24fca,1156510100,22,m.cdwyzs.cn/*
b64316c5107a14473959ae3ae290c50e,1156510100,56,m.cdwyzs.cn/*
b67441d935dd8b5bc0961896c91fb2fe,1156510100,64,www.cdsmhome.com/*
b697912362bde5e5a7b3ec44080a4e90,1156513400,2,m.shj.cn/*
b6a53cbf99d656ff17de8ebe32ca827d,1156510100,172,www.ch028.net/*
b6a53cbf99d656ff17de8ebe32ca827d,1156510100,59,m.chuanhaozs.com/*
b6a74ccd3e8070852d9435e0ef44a421,1156510300,1,m.cdwyzs.cn/*
b6bfce116bc7aededecf0f9ebc32a66d,1156510100,2,cd.m.dyrs.com.cn/*
b73678677ab43fc0463a890819d74c0f,1156510100,23,m.cdwyzs.cn/*
b76151b4cf9005c1eecbb8cc50b7eaec,1156511400,17,m.cdwyzs.cn/*
b80623e77c78379c2a9aacb691b100e2,1156511700,13,m.cdwyzs.cn/*
b81cb88c9bff6e4f0d808b79a3221c2a,1156510100,2,m.cdwyzs.cn/*
b8605281648e36568a06f6d0827b961f,1156511100,1,www.ch028.net/*
b9380e84b148944892e027ee72910faa,1156510100,26,m.cdwyzs.cn/*
b939cc0a7637037d9b732911b41d201d,1156510100,5,m.shj.cn/*
b939cc0a7637037d9b732911b41d201d,1156510100,3,cd.m.dyrs.com.cn/*
b93f53c8773857d182a44225914bd383,1156510100,1,m.cdwyzs.cn/*
b9854f343a09673db79e90bb3b1d78d0,1156510100,12,www.wuyouzhuang.com.cn/toufang/h5/*
ba7ba8a17e7a5fdca75c92623b53b68b,1156510100,3,www.wuyouzhuang.com.cn/toufang/h5/*
bae24c44988fb6e331e6abb90fad4634,1156511000,88,m.cdwyzs.cn/*
bb66827b723f385099446c57b557da8d,1156511400,8,m.cdwyzs.cn/*
bb79a1afd8d7c6570c34e9691f8127d2,1156511000,11,m.cdwyzs.cn/*
bb8dbf9603ef563d47602676976c792b,1156511000,1,lz.dyrs.com.cn/*
bc6afc396d0e45075c566734bb3ba06a,1156511500,19,m.cdzpg.com/*
bc721a399998134888c5784ba80a61aa,1156513200,43,m.chuanhaozs.com/*
bc864824c16d04ee2ef3f07d6fd0275e,1156510100,9,m.cdwyzs.cn/*
bc9772b0acb17c3c73b01bc71a0bf738,1156542400,58,m.cdwyzs.cn/*
bc9857817ca27555c7a9f542764a7d21,1156510100,3,m.shj.cn/*
bc98896636267e0287925349cfa4241e,1156510100,18,m.cdlrzs.com/*
bcaab2e29428c04885aa913733e09be8,1156510700,28,m.chuanhaozs.com/*
bd04eb5998c4c5afa080d5d16b9bd481,1156510100,6,m.cdlrzs.com/*
bdbde692aaa7315be56b2c3c8faeb22f,1156510100,1,m.cdwyzs.cn/*
bdc67f9bd49f288aa0d52d5a74e42691,1156520300,70,m.cdwyzs.cn/*
be715908d7d218921cefc4fc5637794b,1156510100,3,m.cdwyzs.cn/*
bea21ef83f5f81be832e32c524def301,1156513400,10,www.wuyouzhuang.com.cn/toufang/h5/*
bec8abed0251143ccdd4efde6effc97c,1156511600,16,m.cdwyzs.cn/*
bf19fa413b2c114db75ef99f23493bf6,1156511600,1,m.cdwyzs.cn/*
bf6b61cd39460643a2567c31e7f58efa,1156510100,28,m.cdwyzs.cn/*
bfa4a2347190093795c2c282f840df01,1156510100,17,m.cdlrzs.com/*
bfac8f8aa8b9ac63020014716f914d62,1156511000,6,3g.xjszs.com/*
bfe81490f711ffc5e619653f5bd27f5a,1156510700,68,m.cdlrzs.com/*
c05de0278ab4f23e42f7679903efe490,1156510700,19,m.cdwyzs.cn/*
c08adda35c91c392f451c55fcd9d456f,1156510300,1,m.cdwyzs.cn/*
c0b15d31023f8242125ebf4a5f7cd4ee,1156511500,38,www.cdsmhome.com/*
c10ef2199d9a6405624a800f8f167745,1156510500,24,m.sljjzs.com/*
c1182559412b235cc7c6f8a5c40d4e01,1156510100,25,m.cdlrzs.com/*
c1a83b4838ec57ef4d7fc0fe6d3de00f,1156510700,1,www.ch028.net/*
c1d4efd9449046ce431106c23c29b6d9,1156511900,44,m.cdwyzs.cn/*
c1e982755557fbfe5f8654b996d7cbda,1156510100,67,m.cdwyzs.cn/*
c3afa2c980ad8a26886bc842ab97f83a,1156511700,28,m.cdwyzs.cn/*
c3b2ab8cb9ba6992d65f36203017edea,1156510500,19,m.cdwyzs.cn/*
c3cfc3098909ada5dde50632e191be68,1156510100,14,m.cdlrzs.com/*
c3f4c9c3b13b779e43d258955f14f6c5,1156510600,17,m.cdwyzs.cn/*
c47e7ce74bcbc508b216188f577d3c7f,1156510500,13,m.cdzpg.com/*
c48f2fab9fb1e0e5dce565c4f6bad6ae,1156510100,123,m.cdwyzs.cn/*
c4c2f222ae41f26f8a879e55b3e63e54,1156510100,75,m.chuanhaozs.com/*
c52dbca5c215a303e6f845278e27b6c2,1156510100,62,m.cdwyzs.cn/*
c5f5c3796eea6a1acb5b955920128b92,1156510300,43,m.cdwyzs.cn/*
c61883a822c5efc9b35cebd95e111c1f,1156510100,36,m.cdwyzs.cn/*
c65e770aa56d1d8704d410ae29a90de9,1156511800,61,www.cdsmhome.com/*
c66311a21291f7b962bee6e499388755,1156510100,90,m.cdwyzs.cn/*
c731cba5bf5767cba2c92eba0d99082b,1156510900,3,m.cdwyzs.cn/*
c747dea8bdbe4a489408849e6e039370,1156510100,2,www.ch028.net/*
c770a4095eb277a067ed7e5815662c77,1156510100,5,m.cdlrzs.com/*
c7e01eaa53b0756b13a90ea15d353c78,1156510100,22,www.scxblzs.com/*
c7ed42c29b2355c1f55eb4c433fde642,1156511700,2,3g.xjszs.com/*
c80b80d1b904a14d39431a31a2658e89,1156510100,13,m.cdlrzs.com/*
c848c779b1c8f1062b8b047eea415336,1156510100,38,m.chuanhaozs.com/*
c86d1f1c32874dad202523ed0d3c9f84,1156510500,54,m.cdwyzs.cn/*
c86d1f1c32874dad202523ed0d3c9f84,1156510500,39,m.cdlrzs.com/*
c8758dae2c431b37fb237330f0a9f745,1156522300,24,m.cdlrzs.com/*
c8994cd463f023a265f005355ec7e59f,1156510100,3,m.cdwyzs.cn/*
c9a17aac04977a4a4c62b536b7f2a64f,1156510300,85,m.cdwyzs.cn/*
c9a92018b000ee19a3bbad5d7dbb5dc6,1156511300,3,m.shj.cn/*
c9b7432bff95c9b15164ba4c97d4d019,1156511700,25,m.cdlrzs.com/*
c9d5599d31c04879657f09cb4cacd85a,1156513200,78,m.cdwyzs.cn/*
cabbaa516d8f409fc0ea31a08cab1f89,1156510100,18,m.cdlrzs.com/*
cb8870eaecc1f63fd2735c032d4f10f4,1156510300,17,m.cdwyzs.cn/*
cb8e31eacb40fba492ea6ed953de4380,1156510100,1,cd.m.dyrs.com.cn/*
cb90818671681bb336d8452969d33b26,1156510100,15,m.shj.cn/*
cb9a5aae5a921ba035a8fb3bdf35ac29,1156510700,3,cd.m.dyrs.com.cn/*
cba166d1a7f75e7b2a2d64c2e515d213,1156510700,2,m.cdlrzs.com/*
cc0a02d460eb53ad87d7e93a38cd5298,1156510600,1,cd.m.dyrs.com.cn/*
cc4033519d9c56528782f28f73db63f5,1156131000,8,m.cdlrzs.com/*
ccb19b50b60aeb65c060c47b5a516cb8,1156511000,48,m.cdwyzs.cn/*
ccec313178025872d1930b20cdcbc4b2,1156510100,28,m.cdwyzs.cn/*
cd27ee5e88d9fb5dc55f334582eb4fe2,1156511100,109,m.cdwyzs.cn/*
cd7b1aa15fb5f57ab9b55c9a45613296,1156511100,32,m.cdwyzs.cn/*
cd9ff8850dc21a7d4e75571fe92ab843,1156511300,1,m.yzf.com.cn/*
cde2d1de8218429b14448738f90514f0,1156510100,3,www.wuyouzhuang.com.cn/toufang/h5/*
cdf08097d282f6bf0503cdcd65b7c1e4,1156511700,55,m.cdwyzs.cn/*
cdff81fa77c88d6ba08e3ce30cee7efa,1156511000,33,m.cdwyzs.cn/*
ce2bb9a6a57a33d017dbcebab6397121,1156511600,9,m.cdzpg.com/*
ce2bb9a6a57a33d017dbcebab6397121,1156511600,1,m.cdwyzs.cn/*
ce33239faffe2080e1562a8e208e6a4c,1156510100,38,m.cdwyzs.cn/*
ce8fa387c4a2e59e0f3fbdb73ecbd725,1156511600,24,m.chuanhaozs.com/*
cfaf8415b5e45c66901655bfb7012f63,1156511700,3,m.shj.cn/*
cfc55fc9c56b35e91d8f75403c097f78,1156510100,49,m.cdwyzs.cn/*
d04215e0580cdffe09caa5c584c06f52,1156510700,5,cd.m.dyrs.com.cn/*
d07226303ef466a83260055ca786114a,1156511300,53,m.cdwyzs.cn/*
d07576f5e7683104a410fb82767843e4,1156510700,1,m.shj.cn/*
d0d5404aa8c8c624db416e41b84fb0d7,1156510700,53,m.cdwyzs.cn/*
d102390353d53322439df56f252d1cfe,1156510100,45,m.cdwyzs.cn/*
d110322240917ed4748e1824f36ebed0,1156510100,76,m.cdwyzs.cn/*
d16a42a834b3f9fff9b8061e727d95c2,1156511300,33,m.cdlrzs.com/*
d1709d54e24bae5d1d2460fb080ce719,1156510100,17,m.cdzpg.com/*
d1bcee48d9ec8a4ab49a974d8607b340,1156511700,3,m.shj.cn/*
d2018c3d6781fa1719715e369d62e7d1,1156510100,26,m.cdwyzs.cn/*
d206db9de3ff68a11824910e4cfbb8ac,1156510100,7,m.cdlrzs.com/*
d230b58e60d0e5ecaee683f94929fd84,1156510900,31,m.cdwyzs.cn/*
d298c8ac65d51dd1cbcf852997305811,1156510100,24,m.cdlrzs.com/*
d2fc29af93716c213f5d39c697691ca4,1156511900,61,m.cdwyzs.cn/*
d36803bb89bb1ecd1f777360b5ffd9aa,1156510100,40,m.cdwyzs.cn/*
d399c27db83f9764742ce4ccb1ef50a5,1156511900,68,m.cdwyzs.cn/*
d428a247227e1e90a2e56de2d5d77aee,1156510100,9,m.cdlrzs.com/*
d458bf3509fd6bb6808c2e2191a3dd5e,1156510100,51,m.cdwyzs.cn/*
d4db4ed7514e22487a2b28baf13324df,1156620900,70,m.bzzss.com/*
d4db4ed7514e22487a2b28baf13324df,1156620900,24,www.bzzss.com/*
d4db4ed7514e22487a2b28baf13324df,1156620900,5,m.shj.cn/*
d500bdddfe765cf9b158049e50d9f3ff,1156510100,57,m.cdwyzs.cn/*
d5abdec768c166ab6f79489ae5ba17ef,1156511700,1,m.cdzpg.com/*
d5be4a068d06f9b0ed44aa399e46eb79,1156510100,6,m.cdlrzs.com/*
d65b7f9210915392e34487d5e450e750,1156420100,47,m.bzzss.com/*
d65b7f9210915392e34487d5e450e750,1156420100,7,www.bzzss.com/*
d66267adb9483a6284958220dc5ca31e,1156511800,19,m.cdwyzs.cn/*
d668bd90150069b1b5d181d70543b76d,1156510100,27,m.cdwyzs.cn/*
d6ad783526f1d01514633023d78411f4,1156511300,49,m.bzzss.com/*
d6ad783526f1d01514633023d78411f4,1156511300,7,www.bzzss.com/*
d7c210cac52b1a8f444c5e1f39eb445d,1156510100,57,m.cdwyzs.cn/*
d7d215abdd069d76eb9303a5ec396632,1156510100,46,m.cdwyzs.cn/*
d7d8655ef0d0ae189f8ef6e0be56f4b9,1156512000,1,m.bzzss.com/*
d801e356f2ff4b834e84e3ba1f8d1c94,1156511300,2,m.shj.cn/*
d86669df10bf160b8e7e18d57d514351,1156510100,87,m.cdwyzs.cn/*
d86c2bddfb6478526422e339c1a1b384,1156510500,81,m.chuanhaozs.com/*
d946ada0db12d5c8c6789f0acf281654,1156510100,23,m.cdwyzs.cn/*
d958591e7ab6f10c6f91a6562797aae1,1156510900,27,m.cdwyzs.cn/*
dab1baab2cebe32eabc72430dd5fb38b,1156510100,72,m.cdwyzs.cn/*
dad4900f147557b886de4f9be49922c4,1156511500,17,m.cdwyzs.cn/*
db48bac8b570eb4e6097eca5b75ee73a,1156510100,19,m.cdwyzs.cn/*
db4cab2a82557d10e936bb4530237032,1156510300,44,www.cdsmhome.com/*
db7646108b7396be3276c8c0fd6f8df3,1156511800,19,m.cdwyzs.cn/*
db851ae0b00826fa077feb1192de7dce,1156510100,10,www.wuyouzhuang.com.cn/toufang/h5/*
dc138713eb62e1c85fbfdd1413e589ad,1156511700,74,m.cdlrzs.com/*
dcbc4106f5027fc52aa7fca5d13176d6,1156510100,14,m.cdwyzs.cn/*
dcf12eb7d68f5c0a84dcad92f0d5888a,1156511600,1,m.shj.cn/*
dd6e68d789498ba7a3a45c665deba693,1156510100,2,m.cdwyzs.cn/*
de3fed783386fcb430eebbd18d7adfe4,1156510700,1,m.yzf.com.cn/*
de3fed783386fcb430eebbd18d7adfe4,1156510700,2,cd.m.dyrs.com.cn/*
dfc9c6d038a40033259a3dc30ace4114,1156510100,11,m.cdlrzs.com/*
dfff05120196f77b86f9ca5662b14faa,1156510500,3,m.shj.cn/*
e018b070596cfe030989427452c81458,1156510100,12,m.cdwyzs.cn/*
e01af3e1fd1bb5cf78dcbc65064a3e40,1156511700,9,m.cdwyzs.cn/*
e135d9e540765afddec8c45e2876afcd,1156510100,2,m.cdlrzs.com/*
e149ed89f25b12f8e4ae04746f199734,1156510600,25,m.cdwyzs.cn/*
e1a0118e7d4b4c11494ac3acfaafbc7b,1156511500,72,m.cdwyzs.cn/*
e1d3bafbc64490ee8ce30e4c9d923274,1156510300,5,m.cdwyzs.cn/*
e21d6ae1ff67e23c7a47ce079d4f99c9,1156510100,20,m.cdwyzs.cn/*
e2c57a391c7f6418fcba10d20bb23ebc,1156511400,1,m.bzzss.com/*
e31bf84690a0222c6678fdee2005899e,1156510700,1,m.cdwyzs.cn/*
e31cccb726e02ea5c789179f2e52acce,1156511900,33,m.cdwyzs.cn/*
e352fc73b70eeeae353205157b6c60c4,1156511800,1,m.shj.cn/*
e36ea2ead50bb1a11bd4b4a804bfa068,1156512000,7,m.cdwyzs.cn/*
e3fd8ec21e8cb74573adcedd9ddf0546,1156510100,2,m.cdwyzs.cn/*
e400f8bc5c21b0d69d2f7ebc428aa864,1156510800,3,m.shj.cn/*
e42c97e33557cfc16393cdd04f2e22cc,1156120000,184,m.cdwyzs.cn/*
e459726c5c38f0ca10d9b5a911ba6d79,1156510100,11,m.cdlrzs.com/*
e547e557a27ccf0c15a151aec96bc199,1156510100,38,m.chuanhaozs.com/*
e5505c265ad366cb441b2616cf790609,1156510100,9,m.cdlrzs.com/*
e5948e5ded66b69f1a5f8fb067644cb4,1156511300,3,m.shj.cn/*
e5a6729ac688e006a5518a535aceda8e,1156510100,13,m.cdlrzs.com/*
e5a7a6cbc8d2e33991980b9ba58c57bf,1156510100,14,m.cdwyzs.cn/*
e5f34ea67b12d6cfb778cca5fc45ea72,1156510100,82,m.cdwyzs.cn/*
e63ec7ae9330b26cb42c70795f50a6be,1156510700,4,cd.m.dyrs.com.cn/*
e6acf9414f2e8e0bc81f64dbec337a09,1156511300,18,m.cdwyzs.cn/*
e6d56327395c67df053a6b2d22fb2962,1156510100,4,m.cdwyzs.cn/*
e74a714809b600bd0a4f6ffa329c18f5,1156511300,40,m.cdwyzs.cn/*
e75d5d8acad042b3f2ac053bd2028e0e,1156510100,159,m.cdwyzs.cn/*
e7de6256233ef1de9c1c23b62bea7114,1156510100,13,m.cdwyzs.cn/*
e7edb2445085075743ae90dcb8f97602,1156511800,44,www.cdsmhome.com/*
e7edb2445085075743ae90dcb8f97602,1156511800,23,m.cdwyzs.cn/*
e83465fef6c3478988a5151469f5f49f,1156511100,86,m.chuanhaozs.com/*
e870660f7f6ec70007367cdd831701c3,1156510100,1,m.chuanhaozs.com/*
e8a52c00e4e609765d5da507f2f62b8b,1156511600,1,m.shj.cn/*
e8abbb53597403d7481dfa70763d2ede,1156511000,35,m.chuanhaozs.com/*
e9010030fc50a3b7e2e6608592fe8cb3,1156510100,4,m.cdwyzs.cn/*
e9aacf729d6ff64d6739b7033c1bc183,1156510100,2,www.u-workshop.com/*
e9b747a5491d4b56fd3fa8e7c4bc59c5,1156510100,1,m.shj.cn/*
e9bdae580d0e14a9fbed6756794e83a3,1156510100,2,m.cdwyzs.cn/*
e9c88246ba6b67bbeb11ef11b6ed87f7,1156510500,248,m.cdwyzs.cn/*
e9fe75dae0663fccf68c26a66f7c94df,1156511600,3,cd.m.dyrs.com.cn/*
ea2ad11d13b38ecd79fd355e93d08930,1156510100,2,m.cdwyzs.cn/*
ea539df84be7e1b3accf0431ee9573d7,1156510100,12,m.cdwyzs.cn/*
ea5a4b5bc9ea0becb47406f471180254,1156510100,25,m.chuanhaozs.com/*
ea910b63fe223091aa0b8b16a0d42bb8,1156511100,70,m.cdwyzs.cn/*
ea95c4673088fddb79fc9e71020d9214,1156510600,11,m.cdwyzs.cn/*
ea96084c08824ba7f346b4cafe284673,1156510700,24,m.cdzpg.com/*
ead9de6ddc4894a64f4b5291120e28b4,1156511300,3,m.shj.cn/*
eada30b310e7780eedffa91019f775a7,1156511000,9,m.cdwyzs.cn/*
eaf2aecb34a270f728ac49994411547c,1156510700,64,m.cdwyzs.cn/*
eb179f02b0aa86dbde42ef32472208ec,1156511300,2,m.shj.cn/*
eb5f52bf9b1a401e7dcac5cbe2c764cd,1156511100,4,m.cdwyzs.cn/*
eba9c4c6f8ccad44b353fb4bd20f5945,1156510100,39,m.chuanhaozs.com/*
ebc75f781a30e77c023f760d5c96c667,1156510100,3,cd.m.dyrs.com.cn/*
ebde88a2b9a15fb1f45750d68bc574b1,1156510100,10,m.cdwyzs.cn/*
ebe611eb3f4f18f2769d783f02e5c7c5,1156510100,82,m.cdwyzs.cn/*
ec83c3ca3468c67c46c1b685a8168083,1156510100,14,www.scxblzs.com/*
ecbe64c7c0468a35c3675858fbaf0fce,1156510100,4,cd.m.dyrs.com.cn/*
ecd56e9e5f64c91083e42640d3f00af9,1156511300,78,m.cdwyzs.cn/*
ed327fbf7262011718508b40e440e245,1156510100,14,m.cdlrzs.com/*
ed6e55b8334a1a56b8adf69befa479c1,1156511500,44,m.chuanhaozs.com/*
ed9d7e8c0956468c0203665b871fca47,1156510800,2,cd.m.dyrs.com.cn/*
edf179b78741b4432d0d2186e61056f1,1156510100,47,m.cdwyzs.cn/*
ee79dbab6f9bd0b972a3b0e0034a86e8,1156510700,29,m.cdwyzs.cn/*
ef7c8d2e22b8d5a17816f5dd4af92ed8,1156511100,48,m.cdwyzs.cn/*
eff6266d99e2ae7348307b24b9ba7a3d,1156510400,4,m.cdwyzs.cn/*
f05adfb109014e29496f7a804f900c48,1156513400,1,cd.m.dyrs.com.cn/*
f07037d0f59207063e821614f9697f82,1156510100,146,m.cdwyzs.cn/*
f09b819277c95a8e9c2d21d82a4faaa4,1156510100,81,m.cdwyzs.cn/*
f0a35382449544335914fe59dd38615e,1156510100,27,m.bzzss.com/*
f0a35382449544335914fe59dd38615e,1156510100,1,www.bzzss.com/*
f1071ee0cfcd558cff662b1f7186e218,1156511300,17,m.cdwyzs.cn/*
f11c697069b27167ec975c6b53c89bdf,1156510100,167,m.cdwyzs.cn/*
f130accf9da21658c70c8ff07f5263b6,1156510100,29,m.cdwyzs.cn/*
f1869e1d0a826c43bf142f245d689d38,1156510100,70,m.cdwyzs.cn/*
f19f555690a20884411aabc8f34ab06c,1156511300,6,m.shj.cn/*
f1eda619202eac327305d0b9530a6490,1156510100,103,m.cdwyzs.cn/*
f2b176aca04343dbb4413294f07ac53a,1156511700,33,m.cdwyzs.cn/*
f2ef6b9dc1fa6efb52911a55f45deb65,1156510700,8,m.cdlrzs.com/*
f32dd41d4ac375f53844d09a2b733d52,1156510100,33,m.sljjzs.com/*
f34a356cb136a883f4440fb6ffb499a8,1156511400,39,www.falongfa.com/*
f3a48d0bc495715921e2179396f968aa,1156510100,13,m.cdwyzs.cn/*
f3b3cbf98f60276f4dd5ce7c98770cc5,1156511600,2,www.ch028.net/*
f3f09f189ca4ce8c998ae6072653ea72,1156510100,1,m.cdwyzs.cn/*
f44a077e6c0003148114f9bfab3e314a,1156510400,11,m.cdwyzs.cn/*
f44a077e6c0003148114f9bfab3e314a,1156510400,3,cd.m.dyrs.com.cn/*
f452e18782578d73e6ba215e132c7f4c,1156510100,3,cd.m.dyrs.com.cn/*
f46bf15cde9d807a2b0aea9babdecca8,1156510700,31,m.cdwyzs.cn/*
f4f7ddefce48b031a737d1a8e86aed9f,1156510100,22,m.cdlrzs.com/*
f50a631c5c34848925af883a8770785c,1156511300,48,m.cdwyzs.cn/*
f50b65e0f221d38ef0debacc5f817caa,1156511700,159,m.cdwyzs.cn/*
f540b68bb671c94bafce6525442e05dc,1156510100,65,m.cdlrzs.com/*
f58dc8f835f498379d764e25236cf37b,1156510100,6,m.cdlrzs.com/*
f629bb3016c0932f919076b2d4aab7a4,1156510500,1,m.cdwyzs.cn/*
f66fd23a041bef65fd5a3acf7b15ec74,1156511100,17,m.cdwyzs.cn/*
f675b3067de3a58f365301319fd4c747,1156510100,1,cd.m.dyrs.com.cn/*
f67e5c931422aebfbf58c83f7a520417,1156511800,17,m.cdwyzs.cn/*
f6a51ee0c9d14e9109288b0e060ad260,1156510100,1,m.cdwyzs.cn/*
f6bb056c64c105f2b7080e1d34e88888,1156511000,24,m.cdwyzs.cn/*
f6d0e6501d6770dd352fc507e989653f,1156510500,45,m.cdwyzs.cn/*
f6f32e5a016c8e2c21d0e7857a1a3f33,1156511300,41,m.chuanhaozs.com/*
f7513ac45f3132a945ebc0883c67396f,1156511500,2,m.cdwyzs.cn/*
f76c42bf254348305d44632f577f2aa0,1156510700,188,m.cdwyzs.cn/*
f794ea19d8dcf931b7dacee621e26501,1156511600,3,cd.m.dyrs.com.cn/*
f7b72dd7e64d10534703e9dc14894e2c,1156500000,62,m.cdwyzs.cn/*
f8cb5d85b1de7cbf9e8805de09fdf872,1156511100,1,m.cdzpg.com/*
f8d0c22c6288fb63f0185a9888a06b56,1156513300,29,www.cdsmhome.com/*
f9a463a0fa8cd8b66f72da17d11e95a6,1156321100,15,m.cdwyzs.cn/*
f9dc7d5fefb07d6b0e71b94d2453fbdb,1156511900,168,m.cdwyzs.cn/*
fa30cde6ee6141039cc3c11ad3e9ba41,1156511700,46,m.chuanhaozs.com/*
fa8e712ba332f890df234952157dc090,1156510100,1,m.cdwyzs.cn/*
faaba6f170411a9d1f1d26fe630882cb,1156510100,1,m.cdlrzs.com/*
fab538772ec56eb10e37399a0f6aa36b,1156511600,10,m.cdlrzs.com/*
faceb5621b3a231fd98e71922fc46aa4,1156511300,116,m.cdwyzs.cn/*
fb3c787b81e39bd9ae262bd81fc0d05b,1156510700,9,www.scxblzs.com/*
fb9765795e271813645249ad3a142324,1156510100,30,m.cdzpg.com/*
fb9b905d7c0e5e117e5c0cf002d68b79,1156510400,16,m.cdwyzs.cn/*
fbc6cc6c7f09ca452f8254459f30f6b9,1156510100,13,m.cdlrzs.com/*
fbdfd8ad37972e3a466ef39b07c7f1e3,1156511600,194,m.cdwyzs.cn/*
fbe71a4d07e5d5c4b8127fcaeae98db6,1156510800,18,m.cdwyzs.cn/*
fbe976568471e6fc40153aef5f512497,1156510100,1,m.cdwyzs.cn/*
fc47fb41f01dc434f76033ad392fa298,1156510700,25,m.chuanhaozs.com/*
fc47fb41f01dc434f76033ad392fa298,1156510700,19,m.cdlrzs.com/*
fc535e15b8264c0cea53206ad1c6dd7f,1156510100,1,m.cdwyzs.cn/*
fc735110d3877bef08832e4ad0f050a9,1156510100,14,m.cdlrzs.com/*
fc88558e89ca9f9472a616622d25b865,1156511500,61,m.cdwyzs.cn/*
fc95c5a96fbd1b4fbc618c3e13ef40a1,1156510100,7,m.cdlrzs.com/*
fd955f4eec09df2e6e744043c2602360,1156510100,3,m.cdwyzs.cn/*
fda0cd43a69315bada694e0f4e328053,1156510100,55,m.cdwyzs.cn/*
fdc1fe305d19ef109573f95c343aff20,1156510100,14,m.cdwyzs.cn/*
fdd6239093442286173c08e7e32e1798,1156513400,1,cd.m.dyrs.com.cn/*
fde329145fe7f51193d5abc285cf3f6a,1156510100,25,m.cdwyzs.cn/*
fe1fdbacacf62a7ca7202466aec7b2aa,1156510100,12,m.cdzpg.com/*
fe45bcaf91e071039652174e3625b8ee,1156511300,5,m.cdzpg.com/*
fe9d5e65604950bf4a3cc7a8f7d09641,1156511900,4,m.shj.cn/*
fea15805bcbbbda389f07ae6f0ea6210,1156510100,2,www.u-workshop.com/*
feb3220deb58001772d95e49d2046920,1156510500,13,m.cdwyzs.cn/*
feb4ed1ab059bcb2d4044c859820a638,1156510100,28,m.cdwyzs.cn/*
fee69495c6f51a6a8442880e6120166d,1156511000,2,m.shj.cn/*
ff1d6c513c760dfdd5d6b0a1d56742b5,1156510500,1,m.shj.cn/*
ff8261bc7b09a1fbd4535e4c240e64b1,1156510100,32,m.cdwyzs.cn/*
fff3e00a0e844d0138105919727519a0,1156510100,1,m.cdwyzs.cn/*
