008ee32b9077f6cc0bf1247a1ebd1ce1,1156130300,1,bdzsc.zsld39.com/web/2118/14844/20390/index_tpl.htm*
009977bc4a33999fe7dc1bd68013e806,1156522600,23,m.chenyitang888.com/*
00eae1d178a4612b1662521dcbcb2271,1156130100,1,3g.315568.com/web/jingdaoyangshengmeirong/*
010ea0a4acf65b839b8408bb42be0387,1156130200,2,www.yahuangzi666.com/*
018da2637acbabab06c03021b95c8791,1156340200,19,x.wakucy.com/*
01eba61526a32f9c6a0bb1d32c38e7ad,1156370600,15,m.samerv.com.cn/*
027278ad49072297b35f0777908f9cd1,1156430100,1,www.gzgytyf.com/yd/index.html*
02cf8a0efefd34e2615a9afc9665ba0c,1156350400,1,www.gzgytyf.com/yd/index.html*
02e0b046dddaf53f33c4c50e25586ee0,1156610300,53,www.hjyyd.com/*
04ee6ac5e55d74f1765eaa0cd1fa9088,1156410100,3,www.bjmaidao.com/*
053df7712652aaa26df4e96452214e1f,1156130200,1,wap.zsld18.com/web/xyfy/index.htm*
0550c72061912ee53fae711611214875,1156370600,1,m.chenyitang.com/*
057863763ac91b2450578425eca8391f,1156442000,2,m.chenyitang.com/*
0616b7548f4dae30dd8dd11071fab1c2,1156371100,62,www.fengkuangxiaochuan.com/*
063db6bec658e597de1070fcfca2fa11,1156110000,1,m.yalaida.cn/*
067813204df6658070ef3c9fa27d858c,1156310000,3,3g.315568.com/web/jingdaoyangshengmeirong/*
06a06f5ead85131498d453ee01e375f8,1156131000,3,m.chenyitang.com/*
06cdff089da36454d307855f5336aa35,1156361100,3,www.asiod.com/*
06e4b0b797eb7ca9ca5370310d1a1539,1156360400,30,m.chenyitang.com/*
06ed7b3d462791c1879edfc1522fbe8a,1156520400,1,www.gzgytyf.com/yd/index.html*
0735c67ed8937f36861b634e380aeac1,1156440300,17,www.bjmaidao.com/*
0736b7768058b89c41e56f8117bfd517,1156500000,1,m.yalaida.cn/*
076c3290df23c4bfc3c5cc48c70dd823,1156532300,25,www.heiyachang.com/*
0783194f039cac0e09176cf6bf4b3df6,1156610400,10,x.wakucy.com/*
07e4794f01889f5af020531b12a0c993,1156330300,1,m.samerv.com.cn/*
0804223b7c19542549fc51b11d87f2a0,1156421100,1,3g.809891.com/web/yiyangnian/*
082353cf464f553f125f63e57a3f8c47,1156441300,16,m.chenyitang888.com/*
08fff1feab8633090a14db63eae3a9b2,1156371600,1,bdzsc.zsld39.com/web/2118/14844/20390/index_tpl.htm*
0923dda6daed906cc2740a226afae480,1156520100,1,4g.918523.com/web/yuanyuantangyangsheng/*
095a10a59c00d89aea56f687e14130bc,1156370200,10,m.samerv.com.cn/*
09836e716eecf4d927d9f12961304d59,1156350400,1,m.yalaida.cn/*
098d3a297583dd369f59a95d96c9e33c,1156532300,33,www.bjmaidao.com/*
09ae264afa43b065bc003d1b3ed02fd7,1156330100,3,m.chenyitang888.com/*
0a9e792943a592ca194e41ec97bd6ca8,1156330100,58,www.cqccyd.com/*
0b103c326c577d126150e5078029823b,1156320100,2,3g.315568.com/web/jingdaoyangshengmeirong/*
0c72fbf0dd119ee3cac07b6696d3ff7e,1156610800,24,m.chenyitang.com/*
0d75b159ce6d0d819149c01ed27c270f,1156500000,77,m.chenyitang.com/*
0e42f0fba0afee10e72f2dc52cf9d992,1156130400,3,www.asiod.com/*
0eb859a9ae05c08606d29b2fe94b9c0c,1156370900,2,m.bjmaidao.com/*
0eb859a9ae05c08606d29b2fe94b9c0c,1156370900,13,www.bjmaidao.com/*
0ec79b3289a0495f8a0548b3e48f59ce,1156340100,5,m.bjmaidao.com/*
0ef951f7b19b23b2ffa7e40888d6d69f,1156130200,1,www.asiod.com/*
0f1c9aaaeef1df7cb60af9d73aac5c21,1156350500,28,m.chenyitang.com/*
0f4b09a0e65355410262d8f0be7f76eb,1156421500,1,bdams.zsld57.com/web/2176/13560/17650/index_tpl.htm*
0f7887d7ae8398a2ef93be342ee59d5e,1156511000,1,bdams.zsld57.com/web/2176/13560/17650/index_tpl.htm*
0fa4d68c6d8e3e55ed137442e020df94,1156610500,2,m.samerv.com.cn/*
0fab9657efb96ba20f8b149228cc0852,1156653000,26,shjspa.com/*
1072c86f4d16fcfde02dfda4c2aa995a,1156330100,12,m.samerv.com.cn/*
10aab317c98ff466e299a0a581cb4540,1156120000,3,www.asiod.com/*
1167c85138528d3621970ff477cf31ca,1156430700,1,m.zsld18.com/web/yiyangn/index.htm*
11c9ba39d14c0f86da4b98b91418850d,1156130900,7,www.bjmaidao.com/*
11da7a27a55e81661c966d9a9d59b5b8,1156310000,1,www.fengkuangxiaochuan.com/*
11eb077dcc252b3cdbd18811c0c0f9b6,1156330200,1,www.bjmaidao.com/*
11fa2ed912e0a64b77e2bf90781374a7,1156530900,1,3g.809891.com/web/yiyangnian/*
11fd4caba00d8678e4242300186ad06b,1156450200,10,bdwsjhz.feit02.cn/kf/mw-wbz02-001-1903/*
128a005f73476d9c661485bfd14bc3f7,1156522400,1,3g.315568.com/web/jingdaoyangshengmeirong/*
13de64910018d1743193f29af484292a,1156610800,31,m.samerv.com.cn/*
13f122b625d7b3f707401e30887fd3e9,1156370900,1,m.chenyitang.com/*
144717801f2f0e1e87d28151df986471,1156440600,1,3g.315568.com/web/jingdaoyangshengmeirong/*
144717801f2f0e1e87d28151df986471,1156440600,1,4g.918523.com/web/yuanyuantangyangsheng/*
14c28ecd84a1a4f99fbc48b4de6c4217,1156511300,68,bdwsjhz.feit02.cn/kf/mw-wbz02-001-1903/*
1585f63f156829d5105bce7c9f5ef1e8,1156350500,1,3g.809891.com/web/yiyangnian/*
15cfe0ba18b870be2f8c04e1185d3b10,1156110000,2,bdzsc.zsld39.com/web/2118/14844/20390/index_tpl.htm*
1653516623203052b8e8b0f1d97cd044,1156500000,6,maoji.chuanxiaojian.com/*
1671719c98231679550a6e03b10343ac,1156610100,28,shjspa.com/*
16847cfdc48fc083e3478094ae04c96d,1156511900,1,bdwsjhz.feit02.cn/kf/mw-wbz02-001-1903/*
176103ac02746548b1bc25ff91005f10,1156131000,3,www.asiod.com/*
17966088a319d33e187954450fb6fe85,1156610100,1,shjspa.com/*
1836bcd0e58b112119d2915aae9cd231,1156430200,1,3g.315568.com/web/jingdaoyangshengmeirong/*
18afb9323ab9cd21d6ccfcbcce042adb,1156420100,1,bdams.zsld57.com/web/2176/13560/17650/index_tpl.htm*
18f6ca370b876f8e40a81ad291288da6,1156420100,1,m.chenyitang.com/*
193b713f6bac596dd71ea0aaaf2ead6d,1156530100,32,www.bjmaidao.com/*
193b713f6bac596dd71ea0aaaf2ead6d,1156530100,2,www.asiod.com/*
193b713f6bac596dd71ea0aaaf2ead6d,1156530100,1,4g.918523.com/web/yuanyuantangyangsheng/*
19dc596f9231c9a71891b3860c7214e6,1156130800,26,www.bjmaidao.com/*
1a2d97ae3310d41d42e0db02f4024677,1156511900,38,m.chenyitang.com/*
1a47a9fcc8862dd3a0b5e62af4bdfc0a,1156371400,11,m.chenyitang.com/*
1bbbcbb9c2d713f6c3661472ee385a4e,1156131000,87,m.chenyitang888.com/*
1bcc9a377607485673325399d44eb8ff,1156130200,56,m.shanrui365.com/*
1c2643843dde7ba25576980202ffbcdf,1156420900,55,m.shanrui365.com/*
1c5eea557e98b71d87689a0377d35711,1156530300,3,www.gzgytyf.com/yd/index.html*
1c9c9dc9df08255f02299f87d7c5b327,1156450500,7,www.asiod.com/*
1d89ab3b99fae5e86cc395f13a2f3565,1156371500,4,m.yalaida.cn/*
1d8b39ccc3ccecd4aa9cc29ae4a8a8b8,1156110000,59,www.fengkuangxiaochuan.com/*
1dc37a53af38d91eefc633c079308730,1156371500,1,m.samerv.com.cn/*
1dc881488bc14141753276058eb1712a,1156340800,40,m.samerv.com.cn/*
1e0e4381f7735734df8469e3183f103f,1156445300,1,www.gzgytyf.com/yd/index.html*
1ebf96525b9c0f44ef0431eb36693ed2,1156360900,25,m.samerv.com.cn/*
1ed092d42e7188d672b590c7ca045872,1156130100,16,www.wygjjt.com/*
1ef3309d37a99e495a013581845c2292,1156340100,1,4g.918523.com/web/yuanyuantangyangsheng/*
1f93f13ead607965850436b177291182,1156450200,1,www.gzgytyf.com/yd/index.html*
1fde15c8ff56aa3f5d3dccf7cb25ded9,1156430500,28,m.chenyitang.com/*
1ffe1459e618f3c5c71c3340ee8192c4,1156610100,27,shjspa.com/*
20c775564d189353008da6dddf33febd,1156321100,7,m.qcsy168.com/*
20ea60fbb051de08dffda17cba55f0f2,1156421000,33,m.samerv.com.cn/*
212567f2c08b3063c716ce5e9fd35682,1156150100,2,www.bjmaidao.com/*
212f6ea2411fd4a352f6c95a704dbdd4,1156341200,3,www.asiod.com/*
213bce5c99aedfab563938b695bb124c,1156130200,1,bdams.zsld57.com/web/2176/13560/17650/index_tpl.htm*
21668a37dcb7a93e8bdf2d31f68c7122,1156370700,1,wap.zsld18.com/web/xyfy/index.htm*
2183095450a05d38e40455f93d724a5e,1156533400,37,m.chenyitang.com/*
219505ed94e717843f15670d263d4860,1156340800,6,m.samerv.com.cn/*
2222ea4926d35eab8b0872fc70de23fc,1156610900,2,m.chenyitang.com/*
22607f84b93f2f379989f727ee8e3be9,1156511300,2,bdams.zsld57.com/web/2176/13560/17650/index_tpl.htm*
235bf38cd770b45b0dc346b0398882bb,1156130900,1,m.yalaida.cn/*
23b4aa426d52d26c329ff29b7c265d02,1156350100,3,www.asiod.com/*
247c57f44accd1e31d9b0a2faa8a9c6c,1156610100,26,shjspa.com/*
24924914cfc4e6c2ab78cd3bbb883e46,1156500000,1,bdzsc.zsld39.com/web/2118/14844/20390/index_tpl.htm*
24925ea3ac9b35b2135454612d45a02a,1156610600,5,www.fengkuangxiaochuan.com/*
24af9c5b39957ea7e3cdafc54902af70,1156370200,1,www.gzgytyf.com/yd/index.html*
256194cc37eea93ed6e8c0da84eb2454,1156522400,79,m.chenyitang.com/*
25aaa6af314d5917a7f6638b8fe245fa,1156510100,1,www.zhongaitang.com/*
260a00ca6a3143c6924e57c0d9e86813,1156220500,2,bdwsjhz.feit02.cn/kf/mw-wbz02-001-1903/*
26e7784945ff6224aa8312f6d8139041,1156422800,3,m.samerv.com.cn/*
270669a4fc3e7771fa452e979e8d1039,1156330200,2,m.chenyitang.com/*
2716623cb984c28e1dbd36e7690c81dc,1156430600,1,www.cqccyd.com/*
2724ba3588d55e48ba82b4e60fb96d12,1156110000,1,www.gzgytyf.com/yd/index.html*
272781adcd2188e19815f26d7720a4ab,1156610100,1,shjspa.com/*
27d83e4a5760294ce59d95d2056db7c1,1156330600,11,m.chenyitang888.com/*
2881251b6c00c3adc518b979c3b3858e,1156522600,3,www.yahuangzi666.com/*
2906b6067d2374c2d1d9db1e81f57b10,1156130900,2,www.asiod.com/*
29d11d73954bbb59e8e13b0c447d5f62,1156510900,1,bdams.zsld57.com/web/2176/13560/17650/index_tpl.htm*
29e476effe825af40eac9343de91d0e1,1156410100,1,www.gzgytyf.com/yd/index.html*
29e93e2af03aa1fef7dd07bc55389c0d,1156350100,1,4g.918523.com/web/yuanyuantangyangsheng/*
2a223bcae7d59dfc3d1cb30075f4ffea,1156450100,1,m.chenyitang.com/*
2a3a4953ed026e57e1578879ec9b3cf6,1156341200,1,x.wakucy.com/*
2a86aeaf7e6ffab528fd95a9633ce390,1156350100,1,m.zsld18.com/web/yiyangn/index.htm*
2aaee269d5e40e792bbfeea996438c9d,1156431200,4,wap.spider360.cn/web/yynjkshg/*
2ade2fadb16bbed0da914d6991072ff2,1156371200,26,m.chenyitang.com/*
2adf0431451e8415cbb416f74dfe7b14,1156610100,68,m.chenyitang.com/*
2b18280687ea6c52445c695021a88008,1156340100,46,m.chenyitang.com/*
2b4792691671f4c598872b622bd2e290,1156511500,1,www.gzgytyf.com/yd/index.html*
2b4cd810c577dd0ef6dcb4562fe8ac3b,1156340400,14,m.chenyitang.com/*
2b5479df4a0d0458c2b201e6a43bb695,1156610200,1,m.zsld18.com/web/yiyangn/index.htm*
2b577016c3723aa4e110f5dacaf739d9,1156522300,1,bd.sjh521.cn/7072/70726359/wap/*
2b6aebbf8bdf3e3089b15f907982f135,1156420100,1,www.heiyachang.com/*
2b915197fe68865198f385cc68bed0be,1156500000,6,maoji.chuanxiaojian.com/*
2bfc5d896c206006eda801d0b52de28a,1156460100,3,m.chenyitang.com/*
2c8fd48c14a1d1eec3254861bd7cf51f,1156360100,1,bdams.zsld57.com/web/2176/13560/17650/index_tpl.htm*
2d035bb719f2867c8ea1b7073dbebebd,1156610100,4,www.cqccyd.com/*
2d0dd00abfe77bd242a820aab963299a,1156522400,1,www.heiyachang.com/*
2d18025ada87dec559a33cddc59e69e8,1156610800,20,shjspa.com/*
2d508a63fbefaaa78cd0d09063a74c95,1156510100,1,bdams.zsld57.com/web/2176/13560/17650/index_tpl.htm*
2e0ddc81c1badd5ee138f190e7cac6e0,1156411500,41,m.91jmw.28n9.com/proe/137682/*
304fde19728db80b42a46c53cf6f78d8,1156321000,1,www.fengkuangxiaochuan.com/*
30e50879c287cf73376a24f81b315c73,1156140500,1,m.chenyitang888.com/*
30e890a230a835fd09a8cf139fa4485e,1156511000,108,m.chenyitang.com/*
3110f2484a4de4f10bf68dcf37f0b1dc,1156130100,21,vip.bc5868.cn/xdt-m/*
3110f2484a4de4f10bf68dcf37f0b1dc,1156130100,1,3g.315568.com/web/jingdaoyangshengmeirong/*
3171ae1138442685ce01f2c35ab1ea31,1156522400,24,m.chenyitang.com/*
31933d04df3bf314b8046d2c506820b1,1156510100,25,m.scsl518.com/*
31933d04df3bf314b8046d2c506820b1,1156510100,24,www.wygjjt.com/*
32416513d31c1b12a72ce6400c127fd7,1156530300,1,bdzsc.zsld39.com/web/2118/14844/20390/index_tpl.htm*
32b2cdc00d5d9c25d65f6125713afdc2,1156420300,6,m.shanrui365.com/*
32c948449b738ef96bdbe71ef99973d9,1156420100,1,m.laoaitang.com/*
32f18b1ec62b7addc478741a0b406115,1156110000,5,bd.sjh521.cn/7072/70726359/wap/*
3310f842ad1dd4065b5c2ba9418d9690,1156130400,28,www.wygjjt.com/*
3332ba0a71faf37d3e2d23c0e35d4a31,1156511300,32,m.samerv.com.cn/*
33f511aa154a2d99979406b06861de97,1156340400,18,m.chenyitang.com/*
340c4a6aff45ea00dc7f06ff1b7dabc6,1156440700,18,www.bjmaidao.com/*
34a62a4d4e013807784059971ed6ff44,1156511400,26,m.chenyitang.com/*
34b08c19bac628e19030a0d9882e36d7,1156511600,24,m.chenyitang.com/*
34faac8dea3bf60dbb77b27943981dee,1156510100,29,m.chenyitang.com/*
350eedb7386c6b0c44fadf38a5e96be8,1156610900,3,www.asiod.com/*
35e7994b6fde2c67664355e3e8d743bb,1156220100,2,www.fengkuangxiaochuan.com/*
3636b7bdaab22fa1e214cc8e516489f4,1156610100,27,m.chenyitang888.com/*
3636b7bdaab22fa1e214cc8e516489f4,1156610100,28,m.chenyitang.com/*
3712215533f6129011d3c179e8e43291,1156430800,3,m.chenyitang.com/*
3739160f419f33339d5ca0ba3ed2e726,1156321300,1,m.samerv.com.cn/*
37444421f553a0999775ff960f69083a,1156520300,43,m.chenyitang.com/*
374d275625eb250c38fcd2f386e037fb,1156510700,2,www.fengkuangxiaochuan.com/*
37b55f3e75c3ad39ba639ab46c99afe8,1156520200,19,m.chenyitang888.com/*
38c08e499346a392ca318df9f40b3f29,1156360300,29,m.chenyitang.com/*
38e3454cf342accebb863ac1910db82c,1156130100,22,m.chenyitang.com/*
3915e624faa02f4e276aa6bafec003b5,1156331000,1,m.chenyitang.com/*
39804ad971ffef83f46fdbc6ac1767d3,1156440300,1,www.cqccyd.com/*
3990f4fe591ac1d722e544ac94c6a397,1156120000,68,bdwsjhz.feit02.cn/kf/mw-wbz02-001-1903/*
39c467aaa7e3eaf7981987e6b136d79d,1156320100,1,www.gzgytyf.com/yd/index.html*
39d4613f11d68a5bbe1e8b5358c474b8,1156431400,1,m.yalaida.cn/*
3a7fe015813db9dd4f2f8e9c47e19641,1156140600,2,m.chenyitang.com/*
3a82b8eed9737a5aa971b3b22b1af5c6,1156361000,1,m.yalaida.cn/*
3ad0672d15d331160993c31fa88319a2,1156442000,26,m.chenyitang.com/*
3aefc2c725aaaa63637a386bfd293c77,1156350100,1,www.gzgytyf.com/yd/index.html*
3af6b5b7386dd6a6965766f54d88ba50,1156530100,56,m.chenyitang.com/*
3ba51b08dd6767c1122295aa938c48b3,1156130100,5,www.yahuangzi666.com/*
3bc5fbd6fc78dd6ba68286e8d49f5754,1156610500,5,m.yalaida.cn/*
3bce7cf6810610a8e2e7ad19507fac01,1156130100,1,m.yalaida.cn/*
3bcf667fb6810fe9002c089bdc369b20,1156110000,69,bdwsjhz.feit02.cn/kf/mw-wbz02-001-1903/*
3bffdd20e7ea25607a63f0e1f094ba79,1156360100,1,www.gzgytyf.com/yd/index.html*
3c0ecaf18654e5dc8e7f07119c5f2166,1156511100,2,bd.sjh521.cn/7072/70726359/wap/*
3cd0efedabb50a6263ca7c0e1e494389,1156530800,26,m.chenyitang888.com/*
3d65bf6a6a1a0a0f9a73814db82c6dbc,1156330600,1,3g.315568.com/web/jingdaoyangshengmeirong/*
3e0ccaf8f33179e22ae871a849cdf555,1156371600,4,bd.sjh521.cn/7072/70726359/wap/*
3e3fc0fc734df4dc0680077e0a68bfba,1156410400,33,www.bjmaidao.com/*
3e3fc0fc734df4dc0680077e0a68bfba,1156410400,1,www.bjmaidao.com/mobile1.html*
3e41c9302376cb1e8f0a7234f32b57fd,1156410100,1,www.gzgytyf.com/yd/index.html*
3e4f35f2515371a662342a3b1f7ab3df,1156431100,1,www.asiod.com/*
3e7a35d3e594372bc5f51f5ea7f3dd12,1156341300,9,m.qcsy168.com/*
3f1f38faff65206d2cf4160142774f76,1156421200,3,m.yalaida.cn/*
3f23c45ccb769255a582b1d41cee233a,1156310000,33,m.chenyitang.com/*
3f87bae2866dbb23b38615f9a91be3fe,1156520300,2,m.chenyitang888.com/*
3f8e5a64791759e785cae782ab835015,1156520300,1,www.bjmaidao.com/*
3fb207e6c674086892204842d815cdef,1156430700,1,bdams.zsld57.com/web/2176/13560/17650/index_tpl.htm*
3fd02eaec59117493417d3be47a5951c,1156610700,5,m.shanrui365.com/*
3fe237a494d3da25e8e969074d937606,1156610300,15,www.zhongaitang.com/*
402722e9d3c563e4b77e342bd9dafa2b,1156530100,3,www.asiod.com/*
406bd48a99fd5848a378033d1cdfa151,1156611000,6,shjspa.com/*
41315c0ccdc98523f966da5acc3af662,1156610100,65,x.wakucy.com/*
4151e6ec20a6090e76a8820489b15f45,1156220100,3,www.asiod.com/*
41a816b8249426045339f2327ac78633,1156510300,1,www.heiyachang.com/*
41f5ee9ff30b3910b1b9ce03c740c968,1156450900,14,m.samerv.com.cn/*
424ba66f7d01cb4795069bd4a576c57e,1156430600,8,bdwsjhz.feit02.cn/kf/mw-wbz02-001-1903/*
42b24b6adce33d6792ff53d0b9c2fe44,1156321000,2,m.chenyitang.com/*
42e8faa1140e7b13e5b7e5e1f8bab650,1156440100,1,shjspa.com/*
441a5f5c79b624525509eee2a9719e49,1156371000,32,x.wakucy.com/*
4459175f916a8cb00f85bcc582f2b3c3,1156371500,34,www.bjmaidao.com/*
445bc071f297f3a162bfaab76ad341b9,1156230800,8,m.yalaida.cn/*
445bc071f297f3a162bfaab76ad341b9,1156230800,83,x.wakucy.com/*
44869bc966a09599f15917aea1db216a,1156320300,1,m.yalaida.cn/*
44e225716d3c7ee74afc2b04efbbac84,1156410200,3,www.asiod.com/*
44e2c8bb31cd45d099cc1231f8c95ea8,1156130100,48,www.fengkuangxiaochuan.com/*
453672d4f8983a74bf5dc21f33925e9f,1156450100,22,x.wakucy.com/*
4584fca6d73836cb9103c16fd303b453,1156520100,1,bdams.zsld57.com/web/2176/13560/17650/index_tpl.htm*
4592582d306f5549b1e9d14e58ab357b,1156420100,30,m.chenyitang888.com/*
45c3a0df892419d8bf4c531036c6a6ef,1156522300,2,m.yalaida.cn/*
46fcdea730184ed5845c20b201a8168f,1156340700,1,www.hjyyd.com/*
4756336ed215928970119d3cde5f6454,1156520300,21,m.chenyitang888.com/*
47f69cc2467b60a3bfc478ac4d93442b,1156442000,16,m.chenyitang.com/*
48de75933eaac647e9455eaca797c291,1156511900,45,m.chenyitang.com/*
492a8b24b877893018a85654b55c4a83,1156500000,19,www.zhongaitang.com/*
4990a7e61e451c52efa81ee84da40121,1156610900,5,shjspa.com/*
49a016ed07fb8f512d35e1aecf577dd4,1156220100,2,www.asiod.com/*
4a0d3baf0e8f45e302658a800e9520a9,1156441800,1,bdzsc.zsld39.com/web/2118/14844/20390/index_tpl.htm*
4b37712fb2bbba5e7ea961e582d06f43,1156130500,14,m.chenyitang.com/*
4bacf4e5f7e93604c20210d525eedd91,1156440100,38,m.chenyitang.com/*
4bb6186bf57c18d03099e1f002e8a096,1156341600,1,m.shanrui365.com/*
4bbed1f79772d55df2c9a4a90729e9c9,1156420100,3,www.fengkuangxiaochuan.com/*
4bdae2374d3c975d73d77c95aa278208,1156361000,1,m.yalaida.cn/*
4bdc497e9038349ab679a4609c1e9fa7,1156440300,2,m.chenyitang.com/*
4bfc643d7d857d2bc1af1037d244f2d0,1156510700,1,m.shanrui365.com/*
4c0a0551d1056e7d53ae8e333f77f4bb,1156310000,9,m.qcsy168.com/*
4c185e49a2482d294fd73e2c338718f8,1156610900,3,www.asiod.com/*
4d2829daf73c81b41f78e5db55dc1cfa,1156410100,27,m.laoaitang.com/*
4dafa1851ee301ad00ecd3c34fab1aed,1156130100,19,m.samerv.com.cn/*
4db67bab740299270f0429de1f358768,1156430400,23,m.chenyitang.com/*
4e9e7cd28aeb74673936af7c700014a2,1156510900,66,m.shanrui365.com/*
4ed1d8f40813e34857c881245c646977,1156130900,30,m.chenyitang888.com/*
4f2a58346863d15a9577ece08f9c386d,1156360700,3,maoji.chuanxiaojian.com/*
4f2ca3c673c77093f587f96cfaf20db1,1156371000,11,m.samerv.com.cn/*
4f5958b488d3aa4ef4ac9af588fcf647,1156510100,1,www.gzgytyf.com/yd/index.html*
4f75488157db6ca9336e10697e7d0e5d,1156610500,23,m.chenyitang.com/*
4f7acaa801a8facbfbde94fc429c76ca,1156420100,1,m.samerv.com.cn/*
4fa0e61bc6a6cf39a4017d5e58970662,1156430900,1,bdzsc.zsld39.com/web/2118/14844/20390/index_tpl.htm*
4fba053c2cb567f1caac8f8318f34dd8,1156320300,3,www.asiod.com/*
500f48624fa56ad999afb4397cdabee0,1156440300,7,m.yalaida.cn/*
5024cfd51a0fe88068576f6445f6a312,1156533300,2,www.asiod.com/*
502a4834f715d73f4cd5ecc9c41e78a7,1156110000,69,m.shanrui365.com/*
505693c1d7240872a7159ca756e369ad,1156340600,32,m.chenyitang.com/*
5070dc2410e29f45f45edb27d7662bd5,1156350600,21,m.samerv.com.cn/*
50b0cdeb4fe11970f29a61aeb67dfef3,1156530100,5,m.chenyitang.com/*
50e55f0bc1df94d6f0988db1ddb90954,1156130100,1,m.chenyitang.com/*
5106567ee9e5aa330ed68ad5d86b24cf,1156341600,1,m.samerv.com.cn/*
51652d4d30542aec8300ff8b4c89529a,1156450100,44,m.samerv.com.cn/*
5194e24ec792bdee486b29ce414208dd,1156431000,1,m.jiamengs.cn/cuijiatang/*
520818623441e1d2547bfb8bcedd733e,1156130100,3,4g.918523.com/web/yuanyuantangyangsheng/*
53240ed2444ff958e203a88c0b598dc2,1156420100,1,www.jcxiangwei.com/shaokao/wsk/*
5368ec3aa51aafb8ccb177ecdea83c98,1156131100,9,m.shanrui365.com/*
563eefbb4e62b29dc0ccd02fd5cf11d1,1156320200,2,bd.sjh521.cn/7072/70726359/wap/*
5670e67e495832003e33b9582a3a7afe,1156530400,26,m.chenyitang888.com/*
5676598a6817854f421bbb69c317ef98,1156450800,20,m.chenyitang.com/*
583c1fd5d832a915df06a63410623d61,1156341200,2,www.asiod.com/*
5865c36625dae91b7484afefe10f0c5b,1156440300,32,x.wakucy.com/*
586fb7efb191476e9c88c9b984b00b99,1156440300,4,www.yahuangzi666.com/*
59de51cafccbabd36a2ed8cd265d6320,1156130100,2,m.shanrui365.com/*
5a18e46beacd99d55debdee821801bd5,1156511700,1,wap.zsld18.com/web/xyfy/index.htm*
5a7b5b650b92b92105ebba932154178c,1156610100,2,www.asiod.com/*
5aa32b5fee5c7b3fd44cb60e22e41773,1156321300,18,m.laoaitang.com/*
5b012ca7b1ce09fedc1f4883ae9bd2b1,1156130400,14,m.chenyitang.com/*
5b9df3fe8697e0aff943c0fd188ecc52,1156130400,12,m.samerv.com.cn/*
5bceaddb0b6d05f12a37094e6e6b63eb,1156340100,1,4g.918523.com/web/yuanyuantangyangsheng/*
5bceaddb0b6d05f12a37094e6e6b63eb,1156340100,1,bdams.zsld57.com/web/2176/13560/17650/index_tpl.htm*
5de3bff4d78eec4de554ff537bde3980,1156440100,3,www.asiod.com/*
5eff7edb44966d20e2c7cb0d7bbc61ea,1156340200,42,m.91jmw.28n9.com/proe/137682/*
5fa68ed9eb8ef316713a64877b532f5a,1156370900,1,www.gzgytyf.com/yd/index.html*
600113adfbb103e02cf5547d871d229b,1156441500,20,m.chenyitang.com/*
6016e689ea1a870c79bdb97fe72d5996,1156510500,1,m.chenyitang888.com/*
604b502f2a32579d201b2d7f7e69680d,1156130100,1,www.gzgytyf.com/yd/index.html*
60c28403d49987efb94e1e9dfd0e3b0d,1156522600,23,m.chenyitang.com/*
60ef738fed14c9bf4b34484f2f4f2869,1156420100,3,www.jcxiangwei.com/shaokao/wsk/*
618ed3bb15cfcf58717dc6e31a5ac17e,1156610100,1,www.bjmaidao.com/*
61a9bc029cf4d91b11c355458ff833fe,1156410100,1,bdzsc.zsld39.com/web/2118/14844/20390/index_tpl.htm*
61be50461838b1e81a6245b4607c7cf9,1156330100,1,bdams.zsld57.com/web/2176/13560/17650/index_tpl.htm*
61ee61fd1639d8c9c5c2e7635c9f62af,1156450400,1,bdhkwl.zsld78.com/web/1979/12730/15961/index_tpl.htm*
62141a88f7219df61cd69d6f88cb417c,1156420100,3,www.asiod.com/*
6220cfcdcc9cf51f92ad3a420e8928c9,1156451300,1,www.asiod.com/*
625dec5e7f0b0d7e3eeed718c4bb1461,1156331000,38,x.wakucy.com/*
62c0349703afa997ddf0e6db38051985,1156371400,1,m.chenyitang888.com/*
63bc1d6286f1580432a15ea2d220b865,1156350200,1,m.zsld18.com/web/yiyangn/index.htm*
642a7bf15528cca83d026c5cb49fbb58,1156371600,1,www.asiod.com/*
649c70121215eda92f3e1aca1568d79f,1156510800,21,vip.bc5868.cn/xdt-m/*
64fdfb4e814fdfee394d8f945896911a,1156500000,26,m.chenyitang.com/*
6522a2227740c4007f04301942fff712,1156532300,3,m.chenyitang.com/*
653e008fe4ca7bfb0a5d7f0e0ae2c8f8,1156440300,1,www.gzgytyf.com/yd/index.html*
65bd21bee503259d3134ca34a04f5211,1156330200,1,www.zgslys.com/*
66580588d051350199169cae3525cf5c,1156430100,1,x.wakucy.com/*
669220f9f25e8f4726a3af93ec2101c7,1156610100,34,m.samerv.com.cn/*
6776944b3bd6b892a1338ffe5b031d32,1156371100,1,m.yalaida.cn/*
67fa8e3469824834e262f2a8f00689ab,1156340100,1,m.chenyitang.com/*
681bbaa6df0f3067b5791d574ef0b13c,1156220100,1,bdtxwz.jmpingtai.com/m/xyfy/*
68350b4bb81359c8ef26206fb840f917,1156511300,32,x.wakucy.com/*
6844a882e661292f85ce42335a9f0de2,1156120000,26,wap.spider360.cn/web/yynjkshg/*
68911f5774b4fb3cecba31d231a2fde9,1156140100,20,shjspa.com/*
689bf858969421f45a4208e5e91a6698,1156350100,1,3g.315568.com/web/jingdaoyangshengmeirong/*
689c724d3878a4f7638b009fda5b974f,1156320100,1,www.asiod.com/*
68f0f65030570738e1afe9134bc70808,1156431000,3,m.samerv.com.cn/*
68fcebc4fd985a97acffa5e389b0c6ac,1156340600,73,www.hjyyd.com/*
69776d48503a9ca1bcfd2434433ceaea,1156530100,1,www.gzgytyf.com/yd/index.html*
6a00cc13ff32aa2dbab1ed588b76ee1d,1156371000,35,m.samerv.com.cn/*
6a484ebb14ceb9022233311cce724dce,1156360600,29,m.chenyitang888.com/*
6a5710170d8f4e236e0d89cf04b45696,1156350400,28,m.samerv.com.cn/*
6a70289e635435fa067b4af477f89034,1156220600,149,wap.spider360.cn/web/yynjkshg/*
6a70289e635435fa067b4af477f89034,1156220600,141,m.chenyitang888.com/*
6a70289e635435fa067b4af477f89034,1156220600,143,m.chenyitang.com/*
6b6b44d30ddb028e78d12a6ec98e5b22,1156130700,50,bdwsjhz.feit02.cn/kf/mw-wbz02-001-1903/*
6c251ea42f01f5299f5dc77f4a5b1dcb,1156220100,35,wap.spider360.cn/web/yynjkshg/*
6c251ea42f01f5299f5dc77f4a5b1dcb,1156220100,32,m.chenyitang888.com/*
6c251ea42f01f5299f5dc77f4a5b1dcb,1156220100,1,m.zsld18.com/web/yiyangn/index.htm*
6c5c4d46577f18671eec13d5a6132042,1156500000,11,www.asiod.com/*
6c68b28cea3c660c5991e87fe30f5121,1156532500,3,www.asiod.com/*
6caa64fd5cea9fb296a9b9e4e0ff80de,1156110000,1,www.zhongaitang.com/*
6cbbd2f5a98969a38402ca4c8ca4d053,1156430100,3,www.asiod.com/*
6d22496ffa16bdd55908040977da45bc,1156513400,1,www.asiod.com/*
6d8ee7a007b96e1b041930c4994aecf7,1156520300,59,www.heiyachang.com/*
6dc0bed8584bddaa496fd384d20a355e,1156330200,7,www.heiyachang.com/*
6e053550dfd502d1ae0c9823596f74e9,1156420200,1,m.chenyitang.com/*
6e302b808592bb17f2bccbfd9ff5bc80,1156450400,5,m.samerv.com.cn/*
6e9f44843691c509d69700ba996fad4f,1156450400,1,4g.918523.com/web/yuanyuantangyangsheng/*
6f3110fd2a88421553dbc9bb40682a65,1156610700,21,vip.bc5868.cn/xdt-m/*
6f5d4208df2bfca3734fc28d78f1a8c8,1156610100,15,m.qcsy168.com/*
6f77c1e4980ceedfb0494b77b7fed54f,1156450900,1,wap.zsld18.com/web/xyfy/index.htm*
6f7a05ea345ba58b86546b79030285c8,1156511500,37,x.wakucy.com/*
704309e61b22cb15e1e73fb83d837d62,1156110000,1,bdzsc.zsld39.com/web/2118/14844/20390/index_tpl.htm*
706e94f3887e901e804b504eec08ac0d,1156420100,1,www.gzgytyf.com/yd/index.html*
707e6bb09dfbf35b15b1225442f4568b,1156510700,3,www.asiod.com/*
70c667ef364c2f56954f40f056d92fbf,1156360100,3,maoji.chuanxiaojian.com/*
718b522729f578c3726b0c53da189da1,1156370100,2,www.hjyyd.com/*
719a1b040c48af3cd961c9ed6b3b88f7,1156420100,2,m.chenyitang.com/*
71d0c008a09e2b55329fc3a0e980c993,1156330700,32,m.chenyitang888.com/*
72312b0e20edef20b5c5484817b0c82b,1156361100,61,m.chenyitang.com/*
72a5047934191ded34954df9ce170104,1156310000,1,x.wakucy.com/*
72e725a5a8326c14a8799697f4b68bdf,1156110000,59,m.chenyitang.com/*
7304d6e1bf257e8a8ac212864fe05785,1156330300,1,m.chenyitang888.com/*
7344372d45d68040c6f082e5cca11884,1156420100,1,wap.zsld18.com/web/xyfy/index.htm*
73591547c7db0ea4b22cd707f822b96b,1156610700,2,shjspa.com/*
750f7e63e5d4a5488207b850f4fbcb25,1156510300,68,bdwsjhz.feit02.cn/kf/mw-wbz02-001-1903/*
752741a91e5f18734b5df822546c4824,1156110000,1,www.bjmaidao.com/*
756d862051d856ad43bd571db943678b,1156610100,24,m.chenyitang.com/*
75c120880b99f761272e075aeda20f3e,1156130900,3,www.asiod.com/*
75e3b4254092656c2a1c6d28d72570f0,1156340100,1,www.gzgytyf.com/yd/index.html*
75eb7026d64ce7f36988b656d4a2c637,1156610100,7,shjspa.com/*
763a41f48ce0e8543b0b4daa04daff8c,1156340800,21,m.samerv.com.cn/*
763a41f48ce0e8543b0b4daa04daff8c,1156340800,2,www.asiod.com/*
76e57b4447bba49ec5b6af120cd60a18,1156450800,1,wap.zsld18.com/web/xyfy/index.htm*
772abd43b252d828e8f5b8ea8edb9d8a,1156510300,30,m.chenyitang.com/*
78d0c522ee50e07634fd34f8ad4e656e,1156532600,1,3g.315568.com/web/jingdaoyangshengmeirong/*
7940dd1269956b872df3a2651e7dcf71,1156421800,32,m.chenyitang.com/*
7949898bec620e7e1909995ff8cd6092,1156220100,3,www.asiod.com/*
79878fb7a4f3a7df3fc255a6adffcc17,1156451200,1,3g.315568.com/web/jingdaoyangshengmeirong/*
79fd7d51a5b6f3c8cd0fecb7fe2d1625,1156220100,2,www.asiod.com/*
7aa0c02b3c8a4b61b5832831a64ef162,1156410600,28,m.chenyitang.com/*
7ad70c43566feca9ae3e79bade176a04,1156120000,6,m.chenyitang888.com/*
7b42d42ba7b368b4fb5d154f962dab56,1156510800,111,www.fengkuangxiaochuan.com/*
7b66b5fed7c797e994dc3feebe1c2c36,1156420100,73,www.fengkuangxiaochuan.com/*
7bd02123d6d1faa103a0bdb0ab25bac0,1156110000,46,www.fengkuangxiaochuan.com/*
7bf64ca0112e5b963556d9c197c67ad2,1156330300,1,m.chenyitang888.com/*
7ced518b3154360c7aafbd8fd295c698,1156440600,4,bdwsjhz.feit02.cn/kf/mw-wbz02-001-1903/*
7d2826a457e52b434bfac86df1b65d72,1156421100,1,www.gzgytyf.com/yd/index.html*
7db0dd86c072c7db6ac5616145bd0eaa,1156140800,2,m.chenyitang888.com/*
7e102ca04c0c1051c1c6a3d84fe34f3e,1156130100,22,m.samerv.com.cn/*
7e4205660b82e938d2137970b5c91bb5,1156321300,2,bd.sjh521.cn/7072/70726359/wap/*
7f3b7154dd83fb4bcf0564d9ab59510d,1156310000,1,3g.315568.com/web/jingdaoyangshengmeirong/*
7fb24badb250288e28cd7defc4a354ea,1156130200,1,m.yalaida.cn/*
80685870aa880d4d9483d7ce893cca36,1156510100,1,m.yalaida.cn/*
80d4bed314a259d696e2e8bb431f38d3,1156500000,26,m.chenyitang.com/*
81a1e44aba29d4a1b9ff8ecb9a407f73,1156340100,7,x.wakucy.com/*
81d66fe9e4baa44a8a05ae5515ae9456,1156130500,2,wap.spider360.cn/web/yynjkshg/*
823e9f6efd6621f29b937255c3fdf063,1156420100,16,www.bjmaidao.com/*
834d21278963c142542e4933ef24300f,1156500000,2,m.laoaitang.com/*
8362bf8efa1799e518f82b199ca1f2c3,1156411300,1,www.gzgytyf.com/yd/index.html*
83b9fe71d7bdafb6bc8bbc7ac252464b,1156220600,30,m.chenyitang888.com/*
847a2d4eabb4f3e6fbf8dc2036d51488,1156220100,1,www.gzgytyf.com/yd/index.html*
84a47b683d64c70478d8994d7277dd39,1156430700,1,wap.zsld18.com/web/xyfy/index.htm*
84e980ec760ab47124e42c23c346f966,1156610100,4,shjspa.com/*
8544b63e8da013cf26f3c9d1318bfb3a,1156450200,10,m.chenyitang.com/*
8589942cdb12f2664d502d2b69bd65b5,1156522200,1,www.gzgytyf.com/yd/index.html*
8590780db2bb1e8ade4821e63e875560,1156110000,75,www.zhongaitang.com/*
865ad5fe6ed6eec3d32e14287d49b2de,1156340400,26,wap.spider360.cn/web/yynjkshg/*
86faf057f9a7c425746c6cb37862eb37,1156350200,1,www.gzgytyf.com/yd/index.html*
875b224c86f8ea5863e29daac2454512,1156420500,43,www.jcxiangwei.com/shaokao/wsk/*
87de4e91f7a761be3caa9d12d71415c1,1156131100,19,m.samerv.com.cn/*
888fb40b26d9e9427ab5913383dca96f,1156310000,1,m.chenyitang.com/*
889369e74f965fd10e5c665d4b81b5c7,1156330700,3,m.yalaida.cn/*
896528b3023dbcf6f375366f8fbe0b0c,1156510100,1,www.gzgytyf.com/yd/index.html*
89ce3eeb185147619ccf6bcde450428f,1156361100,1,www.gzgytyf.com/yd/index.html*
89d223f541be904d7661b516931c594e,1156350100,2,4g.918523.com/web/yuanyuantangyangsheng/*
8a4b912a9fcb09a3e5276fa8f1ed41ae,1156610100,37,shjspa.com/*
8a626c4ecb07ae8108d62e78f7dc5cfe,1156520200,37,m.chenyitang.com/*
8a684add4809b4108c550f87d8dacc8a,1156371500,1,m.chenyitang888.com/*
8aefef58dedc982f4e296dad1b669e4b,1156440300,65,www.fengkuangxiaochuan.com/*
8bc45d316cd911b8c55bdfb55faf1c18,1156451200,3,m.yalaida.cn/*
8c17c9bba5914fe1cea80132e8679f11,1156441800,1,m.chenyitang.com/*
8cbaeb86a7011f0314c719d6483f359f,1156610100,3,www.bjmaidao.com/*
8ced3d77a4e347d88b4f8a1d587afbfa,1156610100,3,m.chenyitang.com/*
8d13736c7be05c3cde63ad95bf82f861,1156450300,31,www.bjmaidao.com/*
8d2b8048921954c28cd57384003bec0b,1156330100,32,m.chenyitang888.com/*
8d4abd9358c40d36e67edcdd972757f4,1156220100,74,bdwsjhz.feit02.cn/kf/mw-wbz02-001-1903/*
8e2a372ac11e2407d965fa96efae978c,1156610100,1,www.jcxiangwei.com/shaokao/wsk/*
8e378e5d7e7c3a909c8e8e08571259be,1156511700,1,x.wakucy.com/*
8e86d8bfb353634ebbb3ac235367a5d4,1156610100,5,shjspa.com/*
8f6808acf729a11adbac084059783574,1156360800,1,bdhkwl.zsld78.com/web/1979/12730/15961/index_tpl.htm*
8ff06b8733a673cddc25641abe2ea9cb,1156441600,12,m.chenyitang.com/*
904c6c6abc7cbde20b728ae883f72631,1156530600,30,m.chenyitang.com/*
9086c4b0dc9ddd30d1e514451ebb8040,1156610800,33,www.heiyachang.com/*
90972da82f9399826f855984d689feb5,1156341200,50,www.zhongaitang.com/*
90b4ff95301bf6e4638432bafe5e8629,1156130400,3,m.shanrui365.com/*
912d7b7f8013009a84bda654f196a0e0,1156320700,1,m.yalaida.cn/*
9132e4baff926b140a96d3e70d084d82,1156361000,20,m.chenyitang.com/*
9132fac32209ebdbde356d15efa1cb55,1156440300,1,m.yalaida.cn/*
913afe7a66f3ec8633be29daa18c7604,1156341500,67,bdwsjhz.feit02.cn/kf/mw-wbz02-001-1903/*
91cdd366dc7400bad48150d1df871282,1156130500,13,m.chenyitang.com/*
91d119dd49d20646064497fdb7ee875a,1156120000,1,m.chenyitang888.com/*
922e45b1137aedb4f619b04ddc401f27,1156421500,1,m.yalaida.cn/*
926177123013cb21855066027e1b52c6,1156220500,35,wap.spider360.cn/web/yynjkshg/*
92c00d2369d911e468b4885df559aa41,1156420100,21,vip.bc5868.cn/xdt-m/*
92e138b41c3b24101d160f3ed61b1fc0,1156441900,2,www.jcxiangwei.com/shaokao/wsk/*
94277ba85daf1e762eed53e26b29187e,1156410900,1,m.yalaida.cn/*
94eab78bd51a6bed382d97425f06ab19,1156140500,2,www.fengkuangxiaochuan.com/*
955d95159c320ac7cfa04e852a8c2466,1156450900,18,m.shanrui365.com/*
96621fd921e09c1d5e5a698ece4436a6,1156500000,1,www.gzgytyf.com/yd/index.html*
968f100c1bb751e3c354f52c4d44e224,1156610100,1,shjspa.com/*
96c649a8807dc7a2f7c0ceec779f7947,1156341200,1,www.gzgytyf.com/yd/index.html*
970fd3f5952e559af666a1f806a2c770,1156330200,35,m.samerv.com.cn/*
978fcfc1a6faf0bc374093d1b348923f,1156360100,34,m.chenyitang888.com/*
97b17d006180259038338cd988c5036d,1156320300,3,m.yalaida.cn/*
98077cd322db45275941843fe464b196,1156130200,62,bdwsjhz.feit02.cn/kf/mw-wbz02-001-1903/*
9897344e4158bed55fce812c0702f005,1156500000,36,m.91jmw.28n9.com/proe/137682/*
9897c85674b27db25ae9b2fd6a7767e9,1156440800,2,m.yalaida.cn/*
98b1b9f937894cf9523ad799c32b280c,1156430100,3,wap.spider360.cn/web/yynjkshg/*
98b1b9f937894cf9523ad799c32b280c,1156430100,3,m.chenyitang.com/*
993e2bb483d46d94cdaa6e345deafc1a,1156421200,2,m.samerv.com.cn/*
99a76cc88b5eb5de28eaf6081db6523b,1156411400,1,wap.zsld18.com/web/xyfy/index.htm*
99e2f7252475e6b3c7bd4fa80e9e116f,1156310000,1,www.fengkuangxiaochuan.com/*
99e858c7a396b0c51fd2418af56c84fc,1156310000,1,bdzsc.zsld39.com/web/2118/14844/20390/index_tpl.htm*
9a51510d283169d20499d37abc790a2e,1156530500,2,d.zstv22.cn/dulijingjia/bailiankai/wap/*
9ae7abeabee1b71e8e860f3ce2c1c76c,1156440100,1,m.chenyitang.com/*
9aea300510dbef3b788b071416b37867,1156610100,30,shjspa.com/*
9b2b129238676f93726f4b3214223829,1156130600,1,wap.zsld18.com/web/xyfy/index.htm*
9b404569443bf2e0d3880d1822109af4,1156320100,1,www.zhongaitang.com/*
9b6f87c86861bb81facb41db3a5d561d,1156420100,5,www.yahuangzi666.com/*
9bbf41231b87009f1af69138e01b1938,1156130100,1,www.gzgytyf.com/yd/index.html*
9d96934d0a02b858e7ad0a56c8382ab8,1156431100,109,www.zhongaitang.com/*
9dd0c4445c33543f186fd2b4582748f7,1156431300,1,4g.918523.com/web/yuanyuantangyangsheng/*
9e95b41172d655e575d1bc1f80d43b26,1156511000,19,x.wakucy.com/*
9efbf8ad71a281211d6b01398ee5ccce,1156130100,2,4g.918523.com/web/yuanyuantangyangsheng/*
9f2e8fa1cd82db4dbef46d8ebfa73a71,1156341600,2,m.chenyitang888.com/*
9f6752f30a5b6b9d4be8f66e16278b99,1156360100,2,www.asiod.com/*
9fcfe7945a6ab14b4a99a67a46e60c6b,1156520600,13,m.chenyitang.com/*
a025dd4f1e76520670ef69cfa7e36bdd,1156140800,92,m.chenyitang.com/*
a05755fda50b2f51a6243250887633b5,1156220100,2,m.chenyitang.com/*
a0a29b8c1d2db74b20177270318ce624,1156610400,1,www.gzgytyf.com/yd/index.html*
a13329f4ff0589d7af73976d5da23d78,1156532600,32,m.chenyitang888.com/*
a15501063b5c0a441c24b548054b5498,1156330200,25,m.chenyitang.com/*
a19d7aafbe2a7c8dea75baa38c6db9ff,1156140800,1,m.chenyitang.com/*
a1dd35f208f5c8c504ccb6d412fd94be,1156442000,2,www.asiod.com/*
a214d020d97174da6c06e8076cef7039,1156420100,2,www.fengkuangxiaochuan.com/*
a236004c25ddbb527c4b22c36b765701,1156530100,6,www.gzgytyf.com/yd/index.html*
a237bf3030d62819c84ee5c8c39794f0,1156440800,10,m.chenyitang.com/*
a2997a2b401f39812779908bf41b2abe,1156460100,35,m.chenyitang.com/*
a2c3d8904237c05acca02942e86a8efe,1156220500,1,m.chenyitang888.com/*
a2c52b5e0f84297ff52157dcd2d81989,1156430600,38,m.91jmw.28n9.com/proe/137682/*
a2d2c5ff76b405e778f686951ea4c6bf,1156445200,1,3g.315568.com/web/jingdaoyangshengmeirong/*
a4050e0022fc08c81fd957651beee842,1156330100,5,maoji.chuanxiaojian.com/*
a414a7eaae8f98ef6d9e44bcd23fae7a,1156520100,3,www.asiod.com/*
a49aa1b35e88d28f69f64c36ced091f4,1156621100,2,shjspa.com/*
a4a669e0919b818d2cc38ea24d754405,1156310000,27,shjspa.com/*
a5547bde45fabc67818940a5dbf160ad,1156410100,33,m.samerv.com.cn/*
a5695ece7b76add14e66f9f5f94c6deb,1156500000,2,m.yalaida.cn/*
a6691840d7156fcf3df49016ea860549,1156410100,1,m.yalaida.cn/*
a6f48013d4012dcd59c80105877d2ff1,1156341200,34,www.fengkuangxiaochuan.com/*
a6f48013d4012dcd59c80105877d2ff1,1156341200,44,bdwsjhz.feit02.cn/kf/mw-wbz02-001-1903/*
a75f96f9ff6365f68a3cd3895022693f,1156370900,2,x.wakucy.com/*
a7beb3dd100b32a916b7fb6d374e6734,1156140100,1,bdzsc.zsld39.com/web/2118/14844/20390/index_tpl.htm*
a8778700373bab8b86d84f85a76aa440,1156441700,9,m.chenyitang.com/*
a906e314f73c7bc88028a3bb5e0fcacd,1156450300,1,m.chenyitang.com/*
a9317d4f777a05287c0d5cc76f77b43a,1156370900,79,www.hjyyd.com/*
a935c6fbd13707ff88a515e423c43a69,1156360100,31,www.bjmaidao.com/*
aa30954c829b0821f16e66b6e6e23664,1156350700,39,m.91jmw.28n9.com/proe/137682/*
aa3b3d62ca174572bbb6690dabb9c29f,1156310000,2,3g.315568.com/web/jingdaoyangshengmeirong/*
aa5be5e51f662ec7d4ad89b4ee9f28ee,1156500000,1,bdzsc.zsld39.com/web/2118/14844/20390/index_tpl.htm*
aaae1337d15cdb12a09fbc3f8991107e,1156440600,37,x.wakucy.com/*
aadf301e02ec07321112a0aa1925aee9,1156451300,1,m.chenyitang.com/*
abf9fc8acdd60f1df8da40327fedddf4,1156110000,143,www.zhongaitang.com/*
ac315e7aa5a52c29909722b64ce3c55a,1156610100,2,www.gzgytyf.com/yd/index.html*
ac32e7c3aab1cc95051b98778d81590b,1156131000,1,m.yalaida.cn/*
ace72c5a4cf0744b4eb6ba3cdeb1eef6,1156450300,3,www.gzgytyf.com/yd/index.html*
ad043e0db8c4661c9d6d6c966834e85d,1156460100,5,maoji.chuanxiaojian.com/*
ad45897f3105b4eae7db8c7353e20b5c,1156330700,3,m.chenyitang888.com/*
adb1970bf6cde45a9724d06bb74dafe2,1156411600,27,m.chenyitang.com/*
adb366228a8154f88c47bd41ea6da8c6,1156110000,34,m.samerv.cn/*
ae807009239027878db130ddba26c9ef,1156371500,6,m.chenyitang.com/*
ae899f966bdcef30aa6100765d4cae7e,1156500000,33,www.heiyachang.com/*
af3f66855553c396321360f0c323cc24,1156370900,2,maoji.chuanxiaojian.com/*
b0411a304266ecab0c6423634615ad27,1156341200,20,m.samerv.com.cn/*
b0e633476773d734251829b2c6ce3bb4,1156520300,1,www.heiyachang.com/*
b0e9484e45da42e14409ca7b249b46f2,1156441900,1,www.fengkuangxiaochuan.com/*
b11e4939fadd6959f988bf3f8a073fa9,1156130500,1,bdams.zsld57.com/web/2176/13560/17650/index_tpl.htm*
b191a736fff935a395b09c51b89383a2,1156420100,1,www.gzgytyf.com/yd/index.html*
b1f1a39805827c90f31f4142a99a1e79,1156530900,26,m.91jmw.28n9.com/proe/137682/*
b1f62c707ea8ae99ab1746dd8780cd7d,1156421500,2,m.chenyitang888.com/*
b26942795b410105d1f5579e11b936ff,1156510700,1,m.yalaida.cn/*
b30f5eaeb1ef920766bda2a2ed0cae77,1156411700,19,m.chenyitang.com/*
b35de8535e629a585788236ed935dce5,1156370800,1,m.chenyitang.com/*
b37491979c59fa4973ed863e6a5fc08d,1156440100,6,shjspa.com/*
b3f75aa5a3d071e86583e92a027fbb14,1156110000,2,m.chenyitang888.com/*
b4756c019103429e1ac27802e8e7a623,1156370100,1,bdhctz.zsld63.com/bdhctz/xyz-kyc.html*
b5706269fc5460b4e80b300c7bc09b07,1156500000,34,wap.spider360.cn/web/yynjkshg/*
b5ccaf2f7fa7c6dc0f40f890438ce5d0,1156510100,1,m.zsld18.com/web/yiyangn/index.htm*
b60c31cd49a6b8f38f6113e173a2c576,1156430600,1,www.gzgytyf.com/yd/index.html*
b6207c4afcff1cc74e416a0682c5dd9e,1156340200,25,x.wakucy.com/*
b62fda186bf3cbc44399bfd1dbd051ee,1156310000,2,m.yalaida.cn/*
b65418d6700ea76872bc678d6e0a32b0,1156431300,6,m.chenyitang.com/*
b67daa16452328bc32835fd3b6e92bb3,1156411300,52,m.chenyitang888.com/*
b7711f1a87ae123708598718a5c45042,1156520100,1,m.yalaida.cn/*
b7711f1a87ae123708598718a5c45042,1156520100,35,x.wakucy.com/*
b8322ea03391dae9b4d22323fde94580,1156450100,47,bdwsjhz.feit02.cn/kf/mw-wbz02-001-1903/*
b8ad675052a3b16531a451395b1f85c7,1156532800,15,m.chenyitang.com/*
b8c0288b809ea43a000ffbd4a1464bb6,1156341200,6,m.chenyitang.com/*
b8fc23b64b5b6ba102554b3a3dfbf8dd,1156610700,68,bdwsjhz.feit02.cn/kf/mw-wbz02-001-1903/*
b8fc738dafb93a6365dca34e7d58492f,1156610800,1,www.zgslys.com/*
b90173d735a762faa76be4d182bf3d9f,1156330700,1,www.fengkuangxiaochuan.com/*
b928e3af91be86131b1ac2d86228ad13,1156340100,1,m.chenyitang.com/*
b9413446fcd176dde0de7d709eefd3cc,1156340100,1,m.chenyitang.com/*
b9b249c8360f32d6a5392563abe7bb43,1156371700,1,www.bjmaidao.com/*
b9b4557c65e47b64334ab3ab5a29b338,1156370100,1,www.hjyyd.com/*
ba2cc70b53a1896eea9bf2f8ed496b79,1156510600,1,wap.zsld18.com/web/xyfy/index.htm*
ba3e76ccc75c7b5a1424ae18138fb33b,1156510100,3,www.asiod.com/*
ba3f3cb9a7ca8733aec52e118e2eaa2d,1156441300,1,www.gzgytyf.com/yd/index.html*
bac9004c34c083d8559c7d515eaa6f79,1156611000,2,m.chenyitang.com/*
bacd4ffb5bc5010f13cd484e9f6f14c5,1156420100,1,www.gzgytyf.com/yd/index.html*
bb02b61f062753879b4c4bcf66c892cd,1156330100,23,www.heiyachang.com/*
bb6a22979a8718f3580be5ad69d85695,1156500000,42,m.chenyitang.com/*
bb77bea20b199574aa3f07c454dd0445,1156610700,1,x.wakucy.com/*
bc0be1ab0433c46b629ab27736d29274,1156500000,1,bdzsc.zsld39.com/web/2118/14844/20390/index_tpl.htm*
bc362a6ffdfb232c67898a256d5744fd,1156211100,25,m.chenyitang888.com/*
bcb460666592a9d287af539fd5432c1b,1156130400,132,bdwsjhz.feit02.cn/kf/mw-wbz02-001-1903/*
bcf4828acfc33f5b87dc93386975dc8c,1156510300,1,www.gzgytyf.com/yd/index.html*
bd4216c4cf666dc3ce742d4431b0e388,1156411400,63,www.fengkuangxiaochuan.com/*
bd79b13548984f03041c344d4e8f3843,1156610500,3,bdwsjhz.feit02.cn/kf/mw-wbz02-001-1903/*
bdebe51f2263f3969c54e0666085e418,1156320400,6,www.heiyachang.com/*
be17ba08ea011fee929e80b098241624,1156500000,35,m.samerv.com.cn/*
be48555b26cec495fbb9458745b37623,1156130200,4,maoji.chuanxiaojian.com/*
be67c176df9ab1c25bf9b6e882f0c4b9,1156520700,21,vip.bc5868.cn/xdt-m/*
be9caaef803beb22f02c681e19519015,1156341600,1,www.asiod.com/*
bec2924412b06145edc5b28dcb37b07c,1156361000,33,x.wakucy.com/*
bff9467a3a4f18e3927c8f26f7ca2c6e,1156130300,25,m.chenyitang.com/*
c02a627ccda9c15b92c4ae3a7d3675e9,1156530300,1,www.yahuangzi666.com/*
c05f9a0f7a1d0d0324b3837fc0c169d6,1156440100,1,www.gzgytyf.com/yd/index.html*
c0a58da75ec3e0bade45a18207250792,1156440300,1,www.asiod.com/*
c0b5eb546ec17abf4f014899ec0c74f2,1156500000,20,m.samerv.com.cn/*
c15f139fa27b7eb3526931c6f066b76d,1156330700,6,m.laoaitang.com/*
c1a24b94e0228bf8a51645bc83b93e67,1156330300,2,m.jiamengs.cn/cuijiatang/*
c1d8b7a1837689f39efd55644811022a,1156320300,8,www.jcxiangwei.com/shaokao/wsk/*
c24f0dbc5a058ab2c900380728223112,1156130600,1,d.zstv22.cn/dulijingjia/bailiankai/wap/*
c26451d8e50d2140a90451e26302d520,1156130600,5,www.bjmaidao.com/*
c2b16359c0ba19582218297713ef735e,1156340400,1,m.laoaitang.com/*
c439415ff5cd80cfbd9ac2478d15c6b7,1156410200,10,m.samerv.com.cn/*
c460e36440ead6b8c29d62b01fbb4c6a,1156460100,1,www.gzgytyf.com/yd/index.html*
c4678e4db535b062c90a3dd892d7d429,1156441900,39,www.cqccyd.com/*
c488607afccfd15936a3ee77926d6e17,1156511700,2,m.yalaida.cn/*
c48f271595454872125ce69a0d4518ae,1156371700,15,x.wakucy.com/*
c4e4214d4bdfda2dec87413706ce87e9,1156440300,68,bdwsjhz.feit02.cn/kf/mw-wbz02-001-1903/*
c4f12f9c22cff364ea573cf2d73bae3d,1156431200,1,x.wakucy.com/*
c586343a4abc2adcdf75278a595e4b07,1156310000,1,m.yalaida.cn/*
c5eb607421dd3233f195bed5e4db88e1,1156511300,14,m.chenyitang888.com/*
c5f69cb8c16a3cdf00b6021c22b244a0,1156330600,63,m.chenyitang888.com/*
c63045a990a9d6731a069f976154763c,1156510100,1,m.chenyitang888.com/*
c6be7af8ea4ddd02983fccc3fa8dd40d,1156431300,3,www.asiod.com/*
c6c484cf9012683a6b4d7d5c9be3526d,1156510100,1,www.gzgytyf.com/yd/index.html*
c6d3ba9fc7449e931458c3befb53e8ca,1156431000,3,m.qcsy168.com/*
c82babcb4c79b91e5ff731939f50d00c,1156370400,1,www.bjmaidao.com/*
c8760511e0e218477d32f7ee0c0761a7,1156512000,12,x.wakucy.com/*
c8760511e0e218477d32f7ee0c0761a7,1156512000,55,www.heiyachang.com/*
c8867fcb61c4d3a1bb97eb875cd26866,1156520100,1,m.yalaida.cn/*
c94c143d4768e171c60eef42278f7bb7,1156130100,2,m.chenyitang888.com/*
c97e441c218f78e425f9159dc03ae067,1156440100,1,www.gzgytyf.com/yd/index.html*
c9a7ecfb0b008983834eb1fbc0b09418,1156610300,3,shjspa.com/*
c9adda8fe12b38f9ac2d4770ff431dde,1156610100,1,www.gzgytyf.com/yd/index.html*
c9b3650b69639bc500cfff0c045e91ed,1156371600,6,wap-ludech-cn-76b3.aipage.cn/*
c9d96a61dc44d933dd53adf9aaa1e65f,1156460100,22,m.chenyitang.com/*
cae0954e132a538bb6d5112559838bfd,1156610100,1,3g.910248.com/sem/dkysddjj/*
caf3ca9c74cf0da8e36144848f986fa2,1156110000,4,m.chenyitang888.com/*
cbcce8f0ebd22cd63576840f608f6c63,1156410100,35,www.fengkuangxiaochuan.com/*
cc0a9f46055e61667021ba2b56781c6b,1156510100,2,www.gzgytyf.com/yd/index.html*
cc2d820c49d204af9ca7441706d5f72a,1156450400,3,www.asiod.com/*
cc6d1c54d1642a31112a253d06c53946,1156431000,1,x.wakucy.com/*
ccd010ceb9e2f7f60cf55b60646cf17b,1156431000,2,www.gzgytyf.com/yd/index.html*
cd3e8de960b8da51e77373f863cf888f,1156500000,25,m.chenyitang.com/*
cd43e698ee6465fc538ff5873e6d21b9,1156431200,21,m.chenyitang888.com/*
cd57778340fce3f333815d0b1d092479,1156422800,2,m.samerv.com.cn/*
cdad3af48abc1d3ef2a934e20dcc6fbf,1156350200,17,www.fengkuangxiaochuan.com/*
ce67ce26e650d946d4e6b7cf24aa8209,1156441300,1,www.gzgytyf.com/yd/index.html*
ceae3e908673479dedb5ed9dc4705306,1156341200,37,m.chenyitang.com/*
ceb7549c70ba7be6ed07cfbe505cd03d,1156371500,17,x.wakucy.com/*
ceb7549c70ba7be6ed07cfbe505cd03d,1156371500,4,www.yahuangzi666.com/*
cef3bf3567735c29581d1aa431f04347,1156460100,2,m.chenyitang.com/*
cf645de10f7362604bd26af85f4aaa5e,1156500000,26,m.samerv.com.cn/*
cf91ab902bd76c9e7b6da6a052d1052e,1156140900,4,m.chenyitang888.com/*
cfa5627be346dc68ae033086f1c7d5f5,1156610100,44,shjspa.com/*
cff371288fb0e89cd9afa826113167e5,1156130600,65,www.bjmaidao.com/*
cff4d3da3da3307011ff399b30571221,1156350500,2,www.asiod.com/*
d0527867ed3b60b934d83023d31eb64f,1156411600,1,m.yalaida.cn/*
d055cdf34ffcf96a1e980c02f36e60b1,1156130700,5,m.samerv.com.cn/*
d0ce7ac849c0aff7f963711954f93df9,1156130400,62,m.shanrui365.com/*
d100144255f9a7743ff9401c17159463,1156522400,21,m.chenyitang.com/*
d146e2ed352b5102e3689dc2651f4674,1156370700,8,m.chenyitang.com/*
d1dbf585eb2b07df1a7476219514adc1,1156110000,31,m.chenyitang888.com/*
d282aa6638a45a170487fdda5c9191ca,1156110000,2,wap.zsld18.com/web/xyfy/index.htm*
d2e32845da186a54aa6c11378c2e901b,1156420300,1,m.chenyitang.com/*
d34c82f7bcfc8a2dc2b2aad6a745b1a3,1156610100,27,m.chenyitang.com/*
d395d800dd0fb8ac5d828cab82eace7a,1156140100,1,m.chenyitang888.com/*
d3b45094d944099519fe90c5387eafa0,1156330100,86,bdwsjhz.feit02.cn/kf/mw-wbz02-001-1903/*
d501151900e154b898d83315c75255a3,1156150100,29,bdwsjhz.feit02.cn/kf/mw-wbz02-001-1903/*
d5223714f14eee32fbd639f7f9c06fa0,1156610700,90,bdwsjhz.feit02.cn/kf/mw-wbz02-001-1903/*
d5944d4e65b2ab195f93a17d82e27ce0,1156610100,1,www.gzgytyf.com/yd/index.html*
d5ba9393b35bd863be24130c59712a05,1156513300,10,m.chenyitang.com/*
d5d1f65d1edf6c1aa1aabd72d0f39843,1156533100,1,bdams.zsld57.com/web/2176/13560/17650/index_tpl.htm*
d602f9a08601efe56f32b30489f8448c,1156610800,2,m.scsl518.com/*
d642c9db8234bdcdf3e9ed295dd1362d,1156411300,1,www.gzgytyf.com/yd/index.html*
d6475a46b12fbf1dd7aab9646d65b711,1156130100,32,x.wakucy.com/*
d64877b5a23bcb070082edfa49a58386,1156610700,34,m.samerv.com.cn/*
d6b77a15aeea67ee37c6eabebde8078e,1156341700,4,www.asiod.com/*
d6fb56d54f70bc6a3965d6e61dacd6ec,1156220100,1,www.asiod.com/*
d739d188529dc7130f1f3902b58d6f03,1156431300,1,wap.zsld18.com/web/xyfy/index.htm*
d91948b43e0129fb34f1874dd799cec8,1156341600,5,m.samerv.com.cn/*
d95b9ee54bce6c45496401e0c5de3b36,1156330100,2,www.fengkuangxiaochuan.com/*
d988529d152b8aff677f5a029478e81e,1156220100,1,m.zsld18.com/web/yiyangn/index.htm*
d9dad8a089402928417bf9543cdd50de,1156120000,68,www.bjmaidao.com/*
d9fa3a650e89dd64206d17d84439f789,1156110000,31,www.bjmaidao.com/*
db11667633401880e9541196353e7072,1156650200,70,www.fengkuangxiaochuan.com/*
db323480c5ec8b30e9a33c97a4596019,1156451300,71,bdwsjhz.feit02.cn/kf/mw-wbz02-001-1903/*
db9b1abad0b5f861d2a507d004c26998,1156350100,1,3g.315568.com/web/jingdaoyangshengmeirong/*
dbb5f6670d206a191ddd7316c500ecb3,1156420100,1,m.samerv.com.cn/*
dc47b32583797d6f3cd2a8965162794b,1156310000,60,bdwsjhz.feit02.cn/kf/mw-wbz02-001-1903/*
dc6872feb6e28f670274b1bb5dd582e7,1156110000,4,m.chenyitang888.com/*
dc8653ee3bd723e7c39d6f2e843c6038,1156522400,2,m.chenyitang888.com/*
dc9b0dea00fd2bb65ddb2407d4eab0cb,1156220100,1,bdwsjhz.feit02.cn/kf/mw-wbz02-001-1903/*
dd2b054d9db4d94e19b36fe932f342fe,1156330200,1,www.fengkuangxiaochuan.com/*
dd74c0ada6f99bfb9d5a4a9bd7c04bd3,1156440300,32,x.wakucy.com/*
dd87be358d69a6967d424d6555064cf7,1156441300,8,m.chenyitang.com/*
dd99098de59c072cc58f2af37f998549,1156610100,5,shjspa.com/*
de6e97667e77bc8f716f3d1aefae0c9f,1156120000,1,m.chenyitang888.com/*
de9f165a2209ca9f10a2f5494c66bc3c,1156520200,12,m.chenyitang.com/*
defbf93bd558859d8c3873fc7d93ad5f,1156340300,28,m.chenyitang.com/*
df2e2d057e457c5b8bb3ae5e39b3e922,1156340100,1,m.yalaida.cn/*
e16c9b79c0189d162f127713d7272cae,1156510700,9,m.chenyitang.com/*
e16e06402fe73bc5588606b21662e346,1156421300,47,m.bjmaidao.com/*
e202efc68a741de63dba729e29ba2ad7,1156530100,41,x.wakucy.com/*
e23c03a30cf99ad96c69762197be283d,1156130100,20,m.chenyitang.com/*
e268789a1b82510676509a3d404b5328,1156330400,35,m.chenyitang.com/*
e2bd7b22af1776eb51b20bea034ff997,1156140100,62,bdwsjhz.feit02.cn/kf/mw-wbz02-001-1903/*
e2d8fc6468d4c6916a35032879d1c4db,1156440400,1,www.gzgytyf.com/yd/index.html*
e35d1f9b34ca28e41334a8a80d2ed702,1156421100,1,bdzsc.zsld39.com/web/2118/14844/20390/index_tpl.htm*
e3d342f038a57bf0291eb4303c0d67a4,1156510100,1,www.gzgytyf.com/yd/index.html*
e3d67b44a96a7e2b423f8c427c0b18cd,1156451200,1,www.bjmaidao.com/*
e44b0370aa69b177b9741c026ed8764d,1156520600,1,m.yalaida.cn/*
e48b3681873145b0209525a9be490ec9,1156370900,1,m.chenyitang888.com/*
e4916a70de7b006d4f17af28964e68a1,1156411700,13,www.fengkuangxiaochuan.com/*
e50f5911d31bafa493fcd5f347d758a4,1156320100,1,www.fengkuangxiaochuan.com/*
e5c7b17f47cfa92101d0613218f70a92,1156610100,1,m.chenyitang.com/*
e6d352041ff7a941a5bfd56a660b09bd,1156510900,1,m.zsld18.com/web/yiyangn/index.htm*
e71b2d6147182bd5fb59582af41a33ad,1156520100,29,m.chenyitang.com/*
e720162af872a4e5bc35ea081019f1b6,1156370700,27,m.chenyitang.com/*
e823b4dd6a5adbf925e147f5afce8183,1156360700,1,m.yalaida.cn/*
e8cb41862d27b250f060d6960175799e,1156532500,42,www.heiyachang.com/*
e8e82a33b2e51f7e07c4cdc12d05ccb1,1156310000,1,m.jiamengs.cn/cuijiatang/*
e9926f8925455bbb90eead8777501623,1156440900,19,m.chenyitang.com/*
e9ab46bf3d82987ccebfacdfed7d0ff2,1156441900,4,www.yahuangzi666.com/*
e9fa9e36c12bf2065b5ad7504fce499a,1156410500,3,www.asiod.com/*
eaa41e7976a7325998f2847174ebe695,1156350100,1,www.asiod.com/*
eb0c427b11422f5b3e8f506626e6fad2,1156460100,1,www.gzgytyf.com/yd/index.html*
eb9166df5279613aae456cf45f391ae6,1156440100,5,m.91jmw.28n9.com/proe/137682/*
ebfe30325c6784dd23ec3d76f8eb774a,1156500000,1,m.yalaida.cn/*
ebfe30325c6784dd23ec3d76f8eb774a,1156500000,39,m.91jmw.28n9.com/proe/137682/*
ecbfab0f1049e62c1f2b8e01f21a494f,1156411500,1,x.wakucy.com/*
ecc7ab4bc98a1ea0cbee1cfdf426cb5b,1156310000,4,www.yahuangzi666.com/*
ed4e97326446d27ffb6fa7116a08e6b1,1156320400,31,m.samerv.com.cn/*
ed64d0be65c38abd3197f26647c5c11d,1156130100,11,vip.bc5868.cn/xdt-m/*
ed99d634234d5faf7ad68fb4953a9d2e,1156530600,26,m.chenyitang.com/*
ee1564d5b84fb4e05ca1c58e26a9d598,1156510100,1,bdams.zsld57.com/web/2176/13560/17650/index_tpl.htm*
ee5d5421ff22257963bac94e8763b399,1156131100,1,www.gzgytyf.com/yd/index.html*
ee6596c0a241cea65be7f5d3a21f2ca2,1156130900,1,bdzsc.zsld39.com/web/2118/14844/20390/index_tpl.htm*
eecebbbfd0610f672c8db2db137fe0d8,1156370500,7,m.samerv.com.cn/*
ef388fa7332a8c0120b1d1ae0616b4a2,1156130200,19,x.wakucy.com/*
ef8ea4903146b72c609ae41fe0943c2f,1156430400,18,m.chenyitang.com/*
efa3bce8c1a880fb5c344915fcaafc79,1156341800,1,wap.zsld18.com/web/xyfy/index.htm*
efb9da8530bfe90de37822d8c356b420,1156371300,1,m.chenyitang888.com/*
f026974eb50f0e0a85e866c6077bd7d9,1156500000,66,bdwsjhz.feit02.cn/kf/mw-wbz02-001-1903/*
f120196e4664e51532ca222eb242bf9c,1156522700,2,m.yalaida.cn/*
f12e9ada4de95ee5164eb9b37dd93783,1156340100,6,m.chenyitang.com/*
f1d9b76f1d10ac9670d11a3833f9b9c5,1156510100,1,bdams.zsld57.com/web/2176/13560/17650/index_tpl.htm*
f1f8045d73ed8ad21c2988ddcd24e288,1156520200,1,www.gzgytyf.com/yd/index.html*
f21e4774c85dfc692b81ede64da88fde,1156511400,1,maoji.chuanxiaojian.com/*
f2ab76d6a95bc40110d87c77d49e487d,1156510100,1,4g.918523.com/web/yuanyuantangyangsheng/*
f2ab76d6a95bc40110d87c77d49e487d,1156510100,57,www.hjyyd.com/*
f3159bf18e6a306ef22076a5448068be,1156511400,31,m.chenyitang888.com/*
f38121838eebd5bb90079e33cf301c66,1156510100,125,bdwsjhz.feit02.cn/kf/mw-wbz02-001-1903/*
f38405dedfd1d6f3c7d8f2fbb0644b48,1156130200,12,m.chenyitang.com/*
f3cabdbc71ce06c9b7f01de67340a634,1156410700,68,m.shanrui365.com/*
f4717c23ef966e19b76746c7f866d05f,1156130100,1,bdzsc.zsld39.com/web/2118/14844/20390/index_tpl.htm*
f4c805f330b542f50dfd0242975687dd,1156510100,12,x.wakucy.com/*
f4caaf87b5eff300259cf625c2495332,1156130100,45,www.fengkuangxiaochuan.com/*
f4d659ad1b7ed5f464de02bdd0fd78bf,1156421100,1,m.chenyitang.com/*
f4f247d261ebb3f5c1a3c14412bef2fc,1156210300,4,m.yalaida.cn/*
f551433f08161d86ddfc04c338cf6534,1156220100,93,www.bjmaidao.com/*
f5b3e0c8c5ef61c78250ebd81dbf4c29,1156520100,1,bdzsc.zsld39.com/web/2118/14844/20390/index_tpl.htm*
f5b5c30d9ff7dc1f4f74da7536cba09c,1156430100,10,m.chenyitang.com/*
f679268e1b395f0aa265f77e6232b645,1156310000,1,bd.sjh521.cn/7072/70726359/wap/*
f6c50687dc2e8ba422066a98e6d5a5cb,1156610100,22,shjspa.com/*
f75a23975dd41ce358e155dcf87146c8,1156620800,25,shjspa.com/*
f77085f3af5c749f32cedc15779f61c9,1156420100,1,www.jcxiangwei.com/shaokao/wsk/*
f894f9de50b1f0c0eae6317d8be10395,1156450900,1,m.shanrui365.com/*
f8a654436eb3ad7c0e8bde3cff86f3e4,1156610100,3,www.asiod.com/*
f8e3ff61b8d8dcba95af667d09b4539f,1156610900,1,m.chenyitang.com/*
f94d072fdceb5068e105c86ea35348b4,1156330600,1,m.jiamengs.cn/cuijiatang/*
f96ec19fe3659cd5b314546d8df23ce6,1156420100,1,www.gzgytyf.com/yd/index.html*
f9854652552e304fedb1c5c29e05add3,1156510700,20,m.scsl518.com/*
f99952f0878ededd61edc3e184f55f93,1156610500,24,bdwsjhz.feit02.cn/kf/mw-wbz02-001-1903/*
faa978a394461e850270cce61bef31ac,1156510100,41,www.bjmaidao.com/*
fb0cd51c81adb87e970497cf559c567f,1156520200,2,m.chenyitang888.com/*
fb50e744534a39db2afde586d0300cc0,1156411700,1,m.shanrui365.com/*
fd40f0b5d906c7d3b683bce265ab6ecb,1156140300,31,m.chenyitang888.com/*
fdc73f99fe0906f7a19333147e1e41d9,1156131100,27,www.zhongaitang.com/*
fdeb268716743b723b366c1993b389da,1156530100,36,m.chenyitang.com/*
fe6e3b1301a918f1ac47ff8d6de61700,1156530600,5,www.asiod.com/*
fedb432aebbd91088d6216cf9d063b56,1156510100,1,www.wxth188.net/*
ff0e93ae65948d450f321da3ff1f8179,1156411600,29,m.chenyitang.com/*
ff2f9def906541f1a54074ff8ac54c42,1156510600,1,m.yalaida.cn/*
ff2f9def906541f1a54074ff8ac54c42,1156510600,33,x.wakucy.com/*
ffbfaf2854c584e231ae48afdbbe61e9,1156371000,12,m.samerv.com.cn/*
ffec61fe0daee2d28da21776a3abdae3,1156510100,67,m.shanrui365.com/*
fffb8a77469e108197adb701377c672d,1156511100,23,m.scsl518.com/*
