003fd346408255da8c1d846eb0be49d9,1156330300,5,tradeapi.jiedaibao.com
007612e2fd8bb43507e65c3f529218a8,1156331100,1,mapi.yibeixxkj.com:8081/*
00d9850b7aca8df845cfb9166ba99586,1156330300,4,tradeapi.jiedaibao.com
01d302bbdbb4bc740ee8c833a91d664b,1156320100,12,mapi.yibeixxkj.com:8081/*
01de316365cd25115613273e3eb88ed8,1156330100,1,mapi.yibeixxkj.com:8081/*
0210be3a644e8fb4106946602c2ccede,1156330300,4,tradeapi.jiedaibao.com
025249cbf710c906aafd44cdb191fffb,1156410100,8,tradeapi.jiedaibao.com
025ca4067ea013abda993343eafed00e,1156330100,8,api.qinqinxiaodai.com
02e33be4ed83b5dd33d42ed5e96c1098,1156522600,13,tradeapi.jiedaibao.com
03375d0d6a9748d7b26dd05497e12d43,1156330500,23,tradeapi.jiedaibao.com
035aff42b61183068b35943ac2f59fb3,1156330200,34,tradeapi.jiedaibao.com
041ae0b6ecc16b72348521e9831ba8c7,1156330700,2,tradeapi.jiedaibao.com
04238cd88706dcf15600ef8672de86cd,1156330300,4,tradeapi.jiedaibao.com
042d409f1eb1516731f98223ee9bcb13,1156350900,19,tradeapi.jiedaibao.com
04f1116c9fa2f0295803539714fab537,1156320200,40,mapi.yibeixxkj.com:8081/*
0555e21809235a621d05a44cac9ac523,1156330300,5,mapi.yibeixxkj.com:8081/*
06473494564d5bef5d4a64235bcf0ded,1156330700,4,api.qinqinxiaodai.com
067204d1aaabbd9104d84cd2214ef3ff,1156330300,1,tradeapi.jiedaibao.com
07c0f238c03b61386deb3ab0443b4851,1156350100,34,tradeapi.jiedaibao.com
07e3dd5a3e9b6aacbddb337efc7ecb82,1156331000,12,mapi.yibeixxkj.com:8081/*
0888c45ec581b53ab96ddcb81a0f697e,1156330300,11,tradeapi.jiedaibao.com
08aa4f5a0abcc1554743c7eefc1c2326,1156330200,88,tradeapi.jiedaibao.com
08fe694d3daef00d7709fb2f5c05ff09,1156330700,2,tradeapi.jiedaibao.com
09005b78e37c8e62b93ac4946d6a18fa,1156330200,32,tradeapi.jiedaibao.com
09670465aa402a22fb2e339f8780aeb4,1156310000,32,tradeapi.jiedaibao.com
096caf116d156ecd8f529673d9450476,1156331000,6,tradeapi.jiedaibao.com
097eaf0bfaa081690c262391a42501f8,1156330700,16,tradeapi.jiedaibao.com
09df0a90af245ad9ff927d86d8dbf979,1156330100,3,tradeapi.jiedaibao.com
0b369f78931b167a385fa4b1d948e30e,1156350900,59,tradeapi.jiedaibao.com
0b3ad7e7c8c7accbda6da0bde595e374,1156330300,14,tradeapi.jiedaibao.com
0b784dec1753fb3848c8db803b0c973c,1156330100,29,tradeapi.jiedaibao.com
0bf9f3b4a9bed8a4993d509d302d3fe1,1156330200,76,tradeapi.jiedaibao.com
0c407a845e43f2d73877b9b568ce1a8c,1156330200,26,tradeapi.jiedaibao.com
0c4633dfcc93704db362d62daa3a06f7,1156330400,8,mapi.yibeixxkj.com:8081/*
0cfa88589806c6ba70d757abb3347ba1,1156330300,10,tradeapi.jiedaibao.com
0d70dde82bac43a9ae0625b68db411b8,1156330100,6,tradeapi.jiedaibao.com
0d9b76c40c7ea6cc2a8127228a59b1f9,1156330100,7,tradeapi.jiedaibao.com
0e60c084da07c604d16a80a0b8b825bc,1156130600,10,api.qinqinxiaodai.com
0eabdccfd31dd0c76fc24636fdb36264,1156330400,14,tradeapi.jiedaibao.com
0ec3a97ae8f593becef7579c51b15eb6,1156331000,20,tradeapi.jiedaibao.com
0ec9dbdf412f1e360d37fdb1e444ee0f,1156330700,92,api.qinqinxiaodai.com
0f4fa8b56ab98659ca462585052fb40c,1156330200,5,tradeapi.jiedaibao.com
0fab224a3e1db15341ef4f525c4c5917,1156330300,4,tradeapi.jiedaibao.com
0fea929aa160dd03c27526efb883ae37,1156330600,5,tradeapi.jiedaibao.com
10c6fdef8162d781e0868af6326920ee,1156330500,26,mapi.yibeixxkj.com:8081/*
11705bcd945201205602bbd3ecc3bffe,1156330300,2,tradeapi.jiedaibao.com
118cbef41d91872fe0abaaa012859ceb,1156330800,15,tradeapi.jiedaibao.com
1202a768434f8c67a445cd8f04504f12,1156360900,4,tradeapi.jiedaibao.com
1246319e2b3a43071aabe7a1f5fbb9d7,1156330500,18,tradeapi.jiedaibao.com
12bbe7b586fd52663f1e621e8abd788a,1156330100,81,tradeapi.jiedaibao.com
12f8cb04c2616b42c7a808fb09a35bb5,1156320900,4,mapi.yibeixxkj.com:8081/*
134bacf3a2b713d4ed90393a5023ee39,1156331100,62,tradeapi.jiedaibao.com
14a483a8a693b5e210869adc17516b12,1156331000,40,tradeapi.jiedaibao.com
1511c7b8f89eca698272da1d8b66fed8,1156330200,1,tradeapi.jiedaibao.com
15fe48c9eb5e8bd93fa6c4d17fe1a24a,1156330800,30,tradeapi.jiedaibao.com
1603a421c3780ed1d6af09254212e03c,1156330300,9,tradeapi.jiedaibao.com
173e3c6389eac38515826d58415afb2e,1156440300,25,tradeapi.jiedaibao.com
178efd10f81fc58565a18c671c72e85e,1156330300,1,tradeapi.jiedaibao.com
17971216eb49a068152f46eeb22b9c0a,1156330100,1,tradeapi.jiedaibao.com
17e19b3e8e9ab0f86130c2b6493b9326,1156330200,7,mapi.yibeixxkj.com:8081/*
181237282548996e488e2d9a5d11cae8,1156330100,9,mapi.yibeixxkj.com:8081/*
18901b06bca71e867dacf3ccee0be521,1156331000,5,tradeapi.jiedaibao.com
190c1594a5fd1097cc15e4ea7cb0e71b,1156330700,1,tradeapi.jiedaibao.com
1969370619757f6d5cc9a987fb822973,1156330700,14,tradeapi.jiedaibao.com
1a316e5495c4b3edd0eac60b25b3484a,1156330200,17,tradeapi.jiedaibao.com
1ade9474ecf734d357cb8115b85e0d99,1156330100,27,tradeapi.jiedaibao.com
1b5b07204e93ec10ddd390859be72894,1156330500,3,tradeapi.jiedaibao.com
1b6e5a90c894845cbb85cdc2b811d60f,1156330200,21,tradeapi.jiedaibao.com
1bb8a273ba6b3f6aafc93e0621f57d40,1156330100,48,tradeapi.jiedaibao.com
1bfcb32e0519695eb12c2527e9c142e3,1156330200,4,tradeapi.jiedaibao.com
1c2b3a700efa3f209ff995e0971509da,1156360900,5,tradeapi.jiedaibao.com
1c65c8bb68f7cd742f84d4c883fce94c,1156330300,2,tradeapi.jiedaibao.com
1d1ce7352570921cc19cc6a4ce303e5f,1156331000,10,tradeapi.jiedaibao.com
1d72ce0fa5471b43683395b6a1d9c929,1156330300,91,tradeapi.jiedaibao.com
1ddcf267e417bb229c88a108fd52acb1,1156330100,40,tradeapi.jiedaibao.com
1e37744937f42d79c25e19939465c4f8,1156330300,25,tradeapi.jiedaibao.com
1e793cfdf4c5515aab009171b76f6c92,1156330100,2,api.yrw.com
1efab644fd6e0924b55cb839ce82bce4,1156330300,37,tradeapi.jiedaibao.com
1f287a42cdc1697341032c2369790f17,1156330100,3,tradeapi.jiedaibao.com
1f6e604c239ec434b9685fd65fde2df2,1156330400,3,tradeapi.jiedaibao.com
1f9d9ff3b0508227afa06bf045e7b0bf,1156330300,5,tradeapi.jiedaibao.com
210735f3223e6b0681bb15665f81bd05,1156330100,104,tradeapi.jiedaibao.com
21b92fcd532821de3c196b68003082f7,1156330600,4,api.yrw.com
21bcf80cf7dd3c36919de1df1365a989,1156330200,10,tradeapi.jiedaibao.com
221791bc00fa5b891dafb8e43478cfdf,1156330100,16,tradeapi.jiedaibao.com
228543be721e6e1b7d49f86b0ed358e5,1156330100,16,tradeapi.jiedaibao.com
22860afe57123458faa6766e989635b1,1156330200,2,tradeapi.jiedaibao.com
228a1d44c0c9ce611bc6080ba89b6f85,1156330200,8,tradeapi.jiedaibao.com
22e3a931e8f202806f772c04c28453ea,1156330100,38,tradeapi.jiedaibao.com
232e8ac6e3edfb1b32f46deeb11945a6,1156530100,29,tradeapi.jiedaibao.com
242ac0b2b8cdffcd7aa157353e9ee124,1156330300,11,tradeapi.jiedaibao.com
244f7816b0f5cd49cb760fec9ade863b,1156330200,1,tradeapi.jiedaibao.com
24cba6549a471bd2c064b7c2b35a4b12,1156360300,9,tradeapi.jiedaibao.com
24d9d53a133d49ae6eb85d5087b44e62,1156330600,18,mapi.yibeixxkj.com:8081/*
24fb7add5f4cfa56252bcfcf8c5f6314,1156330200,128,tradeapi.jiedaibao.com
25171088fddcfb620afdc2a2533dae34,1156320500,5,tradeapi.jiedaibao.com
25a2918577a4077a5fc7e8baf29da3b6,1156331100,2,tradeapi.jiedaibao.com
25bf2865a81d6e01f9bb3af0cb3ae8ee,1156330100,2,tradeapi.jiedaibao.com
25e2f64ce73ee61988d72ba89cd83946,1156330100,142,tradeapi.jiedaibao.com
25f0d488b8fc53918efc091ed93dbd90,1156330200,2,tradeapi.jiedaibao.com
266d914d7869d745ebf84857658589a7,1156330300,11,tradeapi.jiedaibao.com
275192c1e61b51ddbb9b45051a93ed68,1156110000,78,tradeapi.jiedaibao.com
2766209bc986426dee0978ebf85d1128,1156331100,58,tradeapi.jiedaibao.com
27a89328bb4cbb00588995ff1b9113a7,1156330300,3,tradeapi.jiedaibao.com
27ff5197f3db5e96e072eb4bcfd0372c,1156330500,11,tradeapi.jiedaibao.com
28e1ffb95d2050fe5e9281a1df5cc447,1156330300,7,tradeapi.jiedaibao.com
28e67507fb68780ff2600a63b3324556,1156330300,3,tradeapi.jiedaibao.com
2916036f96adf3d780736f4adf9a590e,1156330600,219,tradeapi.jiedaibao.com
295b209f7202e205cdb752e295aa95b4,1156331000,4,tradeapi.jiedaibao.com
29e81b33d510de10b71384f1017cc4fd,1156350500,50,tradeapi.jiedaibao.com
2a0fe6a8129cbc408ba037be5be2f56d,1156361100,122,tradeapi.jiedaibao.com
2a614264212355acdd11b987424bb573,1156320600,7,tradeapi.jiedaibao.com
2b062614c13fb34156e142e159ae5739,1156330800,4,tradeapi.jiedaibao.com
2b0a86a0247a68661409669b776e3d49,1156330700,75,tradeapi.jiedaibao.com
2b31c36b9b1a85ebc0ca991bf1fd0437,1156330100,5,tradeapi.jiedaibao.com
2b4192dd7c8fc8fe8eb0b67a2cca365d,1156320500,13,tradeapi.jiedaibao.com
2b52e8443c7894b105bad6e454c6c639,1156330600,9,tradeapi.jiedaibao.com
2bced67c673493abb2f899c8b4560ebb,1156330400,48,tradeapi.jiedaibao.com
2bdd48fb9a6b39f77862bcf3c36ffaba,1156330300,76,tradeapi.jiedaibao.com
2c1a558adb641d7a9f1441efe5f7a3f2,1156331000,40,tradeapi.jiedaibao.com
2c1fa4bd1dc370715e6f0f7817c238f8,1156330300,5,tradeapi.jiedaibao.com
2c516a3e5c868f9221f348439ad8ff05,1156331100,5,tradeapi.jiedaibao.com
2ce90296ff58291a5956197b83a1424a,1156440100,2,tradeapi.jiedaibao.com
2d5f9373930ff04394b5405e3e84a455,1156330300,7,tradeapi.jiedaibao.com
2d9e4eedfae72bb1c53cb183906daae1,1156520500,1,mapi.yibeixxkj.com:8081/*
2e7e7512ecad0781e319de3adb4cac89,1156330300,1,tradeapi.jiedaibao.com
301266109b7db56b611971bdc68d01f6,1156330200,11,tradeapi.jiedaibao.com
301cfc24755a12497d43c30c835bae42,1156330500,3,tradeapi.jiedaibao.com
315080ea79e917f9232c6069ca2bd91f,1156510100,2,tradeapi.jiedaibao.com
31cb480483a63a3a9c117d7cc5e95672,1156330900,44,mapi.yibeixxkj.com:8081/*
31eead7572f17916ac87d23fa86eb564,1156360900,5,tradeapi.jiedaibao.com
32385888a0c1b77bb0612205a3c6fc5f,1156330700,45,tradeapi.jiedaibao.com
324e83effe402f2ffa73d08e73b38c2e,1156330100,6,tradeapi.jiedaibao.com
32650645a72e970aad75ef6108f81e60,1156330700,13,tradeapi.jiedaibao.com
32784f137e0b0dd4af76c2dcaa74c007,1156331000,2,mapi.yibeixxkj.com:8081/*
32853e8b3fd78bf7f9b3ebb1eb784c1b,1156330200,10,tradeapi.jiedaibao.com
3333a335014a81a174d626f47acb6950,1156330200,493,api.qinqinxiaodai.com
33a6cde5db1f57a9cef92ebbc04646d8,1156341200,40,tradeapi.jiedaibao.com
33ba6a1101d136c47a9c8ab963c26670,1156330700,57,tradeapi.jiedaibao.com
33bb09d926d022d80e79f3dc9b644a12,1156330200,6,tradeapi.jiedaibao.com
3468e2515d71c5bbc62d5e157bdb5864,1156410100,40,tradeapi.jiedaibao.com
34767e53de2157fd861c1097d4917914,1156331000,1,tradeapi.jiedaibao.com
3589300e098e99bdc484dfba6b3861ff,1156520100,15,mapi.yibeixxkj.com:8081/*
35a587e1cb679b236dd42d7299234fdd,1156340800,2,mapi.yibeixxkj.com:8081/*
36380e893b61f16697d86272eebab361,1156330200,2,tradeapi.jiedaibao.com
36862f537e8b44205c239271f7d1126b,1156350100,6,tradeapi.jiedaibao.com
36987e38ad7d39b1af10ca579b43423c,1156330100,66,tradeapi.jiedaibao.com
3707bbcdf52e52c7b46168d52c3299c2,1156330300,31,tradeapi.jiedaibao.com
377584dca7f48f90ea2b6aac66452336,1156330200,10,tradeapi.jiedaibao.com
37ba457ee492e27a2ba6831dcfabd783,1156310000,1,tradeapi.jiedaibao.com
37bba90293e448c2218826ad88aae869,1156500000,25,mapi.yibeixxkj.com:8081/*
381565856b014886197bdf12059e02be,1156330300,2,tradeapi.jiedaibao.com
388d4ed79e3395423d7ac337ac316b1f,1156330300,2,tradeapi.jiedaibao.com
389b490560363cf7d6f21a6c3cf492a8,1156330100,21,tradeapi.jiedaibao.com
38c19a87f2e8bb76fca1309dc5e5adac,1156330300,4,tradeapi.jiedaibao.com
38c5d70e5fad5ebf271893284df9a506,1156310000,33,tradeapi.jiedaibao.com
38f4a890e578fde2c0f33514eb535638,1156330200,2,tradeapi.jiedaibao.com
3943f41f619402428f5c6dfd924797f2,1156620500,86,tradeapi.jiedaibao.com
398109825d1936cda997a0f35b058d1f,1156330100,1,tradeapi.jiedaibao.com
39a7e2585a961f73d29f44fdedc15f80,1156330300,10,tradeapi.jiedaibao.com
39cdb38f84c95633f31e07fe2ec7301f,1156331000,4,tradeapi.jiedaibao.com
3a57dfc4e849a75ee245e228bc2b2ac5,1156330200,16,tradeapi.jiedaibao.com
3a9c51dadce0bb9650ec3195ae18287e,1156330200,1,tradeapi.jiedaibao.com
3aec49b5c36bc48617c126162353462d,1156330200,1,mapi.yibeixxkj.com:8081/*
3b296df54089587b6701e3753652a1ef,1156330600,1,tradeapi.jiedaibao.com
3b308b0c76cd16cfc8eedbaba487f579,1156330300,2,tradeapi.jiedaibao.com
3b9955554cca791d5644cfd6c8ba6ed4,1156330200,2,tradeapi.jiedaibao.com
3bbbb2cb49c9a1cb8bc8c4e823d342d9,1156320800,4,tradeapi.jiedaibao.com
3bf7ed11841d05ff73248fe73e5f4289,1156330200,2,tradeapi.jiedaibao.com
3c05011e9d9fe39514dee09a7ff7e7f9,1156330200,10,tradeapi.jiedaibao.com
3c6e27515eced399491d55352f1899ec,1156330300,3,tradeapi.jiedaibao.com
3c99ca8ffdc4d7485b963f08944dac16,1156330400,1,tradeapi.jiedaibao.com
3ce1988871c83b9c911642fef5ca3e8b,1156330300,35,tradeapi.jiedaibao.com
3d85b665a09bb5d3a404407568b7789e,1156371700,8,tradeapi.jiedaibao.com
3d96675b2b8e0645de87406021b9fb38,1156330300,2,tradeapi.jiedaibao.com
3dbd6fa19fecf6f9459ecae7a0d06304,1156330200,1,tradeapi.jiedaibao.com
3e1ed695a0f9ef2c729680c4fea51fb2,1156330200,3,tradeapi.jiedaibao.com
3e5d7de94829bec8632dc85ff5d992bc,1156341500,1,api.yrw.com
3ea8599577d64b8f4ada2b94096d088d,1156360900,1,tradeapi.jiedaibao.com
3f31783661f5ad64bc0bd712393261be,1156330200,4,tradeapi.jiedaibao.com
3f36c9033e0b89b36ea507b9160e697c,1156330200,10,tradeapi.jiedaibao.com
400ba3505e8ed580c4986ad35d92463b,1156330300,5,tradeapi.jiedaibao.com
401eba8f1aa590ad2cc262d136ae2c9c,1156330300,8,tradeapi.jiedaibao.com
40ec41e89cd5d2cfaf240ad28b68c682,1156331000,43,api.qinqinxiaodai.com
420c69a9ee2de98e1e3da23b75ac7441,1156331000,11,mapi.yibeixxkj.com:8081/*
421a878f0609fb6b05d790ae623335ab,1156360900,10,tradeapi.jiedaibao.com
42642b77a82bc85da5b5d75a1496de57,1156520300,9,mapi.yibeixxkj.com:8081/*
42929cf25438d5d6fe0b449d018a6f89,1156430600,1,tradeapi.jiedaibao.com
42d0bf57a555a9b6f9ccd074885029cd,1156330300,1,tradeapi.jiedaibao.com
43b4855e5e00bdcb9b8b6aa46282fa0b,1156330300,26,tradeapi.jiedaibao.com
4427ab60c1bb240b3e42cfd8659bf324,1156330200,93,tradeapi.jiedaibao.com
445160c000aa4c171a9a09b5bd59ab50,1156330100,4,tradeapi.jiedaibao.com
44593b12e806e7c48aecc1a6ed830a87,1156330500,13,tradeapi.jiedaibao.com
4473c54193f9148930853fdff4038008,1156140700,107,tradeapi.jiedaibao.com
447cfd104fee8e952a3da601a4f6d245,1156330100,11,tradeapi.jiedaibao.com
4489113e0a8ede111bc0933ff148a81d,1156500000,1,tradeapi.jiedaibao.com
452d1693154f6af4af3fe653d6d17a41,1156330100,2,tradeapi.jiedaibao.com
457ce420d4dd3f3944fdd3eeb194938e,1156330200,11,tradeapi.jiedaibao.com
45c6fd5415b37fffdd7b3a4a886985ea,1156331000,55,tradeapi.jiedaibao.com
45cec14dc8bbc183185dfe756ef996d6,1156331100,5,tradeapi.jiedaibao.com
45cfe299c9483b9df55ae520d4f43411,1156330300,1,tradeapi.jiedaibao.com
45d166dafb63539105fd95f1cafa7747,1156330300,34,tradeapi.jiedaibao.com
4602bfabda2c13d031387eb655250c27,1156330100,3,tradeapi.jiedaibao.com
461bbb6a0885dfe32894cb0f270602e3,1156621200,248,api.qinqinxiaodai.com
465f29189984f1a5f170245fb78dbfed,1156331000,1,tradeapi.jiedaibao.com
46b9a46ec7553b7dc7aa30b38c4d08c2,1156330300,3,tradeapi.jiedaibao.com
46c38d07d278b0ba288c083d9d555116,1156330300,4,tradeapi.jiedaibao.com
477e0aab3343c3725359a016a4de3969,1156340400,3,tradeapi.jiedaibao.com
47f1f9920c39aaa9de8e594148e8b4c2,1156330100,3,tradeapi.jiedaibao.com
4869800835f43bcc6ae4d0a4fb009fd2,1156431200,2,tradeapi.jiedaibao.com
490e97a4d605cb9461a8747474fc55b1,1156330300,1,tradeapi.jiedaibao.com
491469240a8d7c4f1045747b2cb5b61e,1156320100,348,tradeapi.jiedaibao.com
49d19f1ec0b4d692053b288cbc3c0dfb,1156330300,20,tradeapi.jiedaibao.com
4a17ef4e58055c5ee46266404d2e10cb,1156330200,123,tradeapi.jiedaibao.com
4a7fb51475035553c0a8f9a901364350,1156330300,39,tradeapi.jiedaibao.com
4a8d9bf6192aa988b06d5507a6a74cd9,1156440100,24,tradeapi.jiedaibao.com
4ad048480a35a60304c5e3b6fbd1acd9,1156330700,5,tradeapi.jiedaibao.com
4ae4cc9b28e39061e320a17eb2a6552c,1156330300,1,tradeapi.jiedaibao.com
4ba286d501ceb123e174851729ea61a5,1156330600,3,tradeapi.jiedaibao.com
4bbc9bdb39d56df282416832f134f119,1156330200,89,tradeapi.jiedaibao.com
4bd4c2a0942de0abb94fc3af4882e442,1156330200,12,tradeapi.jiedaibao.com
4c96c0e7b871bd116ebc5adbfb458241,1156330300,1,tradeapi.jiedaibao.com
4cf7541322d90829327e1007e5f73f1f,1156500000,4,tradeapi.jiedaibao.com
4d56bafac42f5fe7125b0b931dcb3a23,1156331100,8,tradeapi.jiedaibao.com
4dc40dd89db1f9eb1776deb3624b325a,1156500000,1,mapi.yibeixxkj.com:8081/*
4dd743fe532bad3fdeb6ecd047397928,1156330100,1,tradeapi.jiedaibao.com
4e2be7eb0b987134c4f6d14221956b2e,1156330500,7,tradeapi.jiedaibao.com
4e2dd2263be77ad97076203ff2f93cb2,1156360900,1,tradeapi.jiedaibao.com
4e7d3d52806b895fd1e6558f46a3b9b7,1156330100,8,mapi.yibeixxkj.com:8081/*
4f4a89e39f3f59cbe36e2d81bafca6d4,1156331000,1,tradeapi.jiedaibao.com
4f6eadf484a97636938a703a25876f83,1156331100,15,tradeapi.jiedaibao.com
5063480449c453512236d2aed63835e9,1156330200,37,tradeapi.jiedaibao.com
50b52f5d962cfd0ecddc49bc713e49c4,1156330300,14,tradeapi.jiedaibao.com
50db1d043f79b9936701f6ffd6057fee,1156330300,9,tradeapi.jiedaibao.com
50ff8b7ecfbae266636ff611bc27e6a5,1156350300,3,tradeapi.jiedaibao.com
510ebb04d90c98e5ebaffdb6feb047bf,1156330100,13,tradeapi.jiedaibao.com
513a5707175babd72165eec91e991e5d,1156320500,27,tradeapi.jiedaibao.com
514be19acfe44253145bc65ad30637ef,1156330100,2,tradeapi.jiedaibao.com
518392822aa38363f40368aae7e1987a,1156330500,2,tradeapi.jiedaibao.com
520931cd5f2c313d015b678510ca6084,1156330700,6,tradeapi.jiedaibao.com
5267a202e2e9006de10218efaa8b183b,1156330400,8,mapi.yibeixxkj.com:8081/*
52690d04eb8e1a649e4b2c844fc8d9d9,1156321300,10,tradeapi.jiedaibao.com
5278281f5280aaf0694085876aa7e835,1156510800,10,tradeapi.jiedaibao.com
5279e805a556fcbf7eede68dbcbb642d,1156330300,2,api.qinqinxiaodai.com
52cabbff26674cf372b7a5fb8e6bb62e,1156330100,1,tradeapi.jiedaibao.com
52e321a116c0eff743f5c4273a5994ac,1156522200,3,tradeapi.jiedaibao.com
53b414ea2d76e63aef78939829e47474,1156330400,6,mapi.yibeixxkj.com:8081/*
5445c0d436eb2656551986d53ef17b78,1156330200,1,tradeapi.jiedaibao.com
546a8d142a99e5834eba340eb67d2dcb,1156330100,1,tradeapi.jiedaibao.com
546fe4904e2eb48fd1c6e48fb6e83b2a,1156330300,7,tradeapi.jiedaibao.com
54a57de3285699d3b34ae966876c03be,1156621200,716,api.qinqinxiaodai.com
55f8066532c3abacc4168cd8bdc21309,1156330300,17,tradeapi.jiedaibao.com
57e77d0ef1ef5015200680d33ee44cb2,1156330700,17,tradeapi.jiedaibao.com
57ed1acef60725508f9ab22c129d843f,1156431100,49,tradeapi.jiedaibao.com
58713401720fbef9589db5b7d3580e0b,1156330700,12,tradeapi.jiedaibao.com
590af650cd2930b27d66c1ec53b9274f,1156330300,6,tradeapi.jiedaibao.com
598fbeadb3c61f6f8c0c696d1193c6b5,1156330300,24,tradeapi.jiedaibao.com
59daf43056496c7651add29310af5650,1156360900,1,tradeapi.jiedaibao.com
5a15e9c6916ce9cfdad000206905bc00,1156330700,2,tradeapi.jiedaibao.com
5a226aa373a7f465950d163ecc318567,1156110000,18,tradeapi.jiedaibao.com
5a49cc2e9b1b0f719be1644641cbd139,1156360900,15,mapi.yibeixxkj.com:8081/*
5a64574e879b45574b5fbbc2b844584b,1156330100,11,tradeapi.jiedaibao.com
5a94d090f6be02823d4ef31d8a258856,1156331000,2,tradeapi.jiedaibao.com
5abc4d1d32e89646bf09f1850de2e084,1156330100,6,mapi.yibeixxkj.com:8081/*
5abe9f2baf32c3f5214479e6d5078ed5,1156330100,13,tradeapi.jiedaibao.com
5ad783ab612d59463ec2fe900c3ae8a0,1156331000,1,tradeapi.jiedaibao.com
5b0c775cb655c9cdffb7235b4f9b71c2,1156330100,4,tradeapi.jiedaibao.com
5c1624930a4f57edd2b8f6ca3f159e5a,1156520300,7,mapi.yibeixxkj.com:8081/*
5c22893eba69c01a01706236157cd622,1156330100,36,tradeapi.jiedaibao.com
5cb08425d5e8592ad0e17cda763a7c0d,1156331000,2,tradeapi.jiedaibao.com
5d0667c3696a73bb829a45e14c80b0bf,1156330100,2,tradeapi.jiedaibao.com
5d3053af59f0a2145f72cd14d94cb9c3,1156330500,1,tradeapi.jiedaibao.com
5d60442d110c2ee708f4cb21017d04a3,1156330700,4,tradeapi.jiedaibao.com
5dceb59fe32b067d13a0b48a19d8bbab,1156330100,13,tradeapi.jiedaibao.com
5e1455247e9138347681483f12a65670,1156330300,39,tradeapi.jiedaibao.com
5e67af0037b3a4481bae86ee541da396,1156330300,20,tradeapi.jiedaibao.com
5e6de6f953c79bf278c830cd786433e6,1156340700,7,tradeapi.jiedaibao.com
5ee51892f8ac6ddd1830c57c5f8338c3,1156330300,1,tradeapi.jiedaibao.com
5f11af83d0ff95640f859a7b0ac2643b,1156330300,57,tradeapi.jiedaibao.com
5f5a2fd0906203a46b17411f08abfa82,1156331000,44,tradeapi.jiedaibao.com
5f77002ec8d79221227b03da48ad18fa,1156330300,8,tradeapi.jiedaibao.com
60298e191deb01658d8144c2eba4d468,1156330900,47,tradeapi.jiedaibao.com
60e94d07c7c434e00f69a20358b0f612,1156330300,32,tradeapi.jiedaibao.com
60ffa769871e26afe54e866262c0248c,1156330200,1,tradeapi.jiedaibao.com
6130660294cb2489b5f128a1e7629f58,1156330600,17,tradeapi.jiedaibao.com
6155d892d908db793ac632e2e68cb87c,1156330100,2,tradeapi.jiedaibao.com
615f0e99087b626e3158be27f20f155c,1156330100,33,tradeapi.jiedaibao.com
6373b1fc620f3613965d87368449d1a3,1156331000,1,mapi.yibeixxkj.com:8081/*
63ef79d9421cf48d034c1cafc820ea54,1156330100,8,tradeapi.jiedaibao.com
6484a8532f53a1dc597f6cc26ab9cf64,1156350700,41,tradeapi.jiedaibao.com
64b42ddb61f4fd6cb1677ed5d1228d78,1156330300,27,api.qinqinxiaodai.com
64f2bbfb919b7f12b70f28096f0711c1,1156331000,1,tradeapi.jiedaibao.com
66b7f455e453a945a507f86bed593eb9,1156330600,1,tradeapi.jiedaibao.com
670cd040968d68370a6c61330fd2749e,1156330200,45,tradeapi.jiedaibao.com
672076bd767c73522de7e29f9e80cd8b,1156330400,3,tradeapi.jiedaibao.com
6774eda1b6654f9ac202cf0a6b7f09df,1156330300,2,mapi.yibeixxkj.com:8081/*
68533c0d4c7e4e670517b1e1a436c200,1156330100,8,mapi.yibeixxkj.com:8081/*
6870b0f7458b9f2299dc06bead781a13,1156330100,1,tradeapi.jiedaibao.com
688aba44311da640104ef0ab08dc6384,1156330200,1,tradeapi.jiedaibao.com
68fcca1873e60889e888e523920c4a60,1156421100,2,tradeapi.jiedaibao.com
69e2af11fd678bfe9eef789e1a3f411f,1156330300,2,tradeapi.jiedaibao.com
6a0a954b8da5342011667f2b696b42e3,1156330200,3,tradeapi.jiedaibao.com
6a604fdf382ddddbd2f220d2fe9ac646,1156330300,9,tradeapi.jiedaibao.com
6ad522d5ba33ff0f2194a1f9bef75629,1156330300,33,tradeapi.jiedaibao.com
6adb2ead065666fd319886d922e85183,1156120000,2,tradeapi.jiedaibao.com
6b616df001ecb15b7c0a68f15a0b443e,1156331000,15,mapi.yibeixxkj.com:8081/*
6b63a4c7dca92c711881c4b1e47e91a5,1156360400,6,tradeapi.jiedaibao.com
6b7dd7b8df515d953c99585d1ce62b7a,1156331100,43,tradeapi.jiedaibao.com
6c2be2a5412b6d57c088ca49e92d6dd0,1156331000,6,tradeapi.jiedaibao.com
6d327ec6ff34e8c3f91356b539ea2af2,1156430900,1,mapi.yibeixxkj.com:8081/*
6d4dad32f467e1f46671c69c983aa917,1156330700,1,mapi.yibeixxkj.com:8081/*
6e21e250c2281fa7c8bac05b903442f7,1156330100,59,tradeapi.jiedaibao.com
6e24941255cb6da5f2507bc7c9d42113,1156330400,5,tradeapi.jiedaibao.com
6e3e406b7c68cbdf909efc2f2f1a7b50,1156331000,5,tradeapi.jiedaibao.com
6e77f918450ea1e22dd1d64ec310e123,1156330100,4,api.qinqinxiaodai.com
6ebed79e4763378a8e5ba6ff1cd852ca,1156330200,10,tradeapi.jiedaibao.com
6ee9a2147f35783627b65a06d29f6aab,1156330300,2,tradeapi.jiedaibao.com
6f54487cdd4a4688a37159ef66af4083,1156510800,4,tradeapi.jiedaibao.com
6f5c7e593081f5c4c15bab0446e802e1,1156330400,6,tradeapi.jiedaibao.com
6f5fc46b37dacef2ca3d81dfd851a22c,1156330100,4,tradeapi.jiedaibao.com
6fa3529b3880b40f9bf530033991a369,1156330100,9,tradeapi.jiedaibao.com
6fdfb4d6e02f689d74eb8fb362b931a4,1156330200,1,tradeapi.jiedaibao.com
700c507c313e705bedef3e3a934eb4e9,1156331000,9,tradeapi.jiedaibao.com
70266a2372a53acc768bbcfc044faff1,1156341000,6,mapi.yibeixxkj.com:8081/*
702f23954185814e6b4386fd8d91a09b,1156330300,24,tradeapi.jiedaibao.com
7145ace980c65e5ae1327c095a36270e,1156330500,40,tradeapi.jiedaibao.com
7170bcc8b7d78c9f094d5d971e5d45b2,1156330100,25,tradeapi.jiedaibao.com
7198799937f034b803ebee5d4c1703a8,1156331000,50,tradeapi.jiedaibao.com
71e370173172e23034752af845b69630,1156330100,11,api.qinqinxiaodai.com
7227b69c02fa3ea2f90737af7b79c7a1,1156330500,8,tradeapi.jiedaibao.com
733361091455b5624573b2b4e52a4a7b,1156330200,5,tradeapi.jiedaibao.com
733b2e3b94c6ab36a67695367b18daae,1156330300,49,tradeapi.jiedaibao.com
734f202db67555ab3bfc01b3e6eb63cf,1156330300,1,tradeapi.jiedaibao.com
7377d3080eb9325e864a8482c138c2f5,1156330200,4,tradeapi.jiedaibao.com
746348d0f6e783fd510943136c61970f,1156320500,1,tradeapi.jiedaibao.com
7480e01831759c0b74b413bcb3a66b55,1156330300,13,tradeapi.jiedaibao.com
74fedac3009f6832cbc919cd7c05705b,1156330700,15,tradeapi.jiedaibao.com
752949c6f2f93554b92c25503fb897e0,1156330200,83,tradeapi.jiedaibao.com
7612317f5533d4720b12a358bfa42ad1,1156330700,36,api.qinqinxiaodai.com
765e72353c042a3fce495aff79fcf7b3,1156331100,3,tradeapi.jiedaibao.com
76cf42ef9ee54575d78df277bd31cb00,1156340800,30,tradeapi.jiedaibao.com
77fa568c778e0f9b3b86ea271f1aaf99,1156330700,27,tradeapi.jiedaibao.com
780e0400aac5ab98ae5c0b6c96e9b9ea,1156330200,9,tradeapi.jiedaibao.com
782af1e30942806ea690051ed6a114ad,1156330300,58,tradeapi.jiedaibao.com
78517f7badf693de69a01ee97292542f,1156500000,1,tradeapi.jiedaibao.com
7856580c7f508a30517159d13c051b73,1156341200,55,tradeapi.jiedaibao.com
785e30fc90628c87de242b0643691336,1156330100,11,tradeapi.jiedaibao.com
79200289b0e517f579aebe42e9cf13a5,1156330100,2,tradeapi.jiedaibao.com
793d191e97c2b0fdf1ce00573bbaa304,1156520300,23,tradeapi.jiedaibao.com
7947ae98ec26c93b827ed502c671352d,1156330300,40,tradeapi.jiedaibao.com
795202f64c2bf89372a76674d26247dd,1156330200,5,tradeapi.jiedaibao.com
79a3a495c809f2bff1f55ef84440b24e,1156610500,3,tradeapi.jiedaibao.com
7a06f7cc11f14db55d8acb99531fc758,1156330100,29,tradeapi.jiedaibao.com
7a98d4cac66139f55e0d79ae1d2e38eb,1156330300,15,tradeapi.jiedaibao.com
7aa287b583a7659e456b5751f4e0a142,1156341500,10,mapi.yibeixxkj.com:8081/*
7b69fd6777dce7005bf15d3e94b55bde,1156330700,3,mapi.yibeixxkj.com:8081/*
7bc5f652c596254e4f1b07cb3edf793c,1156330500,326,tradeapi.jiedaibao.com
7be680af6c59b13f03e53d04616e9161,1156330200,58,tradeapi.jiedaibao.com
7c438e6456cc4942b61cbae7948e7e4b,1156330700,6,tradeapi.jiedaibao.com
7c6c80ec5210d63e377e0427db179c51,1156330100,3,tradeapi.jiedaibao.com
7c772759e386f9d88c20feaa4b4b362e,1156331000,7,mapi.yibeixxkj.com:8081/*
7cf8bc1098ca599d0526521488375e61,1156330700,7,mapi.yibeixxkj.com:8081/*
7d1f3ecccfd0468049dcb10202fa8f1e,1156411400,36,tradeapi.jiedaibao.com
7d8ac64c1f6f8956de2eff07a8806c1e,1156330700,7,tradeapi.jiedaibao.com
7db3b1f400d3a43daab3239dc89a9c2a,1156330300,9,tradeapi.jiedaibao.com
7ddb231af24c6ffb4ccbf2d8c9c0bd6b,1156331100,6,tradeapi.jiedaibao.com
7e418902589804004585c4dbad5bf9f2,1156330300,2,tradeapi.jiedaibao.com
7e4e02965d4951c9af595ea82e4e51f6,1156330300,17,mapi.yibeixxkj.com:8081/*
7e9923e1d3e1b7440c397fbf5cbf035a,1156330300,28,tradeapi.jiedaibao.com
7f0ec5bec53058a48c6b53f58923a019,1156330200,35,tradeapi.jiedaibao.com
7f158416c308995a71705b59dbab59d2,1156330100,1,tradeapi.jiedaibao.com
7f5ce7267d0e5440d1446bcb606ee70b,1156331000,88,tradeapi.jiedaibao.com
7f7d90e2685d40f975384c877a81113d,1156330300,50,tradeapi.jiedaibao.com
7fadca2e6c5b7df65269d75191d9fa02,1156330400,9,mapi.yibeixxkj.com:8081/*
804f5b9ccb79edf5f1b11d6f1479eb2f,1156330700,55,tradeapi.jiedaibao.com
8069556db65526871312d94a6b9bdd3e,1156330300,9,tradeapi.jiedaibao.com
8078865fde1fa1d8b99ef1a6538c2d8a,1156330300,5,tradeapi.jiedaibao.com
80bd7cc267d361e9e3a13b6072dfc504,1156331100,5,tradeapi.jiedaibao.com
80d9355e33a60a6af51f2890dcbf2647,1156330100,1,tradeapi.jiedaibao.com
811b4a38a662f0cf05f92e8d221909ea,1156330100,32,tradeapi.jiedaibao.com
822d1a8ea4563cedff694dd63037ef88,1156330300,27,tradeapi.jiedaibao.com
825ad3bdf51a755405f24b540c07a119,1156330100,4,tradeapi.jiedaibao.com
82edf01344c97387944ffaa015c4e183,1156330400,28,tradeapi.jiedaibao.com
82f305696c24b20c3c561cc78bc60b19,1156360900,3,tradeapi.jiedaibao.com
8402ab2579a45f6f48d699bba683dabe,1156330200,17,tradeapi.jiedaibao.com
8406f19b7a92f4950e57785a338f1404,1156530600,10,mapi.yibeixxkj.com:8081/*
841adafeafb7be9258944c4ee08c4ec4,1156330400,2,tradeapi.jiedaibao.com
842a0ae5c4ba5fa2ed18666614b11e46,1156530600,1,tradeapi.jiedaibao.com
853ee08d1ddc264c4d0db65c3cb35141,1156330200,16,tradeapi.jiedaibao.com
854f7b5d671109f9bec175d497146b16,1156330300,9,tradeapi.jiedaibao.com
859e6c03a2ebc6218b8cf78a274cb579,1156360400,5,tradeapi.jiedaibao.com
85d5530b84100eda016dededf4de3fa9,1156512000,7,tradeapi.jiedaibao.com
86383206ed64035bd3f16a5c45a78e3d,1156330100,104,tradeapi.jiedaibao.com
866b739ea6fe0b2c6cbf51536805f7df,1156440100,5,mapi.yibeixxkj.com:8081/*
87654a518b8cb1de1786516867481050,1156410100,60,tradeapi.jiedaibao.com
87795e516ba3ed0cc8a448b08567d181,1156330700,23,tradeapi.jiedaibao.com
8802b5acc95073d090a5dd4e03d8fe93,1156330700,24,api.qinqinxiaodai.com
8851bd3596cddf3f14d93ee1762e3600,1156331000,4,tradeapi.jiedaibao.com
88b28cc94a288830988aef69709d180b,1156330300,2,tradeapi.jiedaibao.com
88dda1a5088c08dda4edf76aaa1e8fc8,1156330100,18,tradeapi.jiedaibao.com
89d4cfe57f6347269a3a54bd288c4800,1156330200,2,tradeapi.jiedaibao.com
8a285c3c780e247f9d3ac0e7bdf4c465,1156330100,45,tradeapi.jiedaibao.com
8a3c17e5563be84fb9014a0e4732fa57,1156331000,4,tradeapi.jiedaibao.com
8a3c7f93863004a4a6dc2f1076e46ecf,1156330300,3,tradeapi.jiedaibao.com
8a4fd1e3cf39306505013ffc0d11131b,1156331100,3,tradeapi.jiedaibao.com
8b0346a57ebb4eb2b42d5b7393fd0b25,1156330100,1,tradeapi.jiedaibao.com
8b5d448dee2ca6e7fe44759463ed16fd,1156330300,2,tradeapi.jiedaibao.com
8baba52a457789783fc35d7a4dab3c5e,1156330300,203,tradeapi.jiedaibao.com
8be786ac8940fb68a34730c5ec1f3739,1156330700,1,mapi.yibeixxkj.com:8081/*
8c28e70c306e5c6de599897ea4e65174,1156330200,50,tradeapi.jiedaibao.com
8c441deead3d688825670f38cf4f53a2,1156330800,10,tradeapi.jiedaibao.com
8ce49e76bb0264de4544d63196df56bf,1156330100,3,tradeapi.jiedaibao.com
8d0195d68ee435c671fbb6d2b297322c,1156330200,3,tradeapi.jiedaibao.com
8d5f3069eab03255d222293a77559420,1156330300,33,tradeapi.jiedaibao.com
8dd12a18d45ed155a01aaad4f329f07d,1156330100,1,tradeapi.jiedaibao.com
8df9617f525dfc8e9be13d32b1267f39,1156511600,16,tradeapi.jiedaibao.com
8e1a122739f9d7792d8ea4768ca31488,1156330100,308,tradeapi.jiedaibao.com
8eebcb919b8f2604e139220b7585690b,1156340700,11,tradeapi.jiedaibao.com
8ff4a9e82b630a5e90e02afb2b6f3e3c,1156330300,4,tradeapi.jiedaibao.com
9019bd506f4a0f5c4a0b6a3f9ba36aec,1156330300,27,tradeapi.jiedaibao.com
90961c7e79029d849149dd17f24ce8fd,1156331100,15,tradeapi.jiedaibao.com
90f692535b68244d2a5b6f105bf1fa6e,1156330100,22,tradeapi.jiedaibao.com
9115d99ce16e6a9ac7dadfbcb9b71031,1156330100,2,tradeapi.jiedaibao.com
91a9454d1f079f907d5c0e2d4eba1735,1156330900,4,tradeapi.jiedaibao.com
9356ba1398afb9450c1697cca3f4cef1,1156430800,13,mapi.yibeixxkj.com:8081/*
9380cb3780b0a69c2304d1668f77a309,1156330700,5,tradeapi.jiedaibao.com
93d8fc4ac824dd00884d17fe4a4172bc,1156330300,53,tradeapi.jiedaibao.com
93f5759d3274aeda0cf60ebac0ab50b2,1156341200,27,api.qinqinxiaodai.com
945eb6b6746abafa8cbd304a57d0ecb3,1156330100,97,api.qinqinxiaodai.com
948d53544e7102f5414c4fa04cd737ec,1156330400,14,tradeapi.jiedaibao.com
94f4f6d868b209c6cc7e7e0b8c8ba832,1156330300,2,tradeapi.jiedaibao.com
953a61cfb4bdeae64945f025020e6a69,1156330100,38,tradeapi.jiedaibao.com
957b5ce7fd976184a8cad12f5f3333b3,1156330300,8,tradeapi.jiedaibao.com
9667e46dd204c287c92d96bcc09608cc,1156330300,116,tradeapi.jiedaibao.com
97084cf5201505f3ef0f03a759e3b459,1156330300,44,tradeapi.jiedaibao.com
9744dcf60fa330929808ea86876a01ce,1156330300,2,tradeapi.jiedaibao.com
97e97d2b0ba0db493ed3fadc5c5f539c,1156330200,11,tradeapi.jiedaibao.com
98942f3b3632fa65284226516e80e53c,1156340600,7,mapi.yibeixxkj.com:8081/*
98a3c97f9e88e08d15fb593a93816e3f,1156330900,22,tradeapi.jiedaibao.com
98acf0a3d89b31df2b6cddd5fc5bfd81,1156330400,4,tradeapi.jiedaibao.com
990120ef4ee8ad06101f3099b7b120bb,1156330100,2,tradeapi.jiedaibao.com
990ea72a269ca670dd6f4ab04e5c2133,1156310000,20,tradeapi.jiedaibao.com
9919d06089d19adf368b87a1ebc9e00f,1156330800,27,tradeapi.jiedaibao.com
992e58b8862f66af005619d14db5d61a,1156360400,14,tradeapi.jiedaibao.com
9a1ebcc7ab1b37279e392e42fd720fd1,1156430700,6,mapi.yibeixxkj.com:8081/*
9b6407720120f653c6d21a0c6d41f70f,1156310000,10,mapi.yibeixxkj.com:8081/*
9b6d1a4c27ae2dd384b3dfcb4e40272a,1156330200,56,tradeapi.jiedaibao.com
9bca9caf81242320a8b663a450691a70,1156360900,23,tradeapi.jiedaibao.com
9c0f8257c0acb2a0f738d8a0bffca4ef,1156330200,17,tradeapi.jiedaibao.com
9c2efec6fbab36a6b13cbd94506ab13f,1156330700,2,tradeapi.jiedaibao.com
9c503d44c3891a82b716b25a47f96332,1156330100,9,tradeapi.jiedaibao.com
9cac79942ccea98be406ba2281fd0e15,1156330700,8,mapi.yibeixxkj.com:8081/*
9d605fa6d5f422c067f8ad006fb8bf3a,1156330800,13,tradeapi.jiedaibao.com
9d70cc74ccd539e200bf727cfb4c7bdf,1156330100,3,tradeapi.jiedaibao.com
9d94811e208089f854fdc5927f06ada7,1156330200,4,tradeapi.jiedaibao.com
9e2622aa5b909ea5c052d3b061c4ab89,1156331000,64,tradeapi.jiedaibao.com
9e72a7becd463a0ad732fc0a7bf174d4,1156330300,9,tradeapi.jiedaibao.com
9ecc16570d59e1417249fa75483a6eb7,1156330300,32,tradeapi.jiedaibao.com
9fe161fd8ce605fd9fe975991fb9eca8,1156331100,1,tradeapi.jiedaibao.com
a018a534b662ea676c809d9d7e6c4324,1156330300,13,tradeapi.jiedaibao.com
a02c3f1f92ab1bea6c9adc1aa614f600,1156330100,4,tradeapi.jiedaibao.com
a047807381f69b2b905717d2889ea4e7,1156330700,16,tradeapi.jiedaibao.com
a05f782547bc9fc5718e4771f45ac3d7,1156330300,18,tradeapi.jiedaibao.com
a0db14c0ed3e54b7a9c884c62b4923a2,1156330300,22,tradeapi.jiedaibao.com
a0ec3b93ac4b680eb92998d6b2a73c0e,1156330200,1,tradeapi.jiedaibao.com
a141be7e8fc6ba7f1e1a411b523d7747,1156330400,13,tradeapi.jiedaibao.com
a1d33f0cdbaef44fbe451d1f62c2959c,1156330500,8,tradeapi.jiedaibao.com
a1ecdfdf83497e9fe482820f40e43880,1156330700,8,tradeapi.jiedaibao.com
a1fe15b86df154826e1f8f831e90cb80,1156330100,63,tradeapi.jiedaibao.com
a248588c566568d3d269423c4406dfe1,1156330300,6,tradeapi.jiedaibao.com
a29cc5d5e488f160bb7863cd0e2e4f46,1156110000,5,tradeapi.jiedaibao.com
a2d96b17fee474804db96a169f7747ff,1156330900,4,tradeapi.jiedaibao.com
a37ae299abcb0ffb74c669f369e28817,1156331000,9,tradeapi.jiedaibao.com
a3a623c1926c99ba80c74a944c795f90,1156330100,15,tradeapi.jiedaibao.com
a4160690bd0a2dac0ba36a0c4e60cf33,1156330100,25,tradeapi.jiedaibao.com
a41934e27efbba66934defce1994fffd,1156522300,2,api.qinqinxiaodai.com
a45973bca51a5c65b5dca2d1cc38fa95,1156610100,1,mapi.yibeixxkj.com:8081/*
a4f8050588cd8bdc87da40f3056cc415,1156331100,3,tradeapi.jiedaibao.com
a50a25671e82eddd12fff5cea09d21c2,1156330300,7,tradeapi.jiedaibao.com
a5755115e5f7118d56589cb603e06723,1156330200,31,tradeapi.jiedaibao.com
a63efb8b269b094f9ec27db97be98cce,1156330600,10,tradeapi.jiedaibao.com
a6a8317cfd0692340baa5091848c2f3c,1156330200,20,tradeapi.jiedaibao.com
a71c39092a4d651119dd955921a31ff8,1156330700,11,tradeapi.jiedaibao.com
a751bf0ee39b46912da6872016d66b00,1156330500,26,tradeapi.jiedaibao.com
a7f5d1a9e8977aea977986d84ba494af,1156330100,8,tradeapi.jiedaibao.com
a851445abb160c23d45d2aa8c9280895,1156330300,13,tradeapi.jiedaibao.com
a860aa0a6a689cc2fbb959c474d3cec9,1156320200,8,tradeapi.jiedaibao.com
a9939504c75216fcbe641cac6f0964ad,1156331000,6,tradeapi.jiedaibao.com
aad1718ed8561707caecf5289c26cf8c,1156330100,29,tradeapi.jiedaibao.com
ab0d6c5f6333c28645c64ff09c00b74a,1156330300,64,tradeapi.jiedaibao.com
ab1095c30b906df4ccc0e827c32d4133,1156330200,1,api.yrw.com
ab571e2e66b4de8367466400fc196501,1156330400,5,tradeapi.jiedaibao.com
ab7350745e61b1b90542a9975ecdbad4,1156330200,160,tradeapi.jiedaibao.com
aca0fac84afa695be196eba1a28b6a5d,1156330200,12,tradeapi.jiedaibao.com
acccfeb08f8662683d549f97399f59d4,1156330100,1,tradeapi.jiedaibao.com
ad43f619b64465eece48b25ae84f2184,1156330300,1,tradeapi.jiedaibao.com
adc4ef051ac08e780f84fb206ace504c,1156330200,8,tradeapi.jiedaibao.com
adc568b6bc78606afd7f22ded52bae74,1156330100,12,tradeapi.jiedaibao.com
adef9a9a40e525d20a2ba75d3c12a1a2,1156330300,98,tradeapi.jiedaibao.com
ae119f49e2d8d2e1dbdacce3142400b3,1156330200,85,tradeapi.jiedaibao.com
ae19f1200566fd9d6ae2307090afcdc9,1156320900,20,tradeapi.jiedaibao.com
ae2c2fe741844cf6975a58005c91d09b,1156330100,3,mapi.yibeixxkj.com:8081/*
ae47e3151c79202e7d29ae6f95db1bf9,1156330100,4,tradeapi.jiedaibao.com
ae72f1b8fbe3210b02e63dc8e30e6fec,1156330200,109,tradeapi.jiedaibao.com
ae7fe7a153615166f4d514f765dadfdf,1156330200,1,tradeapi.jiedaibao.com
aeec9725322be5c4afb833259c98f90a,1156330100,18,tradeapi.jiedaibao.com
aeed9dc48ec210c71970f58a402d2f71,1156330600,2,tradeapi.jiedaibao.com
af1c3be126b19c4bb2d9a6233a992b8d,1156330400,62,tradeapi.jiedaibao.com
af95b0c4909c30f9948ca67e033b8dd7,1156330300,4,tradeapi.jiedaibao.com
afb9a0ecba9322e31fe8cf69a0194653,1156330700,24,tradeapi.jiedaibao.com
afe38d0ddea72537b9e8459eab72a8ea,1156330100,26,tradeapi.jiedaibao.com
affe3d540c4beb7b512282ef875fb733,1156330100,1,tradeapi.jiedaibao.com
b001f9ce07670f8bafdefe6971af3a9a,1156330300,8,tradeapi.jiedaibao.com
b00ebe4009f1e48d7236af51ed7d62e1,1156330100,5,tradeapi.jiedaibao.com
b08ae039eaee46fe61082d5cd35f406e,1156330100,18,tradeapi.jiedaibao.com
b0b82a8d0b9365d5265d298819c82add,1156450900,3,tradeapi.jiedaibao.com
b10f990655d9cbe86ebc31778d8e6979,1156330100,15,tradeapi.jiedaibao.com
b1189a60a9f33f5d71dad8349924d60b,1156330200,226,tradeapi.jiedaibao.com
b1433ad232d9a527ab7a892cafbe6c8f,1156330100,2,tradeapi.jiedaibao.com
b18e0e10b31ca5bf7c7444bb2122d52f,1156330100,5,api.qinqinxiaodai.com
b1b8025b476d5cb2f5326e9d82cbb11f,1156330100,4,tradeapi.jiedaibao.com
b1c07add64d462ce04c5e535f467c3fe,1156330100,2,tradeapi.jiedaibao.com
b1cfff67188d9985feaacd3a974648e6,1156331100,114,tradeapi.jiedaibao.com
b1d3bc7be894f3b7adeb79ad8f99d9dc,1156330300,18,tradeapi.jiedaibao.com
b204909fd413aaa23797625a10163c46,1156330300,6,tradeapi.jiedaibao.com
b21ac45356e4314190a6816479c3c814,1156440100,84,api.qinqinxiaodai.com
b270e449ce0575f1f4829e11c69531a3,1156330200,227,tradeapi.jiedaibao.com
b272a2b26e5d2d64019d382ffa38821e,1156331000,9,tradeapi.jiedaibao.com
b27a55cab56d58fa9b87406fec70ddcf,1156110000,13,tradeapi.jiedaibao.com
b28dadb6ff8f9b547bf9eb0f57ea4896,1156330700,65,tradeapi.jiedaibao.com
b2be25d42f7bc35fac3a56949a78bb08,1156330100,1,tradeapi.jiedaibao.com
b2dee0946be06479bc7e712778700af3,1156330100,3,tradeapi.jiedaibao.com
b2e71c97353b1aa1da10dffd7d89f80d,1156330200,14,tradeapi.jiedaibao.com
b407a66cb6c4c24e3c8ab677c87f5f86,1156330300,2,tradeapi.jiedaibao.com
b460d83ed281aad92d2639e8b21c634b,1156350900,28,tradeapi.jiedaibao.com
b489ad68c0952931d31b616873d2d700,1156330300,18,tradeapi.jiedaibao.com
b4913dfba77e5730896e2fde26b6eef0,1156330200,140,tradeapi.jiedaibao.com
b4c8c40419fb1d4185dd228f821e7892,1156330100,1,tradeapi.jiedaibao.com
b555ece0e17d83294a7d1b81a48a9955,1156330200,2,tradeapi.jiedaibao.com
b5586e8ec4eaa442ebcd7221124e09d4,1156330400,2,tradeapi.jiedaibao.com
b5d53b3732084c0e9e4fdb48b3b4ac35,1156330100,1,tradeapi.jiedaibao.com
b62dcfacd1a9c3305c0b88db423930f3,1156350900,6,tradeapi.jiedaibao.com
b6956df6862fb551b285858c0a592f97,1156330200,24,tradeapi.jiedaibao.com
b6d048ecd44fa5f889235d0898c6af84,1156330400,52,tradeapi.jiedaibao.com
b6e3d0d4465fea4e14db4e82e4e23f51,1156330100,12,tradeapi.jiedaibao.com
b7145524b079909079439c9ec1d85d0c,1156330300,37,tradeapi.jiedaibao.com
b7208f968c05060fa36f87803e6ee3fe,1156330200,61,tradeapi.jiedaibao.com
b750a13c2d62e47cbc8d10ba07897d1c,1156330200,1,tradeapi.jiedaibao.com
b78f94faf777f019c077b6889011b289,1156331000,6,tradeapi.jiedaibao.com
b8bd0e591ef2e9a7bf8cfa6dc4a213b4,1156331000,10,mapi.yibeixxkj.com:8081/*
b928af6437696523b136885cf949c9d7,1156330600,46,tradeapi.jiedaibao.com
b9752e4daa070b86fd196e7b958a9601,1156330100,139,tradeapi.jiedaibao.com
ba07fd099fc72764d4289d90f62e4d3f,1156330600,43,tradeapi.jiedaibao.com
ba248015ec71b1424bc3a034487e9ecf,1156440600,7,mapi.yibeixxkj.com:8081/*
bae24c44988fb6e331e6abb90fad4634,1156330300,12,tradeapi.jiedaibao.com
bafa7a117d4c431697ef0390e64f1777,1156331000,10,tradeapi.jiedaibao.com
bbb876d59cc0915908500f455f6df463,1156330200,36,tradeapi.jiedaibao.com
bbe3c9ef5cd8e9f6cf09928a347ccb41,1156330500,17,mapi.yibeixxkj.com:8081/*
bc9a071addfa8bd39cb0a49bd4e131aa,1156330800,8,tradeapi.jiedaibao.com
bc9e6f73935d5a141f776c87fce000ec,1156330300,6,tradeapi.jiedaibao.com
bd2536f6ba3ba825331165db662f5325,1156331000,2,tradeapi.jiedaibao.com
bdb7956ecaf09db34dea2a3ebdec17c8,1156330100,1,api.qinqinxiaodai.com
be154259c34f094956dc821abdbe2976,1156320600,5,tradeapi.jiedaibao.com
be446b0a1a1eeb4a936648f7cab9c09b,1156331100,35,tradeapi.jiedaibao.com
be473d03f343eb53990dcf13a20e0e0a,1156330200,126,tradeapi.jiedaibao.com
be7fedb2445d45692c608f1b60fb05d0,1156330200,342,tradeapi.jiedaibao.com
be93c947ed1998701979d14d8b726dfe,1156330200,11,tradeapi.jiedaibao.com
bee80e6f62e372e90d23a82710716136,1156330200,38,mapi.yibeixxkj.com:8081/*
beff969823905c8765fe6b307333dfba,1156130500,12,mapi.yibeixxkj.com:8081/*
bf1b45af0fbb294ad27cb85dd99cbaa4,1156331100,66,tradeapi.jiedaibao.com
bf2fbb82cdb0df891be0a47beb8a41c7,1156320500,12,tradeapi.jiedaibao.com
bf528e1ccbd96e53d7657e072575e31f,1156330300,7,tradeapi.jiedaibao.com
bf84accef7390fe54a7bd6841133c694,1156330100,8,tradeapi.jiedaibao.com
bfc20501cc7b5b844b2bfe29048052e7,1156330100,22,tradeapi.jiedaibao.com
c029f032fbeaa6d22c2d021aa7ad62d7,1156330300,23,tradeapi.jiedaibao.com
c058e9d02a3f76172c1767ed203476e4,1156331000,1,tradeapi.jiedaibao.com
c0d56792c76a020f655c58c32fac32bd,1156330300,62,tradeapi.jiedaibao.com
c11b7b250ae35827a38798d2fc93fecf,1156330900,64,tradeapi.jiedaibao.com
c146b24770d1af51ac9078574df1bcfe,1156330100,9,tradeapi.jiedaibao.com
c29bde2d7c7282759e53599992293112,1156330800,8,tradeapi.jiedaibao.com
c2b0229da36d229464b03ad37ffbc08d,1156330400,16,tradeapi.jiedaibao.com
c319e8aecfdd287d743e6557c182326b,1156330300,23,tradeapi.jiedaibao.com
c32073d9a12d7f2d27699e600bd1ab67,1156330100,22,tradeapi.jiedaibao.com
c3ef1da172e0a04c97860ae9e0ac5d60,1156330600,1,tradeapi.jiedaibao.com
c4385654ce845d41d513d158314721cc,1156330100,7,tradeapi.jiedaibao.com
c455e040e5cffc327e00a5503857af8d,1156330200,1,tradeapi.jiedaibao.com
c4a54995a3eee2ba3433c4a5c19f26f2,1156330400,29,tradeapi.jiedaibao.com
c57ace5d462e8abb60a322700b47ea34,1156360500,3,api.qinqinxiaodai.com
c5bc04498d518b2ee5e8579f062a2367,1156330300,62,tradeapi.jiedaibao.com
c5d324c06070b8d5bc902fb3362a8052,1156330200,353,tradeapi.jiedaibao.com
c657a8523f8d8003c926193f905b1eee,1156330600,75,tradeapi.jiedaibao.com
c6a218c56bbcdc03232c8a22e7aef73c,1156330300,10,tradeapi.jiedaibao.com
c6a89dd0468e1a490babc2577e105010,1156330200,15,tradeapi.jiedaibao.com
c75f23a325aa6a63f1fc2e54a06aa9fc,1156330200,2,tradeapi.jiedaibao.com
c7623cc082187d5c70240289a58dc235,1156500000,25,mapi.yibeixxkj.com:8081/*
c774a9df275ad521291d619158dff8b4,1156330100,1,api.yrw.com
c7cf4e33dde5a32751366200682f1c48,1156330100,14,tradeapi.jiedaibao.com
c8054f9f35ddf8b17d20247937c63179,1156330100,16,tradeapi.jiedaibao.com
c836e673e9b9cd9faec2270b61dbc3a8,1156330100,53,tradeapi.jiedaibao.com
c891c188bdef1e0c52c76d024e880337,1156330300,61,tradeapi.jiedaibao.com
c984fde047ae30f5e95651510b3d5de8,1156330200,27,tradeapi.jiedaibao.com
c9bbc8132aa42f81d43fe42a4473417e,1156330600,2,tradeapi.jiedaibao.com
c9f9b1adbb513bafce5340528eb8296f,1156500000,69,tradeapi.jiedaibao.com
caab7dcfae577b9025d5a9903dc38b3f,1156330300,18,tradeapi.jiedaibao.com
cb4ee5d9100d72da77c0bcbcd7718d6c,1156430600,20,tradeapi.jiedaibao.com
cb53d23433673821c3ca3a9816d0055f,1156330300,4,tradeapi.jiedaibao.com
cc1ed50d21899ce6044c41b58c37113f,1156330100,27,tradeapi.jiedaibao.com
cca8fb34279f032b9349e3e7da04015d,1156330200,95,tradeapi.jiedaibao.com
cccb3f91b4abb82c451b13ac8023815c,1156330300,14,tradeapi.jiedaibao.com
cd4722b7a174ec66783ff0e1b150ed05,1156330100,4,tradeapi.jiedaibao.com
cd594ca2ab48569dbc2619796572b1c2,1156330300,21,tradeapi.jiedaibao.com
ce08977523d39470f2b6c3ae723cd2aa,1156330300,15,tradeapi.jiedaibao.com
ce30da3c271b9d9a5402ba6069c022f5,1156330200,3,tradeapi.jiedaibao.com
cea369a640d0fcb06f24de200be0d1e0,1156330300,87,tradeapi.jiedaibao.com
ceb010972bfd788a954440d6a2a6e13e,1156330400,4,mapi.yibeixxkj.com:8081/*
cef2fef1761f025bd2441c3982f8a5a9,1156330300,1,tradeapi.jiedaibao.com
cf5413f36bf2be92b82b173c7e03371a,1156330100,1,mapi.yibeixxkj.com:8081/*
cf5571277d051e47377dfc76861f1106,1156330100,12,mapi.yibeixxkj.com:8081/*
cf71ebc277532507fa31f36f058664f0,1156331000,2,tradeapi.jiedaibao.com
cfc870817222d5ae7b2d3927f01c24bf,1156330300,10,tradeapi.jiedaibao.com
cff2d822d01f43b83931b63aa710e89d,1156330300,1,tradeapi.jiedaibao.com
d07157c8cf0bfb3fccd8bbc8ec1e3047,1156330100,44,tradeapi.jiedaibao.com
d0e8548429039fe129eaf31601a06eef,1156330300,10,tradeapi.jiedaibao.com
d1d59a49c24f978de4b0f9025b2c6584,1156330300,16,tradeapi.jiedaibao.com
d2336f4cc9901aa4bbf898442756d3e2,1156360900,25,api.qinqinxiaodai.com
d267d8bea8d74ba5b5bb0c9efc4a1d80,1156330100,6,tradeapi.jiedaibao.com
d2af415d998a500624a5928e2f90c96f,1156330100,468,api.qinqinxiaodai.com
d2c84208358b1b69b53700c12bbe4e99,1156330200,1,tradeapi.jiedaibao.com
d36fd0a6da5fa253f8724caa0e23e9ea,1156330100,9,tradeapi.jiedaibao.com
d3b3496b3518958f34250087a8e5902d,1156520200,1,mapi.yibeixxkj.com:8081/*
d48806525d26766ae304cb629085a9b3,1156330200,15,tradeapi.jiedaibao.com
d4a9b871f2225302cd16c7dadf622b29,1156330300,190,tradeapi.jiedaibao.com
d53644896ac69e945b594fe99ed6d366,1156360700,5,tradeapi.jiedaibao.com
d597d2fc6c267c7cf03960f6cf68f36b,1156330200,45,tradeapi.jiedaibao.com
d5aecbc34d93465559b889cdc39dcb5d,1156330100,2,tradeapi.jiedaibao.com
d65d8c82342ff21c027d97416d2838c9,1156330900,1,tradeapi.jiedaibao.com
d7c238e5dfb7871e184c2c277b10c77b,1156360900,10,mapi.yibeixxkj.com:8081/*
d8478271e6e3c26e15ffd8408bd5378d,1156330200,21,tradeapi.jiedaibao.com
d98a12e8f5491d4cba8c24f6df49602d,1156330200,3,tradeapi.jiedaibao.com
d9a7bba335cad4c7d2a3bd887af7a139,1156330300,68,tradeapi.jiedaibao.com
d9db9dce69308cd816b65cf4fad977b7,1156330100,8,tradeapi.jiedaibao.com
da3143e12610e765671e1d7288c14521,1156330200,5,tradeapi.jiedaibao.com
da4835d344961bf8ed6fcdf2940d040b,1156360900,8,tradeapi.jiedaibao.com
da9d0dd25bd6a74ce7dc4e287d35aca8,1156330300,4,tradeapi.jiedaibao.com
dac34f8e7262296346912942467d3dc0,1156340200,47,tradeapi.jiedaibao.com
dafaa04ff844718d696cfc34ebc73632,1156331100,5,tradeapi.jiedaibao.com
db03e2c3800c681eef697585c39b658d,1156330300,4,tradeapi.jiedaibao.com
db4ade54269b897fec69fd1cbb8dd07d,1156330100,31,tradeapi.jiedaibao.com
db55b59f52d1e7b12cbbb750c3eea116,1156310000,1,tradeapi.jiedaibao.com
db5e7e4d9f9721fabfec165d6f23d06e,1156330800,62,tradeapi.jiedaibao.com
dbe02b95af2000a50132b8ae5063bd16,1156330300,29,tradeapi.jiedaibao.com
dc544409fe03ca7ba617133aaa88fbdb,1156330700,16,tradeapi.jiedaibao.com
dcf07fa4f26da70e6c959116b84f5bf3,1156360900,20,tradeapi.jiedaibao.com
dd9c5598d5869464c40000168fb25128,1156420800,1,mapi.yibeixxkj.com:8081/*
ddfd6a55ceb7b92891035a661b76d76b,1156330700,11,tradeapi.jiedaibao.com
de6a204e470fb674aa95af3b5dca23e4,1156330200,3,tradeapi.jiedaibao.com
de7ec80b25cc095fb2baa4d892c88027,1156330300,10,tradeapi.jiedaibao.com
dea36ab76d7bfdf072266f92dad7f85f,1156330700,39,tradeapi.jiedaibao.com
df533034258ef7fa01af290651c51e77,1156442000,1,tradeapi.jiedaibao.com
dfdf359da3fc4b41c0623cb06d7f3ef2,1156330500,2,tradeapi.jiedaibao.com
e04b4be1f79b8d3e7d59407fe4619ea3,1156330300,22,tradeapi.jiedaibao.com
e0a3ec685492ee4e52a6beed443efae4,1156330600,2,mapi.yibeixxkj.com:8081/*
e0e68cd398d638e87e2f339acd563f2a,1156330700,6,api.yrw.com
e0ef777ee9be4a1591d4260d1b767473,1156330500,3,tradeapi.jiedaibao.com
e0f3edb5966c14babd281bef1a6e981d,1156330300,41,tradeapi.jiedaibao.com
e21374fcad951f29e279b0d097dd9a95,1156330300,2,tradeapi.jiedaibao.com
e26e35f47d6c10a2bab8f7e345966622,1156330500,1,tradeapi.jiedaibao.com
e2c6bf47f0a77405096b3bf4bac20a21,1156330300,76,tradeapi.jiedaibao.com
e304d697ce93e3c9b2c84d9a3bfb8365,1156330300,32,tradeapi.jiedaibao.com
e39439d0b9e82dcccccd6d99b4600291,1156330700,23,tradeapi.jiedaibao.com
e3cef0f3303f2784f641d715bf9e96bd,1156330200,4,tradeapi.jiedaibao.com
e415c2d16b5bfcff4655f31ebfacbc50,1156331000,10,mapi.yibeixxkj.com:8081/*
e4fce2fe847a3063164877da3c61db59,1156330200,11,tradeapi.jiedaibao.com
e50f9ffe6763492f1b73773b9c2ce30d,1156330300,2,tradeapi.jiedaibao.com
e5375f471eabbcee990b2ed7954189e5,1156330300,1,tradeapi.jiedaibao.com
e55189975e47b730205324c6ba834f73,1156330300,34,tradeapi.jiedaibao.com
e57f0645c3d8a0b8a0cdf0b76f66f252,1156330200,31,tradeapi.jiedaibao.com
e5d36eb979e57fbc3b358157ebb82260,1156320600,42,tradeapi.jiedaibao.com
e5d3b35ea1842c87c3a92eea48e9beba,1156330200,7,api.qinqinxiaodai.com
e63b553c6447e6184d37daa2a0890eaa,1156330600,21,tradeapi.jiedaibao.com
e68ee8b1f00afecaf8ce54c1c62bd82f,1156331100,14,tradeapi.jiedaibao.com
e693762e902ae23ea41e48caae6579d9,1156330700,22,tradeapi.jiedaibao.com
e6b40de46c41371731e0d94a3608c379,1156330600,4,tradeapi.jiedaibao.com
e6bf3a9b9c9caad7916809d47f673854,1156350200,5,tradeapi.jiedaibao.com
e6faa7beb5f3b2b31b81924cf0dce6e3,1156331000,5,tradeapi.jiedaibao.com
e73789f76d15e2fb2931511d56e65879,1156330300,2,tradeapi.jiedaibao.com
e74f4943ae9c95ece4e3812c198dc4c3,1156370200,1,mapi.yibeixxkj.com:8081/*
e7d54e0d597ec36882c9070c11113d86,1156330300,7,tradeapi.jiedaibao.com
e801632db2328aa50e7a63ede7e7ce9c,1156341800,1,tradeapi.jiedaibao.com
e842bfe9940f83bad5710afffe889475,1156330500,22,tradeapi.jiedaibao.com
e92c983ea66b4ec23386d2e2de68a10b,1156330300,1,tradeapi.jiedaibao.com
e96209ea3b65f34e0c8286c084de7fd8,1156411300,49,tradeapi.jiedaibao.com
e9c40f214d2e6f822a324d87b0718e95,1156330300,96,tradeapi.jiedaibao.com
eb06a5cd1eb5aa2960545fa76d6aec46,1156330500,1,tradeapi.jiedaibao.com
eb17f46cffca68dcb296614235baeb69,1156410200,34,tradeapi.jiedaibao.com
eb40b229c564516e9cffd09c214f8422,1156330200,13,tradeapi.jiedaibao.com
eb79affcee47294f7e99b05bd321e12d,1156330300,16,tradeapi.jiedaibao.com
eb9ee4bd25a4e143a5ea9f2d2959e51d,1156330300,2,tradeapi.jiedaibao.com
ebec64d8e3f56244521ba4c314e93941,1156330100,3,tradeapi.jiedaibao.com
ec2a595e93c8a913c11f17bb8bb7463e,1156330300,10,tradeapi.jiedaibao.com
ed094ef39991b7af9c964d6f1bbf9eea,1156330300,3,tradeapi.jiedaibao.com
ed2c38b6ce1356154721ff315b52f379,1156430900,21,tradeapi.jiedaibao.com
ed444f435c8f7663c02a6878e2fe6727,1156330200,19,tradeapi.jiedaibao.com
ed5cdbf92ddb738a050b6a16650c3514,1156330300,1,tradeapi.jiedaibao.com
ee203fe7eaa18fbb86f5e98b69aa51db,1156330200,10,tradeapi.jiedaibao.com
eeeec029bedc3732b97f555716dbcd36,1156520100,2,mapi.yibeixxkj.com:8081/*
ef013c41e04313a6b978d294871a6d76,1156330700,4,tradeapi.jiedaibao.com
ef44dd9810a868c116ca6ab9ed91caa3,1156330100,1,tradeapi.jiedaibao.com
ef770bc7f4279f5e3fde2886d24c1ad6,1156330700,10,tradeapi.jiedaibao.com
efb8c6f1205175f5f89401a12d4a43d1,1156341200,123,tradeapi.jiedaibao.com
f02bec5cd9efda2da5ee1b24996fa2aa,1156330100,9,tradeapi.jiedaibao.com
f0c014bfd6eb98b039eb13af4e8f4229,1156330300,1,tradeapi.jiedaibao.com
f0e092e2aa98ef4dec63d0ed43657a5c,1156330400,2,tradeapi.jiedaibao.com
f15f6ac8e7f4129bf8e178bfaece4ed2,1156330300,5,tradeapi.jiedaibao.com
f190b4d044797c884ea3fbe2d5eddbba,1156330600,2,tradeapi.jiedaibao.com
f20a1dfd73f310c3f3cdb8d723a54e7b,1156330900,1,tradeapi.jiedaibao.com
f22dcf7c1d4a6134aa69cb406eca96dd,1156330700,3,tradeapi.jiedaibao.com
f26a29e31aad4e300aebeb7d812a8ca1,1156330200,4,tradeapi.jiedaibao.com
f28c9ba1405d8e0e88177831e0e0894c,1156330700,14,tradeapi.jiedaibao.com
f2b4e2f56e83ca42a0a4f4bedcb53f19,1156310000,100,tradeapi.jiedaibao.com
f2be80206db52bb815c98548fb24d6fc,1156330200,2,tradeapi.jiedaibao.com
f31746b9bcb05eaecafac9c506511a5a,1156330700,3,tradeapi.jiedaibao.com
f3a09f1849268841199774caeba08119,1156330500,4,tradeapi.jiedaibao.com
f3feb53e2f52780acc3ceca9ac7009d9,1156330200,24,tradeapi.jiedaibao.com
f5a32890043ca81678ac20516f2a93bd,1156222400,145,tradeapi.jiedaibao.com
f62c0b2b75c3b71a227a95fb9ecbfb25,1156330100,29,tradeapi.jiedaibao.com
f6eb5faea69a23f7a08d9b4db8aa1e6b,1156330700,5,tradeapi.jiedaibao.com
f727cc1ee4cc6a5d737d8aba940ab5dd,1156330300,18,tradeapi.jiedaibao.com
f74a9024944513c2681690ec5f6f9659,1156330200,3,tradeapi.jiedaibao.com
f781d3e6afca0ef51270be38c33f71c5,1156330300,90,tradeapi.jiedaibao.com
f798f94f90ae8d28fb2b6aa8124c1241,1156330200,67,tradeapi.jiedaibao.com
f7a8b3dc8c75d89b26d84500965a9461,1156510500,21,tradeapi.jiedaibao.com
f7b3d62345706d81569adce3e65ce4d7,1156330300,2,tradeapi.jiedaibao.com
f82fa1d859080ecd2ca771f43ec20447,1156500000,2,mapi.yibeixxkj.com:8081/*
f996bbac4f382cef8c6bf3dd8d9fa041,1156330300,16,tradeapi.jiedaibao.com
f9aa431daabb1af243cec48186bbf1bc,1156330300,8,tradeapi.jiedaibao.com
f9ad121d9ed04047599a50df5f36d54a,1156330300,7,tradeapi.jiedaibao.com
f9ebd4de914fd01189f0ca04027ff30a,1156330300,9,mapi.yibeixxkj.com:8081/*
fa342d0e341a9c1014c511a318b18e90,1156331000,27,api.qinqinxiaodai.com
fab8c690365da3a5ea843b8a03472a06,1156330700,1,mapi.yibeixxkj.com:8081/*
facab1046524f09dcc0401057a094c6c,1156340200,26,tradeapi.jiedaibao.com
fb96c393ec8b50d8b6db331266e08490,1156330200,11,tradeapi.jiedaibao.com
fbb8702d8da7ab8ba98dd280e9468f68,1156330300,35,tradeapi.jiedaibao.com
fbba70ccca0629219ea22747e698ea91,1156330200,14,tradeapi.jiedaibao.com
fc132c1c0c90f995f40faa34a280f78f,1156330300,8,tradeapi.jiedaibao.com
fc35e612ff0d1d9ed155b358813a034c,1156331000,3,tradeapi.jiedaibao.com
fc834d545f9449dce07e5839e9b09162,1156330200,1,tradeapi.jiedaibao.com
fcd0d882f47ad103ac29dbcb2fa08ed8,1156331000,2,tradeapi.jiedaibao.com
fd4f011ef5dfbaaf4179a0a7acd4d9ce,1156330300,40,tradeapi.jiedaibao.com
fd5f8266f4d7a6fad4e2618381a901e1,1156410300,19,tradeapi.jiedaibao.com
fd60d1eca081deefcf988ccc06123b00,1156330300,9,tradeapi.jiedaibao.com
fd94f5a6e7393045f0df4f8f48972e85,1156330200,1,tradeapi.jiedaibao.com
fea049d842d13b877a8e20f45ec82420,1156330200,23,tradeapi.jiedaibao.com
ff483f622ed509f81aa55e440693f35d,1156330200,1,tradeapi.jiedaibao.com
ff7d3965036e651a8d8b202c157b5bb5,1156110000,2,mapi.yibeixxkj.com:8081/*
fff09731542a685aced61d83606cde6e,1156330700,6,tradeapi.jiedaibao.com
