000b206b8dd72b6e92556dbe15a8b9ec,1156410100,50,smmo.0371zzxsj.com/*
00bc0a9d837be51314165b404e424e24,1156410100,10,sgmo.fsyyfk.com/*
01067b76792ad9bdaeb86d8fffb7e9c7,1156410800,1,sg.zztjyy120.com/*
0170c7290e6df137921da44b22b19070,1156410100,14,sgmo.120new.com/*
024e90bab95f98203e0971f96ce8b7e0,1156410100,18,smmo.yyy120fk.com/*
0271f2ee3d11cd853947595c0bfcb687,1156410300,53,m.65621111.com/*
02874ac478e003dc5ad7dbfd5dbcddbd,1156411000,14,smmo.yyyfuke120.com/*
031afb804d9b132b7244ca1dd4ea00e8,1156410100,1,smmo.yyyfuke120.com/*
031afb804d9b132b7244ca1dd4ea00e8,1156410100,1,sm.zzzykdrl.com/*
0328f969f6f8d0975f962170bb16e7b0,1156410700,1,wap.zztjyiyuan.com/rdzt/20180723/*
0328f969f6f8d0975f962170bb16e7b0,1156410700,3,wap.zztjyiyuan.com/*
035b358beafbc3c1dbf8e16f1fbd38ff,1156411200,12,smmo.yyy120fk.com/*
03a419766560499ed7bb97c59d7d95c6,1156410300,9,m.65621111.com/*
0429085f6024e0350f3917fc2987dda2,1156410100,1,sg.zykeda.com/*
048a62863fbb79ed6eb75876a01591bd,1156410100,4,m.zztongjiyiyuan.com/*
04d5bd2af414f0ab734ce9cc6b5aeb41,1156410400,5,m.zztjbyby.com/*
04e8638545a47bc165131f9e4fad42f6,1156411300,3,sg.zykeda.com/*
04f20d36757227d62f82906b25309e99,1156410100,27,sgmo.0371zzxsj.com/zt/zy2/*
04f20d36757227d62f82906b25309e99,1156410100,1,sg.zykeda.com/*
04f20d36757227d62f82906b25309e99,1156410100,36,sgmo.0371zzxsj.com/*
0557d26f69191e7eeb15f7647587b338,1156410600,1,sm.zzcjzy120.com/*
056fe33316e5e976d05715aeca78eb7d,1156410100,1,smmo.fsyyfk.com/*
05e5912d0c252b958c2100dc58a7e75f,1156410300,1,smmo.fsyyfk.com/*
05eee3a84f343bb318b9c38fc3e1637c,1156410300,1,wap.zztjyiyuan.com/rdzt/20180723/*
05eee3a84f343bb318b9c38fc3e1637c,1156410300,4,wap.zztjyiyuan.com/*
0680cf2d82d81b5076e41fc9024485ee,1156411500,2,sg.zykeda.com/*
069075c12a38533d94c1a510b836dee4,1156411700,1,wap.zztjyiyuan.com/rdzt/20180723/*
069075c12a38533d94c1a510b836dee4,1156411700,3,wap.zztjyiyuan.com/*
0732a51c1612eae8cca2944ed81ed0fd,1156410100,1,3gsg.zzwcbj.com/*
07b0a8136c5b5356847b28da712e27db,1156411300,8,smmo4.0371yyfs.com/zt/zyzx/*
07b0a8136c5b5356847b28da712e27db,1156411300,2,sg.zykeda.com/*
07b0a8136c5b5356847b28da712e27db,1156411300,12,smmo4.0371yyfs.com/*
07b0a8136c5b5356847b28da712e27db,1156411300,11,sm.zzzykdrl.com/*
08084617215df7d68d3826389bbe5811,1156411400,2,m.65621111.com/*
08084617215df7d68d3826389bbe5811,1156411400,1,3g.mzsdfk120.com/*
084bf762474568d28a1ef7daeacf4826,1156410100,6,m.65621111.com/*
08735eb303b33113e982c6e56f5aaba8,1156410700,11,3g.mzsdfk120.com/*
08c4e24060ba626975029dceb2ed6e26,1156410100,1,3g.mzsdfk120.com/*
09536fba6c52081e942ddcf831761feb,1156410300,5,5g.zztongjiyy.com/*
09710ea0b008403b691512f22f615623,1156410300,1,sm.zzcjzy120.com/*
097eea145cc4690ebc1b661e3c67f950,1156411000,11,sgmo.0371zzxsj.com/*
0a4ac007474244d9548eef5ec3b9e3d0,1156410100,5,sm.zzzykdrl.com/*
0a4f5bf4365da6716a688aab0977fa7f,1156411500,1,sg.zykeda.com/*
0a862a132fde95e5c5d20562f014b245,1156411700,8,m.zztongjiyiyuan.com/*
0b8259788691cc96a074936ee3867aca,1156410300,9,sgmo.120new.com/*
0bc3e283dd4e152c9c6b1af25daef777,1156411400,1,sg.zykeda.com/*
0bc3e283dd4e152c9c6b1af25daef777,1156411400,2,wap.zztjyiyuan.com/*
0bc3e283dd4e152c9c6b1af25daef777,1156411400,4,smmo4.0371yyfs.com/*
0bc3e283dd4e152c9c6b1af25daef777,1156411400,1,smmo6.yiyaofk120.com/*
0bc3e283dd4e152c9c6b1af25daef777,1156411400,1,sm.zzzykdrl.com/*
0ca4ebf3fa5b9618532781e09802c781,1156410900,1,smmo.hnzzxsj.com/*
0cb983cbdd7b59becfe316f353972358,1156411200,11,sg.zykeda.com/*
0cb983cbdd7b59becfe316f353972358,1156411200,9,sgmo.fsyyfk.com/*
0d375ac4d588f02f08c87a0c5103ac61,1156320500,3,m.65621111.com/*
0d7c48b17fbb63f54443cb444e90f446,1156411600,1,sg.zhengzhoutongjiyiyuan.com/*
0da7ff99a93a7dec13421a3c6a694d7f,1156410100,15,sgmo4.yiyaofk120.com/*
0e1a67f2394f7eb09f31cecd10d9c379,1156410100,4,m.zztongjiyiyuan.com/*
0e1a67f2394f7eb09f31cecd10d9c379,1156410100,4,5g.zztongjiyy.com/*
0e407de7cd3f2a0d124d43123227f031,1156410300,20,sgmo.fsyyfk.com/*
0e5e8ab8b664b6b872940dfc8971038a,1156410100,55,smmo.yyy120fk.com/*
0e7c7abb46317e8adcd57b2ba54b4fbc,1156410100,3,sg.zykeda.com/*
0e9e847aa772749d5fd9f2228e3eb5a4,1156410100,1,sg.zykeda.com/*
0ed0cb3e7496b277fbbeed04779726d3,1156410100,1,sgmo.fsyyfk.com/*
0f87103617c890856573b47d27213807,1156411400,2,sg.zztjyy120.com/*
10b0be88148a90d17f8fe338b344acdd,1156411700,3,sg.zykeda.com/*
10b0be88148a90d17f8fe338b344acdd,1156411700,13,sm.zzzykdrl.com/*
10b5356096e5a7ace645b9022780bed2,1156411500,12,smmo.yyyfuke120.com/*
10f1c7f3ee267edfce335e9b91b54e0f,1156410100,1,wap.zztjyiyuan.com/rdzt/20180723/*
10f1c7f3ee267edfce335e9b91b54e0f,1156410100,2,wap.zztjyiyuan.com/*
1133daf36ba23799c7585e14785730f3,1156411200,41,smmo.0371zzxsj.com/*
116c789279ea1e5fc347602360990389,1156411400,1,sg.zykeda.com/*
11e1396f9fede274ca870e77084f925a,1156410100,2,sg.zykeda.com/*
12b0372ed2c66b9c63f6c64d44b4807c,1156460100,9,sgmo.120zzxsj.com/*
12c82aa65f4ece8981f3f629796bebc4,1156410100,2,sg.zykeda.com/*
12c82aa65f4ece8981f3f629796bebc4,1156410100,39,smmo.0371zzxsj.com/*
12c82aa65f4ece8981f3f629796bebc4,1156410100,8,sm.zzzykdrl.com/*
137f6651102075d6a9f3d7cca0a40bee,1156411500,15,smmo4.0371yyfs.com/zt/zyzx/*
137f6651102075d6a9f3d7cca0a40bee,1156411500,24,smmo4.0371yyfs.com/*
13c1cdaedcf473e1438280c44eb217df,1156410700,24,smmo.120new.com/*
13f938bf866b132d9e35fd2d1cf7e0bc,1156411400,7,m.zztjby120.com/*
141f6cc8a717db008cd50c83b8145865,1156411600,2,sg.zykeda.com/*
142ada2bd9be448f2e3d72d5ce9ac8a6,1156410700,1,5g.zztongjiyy.com/*
150cdf2365ab565d259593d870a519d0,1156411700,1,wap.zztjyiyuan.com/*
150e8c69c123b7cb6033fa9b627bcd7a,1156410800,2,sg.zzzykdrl.com/*
150e8c69c123b7cb6033fa9b627bcd7a,1156410800,1,sg.zykeda.com/*
150e8c69c123b7cb6033fa9b627bcd7a,1156410800,10,sgmo.120zzxsj.com/*
16bdf8666528be9aa39a2ed1c01d2cd5,1156410100,1,sg.zykeda.com/*
1708484f1d3f28dccd874d2f65018105,1156410700,11,sgmo.120new.com/*
171d496a02deb6b9c1ac60e2fa224802,1156410100,2,sg.zykeda.com/*
171d496a02deb6b9c1ac60e2fa224802,1156410100,11,sm.zzzykdrl.com/*
182335157163d69c0a76a110494324fe,1156410800,4,m.zztjby120.com/*
1839dd930317c947c4cdcd356da920e0,1156410100,2,wap.zztjyiyuan.com/rdzt/20180723/*
1839dd930317c947c4cdcd356da920e0,1156410100,6,wap.zztjyiyuan.com/*
1887b5c0da9a95899d6440f6d345fb40,1156411400,1,sg.zykeda.com/*
19236dcdc66e27a7d5e1caad3466a847,1156410100,2,sg.zykeda.com/*
19439b71bed720cafc74e4f107064641,1156341600,2,sg.zykeda.com/*
19549542f050f0b304f3c3132141f86b,1156410500,1,sg.zykeda.com/*
19549542f050f0b304f3c3132141f86b,1156410500,7,sgmo4.yiyaofk120.com/*
19549542f050f0b304f3c3132141f86b,1156410500,5,sgmo6.0371yyfs.com/*
19549542f050f0b304f3c3132141f86b,1156410500,13,sgmo.fsyyfk.com/*
19827a8620f99f2658a152731396f2d9,1156410300,6,sgmo6.0371yyfs.com/zt/zyzx/*
19827a8620f99f2658a152731396f2d9,1156410300,7,sgmo6.0371yyfs.com/*
19a5932379f632da3ed669560ffb4fa2,1156411200,3,sg.zykeda.com/*
19a5932379f632da3ed669560ffb4fa2,1156411200,10,sm.zzzykdrl.com/*
1e2efa4a2ddcefaca4e83ce944036ac6,1156410100,1,sg.zzzykdrl.com/*
1e2efa4a2ddcefaca4e83ce944036ac6,1156410100,1,sg.zztjyy120.com/*
1e2efa4a2ddcefaca4e83ce944036ac6,1156410100,1,sgmo.fsyyfk.com/*
1ea8a6f65b31d359b8a2dc768ee425ac,1156411600,1,smmo.yyyfuke120.com/*
1eaba433cd1160ce3d8f97eac9b8b07d,1156440100,1,m.zztjby120.com/*
1ef29dc248306906e4dc0781dce9c478,1156411400,13,smmo.yyyfuke120.com/*
1f4e7eebf2eab43b53c1318200787f53,1156411700,30,sgmo.0371zzxsj.com/zt/zy2/*
1f4e7eebf2eab43b53c1318200787f53,1156411700,58,sgmo.0371zzxsj.com/*
1f7d696755298b445a927638a9b7e8c4,1156410900,23,sgmo.0371zzxsj.com/zt/zy2/*
1f7d696755298b445a927638a9b7e8c4,1156410900,39,sgmo.0371zzxsj.com/*
1f9289a5e8811dbe76d0b2f809844aeb,1156411300,5,sm.zzzykdrl.com/*
1ff5ef50cd115cb3a10d8b2717306ace,1156320600,1,wap.zztjyiyuan.com/rdzt/20180723/*
1ff5ef50cd115cb3a10d8b2717306ace,1156320600,3,wap.zztjyiyuan.com/*
1ff5ef50cd115cb3a10d8b2717306ace,1156320600,11,smmo.yyyfuke120.com/*
20858503e0e78d16df53f2b258d7d0ee,1156320500,6,m.zztjby120.com/*
20c52eabf0c61d8d417b8add0dcb9a7e,1156410100,2,sg.zykeda.com/*
20c703e12302fd2ef7ec26ca1b505640,1156610500,5,5g.zztongjiyy.com/*
216f6e423382e25ac775c258625868b4,1156411600,1,sg.zykeda.com/*
21bd44b1ed22636b00c4c9604d091072,1156410100,13,sgmo.120new.com/*
22603bb61aa40eb5b17cf3ebbe1533a0,1156411500,11,sgmo.fsyyfk.com/*
22a59be967d7109bc45f789efda00917,1156411600,1,sg.zykeda.com/*
22de6d37506d0b0ef9d44c76f1bc38bb,1156320100,2,sg.zykeda.com/*
22f8253bda7ebb33aa599d8debf88924,1156410100,28,3g.mzsdfk120.com/*
234e069a10a0a1d65e9dce83c33d90f7,1156410100,1,smmo4.0371yyfs.com/*
2397abe3a7a4fbf8e81d8e5f8895672b,1156410800,1,5g.zztongjiyy.com/*
24280b18d6106fe5b4b4571322166c47,1156411200,2,sgmo.0371zzxsj.com/*
24280b18d6106fe5b4b4571322166c47,1156411200,1,sgmo.120zzxsj.com/*
24c8f50aec76887cb5a7643613d0c7ee,1156411700,1,sg.zztjyy120.com/*
24ff734f4e56fa2e2043222b538e0af8,1156411400,3,sg.zykeda.com/*
2512b7a36486043f17f615eda4aaea8d,1156411700,1,m.zztongjiyiyuan.com/*
2512b7a36486043f17f615eda4aaea8d,1156411700,1,5g.zztongjiyy.com/*
25ac542f2146b781ac2045adfb1c5247,1156411400,1,wap.zztjyiyuan.com/rdzt/20180723/*
25ac542f2146b781ac2045adfb1c5247,1156411400,2,wap.zztjyiyuan.com/*
25f0ec9e1a3cec35b9a283154e4a56cd,1156440100,11,smmo.yyyfuke120.com/*
26286df04649b2ab9197fa32c3f4fcc8,1156410200,1,wap.zztjyiyuan.com/rdzt/20180723/*
26286df04649b2ab9197fa32c3f4fcc8,1156410200,2,wap.zztjyiyuan.com/*
262d1428641ffb9b3f119ff10ee10a48,1156411600,27,sgmo.0371zzxsj.com/zt/zy2/*
262d1428641ffb9b3f119ff10ee10a48,1156411600,52,sgmo.0371zzxsj.com/*
26610d890b3db1d858741faad5c8573e,1156410700,6,sg.zzzykdrl.com/*
26610d890b3db1d858741faad5c8573e,1156410700,9,sgmo.120zzxsj.com/*
271128b8f6d1ca92abb1512ce4cb53b3,1156410100,12,smmo.yyyfuke120.com/*
274559088d14cf243091ef697fb84ba9,1156410300,47,m.65621111.com/*
27a0574258c10f15076ff8ec55cce475,1156411600,29,m.zztlyy120.com/zt/tty/*
27a0574258c10f15076ff8ec55cce475,1156411600,34,m.zztlyy120.com/*
27b98b6e637dc63ab0dc8e6137137e02,1156410100,1,sm.zzzykdrl.com/*
284cee70b3f61340b4ccb672003af922,1156411400,1,sg.zzzykdrl.com/*
284e5a4e1971497e52a741d5fd0be1b3,1156650500,1,m.zztjby120.com/*
2850bbcac2a74ac6dfd49f308550d4ce,1156410100,11,sm.zzzykdrl.com/*
28768c83922d67d66a5f1e527caef249,1156410100,1,smmo.yyyfuke120.com/*
287713ccf51607b5fc8010da1a9c03f4,1156411700,11,smmo.yyy120fk.com/*
28e9221944e1f2065dc2db1c2f8eb561,1156410300,3,m.zztongjiyiyuan.com/*
294696e8fa9bbd59fd10768283d01608,1156410100,2,sg.zykeda.com/*
29578653d662de1429281ea16c530100,1156410100,13,smmo.0371zzxsj.com/*
2974abea011919dd310af51611496d6d,1156410100,4,smmo.fsyyfk.com/*
29b20c5658d0c3d5f865ccd9ca47835a,1156411600,2,sg.zykeda.com/*
29d88f78ce4b212cf9bd1ae6aeffa1a7,1156410100,7,smmo.yyy120fk.com/*
2a0b01df5f96036b41633971d4dcee90,1156411400,7,m.65621111.com/*
2a2973f23e53c2d2c584fa2ba105f55e,1156410300,55,sgmo.120new.com/*
2a9385fcc449e7e860f169baf556320c,1156410100,86,sgmo.fsyyfk.com/*
2b73edb0dc3f9220d08bde0659d10931,1156411700,5,5g.zztongjiyy.com/*
2b844684484c8424ab0bd4aaf9e5d02e,1156410100,1,sg.zykeda.com/*
2c41e27ce0ac938ecdd81bf50eba71c7,1156411300,1,wap.zztjyiyuan.com/rdzt/20180723/*
2c41e27ce0ac938ecdd81bf50eba71c7,1156411300,2,wap.zztjyiyuan.com/*
2c41e27ce0ac938ecdd81bf50eba71c7,1156411300,1,smmo.yyyfuke120.com/*
2ce313b339b2d4190f490c3263e86d82,1156411400,1,wap.zztjyiyuan.com/*
2ce313b339b2d4190f490c3263e86d82,1156411400,1,smmo.yyyfuke120.com/*
2cff8e4a654a53671cec0ec32eae7e6c,1156410100,14,sgmo.120zzxsj.com/smzt/jhsy/*
2cff8e4a654a53671cec0ec32eae7e6c,1156410100,109,smmo.0371zzxsj.com/zt2017/rlyy/*
2cff8e4a654a53671cec0ec32eae7e6c,1156410100,7,sg.zzzykdrl.com/*
2cff8e4a654a53671cec0ec32eae7e6c,1156410100,55,sg.zykeda.com/*
2cff8e4a654a53671cec0ec32eae7e6c,1156410100,114,sgmo.0371zzxsj.com/*
2cff8e4a654a53671cec0ec32eae7e6c,1156410100,38,smmo.hnzzxsj.com/*
2cff8e4a654a53671cec0ec32eae7e6c,1156410100,353,sgmo.120new.com/*
2cff8e4a654a53671cec0ec32eae7e6c,1156410100,344,sgmo.120zzxsj.com/*
2cff8e4a654a53671cec0ec32eae7e6c,1156410100,1035,smmo.120new.com/*
2cff8e4a654a53671cec0ec32eae7e6c,1156410100,1109,smmo.0371zzxsj.com/*
2cff8e4a654a53671cec0ec32eae7e6c,1156410100,7,3g.mzsd120.com/*
2e81c51f55ae260a48f4740f2238ee44,1156410700,51,smmo.hnzzxsj.com/*
2efc6d03db51b6249ebb0455855d0fd9,1156410100,46,m.65621111.com/*
2f0b203d867ea8d9932d3ed443ec4798,1156410300,17,sgmo.120new.com/*
2f0b203d867ea8d9932d3ed443ec4798,1156410300,31,3gsg.zzwcbj.com/*
2f36da9a1b8d3ec240f03e7e7af96646,1156410400,1,wap.zztjyiyuan.com/rdzt/20180723/*
2f36da9a1b8d3ec240f03e7e7af96646,1156410400,2,wap.zztjyiyuan.com/*
2f36da9a1b8d3ec240f03e7e7af96646,1156410400,14,smmo6.yiyaofk120.com/*
2f897dead6bf8d73e8a75727efe7939f,1156421800,28,m.zztlyy120.com/zt/tty/*
2f897dead6bf8d73e8a75727efe7939f,1156421800,30,m.zztlyy120.com/*
2fb3409f895ea80dfef075b5c6c2db94,1156410500,1,sg.zykeda.com/*
2fc546be257d1b59a8afaacf1f7afaa6,1156410100,1,m.zztjbyby.com/*
2ffcc907558aee5aedf24c17eab944b1,1156410100,1,m.zztjby120.com/*
2ffcc907558aee5aedf24c17eab944b1,1156410100,1,3g.mzsd120.com/*
30d2e7454394631b94f6222c9b16bf3f,1156411400,10,sgmo.fsyyfk.com/*
338035ec509d8321c810b1cf8fc4ca5c,1156411300,11,sg.zzzykdrl.com/*
338035ec509d8321c810b1cf8fc4ca5c,1156411300,1,sg.zykeda.com/*
338d106e5609f0137df4b7930d806c9c,1156411300,2,sg.zykeda.com/*
33b41920f9ed4fa0f071406fb200e080,1156411600,1,sg.zykeda.com/*
33c2a0138cbde2bf1ce9b794ef7c98f4,1156410300,1,wap.zztjyiyuan.com/rdzt/20180723/*
33c2a0138cbde2bf1ce9b794ef7c98f4,1156410300,2,wap.zztjyiyuan.com/*
33c2a0138cbde2bf1ce9b794ef7c98f4,1156410300,112,smmo.yyy120fk.com/*
3421e55d69b51274f59f6f961ed5c532,1156411600,1,wap.zztjyiyuan.com/*
3421e55d69b51274f59f6f961ed5c532,1156411600,1,sm.zzzykdrl.com/*
34306a9f6410561bd92a03c457a814ab,1156411300,1,sg.zykeda.com/*
343ff122df9998fb731d9f93354c8378,1156410300,7,sg.zzzykdrl.com/*
343ff122df9998fb731d9f93354c8378,1156410300,1,sg.zykeda.com/*
347ec4cad90769a41a08961a9bc063be,1156440100,1,m.zztongjiyiyuan.com/*
349f1fe216d993fce91cad395c84e49f,1156410100,49,smmo.hnzzxsj.com/*
34bbdea239eef1f7f49db9263c3eb5ec,1156410100,2,sg.zykeda.com/*
35c0c606ae884b20ad1a695223856d9a,1156410100,1,sg.zztjyy120.com/rdzt/20180723/*
35c0c606ae884b20ad1a695223856d9a,1156410100,1,sg.zztjyy120.com/*
35dd88bdc71bfb29843674e84ac0bf16,1156410300,1,sg.zykeda.com/*
35dd88bdc71bfb29843674e84ac0bf16,1156410300,12,sm.zzzykdrl.com/*
35f12e0d4a6da613add54ec670595055,1156410300,1,wap.zztjyiyuan.com/rdzt/20180723/*
35f12e0d4a6da613add54ec670595055,1156410300,2,wap.zztjyiyuan.com/*
36833084605265d09a3e0e29c25ef195,1156410100,1,m.zztongjiyiyuan.com/*
368693b2e2dbee5dcf3896de2bef77cb,1156411300,1,smmo.yyyfuke120.com/*
36cc6dda1d91d65defd997882ca1b08f,1156410100,13,sgmo4.yiyaofk120.com/*
371538b9901d3cebad9e98ec290367c5,1156410500,4,sg.zykeda.com/*
371538b9901d3cebad9e98ec290367c5,1156410500,34,3g.mzsdfk120.com/*
371538b9901d3cebad9e98ec290367c5,1156410500,1,sm.zzzykdrl.com/*
37ae7d8e6573ed83ad9d6d01fe7c5c25,1156410400,1,smmo.hnzzxsj.com/*
37c38c83fd972e1f377ffdbc6f0adc7a,1156410100,2,sg.zykeda.com/*
37d8d36c3376ad64648755ad88aa4d76,1156411100,1,sgmo.120zzxsj.com/smzt/jhsy/*
37d8d36c3376ad64648755ad88aa4d76,1156411100,16,sgmo.120zzxsj.com/*
37de7526b880975d36bb70178af2753b,1156411700,1,sg.zykeda.com/*
388f1e421afde52379b910b08f9ec922,1156410300,1,sg.zykeda.com/*
3907888eafe3bb495b1d04e70617fdde,1156410100,1,5g.zztongjiyy.com/*
394573d1f06c385f6f21d703c6346ab5,1156410600,1,sg.zykeda.com/*
398de24367a74fe02f07cef2ddd690c0,1156411500,10,sgmo.fsyyfk.com/*
3a29f1d14ce8207f567540f8db75c016,1156411300,61,smmo.0371zzxsj.com/*
3a2cabebce26d4c98db01f4b18fe1854,1156410100,12,sgmo.fsyyfk.com/*
3aacf69325a74536281d48539a3b09ad,1156410100,7,sgmo.fsyyfk.com/*
3b47b743a761cf932ef899c71e254650,1156410900,75,smmo.yyyfuke120.com/*
3b512fca88eda2ffa48bb7a066ac6f89,1156411700,1,sg.zykeda.com/*
3b9260f6a3db5ff0a48fa60425237e0d,1156410200,2,sg.zykeda.com/*
3d5f5d0f0c74ac8e94aec74cc38e7061,1156410300,3,sg.zykeda.com/*
3d841fb9e18d4c197fac0001fbff7100,1156411400,1,sg.zykeda.com/*
3d841fb9e18d4c197fac0001fbff7100,1156411400,11,smmo.yyyfuke120.com/*
3d91bb7358c0aa0ec74134607cf69f37,1156410400,1,sg.zztjyy120.com/*
3ec5b49d941a33402a9d1e611c3f7be1,1156410100,1,wap.zztjyiyuan.com/*
3f03781518d3bf2c27463c4ffaf24b1c,1156411700,16,3g.mzsd120.com/*
3f600e044a39c4b2b95484439bfbcea4,1156410100,58,3g.mzsd120.com/*
3f9839a15d1f2bb912c5ccd35de0ad18,1156410500,3,5g.zztongjiyy.com/*
4017b17e62678576385f47040d258ff9,1156411700,55,sgmo.0371zzxsj.com/*
40c54c58c21316fee3be0f2433bee7d2,1156411100,2,sg.zykeda.com/*
4140e48b80db739faeaa2e4344f9df6e,1156411600,24,sgmo.0371zzxsj.com/zt/zy2/*
4140e48b80db739faeaa2e4344f9df6e,1156411600,6,sg.zzzykdrl.com/*
4140e48b80db739faeaa2e4344f9df6e,1156411600,1,sg.zykeda.com/*
4140e48b80db739faeaa2e4344f9df6e,1156411600,36,sgmo.0371zzxsj.com/*
414d35a59b600929f27a7a9545c5ae7d,1156410100,1,m.zztjbyby.com/*
41aa5d2dea0e9118bcaa60b8efcc4bc9,1156410100,7,sgmo6.0371yyfs.com/zt/zyzx/*
41aa5d2dea0e9118bcaa60b8efcc4bc9,1156410100,8,sgmo6.0371yyfs.com/*
41b185e9a7de7f9ddc6b29e735bce9d9,1156411500,5,m.zztongjiyiyuan.com/*
420ff2faeb4b047403dff118d289ef55,1156411300,50,m.65621111.com/*
426cf91320d078cfd59ba9e1e4885e53,1156411100,1,m.zztlyy120.com/*
42b344372f2eb04ce32aa9b9a0b4a2b7,1156410100,15,sgmo.120zzxsj.com/*
42ecdfe70f2d38d5b4f1cc72d548b3bc,1156410300,35,3g.mzsd120.com/*
4349dde4e2a6b73e10cf762502065d3e,1156410800,1,sg.zykeda.com/*
4349dde4e2a6b73e10cf762502065d3e,1156410800,2,sgmo.0371zzxsj.com/*
435369f236a4356c1e9343c2e4f10ef2,1156410100,28,smmo.hnzzxsj.com/*
435369f236a4356c1e9343c2e4f10ef2,1156410100,14,3g.mzsdfk120.com/*
4368475aca8ebeb1aace01c68dddb534,1156410100,4,sg.zykeda.com/*
4503745d0f758cd00bd8e3ff6cbf7fda,1156130900,1,sgmo.120zzxsj.com/smzt/jhsy/*
4503745d0f758cd00bd8e3ff6cbf7fda,1156130900,10,sg.zzzykdrl.com/*
4503745d0f758cd00bd8e3ff6cbf7fda,1156130900,1,sg.zykeda.com/*
4503745d0f758cd00bd8e3ff6cbf7fda,1156130900,16,sgmo.120zzxsj.com/*
457d95830a8bd2d5c18379118cc0773c,1156411000,3,m.65621111.com/*
4588ab8822ca9dd0bea24371120beda8,1156411300,31,smmo.120new.com/zt/rl5/*
4588ab8822ca9dd0bea24371120beda8,1156411300,54,smmo.120new.com/*
45b0e591be4b67dd79efb5c43dfb99db,1156654000,7,m.65621111.com/*
462d32bee9e62f8272fe586ecd60b2ee,1156411700,1,sg.zztjyy120.com/*
472fb35872dfaa64753fb6510c38439f,1156410800,1,sg.zykeda.com/*
477d5e041aca676c2c11e653ba0488cb,1156131100,1,sg.zykeda.com/*
47dc3c778f6f27d25573f099ca312056,1156410300,76,smmo.yyyfuke120.com/*
4860403878ab8f7ed16b5d324788bfd7,1156410100,2,sg.zykeda.com/*
4860403878ab8f7ed16b5d324788bfd7,1156410100,9,sm.zzzykdrl.com/*
48919e91f05c922cffad552fff61c0de,1156410400,2,sg.zykeda.com/*
49328e97d46cd9d783cfb93be662c1a3,1156410100,51,smmo.0371zzxsj.com/*
49694a9dfebafeb2ae16fc6a575e53dc,1156410100,30,m.zztlyy120.com/*
49897a3b3c3cf9798ee26aedda4fba6a,1156410100,1,m.zztjbyby.com/*
4a0289303f667130d364dc82df475ad0,1156410100,41,sgmo6.0371yyfs.com/zt/qdrlyy/*
4a0289303f667130d364dc82df475ad0,1156410100,1051,smmo6.yiyaofk120.com/zt/qdrlyy/*
4a0289303f667130d364dc82df475ad0,1156410100,272,rl.mzsdfk120.com/*
4a0289303f667130d364dc82df475ad0,1156410100,39,3g.mzsd120.com/zt/rlsj180721/*
4a0289303f667130d364dc82df475ad0,1156410100,108,3g.mzsd120.com/zt/zxy180706/*
4a0289303f667130d364dc82df475ad0,1156410100,43,3g.mzsdfk120.com/zt/rl_180519/*
4a0289303f667130d364dc82df475ad0,1156410100,15,sg.zztjyy120.com/rdzt/20180723/*
4a0289303f667130d364dc82df475ad0,1156410100,130,sg.zzzykdrl.com/*
4a0289303f667130d364dc82df475ad0,1156410100,31,sg.zztjyy120.com/*
4a0289303f667130d364dc82df475ad0,1156410100,50,3gsg.zzwcbj.com/*
4a0289303f667130d364dc82df475ad0,1156410100,692,3g.mzsd120.com/*
4a0289303f667130d364dc82df475ad0,1156410100,524,3g.mzsdfk120.com/*
4a0289303f667130d364dc82df475ad0,1156410100,2,sgmo4.yiyaofk120.com/*
4a0289303f667130d364dc82df475ad0,1156410100,60,sgmo6.0371yyfs.com/*
4a0289303f667130d364dc82df475ad0,1156410100,1484,smmo6.yiyaofk120.com/*
4a0289303f667130d364dc82df475ad0,1156410100,1181,smmo.yyyfuke120.com/*
4a0289303f667130d364dc82df475ad0,1156410100,937,smmo.yyy120fk.com/*
4a0289303f667130d364dc82df475ad0,1156410100,320,smzx.zzyyfuke120.com/*
4a0289303f667130d364dc82df475ad0,1156410100,208,sgmo.fsyyfk.com/*
4ae6586416d6251b73565db7a68532c3,1156410100,1,smmo6.yiyaofk120.com/*
4b31dcb006d53c0a756b344115373bf2,1156410100,1,sg.zykeda.com/*
4b6f2b4228b93f3abb189993dc613ecd,1156410100,1,wap.zztjyiyuan.com/rdzt/20180723/*
4b6f2b4228b93f3abb189993dc613ecd,1156410100,2,wap.zztjyiyuan.com/*
4c3e80b99c38cfc01e56ce79df8a4586,1156410100,1,wap.zztjyiyuan.com/rdzt/20180723/*
4c3e80b99c38cfc01e56ce79df8a4586,1156410100,2,wap.zztjyiyuan.com/*
4c4965006f8ad093f1bfc2a1e01b7e35,1156411700,1,sm.zzzykdrl.com/*
4c54ef76bae456a91924b4274a92bc0e,1156410100,3,sg.zykeda.com/*
4cb98763c563cdc53d07d5306d731b86,1156410500,4,sg.zzzykdrl.com/*
4cf45466d6509590a961f14f1c121bca,1156410100,2,sg.zykeda.com/*
4cf7e84c03b3ddfc444fb52a5f08adec,1156411700,1,m.65621111.com/*
4cf7e84c03b3ddfc444fb52a5f08adec,1156411700,1,smmo.yyy120fk.com/*
4d02aaf75e33f48d0e2fd38d9bca8873,1156410400,25,sgmo.0371zzxsj.com/zt/zy2/*
4d02aaf75e33f48d0e2fd38d9bca8873,1156410400,46,sgmo.0371zzxsj.com/*
4d3b26762a329b743f062fbfd288a6af,1156411400,9,sgmo.0371zzxsj.com/*
4d3b26762a329b743f062fbfd288a6af,1156411400,35,sgmo.120zzxsj.com/*
4d93ba7542bb8e580618b4a67f6a656a,1156411600,1,3g.mzsd120.com/*
4d93ba7542bb8e580618b4a67f6a656a,1156411600,2,smmo4.0371yyfs.com/*
4e666758074fb86a9cb891d3bb534d69,1156410500,2,sg.zykeda.com/*
4ea2f38333c732eb0f4f12c005c7b0ee,1156411400,4,sg.zykeda.com/*
4ea2f38333c732eb0f4f12c005c7b0ee,1156411400,53,3gsg.zzwcbj.com/*
4f13ed34e89dd84fd4a2ec42edbd3453,1156411700,25,m.zztlyy120.com/zt/tty/*
4f13ed34e89dd84fd4a2ec42edbd3453,1156411700,27,m.zztlyy120.com/*
4f5b93564f8ef407061aae38a1653d51,1156320500,2,sg.zykeda.com/*
4f906e6ba643476cc262ef69ceacabe5,1156410800,2,m.65621111.com/*
5039d21771548650d9baf20cbffbc4e0,1156411100,3,sg.zykeda.com/*
5084abe7b439f12829244a55086f38de,1156410100,1,smmo.yyyfuke120.com/*
50e73158ba5e762d04951f2a1d356cae,1156410100,76,smmo.fsyyfk.com/*
510825ff7036c02aa40b30aa003248fb,1156411600,12,3g.mzsdfk120.com/*
519f7b6617ed409f22cb0a918e8541d6,1156410500,14,sgmo4.yiyaofk120.com/*
51cd5a9327d1929609194f85f4b86478,1156410100,11,sgmo.fsyyfk.com/*
52bbb4f1cb87d7d2c84997b965b08eaf,1156411300,34,m.65621111.com/*
536acd9bcd04aa69206695c0c6cd73c2,1156410500,1,sg.zykeda.com/*
53b6ab5fb66f8a016316d73b5ef0797b,1156411200,9,sgmo.120zzxsj.com/*
54d28accb3e74fdf04e03677023d2583,1156410500,1,m.zztjbyby.com/*
5585a8b4061aa1c475999b5eb0d509d6,1156410100,1,smmo.yyy120fk.com/*
56f01b9aef40ff4660cbd9cfceef5782,1156411000,5,m.zztongjiyiyuan.com/*
56f069a9e4ccc6602f1c01983007eb46,1156410100,52,sgmo.120new.com/*
5741fe5d8db5b18d982e24c82c5005f4,1156410100,2,wap.zztjyiyuan.com/*
574637cc5d33d472f7cf9ca43696076b,1156410400,5,sgmo.fsyyfk.com/*
5929c7be92121d6d23a0999b623d5173,1156410800,3,m.zztongjiyiyuan.com/*
59e69c1706e945b2e326516adedffdf6,1156410100,9,sgmo.0371zzxsj.com/*
5a2139869547d1984192d01a6b272379,1156410100,19,3g.mzsd120.com/*
5a6dc5e9b2d40556c35ed5c3a08621a4,1156410400,1,wap.zztjyiyuan.com/*
5a84e3f29550df4efe0ccbf1c910c818,1156411700,7,sg.zzzykdrl.com/*
5ab1d94789dd98d8ec70fd2d4400994a,1156410100,3,sg.zykeda.com/*
5c2b50e37b8c2ff7978d891a208c2d39,1156410400,6,m.65621111.com/*
5c2b50e37b8c2ff7978d891a208c2d39,1156410400,1,m.5ufk.com/*
5cc7d186c1ab5192ad14fd7feea289b0,1156310000,8,sg.hnyyaow.com/*
5d08c79dea4c3146aaa47df782b4519c,1156411400,7,m.65621111.com/*
5d3977b0b7dcab4b1331caede199afd1,1156411700,1,sg.zykeda.com/*
5d85b915493bc8bd16eb69c9964b6ff3,1156410100,3,5g.zztongjiyy.com/*
5dd791d34ecaf5c9243a9c78bb13012b,1156410400,1,m.65621111.com/*
5dd791d34ecaf5c9243a9c78bb13012b,1156410400,1,smmo.hnzzxsj.com/*
5dd791d34ecaf5c9243a9c78bb13012b,1156410400,1,m.5ufk.com/*
5e0a97cfa01cca8790be15e832e514db,1156410100,6,m.zztjby120.com/*
5e3316683b7fe068e846d28d1b85a682,1156410100,9,sgmo.120new.com/*
5edac78b6617661126224e1293c3fcd3,1156410300,1,smmo.fsyyfk.com/*
5eee198f3c9f7fe47eebf75b5b5a26a3,1156410100,1,smmo.yyyfuke120.com/*
5eee198f3c9f7fe47eebf75b5b5a26a3,1156410100,1,smmo.fsyyfk.com/*
5f71cf44cb9989dfecc41ccfe2a80db0,1156411400,1,wap.zztjyiyuan.com/rdzt/20180723/*
5f71cf44cb9989dfecc41ccfe2a80db0,1156411400,2,wap.zztjyiyuan.com/*
5f71cf44cb9989dfecc41ccfe2a80db0,1156411400,5,m.zztongjiyiyuan.com/*
5fe343c589b98af10d880c5bf43390a3,1156410100,1,m.zztjby120.com/*
602d45242d27241723696aab7453de5b,1156410400,1,sg.zykeda.com/*
606018e07f805deb7e45d2eded702050,1156411300,20,m.zztlyy120.com/*
615b0f8b66d6bf08ba371bbc52ae5d12,1156410100,1,3g.mzsd120.com/*
615b0f8b66d6bf08ba371bbc52ae5d12,1156410100,1,smmo.fsyyfk.com/*
617a0cdaf6e9434fa870278d8f848375,1156411500,1,5g.zztongjiyy.com/*
618049d92ef83207871fc0d31d1ee0fb,1156410200,1,smmo4.0371yyfs.com/*
61d21aaa694c63ff479c478adcb6b7e0,1156440300,1,3g.mzsdfk120.com/*
61d21aaa694c63ff479c478adcb6b7e0,1156440300,1,smmo4.0371yyfs.com/*
61e4c6de86340acb8f1fff7e681ea0f1,1156410100,8,sg.hnyyaow.com/*
62fb25f3b94f772cd1bee6f8174c59b9,1156410100,1,sg.zztjyy120.com/*
62fb25f3b94f772cd1bee6f8174c59b9,1156410100,1,3g.mzsdfk120.com/*
6322f9e217910401ced373a939f57779,1156440700,5,m.zztjbyby.com/*
636f6de758ac2b26dc6c04b5035db069,1156410100,1,sg.zykeda.com/*
63da11c0e706c95274d53b1414be11df,1156411700,2,sg.zykeda.com/*
6459da5ac8d26a373c8c21809202705b,1156411600,20,sgmo.120zzxsj.com/*
646cd7797dba95ccbf0faaa132f2b74e,1156410100,1,sg.zykeda.com/*
64fd263ab8692ef79c2309e986d09a24,1156510100,1,smmo.yyyfuke120.com/*
64fd263ab8692ef79c2309e986d09a24,1156510100,1,smmo.yyy120fk.com/*
662b7d4add51bed1d38a8a5939d6c764,1156411400,34,m.65621111.com/*
6763b75bdb769392e92275ffc81c96da,1156411200,1,sm.zzzykdrl.com/*
678ecdb8cd936b692bf5989496cfe76f,1156410200,22,m.65621111.com/*
678ecdb8cd936b692bf5989496cfe76f,1156410200,3,m.zztjby120.com/*
67ae734851e2377961e5022f797b2787,1156410800,1,3g.mzsdfk120.com/*
67ae734851e2377961e5022f797b2787,1156410800,2,smmo.yyy120fk.com/*
682b5f92d4b16304b222ac9edd92e871,1156411000,1,m.65621111.com/*
682b5f92d4b16304b222ac9edd92e871,1156411000,1,sgmo.120zzxsj.com/*
682b5f92d4b16304b222ac9edd92e871,1156411000,21,m.zztlyy120.com/*
682b5f92d4b16304b222ac9edd92e871,1156411000,2,m.5ufk.com/*
686f55a830723e23308991fbb9e8b19e,1156410700,2,sg.zykeda.com/*
68aef714e41af8dfdc8e3678f196e820,1156320500,9,3g.mzsdfk120.com/*
68dd008f475558fb74b6ef0c005afdd9,1156410100,6,m.zztjbyby.com/*
6a17df4e0eaf2deed067d8067c807369,1156410100,2,sg.zykeda.com/*
6a2e12fa5c717602b316d059334c88c5,1156410100,40,3g.mzsd120.com/*
6b7c464116ee9c72b05dc0302ef1bbd7,1156410500,14,smmo.yyyfuke120.com/*
6b9564a56f237f358b56f356275ea4e4,1156411600,1,sg.zztjyy120.com/rdzt/20180723/*
6b9564a56f237f358b56f356275ea4e4,1156411600,2,sg.zztjyy120.com/*
6bcdc5ec0e45198c0c63dcbd1c7e0e54,1156411300,3,sg.zykeda.com/*
6bcdc5ec0e45198c0c63dcbd1c7e0e54,1156411300,9,sm.zzzykdrl.com/*
6d41c1aeb24c98e7c5f227bd8a07b002,1156410100,2,sg.zykeda.com/*
6d5b604306e02db46a63c680be68617e,1156622900,3,m.65621111.com/*
6e2f62ccb0d5d59c26c306973378948a,1156410800,9,sgmo.120zzxsj.com/*
6f278aba94c237a1813772c798c89a16,1156410100,1,sg.zykeda.com/*
6f7d81668ccc625989be504d19874cdd,1156620100,9,m.65621111.com/*
6f8cdc7975d4d162c71a0ea2f6225d96,1156411400,12,3g.mzsd120.com/*
6fad172cacb1cfa7f4405efdeaec304f,1156411700,66,smmo.yyyfuke120.com/*
7011d78122cef5f6679add4d7fa581c4,1156411100,1,smmo.0371zzxsj.com/*
70d883119b7a9f5e5bc59deb6dc5ca26,1156410400,1,smmo.yyyfuke120.com/*
711babc03934a41bce8d36602a1db9e3,1156411700,1,smmo6.yiyaofk120.com/*
7124435d195b71db111cef1283f3bb53,1156411200,1,sg.zztjyy120.com/*
71dee0311c773c2c4e2501e26067b426,1156410100,14,sgmo.0371zzxsj.com/*
71dee0311c773c2c4e2501e26067b426,1156410100,7,m.zztjby120.com/*
71dee0311c773c2c4e2501e26067b426,1156410100,7,m.zztjbyby.com/*
71e0c6f2edfa9e3d836ee185adf156f4,1156410800,8,sgmo.fsyyfk.com/*
724e56b593dc111e81aa7489c91ad0f4,1156410100,89,smmo.yyy120fk.com/*
729948053fe214b630e0f4783eb15c94,1156410100,2,sg.zykeda.com/*
72e8188579265f9e4431877213cc591a,1156410600,2,wap.zztjyiyuan.com/rdzt/20180723/*
72e8188579265f9e4431877213cc591a,1156410600,4,wap.zztjyiyuan.com/*
72e8188579265f9e4431877213cc591a,1156410600,14,smmo4.0371yyfs.com/*
72e8188579265f9e4431877213cc591a,1156410600,14,smmo6.yiyaofk120.com/*
73760deb6f84ec7c379f9ef890a351d3,1156411700,6,5g.zztongjiyy.com/*
738188eaf345db5888e3c1b203a855a9,1156411600,8,sgmo.120zzxsj.com/*
73f5c84ad8fc1baf5773e4a154630409,1156410300,13,smmo.yyyfuke120.com/*
740f5d53a45e87276f5ac896a391e4a4,1156411600,1,smmo.hnzzxsj.com/*
740f5d53a45e87276f5ac896a391e4a4,1156411600,1,wap.zztjyiyuan.com/*
74120b1c0dfac6c0c1d6fe9bf76ab044,1156410500,2,sg.zztjyy120.com/*
74120b1c0dfac6c0c1d6fe9bf76ab044,1156410500,3,sgmo4.yiyaofk120.com/*
74120b1c0dfac6c0c1d6fe9bf76ab044,1156410500,61,sgmo6.0371yyfs.com/*
742619d67372152cf063cfea84f28eca,1156410300,31,3gsg.zzwcbj.com/*
743048e281113deabfc372540e7129a2,1156410800,44,sgmo.0371zzxsj.com/*
7498aded3c0ff969c7b705ee349117df,1156410100,2,sg.zztjyy120.com/*
74a30fd714a9ab6a56210ec089744a0f,1156410100,8,m.65621111.com/*
750a74520056d427bff4570d77dd21a2,1156320100,7,5g.zztongjiyy.com/*
750e5bec991460a72652dbdb5b9cc3d0,1156411400,1,sg.zykeda.com/*
759b36f74293079c21c3e9274de96213,1156411400,1,3g.mzsdfk120.com/*
75dc587596c793b572a34ac1317beb4f,1156411400,2,sgmo.120zzxsj.com/*
76b2942a6c5c2d1fad7a1382eb505b8d,1156410100,1,smmo.fsyyfk.com/*
771787aa0837e8569a71591eeb17c30a,1156410100,1,sg.zykeda.com/*
771787aa0837e8569a71591eeb17c30a,1156410100,6,sm.zzzykdrl.com/*
7755380a856a2ba423fff75c8c101581,1156410800,1,m.zztongjiyiyuan.com/*
77adab794e2dafae70f7210930858c85,1156411600,1,smmo.hnzzxsj.com/*
78442c335d5e1b537ec9433b7bda729a,1156410100,1,wap.zztjyiyuan.com/rdzt/20180723/*
78442c335d5e1b537ec9433b7bda729a,1156410100,1,wap.zztjyiyuan.com/*
78649b373e1eadf91d3a2593dc8c3b02,1156411100,2,sg.zhengzhoutongjiyiyuan.com/*
789f2d424df964ce15ec93ad06d284b3,1156411600,1,wap.zztjyiyuan.com/rdzt/20180723/*
789f2d424df964ce15ec93ad06d284b3,1156411600,2,wap.zztjyiyuan.com/*
78c201df552d9c8e9793908bfbbd5af7,1156411700,6,m.zztjbyby.com/*
78f82a814d97eb95e1bd63b04446904d,1156410300,4,sg.zykeda.com/*
799224e05a5cbff8e5f428865e386aa4,1156410700,5,3g.mzsdfk120.com/*
7a0f603a9e9aab24351020a9d31aea0e,1156410200,1,sg.zykeda.com/*
7a1d8c1c405d2d2655c51277b9eae812,1156411700,1,sm.zzzykdrl.com/*
7a2521fbf361254872ac0ef948bde207,1156411600,1,3g.mzsd120.com/*
7aa0ac66ae003dfee45b6b340c508d05,1156411100,4,m.zztjbyby.com/*
7b0b71b15b9abad7cc22f737347d8b4c,1156411000,1,sg.zykeda.com/*
7b52efbb0bf0943d6357812f0fc9b55f,1156410100,1,sg.zykeda.com/*
7b52efbb0bf0943d6357812f0fc9b55f,1156410100,84,smmo.yyyfuke120.com/*
7b52efbb0bf0943d6357812f0fc9b55f,1156410100,9,sm.zzzykdrl.com/*
7b8ea567bedfbaf7d019245dfae8b3ce,1156411400,1,sg.zztjyy120.com/*
7bc6715400cdeed418157ae23a176b42,1156410900,7,sgmo6.0371yyfs.com/zt/zyzx/*
7bc6715400cdeed418157ae23a176b42,1156410900,8,sgmo6.0371yyfs.com/*
7c741f35fb85adb0c94fa0dcba6fbf2d,1156410100,3,m.zztongjiyiyuan.com/*
7d5731fd46165739b3e5ff0a5cccac13,1156410100,7,sgmo.120new.com/*
7d6eaa318ce73e4be18449b659ebc308,1156411300,53,m.65621111.com/*
7da6b8685a6876f0a6f39d0211f2ea9e,1156410200,1,m.zztongjiyiyuan.com/*
7dcee179ccca510842f7936dc37759ae,1156410800,6,sgmo.fsyyfk.com/*
7debb0f7e6ff05589494351b9bf91aef,1156410100,1,3g.mzsdfk120.com/*
7e3f65233f330fe9b805ca0f229ea8bb,1156410600,79,smmo.yyyfuke120.com/*
7e5c073a71c8e9ff53558f1cd7b8d57b,1156411400,56,sg.zzzykdrl.com/*
7e5c073a71c8e9ff53558f1cd7b8d57b,1156411400,4,m.zztjbyby.com/*
7e6e794f02703078a740bd2afc30e891,1156410300,1,sg.zykeda.com/*
7e6e794f02703078a740bd2afc30e891,1156410300,10,smmo.yyy120fk.com/*
7e6e794f02703078a740bd2afc30e891,1156410300,12,sm.zzzykdrl.com/*
7e7b027e59638bcd02c0503c82dd1d80,1156430400,1,sg.zztjyy120.com/*
7e7b027e59638bcd02c0503c82dd1d80,1156430400,8,sgmo6.0371yyfs.com/*
7e838c66f17b825123cfff1d97db3120,1156410100,6,sg.zzzykdrl.com/*
7eeec2e8f2b761963298d88be5eebcbd,1156410100,1,smmo.yyy120fk.com/*
7efe8c5ee1625d4c0e0694aadddc9748,1156410800,57,smmo.fsyyfk.com/*
7f0354579dcf947d40a38acbbfc60f49,1156411400,7,m.zztongjiyiyuan.com/*
7f0eb8f0b7b946501a7381eba04d87bd,1156411200,14,5g.zztongjiyy.com/*
7f62ff4a6d301758efeefedcc0dd573e,1156410800,12,smmo.yyyfuke120.com/*
7f834fd3eead0ff19277e63f11f91837,1156410100,44,m.65621111.com/*
802653b850d6b87d62a080e4bf32589d,1156420100,2,sg.zykeda.com/*
802653b850d6b87d62a080e4bf32589d,1156420100,6,sm.zzzykdrl.com/*
806f156102bbbebbde61ede2d6bf0415,1156410100,1,sg.zykeda.com/*
80a45d36a761cdc523e76d5c8364ecfc,1156411700,1,sg.zykeda.com/*
80ce0eff616813ecb20c4a8a22581760,1156410100,13,smmo6.yiyaofk120.com/*
812d14f48fc405151fc778efbb3aa726,1156410400,11,sgmo.120zzxsj.com/*
814605f1da1b7b6d2024029a0a030890,1156411300,1,sg.zykeda.com/*
815fa9d128c23045060bcb791462a7b3,1156411000,2,m.65621111.com/*
8197783f043b540fc3e97ed9dbbd7f94,1156410100,1,sg.zykeda.com/*
82261be11aa5348a31c974c30d03594b,1156410100,1,sg.zztjyy120.com/*
82494c9aaa5a3720a82783b32aff3f28,1156410100,2,smmo.fsyyfk.com/*
826cf9c06e32cb0097e0fe8ba634b77e,1156411300,52,smmo.fsyyfk.com/*
82ac775576a788d4c49838fa2a5df7fe,1156411400,14,m.zztlyy120.com/*
82f998d8a1e722fd122d7abee68d86f8,1156411400,1,m.zztongjiyiyuan.com/*
834b1133f2b2f5cd13cea6272441d2da,1156411400,1,sg.zykeda.com/*
8387f412dc1455480ecd8ceecb862e85,1156410100,35,sgmo.120new.com/*
83c358e3334b643ae0d213b866c49b90,1156411200,14,sgmo.fsyyfk.com/*
846852d5df05bb77208a2955c37958e3,1156411400,2,sg.zykeda.com/*
84c55eef427da2a5d46c7b60a4787b5a,1156410100,1,smmo6.yiyaofk120.com/*
84cd88b074eaf194666f1da3e9ebb1d7,1156410400,7,sgmo.120zzxsj.com/*
8505b8a6e61f5c3b0d0cd4f9d215640e,1156410300,1,wap.zztjyiyuan.com/*
85bf1cddcd47601062787c425301a92b,1156410100,44,rl.mzsdfk120.com/*
85bf1cddcd47601062787c425301a92b,1156410100,1,wap.zztjyiyuan.com/rdzt/20180723/*
85bf1cddcd47601062787c425301a92b,1156410100,1,wap.zztjyiyuan.com/*
85bf1cddcd47601062787c425301a92b,1156410100,73,smmo.yyyfuke120.com/*
86c8c4abb09308ae9bf2c441028b3ffb,1156410300,13,3g.mzsdfk120.com/*
8767742a6bb6a6ff46fa26956b6e2d40,1156410100,15,smmo.fsyyfk.com/*
87ffe1cefcb4441b06393287e3e58b95,1156410200,1,sg.zykeda.com/*
8806bbfae21220a5dfbac658bd8a4155,1156410800,1,5g.zztongjiyy.com/*
885f68697e44baa3fb259f15325d5f86,1156411200,1,m.zztjbyby.com/*
88bf8c6df6e1281249a6a5c0f11eb1bc,1156410100,174,smmo6.yiyaofk120.com/zt/qdrlyy/*
88bf8c6df6e1281249a6a5c0f11eb1bc,1156410100,218,rl.mzsdfk120.com/*
88bf8c6df6e1281249a6a5c0f11eb1bc,1156410100,52,3g.mzsd120.com/zt/zxy180706/*
88bf8c6df6e1281249a6a5c0f11eb1bc,1156410100,10,3g.mzsdfk120.com/zt/rl_180519/*
88bf8c6df6e1281249a6a5c0f11eb1bc,1156410100,5,sg.zztjyy120.com/rdzt/20180723/*
88bf8c6df6e1281249a6a5c0f11eb1bc,1156410100,10,sg.zzzykdrl.com/*
88bf8c6df6e1281249a6a5c0f11eb1bc,1156410100,20,sg.zztjyy120.com/*
88bf8c6df6e1281249a6a5c0f11eb1bc,1156410100,103,3gsg.zzwcbj.com/*
88bf8c6df6e1281249a6a5c0f11eb1bc,1156410100,398,3g.mzsd120.com/*
88bf8c6df6e1281249a6a5c0f11eb1bc,1156410100,180,3g.mzsdfk120.com/*
88bf8c6df6e1281249a6a5c0f11eb1bc,1156410100,23,sgmo4.yiyaofk120.com/*
88bf8c6df6e1281249a6a5c0f11eb1bc,1156410100,46,sgmo6.0371yyfs.com/*
88bf8c6df6e1281249a6a5c0f11eb1bc,1156410100,246,smmo6.yiyaofk120.com/*
88bf8c6df6e1281249a6a5c0f11eb1bc,1156410100,145,smmo.yyyfuke120.com/*
88bf8c6df6e1281249a6a5c0f11eb1bc,1156410100,274,smmo.yyy120fk.com/*
88bf8c6df6e1281249a6a5c0f11eb1bc,1156410100,230,smzx.zzyyfuke120.com/*
88bf8c6df6e1281249a6a5c0f11eb1bc,1156410100,88,sgmo.fsyyfk.com/*
890a0f6517e4a2df7542929a66380db4,1156320300,6,m.zztjby120.com/*
8923ccc9246c8dbcb6b02ccc3d473087,1156411700,7,sgmo4.yiyaofk120.com/*
892ffd34dafd5f83d185eec6a3afb7ac,1156410100,6,sgmo.120new.com/*
89debb515dc0f1faac26d14b2f0305d5,1156411400,1,5g.zztongjiyy.com/*
89ea635c2b5d73c124bca85c97309068,1156411600,3,smmo.120new.com/*
89ea635c2b5d73c124bca85c97309068,1156411600,2,smmo.yyyfuke120.com/*
8a39564b44ee398af00346378ca7e6a0,1156411400,15,sg.hnyyaow.com/*
8a65d1904522f74334c1e39d980bca74,1156410100,2,sg.zykeda.com/*
8b83472dc048e06ce58630abce144678,1156411100,2,sg.zykeda.com/*
8bb172632f3dcdc91653fe3900d7b08a,1156411000,2,sg.zykeda.com/*
8bb37e95cb1e243f0890d3ffa2d6135e,1156411000,13,smmo.yyy120fk.com/*
8c1b17ca7c889613b27697580a8bc7d4,1156411700,2,sg.zykeda.com/*
8c258d0c90ca46661f15590410027871,1156410100,1,smmo.120new.com/*
8c258d0c90ca46661f15590410027871,1156410100,1,smmo.yyy120fk.com/*
8cb56ef23e9bc28f3a82d761b26a8edc,1156410400,2,sg.zykeda.com/*
8d1c3e5d71f1409bf08a3063180b615c,1156410200,74,3g.mzsd120.com/*
8d4e34fe8122b33386aa4a574c8eb4ef,1156411700,1,5g.zztongjiyy.com/*
8dbaf12b41ef52bad6c4ddaf256f0410,1156410100,1,smmo6.yiyaofk120.com/*
8e24aeae82af1efd39a5eee8b0a7f322,1156410100,3,sg.zykeda.com/*
8e3f7b83968a33f2fde4faf8a8ba9600,1156411400,2,5g.zztongjiyy.com/*
8e6595e8fd0988082be20df9d45ffe01,1156411600,46,m.65621111.com/*
8e9e2bfc7d8f4cf03c955125362c16a5,1156410300,1,smmo4.0371yyfs.com/*
8ee8e9a11aaa27bd192bc0e34153286b,1156411500,9,sgmo.0371zzxsj.com/*
8f07a68eaaaa2bc6ddfc496779df0140,1156630100,1,smmo.hnzzxsj.com/*
8f15919607fe751be01d71602d8daafe,1156410100,1,smmo.yyyfuke120.com/*
8f42870653a9cbc44822df1b2fd2bbcf,1156410900,6,m.65621111.com/*
8f42870653a9cbc44822df1b2fd2bbcf,1156410900,1,m.5ufk.com/*
9042856c695877b10d6ad3c569b144b9,1156410100,1,sg.zzzykdrl.com/*
9042856c695877b10d6ad3c569b144b9,1156410100,1,sgmo.120zzxsj.com/*
9130d80e1d32272e2826d8a7cdcbd332,1156411700,1,m.zztongjiyiyuan.com/*
915959278c4abef1acba73b2c097baf8,1156411700,1,m.zztongjiyiyuan.com/*
9180808b1f51948274890e9e11580146,1156411600,102,smmo.fsyyfk.com/*
91af2a1153c47989b5576bd5ff9edaa4,1156411100,95,smmo.yyyfuke120.com/*
92584ab28885c4ea7749fce87d637e52,1156410900,1,sm.zzzykdrl.com/*
929a52bdf9f7868439807b1e52eca9a5,1156410300,1,3gsg.zzwcbj.com/*
93ecf26a5c6e768a2b6523c6e1cb7f35,1156410100,1,sm.zzzykdrl.com/*
9470eafa88c4385c6597b195fc5add44,1156411400,1,wap.zztjyiyuan.com/rdzt/20180723/*
9470eafa88c4385c6597b195fc5add44,1156411400,2,wap.zztjyiyuan.com/*
9618ec26a4ff41cb3e3443bd1c977e31,1156410100,5,sgmo.fsyyfk.com/*
963ec7668ec3962e2a17c047ea6e1199,1156410100,2,sgmo4.yiyaofk120.com/*
966523588ee0d4e9ff8ce5ff6775ea34,1156410300,9,sgmo.120new.com/*
966b4ad1b057cc818ed515cb74b9cd83,1156410700,1,sg.zztjyy120.com/rdzt/20180723/*
966b4ad1b057cc818ed515cb74b9cd83,1156410700,2,sg.zztjyy120.com/*
97413b5dc244a25a17d2d308beecfe44,1156411400,21,3g.mzsd120.com/zt/rlsj180721/*
97413b5dc244a25a17d2d308beecfe44,1156411400,28,3g.mzsd120.com/*
97651077ee1bc257cdb0f887f4557519,1156410300,2,sg.zykeda.com/*
97a97884d31268b3e62cb75752ee30ad,1156411600,55,smmo4.0371yyfs.com/*
982d87af4fea005840f3c989868cf64e,1156410300,1,m.zztongjiyiyuan.com/*
9848cb7bb27ec1f0e19748d9bae56b08,1156410100,41,smmo.hnzzxsj.com/*
984d8d246bd695bf1efd1394fb48e58e,1156411100,1,wap.zztjyiyuan.com/rdzt/20180723/*
984d8d246bd695bf1efd1394fb48e58e,1156411100,1,wap.zztjyiyuan.com/*
98fb8461798c1067ca69e6c3a156b719,1156410800,3,smmo.120new.com/*
990b21771c7e592f9e95a7c6d57f1d85,1156410100,1,smmo.yyy120fk.com/*
99119a83a5eed35776a79c238a7ffa5c,1156410100,23,sgmo.120zzxsj.com/smzt/jhsy/*
99119a83a5eed35776a79c238a7ffa5c,1156410100,205,smmo.0371zzxsj.com/zt2017/rlyy/*
99119a83a5eed35776a79c238a7ffa5c,1156410100,284,sgmo.0371zzxsj.com/*
99119a83a5eed35776a79c238a7ffa5c,1156410100,146,smmo.hnzzxsj.com/*
99119a83a5eed35776a79c238a7ffa5c,1156410100,597,sgmo.120new.com/*
99119a83a5eed35776a79c238a7ffa5c,1156410100,420,sgmo.120zzxsj.com/*
99119a83a5eed35776a79c238a7ffa5c,1156410100,2888,smmo.120new.com/*
99119a83a5eed35776a79c238a7ffa5c,1156410100,1217,smmo.0371zzxsj.com/*
993b8b679dd95568d32db750e38f9e3d,1156410800,1,sg.zykeda.com/*
993b8b679dd95568d32db750e38f9e3d,1156410800,5,sm.zzzykdrl.com/*
996fe47774297a9e11631813cf0b142b,1156410100,3,m.zztjby120.com/*
9984b4f560a71c8f40441c9720d8aa04,1156411700,5,5g.zztongjiyy.com/*
99bfdfaa6cff86d236a181f656bdf739,1156410100,1,wap.zztjyiyuan.com/rdzt/20180723/*
99bfdfaa6cff86d236a181f656bdf739,1156410100,1,wap.zztjyiyuan.com/*
99c67e7b4dc76ba0a94856f893a477f7,1156410500,1,sg.hnyyaow.com/*
99e809769fc87deafbb284f30574dc8d,1156410100,1,sg.zykeda.com/*
99e809769fc87deafbb284f30574dc8d,1156410100,1,wap.zztjyiyuan.com/*
9a0b42dcb7ca55772d66c0f559a61e5b,1156411200,2,sg.zykeda.com/*
9b07e274c8a2d0b6063b10cae72cee19,1156410100,1,smmo.120new.com/*
9b07e274c8a2d0b6063b10cae72cee19,1156410100,1,smmo4.0371yyfs.com/*
9b100ef8f470cacbddbbc5356773c594,1156410700,9,sg.hnyyaow.com/*
9c1015623ed69f477fd1d520ab34814a,1156410100,2,sg.zykeda.com/*
9c4b90d19ff979f0afe53eafe3b013cb,1156110000,1,smmo.120new.com/*
9c50bcb41e08081b8175a3b9d95dc851,1156410100,1,wap.zztjyiyuan.com/rdzt/20180723/*
9c50bcb41e08081b8175a3b9d95dc851,1156410100,3,wap.zztjyiyuan.com/*
9c5198881f2a2a4375c90d9d82f5124e,1156411600,2,sg.zykeda.com/*
9c8934b0b93ea3cb98fda431b982cd64,1156411200,1,smmo.fsyyfk.com/*
9cb9f54eea1d358b2b9b2b37dac12ea4,1156411700,9,5g.zztongjiyy.com/*
9cd6fa58c99f47d079ff3f48fdafce8e,1156410800,4,5g.zztongjiyy.com/*
9cf988cbfeda264604aa3a97017ed6e2,1156410100,1,m.zztjbyby.com/*
9d14c55b58400a630628e5bc8238a29a,1156411500,7,sgmo6.0371yyfs.com/zt/zyzx/*
9d14c55b58400a630628e5bc8238a29a,1156411500,1,sgmo4.yiyaofk120.com/*
9d14c55b58400a630628e5bc8238a29a,1156411500,8,sgmo6.0371yyfs.com/*
9dde1bf3860466abf71f85c4c11251dc,1156410100,1,sg.zykeda.com/*
9ec74d9a42f6150ce01f06baaaf2fc46,1156410700,14,sgmo.0371zzxsj.com/*
9fd732c7ae6bdfd609b1a0e0f07d0a22,1156410100,1,5g.zztongjiyy.com/*
a0635c769df81bd80895e712340a1a57,1156411400,1,m.zztongjiyiyuan.com/*
a0671ac23dc38a730f6ccc62f919abda,1156411000,1,3g.mzsd120.com/*
a109df7e7ba768fbdc137727b35d2586,1156410800,50,smmo.0371zzxsj.com/*
a1389366eeb06dff16ae8ecdd408c2da,1156410100,1,wap.zztjyiyuan.com/*
a171a6f758b4b79270634d89d2b19a9d,1156411400,72,smmo.hnzzxsj.com/*
a1ad5da1e620b39a493dd167060ef597,1156410100,2,sg.zykeda.com/*
a1e2e3a0391badd1866dc9712990d07f,1156411600,10,smmo.fsyyfk.com/*
a2a82f1bc30c52a1e2fa7139e5256af0,1156410200,7,sgmo6.0371yyfs.com/zt/zyzx/*
a2a82f1bc30c52a1e2fa7139e5256af0,1156410200,8,sgmo6.0371yyfs.com/*
a2dc874879627e574d3f6166f7afe3a8,1156410100,1,sg.zykeda.com/*
a31adc3b794dfa293147491ab1cae5a1,1156410300,1,m.zztongjiyiyuan.com/*
a31b095f32e585dd9cb8be1fb03ccf9c,1156410100,92,smmo4.0371yyfs.com/*
a3c0c6010bae49e6c6ec879d1bd01cb0,1156411200,70,smmo.yyy120fk.com/*
a3e35107120370951edbfdca69ad5233,1156410100,3,m.zztongjiyiyuan.com/*
a3eb233dec136d2f80adcfb524836993,1156410100,8,sgmo.fsyyfk.com/*
a3f5dc2c7fa658f52900ea92894d35d2,1156410200,1,3g.mzsdfk120.com/*
a47df2626e32efe7a2a07cac5a6ff636,1156410200,1,5g.zztongjiyy.com/*
a4bfafa5d57ebae7c128775821660987,1156411700,1,smmo.yyyfuke120.com/*
a57b9a8701ee7efbdb86d13acb8e6c41,1156410300,1,sg.zykeda.com/*
a60969564b401c9d419b6af0a8c937f0,1156410100,62,smmo.yyyfuke120.com/*
a609c5983ee0787a07ae30f77a50d476,1156411500,1,5g.zztongjiyy.com/*
a63a0d030d4b79cc3f6f837af4507ab1,1156411400,2,sg.zykeda.com/*
a63b4d815c35a2e10e6d5c04f1bf5ffb,1156410200,1,smmo.yyyfuke120.com/*
a654820ee2ccd6e95ce5a22e12bee359,1156410100,14,smmo.yyyfuke120.com/*
a7244a7cff72bf1809f664621dd70577,1156411300,1,m.zztongjiyiyuan.com/*
a7c9cf0a2702efb1e5cb2d6b0b34778e,1156410300,21,3g.mzsd120.com/zt/rlsj180721/*
a7c9cf0a2702efb1e5cb2d6b0b34778e,1156410300,1,sg.zykeda.com/*
a7c9cf0a2702efb1e5cb2d6b0b34778e,1156410300,27,3g.mzsd120.com/*
a85ce36e60e20e8b7179a2982185ec78,1156410200,45,smmo.0371zzxsj.com/*
a8ba2f01f409b4352d2846e8ce2f49df,1156410300,1,sg.zykeda.com/*
a8f7723aa57ce2832e8b07f70f5a5b86,1156411700,6,5g.zztongjiyy.com/*
a8ffaf15b075bd213f04d0cc6d4113e9,1156410100,2,sg.zykeda.com/*
a963c77a20a645a0ab8bce5962ee6a7e,1156110000,9,m.65621111.com/*
a99dd846c0e22787c7577b2f26ca0a64,1156410300,1,wap.zztjyiyuan.com/*
a99ebe712c3138ec033e66c55d93b683,1156410300,12,sgmo4.yiyaofk120.com/*
aa656a3386ba4ee492c393f4dfe6af3e,1156411400,54,sgmo.120new.com/*
aa656a3386ba4ee492c393f4dfe6af3e,1156411400,4,m.zztjby120.com/*
aa8dd0b81615e78ef8334ba20396d2ef,1156410100,1,sg.zykeda.com/*
aa8fa8726373f9a7fb9c70be660c6212,1156411400,7,m.zztongjiyiyuan.com/*
ab24ca5ef57d236cb4ca3733014449f4,1156410100,17,sgmo.0371zzxsj.com/*
ab24ca5ef57d236cb4ca3733014449f4,1156410100,1,sg.zztjyyfk.com/*
ab24ca5ef57d236cb4ca3733014449f4,1156410100,2,sg.zhengzhoutongjiyiyuan.com/*
ab33c0caa8e727b96af8810cabee2430,1156410300,1,m.65621111.com/*
ab6eed1f5924ab95b0f7485a1b9c5a7b,1156410700,9,smmo.yyyfuke120.com/*
ac412c4d298d61762d4e81eca55d14fb,1156411400,2,smmo.fsyyfk.com/*
ac4e8484bb7fc05530aad2a2ac503c76,1156410300,11,sgmo.fsyyfk.com/*
ad1f68da0996189c9713f678cd54d06a,1156320300,1,smmo4.0371yyfs.com/*
ad9ea1bf3eff5b8f63c36464394dfd63,1156410100,10,sgmo.fsyyfk.com/*
adf3b4794708ffbc06487a77189f3ebc,1156411000,1,m.zztongjiyiyuan.com/*
ae58c8ea54e84710fa375618b973eca8,1156410100,1,sg.zykeda.com/*
ae58c8ea54e84710fa375618b973eca8,1156410100,5,sm.zzzykdrl.com/*
aeb3d172f68fe2a0ee5dffa51fbe7255,1156411500,2,sg.zykeda.com/*
aeeadb0cd4430d8dbcf28f8755af276c,1156410500,29,m.zztlyy120.com/zt/tty/*
aeeadb0cd4430d8dbcf28f8755af276c,1156410500,31,m.zztlyy120.com/*
af2ec28639eee14c1bd425f554823544,1156411500,2,sg.zykeda.com/*
af4213ddbeb77aeeb05ca776a01ee654,1156410800,37,rl.mzsdfk120.com/*
af4213ddbeb77aeeb05ca776a01ee654,1156410800,4,sg.zykeda.com/*
af4213ddbeb77aeeb05ca776a01ee654,1156410800,1,smmo.120new.com/*
af54aedd7782b115a3e883787911bfd9,1156411300,45,m.65621111.com/*
af783f33ca54e6a5a5ec3f3fccd5a8e9,1156410500,7,sgmo.fsyyfk.com/*
af98293a0ef6e1d1592db8fe6d1226cb,1156410900,2,sg.zykeda.com/*
afb2658181d9036767c3253ad6ad4e1a,1156410300,53,m.65621111.com/*
afbc8fd4953edf0ae78ccafd1facd31b,1156410100,1,m.zztongjiyiyuan.com/*
b0a7be7e667f7a26fab89fb12f4894e9,1156410100,26,3g.mzsd120.com/*
b0dc5d600c709eb0b1ee7f55e0f7cc70,1156410500,52,m.65621111.com/*
b0dc5d600c709eb0b1ee7f55e0f7cc70,1156410500,47,smmo.hnzzxsj.com/*
b0faa72050bd6c6bf04c3800e0157ee7,1156411700,61,smmo.hnzzxsj.com/*
b1130a84ebc56aa9a099f4720888a7cd,1156410100,14,sgmo.0371zzxsj.com/*
b1be2e08f13652194810a61a1af4c4a0,1156410500,48,smmo.120new.com/*
b1d85a5f532c9facbb5b6b524ea03dbf,1156410300,4,m.zztongjiyiyuan.com/*
b1d85a5f532c9facbb5b6b524ea03dbf,1156410300,6,5g.zztongjiyy.com/*
b1e82839985822c8614a144f2a015c76,1156410400,45,m.65621111.com/*
b259325920042c9c54e150857282a88f,1156411100,1,smmo6.yiyaofk120.com/*
b27907f4ffcffbcb96855aca76963d6e,1156410100,9,sgmo.120zzxsj.com/*
b2a329bd160edae5eda52fac16d83f1a,1156410800,53,m.65621111.com/*
b2ab99a26504cd170c013df5c1e271ef,1156411300,40,smmo.120new.com/*
b2ab99a26504cd170c013df5c1e271ef,1156411300,12,3g.mzsdfk120.com/*
b2bfacb97adc63dac67b05669c98fdad,1156411400,1,sg.zztjyy120.com/*
b340849e9b67f7ebf70101c6953e7e41,1156410100,3,m.65621111.com/*
b3566f81616fd5aba0c8f113ea83f34a,1156410600,17,sgmo.120new.com/*
b3cc07ac18eafae1a0ada7938d0b7636,1156410100,1,wap.zztjyiyuan.com/*
b3f79523e0293a2db3c61cfb269b9f8e,1156410100,2,sg.zykeda.com/*
b3f79523e0293a2db3c61cfb269b9f8e,1156410100,11,sm.zzzykdrl.com/*
b44d82050d3d53b5235c3b0db3846c0d,1156411000,1,smmo.yyy120fk.com/*
b456d3b833e9346e2d4fd94d01574c70,1156410100,1,sg.zykeda.com/*
b492616fa82407b6d3346d0bf531a29f,1156410700,1,sg.zykeda.com/*
b492616fa82407b6d3346d0bf531a29f,1156410700,3,sm.zzzykdrl.com/*
b536593e37520c9361b5af51468a56dd,1156410100,2,sg.zykeda.com/*
b54ec4a2631c4fcd6b1bc812b99cafd5,1156410700,16,sgmo.120zzxsj.com/*
b5992fbb41146ba319959f913ee51ac6,1156410300,1,sg.zykeda.com/*
b5d03b5c216cdd794407a94a76dd09a5,1156410400,7,m.zztongjiyiyuan.com/*
b690dd9e25a8da71ccc2e26de99f4624,1156410800,1,smmo.hnzzxsj.com/*
b690dd9e25a8da71ccc2e26de99f4624,1156410800,1,m.zztjby120.com/*
b6939db631c6a82a7a6bb368874493e2,1156410100,77,smmo.yyyfuke120.com/*
b77a7a33f06710a3d479d163f5e57bc5,1156410800,1,sg.zykeda.com/*
b77a7a33f06710a3d479d163f5e57bc5,1156410800,37,smmo.0371zzxsj.com/*
b7816237ac7045099f3b438599f8b296,1156410100,66,smmo.yyyfuke120.com/*
b7816237ac7045099f3b438599f8b296,1156410100,76,smmo.yyy120fk.com/*
b79b6c6a58e9da1c1e10137113c18203,1156411200,3,sg.zykeda.com/*
b7ffb4a9c9e9fc1000d6717f6e96064e,1156411700,1,wap.zztjyiyuan.com/rdzt/20180723/*
b7ffb4a9c9e9fc1000d6717f6e96064e,1156411700,2,wap.zztjyiyuan.com/*
b80385da59a8b2a1bda57e3150566dcd,1156410400,1,sg.zykeda.com/*
b80385da59a8b2a1bda57e3150566dcd,1156410400,12,sm.zzzykdrl.com/*
b8847c23137a73f04a1521a92604befe,1156410100,1,sg.zykeda.com/*
b8847c23137a73f04a1521a92604befe,1156410100,9,sm.zzzykdrl.com/*
b9e37f14a4893f329914e0117b7ae983,1156410900,1,sg.zztjyy120.com/*
b9ffa3d0263785c9ca60257a75e33041,1156411400,1,sg.zykeda.com/*
b9ffa3d0263785c9ca60257a75e33041,1156411400,12,sm.zzzykdrl.com/*
ba5e8bc8f6094a0953ca275f489a04be,1156410100,11,smmo.yyyfuke120.com/*
bac54d13cd407d6441d6e1ce0b8cfbc8,1156500000,8,m.65621111.com/*
bad2fe6b3d3f57b360270c18090cd69e,1156411100,24,3g.mzsdfk120.com/*
bae9b451e57ead809aecc27e82802152,1156410300,9,sg.zzzykdrl.com/*
bae9b451e57ead809aecc27e82802152,1156410300,2,sg.zykeda.com/*
bb35c8667a6746461f61d3c73d127761,1156411300,13,sgmo.120zzxsj.com/*
bbe38d36edb93304f5a3d1bfc2014557,1156410300,43,smmo.hnzzxsj.com/*
bc53cc0affa85ca02f1cd4e37a41f373,1156410100,1,5g.zztongjiyy.com/*
bc55a78f9530a50797c27063a52441ed,1156410800,1,3g.mzsd120.com/*
bc6cb84e47da46ef0435e74887f58a03,1156410100,63,sgmo.fsyyfk.com/*
bc98b218b0c4082e2175acca886b3e25,1156411500,2,sg.zykeda.com/*
bcd9b746bad772e1ad099e369df3c5ae,1156410100,10,3g.mzsdfk120.com/zt/rl_180519/*
bcd9b746bad772e1ad099e369df3c5ae,1156410100,11,3g.mzsdfk120.com/*
bcf5f77932ee7272392a897cc1b0d695,1156411000,12,sgmo.0371zzxsj.com/*
bd32592e5195ade47a78db41b0bfa014,1156431200,58,smmo.120new.com/*
bd54444f9ae29c1fb33306b1dc2c89d0,1156410100,16,sgmo.fsyyfk.com/*
bdc41b285f5142cd7cfb1bed7b6d99ba,1156411600,1,sg.zykeda.com/*
bdd8b1d1466a865e76adedb977cced41,1156410100,2,sg.zykeda.com/*
beb6de01a2defaf7168aaa2bf187b6c6,1156410100,9,sg.zzzykdrl.com/*
beb6de01a2defaf7168aaa2bf187b6c6,1156410100,2,sg.zykeda.com/*
beb6de01a2defaf7168aaa2bf187b6c6,1156410100,28,sgmo.120zzxsj.com/*
beba3a1337a9ca82dd2e62a38d094303,1156411600,7,sgmo6.0371yyfs.com/zt/zyzx/*
beba3a1337a9ca82dd2e62a38d094303,1156411600,8,sgmo6.0371yyfs.com/*
befc7af1eebefbf477113c48ff2c4d02,1156130700,1,sg.zykeda.com/*
befdcec52973e35f01f8ff24b4bda746,1156410300,9,sgmo.120zzxsj.com/*
bfb64f0884b058d3c105c7de81b5c9ce,1156410100,744,smmo6.yiyaofk120.com/zt/qdrlyy/*
bfb64f0884b058d3c105c7de81b5c9ce,1156410100,171,rl.mzsdfk120.com/*
bfb64f0884b058d3c105c7de81b5c9ce,1156410100,20,3g.mzsd120.com/zt/rlsj180721/*
bfb64f0884b058d3c105c7de81b5c9ce,1156410100,70,3g.mzsd120.com/zt/zxy180706/*
bfb64f0884b058d3c105c7de81b5c9ce,1156410100,37,3g.mzsdfk120.com/zt/rl_180519/*
bfb64f0884b058d3c105c7de81b5c9ce,1156410100,13,sg.zztjyy120.com/rdzt/20180723/*
bfb64f0884b058d3c105c7de81b5c9ce,1156410100,139,sg.zzzykdrl.com/*
bfb64f0884b058d3c105c7de81b5c9ce,1156410100,27,sg.zztjyy120.com/*
bfb64f0884b058d3c105c7de81b5c9ce,1156410100,33,sg.zhengzhoutongjiyiyuan.com/*
bfb64f0884b058d3c105c7de81b5c9ce,1156410100,44,3gsg.zzwcbj.com/*
bfb64f0884b058d3c105c7de81b5c9ce,1156410100,504,3g.mzsd120.com/*
bfb64f0884b058d3c105c7de81b5c9ce,1156410100,410,3g.mzsdfk120.com/*
bfb64f0884b058d3c105c7de81b5c9ce,1156410100,15,sg3.0371rxk.com/*
bfb64f0884b058d3c105c7de81b5c9ce,1156410100,72,sgmo4.yiyaofk120.com/*
bfb64f0884b058d3c105c7de81b5c9ce,1156410100,1067,smmo6.yiyaofk120.com/*
bfb64f0884b058d3c105c7de81b5c9ce,1156410100,1106,smmo.yyyfuke120.com/*
bfb64f0884b058d3c105c7de81b5c9ce,1156410100,991,smmo.yyy120fk.com/*
bfb64f0884b058d3c105c7de81b5c9ce,1156410100,270,smzx.zzyyfuke120.com/*
bfb64f0884b058d3c105c7de81b5c9ce,1156410100,140,sgmo.fsyyfk.com/*
bfd49cdc5418897c9ee7a47081ffce0e,1156411200,1,smmo.yyyfuke120.com/*
bfea78e0d2298566564b1bc5eb693658,1156411200,13,smmo.yyyfuke120.com/*
c020856d5deacf791102e883f628a02d,1156410100,1,sgmo.120zzxsj.com/*
c0cd1a2944084afbd436a29153f17b5f,1156410300,1,m.zztongjiyiyuan.com/*
c0cd1a2944084afbd436a29153f17b5f,1156410300,1,5g.zztongjiyy.com/*
c141f62141ebc926aa2e55ce18595509,1156411600,10,sg.zzzykdrl.com/*
c141f62141ebc926aa2e55ce18595509,1156411600,1,sg.zykeda.com/*
c1ba3279d5d928e0d97e6cb902f72b80,1156410500,14,sgmo.120zzxsj.com/*
c21692118f9d5f54d53dac2ecb4e9b91,1156410800,3,m.65621111.com/*
c22dda2875f022ed9179f7902b8d5abf,1156411700,8,m.zztlyy120.com/*
c26469c8cc399514f21d906f43c2a1fc,1156411000,8,m.65621111.com/*
c38633a7f40fce8516b7723a67c77be9,1156410300,2,sg.zykeda.com/*
c3c832eed389c6a24218e3a9f078341f,1156410100,8,sgmo.120zzxsj.com/*
c41f068d86dfe31d4564dce565f88c08,1156411400,9,sgmo.120zzxsj.com/*
c4207b202248caa246bee30cf2f47069,1156410100,1,m.zztongjiyiyuan.com/*
c4c52ccb039528b3889e750c5e45d380,1156410300,47,m.65621111.com/*
c565dd498c0cbd705880b1f520a9d5a5,1156410100,13,smmo6.yiyaofk120.com/*
c6c67aea79ae4b430802559d2509d45c,1156410900,2,sg.zykeda.com/*
c6e050877874e87a0130a82566539308,1156410600,2,m.zztongjiyiyuan.com/*
c703f7e63b2779a8e849337846e92f36,1156410200,9,m.65621111.com/*
c753c754f7fcf8c28dc02874d3c4248d,1156410100,5,m.65621111.com/*
c7848c338584519a874de3a91d8b72cc,1156411400,46,m.65621111.com/*
c7ef4c16255904dcc7f2ec92af7a8a49,1156410400,1,smmo.yyyfuke120.com/*
c86230537bc993e39ad26865476f1fae,1156410100,1,3g.mzsdfk120.com/*
c8905ca91d5b3a686397194e1617c429,1156411600,6,m.zztongjiyiyuan.com/*
c9083d8b137a54c03a1d57ff0a76f17d,1156411700,4,sgmo.120zzxsj.com/*
c972b00e2a9129c260ad6e0e781f8aef,1156411400,67,smmo4.0371yyfs.com/*
c972b00e2a9129c260ad6e0e781f8aef,1156411400,1,smmo6.yiyaofk120.com/*
c98a27e7291307bed984e226b456ed2c,1156410400,1,wap.zztjyiyuan.com/rdzt/20180723/*
c98a27e7291307bed984e226b456ed2c,1156410400,2,wap.zztjyiyuan.com/*
ca6d673bbb6dfae6e88dba0b1c85c6fb,1156410100,2,sg.zykeda.com/*
ca87c0d84c7d086ac0fb3d282ca2f460,1156410100,1,sg.zhengzhoutongjiyiyuan.com/*
cab5c11491cc23538845c44b4b431802,1156410100,4,sg.zykeda.com/*
caf57a780d0212df0f4ab93447a5b07e,1156411600,7,m.65621111.com/*
caf9aa2b75f562b57b11145ba6d69e13,1156410300,4,5g.zztongjiyy.com/*
cb506081aec3de08b947f10271dceb75,1156410500,12,m.65621111.com/*
cb91d22ef6b063f05516f5d07722baeb,1156410700,7,sg.zzzykdrl.com/*
cc0ba3e2e514cdb2a83fa5046fb2a7cd,1156410400,2,m.65621111.com/*
cc12e2082d5f61ad0162da0f736700ca,1156410100,12,sgmo.fsyyfk.com/*
cc548eb7b376fe698e2ec1400b3514ad,1156410100,16,sgmo.120new.com/*
cc71d45f28ee8da95412ed647072d19e,1156410100,1,sm.zzzykdrl.com/*
cc8272a9f3e4ae5d24b67419ed0baf29,1156410100,88,smmo.yyy120fk.com/*
cdfbb0403e2fbc35fc22682baf031cb1,1156411400,1,sg.hnyyaow.com/*
ce3e7ec6cdd44e252f6fd8e920a0d7bf,1156410100,1,sg.zykeda.com/*
ce3e7ec6cdd44e252f6fd8e920a0d7bf,1156410100,1,wap.zztjyiyuan.com/*
ce456eb7721ca06c1779a96000fb4813,1156411500,1,smmo.yyyfuke120.com/*
ce456eb7721ca06c1779a96000fb4813,1156411500,62,smmo.fsyyfk.com/*
ce90c35f47aa818925bd3d601448cb36,1156130200,1,sm.zzzykdrl.com/*
cf4b05a57ffc9283e139ef255aa9867a,1156410100,1,wap.zztjyiyuan.com/rdzt/20180723/*
cf4b05a57ffc9283e139ef255aa9867a,1156410100,2,wap.zztjyiyuan.com/*
cfd1a2f25393402a9379bdbf9534acac,1156410800,1,sg.zykeda.com/*
cfe7121923f5683bcd0ac766a11cda24,1156510500,1,smmo4.0371yyfs.com/*
d01d2e30b6f645d47e4aab05afa083bb,1156411400,8,sgmo.fsyyfk.com/*
d0eee495587fd1ca605164c5427d7310,1156411500,1,wap.zztjyiyuan.com/rdzt/20180723/*
d0eee495587fd1ca605164c5427d7310,1156411500,49,smmo.120new.com/*
d0eee495587fd1ca605164c5427d7310,1156411500,2,wap.zztjyiyuan.com/*
d0f6b0738eb6c1dc324223ba5e8e4c05,1156410400,25,m.zztlyy120.com/zt/tty/*
d0f6b0738eb6c1dc324223ba5e8e4c05,1156410400,4,sgmo.120zzxsj.com/*
d0f6b0738eb6c1dc324223ba5e8e4c05,1156410400,27,m.zztlyy120.com/*
d12f6a2d76928c4d23b3e4ea0f35f217,1156410700,2,3g.mzsd120.com/*
d17d633787a928edb1c8384900734547,1156410100,1,m.zztongjiyiyuan.com/*
d1a724aef79f7f01fcd1aeb7ebe1bf7e,1156410900,19,3g.mzsd120.com/*
d336526384fb8f6e3922b87d7b70ff68,1156411700,1,sg.zykeda.com/*
d376a58f06154a2a7d048b0e6baefe3a,1156410400,86,smmo.yyyfuke120.com/*
d382887e9279225dc5939b056828ca83,1156410200,1,sgmo4.yiyaofk120.com/*
d3adcc2437b0061a70d510be08c23036,1156410100,9,sgmo.120zzxsj.com/*
d48b352e6f9b48960360b2c8d7acd46f,1156410100,4,m.65621111.com/*
d49f63bbb5d288f13e849043aa8ef22a,1156410100,9,m.65621111.com/*
d4a76b0a81422ff36dab38e597a7c535,1156410100,2,m.zztongjiyiyuan.com/*
d4aff56afb284a31da839a44777b7d11,1156411600,2,3g.mzsdfk120.com/*
d4c9264d1b1a6a68dda0e93c97e7de0c,1156410100,1,m.zztongjiyiyuan.com/*
d4cff67f6f0d9450d853826f52df5996,1156410200,10,3g.mzsdfk120.com/*
d4f32f1b915e7bffd8874a9064073876,1156410100,1,sg.zykeda.com/*
d5128de88a8c6485e0a50edd140bf33a,1156410100,1,5g.zztongjiyy.com/*
d52b3fc012331064d2ffd5205a28441f,1156410700,1,m.zztongjiyiyuan.com/*
d58b9ba813d960f30add3ac123fb1f2b,1156410100,61,sgmo.120zzxsj.com/smzt/jhsy/*
d58b9ba813d960f30add3ac123fb1f2b,1156410100,283,smmo.0371zzxsj.com/zt2017/rlyy/*
d58b9ba813d960f30add3ac123fb1f2b,1156410100,44,sg.zykeda.com/*
d58b9ba813d960f30add3ac123fb1f2b,1156410100,286,sgmo.0371zzxsj.com/*
d58b9ba813d960f30add3ac123fb1f2b,1156410100,126,smmo.hnzzxsj.com/*
d58b9ba813d960f30add3ac123fb1f2b,1156410100,774,sgmo.120new.com/*
d58b9ba813d960f30add3ac123fb1f2b,1156410100,827,sgmo.120zzxsj.com/*
d58b9ba813d960f30add3ac123fb1f2b,1156410100,2125,smmo.120new.com/*
d58b9ba813d960f30add3ac123fb1f2b,1156410100,1537,smmo.0371zzxsj.com/*
d5d2237bc12aedc63825eb42663c135b,1156411300,1,sg.zykeda.com/*
d76bb6301aac4a5a2e412972f18c1228,1156411700,3,sg.zykeda.com/*
d80b8b36f7e8ff89e4c5dae993bb5a76,1156410100,2,sg.zykeda.com/*
d815fb47e113f4998963fa31bfac5b93,1156320900,1,wap.zztjyiyuan.com/rdzt/20180723/*
d815fb47e113f4998963fa31bfac5b93,1156320900,2,wap.zztjyiyuan.com/*
d8200bde2a5587d7569dead243ec8ac8,1156410100,13,sgmo.0371zzxsj.com/*
d8200bde2a5587d7569dead243ec8ac8,1156410100,14,sgmo.120zzxsj.com/*
d8a5a895d8d617d2e820a4e7ab395343,1156410400,6,m.zztongjiyiyuan.com/*
d8e459f0e4b9211071a275c2338d1e7a,1156410800,1,sg.zztjyy120.com/*
d976372989e678b51218135b7e1557fb,1156410100,7,m.zztjby120.com/*
d9caf6dcce74c034eb204bf2049e6a3e,1156411400,1,sm.zzzykdrl.com/*
d9e0686c16b601af40ad0880cac37979,1156410100,14,sgmo.120zzxsj.com/*
d9f52d92c27ebf9fa85e474c1ae179eb,1156410300,11,sg.zzzykdrl.com/*
d9f52d92c27ebf9fa85e474c1ae179eb,1156410300,1,sg.zykeda.com/*
da52be471fdac56dc524bc47c580d893,1156410100,1,sg.zykeda.com/*
da75a78eb0445d01350df2b12fafc6c4,1156411000,3,3g.mzsdfk120.com/*
dab80b9472c6361afb689feeb00ed9b8,1156410100,16,sgmo.0371zzxsj.com/*
dadca278ad8d48216bd570a081376337,1156410400,6,sgmo6.0371yyfs.com/zt/zyzx/*
dadca278ad8d48216bd570a081376337,1156410400,7,sgmo6.0371yyfs.com/*
dade9c9813761de767137bb1cf09ac99,1156410100,29,sgmo.120zzxsj.com/*
db37e0bee8fe180c4653276c3bb994b8,1156411100,1,sg.zykeda.com/*
db45b3b4496641dcdcd6dddba5e0ec1c,1156411600,39,3g.mzsd120.com/*
db5926f81ab417e114850fd10e019e39,1156140100,73,sgmo.fsyyfk.com/*
db87247653f8a15da9b8da6ab34cc327,1156410100,1,sgmo4.yiyaofk120.com/*
dc41978f17b6832ef7cf040859e6140e,1156410100,1,sg.zztjyy120.com/*
dc4ea7fb97cc05dc591b0a2cd6bdf794,1156411400,6,m.65621111.com/*
dc53eca4ddc5bbc4cc323c512894e197,1156410200,1,sg.zykeda.com/*
dd7fca71d2f097c2712f4cff0916b227,1156410100,71,smmo.yyy120fk.com/*
df538da687cbb6f9282736ec16195f7a,1156411400,8,sgmo.120zzxsj.com/*
df616112f49f574d4e6bb38448e0e287,1156410300,2,m.zztjby120.com/*
df616112f49f574d4e6bb38448e0e287,1156410300,1,m.zztjbyby.com/*
df802694bec52dd4aa723225f7a030f6,1156411100,5,smmo.hnzzxsj.com/*
df802694bec52dd4aa723225f7a030f6,1156411100,1,3g.mzsdfk120.com/*
dfdf0bc9f0253cfd145162e880fe3de2,1156411300,1,smmo.yyyfuke120.com/*
dffd19a7d685aafa40f96c9a43b517d5,1156411400,1,smmo.0371zzxsj.com/*
e0329b720b8f40dfa8a6b220001615a8,1156411400,65,sg.hnyyaow.com/*
e0cd503c9d0688f3ed6e0d484d3d4a07,1156410600,5,m.zztongjiyiyuan.com/*
e0cd503c9d0688f3ed6e0d484d3d4a07,1156410600,5,5g.zztongjiyy.com/*
e1159f2c4755b165d25a05d711900f4f,1156411000,1,m.zztongjiyiyuan.com/*
e143688fb5126dac0016be6a28daf47a,1156411300,2,sg.zykeda.com/*
e22d3d372c654b61fe5684a02a5e83c7,1156411100,1,sg.zztjyy120.com/*
e2372479ed7e7f752fe11c4f35c0cb3e,1156410600,1,wap.zztjyiyuan.com/rdzt/20180723/*
e2372479ed7e7f752fe11c4f35c0cb3e,1156410600,2,wap.zztjyiyuan.com/*
e2372479ed7e7f752fe11c4f35c0cb3e,1156410600,14,smmo.yyyfuke120.com/*
e25fa980b9615dc732548202ad3a338e,1156410300,1,sg.zykeda.com/*
e34dbde26a2ffca432c4eb6f13344e97,1156411200,1,sg.zztjyy120.com/*
e355f123d37e37c4581aaa9e991c949e,1156340400,1,wap.zztjyiyuan.com/*
e355f123d37e37c4581aaa9e991c949e,1156340400,1,sm.zzzykdrl.com/*
e35834cd06fd05c3248e589ddb18e562,1156410900,1,sg.zztjyy120.com/*
e39133cf067607b05a472d80b836bc84,1156411700,6,m.zztongjiyiyuan.com/*
e3be6549aa2b6c9af0dc006f66d1aaec,1156411700,1,3g.mzsdfk120.com/*
e3c6713d5add6bcaafccb1d5a6c78284,1156411300,47,m.65621111.com/*
e4263e6d165c5ba5648ce6a7455295ff,1156410600,2,sg.zykeda.com/*
e4424d6dee5bfbfb511fc004a9a5c7e7,1156411200,1,sg.zztjyy120.com/rdzt/20180723/*
e4424d6dee5bfbfb511fc004a9a5c7e7,1156411200,2,sg.zztjyy120.com/*
e454989070e48b55e81ba0d3d1748ba8,1156410300,1,sg.zhengzhoutongjiyiyuan.com/*
e4f409d7ba1259cb9a7cf2f3843645cb,1156410200,1,sg.zykeda.com/*
e5673fe5007542b4a4de0180e9539ac4,1156410200,12,smmo.yyyfuke120.com/*
e64d03ae0297697a724bf39416d36e3f,1156411700,34,3g.mzsd120.com/*
e69d40d328f5508f6334be46ea12b274,1156410400,1,sg.zykeda.com/*
e6b2f7380948a513a671e823abd24600,1156410500,47,smmo.120new.com/*
e7033ee6f62a36dc3540ba0c3250050b,1156621000,1,sg.zykeda.com/*
e7111c771392be191f89068e86247c75,1156411600,1,sg.zykeda.com/*
e858b413f36e16b80a58b13df6e6447d,1156411400,14,sgmo.120zzxsj.com/*
ea3a882603f2142f3fcdf816c6b0aea1,1156411700,8,m.65621111.com/*
ea9d80ad7211a781adf19d7fc6744a08,1156411300,3,sg.zykeda.com/*
eb9100979ba102c05f50eccfddf96413,1156411000,9,sgmo.120zzxsj.com/*
eb93c7b52287c036bae6bc49aeb00d2f,1156410100,9,m.65621111.com/*
ebb37d0792810428f66e3be73a9b8064,1156410100,49,m.65621111.com/*
ebb37d0792810428f66e3be73a9b8064,1156410100,4,m.zztjby120.com/*
ec751613347735c6730f9b93dd4b019f,1156410100,1,sg.zykeda.com/*
ec751613347735c6730f9b93dd4b019f,1156410100,1,smmo.0371zzxsj.com/*
eca6c349c4186acbcca2782fb26dbdf1,1156411400,2,sg.zykeda.com/*
ecd5e8f8eb3deb10534fc52cee952447,1156410200,1,3g.mzsd120.com/*
ed00a904f9f3965d7bfd6c3da55d8491,1156411700,2,rl.mzsdfk120.com/*
ed00a904f9f3965d7bfd6c3da55d8491,1156411700,2,smmo.yyyfuke120.com/*
eddf5272095d7c0b3680888e735d0c1b,1156411700,1,sg.zztjyy120.com/*
ee0f309eb6c733123b266b5c1b515cda,1156411000,1,sgmo.120zzxsj.com/*
ee3489d7ce327620c31ae8a519b26834,1156410100,2,sg.zykeda.com/*
ee60c324a5468a6b6a51f4b89d68529d,1156410100,2,sg.zykeda.com/*
ee7f85d64f52e5c04408805b406c1bac,1156411600,2,sg.zykeda.com/*
ee7f85d64f52e5c04408805b406c1bac,1156411600,11,sm.zzzykdrl.com/*
eed3417812ad85b2543401e4a6bbaf8d,1156410100,1,sg.zykeda.com/*
eed3417812ad85b2543401e4a6bbaf8d,1156410100,1,sm.zzzykdrl.com/*
ef24c1e1a226f77eca748ede2c12eb8c,1156411400,12,sgmo.120zzxsj.com/*
ef4a38d971eded6dd66f25672c72953c,1156410300,1,smmo.120new.com/*
f1185ffcc58f26bdd2415bd705a0d2c4,1156410900,13,sgmo.0371zzxsj.com/*
f241c8ffb61ddc06d2a88b412c64e3a2,1156410100,1,5g.zztongjiyy.com/*
f26035507992db94ac77bce1a953918d,1156411600,1,wap.zztjyiyuan.com/*
f2a86e4fd39b06ea8d9391aa453dc9ca,1156410100,1,sg.zykeda.com/*
f33ec39e905b25bbdc718dd93e0f8605,1156411500,14,smmo.yyyfuke120.com/*
f37c2cff79a740a1e4d2ea5b9e579e06,1156410100,2,sg.zykeda.com/*
f3a55989be6b4a6a0b932770eb7060c6,1156411600,1,wap.zztjyiyuan.com/rdzt/20180723/*
f3a55989be6b4a6a0b932770eb7060c6,1156411600,1,wap.zztjyiyuan.com/*
f3d73b71af8bf1dd6c59b3407ad4dcad,1156440700,1,sg.zztjyy120.com/*
f40713a991de84bb749ef5eab663f202,1156411200,84,smmo.yyyfuke120.com/*
f4ffed5e4d37d5de753ed304461a1e42,1156411700,1,wap.zztjyiyuan.com/*
f52c10fb04bb421365b8d606d2992006,1156411400,9,sgmo.120zzxsj.com/*
f5a391f6663bbad4e15154eb20412901,1156411500,4,m.zztongjiyiyuan.com/*
f623096b8b7253213d1cddcf93627d73,1156410100,6,sgmo.120zzxsj.com/*
f6284fd8e8251d18616a6fc041ea26e4,1156410500,1,3g.mzsdfk120.com/*
f62c353088cfe5b4f2abfad3c9eb69cb,1156410500,2,smmo.hnzzxsj.com/*
f66289f976bbf24b0750cb81c41dadf8,1156411000,1,sg.zztjyy120.com/rdzt/20180723/*
f66289f976bbf24b0750cb81c41dadf8,1156411000,2,sg.zztjyy120.com/*
f6cc7657c78f4833956bdfcd8e11f34d,1156411600,1,sg.zykeda.com/*
f6f3c57960ef3bf303569d2cc8e30458,1156411700,1,sg.zykeda.com/*
f7360d55670ded9af2aca31d58143085,1156410100,4,m.zztongjiyiyuan.com/*
f7360d55670ded9af2aca31d58143085,1156410100,4,5g.zztongjiyy.com/*
f760aa3a4d00a23250383ebf368477c5,1156410300,5,m.zztjby120.com/*
f880a5681fb2f3c81e734e95ce4c677c,1156411000,4,smmo.hnzzxsj.com/*
f8b3e21834acafe695566bb63a2070a4,1156410200,1,sg.zykeda.com/*
f8b3e21834acafe695566bb63a2070a4,1156410200,35,smmo.120new.com/*
f8dd2445cb5a13da74e7718e09ea89cd,1156411700,1,smmo.yyyfuke120.com/*
f93e190096fd575c2888625acad1c1ec,1156411100,1,sg.zykeda.com/*
f987398f802c716cc280001fa0f377bc,1156410100,8,sgmo6.0371yyfs.com/zt/zyzx/*
f987398f802c716cc280001fa0f377bc,1156410100,13,sgmo6.0371yyfs.com/*
f9a5f9da33e7b81db228d71e9866016c,1156410700,1,smmo.yyyfuke120.com/*
fa513275ab2edf7b7cbf019e784dd0b9,1156410100,16,sgmo.0371zzxsj.com/*
fa5aec0a4bcfb1e87e32bbaef38bd84c,1156410100,71,sgmo.fsyyfk.com/*
fa9310309f5a4d9a71efc07bb91e0a86,1156411700,1,sg.zykeda.com/*
fb7ccc2e3a9697cf19ad331efa0bc92a,1156411600,7,m.65621111.com/*
fbd76c5cc9c129f4267621e33b514c4b,1156410100,4,sg.zykeda.com/*
fc1d8a4da3cb5c1da829b2e1d844f62f,1156410100,1,wap.zztjyiyuan.com/rdzt/20180723/*
fc1d8a4da3cb5c1da829b2e1d844f62f,1156410100,3,wap.zztjyiyuan.com/*
fc6fd7cac93b85db6e2640b8b03330ff,1156410500,1,wap.zztjyiyuan.com/rdzt/20180723/*
fc6fd7cac93b85db6e2640b8b03330ff,1156410500,2,wap.zztjyiyuan.com/*
fc7ba78d6c2eff9270ff1f18b2444eaf,1156411300,1,sg.zztjyyfk.com/*
fc86edc04db8793cc525aae2cb3d649f,1156410900,1,m.zztongjiyiyuan.com/*
fcdc7bcac78fecb233c0af3a5dc768b1,1156410100,2,sg.zykeda.com/*
fced0a2944ffa8ebb3b1d47686fbb833,1156410800,36,m.zztlyy120.com/zt/tty/*
fced0a2944ffa8ebb3b1d47686fbb833,1156410800,43,m.zztlyy120.com/*
fd157fa477593b7b7c2e3dbd4c529684,1156410100,1,wap.zztjyiyuan.com/rdzt/20180723/*
fd157fa477593b7b7c2e3dbd4c529684,1156410100,1,wap.zztjyiyuan.com/*
fd157fa477593b7b7c2e3dbd4c529684,1156410100,9,smmo.yyy120fk.com/*
fd28973010805ddadac706ac4f89a838,1156410100,1,sg.zykeda.com/*
fd28973010805ddadac706ac4f89a838,1156410100,47,smmo.120new.com/*
fd3c385742cfc297087ff3c6a9595c50,1156410500,9,sgmo.0371zzxsj.com/*
fd6ec3057335c8788e8dbe919100ac7e,1156410100,16,sgmo.120zzxsj.com/*
fe48a015db8d94e2765370b6d9901853,1156411700,1,sgmo.120zzxsj.com/*
fe685b3477481cc01d892cfd00fa184c,1156410800,2,sg.zztjyyfk.com/*
fe8bd7cbf034f51523d959f0863c358b,1156410600,1,smmo.120new.com/*
fe8bd7cbf034f51523d959f0863c358b,1156410600,1,wap.zztjyiyuan.com/*
fe8bd7cbf034f51523d959f0863c358b,1156410600,1,sm.zzzykdrl.com/*
fedd519432545102011f6c93bb32c11b,1156410800,5,m.65621111.com/*
fedd519432545102011f6c93bb32c11b,1156410800,1,m.5ufk.com/*
feebc2b320e4e83f1d86a465a75b76dc,1156410300,2,sg.zykeda.com/*
ff2505744680068636a8bddf30140960,1156410100,15,sgmo.0371zzxsj.com/*
ff553e635c377a2f9cd1124aa89525eb,1156411700,2,m.65621111.com/*
ff66a672f85c2041689dc69647342138,1156410400,9,sg.zzzykdrl.com/*
ff66a672f85c2041689dc69647342138,1156410400,1,sg.zykeda.com/*
ff7d1617a26123b2aea56708581b15ae,1156411400,1,smmo.yyy120fk.com/*
