0050c1f9b793470986e448626d5cd830,1156310000,22,yidongm.zzbredu.com/*
00a76571837bbfe26e16a018c9b1454a,1156510100,1,www.yaomiedu.com/wap.html*
00ca3d8460aa67bcb516792675d2cc10,1156371500,1,www.youluwx.com/*
032a028fcd7651c35d60def3e852bda2,1156130100,19,www.jhwx.cn/zt/m_xfgc/*
0330d23f10247b125f0843d2cb24c6f5,1156130100,23,yidongm.zzbredu.com/*
0335d335a5fe3acb37d35a5b75a31ccd,1156110000,1,www.niceloo.com/yixiao/*
034401af7d6e7e27897ddaaa6d31eccb,1156370700,36,wap.bangkaojiaoyu.com/xf*
039aba9ea2b43e354bceb06fc9cce18b,1156130300,2,www.youluwx.com/*
03bb55d9dbeb9bac10aac8cb98dd6e67,1156370800,10,www.youluwx.com/*
0439ff05d8dcd33b7b282012f796547a,1156320500,10,bj.hpwxb.com/xf-MB*
04be9119c087d44e8ddaf7714ebb9bf5,1156230800,18,www.jhwx.cn/zt/m_xfgc/*
04f901c1fa0374c70453206e43ddde04,1156230100,1,yl.szfilmcenter.com/*
0579b408e6d368c09e0d55747ee6ade4,1156320500,1,wap.bangkaojiaoyu.com/xf*
05856f869e6725a250260272a9597f5a,1156511100,7,www.youluwx.com/*
059d73d8ca966e798f42f9ce71e6627b,1156371400,2,wap.bangkaojiaoyu.com/bjtg/xf/*
059e485bf5cd29c517fe2ff743c57c15,1156510100,2,www.niceloo.com/yixiao/*
06ca2f84263a3af69bad498d1df580eb,1156370200,5,www.youluwx.com/*
070af40b0104f34c7889190d4f5d273b,1156130100,26,www.youluwx.com/*
075c439ff4d47bb8c809933a8a94078f,1156371100,64,www.feiyue119.com/*
07ba873126b1cb1daacdf81690e02551,1156371500,3,bj.hpwxb.com/xf-MB*
08633a2408dc2b8cf4de08f54f56d783,1156370200,10,www.feiyue119.com/*
08d830237739c4a7325f9769533f4529,1156511300,3,wap.bangkaojiaoyu.com/xf*
0956f97c6f55cab29b236728e402087d,1156310000,7,www.youluwx.com/*
0a93d1841195d694a0ab20938efdc4da,1156371200,6,www.youluwx.com/*
0a957a20dc96d523faafb63c5b1c928b,1156371400,23,yidongm.zzbredu.com/*
0ad44d9488ccdeab0ebca468f2439a3a,1156370400,1,www.youluwx.com/*
0ae6fd27ed749ba7c9ced9e47343aa84,1156310000,3,www.niceloo.com/yixiao/*
0ba264175d0d22cb8770dd5a93492acb,1156510100,1,www.niceloo.com/yixiao/*
0d11dec1572ea6e04368968dcf333a6a,1156130100,34,www.jhwx.cn/zt/m_xfgc/*
0d7e9162d9c5ea9dbe1232c190161a6d,1156511700,58,www.feiyue119.com/*
0ea3ad9efe5ffe8ea733efea28fa5b45,1156310000,1,www.feiyue119.com/*
0eb2462d3aba95af4ecc5d06c7b64e2b,1156510100,2,www.youluwx.com/*
0f5604acc9d67c2c7ad10bf6a917446d,1156370200,11,www.youluwx.com/*
0f6938168e3d9515e98a3fff0507c742,1156510100,55,www.feiyue119.com/*
10064762b8fac053c891e88daa262926,1156130100,3,www.youluwx.com/*
10230fbfbcc2e11f7181a0bd8e9bc1f4,1156510100,2,www.youluwx.com/*
10b4336a41a205726dda6bd7c95c4efa,1156511300,55,www.feiyue119.com/*
10b89dea3309b7f591d9f695f921ff5d,1156370700,4,www.youluwx.com/*
10d18bc13d8104fe460ce8575a6fb6d9,1156310000,4,www.qddfxfpx.com/*
10e99451820e27bf32ecf8c7f51edcb9,1156321000,3,www.youluwx.com/*
1101f939bf6f562d5771ca1767107040,1156371000,1,wap.bangkaojiaoyu.com/bjtg/xf/*
1119117981831cd72858a1ed2fc29eb4,1156130400,9,www.youluwx.com/*
112a2b9246d0c9671ab168e0a506af23,1156510100,1,yidongm.zzbredu.com/*
11862cff486dbae524a7f17708e38cc1,1156510100,1,www.niceloo.com/yixiao/*
1188f945028202698fca300c2c8730e0,1156620500,3,www.youluwx.com/*
1278042cb25c613c58b20b3cc6abc569,1156371700,1,www.niceloo.com/yixiao/*
12a333c8ff633d9305efbb47da3e21ed,1156320700,1,bj.hpwxb.com/xf-MB*
12c9af27e5f1e6b55cc4a6f9f83a0f1f,1156130400,2,wap.bangkaojiaoyu.com/bjtg/xf/*
14f62458ff38673000b0e32a83200435,1156510500,93,m.yahuedu.net/*
155ac27acbc8576d41d80d23e4db9402,1156321000,1,wap.bangkaojiaoyu.com/xf*
15d2d249266c955f897fc1bfc98c9b07,1156371400,3,www.youluwx.com/*
15deaa4e843ea325e31dc89b9f41eadb,1156371400,58,www.feiyue119.com/*
16293a9a55bd80a773918d63bf9e2d4a,1156370700,2,www.niceloo.com/yixiao/*
16619ddf965cc73a2c1869f28fe54dea,1156320900,25,www.jhwx.cn/zt/m_xfgc/*
16cf76f073209e14bb3977dae2b42681,1156371700,1,www.yaomiedu.com/wap.html*
173667c58c7c89c1b2ce365556e0f308,1156371700,1,www.youluwx.com/*
177dbba7bc04694bd0b6a9f456fd3ea2,1156310000,42,www.feiyue119.com/*
179b14334bbbd4d2de057808aee189dc,1156310000,8,www.youluwx.com/*
18564f9a72555e82e596356b2649c3ff,1156510700,49,www.qddfxfpx.com/*
1952209dd3bdfb0725f7619e3eec2888,1156130100,27,www.yd119.cn/m/
19a81d36f71a67cf97724c3fccdb3473,1156370700,3,www.youluwx.com/*
1a0dbd2bde6012e5b5705302c5a2e050,1156511600,3,www.youluwx.com/*
1a4becda7d8c2956c2ab262d6f64b307,1156510100,5,bj.hpwxb.com/xf-MB*
1a5b199a799760efc50e7d915d3a2c3b,1156511600,6,www.youluwx.com/*
1adbfb720fdc189e09aba34e11929607,1156510100,8,www.youluwx.com/*
1af36cd8081a5219544cee79180e6dca,1156370700,3,www.youluwx.com/*
1b16b615c9989913fc1ab1aac64b4882,1156130100,10,www.youluwx.com/*
1b3ab7a720a0d07e5216a2894c7af3c5,1156370100,1,wap.bangkaojiaoyu.com/bjtg/xf/*
1bf177bceb3694968eb29d79f3510da8,1156370200,1,bj.hpwxb.com/xf-MB*
1c211e819fba75955a55c07f9b08a6ba,1156511300,4,www.youluwx.com/*
1c45c557fc81d655c5666d631d65a7ef,1156511100,5,bj.hpwxb.com/xf-MB*
1d1f6b6b47f8ae9a4cfbadc40553a4c8,1156370600,56,www.feiyue119.com/*
1d3b8a64db94dc4188089fecc47e8552,1156511100,3,www.youluwx.com/*
1db09836fd1f264ebc05d0608e38359a,1156320600,9,bj.hpwxb.com/xf-MB*
1db46564dd38b0cd34fd02f34d51f9e8,1156130100,10,www.youluwx.com/*
1e491e7b4a390389b0efe7831f0a5e0f,1156320500,3,www.youluwx.com/*
1e6477d45527f41c6d612a834601fec8,1156130700,7,www.youluwx.com/*
1ea2d31555dbcb58689c657e2f336d04,1156310000,1,www.niceloo.com/yixiao/*
1ec754c442a643bccb8e8f99ffff0f29,1156511700,12,www.youluwx.com/*
1edb5bf882ce9cbd6fc5d786db79b02a,1156510100,9,www.youluwx.com/*
1ee267e64d40a3136e24bc470b6f1d21,1156511300,2,www.qddfxfpx.com/*
1eeeae492d16b4d01b431c5e1a5fc2b1,1156371600,67,www.feiyue119.com/*
1f4fddd8291d56183ad90d269bb27347,1156321000,16,www.youluwx.com/*
1fd8059f75a111492e9b0fcd8384b705,1156510100,22,yidongm.zzbredu.com/*
204f960042a22712cbe927b4f8ac1a88,1156131000,1,www.youluwx.com/*
20eba5c894dcb22794da4c6354e4e7e3,1156511100,35,www.youluwx.com/*
211e62dc6d4404ac70fb9f6939480faa,1156130100,34,www.youluwx.com/*
213abf04fa64386f819899cffaafb376,1156130300,14,yidongm.zzbredu.com/*
22ae3e2da83f136fd3eba135172bb039,1156510100,1,www.feiyue119.com/*
22e0a3f295fdc7835802f8052f53df57,1156371000,1,www.niceloo.com/yixiao/*
234577c44751b5272fc3581c4be093a2,1156130200,25,www.feiyue119.com/*
2352f94c6e6802d952a3e4f6e3f3a95a,1156370200,2,yl.szfilmcenter.com/*
236a9a8834590d3140d27570baada096,1156130700,6,www.youluwx.com/*
23a2bb42c2e5373a9ffd3d79d2511fd1,1156371300,9,bj.hpwxb.com/xf-MB*
23f875c25fe497b7a817c7971aea41e9,1156320600,3,www.youluwx.com/*
24a4aef0dcfb50f09b9af8e9012ed9a5,1156321300,5,bj.hpwxb.com/xf-MB*
24ee03d04489e6687aa5ebe356923314,1156510100,6,wap.bangkaojiaoyu.com/bjtg/xf/*
2582aedbf8eea5471b296f0727951211,1156130100,68,www.youluwx.com/*
26750abc03f2c54b0060193d402e1b95,1156370200,3,bj.hpwxb.com/xf-MB*
26b2e169571057320f2e31c1ebcc954e,1156130200,31,www.jhwx.cn/zt/m_xfgc/*
26c924b47cf221582c9d5aede42dadf5,1156371600,1,www.feiyue119.com/*
2916f5934b80ea0e029d75aaa65c5a31,1156510100,4,www.youluwx.com/*
2976322534c820cf8434fa9457871cad,1156130600,55,www.feiyue119.com/*
29e2081128427127073434e895b424f5,1156320700,51,www.youluwx.com/*
29f54d4d2a8cc9cfc199249622a5013b,1156511400,22,www.youluwx.com/*
2a259a259687e02b2fa26c010f0780b9,1156370700,3,www.youluwx.com/*
2a4c249f451d659e382502e9a0ed3420,1156510100,6,www.youluwx.com/*
2b1496360d02067ae2394a2761069cd3,1156130100,26,www.yd119.cn/m/
2b3260adca51d538b89a29cf5767b718,1156510100,6,www.jhwx.cn/zt/m_xfgc/*
2b7fcd4bdade898622a92e4b9ee45016,1156370800,1,www.feiyue119.com/*
2b886334f22348a4203e53b7044a90d4,1156310000,6,www.youluwx.com/*
2c0a86bfa6ab56f0f67058a6fc5d26c4,1156511800,4,bj.hpwxb.com/xf-MB*
2c69d4b567c1af7aebeae307413f7233,1156371600,2,www.youluwx.com/*
2c8d9bedc5559a2794bc585d60ab8ca6,1156370900,6,www.youluwx.com/*
2d0b457629aa9c1d02039994488ee848,1156320300,2,yl.szfilmcenter.com/*
2dce9da6f5e9658c68dee62e0a46e928,1156310000,4,www.qddfxfpx.com/*
2e9cd8273c56478b1826e57db79dfcd4,1156131000,23,yidongm.zzbredu.com/*
2f5728b95ba06cf68144f77ad23b070f,1156513300,7,www.youluwx.com/*
2f6a001ce01343e7d27cdd89f8617d40,1156130900,9,www.youluwx.com/*
2f6a7ca0723c1f0d0ce1b44fb2cd13cf,1156310000,9,www.youluwx.com/*
2fd7fe187151f390b375984ae39bb6c5,1156320500,13,www.youluwx.com/*
3045156f54b23a2525c9e5b48ece53b2,1156511100,4,yl.szfilmcenter.com/*
305dc9158b682bbde524b8951a7a390d,1156371300,34,www.jhwx.cn/zt/m_xfgc/*
309be49859bc372a566feb7ad05889d2,1156370400,1,www.youluwx.com/*
31170d86f9fba7bcb52d4ad272f062ee,1156130400,29,www.jhwx.cn/zt/m_xfgc/*
316ee9c8e6db1728977fa0a7cccd80c0,1156310000,2,www.qddfxfpx.com/*
31839e1cfac5cee4f38908fc570a2d22,1156370700,1,yl.szfilmcenter.com/*
318b7551f1af56cd590132ceec166696,1156130200,1,www.yaomiedu.com/wap.html*
325814fe969bd06cffc49629a8e634aa,1156512000,3,www.youluwx.com/*
326608f4d29a2c4140b20d7adc71fd15,1156370700,3,www.youluwx.com/*
326b89c69b404c6e7fde11ff3cdd93ca,1156320400,26,www.yd119.cn/m/
32838877b5155498c2a9b0abfdd523d8,1156371500,1,www.niceloo.com/yixiao/*
338d1cb335225f78f1beef9f9e33ce93,1156340200,1,www.niceloo.com/yixiao/*
33efa33028490910970c44592d52c61f,1156511700,11,www.youluwx.com/*
34e58093b0fd287f0f6256d5bc7f17f2,1156370400,26,www.yd119.cn/m/
359d8f3e2125f0f15f974bf78a85403c,1156370200,1,www.youluwx.com/*
35fcb5c838b100c750459630c495aa89,1156370500,5,bj.hpwxb.com/xf-MB*
361938aa6bf4ada19d00183d04d98518,1156371100,4,www.feiyue119.com/*
3685aaa51d2630551e4e478fc910d9d6,1156511000,7,www.youluwx.com/*
36889d03faf23fc4a6d968d43c1cf7cf,1156510100,1,www.youluwx.com/*
368c0e50d115cd78f0e05c94d35d5d6e,1156510100,18,www.jhwx.cn/zt/m_xfgc/*
373729e2a6c8ed664282f701346abc4a,1156511300,7,www.youluwx.com/*
3788437b6b58858b22d5dfe2888bd8b3,1156510100,4,yl.szfilmcenter.com/*
37bc9db160669d1528dd4d30a9769fad,1156510300,1,www.youluwx.com/*
38754bb158797b961ed0498d60da5f66,1156130100,1,www.yaomiedu.com/wap.html*
397b24923374f82d1e8a2bd37462f4df,1156310000,7,www.niceloo.com/yixiao/*
3999f52beca1b974c2373f12889640c3,1156130300,15,www.jhwx.cn/zt/m_xfgc/*
39ff8796a668a02fd54b60e6d96d0af3,1156370500,2,www.yd119.cn/m/
3aa55ee45734ace1b2100190bd0cc8eb,1156130400,6,www.youluwx.com/*
3aef9b88e31f9ed71ed8fd74cfaa9de8,1156510900,1,www.youluwx.com/*
3b0b4dc8ea322c082ad5c2a547604602,1156511700,3,www.youluwx.com/*
3b23360bfc49dc5857cd1aaf46507bba,1156371600,5,bj.hpwxb.com/xf-MB*
3ba099739166b92d506f33b02e809cc6,1156130100,10,www.youluwx.com/*
3bf500ffcc46bb3374454d04a6b37b3e,1156511300,29,www.jhwx.cn/zt/m_xfgc/*
3d0583ca0be995535b9716fd0bc373e6,1156511900,1,www.youluwx.com/*
3d705a277b22130e1f8d6eee141af098,1156370200,3,www.youluwx.com/*
3e04f9fe2d77429a75cf1c71b3f3c67d,1156511500,6,www.youluwx.com/*
3e2866c2a2399a22a0d2ffc530accd53,1156320100,5,bj.hpwxb.com/xf-MB*
3e86c5f49457164fc3f1bacaa7944b02,1156310000,11,www.youluwx.com/*
3ebffcf8329fb9f466c9820763004814,1156370100,2,www.feiyue119.com/*
3fc3b32793bf29db83815b6a853a99a9,1156371200,2,www.youluwx.com/*
4026c47a872a0f6d66d70e578e58f6b3,1156370800,2,www.youluwx.com/*
40be5596cc7b09abd6a6f1416fb1a712,1156310000,2,www.niceloo.com/yixiao/*
40c2984931e2bd50813896a03d8938b7,1156130200,1,www.niceloo.com/yixiao/*
4126068cdd1d80dee2d75a596fc24161,1156130200,1,www.youluwx.com/*
41436b9ad034cdb69a10fad657fcd766,1156320100,47,www.qddfxfpx.com/*
424e243d0709d2ba618747c824ffde94,1156131000,1,www.niceloo.com/yixiao/*
432b34ea45865f1bc43642ac3b9507c8,1156511600,17,www.youluwx.com/*
433019c0fa9aea8635b8dda9502583c4,1156610500,1,www.youluwx.com/*
433557db9a346e8c680e22ad0a1e8fda,1156310000,1,www.feiyue119.com/*
437252952400d401ccd3ee07688a4be4,1156130900,1,wap.bangkaojiaoyu.com/xf*
444d750a8867a0bd19b27760c8ab3b6d,1156371400,24,www.youluwx.com/*
44a215349878a3113979ddf46d66a999,1156510100,55,www.feiyue119.com/*
44f21188298eb10454ab7f81ec326913,1156371700,17,www.youluwx.com/*
453dd373b661808f62dd2baa041176ff,1156510100,20,www.youluwx.com/*
4542d493ac563fbeebb3acb1c9cf4acc,1156500000,12,www.youluwx.com/*
458bf9d8b61d079ee0aff205b858a3cd,1156370700,32,www.feiyue119.com/*
45ad3e44189acc1f08ddab5ca8beba0a,1156370900,1,www.youluwx.com/*
462ac533e9f5624ea4f1e9c45fda5a52,1156370300,1,www.feiyue119.com/*
467631034236872e780b55d7813f56c5,1156321200,1,www.feiyue119.com/*
46782e0b8a804b3be349a68dfd83031a,1156320200,29,www.yd119.cn/m/
468df1ab9620afb2596f61a4b976d4e9,1156370400,17,www.jhwx.cn/zt/m_xfgc/*
469795329fca0be7112dad920eb6e032,1156511300,4,www.youluwx.com/*
47939489f6a6afa770915121f5e4f89f,1156511400,1,www.youluwx.com/*
47c7329ee62f60216266e8fb3fa92e0c,1156320500,26,www.youluwx.com/*
47d897f5efb874e6b2fa37496fb46c38,1156130100,2,www.youluwx.com/*
47f7af0fdeb9305186fcfbcb7f33d544,1156370500,61,www.feiyue119.com/*
495fa7b11c56d92f6d56f5dbc1324021,1156510300,1,www.yaomiedu.com/wap.html*
4a43f343415fd7ebdc63ad355999d0dc,1156370400,1,www.yd119.cn/m/
4a71770c4e7f026cc1d998b32725d2a9,1156130100,22,www.youluwx.com/*
4bc59f087882da7c1f5af3d0e5f41f9b,1156510100,1,www.youluwx.com/*
4ce366df50bee74e62ea74b822a158dd,1156130400,3,www.youluwx.com/*
4dfd8a0df74b1d26583c976dbbc7fc02,1156320400,3,www.youluwx.com/*
4e6ece46460c77785961ac1b42f25142,1156370300,1,www.youluwx.com/*
4fa28192ec66a02dd309db44867b4320,1156511700,26,www.yd119.cn/m/
4fa51fcc8d9ecbc7e74620670969880b,1156511300,49,www.feiyue119.com/*
505407268d097bcde8a8384102603407,1156310000,10,bj.hpwxb.com/xf-MB*
53fece7c4a3d4fb7cd0e7bc3956b0953,1156511500,5,bj.hpwxb.com/xf-MB*
54fbfae4b33957395e88fda1a85e8e19,1156370500,1,www.jhwx.cn/zt/m_xfgc/*
55865d10d6ae51cc3e5f6bc43ebd60fd,1156321200,60,www.feiyue119.com/*
55cc9f9fd1d4ca1ad80548c93c2e8aef,1156130200,9,www.youluwx.com/*
565d6013412cfc8ae13d1ee04b2c2dae,1156321300,13,www.youluwx.com/*
569ee854f618b12ca5b8834fbf02b835,1156510300,2,www.niceloo.com/yixiao/*
575ec3eaedae82bc5744602710677629,1156130100,5,bj.hpwxb.com/xf-MB*
5769d87ee4c5531feae53eb709326c42,1156510100,2,www.youluwx.com/*
578e029ed968c67980f77530ddb86455,1156511100,5,bj.hpwxb.com/xf-MB*
57bddfd6287943011c5fdecc2c900dad,1156320100,12,www.jhwx.cn/zt/m_xfgc/*
57c9f76d940565d534d74a8ebabaaf2c,1156320100,2,www.youluwx.com/*
583d742fe6a0b12812554f21575d84ee,1156320900,3,www.youluwx.com/*
58c04819cf220745ca24ccc9a735c9a1,1156130100,1,www.niceloo.com/yixiao/*
59662390005c0d86db9eed6272f83d44,1156310000,4,www.youluwx.com/*
5a06f5376f566399d2ac4c6e030e1260,1156131000,18,www.jhwx.cn/zt/m_xfgc/*
5b9133b9cbf2b29dc6ebcddf22022f01,1156130500,3,www.youluwx.com/*
5b9232640f8e6fc1fa01769437b4c125,1156510100,3,www.youluwx.com/*
5ba6240fe4176707d7376936c2fdfa37,1156130100,7,www.youluwx.com/*
5bb4a5a8b71b2d214f5a9704d07ea068,1156370500,6,bj.hpwxb.com/xf-MB*
5bc378145a1ae02442f161d7c1270098,1156370400,1,yl.szfilmcenter.com/*
5cdf6764be13af1a735bd5d7c8b4b604,1156510500,6,www.youluwx.com/*
5cf91f655a34f44d5313e7f723593ebc,1156130900,4,www.youluwx.com/*
5d1fbc107da8e1409c405fdf9b9d5d22,1156310000,1,www.niceloo.com/yixiao/*
5d5abf8cc12a8eb37e1210c8626559cf,1156131100,11,www.youluwx.com/*
5d6b2f80765af2751718f80b7f8e7394,1156511800,12,www.youluwx.com/*
5d71039cc0616f57204bd560c7f7a4f3,1156370400,2,yl.szfilmcenter.com/*
5d81317cec81fe60e112b29613fdfbca,1156510100,6,www.youluwx.com/*
5e7a28d323309b9fbc9c169204a12f96,1156370800,7,www.youluwx.com/*
5ebb57d424d2d4ce09d36efd369bde52,1156330100,26,www.yd119.cn/m/
5f39b1da35a484ef7b645d94fc3d1b0c,1156371000,3,www.niceloo.com/yixiao/*
5f86835532c44ffb52cdf436694dd639,1156511300,1,www.niceloo.com/yixiao/*
5fbeb462b7ab3c151006179cee61c003,1156370100,3,www.youluwx.com/*
5fef92bb8e05135fbbbe63217d8ae4ca,1156370200,10,www.youluwx.com/*
611c62dc092b63a5b097f1e8d2e04bdd,1156321000,1,www.niceloo.com/yixiao/*
61506053776fd7732c47ab6f4fd5bf48,1156510800,5,kuangjia555.zzbredu.com/*
6151d424f9894200e02950299deca3f7,1156371100,7,www.youluwx.com/*
625501b895e720971f89a8d0f57f2d95,1156130400,2,yl.szfilmcenter.com/*
6261bde30f1be149b488a3475198c327,1156510100,34,www.feiyue119.com/*
62c8851f413cf4a1e2fcae4cd4d5a23e,1156370200,19,www.youluwx.com/*
63178a198117f3e51b95dd26531cd62c,1156510100,28,www.jhwx.cn/zt/m_xfgc/*
6318f02cd48b0f52c517b6cbf3e7d38f,1156370700,28,www.niceloo.com/yixiao/*
63468768a3517713c7056ca41cdb2f29,1156130600,26,www.yd119.cn/m/
64aeae004f81e444af907a72fc66d8d0,1156130200,2,www.niceloo.com/yixiao/*
64fbab88b13d9c4e2c811a53e01e54d9,1156370600,1,www.yd119.cn/m/
651e21412a36a20ee8ad6eadbd965556,1156511400,2,www.yaomiedu.com/wap.html*
654ed85f95c7c7bcb90e689d63fbf836,1156371000,2,www.youluwx.com/*
6652b2398e64f95f11466723de928d50,1156371500,1,www.youluwx.com/*
66a4131d1e6ff3ba7cf51b8517475c92,1156130700,15,www.youluwx.com/*
6708c4a1b097e2f7303cd8120da8fa01,1156310000,5,bj.hpwxb.com/xf-MB*
672850ee740f63d76113e69539a960f8,1156320700,8,www.youluwx.com/*
674e0d5e2c4b53ee809cacab01f7d80d,1156130200,4,www.youluwx.com/*
67658c41535cbf85de0d2bc6accd222a,1156130200,1,www.niceloo.com/yixiao/*
685a44b2bd6340b7fcc2a56972eaec71,1156310000,10,www.youluwx.com/*
68b9ef6108178e90281ddd071d8defdd,1156370600,1,yidongm.zzbredu.com/*
6931951dcd950ed80c2b875a000d0778,1156370700,1,www.feiyue119.com/*
6a10db2e58d199b61d66d88d7becafb8,1156370100,1,www.feiyue119.com/*
6a86f999fde4103efebdf9c3198c6a99,1156320600,3,www.youluwx.com/*
6a89cd0063150fd40ac6e97669b15e90,1156130100,11,www.youluwx.com/*
6ab397e8998d085c70f1deaef387c6bf,1156370100,4,www.youluwx.com/*
6b0278367f08d607f4521f034e720977,1156440300,3,www.youluwx.com/*
6b8486ae189ca6ba5c20bb5282da1c96,1156512000,64,www.youluwx.com/*
6b9bf492e1e152c52e74315070597531,1156510300,8,www.youluwx.com/*
6becb1188810fccad192dd3773af08b2,1156310000,1,www.feiyue119.com/*
6bef25d698e92965356f2e343d902018,1156371300,3,www.youluwx.com/*
6c629dfae83970c2d425d2f76ac5571c,1156371600,1,wap.bangkaojiaoyu.com/xf*
6d257fb64c4c5c87e35c7b1c25505745,1156370600,1,www.youluwx.com/*
6f9aa123542a1aa6cf755f92fda55baa,1156371400,1,www.youluwx.com/*
6fabf4df6b7cb5f64ebdd60cf6196644,1156370900,4,www.youluwx.com/*
6fe7e46ce28a289b7522e8d82aaff3a7,1156371100,1,www.youluwx.com/*
6ff599f3fd753d7fd712072b70df8db8,1156370300,1,m.yahuedu.net/*
70cc60f76d4b562f8ee10e776f5ca6b3,1156320100,1,www.yaomiedu.com/wap.html*
71a972ac9603eeb2876dc9d705dd6842,1156511500,2,www.youluwx.com/*
7216d9733ef548c75dc93ad24c8951f0,1156623000,3,www.youluwx.com/*
724157999a182d50efcd52045cb39051,1156130900,4,www.youluwx.com/*
72d680868457fd4466230b3aff52878b,1156130400,17,www.youluwx.com/*
72f5dbeb639801dfb89db3af820bfc35,1156510100,3,www.youluwx.com/*
72fb23edcca6aa41904a4eda1cec41d5,1156370700,1,wap.bangkaojiaoyu.com/xf*
73af1990c4e37f89461ff47aa4d9a4f7,1156130100,2,www.youluwx.com/*
7416d42805ad3a20dc4a7e2d4e53ecb5,1156510100,11,www.youluwx.com/*
74b9d9beeafb0a6130c40d5cb756047c,1156130100,2,www.niceloo.com/yixiao/*
74f30c22ea07dad7537d11859141b643,1156131000,2,www.jhwx.cn/zt/m_xfgc/*
75bba98eae126fde431bdacf99ac30b6,1156510100,20,www.youluwx.com/*
7675cd6c85eab91156621035d49a7dad,1156510900,7,www.youluwx.com/*
76f629240db7a0a54a8bbeb9b539aece,1156310000,1,www.youluwx.com/*
76fef5154883182ae4d2e88f5cf3a0f2,1156510700,52,www.yd119.cn/m/
77084528e50c7b1bd51f0aadffb99e86,1156371400,13,www.feiyue119.com/*
77577a4e52c65d11a3ec85d4962e0f57,1156131000,9,www.youluwx.com/*
775a8ca7ee193784f98ae76a665b674a,1156510100,3,www.youluwx.com/*
77ada7f2582af00a02b7b2f9cb988d5b,1156511400,57,www.feiyue119.com/*
78199148d9b080692e4806b980e56293,1156130100,11,www.youluwx.com/*
782061110616b80fccacf0c84501e049,1156370100,1,www.youluwx.com/*
782fcf9c6e09740aeab03995a57801d3,1156370800,13,www.jhwx.cn/zt/m_xfgc/*
784b2a834bb0fc414934e2a8a0d5923a,1156511100,3,www.youluwx.com/*
787d0a40ab91fba57ba0a138b131d8de,1156510100,1,www.niceloo.com/yixiao/*
78b30498b7a01ab10d557cdb2d7dcfef,1156370900,5,bj.hpwxb.com/xf-MB*
79c094e47102f0095179b0b684698bb4,1156130500,69,www.feiyue119.com/*
79eb8e89237c0eea6e865fae3e16f655,1156511900,2,www.youluwx.com/*
7a7d8e30281d2a7f8d1b56e8b066b90b,1156340600,101,www.feiyue119.com/*
7af4a63d2354594bb589ec1cb4a90496,1156130200,7,kuangjia555.zzbredu.com/*
7b0b9a9183e1547e135726f4e232f136,1156130100,6,wap.bangkaojiaoyu.com/bjtg/xf/*
7b1d71118ecb3edb80a93c20ab94d832,1156310000,2,www.niceloo.com/yixiao/*
7bab09326c433ceea25492e1bb1a844b,1156510100,20,www.yd119.cn/m/
7bd93e3edd97032f39b548e33b1bd872,1156310000,3,www.youluwx.com/*
7c00e02bfb58e1adbb336a5e7ce80ddd,1156370800,64,www.feiyue119.com/*
7c1e13b6055785962fcd4dfab78baf4e,1156131100,3,www.youluwx.com/*
7c386a781d00e78bea48324ca1bcea2e,1156370600,3,wap.bangkaojiaoyu.com/bjtg/xf/*
7cf7c97089b6c988507c30a98c3cb71b,1156130400,1,www.niceloo.com/yixiao/*
7d5f782c580b68ae704940e93542ad01,1156320200,29,www.jhwx.cn/zt/m_xfgc/*
7e6f089ff33c89a95e53cac451dc9a50,1156330400,29,www.youluwx.com/*
7f15a82ce4f82d8ffa427dd583c8d311,1156130600,1,www.niceloo.com/tg/xf*
7f2257a7a6346cb2cc75a7e0cdc3794a,1156130100,6,www.youluwx.com/*
7f74ba562175d208cb9b25571a4b2818,1156320800,3,www.youluwx.com/*
800da35592613f8d409d66b060cc1e22,1156310000,4,www.youluwx.com/*
808933034ce5a9ea5cfbc81ced06d1fc,1156340800,10,www.youluwx.com/*
82400c8aaffc3faeec3e3779af0a02f2,1156320400,10,bj.hpwxb.com/xf-MB*
8353f9eac8cc5e81f9e3ea510f0e15cb,1156510500,2,www.jhwx.cn/zt/m_xfgc/*
83aaee4eea4b217349a2d0b9783eb0f5,1156450900,55,www.feiyue119.com/*
83d96534d26c7910a6857264a438281b,1156371000,1,www.youluwx.com/*
84ab5ea3ea5aaa798a81bcd6c404c1d3,1156371100,3,www.youluwx.com/*
84e2905cbbeeee7dc95085a397cbc83b,1156130100,20,www.yd119.cn/m/
852b32bdfc892f06a4374da71007a5ea,1156511400,3,www.youluwx.com/*
8589ea93d1164be0321b9bf5294ff5f4,1156430100,10,bj.hpwxb.com/xf-MB*
85c53ba82ebcd09909479fa84f634b9e,1156130700,3,www.youluwx.com/*
864ded42c98e1cc7fc4f85b362318088,1156370700,29,www.yd119.cn/m/
871145b81d67559e510b8135bc3b1344,1156131100,27,www.youluwx.com/*
8728eb1ed9427351a407edbe11b4a534,1156510100,28,www.jhwx.cn/zt/m_xfgc/*
872b350aed3825c8d897fd25b594955f,1156130900,44,www.feiyue119.com/*
875704bbe47876686da3c7c2bda5ff77,1156511900,7,www.youluwx.com/*
8774a50b24b71ab3b2a88d943e0f5203,1156130700,50,wap.bangkaojiaoyu.com/xf*
8776d6c26eefdd9abb9fc745c775883e,1156310000,32,www.youluwx.com/*
879d8530e83045ff58699bca3e3fd2bd,1156510100,7,www.youluwx.com/*
8896e6b2fe4181470853bfbd4dc81b7c,1156320900,5,bj.hpwxb.com/xf-MB*
88d001ddcb89a6386bc5177345fa9b14,1156371600,3,www.youluwx.com/*
896f154d5ef5470e89dc11104f0ec4e0,1156130100,28,www.jhwx.cn/zt/m_xfgc/*
89760293492e03d09255250e90c820ec,1156410100,2,www.youluwx.com/*
8ab284c90ade2ecca20f046490ef971e,1156511000,7,www.youluwx.com/*
8ac958b6654d595ec108289f79e77545,1156131100,3,www.youluwx.com/*
8c3f314b61722fd1ef16d718f8788ce5,1156370800,1,www.niceloo.com/yixiao/*
8c42ab45ba54fd5a08fdf4ed797fefc7,1156511700,68,www.feiyue119.com/*
8c4436655d645a5b8badfb03b50f1b8a,1156410100,1,www.niceloo.com/yixiao/*
8da0306580a445f25a826602f162bb10,1156130300,3,www.youluwx.com/*
8e72c1459b6a20310d1142c27e5a7d01,1156500000,14,www.youluwx.com/*
8ecac8a752f51371f71d0a5f91cb048f,1156130100,26,www.youluwx.com/*
8f2cc2c3f50b600b048647dffab246d7,1156510100,1,www.youluwx.com/*
8f34c9ff473503e5c882612cef748a62,1156371100,13,www.youluwx.com/*
8ffe5a43ca8251c6bb0e9a2501d91bd8,1156310000,2,www.niceloo.com/yixiao/*
90510d760a36c572086e92ded0f50560,1156510800,22,www.youluwx.com/*
90753caddcab6fc28ecbb13aa7e3084e,1156510900,29,www.youluwx.com/*
90b83b621ada2b08a6f3a149917ff621,1156120000,63,www.niceloo.com/tg/xf*
90f3e2e34ce71673bcdfe381d2a1e58c,1156510100,6,www.youluwx.com/*
91dc19560cce9b031c7a57233cf0ad67,1156370700,1,www.feiyue119.com/*
91ed0a1824db212cc5fff7a24ba97a1b,1156330100,114,www.feiyue119.com/*
92736a6955ddd0d19d790f4dcb2800fd,1156130100,1,www.youluwx.com/*
92dd758cfb82281289360fdf83b4c6e5,1156510900,26,www.yd119.cn/m/
937973cb3d01b6f373091a54ebe6bc04,1156510100,3,www.youluwx.com/*
9406c4902b33bffbfb57712024c92eb6,1156320600,5,bj.hpwxb.com/xf-MB*
943d65e2cf6121d21477bf6049f7ab23,1156511000,54,www.feiyue119.com/*
9451fcf0d85b4c6c997d86c52d1e1937,1156371200,23,yidongm.zzbredu.com/*
946b8be800a627e7e7403c3f1e8a0132,1156371000,3,www.youluwx.com/*
947b241017a450fd60c43909fd9a26b9,1156370800,8,www.yd119.cn/m/
94f466b3d5b45ca9d8d5e59273eef634,1156130200,3,www.youluwx.com/*
94fd947db7b8067232b97ea73e305afc,1156370400,1,wap.bangkaojiaoyu.com/xf*
952270927aa73d27e48d3a06e400ecdd,1156371300,1,www.feiyue119.com/*
9594c864493f69ced80744993aec4912,1156510400,3,www.youluwx.com/*
960cccbd55ff4b57ac73e62c66deea57,1156511400,59,www.feiyue119.com/*
97fc91f8196eca70628d310adfe787c8,1156341600,29,www.jhwx.cn/zt/m_xfgc/*
98414e1a7ae415c8a061726b760128ac,1156310000,1,www.youluwx.com/*
9896c51a644c98329f22a30c507f51a1,1156310000,1,www.youluwx.com/*
98a3b072d07764389029fa8a28301d9b,1156510300,3,bj.hpwxb.com/xf-MB*
993ca4d7682162a63261868e163c58ec,1156320100,57,www.feiyue119.com/*
99c68cfab62ed98ee7b0eadba6b88bf8,1156510700,1,www.feiyue119.com/*
9a211620eec114e7386cd8cdf202ba85,1156371700,9,www.youluwx.com/*
9ae327d9227e34f1f8fedeaf2ba0e3db,1156130800,3,www.youluwx.com/*
9b05984d2df934154ad36f8a3facc9b5,1156130100,1,www.youluwx.com/*
9b64d2aa80977e3cc565f808b5af3b79,1156310000,26,www.youluwx.com/*
9b92bfa2935bc64dca10ffecb327b00e,1156130700,15,www.youluwx.com/*
9b95d4e38e6f646a24f6027bf13c7a9b,1156130200,1,www.niceloo.com/yixiao/*
9baa07464789b51b030e4652595b44fa,1156130400,1,www.yaomiedu.com/wap.html*
9be5c27a4e403e63ea639a5c25a6936e,1156130100,1,www.youluwx.com/*
9c5c6cbca8f6bdc1f360799866515fec,1156320900,29,www.jhwx.cn/zt/m_xfgc/*
9c5dd48c5c6dde4486054e520a61b387,1156320200,9,www.youluwx.com/*
9c63e3ad934585a07028cf1431628053,1156371500,1,www.feiyue119.com/*
9cbe2d2858c68f928c908fd374d253ef,1156330200,1,www.feiyue119.com/*
9d2832f22e1efde8c9a17af07ca437d3,1156370200,8,www.youluwx.com/*
9dacb389ef62075d9434806871803a60,1156130100,7,wap.bangkaojiaoyu.com/bjtg/xf/*
9e16043395ac7997a19c15dc5f0f7953,1156130400,2,www.youluwx.com/*
9e179d2ad31f96e410155c542bb207cf,1156370700,4,www.youluwx.com/*
9ea74bab4d864deca74108c8907d8bd1,1156110000,57,www.niceloo.com/yixiao/*
9eb880c2a47ffa0db00636bf618c0fe0,1156320600,4,bj.hpwxb.com/xf-MB*
9ec89ac9b9ca4b9d86bb70daa2e8ebfe,1156371300,1,wap.bangkaojiaoyu.com/xf*
9f051c6423e26172b14f2d273a1557d6,1156440300,40,www.youluwx.com/*
9f11d12d0a133ef39c3e351c4c986e95,1156370900,3,www.youluwx.com/*
9f725fbabb885acdaf505c85950a8205,1156451000,3,www.youluwx.com/*
9f87e50aa02a7e15b37b817babdd2ccf,1156510100,50,www.feiyue119.com/*
9f95ac4159426195b15b811d4624e442,1156320200,2,www.niceloo.com/yixiao/*
9fa73ac4d77e413e7eab1aea138b4788,1156500000,8,bj.hpwxb.com/xf-MB*
a099d0930fc6ce45507e80e3240ae309,1156510100,5,bj.hpwxb.com/xf-MB*
a0c55fab21c8307f71f63254ad6d338e,1156370500,6,www.youluwx.com/*
a1320398b27fb10a429b96d68f013014,1156510700,2,www.jhwx.cn/zt/m_xfgc/*
a16673ff81ec7b703e1003b4f57ab1b2,1156371600,3,www.youluwx.com/*
a2b4514b64bf9b504661b7157177ea35,1156360400,1,www.feiyue119.com/*
a3308dd74784cfca8d14e1d53fe98529,1156370100,12,www.youluwx.com/*
a338508e56e0a06d07355b041a324386,1156370600,13,www.youluwx.com/*
a36b0c17ccd2ce07127e720fd803d33d,1156510100,8,www.youluwx.com/*
a37155567d3831f3ec63b83dab03aadd,1156320600,1,yl.szfilmcenter.com/*
a415274b3d26f89f9c87a5fb386304c6,1156130100,19,www.youluwx.com/*
a43091799f7f1dc200e00de2a8907d29,1156131000,3,www.youluwx.com/*
a51a9cc84c1b134782b0d7fb0ecc6ef7,1156371100,56,m.yahuedu.net/*
a5bd51830cc1146dd42639d977cf0967,1156370100,1,www.niceloo.com/yixiao/*
a5d3aa1e79dc28af6cccbff14ac9a6a6,1156510100,31,www.jhwx.cn/zt/m_xfgc/*
a5ebca42abe247b831f98b69e29b2797,1156310000,5,www.youluwx.com/*
a5fa2445321d751e6d7fe56052c16761,1156320400,5,bj.hpwxb.com/xf-MB*
a6a794a65c6906d81f31138aae7275b4,1156510100,26,www.yd119.cn/m/
a71937a3dfd83b4511b8cb1d1ce169bb,1156371600,5,www.youluwx.com/*
a75c50329df78bb24858d7d7ea571c1e,1156510700,3,www.youluwx.com/*
a812a5f23856a90cd63aac562290c53d,1156511300,29,www.youluwx.com/*
a83521c06a2295325a1f5a5c9111c043,1156510100,3,www.youluwx.com/*
a849d97f5d96ae5ed1b2111f4bd7ccbd,1156370300,3,www.youluwx.com/*
a889bdb97fed80baf4396ac2c4097119,1156511600,115,bj.hpwxb.com/xf-MB*
a92513341d745b39f1ca95232307ebdf,1156371500,1,www.niceloo.com/yixiao/*
a9375227a322d639e43d4aef49c0069a,1156130300,7,www.youluwx.com/*
a97a2691aa7d2774e9a014c175df8c35,1156371000,3,bj.hpwxb.com/xf-MB*
aa42d56b8fea3b2a679e1b400751a586,1156320500,4,www.youluwx.com/*
ab542cd40651768584cd203be5e4fa6e,1156130600,43,www.feiyue119.com/*
ab5b954e0780159f2b4d69bfcb486850,1156370600,2,wap.bangkaojiaoyu.com/xf*
ab944c353342a4dc479a88938a6552d3,1156130100,1,wap.bangkaojiaoyu.com/xf*
ac0326dec96dfb8538e3cb31838fb3ff,1156320200,2,www.youluwx.com/*
acc4ec57db4aa64adecbda7dd7d89ec9,1156511600,7,www.youluwx.com/*
ad57d561db558fdd948d10235029dab0,1156150700,13,www.youluwx.com/*
ad9087fe5a39e4cc7597170d5228369c,1156511300,7,www.youluwx.com/*
ae44f2dcf8c6950af906d14462b8b42b,1156370900,1,www.feiyue119.com/*
ae95080bd733ee6675214c0ff3ca7bf4,1156370200,26,www.youluwx.com/*
af073755bf6c4455cbb93a974e750763,1156321000,26,www.yd119.cn/m/
af2d0f181e6d134b265a457bb35cd741,1156370100,25,www.yd119.cn/m/
af627ffcdfddf394830ca574f424f83c,1156130200,1,www.yaomiedu.com/wap.html*
af7b501c161e7979b45489b3fbb4dea9,1156130100,26,www.youluwx.com/*
afe3b6aec2b57961f60862063536c806,1156130100,45,www.jhwx.cn/zt/m_xfgc/*
afed54b7112d55bc6da27e5d5c67bf14,1156513400,1,www.niceloo.com/yixiao/*
b073336e79490355c738a7bb58a41a4e,1156130600,13,www.youluwx.com/*
b0b2f4fdf6464ac3512c97588ec7ee63,1156130500,9,www.youluwx.com/*
b0f331678fed0e05c75a7ea960c6965d,1156370700,1,www.feiyue119.com/*
b0f47e0439d4193534dddf46b621598d,1156130200,10,www.yd119.cn/m/
b150b367c4923e468b192f5cd6ea3b81,1156370600,1,www.youluwx.com/*
b201a65ed8bfaee6ad5d061612a8c66a,1156370700,1,www.youluwx.com/*
b37ce86f028027fd35bbffc579bf0ef5,1156371600,7,www.youluwx.com/*
b394733a4bebce29e928c6bc9bcdf035,1156310000,1,www.feiyue119.com/*
b42f5db4047af9fbfdaadb01b949a5ea,1156510100,3,www.youluwx.com/*
b4c709cba7860d71a60920fe41cf597f,1156371300,1,wap.bangkaojiaoyu.com/xf*
b51f0399f10bd1f0c580be03b37202de,1156130200,8,www.youluwx.com/*
b53cf3579880fb2abaca03b2336abe97,1156370600,2,www.qddfxfpx.com/*
b5454c28a70a6e5fef377c328776b991,1156321000,5,bj.hpwxb.com/xf-MB*
b5ba4658ea6289539f90730d74cde100,1156130500,8,www.youluwx.com/*
b5ffbde6f55a5012eb7fa54f14711993,1156130900,5,www.youluwx.com/*
b7db346147535fdd36843abab9ba4b11,1156371600,1,www.youluwx.com/*
b88a49505c6e37427e14b067782941ec,1156310000,7,www.youluwx.com/*
b8a0ba6a1cc97d6618b01a1fb9600759,1156511300,81,www.feiyue119.com/*
b8e5049e2427eee350c1d35d55ad6f0f,1156500000,3,www.youluwx.com/*
b952e85d6d0252702c750a49163d1bd0,1156131100,6,wap.bangkaojiaoyu.com/bjtg/xf/*
b9ce26541538771aaaf64c9616d66c1f,1156371400,15,www.feiyue119.com/*
ba11641c8a90f340d1a7e278080a9ed1,1156370400,2,www.youluwx.com/*
ba17589b7f42dc17f705e2454e1a03e3,1156370700,6,www.youluwx.com/*
ba4f155d0f6b4e4bdacf4922e6302d1a,1156510600,6,www.youluwx.com/*
ba527d29cc6c00666fbda4605b5492ea,1156370300,1,yl.szfilmcenter.com/*
ba9a01e0e5bbbfd54e43f9361a2e1475,1156310000,58,www.feiyue119.com/*
bb06e3b91a39c8eef7fe580524b6268a,1156130600,37,www.feiyue119.com/*
bb7a3024d99065405eedd746c7e98b01,1156510100,1,www.niceloo.com/yixiao/*
bb7fcaa552fe8b8c0820cc8ebf8a1263,1156310000,4,www.youluwx.com/*
bbb7f8dbdb5e0acd3320f4cc611c5d00,1156510100,56,www.feiyue119.com/*
bc4911a40852f89174caa1ab9b6ed5da,1156371700,1,www.feiyue119.com/*
bc8183ca6811a4884d8d89939f15aa12,1156370700,16,www.youluwx.com/*
bd6be21aab71657190049eecb54cf98d,1156320600,1,www.youluwx.com/*
bdb156ad5c915bdbfe12755cf85e8110,1156511100,10,www.youluwx.com/*
bdf1a3e37b264f10c3bb5fd86b8e44b2,1156370500,59,www.feiyue119.com/*
bdfbf552cd88849967735adb9cd67b5e,1156371600,7,www.youluwx.com/*
be0920d08dde0494ce551a42c0fa21ac,1156510100,46,www.feiyue119.com/*
be0f9c97e825048736907883c887951c,1156510100,23,yidongm.zzbredu.com/*
be64a4387562c473d9717d242c037498,1156131000,1,www.youluwx.com/*
bf34998d9b409aa3628311b1d3ae5609,1156370600,1,www.feiyue119.com/*
bf577c1878b2bd9e1de3023f47d7d7c3,1156370100,1,www.youluwx.com/*
bf7131259b0a683d8887553b71ca9a7f,1156370100,5,www.youluwx.com/*
bfb80a46a53de2cc7525406fb8d4b235,1156130400,22,www.yd119.cn/m/
c25dc3ddef8139cfd9b823c57842ed47,1156320600,3,www.youluwx.com/*
c3576e3e0f7b70f2ae1366bf8bcf9c32,1156130100,20,www.youluwx.com/*
c3977abb2010a0fdb81e03caa5a67194,1156371500,19,www.jhwx.cn/zt/m_xfgc/*
c39d76420b53e46de681886a6cf623f2,1156320600,3,www.youluwx.com/*
c3b21c23f28147ef0163d4b41cfb5d65,1156371300,1,www.feiyue119.com/*
c49e99b75bfacc0a79b30e20eca7fc01,1156510100,29,www.jhwx.cn/zt/m_xfgc/*
c4dc0b48e6998be2cc266b36644b6ca3,1156130200,3,www.youluwx.com/*
c4f79e9380150a861e2fea3557acd96e,1156370100,68,www.youluwx.com/*
c535fe897dbafa4a96942f5ea129de8b,1156320800,4,www.youluwx.com/*
c54ae64ea94d6dd2454e7ed36a5c0758,1156500000,12,www.youluwx.com/*
c5854ea8edeb813aff4be2bc55c549c4,1156370500,24,www.jhwx.cn/zt/m_xfgc/*
c6187e29f2acee555d7fcff568c966fd,1156130100,12,www.youluwx.com/*
c66197bde37fc740d7b2316c23cc4536,1156320500,9,www.youluwx.com/*
c71eb77e711fe60f38ac9385450e60a3,1156321000,94,www.feiyue119.com/*
c79c8c1d755a6ee8a372012295e2da63,1156371400,9,www.youluwx.com/*
c8d81e0ff72adeda61ebbc98e14b4498,1156130600,1,www.niceloo.com/yixiao/*
c92ce5af829a386117b2240a2e8bc5f9,1156310000,1,www.jhwx.cn/zt/m_xfgc/*
c99694760ba3bef94ecef7b00833d88b,1156510100,1,www.niceloo.com/yixiao/*
ca0bb61d9ece58effda3e10f28cf85e6,1156371000,5,bj.hpwxb.com/xf-MB*
caf06861887680a0aecdb717b2317303,1156320200,10,www.youluwx.com/*
cc00689cc6aced457c03212d489ed784,1156510100,11,wap.bangkaojiaoyu.com/bjtg/xf/*
cc61670f6c614fb993ef98fdd7f80d4a,1156310000,1,www.niceloo.com/yixiao/*
cd462c94dce8eb1ebb2f7d7a4195dc5f,1156130400,1,www.niceloo.com/yixiao/*
cf8c6e6c2b8d84b8c1f4581903a3dee5,1156510100,2,www.youluwx.com/*
cf92a0cba7bb6465504819836859f362,1156510100,4,www.youluwx.com/*
cfc27ec98310d2ef9ea621260b995b3c,1156310000,3,www.youluwx.com/*
cfe9d0ff64ebe862458b67f82a40a25d,1156320200,7,wap.bangkaojiaoyu.com/bjtg/xf/*
cff0eeb473bd805f1e03561c59394fd3,1156512000,6,www.youluwx.com/*
d08bbcbb211e53d707a8120974a90541,1156370600,1,www.niceloo.com/yixiao/*
d0dfe4088611055b7d5c6d1378771b73,1156511100,5,www.jhwx.cn/zt/m_xfgc/*
d1bbc5952a190c91055eb98553606ba6,1156130200,6,wap.bangkaojiaoyu.com/bjtg/xf/*
d2348294ba2eb2961b148d7a5469bbb8,1156320900,19,www.youluwx.com/*
d2ca284a465e5ba622dca7457876f1f7,1156130500,3,www.youluwx.com/*
d4211bd8f35cd303542d6e4ef4c251b4,1156371300,53,www.feiyue119.com/*
d4935e1a1ed0eb7c1098b6ad7eedc4e5,1156130200,13,www.youluwx.com/*
d4978dde1532ccf0587404c51c764eb9,1156310000,19,www.youluwx.com/*
d59f9007a89cf54e2c81872f64f00bd3,1156510900,3,www.youluwx.com/*
d7bb140eeec2fbbe05fd3aa5de98c2a7,1156371100,1,www.niceloo.com/yixiao/*
d884108be50d93ae50267490e932e455,1156320500,55,www.feiyue119.com/*
d9221b4e881392bebe45d4ef9eaaaa3d,1156370700,27,www.youluwx.com/*
d9460091cc2e5ffdfbcf6dcccf87c12c,1156310000,3,www.youluwx.com/*
da8c1b4818f8dee8db2d81b3a3bdb7f4,1156321000,5,bj.hpwxb.com/xf-MB*
daa4eece4a34196296d88e250e1775e1,1156511600,5,www.youluwx.com/*
db090017f45d2d230918a0d6eb7901e1,1156513400,25,www.jhwx.cn/zt/m_xfgc/*
db32f7e468053b802aaf3c6bd1efd1da,1156370300,1,www.youluwx.com/*
db6aff6e8184900a02d09582aeebe2d3,1156511300,10,www.youluwx.com/*
db9b2b0bc86471ee50fcd2fb18a96633,1156110000,3,www.youluwx.com/*
dbbd6d2de1479753581a30c79149740b,1156510700,4,www.youluwx.com/*
dbcb113ce359251a4520c2615de7aba0,1156310000,33,wap.bangkaojiaoyu.com/bjtg/xf/*
dc8c70d1305fd4b950875497a5cefe44,1156640300,1,www.feiyue119.com/*
dceb35c35b61a9e630212e2c635c0324,1156130300,10,www.youluwx.com/*
deddcccf0cbc0a633a3acc2ecd65b5bf,1156310000,57,www.feiyue119.com/*
def2170ec629734756aa13188dd4189b,1156510500,2,wap.bangkaojiaoyu.com/xf*
e01ce27cec75b0c68d3773ea6611215b,1156371300,7,www.youluwx.com/*
e040cbe09714228ae91e988fe388436d,1156370900,8,www.youluwx.com/*
e04c1d9f9a2e29e6a732c8a1705930cc,1156370800,23,www.yd119.cn/m/
e0dcecccb0cb889339f3e871b76db385,1156510100,28,wap.bangkaojiaoyu.com/xf*
e1d769091b427a4b7d32937b01889316,1156320500,4,www.youluwx.com/*
e271a9b56d6bc7dab36a349d3370b1be,1156511600,8,www.feiyue119.com/*
e2ae9c951fecffba538058c113cf3c84,1156130700,3,www.youluwx.com/*
e2b8bd4086a00b7bbd2b0c9d8f107320,1156150900,8,www.youluwx.com/*
e2d05a937304c8dcedf50fec81b6fb34,1156131100,15,www.youluwx.com/*
e2ed948671c17bb9d31a1102c1dbe3b6,1156511600,2,yl.szfilmcenter.com/*
e44c4e69e4291657bd5a641e3f12fb21,1156130100,3,www.youluwx.com/*
e4f086f7ac4262f0b2f3186ec08ecd40,1156511400,3,www.youluwx.com/*
e6981c71a07443da08e0865df174cc18,1156510100,3,www.youluwx.com/*
e79b026d7408f709cf5442bf35a339e2,1156510100,7,www.youluwx.com/*
e8475fed0bf5129e23186e1297759507,1156370200,2,wap.bangkaojiaoyu.com/xf*
e89be4c3076e40b2e0aa7e3bfe4e0699,1156210200,14,www.youluwx.com/*
e8a80175c1a786b27cbd0eb373714ca1,1156321100,3,www.youluwx.com/*
e8aa62be2332645b331559f50bc77ab3,1156130500,10,www.youluwx.com/*
e8ae7b6e9828bd4e8e9c4815b2cf3e2c,1156210200,29,bj.hpwxb.com/xf-MB*
e9cdb769c0c93e8a74e78033f37c5e8b,1156371000,2,bj.hpwxb.com/xf-MB*
e9ff53aee162cb0d2e98449d266578cf,1156131000,7,www.youluwx.com/*
ea35723af8ae008b71430fdfd907960f,1156430100,5,bj.hpwxb.com/xf-MB*
ea46867f21b74369db04f8e53136c335,1156510100,1,yidongm.zzbredu.com/*
ea6bb79fbc48786da6862aea03c03d4d,1156130100,28,www.jhwx.cn/zt/m_xfgc/*
eb5cadb372e366e75afe492e54edbcbe,1156370100,4,bj.hpwxb.com/xf-MB*
eb61a77c1cd709ca14e0a7c82cc03b37,1156320800,49,www.qddfxfpx.com/*
ebaf56fec9a48ab91aac9f9f6cd378ea,1156511400,19,www.jhwx.cn/zt/m_xfgc/*
ebfe6a4818c04c4d73c7f4376d994448,1156130200,1,wap.bangkaojiaoyu.com/xf*
ec3cc61089377b33947013baa746dd94,1156310000,1,www.feiyue119.com/*
ec59b43780e37294279a839c43577657,1156130100,1,wap.bangkaojiaoyu.com/xf*
eccaf1e25590f95bf3453bb3ed40ee4c,1156371700,5,bj.hpwxb.com/xf-MB*
ecdde380cf00c147995290d2806d005f,1156131000,44,www.feiyue119.com/*
ed7652071a3ccd6171fa752362444e3c,1156310000,1,www.youluwx.com/*
ed923b21a4b12fd3345b12e8c1070aa7,1156371300,18,yidongm.zzbredu.com/*
ed92461e55367d9f10ff9c1a9ff5c7dd,1156371100,8,www.youluwx.com/*
edc8e236a08ee4ce2df494fd83094489,1156510100,1,www.niceloo.com/yixiao/*
edd67ffddc77257caf4ad02d4757c497,1156321100,77,www.niceloo.com/tg/xf*
eeaba84cfa886c26dc6bbf0905bde3a6,1156370500,30,www.youluwx.com/*
eee47c1f0dfacf5fd63b396802add001,1156430200,1,www.youluwx.com/*
ef3c623644e5f2719b65767dfe5aaefb,1156130200,1,www.yaomiedu.com/wap.html*
ef69af2f7598df01c5c0dbd1b887a708,1156320800,27,www.jhwx.cn/zt/m_xfgc/*
f01c9bfbd2fb90e51f72ee9484a9eefe,1156130100,24,www.jhwx.cn/zt/m_xfgc/*
f1407eef2555bad84b8801aa38d8aba8,1156510500,1,www.yaomiedu.com/wap.html*
f15de35e6abf5625a0e3013d08e75473,1156130400,21,www.youluwx.com/*
f1c3471c3691fb697b45fc7bd0f9dccc,1156130200,12,www.youluwx.com/*
f1c35c0256a2dbe1726320cef1ebe334,1156130400,1,www.niceloo.com/yixiao/*
f21200d9d4abbf3d62eac1162028cc42,1156370700,21,www.youluwx.com/*
f21668275ad087509e97100030e098b7,1156371100,2,www.youluwx.com/*
f26aa7931a4a07ba62d659585c77328d,1156370400,4,bj.hpwxb.com/xf-MB*
f28dee3ad6f43e9f7f041df8dcd5f72b,1156511800,1,yuzhonglude.guozhengonline.com/*
f514271cd4f77ae0aa991c81d3d93b09,1156510100,3,www.youluwx.com/*
f5ec0c7f8c7fa555344c45fdd92624cd,1156371300,2,www.youluwx.com/*
f698abf928588308b8c5ada5c16e6592,1156511500,26,www.yd119.cn/m/
f6b8c6ff92e10108607b8d3b521ff1f4,1156371700,11,www.youluwx.com/*
f6e7e009abd07b13aac6bdfa5df7bc9f,1156320400,4,www.niceloo.com/yixiao/*
f6ffe09a91e9f0b678ad738c182411db,1156320900,60,www.feiyue119.com/*
f8193d39ad0d166850f19366e673fd54,1156512000,70,wap.bangkaojiaoyu.com/xf*
f821564a21825ffd18b0f7f4ab12fa5f,1156130700,19,www.jhwx.cn/zt/m_xfgc/*
f8860b2e51e649e4a0e271e2937c29c9,1156511400,2,cqiedu.com/xl/xf*
f8a8fd9f4a0107c5675347986c55c2a2,1156370300,52,www.feiyue119.com/*
f8b487935e7c13cfaf3f691cdabdb4f9,1156370700,1,www.yaomiedu.com/wap.html*
f8cba1165307d8fbf0d042dcaffb841e,1156510500,26,www.yd119.cn/m/
f98479acda1a63434dff8892d8343828,1156130600,28,www.jhwx.cn/zt/m_xfgc/*
f9a082770c09cd93155d77d81bad258e,1156511100,11,www.youluwx.com/*
fa15cf7f73e0bef17e92bdde1cff8b61,1156510900,11,www.youluwx.com/*
fa2d98995600293df2feda9691d29c0f,1156310000,3,www.youluwx.com/*
fa4eb7351c57c2f4c14451ffdc38506f,1156510100,13,wap.bangkaojiaoyu.com/bjtg/xf/*
fb17df6a157a1166a652a463d7f01244,1156130600,27,www.yd119.cn/m/
fb1dd23f2ab2ac71b00f89fa2e0600b1,1156370200,5,www.youluwx.com/*
fb6e51042a78b0e5073cf4f20a78fe7e,1156510500,1,www.niceloo.com/yixiao/*
fb95f2d96a28e2792753fe1afcd48b05,1156131100,11,www.youluwx.com/*
fc95a5aeec897c502ef1382b62c010ff,1156510100,4,www.youluwx.com/*
fd0c3a27a4b3219b3d7a9bcefc05d5c9,1156510100,8,www.youluwx.com/*
fd1ac39b241b444f3864696a472c2c11,1156370400,11,bj.hpwxb.com/xf-MB*
fd7c62fa5bb63c4a5fd28366b7e50bdf,1156321100,3,www.youluwx.com/*
fd7f65d3c4f3a48b898c32db6f443e04,1156321000,58,www.niceloo.com/tg/xf*
fdfc2c5b765bb3e68b27bc0d228cae58,1156320500,9,www.youluwx.com/*
ff25555b9ec2e7f805eef99f0e5d36f5,1156310000,68,www.feiyue119.com/*
ff39f38acd40f3235b872e8c21ba8a54,1156130100,29,www.feiyue119.com/*
ff669451f1090a83ef994b2ecee67643,1156510100,5,www.youluwx.com/*
ffa4ce55d21061aeaaec3547e8498059,1156510100,23,www.youluwx.com/*
fffcf53980d4bb1cab480c7f03f434dd,1156130800,1,www.yaomiedu.com/wap.html*
