0061e6a2b10873449583030f0febe6d3,1156310000,1,xlhbad.51empire.com/*
00891b296d5c3e1a798dbe464077949a,1156310000,1,*.chuanrong888.com/*
0139e0146c9afd33d1bf4256ab8c4409,1156320600,1,*.chuanrong888.com/*
015c5329eabe81addbf178f08fa3e918,1156310000,4,*.chuanrong888.com/*
016d9197737a2ee0942ccf9ab6438fb4,1156310000,1,m.ddcash.cn/register.html*
01993b102e5e49c1d786157f9ee21f20,1156310000,5,*.chuanrong888.com/*
01ab8d25764cb6207a7f6c570beec9f2,1156310000,26,*.chuanrong888.com/*
02b9935ea4f9852181caf4a645c16532,1156310000,23,*.chuanrong888.com/*
03131df30242786c33bbfca199884791,1156110000,1,*.chuanrong888.com/*
03a7e258c035f9dc8f77851efcbafd56,1156341500,10,*.chuanrong888.com/*
04737c8f65834286cb80a04e1354e03e,1156310000,16,*.chuanrong888.com/*
04b7080a3ee6bbf61cc5fe48e5d46d6b,1156310000,4,*.chuanrong888.com/*
05102d8b69e204b7f557a50bb50f9552,1156310000,1,m.ddcash.cn/register.html*
0563518cd4fdebca52710b61f45b422b,1156310000,7,*.chuanrong888.com/*
057f2dd8e55bece6fd981cfe2aa0bb0a,1156320800,6,xlhbad.51empire.com/*
05e1a66a71b145a8b660037d4df0fd3d,1156310000,34,*.chuanrong888.com/*
05f9cd1d0975264522d0a0a4b710807a,1156310000,32,*.chuanrong888.com/*
05faaf62d5b1a9707ca5cddc05f6970c,1156310000,23,*.chuanrong888.com/*
05ffe32b458a6d86ff9ce6a49b3f97cd,1156310000,1,m.uaf.com.cn/wapsh/*
0646d85a50839decfc0ac2ba76f413c4,1156310000,17,*.chuanrong888.com/*
06ec69e01cf8d0e4c1d10f7437303634,1156411700,26,*.chuanrong888.com/*
073a5927db1966509e901de6c78396da,1156310000,36,*.chuanrong888.com/*
07b83a1e8a157d330b4c238e0ccefbbd,1156310000,22,*.chuanrong888.com/*
07ca4eebdd230809e7495f475a72aca4,1156310000,18,*.chuanrong888.com/*
07f9842e8a4678075300ac402348b7e0,1156310000,1,m.ddcash.cn/register.html*
081cdd2be56eb825a9f8f3969252f38c,1156310000,38,*.chuanrong888.com/*
08537263c58a98da0a239ea105a8dd8b,1156310000,2,*.chuanrong888.com/*
087d58a3269b5ec9c00f461e87399f7b,1156310000,23,*.chuanrong888.com/*
09515131de3d41481ca963cfa658cbf4,1156310000,1,*.chuanrong888.com/*
09c91b99ad7337f4982ba1b2dc54aa5b,1156511900,30,daibawap.touna.cn/*
0a22c5e6af3b70e885e94bd2f0c376e1,1156310000,1,*.chuanrong888.com/*
0a56a5c42ec4209b1d7bf594d6efef05,1156310000,1,*.chuanrong888.com/*
0a5b6cbfddc97cba94e3c619d32afa29,1156310000,7,*.chuanrong888.com/*
0ae187cb296342d1082b5a3028bb78df,1156310000,1,m.uaf.com.cn/wapsh/*
0b98c55adb7d20bba1a6d8f4802d98cb,1156330700,1,*.chuanrong888.com/*
0b9ad041050dab7f3f3e748ac2187e51,1156310000,6,*.chuanrong888.com/*
0c0abdb81054929b44ab69467963017b,1156310000,1,*.chuanrong888.com/*
0c0b5496bf037df740f0fb2c3d8d047a,1156310000,9,*.chuanrong888.com/*
0c1d9ccdc9f5b584b1c855ebce37f7ce,1156310000,19,m.shcheshandai.com/*
0c1f64282fd55c541eea2df5fb345c14,1156500000,18,*.chuanrong888.com/*
0c26399ec9b07b8957624481262b4062,1156310000,21,*.chuanrong888.com/*
0cc463877cd7642b2dd34f9f084e35bf,1156341100,1,api.wscard.cn/h5/invite.jsp*
0cff44ff7074e2e75188dba9e1d879f3,1156511700,1,*.chuanrong888.com/*
0d0a7889053044b86ccf47e43ca6c44e,1156310000,1,*.chuanrong888.com/*
0d9cc39456e2ac6f6372c3acd9181001,1156310000,20,*.chuanrong888.com/*
0e0b72f6bc6f5b4637e92c72a31e92e9,1156310000,5,m.pcben.com/*
0e46de605aaec0b4ce2de9cc97547c4b,1156310000,1,*.chuanrong888.com/*
0ef25ea3e90bf6eba2c78019d8a20cb1,1156310000,2,bwap.szdxjf.com/m/
0f44724790272aa5049893044adbcf6b,1156310000,36,*.chuanrong888.com/*
0f71897d636171c781f54b0ad781960f,1156310000,7,*.chuanrong888.com/*
108438123ee9429bc18bb95049950a77,1156310000,17,xlhbad.51empire.com/*
10c9fb36a4b8cb983f77013e015841c8,1156350500,1,m.ddcash.cn/register.html*
10d2c8298f06f759935021a4ab66b794,1156511700,9,*.chuanrong888.com/*
10f833734d47f9e2a38a9c725c597904,1156310000,2,m.ddcash.cn/register.html*
115237255ef5b4984efe8648026c2bff,1156310000,22,m.uaf.com.cn/wapsh/*
11d1c7de42d47cdc5ab938912e5da1e0,1156310000,26,daibawap.touna.cn/*
12046416954aa3a147ca47583f46f8ae,1156310000,23,*.chuanrong888.com/*
121a63c78d7457e35f57b3318ff454d2,1156310000,1,m.ddcash.cn/register.html*
12a965f485141538409f0e2f06161f18,1156310000,19,m.shcheshandai.com/*
13020dbf6017a7c3f3dbcafd31ef8469,1156440300,39,*.chuanrong888.com/*
130d205aabb7012b043e2205be8c5218,1156310000,12,*.chuanrong888.com/*
132f36bfddfae43c015a6060d5c652d3,1156310000,18,m.shcheshandai.com/*
136a8957c3464246f331aafbac69ad4d,1156310000,30,*.chuanrong888.com/*
13dc5cb26483a52c7a5d9748023f8735,1156310000,1,*.chuanrong888.com/*
13facfa439f868021f36450a6dfe6dd8,1156310000,16,*.chuanrong888.com/*
1415f0b8915daac842a718a98f15e76b,1156310000,15,m.shcheshandai.com/*
14c03b4ff5c8deb103a94613e1411e53,1156341800,1,m.uaf.com.cn/wapsh/*
14c2e451462c6e4400de7f4188528e0b,1156310000,1,*.chuanrong888.com/*
14e5ff32aa749468909c22f881b42f79,1156310000,23,*.chuanrong888.com/*
1501c278dff3b191dac20c2a3c11d36f,1156310000,27,*.chuanrong888.com/*
15770fc3e5319bc255a1410a813da2da,1156310000,27,*.chuanrong888.com/*
1589a4aa71fe39f763f1566d89b7bba1,1156320500,1,*.chuanrong888.com/*
15a90ae263b31ab5f27d3e60da8f795b,1156310000,18,*.chuanrong888.com/*
15d4c055eac7e8555c1fdb6629914d12,1156310000,32,*.chuanrong888.com/*
161c3f61f827a51c192f5b9f06f8e81e,1156310000,37,*.chuanrong888.com/*
161faad115660365ac2a64333fa7a919,1156321300,33,*.chuanrong888.com/*
163746cb613227a20713e6f805ceb5be,1156310000,1,m.ddcash.cn/register.html*
1671853021539e8237464aa92142981b,1156510100,24,*.chuanrong888.com/*
1747a96253028e6aedc6ad1728acb05b,1156440100,30,xlhbad.51empire.com/*
1764fde83851c1a8822e0d2eb3b791dc,1156310000,21,*.chuanrong888.com/*
190a911e35267216a075990b506bfa65,1156310000,1,m.ddcash.cn/register.html*
193daaf60dcb3f9bc5803496581e39e3,1156310000,1,*.chuanrong888.com/*
195adb0f63c8bb102bbbbf00573bf330,1156620600,1,m.ddcash.cn/register.html*
195e7e87874ea2bef8f11fa63a586487,1156430300,1,*.chuanrong888.com/*
19a659212b905d535f351b65fafaf5fa,1156310000,1,m.ddcash.cn/register.html*
19e3f31f5a94021f600f9435789f02bc,1156330200,62,xlhbad.51empire.com/*
1a0b1ea541edf35db7d8a376cac446a5,1156310000,1,m.ddcash.cn/register.html*
1a3f25d7a947a702f88b0262ea17e37d,1156310000,32,*.chuanrong888.com/*
1a613297019e35d6e7512bb4388c8029,1156310000,6,*.chuanrong888.com/*
1adac64f8412091e110a8865feb10cf9,1156310000,3,*.chuanrong888.com/*
1ae67aff72b6f28b24600152e1f3105d,1156310000,40,*.chuanrong888.com/*
1b0adb43e253fb8cc2c1f7548165d2d5,1156310000,4,*.chuanrong888.com/*
1b313e2a6544da058e740a2ab00917ed,1156310000,1,*.chuanrong888.com/*
1b3aa95fede75821eb0a4214dd4e8fdc,1156310000,2,api.fengruntiaowei.com/h5/invite.jsp*
1b987c2f94c4907c3c63f8663141e301,1156310000,22,*.chuanrong888.com/*
1bb64b268a647cb043f2c6d71fb514b3,1156310000,1,daibawap.touna.cn/*
1be049355c1a7ffd4a0cdfba0ba60e72,1156320500,30,*.chuanrong888.com/*
1be672d69d042756bf88105670d42966,1156310000,29,*.chuanrong888.com/*
1c3928b4382dbac77b39547777d8c502,1156341200,10,*.chuanrong888.com/*
1c5841de5980e3249e10bcfecd7edea4,1156310000,23,*.chuanrong888.com/*
1cae7221af0f3df928c791172e3cbe9a,1156310000,21,*.chuanrong888.com/*
1cb10e7c0bd2438c6db636451f9121ea,1156310000,1,*.chuanrong888.com/*
1ce9000c0e166e7e6bc7fc908d3dd467,1156310000,16,*.chuanrong888.com/*
1d60689c11030f2ff02dcbbf0db261ad,1156440800,1,*.chuanrong888.com/*
1d7e51efe15a71031888f7407a6788fd,1156110000,15,*.chuanrong888.com/*
1d86b263affa048305c2a624a8dcfec8,1156310000,1,*.chuanrong888.com/*
1e016513043850d18b21157f5a40cf91,1156310000,24,*.chuanrong888.com/*
1e1e48f97650b8d2048651a65de36fb2,1156310000,53,*.chuanrong888.com/*
1eb5c39e10d4864eaf20d65d4a8b88e1,1156310000,6,*.chuanrong888.com/*
1ee5e555d93bbcae5a7a2a2aaf41a6d9,1156310000,29,*.chuanrong888.com/*
1eed9173418a9b79336db37eaa3322b6,1156310000,16,*.chuanrong888.com/*
20363b6a40823d827d223c9f36a14b8d,1156310000,1,m.ddcash.cn/register.html*
2078215c869b46ac66415513ef2711b1,1156310000,1,m.uaf.com.cn/wapsh/*
2115aba68526497c60bc1a62abd641a3,1156310000,1,m.ddcash.cn/register.html*
2129127c6027a07f62eabd40e2d020ba,1156310000,1,m.ddcash.cn/register.html*
217585229fe3b05d1f995f74731b3eef,1156310000,1,xlhbad.51empire.com/*
21cba50b957855b98ccc809d9495b2c7,1156310000,22,*.chuanrong888.com/*
22032d84c6ad73cd3c567b5c5e355a27,1156310000,3,*.chuanrong888.com/*
224a1eb662b2b54ca3e2a2e6a4b2dc79,1156340800,9,m.pcben.com/*
224d57e352829a27167ebaf4ed65ec69,1156310000,32,*.chuanrong888.com/*
22df2c49e0701ca171522e0c42f43f08,1156310000,1,m.ddcash.cn/register.html*
22f50fde394a76016a5f22268e7b4306,1156310000,1,m.ddcash.cn/register.html*
23099379965a15813ab2d300d3a3857e,1156310000,23,*.chuanrong888.com/*
2356ae151ce809621c9ebaf1e61eff99,1156310000,3,daibawap.touna.cn/*
236d8c0b5a69cf4c8a4cf98e2ad67327,1156310000,10,m.uaf.com.cn/wapsh/*
23830d8eb89f2743439179d7ffc916d5,1156310000,2,*.chuanrong888.com/*
239f997096bac4526fefe39283279e25,1156310000,16,*.chuanrong888.com/*
23c0e3ba32618a516bfba81021a8ae23,1156310000,27,*.chuanrong888.com/*
23f3685f5ecfc4c601b0c9a165c8bdff,1156310000,1,daibawap.touna.cn/*
244d4ad40d37652483014d559ad80522,1156310000,43,*.chuanrong888.com/*
247dcd79dcda9fc2fea005f7b06ff23e,1156310000,9,*.chuanrong888.com/*
24ef303d0387b46595ae4b28a4d6629f,1156310000,22,*.chuanrong888.com/*
24f041d13fc35e1872cfeadb355f6758,1156310000,1,m.ddcash.cn/register.html*
2510b3c76b5223aa898a52803fef8d17,1156321000,3,m.shcheshandai.com/*
2581039af5384fedcd5920432ef73a35,1156310000,7,m.shcheshandai.com/*
25fe08ae91605fab535129ba434e89c5,1156310000,29,*.chuanrong888.com/*
2686c7d3bb960cbb829ef0146692ffa1,1156310000,1,m.ddcash.cn/register.html*
26970fcfc3948827efd01d75bec2ca3b,1156310000,1,bwap.szdxjf.com/m/
2738a38f69f95af3fa44cbb9d8d405a8,1156310000,6,*.chuanrong888.com/*
274c0890eb90f6cade599716cc85cc59,1156430300,4,*.chuanrong888.com/*
276fc4c63b70b8ad280eb25d4d23acca,1156310000,6,*.chuanrong888.com/*
27e0c015e8a72c5f8eee11af11ce1680,1156310000,22,*.chuanrong888.com/*
280daf48b8a439a9833326ff9138400e,1156310000,1,m.uaf.com.cn/wapsh/*
28299062bd6805b11776a6a2f1d6cc76,1156500000,10,*.chuanrong888.com/*
282ef27f5b3536c256099ec4bf848382,1156310000,1,*.chuanrong888.com/*
284a7aa781d3e8132349894168218a93,1156310000,4,*.chuanrong888.com/*
288a28e6c267360bc21ad95bd5ecd1a6,1156310000,33,xlhbad.51empire.com/*
28db0879bf38baf4bbfa0cf70f6f27f9,1156310000,3,loan.actit.cn/*
2907ccd2c5711c594b4c31a7a4ad49f1,1156421100,23,*.chuanrong888.com/*
293ccbef6f6f931fbeae77617684d3b1,1156330200,22,*.chuanrong888.com/*
296bcdb58cb74b79cfbfbfdeebaf0b4d,1156310000,28,*.chuanrong888.com/*
2a12998f6879813a6fa1c9acf42ac2c4,1156310000,1,m.ddcash.cn/register.html*
2a15e0d6de7b2530abfba0dbf0bbdb39,1156310000,1,*.chuanrong888.com/*
2b55d27845836515c4d5e4f4aad061f9,1156310000,6,*.chuanrong888.com/*
2c699998396747a4d823361cbad940ab,1156310000,15,m.shcheshandai.com/*
2c88658c893aff9df581785f25d53ec3,1156310000,2,*.chuanrong888.com/*
2c9d857fe57a6590ca98467b9cb2efea,1156310000,1,*.chuanrong888.com/*
2ce0f0599b02c04f53b000672c7e3c69,1156310000,28,*.chuanrong888.com/*
2d204410c98b24e43a0586f0f0626d09,1156310000,16,m.shcheshandai.com/*
2d4df6c6fe7fac640fb98e2d8b2d4d74,1156310000,23,*.chuanrong888.com/*
2d9b8ac198b6ec551b1e12f980ff69d0,1156310000,28,*.chuanrong888.com/*
2dcc58b9971145067d18fbe88c0dea6c,1156310000,1,m.ddcash.cn/register.html*
2f1a459ba1557618f2f2ffe200d13cfe,1156310000,25,*.chuanrong888.com/*
2fab6bbdc6032b2e685695f986b2562c,1156310000,20,xlhbad.51empire.com/*
3009b024f40a92dad548b4d6f1a35a5d,1156500000,7,*.chuanrong888.com/*
305eb54a6b42fe80ad141aa303054de3,1156310000,42,*.chuanrong888.com/*
306065fa2bce8f90cf3998099e9cfe6f,1156310000,22,*.chuanrong888.com/*
30b6162127920dca59c330626c61879b,1156310000,22,*.chuanrong888.com/*
3112c07042459ec950378b7b35428e92,1156310000,4,*.chuanrong888.com/*
3135423802acd491f714e6ba32e1c0f2,1156330100,35,*.chuanrong888.com/*
314cd1800c6ea662fdda255989a50d66,1156310000,27,*.chuanrong888.com/*
315344ace29b3cc80ea914b135b49030,1156321000,20,*.chuanrong888.com/*
31f232e6f097cb7113ee276f0f59aa39,1156310000,4,*.chuanrong888.com/*
32944548400f4c016ab85e85fca12a09,1156321300,18,*.chuanrong888.com/*
33279ca15614e5c951088e7b5f930756,1156310000,2,*.chuanrong888.com/*
338f425767b21411594d3fa1523f05ca,1156320100,1,m.ddcash.cn/register.html*
343a704e79f3932f32fa75c082ac1512,1156310000,20,*.chuanrong888.com/*
343d4740f370953d015fa9f53b0ac3fc,1156310000,37,*.chuanrong888.com/*
348d9a2cbab18836e1fb8a87d2ddad35,1156341300,20,xlhbad.51empire.com/*
3493cba674a23a5b4d94a8de6047d047,1156310000,6,*.chuanrong888.com/*
34d4b24742a52a05caf9decc87efd7c3,1156500000,7,xlhbad.51empire.com/*
34e27c602fc33028e54ed6fbcdd13dfb,1156310000,22,*.chuanrong888.com/*
35703f755d3e8399a8ad0025615ea390,1156310000,5,*.chuanrong888.com/*
365f20a9514630647f24dc7223ffbb7c,1156330100,1,m.ddcash.cn/register.html*
36f434f4b5624b647e2cca0c2ebae041,1156310000,1,m.ddcash.cn/register.html*
375f38d521c66c400ca8e575917ae24c,1156341800,7,*.chuanrong888.com/*
379426aa25056aade4d7b0bcd6b62cc4,1156310000,1,m.ddcash.cn/register.html*
381f4bce83768c44c096a085914cb17d,1156310000,5,*.chuanrong888.com/*
383b549cd68610a0b1a91139ef750fd0,1156310000,26,*.chuanrong888.com/*
38d0fbbd7665926c525e6318d02916fd,1156310000,2,m.pcben.com/*
38d11b165a648f77fa1b4af99961e8aa,1156310000,31,*.chuanrong888.com/*
38e029a76a30129830b0761258f67fbf,1156341800,23,*.chuanrong888.com/*
390e995ec60156192e67098e6ef7d8dd,1156310000,12,*.chuanrong888.com/*
39158037abb04d446fea8cd636b42259,1156310000,15,*.chuanrong888.com/*
39d4385b758f68c5e57139d9dcfad04f,1156310000,1,*.chuanrong888.com/*
39f0cbcde8e01160729cc20d9d910ab5,1156310000,12,daibawap.touna.cn/*
3a388ade88390ef52beb57f84a6b6e5b,1156310000,12,*.chuanrong888.com/*
3aaf56b8124cd05d6e39218ee524cd52,1156320400,1,*.chuanrong888.com/*
3b16b65cb05dbbef30b44a4bbd0fcf08,1156310000,1,m.ddcash.cn/register.html*
3b4a0728ef66680ce24c8984c77decf3,1156310000,28,*.chuanrong888.com/*
3ba2516ffb69fa55df6da5fe3539f403,1156310000,28,*.chuanrong888.com/*
3ba6edbec35d72efc5f347625c6ac92f,1156310000,9,*.chuanrong888.com/*
3bc406e77678f94bc09de714157e0629,1156320600,13,m.shcheshandai.com/*
3c9bbdd451c17c16bdf137a9702eaac7,1156310000,27,*.chuanrong888.com/*
3cd37a9f85824560a755e505f1d16bfc,1156310000,8,*.chuanrong888.com/*
3d2f438972b74aa8155b917cbcc3eb3d,1156310000,1,m.ddcash.cn/register.html*
3e03fff2887f10639f984a73ba4bafbf,1156310000,29,*.chuanrong888.com/*
3ee61e6c4aa741fa96edf8be8c205173,1156320200,1,m.ddcash.cn/register.html*
3f4129b288fa60d8a94ee45e9fc84afd,1156310000,1,*.chuanrong888.com/*
3fdf909f856ac225416379b2024aeb3c,1156310000,13,*.chuanrong888.com/*
400c4716cd02f01df6f3a586c30ba08a,1156310000,22,*.chuanrong888.com/*
404e3e55598c9a47239697b96a266865,1156310000,11,*.chuanrong888.com/*
4087e8e7e6755ae930de86cb7d57b678,1156310000,18,*.chuanrong888.com/*
4151edb820d033e15a3301752ff14568,1156310000,9,*.chuanrong888.com/*
4163fdac64daa961bc68d265dd082199,1156310000,1,*.chuanrong888.com/*
419c116fa97ca3aba5c158367c8782ff,1156321000,1,*.chuanrong888.com/*
41c487cbf2c36b5d62962f9bee578db3,1156310000,23,*.chuanrong888.com/*
41cc40edf1169eaca04e4ed8850001d6,1156530100,47,*.chuanrong888.com/*
41ecb923c652187df880b9af36f3708e,1156310000,1,m.ddcash.cn/register.html*
42e08e8add98146565796758d11c7cb9,1156421800,24,*.chuanrong888.com/*
4309fc3530e44f5d5da9dbff945094a7,1156310000,1,m.uaf.com.cn/wapsh/*
4342f8e41af1439edc3bf176d910c665,1156310000,1,*.chuanrong888.com/*
437290d9516dedc573c6e4637159e906,1156310000,1,*.chuanrong888.com/*
43c365756af73f09bbfbb6d6a6748c39,1156310000,6,*.chuanrong888.com/*
43eb6131f444598c898c92f5cff92768,1156310000,8,*.chuanrong888.com/*
4471b4b3b54e2d31c4afc9890434fb97,1156310000,3,*.chuanrong888.com/*
447c701dbd833f52e42716f0559925b1,1156310000,1,*.chuanrong888.com/*
44b357729189df77650050f5d0e1ad38,1156510500,11,daibawap.touna.cn/*
44b68615fb1efff4228155a33c03132b,1156310000,12,*.chuanrong888.com/*
4533fc3de20bdbf3384bca81e9f2c89d,1156320800,1,m.ddcash.cn/register.html*
4583f853547fa5e1bdc056c146b64525,1156310000,21,*.chuanrong888.com/*
45a4185aa116edee8dcbe0c7e4012321,1156310000,1,api.wscard.cn/h5/invite.jsp*
45a985cb0155e49d565615b24bca4876,1156340800,22,*.chuanrong888.com/*
45c0b1834d6049d6acf4f75facbac8e6,1156310000,1,*.chuanrong888.com/*
45c43e6be27780c55aa61c2211cfaefb,1156310000,11,m.uaf.com.cn/wapsh/*
461c979e26fa684d4c4ac876c40f50fd,1156310000,1,m.shcheshandai.com/*
4633efed047d80d82909687437dd97cc,1156310000,24,*.chuanrong888.com/*
4660a6a570661f2a8d2d716ffd4fddc7,1156310000,1,m.pcben.com/*
4693cc16f3879c6916b68d1945ec78a1,1156310000,5,*.chuanrong888.com/*
46cd18c54a10b414ffc9a81f1544325b,1156310000,1,*.chuanrong888.com/*
46fbd2c667a83db36d73800fe9f01e6e,1156310000,17,*.chuanrong888.com/*
47ac7be176e09f50fd78dcaef8363e72,1156310000,22,*.chuanrong888.com/*
47b76499e3cb13cc10304184164b5725,1156310000,32,*.chuanrong888.com/*
47f75d0c67dd56d97b21934dd1551f7c,1156310000,31,*.chuanrong888.com/*
481d9e13e5ddfdb5ff79a35020b0729f,1156310000,4,*.chuanrong888.com/*
487881aa95a3c0e6e7cd29eda1fcc6ca,1156310000,27,*.chuanrong888.com/*
48a75ceb0e6ed0b9a8a74ca5b2ab6f43,1156310000,1,m.ddcash.cn/register.html*
48c28947ddc3b1a9b307adb4b22f7892,1156310000,26,*.chuanrong888.com/*
494fbb8441b02c53e970bffef4dce499,1156320900,17,*.chuanrong888.com/*
4957cdbc4ca169fdcc8825c2a433bc30,1156310000,1,m.ddcash.cn/register.html*
498599c23238bc90c7ddbf498fe50c4c,1156341500,1,m.pcben.com/*
4a14150845557f39c92e534141cc4aa7,1156310000,2,*.chuanrong888.com/*
4b197b208b6760767f0ca3e221c8367a,1156310000,1,*.chuanrong888.com/*
4b2bbda6b98b6c9d8fef520589f067f0,1156310000,1,m.ddcash.cn/register.html*
4b53dbe05138e475e1cf20be26b1f594,1156310000,1,*.chuanrong888.com/*
4b5f58c95e7ba773905278063ae66ef2,1156310000,22,*.chuanrong888.com/*
4b9fb89d72fef3c608e37642e028d707,1156320900,1,*.chuanrong888.com/*
4c359a1e25140da49d7ddc3981fa2cfd,1156110000,77,*.chuanrong888.com/*
4c9b6ba4578910ac1926a388fc98e619,1156310000,22,*.chuanrong888.com/*
4cf0177c2190a76eb2d504c3b56db704,1156320200,1,*.chuanrong888.com/*
4cfcbab7026dac44669b24d4226f1ac0,1156310000,31,*.chuanrong888.com/*
4d705ad7f29ff13eebf985883970c2a8,1156310000,39,*.chuanrong888.com/*
4d8b4ae54906a1ce45c2e8844247bac6,1156310000,1,m.ddcash.cn/register.html*
4d9ecfaa4cdcf6a9b65e41715d1e3616,1156310000,1,*.chuanrong888.com/*
4e2ab594a4588707c0535d079dd93dfc,1156620800,19,xlhbad.51empire.com/*
4e2cb46c09c77337b3f402a82ae0f08c,1156310000,32,*.chuanrong888.com/*
4e58bd501614df70827a250c82a5d82c,1156310000,1,*.chuanrong888.com/*
4e740dae3cfebcecf6dda8400ef1dc40,1156310000,24,*.chuanrong888.com/*
4ea2e6ab81526284555fc906dc7bbafe,1156310000,39,*.chuanrong888.com/*
4ee9ec93f8156360fb5c26ff62f9f8fd,1156310000,9,*.chuanrong888.com/*
5086687908b9399a854f9396968f20fb,1156310000,1,m.ddcash.cn/register.html*
50997dab20e2398706dc14cb97d012b4,1156320200,6,*.chuanrong888.com/*
50d3d946f8f6b96869bf6bdb8663bacb,1156310000,3,*.chuanrong888.com/*
51709a9368ac0ad91a38ad16f9bcb66a,1156310000,1,*.chuanrong888.com/*
5174edc8c290c6ab600cd9506c35f3a2,1156310000,1,*.chuanrong888.com/*
519877e4f8900389330f8eecb2c6e6d3,1156310000,34,*.chuanrong888.com/*
51a608bbff00c8dca612af9092b2d3a3,1156310000,37,*.chuanrong888.com/*
51bf516ed3890a40055e9c57750240c5,1156310000,1,m.ddcash.cn/register.html*
521de9d9d5b2a93d3ea508412705288a,1156310000,23,*.chuanrong888.com/*
53261a049e31ef921c34b3a9ed814686,1156310000,4,*.chuanrong888.com/*
534049ec9fada32af681e5dfb5b35ca6,1156341800,22,*.chuanrong888.com/*
535c3d873683071333f267d41e0fc65a,1156310000,23,daibawap.touna.cn/*
539689facd451845e210ea772e5c9d1e,1156310000,22,m.shcheshandai.com/*
539a2200302865c8e66bb4d55ffcd109,1156310000,24,daibawap.touna.cn/*
53a840a21a9a614f92ffba0b550a05b0,1156310000,24,*.chuanrong888.com/*
5412a79d92f64e2ddd8a467dded34f68,1156310000,1,m.ddcash.cn/register.html*
54ae85594d90205b7dcddd08bed456ef,1156510500,17,xlhbad.51empire.com/*
54c21751d26db8d56e333a76c83618a6,1156310000,6,*.chuanrong888.com/*
54d2b76f3799fe8a902d966f15f1854f,1156310000,32,*.chuanrong888.com/*
54dea10aa80186334a07028d812d3697,1156310000,16,m.shcheshandai.com/*
553e33930f53b1e521aca2cef4302602,1156310000,23,*.chuanrong888.com/*
55b0be76f7833941a7dfa949fcc564e7,1156410300,31,*.chuanrong888.com/*
55f16612a4ecf3cbeb5f563d96b5ce27,1156310000,23,*.chuanrong888.com/*
561ecb09e754ad935274d01d6d2a0d06,1156310000,22,*.chuanrong888.com/*
568290c6be4d9b10b232fc9d324ca16f,1156310000,25,*.chuanrong888.com/*
56f0bb78a38e9a3ddcd42f1449374c74,1156310000,20,*.chuanrong888.com/*
572c0e8f312b38f1418497702fcca153,1156510100,37,*.chuanrong888.com/*
575f1b2d24c86809dc166910d98ee5fa,1156310000,4,*.chuanrong888.com/*
576dca589edce96c21a263c366e5c542,1156310000,23,*.chuanrong888.com/*
57968783f76da50c3b0430d565da42e1,1156340200,10,*.chuanrong888.com/*
5807f9bbaa8d150547fc81fe226cb928,1156310000,1,*.chuanrong888.com/*
582afe26777e832491ba1cb1443baf33,1156320500,10,m.shcheshandai.com/*
58abc6096755f5b85447dc7eb92efee0,1156310000,5,*.chuanrong888.com/*
58d7d49fd4b6bb183bec5c0ba24642cc,1156620500,46,*.chuanrong888.com/*
58f99879531ace905bc276d67924fd84,1156310000,1,m.shcheshandai.com/*
5916ef8b46b59a775380e3d26bb0c08e,1156310000,30,*.chuanrong888.com/*
595afc36d28e5b7806b59a8b15d802f0,1156511400,11,*.chuanrong888.com/*
597e80fd6c9eeb812b47bf76c75382ac,1156310000,21,*.chuanrong888.com/*
5995735287c33c2c4f4696f041d4f145,1156450300,1,*.chuanrong888.com/*
59d1c30ad842950a82d4ec23fdd25c34,1156310000,16,*.chuanrong888.com/*
59dc033324eb80582f94df52a959d0bf,1156310000,4,*.chuanrong888.com/*
5a1488f0aa6c2d1079156eced1163b59,1156310000,4,*.chuanrong888.com/*
5a1e64c5bff2424d3d4fbc923230cce0,1156321300,29,*.chuanrong888.com/*
5a4fe83994afb342a2b683ef7647d588,1156310000,1,m.shcheshandai.com/*
5aa9dcd637b0290fa314bc4637293ae8,1156410100,1,*.chuanrong888.com/*
5b3b9d23ae184827adb4703918bacc71,1156310000,12,*.chuanrong888.com/*
5b6b01faf61ae1ece5f2533e5b886f72,1156110000,26,*.chuanrong888.com/*
5b94ca16f313d71ac7bd17638b51b6af,1156310000,2,m.ddcash.cn/register.html*
5bda50890beff137a75134a3fb9ffb41,1156310000,8,*.chuanrong888.com/*
5bf50f7bacca3cc572455cfeeb35aef8,1156620500,5,*.chuanrong888.com/*
5c3940bcb216416103eb1e371fd93f58,1156310000,1,m.ddcash.cn/register.html*
5c78ebfd1a4fad8de31ab565804f303d,1156310000,10,m.shcheshandai.com/*
5cac50f6c3ae73ba548dd0b7eb7fdc9a,1156320500,1,m.shcheshandai.com/*
5ce6c95e5b3c555668c8a72e140cfb5d,1156310000,41,*.chuanrong888.com/*
5d87055a87a81610c21fd90fbcb73c89,1156310000,18,*.chuanrong888.com/*
5dd3021ebf4e68a05c4bfda5c05dd393,1156310000,20,xlhbad.51empire.com/*
5dd4bc4684af11c9b86096dea4c4a910,1156310000,1,*.chuanrong888.com/*
5dda8051de446d5217ac9e7b26613e2f,1156310000,25,*.chuanrong888.com/*
5e7e396e25aa541b4c4f5559df81a8f5,1156310000,23,*.chuanrong888.com/*
5e920516eb92794753b500f0c2c91f89,1156310000,32,*.chuanrong888.com/*
5eac94593913dfc2fba8342f1b18e278,1156310000,18,*.chuanrong888.com/*
5ecd28711fe89cbab4eb37eaabb2eab7,1156310000,23,*.chuanrong888.com/*
5ee075282ec9d78319b32b7641ed6a90,1156310000,1,m.uaf.com.cn/wapsh/*
5f5e1608b09f3f03c0bc2d96887b6235,1156310000,1,m.uaf.com.cn/wapsh/*
5f73d47ec3533b439361d0ea7a9fa1be,1156310000,1,*.chuanrong888.com/*
5fc43402c49f8dde23e5c883b5051fa2,1156310000,27,*.chuanrong888.com/*
5fd916f0222383e963b4a46a6e46c275,1156310000,2,m.ddcash.cn/register.html*
60071f824bc3d2693d8f966f64c58c6c,1156310000,13,*.chuanrong888.com/*
60088e9bdfbd2a4947fcf5aee5b3c848,1156310000,1,*.chuanrong888.com/*
602fd930182779ea465388fd2252e445,1156310000,10,*.chuanrong888.com/*
6049eecbe349b704bae65ec9cd3de905,1156310000,15,daibawap.touna.cn/*
605db6a9763dbf634696ff5ce487d221,1156310000,24,*.chuanrong888.com/*
60917444780f9220c72984550624a837,1156310000,47,m.shcheshandai.com/*
60972d7000061374404eccb8991b151f,1156310000,3,*.chuanrong888.com/*
60a1691e58329b33441bb4a2885b23c0,1156310000,1,api.wscard.cn/h5/invite.jsp*
614efd887f2eb2032b50bf96e5756928,1156310000,31,*.chuanrong888.com/*
616f56d9ab7e305426c26d365afbd947,1156310000,29,*.chuanrong888.com/*
61b5fcbc3788b59560965759c8f4e82e,1156310000,24,*.chuanrong888.com/*
61bacdb1d5265f73d12a1c1d8857220d,1156310000,21,*.chuanrong888.com/*
624ad4d82732a5618be20ee1b7083318,1156330200,1,m.ddcash.cn/register.html*
633126c8d87fb3c4d05313e994ed9f4c,1156310000,1,m.pcben.com/*
633a9e007e0078e048ce52de65d6bab1,1156310000,26,*.chuanrong888.com/*
6366939a08d6fb26a9e70420393a0780,1156340700,25,*.chuanrong888.com/*
636d5fbce9bfd3f1c4fd0092e91d3076,1156310000,12,*.chuanrong888.com/*
637b25cbe89afae1fad8b3939ae0d387,1156310000,27,*.chuanrong888.com/*
63838a864e3fad529a4c740292ae27b7,1156310000,1,m.ddcash.cn/register.html*
638a7564cbdd5e1458903acc00355544,1156310000,25,*.chuanrong888.com/*
6391cf29c92d49ab227fc61dbb20b7c9,1156310000,16,m.shcheshandai.com/*
6416a0e831a2a53f8bbd3dcb46c593a3,1156310000,1,*.chuanrong888.com/*
645b96bdacd22e1b97b2a10882fdf5d1,1156310000,2,*.chuanrong888.com/*
648692c4824704fb7613a1853f89d64c,1156310000,1,m.uaf.com.cn/wapsh/*
6513e5e377b280d303073230c9f57117,1156310000,23,*.chuanrong888.com/*
653ca01c106250d70668e1274aaa6ee3,1156310000,1,*.chuanrong888.com/*
659f75c27da7377f96676b42f27a38ca,1156310000,27,*.chuanrong888.com/*
65c4ebfaaca128816a9d6e0e886b01b5,1156310000,43,*.chuanrong888.com/*
6654aa4eefcae4d20a83bdb3b23500ab,1156310000,4,bwap.szdxjf.com/m/
66a049f03d7b86b0ac549f76d8033ea5,1156450100,24,*.chuanrong888.com/*
66ed44a218882914935b0bd3e198a17b,1156310000,1,*.chuanrong888.com/*
671bab9caa8c35b092beb5db2229122d,1156310000,25,daibawap.touna.cn/*
6783eac68baa93544366a7db9bdd02f4,1156310000,12,*.chuanrong888.com/*
67acb0e73ba928b0f5729a66a3733e31,1156310000,29,*.chuanrong888.com/*
67c8a29283a9ff8b09f61973452dcb71,1156310000,1,daibawap.touna.cn/*
67cf41e7ecf7ea9e595bb347bfdab6ae,1156310000,3,*.chuanrong888.com/*
684f06c8b5196dafd527de0bb5f5b0c4,1156310000,1,*.chuanrong888.com/*
68814d2c69ae7a6aa14aaa41738ed382,1156310000,20,*.chuanrong888.com/*
6885dd264eab3ff1a8cffe7d85aba497,1156310000,3,m.pcben.com/*
6893accd1369657dcc20c46cb2c7599d,1156310000,23,*.chuanrong888.com/*
68ddda9f062f273a29d5f5f5b8a4571e,1156321000,24,*.chuanrong888.com/*
6915543aa18955b232359efdc964bbe5,1156310000,39,m.shcheshandai.com/*
69438bd46b9af8b0f2c7a2ad5531158f,1156310000,41,m.uaf.com.cn/wapsh/*
694b13d16600aeb9db581654a377cf21,1156310000,21,xlhbad.51empire.com/*
6963cac9a626a3860af14314fc1c425c,1156340400,14,*.chuanrong888.com/*
698dc46c6dd132590a3cc944324abfc5,1156310000,6,*.chuanrong888.com/*
6a011fe20c534392a7495bc8a47433e3,1156330100,12,m.pcben.com/*
6a1e983cbf396c93f19290242934ad82,1156310000,31,*.chuanrong888.com/*
6b2d2c4041a15b3c49f48fcb0c5343ec,1156310000,27,daibawap.touna.cn/*
6b594dddf696f862001677097d1ba566,1156341200,35,*.chuanrong888.com/*
6b89c1c0b0a94871a7bc9bb2fd96cde6,1156310000,29,xlhbad.51empire.com/*
6bbd13df1875c1ca46ac46a14e78ae5a,1156310000,2,*.chuanrong888.com/*
6becb1188810fccad192dd3773af08b2,1156310000,8,*.chuanrong888.com/*
6c3f72e95d50dbeeef845960746a32df,1156310000,33,*.chuanrong888.com/*
6c479809c1f89bf5be7e7aeecdb48bb6,1156310000,1,m.uaf.com.cn/wapsh/*
6c4bfc47edc9b38c850b027f1cca9a65,1156610900,1,*.chuanrong888.com/*
6c8b6f73c24d9aa543597b13ba35e551,1156310000,18,*.chuanrong888.com/*
6cdd624f22e106bd929c18d90533b810,1156310000,1,m.ddcash.cn/register.html*
6d415b67d6cc2dd9d5b28eb5ad10559a,1156110000,7,*.chuanrong888.com/*
6d9f1114e0c6882e424879973f1ce161,1156310000,1,*.chuanrong888.com/*
6da84434c9a649c2c48606996237fcb3,1156310000,18,*.chuanrong888.com/*
6e3b58a4ef633f658501f2762c43c5aa,1156310000,23,*.chuanrong888.com/*
6e3d06d1a56f66f79fea2eed8ac3e617,1156320800,1,*.chuanrong888.com/*
6e4d8ddb3dacbe4544085c3db383fc2c,1156440300,21,*.chuanrong888.com/*
6e7e58af294f9fbac69662e387bca20c,1156310000,37,*.chuanrong888.com/*
6faa10958d0bb4db8efa8fe6a40d246e,1156310000,13,*.chuanrong888.com/*
6fc1d2905ac524077a476eba210cfee8,1156310000,70,*.chuanrong888.com/*
6fe57281fcca74ac01d92bd7d0477f8e,1156310000,30,*.chuanrong888.com/*
700117a05a1a0b4d60cbb999fa5bebdb,1156310000,17,daibawap.touna.cn/*
7008fa4411c1298ea5e428d697913b0d,1156310000,1,*.chuanrong888.com/*
702faee7bfa40750ee75cf5725d72aa5,1156310000,1,*.chuanrong888.com/*
70aa400ce781711d0f4ffea7daa64bb7,1156310000,93,*.chuanrong888.com/*
70c7e111b9b25cb7987381a4a6e964f3,1156310000,3,daibawap.touna.cn/*
70fec88f0439319e1abd86c9f1e12bfe,1156150800,1,*.chuanrong888.com/*
712e0141be4544e47eb42bd84cffd10c,1156310000,1,m.ddcash.cn/register.html*
713e983050a14a95e8b4efe7e3cbc0c3,1156310000,9,*.chuanrong888.com/*
71851de1a130b76a5a9c3218adca4b5b,1156310000,35,*.chuanrong888.com/*
724a0c999bae2e5f2fede48f0706952d,1156310000,21,*.chuanrong888.com/*
7254f374355c7f547523b6bf80196343,1156513400,1,*.chuanrong888.com/*
725c385b2e0c3e220bdc75931917e10a,1156310000,9,*.chuanrong888.com/*
72837c71ddc8f164ba88557f1521a162,1156310000,2,m.ddcash.cn/register.html*
728fca85639fd400d65e82deae8021bd,1156310000,4,*.chuanrong888.com/*
729b9c7840a9d4f3acc2867232fbd15d,1156411400,16,m.shcheshandai.com/*
72a922550e471b8a5dd7f0aaef772982,1156310000,34,*.chuanrong888.com/*
72a9478c03738c2278197c24afe0085f,1156310000,1,*.chuanrong888.com/*
73c8f1baa4bee2aca717f2dd10939d38,1156310000,13,*.chuanrong888.com/*
73e2689704784ad19d1453f55357b2b9,1156310000,1,m.ddcash.cn/register.html*
73eceb819bbaa4b30bb85794d85421c5,1156320500,9,*.chuanrong888.com/*
73f187205c0aa53fcb558d1c5cf747bd,1156310000,10,m.shcheshandai.com/*
7418d5c25b2f53caed64bdb4f173b525,1156310000,28,m.pcben.com/*
743062a93284a3bb7ab791c31f574f44,1156310000,2,*.chuanrong888.com/*
7450cec845b067c9197b5f1efd6035fe,1156341600,21,xlhbad.51empire.com/*
74c8ad308ec306c14bf6db136807f4a8,1156310000,1,m.ddcash.cn/register.html*
74f2d9a1e01f7b283adb548f1d7cd683,1156310000,1,*.chuanrong888.com/*
75525fe62098b77f09953446aa4e4ac1,1156310000,21,daibawap.touna.cn/*
757233b107a02601cebfff82ed08ede2,1156310000,22,*.chuanrong888.com/*
75dc7e317e47cea8e62c86341f48e563,1156310000,3,*.chuanrong888.com/*
764e77f554263b0b81114fa5dce70fc1,1156130100,1,m.ddcash.cn/register.html*
766cf2ca7664312771a40ad87cba2c07,1156310000,73,*.chuanrong888.com/*
76b888937d9d0e6fbae662c27a23b93b,1156310000,6,*.chuanrong888.com/*
76c4cb2a4e88f6a4d7464ac9d5c5a29e,1156310000,11,*.chuanrong888.com/*
7741e5a139eb59a40ae2421cee80cfe0,1156310000,12,*.chuanrong888.com/*
7764054f09dc14dc009b431ec4b3c528,1156310000,24,*.chuanrong888.com/*
7816ede2b3dd40fe34739e60ec4e819d,1156310000,1,*.chuanrong888.com/*
78af391e7bcbf36cf592994c07300913,1156320600,1,*.chuanrong888.com/*
78b5ca2fe98d224e2764d07b68daed00,1156310000,1,bwap.szdxjf.com/m/
797a6c0c23bad7af1f754a58236be5ee,1156310000,21,*.chuanrong888.com/*
7a28bc208abba663ec0fff3ee3aedacf,1156430100,1,*.chuanrong888.com/*
7a34408c34915f406ca26def9c7ecfa1,1156310000,1,m.ddcash.cn/register.html*
7a494ce5371763947eb41f50193027e8,1156310000,4,*.chuanrong888.com/*
7a8f901b0bd56ba03f6b15c7449282b8,1156310000,2,*.chuanrong888.com/*
7aa59bdb8fcb184642dda369e0e98c2e,1156310000,1,*.chuanrong888.com/*
7ab91cff4f86e9b8c0d6a1814bbc3ebb,1156310000,1,*.chuanrong888.com/*
7abc769b9105e2f9857b6f4a2c817242,1156310000,1,m.uaf.com.cn/wapsh/*
7af4521522466c16a8cd8518664bb0c5,1156430600,44,*.chuanrong888.com/*
7b192e3c285e3eecf4d2884a29a94b71,1156341500,32,*.chuanrong888.com/*
7b3faec8d06366cfa94d7970c3691c9c,1156310000,22,*.chuanrong888.com/*
7bc428da1e874c63ab13abdb20c815e1,1156310000,16,m.shcheshandai.com/*
7bdb953e9c430ca8fb8c517c68bf3b1b,1156310000,32,daibawap.touna.cn/*
7be310c5934b6a0f4bd3c247ad4f9629,1156321200,23,m.shcheshandai.com/*
7be9b38d83e053b60b567c350c945f2c,1156310000,3,*.chuanrong888.com/*
7c81d268750320828b5e68ef14ab6aaa,1156310000,5,m.pcben.com/*
7c9126e02a06b754389a1444d9be8c53,1156310000,4,*.chuanrong888.com/*
7cd31be778fec898a8d8f3ae6eed1714,1156310000,9,*.chuanrong888.com/*
7cf497018e01e9dd9ed0bc0ecf881187,1156610500,5,m.ddcash.cn/register.html*
7cfba52d83da394366622712a3bca0f8,1156310000,1,m.pcben.com/*
7d13e041c88d333ed0a400be09ea5e54,1156310000,21,xlhbad.51empire.com/*
7d2dd47f83f0ee947e92f39673e03d5d,1156321200,1,m.ddcash.cn/register.html*
7d7ab39e064138ff38633f6a247d144c,1156310000,16,*.chuanrong888.com/*
7d87b01bb835178fd8a89f4408e1a3b6,1156310000,6,xlhbad.51empire.com/*
7d9ed504156c045249326e16a9c69bf1,1156310000,1,api.wscard.cn/h5/invite.jsp*
7dbb340de572c12172eac5ed7675d17e,1156310000,6,*.chuanrong888.com/*
7de885423976e5124aff11a95e47c348,1156510700,5,*.chuanrong888.com/*
7ded9e37264c19d060c742406b0e2e84,1156310000,53,daibawap.touna.cn/*
7e0a0e481ab6237e0da5a690fbb0df13,1156310000,1,m.ddcash.cn/register.html*
7e42262062fd9fbf989a4b019d03fba7,1156310000,10,*.chuanrong888.com/*
7e5baa82980ce685712966d91fabdbd7,1156371300,5,*.chuanrong888.com/*
7e80eac78a040fc446afeeb5fee1ddf3,1156310000,22,*.chuanrong888.com/*
7ec1928b39d83a93a5c1fb7585424942,1156321200,1,m.ddcash.cn/register.html*
7f517b5f447f286e82a8d821a00934f4,1156310000,23,*.chuanrong888.com/*
7fd8ece5ea95b20034d70db87404fd95,1156310000,1,*.chuanrong888.com/*
804777d502751a46bb946a2c8edb78e3,1156320400,1,*.chuanrong888.com/*
80b0417a49030010898b910adb340a69,1156310000,17,*.chuanrong888.com/*
80b213696b64e0f790dea4c83a10680a,1156310000,17,*.chuanrong888.com/*
8132fe07def2acd8fa920a132124114f,1156310000,27,*.chuanrong888.com/*
815aca8be92df2ffd4228b0118123058,1156310000,18,*.chuanrong888.com/*
815c790288d5fa7f77d28bf1e344bf8d,1156340200,23,*.chuanrong888.com/*
816f59a0e5030ceed39b4ee7e87b4ab4,1156310000,14,*.chuanrong888.com/*
81a3d79038e2182480d89cd35b371336,1156310000,1,*.chuanrong888.com/*
81a6a972f0e476e23f99cc1cf74655f7,1156310000,1,*.chuanrong888.com/*
81cc01bd261ecacd1fbc30668a6539bb,1156310000,22,*.chuanrong888.com/*
820d51753637d13bba90d454722ba03c,1156440700,1,*.chuanrong888.com/*
82ab624708fbafd19bb989fff1106452,1156310000,4,*.chuanrong888.com/*
8309ee2967ba8d4eea5f037c3470f37e,1156310000,21,*.chuanrong888.com/*
830eb06a4f0f29c0097bc2ed1f24ea50,1156310000,17,*.chuanrong888.com/*
83395aae5b48c0caff5018ba55927cb6,1156310000,1,*.chuanrong888.com/*
8351c1f9d40a3fddf0b7e84ec8a34fd8,1156310000,6,*.chuanrong888.com/*
837730e4609d550addef4871715e0467,1156310000,6,*.chuanrong888.com/*
842e73d623f61f50b45b19e52eca4bb8,1156530100,2,m.ddcash.cn/register.html*
8439dcbfbc99d5363e6a1acb52b4ab47,1156310000,1,*.chuanrong888.com/*
848f1139aab0ee175b131e0ec139ea05,1156310000,23,*.chuanrong888.com/*
84bfbc340905b4e3faa373f41d105408,1156310000,17,m.shcheshandai.com/*
84caf469878e808dd2f797ba5f6d6d85,1156310000,29,m.pcben.com/*
8505065ffde7f73091648a6df2014c7a,1156340100,27,*.chuanrong888.com/*
8530e2ba6943e3cb3b34d4bd7e638d04,1156310000,1,*.chuanrong888.com/*
85335f3f04cab30a275693d5577fa1a3,1156310000,1,*.chuanrong888.com/*
8543c5b9c6f5cd39693b6168d066816f,1156310000,1,*.chuanrong888.com/*
8556c76e8f26944612f1caa4499301aa,1156310000,37,*.chuanrong888.com/*
857563363fd00f295534569ea7825b59,1156310000,1,*.chuanrong888.com/*
858337a3b13373feb5e144cd0bcf67b8,1156320500,22,*.chuanrong888.com/*
85d870c39e2ce96344a3b11d9522978d,1156341200,1,m.ddcash.cn/register.html*
8602d36f74ecd84f332f690a1d0af000,1156310000,23,m.shcheshandai.com/*
8611a85452dec17811411708be982c15,1156310000,8,*.chuanrong888.com/*
86567f1d2e154714609209070d666617,1156310000,1,m.uaf.com.cn/wapsh/*
867f2cc2d9970b2577b6d38a0e334e45,1156310000,1,*.chuanrong888.com/*
868753d79394b497d20f41d4be9a19c3,1156310000,1,daibawap.touna.cn/*
86b85b2c169c5c1d3aafcc717f782185,1156310000,2,m.ddcash.cn/register.html*
8700f116a82676fe32a308c02291ce6a,1156310000,23,*.chuanrong888.com/*
872d27ca7a37f998442c03db4977926b,1156310000,24,*.chuanrong888.com/*
877956318265ad0c0d9724845a4b02b2,1156440300,1,*.chuanrong888.com/*
87fa920ae2093c96839ce49bd439f905,1156310000,21,*.chuanrong888.com/*
88398740662154935f95c8a96fe906f9,1156310000,1,*.chuanrong888.com/*
885777a25ec65a7e67ac403b422d5097,1156310000,1,m.ddcash.cn/register.html*
88b2a66c89dca26b7a6e7c3eddd86a74,1156310000,1,m.pcben.com/*
8918fa74234c67aa578f27656fe1289a,1156310000,2,*.chuanrong888.com/*
89499204910c98ad0b176c52a95f5e40,1156310000,32,*.chuanrong888.com/*
89b71a4c0052de3746130b5b337ab623,1156310000,24,*.chuanrong888.com/*
89e58dd669ac4eac76a7bc547f0e5b7d,1156310000,5,m.pcben.com/*
8aefd4be63bc1c46fe4b98fb0818a2d7,1156310000,20,xlhbad.51empire.com/*
8b2e0097638f8327c92c53badc554233,1156310000,26,*.chuanrong888.com/*
8b882b5f85b6b7d288ce5f45cb8681fd,1156310000,14,*.chuanrong888.com/*
8bda6fcffd6c9c0e26990e43e10ce005,1156530900,23,xlhbad.51empire.com/*
8bea7c613835d83b3c44c1519e4d4eb6,1156310000,23,*.chuanrong888.com/*
8c219adc765702f1fea8957642d5c853,1156330600,16,*.chuanrong888.com/*
8c3dd3a89cec5067e7751990cd105ea2,1156421200,16,*.chuanrong888.com/*
8c4764dd699f1bf7ab5c056c99ba6999,1156310000,1,m.ddcash.cn/register.html*
8c8fbab54b26198315d1200be64ff4cb,1156310000,1,*.chuanrong888.com/*
8ca00a778e5095dd54c3d79873bb91a8,1156310000,4,*.chuanrong888.com/*
8ce3e40a4f250ffe42c56b5bd60fe58e,1156321200,11,*.chuanrong888.com/*
8cef806afb66ec23c16ac011367b645d,1156310000,1,api.fengruntiaowei.com/h5/invite.jsp*
8d60987ecbdf522b3c593e3414364088,1156310000,23,*.chuanrong888.com/*
8daacc91075cd07416640c271610082f,1156310000,1,*.chuanrong888.com/*
8db0478420466d9eefa3fd2384ef72a6,1156310000,1,m.ddcash.cn/register.html*
8ded453980216f45fe5d1bc2b992ddd2,1156310000,1,*.chuanrong888.com/*
8dfebc2065f72cc1c2277a3d9619f7fb,1156310000,1,*.chuanrong888.com/*
8e094a9fb01ffe157d20db47b3a62b06,1156310000,20,xlhbad.51empire.com/*
8e819a9b8b6e61e1568591b559e6daf8,1156310000,23,*.chuanrong888.com/*
8ebb31b7e4b6c36ea406430ca4186865,1156310000,3,m.pcben.com/*
8ee961ebad11f07e178b1fa61fe3df28,1156310000,1,*.chuanrong888.com/*
8f1d4cc2a8b1fc241cabe2920c3aca57,1156310000,4,*.chuanrong888.com/*
8f1f9d3b9981b2d707db14b320aceb9e,1156310000,6,xlhbad.51empire.com/*
9075f29bfdc0fe779dba57701972bd54,1156310000,8,*.chuanrong888.com/*
91285eecad46be4b3948d2dd4c43031c,1156621100,1,xlhbad.51empire.com/*
913fd148a68d933349ca9b13ebcd3f83,1156310000,21,*.chuanrong888.com/*
917356fc97e5efe52d75c70cb95e72be,1156140800,22,*.chuanrong888.com/*
91812cc4e62463d0042ae4863fb610d6,1156310000,1,*.chuanrong888.com/*
918bd9085d9890d452a6890ea3aaa351,1156310000,8,*.chuanrong888.com/*
91ea7fb1e4f82ccb63efab0af56e8af7,1156310000,6,*.chuanrong888.com/*
923c6a9b9bb0f9dd38eb4c17357ec9bd,1156310000,2,*.chuanrong888.com/*
9350d086c44b1876471dcd051a91accd,1156310000,4,*.chuanrong888.com/*
93ce79fe1f7372bc8f742c823d3016eb,1156310000,1,m.ddcash.cn/register.html*
94103cfcb4ae9c79b6b04ea611097d2d,1156310000,1,*.chuanrong888.com/*
942bcd5161f87039eea47d0b3fec7f39,1156310000,28,*.chuanrong888.com/*
9496dfe548f61d93789a52c1bd03a9c0,1156310000,10,*.chuanrong888.com/*
956928f38f0be1f683ee32062d2fe402,1156341200,1,*.chuanrong888.com/*
95e4c3dea93976502f902f53800b20c0,1156310000,23,*.chuanrong888.com/*
961fe5c9fcea97fee335f7025fc02cf0,1156310000,1,*.chuanrong888.com/*
9716dd1da0f71936f3e4136253422fdb,1156310000,1,*.chuanrong888.com/*
977af2f67cc787954b217688474fc62b,1156310000,1,*.chuanrong888.com/*
985032efbe52550fddc66e698f4bdc10,1156430100,19,xlhbad.51empire.com/*
987c1875831be6529830d30b12ccde9d,1156310000,4,*.chuanrong888.com/*
98850befc4593b3d7e81a514d1cd57bd,1156340400,31,*.chuanrong888.com/*
989b92f297106af14a471c99747435a3,1156310000,1,*.chuanrong888.com/*
98a24daf781f3a23670f2b603bf2fa22,1156310000,18,*.chuanrong888.com/*
98da250f8874f60aa651952483862aa7,1156310000,33,*.chuanrong888.com/*
98f3e065b31f08d90a6c1173d89bfbff,1156310000,1,xlhbad.51empire.com/*
992db7f06d2bee5c53b7249cde26820d,1156310000,22,*.chuanrong888.com/*
99925dcdcc17a8d6cfb5029f867c863a,1156310000,1,*.chuanrong888.com/*
999514366e45b7fc240e49bf456e001d,1156310000,22,xlhbad.51empire.com/*
99d7e2dd8b67961d79c7f67be662b86e,1156310000,5,*.chuanrong888.com/*
99ef25db52047e647976f126271b6b7b,1156310000,1,*.chuanrong888.com/*
99fefdb20ee1b866e619110f621b4de2,1156310000,1,*.chuanrong888.com/*
9a0fe754f9153079eaa4a3f0e44282f8,1156310000,6,xlhbad.51empire.com/*
9a3aa03a06dc8362fa2f1f5c6b117672,1156310000,9,*.chuanrong888.com/*
9a46ee1ed53f4dd9f89460aa95847ace,1156310000,24,*.chuanrong888.com/*
9a85e4a1467676f8c3e8e243b4e4e363,1156430100,6,m.shcheshandai.com/*
9a9b03cf200fe194cf4f5c513b25b95d,1156310000,1,*.chuanrong888.com/*
9a9c728895281b5d1eaf043192c1598c,1156361100,2,m.shcheshandai.com/*
9b0b9a76923d70552f8bd97f43c4fcea,1156310000,27,*.chuanrong888.com/*
9b2f86024dee9567f6b9565da5db15b1,1156310000,1,daibawap.touna.cn/*
9b3638ee97b668d7b5c65c5edbf8bf93,1156310000,1,*.chuanrong888.com/*
9b707435a5e219895e6bb069776524b0,1156310000,1,*.chuanrong888.com/*
9b77e9a81de12df3ddca7c1eeec11c60,1156310000,18,*.chuanrong888.com/*
9bab278c2fde3032dc008538489a67b2,1156310000,25,*.chuanrong888.com/*
9bf20bdd20f5ee9578155490501fe81a,1156310000,17,*.chuanrong888.com/*
9c38a0f2dcc7f45197af60722294c567,1156430800,1,m.ddcash.cn/register.html*
9c6f3926a1ee14821f1b3baba0615e91,1156310000,22,*.chuanrong888.com/*
9d001cccfd74abb4f85beb3cc8ec9816,1156130100,23,*.chuanrong888.com/*
9da263f4a65bfe9724d358050f767cb3,1156310000,13,*.chuanrong888.com/*
9e2c435f0b7bd7f09c8ef44dce44dc00,1156310000,1,xlhbad.51empire.com/*
9e6e6067e6d3edc611169d43cc9a7253,1156310000,2,*.chuanrong888.com/*
9e77cd35f289904eb058489a82d8a936,1156310000,21,*.chuanrong888.com/*
9ee142c308fc2a04f31a763430dddc4e,1156310000,37,xlhbad.51empire.com/*
9f49b8bac75bac45b13ee66d5806a81b,1156310000,1,m.uaf.com.cn/wapsh/*
9f6188140b917c3b1715207bc7db3acd,1156310000,1,m.ddcash.cn/register.html*
9fdf0757626b851f003b8d302406b138,1156340400,1,*.chuanrong888.com/*
a061ca4362df77a879efc33aa700842c,1156310000,16,m.shcheshandai.com/*
a07b0f2f28550d86292b387d1c48004d,1156321200,22,*.chuanrong888.com/*
a159d5e8546bb8012bcf041933259e0a,1156310000,15,*.chuanrong888.com/*
a15d0a9eea94b86fa04e150d37b5e960,1156310000,6,*.chuanrong888.com/*
a1dfd4e2d1aace8955b9fbf8e49ae5d0,1156310000,35,*.chuanrong888.com/*
a20520afc5a0af4f213a14e24b749d03,1156310000,23,*.chuanrong888.com/*
a21f20dd538c172370096e5304159ba1,1156310000,1,xlhbad.51empire.com/*
a23ac28f9cff146b93d135a0d3197891,1156310000,12,daibawap.touna.cn/*
a2bcde3ec8124a0217c29cd789a00db7,1156320500,2,*.chuanrong888.com/*
a3104b5f5dfed1ad031904c7e6525e92,1156320500,6,*.chuanrong888.com/*
a33c7cb296d409a7982578f8a92d8507,1156310000,1,*.chuanrong888.com/*
a36ef9b1e267d3b039786494666fedbb,1156340200,1,*.chuanrong888.com/*
a38ed106ff2cc05f2b667a1b04491a6e,1156320500,10,*.chuanrong888.com/*
a3c8704068198268e7dc76dd0407219e,1156360900,1,*.chuanrong888.com/*
a400c57c31a4f5ac127a2e7e90e3497e,1156310000,36,*.chuanrong888.com/*
a440b7a3380cfcce5784bb71b81601fd,1156310000,19,*.chuanrong888.com/*
a4416004004310d320efa8504b92dac6,1156310000,2,*.chuanrong888.com/*
a4ca5d399caf3f801ce5456a238b4062,1156310000,12,*.chuanrong888.com/*
a4e13f68d983ab42fc6664205688f074,1156310000,1,*.chuanrong888.com/*
a4f75266daa14824139828999821fccd,1156310000,3,*.chuanrong888.com/*
a51c3c2d9aabb2d3e9661880bae00ec0,1156330100,2,m.pcben.com/*
a55deef0cbf316155bbef4f7354a5527,1156310000,23,*.chuanrong888.com/*
a57608c41e9ac3088ce5cd884f1451eb,1156310000,24,*.chuanrong888.com/*
a57b5a7ecb0ffe28ab95f392c74a22bc,1156310000,1,*.chuanrong888.com/*
a5c9b42a24ce683c03391acd350d13dd,1156310000,1,daibawap.touna.cn/*
a5db675705a1fa425e9f433495a6143c,1156310000,11,*.chuanrong888.com/*
a5f177cda107ea711c07fb6b658253e2,1156420100,14,*.chuanrong888.com/*
a6200c7988b1e48f14d6d20143ba8b87,1156310000,14,m.shcheshandai.com/*
a63a7f95fb4af5403983b4f1ff1ae047,1156320600,5,m.shcheshandai.com/*
a73857c4d317a0b3537e806789a86a21,1156310000,6,m.uaf.com.cn/wapsh/*
a767a1777dbc027e43b7ca8953e0d42d,1156220100,17,*.chuanrong888.com/*
a78e0bc0d1df46c23b1dc075fa1aa1ad,1156310000,6,*.chuanrong888.com/*
a7becbb27533f9bb8d7c667f5b5aee89,1156310000,1,m.ddcash.cn/register.html*
a7ca929812cbf10a52456590dc340667,1156310000,156,*.chuanrong888.com/*
a8409dd3cf11fc985c59e1cb5e7c4f9f,1156310000,26,m.shcheshandai.com/*
a852b441a12a67c0de08e58fb1566e41,1156310000,23,*.chuanrong888.com/*
a8c077e615e09c03dde4bd4101429d19,1156310000,1,daibawap.touna.cn/*
a8fb5ab612041f4151de49b8b0f28a70,1156410300,16,*.chuanrong888.com/*
a913f23901fa2097282115a5e4110552,1156310000,22,*.chuanrong888.com/*
a916ad51e0dc3df01ea820f89650ba57,1156632800,3,m.pcben.com/*
a966a996613fece3146c328e8823a133,1156310000,26,*.chuanrong888.com/*
aaac940bd56ed9193b09e192a25be662,1156320300,21,*.chuanrong888.com/*
aac30dc5513cbcc9119c3a03c6167b94,1156310000,23,*.chuanrong888.com/*
aad95dcb59ca4d930bb3aa3f6defac64,1156310000,11,*.chuanrong888.com/*
ab105c381d0a79aa14d37aed5023ded4,1156310000,20,m.shcheshandai.com/*
ab35c5cb08a0f66dd119454b41476d43,1156310000,29,*.chuanrong888.com/*
ac752218ff9c849feb16b468da3b92b0,1156411200,1,*.chuanrong888.com/*
aca9e7ee50d2478769936bf1a3fa9331,1156310000,30,*.chuanrong888.com/*
ad6ab103132698787a2be8518a229aab,1156310000,72,xlhbad.51empire.com/*
ad89ecc5633d6b94d76bc4e4b9f0506d,1156420100,9,*.chuanrong888.com/*
ad985e2518e5bd02b070d3d3958fe9cc,1156310000,2,*.chuanrong888.com/*
ade1b8b2099a909418ba5e8d780dc9c5,1156310000,19,*.chuanrong888.com/*
ae2c8bae20f528280d166461f94ef4bc,1156360400,1,*.chuanrong888.com/*
ae4ced1d506f331395ac1806180c3671,1156310000,22,*.chuanrong888.com/*
ae7339006c1dcb60fff8fce6f49e7ede,1156320600,44,*.chuanrong888.com/*
ae84e85cddd0cbda8fd56c39ad7e8a21,1156310000,19,*.chuanrong888.com/*
aeb93d46eb7e457b077ff2daa3c3b901,1156310000,24,m.pcben.com/*
aeca1e213101b9bfc1c2b872dacbd56f,1156310000,23,*.chuanrong888.com/*
b05e8ffee0be6772cf67266a5854764b,1156310000,1,*.chuanrong888.com/*
b0ce051530bc977efb307d7f3d028a50,1156310000,1,*.chuanrong888.com/*
b0da62c7be9f801f84400608855d1047,1156110000,20,xlhbad.51empire.com/*
b14e193cf07110a637db328d7e0a680e,1156310000,2,*.chuanrong888.com/*
b16f37e9e537c241130aee34154302f4,1156310000,22,*.chuanrong888.com/*
b18c43d8f26ed4b497dba6b73b1b5b04,1156310000,1,*.chuanrong888.com/*
b1ae6b688f4a7f917497a33f20b6d189,1156310000,21,*.chuanrong888.com/*
b1b6125c212ea3089ada9e7949ad21f1,1156310000,1,m.ddcash.cn/register.html*
b29af653cfd91470102cf9ea7e6188e9,1156321000,22,*.chuanrong888.com/*
b2a38f279a037ff8107402516e6d8e51,1156310000,19,daibawap.touna.cn/*
b2ce160c73a28f020fa46292af515c6b,1156310000,3,*.chuanrong888.com/*
b2f59276cc6aff65b6525a9443c8e9e5,1156310000,11,*.chuanrong888.com/*
b304b4f495df56fc0ee517d69d8d9be7,1156310000,6,*.chuanrong888.com/*
b30a5829aea10941826baff4d65a2d25,1156310000,1,*.chuanrong888.com/*
b35d18e9947f33ac4b1a96f43340ae66,1156310000,9,*.chuanrong888.com/*
b363bfff346525e26a77968d69c280ef,1156310000,23,*.chuanrong888.com/*
b3b460fb74c8b37bdb72aa7e6823f23a,1156310000,7,m.pcben.com/*
b3ff0d548e33d4dd6b47401b71da17e5,1156310000,4,*.chuanrong888.com/*
b41fc569811d11734faaa4c94bef68b4,1156310000,1,*.chuanrong888.com/*
b475c865774176585d350167db89a9ba,1156310000,1,m.uaf.com.cn/wapsh/*
b49ed379e03527c8519ef9802bfae49d,1156310000,21,*.chuanrong888.com/*
b531a7ff4909eab1d22c1a1739391b44,1156310000,17,*.chuanrong888.com/*
b53b5516419aafb5b4a4a226e7fb3b68,1156310000,22,*.chuanrong888.com/*
b58b2592b0fa587c75b32f32313017b3,1156360800,1,*.chuanrong888.com/*
b5ebd9b24fca620e04f0d58414e3160e,1156310000,1,*.chuanrong888.com/*
b60f01f6595d3b935694ab232a530fa0,1156310000,46,*.chuanrong888.com/*
b63f94d94112e6ffa464dda9c96669ca,1156310000,1,m.shcheshandai.com/*
b657b5b8f6220cd573816bbbf9669784,1156310000,26,*.chuanrong888.com/*
b683c8d0e34cfb1e9d86ab79e7d66db9,1156310000,1,m.ddcash.cn/register.html*
b6f00e1cb9c8272d8b88cc65d569bf40,1156310000,1,*.chuanrong888.com/*
b6f5ed77414bea7f1a17b3a47cc4d6f1,1156310000,5,*.chuanrong888.com/*
b6fb6dd8fb122598dd500e68c3976fb1,1156310000,10,daibawap.touna.cn/*
b73534ea593facedace183c31862d193,1156310000,1,*.chuanrong888.com/*
b75086f110eef421e8a292020c1bb12b,1156310000,4,*.chuanrong888.com/*
b753cf7b54eefb6ef5dfe47694219048,1156341700,1,*.chuanrong888.com/*
b7e9a659b2ad9440b659a6af25790a69,1156310000,12,m.pcben.com/*
b7ede982d653f2332e084da61c1d8f26,1156110000,2,m.pcben.com/*
b8323a8350d7a2cedce9de27d67fc810,1156320200,23,*.chuanrong888.com/*
b8cc77a5b68a3a8c18eda63d0f7d86e8,1156451400,1,m.ddcash.cn/register.html*
b90771a6c8047226d63a6042fd91df5d,1156310000,19,*.chuanrong888.com/*
b920d49191840559582c25100cde4ce2,1156370200,1,*.chuanrong888.com/*
b933ea4d045d8cb1410b22b14e580708,1156310000,10,*.chuanrong888.com/*
b997a7b978a19f76ade3cfe5328e715b,1156310000,16,*.chuanrong888.com/*
ba672fa9686ac85b4e998c364fb02d72,1156310000,23,*.chuanrong888.com/*
bad94d92af8729c4d20a9b7902c175f7,1156360600,1,m.pcben.com/*
baff8225b3b0f5ce93376098c248342f,1156310000,8,*.chuanrong888.com/*
bb1ce1c81a53423c2120e1428aa54560,1156310000,21,*.chuanrong888.com/*
bb6814544e07906c828e99dda9b48778,1156310000,26,*.chuanrong888.com/*
bb82e9929215032dd29a287ab6daa76c,1156331000,46,*.chuanrong888.com/*
bbc3b1ff31812d64c85fa8617cada878,1156310000,22,m.shcheshandai.com/*
bce6688d49d141f3592eb1ca1411c870,1156620500,1,m.ddcash.cn/register.html*
bcf60524a2dd2869d05d75a7eddd8046,1156310000,23,*.chuanrong888.com/*
bdb91d01028f5bb59adf3c06bae77f57,1156310000,15,*.chuanrong888.com/*
bdd6c55bf1975e761d2218c29ed25ef6,1156310000,6,*.chuanrong888.com/*
be8319cc2ddc45b714ff2d50c8298ac5,1156310000,11,m.shcheshandai.com/*
bf3ab005b33c1403666e682acba67c7e,1156371700,1,xlhbad.51empire.com/*
bf3df1967f11d38303e8dd6b33961aab,1156310000,14,m.shcheshandai.com/*
bfb926a25fedff430803bdb1f3abd527,1156310000,1,m.ddcash.cn/register.html*
bfda9b5f85ffafddd8e5f2ca015b8f14,1156310000,24,m.pcben.com/*
bfe2114d7262ff88e2613ff9a2c5a4dd,1156310000,1,*.chuanrong888.com/*
bff2103829c23125bea7187f26c0601f,1156310000,11,*.chuanrong888.com/*
c02dd7343bb4643bc92b58f81c9d32b6,1156310000,14,*.chuanrong888.com/*
c06e90950f67dbaf8448d3676d8d0ed6,1156320500,1,m.shcheshandai.com/*
c0a0bef7649ef41a1ae48c7357ba4659,1156310000,1,m.ddcash.cn/register.html*
c0cba34801488b3d366510ee213e0363,1156430700,16,*.chuanrong888.com/*
c13177d04b73b9c192d16ebf172090cd,1156310000,1,m.ddcash.cn/register.html*
c171df2ac394d11ea97a3b37d1bb28b2,1156310000,2,m.uaf.com.cn/wapsh/*
c2696a18d8412a07660db57bb996e620,1156310000,1,*.chuanrong888.com/*
c2d6ecd547762ac82b1559c74a2774ec,1156310000,1,m.uaf.com.cn/wapsh/*
c2eac302d9837f295120146273ea21bc,1156310000,3,*.chuanrong888.com/*
c2ef70c6792d7c8de70aa1c9883e3d40,1156310000,5,*.chuanrong888.com/*
c2f72f0aaefb9cceb5205f2049d70978,1156310000,1,*.chuanrong888.com/*
c323d527f701e988f5f42150db456740,1156310000,6,*.chuanrong888.com/*
c3e8844a2e3d1040c971f4a35476a30d,1156310000,22,*.chuanrong888.com/*
c476850b2dc798c2b376ee2ab39acd92,1156310000,8,*.chuanrong888.com/*
c48830745c5e494bff79af3cd9b6fc77,1156321100,22,m.pcben.com/*
c5054878ff6ec9b21d4b3ffd7b530c60,1156340700,2,*.chuanrong888.com/*
c517b76f92c67d8d85bd8f2ae186bd9a,1156310000,1,*.chuanrong888.com/*
c5507dfcb48f04742721b2577af1203b,1156310000,26,daibawap.touna.cn/*
c554ca0391cf4d7de9bd6d8a42c269b7,1156310000,20,*.chuanrong888.com/*
c569c40f01a84d65b202c0cb808d3101,1156310000,5,*.chuanrong888.com/*
c57810da65298307136e8b1f7bfafcf9,1156430300,1,*.chuanrong888.com/*
c5eae49d7d1dcc3c480c0a51578c9a6d,1156310000,11,*.chuanrong888.com/*
c5ed94572902b0acdb064bef141c346a,1156320300,19,*.chuanrong888.com/*
c66162281b4e982bbf5dd749466cd98e,1156310000,11,*.chuanrong888.com/*
c68d45a8ed07bf5f11c694b1a812fc6e,1156310000,24,*.chuanrong888.com/*
c6a5491a8b89e17d2a5082a27c8e8fb7,1156310000,1,*.chuanrong888.com/*
c6aec90e0d712e2048561379d3f7138f,1156310000,24,*.chuanrong888.com/*
c6db061749ad71f9967ebaee1e8fd91b,1156310000,14,m.shcheshandai.com/*
c77dd81186e336ff800339ddf77bde7c,1156310000,1,*.chuanrong888.com/*
c788d84102252afe60db5c6724a0c8b2,1156310000,24,*.chuanrong888.com/*
c835c15932456dcbd553d01e1333dc22,1156500000,29,*.chuanrong888.com/*
c86f3fe1fccd6f7cb99b468e5bbeb218,1156310000,1,*.chuanrong888.com/*
c9733ee219e22567e6655cac7d713377,1156310000,7,*.chuanrong888.com/*
c99d15bf9267e6b1b1b50526c1b50c99,1156310000,63,*.chuanrong888.com/*
ca202e2fd9ce1e0381ee644228678a15,1156130100,14,xlhbad.51empire.com/*
ca8fc408303e097863ea1624664b025c,1156310000,3,*.chuanrong888.com/*
cace928947d7e26510204994ebbfe1bd,1156310000,21,xlhbad.51empire.com/*
caf883a74bc3b6a09b145fd1ba4fea0b,1156310000,1,m.uaf.com.cn/wapsh/*
cbcc6fee233a0386801f374611f6bb50,1156310000,2,*.chuanrong888.com/*
cbe56d91b2bbc3d6b942d0ee80d071a5,1156310000,20,xlhbad.51empire.com/*
cc31ea67b23cfbbc325ecb3d5375bfcc,1156310000,15,m.shcheshandai.com/*
cc5748ff607db4cd99c11b165be81569,1156310000,15,m.shcheshandai.com/*
cd377b494d785a5b1e8b37123f8c051f,1156330700,1,m.ddcash.cn/register.html*
cda78b088835505a6c161e5f1b69c7e1,1156350900,1,*.chuanrong888.com/*
ce568b38a5d7c0a5ce66414479cfdca2,1156411500,24,daibawap.touna.cn/*
ce8450d1027584812c26ee84a42602cd,1156320500,33,*.chuanrong888.com/*
cee7a84f76b3ca6a670e18326d805489,1156310000,6,*.chuanrong888.com/*
d04cb4bc2423267e054510c0d9dd10a1,1156310000,27,*.chuanrong888.com/*
d067d41d7aac773ef76f58ee6579abc1,1156310000,6,*.chuanrong888.com/*
d088847ec93196ea90d7cc805ad9dac4,1156310000,1,*.chuanrong888.com/*
d0cb8e95f9245d6bdad6498392d1e2b9,1156310000,36,*.chuanrong888.com/*
d107328508570d8409c5642ba4e76387,1156310000,6,*.chuanrong888.com/*
d12313c457515595f4ad586efe5481f4,1156310000,8,*.chuanrong888.com/*
d12f0deacaa57188578e4db84d3351ff,1156310000,23,*.chuanrong888.com/*
d2018eae2fc4f475c5edd610f11e2991,1156310000,1,m.ddcash.cn/register.html*
d2023ddd476c41512398a794c13d0e5b,1156310000,5,*.chuanrong888.com/*
d2052273b2cfe7713a31c4e04229ad9b,1156310000,86,*.chuanrong888.com/*
d2d4b03706be10e146a709d49b5b0160,1156310000,24,*.chuanrong888.com/*
d2dd9e3a85009cead58e85329940ba22,1156341800,23,*.chuanrong888.com/*
d34d5f6b9522b8a9150023f6920b4b69,1156511900,12,*.chuanrong888.com/*
d469a66f100eb3c5919ac4a6087c3e48,1156430500,1,*.chuanrong888.com/*
d4e584fd5c557d41b1746086568709b5,1156310000,1,m.ddcash.cn/register.html*
d507f307e6432e86e4b103d4482a26f7,1156310000,1,*.chuanrong888.com/*
d51ff44f8608db4884be15e01ae27c1c,1156310000,1,*.chuanrong888.com/*
d55347554ebbe3191e63bbefd2da8602,1156310000,1,*.chuanrong888.com/*
d5eede7c6788d0f4a5b3516dd1e82dad,1156310000,37,*.chuanrong888.com/*
d60926b3e7536e96a0afd5560507798a,1156310000,22,*.chuanrong888.com/*
d63a6a9e29f2ab39dabc04d1dfdc1825,1156341800,22,*.chuanrong888.com/*
d715a1f0b251d4c4ed3bd0c4d32d6b69,1156320900,4,*.chuanrong888.com/*
d737e3f6b62be0f6cbdaf50c2beaf1cc,1156320500,14,*.chuanrong888.com/*
d74f39dbf8a37302b7679377c9f3932d,1156310000,15,m.shcheshandai.com/*
d784492ff0c54412c97ecc6a2f46ef40,1156310000,2,*.chuanrong888.com/*
d7b11d6c3557589276c132d0b34d9831,1156320800,1,m.ddcash.cn/register.html*
d7c7f7ce0507206a51c525f3d241094f,1156310000,50,*.chuanrong888.com/*
d7c8e9d2c187cf93505e6761703cab67,1156341600,7,*.chuanrong888.com/*
d7d1d8485a2e176fb6be75a92b5b265b,1156310000,8,m.uaf.com.cn/wapsh/*
d82902cade829cca83f031fbc7aa88d5,1156310000,2,m.uaf.com.cn/wapsh/*
d8a7eeb1711021105adcb535cd32b800,1156310000,19,*.chuanrong888.com/*
d8c8f155c0214297d194d3de6ffabdf6,1156310000,10,*.chuanrong888.com/*
d928d686dd9cdc55df3598d4029e0317,1156310000,4,*.chuanrong888.com/*
d948de0a855237d4bbf861990dd30050,1156310000,23,*.chuanrong888.com/*
d97eb074d5f48342caa082ff58979a16,1156310000,22,*.chuanrong888.com/*
d98a85c130f65d2b10eb1009a84058e7,1156310000,1,m.ddcash.cn/register.html*
da3e681640bffb52ad3dfd5715be178a,1156310000,23,*.chuanrong888.com/*
da7ce814d773e328d8c7adacde1b965e,1156310000,5,*.chuanrong888.com/*
da9fe654c62f9544ff6c3ccd84ba294f,1156320500,1,m.ddcash.cn/register.html*
dadec77b0352b6ef78e0b79940aa1092,1156310000,1,*.chuanrong888.com/*
db5b985082b4a6794f84660f6a2afbba,1156310000,1,*.chuanrong888.com/*
dbde57045a3f33908e6fb5144a7e0711,1156310000,1,*.chuanrong888.com/*
dbf6463b483ab03cf64a4d85093c9ee6,1156310000,1,daibawap.touna.cn/*
dc0c9bcae9c620139d51646df7449c33,1156310000,1,*.chuanrong888.com/*
dc258c0c63507e3dbc871952c68b52ac,1156310000,1,m.ddcash.cn/register.html*
dca8a58880b8f54a4b061c1f72584e95,1156310000,7,*.chuanrong888.com/*
dcf608b2494724a41ddaeaa216010efa,1156310000,4,*.chuanrong888.com/*
ddbb06698fb44c107d85a0db63b71b84,1156340700,3,*.chuanrong888.com/*
ddfa2607e4c400677d454ff475978e96,1156410100,15,*.chuanrong888.com/*
de7906bb0345fe42d1f8e343b93b07c9,1156310000,1,m.uaf.com.cn/wapsh/*
de7a86df4be32e913ff339c47024737c,1156130900,1,xlhbad.51empire.com/*
df9b977efa715cf0e4034d91cbf4ba77,1156310000,29,*.chuanrong888.com/*
e018c9d3d525effc810f150d2e3570ed,1156360900,30,*.chuanrong888.com/*
e06e6ef968dca73df0859a5bf2ea772b,1156310000,5,*.chuanrong888.com/*
e0990082ffccbca39623425a162b3815,1156310000,1,*.chuanrong888.com/*
e0ba34f0145d078066cd4f55ebb29084,1156310000,21,*.chuanrong888.com/*
e119b694b3e2ecc48ca0ab663ee45fa2,1156310000,22,*.chuanrong888.com/*
e19691f706cb042b6efd5996e0a5b01b,1156310000,6,m.shcheshandai.com/*
e1a570786689858d8717d8897a80894c,1156310000,38,*.chuanrong888.com/*
e1af18b43cd675b4845ef6ca01df4494,1156620800,21,*.chuanrong888.com/*
e1caf5348fc2dd0735673e81a4396d99,1156310000,4,*.chuanrong888.com/*
e1f85dc78f96290578b7e56844661862,1156310000,22,*.chuanrong888.com/*
e23dd572cf59310df71855bed88b566c,1156310000,25,*.chuanrong888.com/*
e308f5212f958bb23d969719bdf6af44,1156410300,1,*.chuanrong888.com/*
e4aeb90ff57aefb4282b9378aab1247b,1156310000,1,*.chuanrong888.com/*
e4bbab4ad9d9b20673ce1f8ddb5cbd14,1156650100,6,daibawap.touna.cn/*
e4bfb5f912bdac5456c11a0818b0851e,1156621200,9,*.chuanrong888.com/*
e4f0873201f1ade7bdc144cf96d882d7,1156310000,68,*.chuanrong888.com/*
e58b5eb125e64d7be38064d333240878,1156310000,1,*.chuanrong888.com/*
e58ef766fd8558b7576a46147070cd39,1156310000,33,*.chuanrong888.com/*
e59c78781bde14280b5b003eedbb591a,1156310000,22,*.chuanrong888.com/*
e5ad21b777fb32a7435a2a97b4e821b5,1156360700,6,*.chuanrong888.com/*
e5b33e7899eeeef5ecb2ee49e75dd09a,1156310000,24,daibawap.touna.cn/*
e5d7e4f6116cb97bebec8c60587c5312,1156310000,21,*.chuanrong888.com/*
e5e094fff2916e03ff8ff1cb9ba1e2eb,1156310000,26,*.chuanrong888.com/*
e5e9ec32920bcc6fd70f38f2c6773cf9,1156310000,22,*.chuanrong888.com/*
e6a451b566db86b8571c1166c394396a,1156360700,20,*.chuanrong888.com/*
e806f9aa7771ae39e6627660c2207f7d,1156310000,23,*.chuanrong888.com/*
e82f66480dd5190bc77c0506368ca5ed,1156620700,5,daibawap.touna.cn/*
e8c2a05070e24d6ebb328fd417f1118b,1156310000,1,*.chuanrong888.com/*
e9d446d0bbe9d5fcc8b3320344a30ee0,1156310000,8,*.chuanrong888.com/*
e9feb53dcdf40b459f6356d02b4b7034,1156310000,27,*.chuanrong888.com/*
ea4c0633e8b70b53d8e2ec7bdece0b9c,1156320500,11,*.chuanrong888.com/*
eaa0ab8d5db251534a90c6df36b40031,1156310000,22,*.chuanrong888.com/*
eb5a47f8879be07457b919645fb1535c,1156230100,2,m.shcheshandai.com/*
eb5dafe103ad97e0046d519413ae9d66,1156310000,118,*.chuanrong888.com/*
ec11dd7502ceac86aebc43c155565712,1156310000,43,*.chuanrong888.com/*
ec3af123381fb551cf269b929461f375,1156310000,1,m.ddcash.cn/register.html*
ec78386f6cc5a7b6b2f64cbc4dadb39f,1156310000,4,*.chuanrong888.com/*
edf40b2bc31a411ddcc7ba16de36574f,1156310000,18,*.chuanrong888.com/*
ee157a12e1f8f5b498924112f52ad035,1156310000,1,*.chuanrong888.com/*
ee635b790825da9ccfe8d20d640a4900,1156310000,15,*.chuanrong888.com/*
ee78f8bc1a988b0d05f9da1e73f7d9ba,1156310000,1,*.chuanrong888.com/*
ee7b1570734cb3403edb1365447a65a8,1156310000,22,*.chuanrong888.com/*
eea75715995ee9fdb303a9eb90508359,1156650100,1,*.chuanrong888.com/*
eec99053a7722e1a5737e26b7b6a1c14,1156310000,11,*.chuanrong888.com/*
eed5da1db2c4bdd535e1dea154bba3dc,1156310000,1,m.ddcash.cn/register.html*
eedb15dc837e462768615b74f7689ed8,1156310000,1,*.chuanrong888.com/*
eeee8d0f516d7568c6d8c3426026bb45,1156310000,21,*.chuanrong888.com/*
ef36fae3df0f0dab09df7a06e3f3ad8b,1156310000,24,xiae.yanqianle.cn/*
ef73d14f5f912520886ca252a16194c8,1156310000,6,*.chuanrong888.com/*
efc66cadeead0c36012772429e7fbe92,1156310000,11,daibawap.touna.cn/*
effbffec2b31e87b6734c69e8abb424f,1156310000,1,*.chuanrong888.com/*
f00516b6ffa8321a9aa51eedfaa405d7,1156320800,1,*.chuanrong888.com/*
f01c068ccdf74eac8fd925672644dfcc,1156320600,13,m.shcheshandai.com/*
f02eacfe75d1cff2f513c516e91788d2,1156310000,14,m.shcheshandai.com/*
f052f60f5cc441a8f841b3992655ed48,1156361100,1,m.ddcash.cn/register.html*
f104bdb3d4b9d3196242159507cf3c5a,1156310000,25,*.chuanrong888.com/*
f1994cfa36ac72eb5424fbe324770237,1156310000,1,*.chuanrong888.com/*
f1febab355044e9f9fd16788c878198d,1156310000,11,*.chuanrong888.com/*
f24f83e20a0d3d704dc88072226e73c5,1156310000,25,*.chuanrong888.com/*
f2607bc05892f0195c7ceab2364327cb,1156310000,13,*.chuanrong888.com/*
f28f14b9f5475be696a0c0f224bae728,1156450300,21,xlhbad.51empire.com/*
f30cf8e9a2b39ac931ffcc9330890d32,1156310000,1,*.chuanrong888.com/*
f30fbe12e4d735be73d7f7af65500f72,1156310000,6,*.chuanrong888.com/*
f37589668f51553d48dd1376a2ac8bc6,1156310000,5,*.chuanrong888.com/*
f3ec5b112e96ec432c528bc695d9bfa8,1156310000,22,*.chuanrong888.com/*
f41496f4108639e18f3f856d12954a20,1156310000,1,*.chuanrong888.com/*
f4783659b1be621bbe834ebd0c869a9d,1156310000,18,*.chuanrong888.com/*
f4c894b6d17a25e1a5541e29c29a5dc0,1156310000,18,*.chuanrong888.com/*
f51199ea332420414671307ca515b57c,1156310000,20,xlhbad.51empire.com/*
f5683d09dbdea154eeb2a4fef6478cb1,1156310000,2,*.chuanrong888.com/*
f57e17b8976a854efc5b0de8a6e78b0d,1156310000,5,*.chuanrong888.com/*
f592eec7069599cd5fb4c7e6e8172d49,1156310000,3,*.chuanrong888.com/*
f5982b6645ec67b3afa80f3dec0fa284,1156310000,23,*.chuanrong888.com/*
f61aa149ecbf6be802a7d069b5228578,1156310000,1,m.ddcash.cn/register.html*
f68c3f1a390d37e02b24584dca1596e2,1156411600,9,*.chuanrong888.com/*
f711f1ab45dba5d2dcbd0ff501576fb7,1156522200,42,*.chuanrong888.com/*
f719a2ade2b05243f2be0a6af961b807,1156310000,21,*.chuanrong888.com/*
f72962c3d0a7d25bd8ce8912a3f69f5d,1156310000,50,*.chuanrong888.com/*
f755fd782f9aa6a96e431ce1fb6639e0,1156310000,1,*.chuanrong888.com/*
f7fd038baa525b6e0e8490bcb41cdf17,1156310000,1,*.chuanrong888.com/*
f80b36c471458d3c130f7bd19e1be497,1156371700,19,*.chuanrong888.com/*
f827244b587192e8f6b813955fd5ece4,1156310000,92,*.chuanrong888.com/*
f841780f869158cf0e4a393998770094,1156610300,1,m.pcben.com/*
f8ee1db39461b8e376d590078e6e1ab9,1156310000,34,*.chuanrong888.com/*
f985d1e4b7ca866e2aaf82029744551e,1156310000,23,*.chuanrong888.com/*
f987bb51b38de0e146cb7b26441b08f7,1156310000,12,daibawap.touna.cn/*
f99bebf3e6e407f86f3ca8f32d8bacff,1156350700,2,*.chuanrong888.com/*
f9cced9355e05b9b5dceef7ee04e3607,1156310000,1,m.ddcash.cn/register.html*
fa7bcbe10a176b06e45d520cfaf3b439,1156310000,29,*.chuanrong888.com/*
fb1a48f3c82d39b04dd5803b9e6ede05,1156310000,23,*.chuanrong888.com/*
fb218800ca8413fb9f733e1dc8176c73,1156310000,23,*.chuanrong888.com/*
fbc969f41ab6a23dab30b46c238f6a1b,1156310000,33,*.chuanrong888.com/*
fbce2d12d3f1e7cad2e6d0ad5636ab48,1156310000,1,*.chuanrong888.com/*
fc172a35e50234eb50317d0d6e92481a,1156310000,20,xlhbad.51empire.com/*
fc182cf4c201df3b091dc3245da5c0bb,1156310000,1,*.chuanrong888.com/*
fc80c5a1e694f78d3c4a29720dd8a546,1156310000,1,*.chuanrong888.com/*
fd64354cbab523fc0a1622123dc15313,1156310000,25,*.chuanrong888.com/*
fd65f6795c0ddd6294917a833fad76d9,1156341200,1,*.chuanrong888.com/*
fd72708fd94c21cdfc70a307f116085a,1156310000,21,*.chuanrong888.com/*
fd779e4cd3ce71ce75b2c7514e34d182,1156141000,2,*.chuanrong888.com/*
fd8121c7f568ba84bb92d7ae36664974,1156310000,20,xlhbad.51empire.com/*
fdc1f9b3ef5eeca1853293638f934716,1156310000,1,*.chuanrong888.com/*
fdd086893d596fea06ec53164493e5aa,1156341800,1,m.ddcash.cn/register.html*
fdeb02f743007ee49655d2c1373d521b,1156310000,32,*.chuanrong888.com/*
fe1cff7e14b71d3103e83bda31ac7d9f,1156310000,6,*.chuanrong888.com/*
fe57c132f4f7bf0d5461c0219b494b81,1156310000,1,*.chuanrong888.com/*
fe72db5e45e952f4227ce6b7fab9287f,1156310000,25,*.chuanrong888.com/*
fe9410d98a8f7e218bc1ffd7424d2286,1156310000,24,*.chuanrong888.com/*
febb1b59bfb1f6f6c0baea94a2763455,1156230100,1,*.chuanrong888.com/*
ff350d67cdb5946ee629f714ca3498d5,1156310000,4,*.chuanrong888.com/*
ff4cfa1df9ff61904e4cf556edf7847f,1156310000,13,*.chuanrong888.com/*
ffb226460c4e0b30f2dae6026319ce33,1156310000,5,*.chuanrong888.com/*
ffca13a1052102ca727870e92ebf35a9,1156310000,5,*.chuanrong888.com/*
