002c222ddf2eb0b8727ecd3103e1cd6d,1156440100,24,bd-jp13y.ebingqilin.com/nc-s3-wap/*
0234091f9346c025df4a9aebca4a9803,1156440100,29,bd-jp13y.ebingqilin.com/nc-s3-wap/*
0402a72fb1c9aeefe1a7d61f5b402192,1156440800,62,wap.pala.com.cn/*
068877a99c951b04f7c967d0f98ac0a8,1156361000,2,kk.ukipbusinesstv.com/sln/*
06f9fe62e0d67edd1fa3807b802cbdba,1156360700,17,y.yzcfkj.org.cn/datang/wap/*
0724406319f999bacc1dbb510f6e7dc4,1156310000,1,sy.rfeng01.cn/1904/sln/wap/*
086fe0a19ffd193170d6011e9ccd66eb,1156440700,28,bd-jp13y.ebingqilin.com/nc-s3-wap/*
08b67015b93db483d814ba9e64ead89f,1156445300,1,bd-jp13y.ebingqilin.com/nc-s3-wap/*
090d8173f6c14547c8378690dbab6a32,1156330300,4,tb.53kf.com/code/client/10163716/1*
091b38d5464390d9162baade54616ac6,1156420700,1,tb.53kf.com/code/client/10167409/1*
0b64785c7ba62eaf49f349bab8e0e92d,1156530500,3,bd-dljp.cyxm01.cn/bd-zjj-wap/*
0b853ef05955afab7a2dd467b06bcc0f,1156440700,2,bd.sjh989.cn/1902/fjn1/*
0e12292aeac70e67b64b6ded6b142122,1156450200,32,www.zhengxinfood.com/*
0ead454d9fae01c79fd1c31562bebfbe,1156350200,9,kk.ukipbusinesstv.com/sln/*
0ee242fa2b5848e9b8890282fc801f15,1156450700,44,zg1.zhongweicanyin.com/sycqxm/*
0effa415e747f5fff07e075d269678ea,1156450800,28,bd-jp13y.ebingqilin.com/nc-s3-wap/*
0f4585d36871f258b436fd5786d14593,1156441900,2,tb.53kf.com/code/client/10155120/1*
10182cbff10ceb09117d2fc2c3a09d02,1156440100,1,tb.53kf.com/code/client/10140483/1*
1139bb03c86c88a5333bdb787bf4336a,1156440100,29,bd-jp13y.ebingqilin.com/nc-s3-wap/*
11a9f1f285f4c8f4cb42d163938d8dfd,1156431100,27,zg1.zhongweicanyin.com/sycqxm/*
16ec7e7aa011e5142bf508419d1ba27e,1156440700,1,y.yzcfkj.org.cn/datang/wap/*
188e633cd692f074eaa8a73e074dcc59,1156450200,2,bdcn.665816.com/kfa-wap-g/*
2060b916c2aaac558c04d74239cd64ff,1156450900,16,bd-dljp.cyxm01.cn/bd-xcjm-wap/*
208f79105a479e1f7f93226c7b33fd2f,1156440600,1,syl.dgyw98.cn/1904/lkzj/wap/*
22795e2d7de8a896f97a40685359f247,1156440300,1,tb.53kf.com/code/client/10155120/1*
22e3effaa0472b63987215470c75f715,1156441300,29,bd-jp13y.ebingqilin.com/nc-s3-wap/*
2342bb7802055922b3b537b89dfe4e1e,1156440300,120,wap.pala.com.cn/*
26bbe08be30a7228bdc40b7948031d97,1156441800,1,zs.gou1222.com/1811/jzhb/wap/*
28cc38947b58d4f5997388e4c1d5b549,1156441900,22,bd003.zsld19.com/web/1368/10864/12818/*
2a31c4c0b9652a938d85b0062139695c,1156440400,30,bd-jp13y.ebingqilin.com/nc-s3-wap/*
2a5fd8955b89797a87446273d37661dc,1156450100,38,bd-dljp.cyxm01.cn/bd-zjj-wap/*
2bfe027049e6d6b09afc878fe14a3e18,1156441900,3,bf.zsso2.com/qwjp/*
2f5234e3de97826d504f3f014f43dac0,1156440200,6,tb.53kf.com/code/client/10155120/1*
3092113c8edc4e9ae89d53cf8491a927,1156440100,29,bd-jp13y.ebingqilin.com/nc-s3-wap/*
33333a1da610e05c9a88b960c68d5fff,1156440600,27,www.lemdays.com/*
34030eff5e92ba77ebd1a1d4cee34c7b,1156450700,4,tb.53kf.com/code/client/10155120/1*
383578ac97e340d000b2cd5f4edb4f96,1156440100,1,bf.zsso2.com/qwjp/*
391bb3f78bd217335dd5c905478c8e69,1156440100,30,tb.53kf.com/code/client/10145533/1*
3a3b7c6a3961a61556c6fa67b81b712f,1156532600,1,bd-jp13y.ebingqilin.com/nc-s3-wap/*
3a8e78e472c7b4a76b4855aad141e1d6,1156441200,55,wap.pala.com.cn/*
3b45d4e9b8c71bf13db8c63215334c9f,1156441800,30,hsjtn.zsjm08.cn/twnc/zn_wap/*
3ed78821f6b62e72a606b58c411bca8c,1156450800,5,bd-dljp.cyxm01.cn/bd-xcjm-wap/*
3f61bc76169197b3829785fe6e54b120,1156451200,1,syl.dgyw98.cn/1904/lkzj/wap/*
3f74e23941a9d6be881f6c60d621fa2d,1156440300,29,www.lemdays.com/*
40d52f45de2c026af3af2fd4ec16cda7,1156430100,10,y.yzcfkj.org.cn/datang/wap/*
40db50bc0cb053ccefec15d2a7db36ce,1156450900,58,bd-jp13y.ebingqilin.com/nc-s3-wap/*
43e4a0c1d455c45219a9b120f90de906,1156440300,29,bd-jp13y.ebingqilin.com/nc-s3-wap/*
456199d540701dff5b7ce8f40848cafb,1156440900,1,tb.53kf.com/code/client/10155120/1*
48baf5d9d3e8c9731c69a28a3d96ae8a,1156445200,12,y.yzcfkj.org.cn/datang/wap/*
4a69afd3da32c634e3acd13445a1a258,1156440300,3,bf.zsso2.com/qwjp/*
4abb6e56ee7cc99b98d6c241f35f9fea,1156441500,77,kk.ukipbusinesstv.com/sln/*
4b996934b4321e8bc6a8133231eaad2e,1156441700,6,bd-jp13y.ebingqilin.com/nc-s3-wap/*
4c98720393d6c5c9aea8e5f1248fcc24,1156441900,64,wap.pala.com.cn/*
52b800b5fbeb09f94e02322405011437,1156430300,23,www.zhengxinfood.com/*
53af1628d9e7d5d4d6b085b600db9f28,1156450800,46,y.yzcfkj.org.cn/datang/wap/*
54b5d4324b962197fa422f54887f2bbe,1156440300,1,syl.dgyw98.cn/1904/lkzj/wap/*
54c9d557f504c3844a2fd6c4d7b0aadb,1156450300,81,bd-dljp.cyxm01.cn/bd-xcjm-wap/*
54fcb2055c68261ef4ddd697658aa232,1156450800,29,bd-jp13y.ebingqilin.com/nc-s3-wap/*
558478cd6f442e74870b656f7fcb6aca,1156450400,28,bd-jp13y.ebingqilin.com/nc-s3-wap/*
5783c71b10ee716ac23d25d83a0e81c9,1156330100,11,y.yzcfkj.org.cn/datang/wap/*
5851266ba02b2ea8bce477e2ff4ef805,1156450100,2,vipbaidu.zstv29.cn/ydhb/wap/*
59eb879ccd772e48c36c76e0cb4406d9,1156360800,41,bdcyb.bjmlml.net/mpm/wap2/*
5cc4d74d8175684eb44db31e62442b5b,1156450800,24,wap.pala.com.cn/*
5e5181d9ebc26972e6ad35023fea1582,1156522700,1,wap.pala.com.cn/*
5ffa871ffb3b19f2f0bff93435033536,1156450900,150,wap.pala.com.cn/*
63e84853e4524aa94041d7f7473183f6,1156440100,28,bd-jp13y.ebingqilin.com/nc-s3-wap/*
659af4a5071f14bc197683e1c08b4ea8,1156451100,1,tb.53kf.com/code/client/10155120/1*
670bc6fbf20301a7317a1d85fd8395ee,1156451000,21,tb.53kf.com/code/client/10145533/1*
689aa56bf0e944b4b7b16d14ff1af1af,1156440300,1,tb.53kf.com/code/client/10145386/1*
69e6b6b6c931b7634765bcb9b1fbdb0b,1156440300,11,www.lemdays.com/*
6a847a2e30073b041e4eb3535c677574,1156451100,120,bd-jp13y.ebingqilin.com/nc-s3-wap/*
6c21abf5a1e21f84e13ff9f717963bc5,1156451100,2,www.4008049009.com/lcjzt.html*
6c8388a06cf4f3d4c2ef71787c8049fe,1156441300,29,bd-jp13y.ebingqilin.com/nc-s3-wap/*
6d086ab63b80d4b32ec402f3b7781606,1156451100,1,bd-ypjp2.qdhtzk.cn/bdwap/ypjptwjp/*
6f214e2bd42b9042f1d2fc8aae09a8bd,1156450300,1,wap.pala.com.cn/*
70df687d188a8b2e3c4a75b520e4804a,1156450700,1,tb.53kf.com/code/client/10153001/1*
75848911d8308f776fb53cafc0b800ea,1156610700,9,y.yzcfkj.org.cn/datang/wap/*
7686ab38259952452cf80abc399c944f,1156440100,1,bd-scjp1.qdhtzw.cn/bdwap/scjp3/*
7783eee64c15f332e2e6aa1c0111d30f,1156450100,19,tb.53kf.com/code/client/10145533/1*
7efec54ce6d4a7cd2f72e30bd532248a,1156441300,1,bd003.zsld19.com/web/1368/10864/12818/*
7faa5f3878d6979f4fc4a221ea0de4cc,1156440300,1,www.4008049009.com/lcjzt.html*
812e442531739af1c1d0da71c58754cf,1156441800,1,bd-jp13y.ebingqilin.com/nc-s3-wap/*
81f0fd4b99c1eafc5ae69a244540b7fb,1156440100,30,www.lemdays.com/*
844985fa557cda87ddea330dacdd4ec6,1156440600,30,www.lemdays.com/*
850d568a5c92eaef14e2101e1317d363,1156440100,3,tb.53kf.com/code/client/9004003/5*
8553e8e25a54c658a73e918bd518f3aa,1156451000,19,wap.pala.com.cn/*
871a4345d8c1a41e5f499ff96eb9aae2,1156440900,2,bdcn.665816.com/kfa-wap-g/*
87aba14aa8c1de7256dc44f335ec8156,1156450100,23,bd-jp13y.ebingqilin.com/nc-s3-wap/*
8880f4be8ac5eb83ee1f2c1573cbbc55,1156450700,1,tb.53kf.com/code/client/10155120/1*
88aa8b3ccd51613b2219ae24069c79a8,1156441800,23,bd-jp13y.ebingqilin.com/nc-s3-wap/*
88d9f55247862df3e822ab952f2f8d20,1156450300,17,wap.pala.com.cn/*
8a95a47e6b3093b65a8d1ab3553ec989,1156450900,35,wap.pala.com.cn/*
8c7a94a535b372b3e0b1881031fd2818,1156450200,8,bd-jp13y.ebingqilin.com/nc-s3-wap/*
8cfa1656f5d264e5b7d438a43bacdf74,1156445200,47,bdczjp.35.dianso.com/bd-czjp-wap/*
9163bebf66e7d4867a5608ad302dacf1,1156440100,29,bd-jp13y.ebingqilin.com/nc-s3-wap/*
92feb9d7c39b9ded280206d0c49a5014,1156441900,1,bdczjp.35.dianso.com/bd-czjp-wap/*
943bfec4bbd165a0251f15de9473a409,1156440300,1,wap.pala.com.cn/*
9501b99bc05f47d8a82b2a9a4876c5d8,1156441300,29,bd-jp13y.ebingqilin.com/nc-s3-wap/*
95f95a07e0d049a26cf30c6030c1f950,1156440700,2,y.yzcfkj.org.cn/datang/wap/*
9670735fd84f8b17599a523e2f4a983b,1156451400,181,mzcy.zsyszpd.cn/jipai20190124_baidu_m/*
9a0557a8efe8cac1b8f6846fb5e6db0d,1156451000,3,www.4008049009.com/lcjzt.html*
9c82efdc11c0bf75dcb351c5a2eb9f52,1156440300,29,bd-jp13y.ebingqilin.com/nc-s3-wap/*
a0f225ca803485dcc67e8260ab45a6bf,1156441300,1,tb.53kf.com/code/client/10163718/1*
a101b7635da6c000df2ea7d7e24ab93f,1156441300,1,bdcyb.bjmlml.net/mpm/wap2/*
a1e67e5d631d72373c68f0485748c78c,1156530300,13,tb.53kf.com/code/client/10145533/1*
a2ac546cd1267f18ccc247f214202feb,1156440600,29,bd-jp13y.ebingqilin.com/nc-s3-wap/*
a5485cb935c625c984ad0cbfd7bda47e,1156440700,29,bd-jp13y.ebingqilin.com/nc-s3-wap/*
a8457a2aeff7af8d79df7f0d0ed8fc14,1156451000,109,bd-jp13y.ebingqilin.com/nc-s3-wap/*
a8f4781dca690da19c27fb25da24c4d2,1156440300,1,tb.53kf.com/code/client/10159551/1*
aa77602571cce3506a4ac5f65aa48cec,1156451100,8,wap.pala.com.cn/*
ad313b749ae069754ef14f4df1e04be8,1156450300,31,wm.665729.com/x-hbw/wap/*
afb3171a56e43eef5a90fc2695ead4f9,1156450800,40,bd-jp13y.ebingqilin.com/nc-s3-wap/*
b202896a213383733b28539ce1f42c5c,1156451300,28,bd-jp13y.ebingqilin.com/nc-s3-wap/*
b418c26d7e4272e38032155ac8bda3a8,1156440300,81,kk.ukipbusinesstv.com/sln/*
b62bc71b7349c913c2106315f59fbd48,1156451200,1,sy.rfeng01.cn/1904/sln/wap/*
b637843f06a7ee23e478d367134ecaa8,1156450600,2,tb.53kf.com/code/client/10128927/5*
b73a2158a2a372f43caf19c3115414da,1156440100,2,bd-scjp1.qdhtzw.cn/bdwap/scjp3/*
b929d233aba1ba8feb981f6b23282b6d,1156440100,12,y.yzcfkj.org.cn/datang/wap/*
baa437935ba723519a91dd417f4eaec2,1156450500,1,tb.53kf.com/code/client/10167409/1*
bc3ba3cd650ba8f04f99d95bae200923,1156440500,21,www.zhengxinfood.com/*
bcc03ffe6a1e6997a3dea82fd5c1faa3,1156440100,62,wap.pala.com.cn/*
be0f6dcd79ca77a3e72ef92c6cce91f3,1156451200,3,bdcn.665816.com/kfa-wap-g/*
bee468aff864658ff23f57f982541eb0,1156450300,5,bd-jp13y.ebingqilin.com/nc-s3-wap/*
befb3d9ccaae0d22b87f331cbe4e3a69,1156450300,22,www.zhengxinfood.com/*
c4272aac74436187ae331d93bf18cfb5,1156450200,55,wap.pala.com.cn/*
c4c5cca159d62d2cf45f381b931bab4d,1156451000,1,www.4008049009.com/lcjzt.html*
c5ac9c5c8ab6b08f70b074709a1f44ae,1156450300,51,kk.ukipbusinesstv.com/sln/*
c627d47b442c3214f3550bf6fced38b1,1156450800,3,bdcn.665816.com/*
c674e5ecb47e1258e64354385bc90e88,1156450200,1,syl.dgyw98.cn/1904/lkzj/wap/*
c9003c5eddcce05f2fb1a7b874099cfe,1156451100,1,bd-jp13y.ebingqilin.com/nc-s3-wap/*
cb8ebf0870aaa940a467d5f308e52bd3,1156440400,11,wap.pala.com.cn/*
cca7e2e62980ac7bca9a025b3d4f4bb8,1156440700,5,y.yzcfkj.org.cn/datang/wap/*
cd0448a98869802c58641f4a015545f3,1156440400,25,bd-dljp.cyxm01.cn/bd-xcjm-wap/*
cddd40a789ee4763912f9f76ecd2b422,1156450100,30,www.zhengxinfood.com/*
cf59fc02598f2e52c130400ad2bdf142,1156440100,29,bd-jp13y.ebingqilin.com/nc-s3-wap/*
d3a79ad20cb0fb9ed17154d75f3edc23,1156450800,1,tb.53kf.com/code/client/10155120/1*
d4c2ab91c31e68ba72f6a94d6d8403a5,1156430400,12,y.yzcfkj.org.cn/datang/wap/*
d4d5013d0faabac39fc2f3e97c332fa2,1156450800,1,tb.53kf.com/code/client/10155120/1*
d5737449a95af4743ba73e88d2604fb9,1156451000,7,bd-jp13y.ebingqilin.com/nc-s3-wap/*
d63849c9d9453b48f4f6329ee9526bc2,1156360400,15,bd-jp13y.ebingqilin.com/nc-s3-wap/*
d729998b6a51be8bd2b25db5f204ee0b,1156440800,26,bd-jp13y.ebingqilin.com/nc-s3-wap/*
d7e3a518e0e1889ed6e94dab26260ed4,1156440100,16,bd-czjp.sj56hb.com/bd-zx-wap/*
d8339a62946ae39c30b08be5074eb1f3,1156441700,1,tb.53kf.com/code/client/10140483/1*
db0557c0bb72e05970bbfebb1f1b5ab4,1156440900,3,bdcn.665816.com/kfa-wap-g/*
db9d36176d3541e51a700896bd791cdc,1156451200,8,bf.zsso2.com/qwjp/*
df2a9b575d3d07f1a53cd2b4586487eb,1156441900,1,bd-jp13y.ebingqilin.com/nc-s3-wap/*
e0446e0c40f6541dfaf96dfa5ac312fa,1156440400,2,kk.ukipbusinesstv.com/sln/*
e0c58b9c27ae5950205e6133f84dc1d7,1156460100,27,bd-jp13y.ebingqilin.com/nc-s3-wap/*
e2cea1e75fcb63046af951b01cbfa438,1156450300,54,wap.pala.com.cn/*
e65cbe92211baa738e95fa109acb6bc6,1156440100,2,bd.sjh989.cn/1902/fjn/*
ea21406a41706ce48a23066b6c1bbf2f,1156451200,4,bd-dljp.cyxm01.cn/bd-xcjm-wap/*
eaab1c9fdb1353702473b4487103f3f0,1156441300,37,bdcyb.bjmlml.net/mpm/wap2/*
ebf2d1c8dd3c6a39782c2b6ab82d3e6b,1156430600,28,bd-jp13y.ebingqilin.com/nc-s3-wap/*
edd71c712c68f8f093fe0311c9e58d62,1156510100,1,tb.53kf.com/code/client/10145386/1*
f0d3e10f841d77e2bd173283c8c7c54a,1156445200,11,y.yzcfkj.org.cn/datang/wap/*
f61a228c7184c8db500ba14a522daf89,1156450400,1,wap.pala.com.cn/*
f78fd4a5834f832e877f5133388ef870,1156500000,2,tb.53kf.com/code/client/10153001/1*
f7cee4dd263ceba37e55fb9a34ab8525,1156450100,31,zg1.zhongweicanyin.com/sycqxm/*
f8cf9e1ecbd74abbb5f29c2a2752a0fc,1156450100,4,bdcn.665816.com/*
f8f94bab789aaef23befdfaa146afa4a,1156450800,23,www.zhengxinfood.com/*
f979b91bce70a4adaddd4d15764d14a7,1156441900,4,bf.zsso2.com/qwjp/*
fa7adf5e9a42a789a0388e63f7c9d24f,1156450100,2,bdcn.665816.com/kfa-wap-g/*
fe24f268572839ee3c0b53f6316460ab,1156440100,3,bf.zsso2.com/qwjp/*
ff3a6c361209538a0d65ce43a5fb038d,1156341800,3,bd-jp13y.ebingqilin.com/nc-s3-wap/*
