00092d269973bb5748b20c8213f2d469,1156611000,40,m.shj.cn/*
00b20fd78dd89f6a4f846a148989ca3c,1156610400,1,m.zhuangku.com/xa/*
01671ec3c57d3df995e498fe4946a524,1156610200,13,www.xingtangzs.com/*
0175ad0bcb1bb69251a38111a298b04d,1156610600,5,m.xianqjf.com/*
01b6ee7eb32ce7e0a76e953ae08aef1d,1156610100,51,xa.zsmjia.com/*
02f70939dcb7c30b291f08bb862e4133,1156610100,4,www.xadmgzs.com/*
032f2b66b9e199800167ea4abb339362,1156610500,35,xa.bhjzs.com/*
0352045e03f78c7ff103c98abe83bf9e,1156611000,1,t.zpg268.com/*
0396c84e94e7394e0d4ca8a9a146ab92,1156610100,1,m.tobosu.com/*
04b6ad1d25aa81d858696f2628139279,1156620800,1,m.shj.cn/*
053d582f0ef3c76d1a85766b7f0031c1,1156610900,2,m.tobosu.com/*
05607a88826842b64953f3c8a164ba25,1156610100,15,xa.bhjzs.com/*
05662cdf083f2496e8938f6d060b5751,1156610100,47,www.zpg268.com/*
05f3a004f954ced3f08c028922d4fdeb,1156610400,48,m.xianqjf.com/*
05fecf22c0cc8d52d75f7e890a75a6f0,1156610100,148,xa.bhjzs.com/*
0621172d023714ff7d34de680a6a7250,1156610100,36,www.xadmgzs.com/*
0638993b253410cfbf43d9d6dad14f01,1156610800,7,m.xianqjf.com/*
06a55a5d4658abc09fb76615946c3406,1156610100,126,xa.bhjzs.com/*
06c177c25ec6c810903f88c52208e545,1156610100,1,m.jtljia.com/*
0733127b063619c0924a3435177f84d8,1156610100,28,m.xianqjf.com/*
073487a534f4059c2704d704b5c121e7,1156410400,34,www.xadmgzs.com/*
07853618f2ba1ea731ede23d2a2fd539,1156610400,1,m.tobosu.com/*
07a2c3df1250edd3edf4371119d0e790,1156610500,5,m.xianqjf.com/*
07eac98aedeab75b38e2c9205b77eef2,1156610900,1,m.tobosu.com/*
08213b31cdbe41fb55883555ebd3a6fa,1156610100,51,xa.zsmjia.com/*
0824c746ef5958ea80bfadc3ad740b09,1156610100,7,www.wuyouzhuang.com.cn/*
0860aeac217ec43085e331b9d8192e22,1156610100,51,m.xadmgzs.com/*
097b948120efdce5ba1a2096be049e5a,1156610600,2,m.tobosu.com/*
09828ca31d86f33d13a8c70435be6f73,1156610100,94,m.stmczs.com/*
09dd0dd0595575410d1d0f538831b202,1156611000,31,xa.bhjzs.com/*
0a6c9b50217a8d0aaccb4fd5029caaa2,1156610100,94,m.stmczs.com/*
0a9609ec79e51635be385139f802c35f,1156610100,7,m.zhuangku.com/xa/*
0ab69a682eafedf09283a5666f6e280c,1156610100,3,www.longfa.com/*
0b1891b341e159d6e507fccd21d34fc9,1156610100,50,www.zpg268.com/*
0b3913a40d93b988b18d6464dfce48ce,1156610100,2,m.tobosu.com/*
0b5b9b92e8f1eb6a87040470db6e393e,1156610800,41,www.xafsdz.cn/*
0bc1740a4d123f73f4f929ae18f29702,1156220100,15,www.xingtangjz.cn/wap/*
0be25a5cb8f357d42d691edad2338976,1156621000,76,m.shj.cn/*
0c34cbdaa724aa539743020228f65450,1156610800,44,m.xianqjf.com/*
0c575c0659ed16b0d7980849eb007536,1156610100,29,m.xianqjf.com/*
0c9e9bffed2625e38af94946b287777c,1156610300,1,m.tobosu.com/*
0cd8843a9b6d766e4c1fe851238cd09d,1156610700,1,m.tobosu.com/*
0d647558c384d9a6e6ea48074bb45f90,1156610400,23,xa.bhjzs.com/*
0d6d6ac4cdc468439df830c8a9a0d7aa,1156610100,140,xa.bhjzs.com/*
0d83134bc11f6c7997390d76708e13a2,1156610700,42,m.xianqjf.com/*
0e452f064205cf3e35c78e29fec83480,1156511700,46,m.xianqjf.com/*
0e4cf9374d66823e0894fa96e5a12b2a,1156610700,49,xa.m.dyrs.com.cn/*
0e706c6e0a8221526d3b916de923aea0,1156610100,3,m.shj.cn/*
0e81ff96482641050a433f471304d1a3,1156610100,23,www.sxjzzs.com.cn/*
0e9132f4716bf6ff4d1c56dac6ad515e,1156610500,49,m.xianqjf.com/*
0f7f965da2264769d5a495d13af5418a,1156610100,5,m.shj.cn/*
0fb4befb9102ada9b48d628c1acd7b3a,1156610100,18,www.xingtangzs.com/*
0fbb1663dfa227248451f82975a24209,1156610800,1,m.tobosu.com/*
0fd2ea663cedb6b99d685b972bb1ca37,1156610300,49,m.xianqjf.com/*
105800449c68b6898e2b66bbc83de3f2,1156610100,1,m.tobosu.com/*
105a3bef316624b09e7655af23b656c3,1156610100,1,m.xianqjf.com/*
10c4180951b68487bad650176a44110b,1156610800,3,m.shj.cn/*
10d56f79185d67b9cd26e77586a3ebcb,1156610500,108,m.stmczs.com/*
10d7d9c83bafde8df391b0c3428dec54,1156610500,43,m.xianqjf.com/*
10f3b25175b22477b2c61181eea161fa,1156610100,35,m.xianqjf.com/*
110dfa9f70b58c5f89dcd9c4c5eda338,1156610300,1,m.ijuzhong.com/*
11195e7442dc52024f3c26ee8690ae54,1156610300,7,xa.bhjzs.com/*
1165f4228ba6e6a019d8444f1bd84428,1156150800,49,xa.bhjzs.com/*
11916968f9145d9f7dc11c6c844545cb,1156610100,48,m.xianqjf.com/*
11c22af8fbf6d5e0249c14103572ebda,1156410800,1,m.zhuangku.com/xa/*
11e339f8b5b090df544bb0e0ef044989,1156610300,59,www.xingtangzs.com/*
120acbe94bda1c496a8c0470f5fbff2e,1156610100,43,m.xianqjf.com/*
128debf338971dd663f4b18fd57a6aed,1156610100,155,m.xadmgzs.com/*
13127ffd68f531bcd03704e7d973c2e3,1156610100,35,m.xianqjf.com/*
1340136069adf4db21faae7eba58fbcd,1156610100,13,m.shj.cn/*
1343e5bc8ad9c71c929193c67275c939,1156610100,7,xa.bhjzs.com/*
134afa5f0d7fdd8b8ad1debaee0c3c45,1156610100,8,www.xingtangzs.com/*
135025910e3143e37670db90db1b07c4,1156610100,45,www.zpg268.com/*
13a9047027916dffcb3f28b5e53edefd,1156610100,80,m.xianqjf.com/*
13b54542a99592540861d262908150ee,1156650100,1,m.zhuangku.com/xa/*
143033b99b8e014b5e12ab18d83de410,1156610600,22,www.sxjzzs.com.cn/*
145021225e0aa36c1ceb364784bde911,1156610100,1,www.zpg268.com/*
145ae2cf97e903bbee42ccbd4b410125,1156610400,49,www.zpg268.com/*
147c7f0fad26e1d36ac3e77d26020502,1156610700,1,m.tobosu.com/*
1487f8ea2458d8765f33a99d4830358f,1156610100,2,m.shj.cn/*
14bb24d5e6e24880726b41371bfe531f,1156610100,22,www.xingtangzs.com/*
14cd721c856376773ef8aa9f44161e14,1156610100,4,m.shj.cn/*
14e15d2b2ef73250b5b7020b5f3c6450,1156610100,145,xa.bhjzs.com/*
151327a2215e4a966dde60e92aba3752,1156610100,39,m.stmczs.com/*
15ad3a331f3a78d49dfe564931be6d20,1156610500,132,www.zpg268.com/*
15c41e692bf9c2bb1e68c6d3962e94a8,1156610100,22,www.xingtangjz.cn/wap/*
15c78fde9cd078797b1ccb65aa8d6dfa,1156610100,4,xa.m.dyrs.com.cn/*
163212c6a0425794571cd55df76d93ad,1156610100,115,xa.bhjzs.com/*
163ed607dbcf51f02df93516152ddb53,1156610100,133,xa.bhjzs.com/*
165fecc46f92f82bc883c76688aff15a,1156610500,2,t.zpg268.com/*
16678c4db59c781be2cfa6a596b60471,1156350100,218,www.xaltzs.com/*
1679930ac77869d2ae2651132d73953e,1156610500,15,www.sxjzzs.com.cn/*
168c3ee35ef1a980d5bb3118ee8571a2,1156610100,38,m.xianqjf.com/*
171187e0c3369180c5e648c93285a386,1156610100,39,m.xianqjf.com/*
17607f0147c8a9f8242a46c29fa91498,1156610700,41,m.xianqjf.com/*
17a40b4b97c0a34e7cb5cdd35aa2ce31,1156610100,49,www.zpg268.com/*
18d3483f29ce0de6b58451d938c72b86,1156610700,50,xa.zsmjia.com/*
192da0460983b324653e2e4deadbf90f,1156610100,50,www.zpg268.com/*
1978b4e8fe13aba6e8ef30023d2e455c,1156610100,5,m.shj.cn/*
199bd29841cb9ea0b6f644a58b69f29f,1156610900,1,m.shj.cn/*
199dacf7e764d442dba4ef5c8f79d9f9,1156610800,1,m.tobosu.com/*
19d5055852b109002672c4b5696b8fe7,1156610100,22,www.xingtangjz.cn/wap/*
19fcd39137cddeee2cfb02430cac7e76,1156610100,34,www.xingtangzs.com/*
1a2137353b77facbf73c46f59c856f56,1156610200,3,xa.bhjzs.com/*
1a33ffbb3f374edcdbe9fcb6a0f86061,1156610100,49,m.xianqjf.com/*
1ac2372a0e30e195d8fcec175e599608,1156610100,2,m.shj.cn/*
1b5656927b6a65f32cbb186b6455c67c,1156610100,60,xa.bhjzs.com/*
1b96da3d3e6b9f9491e429f4ac389e85,1156610400,2,m.tobosu.com/*
1ba678db8b0c3bfa527a96fa8f484d72,1156610300,12,m.zpg268.com/*
1baee7b3f103946ae89f2c3869f889d9,1156610100,2,m.shj.cn/*
1c30a4c733ce453101a543dd4630d450,1156610100,44,m.xianqjf.com/*
1c34da205a269fba50bfba3705a117f7,1156610300,1,m.tobosu.com/*
1c389e8fc7fe5cf0c90dbde487b9396c,1156610100,78,xa.bhjzs.com/*
1c8b651245ffdfe1b99cf7eb22d4bbb0,1156610500,23,m.stmczs.com/*
1c975b879daf4ec6b5f70ca9ccc3f001,1156610600,7,m.xianqjf.com/*
1ca94cb37dd766de99e5c0820a707796,1156610100,49,m.xianqjf.com/*
1cc9962bec5fcf0275ee9f07ca201ddb,1156420200,1,m.stmczs.com/*
1d21edc763bc287a0d8f85d5e32b6973,1156610100,49,m.xianqjf.com/*
1e0ddde61b4786e1d89092f60cac8061,1156610100,1,m.stmczs.com/*
1e196dfde73bf55f1752ecc84008b4cc,1156610100,1,m.tobosu.com/*
1e7b2d00ab99336043ef6c40a05f4f5b,1156610100,48,m.xianqjf.com/*
1e8ef712e1248b50bc096828b6f3bc0f,1156610100,47,m.xianqjf.com/*
1ee00f0dac41c4cf93bdf49340d6dbd6,1156610100,18,www.xingtangsj.com/*
1f119354bfd171325ec963a8d82e7a9a,1156610300,22,www.xadmgzs.com/*
1f5d3e62fac264aa2a2e3ba858eb9ed8,1156610500,49,www.xingtangzs.com/*
1fb75e61c40e28c4e792499f757dbbe5,1156610600,1,m.tobosu.com/*
201e8ef7925cf3e8d7c464f74b662338,1156610100,32,m.stmczs.com/*
207090ddf5845a7c811fdcb232fe4288,1156610100,1,m.tobosu.com/*
208d22bd6cd40db9f8c8b842056c641f,1156610600,34,www.xadmgzs.com/*
209f156d9c4ff94e672674fabbaee283,1156610100,50,www.zpg268.com/*
213faac27ec2627816c88bcaccc4886e,1156610900,1,m.tobosu.com/*
2141649cf9ff0d469537eebda14a4182,1156610100,53,m.xianqjf.com/*
216214500460513ccbc7e5dc057e18ec,1156610100,17,t.zpg268.com/*
21647c62a468b231622a4f798d247f46,1156511900,2,m.tobosu.com/*
21769d0e686783d62ebdde151c4b670c,1156610300,39,m.xianqjf.com/*
21bf5e66121ee26575068b2e9432740c,1156610100,2,m.tobosu.com/*
21e495a2390a51614004d4c03ecfbb17,1156610500,143,www.jczs-china.com/*
220f02b0c313ff3fcb5d9424b42b6d97,1156610400,18,xa.bhjzs.com/*
2272d5aa9549a265e60f3a81145b6016,1156610900,1,m.tobosu.com/*
227603014da6ee678a06e64168cffb26,1156610100,123,xa.bhjzs.com/*
229031112c57751ce65288966c83689d,1156610100,1,xa.m.dyrs.com.cn/*
229e5f24eb567d3966825fed854e12c3,1156610700,38,m.xianqjf.com/*
22b0e9123d31ece5d5545e0f28cc2c3a,1156610900,1,m.tobosu.com/*
22bc903404c39f55cbd3279aeff65614,1156610100,107,xa.zsmjia.com/*
22e7deb2dae6d62c87ff204778958a25,1156610100,11,t.zpg268.com/*
233a7ffdd1ddea521893cf2150be47e3,1156610100,1,m.tobosu.com/*
23857c75ff098efd894513d354f14446,1156610100,2,m.zpg268.com/*
23a20a36fa74da53f2c29e0ba4ce585c,1156610600,14,xa.bhjzs.com/*
23ce27794fced41a049e768fa6cd159a,1156610600,2,m.tobosu.com/*
23e9435632b98bcfbd598c2412c5d205,1156610100,35,www.xadmgzs.com/*
24475b33f5816d5115e24f29c9f26e36,1156611000,12,www.xingtangjz.cn/wap/*
2466a7a9cf718b771a63965dcafe74d8,1156411600,21,t.zpg268.com/*
2473da48e6b7d9bd4678d7952a6c3033,1156610500,1,m.tobosu.com/*
25eb401c563aebf696f1b3af63ff81d4,1156610100,36,www.zpg268.com/*
264311e1769eea5b3fd43e3c997135f8,1156610800,49,m.xianqjf.com/*
267522947de0610973815d317dc2813d,1156610100,14,m.zhuangku.com/xa/*
26b9991056ec8c2500a2c77a966bdb55,1156611000,2,m.stmczs.com/*
2710f1a4af776fa6e9093215a3424801,1156610100,51,m.xianqjf.com/*
27e58a5cfa8e1a28a3decb7f1c68ae1e,1156610100,34,www.xadmgzs.com/*
281b1d61aecd3ac0d70903c9b0fb3309,1156610800,27,xa.bhjzs.com/*
28b0fcc2ae9bf34c4c4931b31f166572,1156620100,2,m.tobosu.com/*
28ef70f516c74d53a1f38fd6a43e0b7d,1156610100,37,m.stmczs.com/*
2918fcdd57cabef6a90ffd3cf65d7539,1156611000,1,m.tobosu.com/*
29388db806787a8443b9cbeffdc8aeac,1156610400,5,m.shj.cn/*
2938aa662acde8c03d9bf32bd7af9fcb,1156610800,1,m.shj.cn/*
294d9bd79686c595d4a614bbb7552a79,1156610400,28,www.xafsdz.cn/*
296993dec8a898743dfebc7db1f96170,1156610500,1,m.tobosu.com/*
29f94fb46bb62de1de7e2747de266478,1156610500,49,m.xianqjf.com/*
29fd72b47ac76cf3bd326ee6508fa02f,1156610100,29,www.xadmgzs.com/*
29fdc47ed258b3666b0ea35a6e3d5889,1156610100,41,m.xianqjf.com/*
2acc0ccc0511091cc6e84949da3bbed9,1156610100,30,m.stmczs.com/*
2b75a309c7a1adda5a87391660fab335,1156610700,2,m.shj.cn/*
2b7e52001df4c23606e003433b1eadf4,1156610500,1,m.tobosu.com/*
2baff85b863db45c59b3e158b667e92b,1156610900,50,www.zpg268.com/*
2bb6eb88ce401c40ba717780e4776599,1156610100,1,t.zpg268.com/*
2bca6b53cc049699670229ef9ef2bcba,1156610100,9,m.zpg268.com/*
2bdee1eac9860fcae74111a2585fd05d,1156610900,1,m.jtljia.com/*
2be3335964d41b5583cdbbaa08f72dae,1156610700,37,www.xadmgzs.com/*
2c284bd8f520254cdbdceeae9b70dba5,1156610100,136,xa.bhjzs.com/*
2c4ffd5df5d40826c2676331b66294c7,1156610400,24,xa.bhjzs.com/*
2c9ae597174152e2e492b5c7e5d7b8d0,1156610400,4,m.shj.cn/*
2cd0cfc1ee35c7ce82321521b159be14,1156610100,4,m.shj.cn/*
2cd44267723c5e2016da0b89cba3b225,1156610100,1,m.tobosu.com/*
2d0ec49ab39a44daee5b483a07f446e5,1156610100,1,www.zhsmhome.com/*
2d1e4741e7e23eb6c3facd2488583d41,1156610100,56,m.xianqjf.com/*
2d2288d8ba16b313d787a40e55e658ad,1156610300,62,www.xingtangzs.com/*
2d46aeeb3be65a01a60d7c0df374738d,1156610500,11,t.zpg268.com/*
2d4a2e6f52c8cb7ffcc12bbeded24dcc,1156610900,1,m.tobosu.com/*
2dc81ca403f504a56f56075f3a8a5c95,1156610800,65,m.stmczs.com/*
2e1436afc36a37ecd75d7033578781c4,1156610800,118,xa.bhjzs.com/*
2e276daa216f4078ddf811457197606d,1156621000,113,m.stmczs.com/*
2e504476452ce8f0d680f77e534def12,1156610100,1,m.shj.cn/*
2e978565253ebc8d4f8f310a20439bfb,1156610100,49,m.xianqjf.com/*
2e9ef4c62f09d74532e717386f4ab33d,1156610100,48,m.xianqjf.com/*
2ec6541bace38bf609165cdae47f28f1,1156610100,152,xa.bhjzs.com/*
2ee539079a8c46e9c7902981ba5498ac,1156610100,5,xa.bhjzs.com/*
2f1f5d019227d0a01646db4acf72c327,1156610100,24,www.xadmgzs.com/*
30712526d01f60dafbd7b706d66621b2,1156611000,1,m.stmczs.com/*
30a5ff6ea6c5452b9984f57aba1686ad,1156610100,1,m.tobosu.com/*
30b0b62fe99081aedd6e4c8c2d60143c,1156610400,68,www.zpg268.com/*
30e7ab8c33ba2dded050e5f3c34322c9,1156610200,12,www.xingtangzs.com/*
31020d07e949272720770141baf1e6f4,1156610900,1,m.tobosu.com/*
3134e2010c29e230da977c21116ce832,1156610100,6,m.qiaozhuangjia.com/*
31501422c8a5a84ed3cd8750cf160805,1156610100,2,www.zhsmhome.com/*
324f3a08ab1a8676b76e424204a73091,1156654300,60,www.sxjzzs.com.cn/*
3282b726261c6295bd54e270574444c4,1156610100,69,www.xingtangsj.com/*
32f05ab87ef1d73060e9d138cdd72bc1,1156610100,1,m.tobosu.com/*
3337612a066d87ba2cd4b20155457c39,1156610400,2,m.tobosu.com/*
33436e705813d961bac6b2acacc3f6b6,1156610800,2,m.tobosu.com/*
33e5c3a732c50d875d96d1d9a73536f5,1156610400,4,m.zhuangku.com/xa/*
34221b8309e9ae56116984f8525bfd8c,1156610500,49,m.xianqjf.com/*
34ac2053072b32812e31e172bb6795b6,1156610100,10,www.longfa.com/*
3546e3d355053f52ff9161c0a3620292,1156610500,36,www.xadmgzs.com/*
3565302cc08745c733383b86ddb00490,1156610100,242,www.sxhbn.com/wap/*
35a359e5e4594eea3ff5189091cb5699,1156610600,16,xa.bhjzs.com/*
35b82232dac2429f70ce1e748b5b3b43,1156610100,5,xa.yzf.com.cn/*
36d401b94da83bdac384da2502010ba4,1156610100,5,m.shj.cn/*
373557570110583c45038043961e0d6f,1156610100,5,xa.zsmjia.com/*
379b0611fda8e74bec67a272a5de6294,1156610100,59,m.stmczs.com/*
37b9fbe9f52285392d8d5292b5cfe6a4,1156610500,48,m.xianqjf.com/*
3802dba1115ea60033ae3ea3c48b53ce,1156152900,1,m.tobosu.com/*
384491f034fd7e6695083c4ae516460e,1156610100,1,m.tobosu.com/*
3880ff827c1a5a0e63f43fccba98e334,1156610100,33,www.xadmgzs.com/*
38a8cb0dfcecd1fa1a860af5a66c6471,1156610100,35,m.xianqjf.com/*
38ae81b1592a9bbfde46750c38741b6b,1156610500,2,m.tobosu.com/*
3909dfbeb6d35d0bdd5590564b37f804,1156340800,5,m.qiaozhuangjia.com/*
395de19f47be9b8215a3f6f91549c1d9,1156611000,7,m.xianqjf.com/*
397114f7cf8a012c0e529c50879c9d58,1156610300,49,m.xianqjf.com/*
39942835df28842efb964f47f7cbf466,1156610100,1,m.zhuangku.com/xa/*
39dab3299840c2f505941bbc8afce2ed,1156610100,4,m.qiaozhuangjia.com/*
39ec9fee11815c162f064e05bee0deb4,1156610800,79,xa.bhjzs.com/*
3a07e04ec0a921ae505f633e0d303dd0,1156620500,17,www.xingtangsj.com/*
3a85d82225036ddd1dcc56802129e818,1156610300,1,m.tobosu.com/*
3b2e7f4e35419d3617be37c0a2f80ae7,1156611000,93,xa.bhjzs.com/*
3bfe6bea5e1066d59866a4e9ecd07814,1156610100,2,m.shj.cn/*
3c5cf30ec10ea4de74ee6ef6626e99c5,1156610100,3,m.xianqjf.com/*
3c75e01fb0b6ee68cb3eaf73ea999d44,1156610400,7,www.xingtangzs.com/*
3ca41126da5a306ff71297715ae36fb0,1156610100,38,m.stmczs.com/*
3cfbec6e50168d7fed7596726b57dd76,1156610200,132,xa.bhjzs.com/*
3d454ec3adc742023e0a02d33266293b,1156330100,1,m.tobosu.com/*
3e07fb6527223727eff85ec19fcdcb97,1156610100,89,m.stmczs.com/*
3e78bf43dadb12b8686a3fa40124c7dc,1156611000,11,www.xadmgzs.com/*
3f7f27a347414b6cbfdacacc3aa3c235,1156610800,2,www.zpg268.com/*
3f8ac536bf0eb7a57f519d98329af39b,1156610700,1,m.tobosu.com/*
3fa1c0f279bd36682e3e944fa9ac8d03,1156610100,129,m.gexinguoji.com/*
3fd649a3100c1c0cce7bd0edb1a51138,1156610100,1,m.tobosu.com/*
3fd8f5ebc192dba72f6071de65996211,1156610100,43,www.xadmgzs.com/*
3ffcd76b8e52a16f0a1e3a82cd964b35,1156610900,3,xa.m.dyrs.com.cn/*
401dae11fd01ad6f47809ea87bb6a5bc,1156610100,43,m.xianqjf.com/*
40757731bf4359c5d251ccddb77fa96b,1156610900,23,www.sxjzzs.com.cn/*
40760d35ee02f629face81388397d591,1156610800,10,m.zpg268.com/*
40796ec41daf19cb5d5a0a51c72234d7,1156610100,4,www.liangjianzs.com/*
40b7b79c3540414795ca4252733080a1,1156610100,6,xa.m.dyrs.com.cn/*
4121cdfa45fa50ac01c45393e8c99b32,1156610100,43,m.xianqjf.com/*
4159d57749e9c2bd7bbcab1474402262,1156610800,1,m.shj.cn/*
4174d33ef16a1cb7b8e1f7999b37c085,1156610100,11,m.gexinguoji.com/*
418b6104bc96531c122e987dbf528ef8,1156610100,85,m.xianqjf.com/*
41cfca6cca81eb1ed38dfda3501a6712,1156610100,3,m.shj.cn/*
41e7663c957b0cfa1337703c41a2a54f,1156610900,1,m.yzf.com.cn/*
41ed26e254e645709818011af26004dc,1156520100,41,xa.bhjzs.com/*
425ea4402ddd879b58b9d5abc21affd9,1156610300,1,m.tobosu.com/*
42b934a05d6d7d63b6d66d2c7a4e58f3,1156610100,6,www.xingtangzs.com/*
42f2af38b43f482b58a04eda90091cb0,1156610100,1,xa.m.dyrs.com.cn/*
431c0ddcc305b59bc3cebd6c5dc4aa42,1156610200,91,www.zpg268.com/*
43302a53e06710e70c8cdc6db20ecc97,1156610400,6,m.zhuangku.com/xa/*
43489c37f0355b413d8d3e279db4543e,1156610100,51,xa.zsmjia.com/*
43665b82d97b72511cdf04d8de9587a5,1156610100,17,xa.bhjzs.com/*
4382e52279dc36b37fde9b7d9586acd0,1156610500,4,m.xianqjf.com/*
43aba862c6e6dfdd6676b2c2a5b7b1ec,1156430700,20,m.shj.cn/*
43b3aa8e24066a97f9a436c4bcba020c,1156140100,1,m.zhuangku.com/xa/*
43dab785952205286b6729abcf763f2c,1156610100,3,m.shj.cn/*
448a7666e797d8138c895a66518a9863,1156610900,12,www.xingtangjz.cn/wap/*
451a09b16869f80c0242e60b0c810d40,1156610500,33,xa.bhjzs.com/*
4544ed76598b7f186797f6ebcfec1d3e,1156610800,5,m.gexinguoji.com/*
455d086a58b89284273c601f8d06c37e,1156610700,1,m.jtljia.com/*
45b9769635027a3815b6b4aa8093a704,1156610100,45,m.xianqjf.com/*
45d8c410089ef78f615b4f38e613bbff,1156610100,37,www.xadmgzs.com/*
464977646bcd4cd46a3a934724f931f7,1156421500,1,m.zhuangku.com/xa/*
4683e0d0f1fd119222fcfcfed99e5d2b,1156610100,47,m.xianqjf.com/*
46d1d7261907958f078a9b9d3b448226,1156610500,54,xa.bhjzs.com/*
46fa1d53c4164f3ed8f8b759e17c8d09,1156610400,3,m.xianqjf.com/*
47b47951f866743b442993a971352dda,1156610100,1,m.zhuangku.com/xa/*
4817147868da6f2569601226df2674f4,1156610100,41,xa.zsmjia.com/*
48b23883f3842ab711756340457c66d1,1156411700,1,m.tobosu.com/*
4904254655f0d84e4ac31a79f692fc1b,1156610300,42,m.xianqjf.com/*
4971e2b7f4ca79016e6cb6ac979dc391,1156610400,31,m.stmczs.com/*
49dcdd8848834d99350eca04151538df,1156610500,82,xa.bhjzs.com/*
49e3f7b904428104b1ed3c7ae03247e3,1156610300,4,m.ijuzhong.com/*
4acbb82dbe3846e3912a4816a3db4f3b,1156610400,48,m.xianqjf.com/*
4b08d31aedd691e19acbb60f65eeeb0f,1156610300,39,www.sxjzzs.com.cn/*
4b237374e80f06c2ff18b48dbd5e2151,1156610100,1,m.tobosu.com/*
4b43a39a93658b8b1fe4b7bf1abca806,1156610800,37,www.xadmgzs.com/*
4b60fab62261d517d3a93d1117a3b095,1156610900,1,m.tobosu.com/*
4b84feaa10800b519fd960c76193efac,1156610100,1,m.xianqjf.com/*
4c6a7c666e0dcaa2e2ee790e4b604d71,1156610800,97,www.xabqzsgs.com/*
4cc87ce6f58cf54f497f147474f48f84,1156610100,3,m.shj.cn/*
4d1af7cf29b367d8db47303e6560f56b,1156610800,1,m.tobosu.com/*
4d1ebdd801dd6361b2bd234190d1897c,1156611000,35,xa.bhjzs.com/*
4d6a4e090dc4438f41abf82a798996f6,1156610300,17,www.yuehaogw.com/*
4da73e5f17705f667142fdae64c8af03,1156610900,4,m.xianqjf.com/*
4dd7fb0a8ce19f538dba2bed9061e04b,1156610100,1,m.shj.cn/*
4df0ee7fb3b04d3d3e4ec00d1918f888,1156610100,15,t.zpg268.com/*
4e6836f241e3909bf4d976b5a7474da0,1156610100,1,xa.yzf.com.cn/*
4e74edcfbbedc59abc776543e51308da,1156610400,36,www.xadmgzs.com/*
4f188074b8be2b2df06b48c4dcd56ecd,1156610100,38,www.xingtangsj.com/*
4f51bd3a994a47b8f1856baf17142b40,1156610100,80,xa.bhjzs.com/*
4fc1650042d6f31abb1877597fe94a9d,1156610100,3,xa.bhjzs.com/*
4fd3a6cfc208edb1bed737e7f9353ba2,1156610100,7,xa.bhjzs.com/*
50b2876af03167183f4f638a7bb3e17d,1156610100,80,xa.zsmjia.com/*
510907fde13d07af069af82a3915fb05,1156610800,2,m.shj.cn/*
5130819bd107bb824e76bfeaddbf7855,1156610100,102,m.stmczs.com/*
5163d4b5ace109a77d94c34cdefe7c52,1156610100,29,www.xingtangsj.com/*
51e0b48d52d9da8e2e06d678962f1556,1156610100,50,www.zpg268.com/*
52bd219a690c1bb0bfe3b2ece2d197f9,1156610500,3,xa.m.dyrs.com.cn/*
532bfb1aba3ecc1bf8723ac2bda818c9,1156610100,11,www.wuyouzhuang.com.cn/*
53626fef00d890cbe2dcb3f0b17aa27f,1156411000,1,m.tobosu.com/*
5381f94aadc2ed879a45b723fdd1eefd,1156610400,1,m.tobosu.com/*
539a9b8da59366edb0d95697a6885bc4,1156610100,44,m.xianqjf.com/*
545a8199803b11d48d53f2955c5b69ca,1156610500,131,xa.bhjzs.com/*
547c64a741e8e36e2580ce2a4ac27e3c,1156610100,35,xa.bhjzs.com/*
54978d8235369eac874665188811549b,1156610100,28,www.xadmgzs.com/*
54da60d94932ad35166da61be8f5a070,1156610100,28,m.qiaozhuangjia.com/*
551bc804adf455fd90a7d147fb9e1e86,1156610100,44,m.xianqjf.com/*
55892c4400ad0afc3aa20c6de6e4921c,1156610300,125,xa.bhjzs.com/*
55a27aa08744a09dc04a1fc2e43fc05c,1156610400,4,www.xingtangzs.com/*
55c3d335808834deaf41af8e0675d14a,1156611000,2,m.shj.cn/*
55c776eb408a2a75dff1a0b8d88ddcda,1156611000,99,xa.zsmjia.com/*
563a2780ccb2036ca1c3a68aab59c6ae,1156610700,1,m.shj.cn/*
5675ce5e5e9f35b75a1f0b462b10e7ec,1156610500,50,www.zpg268.com/*
571637e0e6afc9274a92769e577d1554,1156610100,38,www.xingtangsj.com/*
5716ef3be8a3502335466a8df78ce867,1156610300,1,m.zhuangku.com/xa/*
5740019ed7421608947763da84f87770,1156610500,35,www.xadmgzs.com/*
579a92741a9461c93efebf7cf94d0dad,1156610700,54,www.zpg268.com/*
57a5b79888d82942ce0982660abc0b8c,1156610300,14,m.zpg268.com/*
57c2b7d2d80048366ffd13c7dde25a79,1156610100,5,xa.bhjzs.com/*
57f36774f13201690a33f7ac21d7ccb4,1156610100,1,xa.bhjzs.com/*
5806383085712a8ebb029df225ca7888,1156610100,5,m.shj.cn/*
5a71e509f03e7ea059114e3a63923904,1156620100,1,xa.bhjzs.com/*
5a7c8a645a09eabf77a13d69245aa9ae,1156610800,53,m.xianqjf.com/*
5c1a831a8bb675c259be9f9b9ae96c26,1156610400,50,m.xianqjf.com/*
5c270b9debadd8bf02d70f7a6fe7910a,1156610100,49,m.xianqjf.com/*
5cd8e788dd43816863610c2621a46d0c,1156610100,7,xa.bhjzs.com/*
5cfe46b5b7df561f8d05803ef45a5bc6,1156610500,49,m.xianqjf.com/*
5d666b456d5e4546de4c801a00fbfedf,1156610100,1,xa.zsmjia.com/*
5dc8cbae8d68947ea490889cb28f8180,1156610300,4,xa.m.dyrs.com.cn/*
5df2bd269ba656232b29b9d69c02dc14,1156610700,155,m.stmczs.com/*
5df641149ec0efb80f6425ca6516ac52,1156610100,37,m.xianqjf.com/*
5e9436c8d7ba1e71638135a16f4ea65b,1156610400,49,m.xianqjf.com/*
5ea6b97c5e1e4e546d0e4a6e32b88d99,1156610100,56,www.xafsdz.cn/*
5eff688df24b6f5fb6c9ec7d69fda04a,1156610100,1,m.shj.cn/*
5f2277062e4fdc87e65b3d65afa5f131,1156610100,3,t.zpg268.com/*
5f322c063724be259b5756e3c3e7d9fd,1156610100,2,xa.yzf.com.cn/*
5fe6b5b7ed0c64e57abbd1fdc17fc316,1156610100,45,m.xianqjf.com/*
60fd0585b2c5bd749fa1b157cac3c4bc,1156610700,49,m.xianqjf.com/*
6152df51990421144322453b8bddaae3,1156610600,1,m.shj.cn/*
616890ba0fe868c9486ca38142824a3e,1156610400,51,m.xianqjf.com/*
617a2e40af2d129201635db5d0370487,1156610500,37,www.xadmgzs.com/*
61812764cd685dbdceedd6ee14078345,1156610900,1,m.tobosu.com/*
61a4b4a27c7d4d78d34c4d14ec80fc25,1156610400,56,m.xianqjf.com/*
61afbf680d7f039e662df9ebe4e43e7a,1156511900,4,xa.bhjzs.com/*
61fdd9bf4f52fd9cb74e92983b3c2b0f,1156510100,1,m.stmczs.com/*
625da9f42f8f9c916fc3d7c9bd580473,1156610100,1,www.sijizs.com/*
6271f23e6918f2ae83a83f037ca19fd3,1156610100,31,m.xianqjf.com/*
628a56d055318feb3a88a8bc5d762f2f,1156610100,1,m.tobosu.com/*
632ef5fc912a73af77141a8b1d023ec6,1156610700,12,xa.bhjzs.com/*
63303187d3d9dc89d6f3fd9e882532ac,1156610100,49,m.xianqjf.com/*
633359d66ce3c9bcd92a601340a6ceb2,1156610100,3,xa.m.dyrs.com.cn/*
6351bdb5283ea51692f2e41b7cc0617f,1156610500,49,m.xianqjf.com/*
6465e766172e60f5fd3bbc356455bd68,1156610200,1,m.tobosu.com/*
6496f9c50a5350f6c90b42cecf25662e,1156610400,40,xa.bhjzs.com/*
65a82f764884a3b1323819b303556b1d,1156610100,1,m.shj.cn/*
65af45cc92024e5b2cc98d6b959aecf3,1156610100,2,m.tobosu.com/*
65c0bb11a79637bc40fd565797c60881,1156610700,6,www.longfa.com/*
66317832627956d29238b2cea6677f87,1156610100,3,m.zhuangku.com/xa/*
663fafe66fdb66b30c30a4ad07a07c36,1156610600,56,m.stmczs.com/*
666453b286211374f244c122564ba0e7,1156610100,49,m.xianqjf.com/*
6680bb85f870e442e14ee5ed135b6955,1156610100,151,m.zhuangku.com/xa/*
66f7eff937e8c1df8e5075cc9957abcb,1156610100,1,m.shj.cn/*
6776391057be5bd545f1b6af657def16,1156610500,62,www.sxlongcheng.com/*
67830651851f6debd2c0f20ffad08065,1156610100,1,www.jczs-china.com/*
678daa856d3760458bad01aac36bb89f,1156610800,1,m.tobosu.com/*
682e4a6fccf298c177d8698dcd0a369a,1156610700,16,m.xianqjf.com/*
685086aba61b6c2559352928e9442f02,1156610100,1,m.tobosu.com/*
68cecb3db2b5566131791de756e8a8a9,1156610400,24,www.xingtangzs.com/*
69737213c42640afb07c9cb6ac3be0c5,1156610100,38,xa.bhjzs.com/*
69a1a720ad8d4d8c2feb96aeb1f8c24e,1156610700,5,m.shj.cn/*
6a1d29a355538258b680ab9304c77ff0,1156441900,1,m.tobosu.com/*
6a1f465f7ab9abb75c7bf91a2ac53a51,1156610400,136,m.stmczs.com/*
6abae13b4320784730a822ecbc30a2ed,1156611000,1,m.tobosu.com/*
6abf3e0573ac3f5f31a72d40e24522c2,1156610100,1,www.xacsrj.com.cn/*
6ad8899a8fcc52441870a9c8871436a1,1156610900,13,www.xingtangjz.cn/wap/*
6ad978b44ea1e9f65c5fb05b3bdee315,1156611000,36,www.xadmgzs.com/*
6b8aa3b4e32678173a0498486550f502,1156610500,50,www.zpg268.com/*
6bbc382df7ad340a9adb8edef94259f1,1156610800,2,m.tobosu.com/*
6bbe65cc690756b656f75571b42a89a7,1156610600,1,xa.m.sumeihome.com/*
6bd06a0014687cb1bc09cd02055bfe51,1156321300,1,xa.bhjzs.com/*
6bd1c9583a915d4e76686b8c6a87e2b3,1156610100,1,m.shj.cn/*
6bde5b740673cfba772888d9002fdb6c,1156610100,53,www.sxjzzs.com.cn/*
6c3d9fea878fed2ac5abb58b42c5569c,1156610500,43,m.xianqjf.com/*
6c638b89c004a85eec9cac776dc3c0f4,1156610100,2,m.tobosu.com/*
6c91c86efe986f0b0d64cb496f69da5f,1156610500,136,www.zpg268.com/*
6ca686010e0ae264f059453f6f0b07aa,1156611000,41,xa.bhjzs.com/*
6cbd9b3318c47b4db4dc3893aa4bcf21,1156410100,134,www.zpg268.com/*
6d04850fbd1269b382fb8f06b4013bb1,1156610100,45,m.xianqjf.com/*
6d28dad7a1935d6499aad007eb646739,1156610800,41,m.xianqjf.com/*
6d6b6ec84c429390843ed64be91b69a2,1156610100,16,www.xingtangsj.com/*
6dbc39d4002f23f1c1dcc1ff84ce9c37,1156610100,1,www.xingtangsj.com/*
6dc666cc0ebf369b1dc5f27582454b98,1156610600,37,m.stmczs.com/*
6f8db6e929c2c7d366fde092ed74e2ed,1156610100,3,m.shj.cn/*
6f99005680acbfd0c654a10c6226e9bb,1156610100,34,www.xadmgzs.com/*
6fa05b4f6570ab6cef9954891c18ef90,1156610100,1,m.tobosu.com/*
6fdaa1d987df674d788c44f6c3572fd7,1156610100,48,m.xianqjf.com/*
700e16814440d9085314235dc310bfdf,1156610500,1,m.tobosu.com/*
705903eb6071f80e7d943df2dcf28cb3,1156610500,1,m.tobosu.com/*
705e83521c0e61b1c0806dbe284f7415,1156610500,1,xa.m.dyrs.com.cn/*
713d101eb556f0721c837bfca3933cf1,1156610100,63,xa.zsmjia.com/*
718a906db411d27c9a423bff9a02001c,1156610500,16,www.xingtangzs.com/*
719b0b69a083384265838b713b69a136,1156610100,69,t.zpg268.com/*
71bd67868c7bfb6b9f314a809313e974,1156610300,1,xa.bhjzs.com/*
7223247f8b6c088dffdadf7064e4ea29,1156610400,28,t.zpg268.com/*
7250c19e405aa326c12c724d3a393dfe,1156610900,1,m.tobosu.com/*
72b48e189e6c25adea03228c62200466,1156610100,26,t.zpg268.com/*
72ed765b87079eae7cbe2cf0a1cd4813,1156610100,47,m.xianqjf.com/*
72ef999f16fdc97c427431bcd0b55896,1156610100,1,m.zpg268.com/*
733aff16dd322a094119bdb9e78db1cf,1156610500,2,m.shj.cn/*
7357499e51a773ead6f1e605e92c78bc,1156610500,165,www.xingtangjz.cn/wap/*
73881fd2a14ae445248bfb2949fb3d63,1156610100,152,xa.bhjzs.com/*
7447a35a64d3457d8b55f874e7f9f3ad,1156610400,52,m.xianqjf.com/*
7471b875173e544fd671b72411b07838,1156610100,15,m.shj.cn/*
7536f5d0b9aed2e05b6168cda0a4eb56,1156610800,52,xa.zsmjia.com/*
753c76259ea7e41847479f42f6d1bf42,1156610900,36,www.xadmgzs.com/*
75da6fece9a94fb9dc2fc485d1b62069,1156610300,33,www.xadmgzs.com/*
75fdbfddb4afc49604b974b907f11968,1156610100,45,m.xianqjf.com/*
76056ad3e618e7b3146d5ce198fd2003,1156610100,1,m.tobosu.com/*
761bab7ae1db98625b166b63321293c7,1156610800,2,xa.m.dyrs.com.cn/*
763efa17f1b66907ea5d274e73a7b5f9,1156610400,43,m.xianqjf.com/*
76a0b13652fa692a5ce1a4c449e0e6a6,1156610100,4,xa.m.dyrs.com.cn/*
76cd1a63293e22ca338081019937e1a7,1156610100,47,www.zpg268.com/*
7752ed7ab3f6c070b2fbfec952c33f87,1156610100,1,xa.m.dyrs.com.cn/*
778218e08e48fcce764fb19fe9baa11c,1156610800,21,www.xingtangsj.com/*
77c7a56b175954fccaa61778c577e8de,1156610900,1,m.shj.cn/*
785375fbb8dde90a679aa59f30431ae2,1156610400,11,www.xadmgzs.com/*
78eac93f80deb37e8c00446af5682f20,1156610100,154,m.qiaozhuangjia.com/*
79036bcd92e039d5df39074e70f2b3ea,1156610100,26,xa.bhjzs.com/*
79642fc73a42357e4c170e2de5f63638,1156610800,55,m.xianqjf.com/*
79b9a2b353e964789784f6ebf60a3466,1156610100,44,m.xianqjf.com/*
79ff87a6e9e3d805a808243d97f8d118,1156610100,67,www.xingtangzs.com/*
7a21d0c4fb6f05986b54abbac4d7405d,1156610100,1,m.xianqjf.com/*
7ac1544c067aab8e2aaa3ff2aa898fff,1156610100,49,m.xianqjf.com/*
7b5e3c613a2d38efa637a24f416077e1,1156610100,54,www.zpg268.com/*
7b7d92d21e833dfc6ddcb00f696b5fa5,1156330400,6,m.xianqjf.com/*
7bfaeb9f9ddd3b9c9044f0b912ffd105,1156610300,3,m.shj.cn/*
7c0f057c9508ec1c5affba38ddb913e4,1156610100,80,xa.bhjzs.com/*
7c48642469fb16693e8d9a30fd2722ba,1156610100,64,m.xianqjf.com/*
7c78b0f27501f46a915cb56c79410344,1156610500,4,m.zhuangku.com/xa/*
7cadb5a504fe4f0f31554abaa7014e00,1156610100,40,m.xianqjf.com/*
7cd182adf5f308fa0d1469036d66947a,1156610100,11,www.xingtangzs.com/*
7d1d8014dcfe6605c3c286ecf448509e,1156610100,17,t.zpg268.com/*
7d2cf0c67fb148912c5b9c387ed52f66,1156610700,49,m.xianqjf.com/*
7da1ebd6d90b6a1ba93841d4aca98db3,1156610100,1,m.tobosu.com/*
7e165b73a432bf0a50f6b0c77e84616a,1156610800,17,m.zpg268.com/*
7eea56d70e2dd2226a3c9e3046f2ec68,1156610600,1,m.tobosu.com/*
7fa6bd2af43c9af138aa73b927b69349,1156610100,2,m.tobosu.com/*
7fe761cbb6701b165ecb533ebea94308,1156610100,38,m.stmczs.com/*
811b36b2a55f0da35243e918b78f8a45,1156610100,22,xa.yzf.com.cn/*
81dc2077f48f1d9576eccad200a0ffb2,1156411300,34,xa.bhjzs.com/*
828336e9efc27d5aa06e7dd853856ed2,1156610400,1,m.stmczs.com/*
82f8dede15fe41e51135025878b42107,1156610400,61,www.zpg268.com/*
83074c7391000a2f2f0738cdc0203929,1156610100,42,m.xianqjf.com/*
83a4809571d0b8c46fd8609a359e94cc,1156610400,50,xa.zsmjia.com/*
83af4ef626f9b6f80f50958ca527bf6b,1156610400,59,xa.bhjzs.com/*
83dc215c99218b0831469a0a046f991c,1156610300,48,m.xianqjf.com/*
83fbb51453e37bc62745b0d38cc81db4,1156610300,70,xa.zsmjia.com/*
842330e1fb5ec83923e511140842a3a0,1156610800,1,m.tobosu.com/*
842d75b6a16cf92a38ec7c8304fe3cf3,1156610100,27,xa.bhjzs.com/*
8478284beb64234380a92eabab0d4b6f,1156610100,1,m.tobosu.com/*
84b22f02d1d9db67495b74915ef1f1ed,1156610800,4,m.stmczs.com/*
85884bac8b4605c0f72036fcfac4eb3b,1156610100,49,m.xianqjf.com/*
8591b807c12421bba437b9e26d0c5709,1156610100,32,m.xianqjf.com/*
85b354083681aaf907240973faf28c13,1156610100,1,m.shj.cn/*
85b7fe5171aebc14e72f2de9a8a29d3e,1156610300,3,m.shj.cn/*
86229a52391e4bf33da698329d788e61,1156610100,1,m.tobosu.com/*
864ab8e40a67a5dc864b5a996a1ac978,1156610100,5,m.zpg268.com/*
8663c6a1e9c0bf705d521daba4a01b28,1156610700,132,xa.bhjzs.com/*
8687710a36852d182dc0876898d93e2e,1156610100,110,xa.bhjzs.com/*
86c246dd833e6bf35893e66316e1c16b,1156610100,16,m.stmczs.com/*
8757284a07227c53fdcecb1103e49786,1156610100,9,xa.yzf.com.cn/*
87b0185a5e281b629755fa9e90dd3e8a,1156610500,5,t.zpg268.com/*
881ef08c782df7e7bb6015ca2c77ac05,1156610300,52,xa.bhjzs.com/*
8830f2bd3fad80493cd8b5224e8ab8b1,1156610800,3,m.shj.cn/*
88666971290294b3dde6768f93a51f70,1156610100,74,xa.zsmjia.com/*
890909c5174c36e79bd0a3929d29ca94,1156610100,48,m.xianqjf.com/*
89cb6a05ea91fb291d21077d157ffc02,1156610100,48,m.xianqjf.com/*
89d1370adf73aac1ea08185d3b4b14b1,1156130100,37,m.stmczs.com/*
89d9880cebfd7d2f728654f230f4a57b,1156610100,49,www.zpg268.com/*
8a1b0bf9bf28404cd7f4234a3573b647,1156610500,9,m.zpg268.com/*
8a3f7a6fa141110a188e939b713ba18a,1156610800,54,m.xianqjf.com/*
8ae46881e118dc142bea6e4e8036be9b,1156610100,1,m.tobosu.com/*
8b6ada24f3983220fca3887a3c4aa8bc,1156610400,134,xa.bhjzs.com/*
8b9326130af60448cfcecc53b4ce7abd,1156610100,49,m.xianqjf.com/*
8c5fcdac6ae702932c0404cdc515452b,1156610100,1,m.zhuangku.com/xa/*
8d59df72a95405dbb6c91523111e5b37,1156610100,1,m.zhuangku.com/xa/*
8db24ecb546ffce9425c1031582b9fb1,1156610100,1,m.shj.cn/*
8dc2fe03961b6d29f0e2a74e49cd5ce9,1156610100,35,m.xianqjf.com/*
8deb9f2e80567658b569a8a76b54c11e,1156610500,25,www.zpg268.com/*
8ef9c4acbf90858fedf078c8a8c33896,1156610100,5,m.shj.cn/*
8effd3078c81e29579f92521b6359654,1156610100,2,www.qingma.com.cn/*
8f1d05cf45f946244e50860b9037791a,1156610100,4,m.shj.cn/*
8f5a94ef6abdb89e83add0f90c913a49,1156610100,2,www.longfa.com/*
8f9b048899c4042e5fe7ee332d656b81,1156610600,1,m.tobosu.com/*
8fc025456c80f808c635967521149eb8,1156610100,1,m.tobosu.com/*
8fdf905338828ce25095fec99e9f0baa,1156610100,1,m.zhuangku.com/xa/*
8ff9b986db339fb757e471a8d8700035,1156610100,29,m.stmczs.com/*
900aca5f529d94ad23efd25f2a5007e7,1156610400,1,m.tobosu.com/*
9054c1a50eb74b48f09344c69c8924f4,1156610100,1,m.tobosu.com/*
9099d309a8d8e6c74e7b69e3aa8c7842,1156610100,3,m.shj.cn/*
90a72bf0b5bf25c8ece3563e798f679b,1156610800,1,m.tobosu.com/*
911de74e53a188158d66b8e2cd303fc6,1156610400,6,xa.bhjzs.com/*
91b3ee040674ad7054e86b6f66b76914,1156610100,1,m.shj.cn/*
91fa872a94278bf086556cc59e20c6da,1156610900,73,m.xianqjf.com/*
921c7a89f721cf9eb0d51368a97a3f51,1156610100,45,m.xianqjf.com/*
92726a0c2c16367bdbafeb341f1c9073,1156610800,49,m.xianqjf.com/*
927cef348db544dd435d9fc99e200e07,1156610100,42,www.yuehaogw.com/*
92b9bc7854cbc9a46b63910335bcce96,1156610600,48,www.zpg268.com/*
92cb660c3779b607f9da747452985928,1156610100,6,m.xianqjf.com/*
936d18ace6ea170eff30559f041bdf85,1156610700,46,xa.zsmjia.com/*
93872aa72b835725720399cf5a7daa32,1156120000,33,m.stmczs.com/*
93dcae98ec00782e63026bc2092e0f26,1156611000,3,m.ijuzhong.com/*
93e1ef0f1456ae5f7011856e11e8ec46,1156610100,1,m.tobosu.com/*
94284f0ee1540506b0ea8d8b07e7d83a,1156610800,2,m.shj.cn/*
9479e9b5ab01b8377b2148704dde350f,1156610100,3,m.xianqjf.com/*
948f89dde1a3cd2c216f6cde77809630,1156610100,1,m.shj.cn/*
949296cebec1a892cbe22ff8c718768a,1156610300,1,m.jtljia.com/*
95513d266ff20da336638dab19cff479,1156610100,40,www.xingtangzs.com/*
955db283727bc963478c2eefe80dc8f4,1156610300,1,m.tobosu.com/*
95b1ef973d68f8f0e835ed41df950d08,1156610600,37,xa.bhjzs.com/*
95d6a6b06d2041d074492907006ba49e,1156610100,6,m.stmczs.com/*
97ab89acd54944c06b1e65eec65b3538,1156610100,36,www.xadmgzs.com/*
97af9208a62494125f835d37c4b6c523,1156610100,1,www.xacsrj.com.cn/*
97d3b4f153e4ca6a847bb948e7bbbfc4,1156610100,1,m.yzf.com.cn/*
97ebe530d9232c925d8ccdd4cd13c42c,1156610500,1,m.zhuangku.com/xa/*
980b9ed7b685d915050617a0040a8f9b,1156610700,1,m.xianqjf.com/*
98e78cd7c320a043b378735c2d32abf7,1156610100,195,m.zhuangku.com/xa/*
994b17cda85d79bd86f615ca2bb7039c,1156610800,39,m.xianqjf.com/*
99e7cd26ff560b8c8152c64cf80fd6bc,1156610100,1,www.xacsrj.com.cn/*
9a108d4393ff8ae8bc8fdb9180bc0868,1156610900,4,m.shj.cn/*
9a6f289083f625ae7f491b809c8b3ca1,1156610100,134,xa.bhjzs.com/*
9b04a50128cded84391c28129f2d989a,1156610300,1,xa.m.sumeihome.com/*
9b06818910f601d2c4e65c5ed7c3c47d,1156611000,40,xa.bhjzs.com/*
9b881c1ae47fd59f36b69568a05b0620,1156610100,49,m.xianqjf.com/*
9b9ddbb86455e9a0772882d19daf32fe,1156610100,5,www.xafsdz.cn/*
9ba55538ac5fc16304e95592dea948b4,1156610100,1,m.tobosu.com/*
9bbb77cac942ff495065ccea5c60ddec,1156610100,88,m.xianqjf.com/*
9be833b5500b076c32f6298eccb469f0,1156610100,1,xa.m.dyrs.com.cn/*
9cd39432bdc72621539a0a14e7f33669,1156610400,2,m.shj.cn/*
9d05a5fc7312e3bb571236d5aa3137f5,1156610600,47,m.xianqjf.com/*
9d0adb538c1a611ef56b89d285ce7bbb,1156610400,44,m.xianqjf.com/*
9d322df47a8d05a710f70bb0280a5c09,1156610100,7,xa.bhjzs.com/*
9d6ed4d09b7c5dea55f1e4b6959d32bd,1156610800,67,m.hi-dun.com/*
9debd3177a3a14eb05a227df83f8fd4e,1156610100,2,m.tobosu.com/*
9e4f473a027340254d6125cb748c70d4,1156610100,1,m.zhuangku.com/xa/*
9e6d9a6a88fed64f7d6d06b1249c8675,1156610500,2,m.tobosu.com/*
9e8ee6c92afb995d87a11509871a0d58,1156411200,5,m.xianqjf.com/*
9f99686192d676ebb7e326bf112fa3c8,1156610500,50,xa.zsmjia.com/*
9fb7b8c9052f5478a8c1e16740f12e5a,1156610100,2,m.shj.cn/*
9fce69799249f7a38aa611ac6c2dd8e2,1156610100,16,www.xingtangzs.com/*
a0b09a79f32c096694ef4dfffca72c86,1156610500,1,m.tobosu.com/*
a0f4b36640333ffb0c4538a9e8dcccc7,1156610100,49,m.xianqjf.com/*
a106ec6174c33bdba76792f1582cc429,1156610800,48,m.xianqjf.com/*
a1668f4618322710327eb8c6952aadaa,1156610100,1,m.tobosu.com/*
a1cb2d8ab82138c10c129cc5b067648d,1156610700,2,m.tobosu.com/*
a1d08821e3a53b3a266af9dfe405e681,1156610800,2,m.shj.cn/*
a2517b64b82b32c624a62f24a10b9605,1156610100,30,m.xianqjf.com/*
a269fe38c16ef064f53a54567a3f1d4c,1156610400,49,m.xianqjf.com/*
a39ca63714835340b087cad23392adab,1156610100,126,xa.bhjzs.com/*
a3c36d7d505f08ad1b6024ab55472ea2,1156610500,44,m.xianqjf.com/*
a5256f4aa36cc1a697c3a91e86868f8d,1156610100,2,m.shj.cn/*
a5ba3144c3ee6d0fe112ab359d5d2ef1,1156610100,47,m.xianqjf.com/*
a65064691da42bea9fe06d10b85a60af,1156610100,1,m.shj.cn/*
a69d13211bc8edace546cc7432dcdcbe,1156610900,1,m.tobosu.com/*
a6f097fa227a21031790b038c082c457,1156610100,25,m.xianqjf.com/*
a6f930e55e6980260954e880e2a3030e,1156610100,39,m.xianqjf.com/*
a716997855fb9d94116ebacea80bc09a,1156610500,34,xa.bhjzs.com/*
a7c903c86df68c23a79bad9c08f30acf,1156610700,1,www.yz-china.com/*
a7dde7a7ffeefd6fcb58f1912ea8fc96,1156610100,2,m.tobosu.com/*
a7f29fc84f372cd1fcfacecd93de1f29,1156610100,1,m.shj.cn/*
a8822300f5231d261dc7697d1d16c033,1156610800,44,m.xianqjf.com/*
a899e09b66e0d7a2c4a811f603b01848,1156610100,9,t.zpg268.com/*
a8b09e2e456c0e94ab9981267b109630,1156610100,51,xa.zsmjia.com/*
a9024d7a80b37e5b4f1ae0cdd995296f,1156610500,35,www.xadmgzs.com/*
a9643540e66e2e4ffb41f9f6d3b68401,1156610100,1,m.jtljia.com/*
a96e1083b5fd60c3ad8ed78176f88020,1156610100,47,m.xianqjf.com/*
a9bdb865af2a3924b489260209ddc9dc,1156610100,5,m.xianqjf.com/*
a9c9003ac075e7a7e10b66f75964bfd3,1156610100,3,m.zhuangku.com/xa/*
a9e7293f0bd771302591690675320719,1156610400,54,xa.bhjzs.com/*
a9efda7dc01cb3d33e84a9a093328c93,1156610100,1,xa.bhjzs.com/*
aa0b3a4c6fd914343382345fb2dbb1b4,1156610400,93,m.stmczs.com/*
aa4273263112781f3c29468b95fe2136,1156610100,40,xa.bhjzs.com/*
aa5a447447fc82176888bcb1d991480a,1156610800,23,xa.bhjzs.com/*
aa822869d89bdf72462fcdef0efe1696,1156610100,102,m.xianqjf.com/*
aa9034b6b516d1828cdad161be424c5e,1156610400,49,m.xianqjf.com/*
ab1fd29d79213933d6d6f6ee9c3150af,1156530100,12,xa.bhjzs.com/*
ab2887e696368a1156f6f9f68f18824d,1156610100,38,m.stmczs.com/*
abd7228677a6e85ef311a60c7cfc2668,1156610900,2,m.tobosu.com/*
ac483e5463a55a4c72038108f9f7c6ee,1156610500,44,m.xianqjf.com/*
acca228c274995cbfb9185ce25accc14,1156611000,35,www.xadmgzs.com/*
acd86493b54aece0c79f61be9641f729,1156610600,56,m.xianqjf.com/*
ad1138f9bde7b33e6b9b829528709f7b,1156610300,1,m.zhuangku.com/xa/*
ad31d3978d78bf0eb6d0dfad5c4a7002,1156511500,1,xa.m.dyrs.com.cn/*
ad5603eef1ac613678f10e7b8a2a03b4,1156610700,63,xa.bhjzs.com/*
add0dbf0951fee5a82791d10a4c8fe15,1156610300,45,m.xianqjf.com/*
addc8070c8ab43f034e992fe0b5872a2,1156610900,1,m.tobosu.com/*
adf71ccb5e54aa57d86307015c5b5307,1156610800,51,xa.zsmjia.com/*
adfd8f023b2f674fe1619572b3ba8bad,1156610100,127,m.xadmgzs.com/*
af28ce2cad4f424869442d2903fe154f,1156610800,2,m.tobosu.com/*
af3d69707582b8cfd6e4490e393b1c86,1156511300,49,m.xianqjf.com/*
af460e80fde98f3df056f7ef606e9ae9,1156610800,35,m.xianqjf.com/*
af69c9ae309e457b3a135013da02ff94,1156610400,33,www.xadmgzs.com/*
b00365fcbe644c36a29d780b12a2dbad,1156610100,2,xa.m.dyrs.com.cn/*
b0535620385047ada7080f0a6bf2c074,1156610400,20,t.zpg268.com/*
b076d410ed00c9dca4b2955579ac44a7,1156610100,2,m.shj.cn/*
b0999d5003212c19988df883daa17d88,1156610100,2,m.tobosu.com/*
b0e2bcb71b9c8c23597b9028abd37471,1156610800,6,xa.bhjzs.com/*
b16a97ddb54e027086b1411a8b73ead1,1156610400,1,m.zhuangku.com/xa/*
b17fa60cc452e3420c321e5a2faa2b1d,1156610400,49,m.xianqjf.com/*
b189db728bf5c7c9c8be592b784b80ad,1156610100,36,www.xadmgzs.com/*
b1e593d313e626e368c17b7da50d7dd8,1156611000,1,xa.bhjzs.com/*
b2186e3d1021085969b0b0a3ddc0f8d6,1156610200,46,xa.bhjzs.com/*
b23785f2fe4d545b5e1c2cb999af8464,1156130700,75,www.xingtangsj.com/*
b24b53db03b270a39d4c4b7871de4426,1156610100,34,www.xabqzsgs.com/*
b26e70b02bae7d51af2bfbb0c41ddbb4,1156610300,4,m.shj.cn/*
b2a264a225732cba325f260f0a29a753,1156610400,22,www.xadmgzs.com/*
b2ae2df8dbcdaf23bb1e5d0eda9dacd1,1156610100,1,www.zhsmhome.com/*
b32832b6797c9e80a52f8c1817f80923,1156610100,2,xa.bhjzs.com/*
b3312ac3505243cd2370c46b2cf67223,1156110000,19,www.wuyouzhuang.com.cn/*
b354d20c624b806173f2af8ec6b3a640,1156610100,15,www.xingtangzs.com/*
b38b3c2f0b7b04c220b287726ce5033e,1156610100,36,www.xadmgzs.com/*
b3a6ae39afa92861d78dea77525c7f43,1156610100,9,www.xingtangzs.com/*
b48fedd416865b23053b80b120872089,1156610500,4,xa.m.dyrs.com.cn/*
b5265f5679c90279d623a94b79076cb4,1156610700,1,m.tobosu.com/*
b55752138fd67640b2bfb189c13ce4a5,1156610500,1,m.tobosu.com/*
b5b0593bfecba29de3e08fcac2c99872,1156610100,1,m.tobosu.com/*
b5c57dfa0a61e371e42522899ab68edd,1156610700,17,m.stmczs.com/*
b641c7bdd0a65c344d72bf5096a4a2bd,1156610100,50,www.zpg268.com/*
b67a107de14ff4219ffa76884b12e9f7,1156610600,2,m.shj.cn/*
b699fd13fd85d2539f4947df1ed62bba,1156340600,1,m.tobosu.com/*
b6a027eb458a577db8b0b94d6492f48c,1156610100,6,www.xingtangzs.com/*
b6b5cb50b9f1f3d9aa72851510872024,1156610900,1,xa.bhjzs.com/*
b6fcc1a8f8995d5d19b8842dd30f6bef,1156610100,6,t.zpg268.com/*
b72c06ded91b3f8f51b4acddb7da3bee,1156610100,1,xa.m.dyrs.com.cn/*
b766a7a6d8313800d8242c75ef26e586,1156610400,4,m.shj.cn/*
b796cab005f2a150c05a98d7be5313a1,1156610100,3,m.qiaozhuangjia.com/*
b86b2d0d3acc6052154ab3870da2e832,1156610700,2,xa.yzf.com.cn/*
b8a26504d68a46e0dc43e754567e8d18,1156610600,1,m.tobosu.com/*
b8f983ecae82b4efd8f51acd7c556eaa,1156610100,4,m.zhuangku.com/xa/*
b90d93788ae921002f1c9896b17f3a12,1156610800,1,m.tobosu.com/*
b93f6a7fba757d5311d3a799051738a7,1156610100,1,m.zhuangku.com/xa/*
b940a25609fec972322aa2d63128d061,1156610100,45,m.xianqjf.com/*
b98a6ffe012f14fd9e2be53281d2dd5f,1156610300,6,m.shj.cn/*
b9bc78c00fe2eecb6750710dd4a1fb25,1156610100,45,m.xianqjf.com/*
b9db2ad0d194495812dc5d81f59d57ae,1156610100,134,xa.bhjzs.com/*
b9e80e26834b0f41c704a83f64ebe851,1156610100,1,m.shj.cn/*
ba32784c44968250f330afa75b8b297a,1156610100,11,www.xingtangjz.cn/wap/*
ba848c3446208e52c6c24b4c009256f5,1156500000,7,m.shj.cn/*
baeea7328d419de9a697f773f1c4abda,1156610900,53,m.xianqjf.com/*
bafc3538096e19eed9eb55082fa46e1a,1156610500,49,m.xianqjf.com/*
bb8205391ee2b85f62c0fbbe6933caee,1156610100,35,m.stmczs.com/*
bb9d2497adcba29edc64bd2376c13c3d,1156611000,6,www.xingtangzs.com/*
bc33ffe6b83318e27ae57e293f0c98ef,1156610100,19,www.xadmgzs.com/*
bcd37c6401b78f20e33d45be45eaac83,1156610100,1,m.tobosu.com/*
bd307d3d2d4a06941226499fe24c81c6,1156610100,3,xa.m.dyrs.com.cn/*
bd60b9d633ffae43fc6df32ee9f38d6d,1156610100,1,m.tobosu.com/*
bd83147af45297394a271e90ddda3e39,1156610300,50,www.zpg268.com/*
bed02229d763d44811f297eb4bc991b5,1156610900,4,m.shj.cn/*
bee8ed8e987f2e87aba7a846cd209f5b,1156610100,1,m.jtljia.com/*
beed7bb067e47cc6f45724653276a7db,1156610100,17,xa.bhjzs.com/*
befe700e80fceb55e5723eb75d2559ee,1156430100,1,m.jtljia.com/*
bf16b0c0cf06dc9bcfa2bd62fb196a5f,1156610100,20,t.zpg268.com/*
bf2d46b3e3e1a1a69a0beae55f49b7de,1156610100,106,m.xianqjf.com/*
bf387d09a41e6606d1b104f778f9757f,1156610100,1,m.tobosu.com/*
bf449aff744e3045339ba844072f7cc8,1156610100,1,xa.m.dyrs.com.cn/*
bf7338ec5325f290f73c612cbdd9dc93,1156610300,50,www.zpg268.com/*
bfacf22e13782c27dfa62780dcb6dade,1156610100,43,xa.zsmjia.com/*
c00ff557d3f60559463bfd11e067a55e,1156610400,1,m.zhuangku.com/xa/*
c044435436a9364454a3af1e95eb1a61,1156610100,1,www.xadmgzs.com/*
c0f50f929191cb4dc3d96bc7ae3a2fe3,1156610400,85,m.xianqjf.com/*
c0f9cc3e7065b2624bbbc0578632179b,1156610100,50,www.zpg268.com/*
c10bfa41309ddb6b5940e464304afeb5,1156510500,6,m.xianqjf.com/*
c1358b8f7dd843ceff32084a5354472b,1156610500,1,m.tobosu.com/*
c1391f61fe0e0219b5a3d05df698877b,1156610400,39,m.xianqjf.com/*
c178220faa6e27b22192b46f9ac9ff9c,1156610100,24,m.qiaozhuangjia.com/*
c1b2b495e6367d5cdcd1d7c034e1b899,1156440100,1,m.tobosu.com/*
c1c3ee4061f0aa2aa3c8e32d3621b8b3,1156610600,55,xa.bhjzs.com/*
c1ccbb375668842e84aea07d6d97b6c3,1156610100,38,m.stmczs.com/*
c1d0b4c8df6dcf68fd24da234f399077,1156610100,7,m.qiaozhuangjia.com/*
c208affdc6b4dd11d39a7b3260b148d9,1156611000,3,m.shj.cn/*
c2495ff4be8f09cf83ccc6ee9f423d93,1156220100,101,xa.bhjzs.com/*
c294d1f2f19a05e74813e88ae90a1baf,1156610100,4,m.shj.cn/*
c2b2966566ddb0fe77fe0a035408706e,1156610500,57,xa.bhjzs.com/*
c2b750ff17d3f5aab60896e0dee4c4fc,1156610100,41,xa.zsmjia.com/*
c2c31ae35ba43b4f2c64598d4c1ce3e6,1156610700,102,www.xingtangzs.com/*
c2cae196b2a6e38edb5b7562fbad77a0,1156610100,9,www.xadmgzs.com/*
c2d2599afe391cff46b1e0fb827b0d22,1156610100,54,m.xianqjf.com/*
c2e8dfd18e72034cc1d32f39269b9b71,1156610800,4,www.xingtangzs.com/*
c2f4c7cbe349a8bee1551445f7664c9c,1156610400,6,m.xianqjf.com/*
c3214fa443fc6934e457ef621aef0a4a,1156610100,1,m.tobosu.com/*
c333b6a327c7dd5eeea4a13b6d568ca7,1156610100,49,m.xianqjf.com/*
c3ff039e20a02e339492c8576ddfffc9,1156610100,1,m.tobosu.com/*
c42de64fc26ada5c07c2d0dc983e789c,1156610800,7,m.shj.cn/*
c44f8e1d1d8af115526f2956556926f6,1156610400,53,xa.bhjzs.com/*
c48a2cdf319744809249e5c9bc6cebb8,1156610100,2,www.xingtangzs.com/*
c4b1e64946e5c658f443cb4ff0923299,1156610100,1,m.tobosu.com/*
c54947cd601e02622cde72ced7890d32,1156610500,35,xa.bhjzs.com/*
c5e6fcf9d9f999d2f2213dcc43c13d0d,1156610300,36,m.xianqjf.com/*
c6337370f29cbd39be35a72ef3f179e9,1156610100,130,m.xianqjf.com/*
c69cfe77c44b21b1b33a238577a4d0b9,1156610100,2,xa.yzf.com.cn/*
c6a2272ae3ad4175b84a74143293856d,1156610100,6,xa.bhjzs.com/*
c750d5bb12fbbf8effeb16565462aac7,1156610100,1,xa.m.sumeihome.com/*
c7902d91f3cd89e3f912f0830f719c5f,1156610400,1,xa.bhjzs.com/*
c85ecdd12be1920306e9226dbf9fb20d,1156610500,2,m.tobosu.com/*
c8db0c0ad05c0a8669d4b123dadbce7f,1156610500,36,m.stmczs.com/*
c8ea72146874e2e300902442cb7121d2,1156610100,52,m.hi-dun.com/*
c90516f8d48b0618a2d687f95c0b00d7,1156610500,1,m.tobosu.com/*
c907c8973c7ff88695887bb774852bb5,1156610100,6,xa.zsmjia.com/*
c99306d6e0b803ebfc723e3f1c0bea35,1156610700,50,xa.zsmjia.com/*
ca3077157afa52290303d0d0da5c86bb,1156610100,6,www.zpg268.com/*
ca42c2bbeaf3f9452bfb1735230bc6ad,1156610300,1,m.tobosu.com/*
cabda3e954e0ea712de3117b6b9ce3cd,1156610100,2,m.tobosu.com/*
cac2ffb6f9d48fda8212a3e721b643b8,1156610300,45,m.xianqjf.com/*
cb817e6830b4a67affe9eb6707f098b6,1156610400,48,www.xingtangsj.com/*
cca483e568bcac39a6d7e0c7d508faf6,1156610100,14,www.xingtangzs.com/*
cd2d007473105de87cb74427647949d6,1156610100,33,m.xianqjf.com/*
cdad85fa780e079f8763ee5eaa6cf82c,1156610800,46,xa.bhjzs.com/*
cdb4dbe783f585de772e5c65bc218c54,1156610200,1,m.tobosu.com/*
cdbfbe12baca671f179cab4ff90e23e7,1156610600,8,www.wuyouzhuang.com.cn/*
cdcf3f2f4b2b03abfc12208450aa53b1,1156610700,14,m.stmczs.com/*
ce2963d33ced0c44f1b756941985345a,1156610100,1,m.tobosu.com/*
ce341f6839be3f8faaee90a3aa608568,1156610100,70,m.stmczs.com/*
ce3d5d293b9d70ac47a64941f2b0c213,1156610400,9,m.xianqjf.com/*
ce54c0258626ec958a93085e15d898c3,1156610100,11,m.gexinguoji.com/*
ce6ff8cb831eb1880e8d3b4fc83713a3,1156610900,9,www.wuyouzhuang.com.cn/*
ce78fdf6eac692701f8c925454dcd0ba,1156610100,22,www.xingtangzs.com/*
cebacd728eab7a836ff09f5e421948f0,1156610700,1,m.tobosu.com/*
ced32e145eea79b199e7eb6df8829df1,1156610100,43,m.xianqjf.com/*
ceebb5f01b8bd80cf79b50e52fafd677,1156610500,48,m.xianqjf.com/*
cfd8b74102568f431e40951c9a42ac60,1156610800,5,m.shj.cn/*
d0452c15d522ef8212bea921c631b9d8,1156610100,62,www.dzczs.cn/*
d08f1e008fe413eb896f8ced3e639b40,1156610300,1,m.tobosu.com/*
d0945095f4d12bb116f7673d3eaf71bc,1156610700,1,m.shj.cn/*
d0b577b9edd71c5c06658242ac91c622,1156610500,7,xa.bhjzs.com/*
d185bd0b3b16d64742afa6197fb64c13,1156610100,8,m.xianqjf.com/*
d199fcd7761792e3fb908d79263d03eb,1156610400,3,m.zhuangku.com/xa/*
d2411960bf75faf975095571efadcd77,1156610500,1,m.tobosu.com/*
d24e5cd350f23e356da64e7d544f3e99,1156611000,40,m.xianqjf.com/*
d26a300e3f36dba59beae463e8b6c3b9,1156610100,2,m.shj.cn/*
d2b351e7e8c2ffd49e723895d9d668e1,1156610100,48,m.stmczs.com/*
d2d4efcf63411eb31f2d7d7689def939,1156610100,1,m.zhuangku.com/xa/*
d2e73725e70756f475740c5722e40fbf,1156610400,132,xa.bhjzs.com/*
d311b68eb773c5b516f5c98f9ee76ff4,1156610100,94,m.stmczs.com/*
d3573041e314825a07f53fdb9431a328,1156610100,1,www.zhsmhome.com/*
d3960c1311705261de8b2b292226de41,1156610100,48,xa.bhjzs.com/*
d3d5396e4f61e6d750bc18dcfc0200b3,1156610100,2,m.zhuangku.com/xa/*
d4f71a9e284547f7c06c0678a5b6853c,1156610100,1,m.shj.cn/*
d5423151257a60493bbe3c0d7bce5e00,1156610100,1,m.zglbzs.com/*
d5b89ff60ace0e5cb20853aa98dafc59,1156610100,1,m.zhuangku.com/xa/*
d662ffd0dd15b10853eaec7579b4a516,1156610100,14,www.xingtangzs.com/*
d688b55706cb5b2b89bfd12ae7778f44,1156610100,2,www.zhsmhome.com/*
d68e187ce1f44517be42cffb40686528,1156610500,66,xa.bhjzs.com/*
d6a509a0ffc5e68000a22ae32e48b799,1156610600,49,xa.zsmjia.com/*
d6f07e30247941898124b2c63c9d481d,1156610100,51,www.zpg268.com/*
d7466b5854c721a9ed9763d23e3c50c7,1156610100,24,xa.bhjzs.com/*
d755979f6a8dc504c968f8c2be3417ee,1156610100,34,xa.bhjzs.com/*
d763bf2e116e5ee293dca6309c34d020,1156610100,26,m.qiaozhuangjia.com/*
d76bfd003bdfd59ed4432bb2ebd3bfe9,1156610100,1,xa.m.dyrs.com.cn/*
d77027068826475f9ea96702c64a69be,1156610100,5,www.xadmgzs.com/*
d7f13812fc77dcfa914a057144434158,1156610100,1,m.zhuangku.com/xa/*
d7f25f706ed92c92af4d10493b9610e0,1156610100,137,xa.bhjzs.com/*
d83c35a1b68d3c4afeafc3aa8f9af6c7,1156610900,16,www.sxjzzs.com.cn/*
d840f4f7dd582460d518becfea5315a7,1156610100,44,m.xianqjf.com/*
d8bb66bb225f9072037563364cf05c3a,1156610100,13,m.xianqjf.com/*
d8d224342a2a1dee45d35271bc37669d,1156610100,49,m.xianqjf.com/*
d9115d6e13344c84a9b2b602ecac74d5,1156610800,1,www.xadmgzs.com/*
d94ff47c8e454d0e3400b27d7fa59f0e,1156610100,37,www.xadmgzs.com/*
d961e1b6fff3ee63418efa680e3ab3c4,1156610800,1,m.tobosu.com/*
d9e2490f2bacad2e15283818927af9b5,1156610900,15,www.xingtangzs.com/*
d9f038f65e0c7cad3f999ec751d71b28,1156610700,1,m.tobosu.com/*
da0ae1627f43d8b3262f80ac899a7ff4,1156610400,51,xa.zsmjia.com/*
da7ea78ed3421a54a4829b6ee92f983a,1156610500,10,xa.m.dyrs.com.cn/*
daa35ae4c235b70cd325569831578172,1156610800,2,m.zhuangku.com/xa/*
db47666b307b0672b8917834ab6e95d2,1156610100,49,m.xianqjf.com/*
db9162f7e1ce40ad021209092a33eac6,1156610400,1,m.zhuangku.com/xa/*
dbffaf29049f2d3e0d38083a41a55d35,1156610100,51,xa.zsmjia.com/*
dc16c5a87441413decb78138b198d20d,1156610700,48,www.zpg268.com/*
dca9c5f0158a532fbaec719672c64fed,1156610100,66,xa.bhjzs.com/*
dcebba0fbe7d6d9a0aa2fad5cfb454b4,1156610100,1,m.tobosu.com/*
dd1d7610518990e41b2b9ecea40d8815,1156610400,1,m.tobosu.com/*
dd5070b1dd50703f3b6dab8eb18707c0,1156610900,1,m.tobosu.com/*
dd589a4acc128a3b74ed5957ef9e3326,1156610800,33,www.xadmgzs.com/*
dd841378fcaa967c725a58980250e1ba,1156610100,2,m.tobosu.com/*
ddbb62af71accfb17d2b941ccc37df25,1156610100,2,m.tobosu.com/*
ddc77b3777d7ae07beea450cc0732cf7,1156610100,2,m.tobosu.com/*
df06cfad6b80bfb4df1fd53a97cc9131,1156610700,1,m.tobosu.com/*
df14c02bea74b1b43453b596a18e5db5,1156610100,32,www.xafsdz.cn/*
df4202baa659b2eb707e96a42243d9b8,1156610100,1,xa.m.dyrs.com.cn/*
dfd6585fe001c25fff783ef275f20c4f,1156610100,3,xa.m.dyrs.com.cn/*
dfe277c690cf23ccc7cfaf3193b8ca62,1156610100,48,m.xianqjf.com/*
dff4b97901ae349a195b90cb94f77df9,1156610100,3,www.longfa.com/*
e00988765e797f61ac9c581a1332480f,1156610400,1,xa.m.dyrs.com.cn/*
e04d4865850c06dfae72873b772ff3fd,1156610100,8,m.gexinguoji.com/*
e06dcee3c39b5b95a7cdddc24eabcc79,1156610400,24,m.stmczs.com/*
e0db2e311ca9496888130ce98deaf083,1156610300,1,www.xacsrj.com.cn/*
e1570c37562397fa273f1c6f531b6c4c,1156610700,1,xa.m.dyrs.com.cn/*
e1708ca9be713f34fc1f4ed62a81457b,1156610300,1,m.tobosu.com/*
e1beb43c601bdcf3e6a6e8b1adc06351,1156610800,29,www.xingtangsj.com/*
e1c17f7f80537e60a896a16224e5c33e,1156610500,13,www.xadmgzs.com/*
e1da4ac8dc9380ce3d359c53c4836a3c,1156610600,1,xa.m.sumeihome.com/*
e1efda6421f853b8e5ab963c14100131,1156610700,77,www.jczs-china.com/*
e2034257551891f84a0c06385129a500,1156610800,134,xa.bhjzs.com/*
e2197f464e2fc936c1e3509fa84893c0,1156610200,2,m.shj.cn/*
e24aadb219608ecf4dffb7afc9f94028,1156610100,89,m.stmczs.com/*
e25c66dbcdaf23d04f6f182f8c8ef734,1156611000,44,xa.bhjzs.com/*
e25faaa45c67b741de085854c51f4def,1156610500,65,m.stmczs.com/*
e3b4754bf4bbeedc17059341704e312b,1156610100,1,www.xacsrj.com.cn/*
e3dcc69d7bee6a2e09283859c43680fd,1156610100,49,m.xianqjf.com/*
e433512cc62874d5470cb17d79a6c3ee,1156610400,85,xa.m.dyrs.com.cn/*
e45a3ee7cb2665e660189a39ae4bc5aa,1156610100,195,xa.zsmjia.com/*
e47f188667e028e8024bad628523382a,1156610100,134,xa.bhjzs.com/*
e4ba04a7ccba9618862a5e5702c7d47e,1156610100,140,m.xianqjf.com/*
e4d98568d9f7a16e173dcb1f5ebd22a6,1156610800,23,xa.bhjzs.com/*
e560e899c8f26b8568cde4001399ebf7,1156610100,26,xa.bhjzs.com/*
e57c03076fdd0aa01fd0da2cf2ed7f7e,1156610400,27,m.xianqjf.com/*
e5e22eb4c6b7cfa7268280bd17a970a8,1156610500,10,www.xingtangzs.com/*
e6329631c4a499f172f275bcc232fca3,1156610100,1,xa.m.sumeihome.com/*
e6994be5851bdb08f23d48fd705f0636,1156610800,6,xa.m.dyrs.com.cn/*
e71e44fd53b16a63bfa835ccdd544317,1156610100,69,m.stmczs.com/*
e747f8aa86f661d43739127ff5fbe799,1156610100,1,m.tobosu.com/*
e79610a7d61f2fafcbdfe53525415fd5,1156610100,75,m.xianqjf.com/*
e7aac73a4925db87e2930af7cb014e65,1156440300,1,www.xadmgzs.com/*
e7c777302295e725c2feebf8a493ca54,1156610100,1,m.tobosu.com/*
e8353493d1c10dde29bad200e5c9a51c,1156610100,11,www.xingtangzs.com/*
e85019bdb9b6900d34137115c5d7f511,1156610100,38,m.stmczs.com/*
e8dbac1a913785f0b97b66a7adb1908d,1156610100,29,www.xadmgzs.com/*
e98492ee40fc534b80ee686b411c01f9,1156610500,1,m.tobosu.com/*
e9ee6dcbe20a43f9a11a498909764638,1156610500,1,m.shj.cn/*
ea95a296ecf05a73fd46ab0115c2e07f,1156610800,16,www.xingtangzs.com/*
ea9a23ce7cad361c4e69122e4e71b767,1156610100,2,m.shj.cn/*
eb82da15ab4568af0f927b0751e46374,1156610500,53,www.zpg268.com/*
eba9186ffcb15becb501268d55d26b9a,1156610100,132,xa.bhjzs.com/*
ebc6c975da119c0849a0dc3efe6f54a3,1156620100,1,m.yzf.com.cn/*
ebfcfcfc89b94e4ffe44c791e6803bcc,1156610600,7,xa.bhjzs.com/*
ee12ee1df580d93fd80b2485180de5f9,1156610100,13,t.zpg268.com/*
ee4962c85ae6d2659817960151f5e923,1156441900,49,m.xianqjf.com/*
ee63d32bc61eb01a3473fd08bf8d7bab,1156610400,1,m.tobosu.com/*
ee8b7680b6ab937d33db990e495ab049,1156610100,3,m.xianqjf.com/*
eea5946e9741d4152f4e05626f8c3794,1156610100,3,xa.m.dyrs.com.cn/*
eeabf5f1f981b617bfd6d5b40ee6e275,1156610600,26,www.xabqzsgs.com/*
eee4f2dbfc2a54b5cf446eae442075e2,1156610100,172,www.xingtangzs.com/*
ef6ac17bf0b62fbe8e53e19f39031185,1156610900,115,xa.bhjzs.com/*
ef8286528cdf0c1b86ab972be7f48e0d,1156610400,1,m.tobosu.com/*
efaa6980931c9780e3d91e85fa22fe26,1156610400,56,m.xianqjf.com/*
f04ef80fddbdcceb0cb6a08a1eebeccc,1156610400,65,www.zpg268.com/*
f0bd612b765742ef910818a96ea7d43e,1156610100,81,m.xianqjf.com/*
f0c88eaefb5840514bbdb0ce9a35897b,1156610100,2,m.zhuangku.com/xa/*
f108b23e0c338a2482f414dd9f114ad8,1156610300,3,m.xianqjf.com/*
f11602204eb438c46c6671ddf7027c52,1156610100,1,m.zpg268.com/*
f1d6565b1092380a30baabfcb89db749,1156610100,49,www.zpg268.com/*
f21229cfae13fd73090ba2740378b89e,1156610100,2,m.tobosu.com/*
f25a02c686e8473003cf3e30789bcf0b,1156610100,133,xa.zsmjia.com/*
f29038d7cd5b427795c143db22ce0b00,1156610100,5,m.shj.cn/*
f29a5ab1b2323d6ad78a5080722df889,1156610100,3,m.tobosu.com/*
f2d94149c481494af50493777cb05a9c,1156610100,36,www.xadmgzs.com/*
f3296cb743e5769e61bfb65a8c451b08,1156610100,14,www.xingtangzs.com/*
f425dbdea6ffa7d2480046c175c3754f,1156610500,48,www.zpg268.com/*
f5054ac33317b7b114c96c1b2f54269d,1156610500,51,xa.zsmjia.com/*
f5435cf49faf327e0b97820001dd3c81,1156610100,6,xa.bhjzs.com/*
f5cad3ec550fa1308c65eefa386803c4,1156610100,228,www.yuehaogw.com/*
f5d73d819eab236bec7ac8c7993a93f3,1156610100,50,www.zpg268.com/*
f64fb31d372aeb14a0d9beb953ef7f74,1156610100,6,www.xingtangjz.cn/wap/*
f6dc4afe1461da14ca4561cf96c2ebf6,1156610600,49,m.xianqjf.com/*
f718bf92865e85877bf122eac24f06e8,1156610100,1,m.tobosu.com/*
f8086d3fdd1040a7e13fa4edb65fb118,1156610400,3,www.zpg268.com/*
f8f3480340a4d2e5eb2308c2a6c1c958,1156610100,13,www.xingtangzs.com/*
fa464312677c8539f4d88efa88c1aa85,1156610100,5,m.xianqjf.com/*
fa97baddcdd4fab5a0488411188d5763,1156610300,27,www.zpg268.com/*
fae56c363f70e0695680ca7a704f7120,1156610600,19,m.zpg268.com/*
fb33a516d52b4c6495fc293d370b3642,1156610600,2,m.tobosu.com/*
fb8ae71e3db69d6d0be715e52719f9d0,1156410700,68,m.xianqjf.com/*
fb94a12e767cb50e9497f4c4470a56cc,1156610100,55,xa.bhjzs.com/*
fc113c34693c66f09bc940c8d9fc303f,1156610100,55,m.xianqjf.com/*
fc2f39a9764e66f3163265e4db964d25,1156610600,1,m.tobosu.com/*
fc41e0438cb1375ddf84c97c7e4b96b0,1156611000,1,m.zhuangku.com/xa/*
fc4b5503b56207e94ddd75c4cb6c2791,1156610100,63,m.stmczs.com/*
fc65efc52514cfc16853ddc1cac07196,1156610500,59,xa.bhjzs.com/*
fcca57098d114b32bb3702a257b1a14a,1156610100,2,m.tobosu.com/*
fcd2a7315e2df9f03c91fa820c0d1367,1156610600,1,m.tobosu.com/*
fced8fcb07e4223e5c948171760aab2e,1156610100,208,m.xadmgzs.com/*
fd24121ccb99df707be8350f9e995b31,1156610900,1,m.tobosu.com/*
fd622bf6783026e6cb19981bf4f7a13d,1156610100,55,m.xianqjf.com/*
fd85e528eec7adcebc9879447d7e6346,1156610100,46,m.xianqjf.com/*
fd927684228a627d2208c3ea57596db0,1156611000,28,m.stmczs.com/*
fdb8dffc6bcd2c3a44aa457521552305,1156610100,45,m.stmczs.com/*
fdcf4af2fefe6c13fb8a58c18f2b0be9,1156610500,5,m.zpg268.com/*
fdfc68781cb82308fc5278ce0726796f,1156610100,76,m.stmczs.com/*
fe19f82752da0f3947bbc49f16a6f675,1156610500,1,m.zhuangku.com/xa/*
fe877830b15671b5e06aa3d6e1f14a18,1156610100,80,xa.zsmjia.com/*
fe9b22cdc590288d919c6bb04ee554cf,1156610100,1,m.tobosu.com/*
febfbc6f03bdf07520992510a1f82c42,1156610100,3,m.shj.cn/*
ff0cc9dcd6f5b73b7a6d8a1e99591484,1156610100,135,m.xianqjf.com/*
ff25b0aad1f1d57dad3f74cabed3f35e,1156610400,1,m.tobosu.com/*
ffa58c74ffb318cd9313320606bec3c7,1156610500,1,m.tobosu.com/*
fff7683a0faed14d46609ce993d96f11,1156610800,1,www.xacsrj.com.cn/*
