00285186c7d34fd779c5e25a48e7dabc,1156420300,49,www.ujiabb.com/app/*
00dc3ad1f9d12a1d8a958a18e37a9700,1156110000,36,m.lexinvip.net/*
0125a576ec6b7c55c261552c1547913b,1156350600,9,m.ibbsale.com/*
01fa85b1831b51822009b4f2b7a85493,1156610900,62,m.lexinvip.net/*
0240ac970bc80c061ef94991c5f95407,1156610800,16,88.58cytv.com/*
026d91426f036804a61ba12fe484d05f,1156440100,5,svip.zsb027.cn/join5/wap/*
0353f8215a977243bb4a890a4c2c23a5,1156330900,4,m.ibbsale.com/*
0397c227c2b5d4ce7d6cb5a2737f2aa1,1156130600,50,www.ujiabb.com/app/*
03db0b5d7a21a15ccb41e199886eb418,1156131000,1,m.m77.cn/web/qswd/index.htm*
04cfd9eaaaccba1b4e0add4238606e7a,1156431100,22,www.ujiabb.com/app/*
051fb112add070ad185c2587a0eb75f9,1156320500,41,bd-jp1y.qdgz886.cn/nc-s1-wap/*
05a99418577c9aa21014fbed09b8fdfa,1156430100,2,bd-ob.obency.com/*
05fb822e9e1010510eaf7852608aa6a2,1156330100,2,bd-jp1y.qdgz886.cn/nc-s1-wap/*
07296021965fa43a6d6d5aa4f1856c22,1156440100,3,svip.zsb027.cn/join5/wap/*
0744ea431c017b0cd3db2b305ddb4352,1156110000,14,m.ibbsale.com/*
07b5c79561ee324ef0c800e5bf0e913c,1156460100,1,coco.coco.beer/wcb/mw-f05-010-1804-02/*
07c26dbcd0dee2b5c060d86f0b1de5c7,1156350600,1,bddtlm.zsld69.com/web/2248/13903/19605/index_tpl.htm*
07e1b04cdbde49b98941347383b74270,1156611000,1,ly.zsb13.cn/qtpg/wap/*
08118eb4834595fd68f35594f789fcec,1156370600,2,baiduj.jclk5.com/zjxq/mw-j66-001-1905/*
08614f3a3b3e4f21a68da994ee2d2768,1156511600,33,www.ujiabb.com/app/*
08a1de872556ed61f6eb52afd73737ea,1156500000,8,www.tclqzmp.com/zt/rjm666/wrjmkaichuang/*
0907ee0dac0e77f9c09789e9471b2697,1156610800,6,bd-jp1y.qdgz886.cn/nc-s3-wap/*
0933e2b581ba9124f3328e4183ef9f95,1156350600,1,m.ibbsale.com/*
09690eede565ff52a20a848c0f1e09d7,1156360700,28,bd-ob.obency.com/*
0a0173edd22eac6521b38051dc0e9515,1156320100,30,yfzs01.hch688.cn/yp01/klydd4-m/*
0a2ec944a473bbab40bf5a5d819dc1aa,1156451200,51,m.lexinvip.net/*
0a778b0344ccd8cd8b1e9f8cba2a9480,1156430700,6,gx.3861edu.cn/zonghe_m/*
0a7b4c9ad8941ab0be24871c91cec6be,1156532500,47,www.ujiabb.com/app/*
0b931775aab8d72f1b037ea4ada87d2c,1156430600,28,bd-jp1y.qdgz886.cn/nc-s3-wap/*
0c947713a356ddd75689518fa2657ba0,1156320500,84,gx.3861edu.cn/zonghe_m/*
0d02a5a626c42b77bc6c3d7caa2f5461,1156360100,3,www.qtpg8.com/*
0d2e8ed8d724a223fa0ea9cef8662472,1156420100,1,m.lexinvip.net/*
0d61e5d66a65f3c74e4f62c59e363433,1156610500,2,m.ibbsale.com/*
0d9e541dc1e0af69f3c7e0581eb038b1,1156440300,1,www.thcycc.com/zt/rjm666/wchuancheng/*
0e49b30dd05ea73fffd8309e4fc2bd65,1156530600,2,m.lexinvip.net/*
0e99c75b2cbdfc1a99cd16e7acc0dbb7,1156130700,14,bd-jp1y.qdgz886.cn/nc-s1-wap/*
0ee8d7cbb9ddc9500a539e96a10f376c,1156500000,66,m.lexinvip.net/*
0fde628c25b79cfbbd005542a7408d3a,1156310000,18,m.ibbsale.com/*
101efda7fcbb306e242078e9e8f2d8a8,1156331000,4,m.lexinvip.net/*
1026d3abf27c0c4a9b65fa2ee6ddfacb,1156371600,119,m.lexinvip.net/*
11135d868784121257d0a6b958af848a,1156130200,28,bd-jp1y.qdgz886.cn/nc-s1-wap/*
1185c60065bc7ed33c51c53f7a4e99b2,1156530400,109,m.lexinvip.net/*
118f1f7ca1e35491926c8167b6d6b4dc,1156431000,15,www.ujiabb.com/app/*
11d98060ab6de20d4ae319123301fcd3,1156371300,1,www.qtpg8.com/*
11fcfc916d4657da8c7c301845fc2835,1156320300,1,m.seven-trees.com/*
130557e4d96356a97232b1d9d05a8179,1156610600,1,bddtlm.zsld69.com/web/2248/13903/19605/index_tpl.htm*
13d61dacc603aac46477402e15fffdd8,1156140300,2,m.ibbsale.com/*
1454a122cb1e5fa65c878fc79e18136d,1156440300,9,gx.3861edu.cn/zonghe_m/*
148558fcd4c9005603719728f4fb478c,1156450400,68,m.lexinvip.net/*
148bb0f74a8109c60bfec8ce9da9cdd7,1156440900,29,yfzs01.hch688.cn/yp01/klydd4-m/*
151479f9a7524a71904438f6d1d34e7f,1156510100,1,sy.rfeng01.cn/1904/qzd/wap/*
151d2f771a7cc8e48dba8f0245357a69,1156530500,63,m.lexinvip.net/*
152eaafb06089be522c8261a4002f208,1156140600,34,m.lexinvip.net/*
1578f399472e13f3c6a30e1851c1fcbf,1156371400,17,m.lexinvip.net/*
157aa61342a5337e21600e6f881c995f,1156341800,1,m.lexinvip.net/*
161b466549f9ef32b334e5de016f6c47,1156371600,22,www.thcycc.com/zt/rjm666/wchuancheng/*
1648f6bdb3449e7a92ce344d767a4c09,1156340100,20,www.xazjcy.com/*
164a18a1148c34c732ce623bae009cbe,1156340100,39,www.ujiabb.com/app/*
16a3e0ea943afd65067f1bc80bb8d9bc,1156320500,9,m.lexinvip.net/*
17071f5f6b91764de42f9fa276820791,1156441800,71,m.lexinvip.net/*
174070f4c399a637c3a5973ecd39ee63,1156320500,1,wkd.zsld68.com/zjxq/mw-j66-001-1905/*
17a94a152eb1547313c9340c334fd210,1156450900,1,zs.meibeimeima.com/*
17b40cb9360932d3ad80d666743fd850,1156610800,20,zs.meibeimeima.com/*
17c84bc4956af422200edf61dba4ab1f,1156610100,13,bd-ob.obency.com/*
180e93c53fb4deefde5251c69cd7be05,1156341600,11,gx.3861edu.cn/zonghe_m/*
186270e32d5e1a64663cb045826d9415,1156441600,28,bd-jp1y.qdgz886.cn/nc-s1-wap/*
18b98c2c739fa6a8e7749154b82ad41f,1156341500,1,www.ujiabb.com/app/*
18d07913cfbc3b2fd67b2592446066aa,1156341000,115,m.lexinvip.net/*
19732e26e799338dcf958b68dae1e6a6,1156431000,1,www.ujiabb.com/app/*
1a0b9cb252397df1e054c88814169935,1156341200,28,www.thcycc.com/zt/rjm666/wchuancheng/*
1a7fb578c93abb8bbd0fc222b52f57ca,1156450900,1,m.lexinvip.net/*
1a8ca000fba4a0ac06312feaebc95111,1156370700,3,m.lexinvip.net/*
1b3e5a1d7cf11f49bee2d0d2c0228562,1156420500,27,bd-jp1y.qdgz886.cn/nc-s1-wap/*
1b6d91291683d712ade949f7136dd2a9,1156430600,9,88.58cytv.com/*
1b84947609adb76d7f20f920ef8605fd,1156320100,1,bd-ob.obency.com/*
1bf042c43e85fc979552dc372d18a2ad,1156530100,41,m.ibbsale.com/*
1bf478eb61f03ce4139633650315aa96,1156340600,1,bddtlm.zsld69.com/web/2248/13903/19605/index_tpl.htm*
1c2b360828dc3bf80ab6c4704c4cd228,1156431100,1,zs.meibeimeima.com/*
1c32fcbea74bfdea123b230e0f1d25f0,1156440100,2,bddtlm.zsld69.com/web/2248/13903/19605/index_tpl.htm*
1ca1866a828f82a3b18dc3cac31b107a,1156610100,19,www.thcycc.com/zt/rjm666/wchuancheng/*
1cc51276afd5f2bd2cb89d9545fde713,1156610100,37,m.ibbsale.com/*
1d50f7335da66db01a791896919a9d8e,1156350900,37,m.ibbsale.com/*
1d9cbeba23d6f5b710801922bc5243c9,1156610500,8,www.ujiabb.com/app/*
1da781211de52de14fe52b44912f2810,1156341300,1,m.lexinvip.net/*
1e2aee4ca38f93fe1f0c8084ae803773,1156350300,1,sy.rfeng01.cn/1904/qzd/wap/*
1ed191e8678b911337d9c63ad8522c71,1156310000,18,www.thcycc.com/zt/rjm666/wchuancheng/*
1ed3f32b9e70178048baf2538f6145e2,1156371300,1,bddtlm.zsld69.com/web/2248/13903/19605/index_tpl.htm*
1f4dbe2a0327eb2160126419e5eb54f5,1156450500,1,m.lexinvip.net/*
1f5d10a4913ef58036f6f4428baa21a1,1156440100,29,bd-jp1y.qdgz886.cn/nc-s1-wap/*
1f85cf1d325615fe39b373aaf1fa1e1f,1156610500,1,zs.meibeimeima.com/*
207a6f78aea2d0c5e562cb8f40525984,1156511500,53,m.lexinvip.net/*
209057b34184c7ede130e09f79888b63,1156341500,1,coco.coco.beer/wcb/mw-f05-010-1804-02/*
20bf3187eeb9401afa1102bb5e2b0ae8,1156140500,6,gx.3861edu.cn/zonghe_m/*
20cc96a5ad724f77f5c8fc551334cd9d,1156421800,48,zs.meibeimeima.com/*
20d0430fd266e9a3eff20bd9c6a89f6c,1156610800,38,m.ibbsale.com/*
21e817f184ac20dd4b8cca76aab73b76,1156610300,4,m.ibbsale.com/*
21f7ed7f3d8f114ca8703b0e7ccfda77,1156530900,61,m.lexinvip.net/*
221f14cb632c9f7f7228ad968999d417,1156330100,29,bd-jp1y.qdgz886.cn/nc-s1-wap/*
228b760f52ef3c52fb81ddeaa5fcf6ab,1156611000,38,www.thcycc.com/zt/rjm666/wchuancheng/*
23ba69a9c12bd7ce09b6fd7eb297bee1,1156420100,3,www.qtpg8.com/*
23eab91aa2be835c55710a7c9e52a3d6,1156510500,1,coco.coco.beer/wcb/mw-f05-010-1804-02/*
23f464269a4c832c7e363c26b83acf03,1156610100,19,www.sscbtg.com/zt/rjm666/wbtgrjm/*
248cc3d7b248781a4fbc9821088134e0,1156530500,1,zs.meibeimeima.com/*
2516e91396ae2da815332f797f077fd9,1156610300,1,yd.cybpsw.com/ztb/roujiamo.html*
259e8b148730304c7097387053f1e09d,1156430400,41,gx.3861edu.cn/zonghe_m/*
25a936a7b1e7818c31b144cb68d3dcde,1156510100,68,bdgm.sypt02.cn/mmjd/mw-z08-001-1804/*
25d926a123e3607b64901053fe19f345,1156431100,39,m.ibbsale.com/*
25dc4cc0f3c552669b23bcc4426460dc,1156361000,38,m.ibbsale.com/*
2647c9c7b5a54dbea7a621ceffb04190,1156610100,25,m.ibbsale.com/*
269e5cb527b5aa212c139562afa7ccc2,1156130100,63,m.lexinvip.net/*
26a91fe8182bdc786c5ff5717fa93271,1156510100,6,m.ibbsale.com/*
26ceb5ecdb91d82d76254032dc85f83c,1156610400,22,m.ibbsale.com/*
27301d51a03002db7897ba9c6ff3556e,1156450100,1,ly.zsb13.cn/qtpg/wap/*
27e49bedcc84a82a67a3a27422842827,1156610500,1,www.thcycc.com/zt/rjm666/wchuancheng/*
295a9c405827a22a2c6790a6074181fa,1156421300,5,www.thcycc.com/zt/rjm666/wchuancheng/*
29e23765cd8e317c555270205e50b676,1156610100,15,www.sscbtg.com/zt/rjm666/wbtgrjm/*
2a5b0ac8a8307286113a73806e975c8a,1156430500,11,www.ujiabb.com/app/*
2afc21e7081e255f0ead53f81275dd97,1156460100,46,yfzs01.hch688.cn/yp01/klydd4-m/*
2b53c5919925bbf7810a95b9fd5df31b,1156421800,1,bddtlm.zsld69.com/web/2248/13903/19605/index_tpl.htm*
2b7bc378d06a134b4ac3e2285fbfb391,1156620100,13,gx.3861edu.cn/zonghe_m/*
2b83f29163a0fdd4094ef4e23006a163,1156431200,29,yfzs01.hch688.cn/yp01/klydd4-m/*
2b9ee96753696fea0670eff798bfbf4b,1156530500,20,www.qtpg8.com/*
2bf33b676ad432e73a7bd71cd8f79568,1156450900,19,zs.meibeimeima.com/*
2c11108e8e6870c0363f430c9543ce86,1156511300,38,m.ibbsale.com/*
2c3abef09c236436c1fe2a1c1edc086f,1156500000,49,www.ujiabb.com/app/*
2d493196b3bd220bb3601f72ed0f9c60,1156360700,1,bd-jp1y.qdgz886.cn/nc-s1-wap/*
2d59bf6abeaf714cda451972946fec1a,1156610800,2,ly.zsb13.cn/qtpg/wap/*
2de9b925a0f0a1edac4f1672dba3801a,1156360100,1,zs.meibeimeima.com/*
2e1f2c18ba5b9fad04461493db46a107,1156422800,41,bd-jp1y.qdgz886.cn/nc-s1-wap/*
2eea9c1209dab5b1f10cd130b3f3d62a,1156440100,20,m.honey-lovely.com/*
2f264de2e3f05531dccf63c7157c4409,1156610100,1,zs.meibeimeima.com/*
2fc2f550f6bda6ee9d9123e73962aa9d,1156341200,10,bd-jp1y.qdgz886.cn/nc-s1-wap/*
3063b05de5e33658e07955d36089d148,1156331000,20,m.ibbsale.com/*
3083c8b93bcdde335f54563a722047a0,1156360700,21,m.ibbsale.com/*
30ef89da9ea4811f7516ea9c0d0c6e03,1156370100,2,bd-ob.obency.com/*
30efa9b0fb0e0410441332d5844045d1,1156440100,49,www.ujiabb.com/app/*
3103c20f7b0a5a025d229fa35a74d9cc,1156500000,69,m.lexinvip.net/*
31090cc9a7b938422f8046820f1393c5,1156611000,26,m.ibbsale.com/*
3142d07df55d464dd548a41751c7b683,1156440300,27,gx.3861edu.cn/zonghe_m/*
3193c7453b77bb39423c0e3c587a5f35,1156131000,18,www.thcycc.com/zt/rjm666/wchuancheng/*
31a2717cc4028a9ba7ab4961d4df6a0a,1156340100,1,coco.coco.beer/wcb/mw-f05-010-1804-02/*
321f5bef80eceaf7bc5f9f12e6a90ba9,1156131000,1,m.m77.cn/web/qswd/index.htm*
32629e99e84b2d9e95deb6dee869406c,1156110000,13,88.58cytv.com/*
3279b0f1947cbc4935803821f138993a,1156451300,17,m.lexinvip.net/*
32a1263dd02574f8c25787e607f1ed6e,1156431000,67,gx.3861edu.cn/zonghe_m/*
32bfc22f2038d1eca66b6c5e01ea5cfe,1156510500,32,svip.zsb027.cn/join5/wap/*
32ca15b565620172b70145e583a1a1a4,1156420100,3,bdgm.sypt02.cn/mmjd/mw-z08-001-1804/*
32e97fcb689108782b6144ae91acecc7,1156360900,2,m.seven-trees.com/*
344461a53d5efb244f88aeb55de3e062,1156141000,2,gx.3861edu.cn/zonghe_m/*
34ef6bcd7eef9dde0ecdb3f09179554c,1156530800,68,m.lexinvip.net/*
35262e9202e93d25a23d92b52bbadb01,1156610400,2,www.thcycc.com/zt/rjm666/wchuancheng/*
35486f6e126720b5437a3998fc91870b,1156610500,1,m.ibbsale.com/*
3582d43ec260637b434c21db5d682b50,1156350100,19,www.thcycc.com/zt/rjm666/wchuancheng/*
35da6c01396a96c8c6ebf88af6245c85,1156440100,18,www.thcycc.com/zt/rjm666/wchuancheng/*
37b7f21d5a39720c192bf3d65210aaaa,1156500000,27,zs.meibeimeima.com/*
38736bd4b5da33af6a7602cd7f8bc735,1156511600,24,zs.meibeimeima.com/*
3889a388d6a459bebd30defac0d06a2d,1156341300,44,m.lexinvip.net/*
38eef329458fe7ad2e80167161411d6d,1156442000,22,www.ujiabb.com/app/*
397197bda14b1aa49d867c1074ead947,1156360800,31,m.sweetheartbibi.com/*
39c2f2fa2887df46d855e6db5a2a32ce,1156341200,29,bd-jp1y.qdgz886.cn/nc-s1-wap/*
3a078af9403513e75f3ccff4d886a5ca,1156500000,37,m.ibbsale.com/*
3a9dba8c117264d4af3b87a233a3019b,1156360900,29,bd-jp1y.qdgz886.cn/nc-s1-wap/*
3ad68ac4186f27f56726b27a43d53e80,1156460100,29,bd-jp1y.qdgz886.cn/nc-s1-wap/*
3aef51415ca7771deb4495e9a15a749c,1156130300,36,www.tclqzmp.com/zt/rjm666/wrjmkaichuang/*
3b3b47cdccf69b1765eecc6ecc9d8a73,1156460100,5,bdgm.sypt02.cn/mmjd/mw-z08-001-1804/*
3c10c87ae042749b9684fc29859b30b3,1156610100,4,m.ibbsale.com/*
3c644fcd87eba5d752870540f78d2f0c,1156530600,1,sy.rfeng01.cn/1904/qzd/wap/*
3c67499be5e2521618fba84b6ddd42a9,1156130100,3,m.lexinvip.net/*
3cd034cdc798f7feed75aca2a8f81272,1156340600,1,m.lexinvip.net/*
3cf69a901427ca462bf23ce7c42cd829,1156350100,10,bd-jp1y.qdgz886.cn/nc-s1-wap/*
3d19d03aaf00ad38a31048972709f7db,1156370600,1,m.lexinvip.net/*
3d1ac60bfe40922af0f8e79cd9ef68b2,1156610100,28,m.ibbsale.com/*
3d1d6edcc96a770c74044f30c8009327,1156341700,50,www.ujiabb.com/app/*
3dc12d53005f56e325f679f5a4af900a,1156420100,89,gx.3861edu.cn/zonghe_m/*
3de9f26daaf1d4285d5db68641a6e801,1156371500,40,yfzs01.hch688.cn/yp01/klydd4-m/*
3e1dbd26db20881b16688e8548873e30,1156511400,1,zs.meibeimeima.com/*
3ee549d56ce568820b3032217044588e,1156320100,29,bd-jp1y.qdgz886.cn/nc-s1-wap/*
3f5e1034fd278d1bf1ae9dca5a4f098d,1156610200,27,zs.meibeimeima.com/*
3fcafbaf8a61e566ea85682f29af8c08,1156360500,10,m.ibbsale.com/*
4029c01001dad9bce297d8638400620b,1156442000,10,www.ujiabb.com/app/*
40d7e27f08f67316052cbb391c5e613e,1156420100,7,m.lexinvip.net/*
40df6f8296f662d22a60d3a2ab722f31,1156610600,2,m.ibbsale.com/*
40e0f8f3acc712b232a8f3592f135be6,1156320100,36,svip.zsb027.cn/join5/wap/*
41640191f06abf75cf2cb9823ad3e9d1,1156530500,70,m.lexinvip.net/*
416e0373540a54eb8c08f498f0ab24c5,1156320100,24,bd-jp1y.qdgz886.cn/nc-s1-wap/*
420be8b5c4b7caca778534205efd7124,1156340200,89,gx.3861edu.cn/zonghe_m/*
4241ff055ce78f222b036c80ac9b345b,1156340300,6,zs.meibeimeima.com/*
4295860cc7ea77be244c809c54bc1e99,1156610100,8,www.tclqzmp.com/zt/rjm666/wrjmkaichuang/*
42e165fb0bfd3f47a1ec63a52d7f5827,1156130100,2,m.seven-trees.com/*
4359e32de2eb6edd9e219d6fce7786f6,1156341200,8,zs.meibeimeima.com/*
438d6efa084f0f2541abbd94ce214637,1156321100,52,gx.3861edu.cn/zonghe_m/*
43a276b5518e2917b651fe26d225c5f4,1156340100,9,m.lexinvip.net/*
43b656a612447cc19734085b232ee5cb,1156340200,1,www.ujiabb.com/app/*
444f4536493b4e1de7bad198a8b80851,1156110000,14,m.honey-lovely.com/*
445837da8a56d8955f2f5d6816a7fba5,1156320600,1,ly.zsb13.cn/qtpg/wap/*
44fdfd48efef309a3ab7a714cc9dfcb5,1156340600,134,gx.3861edu.cn/zonghe_m/*
457cad1ffd62aa1263b5aa442f6baad2,1156350100,10,www.csjmiaodongpaigu.com/*
458edc725a4b6d320167bb64efac2a34,1156440300,29,bd-jp1y.qdgz886.cn/nc-s1-wap/*
45a5af57f94366ed6bbe4b24412c5d35,1156610100,19,www.thcycc.com/zt/rjm666/wchuancheng/*
45c3799c3ced97ee812fcf4326b959ff,1156350700,30,yfzs01.hch688.cn/yp01/klydd4-m/*
46da9400273b09abb10575231c256284,1156360700,54,m.lexinvip.net/*
470b93ccb7ce56682a5d81c24eea8b41,1156360500,40,www.ujiabb.com/app/*
47b21a45c5afe68b88eb6b24e2f01152,1156510100,1,www.qtpg8.com/*
47f3568499bffb818ca759735b3425f0,1156120000,64,m.lexinvip.net/*
48185a8a63e277fca8c4ce314aac3ef2,1156340100,2,bd-jp1y.qdgz886.cn/nc-s1-wap/*
484bc7a3632be577b353154932d71229,1156500000,19,www.thcycc.com/zt/rjm666/wchuancheng/*
48d4f6c1588efbfa7193f50c18c85fc0,1156530400,28,zs.meibeimeima.com/*
4923101190adbcb8bccab5325d7e4807,1156440600,27,bd-jp1y.qdgz886.cn/nc-s1-wap/*
493547baed8181a7bcc936214e5134d5,1156110000,76,www.ujiabb.com/app/*
494cbefd2c5eff58240c8ac59c75dfeb,1156500000,1,coco.coco.beer/wcb/mw-f05-010-1804-02/*
49734f2634f2d025145b9b023226590a,1156410100,45,zs.meibeimeima.com/*
4afcc95abcc79c9b4a4630265a2142ba,1156520200,1,bd-jp1y.qdgz886.cn/nc-s1-wap/*
4b2bd0c96a506ca14545d5ed13ab6411,1156610100,58,www.thcycc.com/zt/rjm666/wchuancheng/*
4b41b5432344ffb83aac10bb2fdf7eb0,1156610100,1,coco.coco.beer/wcb/mw-f05-010-1804-02/*
4bcc10fd3eca5d4cd29f3d892104f0c5,1156321000,88,gx.3861edu.cn/zonghe_m/*
4bd74538f207ad2692bac1aebf38a407,1156610300,31,bd-jp1y.qdgz886.cn/nc-s1-wap/*
4bfa4e47546282ae2a8f2e7e5f80a4ca,1156341300,6,www.tclqzmp.com/zt/rjm666/wrjmkaichuang/*
4c403957bf9e7a3bfb1efd4d403dcca7,1156370800,1,www.qtpg8.com/*
4c718a9633fda644f4e174ff0ee9d6d1,1156310000,29,bd-jp1y.qdgz886.cn/nc-s1-wap/*
4de178c6f20198483918b90fb7c60777,1156350200,27,bd-jp1y.qdgz886.cn/nc-s1-wap/*
4de57079b75b988c717c5c0008872f73,1156331000,17,www.ujiabb.com/app/*
4e7c7c65f43ed26ad356f697b61171f9,1156350500,49,www.ujiabb.com/app/*
4ed66f6f0a1354c5c7d29b6c8cf26092,1156440300,5,m.lexinvip.net/*
4f4e28cea1f225a19f40b2820832b9ed,1156500000,40,m.ibbsale.com/*
4fb29a801022c9c495777af38d83d5d6,1156320700,17,www.sscbtg.com/zt/rjm666/wbtgrjm/*
502729a403194f6ad26d9f412f9bf28d,1156460100,30,yfzs01.hch688.cn/yp01/klydd4-m/*
502969b6642c45fea557c21c88ba5ed9,1156350100,6,m.ibbsale.com/*
504fdf65464f51f5d002fa94355aa51b,1156310000,3,m.lexinvip.net/*
505100f3e81e3e3765d59b415e797d03,1156440300,1,bd.jiameng.cn/xiongmaomy/*
51287454fcd994048f0798b8a303afc2,1156360500,38,m.ibbsale.com/*
518b4bb257cd378831e6a60ae0786ccc,1156510500,64,m.lexinvip.net/*
51b03504972c523b2c12dcc5df246924,1156610400,1,m.seven-trees.com/*
51e5c848eedcd230adc0e3bc190a5334,1156360900,1,m.m77.cn/web/qswd/index.htm*
522bfa82ec74eaf06f24e5e471e36590,1156440300,17,bd-jp1y.qdgz886.cn/nc-s1-wap/*
52a590539df4e86e44b30094d16cc992,1156120000,7,bd-jp1y.qdgz886.cn/nc-s1-wap/*
52ad5653021f90ff684821154e4c70f3,1156531000,29,m.ibbsale.com/*
52cae55cf9a13e4a223a7b630a647527,1156140100,15,m.ibbsale.com/*
52f1a87b9abee85324d0cbb538182ecc,1156360700,30,yfzs01.hch688.cn/yp01/klydd4-m/*
53b38e70ad96bc9f1c12eff5e9944cc8,1156350600,7,m.ibbsale.com/*
54907bd38d05c95db157cfb8569cdabe,1156510100,9,www.thcycc.com/zt/rjm666/wchuancheng/*
54d8ff58afcbbfdcefba8ed5d16eab28,1156440600,36,bd-jp1y.qdgz886.cn/nc-s1-wap/*
559c334fb499892ab62c7a01dc03e549,1156310000,8,www.ujiabb.com/app/*
5664a1c3ce0e204e849d134bb96a506a,1156431200,47,bd-ob.obency.com/*
57f2a8a66da73333b1035229c45ea836,1156341100,2,bd-ob.obency.com/*
58157ff44c8d2c3af84d80aba3a79fb4,1156510100,40,m.ibbsale.com/*
58216db1d3638120faf6cad4d8f1dfbe,1156451000,4,www.ujiabb.com/app/*
5851266ba02b2ea8bce477e2ff4ef805,1156450100,7,bdgm.sypt02.cn/mmjd/mw-z08-001-1804/*
588585d6f4701475f95ee203f6422bc9,1156500000,37,m.ibbsale.com/*
58b62460b893beea0e9179c46e6d051e,1156340600,1,www.xazjcy.com/*
58c89df6a78f5b557e2edd72c24e406c,1156610100,4,www.thcycc.com/zt/rjm666/wchuancheng/*
58ca8d115ace9e4ca153efb47a9eef29,1156371100,14,m.honey-lovely.com/*
58d124a0531182ffb06c7d9a68eafb1a,1156310000,12,www.tclqzmp.com/zt/rjm666/wrjmkaichuang/*
58e1dfe5b91cb2049f7e6f721d8ae782,1156361000,64,m.lexinvip.net/*
58fe74e80d9ac440021c1693928e66f8,1156231200,4,yfzs01.hch688.cn/yp01/klydd4-m/*
597b3ab5ccdf49772d5b5dbd904efd12,1156440800,7,www.ujiabb.com/app/*
598f14b19dcddff6916cebc22eac2680,1156140700,40,bd-ob.obency.com/*
5a913d028cf752a8cda8397d7f37ffe3,1156341500,6,svip.zsb027.cn/join5/wap/*
5ab0a6afa7eb771f203da84ec8f0dd6a,1156440100,3,bd-jp1y.qdgz886.cn/nc-s1-wap/*
5acb7a4eca820d094201e5e358c44abe,1156371300,1,m.jiamengs.cn/youjiabaobei/*
5b0b873b871d616a6206fa1b7af01059,1156530100,31,bd-jp1y.qdgz886.cn/nc-s1-wap/*
5b7c8cc7e0fdede37433fab73e5806e8,1156350400,2,m.seven-trees.com/*
5bc81f91e83366c97b78da27aa584884,1156610300,29,www.xazjcy.com/*
5bfc34dabd52df611f5d7185ad0fb124,1156460100,19,www.thcycc.com/zt/rjm666/wchuancheng/*
5c5b702ccf4db3f50ee44e1564f65656,1156450300,51,www.ujiabb.com/app/*
5d44a73549abfbfa1604d13ec6b42f20,1156120000,17,yfzs01.hch688.cn/yp01/klydd4-m/*
5d44f77fb498eefd3136b1ec2ab3ea6b,1156511500,3,www.ujiabb.com/app/*
5d46869035ac5e0ab3e375ae2e9819bc,1156320600,59,svip.zsb027.cn/join5/wap/*
5d57b32d094d4a2a798cf898f86048f8,1156510500,1,www.ujiabb.com/app/*
5d7ffef3bcb2523dd968aabfb1fe6f37,1156420100,30,www.ujiabb.com/app/*
5dcc25303c0d566fcddf4d4d9eac65e4,1156330100,1,www.sscbtg.com/zt/rjm666/wbtgrjm/*
5e17ed49693b160b0ede821ff102f75c,1156361000,25,zs.meibeimeima.com/*
5e754a44abf5f66eada8c27648d13188,1156421800,7,www.ujiabb.com/app/*
5eda254940ce01fabac3a8966eb0a0a5,1156510100,16,www.ujiabb.com/app/*
5f510a0cd4861d5a2162e234a5383643,1156510100,1,sy.rfeng01.cn/1904/qzd/wap/*
5feea442f01d9814849f2bdcba6967d9,1156510300,35,m.ibbsale.com/*
601abf2f98d6e9351c5b66b984b9dfa9,1156511500,38,m.ibbsale.com/*
615b5ebea48fa8cd740887f11c94adc0,1156610100,1,www.ujiabb.com/app/*
6180b6bb6b54a425bcbd1d4a69cc1ef4,1156512000,38,m.ibbsale.com/*
618e666f596cdaf2798409199c7e5f37,1156310000,1,www.silumeishi.com/*
6193df74261a1ec1d61d1a926d04cf9a,1156610100,18,www.tclqzmp.com/zt/rjm666/wrjmkaichuang/*
61e044ef529be1ed8d86abd64f997c48,1156130600,25,bd-jp1y.qdgz886.cn/nc-s1-wap/*
62240511d723d4611287a8d579503e6b,1156130800,10,www.ujiabb.com/app/*
624ddcf1a7c1f9681cfda3ee1b3cd216,1156310000,1,coco.coco.beer/wcb/mw-f05-010-1804-02/*
6256645a93e606c2060f074d241bd9a0,1156420800,38,m.lexinvip.net/*
6280bc4fa96fa02f82c7656d82dbcfe3,1156610100,57,svip.zsb027.cn/join5/wap/*
62a6ee0a8728e1ff597b464f90573000,1156420100,3,www.ujiabb.com/app/*
62e3703d00c55b211ac663480523747e,1156360100,49,www.ujiabb.com/app/*
637668e6187e9373f794650c949dea24,1156130400,29,bd-jp1y.qdgz886.cn/nc-s1-wap/*
6475ec9fbf0f15e23062f46807eab5b5,1156610100,42,www.ujiabb.com/app/*
6489309b6522df7d73123c430f080dc5,1156450200,64,yfzs01.hch688.cn/yp01/klydd4-m/*
65283f552ce409234591e42eebefd2bd,1156370100,67,m.lexinvip.net/*
653f43ccd24c97d34e8c007324411908,1156140100,13,www.ujiabb.com/app/*
65403257e3f139a103d2e7bfce4eb2bf,1156513200,6,gx.3861edu.cn/zonghe_m/*
656c1bbf65994f146d403337f41fe178,1156360400,88,m.lexinvip.net/*
65903df94136b53e9c1c0de38bf93008,1156310000,16,gx.3861edu.cn/zonghe_m/*
65ffa1f0739a08cd8e9eeab9faf4c236,1156370900,44,m.lexinvip.net/*
66ec60e905df0d366dbfbe7e588e5e79,1156361100,1,www.ujiabb.com/app/*
67949412fd44144bc12ec9b0a593f48d,1156310000,28,yfzs01.hch688.cn/yp01/klydd4-m/*
67b76dac2c1eb1f61c928224e44db945,1156430100,115,m.ibbsale.com/*
67b99f5c0d59f1d73d453f33b04cb3ce,1156511900,1,m.seven-trees.com/*
67fbd44c22cb2cdc1e2d1aea82bf5442,1156320200,1,zjnj.come.beer/zjxq/mw-j66-001-1905/*
6831e3743573cc6351cd4d2160b6ffd2,1156610600,29,bd-jp1y.qdgz886.cn/nc-s3-wap/*
684f15084849b9e4799f00cdb070df04,1156610100,4,88.58cytv.com/*
68eeb8f2bb5ba9446e1b41b7730a9227,1156440900,29,yfzs01.hch688.cn/yp01/klydd4-m/*
6936f448f29ce08cabbcdd5c4728f362,1156430900,41,www.ujiabb.com/app/*
6a653096cfe05da307acc950d8a2290b,1156610100,1,bddtlm.zsld69.com/web/2248/13903/19605/index_tpl.htm*
6a7e6aaf62ea8fb66b6c5880319b19c7,1156420200,10,gx.3861edu.cn/zonghe_m/*
6a9da1d5221e541637a5debfe1edc3bd,1156130800,1,wapbd.7158.cn/7158/031750/wap/21_0_0_w.html*
6ae1612a1bf27d4f9a7ca1ea91d3150a,1156371200,12,gx.3861edu.cn/zonghe_m/*
6b89175dfc850502e228279cb5c609b1,1156361100,8,zs.meibeimeima.com/*
6bb679238cdaff9622315c84d2cb4c42,1156360100,37,m.ibbsale.com/*
6c5019bb4e3c50bf8e9dd2632f9aa9d1,1156440900,77,www.ujiabb.com/app/*
6cdfc10a57baa80fd2ea7ed129c0ce2e,1156610800,51,svip.zsb027.cn/join5/wap/*
6d0c1aae60e19772d12195efa0f31e5b,1156420100,27,bd-jp1y.qdgz886.cn/nc-s1-wap/*
6d48967b4bfb5ce2f8eaa84420f6f944,1156110000,20,www.thcycc.com/zt/rjm666/wchuancheng/*
6d7e940e214ef757554ff413c952e081,1156610300,40,www.ujiabb.com/app/*
6dd610ea12b7219654be77ac96b07407,1156360700,20,www.ujiabb.com/app/*
6e4e5ffd8c08e0685a15c72a50feff07,1156360800,33,bd-jp1y.qdgz886.cn/nc-s1-wap/*
6eda1679ecfd259bbf91f92aa57ad934,1156510100,28,m.ibbsale.com/*
700b9bd17954e8b285eceba6bd48895c,1156500000,47,gx.3861edu.cn/zonghe_m/*
70269fb7c9831bce367e50993cd6a45d,1156500000,61,www.ujiabb.com/app/*
7059c847697ea8ba905a595a753e0765,1156510100,2,m.seven-trees.com/*
705f8ae74f450ecf6c8e3d31c4703945,1156611000,29,bd-jp1y.qdgz886.cn/nc-s1-wap/*
70c17ce55af93944acde026d4e9c218f,1156510600,8,www.qtpg8.com/*
712647e8cf0a6208fadb3eeb2d228a35,1156420100,1,yfzs01.hch688.cn/yp01/klydd4-m/*
72338576225e980324787b4ac7704458,1156610500,3,www.thcycc.com/zt/rjm666/wchuancheng/*
728bf5178b6f042e174923107a36090c,1156422800,17,www.ujiabb.com/app/*
72d6711e635e558b745ea8622362a199,1156430100,20,www.thcycc.com/zt/rjm666/wchuancheng/*
7390e2d08e47e16f4e01aa09cfd0d229,1156340100,18,www.thcycc.com/zt/rjm666/wchuancheng/*
73b97c3b69f3a2543d2ec15a8fd03e7b,1156610300,19,www.sscbtg.com/zt/rjm666/wbtgrjm/*
73e6f40e39cbbb2d5be24d886c306af6,1156610800,38,m.ibbsale.com/*
747886cb3288a3e0fe7c2321e91d05bd,1156350800,37,m.ibbsale.com/*
74b0ae69d44e42e4d4e79e405800ee62,1156500000,1,bddtlm.zsld69.com/web/2248/13903/19605/index_tpl.htm*
74c8da3eb8a5af72563d840a89d6d0dc,1156431200,44,www.ujiabb.com/app/*
751efa4b93c9bca655b2b0e7021d518e,1156510100,49,www.ujiabb.com/app/*
752ce214d51d87af89c3866c9153e011,1156371100,17,www.thcycc.com/zt/rjm666/wchuancheng/*
754ee593b81d0386027ae7af401f89a2,1156320100,19,www.thcycc.com/zt/rjm666/wchuancheng/*
7579de43b3ef357d1876288de865d678,1156500000,38,m.ibbsale.com/*
75ab9d18f6d5ce106a9f8f44eb054697,1156340600,1,bddtlm.zsld69.com/web/2248/13903/19605/index_tpl.htm*
75de036be00aabd56b819004a0900f9b,1156340100,1,coco.coco.beer/wcb/mw-f05-010-1804-02/*
75f2aa7c4b80c38bf1e017793507c854,1156321300,17,www.ujiabb.com/app/*
777fa1cdbf13485e5bddd47423d9bc59,1156450100,3,m.ibbsale.com/*
77a7e24e2041d45ed143a3b3f553b4b4,1156441300,28,gx.3861edu.cn/zonghe_m/*
78598ded57b42262ccde976dd8c05cd2,1156420500,1,www.ujiabb.com/app/*
788bee1b0c558d137aadc15465386485,1156350100,45,www.ujiabb.com/app/*
7959eb10a3842138bd42a5dcae349895,1156340100,29,svip.zsb027.cn/join5/wap/*
79678ce8504b20b6c864fb4d9de74cdf,1156110000,147,www.ujiabb.com/app/*
799ac8700ed00f0611752485666e7ef3,1156511500,26,zs.meibeimeima.com/*
79a85f326088908192eeed76c09494fe,1156530100,71,m.lexinvip.net/*
79ceeb5605ca5b600cdf1bd3e0bc4905,1156321000,57,m.lexinvip.net/*
7a5c115c28363650d85dbc4e1f2d21a8,1156110000,25,www.thcycc.com/zt/rjm666/wchuancheng/*
7a65da645b0997a47a9a1cd7a9c0c7aa,1156330300,123,www.ujiabb.com/app/*
7afc6ea9db1c51ad59eae1539e8c7ee4,1156370600,39,www.ujiabb.com/app/*
7b38300829ad172be2ac296a52bc5347,1156610700,7,88.58cytv.com/*
7b48de61f8692649f58c7cfa4d0d1035,1156610100,38,m.ibbsale.com/*
7b7d36b16acebc1791a049e23ac8b0ac,1156500000,49,www.ujiabb.com/app/*
7bcf3b83bf7a92dc09a08239229489f3,1156341300,30,m.lexinvip.net/*
7bd41f480f64aecfba5b26d81548f923,1156420100,2,yfzs01.hch688.cn/yp01/klydd4-m/*
7bfe87dc8d43d21fedcacf18689b4ea6,1156370500,88,gx.3861edu.cn/zonghe_m/*
7c372eca28e66f6b85b549ba977867fb,1156510500,1,sy.rfeng01.cn/1904/qzd/wap/*
7c581f5dc0be9dceec0278b85c13729a,1156140100,13,gx.3861edu.cn/zonghe_m/*
7cdb44e3482152d833f11a2d2499c89c,1156360900,1,m.jiamengs.cn/youjiabaobei/*
7d261e92ce485f4b3612652fde55759e,1156441200,29,bd-jp1y.qdgz886.cn/nc-s1-wap/*
7d3fbaa65944874fe73c4c11cd64ec81,1156330700,3,svip.zsb027.cn/join5/wap/*
7d9b9ab15665cfaa2bd11cefd02543c0,1156420100,14,gx.3861edu.cn/zonghe_m/*
7ef79a22adbebe676891da4ca2070e2d,1156610800,11,m.ibbsale.com/*
7f3834a3f6f7a958f1b6f54736c04ff7,1156610300,29,bd-jp1y.qdgz886.cn/nc-s1-wap/*
7f41bdbe4b1295559bc30a4e7c344173,1156511400,1,m.seven-trees.com/*
7f48e82974b6729ae27bffb22b78d544,1156360300,12,zs.meibeimeima.com/*
7f83b7a357439675cc0c4b718ee0c7ed,1156511700,14,www.qtpg8.com/*
80879966e6e206f3a77d0e7f7d61014d,1156130200,55,gx.3861edu.cn/zonghe_m/*
815831fee9710758435a462fbe1a6d61,1156500000,30,bdgm.sypt02.cn/mmjd/mw-z08-001-1804/*
81591d79d20b13cc620f261cac3607ac,1156371700,5,bd-jp1y.qdgz886.cn/nc-s1-wap/*
8210414e6f42f0e80fc697c35d4ae65c,1156330100,340,www.ujiabb.com/app/*
822d72ddb09b6462b2e5ee05fe28cfa9,1156610700,93,m.lexinvip.net/*
8290fbe9e294ac734a434f0f30cefe14,1156450700,3,bdgm.sypt02.cn/mmjd/mw-z08-001-1804/*
8350322ab62e26811618fbee13523612,1156350600,36,www.ujiabb.com/app/*
8383136ac4c1b00d75831ec3d4f29801,1156350400,59,svip.zsb027.cn/join5/wap/*
83b432008be72649f3ef74f6c5084b11,1156120000,79,bdgm.sypt02.cn/mmjd/mw-z08-001-1804/*
850d568a5c92eaef14e2101e1317d363,1156440100,36,wapcc.hzkai.com/*
853bde6826590529d26d0b987feab721,1156610700,5,www.thcycc.com/zt/rjm666/wchuancheng/*
87129f2eea3f1afb7ca83ff3dc9e50a6,1156420100,1,sy.rfeng01.cn/1904/qzd/wap/*
87465414be3df9847682bc0e0f7ab41e,1156450900,2,m.lexinvip.net/*
876c306631b2f995137b8393514156b9,1156130600,49,www.ujiabb.com/app/*
87ac7177057e92b202e0f87d86452790,1156610700,12,zs.meibeimeima.com/*
881325899e59dc5d8eeec9754cd4089b,1156610100,2,coco.coco.beer/wcb/mw-f05-010-1804-02/*
88947b5b8759ea23795241168cc8de51,1156210500,18,bd-jp1y.qdgz886.cn/nc-s1-wap/*
8896e6b2fe4181470853bfbd4dc81b7c,1156320900,62,m.lexinvip.net/*
88a831f45be27970f46b3c57d4f0dc48,1156331000,38,m.ibbsale.com/*
88a89e3953883959657c244566090b15,1156341100,49,www.ujiabb.com/app/*
88b4b75399d72ab5e7bf358e297fad5e,1156350100,3,m.ibbsale.com/*
88beba556d8190cbf45723405e1f4c34,1156441900,3,www.ujiabb.com/app/*
89932da31677dc945c5672c0d79c7f5f,1156450700,35,zs.meibeimeima.com/*
89bf66234fe4c757b685488c94e3d650,1156640100,27,zs.meibeimeima.com/*
89cdf6bd23b7b3bd1a082415ffe5e6a1,1156361000,69,m.lexinvip.net/*
89f2e8f5c1188cb1fcbae2ea0df8d8b6,1156451400,1,zs.meibeimeima.com/*
8a39d08ae330af0e4f783277eacbe191,1156510100,1,coco.coco.beer/wcb/mw-f05-010-1804-02/*
8a613175de11bb021ca46c3ddc0c9301,1156360900,23,zs.meibeimeima.com/*
8b610afe09352eff83e99d4f14fda778,1156440600,20,m.ibbsale.com/*
8b8b982f8bace7d6c325c1f7f7c29d61,1156511500,12,www.ujiabb.com/app/*
8b9750f617453d90c94e5f673328578c,1156450100,50,bdgm.sypt02.cn/mmjd/mw-z08-001-1804/*
8b99efbebbe390d8da3f380524fad7e4,1156511300,49,www.ujiabb.com/app/*
8bc0b6e9eb7d5446ec61d045ba8da25e,1156500000,14,gx.3861edu.cn/zonghe_m/*
8be4a3afd59a178b08fa759d4ccd174b,1156610100,18,www.silumeishi.com/*
8beb7176536f85ced77b71b31745c0c1,1156360200,1,www.ujiabb.com/app/*
8bfcfbd54919b959cc778e3bd03964e1,1156320500,94,gx.3861edu.cn/zonghe_m/*
8c5e78539ad3f22a1b33b9768ec10fbc,1156350600,23,m.ibbsale.com/*
8c9f19ac4796eded1fe7f5a76b488588,1156430200,1,coco.coco.beer/wcb/mw-f05-010-1804-02/*
8cc409704c8c8bb6dd4de1eddf34a785,1156310000,79,gx.3861edu.cn/zonghe_m/*
8d52bfaabb76c10dd6b8de5ef5b323d7,1156431100,92,svip.zsb027.cn/join5/wap/*
8dd652f429c4bc257cfe83eb74b66145,1156310000,1,www.ujiabb.com/app/*
8e04dc5bcd15da75ac2c96c5fc0076f2,1156440700,1,bd-ob.obency.com/*
8e3755e5e1761cdbf0dd149788760c6c,1156522700,38,m.ibbsale.com/*
8e3aae0d74b289297de12bfcd5e29840,1156341200,1,m.lexinvip.net/*
8e45252929884fc0bdc784e2f81194b2,1156320300,1,sy.rfeng01.cn/1904/qzd/wap/*
8e641458f859043cd1615e47cb2347c9,1156510600,9,m.lexinvip.net/*
8e94f8bd572aee491c16f8b5e09ffef4,1156360900,107,svip.zsb027.cn/join5/wap/*
8ea3cbcdd3de99eb8996b71d89daafec,1156610100,1,bd-jp1y.qdgz886.cn/nc-s1-wap/*
8ed9b3e95db74a2c0f87ba2a2f4528a8,1156420500,27,m.lexinvip.net/*
8edd642a3362d0746a5d87702bfb841c,1156610600,28,bd-jp1y.qdgz886.cn/nc-s1-wap/*
8fafcd990659b5a6b70050b5692a230c,1156440800,27,bd-jp1y.qdgz886.cn/nc-s1-wap/*
903238a0a95858916cbe181257c7ee34,1156610100,14,m.ibbsale.com/*
904f7445a3fefc39ecca0fe176d3b135,1156320200,1,m.seven-trees.com/*
9160ee387ac9cf7a6b86e35009072a52,1156110000,77,www.ujiabb.com/app/*
916897f7503881568c4984dddaae576d,1156370200,1,m.lexinvip.net/*
9191cbf7dee5dc78791aed483d7b0fda,1156330200,123,bd-ob.obency.com/*
9194ff6c81728c09c0cb9ef55950fe67,1156530400,31,www.ujiabb.com/app/*
91b52dd0a3e709c15cb7999a9e742da6,1156610100,1,wkd.zsld68.com/zjxq/mw-j66-001-1905/*
91ba0ce63fd07a344fe710aeb92aee33,1156350200,66,m.lexinvip.net/*
920926c752acd9dfab3c793fa0f0c39e,1156430800,29,yfzs01.hch688.cn/yp01/klydd4-m/*
927f73203f5cd3dd174608dfcade2589,1156530100,2,coco.coco.beer/wcb/mw-f05-010-1804-02/*
92adf180aa182d46f22cc664705bd851,1156510100,1,www.ujiabb.com/app/*
92d0160248b5932072b142acc0777fc6,1156510100,50,www.ujiabb.com/app/*
92d2a13837b2f3dfc548601e80ddb106,1156110000,33,www.ujiabb.com/app/*
9335ef101732a005709b42aeb1cf4c67,1156440700,25,www.thcycc.com/zt/rjm666/wchuancheng/*
933b42cbbbc1ead9b35c6ac267ad46dc,1156440300,2,svip.zsb027.cn/join5/wap/*
935cda88b3009b57efa5f78092f0c235,1156340400,28,bd-jp1y.qdgz886.cn/nc-s1-wap/*
93be93d4911f7d1abe8737f90d816fad,1156340400,49,bd-jp1y.qdgz886.cn/nc-s1-wap/*
93c384976fd85c0f12ae3d8454dfa5e9,1156340300,2,88.58cytv.com/*
93e2be56f1afb026bbd65a1376b52dc0,1156610700,48,www.ujiabb.com/app/*
93f3bf1728089aa318f00d8c407224a0,1156430100,57,svip.zsb027.cn/join5/wap/*
93f4362c6ac7bd06867e16ac30c3f2dc,1156510100,4,m.ibbsale.com/*
93f97f0d8661900569ffab7fa2628956,1156510600,30,yfzs01.hch688.cn/yp01/klydd4-m/*
943ba2d7bae763c140c211ed312d9b17,1156511000,1,coco.coco.beer/wcb/mw-f05-010-1804-02/*
951181c45efe277a06954162882fe17c,1156522700,49,www.ujiabb.com/app/*
956332c9f171aaee0b5a95dd5f9e8e9f,1156610100,59,svip.zsb027.cn/join5/wap/*
958c38e30e6791017d11725a6748aa5b,1156610100,16,www.sscbtg.com/zt/rjm666/wbtgrjm/*
95b013e0765c19720737615803241ce0,1156500000,9,m.ibbsale.com/*
95c5da2e559ba763a4e53b9051d2bd9d,1156371500,24,www.sscbtg.com/zt/rjm666/wbtgrjm/*
9616ad1396a8c29a56c28496696b90af,1156310000,24,www.sscbtg.com/zt/rjm666/wbtgrjm/*
969883a70e3f994376c3e91eb15f07d9,1156451000,71,m.lexinvip.net/*
9699d0d94854787fbffac31168f24f43,1156370400,28,bd-jp1y.qdgz886.cn/nc-s1-wap/*
96d76d31724a69844eed4af242ee0c4c,1156340300,15,www.ujiabb.com/app/*
96e2cf0bf6e84959161068a04620063e,1156350100,58,m.lexinvip.net/*
97493d2cd6d6e842bdda8e9c86a6ec7e,1156610100,1,bddtlm.zsld69.com/web/2248/13903/19605/index_tpl.htm*
9780597a13b4057b4a3d33736760062a,1156441300,69,zs.meibeimeima.com/*
97a2b3d66a5ec14db75e274ddfc639b5,1156500000,1,zs.meibeimeima.com/*
97b7b3bcb14e8915c641476a58b7a9fb,1156500000,22,m.lexinvip.net/*
97d32b332dfc99640148615805a85871,1156341300,10,zs.meibeimeima.com/*
97f247e5da7de6c09d5863132d25dd68,1156320800,83,gx.3861edu.cn/zonghe_m/*
981341eb6e4f704d65e113b566162df6,1156610100,2,www.ujiabb.com/app/*
9830b5c113074aa7c08212122a38c222,1156350900,29,bd-jp1y.qdgz886.cn/nc-s1-wap/*
9885f9242b16eb06fed7e64d479057f7,1156460100,59,svip.zsb027.cn/join5/wap/*
98c9e97a10d2017274cdda634777614f,1156361000,63,svip.zsb027.cn/join5/wap/*
98d660564dbe9e380c091800ec3ed53c,1156431200,37,m.ibbsale.com/*
990581a2a148db2df6c6f350bcffc89c,1156500000,31,gx.3861edu.cn/zonghe_m/*
9907a160d069ab3e80085e12ef66b7ce,1156371100,50,www.ujiabb.com/app/*
9953ed3b8346e39afda80b43d3e9b139,1156341200,29,bd-jp1y.qdgz886.cn/nc-s1-wap/*
99a417269eb353c0f562eeaf16118a74,1156320500,1,wapbd.7158.cn/7158/031750/wap/21_0_0_w.html*
9a1fde1e40534300bdbf4510c2dc34f1,1156341200,11,www.tclqzmp.com/zt/rjm666/wrjmkaichuang/*
9a3f778d82728f0a696f46b61ed09d6b,1156440300,14,www.ujiabb.com/app/*
9a4180492376d995b6aabb09b3390173,1156510100,29,bd-jp1y.qdgz886.cn/nc-s1-wap/*
9a4ca38c4fd0fd890a9a30add0e3b2ed,1156130100,50,www.ujiabb.com/app/*
9b3d941b1d390dcb89f257a2a44e0928,1156141100,19,www.thcycc.com/zt/rjm666/wchuancheng/*
9c1e710a8db04de95685b0dd27d10133,1156510600,14,yfzs01.hch688.cn/yp01/klydd4-m/*
9c3db081df3cfb64f76febfe0b97bdaf,1156500000,36,m.ibbsale.com/*
9cbeaeb3bf7299caac7c37ab89122359,1156610100,1,m.seven-trees.com/*
9d14fed6c5d566b623abc88f79232d13,1156610800,26,m.ibbsale.com/*
9e2d0ac9d39a8492e24e2017cbb5ed9e,1156510100,69,m.lexinvip.net/*
9ed5746e902f64c47731619a3774a8e8,1156431000,2,m.ibbsale.com/*
9f663493794f4004d4685c4bcae2bcdc,1156610600,9,m.ibbsale.com/*
9fc8ada4e9d03cfa413ae430f9914c2a,1156360700,29,bd-jp1y.qdgz886.cn/nc-s1-wap/*
a00e7a86d8d3a512a5a64c2894322b72,1156510900,10,m.ibbsale.com/*
a0cd9dbc5de7663f7e24b47596bdc04d,1156340100,1,sy.rfeng01.cn/1904/qzd/wap/*
a0d2a5ad00ffc5c101b7a1ad68026e20,1156340600,33,yfzs01.hch688.cn/yp01/klydd4-m/*
a1661b907c542ef3eae134b05d0265b6,1156320900,16,bd-jp1y.qdgz886.cn/nc-s1-wap/*
a1aa7d6d500754329ff0de830222c25e,1156330300,30,www.ujiabb.com/app/*
a2d7a77a517e11265b3ee76882e928ba,1156430600,1,m.lexinvip.net/*
a313d2da952ddfcc892907638474078b,1156130100,59,www.ujiabb.com/app/*
a428787bd31baecc67fd2a9acb521cb8,1156130800,23,www.ujiabb.com/app/*
a4b1a3d70b91edb5644717b0f395bf19,1156430100,2,yfzs01.hch688.cn/yp01/klydd4-m/*
a4c539806973ac5ece4220db5a700ccf,1156340300,128,www.ujiabb.com/app/*
a5133c1f43f6dd607412cb84749848e4,1156370700,9,www.thcycc.com/zt/rjm666/wchuancheng/*
a5223793f620435eeb0743bc25977382,1156420100,29,zs.meibeimeima.com/*
a55957c2c3587445ecee4e6098dc9b73,1156510100,106,www.ujiabb.com/app/*
a5c2ad139d949823f5ecec794c5cb7e0,1156510500,4,m.ibbsale.com/*
a5ea0c6585041aba4e38dbfac20393b5,1156451200,88,gx.3861edu.cn/zonghe_m/*
a6b2da66891d7e54f88c27f9f11d232f,1156340500,44,www.ujiabb.com/app/*
a6c235fbf49f04ceda5883a1d66fb3ef,1156610100,4,m.ibbsale.com/*
a763acc2baf3d592186a9345abeb5f1f,1156140700,17,www.ujiabb.com/app/*
a781f3db02a9310344510ea6529f140c,1156530400,7,www.ujiabb.com/app/*
a79eb64170c8c03975146e091f241767,1156520300,88,gx.3861edu.cn/zonghe_m/*
a7b37f02cabb0c414d1abaa8290b82ee,1156511500,28,bd-jp1y.qdgz886.cn/nc-s1-wap/*
a80ea66f83fdec447a131f1cdf124439,1156440100,89,gx.3861edu.cn/zonghe_m/*
a8ef9afb5c18f956673ecd8b697f054c,1156130300,6,www.qtpg8.com/*
a90025cdd825db436cde7042e0f0e893,1156370600,9,bd-ob.obency.com/*
a95b3a6e52cf68a5f775f4c366ef33eb,1156310000,6,bd-ob.obency.com/*
a996fd070498689ffd441142a621dcdf,1156320200,67,m.ibbsale.com/*
a9ab198f6751b9b04068e5bb925d2c8f,1156321100,69,www.ujiabb.com/app/*
a9b1c040d22a541299c6599b9b1b96cf,1156341600,22,zs.meibeimeima.com/*
aa758eb4eaff69b6fcc9fca5bbbc540f,1156451200,1,m.lexinvip.net/*
ab12d69646c1a56d743af17272c07624,1156440100,29,bd-jp1y.qdgz886.cn/nc-s1-wap/*
ab2dd5ae50315755457ee60f17da4701,1156450400,1,ly.zsb13.cn/qtpg/wap/*
ab34f4041ab32e2f949efe39e26cf1fc,1156341100,18,www.sscbtg.com/zt/rjm666/wbtgrjm/*
ab9b2daf8c471cf8ce5582c0454a1e99,1156500000,7,m.lexinvip.net/*
aba561d95b39f90295223211c8623a6e,1156450100,30,zs.meibeimeima.com/*
ac04d040c7d4167251b906668aeb42dc,1156510300,1,m.ibbsale.com/*
ac415c3b960638afa1274ba595227acb,1156511900,82,gx.3861edu.cn/zonghe_m/*
acf0525fdf87fe7c0e079020064a8608,1156130100,35,bd-ob.obency.com/*
ad11e3309b30a026e447bb5de6f2e6d3,1156370400,1,m.lexinvip.net/*
ad41549ab297eed6ecbfb585d14e3245,1156610100,38,bd-ob.obency.com/*
ad84d5fe7732fd6b901ed625c6a6c596,1156350700,8,m.ibbsale.com/*
ad851314fb6f47551686b2a153f4a4c7,1156511300,29,bd-jp1y.qdgz886.cn/nc-s1-wap/*
ad897bb08c8f597769864ee161b8c284,1156450400,1,sy.rfeng01.cn/1904/qzd/wap/*
ada29c193da3645cd39eafb107f7ce6e,1156371300,1,m.lexinvip.net/*
adfa836c53ca86b16e0e052df7badbc5,1156370100,29,yfzs01.hch688.cn/yp01/klydd4-m/*
ae445320b5f5ce27a6313aef21b87d7d,1156370700,46,www.ujiabb.com/app/*
ae856d0f0a3889faa413a05b49c2f2d6,1156110000,16,gx.3861edu.cn/zonghe_m/*
ae8f814a37a5f525f9627fb305fa3a52,1156320500,65,svip.zsb027.cn/join5/wap/*
aec65a837b79042f10d7e33742e756f8,1156511100,1,sy.rfeng01.cn/1904/qzd/wap/*
af5af5a3b4e8e0c278e6ef027d4de7dc,1156442000,3,wapcc.hzkai.com/*
b0108056ca4fd576690a8262ced8a804,1156360800,52,m.ibbsale.com/*
b063ce17258f18766bfc010d918df1d4,1156510100,52,www.ujiabb.com/app/*
b25c7cc1a671bdbcdd5e14a282806ee4,1156420100,4,svip.zsb027.cn/join5/wap/*
b2728fbe04a2b2e89f06630b463713e8,1156350100,2,mym.aiqin.cn/*
b29ac3db175feffa43927125bbf47d50,1156430100,1,zs.meibeimeima.com/*
b2cdb04f3343ecc4293aa022b6421d70,1156500000,68,www.ujiabb.com/app/*
b32e8dc0623095bda5bc40ad95db9f4c,1156610400,5,www.thcycc.com/zt/rjm666/wchuancheng/*
b353b31b129dd04bf88178b504bf455d,1156440100,3,wapcc.hzkai.com/*
b373b263fc5233c0c1fa5f6cafe14997,1156120000,56,yfzs01.hch688.cn/yp01/klydd4-m/*
b38ecf73c072f99bca4c2b8359b1e6a4,1156513400,1,m.ibbsale.com/*
b3c59af1841f7f163b449087a7a5b5a3,1156330100,3,svip.zsb027.cn/join5/wap/*
b3d6db72beb59394d25af7f0c33fef5c,1156440900,29,yfzs01.hch688.cn/yp01/klydd4-m/*
b3fdb5b972f82f2a6470e3c8df608052,1156361000,49,www.ujiabb.com/app/*
b52c8aa50d451a6e0759978e8d235892,1156610100,48,www.thcycc.com/zt/rjm666/wchuancheng/*
b53f1fc60dede011d41b5886af3a5ffa,1156450200,62,m.lexinvip.net/*
b56d5838a6e420d94738b218051d9467,1156450400,43,www.ujiabb.com/app/*
b6ab95c1df682c22f87bdd338fca6aad,1156510100,29,bd-jp1y.qdgz886.cn/nc-s1-wap/*
b7459afd9e7822fa1f89836af877c6bf,1156340200,21,www.ujiabb.com/app/*
b7805f1df8bc068d5b1f1621771808e6,1156610500,1,www.tclqzmp.com/zt/rjm666/wrjmkaichuang/*
b7edfaf6bd00c0b4507cb70b0beac5f1,1156620100,20,www.thcycc.com/zt/rjm666/wchuancheng/*
b869f34278fe0e2b6a48e462190b47d7,1156340800,22,88.58cytv.com/*
b9dfe911d60089c67d0d305594ead35d,1156510100,45,bd-ob.obency.com/*
ba3d29bdfc7d972de607b2b1f5b187ca,1156140400,6,m.lexinvip.net/*
ba5361e099fe4d435d3f423131205445,1156340500,1,sy.rfeng01.cn/1904/qzd/wap/*
bad6c9810ea8d4b282eebe27b8314b03,1156450200,1,m.lexinvip.net/*
bb5b85b59227aee9dc28905716ae2a0f,1156450300,4,m.lexinvip.net/*
bb740581881d70e17313f49a5183714c,1156331000,1,bd-ob.obency.com/*
bb903fcf682fe748d80d890cb9b4198b,1156610100,68,m.lexinvip.net/*
bbb0d60c92693e5d5af5b1979b7f91a3,1156610500,18,www.tclqzmp.com/zt/rjm666/wrjmkaichuang/*
bc67922c965e9b3b26d36cf0c3adf1be,1156500000,19,m.honey-lovely.com/*
bcb509349cc5f06f7ad42e26e5712ed9,1156371200,19,bd-jp1y.qdgz886.cn/nc-s1-wap/*
bd5a73c36504c12cf80a78d1f2d72a41,1156320100,12,www.ujiabb.com/app/*
bd6819a3de40c38a1a4e44905dd166d6,1156320300,20,m.lexinvip.net/*
bd83863873cbd17b20149de2a65a8ce8,1156431200,1,zs.meibeimeima.com/*
bdf21ab73caa9396ca82dff71fe88080,1156421000,1,m.ibbsale.com/*
bec428e0df48e369e185dc048cd0686a,1156341500,1,m.lexinvip.net/*
beed3c2c36d35e05f73513c42caa7878,1156441900,3,m.lexinvip.net/*
bf0a007fad848120af2f5f1224627292,1156610100,19,www.thcycc.com/zt/rjm666/wchuancheng/*
bf3cecb2286d36f324f3fefd12efc1ac,1156610400,18,www.tclqzmp.com/zt/rjm666/wrjmkaichuang/*
bf54fcbe947a5667735fcee48dd89fb3,1156513400,1,sy.rfeng01.cn/1904/qzd/wap/*
bfa53abecf02903d8fb344d25b62698e,1156610100,33,m.ibbsale.com/*
c04f82038b54eb7095eb3fc31f7d73d2,1156500000,89,gx.3861edu.cn/zonghe_m/*
c0cc6e1472e1e83596f1638f8c20c7e0,1156420100,31,m.ibbsale.com/*
c0d04ac69fc560bd07ccb9be42507935,1156440900,28,bd-jp1y.qdgz886.cn/nc-s1-wap/*
c108a9b7e84dda07bbbc4343cd4dc805,1156510100,1,m.seven-trees.com/*
c14ea7105264d0b889545b4d33d5c3cc,1156350400,59,svip.zsb027.cn/join5/wap/*
c26a337d3c9cfe0ce96f90a6fb1f67bf,1156610100,19,www.tclqzmp.com/zt/rjm666/wrjmkaichuang/*
c2a8e1d1f2e46dd64da3fdc2db5d8222,1156510700,49,www.ujiabb.com/app/*
c314ba8bc2058ab87abdecf74afbbb30,1156440100,29,bd-jp1y.qdgz886.cn/nc-s1-wap/*
c3471e92626b70b92384c7917319f77c,1156320300,77,www.ujiabb.com/app/*
c420260eabfc7c991d64b67c806fc60c,1156610500,49,bdgm.sypt02.cn/mmjd/mw-z08-001-1804/*
c446d9867c6239242c24b2dbe693129b,1156610400,15,m.ibbsale.com/*
c504b47d3426ff584dcbc2cc662cf12e,1156451200,13,m.lexinvip.net/*
c51fe8b1857e12247c4268e0e0383af3,1156341800,47,svip.zsb027.cn/join5/wap/*
c529599280b01171a4a5f80931bb0fd9,1156120000,47,www.ujiabb.com/app/*
c545f7004bc49eb3cd1924dc3f0f15ca,1156131000,28,bd-ob.obency.com/*
c5a201ba1af4a90beb369d6e2e46bbf1,1156340100,15,bd-ob.obency.com/*
c5e0955162626b70b8e05cb14bbac192,1156421800,58,svip.zsb027.cn/join5/wap/*
c675ae490fa9f02359ddc52e6c8d22da,1156511800,29,bd-jp1y.qdgz886.cn/nc-s1-wap/*
c68fdb5d4a798f338c7c76ad439e7a79,1156500000,67,m.lexinvip.net/*
c71ba1b3f32408148e37ab13bda5420c,1156511400,38,m.ibbsale.com/*
c721a0dedc31a9e0930819d5059c5d7f,1156330100,114,m.lexinvip.net/*
c73b590c91c6840ace05db9ab9939ea2,1156130700,77,gx.3861edu.cn/zonghe_m/*
c755f86525d56cbe8fccd63cdbb2e0d0,1156610900,1,www.ujiabb.com/app/*
c76801c8da5cf87902630d1ba361d086,1156510100,1,coco.coco.beer/wcb/mw-f05-010-1804-02/*
c79372eb199dd7e9d057afdf45013509,1156340100,48,www.ujiabb.com/app/*
c7ebca6dfe8bb6fd9c3d5899b235c8a3,1156510100,30,yfzs01.hch688.cn/yp01/klydd4-m/*
c826085ae89031a2513bcb8611e1fb95,1156370200,6,m.lexinvip.net/*
c863b61c16620de173ba82b8fba43b86,1156510100,10,m.lexinvip.net/*
c8676d7e9ca9b5094a14d51903c9fad1,1156230600,56,www.thcycc.com/zt/rjm666/wchuancheng/*
c87b6d06771b2e349dc2bfda574f37cc,1156610500,17,www.thcycc.com/zt/rjm666/wchuancheng/*
c89262f9d81321a99b2100671d82b04e,1156610400,4,bd-jp1y.qdgz886.cn/nc-s1-wap/*
c9f55799bd9f4f58ebbf0080aeb03151,1156450100,1,bddtlm.zsld69.com/web/2248/13903/19605/index_tpl.htm*
ca2bb39f04e149e23e2ca7ee01cadb56,1156440100,1,sy.rfeng01.cn/1904/qzd/wap/*
ca6b391b970c0daacedef5550f125b15,1156370100,10,www.thcycc.com/zt/rjm666/wchuancheng/*
cb11aca353e905e391d1404cd0009aef,1156610100,2,zs.meibeimeima.com/*
cb99155dc8466c59fa2e3ab3b79e3d41,1156130400,1,wapbd.7158.cn/7158/031750/wap/21_0_0_w.html*
cc26619f95b34fd70f5b83796c83db2a,1156610100,1,zjnj.come.beer/zjxq/mw-j66-001-1905/*
cc7863288f011307f5c018f51868257b,1156321300,89,gx.3861edu.cn/zonghe_m/*
cd100609aed4b148cba14207bc298232,1156440200,39,bd-ob.obency.com/*
cd69808c83c25e22db552acd994bf195,1156510100,13,www.ujiabb.com/app/*
cdb424917c57d4e0840920d93f3e071e,1156513400,29,bd-jp1y.qdgz886.cn/nc-s1-wap/*
ce4cce7fc5b4bc864e4750b0d60ff1a2,1156530100,89,www.ujiabb.com/app/*
ce5bf96d274f87c1d6a46dd101822694,1156320500,20,www.qtpg8.com/*
ce8f773428bccf1c21b1994a851d966d,1156130900,89,gx.3861edu.cn/zonghe_m/*
ce97687873f8953fb4893903ca66aecf,1156430400,38,m.ibbsale.com/*
cecb470ca456ce3324154e5db77c29fe,1156610100,6,m.ibbsale.com/*
cf552fc55669fa3e844df408d2a36019,1156440800,182,bd-ob.obency.com/*
cfac91f56c0039b5d3ddf48ac7ecb9f4,1156120000,19,www.sscbtg.com/zt/rjm666/wbtgrjm/*
cfcd58abb323b0a224603f3dbf3b60b4,1156511300,2,m.lexinvip.net/*
d02d2bac297250b1cb6719e822667248,1156510100,24,bd-jp1y.qdgz886.cn/nc-s1-wap/*
d06216aa29e73f6d423e9c68a6748d91,1156510400,37,m.ibbsale.com/*
d15285e615bba3f5b173025fa7afeff9,1156370200,10,bd-ob.obency.com/*
d17448b04a516798c0bb1035903a0b1e,1156610400,102,www.ujiabb.com/app/*
d1926cfb9285eec2196880bb45eab965,1156511800,6,m.ibbsale.com/*
d1c7180e1ee427dc5d6a091996c616c5,1156511300,49,www.ujiabb.com/app/*
d23f8729990f3cee3dd6070d0ccd4cde,1156350500,35,m.ibbsale.com/*
d274a0ce3754c5c58e2fe6b1f3b41f7e,1156511300,18,zs.meibeimeima.com/*
d2af2ebd3652d8f777d8cf9eff0d256c,1156350300,39,m.ibbsale.com/*
d2b48f648e077608f72e2cebc3a6fdde,1156340100,65,m.lexinvip.net/*
d2db9827581ce9715add8568adadd75c,1156610500,6,www.tclqzmp.com/zt/rjm666/wrjmkaichuang/*
d3729f603826668ee02e7e8c895e9a90,1156610900,6,svip.zsb027.cn/join5/wap/*
d3b58802ef6d1071fbff3116ee0bfc71,1156460100,35,bd-jp1y.qdgz886.cn/nc-s1-wap/*
d41ff104ba6b248cd55ec338ec985516,1156610400,20,www.thcycc.com/zt/rjm666/wchuancheng/*
d442444fe7827e348f938746f42713ae,1156360100,1,coco.coco.beer/wcb/mw-f05-010-1804-02/*
d44dc9015c01678a4c62487623159fef,1156350500,1,bddtlm.zsld69.com/web/2248/13903/19605/index_tpl.htm*
d4b0dc950f433b1b9bc9e93ba7646b51,1156532500,50,www.ujiabb.com/app/*
d57f2656204a1589075b20b622047519,1156340100,1,coco.coco.beer/wcb/mw-f05-010-1804-02/*
d5951815cf75992737dcf61d4c1b5bbc,1156430600,9,www.ujiabb.com/app/*
d598fc28b2741147f49cfecb7d7f28e4,1156360700,49,www.ujiabb.com/app/*
d59ad0ce54f2d00ede84853a5527ad64,1156431400,1,zs.meibeimeima.com/*
d5ee921a941b64f5f2cea19b229b6751,1156450900,3,sy.rfeng01.cn/1904/qzd/wap/*
d683e12630846703e43e3a21e6043114,1156420300,4,zs.meibeimeima.com/*
d68bdc0967de9bff1f5f816a7198c1c9,1156360400,41,m.ibbsale.com/*
d6c1330fabd5b040323af65b2e6f35f0,1156532900,6,gx.3861edu.cn/zonghe_m/*
d751e263e275fc6c25a8f954163ff9fc,1156370600,1,bd-ob.obency.com/*
d7746a97ea739ca7e4ba68caed2b3bf6,1156421100,49,www.ujiabb.com/app/*
d7f0dde503d373299c6f8419dc13d423,1156510100,52,gx.3861edu.cn/zonghe_m/*
d8c4293e0c8242d66b0436d334c2fc7f,1156110000,27,www.thcycc.com/zt/rjm666/wchuancheng/*
d8d655cce17647f805af0643dba2a9bd,1156440300,22,bd-jp1y.qdgz886.cn/nc-s1-wap/*
d8f65620976a494eba6cda98709d5245,1156513400,59,m.lexinvip.net/*
d93b7d2bcc94b0666510ca6905cedf25,1156510100,19,www.ujiabb.com/app/*
d9470e8b3fe76d1b0ba0e2c5a6f9c7b9,1156420100,29,bd-jp1y.qdgz886.cn/nc-s1-wap/*
d95dfe85fc66afc11e71b2ff6999f9ff,1156430800,12,svip.zsb027.cn/join5/wap/*
d9a604d80e39d1e13a50add76197c47e,1156130100,39,www.thcycc.com/zt/rjm666/wchuancheng/*
da21dd6c6fddfd80795198a5fd651259,1156440900,26,zs.meibeimeima.com/*
da7ef6dc0e4c654e52161305b189c722,1156440300,1,sy.rfeng01.cn/1904/qzd/wap/*
db0e606736e544039a997365e395d4a9,1156511600,4,m.ibbsale.com/*
db928a986dc7d89c1b2702fe0676bfad,1156500000,49,www.ujiabb.com/app/*
db96614ba582d08d86552fecb2e78caa,1156450200,71,m.lexinvip.net/*
dbd92840dbeed2e94f8a31b03b96bfa7,1156611000,1,www.thcycc.com/zt/rjm666/wchuancheng/*
dc4ecf9d1cf18f7076979ffa98f444ed,1156341600,29,bd-jp1y.qdgz886.cn/nc-s1-wap/*
dd0c3ff36b927e5561ced22dbc83a880,1156370200,28,bd-jp1y.qdgz886.cn/nc-s1-wap/*
dd53bc137b2a39633d1716671eaf36a9,1156330200,50,bd-ob.obency.com/*
dd698db1c35d6c4262656e3b0ebd38bc,1156510300,49,www.ujiabb.com/app/*
ddc197e7136cfb12d61310d719c1a62f,1156530100,59,svip.zsb027.cn/join5/wap/*
de9502d7e57f2182f891afae025f111f,1156420100,3,bd-jp1y.qdgz886.cn/nc-s1-wap/*
dec4004b8d226487e37ab31924183c4a,1156320800,1,coco.coco.beer/wcb/mw-f05-010-1804-02/*
df27a212469bf2ccdef73b07f75e2e81,1156110000,5,www.thcycc.com/zt/rjm666/wchuancheng/*
e12876fb073697994eb8eb950cf4a797,1156140400,39,www.ujiabb.com/app/*
e139526e1996d4e11ef3ef3e02dfb4cc,1156500000,37,m.ibbsale.com/*
e13efd3bdbb8f69f83f5df5769769b7d,1156450700,4,bdgm.sypt02.cn/mmjd/mw-z08-001-1804/*
e1c73c57f811ed2e3be6f94f46cb7597,1156350100,8,m.ibbsale.com/*
e1ca60b3c003aee0d79a6dcbf6abac98,1156310000,55,www.ujiabb.com/app/*
e1cf27df0f0d42c95e3d56042d19edfb,1156610100,14,www.qtpg8.com/*
e23ff9e5adb5e98790b416a3867d8715,1156440700,68,m.lexinvip.net/*
e282100371e81064cd43cd1bbe873c5a,1156341300,1,m.m77.cn/web/qswd/index.htm*
e318585962d9b2140eb08cac1d80b28c,1156130400,18,gx.3861edu.cn/zonghe_m/*
e34a2effdc4498138c8713e4039dfa37,1156360900,1,coco.coco.beer/wcb/mw-f05-010-1804-02/*
e3c41f2e970218e11a5f65f34f8f0a22,1156370200,38,bd-ob.obency.com/*
e41bf33e58740a339033e46782d95fe7,1156522200,7,m.lexinvip.net/*
e4b8f74fe096741109225dafca66d9eb,1156360800,2,m.seven-trees.com/*
e4d49d897c74539c2df0e89ab9b38ceb,1156341600,21,www.thcycc.com/zt/rjm666/wchuancheng/*
e51097b8651ce46fa169cf27bf3d4916,1156532600,1,coco.coco.beer/wcb/mw-f05-010-1804-02/*
e54101cea178caecc259652ba9328230,1156440300,3,www.ujiabb.com/app/*
e5525619234b40a090f2e939d2b0b920,1156440700,21,m.lexinvip.net/*
e56c8421fa534b4a956be83428286ffc,1156340100,18,gx.3861edu.cn/zonghe_m/*
e65702d7df4703132dbd490b75e8f5d0,1156310000,8,www.ujiabb.com/app/*
e6e4f60704551d11918671de0a78e0ce,1156440100,66,www.ujiabb.com/app/*
e7f0fcc3bdeaa94eb0d660880b1deef5,1156140300,1,bddtlm.zsld69.com/web/2248/13903/19605/index_tpl.htm*
e9038aeb22adba58659a55b63dca5fd2,1156360700,37,m.ibbsale.com/*
e9145f3f0642ef06c7d726cff2397d74,1156360200,30,www.qtpg8.com/*
e9d28f347b0d5eb6697505e73cefc5f2,1156511300,35,www.ujiabb.com/app/*
eb6ea46f1ad4288dc27aec537b3d2dae,1156411400,67,gx.3861edu.cn/zonghe_m/*
ec6a616c742c432c7804c7488d0651a3,1156420100,1,88.58cytv.com/*
ec784c746668ed14084004a96d54f890,1156340100,6,m.lexinvip.net/*
ec98af0beb444a78f06216bbd3a5f5af,1156610100,19,www.thcycc.com/zt/rjm666/wchuancheng/*
ed5171e2abadeb329062ff89b45d452f,1156440600,1,coco.coco.beer/wcb/mw-f05-010-1804-02/*
ed64db50fdc980b864cec2978dcd8b5e,1156450400,1,bddtlm.zsld69.com/web/2248/13903/19605/index_tpl.htm*
ed74494b67568db7b39e1e34caf323a8,1156341200,1,bddtlm.zsld69.com/web/2248/13903/19605/index_tpl.htm*
ed8e951aee0c709849c1dd23f5036bff,1156610700,23,m.ibbsale.com/*
ee30998b1100561f9c598b0b285c35d3,1156440300,85,gx.3861edu.cn/zonghe_m/*
ee798d376fe1d892cbc1c339a1fa9086,1156340100,88,gx.3861edu.cn/zonghe_m/*
eed2d530efc9b9cc5ae5f498d7f688fa,1156511600,19,www.ujiabb.com/app/*
ef394dad46acb95b8d49e4fd5c58f24b,1156510300,26,zs.meibeimeima.com/*
efc36a88b6ec894c78d73ffed6ee726e,1156341600,47,gx.3861edu.cn/zonghe_m/*
efc98bd953d95ed2bf115bb4f909114b,1156130500,29,bd-jp1y.qdgz886.cn/nc-s1-wap/*
efcc37ab11cc5bded5fa396e70d41eb8,1156511600,29,bd-jp1y.qdgz886.cn/nc-s1-wap/*
efe3ff8008408f287d7166ce62f127b3,1156130200,1,m.lexinvip.net/*
f147bbfb17077664d2abdee11665eb59,1156360800,63,m.lexinvip.net/*
f1a9860ef24ca05284ae542bcbec975e,1156441900,1,bd-ob.obency.com/*
f1f2ec78c7265b96307b4013df01f9cd,1156610100,1,www.xazjcy.com/*
f24a94e55e58208bb6f03f9c2f737d0d,1156371400,2,sy.rfeng01.cn/1904/qzd/wap/*
f25c3a59a5cf7c7872ebfd07af9a45b8,1156320500,1,m.honeylovely.cn/*
f26d020711cc5c0c5955ffa5a5ae0a38,1156610700,2,www.sscbtg.com/zt/rjm666/wbtgrjm/*
f2714d095a12f807435726b45c9a557f,1156610100,4,svip.zsb027.cn/join5/wap/*
f275ec5f9ff7208992579a7b41660618,1156420100,1,www.ujiabb.com/app/*
f29133c80c6c921d3cff160de43728c4,1156340800,51,bd-ob.obency.com/*
f35c3445797b7ad1eb3d554913a239b4,1156511400,3,gx.3861edu.cn/zonghe_m/*
f3883e0916288ad0d3703d02c45a20a9,1156451200,134,www.ujiabb.com/app/*
f3b524b6e24450d45aeb5f2731efc85f,1156130100,31,www.ujiabb.com/app/*
f417f28c8a3273a84a4b64a4c652b159,1156320400,122,m.lexinvip.net/*
f421d0a184ace6a26bb7a41c7e6ab20b,1156420800,9,zs.meibeimeima.com/*
f469142973d684a03be3beb22ed0605e,1156360800,29,bd-jp1y.qdgz886.cn/nc-s1-wap/*
f4bfb5a96fb4f9b9567940f13864c935,1156350200,17,m.ibbsale.com/*
f4d94ad67b6870836698c20191607883,1156511400,1,m.jiamengs.cn/youjiabaobei/*
f50da42d2c0f80b784772ea6579dddb3,1156341200,1,bd-ob.obency.com/*
f5b7b412b75dfa043bb4a1d9f0571728,1156451200,1,zs.meibeimeima.com/*
f5ddba2ea23e185b2ae9f5c853b3d337,1156450200,117,www.ujiabb.com/app/*
f6123a63d7c87d372cad250a772057da,1156511900,38,m.ibbsale.com/*
f65f02cabb001fb7d4f7f9fb3b3f934c,1156110000,1,bddtlm.zsld69.com/web/2248/13903/19605/index_tpl.htm*
f67cda22f906a4059db95ac7f8b5b10e,1156320900,13,www.qtpg8.com/*
f6e7e818afa12552cf901950965450ff,1156460100,50,svip.zsb027.cn/join5/wap/*
f715b1e7a3da99193ca2c0e1fbd8db61,1156511700,2,m.lexinvip.net/*
f769b6edf23c70b49fe9ec2cb72eb96f,1156441900,40,gx.3861edu.cn/zonghe_m/*
f7871af97bbf7ce159d4e3d1ec72c7a8,1156610500,13,yfzs01.hch688.cn/yp01/klydd4-m/*
f7895db0cbb1a1d9aa2db3f0a33b5d2f,1156640100,89,gx.3861edu.cn/zonghe_m/*
f7b4d0b3490814ad9c4a37a976e271a4,1156320100,40,bd-ob.obency.com/*
f7d14d503b2506267f4007d3fd77608e,1156500000,16,88.58cytv.com/*
f8db6e6c973c8c225bb02874208062ef,1156420500,1,www.silumeishi.com/*
f9773f8bd62c131400b5211f4e82fc2a,1156500000,7,m.lexinvip.net/*
f978a884f499e25b18711bb42e5b97cf,1156110000,20,www.thcycc.com/zt/rjm666/wchuancheng/*
f979f655707c90dee754d2e7f92375fb,1156530300,39,www.ujiabb.com/app/*
f9f24a56701ae04388b87a2fa5f458af,1156371100,21,mym.aiqin.cn/*
fa53344751710f8495c96893433abd5d,1156370800,125,m.lexinvip.net/*
fb65d98b5018e2c6430cebfd892c3b8c,1156120000,11,www.thcycc.com/zt/rjm666/wchuancheng/*
fc5cf299d43504397a84bb60458f5723,1156430100,10,m.ibbsale.com/*
fcf4d97d62fc3e1805a9434d5e871d49,1156450900,29,yfzs01.hch688.cn/yp01/klydd4-m/*
fdb9c237400dc664f3d8a226e18414ba,1156320500,50,www.ujiabb.com/app/*
fe66fe344edddeca8d31610a85f9093d,1156371300,121,m.lexinvip.net/*
fe98e2c9bfbc38f392bce4c9f6b1e941,1156341600,11,gx.3861edu.cn/zonghe_m/*
ff0d658c86cc85f8595828323bafc059,1156430200,1,www.ujiabb.com/app/*
