00151926424a6c69c5a8c743dab5384d,1156510600,34,m.saipujianshen.com/*
001734a10144f2e451cdcde5d947cd28,1156522700,2,m.saipujiaoyu.com/*
00178f63cb4402e4996f02414be4fe27,1156460100,1,m.saipujiaoyu.com/*
00897971523a46c6c671b908c812d030,1156520100,1,m.saipujiaoyu.com/*
00a57bb9f0de1f458ccbb19a745f5071,1156640100,39,m.yazhouxingti.com/*
00c9d23742b9c810f860c8a7fb7c5d6e,1156513400,18,m.saipujiaoyu.com/*
01061c8ff9845051af1e10ecb74519b4,1156420100,22,m.saipujiaoyu.com/*
010b93b5c3ea9054638f1a929a099bd2,1156410100,33,m.saipujiaoyu.com/*
0158b5ab9e58f6018b929824c847af96,1156361100,1,m.saipujiaoyu.com/*
01b8150ddc21f7c05968b9323cec1ecd,1156370500,1,m.saipujiaoyu.com/*
01e741a2431fefd01219ece079c1ad5c,1156422800,2,m.saipujianshen.com/*
01e7e9cdef484b60f18db18a1a93d825,1156411600,1,m.saipujiaoyu.com/*
0219c37595fde75fb092e77ebc777cf5,1156610500,9,m.saipujiaoyu.com/*
023ac433f4e2931a389e29685e6559da,1156520100,4,m.saipujiaoyu.com/*
029e2327681632b61c36df794990ed56,1156610100,1,m.saipujiaoyu.com/*
02a2718dbed09084903e465c6c951c75,1156421000,40,m.saipujianshen.com/*
02e180c973d8b1bc983903a439224e23,1156510100,18,m.yazhouxingti.com/*
0306f28467864dffb9473d053fe83cd9,1156430800,13,m.saipujiaoyu.com/*
035ac77e051856de63102eba29b1d138,1156610700,1,m.saipujiaoyu.com/*
0366899e4218d5e036193e6f1e70392e,1156510700,63,m.saipujianshen.com/*
039e2ad78123155134a401c90c9d4664,1156420100,1,m.saipujiaoyu.com/*
03b2228d9dd40689d441a0ee08710642,1156512000,5,m.saipujianshen.com/*
03dabb3a79f5f89db6290fc0efa840f4,1156321000,24,m.saipujiaoyu.com/*
03e7b74789ebddfae6dd0734a4b1c65c,1156610100,60,www.chuangtijianshen.com/*
047bae44516422efe11764ff7e13e5a2,1156520400,35,m.saipujiaoyu.com/*
049d7367379c32e19e0f921462f47664,1156341600,2,m.saipujiaoyu.com/*
049f027150e52ab7fb63cb48e5f0db28,1156421000,22,m.saipujiaoyu.com/*
04f32736b40826623cb42e3b2fce57fb,1156610300,7,m.saipujiaoyu.com/*
052a20da1627fd71bb8dc540a904ddf2,1156611000,4,www.szgjjs.com/m/*
05a42d7c09d64bb5c33c9715568174a8,1156610900,6,m.saipujiaoyu.com/*
05bf88682423e173857eddf9f80b5d66,1156511300,63,www.feibaojianshen.com/*
05f3a9604c1f3e3cb233ac76f69aa50a,1156610100,28,www.chuangtijianshen.com/*
060bf7b2d18cf6caf68c94035f15a09b,1156610400,39,m.saipujianshen.com/*
06200d29a90658dbd2125a3edec94578,1156360100,39,m.yazhouxingti.com/*
065cc4d6645445fc73afb56f8d3425a7,1156610300,1,m.saipujiaoyu.com/*
0675f8d0449f689135123d7327c0f961,1156411600,30,m.saipujiaoyu.com/*
067e711fabac26b0f02f791b45681b39,1156420800,29,m.saipujiaoyu.com/*
06994d21d123a909fb399728c8a95dad,1156510800,2,m.saipujianshen.com/*
071287ade5e112ac0fc3e82e893def57,1156520700,77,m.yazhouxingti.com/*
078fa9106a72267f93a21345cb1e10a2,1156430200,8,m.saipujiaoyu.com/*
07b558e3a3f7da309419ab1b8e8cd3c5,1156610400,3,m.saipujiaoyu.com/*
07c03d597fa893094a602354477cfed9,1156431400,20,www.567go.com/*
07c03d597fa893094a602354477cfed9,1156431400,45,m.saipujianshen.com/*
07cc75ed6a00bf80765ae6381c1da290,1156510800,27,m.saipujiaoyu.com/*
07d415dc906112617055621c1a3412f2,1156410800,25,m.saipujiaoyu.com/*
0872718c3750a2fd6e383d0193fedc03,1156420800,35,m.yazhouxingti.com/*
0872718c3750a2fd6e383d0193fedc03,1156420800,15,m.saipujiaoyu.com/*
08d73834ef6987dc8461713269f40751,1156610700,6,m.saipujiaoyu.com/*
08dd35898aa7276e7e0b51979d380cfe,1156610700,1,m.saipujiaoyu.com/*
09acffbe8d1f85dcaaf1a21c35e7f4a9,1156421200,46,m.saipujiaoyu.com/*
09c3bbd9be8de1bc0eb69cbd5ad73d01,1156610100,27,m.saipujiaoyu.com/*
09cb48bf5389db80ccc4258a0c4338dc,1156610100,14,m.saipujianshen.com/*
09d6ce22d9d556efa4763468c3ec0aeb,1156610100,6,m.saipujiaoyu.com/*
0a59f5b97cccfe9ed365cd77ceb20fe1,1156411400,26,m.saipujiaoyu.com/*
0a75820dcf512850aaeb3d58c4b6ef4e,1156620100,11,www.chuangtijianshen.com/*
0ab9f8ad5d051f1403e0445c3ee824be,1156421500,22,m.saipujiaoyu.com/*
0ad364416ce8f62fe74f95f88483c265,1156422800,3,m.saipujiaoyu.com/*
0b4caf866105cbb4aafb539017eddd0c,1156511300,7,m.saipujiaoyu.com/*
0b8a6a44e7807770a8f867cb4213b68e,1156510900,4,m.saipujiaoyu.com/*
0b95a29f64695c000303ef88d8d33454,1156520600,3,m.saipujiaoyu.com/*
0ba5d9a69c12d3674d6dc6642ee406af,1156610800,2,m.saipujiaoyu.com/*
0bb169c5dc7e0cdd4df22df8f3a8ffbd,1156420900,30,m.saipujiaoyu.com/*
0bf83f2c4e46a8099b5f882b03481ea3,1156611000,7,m.saipujiaoyu.com/*
0bfb82f523dcf996b853808a454398fe,1156610100,6,m.saipujiaoyu.com/*
0c3368b263802b4d6a842d7033a09c98,1156610100,5,m.yazhouxingti.com/*
0c7df22061d731388a918dbf04bdb1d9,1156421100,1,m.saipujiaoyu.com/*
0cbf3ceda76e3438517f9e7e254384fc,1156610500,6,m.saipujiaoyu.com/*
0d3b24ba814188f21f2f38548aab91ae,1156360500,37,m.saipujianshen.com/*
0d3df1b98467f04d928ce195773da9b5,1156610100,4,www.chuangtijianshen.com/*
0d63bcc79f391ce40ca11c54cf8ef8fe,1156330200,3,m.saipujiaoyu.com/*
0d73f3108201579c640dcf38ed6d5b44,1156421000,2,m.yazhouxingti.com/*
0d797fa12c7740d1e76f4b84d0d59295,1156610100,5,m.yazhouxingti.com/*
0d93a868cfb8edfaf40b443cfe868543,1156520700,6,m.yazhouxingti.com/*
0da83d28b7e6cd36c3788a94b942e7da,1156422800,41,m.yazhouxingti.com/*
0dafa2f7cf11c2f9aadba55f943abfd9,1156430400,26,m.saipujiaoyu.com/*
0e182c9d02510100636874d069f7575a,1156371700,45,m.saipujianshen.com/*
0e6dc04e2ff6e17bac74a3b51df27d4f,1156611000,23,m.saipujiaoyu.com/*
0e7fd9a0fc3b6b42217e49eb0e49a59c,1156610800,1,m.saipujiaoyu.com/*
0ed428f3ee0ebb61527374c848bfef76,1156510600,30,m.saipujiaoyu.com/*
0ee3dc02173d0664d06c9dd626b7dbda,1156410500,6,m.saipujiaoyu.com/*
0efe350cf52e9f0f244ee56d836618be,1156120000,34,m.saipujianshen.com/*
0eff5573f84f49a1949e89ad90167140,1156440300,16,m.saipujiaoyu.com/*
0f1e833a77c5047d5ad86d5f89192f10,1156430200,30,m.yazhouxingti.com/*
0f29441368b753625e2c5e8c4479da64,1156510900,12,m.saipujiaoyu.com/*
0f672157cc6b46eff22ba716043b0aa4,1156610100,6,www.chuangtijianshen.com/*
0f769696c9bf8e8b332f29d071cd1c01,1156510300,8,m.saipujianshen.com/*
0fad6da5b5efaaadf9c75f784318ef18,1156441600,34,m.saipujianshen.com/*
0ff3bfe18fedf178e8e491f92da05deb,1156421200,25,m.saipujiaoyu.com/*
1013dbddfd7e57f402fc43f539d0dde8,1156510600,20,m.saipujiaoyu.com/*
10371d5fb11a48dd0f9eac4544687c18,1156360900,10,m.yazhouxingti.com/*
104385c096b162ed64cdafe5fa13aa3d,1156522200,1,m.saipujiaoyu.com/*
1060ae340f29884860f7f2be9559b01b,1156511500,22,m.saipujiaoyu.com/*
10636353a088572f4924ab19ab9b8cb0,1156510700,2,m.saipujiaoyu.com/*
106c333542af0a573ff03e18f469cbc5,1156513400,22,m.saipujiaoyu.com/*
108f51faac62ab37324fe9ed8760d3d7,1156410100,3,m.saipujiaoyu.com/*
10b0f42927e6234aea3065b7cfc96dd2,1156610100,2,m.yazhouxingti.com/*
10b642007f5c04cab31997f41176e5cb,1156610700,4,m.saipujiaoyu.com/*
10ce95e520e944bee9729d7579e6b016,1156510700,12,m.saipujiaoyu.com/*
10ec185dd4e40a2c43a6ef75c819bb49,1156511300,1,m.saipujiaoyu.com/*
113adc8f60fc1e766795ef947985ac29,1156511300,5,m.saipujiaoyu.com/*
11434aad008df00f31c26ea01a954327,1156610900,6,m.saipujiaoyu.com/*
116477f73e323e1df60430f0fe2f746d,1156610400,1,www.szgjjs.com/m/*
1177a3cbb5ccf44b091c4a57e9f7ef99,1156130500,50,www.feibaojianshen.com/*
11935d0221174a3c9398ae654554c119,1156431000,3,www.szgjjs.com/m/*
1206cd58f08af5029c7e0c5ef0501976,1156510100,18,m.saipujianshen.com/*
1221a5998a8b1092a35306021436ecc3,1156360900,26,m.saipujiaoyu.com/*
12855e24777bf34e8ecca7a95f81c431,1156430100,14,m.saipujiaoyu.com/*
13235393bfdbbd7d51e1cb23817f88b5,1156520200,26,m.saipujiaoyu.com/*
134c510244ee802a50716e5b4ed626b2,1156410800,29,m.saipujiaoyu.com/*
135a041ffcb42f3f686a297a1141d276,1156420100,3,m.yazhouxingti.com/*
1360cb0b9efcb1aab9db033b5d0a0217,1156420100,4,m.saipujiaoyu.com/*
143931f64b95c9d02f8f25dfcb9ac39c,1156510100,2,m.saipujiaoyu.com/*
1443f040bd3108147821147fba0154d9,1156621100,6,m.saipujianshen.com/*
1453574906ba5e2fb545d71e1557b33f,1156420100,1,m.saipujianshen.com/*
14ab86ead6da696da291f160ce9c2059,1156360500,39,m.saipujianshen.com/*
14b5a57369f06a3e3e667b57a34010a8,1156513400,3,m.saipujianshen.com/*
14d1b8c95d80ec51240cb0cf3d92bb2e,1156522400,7,m.saipujiaoyu.com/*
151e85f6dcafeb49f2ebd621b53bea82,1156510800,8,m.saipujianshen.com/*
156ea7f71631bc4aa30612770c8d512e,1156610100,3,m.yazhouxingti.com/*
158a48363010bdf5061f1903cef3fb01,1156360600,25,m.saipujiaoyu.com/*
15a7fcdebb5e78e11392b6d8360c8837,1156610400,5,m.saipujiaoyu.com/*
15b556266c80f39ec0f1f337c88ba7d8,1156620100,60,m.saipujiaoyu.com/*
15e76fefddd3085a35d285ebb1f7cf51,1156431200,27,m.saipujiaoyu.com/*
15f66d336e5d0b76d5c53b987649629f,1156610400,30,m.saipujianshen.com/*
1684468c18896b79b86d83925b6be10a,1156610400,3,m.saipujiaoyu.com/*
168f9c496a82fa76a321c0306de2df0d,1156420100,24,m.saipujiaoyu.com/*
16f9b2632aceda13e1eddb513a9f6c16,1156360700,11,m.yazhouxingti.com/*
172396dc6a98faa0cc5be554168cc05b,1156411700,32,m.saipujiaoyu.com/*
177efa2cd86329299652cdd4adff8753,1156513300,20,m.saipujiaoyu.com/*
17fab5694a8a9c0a8461e51354bd719f,1156411500,4,www.szgjjs.com/m/*
1887630832e98280433a313ec3df71b8,1156421200,27,m.yazhouxingti.com/*
18a7030aa9eefd7d33eb19e6d438544d,1156500000,2,m.saipujiaoyu.com/*
1961aea790fe0fba83a0316319d084e4,1156420700,20,m.saipujiaoyu.com/*
196cfa2531ad3da9408847f815ee0e12,1156510800,1,m.saipujiaoyu.com/*
19707a9db1e38f2a091ad8898fd4f984,1156610700,1,m.saipujiaoyu.com/*
1972f56eb3d30a345a52a8c240f2fee9,1156360700,30,m.saipujianshen.com/*
19baac38b4354e7f52d749d1b7cf388f,1156611000,2,m.saipujiaoyu.com/*
19eefc48b10a088adde7155351bb9d19,1156441900,1,m.saipujiaoyu.com/*
19f93303293d88addface1f3a05a5bb6,1156510500,29,m.yazhouxingti.com/*
1a77b5fd562e2484d5dcb803fed7786a,1156420300,4,m.saipujiaoyu.com/*
1ab2bf82202fbafef56f3a6a00a246d4,1156610100,39,m.yazhouxingti.com/*
1b23b3be06120e80daa6f9190417c7c6,1156510100,10,m.saipujiaoyu.com/*
1b5b6ca63ed7ae62047d833c47f1d371,1156510100,1,www.567go.com/*
1b62cd51abd4542e33e8a005f4f92342,1156330500,10,m.saipujianshen.com/*
1ba0c59c1af53f46d658fe98f31c85ae,1156511500,34,m.saipujianshen.com/*
1bff461fd871685c729d4b76475d205f,1156610800,7,m.saipujiaoyu.com/*
1c1c4e0249685a5064ebe1085d82565d,1156511300,1,m.saipujiaoyu.com/*
1c7f6283e89e819dadb31389cfd5ea18,1156510800,1,m.saipujiaoyu.com/*
1ccbdaa522c5fc71463669d811ada7fe,1156511000,9,m.saipujianshen.com/*
1d4e192cfc2ffba6043d5cbd4328e52a,1156430100,10,m.yazhouxingti.com/*
1d7d2030ad95bdb9dab2114dd8dd50cc,1156411400,6,m.saipujiaoyu.com/*
1ddb4e87ad8e6e7ee2e89e71ee1fb754,1156610500,32,m.saipujiaoyu.com/*
1de817669c22a6c1ab57ad112e6cd4db,1156510900,14,m.saipujiaoyu.com/*
1e06734439755b9bccc54b1328dedab6,1156610700,3,m.saipujiaoyu.com/*
1e183e5930d7a30427f954a3a85ad7be,1156411400,1,m.saipujiaoyu.com/*
1e9aa3d440c28d593f3b038af1bdac3b,1156522200,32,m.saipujiaoyu.com/*
1ecbcb46b90fa3b2279702be6bb28577,1156610400,27,m.saipujiaoyu.com/*
1ed4ea87422145c8f2e1e2b3cce85c2f,1156610100,26,m.saipujiaoyu.com/*
1f2a9608c9c2fddb07a505563492da19,1156513300,23,m.saipujiaoyu.com/*
1fbaafd8f814b3000d756c16f56aa189,1156511400,30,m.saipujianshen.com/*
1ff5e22e2d1960c5c45950e1f74f24e7,1156610400,4,www.szgjjs.com/m/*
2031a0f9915600c56b2a79de3e943dda,1156610100,4,m.saipujiaoyu.com/*
2067372ec9fd2642e9a83671369642ef,1156420100,26,m.saipujiaoyu.com/*
2136943215d305dc2833001aa1dfa96c,1156511700,32,m.saipujiaoyu.com/*
2170576b437d06937349edbd098fa0ba,1156610300,3,m.saipujiaoyu.com/*
21a8070efba39c604eef06e7809affe7,1156360100,18,m.saipujiaoyu.com/*
21b81a3636c9ea900c795fe99d0dbe5e,1156520200,36,m.yazhouxingti.com/*
21c10b85b678989335783db26493331d,1156410300,1,m.saipujiaoyu.com/*
21cfa1e6726b552e1d4b66c42ecbbe01,1156360100,1,m.yazhouxingti.com/*
21e98e5d3840fb082bf017e79b01d412,1156510100,32,m.saipujianshen.com/*
22071f002d443d7df218aee95980085b,1156440100,5,m.saipujiaoyu.com/*
221e9e75652ea25dd6b2d0d892f85a3e,1156610100,4,m.saipujiaoyu.com/*
226063f3c5fd8758ab09fa25fa35e713,1156610500,3,m.saipujiaoyu.com/*
229c2c05ac654a39facdd976fe68a796,1156430400,1,m.saipujiaoyu.com/*
22b3676a8863e6cdf0204184c06d7272,1156510100,3,m.yazhouxingti.com/*
23243ed1ee0355eb8d15bdd68bce5eff,1156610300,34,m.saipujianshen.com/*
2350576b2b3089a51ad79640001c71d7,1156411500,11,m.saipujiaoyu.com/*
237272b3cb1e2596e8f4d9d4f0c68898,1156610700,1,m.saipujiaoyu.com/*
24771ad03cbbb2f463e42fcf7a7d28fe,1156360700,7,m.saipujiaoyu.com/*
249584322e32a6c830a6c46373afc496,1156410500,4,www.szgjjs.com/m/*
24c47812d8f155bf75679d840f6e0aeb,1156510600,2,m.yazhouxingti.com/*
24f7d94af7f9466ec1d8a231aa68cf46,1156610100,26,m.saipujiaoyu.com/*
250dd526a6df45bdc78577831bfc5163,1156360700,4,m.yazhouxingti.com/*
2537175a15d2f00d9c1b3b2c0d3dd654,1156522400,8,m.saipujiaoyu.com/*
257dbfb00ac39c9541192aa2a5d92496,1156610100,4,www.szgjjs.com/m/*
258c0ed4f02d6246e2226d85e56e1737,1156420100,5,m.saipujiaoyu.com/*
25e0ddbdf7ecf79b27b59c3df319f0b0,1156411300,2,www.szgjjs.com/m/*
2627af8588d4d9e600942217466c3aba,1156610600,27,m.saipujiaoyu.com/*
263b44079580b3ac29df4f5dee0a06b1,1156510900,20,m.saipujiaoyu.com/*
26728bad7e82070c370c92d08c9fd687,1156610800,1,m.saipujiaoyu.com/*
269aa5a6e6b5a29832ff6676c288a2e6,1156610300,1,m.saipujiaoyu.com/*
26c2d4985b690e190e67657e9d37bc82,1156360900,26,m.saipujiaoyu.com/*
26c5adbd1d8dc2b8402c9f36dc59066a,1156610800,39,m.yazhouxingti.com/*
26f6f0c339c73a3042fc234e346d6c01,1156650100,2,m.saipujiaoyu.com/*
27ef96023c542b203ae8116063a28a01,1156610100,2,m.saipujiaoyu.com/*
28041d0c4239ab934eccc62eeecd1932,1156420100,41,m.saipujianshen.com/*
2810f95d580bf1f74c45a706b91dada8,1156430100,1,m.saipujiaoyu.com/*
2856304ac26ed18e1866abe0c1bbce91,1156610400,6,m.saipujiaoyu.com/*
28a2cd672ca70444021b12786c9b048c,1156611000,22,m.saipujiaoyu.com/*
2913adab0d80fcd72204aefcab7b0755,1156610500,4,m.saipujiaoyu.com/*
2952b71dfacee6e981b35ac527682368,1156610100,1,m.saipujianshen.com/*
297e9500a707b73d3e492f042312f768,1156330300,31,m.saipujianshen.com/*
2996612f6081e123971cdaa15d08fded,1156410300,3,www.szgjjs.com/m/*
29a21fc7e24210164a1a625c72364a11,1156510100,21,m.saipujianshen.com/*
29bf929bcf80a0620e744d472f09a4a3,1156350100,10,m.saipujiaoyu.com/*
29cd4de4303e9e79eb01800b629846ec,1156622900,2,m.saipujiaoyu.com/*
2a141d99f6cee5bbabb88a3a3c9dbed8,1156610200,31,m.saipujiaoyu.com/*
2a588b5c1be23bf5d445f5a1768051e1,1156410100,27,m.saipujiaoyu.com/*
2a61c04ada7809308d253d150b805fad,1156610700,1,www.chuangtijianshen.com/*
2a6a5b7f9d7f4117e5e40ddd65c10001,1156510100,26,m.saipujiaoyu.com/*
2a87294f3f51b8a1a1af4cd5b4a6c32e,1156522600,9,m.saipujiaoyu.com/*
2ad8dc26b9bb7c8d6d6c0d3942403cac,1156510100,11,m.saipujiaoyu.com/*
2b350e0bf5ad5eea00135cedcbd978b4,1156512000,9,m.saipujiaoyu.com/*
2b4651b614941358452fbd4e9a3a608b,1156522600,5,m.saipujiaoyu.com/*
2b51f479a48b95388040155618a75e57,1156510100,38,m.yazhouxingti.com/*
2b7abb03840c1d9b6558404e1c24a518,1156510100,21,m.saipujiaoyu.com/*
2bd361b7d07b6c72a6c5b868ba954fd1,1156420100,39,www.feibaojianshen.com/*
2c165cd70a5a386ef15457be6beeba2b,1156520200,48,m.yazhouxingti.com/*
2c4ffed9012dcc7ae75db6868051ee92,1156430600,47,www.qingdaofitness.com/*
2c821887d2b42a145ed1d19322e81184,1156511500,17,m.saipujiaoyu.com/*
2cac4e62e80600ec47d224d3d1fabe09,1156510100,14,m.saipujianshen.com/*
2ccc73e3d564efe4b6cd25accc3133a6,1156610400,30,m.saipujiaoyu.com/*
2cfd5febec082fd3291a81b6f9458eea,1156421100,81,m.saipujianshen.com/*
2cfed280f770e5e7b53e05ad153262d7,1156421800,27,m.saipujianshen.com/*
2d3f250694f3aaedd5c6b2d73045da4f,1156610100,7,m.yazhouxingti.com/*
2d758700e715bf56459eeb957cd5741e,1156420200,17,m.saipujiaoyu.com/*
2dbf2d0ce73683db2d33180cdb3882bf,1156321200,25,m.saipujiaoyu.com/*
2dc41780b827ebf1ac2bfbfb31e146d8,1156520200,1,m.saipujiaoyu.com/*
2dec3ae96e1e0a35da1494b262dd940b,1156620100,8,m.saipujiaoyu.com/*
2e6c64e79029a1decc6a420fe4d0715a,1156520300,21,m.saipujiaoyu.com/*
2e9034cc17ca333673f8df4dde200666,1156611000,2,m.saipujianshen.com/*
2f1a93f49f5fd62ccd2b5ecb6174609b,1156421800,1,m.saipujianshen.com/*
2f1e1b53d26479b8b3d2c224620c418b,1156610200,5,m.saipujianshen.com/*
2f7ac4ed77b46ca9c42ccfde6990a580,1156610100,4,m.saipujiaoyu.com/*
2f846106b8318a91705e5d9059296971,1156421800,1,m.saipujiaoyu.com/*
30b852954d242ec6aeb6b754483148aa,1156130800,2,m.saipujiaoyu.com/*
30d93fdccb7e90947c48125fd34f9a5a,1156522400,4,m.saipujianshen.com/*
30ddd692264e436e1752cf83628df156,1156513300,4,m.saipujiaoyu.com/*
3104c294adbd632c090ee60ca9c01f99,1156420100,19,m.saipujianshen.com/*
311e3c5fa09997cfaa190549c4cf9515,1156510400,26,m.saipujiaoyu.com/*
31604e027c08b9d06be56d7103e41636,1156500000,3,m.saipujianshen.com/*
316a43ebcac6c8c52613e3c705db5c63,1156511500,9,m.saipujiaoyu.com/*
316e2c4f4ea4d0ba61999a7b9f4dfb63,1156510100,34,m.saipujianshen.com/*
319fe175fd251ade65069cd647f279e6,1156420100,33,m.saipujiaoyu.com/*
32134ca30d5be658236dc3e11515ceee,1156510100,1,m.saipujiaoyu.com/*
328af947e95dffea72c535d0ab112236,1156360700,6,m.saipujiaoyu.com/*
328af947e95dffea72c535d0ab112236,1156360700,40,m.saipujianshen.com/*
33700d99aedbf547185be12dfa9c9ca9,1156610800,1,www.szgjjs.com/m/*
33b28cc11f5971d5e3452a44a4843fb2,1156500000,16,www.feibaojianshen.com/*
33c2282efcc31c323da652ba0096064c,1156341300,22,m.saipujiaoyu.com/*
34208e60de9bb294e634130d570f3a59,1156520100,22,m.yazhouxingti.com/*
342cdf0102cdd047efc3e2ffbbff8d94,1156510100,1,m.yazhouxingti.com/*
3437908e474f2a923253e8193102b968,1156511400,17,m.saipujianshen.com/*
343a9455b152e73355e474960a9495be,1156610100,24,m.saipujianshen.com/*
345bf9b595124ec4be4111125406ccbb,1156513300,17,m.saipujiaoyu.com/*
347a37555d14106dbc38771c07cc8380,1156511300,2,m.saipujiaoyu.com/*
349db5cf9347edc4bd0f56f85253b6f9,1156610900,2,m.saipujiaoyu.com/*
34a11f7af506c23a8862313a84de75fb,1156610700,80,www.chuangtijianshen.com/*
351cb870a4a6f290e572a49f4273ca26,1156610600,1,m.yazhouxingti.com/*
354752f3ad61498f99311e1eaa705de0,1156621000,1,m.saipujiaoyu.com/*
3551e8ce18a28a8bdb32fb0933118fbe,1156610100,4,m.saipujiaoyu.com/*
356f4ca572774b7649b099bcc4d00f0c,1156511000,19,m.saipujiaoyu.com/*
3593ae9baebdac20c210a7f9748dddff,1156610500,33,m.saipujiaoyu.com/*
35b67894d257be85d34760b2710fdcaa,1156610500,1,m.saipujiaoyu.com/*
35d0f9610364fd7459d11efc968b9945,1156610100,50,m.yazhouxingti.com/*
362c548ec1c906e90220f50d26808b89,1156610600,6,m.saipujiaoyu.com/*
36694bbcc732e817d14416d1e2e092cd,1156360400,20,m.saipujiaoyu.com/*
36743dda55528b3e85744840ca086e33,1156510600,14,m.saipujiaoyu.com/*
36785d3ad18d46f338a8874504472618,1156610100,2,m.saipujiaoyu.com/*
36c17470a01c59dd74d7db779b5a7991,1156511400,37,m.saipujianshen.com/*
3739d2a56b1f6ad06b547ed54d503e90,1156610400,3,m.saipujiaoyu.com/*
378f64a4ac0e036acbcb90cf5faafcfa,1156621100,3,m.saipujianshen.com/*
37d5846cf9cff4a5a6e4de739809bbf1,1156420300,2,m.saipujianshen.com/*
37f93cad84da5a83654362e509543763,1156441900,1,m.saipujiaoyu.com/*
3844d1a28914289a5d6e4198fbb01857,1156610100,1,m.saipujiaoyu.com/*
38599e4b4c26f0dd04ba88bcf14d6b24,1156610100,2,m.saipujiaoyu.com/*
385cb805d11dd17ab0fb33cbffafe6bd,1156420100,8,m.saipujiaoyu.com/*
3872144901bf0b95de93b999f28a6ab2,1156421000,23,m.saipujiaoyu.com/*
389313eb3c68ce71d8d22f9a166d8783,1156610600,4,www.szgjjs.com/m/*
389572b60f4de00e3a1c1e4769bed31d,1156610400,23,m.saipujiaoyu.com/*
38eafb7416d517b0b60464974584a200,1156610400,9,m.saipujiaoyu.com/*
399487d0a6514d856548743320ed5f74,1156431000,32,m.saipujiaoyu.com/*
39a79ae5e0d2c6dbfa215031047cbefc,1156510100,32,m.saipujiaoyu.com/*
39fd75ad89f53e7fb8662512fb2c7f0b,1156522200,30,m.saipujiaoyu.com/*
39ff44ba181beedfbd33418120f0852c,1156420100,22,m.saipujianshen.com/*
3a08f4544e5f56738c851a60ce985c7a,1156411600,1,m.yazhouxingti.com/*
3a32328e1b11b540b669bb277f40147e,1156610100,4,www.szgjjs.com/m/*
3adfaecb53411afb2c57e7827d3489be,1156510100,22,m.saipujiaoyu.com/*
3b8fb3c4987845caee55f0c354242d08,1156610100,14,m.yazhouxingti.com/*
3bb03c06f70fb46c1adf93a67d6c76b9,1156360700,59,www.qingdaofitness.com/*
3bf61499aad981d2cb13cf78fded00c9,1156610500,4,m.saipujiaoyu.com/*
3c3407c44f0d17aa7b3b1f2658a4a68b,1156510100,22,m.saipujianshen.com/*
3c7235b95f907d8e967fe36efdb9c457,1156360100,27,m.saipujiaoyu.com/*
3c80a68bcf314111e4bfdd3bafe50bbd,1156510100,22,m.saipujiaoyu.com/*
3ccecfc3724de83ae7f7bc79b6b61862,1156610100,28,m.saipujiaoyu.com/*
3cd6294725e7026e59c6867348da1aeb,1156431200,44,m.saipujiaoyu.com/*
3ceeea23058a8649d3dc9e3ea5557b9b,1156420100,10,m.saipujianshen.com/*
3cf1bcc46a9ee8adc15c20dbcc21e7a9,1156410100,23,m.saipujianshen.com/*
3d5101875224a28c6e7a8f8e52d951b3,1156610500,23,m.saipujiaoyu.com/*
3dbcc2786ac821e4e7034ee81494d68f,1156510100,18,m.saipujianshen.com/*
3dcd9d8c492b3717d296d50b6f477d8e,1156510100,23,m.saipujiaoyu.com/*
3e8749dbfce5ed00bb6df2563d93c788,1156511500,25,m.yazhouxingti.com/*
3ebec069845f3f7815e1fc5d981fb629,1156520400,24,m.saipujiaoyu.com/*
3ed78be69ed14c88a85e233eb50b6097,1156510100,5,m.saipujianshen.com/*
3ed98845b046969f55e30bd20f610adc,1156420100,15,m.saipujiaoyu.com/*
3edf4ad8c27d6b013ef59a8ae15a92f5,1156610700,35,www.chuangtijianshen.com/*
3efe608c19200d5ee80cdb71da6b0d0f,1156610600,3,www.chuangtijianshen.com/*
3f194823182806597c19b9dbb81fc75d,1156360100,32,m.saipujiaoyu.com/*
3f4f4a41e32031ab2a0c482f849bb863,1156610100,19,m.yazhouxingti.com/*
3f5cc5494fd5e73438a90ee10eba8b1b,1156410600,32,m.saipujiaoyu.com/*
3fa646733fa4e46145f61c99bbf679e1,1156410300,19,m.saipujiaoyu.com/*
3fcd5a4ef28fed70df801e9998fd5e2d,1156421000,6,m.saipujiaoyu.com/*
4026fae0215f526c6cdb2cc125b32731,1156410100,7,m.yazhouxingti.com/*
4029b26dc11eb160d540bfd2492e6e8e,1156360700,15,m.saipujiaoyu.com/*
4098bac7bd162bf7e4ad5914552a89c0,1156430800,12,m.saipujiaoyu.com/*
40c07a85d7f7b7eb2901e9df65aaac4a,1156511600,22,m.yazhouxingti.com/*
41002395b09ebd272a4a9f554fbe898e,1156411300,35,m.saipujianshen.com/*
415e728d224c757663c572aba85eb3e4,1156611000,2,m.saipujianshen.com/*
41d333465a7d1b0dc780c608d1b9ddff,1156131100,4,m.saipujiaoyu.com/*
41dc649ea4d3d43362a05dff04528f85,1156411700,4,www.szgjjs.com/m/*
41dd708d89d64972d60fb6299f5df18c,1156510400,8,m.saipujianshen.com/*
41e26422697e80ce7dc539a1990ad44d,1156510700,39,m.saipujianshen.com/*
41edb6b06340d370e293a2ab0394a890,1156330500,32,m.saipujiaoyu.com/*
4259129ef091f15a9aeb6dd76c19bccb,1156430800,42,m.saipujiaoyu.com/*
428b71e4194efd5cf6d9392ee393d5d0,1156522700,28,m.saipujiaoyu.com/*
42ac4704ea823c32f10d46542aec4b51,1156410100,32,m.saipujiaoyu.com/*
42f409ffa6bfcdc2438965d5863b6f6a,1156610600,2,m.yazhouxingti.com/*
436107b9390922a26214153b685d36dd,1156420100,39,m.yazhouxingti.com/*
43914f8b8b11724f2d12d8debcc70ba9,1156610400,6,m.saipujiaoyu.com/*
43e650c8bee4a417b154bb9cfbb89d12,1156610600,22,m.saipujiaoyu.com/*
43ed7bdbd8d211c205f9f1306a6c1977,1156610500,3,m.saipujiaoyu.com/*
44c974459b3cf4e63b8a95e9ecdd6f60,1156410100,3,www.szgjjs.com/m/*
44f146cba5d3ccd5021e7be2d8a34a4a,1156510100,38,m.saipujianshen.com/*
450e864a8a986d9067f19324e430037c,1156410500,4,www.szgjjs.com/m/*
453aba21ef98cda32e9b108487c48d25,1156610500,1,m.saipujiaoyu.com/*
4550dbc97bdcd4c0f266bebf18ef8f8c,1156610800,2,m.saipujianshen.com/*
45785a875dc030929917ec0042df49cf,1156360900,20,m.saipujianshen.com/*
45836fd224dda060af55c0c1082c69fc,1156510700,22,m.saipujiaoyu.com/*
4586a1dfe272f74cda5401bc93416e7a,1156510800,25,m.saipujiaoyu.com/*
458703bd5176b11df627435e0bcaf73a,1156610600,4,m.saipujiaoyu.com/*
45c1638bb139dd2ec9e5574682df1854,1156360900,6,m.saipujianshen.com/*
45dde100a9287eccecf341f3785c4820,1156510100,2,m.yazhouxingti.com/*
45f7fc83d9ce29c0ec11f2547553bf42,1156500000,24,www.chuangtijianshen.com/*
45f9bbcdc238ebf28a7d18d41250e67e,1156610100,17,m.saipujiaoyu.com/*
460d3097042929d12ab9472f35066ea2,1156420100,36,m.saipujianshen.com/*
461a1fd12ebc184eb079b2a1b16aecf7,1156512000,8,m.saipujiaoyu.com/*
4632060d5fb1cbed83464833ee5e0770,1156522400,27,m.saipujiaoyu.com/*
464e9bd3a1e1f44709ac40172de5ff74,1156431400,1,m.saipujiaoyu.com/*
466eaa8acee6aa12c34043f69e7b9c05,1156430200,6,m.saipujianshen.com/*
46ddbf5c3374aeb52006a1105ee54477,1156610500,1,m.saipujiaoyu.com/*
47028bb93a47a8cdd15759e6ee07c57d,1156510100,2,m.yazhouxingti.com/*
473c5806c08e5b9e7b3763bfc26e73d0,1156420100,39,m.yazhouxingti.com/*
474fe9c0b52619a9a22c7ef5dea7f51a,1156420100,46,m.saipujiaoyu.com/*
47545074373bb318a80e0fdbe5eea751,1156510500,1,m.saipujiaoyu.com/*
478b3d870d110e3b4f13264fd295bb81,1156522400,4,m.saipujiaoyu.com/*
47941568adafb1565af2f59658b16af3,1156360100,10,m.saipujiaoyu.com/*
47bdaadd1cb0839aee72740f6bbbd44d,1156611000,22,m.saipujiaoyu.com/*
47cf62eae779c3586199b4a53e76833a,1156621000,3,www.szgjjs.com/m/*
482663ea66736abc79df2dab82b6d4f2,1156510100,6,m.saipujiaoyu.com/*
48af6eb62793a0dbac4d825d0e0c9d80,1156431200,26,m.saipujianshen.com/*
48f7d40eb49a98758da68e67f12f36d1,1156410100,12,m.saipujiaoyu.com/*
4904941e7defa1c06c6fc4b7094a9a02,1156350500,2,m.saipujiaoyu.com/*
49221a7571084f690171bae53ec667f9,1156510800,22,m.saipujiaoyu.com/*
493d291bde3be86886ae355d6c9a585a,1156610100,3,m.yazhouxingti.com/*
49720745617f6a44193926dc7be64dbc,1156610100,34,www.feibaojianshen.com/*
497ffa02610c0a4876a4b62b31caf1bb,1156430200,32,m.saipujiaoyu.com/*
49c34f1fcd6fc4852635c43064efc5e6,1156430400,35,m.saipujianshen.com/*
49dadeb0154bf2c6420d218ed6c38fe8,1156610500,3,www.chuangtijianshen.com/*
4a345727cb4cae1d97a7668fff577008,1156610100,30,m.saipujiaoyu.com/*
4a9f66fdd7cb3b9ae1c2a3641c7df7f9,1156522600,39,m.yazhouxingti.com/*
4b0c0ed8b510725ec0e8bfbc5ef39b9f,1156522400,26,m.saipujiaoyu.com/*
4b48352b931fccf9e5e3db25507362bf,1156610400,4,www.szgjjs.com/m/*
4bafc8eec033e2bf95c11b261bc6c51b,1156360700,5,m.saipujiaoyu.com/*
4c315c224da7f380f46d1b380795fdaf,1156611000,17,m.saipujiaoyu.com/*
4cc30203cd6022ca51f80b43d77ae08e,1156610400,1,m.yazhouxingti.com/*
4cf01e38c1474811bd09f8820b1c78f7,1156520600,7,m.saipujiaoyu.com/*
4d9037d1063598a06b1533d284aba810,1156511300,27,www.feibaojianshen.com/*
4da1256f3e1531288ab46daedae83ffe,1156371100,24,m.saipujiaoyu.com/*
4da42720a6ebe50e97bb710a1993bae2,1156350200,71,m.yazhouxingti.com/*
4ddd9be1b0f87689361a8aac2002a23e,1156420100,9,m.saipujiaoyu.com/*
4de00167cd6e83fba0f678ba83b28cd4,1156430600,38,m.saipujianshen.com/*
4dee5c4cadd5bc70b64aa16be67cd255,1156410900,32,m.saipujiaoyu.com/*
4e0c1dbf52f47f441955af294cac21bb,1156510300,1,m.saipujianshen.com/*
4e688b15ecbd0e5af8a61a8c9126836a,1156520300,1,m.saipujiaoyu.com/*
4ea2e6c1550d30f2c12f64030e70cc09,1156512000,1,m.saipujiaoyu.com/*
4eb3da0fea8c0be94e80fbb77379e14c,1156420100,33,m.saipujianshen.com/*
4ee56d42a451ab7c04a71e75358757da,1156420100,64,m.saipujianshen.com/*
4f156986e574baf84a4f93b04ed8548c,1156632100,90,m.yazhouxingti.com/*
4f811e0e5bf0e0c6565029a7398d17f0,1156610300,24,m.saipujiaoyu.com/*
4ff8f436a62c78b7b3c7b95118e6a6e5,1156510600,32,m.saipujiaoyu.com/*
4ffa45d79732657f2371680b808d675f,1156610100,40,m.yazhouxingti.com/*
5002a50168c58ee53ed6dfa53606975d,1156511400,35,m.saipujianshen.com/*
500fbde1ba8daf95171b7625f2373894,1156420100,1,m.saipujiaoyu.com/*
508e5df25edf1a2e8f588ed815e904dc,1156520100,26,m.saipujianshen.com/*
50905f18363b4ea53d167368bca82145,1156510700,7,m.yazhouxingti.com/*
51a09a9fedf9a546fd932bec7356fa6c,1156511700,10,m.saipujiaoyu.com/*
51cf889673196f06f3b9387494c51c0c,1156510500,24,m.saipujiaoyu.com/*
52108f223d22110807740dbe3920a1e8,1156410100,34,m.saipujianshen.com/*
523ab99e2570cd69d8f44ea9461151d5,1156420300,6,m.saipujiaoyu.com/*
5243b007ac5ffe7a139b5c9c7698a21d,1156611000,12,m.yazhouxingti.com/*
526724a8a00cbbfae82d4bfc0c7b059d,1156610100,1,www.chuangtijianshen.com/*
5292b7e5ab4a24f1d2684d0973242f61,1156430200,7,m.saipujiaoyu.com/*
52c9db841815ebd1d6dce8e063983289,1156511500,31,m.saipujiaoyu.com/*
52e93ed874cdf9b99e071cdac4109595,1156421800,6,m.saipujiaoyu.com/*
5338ff60523ffaea663c42855e287ea0,1156420300,6,m.saipujianshen.com/*
534fa94e81a32239c442e97147570fe6,1156510600,15,m.saipujiaoyu.com/*
535f3b21a360e48533b4f4eca3266b66,1156510400,8,www.chuangtijianshen.com/*
536a6525bc68ff61f0fa82720cb55e59,1156510100,17,m.saipujiaoyu.com/*
5382c169e13c91c95a1ddab7c43e436d,1156540100,10,m.saipujiaoyu.com/*
53876fc560f688435bdc26037d65f571,1156360900,1,m.yazhouxingti.com/*
53893fa077015ca0275fcaadbc76a471,1156430100,1,m.yazhouxingti.com/*
53a4e390a3f9b6bacaeeec28e8319285,1156520100,37,m.saipujiaoyu.com/*
53d1fe4a4b3f3eab6e5131955bf594ec,1156610300,10,m.yazhouxingti.com/*
53ea412d8679e61ce932c8dd04d46161,1156431000,1,m.saipujiaoyu.com/*
5401a3b99485221299c1fa0f8d639f40,1156430400,30,m.saipujiaoyu.com/*
543568afe98a57db061c66ff4de9a1c9,1156510100,1,m.saipujiaoyu.com/*
544895c5182c7538eb80f7e5ab249b4f,1156610100,1,www.chuangtijianshen.com/*
544895c5182c7538eb80f7e5ab249b4f,1156610100,2,m.yazhouxingti.com/*
5485bf9a32caa978c39ee69c6dd84f11,1156610600,19,m.saipujiaoyu.com/*
54a09b1eae140b415160cc2b1e1daf24,1156610400,26,m.saipujiaoyu.com/*
54d431e13909c0bdbc1a2cc6efe37f54,1156610700,3,www.szgjjs.com/m/*
5520038d058be66a0f6e9893cd9dc902,1156610100,2,m.saipujiaoyu.com/*
553391a2d74dff5c466f80a2bf2f67fd,1156420100,1,m.saipujiaoyu.com/*
558c7c2482c8ff1768cab1eb3d15ef20,1156610100,3,www.chuangtijianshen.com/*
56965c7f4082803e774c92b2c09efe8e,1156610100,1,www.chuangtijianshen.com/*
56a3fd8fdde33e98fcaf7a6bc07518ed,1156513300,11,m.saipujiaoyu.com/*
56b86a817d08ce5bae564dc64dd7ec63,1156360100,82,m.yazhouxingti.com/*
570ac226afafe76140a1c7dcab8b73b5,1156610300,2,m.saipujiaoyu.com/*
57c78dfa5a2f3a136eb6364bd439d3e8,1156520100,31,m.saipujiaoyu.com/*
582507df98da0faae446c12ce38079ec,1156620100,1,m.saipujiaoyu.com/*
58e2cda66c74da29d4a4fdda16c08809,1156520100,27,m.saipujiaoyu.com/*
596a84c3b2f24df68c17e437527c2986,1156410100,31,m.yazhouxingti.com/*
59b119ce27ab8a3fdd1345762d5267e6,1156522600,33,m.saipujiaoyu.com/*
59b475a8bd458b850091002ca3783871,1156310000,30,m.saipujiaoyu.com/*
59b6a2a50ea0df5f13b32d46a73b45cf,1156420300,4,m.saipujianshen.com/*
5a46db60192d84b4458e1d8ee7d40b34,1156420100,3,m.saipujiaoyu.com/*
5a56c651e0dda583734829450d02a974,1156510100,38,m.saipujianshen.com/*
5a6314cbca264392b138b154c5d8fb62,1156510800,1,m.saipujiaoyu.com/*
5ac4ae161026d85d18921c1df131777e,1156610500,25,m.saipujiaoyu.com/*
5ad49a32850fbc06668f78cf952aa365,1156510600,1,m.yazhouxingti.com/*
5afee1b2b406b003871eb80038f175a7,1156510100,5,m.saipujianshen.com/*
5b1c742f00f803be645f3bcf414d709e,1156522200,9,www.567go.com/*
5b1c742f00f803be645f3bcf414d709e,1156522200,49,m.yazhouxingti.com/*
5b72c8ba44874dafc7e4b8b9841dd91e,1156511500,17,m.saipujianshen.com/*
5bee468cfaf1508de1d35fd2907ee99a,1156610100,1,m.yazhouxingti.com/*
5c3b75e6319869a963e3d385a8e44c7f,1156420100,2,m.saipujiaoyu.com/*
5c61e1d7bc01d4917b9f0ad24f310107,1156500000,13,m.saipujiaoyu.com/*
5d4012f60350b2ef25001539e9e54a0c,1156510100,30,m.saipujiaoyu.com/*
5d901cb64840457885fa8609b3b92ab8,1156360800,39,m.saipujiaoyu.com/*
5dee294ba70e02ef3524f8f366ffdced,1156421800,28,m.saipujiaoyu.com/*
5e02ad4e16e7ee8ae92d0702e60f5b95,1156610100,2,m.saipujiaoyu.com/*
5e175404a8b82caa77349bea0defc273,1156420100,5,m.saipujiaoyu.com/*
5e8610340fdc7b482061a408030cebe3,1156511600,35,m.saipujiaoyu.com/*
5ecd4538332a60b658368e5350345543,1156522300,7,m.saipujiaoyu.com/*
5ee04f7a1855cf4dfc8cdc211d89e127,1156520100,1,m.saipujiaoyu.com/*
5efc916136eb1e4f1e38c2b8cc41d136,1156430500,40,m.yazhouxingti.com/*
5f330e17561ad7fda68026716d019ac0,1156510300,17,m.saipujiaoyu.com/*
5f3ce5d3ec26064456d061d573f36d2e,1156410500,36,www.567go.com/*
5f605066567c6fc3f966b5f65f26dae3,1156431100,38,m.yazhouxingti.com/*
5f8b73f87e8a8b0c6231c25da16e3260,1156610600,4,www.szgjjs.com/m/*
5f8d6c04707aee204650fe121538f1a0,1156610300,3,www.szgjjs.com/m/*
5ffd8001d31c0b9c24140504987c60eb,1156110000,25,m.saipujianshen.com/*
602698f74e4f90faea3a1ed39d6b5875,1156610100,1,m.saipujiaoyu.com/*
604f48340e955af15638b5103d2164b9,1156360900,15,m.saipujiaoyu.com/*
607f440dbb9d0c89dc8b85c47960a1a0,1156510100,3,www.567go.com/*
60f316636899fb5678afc27710b25ddf,1156511600,1,m.saipujiaoyu.com/*
6131af07b5846e66c9946a71a4d0aa81,1156430600,30,m.saipujiaoyu.com/*
61c1969fdbbc957c9ec6de4cb9eeb4f0,1156511800,31,m.saipujiaoyu.com/*
62606dc084a20c661e78a58b9930d038,1156610700,3,m.saipujiaoyu.com/*
629415680b42eff5aa179630d8db61a7,1156522200,31,m.saipujiaoyu.com/*
62ee44330b0ad8a244a72fcace50c1ff,1156510700,10,m.saipujiaoyu.com/*
632efdf81519a5b9f75fdbe14887282b,1156360600,14,m.saipujiaoyu.com/*
633967fb51324f98bef147cac424ca2e,1156430500,2,m.saipujiaoyu.com/*
636bb75cb21e7b3985c530ecfe3b269f,1156410500,26,m.saipujiaoyu.com/*
636bd38449869e8643da1f668589a1fa,1156610100,10,m.saipujiaoyu.com/*
63a60b657d5e4097fa904116e290562a,1156420200,7,m.saipujiaoyu.com/*
63a92c68caf365775d8030a80e92d852,1156420100,8,m.saipujianshen.com/*
63b0e773c8a92c650e6b6d1f0964ac90,1156431400,4,m.saipujiaoyu.com/*
63bcb7840d6c72d6dc470cdf64ceac25,1156610100,31,m.saipujiaoyu.com/*
642b362ac1ba0aa0b5ed10f0545e0b0f,1156500000,156,m.yazhouxingti.com/*
6434d9f0c95ada172266b1e93b482b42,1156510700,1,m.saipujiaoyu.com/*
644b4330862b9c340df51e8195b59ec6,1156513400,1,m.yazhouxingti.com/*
644b4330862b9c340df51e8195b59ec6,1156513400,58,m.saipujianshen.com/*
64c186e09f2f931d395ba176cc6719d2,1156610100,16,m.yazhouxingti.com/*
65301bd7aad00501c23cfebe40ee93fe,1156411300,25,m.saipujiaoyu.com/*
65607fa9bb0c858288650f9e1b464be0,1156510500,26,m.saipujiaoyu.com/*
65c6cb0cc502340a2c0e5854f87c3f5d,1156610100,3,www.szgjjs.com/m/*
65ed05c01bdd0a9d8c07d53d8eb90930,1156410500,44,m.saipujianshen.com/*
66864a1091381cd8e8a787ca1164e2c9,1156330400,4,www.szgjjs.com/m/*
668dabd6c8e4328e248276d432dd5cd4,1156330400,20,m.saipujiaoyu.com/*
66a28aeba3a6160be6570c3cfd61c965,1156610700,23,www.chuangtijianshen.com/*
671292dbcda04b219fc9ff121caf39e7,1156610500,1,m.saipujiaoyu.com/*
671b914a137e00220348df088e482b4d,1156510500,11,m.saipujiaoyu.com/*
6775fb7e03b3cdfea7487b662c50cd87,1156511000,2,www.dyjspx.com/*
67875b9b80570834bdbe20499f8fe285,1156420100,26,m.saipujiaoyu.com/*
681f89f18037aff037ade77c1855b0c9,1156610900,1,m.saipujiaoyu.com/*
6858bc630d800af89cdf95a856ada02b,1156522300,1,m.saipujiaoyu.com/*
6a06ae6e5278bc8773b2f2ca3177d503,1156361000,4,m.saipujianshen.com/*
6a18126c9999f65e8215432ecb4e57aa,1156420100,23,m.saipujianshen.com/*
6a3ed509c74c19e860245a99d3a8cbbe,1156511600,7,m.saipujiaoyu.com/*
6a46005837f47a006c551b8cc5fcb237,1156420100,1,m.saipujiaoyu.com/*
6a85d793c91f49b9ed53c66da29e4051,1156410100,9,m.saipujiaoyu.com/*
6abf1a5fa4335d536edeb044daa8d767,1156431000,1,m.saipujiaoyu.com/*
6aeb016fa6af8dddaa413f0cd17a4de7,1156610700,26,m.saipujiaoyu.com/*
6b06d99f4512b8bee55389b8e164910b,1156610500,2,m.saipujiaoyu.com/*
6b2261ab0bd65eb6ed8e7301ac77757b,1156610900,8,m.saipujiaoyu.com/*
6b51a97569d30b3f779178e6c1ad4ec9,1156610400,8,m.saipujiaoyu.com/*
6b584a52657b50a3d98c26c0596ed4d0,1156420100,1,m.saipujiaoyu.com/*
6ba940570c29591ef1f380369fb1f4b3,1156360900,18,m.saipujianshen.com/*
6c939a83dd1fde2e67f321702caece21,1156430900,1,m.saipujiaoyu.com/*
6ce1588340ed278b923c312ae5882cd1,1156520200,31,m.saipujiaoyu.com/*
6d1bedb36c3e277b70384ad4a8cc94e7,1156360900,25,m.saipujiaoyu.com/*
6d1efb158203407fa3da649a1d6fdffd,1156610500,31,m.saipujiaoyu.com/*
6d56ca5280f82bcf66ec6f3b9599d24f,1156411100,30,m.saipujiaoyu.com/*
6d5d23b9772f08fb5296196b0ac88b58,1156610900,26,m.saipujiaoyu.com/*
6d7e19432ddc47c2522bb8d897b4b65b,1156511400,24,m.saipujianshen.com/*
6d9aa9d239d84c881be2301da08256dc,1156510100,56,m.saipujianshen.com/*
6da1603253ba5f7738374962a58c19f4,1156430600,36,m.saipujiaoyu.com/*
6db2fd77142934b2e7fd3824d2e606ec,1156500000,1,m.saipujiaoyu.com/*
6df1395e760bd61871dae36d49ebf935,1156510600,5,m.saipujianshen.com/*
6e248b11b5e4f47548c7968712ebc68b,1156610700,4,m.saipujianshen.com/*
6e443b76eb1c413ae196e8afba03e3f8,1156360100,12,m.saipujiaoyu.com/*
6e49b6ca73ed73205a0c626e9be0747b,1156421400,16,m.saipujianshen.com/*
6e52bc7d7753bf23a445e42426ff8e4f,1156610900,2,m.saipujiaoyu.com/*
6ec44a1ed84e0c52f604f2aefbe7e41f,1156610100,1,m.saipujianshen.com/*
6f1ec561265cd56d9476d6f3b31b962b,1156510500,27,m.saipujiaoyu.com/*
6f3beab89b10be611daaec9344342c08,1156610500,1,m.saipujiaoyu.com/*
6fe61d4579cfa592a899be764d8c7508,1156421800,1,m.saipujianshen.com/*
703edb97bdaba3089f01bd187978e171,1156330100,1,m.saipujiaoyu.com/*
704351a4f4abe4e3033241c327e52483,1156430100,3,m.saipujiaoyu.com/*
70457d97223ba6972dedb0a0a7d81452,1156522400,30,m.saipujianshen.com/*
7054f1dcdc42a06f292569c1245488fc,1156430800,25,m.saipujiaoyu.com/*
70974c0ff317986798c407d743a51e9e,1156610100,2,m.saipujiaoyu.com/*
70ad302c54eb8401e1b9bbb8fabded76,1156520300,10,m.saipujiaoyu.com/*
70e646bea8aef31d68e34b33cc6b2b7a,1156410100,19,m.saipujiaoyu.com/*
715f2640b00e206d8d009707c5cf0eb9,1156360400,22,m.saipujianshen.com/*
718da0aa555024a565270a6aa96a1d30,1156610800,4,www.szgjjs.com/m/*
722c16773ca425e4848a6f3db20f7bd6,1156431300,5,m.saipujiaoyu.com/*
727ef28164e0e5a47bc34e4d80b3bb0e,1156420500,42,m.saipujianshen.com/*
72876f184436645c6805e156c2abd2e1,1156511700,11,m.saipujianshen.com/*
728eefc1eaa7f841d8cbaae6c8ea2ef6,1156370100,25,m.saipujiaoyu.com/*
72ad01c5284170e77c1bbc65ab037825,1156420800,2,m.saipujiaoyu.com/*
732dbb7dbd0867bf322a3dbdef9ab8fe,1156511300,20,m.saipujianshen.com/*
73390a2ea33f9cf322292ed2eec95e05,1156610500,4,www.szgjjs.com/m/*
73b5e2fc7c95bdb61ae21ead64135bca,1156520200,9,m.yazhouxingti.com/*
73f30cf9f5f5418f4480883f77fbcdea,1156360900,19,m.saipujiaoyu.com/*
744cbd63494d06e34cab058f6df58005,1156611000,39,www.chuangtijianshen.com/*
7494b3759e97c1dfc449a544c7a3d154,1156520200,1,m.saipujiaoyu.com/*
751a1b6c239c472cbfa3f558f9a8cb55,1156610100,4,www.szgjjs.com/m/*
7557d89e8d6c69eb4f569cf2691d6456,1156610400,4,www.szgjjs.com/m/*
75ab0fa44d2eefeacda0092846764615,1156610100,111,www.chuangtijianshen.com/*
75ab0fa44d2eefeacda0092846764615,1156610100,21,www.567go.com/*
75ab0fa44d2eefeacda0092846764615,1156610100,73,m.yazhouxingti.com/*
75ab0fa44d2eefeacda0092846764615,1156610100,14,m.saipujiaoyu.com/*
75ab0fa44d2eefeacda0092846764615,1156610100,131,m.saipujianshen.com/*
76010a59664e695da53f3a22d33b5d41,1156510500,21,m.saipujiaoyu.com/*
7643c13a72a3e74905e134beceb5a9b2,1156520300,1,m.saipujiaoyu.com/*
775dd4b5695e31a0df66989742469295,1156520200,29,m.saipujiaoyu.com/*
77a41a3838ea051b88561a376e7785e7,1156431100,3,m.saipujiaoyu.com/*
77ac220201d49daf583f1ea62d9e17a4,1156610500,12,www.chuangtijianshen.com/*
77ac220201d49daf583f1ea62d9e17a4,1156610500,47,m.saipujiaoyu.com/*
77ac220201d49daf583f1ea62d9e17a4,1156610500,71,m.saipujianshen.com/*
77b9e1457492c5c411320809ae670296,1156510700,23,m.saipujiaoyu.com/*
77c21f01a33a80ac02ac5ba2459d0b61,1156420100,10,m.saipujiaoyu.com/*
7800130cc1fa0ea84fa80f1083b09571,1156512000,15,m.saipujianshen.com/*
78217c18fed3c18216a425cfae1db139,1156610100,2,m.saipujiaoyu.com/*
78547adc9170c195d03c3effc92e0832,1156610800,4,www.szgjjs.com/m/*
78775106774a6d80647fe5bc1de91cf5,1156360500,2,m.saipujiaoyu.com/*
788237872850a89188cf4fabafac3afb,1156520300,12,m.saipujiaoyu.com/*
78b956d5df65c2792601af8d64ead586,1156420800,28,m.saipujiaoyu.com/*
790b58c0b86b5a4e8dcd7725d631b1d1,1156370100,6,m.saipujiaoyu.com/*
790fd34e20ada9fde3b2a7de1c3e6cac,1156510700,35,m.yazhouxingti.com/*
79137ec449feb211df1a3b31c5d19c0e,1156421100,12,m.yazhouxingti.com/*
791669f9e9ba37404fc51bc4c3018732,1156510100,17,m.saipujianshen.com/*
796f86a0fafdd9d157231c8f5431e45f,1156422800,23,m.saipujiaoyu.com/*
79a96f41dfc38f39ff11aab0a96be6dd,1156420500,5,m.yazhouxingti.com/*
79a96f41dfc38f39ff11aab0a96be6dd,1156420500,40,m.saipujianshen.com/*
79e8a6fe7059da74e3c06bc10573a8d9,1156610100,2,m.saipujiaoyu.com/*
79ebec7a02c7e6a346336d80f8eec697,1156610500,1,www.chuangtijianshen.com/*
79ebec7a02c7e6a346336d80f8eec697,1156610500,2,m.saipujianshen.com/*
79ef163a0aba63e4a54e6e5be9d8fbd3,1156512000,20,m.saipujiaoyu.com/*
7a184e6f946d248ebc08872e7da39243,1156510700,50,m.saipujianshen.com/*
7a2ff46f914b4458fd62d6510f594068,1156520500,25,m.saipujianshen.com/*
7a316b75d84d83da6078fb56de571c99,1156610700,38,m.yazhouxingti.com/*
7a9adc1865da947f282ad33596fa457a,1156610700,6,m.yazhouxingti.com/*
7aa3ffe5d4d8557a77e51f1682dd9a7b,1156610100,1,www.chuangtijianshen.com/*
7ac67c2e46fa8539cc999f5c546bd3cf,1156420300,3,m.saipujiaoyu.com/*
7ad0dcee4399dcb3a0f9e83c3bbaff06,1156610900,27,m.saipujiaoyu.com/*
7af1586bf556f76e8ac8bea8aa87f53e,1156522400,8,m.saipujiaoyu.com/*
7b1376b3e2c06200302a8cac74f059d1,1156610800,2,m.saipujiaoyu.com/*
7b75b6a88e7c10ee6152bbcaf00a8a0c,1156430300,25,m.saipujiaoyu.com/*
7c4348eb378b5889090ef6b111f5336a,1156510100,5,m.yazhouxingti.com/*
7c4da915c382264ee6d30cbd86fecfeb,1156422800,20,m.saipujiaoyu.com/*
7c5458176fadd0ff9e17556d4a528b4b,1156420100,6,m.saipujiaoyu.com/*
7c5590621539b3ac0d7c64d8d37b18b6,1156360100,8,m.yazhouxingti.com/*
7d04193531b5914ed481863f9e2b03c4,1156610400,1,m.saipujiaoyu.com/*
7d91fe0d44a10bf77ba01fe92b485c2b,1156511700,1,m.saipujiaoyu.com/*
7db8dcc6deafb33ce5c84bbc35ca4b7f,1156510100,7,m.saipujianshen.com/*
7db91ffb60c466712bfb306f2e8d6f3f,1156610100,1,m.saipujianshen.com/*
7e05f5306fbb2d84634defbdf76a0f40,1156420800,1,m.saipujiaoyu.com/*
7e08ac810b27cd266a8dd1599c78ea7c,1156610100,1,www.chuangtijianshen.com/*
7e381de6b52ab041c2ae4f11165172c9,1156410500,1,m.saipujiaoyu.com/*
7e507d814ea7d94c247f2c7559545494,1156511900,32,m.saipujiaoyu.com/*
7e5728c879336ad1416dd460796c6669,1156411700,58,www.feibaojianshen.com/*
7e72506cf1e4cbcd4c716f7888a75b1f,1156522200,9,m.saipujiaoyu.com/*
7e881fb75cde5da28b59a60970c6e222,1156610200,30,m.saipujianshen.com/*
7f4bd7953e2ad67b004450bb709e5791,1156511000,39,m.yazhouxingti.com/*
7f523c6596643c14b0269f6d7b0ac5e6,1156511900,13,m.saipujiaoyu.com/*
7f5fb89c718515becfa6158dcf897de9,1156610100,12,m.saipujianshen.com/*
7f6c57fc966c07a9f3acb959c8460f3f,1156410100,11,m.saipujiaoyu.com/*
7f89349ac5f37fe4cd0fa59f1032d71c,1156513400,18,m.saipujiaoyu.com/*
7f9fcecc643f332f0b788539efc8344f,1156420100,27,m.saipujianshen.com/*
8031a8f09a4bfccdec0456d20ad73afd,1156360100,29,m.saipujiaoyu.com/*
803240a0289390035ada1ceb7ba32f9b,1156513400,6,m.saipujiaoyu.com/*
809a831c3646e5aee2265948aa5128e6,1156410100,28,m.saipujiaoyu.com/*
80bd16e74ce7a5130914faaecd26ea7a,1156510700,23,m.saipujiaoyu.com/*
810e1f342990b513a86041f2a0615c94,1156430100,1,m.saipujiaoyu.com/*
8143206a0e08d333b816670eab928f9e,1156610100,3,m.saipujianshen.com/*
8152e4e66c1e4d18ccb639bff76b3bc4,1156341200,16,m.saipujiaoyu.com/*
81fc5246e7a56b723790cbb1d2241ec1,1156610700,67,m.saipujianshen.com/*
82aaa90c1bf68276b88ae55e259dc1c0,1156610700,24,m.saipujiaoyu.com/*
831b57c2749ebcebf2e87ca1860a6a9c,1156610100,14,m.saipujianshen.com/*
832629afd7b4216c04c18cd63f1bced1,1156430100,32,m.saipujiaoyu.com/*
834042f9513dd80391f693747871ea8f,1156411600,15,m.saipujianshen.com/*
838a283b3a0a530d100a6bacf5fd547f,1156510500,48,m.saipujianshen.com/*
83a9dd01ed88e62aacaa8d4ec8c74d3c,1156510100,40,m.yazhouxingti.com/*
83d0454b786042e6aff867666a072108,1156610900,6,m.saipujiaoyu.com/*
83d7ebbc0b8cac3622b791011ea4a5b8,1156420100,15,m.yazhouxingti.com/*
8456fe63e801bf75d6cdf37574f9899a,1156140800,5,m.saipujiaoyu.com/*
84896a198221316fcfbf03ce175292c5,1156411400,14,m.yazhouxingti.com/*
8497ec71ad44dfb192b7c2410fa17b3e,1156511700,12,m.saipujiaoyu.com/*
84dcde51826cd086ebe8115131548f47,1156430100,1,m.tytyedu.com/*
84e66e88b6c91aacf7a4426a4679bbb0,1156511100,7,m.saipujianshen.com/*
85208b1ce18e4e1248bdb02aa2ba2c73,1156420300,12,m.saipujiaoyu.com/*
8532149476e81db215e5901d9022e5ae,1156511700,1,m.saipujianshen.com/*
854fa219addc4a81a08c385a7fcb8772,1156420100,15,m.saipujiaoyu.com/*
8564ad8ae467cc047e4de8150063bb75,1156410100,28,m.saipujiaoyu.com/*
8599a3d7b46d2ac51d1cca66e23c1dfa,1156511300,40,m.yazhouxingti.com/*
85b132feef950b812c3272384aca9c1d,1156513200,24,m.saipujiaoyu.com/*
85b8d4d2f734e1ea1bc0f79229b46623,1156411600,4,www.szgjjs.com/m/*
85ddbf2974572381a1177edb4c188f0d,1156520100,63,m.yazhouxingti.com/*
85e70392a43d4206b635e08bc39e1b4a,1156610100,1,www.chuangtijianshen.com/*
85ee65fd02b721176c456a17872fc4da,1156430900,42,m.saipujiaoyu.com/*
85f128dd4061bf89cea82a5c371cf218,1156610100,2,m.saipujiaoyu.com/*
86932346dde62db35488865e641591ea,1156510100,26,m.saipujiaoyu.com/*
8711f94562c19e8c28817f700bdde104,1156430100,31,m.saipujiaoyu.com/*
8712e5466ebf02527d018046fc31d567,1156430100,26,m.saipujiaoyu.com/*
8720593159b9065b29d04ce3fc9bf4b8,1156610100,24,m.saipujiaoyu.com/*
878011ee39126c1a2503657bc9e2d217,1156330200,1,www.szgjjs.com/m/*
884ef88e79ffaf7660fd19b590268d32,1156513200,10,m.saipujiaoyu.com/*
885cf640bade96749ad0c65bb14fd74a,1156430600,35,m.yazhouxingti.com/*
88a608037b3e206faa9170699c6fc71b,1156430600,32,m.saipujiaoyu.com/*
88abad3f79e867a7c0679a58ac34cf03,1156410100,12,m.saipujiaoyu.com/*
88e79ab2548c4f68cb56a6077546f9c9,1156513200,9,m.yazhouxingti.com/*
88e79ab2548c4f68cb56a6077546f9c9,1156513200,29,m.saipujianshen.com/*
8918bac85368b02f5e1a4be0f817a315,1156360100,1,m.saipujiaoyu.com/*
891ad4127d66e02733854cf2bca57f50,1156410100,32,m.saipujiaoyu.com/*
8938bd60751b1789c3469cd88d38de24,1156510900,27,m.saipujiaoyu.com/*
89445ec4c513e1cd75bf49087607846c,1156511500,26,m.saipujiaoyu.com/*
89c11f47bef7ae830a9b26662f0b6533,1156522400,12,m.yazhouxingti.com/*
89c7aa212a747e9f6c205965e86b1e47,1156610100,2,m.saipujiaoyu.com/*
89efda86b88ddfb06caf79a626598bbe,1156410800,22,m.saipujiaoyu.com/*
8a02440937c7f5720c5c8bf02df51bd4,1156430900,2,m.yazhouxingti.com/*
8a02440937c7f5720c5c8bf02df51bd4,1156430900,27,m.saipujiaoyu.com/*
8a1d3b04a88ef1951a15ba7eab054467,1156610600,78,www.chuangtijianshen.com/*
8a302607d32a1b78b84909a1f56e78da,1156520400,1,m.yazhouxingti.com/*
8a949181be2642f8ae570ea387fbf40c,1156610100,18,m.saipujiaoyu.com/*
8ace6159e6f1f25bfe7d8f9c910f965b,1156610100,47,m.yazhouxingti.com/*
8aff52294a1f8efef683f76e8a75a298,1156410100,7,m.yazhouxingti.com/*
8b3dbd1048d74aa87da1a6750b2249fb,1156610100,1,www.chuangtijianshen.com/*
8b994460b0d5a7677a91fb1a2649b6c9,1156510600,29,m.saipujianshen.com/*
8bd8d20778d3de462c38a4d580265a50,1156511500,36,m.yazhouxingti.com/*
8bfeaed9c4978caa039682d9fa0e3d8c,1156360400,9,m.saipujiaoyu.com/*
8c7cad85b66c780caeab775cd45e08b5,1156510100,6,m.yazhouxingti.com/*
8c923496cfd1a5ef7c005c4073132f39,1156520300,27,m.saipujiaoyu.com/*
8c940e88ba954be8ae5e6801afb3469d,1156420500,1,m.yazhouxingti.com/*
8cbf53d7aa498e7ab7e1769997eafa73,1156421300,32,m.saipujianshen.com/*
8cc445c0fe6d376214758b6751620d53,1156510100,5,m.yazhouxingti.com/*
8d03e1609659222ae029b8b5a5c32564,,4,m.yazhouxingti.com/*
8d21148485f0af3704cf86bad7f1ade4,1156511000,7,m.yazhouxingti.com/*
8d2fbc2dcfe7fc2e2d14428d90f621af,1156360900,12,m.saipujiaoyu.com/*
8deae41461a7628d92bc28e44a125a52,1156610100,1,m.saipujianshen.com/*
8e356c60135ded99f18ceb8ca8bcf3a6,1156511400,1,m.saipujianshen.com/*
8e81bd360fa36a6a78ea9208884c5364,1156640500,28,www.feibaojianshen.com/*
8e846ba8d4da8826fd3e6cf04e2fbd4a,1156511700,26,m.saipujiaoyu.com/*
8eed7237c3bb455b089f0664ded6aa3f,1156530600,7,m.saipujiaoyu.com/*
8f11d59868a6e901a94efa699b012606,1156610700,1,m.saipujiaoyu.com/*
8f17f7f0a27d578142bca87a6d61aaef,1156420100,1,www.feibaojianshen.com/*
8f4d68c0e405a9bf61c83905fcbc4377,1156411300,4,www.szgjjs.com/m/*
8ff0cfc470b625b6c5f75c17cd5937af,1156360400,47,m.saipujianshen.com/*
9006ce5f6a350ad023ba0ff19006d56d,1156510400,13,www.567go.com/*
9019f4041a6cb4a6ee4844a0e8140ca9,1156411400,31,m.saipujiaoyu.com/*
90271d5c6e506dae377b2a834c222ba5,1156420100,11,m.saipujianshen.com/*
9070f1c448ac6029e7d00878ac6a3c21,1156610200,20,m.saipujiaoyu.com/*
90a7c95c28f6803a0ae4a7830e33a311,1156522400,26,m.saipujianshen.com/*
90e01f07296ef0f87202a71908435c73,1156522200,4,m.saipujiaoyu.com/*
90e830691f7b3ddbd27141f22db9d655,1156430100,51,m.saipujianshen.com/*
90fc6bda06ec4664b95b0bea0e25d826,1156411500,3,www.szgjjs.com/m/*
91d906be662c1e455301ec5eb6167dfa,1156420800,2,m.saipujiaoyu.com/*
9200d662febb37e6014b7fc825b225f7,1156610100,2,www.chuangtijianshen.com/*
922d3e77b4d36cba5f924f7a27a95a22,1156420900,2,m.saipujianshen.com/*
92408f0cc52e65025c01879e74a78bf3,1156360600,1,m.saipujiaoyu.com/*
9242ff94718b4cd45061fba2b1c6a5db,1156610800,2,m.saipujiaoyu.com/*
928387647476db6fc8c25da1cc322e8a,1156510600,14,m.saipujianshen.com/*
9297b52c939d0a1478f288e58204b0f3,1156610500,3,m.saipujiaoyu.com/*
92a5ed5c0a74ec712bba223e53b498f3,1156411400,30,m.saipujiaoyu.com/*
92dc1d5b570cd802672a5b2ec3ebc6b7,1156410100,1,m.saipujianshen.com/*
9328bde0282c7cae7df5324b95cf6f22,1156410900,1,m.saipujiaoyu.com/*
9337c199a3852fb34a75f1bfdc0d5c86,1156610100,1,m.saipujiaoyu.com/*
9351e267e2fcdd8bd2b8a1677d49f8e2,1156610100,3,m.saipujiaoyu.com/*
93b8071a38ad4239a3872fb5caf47ed9,1156210200,25,m.saipujiaoyu.com/*
93e9cd475c4e153c876ab0f1f4741c0b,1156410100,24,m.yazhouxingti.com/*
94000bdef918aac65f6b484a7e7c53a2,1156512000,35,m.saipujianshen.com/*
940d97765b10e99c7a29aad8124238d2,1156610900,12,m.saipujiaoyu.com/*
942b2634ee2ebb03077071f3c83badb3,1156440300,6,m.yazhouxingti.com/*
94666b8c8e91401b356d94b97b9e6824,1156510700,31,m.saipujiaoyu.com/*
949885421f4ac1b4a5f65fc904fa905a,1156520100,25,m.saipujiaoyu.com/*
949886f47fdcc7f0ff27aedada1d3cbc,1156360700,3,m.saipujiaoyu.com/*
950c417c4257a448abfbda4292e33a90,1156430800,2,m.saipujiaoyu.com/*
950c417c4257a448abfbda4292e33a90,1156430800,48,m.saipujianshen.com/*
9515f2e294311913c07080c30dd0b975,1156610300,36,m.saipujianshen.com/*
95374c02cc8d90086d7f2dae43e2f4d2,1156410600,34,m.saipujiaoyu.com/*
95642be0f59593e9614976d71bf56171,1156511800,16,m.saipujiaoyu.com/*
959076d8951628a9fa568762203da0e1,1156610100,19,m.saipujiaoyu.com/*
95bcd94c557a0391d4a0c957028b0cd8,1156522400,2,m.saipujiaoyu.com/*
95eba62c2461bda8d95c0a2ae43d1a35,1156513400,21,m.saipujianshen.com/*
9616a5608647a5c3eb207cd8c5563150,1156610500,1,m.saipujianshen.com/*
96344cf9fa6f6120daf72818866821a3,1156421300,43,m.yazhouxingti.com/*
9659a8727d046d67382461df7cf982cb,1156420500,28,m.saipujiaoyu.com/*
966fffb4a9ee766c26fb232cbe5b9f68,1156510400,25,m.saipujiaoyu.com/*
9722af181424c30bf143e6d9447aebce,1156513300,30,m.saipujiaoyu.com/*
9722af181424c30bf143e6d9447aebce,1156513300,24,m.saipujianshen.com/*
9748df0e9eba63e871c6db32f54bc16d,1156520500,20,m.saipujiaoyu.com/*
9774f0cabad382f8c390631bad24e309,1156610500,5,m.saipujiaoyu.com/*
97d03c98bc664a4e5fe928d97fc1d333,1156430400,3,m.saipujiaoyu.com/*
97d422371ff72c4a1600774a45cbcf8c,1156510900,15,m.saipujiaoyu.com/*
97d7cb18ced2f7abb719c10c7edc9ba5,1156610600,4,m.saipujiaoyu.com/*
97e135eaef14322ee03c146d1942be81,1156360700,26,m.saipujiaoyu.com/*
98258a03fd976621af4c031e7b7bc043,1156522400,76,m.saipujianshen.com/*
9857c979eab8136b767e40f84ff3b9da,1156522200,39,m.saipujianshen.com/*
98613d36df93bd11fe731dca1d5e4761,1156610100,88,m.yazhouxingti.com/*
992e71c065bf24db80f540322613198c,1156513400,23,m.saipujiaoyu.com/*
997422c9bb99fd543e4d3d0cb05a7fa1,1156520500,6,m.saipujiaoyu.com/*
99df9159e44e3edf871eac1b74ab90dd,1156420100,27,m.saipujianshen.com/*
99e0e69600b76436e3475dab90467eb8,1156610500,1,m.saipujiaoyu.com/*
9a28644d78d03ca3655b9834458aa610,1156610100,6,www.chuangtijianshen.com/*
9a47035e7862a54d73591e87227421b8,1156430100,32,m.saipujiaoyu.com/*
9b17c817a8f8a9e0649971902cfe708c,1156510500,30,m.saipujiaoyu.com/*
9b2c0eb154033c39aa39ce784b6bad66,1156610100,1,www.chuangtijianshen.com/*
9bfe30a6b83a7ba1c0de7ada927d3b31,1156520600,1,m.saipujiaoyu.com/*
9c0599b4c5350153cd4ef19859a86b68,1156510100,25,m.yazhouxingti.com/*
9c0e2ddec6db0e1487a0ed613b6d14d3,1156410800,50,m.yazhouxingti.com/*
9c0e2ddec6db0e1487a0ed613b6d14d3,1156410800,45,m.saipujiaoyu.com/*
9c0e2ddec6db0e1487a0ed613b6d14d3,1156410800,45,m.saipujianshen.com/*
9c2004e90a0a3b895295edc6ca9e3a8d,1156610600,14,m.saipujiaoyu.com/*
9c2099e4122f365fa9366d0e47339088,1156360100,45,m.saipujiaoyu.com/*
9c70fe1940eed93c97acda1d53b61f19,1156500000,1,m.saipujiaoyu.com/*
9c78ea60f1f263108cef7796682cc248,1156610100,6,www.chuangtijianshen.com/*
9cdf51b8f09365b27078e787e0a8d263,1156510700,5,m.yazhouxingti.com/*
9cff8b0cace9d3665a70845f78139879,1156610100,18,m.saipujiaoyu.com/*
9d271b0edb292009993aa04509940053,1156520400,1,m.saipujianshen.com/*
9d93734adf10e81bfc0d7abef4a677e3,1156371400,54,m.saipujiaoyu.com/*
9dfd03ea4ac06851c66449b5be9ae8e8,1156330500,12,m.saipujiaoyu.com/*
9e9cb1599866c380173d2fddcbabcd02,1156520200,23,m.yazhouxingti.com/*
9ebbc1f5683c45c1b684e6a2f2fac7d8,1156410700,4,www.szgjjs.com/m/*
9f024cd7940608f24bdf632118f70b63,1156360100,59,www.qingdaofitness.com/*
9f4aafe3d59ff8c98eb0b68461eec3b5,1156610700,18,m.saipujiaoyu.com/*
9f696b24dd868d532e843a2a98253906,1156110000,27,m.saipujiaoyu.com/*
9fdeb164297cba5c24ca0a1c2398ab9f,1156440300,1,m.saipujiaoyu.com/*
9feeb5422e5513179bf0df91eb689161,1156420900,44,m.saipujiaoyu.com/*
a0052d0abd5e1603b144b657096993a9,1156320500,1,m.saipujiaoyu.com/*
a022c92eb17008ccf476b2f5e3915e56,1156620800,25,m.saipujiaoyu.com/*
a04b1422bd83261d07c5423ec7306402,1156522600,1,m.saipujiaoyu.com/*
a070e3c9fb2d71774434d1b647abc96c,1156500000,6,m.saipujiaoyu.com/*
a07cec7a6b0fdd188a34abdffdaad554,1156510900,27,m.saipujiaoyu.com/*
a0969c56e636f47040e80ec0a6aada86,1156610100,9,m.saipujianshen.com/*
a0c201bed2810b4ead9911362e24dce8,1156411500,25,m.yazhouxingti.com/*
a0f8ac7e8612f2fccf9dd7eb07c737eb,1156510300,36,m.saipujianshen.com/*
a1062206986aeedce18f734d40373439,1156431200,9,m.saipujiaoyu.com/*
a1285fb7bb725f61fef1c7233b398d53,1156411000,28,m.saipujiaoyu.com/*
a135524721e76a19e3c003edac1714d5,1156411400,19,m.saipujiaoyu.com/*
a19df6112bc762fa24a88da2b038943c,1156511600,29,m.saipujiaoyu.com/*
a1a23e56eef497a16657be20952603b9,1156610400,70,www.chuangtijianshen.com/*
a1bff5996a72f2071af5dfb4aaf88383,1156430100,30,m.saipujiaoyu.com/*
a1f595470d3f7bab0b29574d64233aac,1156410400,16,m.saipujiaoyu.com/*
a23ba04c9075e70d037ee1bf6ff4d24f,1156510500,4,m.yazhouxingti.com/*
a2508d19780217aeedaa0e11d3432618,1156611000,2,m.yazhouxingti.com/*
a2a0405ac8325dcd0900711de9f43ebe,1156450100,15,m.saipujianshen.com/*
a2a52d21357a838548885fcf84ae719f,1156430400,8,m.saipujiaoyu.com/*
a2f72ef4c7782a656fe21669666b480b,1156360100,45,m.saipujiaoyu.com/*
a30c07c929e95506f87ee60173137c8c,1156610600,6,www.chuangtijianshen.com/*
a316b4bb9f9eeadb47f00acb8054dd39,1156520100,26,m.saipujianshen.com/*
a425e12b8c3d99b8531a9b88b6f3b094,1156610700,5,m.saipujianshen.com/*
a431b346ede6124bc24e3ea8fc2e36ad,1156610100,32,m.yazhouxingti.com/*
a4365563c7af5102338b307da72becf1,1156411700,37,m.saipujianshen.com/*
a4866001251dc72a3c8b1a8ef1a19740,1156460100,32,m.saipujiaoyu.com/*
a4aecafa9ec77fa61b15f76b703493bf,1156610600,7,m.saipujiaoyu.com/*
a4d3d5c176feeb67eddc2c54cc4f60c6,1156420200,1,m.saipujiaoyu.com/*
a4fc6a6e94686a87649830990ab07422,1156610800,15,www.chuangtijianshen.com/*
a52250f0e815039f8927a7aa8de89d78,1156610100,2,www.szgjjs.com/m/*
a52c56cb5d0618b0e9a4c9da7d3bfd5e,1156410900,31,m.saipujiaoyu.com/*
a54d6b509e749c94f35d28284f83e78c,1156430800,1,m.saipujiaoyu.com/*
a56f19cdc1d7b44aea885231dec96357,1156360900,69,m.yazhouxingti.com/*
a578b89a6493ab5f01fd2450174ef8f3,1156522700,6,m.saipujiaoyu.com/*
a58a8ca89a8200d48bf3c1c59c4c05f9,1156430100,11,m.yazhouxingti.com/*
a610c12f83db1c65fefa2321916febff,1156410400,59,www.chuangtijianshen.com/*
a63e32b041cad5093d4bc9c131d11600,1156610100,1,www.chuangtijianshen.com/*
a63e32b041cad5093d4bc9c131d11600,1156610100,2,m.yazhouxingti.com/*
a665e33c1b17914d5aced43d1c51cdb2,1156360700,32,m.saipujiaoyu.com/*
a67d0743e9d3f14bd533f09f77b1394b,1156610100,2,www.chuangtijianshen.com/*
a6d51df6eed6530b99d3b3167548d7ef,1156610700,9,m.saipujiaoyu.com/*
a6d51df6eed6530b99d3b3167548d7ef,1156610700,2,m.saipujianshen.com/*
a6df7b2b692adf9e3a0fa0b4e63550cf,1156430100,24,m.saipujiaoyu.com/*
a6f187271b2d70bf62468ffcb901ab74,1156610400,10,m.saipujianshen.com/*
a70d1fa6ddab3a9ebeb8408b9ff47603,1156610700,2,m.saipujiaoyu.com/*
a71fa844f3d9bb33e70a958b2ee13a4c,1156430400,32,m.saipujiaoyu.com/*
a742485eb84ab8c42692939f79fae33e,1156421800,40,m.saipujiaoyu.com/*
a7911e2bd78f4eab98709f8ef110de49,1156610900,7,www.chuangtijianshen.com/*
a79dbb27932dbc742240a76a9f6050f1,1156360700,1,m.saipujiaoyu.com/*
a7b51a6b6248a76cfb2903b27fbe0fc1,1156610800,7,m.saipujiaoyu.com/*
a7d7bde464962aec67dce8daf1d69275,1156420100,24,m.yazhouxingti.com/*
a7ef10b391820679230edca37944224f,1156411600,4,www.szgjjs.com/m/*
a7fb9577e1e06b301b589b010db6bd8f,1156410300,37,m.yazhouxingti.com/*
a7fc92233e2bc66bf270552d61c307aa,1156610100,1,m.saipujiaoyu.com/*
a80777cbc699fe1d1265e01c772849d4,1156511500,44,m.saipujiaoyu.com/*
a80ed8ee4486e085a7f375fdcd60912e,1156610700,3,www.chuangtijianshen.com/*
a89f1b5eb88e71dbee4af4fc32f68c28,1156610900,1,m.saipujiaoyu.com/*
a8a208b33007799718404b35ff9ea7b8,1156410600,34,m.saipujianshen.com/*
a8a34a4b95fe558a4f9d24244b769b8f,1156511300,2,m.saipujiaoyu.com/*
a8be7923d7a4b97bba471fdb3e25cb95,1156411700,1,m.saipujiaoyu.com/*
a8eb4e9b3f06b255c9484f8fd36909fa,1156511500,32,m.saipujiaoyu.com/*
a91ed7a2cfe3bdfe2d9698d203214907,1156430800,2,m.saipujiaoyu.com/*
a930062599b305e78c27a72c22892652,1156410800,43,m.yazhouxingti.com/*
a9e09139ed478bc0100b3e73a5121f0c,1156430200,35,m.yazhouxingti.com/*
a9fa8247ad76c76e5081d6a2f74830e3,1156410100,3,m.yazhouxingti.com/*
a9fa8247ad76c76e5081d6a2f74830e3,1156410100,2,m.saipujiaoyu.com/*
a9fa8247ad76c76e5081d6a2f74830e3,1156410100,38,m.saipujianshen.com/*
a9fdfcc7f06a22282ff49635992798bc,1156632700,1,m.saipujiaoyu.com/*
aa0f23f1573dbae911efb649bc11e9a6,1156610100,26,m.saipujiaoyu.com/*
aae515e05211c12727340fd1e5e2d1b0,1156422800,1,m.saipujianshen.com/*
ab28e0a2d545a2cd7a4f28a9637b6715,1156150200,27,m.saipujiaoyu.com/*
ab59b78d961a9185f94d8a2d6830e5a9,1156610800,37,m.saipujianshen.com/*
abb21bc333f1ea5053ae9b26137e0d08,1156431000,26,m.saipujiaoyu.com/*
abd60ae66ba5c222f90d5e3503855fc3,1156610700,4,m.saipujianshen.com/*
ac60c30b664f2bb5c59fe4246c5b7cd6,1156360700,39,m.yazhouxingti.com/*
ac6f20900b3ac386ccbfd3a5450cfc0d,1156510100,21,m.saipujianshen.com/*
aca517652ca1e8e7da036d586ecdd6f8,1156421800,27,m.saipujiaoyu.com/*
accdba0aa72907d90254116d323011eb,1156410900,33,m.saipujiaoyu.com/*
ad5bf32854e9817d6a300728c502591a,1156610800,7,www.chuangtijianshen.com/*
ad8858fe860275f4633a44c5164146c3,1156610700,4,www.szgjjs.com/m/*
ae0d34f90c40e02712065d10d30970ee,1156610800,53,m.yazhouxingti.com/*
ae2177f058f4e9a2df1e713c23a3a539,1156610600,17,m.saipujiaoyu.com/*
aef80e423e51627a87e41757727d0df0,1156421800,2,m.saipujiaoyu.com/*
afa28496c551a8ce8d6028e41a99a2c5,1156420200,11,m.saipujiaoyu.com/*
afb16bc03ec1b0bb91bebf8d61248481,1156420100,1,m.saipujiaoyu.com/*
afb54b25e01d20bb7388304da718d725,1156610100,4,m.saipujiaoyu.com/*
afca05148f2e08083a977f50a4019b0b,1156510700,39,m.saipujianshen.com/*
afd5ae9dc8fd0045761b6ebe507bbac1,1156610100,16,m.saipujiaoyu.com/*
afdd876d84a5dcd29ac0328c24604163,1156511600,18,m.saipujianshen.com/*
affbc1415535c9b638e1a5083cbbc184,1156420300,4,www.qingdaofitness.com/*
b00980027357ffb47706554dbafd8b18,1156512000,2,m.yazhouxingti.com/*
b017e51748032b970b71526d01777028,1156610900,29,m.saipujiaoyu.com/*
b05c192a3d29b349b7ff9232fd760146,1156520300,19,m.saipujiaoyu.com/*
b0d66416cab699b686d37d05e0028c57,1156360700,38,m.saipujiaoyu.com/*
b0da8308b42b0b0e35f3430b968224ba,1156520600,1,m.saipujiaoyu.com/*
b0dd45dcf7bf9c44ce0fdf12c6a9a58e,1156441900,29,m.saipujiaoyu.com/*
b0fe95432cdb35e2fa135ce3f7fbd56f,1156430900,37,m.saipujiaoyu.com/*
b12146f613a5dca3f202262fd10255ab,1156522400,32,m.saipujiaoyu.com/*
b13620f91b87c97dbdd0c52eb85fd2ad,1156513300,38,m.saipujiaoyu.com/*
b179aa42e49e7bef6672ac6a4efeb5e8,1156610100,6,m.saipujiaoyu.com/*
b1c72356959921bc0d6cb1f03ba96c1b,1156130400,59,m.hksca.com.cn/*
b1d26efcc1914574c27b4bd33331adcf,1156421100,21,m.saipujianshen.com/*
b1eb71aa585b7fa05f024d46ae16a521,1156360100,24,m.saipujiaoyu.com/*
b206d859366cf7896c5285aa60dc5b52,1156623000,29,m.saipujiaoyu.com/*
b20d535afe2e526ac3ab45891a1e5762,1156520300,35,m.saipujiaoyu.com/*
b220cd2ce6b160bfdec10aace7aa7d6b,1156420300,11,m.yazhouxingti.com/*
b23a7974816c18d84ef3b8e801ed6d4a,1156440600,70,m.saipujiaoyu.com/*
b2419e8a826626ea19e8a7e5b70daa69,1156520100,31,m.saipujiaoyu.com/*
b2583aace944819a97c5c962722175c0,1156610700,1,m.saipujianshen.com/*
b28ac7cf5f30d79ca2a141b7da502531,1156513300,40,m.yazhouxingti.com/*
b29cbfe876437bf8fe956564191a3b77,1156420100,28,m.saipujiaoyu.com/*
b2df90579049376f7e709cf8729003cc,1156610100,7,m.saipujianshen.com/*
b2f54386aa775ec26c5774f9d0e06990,1156510700,34,m.saipujianshen.com/*
b2f8711ae8a9da6d1c7a760640345877,1156522600,26,m.saipujianshen.com/*
b3dd5357e89937edfd23b78be80a51d6,1156360100,25,m.saipujiaoyu.com/*
b427a3bd8e2d005ec0d7d17f4b19d0f3,1156511300,27,m.saipujiaoyu.com/*
b46fe80b51e0db63d33a21236d07517c,1156510100,4,m.saipujiaoyu.com/*
b49a089599c843aa1a35f849e0872f7a,1156420200,2,m.saipujianshen.com/*
b4a29a396424797f4180c582c1c1e31a,1156610100,1,www.chuangtijianshen.com/*
b4acc85f6b0dcbf1144dbd6a79a50d68,1156620100,2,m.saipujiaoyu.com/*
b511304b0633efa1e165da5d72620f50,1156610100,32,m.saipujiaoyu.com/*
b58881372b9d5b9c0a9b95c2ca5a3bf5,1156511500,32,m.saipujiaoyu.com/*
b59c2bc675de901dd663fb001465f83a,1156430200,18,m.saipujiaoyu.com/*
b59c94e78c4f4d528e9bd254a5faaba1,1156610500,1,m.saipujiaoyu.com/*
b5a6dcd4cf3332126461fc82a6596b2e,1156360600,11,m.yazhouxingti.com/*
b5ee0b34b382a219d66609bd335b86b2,1156522400,15,m.saipujiaoyu.com/*
b5ef9b2b7b9eb48a8918eea92bed75af,1156610900,30,m.saipujianshen.com/*
b602b043648d3ac043aec135223dd09c,1156610200,4,www.szgjjs.com/m/*
b60844c78a618588bbba192524fffa32,1156610100,30,m.saipujiaoyu.com/*
b674048ebb0aee3d1aee222942f1e0ca,1156411600,8,m.saipujiaoyu.com/*
b72a26c99ce90745c02a7c15ec09d983,1156430100,27,m.saipujianshen.com/*
b783f118b48d95821185aa5e60409500,1156422800,22,m.saipujiaoyu.com/*
b7850b4c919d648a7b7146d077668e4a,1156420100,2,m.saipujiaoyu.com/*
b79368b1ca89e85da6336aa304bd14ac,1156610100,3,www.chuangtijianshen.com/*
b79368b1ca89e85da6336aa304bd14ac,1156610100,2,m.saipujianshen.com/*
b79515bf0886f328e169b42aa69102c2,1156431200,22,m.saipujianshen.com/*
b7af1b979ab10cfe94e16cd0179724d1,1156610100,1,m.saipujiaoyu.com/*
b7d110b405673bfb02825c74980309c0,1156420100,24,m.saipujiaoyu.com/*
b7de362ae1cf5373de0276d5f084cc80,1156420900,33,m.saipujianshen.com/*
b7e37956548f969f10af9836f30aca4b,1156411500,19,m.saipujiaoyu.com/*
b7e37956548f969f10af9836f30aca4b,1156411500,17,m.saipujianshen.com/*
b81226bbada62e891082f7110ef420f9,1156422800,24,m.saipujiaoyu.com/*
b815921b205f484433d693e2dad72a14,1156610700,32,m.saipujianshen.com/*
b81a5362455b1df8bb1deab5e312a606,1156510400,1,www.567go.com/*
b8352379d53991734d44a9cd74ea5fbc,1156510300,5,m.saipujiaoyu.com/*
b84111e8872e6934019e7473f82ece57,1156610100,5,m.saipujiaoyu.com/*
b8696d0497d79b7b8dc33af920152be1,1156610400,24,m.saipujiaoyu.com/*
b8f7e97bf34fd24a24fc3169e062133f,1156520300,8,m.saipujiaoyu.com/*
b93414096c37be41946d80c6cf26233e,1156610200,25,m.saipujianshen.com/*
b95f3cbd25de1770e583cbb4dd130002,1156610700,1,www.szgjjs.com/m/*
b9aa45f72c142fcf9fff74268cab7811,1156610500,4,www.chuangtijianshen.com/*
b9d84bd56bc257dd2c4343f5e6d0c6f8,1156610500,26,m.saipujiaoyu.com/*
ba738247a6a8f6fe78daa8e799cbe045,1156610700,5,m.saipujiaoyu.com/*
babac544e9f589345a96436d843d67c2,1156431100,34,m.yazhouxingti.com/*
bb269c322d150fa0c7c6a1a0960a63cb,1156410100,41,m.yazhouxingti.com/*
bb34e4f62e6d8fe792edf0a411db5a0f,1156510900,1,m.saipujianshen.com/*
bb5dd46986b77d6a2fb88a1c09719174,1156510700,40,m.yazhouxingti.com/*
bb8183eadd16f3412480957b5794054f,1156522400,25,m.saipujiaoyu.com/*
bbbd25d5b8e8e3c2c1d16f8a5e3fd1e5,1156430100,58,m.yazhouxingti.com/*
bbddbd5cdede3b1dd6debb27f79bf53f,1156610100,4,m.saipujiaoyu.com/*
bbfc3c9652c75cf5a8c07740320dbc61,1156610100,65,www.chuangtijianshen.com/*
bc1e4480538c6871146335dbff224f05,1156610200,1,m.saipujiaoyu.com/*
bc4b5f4745330d68a1af28a2a8652e5e,1156511400,14,m.saipujiaoyu.com/*
bc57673bedc6214686ec056b3d6989a3,1156431200,8,m.yazhouxingti.com/*
bc918e0e004b7f74ddd9d3ca84990645,1156610100,3,m.saipujiaoyu.com/*
bcf6e576317ad7b1568b585a3c8cf189,1156510600,4,m.saipujiaoyu.com/*
bcfd643e6ec8c7a3b79a2fd8eb38329c,1156610500,5,m.saipujiaoyu.com/*
bd35f20971ad98f1ac1dff89cfde1585,1156220100,33,m.yazhouxingti.com/*
bd35f20971ad98f1ac1dff89cfde1585,1156220100,1,m.saipujiaoyu.com/*
bd6cb4a8ccf1adbe23b88e598c5ae049,1156110000,18,m.saipujiaoyu.com/*
bdcc29eea1e1f761de4b897fd410e4ad,1156520500,26,m.saipujiaoyu.com/*
be01c4ba3a937b682c190f3e8627440c,1156431200,1,m.saipujiaoyu.com/*
be3133fadc3092b5fd2b71b23283b341,1156361000,64,m.saipujianshen.com/*
be314da93269032f1d94a7f87ecaf5e7,1156522300,24,m.saipujiaoyu.com/*
be44b0f0308136ab5ffdfa272d66580c,1156610100,1,m.saipujiaoyu.com/*
be5e0c6a4ee9d59ef4260c8868053500,1156610700,6,www.feibaojianshen.com/*
be6ee2e8de48b650754b8a65b2c09c67,1156610100,1,www.szgjjs.com/m/*
bec3700799bd32bfdd472d8a6217abd5,1156420200,11,m.saipujianshen.com/*
bec699bfa5fbe617808f10d7077d6eba,1156510100,47,m.yazhouxingti.com/*
befc468eb70e031df1c584574633ce07,1156421400,30,m.saipujiaoyu.com/*
bf15563df90cbab0362028b52b274dbd,1156330600,43,m.saipujianshen.com/*
bf68bccd8664559cc42c4336ea88ff02,1156430400,7,m.saipujiaoyu.com/*
bf73286e44b316d224719dda882e6115,1156430800,12,m.saipujiaoyu.com/*
bf806d9e27cadb9254f516202ffada57,1156410100,30,m.saipujiaoyu.com/*
c009d29e347dbd17d41526180461c296,1156510500,28,m.saipujiaoyu.com/*
c02403499eef6337ed6e36fd10d7e64d,1156520600,26,m.saipujiaoyu.com/*
c0c9620bcf0b00a3c2b378038beb1484,1156520100,33,m.yazhouxingti.com/*
c0da92b3d8837642e4339c9c240d77d7,1156522200,5,m.yazhouxingti.com/*
c0ed87d417ac8d755c144b057399b1fb,1156510700,34,m.yazhouxingti.com/*
c0f98adbc2084767178fd9ed5734119f,1156610100,38,www.chuangtijianshen.com/*
c118883687cc8cfc40232158691f93cf,1156420100,35,m.saipujiaoyu.com/*
c11c9d4750b9b66279584b623bb8c503,1156421200,1,m.saipujiaoyu.com/*
c18a5675345937bee6300a1183da05c6,1156610900,2,m.saipujiaoyu.com/*
c1b1834afe2e72aa578c07369a3632f8,1156340100,4,m.saipujianshen.com/*
c1f77c001f0353f2908961750a503e64,1156510100,10,m.saipujiaoyu.com/*
c22e578dfad84e58430d8b9709365013,1156331000,65,m.saipujiaoyu.com/*
c22e578dfad84e58430d8b9709365013,1156331000,16,m.saipujianshen.com/*
c26eaf618ba1e32a1c70980dfa8ac080,1156410800,37,m.saipujiaoyu.com/*
c292ba79eafd7b707f2a8bf09f8e85bc,1156610900,56,www.chuangtijianshen.com/*
c2fb4199af987a56d84b269bdb0b69fb,1156520100,21,m.saipujianshen.com/*
c3035de6a250af4c0eec6de84b99f196,1156431000,4,m.saipujiaoyu.com/*
c32e721f2ab625540a5262f32e298306,1156510700,17,m.saipujianshen.com/*
c35e829ea7540e306beb8dcafd740b3e,1156360400,13,m.saipujiaoyu.com/*
c3622cd07fa7d9c1ae2f37ae1a2c13b4,1156510100,13,m.yazhouxingti.com/*
c433d7cdaebc60a09f78dcb865a9cf1e,1156513300,12,m.saipujianshen.com/*
c452478136f01d2b10be17fe124e94fd,1156610500,5,m.saipujiaoyu.com/*
c454634961ed8834f3fa24248a0c4d24,1156610100,8,m.saipujiaoyu.com/*
c4679f432e4aa14e1fa5735e4dbb160a,1156610800,19,m.yazhouxingti.com/*
c48774fd99846028f2673b2b0c873f48,1156610100,21,m.saipujiaoyu.com/*
c4f624f240aca3d96efcfdd436a5f2ab,1156610500,1,www.szgjjs.com/m/*
c4f7e21fc843be8747f3dfa145376441,1156411600,1,m.saipujiaoyu.com/*
c4feb0d2dc834d1dfd3cc609f31963f2,1156610300,4,m.saipujiaoyu.com/*
c514d6f5e5a567aaa2a859641b373edc,1156610100,21,m.saipujiaoyu.com/*
c51b4c3570d6b96086fc3eb8109b0ce5,1156511300,28,m.saipujiaoyu.com/*
c526a429ceaea1d032d3451018f5de08,1156610200,4,m.saipujiaoyu.com/*
c5459ce89b489fcc5fb044150de9f798,1156421300,15,m.saipujianshen.com/*
c5c15134b4138def9e4e4c118e8de55a,1156610100,33,m.saipujianshen.com/*
c5e6cb1f133ccf4c572b518d9739730b,1156610100,6,m.saipujiaoyu.com/*
c5ea57542f7fc3e63961cb57500f09ca,1156522700,18,m.saipujiaoyu.com/*
c6ae930ddc03c3cb72f39a42e9c183a5,1156522300,1,m.saipujiaoyu.com/*
c6b06da8b2f2f83e23833b14ed8d1fdc,1156610900,61,m.saipujiaoyu.com/*
c6f352a12222e35e2101a5f55616e090,1156522400,11,m.saipujianshen.com/*
c7263e79b118d3c5ef0f17313ef83e30,1156520200,7,m.saipujiaoyu.com/*
c79517eeb4eb5c00a1f083ff4eb8c9f9,1156130900,18,m.saipujiaoyu.com/*
c795a2775aa315cd54af6ade691be978,1156420100,8,m.saipujiaoyu.com/*
c7dc7eca725a33e06d92d33437e7c54f,1156420500,17,m.saipujiaoyu.com/*
c88e3d7746c27e058e3e808a26e9b8fe,1156610100,7,m.saipujiaoyu.com/*
c8e5e2aeac429ffdcbc92013afd79326,1156542200,17,m.saipujiaoyu.com/*
c8f295418677387ec3344d434441631c,1156360900,16,m.saipujianshen.com/*
c906adeab3cf7e01abbd2de71c7c575f,1156610400,7,m.saipujiaoyu.com/*
c93a93ff7578ed422ee415ee9424f45c,1156360100,1,m.saipujiaoyu.com/*
c93fc7a1be03d943fc9eeaa569dca4c6,1156511500,26,m.yazhouxingti.com/*
c952ef1e485e55356172980cc21b64bd,1156420300,19,m.saipujiaoyu.com/*
c9872868fab5a6ff2bdeed6a30be4676,1156331000,19,m.saipujiaoyu.com/*
c99d0d221fd290c240a0420db5e35c1b,1156511700,11,m.saipujiaoyu.com/*
ca146cc345a498afcb3de65eec409d05,1156511500,38,m.saipujianshen.com/*
ca8a50bb795df599b14f053031bd33ff,1156522600,15,m.saipujiaoyu.com/*
cac6d09ca7e3f5f4b4302d57b285698c,1156510600,37,m.saipujiaoyu.com/*
cad99c8c74ef7256380055686acdd195,1156610800,25,m.saipujiaoyu.com/*
cad99c8c74ef7256380055686acdd195,1156610800,6,m.saipujianshen.com/*
cb35ffb3d96fe8ae148d9ad6d985389d,1156610800,10,www.chuangtijianshen.com/*
cb35ffb3d96fe8ae148d9ad6d985389d,1156610800,10,m.saipujianshen.com/*
cb5de5ee282ab8a48ff9604d685de3da,1156610800,20,m.saipujiaoyu.com/*
cb5f4752061af5a4436e32eeaf4f8e85,1156450800,25,m.saipujiaoyu.com/*
cb8387d4f80fa6d94da1860ec0bc4c28,1156610800,4,m.saipujiaoyu.com/*
cbe82a0ad0b1f102f943786f41615530,1156510100,14,m.saipujiaoyu.com/*
cbfbe1e2d8dcd73769555095b8c3e08b,1156610100,4,www.szgjjs.com/m/*
cc21699130d3b83a674c96d55f8ae98d,1156610100,2,www.szgjjs.com/m/*
cc38ad8945fb87389e108c47399da161,1156360400,1,m.saipujiaoyu.com/*
cc50e7a4be0e25a27a0e10a0b2cf17cd,1156430100,26,m.saipujiaoyu.com/*
cc6d70bade7e3351379cf6ab4ad822bf,1156420200,3,m.saipujiaoyu.com/*
cc6d70bade7e3351379cf6ab4ad822bf,1156420200,3,m.saipujianshen.com/*
ccd8d700b158c3ee1e2b4846b6f031b9,1156610100,3,m.saipujiaoyu.com/*
ccdd60e28dfa07659a99560d2ef1b9de,1156610500,1,m.saipujiaoyu.com/*
cd16cfe977be98e9edace724088adf16,1156511600,7,m.saipujiaoyu.com/*
cd1b3358886c1cb4f00c2ba469148beb,1156510100,28,m.saipujiaoyu.com/*
cd4e0002547cdc8d049444648565f7fb,1156610800,4,m.saipujiaoyu.com/*
cd5d0bdd1c65afa2ad9984398a3af218,1156420100,3,m.saipujiaoyu.com/*
cda1bd922a397572a87f86919bdcee85,1156610100,4,www.szgjjs.com/m/*
ce01172e8128d5cc8f6ae3d1b3fa0243,1156610100,29,m.saipujiaoyu.com/*
ce6301ea94bb07077972e50e05901dba,1156110000,7,m.saipujiaoyu.com/*
cf5cd9c207b57d6ea5293277f58efd42,1156110000,12,m.saipujiaoyu.com/*
cfcc0174db45980e516b4933350eb68c,1156430700,9,m.saipujiaoyu.com/*
cff1df71ee87bd6cd26627b54c5292cd,1156511400,1,m.saipujiaoyu.com/*
d08ef0098ed63c528c4c1664ef67e42b,1156610100,2,m.yazhouxingti.com/*
d10032c62f0ec9d658988540f96a5c20,1156510100,9,www.567go.com/*
d12308276674db014efee78b4e3c118c,1156610500,22,m.saipujiaoyu.com/*
d178d0a60b691d4de2937d6c207ebf72,1156610400,1,m.saipujiaoyu.com/*
d183469f2244a2003d77e61c7e65a28f,1156450300,7,m.saipujiaoyu.com/*
d1b15c0f5a3bec81fea95a006d0dab7c,1156500000,7,www.feibaojianshen.com/*
d1e103ae0e04da86f167d13b92118af4,1156610100,59,m.saipujianshen.com/*
d24764229720c20c2cb2f2c531a400df,1156431000,1,m.saipujianshen.com/*
d2de3b9665c77c33127d86a0bfee0016,1156610100,8,m.yazhouxingti.com/*
d2f9ac6d43806f71afd9a85a0b987bec,1156420500,1,m.saipujiaoyu.com/*
d3519b1e66db35f97004f50154dfe9bb,1156510300,20,m.yazhouxingti.com/*
d3618582e1f2b8dbbfdd0f9cc7489d16,1156610400,1,m.saipujiaoyu.com/*
d364ac5e989714fece526fef16bbc578,1156330600,32,m.saipujiaoyu.com/*
d3c0b969f71d45ae2b2fa2f6881b14a9,1156610800,1,www.szgjjs.com/m/*
d41abbbf1877ad15adf1654757899a4e,1156410300,38,m.yazhouxingti.com/*
d4219306917d5d35dcf30dd43956535e,1156522200,18,m.saipujianshen.com/*
d444913859cf512cdaaaf0010bfd027b,1156360300,1,m.yazhouxingti.com/*
d46b6acd86792c6c37565059d4c56b59,1156513400,29,m.saipujiaoyu.com/*
d492a74edee3e43052a49205950439a7,1156510500,2,www.feibaojianshen.com/*
d496ea2bda2707b3caa28ef4cde88716,1156610100,30,m.saipujiaoyu.com/*
d4adfce9886bb8ec34ed47044d9fa04e,1156421800,2,m.saipujiaoyu.com/*
d4d81deec9a4c7cbdc073ed15d95164e,1156420100,2,m.yazhouxingti.com/*
d4d81deec9a4c7cbdc073ed15d95164e,1156420100,51,m.saipujiaoyu.com/*
d4d81deec9a4c7cbdc073ed15d95164e,1156420100,3,m.saipujianshen.com/*
d4dda7af2791577f01ceef0e1290ae7c,1156420100,11,m.saipujianshen.com/*
d4e2498a072a08c9fb179a30f3e27186,1156510700,38,m.saipujianshen.com/*
d4e3e2c9302e7653da409453c82d97cc,1156361000,9,m.saipujiaoyu.com/*
d526bd16518378deb6805837739fe366,1156421800,13,m.saipujianshen.com/*
d5fe203b89d4692ef504875606c81543,1156520300,7,m.saipujiaoyu.com/*
d617e944e630a6fbf33661382b21ade7,1156610100,5,m.saipujiaoyu.com/*
d648d2de26fbbbd869a640a46c312f12,1156522400,6,m.saipujiaoyu.com/*
d64d1df9dfa82ca77facc053105b1103,1156510700,1,m.saipujiaoyu.com/*
d67a50073a9d6631fa3ea799eb26bd7b,1156510500,15,m.saipujianshen.com/*
d6bbfcdcd813752fe1210bbfe7024afa,1156511100,4,m.saipujiaoyu.com/*
d6c6205ec9f550141504a5a3e4493b51,1156610100,4,www.szgjjs.com/m/*
d708f728d857ee8ee86551d7928eff0f,1156610100,37,m.yazhouxingti.com/*
d708f728d857ee8ee86551d7928eff0f,1156610100,35,m.saipujianshen.com/*
d73084a1a62e74a44d191a8c17ae5cfa,1156430100,40,m.yazhouxingti.com/*
d7a1de4c155eb4d108f5d08913ad188b,1156610300,4,www.szgjjs.com/m/*
d7cc7054fbabb9f3722d18a3278a180d,1156410900,4,www.szgjjs.com/m/*
d8089e443cdda3e4a6e8115ab04bae35,1156610600,2,m.saipujiaoyu.com/*
d816b677529b8b90d4d636bdfcddeba7,1156530100,39,m.yazhouxingti.com/*
d816b677529b8b90d4d636bdfcddeba7,1156530100,3,m.saipujianshen.com/*
d8231e31324631a733a9b4e48ba2084e,1156610100,2,m.saipujiaoyu.com/*
d87bc7ca2b39dea035560d59286870b6,1156510100,20,m.saipujiaoyu.com/*
d87f37ffd178343a883ee96128f82968,1156320100,17,m.saipujianshen.com/*
d8f890b6c01a30b613d3a4bbcebb7700,1156610300,2,m.saipujiaoyu.com/*
d93b4bb3a5e497a0711a560e5a3bd860,1156511700,26,m.saipujiaoyu.com/*
d981c97f1c041fdefc405e7fd9a75418,1156610100,33,m.yazhouxingti.com/*
d9941733ba52c51115017d0b04e5d8c7,1156430200,45,m.saipujiaoyu.com/*
da1b2bfbda7cc8d252b08c708550f7f9,1156610100,45,m.saipujianshen.com/*
da35310773c9af3475436808190624dc,1156520700,31,m.saipujiaoyu.com/*
da578a0fb5c59994bae16572f55aedb4,1156530100,5,m.saipujiaoyu.com/*
da66cc204aed3f2040b1a19d547c3e5a,1156522400,38,m.yazhouxingti.com/*
da7aaaf099158ef09d39ff66adfeaeba,1156510700,44,m.yazhouxingti.com/*
dab93b66c674a066d2945f120061b5f9,1156420100,10,m.saipujianshen.com/*
dac98e971a510eb3d88307c7e9590c77,1156430500,3,m.saipujianshen.com/*
dafd1b54ca8b72eafb497cfaeeb90e70,1156510300,21,m.saipujiaoyu.com/*
db1a2904258e14eff0ca64ae0eb366c7,1156410100,31,m.saipujiaoyu.com/*
dbb72c0970b1d20e7d21035a88c53ed2,1156610100,8,m.saipujiaoyu.com/*
dbbf25f1b4b76b5b8f3409429a5ab7a7,1156361100,34,m.saipujianshen.com/*
dbe7c2ade062c14ae8ea62c370ef388d,1156653100,6,www.567go.com/*
dc05b1b1a9ec2a36cce1e5d7e1d6af31,1156610100,30,m.saipujiaoyu.com/*
dc1e0f339ef83afe4aa9659c9cae9f29,1156610100,3,m.saipujiaoyu.com/*
dcd035c43750bdbec8863dfc141da80b,1156610500,2,m.saipujiaoyu.com/*
ddb553f03dfc8d5c8b65c7d2dd2d95d8,1156360700,6,m.yazhouxingti.com/*
ddb70df549e94bcfb7e4c683340393bb,1156430900,28,m.saipujiaoyu.com/*
de1a3612ff4b02cb3191e5b1f47bd32b,1156610100,5,m.saipujiaoyu.com/*
deb50abd3b2361352c40c8d7ece0b36c,1156520300,21,m.saipujiaoyu.com/*
dec1eb1c7519518da05b835908d09766,1156410300,4,www.szgjjs.com/m/*
dedeb28b3fc05bf858ae78ecc3fb54ce,1156511300,33,m.saipujianshen.com/*
df2ed440716864b328af1ccdc8e47840,1156513300,1,m.saipujiaoyu.com/*
df39772a236f0a1773675b6cfb21eac8,1156320500,1,m.saipujiaoyu.com/*
df512b42f085f8ba7b3cb3786788b929,1156610300,4,m.yazhouxingti.com/*
df54ba7d15345773d8925ea8d33188eb,1156520100,1,m.saipujiaoyu.com/*
df568bdf4ee991880a2faa3ab3c287d8,1156330500,1,m.saipujiaoyu.com/*
dfc10f3f6544abef6f10a57d8c8687eb,1156610100,8,m.yazhouxingti.com/*
dffd6dddaa1fb0cbf08843a0730a5f16,1156511700,12,m.saipujiaoyu.com/*
e03e37a439154e51d2748cafffd20115,1156520200,30,m.saipujiaoyu.com/*
e0744b2becda02daf156101a79419659,1156522700,5,m.saipujianshen.com/*
e0c78eb3702839ed62ea083755e63a29,1156360600,14,m.saipujiaoyu.com/*
e130ca19b9da25e53b46fee04e7df654,1156430500,14,m.yazhouxingti.com/*
e14dca94a50c7420c4d7c2de4badd7e5,1156610100,13,www.chuangtijianshen.com/*
e154188315306c5205e4c99f212baf39,1156522700,6,m.saipujiaoyu.com/*
e18c6d7e8988b79572b580368ad88f65,1156410100,25,m.saipujiaoyu.com/*
e1ceca2bf43ed373795ef10fb18882c2,1156610100,3,m.saipujiaoyu.com/*
e222e95887860a34d09c517568316fa8,1156410300,33,m.saipujiaoyu.com/*
e233bd9c7858e9b1153cf8047a97b0e2,1156360100,41,m.saipujiaoyu.com/*
e2524be0b7e4ac8bfa4bb5d8a64edddb,1156610800,6,m.saipujiaoyu.com/*
e25ac3683b71319491e748e6c14f90e1,1156510100,25,m.saipujiaoyu.com/*
e266f6f8bd9bfaa80c2dfa6c4f26a600,1156430700,25,m.saipujiaoyu.com/*
e273c2a0695063f49951870e6baab225,1156610900,24,m.saipujiaoyu.com/*
e29b5b3bcfe66b399c78ae849fea5978,1156611000,1,m.saipujiaoyu.com/*
e2a83eb5ab171dcfe284c6c7642becff,1156610100,17,m.saipujiaoyu.com/*
e2b504efced492a197ca24d30a0d40c2,1156410100,10,m.saipujiaoyu.com/*
e2dda64e7a07084b0a9f440e5add1755,1156420100,15,m.saipujianshen.com/*
e3e859d0fb16b1581295d90816649591,1156520400,54,m.yazhouxingti.com/*
e4c2007602d28860bfd46aa1cc8e1982,1156340800,42,m.yazhouxingti.com/*
e510e962c222d3af3d19fa01555317c5,1156513400,35,m.saipujiaoyu.com/*
e54d86ea6602f628f209091586af0455,1156511700,1,m.saipujianshen.com/*
e6323d55905919f0dd9f2c9f07c219ce,1156520100,12,m.saipujiaoyu.com/*
e65e0515677fbd203ea0b8c87a23e70e,1156411500,24,m.saipujiaoyu.com/*
e6ab5cb4c41bdd3f2d177fc6afc43364,1156430800,25,m.saipujiaoyu.com/*
e6ba709e72a5134a19a60993d556f09b,1156610500,27,m.saipujiaoyu.com/*
e6ba7e7742ecf41a2d0c952e07dc9602,1156511100,9,m.saipujianshen.com/*
e6e061e3d475c238c1e31bcb7f915371,1156360100,27,m.saipujianshen.com/*
e6e5975c8bfab366b2b91c8ef3f75381,1156360100,49,m.saipujiaoyu.com/*
e6f3148f4f2a268e5f7f67fd726267e8,1156610800,59,www.chuangtijianshen.com/*
e721e173688f97ca2878d5c24628f075,1156510600,30,m.saipujiaoyu.com/*
e737d5d1503fab5f14d7afbd4d0f19b0,1156520200,27,m.saipujiaoyu.com/*
e85af9a1f68a510bb34c0f6b1f68c197,1156410300,4,www.szgjjs.com/m/*
e8bc36db3cebae8393a9d08e6046358d,1156522400,23,m.saipujiaoyu.com/*
e8bf5f06e9b12c3835fb812ace284df3,1156361000,3,m.saipujiaoyu.com/*
e8e801de7b804df88ccb06717b659ef9,1156610100,6,m.saipujiaoyu.com/*
e920e4f87b390e4e4fefce7f4eb86d35,1156361100,36,m.saipujianshen.com/*
e9ae9b005fedf6378c036b03de44f0e7,1156610100,6,m.saipujiaoyu.com/*
e9c5d56ea38245b4d97ce7280df74ed9,1156510100,11,m.saipujiaoyu.com/*
ea11b25a4d06e9323618164f4410c1ff,1156410500,4,m.saipujiaoyu.com/*
ea2eeb7b3337bfa35e67863e34655f2c,1156610600,24,m.saipujiaoyu.com/*
ea3559206a6d6add8f3921ad286c1445,1156610100,1,m.saipujianshen.com/*
ea47767b6368d3c30b66a5d81d1667d3,1156410700,1,m.saipujiaoyu.com/*
ead8fbce79199b99ddfd637b5aac7e5e,1156513400,2,m.saipujiaoyu.com/*
eadef434c51ef0c5ffe4775ea53a6dd5,1156511400,20,m.saipujianshen.com/*
eaed8e3dbf03e52b37a494573d262061,1156411300,1,m.hksca.com.cn/*
eaf2f2270f07d0936d9a122bd84067cc,1156510500,6,m.saipujiaoyu.com/*
eb67dc93d1ce204d6c2e7c2de3c62c85,1156500000,29,m.saipujiaoyu.com/*
eb7c6f54ffd6855e12e966c031e0586a,1156610100,6,m.saipujiaoyu.com/*
eb9c556d5f779acfd2739ab1886cfbf3,1156611000,18,www.chuangtijianshen.com/*
ecdf9dfa7fab78180eb7e531a4eed820,1156520100,17,m.saipujianshen.com/*
ed2244247a7021892c775275700a362f,1156410400,4,www.szgjjs.com/m/*
ed268df48ddd999ed1fe32a3d123ef8a,1156610700,28,m.saipujiaoyu.com/*
ed67e1abbdc6665d9b731ad4b938ae15,1156610900,76,www.chuangtijianshen.com/*
ed67e1abbdc6665d9b731ad4b938ae15,1156610900,76,m.yazhouxingti.com/*
ed67e1abbdc6665d9b731ad4b938ae15,1156610900,33,m.saipujianshen.com/*
ed67e1abbdc6665d9b731ad4b938ae15,1156610900,2,www.feibaojianshen.com/*
ed71ca7402879d351d2d14bbd67a3f4d,1156330300,27,www.feibaojianshen.com/*
ed9a85c43cb7c89b67898760eaed6fba,1156421800,21,m.saipujiaoyu.com/*
edbc12ad4d4afd722178b3610f910d2a,1156610400,1,m.hksca.com.cn/*
eddf760a36a2bbbbe666cddd503985d6,1156610100,4,www.szgjjs.com/m/*
edf347cc791319b678533a355b9d5145,1156610100,1,m.saipujiaoyu.com/*
ee52a2c1e7ef8b05ba4f2db996e0e920,1156360700,39,m.saipujianshen.com/*
ee962bf03f208b7cf8df04ad43e7239d,1156610400,3,m.saipujiaoyu.com/*
eeaffa2cc3ed0a47aacbc4839f1078a6,1156522400,29,m.saipujiaoyu.com/*
eed663ba611752738addde7c4da30c47,1156610100,40,www.chuangtijianshen.com/*
ef4ef4580702276a78dcc07dd77fdfc6,1156431100,6,m.saipujiaoyu.com/*
ef6b6841708a917202b1d00715010a89,1156410100,10,m.saipujiaoyu.com/*
efedb146194bf01fdcca15fd0b400107,1156511900,32,m.saipujiaoyu.com/*
efedb146194bf01fdcca15fd0b400107,1156511900,39,m.saipujianshen.com/*
effc57d3a78ca61226511b83ee86ac07,1156410100,32,m.saipujiaoyu.com/*
f00785640dda913e979149e21de6bd17,1156450300,33,m.saipujiaoyu.com/*
f0461b3dc2057ca0e068500bba7f146f,1156520100,27,m.saipujiaoyu.com/*
f06896f9bdbf41707090b84eba675fb4,1156610300,25,m.saipujiaoyu.com/*
f071b6bb61533e99182f6105a72ac7d3,1156410400,3,www.szgjjs.com/m/*
f0d331f9918ae6a7fbd94614a17d12b3,1156520300,33,m.saipujiaoyu.com/*
f0d952e0253f4ef8f795b78cc793f473,1156610100,1,m.saipujiaoyu.com/*
f0f0810ec97d15321cec378fec0b158c,1156520500,4,m.saipujiaoyu.com/*
f123bfe116bb0cfe2ae212821436f9a0,1156610900,6,m.yazhouxingti.com/*
f17df257e5d80038ddbc1e9d653bcb32,1156430500,7,m.yazhouxingti.com/*
f17ee6fbd972946c1f2257f191ddafbc,1156420100,15,m.saipujiaoyu.com/*
f1d8ea9649bc78d3f31968ecdae261d4,1156410100,34,m.saipujiaoyu.com/*
f20c12da73c604bd84901c6b2e906e89,1156410100,3,m.saipujianshen.com/*
f2140b50423f2908829dd3d9262e8732,1156510100,4,m.yazhouxingti.com/*
f2863d1b9cba54434801b88d6af8ffb8,1156430500,1,m.saipujiaoyu.com/*
f318157a57edd0efd695416fa2e11f62,1156360900,25,m.saipujiaoyu.com/*
f325df125b8e6033e04133d33975916a,1156511400,10,m.saipujianshen.com/*
f3260ef113ca92af9cb74d4259d73d6e,1156431300,30,m.saipujiaoyu.com/*
f348e52e8f877afbcedf547870eb28a0,1156610800,25,m.saipujiaoyu.com/*
f35d85b178ad9bf25e94bfe614e2dc3d,1156610100,1,m.saipujiaoyu.com/*
f38c047301201e888212b74b5a6ce792,1156510600,5,m.saipujiaoyu.com/*
f395b7b8f4a9856758815845adb2a612,1156430600,27,m.saipujiaoyu.com/*
f3b968a0b51733eb3664813f2cb46a2d,1156420100,33,m.saipujianshen.com/*
f3c450a528c2324e7b497dfa4f008054,1156610100,5,m.yazhouxingti.com/*
f459eb38417c97b2d4c5b4b612099681,1156421800,32,m.saipujiaoyu.com/*
f4bbf8dee1f2d6bf5fc6fe575fda0250,1156610400,3,www.szgjjs.com/m/*
f4ed5acb552ecaa3b3eb44f0ea7c9325,1156513300,3,m.saipujiaoyu.com/*
f50efd594f19038ef775559827ab6fda,1156411400,30,m.saipujiaoyu.com/*
f51bd84429e83a563526373f186002d1,1156420100,27,m.saipujiaoyu.com/*
f5296212bd92046f71403d0c27305d7e,1156420100,36,m.saipujiaoyu.com/*
f54d1b745c73e648b9077646cca09015,1156520300,31,m.saipujiaoyu.com/*
f65f6a80c339a8572bd24ccb1b4f290d,1156410400,3,www.szgjjs.com/m/*
f67a3643e618aa124167cb0879484a2c,1156610500,4,m.yazhouxingti.com/*
f6b31e8e1cee8d1ab7efe139451c833c,1156520300,6,m.saipujiaoyu.com/*
f6b85666f615ba7f11c9799b5821a60d,1156610100,8,www.chuangtijianshen.com/*
f6b85666f615ba7f11c9799b5821a60d,1156610100,5,m.yazhouxingti.com/*
f6db592e92a00ef78a5f6f331fc19396,1156420100,1,m.saipujiaoyu.com/*
f728b5546b6a8867ca012225c053746a,1156610900,24,m.saipujiaoyu.com/*
f72f8ecd09f11b732e9f69085969a587,1156610500,25,m.saipujiaoyu.com/*
f73a7d5dec7ce250387c2f3cda18c0d2,1156510800,14,m.saipujiaoyu.com/*
f73abb4e843e4a9b121dc91b1442de9a,1156430700,16,m.saipujianshen.com/*
f741b852515e942d8bc9803c34814c9d,1156430100,2,m.saipujiaoyu.com/*
f768a1270ec6ebe70db8eba976d80de6,1156520200,2,m.saipujiaoyu.com/*
f7a44e1f764ad237307a97f962c15e51,1156511300,42,m.saipujianshen.com/*
f7cd348100e6d1bb4d38e70cd68468b6,1156610100,2,m.saipujiaoyu.com/*
f81e291fb72c7119425b2b829798d6c0,1156610100,7,m.yazhouxingti.com/*
f81e291fb72c7119425b2b829798d6c0,1156610100,47,m.saipujianshen.com/*
f82ef0b6e28c2d4ed545623edbc3fb0f,1156420300,50,m.saipujianshen.com/*
f8b1ad9fc1691de729130dadd3355b7a,1156510100,25,m.yazhouxingti.com/*
f904585b44017fdf225872f5faf1bb64,1156420100,19,m.saipujianshen.com/*
f945e02570bdce56963a10ffab0c8363,1156610100,1,m.saipujiaoyu.com/*
f953a2878f2de2c9c4513887be7af1ed,1156431300,1,m.saipujianshen.com/*
f969f0a4b6b5cfbcb6f1a1498049f8aa,1156510100,36,m.saipujianshen.com/*
f9868c14535e22087e43fabd56e86f10,1156510600,3,m.saipujianshen.com/*
f9c2bad5b5fe79d925dd39fbb64e8687,1156411500,3,www.szgjjs.com/m/*
f9d76d08e980ab9e8a1b4c67e9f6632f,1156610500,1,m.saipujiaoyu.com/*
f9da3c58204eb1aee7649e4fef84fd8c,1156430800,30,m.saipujiaoyu.com/*
fa19414f7202897acf1712123e8f5059,1156522200,5,m.saipujiaoyu.com/*
fa3efba14ccf1024602dd6d765c8e9ad,1156431000,35,m.saipujiaoyu.com/*
fab30474a322a9411cd5d2b51a95dc7c,1156522400,25,m.saipujiaoyu.com/*
fb075ac6c1ee77c9cfa617bf0b55149d,1156510100,33,m.saipujiaoyu.com/*
fb075ac6c1ee77c9cfa617bf0b55149d,1156510100,35,m.saipujianshen.com/*
fb0c6db2bab007395a8b5ff1049625ab,1156360600,6,m.saipujiaoyu.com/*
fb1be6c4ba1385db656c74730c1f740b,1156430900,5,m.saipujiaoyu.com/*
fb59e4dd85de424669176c344e69d714,1156360800,38,m.saipujianshen.com/*
fb68e22b8930d38d114b3c214f0fcbe4,1156411100,8,www.szgjjs.com/m/*
fb7f2bf4ba593e4b2749d0ed768d4172,1156610100,4,www.szgjjs.com/m/*
fbf75285f3f62b84f44113c240f9a275,1156511500,23,m.saipujianshen.com/*
fc285bae71996089336cc9ea7890202e,1156610300,2,m.saipujiaoyu.com/*
fd22c0a51c9c20b78002c273450ea7e7,1156360100,26,m.saipujiaoyu.com/*
fd24b5435ca2725feb9c901fdc87590a,1156420100,5,m.yazhouxingti.com/*
fd5c12115e360fb56cb49989bd05c0af,1156610100,1,www.chuangtijianshen.com/*
fdb580fdbfdbd5ac31590b573cea833b,1156610100,1,www.chuangtijianshen.com/*
fdb5b50381c436dcea14f7e5b32c1580,1156520700,5,m.saipujiaoyu.com/*
fe304bea8a64a3bf56b7877c82ebe6ff,1156522200,3,www.567go.com/*
fe38e993f0fa7df121d8b685318ac704,1156610500,8,m.saipujiaoyu.com/*
fe76aa696a80985803e2a98ccda3930e,1156610700,28,m.saipujiaoyu.com/*
fe77f877291d81a439692eedaa3a96ad,1156422800,59,m.saipujiaoyu.com/*
ff3e206f99a8a24b34684671640d84bb,1156513400,1,www.feibaojianshen.com/*
ffd7a192d09d957a4f0235bac7f3ea38,1156361100,43,m.yazhouxingti.com/*
ffe7660965e238e314c5ece9a6e6e416,1156520400,4,m.saipujianshen.com/*
fff9e393a9e904f1b60f7b2803f3bf05,1156610900,5,www.chuangtijianshen.com/*
