00237b8c5cd54663507e788f27716e7c,1156610900,18,*.aixinbaomu.com/*
09f4c0efeba3eedb29d5d4a3410a05b1,1156610300,37,*.xianyingzhili.com/*
0a49bf7cd47d204a961cce8731fb6f47,1156610100,2,*.aikanger.cn/*
0c9e51768fc8f16244016e1b53999037,1156610100,3,*.xahaoyuesao.com/*
0c9e51768fc8f16244016e1b53999037,1156610100,2,*.xasks.cn/*
0c9e51768fc8f16244016e1b53999037,1156610100,2,*.xalhjz.com/*
0d1f40e053894c74e6d461404a0e2198,1156610100,4,*.xakangnuan.com/*
0d262ebde55dcfb4c04fa012a1199661,1156610100,2,*.xakangnuan.com/*
0fec9268026fceeb1eabb5e9a5e0c09a,1156510800,10,*.aikanger.cn/*
1133c4088902a409df5e9c9eccd351a3,1156610100,3,*.xaxnjz.com/*
131e5b8b1890031e717dde997140f420,1156610100,8,*.xaoctsunshine.com/*
19284dea11c63d9a805a8b60efd2b38b,1156610100,15,*.aikanger.cn/*
198e14b9088571127a4f460cdc26f48a,1156610600,2,*.aixinbaomu.com/*
199689339e796b6516220588bd92cdf3,1156610600,1,*.xlj365.com/*
1e86422840bb0315f01b1b46c5e9a0b9,1156610100,35,*.xianyingzhili.com/*
1ed49087a825d912fc45e2653da29f7d,1156610100,1,*.qinsao.cn/*
1f0d647380778fbc42880a58eaa94197,1156610100,57,*.xalhjz.com/*
2229eb6fe47c5d1ad7826434e9b1c5a6,1156610100,2,*.xalhjz.com/*
22f3812fa79f312ec0dd354feff6a41e,1156610100,2,*.qinsao.cn/*
247c7fbc1f695caae6f96427b96ccbf5,1156610400,1,*.aixinbaomu.com/*
28d0014f6ae4fb2d04d398ff4c0c803e,1156610500,2,*.yujie1688.cc/*
29e729a17fe7cb43ea86df06aa558911,1156430600,1,*.xafljz.com/*
2ceb7972d7246b042e06ac1b5ef2b2e9,1156610700,1,*.aikanger.cn/*
2f0254146de06788f7f2e0a5e5cdd576,1156610100,9,*.xakangnuan.com/*
367b9ffa5131cf8eed6d7e579a30e344,1156610400,2,*.xasks.cn/*
38094b927ad98fd5545d8a71c0f9d86d,1156610100,3,*.miduoduo.org/*
3c24f895c0fb5171431092e2e0334a3a,1156610100,1,*.aikanger.cn/*
4364ee3746cdd194966bb76227577133,1156610100,3,*.xafljz.com/*
49344f3683065d270c2903097017f66e,1156610100,14,*.aixinbaomu.com/*
4a1eb4ae5c52ae49925ef9e94d8b0051,1156610100,2,*.xaklbm.com/*
4fb3f60bf488a125aec44d9498d0e666,1156610100,11,api.superayi.com
51e7535f1f00451fbef64c819dbd912b,1156620800,1,*.xahpgjz.com/*
5491955599a96e4d81607d00de783b68,1156610100,1,*.aikanger.cn/*
550c095930a29593407173b8dba798fe,1156610500,4,*.xakangnuan.com/*
5511329f36a2dfcf8708746b192bafd7,1156610500,10,*.qinsao.cn/*
56e249d77a2175eeb87072258c5d857c,1156610400,17,*.aixinbaomu.com/*
5b18c35a9e0b540c4336666ee75f7b1c,1156610400,2,*.xakangnuan.com/*
5be85c72ce72c3f73314b3081542f17a,1156610100,70,*.xianyingzhili.com/*
5c165aa6713c942bc6b1f97ea8691f9e,1156610100,73,*.xazcmbj.com/*
5efcb8180134a1c1d685401ac4ee5a4c,1156610400,3,*.aikanger.cn/*
6284213ff3381686572e3fb35fb8ddbc,1156610400,1,*.xlj365.com/*
69cb0282f7d21c530890e040380765d6,1156610100,51,*.xalhjz.com/*
6b98af1bbf3a3606354e6d191ecfb201,1156610900,2,*.aikanger.cn/*
6ca25ec77b172ad4f52c95eac22cfa9a,1156610500,1,*.aixinbaomu.com/*
6e2d780562a70ddc6ea1337c57987277,1156610500,1,*.xlj365.com/*
722d23153180fe738d429fbf2e0582b2,1156610300,1,*.xlj365.com/*
774612e24e682791b551b27cc2295445,1156610100,10,*.yanziys.com/*
7ce50cd91d6d391f09f2b38c1a825447,1156610100,2,*.xakangnuan.com/*
7dcd345cc76d2ac1b3ff3a44a96f87dd,1156610100,1,*.xianyingzhili.com/*
81b6e93575da61c29ed694f5e32de60d,1156610100,31,*.xlj365.com/*
843ad68bea3a55f9c78a2c945a01a4b8,1156610100,14,api.superayi.com
85a2cb6df24fbe53b11b36ef3753df06,1156511900,12,*.aixinbaomu.com/*
87dfbb9d1377c365a2f21f580e30fcf8,1156610900,1,*.xahpgjz.com/*
8bdccbea77f5bc4c8b9d53d62091e67a,1156610100,2,*.aixinbaomu.com/*
8c2514abbe2968d6819349aa6def6943,1156610100,1,*.xaoctsunshine.com/*
8c2514abbe2968d6819349aa6def6943,1156610100,4,*.xlj365.com/*
8debdd6b9b0126a9a30a798365bf4f8a,1156610100,3,*.sxjbr.cn/*
91d5d9646ba76e11784aecd652da5913,1156610800,1,*.aikanger.cn/*
95ffb29cf2069077e072e25ff33d917e,1156610400,1,*.xlj365.com/*
97e172075dcc7b045fb9e584580b3b34,1156610100,14,*.aikanger.cn/*
a3adf95713546dfd411c79e5a813da86,1156610100,77,*.xazcmbj.com/*
a3f5036f6a9187b8e6ecf7faf79a5f1b,1156610100,160,*.yanziys.com/*
a754387ac9f31479a09961bb330fc043,1156610500,11,api.superayi.com
aafa4e448e054f03506c1c0c7485b41b,1156610100,23,*.aixinbaomu.com/*
ad9ba3071db301f178f3f877d6de8d16,1156610100,12,*.aixinbaomu.com/*
b044b7d1d10b3a2d61a3c5441ca0c480,1156610400,25,*.xianyingzhili.com/*
b6e4c25b5aca0053fc2dd4e33d6af071,1156310000,26,api.1jiajie.com
b853f89c09c3487aefa575d069ad73be,1156610500,15,*.aixinbaomu.com/*
b8b982182200eb63b5c6c37e4615f7f7,1156610400,23,*.yanglanjiazheng.com/*
c36578f42eff3e043a9a5020915f184c,1156610100,1,*.xafljz.com/*
c4f77ec2629a554fa5e173f131bc755e,1156610100,2,*.aikanger.cn/*
c5b06cba42a38d6861be230377532f1a,1156610400,3,*.xlj365.com/*
c6cef30a690698a42075c40dc7975fa7,1156610700,20,*.aixinbaomu.com/*
c796e69ee6839c6b60f385fdd38495d5,1156321300,6,*.aixinbaomu.com/*
cb055cd49a7557546f91498072ec58a8,1156410100,5,*.xaoctsunshine.com/*
cc59319b89315de34f0456ab2daf164e,1156610100,12,*.aikanger.cn/*
d105b087a5f2e5c9475da00c3ce25feb,1156610100,21,*.aikanger.cn/*
d105b087a5f2e5c9475da00c3ce25feb,1156610100,1,*.aixinbaomu.com/*
d3826cdb0c778f9bee2c6264c8e7cc5a,1156610100,46,*.xafljz.com/*
d4bb6963f77b4ce61206628042fb3372,1156610800,1,*.xazcmbj.com/*
d6de78d9949b7fd5609df383bfca69b7,1156610100,3,*.xlj365.com/*
d6ff5cb0736768a90897681e55916400,1156610400,2,*.xazcmbj.com/*
d911814df048015e27d55f601772679e,1156610100,17,*.zkclean.com/*
dbfe0b44e13b0cc4b95cfc671572703c,1156610400,1,*.xakangnuan.com/*
dc87c1f70c5307aee4eddffb0f046691,1156610300,1,*.xlj365.com/*
dcb808133fa196e250c473e38a0cd760,1156610500,23,*.aixinbaomu.com/*
dfbec72dc97fc3864595dc0686862180,1156610100,21,*.qinsao.cn/*
e17b5b15c63fbda587b282c8377e4a8b,1156610100,58,*.xlj365.com/*
e3aec5b6495495f94b88d7b4da6ca2fb,1156610100,15,*.aixinbaomu.com/*
e41ed49554274a06ad4cf27d8c0a6f39,1156610100,9,*.yanziys.com/*
e5906b85c706b312d2629b3391599ada,1156610500,1,*.aixinbaomu.com/*
e79f1a3b4b59896428d2943429438c95,1156610100,7,*.aixinbaomu.com/*
e7f7539223a50f877d6b02d88943184d,1156610600,6,*.xakangnuan.com/*
e86fd3e2e44286444f62d2d4dda7872f,1156610100,1,*.aikanger.cn/*
ea55730db93da7a4bd5cb23ca7027246,1156610100,21,*.xlj365.com/*
eaa385140a7bbea8c50147971bd317bf,1156610300,1,*.aikanger.cn/*
eb53073413298b70e10e31c2716803f6,1156610100,1,*.aixinbaomu.com/*
eb68ad9d47bfcfbcdffa981c0042595e,1156610400,2,*.aikanger.cn/*
ec3e48967979f0ac040b7cb3cdc9a24e,1156610100,1,*.xafljz.com/*
ee2c30c1424c82fa11f960f474972714,1156610100,5,*.xaxnjz.com/*
f09d1c330d21a4cdf3f4809b4670802f,1156610100,12,*.aikanger.cn/*
f2450f9d145f0574c812c6732efa3499,1156610100,1,*.xaxrjz.cn/*
f26a7518f2d850a2b8c8030d05906a7d,1156610100,2,*.xakangnuan.com/*
f2b54dbf2318319e983784f868bb52cf,1156610100,7,api.superayi.com
f5edeb97d9ebd72c3b53818a4d1f28a5,1156610500,9,*.xaxnjz.com/*
fcf2f40782e5e585996f6882fe21db27,1156610100,1,*.xahpgjz.com/*
fddd23ee92a592059d9038063b7a8105,1156610100,2,*.xlj365.com/*
fe3b323a42369d1024c728d2c88c9fd3,1156610100,16,*.aikanger.cn/*
ffc1ef665a4d742e805052c0ef4d8dad,1156510600,1,*.yanziys.com/*
