0002cb0d8d658e5ca0c7ead7ccaf6d75,1156310000,1,www.77china.org.cn/*
006ee9a7143aad4536bb436d49a6923a,1156120000,20,www.huazhengcaiwu.com/*
01384e1538a6ba604329fbd4c36b6ac8,1156370600,33,www.cddgg.com/*
014482e08b09061b873d8cb142c4df1c,1156320100,31,njm.yishuiwu.com.cn/*
01d3734300855737e7d60a711218fdca,1156320200,4,www.cddgg.com/*
02908ec8823de769013ef1f33cb066bc,1156371500,8,www.huazhengcaiwu.com/*
029ec18943d96eaab71e5519940a6de8,1156371500,24,www.cddgg.com/*
038781446960adaf8cdf9a656255d9d4,1156310000,49,m.520gongsi.cn/*
038db19d31040f73ac0a1872d40ab6eb,1156320500,18,m.hongfund.com/*
03a5502bad6833c90750bf5dbc085cc2,1156320500,24,www.cddgg.com/*
03bfe8417e55056d282aa6ef6d067981,1156310000,1,m.520gongsi.cn/*
03f2d672d25c467acd00c2078e3dfde9,1156320600,6,m.yszhuce.com/m/*
04bc8467d19a1ade09f5cd4aced7b438,1156320800,11,m.520gongsi.cn/*
04eee1b7aa9eeca92ced61283f8cb122,1156310000,57,m.hongfund.com/*
0551fc40d1d37866812af16983da93b4,1156450700,3,m.jshy.com/*
056e4308a83f607e0ac24c4fd83f1481,1156310000,5,m.520gongsi.cn/*
05ce0da5c91ab18d68deccb290e6a127,1156370800,19,www.huazhengcaiwu.com/*
074c6277e56c7bd6cc19dd63000eaafe,1156320100,5,www.cddgg.com/*
0846f9dc5c59faff91e9e43be1721359,1156330600,10,m.520gongsi.cn/*
0858f29d92a6248fcc74d7f202de61e8,1156310000,3,www.cddgg.com/*
08e04d56d06ffdd59c61bdaac754857c,1156370300,17,wap.521gongsi.cn/*
091c726fc5cb6c6e7e500006155c7495,1156340500,2,www.cddgg.com/*
0990e56603b4d8584e92a9ede801208c,1156310000,5,czsk.site/m/*
09bb3f8e6d3b9927b6fce749332d3584,1156320100,7,www.huazhengcaiwu.com/*
0a2fc20e89de5d5da229a76aefefa318,1156370200,1,www.huazhengcaiwu.com/*
0a79f9fb7bc79e243a2fd7e0fcfd0ea9,1156331000,53,www.huacai.com.cn/*
0ad02b27d5611a9b58de456aea64adef,1156120000,2,www.jinzhangben.com/mobile/*
0b1ac898d80cd90c47137591d9de6f74,1156370400,1,m.520gongsi.cn/*
0b2c16164b8a0218111ad346bf2aa2f0,1156310000,10,www.cddgg.com/*
0b77195811d18a8e19a12adc707f8105,1156371400,1,www.cddgg.com/*
0c0d8ae60a2b2755765a294e311dbbb8,1156370700,2,m.ezcezc.com/*
0c74e72d4d61b146ff1ec763e6f3d02e,1156370200,5,www.cddgg.com/*
0e4d618f69b08c7f10c5333ebb62d976,1156330600,1,m.jshy.com/*
0ff1f686b12962a0eb3e45e328f0e4f5,1156320400,2,m.ezcezc.com/*
128293f12942cee683aaaa377253b427,1156120000,1,www.huacai.com.cn/*
130a182a4cc91b762c1097fc56811a18,1156310000,1,m.izhuce.com/m/*
133cc162b389ad8690b78679a7b125c3,1156120000,20,m.520gongsi.cn/*
13eb03fd6830d77d279957014abc96e9,1156371700,1,m.jshy.com/*
13f92c9836dc2e3a99ea2e2aa4b5f41b,1156321200,25,m.520gongsi.cn/*
159ed0c743e73dfc93a6ca8fa10c216b,1156370700,1,m.ezcezc.com/*
15e2c923489dea3c7db90649ca2bd4ca,1156371400,48,www.cddgg.com/*
1812367fffc7822c6b5a28f73814a573,1156321200,20,www.huazhengcaiwu.com/*
1815c047416072984c8f3c5106b0be05,1156320500,2,www.0512zhuce.com/m/*
184e55be32b015dff32e327043618a84,1156330700,4,www.cddgg.com/*
1875362301c9e24ef92866a155c103bd,1156310000,2,www.cddgg.com/*
19737c5bc7ff5739dc0a80fc7a00ec21,1156320400,1,www.cddgg.com/*
19f17a123273a503524d871e47a3e743,1156320500,51,www.cocoattract.com/*
1a6f39d0b9439da4fba821ae0604d7d2,1156120000,9,www.jingxin123.com/*
1a7aacd60155dcd64c9a3c004b5d6f9a,1156370100,60,www.jinjucaishui.com/m/*
1b119345c88877237598ee47897d8c68,1156320900,2,www.homecaiwu.cn/m/*
1b6253f04154092168b6c313d9a2f5a8,1156320500,4,www.cddgg.com/*
1bbc9a895c7923d48e1d5b65b44d4548,1156370200,16,www.huazhengcaiwu.com/*
1bdbdb7ff8b176d2875c860693536e35,1156330600,1,www.huazhengcaiwu.com/*
1c4bf148c10f69d0992ab4994d25b3cb,1156320800,4,m.ezcezc.com/*
1cbdfedbb6cdac57ec823311e9e9de65,1156310000,1,m.hongfund.com/*
1cd233fad4b5b61281f8aa6d9fd7a0c7,1156320500,7,www.cddgg.com/*
2066f654debc93d7d85a7abb8a52d673,1156522200,1,wap.521gongsi.cn/*
20869588d453bd10514afe0a932643a3,1156320600,11,www.12366.com
21d0e41d232b3055da8926e5f0561eab,1156120000,1,m.520gongsi.cn/*
220162faf45e91535836757a542aba36,1156370100,7,www.cddgg.com/*
22ac7e15c3810742af5745e296fc8b66,1156371400,8,www.cddgg.com/*
22ea7d696bcc3a429152476f4c9cddf0,1156120000,1,www.huacai.com.cn/*
22eb25da15bbf11f3b2d58517bbbd3bb,1156370400,3,www.cddgg.com/*
2377b496b4c17d47ea7340c140ef453e,1156371700,17,m.520gongsi.cn/*
23b914f0d478df02d1d144fff091b181,1156371500,1,www.cddgg.com/*
2406651484366e9bf7efb1303452c3a1,1156371600,1,m.ezcezc.com/*
2437ad58e226d780763effdc59067ca3,1156320100,3,m.jshy.com/*
247a0cf4cdaa0625de83df6e197a551f,1156371500,3,tg12.soke.net.cn/m/*
25389e40e22e3230aa417f6c7577e29e,1156371600,12,m.hongfund.com/*
27e2603143f7e4389002be702e1e55f3,1156120000,20,www.huazhengcaiwu.com/*
283cd3ad9eaafe05cc59926815a9cc31,1156370700,20,www.huazhengcaiwu.com/*
28647761504b6b1288fb82835cc77ea2,1156320600,2,www.huazhengcaiwu.com/*
2876172e05e0249c13cee99732d7deee,1156310000,4,www.cddgg.com/*
2951419b7c67d57d7f9952c4f7ec5923,1156320100,30,www.huazhengcaiwu.com/*
29f66fce4c7cce6616a006ab855d41af,1156370500,4,www.jjcszc.com/m/*
29fee16e3f6c493401c1a038b84ef2cb,1156320600,4,www.cddgg.com/*
2a4f9d14a85a9e7397c93ea904900a87,1156310000,15,www.cddgg.com/*
2a683d09b759bea7e427dd214ec8197e,1156320100,2,m.jshy.com/*
2bbd4ad91eefb50bf12fce4a44baa7aa,1156370100,4,m.hongfund.com/*
2db537f269bd492de00c2aa635c5736a,1156120000,3,m.520gongsi.cn/*
2e56352f4d9778f92f710be950b6149c,1156120000,1,www.huazhengcaiwu.com/*
2e8bf43ffab4f9bc7462605b894e56e8,1156310000,10,m.hongfund.com/*
2ef7f53d9df759af8ee78945cca50723,1156310000,9,www.cddgg.com/*
2fb6730e284bf29b7d7870029b9e6ea8,1156320700,1,www.cddgg.com/*
300387d2fc00fef711a82870b73be395,1156370100,2,m.jnfxy.com/*
30d8fd58acbec59010a85aa7e276a31f,1156320600,3,www.12366.com
32385ab09c98db1c640fddbb4ccd2fde,1156370700,6,www.jjcszc.com/m/*
3258653c89f20ffaad6eac74abe9d683,1156370900,4,www.cddgg.com/*
32bc75f3272768edd3d9caa7d3487c54,1156310000,38,m.51qiqiying.com/*
32dddb543d4cd2c5a379a15013a5b26a,1156120000,6,www.cddgg.com/*
33a81f8f02c7d94054afd3c1ef382a38,1156370100,5,m.dashanghaizhuce.com/*
33d37964a16e985b32d1d60f0f1ae3da,1156371000,12,www.huazhengcaiwu.com/*
340b459a01be3929307d4778447ab71e,1156370700,52,www.cddgg.com/*
3447b42b01df3a478c257bd30a2cce60,1156310000,1,m.hongfund.com/*
348b2c5b34799b5a6dcc221aa6e321c0,1156370900,4,www.cddgg.com/*
348e49e33b398ff42e73df18458778cf,1156310000,1,m.hongfund.com/*
348f35e0c69b020a5f1ed0322a52b122,1156510100,77,m.51qiqiying.com/*
371d3bb30e6485eeebf5ea02c530907f,1156310000,1,m.hongfund.com/*
3738e157dbcba97cf06333c72f690958,1156371100,2,www.cddgg.com/*
3741549137645dbf370362d732707629,1156610100,1,www.cddgg.com/*
379e35e2ed354fe19d54bb2f42a7186c,1156370700,1,www.huazhengcaiwu.com/*
387b8485b109356df544bc05a37c0a49,1156340100,5,m.hongfund.com/*
38d55274b396dea76bee289a376e72d2,1156320100,1,www.cddgg.com/*
39355493328cc66ec395b5a267dbba9e,1156370500,25,www.huazhengcaiwu.com/*
39411830d217432a9e2433d6817ad2ba,1156310000,4,www.cddgg.com/*
39729f5d2aaf67bac7debad843cb2c57,1156321200,24,m.520gongsi.cn/*
39b8af552a2d129fa003fc30d877acee,1156320100,2,m.jshy.com/*
3a892730462be9fe49b809b5c741e71b,1156370800,20,www.huazhengcaiwu.com/*
3c5b2fbcd2e83b12fadedde7bd04f26f,1156370100,1,www.cddgg.com/*
3d6bc5ac960fe9895ab3b511bf4e40da,1156370300,24,wap.521gongsi.cn/*
3e12ad14d9b3aa09e99f3228ae8ee524,1156350300,47,m.shchuze.com/*
3e8ab249bb767132b0531fe9425837f1,1156341600,4,www.cddgg.com/*
3f29d06b6bdc7fc68666d3681cb82d9e,1156370100,2,www.cddgg.com/*
4025434245d5a176fddb3d49f63ae5cc,1156371400,9,www.huazhengcaiwu.com/*
40fb5962b461c5db5c6593ef2553f2b4,1156370200,2,www.homecaiwu.cn/m/*
40ff59ac2f40bf2a02cc934183bf649e,1156320500,1,www.0512zhuce.com/m/*
41305bbcd1be4bee91de33081ac30bef,1156131000,1,tg12.soke.net.cn/m/*
413445a82978f70e6e84e358f1e3d43b,1156371700,2,m.jshy.com/*
41b4ebcb5c623ea6d0d2f5d7867a11d8,1156370800,12,m.520gongsi.cn/*
42299ec5e10aa558ee717efa6395a85e,1156310000,1,m.51qiqiying.com/*
43e41978889d52f49d31eb18cdb5ceaa,1156321000,1,m.hongfund.com/*
448a2dbec0a77945a9407726a66182a9,1156370100,1,m.ezcezc.com/*
45ee37d21677dc76c32a2237777cc03a,1156370700,10,www.cddgg.com/*
48497cf03f629a07af062321e3e6a6b0,1156320700,14,www.cddgg.com/*
484a9053928d865491d6d0448d172c33,1156310000,41,www.cddgg.com/*
497fcbf324eda87cefdeeb339aa6866d,1156320400,1,www.hzjsz.com/mobile/*
4a2ded4e694fdc3f99386b3ed034643d,1156370600,4,www.cddgg.com/*
4a9cd20b71f539458bc68cfddefae64b,1156370100,3,www.cddgg.com/*
4aebd9d950a3fa8834c7765b64195ba2,1156320200,52,tg27.rjcaiwu.cn/m/*
4af30c8ac65cc9d7cebac372c97499d3,1156371300,12,m.520gongsi.cn/*
4be6c4628e69d8aff605372bef739592,1156370600,1,www.huazhengcaiwu.com/*
4bfa5d31f83b69784d8746020aef3730,1156320600,2,m.ezcezc.com/*
4c10cf1293a253f8dd58b2cd30327f8a,1156371300,13,m.520gongsi.cn/*
4ccedd9e95cf1f5b5327751c304dfe13,1156371400,11,www.cddgg.com/*
4f27d5ac11275478daf46dbbda152ef1,1156320100,1,m.jshy.com/*
4f3f8ece16846fb2fb32d07707c76ce9,1156320600,2,www.12366.com
4f51ab171f7490be723b62c17eb10280,1156620600,8,www.cddgg.com/*
4fbe8d70254f367a9e967a78ae46ea10,1156370900,2,m.ezcezc.com/*
4fdcf4daba5d71ae9304318e6cda07e7,1156310000,2,www.huacai.com.cn/*
502235423f48b20be39eece2a5a9805d,1156371300,1,m.ezcezc.com/*
5103ee91d34d7ac9a90e826c8469ae35,1156371500,1,www.huazhengcaiwu.com/*
510845686a193c890499c40a08d306c0,1156320900,1,www.huazhengcaiwu.com/*
51eae11d6d7c685a0a5d728ae81ee28d,1156370600,4,www.cddgg.com/*
521e0258d552413d09119beb74d83938,1156371600,1,m.520gongsi.cn/*
545d4d6a641c0df109d7c5d1a1d4af3d,1156370700,3,m.yszhuce.com/m/*
54b47f7e6c5207bbfd605741028d51c1,1156320600,1,www.12366.com
5507d667e209b30ba411d922f7d21872,1156320400,1,www.cddgg.com/*
5523f01dabc153152fe298d099ff31f1,1156370100,1,m.51zkj.cn/*
56d305e0baaca6f8d547d73f82d3c451,1156310000,1,www.cddgg.com/*
57bf22c5e4724e7a77e3f587a49c13b3,1156371000,1,m.hongfund.com/*
580c6886e6973fec1a442ba7bfc0e3ba,1156310000,1,m.hongfund.com/*
58cf4b4d600fcb6490955c8f1bfb47aa,1156110000,2,www.0512zhuce.com/m/*
5a6b8fc91f33532c2c3161e2c4042ae5,1156370200,11,m.hongfund.com/*
5b00c251fdc5089d5617c913b58ed948,1156370700,1,www.huazhengcaiwu.com/*
5b66a074c5b3487911f3ab58ebbbaad1,1156310000,2,navdy.me/m/*
5d5f9289405a7d48400f257b68cdb703,1156321100,4,www.cddgg.com/*
5da2dc279b553a97584b697813aa5553,1156371400,1,m.ezcezc.com/*
5e80de7c9f853e0f86f6272066faf6a0,1156320200,4,www.cddgg.com/*
5eec45bad4b675cc5a4913712e044057,1156310000,1,m.hongfund.com/*
5f0a09622302685a3701a4e462f6e5b5,1156371000,1,m.hongfund.com/*
5f7ab4c6a26e3bb03eb2b5538a2efd02,1156621200,5,www.cddgg.com/*
621113f584677694803d386046701e35,1156320600,1,www.huazhengcaiwu.com/*
62fd20ea5defe869bb5c7748c4cb12d3,1156370400,1,www.homecaiwu.cn/m/*
63ed30ecc4463ba6782d6b1feafa1753,1156310000,4,www.cddgg.com/*
642d332582b17ff230b8fede1b749abd,1156370900,4,www.cddgg.com/*
6556427bbba0c1cebbbd9c600b8cd7af,1156370200,6,jn.520gongsi.cn/*
65c19ba21801b715dc9340e698bff3f6,1156320400,5,m.hongfund.com/*
67d8fe710981aacdbefed5d24d601f9a,1156371300,14,www.cddgg.com/*
6870c66788b037be5af1d7b5d82fba0f,1156371100,13,vip.ciprun.com/*
699ce403685a215f109ffd91b621efca,1156370800,1,m.hongfund.com/*
69ae6170be621046d01579535dd6767d,1156320300,10,m.hongfund.com/*
6a93a8ff38237db13d2fa53e1c4646ff,1156370700,19,www.huazhengcaiwu.com/*
6aa6e8c6f5ea548e58307336f14f5177,1156120000,92,www.huacai.com.cn/*
6cbb6bb1e543cde022c9d762b7f912ae,1156310000,11,m.hongfund.com/*
6d1fa42af7f4b22b1d04ebfa85505f6b,1156310000,1,www.huazhengcaiwu.com/*
6e228734d45895d52b7d44e5174827f3,1156371000,1,www.homecaiwu.cn/m/*
6e5cffe18616d898029059cda494777f,1156371000,26,www.cddgg.com/*
6e762086e5ed635596d793efbd15f29e,1156371600,20,www.huazhengcaiwu.com/*
6eaf182325d58d0ae84109c347e424f1,1156310000,12,www.cddgg.com/*
6ebdf4618d824d50908037d2896556af,1156330600,13,www.cddgg.com/*
6fb0596a04bfe820b9d1864225b6ce2f,1156340100,1,m.520gongsi.cn/*
70b26ae2fe29725ad304100b29e8fa64,1156320100,7,www.huazhengcaiwu.com/*
7104f6160037030d2c19f6160d2804fc,1156320500,40,www.cddgg.com/*
710836fdc362a2c7d5539539251a8e60,1156320600,4,www.12366.com
711e9cd62aadaa36435934b4515b2ef5,1156371700,4,www.cddgg.com/*
715b1f0007c009cc7fd90ca60ec8c057,1156120000,2,m.jshy.com/*
71ad9a0f70fb382eb7479bd28a942aa0,1156371500,1,tg12.soke.net.cn/m/*
72ee99a96818696ae0279cd57256eb58,1156370200,23,jn.520gongsi.cn/*
73a65be252198ec777246f6d4b226977,1156310000,45,www.cddgg.com/*
741f75156a446740f31d2b9d1f29ea45,1156320100,2,www.cddgg.com/*
742a72d1a276a5c6c08ba22bb2dfe48b,1156321200,1,m.ezcezc.com/*
74eee80a5234afef05a097b0010d29d6,1156310000,1,m.jshy.com/*
7574fb1a5d60dfb7011c372557843e06,1156330100,2,m.ezcezc.com/*
77190e3e67b0a8febae74837d880ae52,1156371000,1,www.djzw.cn/*
7798b4eee0be79d64846e40cb97077c4,1156320500,12,www.hankai1888.com/*
78d1051d4586cca17ed1f4d60ac31b82,1156320600,30,m.tie6.net/*
78e910b5b5a5385f1f9fd801b386fd6b,1156310000,2,www.homecaiwu.cn/m/*
794e95d8de17a8253089039e6363b2f8,1156130400,12,www.cddgg.com/*
7a8d79d77e5a77d21e4acb08b3eafc3d,1156371300,1,jn.520gongsi.cn/*
7adb6316468972300fae2a94aa4f1d1d,1156310000,7,www.cddgg.com/*
7c98f993dad04da48735cec9e9009912,1156371700,26,www.cddgg.com/*
7dde450201979ea59ee08f5aedfc5d71,1156120000,3,www.cddgg.com/*
7e2d500f4e1677cea1acf8b6c1ef9fa9,1156370100,3,www.cddgg.com/*
7e637ccb02b49e15edf6d422d85261ca,1156371000,24,m.520gongsi.cn/*
7ed018d892120243c59955235d87dc12,1156310000,2,www.cddgg.com/*
80613e6dda17406fce1ea93b9180709d,1156310000,3,www.cddgg.com/*
80e0164af2337fd1ca1447ca553d3cea,1156371000,1,m.izhuce.com/m/*
816bb3fb14b417bb07d07e07da0f6ef6,1156371600,34,wap.521gongsi.cn/*
8220b53d5bae59c1bb6cb5fa1d5ee4d5,1156371400,2,www.homecaiwu.cn/m/*
82978f72afbaaf7c5e63d45505553201,1156320200,4,jn.520gongsi.cn/*
837d22dada3c2eadd1617866597c1b1a,1156370100,25,m.520gongsi.cn/*
83a47b896cffe4c8a82a15ea840d666d,1156370100,1,tg12.soke.net.cn/m/*
85181a31ccf8023fabdd4ea1dfcfe339,1156371700,2,czsk.site/m/*
855504da7e1b651c23f114ecb85bc89f,1156371400,5,m.520gongsi.cn/*
85e993daf9b26e246530456ce7de67c0,1156320100,52,www.jjcszc.com/m/*
86f4e6d1dd3212cdc52169d46f172586,1156350400,1,www.huazhengcaiwu.com/*
8776f46ea63b6cf6f8223a5bc96be49e,1156320500,4,www.cddgg.com/*
877a8ae0b9ca422ebe99a626759107a7,1156370600,24,jn.520gongsi.cn/*
87bb586fb06267242b461f7c2e65ad90,1156320500,2,www.0512zhuce.com/m/*
889cd224e9a43d9eec8f33f14c49e304,1156510300,18,www.cddgg.com/*
89725fcbd5f3608a7a8ec23ee6c3da23,1156130100,1,m.hongfund.com/*
8adb0ba821263a62bc866acdbc7663a6,1156320200,1,m.ezcezc.com/*
8af62fff13d7368bc013858fada8466d,1156120000,1,m.hongfund.com/*
8affe3304466926289b0fbdab51a2e06,1156321000,8,m.hongfund.com/*
8b03516e9bdf514c9f826e819ac67f6f,1156330300,50,vip.ciprun.com/*
8ba656b830dddac0c34e80fc6a9e4cc3,1156371400,4,www.cddgg.com/*
8c343c3ef406a4f3552e443f3adc45f5,1156320500,9,www.dckj88.com/*
8c45c45ed6b829bc7ace0ff660b01351,1156371700,10,www.huazhengcaiwu.com/*
8c5218c4154c3fab5d1b34fa47dd7642,1156320500,1,www.huazhengcaiwu.com/*
8e992b3c867077721e24deb4f78140f4,1156320400,22,www.huazhengcaiwu.com/*
8f8e178ed9e73e293b274de21f71d81c,1156320100,13,m.51qiqiying.com/*
901be94fa87220f35cccb1734e5a4a28,1156370300,1,www.huazhengcaiwu.com/*
90e804621d85e2e197dfbb7e230b902b,1156320500,21,www.huazhengcaiwu.com/*
919ba06081640ec380b5fe297be374a8,1156320600,1,www.cddgg.com/*
92c5b54de3cec84b6d79056f1a6fad4f,1156371300,11,www.cddgg.com/*
92e1311274149ae74121fdf3a7eed911,1156321200,1,www.cddgg.com/*
92ff97ba666ce796889075c820158ef7,1156371500,90,www.huacai.com.cn/*
93a5ee74573a4517b5af88c5f943bd12,1156310000,9,m.hongfund.com/*
93e99eeb7fecc2a6e52396f6c407fe29,1156310000,2,www.cddgg.com/*
9472187957b9709b750dfc3561eebd02,1156120000,24,m.520gongsi.cn/*
94a00dbb9dfedecb989e2843827e362b,1156320800,24,jn.520gongsi.cn/*
94e826645a857f045c492893e03fa0b1,1156320200,4,www.gongsizhijia.com/*
9538a0d7d2b9b77806f67488c374d184,1156321200,1,m.hongfund.com/*
968ae0060e73009e6c7c2789661aa575,1156320600,12,www.cddgg.com/*
98121103141a4f674f22a9a165739959,1156370200,5,tg12.soke.net.cn/m/*
994e6080a84f92a6845c89d0790b35cf,1156310000,4,m.dashanghaizhuce.com/*
9980b1890bc765069c4a3f8966d65db0,1156321300,1,www.cddgg.com/*
9a331186328d375b25eba94fb9c85825,1156370500,5,m.520gongsi.cn/*
9a823826f05fa7a9dfa98969f0e87590,1156371300,10,jn.520gongsi.cn/*
9ada570d2aba9470f1c3e8526eb2acb5,1156320100,3,m.hongfund.com/*
9b05775f210f70a07bc88839144bacbb,1156310000,1,m.jshy.com/*
9c1e3853044acb7bb0d74ac36cbe11ec,1156320800,1,www.dgg.net
9d2f9f934f3a4cb7166150b60b83506f,1156371300,11,m.hongfund.com/*
9d76ac73af98123c987aa27603fa845b,1156310000,6,www.cddgg.com/*
9da829453d2067d837afbc280b7758d5,1156371700,4,www.cddgg.com/*
9e0abd5cae70a111df307ed63ab69647,1156500000,47,www.huacai.com.cn/*
9e1d188479d3f8f310202a2c8eb2f3ee,1156500000,4,www.cddgg.com/*
9edae3bb828b84ed3c2b5db8b2158b37,1156120000,4,www.cddgg.com/*
9f0de5cb74267a8988af546664490670,1156320500,2,www.cddgg.com/*
9f617426873966b8c9e7639301f62699,1156370400,1,qishunbao.com/mobile.php*
9f8f41ab6185be9f742e67e734424b8f,1156370200,1,www.homecaiwu.cn/m/*
9fcd885698d30a58e3b6b36439ee7156,1156370800,4,m.520gongsi.cn/*
a0d2517a997a1f4d93cc745e41ee793b,1156371000,4,www.cddgg.com/*
a0fb74a0a906d8b582a6541c497006e2,1156330100,1,jn.520gongsi.cn/*
a1842320ab38efab514581cb9f933ce4,1156370900,16,www.huacai.com.cn/*
a1d3e5b2d961096fe07cc82d8988e33c,1156320500,1,m.hongfund.com/*
a1f210abc6d115c8b4e15ddb9fa8f066,1156130500,5,www.cddgg.com/*
a2e3da60af6a7302907e8d15ca41aa51,1156320600,4,m.520gongsi.cn/*
a49fca4a3c456807746ca3cfc7397589,1156310000,1,www.cddgg.com/*
a5782d3cb0bce7a20997b622e9a53eeb,1156371600,8,www.cddgg.com/*
a73d85941677bb191d7481f97d351dd1,1156370500,26,jn.520gongsi.cn/*
a75823496f529ec6da5c402088b4f508,1156320500,8,www.cddgg.com/*
a88c3508770a98e0849ba5fd5e90308c,1156320600,1,www.cddgg.com/*
a99acffd6c211db41ef2852065a793df,1156370600,1,www.huazhengcaiwu.com/*
ab5df59a997a10a5e79c4ca0cf89ee42,1156310000,1,www.gongsizhijia.com/*
ab901d1b1566c319e5bf95bad01d8e94,1156371500,1,www.jinanshangbiao.com/*
abc701536beaf2df6b144dc8341b67c0,1156370800,1,m.hongfund.com/*
ac6d4d8eac854e6878db1a2f95fd637d,1156120000,1,tg27.rjcaiwu.cn/m/*
af10403b405aae6b29f29130ad06a843,1156320600,4,m.ezcezc.com/*
afd105d0547fe1ca3654a6caaa7d4537,1156321200,1,www.cddgg.com/*
b11f15fe86397c39799e6c4ceb74b7cc,1156370400,1,m.hongfund.com/*
b15cbb12f08f796e5b17471b39f95d8f,1156330300,68,360.5837h.cn/m/*
b32db544836503d19d31fb0f9481d18d,1156371100,1,www.homecaiwu.cn/m/*
b374c596e0eaeb8279bafc64c81e1ad1,1156370100,6,www.jinjucaishui.com/m/*
b3b6b7e9314177396886bf6abd35c6d3,1156310000,2,m.hongfund.com/*
b598a839ab2840434913d0b9dea32659,1156320100,32,njm.yishuiwu.com.cn/*
b78f740f2f1fbba364f1bb2cdb16d2d1,1156320600,1,www.huazhengcaiwu.com/*
b83fc18e622e9976d139ab13f45495c5,1156320200,38,wap2.caiwuchina.com/*
b8822b1f7e8a87fcaa970b2dfba4a6e1,1156310000,49,www.huazhengcaiwu.com/*
b8842fc05147b2018940e2aff704a672,1156320600,10,www.12366.com
b97829386e234c8344635e4250aa4bbd,1156370900,1,m.hongfund.com/*
baf9bde0b758d55abdd7521dec16344e,1156320600,3,www.12366.com
bbcf5dcc3ccf988a980410d165f12126,1156370600,1,www.cddgg.com/*
bd70aa31367f8a4455404b6b832d287c,1156320500,3,www.cddgg.com/*
be239e33282aa40d8b4f465ad74c2598,1156370100,1,m.hongfund.com/*
be701bfe9904625e6f0e9e8e3c852592,1156370300,1,www.cddgg.com/*
c04793237479db46de0aa2dddf880264,1156370400,26,jn.520gongsi.cn/*
c130e8c387b04bd9541ef58d2a95bba1,1156371700,4,www.cddgg.com/*
c1cc46758a2c01fb1f2ac7c1edf94ad0,1156310000,5,www.cddgg.com/*
c3e089cf190ad29e0e890e52bafe77fc,1156320100,1,m.yszhuce.com/m/*
c530e9432c46666320e52af240569eb0,1156371300,4,www.cddgg.com/*
c63dc1ddacde843a55c8fc5920f0c33a,1156370200,1,jn.520gongsi.cn/*
c71ca0d89a3b3cfefd882ac72ee9b3cf,1156321100,5,tg12.soke.net.cn/m/*
c75c669eed0caae1556efaeecef34f93,1156370600,1,jn.520gongsi.cn/*
c78d180a52fe760a241cb90e2329c471,1156500000,2,www.cddgg.com/*
c7f1c527d9508a1417dd78e8730e02f3,1156652300,10,www.huazhengcaiwu.com/*
c897cf40e121b32220609f2c7680014f,1156320500,11,www.huacai.com.cn/*
c937a075554d499175a2284d4a5f2d96,1156310000,1,www.4000041010.cn/wap/index/*
c9a01d5cf3533bf24026d784f4d418d7,1156310000,1,m.51qiqiying.com/*
c9c7eb2d475810517ba2ded11bf7e065,1156421800,1,tg27.rjcaiwu.cn/m/*
ca4a6ca1f1d3dc6c9291b730d4678ccd,1156310000,2,www.cddgg.com/*
ca59e0fda7dfb43eb79d42b491ba9712,1156320800,41,www.homecaiwu.cn/m/*
cb0f3f8646fafdf71cf77d57697aa5de,1156440400,24,m.520gongsi.cn/*
cd4764d4c9b94a2ccc6419cd796c8608,1156320200,27,www.12366.com
cdcd70b4bd978e30a215d040a875b533,1156110000,22,m.hongfund.com/*
ce00c76b4bba9d5fc85b3dfb23fc6036,1156371600,2,m.jshy.com/*
ce5299ca15c4bc58bfd27498b887cfc8,1156120000,1,m.520gongsi.cn/*
ce82eedf3d61794c923aba429ca447cf,1156370200,8,wap.521gongsi.cn/*
ce896e75cd181c645e4dae142142521a,1156370700,1,vip.ciprun.com/*
cf78dd6d4e85d2386970334c262c10ac,1156330600,10,www.cddgg.com/*
cfe100d459998bc47b14babdd53c73f6,1156371300,24,m.520gongsi.cn/*
d0092037c38d8074d61e28e130295894,1156370900,3,m.hongfund.com/*
d1ccc870730e2400f05bcc682a9b7b2f,1156371300,1,m.hongfund.com/*
d265cb4ca9c2f95fddd93506d6a63a00,1156370200,31,m.520gongsi.cn/*
d35a96302596ea032f83158e83d25a1c,1156310000,23,m.520gongsi.cn/*
d3bf1404c8675e4a606e10f090557214,1156371100,1,m.ezcezc.com/*
d410f264f47b4a230ddd7a7e51e49d1f,1156370600,21,vip.ciprun.com/*
d549dc9c2926399cfe5c0dbff056439b,1156320500,30,wap.521gongsi.cn/*
d5debb858013fe1328672ab6062c85e3,1156370100,4,www.cddgg.com/*
d61673940e8934744a63d07041c1f3f7,1156120000,111,www.huacai.com.cn/*
d628eb5e53a5342f91ee1455e85dec3a,1156370200,12,www.cddgg.com/*
d6436362c335d80284c689fbed696514,1156370700,1,www.cddgg.com/*
d673d22a4e1bde26d1a4549b3b1607ce,1156370800,1,www.huacai.com.cn/*
d679e6293a0d12ac68050e8cf6075648,1156371500,4,m.hongfund.com/*
d68ded70082efcc013c5e1e7ed04356e,1156371400,1,m.hongfund.com/*
d7f1c275ae540669ea34f81f2cddadb9,1156500000,9,www.cddgg.com/*
d9b059733630d5652e8f1287ca8249d7,1156320200,1,jn.520gongsi.cn/*
d9c6e727478dde62ac9648a3829f002e,1156370500,6,www.cddgg.com/*
dbf2921503385cf854f6ddb2907927ec,1156370700,24,m.520gongsi.cn/*
dccdf618811dabac1cc877e675221844,1156341300,5,www.cddgg.com/*
dcdafb0e3fefe1b74914b038ef203ce4,1156340100,6,m.520gongsi.cn/*
dd306e578f53475c65559b3cd7b1cf1d,1156370400,1,www.cddgg.com/*
dd7fbda42dd8a3e78229154f77b0aaad,1156310000,3,www.cddgg.com/*
de75aebfd09dd0f4223c2bba85369b97,1156420100,5,www.4000041010.cn/wap/index/*
dec4a937f4738d6892d2f08681164a78,1156520400,1,www.cddgg.com/*
deeec41ea1b5d87937eedfa19eb81dda,1156340100,7,www.huazhengcaiwu.com/*
df45752e3d007c0866c5b5bae2b32390,1156130100,4,m.520gongsi.cn/*
e049332a2883f592a37c9bac4655f281,1156130100,1,m.hongfund.com/*
e05ffdd944f599a3946d36b4085e7980,1156370100,44,www.cddgg.com/*
e0a4277ab2a7ab57911add7a44133f06,1156310000,1,m.520gongsi.cn/*
e0d4ac11f6c4cd1534b445e298c336fc,1156370200,1,www.huacai.com.cn/*
e0eabc0326513e1fce7f5179c83f782f,1156310000,1,m.hongfund.com/*
e129f52027b285847f789f23a1467269,1156320900,1,m.hongfund.com/*
e2050b905f7fc40149dd75d1f86b6e7d,1156371100,4,www.cddgg.com/*
e2245d795c59c34ec06b2b300c207f32,1156310000,90,www.77china.org.cn/*
e22a1b16d392bff7f80aa1be6cea2b11,1156320100,11,www.huazhengcaiwu.com/*
e240887840a65ba3b28ebcaf5e8f908a,1156650100,3,www.cddgg.com/*
e26c6063faae5d111714cf517571a126,1156321200,2,www.cddgg.com/*
e2a54206ee04f33b59deea1dce263e45,1156370800,7,tg27.rjcaiwu.cn/m/*
e3360746b1ea5b748a3674fdbbe3a305,1156320600,16,www.12366.com
e33830a4cc3097e8f884e57f13c6e746,1156370100,10,www.cddgg.com/*
e36bccdf67bfa53d0ddf8c25dbd96f14,1156370700,14,www.cddgg.com/*
e39e43545a599c596a42d3e5e4923ead,1156310000,90,m.51qiqiying.com/*
e3a5d6870e8c47cd88c90a778eff0ebf,1156120000,1,m.hongfund.com/*
e3ae45cd2129a66d59178609a5fc94b3,1156320100,2,www.cddgg.com/*
e3c2cd315457890eef7a8f04bb9ce651,1156370200,1,www.cddgg.com/*
e3ce87a2653cdbfea8cef33eb642ca5a,1156371000,1,www.huazhengcaiwu.com/*
e3e700a79f18bc1cb5e244688c545b3f,1156360200,1,m.hongfund.com/*
e44e38aa2fcbe025d453ec5db3ac9fe1,1156371100,4,www.cddgg.com/*
e491e8e6438c81b91d61d8dbdd47b654,1156370100,1,m.51zkj.cn/*
e5d3ff170ee6c03ea3fa7f7a2ac25c1f,1156370100,20,m.jshy.com/*
e6fe6fb6eb32f7720846d07a7c4cd7bc,1156120000,49,jn.520gongsi.cn/*
e7774d2ab49c0040a0af2248f3424ca6,1156310000,24,jn.520gongsi.cn/*
e84a1609a814e36a297ebab2e14f0605,1156370100,7,www.cddgg.com/*
e87061b2c92e09c3dd8c689384471c07,1156321300,1,qishunbao.com/mobile.php*
e8feb2c4b83548d9b2625d6ef152655d,1156310000,1,m.izhuce.com/m/*
e90bf71bca86eb98bd208897decdd5b1,1156371100,22,m.520gongsi.cn/*
ea3c48a38a1f2b0f5361704a53498f0a,1156370900,1,m.ezcezc.com/*
eb75c45d01352d32b1d9aed1a1f52449,1156320900,2,www.cddgg.com/*
eb7b97b9cfbc5cc26497175b96b2a3a2,1156131100,3,m.520gongsi.cn/*
ebd52ec03775cefbebd55932efd77fbb,1156321200,33,njm.yishuiwu.com.cn/*
ebfe833d246a8d701fb66f3c7de0c523,1156310000,24,www.htzhuce.com/*
ed0187f30b682685d140a4eae1bfd7c7,1156310000,10,www.cddgg.com/*
edcb39b39abab35eccd4409685bb97c3,1156420100,2,m.ezcezc.com/*
ef963d5f9bea456cf1867b6bb2312193,1156371100,14,www.huazhengcaiwu.com/*
f0116b6154ff9ff9179feb2642048243,1156410100,4,www.cddgg.com/*
f06107f3b479ddae95c1c6c3bf710b01,1156310000,30,www.cddgg.com/*
f07585c96ff967f1ac034296d72def6b,1156522600,2,www.cddgg.com/*
f11adcc1af28c25de5ed0e5617b81bc9,1156321000,59,www.jjcszc.com/m/*
f27a0f91c150df70c99389d2f4ccb448,1156310000,2,m.tie6.net/*
f334e856e4d2bef1517036e228fa98b4,1156310000,1,m.hongfund.com/*
f33a67f8bd30df7314fdf82469c3d4fa,1156370400,5,m.jshy.com/*
f3c57adc69326475f38b687238f940bb,1156370700,20,jn.520gongsi.cn/*
f50f428885d6191391c721ad9fa2c00d,1156340200,4,www.cddgg.com/*
f61f2ac643cfdb935f1aec3a856b08de,1156371000,24,m.520gongsi.cn/*
f6cf2b511b498212064517a875e4589d,1156370100,1,m.hongfund.com/*
f74599b08332d74ef655c5f8faa87ca0,1156370300,1,jn.520gongsi.cn/*
f83642b87321ce5926f9cd3b68083efc,1156310000,7,www.cddgg.com/*
f8a402daa136ce1eed208a31892205aa,1156310000,1,www.huzhou-chuangye.com/*
f9610f6f2fdd7ce17958dba9faac5b2e,1156371300,5,m.520gongsi.cn/*
fb6be8fca2dcaaae5f56cdef21b01db4,1156370600,1,www.huacai.com.cn/*
fb96c96daf4ec7b1ef47f9724ddc6aba,1156371400,17,www.cddgg.com/*
fbcdd6d7a46af003da4aa37495c7eabb,1156370200,21,m.jshy.com/*
fbd2b4733d5c63e5fca6a3e67bdebdef,1156341300,3,m.jshy.com/*
fc4c0346494fa5adf0370b730b5251a0,1156310000,2,www.cddgg.com/*
fc5437d29b4dd3dbbf3a6f88f17b8c13,1156370700,8,m.520gongsi.cn/*
fcadea51d62a4a059f02bd6b27ab2c0e,1156310000,5,www.77china.org.cn/*
fcb9236fed7f49dc05069379e5985d09,1156370200,1,m.jshy.com/*
fd31a3725a4f6e35334e1a27b4cfe88f,1156320100,9,m.hongfund.com/*
fd35da7783e09e361145bb4a95b99719,1156310000,17,www.cddgg.com/*
fda03ae238c568844a112f9e81b53eb1,1156320100,5,www.cddgg.com/*
ff44220ed302b44e0b322296a11f517f,1156430100,1,www.cddgg.com/*
ff4667f978ab14b5476055e14700b9d0,1156120000,28,www.htzhuce.com/*
ff9635c2e6543a06f81f2801b880a562,1156120000,1,www.77china.org.cn/*
ffd134ad09a3f1d1fd68ac5de25f0343,1156370500,29,m.ezcezc.com/*
