0020f9d0a735188c35d160d67f70cd9c,1156510100,1,m.mzhujia.com/*
06cb6673d704fb4add96731bbf47542b,1156120000,4,m.to8to.com/*
06ec07fa79938b3d707afc1b67593790,1156120000,1,m.jia.com/tianjin/*
08aa39135b11400944c71e72bf49afd7,1156120000,1,m.to8to.com/*
0f949460c7d9acd0032fb6d6c060df48,1156120000,1,m.to8to.com/*
194c85ca858fdea624407d490a963182,1156120000,1,m.to8to.com/*
1f14a3c8961aa43982e8027b18348c54,1156120000,24,m.yz-china.com/*
2766b0269fd7adbbc9f8becabad48ad3,1156411600,1,m.to8to.com/*
295b9689ed77e1b17ef829c6364477a8,1156120000,2,m.shj.cn/*
295b9689ed77e1b17ef829c6364477a8,1156120000,2,m.qizuang.com/tj/*
2da5dbc9c32c676fd99bb3c5e578db68,1156120000,1,m.zhuangku.com/tj/*
2e9e0a5922e91436e2e4d2cba642cb08,1156410100,2,m.to8to.com/*
2fc672753524878158b60cac11dcb17d,1156120000,1,m.mjia.cc/*
32b3a7febf475bd1b12890913c96a165,1156110000,1,m.to8to.com/*
3429791e81042d75cb62c3f86550cec6,1156120000,1,m.to8to.com/*
34be210b97ed59a9f4b8ef927887c645,1156120000,3,m.shj.cn/*
37da9070186ca68dcdb844a51e1b801c,1156120000,1,m.to8to.com/*
38affc904601f9604ec69fd0562cd308,1156420100,4,m.to8to.com/*
3a27b2e5b6431dcfed21a621f787dc0f,1156120000,1,m.to8to.com/*
3a4643e94d96024b4a1a543e9fab6a60,1156120000,1,m.shj.cn/*
3cdea8d1b3812d4b087db696fe29a0b7,1156120000,1,m.to8to.com/*
43ebbb0aa6a3767d75f09342dd3fbef4,1156120000,5,m.mjia.cc/*
45aefd0dbb634b2561e7bb7a4c03fd16,1156120000,2,m.shj.cn/*
4c8678f0e1c1228d0dec8417fa3b07ad,1156131000,1,m.mjia.cc/*
4d63a6f705bcd5c0242eb1833d7a976b,1156120000,1,m.to8to.com/*
564912ca0b8655bb0fbf1f94396cf4f3,1156120000,1,m.jia.com/tianjin/*
5b78efac234605090c63f403eb663c77,1156110000,14,m.jtljia.com/
5cea95deb678bdb2ac14e133e1214865,1156120000,1,m.shj.cn/*
6755071bc502473960aeb37216b9f6b1,1156110000,2,m.to8to.com/*
687f0ac03a88e21baa6379cf936a1cf6,1156120000,1,m.shj.cn/*
6bc61b795403f93029aecc9d8f2759bd,1156120000,2,m.shj.cn/*
6ed5be1ff2661247c91697aad07c8be1,1156110000,12,www.longfa.com/index.php*
730dd6cc661d60c22388d4e518337af3,1156120000,1,m.to8to.com/*
762fcfd2479e8e04aa95764e54d51bcc,1156120000,18,m.tj.shangceng.com.cn/*
77a7cfd4a8ac4474323a82558062180d,1156120000,1,m.to8to.com/*
78373570c8f2f7121ad0333d5c28911e,1156120000,17,m.mzhujia.com/*
7e106d16f00f387e4af04b860494aba0,1156120000,1,m.to8to.com/*
842aea67509ee3aa7e38e40973bbdf1c,1156220700,2,m.shj.cn/*
846d8ea1cab56ba2d7236ed53700dca2,1156110000,25,m.shj.cn/*
8595938a114df9cceb5def91bdcb2014,1156120000,1,m.to8to.com/*
8649891962ddc641043ecb1be40057ce,1156120000,1,m.yz-china.com/*
8c4b2674022638cce46b95641a36def6,1156120000,1,m.mjia.cc/*
8d9de68cd3e965edeb2ffbd383f6287a,1156220500,21,m.yz-china.com/*
8ee17c8772d82597ba2d92af8967b7a8,1156120000,6,m.shj.cn/*
8ee17c8772d82597ba2d92af8967b7a8,1156120000,1,m.nb.17house.com/zhuanti/tianjin/*
8f3aad2fae1194b3fec102e3f7634f23,1156120000,144,www.tjjzzs.com/*
94cdac7fb8db5199f97df9a345b75dc9,1156120000,3,m.shj.cn/*
97b96a5d4cbbe7b990dc570c09bc20e1,1156120000,5,m.zhuangku.com/tj/*
98c657ba4ee8afea69bb919f42dbef55,1156120000,1,m.to8to.com/*
9ac46f5bf3e6440a65d2da7005897aba,1156110000,1,m.nb.17house.com/zhuanti/tianjin/*
9b06211b766ddb216d5e77f9843cbf9a,1156120000,1,m.to8to.com/*
9e6ebfc4e16d144b613818f5f6f224e3,1156120000,1,m.to8to.com/*
a06806e26a9c263247a15ab164c771be,1156120000,1,m.to8to.com/*
a35669c6774ca37a0e1fba294222e838,1156120000,1,m.nb.17house.com/zhuanti/tianjin/*
ac884b2cc48564265fe5334b6395f6ce,1156120000,2,m.to8to.com/*
ad2aaf20854175a471f520b8e86194e6,1156120000,1,m.to8to.com/*
ae932252931529b7e2e17110fcd04654,1156120000,1,m.to8to.com/*
af56cc97514b0dc008939cde681e7e59,1156120000,3,m.shj.cn/*
afa0a9ab461c7dc4ccc66b03f83fa11f,1156130700,2,m.to8to.com/*
afe050a1aea961fc626206db57defd23,1156130900,22,m.yz-china.com/*
b31b8dcad967941e3ebb16e33c5dbaf6,1156120000,1,m.to8to.com/*
b3b2e1bf6bc74e228ca64ccc7621fd33,1156510800,31,m.yz-china.com/*
b598e6f8bd2fdf5b9951568d1805ea91,1156120000,1,m.tj.shangceng.com.cn/*
b9c027016715e575747705c7b314230c,1156120000,1,m.to8to.com/*
bbea29eb70b8e398e2d2ac58ad44be8b,1156330400,2,m.to8to.com/*
c1d0290a447c85476a70f55f9cefadaa,1156120000,1,m.to8to.com/*
c3e3c46dfdbb5192cec7f1041ef66b62,1156120000,1,m.zhuangku.com/tj/*
c3e3c46dfdbb5192cec7f1041ef66b62,1156120000,3,m.qizuang.com/tj/*
c8aaaafc759ad0c258d8ff13f47d6391,1156120000,1,m.to8to.com/*
cc53475d128eb5b1539181650a5bffc8,1156330300,1,m.to8to.com/*
cd2d173562288721990c6e5891b4a03a,1156120000,1,m.to8to.com/*
d0b3f36dbb791c721fa644360fc33bd2,1156120000,1,m.sp.17house.com/ac/tianjin/*
d246f96800a615ec0e91e2a54f718ff7,1156120000,3,m.shj.cn/*
d6471eac9d2d27558f9a2f2631125ace,1156210800,2,m.to8to.com/*
d78166f36b9c23a52b7b9ae4c2f4057b,1156120000,1,m.to8to.com/*
d8097cc0f720dd4ae16254d31a2bb0f1,1156120000,1,m.to8to.com/*
d900612101371ac280e1168e4e48f085,1156110000,1,m.sp.17house.com/ac/tianjin/*
db2fa9217f11a1d8124df2aecbc0558f,1156120000,1,m.shj.cn/*
dd3011136b5f6c252c61547685526e34,1156370500,1,m.ikongjian.com/tj/*
de64dacc663874b228da7034680e8dcf,1156120000,2,m.shj.cn/*
dffcca4212269d0dc63ac73907e9850b,1156130200,1,m.to8to.com/*
e05c4e8699b53e051a03a167cb284bad,1156120000,2,m.tj.shangceng.com.cn/*
e4cc342d7a46cc82b1f1585562ba9a97,1156120000,1,m.yz-china.com/*
e59b40c35bf37f75087a8e54c9fc62a8,1156120000,1,m.shj.cn/*
ea6738c83a5b98da7dcb7a18fc7e1657,1156330100,2,m.to8to.com/*
f04a041cec7ac665f7f59bcd7fa9ee05,1156120000,20,m.tj.shangceng.com.cn/*
f47f962dd13197421b175483bfcf22f8,1156120000,4,m.zhuangku.com/tj/*
f4c8e7365b04f9563384e98e79c0babd,1156120000,1,m.to8to.com/*
f945d57d5289468b68f4ae87af831f94,1156130300,2,m.to8to.com/*
fbf9af5b2cf9dbc8327b78159e00c7c6,1156120000,3,m.shj.cn/*
fd58d4373ede83e130e5b2c684541bbe,1156120000,1,m.jia.com/tianjin/*
fddf8d901d88b1c3462185e509823c0c,1156120000,1,m.zhuangku.com/tj/*
