003d53082a20adc7b1fe8393d71e80e4,1156120000,1,m.jia.com/*
00607d427399770d284c2b1e290cdc19,1156411300,1,m.jia.com/*
006f9178f9af36011f06b1f8c2e732af,1156120000,6,m.jia.com/*
00bed9addb0692f8fb67fbaba9a91793,1156120000,1,m.zhuangyi.com/*
031a17924fb82568525e346e41511585,1156440300,68,m.jia.com/*
039d22214e321807b3af2172dc40d6a5,1156120000,12,m.jia.com/*
04a54c732d79377dac599a93b8e7e9fa,1156120000,2,m.jia.com/*
05b83cf68fdda784ceee070d298c35c8,1156232700,4,m.jia.com/*
05b856ef8f8e7ef5e273deb9d9a98399,1156120000,5,m.jia.com/*
0662962cb1da0aa7126cd02d196a8b93,1156120000,1,m.jia.com/*
06c7650f5a5b3e96744d11ce7ace7188,1156120000,4,m.jia.com/*
06cb6673d704fb4add96731bbf47542b,1156120000,4,m.to8to.com/*
06e8c47d06f13875dcdd8f36bb1d017c,1156120000,1,m.jia.com/*
06ec07fa79938b3d707afc1b67593790,1156120000,69,m.jia.com/*
0749f13702d6c29e70c6af6dc6e93288,1156120000,2,m.jia.com/*
078b245c784905246b9eaff1b99305ab,1156150800,4,m.jia.com/*
078b245c784905246b9eaff1b99305ab,1156150800,10,m.zx123.cn/*
08aa39135b11400944c71e72bf49afd7,1156120000,1,m.to8to.com/*
09c5de97efbb1f8e9c6432726d77287b,1156120000,3,m.jia.com/*
0a3f98bebad22f2f71e3f291f61122f5,1156120000,3,m.jia.com/*
0ab2f74962969302c22b7478680b93a0,1156120000,3,m.jia.com/*
0aeb7bbb7786f2d16398ff4d24a21603,1156120000,1,m.jia.com/*
0ca6a8cc04c655db62eee3ceeae9d1d6,1156120000,4,m.jia.com/*
0d613ce9fac98d60549e86f1c6b3f54a,1156131100,2,m.jia.com/*
0d8ccd414290c5f2a05c63dbaff3cacc,1156330400,4,m.jia.com/*
0e03c55983ce851c4fe30896a317134b,1156120000,2,m.jia.com/*
0e9d77176c6db281fafdad3dd5713a03,1156120000,56,m.jia.com/*
0ec91bbe779d85f23b081ca726fb8465,1156210200,12,m.zx123.cn/*
0f11373348d66fbc9d7c36bb1a25f7c4,1156120000,1,m.meilele.com/*
0f58187a6fe3f4c057cd687ab754b248,1156211400,3,m.jia.com/*
0f8e9511b3e3e4cc59d400305a56bc6a,1156430100,1,m.jia.com/*
0f949460c7d9acd0032fb6d6c060df48,1156120000,1,m.to8to.com/*
0fa263a23dfc93c9a5ac0b51d21a50f1,1156120000,25,m.jia.com/*
0fbf1f4869202da4745c9bf0124e1c5b,1156120000,2,m.jia.com/*
104c549a0e4c60a23600f9dcb24a5146,1156120000,1,m.jia.com/*
1064505811d65df89ad2a31c414a6127,1156120000,4,m.jia.com/*
10885db7c77ba97c0dd241611c210f3b,1156120000,1,m.meilele.com/*
11647700b2282d4f3ee042ba279a863b,1156130600,1,m.ikongjian.com/*
11b692b6d6fed00e7914c0fd546edb7e,1156130100,2,m.zx123.cn/*
11d07ea385355ed576fa291e491d7e57,1156130900,1,m.jia.com/*
122a48da2add23a6916c6f02f323fa70,1156120000,2,m.jia.com/*
12802f0234f651881ebcc141885275b2,1156120000,3,m.jia.com/*
12be354952aa3678a5f94c75969d7c1e,1156231100,4,m.jia.com/*
134f54f2d019b065d57750570a088613,1156120000,14,m.meilele.com/*
140a6a6c0d73872af7fc2e1698846b33,1156120000,1,m.jia.com/*
142d3d6b5980a4c7631bf907623fe8a3,1156420100,3,m.jia.com/*
1458be53aff9d2beac124ba3fe8ead20,1156120000,11,m.meilele.com/*
146a6f82b35baf622036ee96bf97b4a4,1156120000,2,m.jia.com/*
1591d10bef656561d67a0a3e2abe51e1,1156120000,1,m.jia.com/*
15f6c559cb446b7b3439843379061613,1156120000,13,m.jia.com/*
168a994c8067761d27c11e882282cde6,1156120000,1,m.jia.com/*
169b6ffa8407a6aabd9c920bd0c6c905,1156211300,22,m.jia.com/*
17b83deeeabd6058ef347419558bb55f,1156330300,6,m.jia.com/*
17ddfb92ce71216b8bac8c849b1cc967,1156120000,1,m.jia.com/*
187218de71ebec7cf59f1b78eccbaa75,1156220100,21,m.jia.com/*
194c85ca858fdea624407d490a963182,1156120000,1,m.to8to.com/*
19531f6f7f83282be369d2dd878b7022,1156110000,22,m.meilele.com/*
1984a7fb9bd328f279f98fdc0a921141,1156330400,4,m.jia.com/*
1a8c7fed66b30c7a9300f94734e70c0c,1156610700,1,m.jia.com/*
1adde165e6874d844f36e4b477ad91f6,1156330100,2,m.jia.com/*
1ae33bde6314f5f9dd4bf7302a1f9217,1156130900,1,m.meilele.com/*
1b2fea94fa9694555505473584bf5aea,1156120000,10,m.jia.com/*
1b7846dc0f9adb1f1ab96e6b970b4a5f,1156120000,4,m.jia.com/*
1bbb77245c2f7ce8fef9e9d3b2f1b155,1156120000,4,m.jia.com/*
1cc4b1f0e0a013601a968c5bd7cf6215,1156120000,4,m.jia.com/*
1d62a799a741324c5fcfe35dcd0a1eb6,1156120000,2,m.jia.com/*
1d78f7182278802313268e5f48a8c3d3,1156110000,1,m.jia.com/*
1d7fc980a2d2afd65bfeeb4d2199d884,1156120000,1,m.meilele.com/*
1deee29bd74ce0ca583c931c6559e49b,1156120000,3,m.jia.com/*
1df7d48b60bbf7099af1690faa5966b1,1156610400,6,m.jia.com/*
1e8a8dc2fc2b9003d11295d412c70788,1156120000,9,m.jia.com/*
1efad93392d5c7939298139def09af0b,1156120000,2,m.jia.com/*
1f1f1371e7cad6158e5835f72be603a3,1156120000,2,m.jia.com/*
2006e725122cc27a9e4731b0c45b1dfd,1156130200,2,m.jia.com/*
208b8afc7064717390b6d018be36d56d,1156120000,2,m.meilele.com/*
214dc920447bd3cfc12c37b8d47c1f7b,1156120000,1,m.jia.com/*
218644684da1d75cb8d0212de3fa5514,1156441300,1,m.jia.com/*
2268cee4ca7294261b8f93dcf445f96f,1156120000,1,m.jia.com/*
22b4c5cac6a07b2ecd9d13ee7ac54f63,1156120000,2,m.jia.com/*
22beb8cffb18289749eb3c2073d23a44,1156340300,2,m.zhuangyi.com/*
2310df78ba7849fe5e56b3fe03786549,1156411300,12,m.jia.com/*
237ff54f53d5c47a1317882004d589c9,1156110000,2,m.jia.com/*
23a0c0e4967b67a68dc61e32575e7d7c,1156120000,1,m.jia.com/*
240466564e6f8c101670f3fab1fb0445,1156120000,7,m.jia.com/*
248e225b21f39015d0e3f4453508d095,1156120000,3,m.zhuangyi.com/*
25973b19105473bb8c0e4667bb3665a0,1156120000,39,m.jia.com/*
25d9c6403535b6f64e36439ea6a862a3,1156120000,1,m.zhuangyi.com/*
2637db52642fcdee84fa9d4362f5feff,1156120000,9,m.jia.com/*
265533222d54c726acce2d9f2898cef3,1156130500,4,m.meilele.com/*
265be2dcc08f5370959959b51845b059,1156120000,1,m.zhuangyi.com/*
26955ace381782fef91dfedad2675897,1156130200,5,m.jia.com/*
26a9d525b23370c6fa2d8e075a010817,1156120000,2,m.jia.com/*
271f7af2fbf4ecdd81b8f9cc339dfd15,1156120000,3,m.jia.com/*
2766b0269fd7adbbc9f8becabad48ad3,1156411600,1,m.to8to.com/*
2792ef38da5370b0fcd70ee3738298de,1156130400,19,m.jia.com/*
27bb4104e7a1b09acfab226e75870dd3,1156120000,8,m.jia.com/*
284586014691266df4782710977aa606,1156120000,1,m.meilele.com/*
2845d224673b936a4cf760c7a0c16102,1156410100,13,m.jia.com/*
28464f218310e39661233a6c86b729e1,1156120000,8,m.jia.com/*
28658d43db60f3bd7ef64ef0ae11e746,1156120000,1,m.jia.com/*
295b9689ed77e1b17ef829c6364477a8,1156120000,2,m.shj.cn/*
298fe162c7c57e5c250c0b1ebe8244c2,1156120000,3,m.jia.com/*
29d52e2f9ab60e4ea6d8ddc83b2647e5,1156120000,8,m.jia.com/*
2a25b899addc74813c98272491dbd2f2,1156120000,12,m.jia.com/*
2a2e1e2cf4632c6e569fb8c421c6ddd2,1156120000,4,m.jia.com/*
2a3bd9ab90b0cfd7c99333f23cf9ae1a,1156120000,8,m.jia.com/*
2ab28c998fe164851a7164b8932fed17,1156120000,11,m.meilele.com/*
2bbb3b4f1c5cf0d913d6f25073e46886,1156120000,10,m.jia.com/*
2c0ce50afc5716c10ee39d5a5ff18cbd,1156120000,4,m.jia.com/*
2c2994016b23fb9fa691a5751f0cc2b8,1156310000,23,m.meilele.com/*
2c90f4c8b7e286ed85faa3efd538fec2,1156340300,6,m.jia.com/*
2d156a7cee1c9a9ea1cb490363cd4c58,1156120000,1,m.jia.com/*
2e0c2c32941d1b9973eb833f615690c1,1156120000,4,m.jia.com/*
2e20069b2c8373539061b9ee03909495,1156120000,4,m.meilele.com/*
2e7595dff1e627419195bd6fa510d9ec,1156120000,6,m.jia.com/*
2e9e0a5922e91436e2e4d2cba642cb08,1156410100,2,m.to8to.com/*
2edcaeb5cc32204a448a48c4bf34b31e,1156120000,9,m.jia.com/*
30358b2ed3c87993273e0970e76ae6d4,1156120000,3,m.jia.com/*
3103c43bfb9723ad97d71645ab10e8ea,1156430100,1,m.jia.com/*
310420eaaaa996ab3dba3819d8fd59e6,1156120000,3,m.jia.com/*
3113bb91aeed3b31de813564c486d443,1156130100,3,m.jia.com/*
320c38b8e2b509b1d77910dc4da7d2a6,1156120000,2,m.jia.com/*
3215db950e36463f1a11d2f3fb8ed771,1156330500,10,m.jia.com/*
3246f1134d7cefee02216a6b249262be,1156120000,1,m.jia.com/*
32b3a7febf475bd1b12890913c96a165,1156110000,1,m.to8to.com/*
332db12a1971d2d50dcebc509ad3d87f,1156120000,3,m.jia.com/*
3429791e81042d75cb62c3f86550cec6,1156120000,1,m.to8to.com/*
346cea5b22c1b244e15d352164581b7c,1156120000,1,m.jia.com/*
349cb4010b03702564ffc3214a12ee25,1156120000,1,m.jia.com/*
34b2e75fa2463e53629fe44c3850e55d,1156120000,4,m.meilele.com/*
34bd2529d3d5b9ece3926289f9e1f503,1156130400,1,m.meilele.com/*
34be210b97ed59a9f4b8ef927887c645,1156120000,3,m.shj.cn/*
3514a3345b1156a98ab2a13288ac694c,1156120000,1,m.meilele.com/*
351e7096ffc924ecd1c47d63f2578d95,1156120000,2,m.zhuangyi.com/*
3638ccc9f093fa5c71a9dd5e06254660,1156130300,3,m.jia.com/*
363cf4d4311f102be953af74360e77d8,1156120000,9,m.jia.com/*
368e9bb02d2e141e0e34e1718f4f7150,1156120000,7,m.jia.com/*
36ad358e119887bed85d5a91e448519a,1156120000,1,m.meilele.com/*
379f222d1f8c4331b3a293e81d72cafc,1156120000,2,m.jia.com/*
37aa7ab67e963647303d9df278945017,1156120000,1,m.jia.com/*
37ca04ef606b25ddf06ae3e3837017a2,1156120000,2,m.jia.com/*
37da9070186ca68dcdb844a51e1b801c,1156120000,1,m.to8to.com/*
37f06593c9b10fbf1c4143ed613d7ce7,1156120000,1,m.jia.com/*
38af930a4104adf15107da51ebbbf157,1156120000,2,m.jia.com/*
38affc904601f9604ec69fd0562cd308,1156420100,4,m.to8to.com/*
3970f322584426de18a534f6099fdac0,1156220500,1,m.jia.com/*
39dd8d2c429cff2ca7cb6485609b42a0,1156120000,1,m.jia.com/*
3a0cbde3ff85a3a4b3154f0e982c83c7,1156120000,3,m.zx123.cn/*
3a27b2e5b6431dcfed21a621f787dc0f,1156120000,1,m.to8to.com/*
3a4643e94d96024b4a1a543e9fab6a60,1156120000,1,m.shj.cn/*
3a8aa78791636e95d678bffc51fa538d,1156120000,2,m.jia.com/*
3b723dc6a3f07d2d5354fa1d6c9bf055,1156120000,1,m.jia.com/*
3b996a938755a303ba3b35ef693324d0,1156120000,291,m.meilele.com/*
3c0a7d7b94b27b14bf8d1ad415873472,1156120000,12,m.meilele.com/*
3cdea8d1b3812d4b087db696fe29a0b7,1156120000,1,m.to8to.com/*
3d3779e7df68422f951b00694444424f,1156110000,3,m.jia.com/*
3d667e269a11ec867cb971450c1ff31f,1156120000,11,m.jia.com/*
3e4b69ea0a604a4f0c9e1b696ae5e56b,1156120000,1,m.jia.com/*
3e95cc56888faa86e53f52315e8e4065,1156120000,1,m.ikongjian.com/*
3ec7b9beba4cc4b9a29a207421ae1ff6,1156120000,1,m.jia.com/*
3ee3eaca6ab526af1ec9a58cdbf7a84d,1156120000,12,m.jia.com/*
3ef6510d7ab3466ceb78be93d17609f2,1156310000,2,m.jia.com/*
3f0ca6571edd9d189626f3ce2ae735be,1156120000,1,m.jia.com/*
3f3bed4a6f624a21464a667f197ea43b,1156120000,1,m.jia.com/*
3f7601007534e51e89ed687ad0cc9fb0,1156120000,1,m.jia.com/*
3fb9ff6b978fbe58a76fc11276040cd3,1156120000,3,m.jia.com/*
3ffd44411c4ad2cbe258c2848f62a134,1156120000,2,m.jia.com/*
4084d1f059f70c88e8ffd9044fedde0f,1156120000,4,m.jia.com/*
40c7a9bda3cdd912980d47892f84dddc,1156120000,1,m.jia.com/*
411a31cb06ee7a7710bc1a6657231833,1156120000,1,m.jia.com/*
42926d886b43f3535e9abacfff6214c1,1156130200,3,m.jia.com/*
42b33d9eccf5f5b2adc603e933ab350b,1156130300,1,m.jia.com/*
445d8d57b1799504a6c514a4e0fabf1c,1156120000,3,m.jia.com/*
448003810243db6b6b5eff5fc5ae9ded,1156120000,3,m.jia.com/*
44d0c278c3f78e7d4e6a8ac9a909e8d0,1156120000,3,m.jia.com/*
4559ac2fb9d842573e80f8b78339f2da,1156120000,2,m.zhuangyi.com/*
4560558cfcf0d366aee266c43bc62b46,1156120000,6,m.jia.com/*
45a440fe27b118482709fd921d1fcc2a,1156120000,2,m.jia.com/*
45a440fe27b118482709fd921d1fcc2a,1156120000,11,m.zx123.cn/*
45aefd0dbb634b2561e7bb7a4c03fd16,1156120000,2,m.shj.cn/*
462719558c26f67039b669a3b1d2d732,1156120000,3,m.jia.com/*
462bc225dfc76e58625fa56227c688ee,1156130900,11,m.jia.com/*
469220e685b33619ab7ac13a510f13c0,1156120000,3,m.jia.com/*
47a7f9f0c6764664d52eb3ab31302a55,1156120000,1,m.jia.com/*
48174d4fce521b910f9918c32a7844a0,1156442000,5,m.jia.com/*
4937e1755344cedc5deed62c1f5898ad,1156120000,3,m.jia.com/*
495e78ce568de75ba791d73807b591e7,1156140800,5,m.jia.com/*
4a8b26ff05fb7adf086c65d7d0d7f66c,1156120000,2,m.jia.com/*
4aac23a2392ecb9aa9fec5b5ecbff47d,1156120000,3,m.jia.com/*
4c663b19a2c4eb4073e428166f886846,1156120000,6,m.zx123.cn/*
4cb3c7c02581da506f3870d35fcf290f,1156120000,8,m.meilele.com/*
4d63a6f705bcd5c0242eb1833d7a976b,1156120000,1,m.to8to.com/*
4dfc7dddf12004be141deac29b3aebde,1156330100,6,m.jia.com/*
4e392addf9892c04cc8a73d722943383,1156120000,2,m.zhuangyi.com/*
4eb1566a2fdfbed83087450528f4cb8b,1156110000,1,m.jia.com/*
4ede83be2ab846eae12ee4d997ed04f9,1156120000,4,m.jia.com/*
4f1686613614c50a71b0199b80f4be80,1156120000,1,m.jia.com/*
4f9dcfbfcd28a6f8a5bdded7f284420b,1156120000,1,m.jia.com/*
4fc56d676eaeebd7ddd141fbd6b4d087,1156120000,1,m.jia.com/*
4ff7c8d371bce13f9de428db9aa487e1,1156120000,3,m.jia.com/*
502469aaa6db1271756dfb5dcf943190,1156120000,2,m.jia.com/*
50a5ed79a8ccab9fe0782ea2e5d09a4a,1156110000,61,m.jia.com/*
5225a6a4faba2a0595476ac67ce2a5c2,1156120000,3,m.jia.com/*
5225a6a4faba2a0595476ac67ce2a5c2,1156120000,13,m.zx123.cn/*
5397b19cf24d038c4721be1b5ad21ac1,1156120000,3,m.jia.com/*
53cd5f924378467c9f385b73efc88972,1156120000,1,m.jia.com/*
53ceaa99e48f60a304cf610a66e6a035,1156120000,2,m.zhuangyi.com/*
5509a2c181e58b46997946d4b7d79ed8,1156120000,42,m.ikongjian.com/*
5574b5517206e67393f6c40c0c72d7eb,1156120000,2,m.jia.com/*
559f4fb94e0758a34cf4cc92718c3a14,1156120000,2,m.zhuangyi.com/*
55a510eb080badfa1df56fcf73634816,1156120000,1,m.jia.com/*
55d7a53f3c28dfb00686a47541b49f2a,1156120000,1,m.jia.com/*
5648420ea5ae5616e733d80e41911c1c,1156120000,13,m.jia.com/*
564912ca0b8655bb0fbf1f94396cf4f3,1156120000,23,m.jia.com/*
58c6326c528ad8a14b750ab154acbf40,1156360200,7,m.jia.com/*
598295f3b1edc239c690faae0f394c8a,1156150500,1,m.meilele.com/*
5a216dc72cd98d8e8a75639b2c0e505a,1156120000,2,m.jia.com/*
5a42072c39638a780da97753bb106ad9,1156120000,10,m.meilele.com/*
5aac97a631bb797f74a93c315071d4af,1156120000,1,m.jia.com/*
5b3bcb340ff3ddebd7ed10c3a07439a6,1156410900,39,m.jia.com/*
5b45e29b9c2850267cb6bc65d3b53d39,1156120000,1,m.jia.com/*
5b5a94f9de881d725ebad6933fbe2eea,1156120000,2,m.jia.com/*
5c73f0b359715d8780da6e19478498ad,1156130900,6,m.jia.com/*
5cea95deb678bdb2ac14e133e1214865,1156120000,1,m.shj.cn/*
5f4cca113188b6cde5fdf38e7e2af6fc,1156120000,3,m.jia.com/*
5f9efbacbe764482cf077bda6dc74f7d,1156120000,9,m.jia.com/*
5fb4982ac040d665efb83e179b30db7b,1156120000,2,m.zx123.cn/*
60182543c54c160c14a89709c07b2211,1156120000,10,m.ikongjian.com/*
616ff657ee7c23fe0a33e710aca01127,1156120000,4,m.jia.com/*
619aed955cc207b0648e0b5ac6b91788,1156120000,4,m.jia.com/*
61d66bd13cad88af4669280acc60d018,1156120000,1,m.jia.com/*
625001e1c3366200d42d86b148dccbc1,1156130400,1,m.jia.com/*
628fe27da0869addfbad7140a1a03753,1156120000,2,m.zx123.cn/*
62da614e5462f431bd19dd6e7a5085cc,1156130200,2,m.jia.com/*
62f0bb12ad27d2b34d2fc1965bf442ef,1156371500,4,m.jia.com/*
6381870b15cef741ec34a8cb38ae4159,1156120000,1,m.jia.com/*
65f599939b13a221dc65509a73fec8ae,1156120000,1,m.jia.com/*
666f7437b29b8df21935e0a1f9bfef31,1156330900,5,m.jia.com/*
667c6686b9d777f9c65ab9a00fa34c57,1156120000,2,m.jia.com/*
66f75fa2c52c78772afddd964ee5d437,1156120000,2,m.jia.com/*
66fb5990e19be5acd6977c5f5a11af1a,1156120000,1,m.meilele.com/*
67358da69ed173c6ef808e7addf3a239,1156130200,2,m.jia.com/*
6738138fbefdb239b5765e42deddb485,1156120000,1,m.jia.com/*
6755071bc502473960aeb37216b9f6b1,1156110000,2,m.to8to.com/*
67a032a1741552339b9472e8b4b3a5b8,1156500000,2,m.jia.com/*
687f0ac03a88e21baa6379cf936a1cf6,1156120000,1,m.shj.cn/*
6885017b12f6ce878495d4b014440a54,1156110000,1,m.jia.com/*
69d8149d7606501fd0874c32dff8c026,1156120000,2,m.jia.com/*
69d90b65a58c9da4180b4d4903b55ea9,1156120000,2,m.jia.com/*
6a0971d7db7a98edcc0de807ea5fb5b2,1156120000,108,m.ikongjian.com/*
6a41898f3f129d6a277819c619fcb51d,1156120000,2,m.zx123.cn/*
6a85f58f0ef83468d7d01c42b40d1fa5,1156320500,4,m.jia.com/*
6ad306f107eb4682f6bbec4168dd382a,1156120000,10,m.jia.com/*
6aeb87f1d50f79eaae07e2b338df144c,1156430400,26,m.jia.com/*
6bc61b795403f93029aecc9d8f2759bd,1156120000,2,m.shj.cn/*
6bfc641685f52cd6d7a1e816df8b2da7,1156120000,15,m.meilele.com/*
6c0145e23d90f0f0a952c6c509081ff9,1156120000,33,m.ikongjian.com/*
6c31b6f2cea060e2aa3d79ad04e0f15e,1156110000,10,m.jia.com/*
6c494eb56dd52f0f04a1b6a18e416ed2,1156120000,2,m.jia.com/*
6c9fc615c4a8b01cd5301c4f28f6635a,1156120000,1,m.jia.com/*
6d69db2832c4527e4ebb7a24b7a81527,1156430100,539,m.meilele.com/*
6d6ee0dbb1436463792c7427792a3908,1156120000,2,m.jia.com/*
6df2331f4fd1b0f6808946d78ddcbe80,1156120000,1,m.jia.com/*
6e48b591454b745354a644f425ecc150,1156120000,3,m.jia.com/*
6edc7d6bcf7f159aff2e3e3c9d7be542,1156120000,8,m.jia.com/*
6f086b8c6b47e77f756bbf3afe3d5c79,1156120000,1,m.meilele.com/*
6f5985dca1b4e3e99072b3051835b3e4,1156120000,1,m.jia.com/*
70183ffd703231eb1b986ac8961f2ad3,1156120000,3,m.zx123.cn/*
70ab73cf3fb434035a5b608e707e9605,1156120000,1,m.jia.com/*
715f1060fbb339e91c532c7d352524b6,1156120000,13,m.meilele.com/*
7187a9c1cdf75f7d26f7ad4c427be9c4,1156120000,2,m.jia.com/*
71a609713e2f1b7cef5b95696199b9b2,1156120000,3,m.jia.com/*
72525698ca187836a78ab34929812f80,1156120000,1,m.jia.com/*
73083c81c3ca0f64dce7ca31ce601d13,1156510700,27,m.jia.com/*
730dd6cc661d60c22388d4e518337af3,1156120000,1,m.to8to.com/*
73dd2a2458c004ee4440a4133664c198,1156120000,1,m.jia.com/*
741ebba104f186bcaa36ca6e8c64374a,1156120000,86,m.jia.com/*
74593613c4398213e868ff9bada9eeec,1156120000,2,m.jia.com/*
74cbdc6fdcd351c18cf10c2a0216cdd0,1156210700,6,m.jia.com/*
76175d6db03dcc28e37fda50fca5160b,1156120000,6,m.jia.com/*
7637b0d88e0a1ad9635c5faa3ddc46c4,1156120000,3,m.jia.com/*
7663cbad1fc7941824c6ec81a1c6f4d5,1156120000,2,m.zhuangyi.com/*
770b822c0c5931ad7db33c0322a79674,1156610500,1,m.jia.com/*
778c89e208b5178ce835afd7d9511fb6,1156120000,1,m.jia.com/*
77a7cfd4a8ac4474323a82558062180d,1156120000,1,m.to8to.com/*
78373570c8f2f7121ad0333d5c28911e,1156120000,7,m.jia.com/*
7872cda678ad15a6455ac3a157435450,1156120000,4,m.jia.com/*
7881d6ee6ca1b634feb679a674fadda6,1156120000,2,m.jia.com/*
79030b707fa08b50f805d9f18ab5c56f,1156120000,2,m.jia.com/*
7a177f3a90b33bf92018fec3ce6dd939,1156120000,6,m.jia.com/*
7a87777f70f9e57100b631b6ad40c46b,1156120000,15,m.jia.com/*
7ae51c4618df8c5f770c220b989ee964,1156120000,1,m.zx123.cn/*
7b26742d745931f5afb197bc633029aa,1156120000,19,m.jia.com/*
7b3ce91e4169461b9891be589d6334da,1156120000,3,m.jia.com/*
7b699a9ac5d207fdc4bd013740a7ff12,1156230100,5,m.jia.com/*
7c11c9d79fad45305a9a38f42cb3ca52,1156120000,10,m.jia.com/*
7d818d5ceb8612a5e848d1e499a36d54,1156120000,5,m.zx123.cn/*
7dbfe0f84df5ae6d348ae04b4eb86348,1156120000,1,m.jia.com/*
7dbfe0f84df5ae6d348ae04b4eb86348,1156120000,4,m.zhuangyi.com/*
7ddcd6e2f2b7d6d9c70d88273818375b,1156120000,11,m.jia.com/*
7e106d16f00f387e4af04b860494aba0,1156120000,1,m.to8to.com/*
7e281c9322d58c86c2447bd9f10d0ec3,1156130300,4,m.jia.com/*
7ef41c8417df8c4e99f720068babc5a4,1156500000,1,m.jia.com/*
7f1e07763f4fa0b18a3005dd41f28c72,1156120000,6,m.jia.com/*
7fbf56af53967e0e67468d84579eadf2,1156340100,2,m.jia.com/*
803d50f2aa88c7f976510dda12600f08,1156120000,2,m.ikongjian.com/*
80655e78e599b83299434d27a94c06cc,1156120000,2,m.jia.com/*
8091954e5b63031143195665222f4080,1156120000,1,m.jia.com/*
80bf898399cb35601384e9e2e236ffb1,1156330300,3,m.zx123.cn/*
810d5b86e1a4d0a96a9e4a05f5f1b02e,1156120000,1,m.meilele.com/*
8154ad4cf0f00503db820a0b4b513442,1156460100,5,m.jia.com/*
81f778df5ade6f97f15d1e89cdde04f9,1156120000,4,m.jia.com/*
8259251ade70da79f0f03c04c0c58991,1156120000,1,m.jia.com/*
825a9d6b230fc5644b704df0307ee7e1,1156120000,4,m.jia.com/*
829d68b519ea217b97298c605473498f,1156110000,24,m.jia.com/*
82e8293b54d4045e20a7e2a12e12ca13,1156120000,1,m.jia.com/*
836bc71309cdf7b83ed14304d13ca299,1156120000,1,m.jia.com/*
8371f6efa5b16395f70a5d18af112459,1156120000,7,m.meilele.com/*
83a650e7d6e4e1818f808a66ba32b4c0,1156120000,2,m.zx123.cn/*
83cad59b693b5400a55acf2538cd6b3b,1156120000,1,m.jia.com/*
842aea67509ee3aa7e38e40973bbdf1c,1156220700,2,m.shj.cn/*
846d8ea1cab56ba2d7236ed53700dca2,1156110000,25,m.shj.cn/*
84ea3418e1cabd504f593b99d0332b7f,1156120000,5,m.jia.com/*
852489a73216113334032cbc1f2dd407,1156120000,2,m.jia.com/*
8581823b4a7deae474ac5f7864e2b9b0,1156120000,3,m.jia.com/*
858a06be79e882f36a1720a21f0c1399,1156110000,1,m.jia.com/*
8595938a114df9cceb5def91bdcb2014,1156120000,1,m.to8to.com/*
85bcd790a3d062cf252197a4d0cbd8ab,1156130200,4,m.jia.com/*
85e91f2b4b1fb23d428f12be44677cd0,1156120000,14,m.jia.com/*
85ffb741ca3a75f6ee4799757629a3b4,1156120000,3,m.jia.com/*
86888143ca416ae4123a6bc7a176de51,1156130400,28,m.jia.com/*
86d111db5ba0ffcb52dd30a565f9a324,1156120000,5,m.jia.com/*
86ff520a0bd1462105dc744d2111d95d,1156120000,9,m.jia.com/*
8850ab8d959601d2e3a8a9aab891f494,1156120000,2,m.jia.com/*
88aa21cab04491478a013ee31ae5acbe,1156120000,2,m.jia.com/*
88b96a5b41bfe941168c4e79a44398ee,1156120000,2,m.zhuangyi.com/*
88da18eff253a115cdb793471a910d4b,1156120000,2,m.jia.com/*
8b529dc54bcc11badf2ce967037ad8be,1156120000,3,m.jia.com/*
8b7bff01e9361f373d3fed9beb8d03ff,1156120000,1,m.jia.com/*
8b9e4ddc7849ccaa14d777cda5b08350,1156511400,1,m.jia.com/*
8c9b586dedd730496238c73fc24ed139,1156120000,6,m.jia.com/*
8cc351d9686f94489c63d3a1408a5b89,1156120000,1,m.zx123.cn/*
8d0e88bf2982ab66bfaae43b35619b7a,1156120000,1,m.zx123.cn/*
8d1916fd2d3e4661ae09d0672ef7815c,1156120000,2,m.jia.com/*
8d30688c1672cf4919e03c8c76e89d69,1156120000,1,m.jia.com/*
8d3097255a1ba7f6954915c392ebbbba,1156120000,1,m.jia.com/*
8d345f2f01f1820272b34905e133de31,1156120000,3,m.jia.com/*
8d502c5bc5a3a0f76f1a707e47bdb781,1156130200,6,m.jia.com/*
8dba3cacac5aec53871ff6236a168f35,1156120000,23,m.meilele.com/*
8e38f013a99a189df72e0327a8c7bfed,1156120000,2,m.jia.com/*
8ee17c8772d82597ba2d92af8967b7a8,1156120000,6,m.shj.cn/*
8ee815a2bb5902f320930cfb05edfecf,1156120000,7,m.jia.com/*
8ef86d6d2ae195d6d74af06d2eee678f,1156350900,10,m.meilele.com/*
8ff057b6713e9cb1ae3d2de42a27ce58,1156120000,1,m.meilele.com/*
9100ad95a0a5894f1bc48a6f2caef472,1156120000,1,m.jia.com/*
91de292f3515e366423d6c6ed6937658,1156120000,1,m.zx123.cn/*
92b97972bd1897590b32e43c4655c711,1156120000,7,m.jia.com/*
92fd18d3cf1437294384aa09f119aa52,1156131000,2,m.jia.com/*
94cdac7fb8db5199f97df9a345b75dc9,1156120000,3,m.shj.cn/*
95563e7d254b63a8610add99627b794d,1156120000,11,m.jia.com/*
958a7da05dc7c41e2013b5627e14bcf5,1156120000,3,m.jia.com/*
95ba5ae8a16686194af3a624fce7244d,1156120000,1,m.jia.com/*
95e405c2670dd42014b1991c112277a8,1156120000,9,m.meilele.com/*
95f1bae94b8bcb0f90ee6b9eae09b392,1156120000,14,m.jia.com/*
966ab51ca8cf6910205f3d05e7e9f4f1,1156120000,7,m.jia.com/*
975ef70abaad5deaa87332d42e597cf7,1156120000,1,m.jia.com/*
97770d61c4fc2a2959d8590c9146260e,1156320100,2,m.jia.com/*
97b96a5d4cbbe7b990dc570c09bc20e1,1156120000,9,m.jia.com/*
97f4570c25096e38362e6fa44204d42b,1156120000,1,m.jia.com/*
98c657ba4ee8afea69bb919f42dbef55,1156120000,1,m.to8to.com/*
98de2e7efdad4962aba25a5531e5cefc,1156120000,10,m.jia.com/*
991b2f334551475deb588a247328930f,1156120000,1,m.ikongjian.com/*
993de0df6400de952d3a8848a30a0946,1156130900,5,m.zhuangyi.com/*
99a5176f3cdde6c609fd0eebe230f013,1156120000,28,m.jia.com/*
9a7b8242c956ece9ffeebe9104b3cc20,1156120000,8,m.ikongjian.com/*
9a9fe48aa72a4c660a849a783785428f,1156120000,2,m.jia.com/*
9b06211b766ddb216d5e77f9843cbf9a,1156120000,1,m.to8to.com/*
9bae1ffe56b2e218f5205af765183663,1156150500,1,m.meilele.com/*
9bffaf3e13acf8d535291a03b08010dd,1156120000,6,m.jia.com/*
9c1c8b4fb62fba9b4159086c72a7d890,1156120000,2,m.jia.com/*
9cc69218c8f9e7d8bab1fe6c535f39a7,1156411100,6,m.jia.com/*
9ce18cf90fbd784bd82be097b64b2987,1156510100,10,m.jia.com/*
9d58aa83d50c7f7b7e297df56ac3d5db,1156120000,8,m.jia.com/*
9e1d4d91c316d5c64fb3412400c3c619,1156120000,5,m.jia.com/*
9e4389662dc2d2b74ba379cea5586433,1156110000,6,m.jia.com/*
9e6ebfc4e16d144b613818f5f6f224e3,1156120000,1,m.to8to.com/*
9e762c96d9fbbb3db6ffc09a8d8ba536,1156450300,2,m.jia.com/*
9ecefc5626112f1b22c35b8dcef6b10f,1156120000,16,m.jia.com/*
9f402f544944e7281a8dbc65a900033a,1156120000,3,m.zhuangyi.com/*
a041b05f8a4dfbf099b050435767f88b,1156150100,8,m.jia.com/*
a06806e26a9c263247a15ab164c771be,1156120000,1,m.to8to.com/*
a08ded47b0cb4234ff1c2e23d369da77,1156120000,1,m.jia.com/*
a1e3047454fa67417eac3a4bf454cfd5,1156120000,24,m.jia.com/*
a2293bc633625c217f954a1f573094cc,1156120000,2,m.meilele.com/*
a282636d7e147e7dea83edabb25820f5,1156330100,1,m.jia.com/*
a325d06d42d973c9b019f59ab5253bb6,1156120000,1,m.jia.com/*
a416882d745c0b3f2e5d7c5e1e3a23ba,1156110000,8,m.jia.com/*
a4360cb41e1a0804ca772cca52440487,1156120000,1,m.jia.com/*
a5243769f9c9616f11645a8c8c144ea0,1156120000,2,m.zx123.cn/*
a5509674afb9f06ad6f72e4aef902409,1156131000,4,m.jia.com/*
a5d0c9115dc862d997731779f5c55dd3,1156330400,18,m.jia.com/*
a6737051c2796479d75d220b373d1747,1156120000,8,m.jia.com/*
a772e30b2ddf69376eb64af08e38b033,1156120000,13,m.zx123.cn/*
a783cc5f7dadf1cc3779f0a689b61555,1156120000,1,m.zx123.cn/*
a79d61c62c85f7c8c377227ca1421dc8,1156120000,6,m.jia.com/*
a7b4ed42d770575f420ace2ed22e14c7,1156120000,3,m.jia.com/*
a8455bd75b9e4ab9bbb9280ae48b3df9,1156130500,5,m.jia.com/*
a8cfa1f334555c8ec4e9b836aae61f81,1156120000,9,m.meilele.com/*
aa3b0bc8530f0bd0a43a3cafb8e74a99,1156120000,2,m.zx123.cn/*
abb706b705904c0402f6be60727eb9c2,1156120000,2,m.jia.com/*
ac884b2cc48564265fe5334b6395f6ce,1156120000,2,m.to8to.com/*
ad0973421675c4134325a9415442c0f8,1156340100,2,m.jia.com/*
ad2aaf20854175a471f520b8e86194e6,1156120000,1,m.to8to.com/*
ae02b9f9db547a2bd727a0f8da00f716,1156120000,3,m.jia.com/*
ae932252931529b7e2e17110fcd04654,1156120000,1,m.to8to.com/*
aeaccd7a473a7502b578ee7a518504b1,1156120000,11,m.jia.com/*
af527fac49f9b5ba4b52041df8eb5e54,1156120000,2,m.jia.com/*
af56cc97514b0dc008939cde681e7e59,1156120000,3,m.jia.com/*
af56cc97514b0dc008939cde681e7e59,1156120000,3,m.shj.cn/*
afa0a9ab461c7dc4ccc66b03f83fa11f,1156130700,2,m.to8to.com/*
b00ae48470a9ada3b7d36089bbb4485b,1156130900,2,m.jia.com/*
b04a13bdec161067d2de6fe36cb83fd9,1156120000,5,m.jia.com/*
b079fad9e347b1c064bd4100ca3dce7b,1156120000,6,m.jia.com/*
b11bab5931aaf6447bbc3abfefbd4dec,1156110000,1,m.meilele.com/*
b270d4ff2bff332ff0f9f393e66ff4b4,1156510100,5,m.jia.com/*
b31b8dcad967941e3ebb16e33c5dbaf6,1156120000,1,m.to8to.com/*
b31dcba66ed3f253808ae8eaabd9ab88,1156120000,1,m.jia.com/*
b3e0947926840d25d1903a3f014041f9,1156120000,1,m.jia.com/*
b40c00f39e132b82fd3a2faeb1c5bd85,1156120000,5,m.jia.com/*
b431a6779770cc0313d31f63ce5eaab5,1156120000,2,m.jia.com/*
b4ac9794fc145f42e2a713564d283cc7,1156120000,2,m.jia.com/*
b540fea7555332c70e460c48bd270aa0,1156610100,37,m.meilele.com/*
b5633cd9f2d06e87f9983895df5a1c28,1156120000,2,m.jia.com/*
b598e6f8bd2fdf5b9951568d1805ea91,1156120000,6,m.jia.com/*
b598e6f8bd2fdf5b9951568d1805ea91,1156120000,2,m.zx123.cn/*
b5ac9b0b8b376dde284ede9423574c63,1156151100,13,m.zx123.cn/*
b5d77ebf1585e54c23b6b7ba85354a83,1156120000,1,m.jia.com/*
b75581782feccd81f911a2ead2d04c71,1156120000,5,m.jia.com/*
b77ddff4c3e1f2534111653405490176,1156131000,15,m.zx123.cn/*
b79a6e142b2fd4fcfb2757705bb5034f,1156110000,3,m.jia.com/*
b79a6e142b2fd4fcfb2757705bb5034f,1156110000,5,m.zx123.cn/*
b7af1ee6451599adbf8b7b308c2af4f0,1156120000,2,m.jia.com/*
b7ff5cf6ee0b164dc95bfa53f6f2ee37,1156120000,1,m.jia.com/*
b808ae99144c7e45bb4931be56e1808e,1156120000,3,m.jia.com/*
b82f22a49f94b9666bc433509d9d2d29,1156120000,3,m.jia.com/*
b8c4c0151bdcde6659fcae7f7da3bda0,1156120000,3,m.jia.com/*
b8e834f317cc04cd7217f02802d75e13,1156310000,8,m.jia.com/*
b90a051d0a45c13a11ad21aeff5c2172,1156120000,1,m.zx123.cn/*
b99231c6b56aa6b68050059793aa166e,1156120000,2,m.jia.com/*
b9c027016715e575747705c7b314230c,1156120000,1,m.to8to.com/*
b9f6d579237c7e57e34e37969166dd0e,1156120000,2,m.jia.com/*
bb25c27789e445493c8f2e904b50b850,1156120000,7,m.meilele.com/*
bbea29eb70b8e398e2d2ac58ad44be8b,1156330400,2,m.to8to.com/*
bc24406afa6484c26dce85d23bf4692d,1156120000,2,m.jia.com/*
bc29c7e9835cee88c984df5fae541ec3,1156120000,7,m.meilele.com/*
bc919a88d4d3fb68bc10d9cc45dd1c25,1156120000,4,m.jia.com/*
bd7fde5fb5d794a745d960c7af78e4e8,1156120000,1,m.jia.com/*
bf0deb170883fb280bc6b1d5a3d7eba1,1156120000,1,m.zx123.cn/*
bfaf2a311abfa90838cc8b43d16e94ee,1156120000,7,m.jia.com/*
c04cd26907004ac9d27426d25101c046,1156120000,1,m.jia.com/*
c0e837ca82af35aa09b3ba5fd72acc57,1156120000,117,m.ikongjian.com/*
c10db81badcd4543420a9f738c54f198,1156131000,4,m.jia.com/*
c14b27c6febfa789fde00c061f79333c,1156340700,2,m.meilele.com/*
c1d0290a447c85476a70f55f9cefadaa,1156120000,1,m.to8to.com/*
c1e8c6e6fa365ea59edd11b9605ace7a,1156120000,1,m.zx123.cn/*
c239748b38a480708c1ab1d787273b31,1156120000,4,m.jia.com/*
c2a2d45a242a2dd16e18b780f8bef6dc,1156620700,42,m.jia.com/*
c3c98e7552c49176db0f41cbe2940cbe,1156120000,2,m.jia.com/*
c3cfdc197fde3902dd72eafc9d412b1a,1156120000,1,m.jia.com/*
c5a9c0c61656628b650acb00cd394d11,1156110000,6,m.jia.com/*
c60012519112864b56c956d9fb4f6b4c,1156110000,1,m.jia.com/*
c60cd307300da9a6f28a9bd4a4b136aa,1156120000,2,m.jia.com/*
c626d0ae0a3ac546ba63479fe63bd9d9,1156110000,103,m.ikongjian.com/*
c6aee75ca7de6eb752cf240eff674727,1156511500,11,m.meilele.com/*
c6c89d3398953f67eab4318bd37366b8,1156150200,2,m.jia.com/*
c6f99d5ace85afe302e112248c128cec,1156120000,1,m.jia.com/*
c8256f08b6d3ab2c89bd0186aad553e9,1156120000,1,m.zhuangyi.com/*
c8aaaafc759ad0c258d8ff13f47d6391,1156120000,1,m.to8to.com/*
c9485a7923a7c56fc4d002dd36a7b242,1156120000,1,m.jia.com/*
c9683cc2952012f2609ab219b24d0f9a,1156120000,9,m.jia.com/*
c976ab993991c4c07ad3572dce3762e4,1156120000,1,m.zx123.cn/*
ca1d016cb98cc9e67e92e319238a7593,1156120000,1,m.jia.com/*
ca2e4502427254e40b0cb6334e0c260a,1156120000,3,m.jia.com/*
cb1bd943d7b68cca5c820b0e9f9a7710,1156120000,6,m.jia.com/*
cb43ce847598a1750b58b33186763c01,1156120000,2,m.jia.com/*
cbb5de3e127aead85d75ddf35b1de5fd,1156120000,1,m.jia.com/*
cbcd1f2a1bb30596d983b33f35cf9180,1156131100,2,m.jia.com/*
cbef99cbb87a08a5150f591d00813bac,1156120000,1,m.jia.com/*
cbf6d69038cefe6f29e2140bbd8394f4,1156120000,1,m.jia.com/*
cc53475d128eb5b1539181650a5bffc8,1156330300,1,m.to8to.com/*
cc68bc1ed19f2b7c45fa25f0197bcac6,1156120000,10,m.meilele.com/*
cc75ef54497d58762efe2d8504ae87c5,1156120000,4,m.zx123.cn/*
cd2d173562288721990c6e5891b4a03a,1156120000,1,m.to8to.com/*
cd32a1f89bdc9dd30ac6a7e4eaced438,1156120000,1,m.meilele.com/*
cdae971214de564c076749159cd89c25,1156120000,1,m.jia.com/*
cdfb5c56ddcdaf1af52bc553145017c5,1156120000,1,m.jia.com/*
ce730aed4242ea236f6aab27b0e9fab6,1156120000,11,m.meilele.com/*
ce87db7abe3405ba4697497aca17ebda,1156120000,3,m.jia.com/*
ceeb28f3a4c0d933fbea751d4cb01b45,1156120000,1,m.jia.com/*
cf53f5e82aa3a65f048daff8b6c27ec2,1156131000,1,m.jia.com/*
cfa56e731727d4a2268b00df91e39cf5,1156120000,3,m.jia.com/*
d044cc4759820f3da5346a25b53f604c,1156120000,10,m.jia.com/*
d0801eefaf1352227d151dd894e01f31,1156130900,33,m.jia.com/*
d246f96800a615ec0e91e2a54f718ff7,1156120000,3,m.shj.cn/*
d2ffe9cc919fa85014a5dde49d007b65,1156120000,1,m.jia.com/*
d3610427cab520fc1297e497264f1cce,1156120000,34,m.jia.com/*
d3925e53566a7b19b57c5bd565feaece,1156120000,2,m.jia.com/*
d39509976029391563c406d667d0ae3b,1156120000,3,m.jia.com/*
d3b95a1a546e7071518453818725edab,1156120000,1,m.jia.com/*
d3bec769e6dcdd7a501b38027d50ec8e,1156110000,7,m.jia.com/*
d4433f8cfccca9fae80424f22aa14522,1156120000,5,m.jia.com/*
d44363eab09fac2c503e8b40e88c5397,1156120000,3,m.jia.com/*
d5a4abc313e81fe06cc82b5353433189,1156120000,3,m.jia.com/*
d6471eac9d2d27558f9a2f2631125ace,1156210800,2,m.to8to.com/*
d65bd27c81269d589c7f2f2570203166,1156120000,5,m.jia.com/*
d66a22ca1ab52a9ffdab3319d5fadd9d,1156120000,3,m.jia.com/*
d6735de13c7f63a515d7b6255f79d664,1156120000,1,m.jia.com/*
d6c6bb42df00e2ef799eb85693e324ef,1156120000,11,m.jia.com/*
d6cc29701ad54b78c44650a0ff9bbcb0,1156120000,1,m.jia.com/*
d70961d6c6f8dafd7b997e665ed07511,1156131000,4,m.jia.com/*
d714db211fe34a7d9b70404c697c0a1a,1156120000,2,m.jia.com/*
d7230dc786c3a80cda292f94e22a4178,1156120000,2,m.jia.com/*
d73d4f335f210de00567c432dd344c5a,1156120000,6,m.jia.com/*
d75975c96fb8829f8fc3b638aae722af,1156511400,15,m.meilele.com/*
d76637d31b8f4324a90de1302ad73d02,1156411300,11,m.jia.com/*
d78166f36b9c23a52b7b9ae4c2f4057b,1156120000,1,m.to8to.com/*
d7aa5f2fa582fdf65cd055e5a52c9513,1156120000,1,m.jia.com/*
d7d93207059b7e5c9993eafceda8c8ef,1156120000,22,m.meilele.com/*
d7dc2c471ba01f891bf0c86c84163bb2,1156110000,2,m.zhuangyi.com/*
d8097cc0f720dd4ae16254d31a2bb0f1,1156120000,1,m.to8to.com/*
d836b15e4855e841a12504813733cb03,1156120000,3,m.jia.com/*
d877c6c4f0a67f6d4daf7ee341108301,1156330500,1,m.jia.com/*
d8e9e50c66be090d6d1184ae2596fd5d,1156120000,3,m.jia.com/*
da1924d6a1a7aa9198cbb2beef673cda,1156120000,2,m.jia.com/*
da35727950742f4e984c6596c2aa4197,1156360400,4,m.jia.com/*
dab541845ea0129f2335deceb3b8a3fb,1156110000,2,m.jia.com/*
db23c03068664e023628975a83b6f7f2,1156130900,21,m.jia.com/*
db2fa9217f11a1d8124df2aecbc0558f,1156120000,1,m.jia.com/*
db2fa9217f11a1d8124df2aecbc0558f,1156120000,1,m.shj.cn/*
db314e9b9d52315ec6322ab61a7245bf,1156120000,2,m.jia.com/*
db373620360d26fe2fa784003d3205e3,1156130400,19,m.jia.com/*
dbb289b9d7472f276652fe86e74149e2,1156120000,28,m.jia.com/*
dc1a330a0e62db04a48c1d2227d30e3f,1156120000,3,m.jia.com/*
dc2f9003a5dcb1ed56289b07062e8604,1156120000,2,m.jia.com/*
dce93255916772e8c77c9b7079f84227,1156120000,1,m.jia.com/*
dd1c5d4fc322a6a7882d02f1aa539686,1156370800,7,m.meilele.com/*
dd1fa47101a7d831da5cd29ac9d881b5,1156120000,8,m.jia.com/*
dd3011136b5f6c252c61547685526e34,1156370500,25,m.ikongjian.com/*
dd8bbd0af2e4339448b97ca25fb01a21,1156110000,5,m.jia.com/*
ddec270cf3b70bed86af2f0ae8f61742,1156120000,3,m.jia.com/*
de3ed76796a42a3ed84cf607830ab448,1156120000,3,m.jia.com/*
de64dacc663874b228da7034680e8dcf,1156120000,2,m.shj.cn/*
de69f2351836cde5b72cec7b8547640c,1156120000,2,m.zhuangyi.com/*
de86b08aac879fc7618fa8f8aa37b297,1156120000,23,m.jia.com/*
deb5d513feb0a0a1a260b594f86a25ab,1156120000,11,m.meilele.com/*
decb331df7d60a41353f7b4b253379c1,1156110000,18,m.jia.com/*
df830133ca3ce5d37d6e8ffe951ff47a,1156110000,28,m.jia.com/*
dffcca4212269d0dc63ac73907e9850b,1156130200,1,m.to8to.com/*
e00c114795885da59f92ada3b4bcad59,1156120000,14,m.meilele.com/*
e06bdfd719a2da4ed4e4d0749cb4ca0a,1156411100,1,m.jia.com/*
e12bccf95f1df984f6c7fcf1570835b7,1156120000,2,m.jia.com/*
e298cf1fdfd6429e2f95d661492e36e6,1156120000,7,m.jia.com/*
e2d92701d3f941573c37305138205783,1156131000,1,m.jia.com/*
e3bd0dc935a2820167b05e39c3cd4e79,1156120000,1,m.jia.com/*
e3dd0f1dc132807ffc6c603e77a14450,1156120000,4,m.jia.com/*
e41d2e93c988f0d819cd83e05c55c0ab,1156140800,1,m.jia.com/*
e4e343f6e051bd3396d18d18f0a4c61f,1156120000,4,m.jia.com/*
e559cc74503e61424c22d0ecd8e85b72,1156120000,1,m.zx123.cn/*
e55c2d8af16d22d4c58b0455ec5911ee,1156120000,4,m.jia.com/*
e59b40c35bf37f75087a8e54c9fc62a8,1156120000,1,m.shj.cn/*
e5b4eeed362f60e36a9e0b034807cb84,1156120000,3,m.jia.com/*
e652f3f6fa0ffcbdfe13407839165512,1156150800,26,m.meilele.com/*
e6565dd7cf6730074f707a0f7af6c653,1156120000,1,m.jia.com/*
e6e527e5fd71f1c154c6d3341ffcfebf,1156120000,2,m.jia.com/*
e70ab61ef8811439d0c77b2f89c021e7,1156120000,14,m.jia.com/*
e72a87789d60222863ec6dc7abc280cc,1156341600,2,m.jia.com/*
e743a6e438259ba7af5fbd9429f9a6c5,1156120000,15,m.jia.com/*
e770f578bac4cffa5a658b5f139e2655,1156120000,4,m.jia.com/*
e829ecb0b7d6ec324cb0c9c7c61a90ce,1156120000,3,m.jia.com/*
e8e0deb74f1dbfd795df3074ef9c3d02,1156120000,5,m.jia.com/*
e90fe5ee860a78cabbc18caa4935ccb4,1156120000,1,m.jia.com/*
e973f1218a6aebab9f6893528916f09a,1156120000,5,m.jia.com/*
ea3d45a4ac33ece22f895f6ae1fd305e,1156370600,14,m.jia.com/*
ea402ab8d7f53cca8cb18ffe44611c6a,1156440100,2,m.jia.com/*
ea46f595f7e32e60187ab029abd667e2,1156120000,5,m.jia.com/*
ea6738c83a5b98da7dcb7a18fc7e1657,1156330100,2,m.to8to.com/*
ea85f5826e05b26dbdccc0502a93d777,1156130900,2,m.jia.com/*
eb18a52f2359bc7709be0461ff1516a1,1156120000,89,m.meilele.com/*
eb38ecdb257d3bfcc6fe5a8ae3495ded,1156120000,1,m.jia.com/*
eb48c38cd911d1c67fc3e6824a84609e,1156120000,1,m.meilele.com/*
eb5a23eeae009d30f8d4fb1b35ebd1e4,1156120000,3,m.meilele.com/*
eb6f76e9d24b84cb335698394f89a0fe,1156120000,1,m.jia.com/*
eb7b37f11688b4a32c8356f6f5de6fc2,1156370100,10,m.ikongjian.com/*
ebe62b41c3babc23a7a0b0d07c926277,1156120000,4,m.jia.com/*
ed04a307150d704e8c63966b7c10905d,1156120000,17,m.jia.com/*
ed27b22ff86bbbc418d43dc7991ded16,1156130100,2,m.jia.com/*
ee0b87a79815df734e87fd29ed3472a9,1156130200,2,m.zx123.cn/*
eecc9cee6cf3b541bd5708bbbbd4e858,1156120000,4,m.jia.com/*
ef7cfc6bef1dc138e37ea7bc991a61ad,1156120000,9,m.jia.com/*
efc6a07523e1d470d52e5b22db6d2bcf,1156520400,2,m.jia.com/*
f128c278afddcb49a751cc17dd2f171d,1156120000,2,m.jia.com/*
f16375863b59ef9e0d9e14029d705db0,1156120000,3,m.jia.com/*
f1fc5915679cc8ed6f47bc0a45184c6d,1156120000,1,m.jia.com/*
f2c84c57fe8dcdbcd36dcd1632f35f8f,1156120000,1,m.jia.com/*
f374bba3c016c7b4752799d3f2bef3de,1156120000,4,m.jia.com/*
f40aabcf29397402effb42c58e2e7041,1156120000,6,m.jia.com/*
f41ff1fd43c630df66b5c6a7825f6c28,1156231200,1,m.jia.com/*
f43a6d50e107230980068a64c4bc4409,1156120000,9,m.jia.com/*
f44d8e07bef09c6130f65fa34b554d4e,1156120000,1,m.jia.com/*
f4c8e7365b04f9563384e98e79c0babd,1156120000,1,m.to8to.com/*
f50cbb28b27876271fb6d733d9f4ac9f,1156120000,1,m.zhuangyi.com/*
f52eb26258a23aab76ec624ac4aeef0a,1156120000,3,m.jia.com/*
f5485c0676528b76a69da92d6c414f1a,1156120000,1,m.jia.com/*
f6372e65965417bef4d96708c9138f22,1156120000,3,m.jia.com/*
f6943e31f81def201bf5bce40a48de77,1156120000,2,m.jia.com/*
f699a72ec6739e95fb7e272119bc5207,1156120000,7,m.jia.com/*
f69fe5959136934ca7bfe4badc7bdd5c,1156120000,3,m.jia.com/*
f6b691de49727c2de14e8e6f632d079d,1156120000,2,m.jia.com/*
f86e8810035d7775add78947810df767,1156120000,1,m.jia.com/*
f945d57d5289468b68f4ae87af831f94,1156130300,2,m.to8to.com/*
f9530f0d55e7aa09fecd22fbec9aad3f,1156120000,11,m.meilele.com/*
f98822818e071b004de93c702a88e5b2,1156120000,1,m.jia.com/*
f9b3ad5e1820421dc1b2a5521af12eaa,1156120000,3,m.jia.com/*
fa195d813110a976901e30931120ad57,1156120000,1,m.jia.com/*
fa53e4fa7c769bee42ef74c7daf9793a,1156340800,1,m.zx123.cn/*
fad72a6c01ff637c8a38dc8ef99e0f90,1156120000,4,m.jia.com/*
fbf9af5b2cf9dbc8327b78159e00c7c6,1156120000,3,m.shj.cn/*
fc2ff0a0fdefa97c6ec06d47b0ace28a,1156120000,3,m.jia.com/*
fc7863133d1784374cdaac640d8fdeea,1156120000,3,m.jia.com/*
fc8c808bda9006b86c7a54194e95254f,1156620500,5,m.jia.com/*
fd58d4373ede83e130e5b2c684541bbe,1156120000,34,m.jia.com/*
fda5d422d97be0392cc9e503749f5e1d,1156120000,7,m.ikongjian.com/*
fdb9e0e3a680dc6a447ce656164349ee,1156110000,4,m.jia.com/*
fdb9f2eb66be5ffd6907094f1baf3540,1156120000,2,m.jia.com/*
fe71f0bd49cd047a562d82ea5d87e6e3,1156110000,23,m.jia.com/*
fefec1fadff5e77774a391cff55c5ba3,1156120000,1,m.jia.com/*
ff61c542452945f55a9b38f08b750565,1156120000,6,m.ikongjian.com/*
ff9e94acdf0b26b08b000162825ea8f6,1156120000,3,m.jia.com/*
ffe38a909f0b86175ad711ad852f5d90,1156371600,2,m.jia.com/*
