009048433af3698b771e77e19d49b927,1156610800,12,m.xiaozhu2.com/*
016fa760fe23e61f497dc8e315f4fd5b,1156610100,14,m.xiaozhu2.com/*
01c9ab3a7951cd9c524107dce96be368,1156610700,16,m.xiaozhu2.com/*
0231a440cea556186b946ff05e061224,1156610100,1,m.xiaozhu2.com/*
024a2923fe936e2450bc84f51eae0296,1156610100,3,m.xiaozhu2.com/*
027861c3b405cc6c1a17e8ea1b0f91e6,1156610100,15,m.xiaozhu2.com/*
034c9b4343ea3fb950fd5d6c3ae6512e,1156610500,8,m.xiaozhu2.com/*
03ea28282341a8a256a4c4e136e3b01f,1156610100,12,m.xiaozhu2.com/*
04cb8988669b07d2c852b26cef71b0d4,1156610500,8,m.xiaozhu2.com/*
05757b05a19b0b2637f97ac24fb52e08,1156610400,11,m.xiaozhu2.com/*
05980d94e8a8db40b4f8e7ec483feeb8,1156610600,1,m.xiaozhu2.com/*
06849f567b104a66fdb32e7717203fd4,1156610100,1,m.xiaozhu2.com/*
06eeebdd04487f029dbc0e35e9d27008,1156341100,13,m.xiaozhu2.com/*
099dc1afa8286a6b6af9a55d057b25b6,1156610600,12,m.xiaozhu2.com/*
0a7a66a57c3ac10672d2c4ac8ba24484,1156610400,14,m.xiaozhu2.com/*
0ab0d2bc11509cde7154cc039fd2c700,1156610100,1,m.xiaozhu2.com/*
0edac5be4a56044fff8a79bccb051972,1156610100,10,m.xiaozhu2.com/*
0efa29308e5b672566774d868f1f6b9f,1156610100,11,m.xiaozhu2.com/*
0efd05f96798ff2e13e5e9e02df7817e,1156610800,13,m.xiaozhu2.com/*
0feb4df63ec31e1fe3ca91d48ed0c068,1156610800,2,m.xiaozhu2.com/*
1298dbb54da72aa715ff88584c342550,1156610400,4,m.xiaozhu2.com/*
12a1be9c227f81aa6e2e12b87de3bade,1156610700,3,m.xiaozhu2.com/*
12a92be87a2d90c9f239e1c21dd58d38,1156610800,1,m.xiaozhu2.com/*
1540130cebbc813ad3d3e240ff568f8a,1156610600,16,m.xiaozhu2.com/*
15ed1b57511b08eef8d7417e0125074a,1156610200,1,m.xiaozhu2.com/*
15eef69ab55ff13c99eea32011521509,1156610100,1,m.xiaozhu2.com/*
178d959c0b082fb54455ff26e2951b47,1156610900,1,m.xiaozhu2.com/*
180f3cf81e4651e036d36f5c719aea3b,1156610500,6,m.xiaozhu2.com/*
18fbd848b5ec7e3a61d7da4d20e1b7d7,1156510100,8,m.xiaozhu2.com/*
19e0e926ced03b0c6af53997b7302dac,1156610100,1,m.xiaozhu2.com/*
1da4c853d7f98d48a788fbe66939a584,1156610500,1,m.xiaozhu2.com/*
1e32f8613649ae966aa1840c08ec2bf9,1156610800,1,m.xiaozhu2.com/*
211d76c56de24ab9289776e20a687c92,1156610500,2,m.xiaozhu2.com/*
21cab059c3ec648cd94285637f9bb899,1156610500,1,m.xiaozhu2.com/*
21d38034383b61874f29974001a05dc5,1156610100,1,m.xiaozhu2.com/*
244eb2efa203fe1a1f7a3b83500eeec5,1156610500,12,m.xiaozhu2.com/*
261730687b5553d7a55459d8859fda65,1156610400,1,m.xiaozhu2.com/*
2631cab2f7bfbb6d8573532772a9aa16,1156610100,10,m.xiaozhu2.com/*
265de8e8dfaa2935d4b776b3686128f6,1156610800,1,m.xiaozhu2.com/*
26d54e445ceb39eed24497dc2db365fa,1156610800,5,m.xiaozhu2.com/*
29af88d169041fe44d2eb98e6ca78a0c,1156610100,7,m.xiaozhu2.com/*
2a23b7bba20c2a7658130398b7e03544,1156610100,1,m.xiaozhu2.com/*
2a65bde5d83b38582e95308bc9bf58dc,1156610800,4,m.xiaozhu2.com/*
2ac3aeabe45d144c5925059d678b559b,1156610100,6,m.xiaozhu2.com/*
2b5289da97bc596e1b007821b65a6fed,1156610100,30,m.xiaozhu2.com/*
2b860600ba221b22c2c6ceaeb1a0db49,1156611000,9,m.xiaozhu2.com/*
2bfee7d2f36b72f896265b00da8e6e91,1156610100,1,m.xiaozhu2.com/*
2c250623cd6d00404941a8acc191ac86,1156610100,1,m.xiaozhu2.com/*
2c4934637afbdad0216f4e76567e0fdf,1156610100,9,m.xiaozhu2.com/*
2ca0594cbf87a4b217a68c1785e7d08b,1156610100,1,m.xiaozhu2.com/*
2eac15d7f9a713acdc4365fb2be7dc5d,1156610100,7,m.xiaozhu2.com/*
2f3185f694b2e5a8666b07cfce50e20a,1156610400,13,m.xiaozhu2.com/*
2f392bd4cfdb9d150484c81da4e1a6bb,1156610700,1,m.xiaozhu2.com/*
305ebe762589592f43fd2d4801bd65b7,1156610700,19,m.xiaozhu2.com/*
306f8856b339345b2614d71dd09b7d5f,1156610700,10,m.xiaozhu2.com/*
314cf1932834043462da1478db2d4b90,1156610100,9,m.xiaozhu2.com/*
32b936ed9eda544fc7b91710ae8fd36c,1156610100,1,m.xiaozhu2.com/*
3346bee50bd541612f2caba9a7d8ca2c,1156610900,1,m.xiaozhu2.com/*
3630dbef03321c02fb277858c15476a1,1156610500,16,m.xiaozhu2.com/*
36596e0d426a20778ddec975b57a6dba,1156610100,15,m.xiaozhu2.com/*
367a9ccb39c1ee8a50a59724097e90b0,1156610100,3,m.xiaozhu2.com/*
36cc9f9f22a7728f95e939126e37c4bd,1156210100,3,m.xiaozhu2.com/*
3840dba646bb9854da097d2ec5f0d6da,1156610100,5,m.xiaozhu2.com/*
385acf412d829f391a0e29171d3b0764,1156331100,2,m.xiaozhu2.com/*
387ce7e6e68b968c0566084babd0cd6f,1156610100,9,m.xiaozhu2.com/*
38b85f9e5409ae3929e926a9240b9c79,1156610100,1,m.xiaozhu2.com/*
3a374cdf3c8b2146309780128b50bb78,1156610300,1,m.xiaozhu2.com/*
3a43e68b1ad09e817d8b7b433269839f,1156511300,1,m.xiaozhu2.com/*
3a8ced7e8c9df5fc748912c0a69fcf6d,1156511300,1,m.xiaozhu2.com/*
3ab79d48cd8cbe27b01289ace794fb3c,1156610100,1,m.xiaozhu2.com/*
3b5e96da175fc2b4d077ba653a31bafb,1156610500,1,m.xiaozhu2.com/*
3c79f43f72a7dca62f49b1d6680cbb7e,1156610300,16,m.xiaozhu2.com/*
3dc430c33230cd8a21e407ed092cd0bd,1156610100,10,m.xiaozhu2.com/*
3dc86a528346eaae5a03d99cdfa0682b,1156610100,1,m.xiaozhu2.com/*
3e1c5fe5cbec4515a11b937e47434f85,1156610700,16,m.xiaozhu2.com/*
3e1fe4e83d50397e895ecb724902518a,1156610800,3,m.xiaozhu2.com/*
3fa459c2a9b1d2ece012564d0373a181,1156610800,11,m.xiaozhu2.com/*
445d9316c36de36b547cc793699366de,1156610100,10,m.xiaozhu2.com/*
44aab2f8a8c4d00d1f390f19e41a1d76,1156610100,4,m.xiaozhu2.com/*
44d94cd69db9e9622f44d57e15be24b2,1156610500,1,m.xiaozhu2.com/*
44f13f95e12fc7d3f3f6f44f5f352f2a,1156640200,1,m.xiaozhu2.com/*
4569ed079ff85ae822ce76355a206b13,1156150800,1,m.xiaozhu2.com/*
46e8720300f676599cbfc4bed9f4ae00,1156411400,9,m.xiaozhu2.com/*
4774ab59faf9e6f129340fb1d923e80a,1156611000,1,m.xiaozhu2.com/*
4933678a465e1f53c2118842646ff34c,1156610700,9,m.xiaozhu2.com/*
49bd988b1376f39e408ef5e83f8e7a95,1156610100,10,m.xiaozhu2.com/*
4b4367616722ca2845fbfd6f3346d689,1156610400,3,m.xiaozhu2.com/*
4b5bada62933554afef8b6a08c6c2a0b,1156610100,11,m.xiaozhu2.com/*
4bd07124d7d91fd817a37c3f55a6337f,1156610200,1,m.xiaozhu2.com/*
4c9a12fab2ac6a6ab1c7f5da8772f9ca,1156610100,6,m.xiaozhu2.com/*
4dbace9325f6027647aea9c5ee1aa6dc,1156330300,1,m.xiaozhu2.com/*
4eb3528dc8be2d64f4766ac57716940e,1156610100,13,m.xiaozhu2.com/*
51048aca063dc78ed991cdd87d892b2e,1156610100,9,m.xiaozhu2.com/*
516fe50a182e7f3cf919e677367581c4,1156610400,1,m.xiaozhu2.com/*
5192585a09cd5120f7a91b0f92243409,1156610800,1,m.xiaozhu2.com/*
51e3bec4dfb2377441d06ebc1cab9e24,1156610100,1,m.xiaozhu2.com/*
5230532a1267cd98409bf7310ad25110,1156610500,1,m.xiaozhu2.com/*
5241dfe2acf40092a8b71501a86ebb21,1156610500,9,m.xiaozhu2.com/*
532a440120c32c82f0478017f21e164e,1156610100,10,m.xiaozhu2.com/*
5523f2293a0c2afad90bd2f1494312e1,1156610500,1,m.xiaozhu2.com/*
5705c07c8a384018ac0b14d30962c95e,1156610200,14,m.xiaozhu2.com/*
58d0704f7db9b50ec71571bd994181bd,1156610500,14,m.xiaozhu2.com/*
5a5a908391017b37fc37d4d8dd99d9ac,1156610100,5,m.xiaozhu2.com/*
5ac4427f798764acfe17a866dc277323,1156610600,17,m.xiaozhu2.com/*
5c143490263fd952e5262d5f943445d1,1156610400,1,m.xiaozhu2.com/*
5c315b2db15d0ea15fc3a3b9737b788c,1156610800,1,m.xiaozhu2.com/*
616a4eab0bc5650ec8c5153479ac6548,1156610500,12,m.xiaozhu2.com/*
62ed1d23fdfec3d0eb440f7b482af5b4,1156610100,10,m.xiaozhu2.com/*
640b9e512b657bcdca2120d1f86fe700,1156610100,6,m.xiaozhu2.com/*
6531906051e3c9769373a1d333a772dd,1156420100,5,m.xiaozhu2.com/*
6585d45a6b0cbe9c66656a6ed52cc9b1,1156610400,1,m.xiaozhu2.com/*
66d0f398aa7d954b761686362e7ecc16,1156611000,1,m.xiaozhu2.com/*
684b2a73f8e6fc631685fbb80fc3586f,1156610100,2,m.xiaozhu2.com/*
688753c12dad40b7a34484fa6739508b,1156610400,3,m.xiaozhu2.com/*
68c658f969f3087ab5afba484c1de6da,1156610700,18,m.xiaozhu2.com/*
6af221aa743c7d08882d66c03390a97c,1156610300,17,m.xiaozhu2.com/*
6d190cd9c2af7548c9f00256040787dd,1156610800,16,m.xiaozhu2.com/*
6d41aa1b0c8696f07d30c2d89c79fc78,1156610100,1,m.xiaozhu2.com/*
6db502b79034048ecccff0be8ed78346,1156610100,2,m.xiaozhu2.com/*
6e304362634bdd7f718d6c7fda3a41be,1156611000,11,m.xiaozhu2.com/*
70600c6eba960d7d7314d3531b5fb06e,1156610100,1,m.xiaozhu2.com/*
71c2bcaf192678ff5344ee2a31a95477,1156610400,8,m.xiaozhu2.com/*
750fc2f525563d07d27a352b02037e68,1156610100,11,m.xiaozhu2.com/*
75405f70824cda71579b6b2036a67d3e,1156610100,18,m.xiaozhu2.com/*
755dd07f29aeecaeccbcf3bae7deeb80,1156610100,5,m.xiaozhu2.com/*
7628ebd88f2f456e8084821b765c988b,1156610100,1,m.xiaozhu2.com/*
7643328c42ae392080ac16107e2d0375,1156610600,1,m.xiaozhu2.com/*
770fc34843c877326cd0b0805bae6cc0,1156610100,1,m.xiaozhu2.com/*
77179861eee9896fe0651cb00e445a53,1156610400,1,m.xiaozhu2.com/*
775cf43950fbbd697efa1fa45da3a847,1156610800,2,m.xiaozhu2.com/*
789c82258718e72b34c175fb682ad9e0,1156610500,16,m.xiaozhu2.com/*
7af197c943676975c22783c06103d091,1156610100,2,m.xiaozhu2.com/*
7af210f3989e1c93d588c471299630a9,1156610100,19,m.xiaozhu2.com/*
7b4e84f9116fe359d4639313d3b4fed1,1156610500,1,m.xiaozhu2.com/*
7c2dafd825f2196b6562d089e661bec9,1156610100,25,m.xiaozhu2.com/*
7c4c809ce76ba82fe681e26ad737fd4f,1156610800,1,m.xiaozhu2.com/*
7c94e5fb2c9d311c6989dde733f5993d,1156610100,1,m.xiaozhu2.com/*
7d20186c57e525a878e9996e57e472a3,1156610600,13,m.xiaozhu2.com/*
7d9dd04cd1d1142a0b8aa62ff3f1bf75,1156610100,2,m.xiaozhu2.com/*
7eecad5357a156d59540da8d37f60cdf,1156610900,1,m.xiaozhu2.com/*
8267fbbb6fa6edac35a6aebdda0a2ef9,1156150600,1,m.xiaozhu2.com/*
836e6783772418ebd146c23afd69b927,1156610100,1,m.xiaozhu2.com/*
85f0113d2f60c9c2bdb66fcd6f9d3691,1156610800,1,m.xiaozhu2.com/*
87aa62a34ad432d5a70ac6a3b03559e3,1156130100,1,m.xiaozhu2.com/*
88f26ab5aa14e240971740bd6e84dd1a,1156610100,10,m.xiaozhu2.com/*
8a15fb9a2cbe79a213b694ed43d02216,1156610100,10,m.xiaozhu2.com/*
8a5c48a24527fb674439198d5e1e8b36,1156610600,6,m.xiaozhu2.com/*
8b47f8cbf75a32c212e18020010d6b8a,1156610400,1,m.xiaozhu2.com/*
8d04bb942159ad40c173fdb1e38392e0,1156610100,2,m.xiaozhu2.com/*
8d2c5c74199a46fb445d7db17552e82c,1156610100,4,m.xiaozhu2.com/*
8d8c78a17c0fe2f2eb9bc2ff902833b1,1156610100,1,m.xiaozhu2.com/*
8e32f10f06fe99e9c3ac189b26fe95e4,1156410400,5,m.xiaozhu2.com/*
8ee474c02f389aa6ed442b9deed7cd93,1156610100,4,m.xiaozhu2.com/*
8f65828fb8af4cdf96f2f2084f029602,1156610100,9,m.xiaozhu2.com/*
8ff834774d7b56b6ea91e7ed33bf09df,1156610100,11,m.xiaozhu2.com/*
9032ec6663e87197762a5ea289a6d7dd,1156610500,1,m.xiaozhu2.com/*
925f01f60048472077217ba802e18198,1156610100,2,m.xiaozhu2.com/*
92675651450bf3e34eec44b98a1d4faa,1156610100,9,m.xiaozhu2.com/*
932eaa2d261bbe9cfb4b0f87498df4b3,1156610500,11,m.xiaozhu2.com/*
9377e3f643f990927328b09717835c37,1156610100,14,m.xiaozhu2.com/*
95c18aba9855f2ed8a22347584e4ea7b,1156610800,11,m.xiaozhu2.com/*
96b60a4e7d596bbf768e8a025cd7d68a,1156610100,11,m.xiaozhu2.com/*
978b110fc52629ceb2bceaa03d3de69e,1156610800,1,m.xiaozhu2.com/*
97b1bac793327150c08c05d2e6960af3,1156610200,9,m.xiaozhu2.com/*
98f6279cca5baf28c074c0523e155888,1156610100,11,m.xiaozhu2.com/*
9a20699650af1d30063b35e6343299ae,1156610100,9,m.xiaozhu2.com/*
9a6f07b5695190c2bc3a30e127aeafae,1156610500,1,m.xiaozhu2.com/*
9aa6d168993b7524ef4e5de4b554b03f,1156610100,4,m.xiaozhu2.com/*
9be3bf6c3b16e5a5de368a1acb2bb65d,1156610500,1,m.xiaozhu2.com/*
9d45b0f2a86ec840a17d64e8ff28c856,1156610100,1,m.xiaozhu2.com/*
9e7c65bd7ba7a4f5595c1e8ac792361c,1156610800,1,m.xiaozhu2.com/*
9ea37268caf47def13e09f03490e28b1,1156610100,6,m.xiaozhu2.com/*
9ebf7e4d85560c3077a9d9e04e8754e9,1156610100,1,m.xiaozhu2.com/*
9ec74ef5d36580a11786b9fbedd9baae,1156610100,10,m.xiaozhu2.com/*
9f3383a23690f390ce98f30b19015aba,1156610100,7,m.xiaozhu2.com/*
9fb9665cd1941924277f5a092b0fb225,1156610300,23,m.xiaozhu2.com/*
a021a045af452ab3d4c33f7fa0b00bc3,1156610500,1,m.xiaozhu2.com/*
a0a30e53be2acce3b2443820552bd19a,1156610100,1,m.xiaozhu2.com/*
a0c688d69f62c5865e86f5f2bf7cbf7b,1156610400,3,m.xiaozhu2.com/*
a2778503c09b74779c71573be6e10984,1156610100,12,m.xiaozhu2.com/*
a2c16ad377525950fdf89a24adab69d2,1156610100,20,m.xiaozhu2.com/*
a330495c206825559b0ad702edf9e0aa,1156620100,8,m.xiaozhu2.com/*
a3875f6f3cad3e9a1bd552ee3a2c5630,1156610700,9,m.xiaozhu2.com/*
a3bd9409d001f5439008a8d8fff9235f,1156610600,2,m.xiaozhu2.com/*
a3c2b2ea4ce6fb8d00c50054992c212b,1156610700,2,m.xiaozhu2.com/*
a4489d5cf605645a92234139893ee814,1156610100,8,m.xiaozhu2.com/*
a4a3926257e96fd8aa09ca76ae7d5909,1156610100,12,m.xiaozhu2.com/*
a513477e8e7f9e0f8633e6dcd376b205,1156610500,1,m.xiaozhu2.com/*
a5452627d48dfd3ad6e0dbc2e8ea5bf7,1156610600,7,m.xiaozhu2.com/*
a56af0b1a11fd83c2b6350e60cec4dc0,1156610100,1,m.xiaozhu2.com/*
a5b08476044c5608b58f4d222595ee64,1156610100,11,m.xiaozhu2.com/*
a685e7dc7151a3fcf95bcf3a3943059a,1156610100,11,m.xiaozhu2.com/*
a6b5d7b90169e42cf2798fb9a695cb24,1156610100,9,m.xiaozhu2.com/*
a7c2aa84f84c12d10064a401d3186a2f,1156610300,15,m.xiaozhu2.com/*
a7c306c94f1e875bdedac2a3b61b44a0,1156610600,2,m.xiaozhu2.com/*
a89aa5bbb988d773fa061306c1f5ab82,1156610800,17,m.xiaozhu2.com/*
aa83197d45c43c524988fdfe81e57a1e,1156610400,12,m.xiaozhu2.com/*
aaba54220c083a5238784116cf82dfca,1156610100,1,m.xiaozhu2.com/*
ab2ba5a6694dc085ca1f0c0a8bd71755,1156610500,16,m.xiaozhu2.com/*
ab778dbbb1e219585cc2d56172742750,1156610100,10,m.xiaozhu2.com/*
ab863f245bf13f097a42fafad2a5778d,1156610900,1,m.xiaozhu2.com/*
abe6045da7267f07f14257ccafd0382f,1156610700,12,m.xiaozhu2.com/*
ac6e53398d439f7d17632af5086b1715,1156610800,7,m.xiaozhu2.com/*
af24f425fcff4004cf20f3c2b7f139c3,1156610100,1,m.xiaozhu2.com/*
b06c07548cb61c29d2bd8620fe08d7f6,1156610100,6,m.xiaozhu2.com/*
b2055e63cc2b3b298c5d5eb5afc49b23,1156610100,1,m.xiaozhu2.com/*
b2c4494e7ee03fcc92e510587b94f57c,1156610900,1,m.xiaozhu2.com/*
b3b76a7554bf56aeef8127dcc03f5878,1156610400,4,m.xiaozhu2.com/*
b4ab4037ff6b77ce04c7d434325363d9,1156610800,31,m.xiaozhu2.com/*
b5c56fd084e82b485fa708599fde8134,1156610100,2,m.xiaozhu2.com/*
b81167a9dccf3db25e864dee9bc8180c,1156610400,1,m.xiaozhu2.com/*
b8a58d97d74b8554e91a6a757883e576,1156610100,21,m.xiaozhu2.com/*
b8db119c198c2fcf272fa1bc96c1df9e,1156610100,1,m.xiaozhu2.com/*
b8e5be0a721e497bded999f1cb55cc11,1156610100,2,m.xiaozhu2.com/*
b956651e592375f51d0e4318f401bb8e,1156350200,19,m.xiaozhu2.com/*
b9916ad821b4801a38c65f2b420c27a4,1156610400,2,m.xiaozhu2.com/*
ba56f66118485818d3b55bb09ceea685,1156610100,2,m.xiaozhu2.com/*
ba67fc9184cdde599851ce0998012017,1156610100,2,m.xiaozhu2.com/*
bab041b8fba3bf86b10b9f2d9dd273e8,1156610800,11,m.xiaozhu2.com/*
bcfee8c769033e76a80eb929b2758062,1156610800,1,m.xiaozhu2.com/*
c070d144a6b2798dbd6f8b5e9fe43caf,1156611000,11,m.xiaozhu2.com/*
c0cb020b1e0245499b834584b8f0663f,1156610100,13,m.xiaozhu2.com/*
c1acbc90eeffa9fa713bcfd332debfe9,1156610100,5,m.xiaozhu2.com/*
c266cdba07f055c2aa3372ea4cf35e2c,1156610100,3,m.xiaozhu2.com/*
c28cefa13124040d3617bf0d6e081abc,1156610100,1,m.xiaozhu2.com/*
c2b17be94cb1a79db6713e5752e14d51,1156610100,10,m.xiaozhu2.com/*
c43bd581800a270a44c330d78836ddce,1156500000,1,m.xiaozhu2.com/*
c451bc3619fa9f6433a9292de92fd270,1156610600,15,m.xiaozhu2.com/*
c5d2347fb2b6cad060239f4b955c9748,1156610400,11,m.xiaozhu2.com/*
c86977b8932072a8b8338f30e76b6e4c,1156310000,15,m.xiaozhu2.com/*
c87ff2bea16a37eba6d8781f5162c1b9,1156610800,1,m.xiaozhu2.com/*
c9d55b4aa891ae8ef56db0e537d58410,1156610200,1,m.xiaozhu2.com/*
cb1337befa9119f1f5ef48b35e79c0c6,1156610800,20,m.xiaozhu2.com/*
cb156cfe58bce509d474e472f639c79e,1156610100,1,m.xiaozhu2.com/*
cbc345ca13096a57cb700bc0c89dc7e7,1156610100,2,m.xiaozhu2.com/*
cd40ef10a2ea275fc2dc9ec7470982a4,1156610800,1,m.xiaozhu2.com/*
cdf5f6c3672a800a0b2bbaf8812d6061,1156610400,1,m.xiaozhu2.com/*
ce0be31a8af2023046cf06d3eaf11ba2,1156620500,9,m.xiaozhu2.com/*
ce3505cc061c187abbf235b7a56d58e6,1156610100,9,m.xiaozhu2.com/*
ceb948d913eca5e5787e19a08f46f5ab,1156610700,16,m.xiaozhu2.com/*
d01df71fd49091897ccf0b44d0a950b3,1156610100,12,m.xiaozhu2.com/*
d05c0fd782746ac19cea0bc854c40192,1156610300,12,m.xiaozhu2.com/*
d0a9f91bb32d10fb736af3b3512cb417,1156610100,1,m.xiaozhu2.com/*
d176656a289f020f9abc7059267b004a,1156610700,13,m.xiaozhu2.com/*
d2ef447198ec0e4a3b68e7d49656153c,1156610100,1,m.xiaozhu2.com/*
d31be26d648f9b1115c881c6ebbdad2f,1156610100,4,m.xiaozhu2.com/*
d3c246444178e5c6f4a30b9c1e0d7ee9,1156610100,11,m.xiaozhu2.com/*
d3c4b37b6d5ed5637c4a0a2a0a7a1af6,1156610600,9,m.xiaozhu2.com/*
d3d923a09b42f2350f15df200196c9a9,1156610400,1,m.xiaozhu2.com/*
d5288f56f3eb01e56dec445620d14816,1156130100,1,m.xiaozhu2.com/*
d573249ac1167ca22459442374a679ee,1156610700,4,m.xiaozhu2.com/*
d5b35f3e1ec45708bd3e64b8d3413c24,1156610500,1,m.xiaozhu2.com/*
d5c481e2b699251521d58cf5ae1aa40f,1156610500,11,m.xiaozhu2.com/*
d5dae88271d775115af3b7b08e085c09,1156610300,1,m.xiaozhu2.com/*
d5f738c3a97bfce4074c69feecc175d7,1156610100,12,m.xiaozhu2.com/*
d687c8e6977b1259ebb9c6cb8ab528c1,1156510100,12,m.xiaozhu2.com/*
d8a920e1adc50805e7a0323acdae7193,1156610300,11,m.xiaozhu2.com/*
d93913fa498d8e7b636c037cebd037e6,1156610100,5,m.xiaozhu2.com/*
d940b0afb268879fefea549bd8d2ea42,1156610100,1,m.xiaozhu2.com/*
d9c92fbe5c199cf6cd7b19e1ac560a7b,1156610100,13,m.xiaozhu2.com/*
dca03f37e17cfc21104096b2038fd0fc,1156610400,15,m.xiaozhu2.com/*
dd57ff0c3e443ef7ad4063d2dd89061d,1156610100,13,m.xiaozhu2.com/*
df8c93e847fc96cfc702d2bc108fb553,1156610100,10,m.xiaozhu2.com/*
e011474d825cd4351425dce1fd0ef145,1156610100,1,m.xiaozhu2.com/*
e0c5fbe4b7d0fe8277bc19c5b5c2b431,1156610100,13,m.xiaozhu2.com/*
e13914dcb44dc006acec706fc2885609,1156610100,5,m.xiaozhu2.com/*
e16ed5ee81b37e9d5c17c419b5ab849f,1156110000,8,m.xiaozhu2.com/*
e1d71641d87dd240c34bbbf7d915ef91,1156610500,1,m.xiaozhu2.com/*
e1fadadf346bbc81286dc15a2c8bbc74,1156610500,1,m.xiaozhu2.com/*
e215ab8c34a9bd7596aeb6e4e5c836f4,1156610100,15,m.xiaozhu2.com/*
e2d4da722debcdff40a4f13523be8bbd,1156610100,6,m.xiaozhu2.com/*
e3db5f164fbbcec30fa71dc9af8bb90f,1156610900,2,m.xiaozhu2.com/*
e4197966fe1b5eaad8cd6af3b880cb20,1156610100,1,m.xiaozhu2.com/*
e42f06940dc186fc80d7b1aefd9a936b,1156610100,3,m.xiaozhu2.com/*
e9521c0a79e479927bb709409843c079,1156610500,2,m.xiaozhu2.com/*
ea41c8da436e34c5cf31e57f4fdc570f,1156610100,1,m.xiaozhu2.com/*
ec95772a38f38c0cc3a38e36bebd817f,1156610600,1,m.xiaozhu2.com/*
ecd2fa8364749cfe8289608edc561531,1156610100,1,m.xiaozhu2.com/*
f03a927aeaeaea02dbdbf7a735afb43c,1156610100,1,m.xiaozhu2.com/*
f121569eeb0efea9960d3341fc574f0e,1156610100,15,m.xiaozhu2.com/*
f1497db41849817b3e13b769731a3a69,1156610500,17,m.xiaozhu2.com/*
f32f299ff1c4aaed58409b4dba960a3b,1156610600,1,m.xiaozhu2.com/*
f3c605ed890cf9579e56bcdff7fc2f9d,1156610100,3,m.xiaozhu2.com/*
f44ee9a62d4e104f24983353da425b21,1156610500,1,m.xiaozhu2.com/*
f55a0b47be710e80069ed2fc89320bd9,1156610500,22,m.xiaozhu2.com/*
f8c4ed4748dea78b872e910770016a87,1156610500,1,m.xiaozhu2.com/*
f90cce011406badc31e3b3a12e0a67c3,1156610600,14,m.xiaozhu2.com/*
fa9d7385d16896b5fd91dc7c818ca6b2,1156610500,9,m.xiaozhu2.com/*
faeff55576bdeb5ee81e969564f19980,1156610300,12,m.xiaozhu2.com/*
fb0b2406b6fb6fac47b5f61b61ff356f,1156610100,1,m.xiaozhu2.com/*
fcdfa57a8682152d7276b369a7bc1923,1156610300,1,m.xiaozhu2.com/*
fd02fba14815cbd24e8f35190985d31f,1156610500,2,m.xiaozhu2.com/*
fddd1f4c768c19d60847ae79e87c7a59,1156610100,10,m.xiaozhu2.com/*
fe9da63532c43a3d5e9c4a69ad27e4a6,1156610100,1,m.xiaozhu2.com/*
