03af407297494720bb1ac5aae3c80f34,1156310000,31,wap.lotosserwis.com/*
03ef7d1ff90b9a354fca2dcaf4cb9b76,1156610700,2,m.28.com/cany.html*
0448cf6b2335819348f104418443ea38,1156340500,43,wap.lotosserwis.com/*
0453e84f5a1911943d745fd7c0c7f1fb,1156530100,41,wap.lotosserwis.com/*
04bddeab37112af1a58eec90dc6d2cfe,1156440300,28,wap.lotosserwis.com/*
04c2f889dfe0604878f455219d9c3107,1156441900,1,bdyzwl.zszx001.com/sbsds-wap-wgn/*
0507493dcee5a330d06587158dc319ef,1156371600,4,wap.lotosserwis.com/*
053c6a3a491ab644683c8de78972deed,1156150600,30,wap.lotosserwis.com/*
05936f03c91649d2dcd13db7800eb705,1156460100,1,wapbd.082808.com/37/Group/wlcy_bpcy.html*
05b8ec9428e7478bcc01ae3c60c7fb57,1156510100,2,wap.lotosserwis.com/*
05e4f1daeced58ddd8be8905a488002b,1156330300,52,wap.lotosserwis.com/*
0623261b252ca029a4a5702cfcd14487,1156450100,6,wap.lotosserwis.com/*
06274c486d0fd65202a6429566131e9e,1156370700,1,wap.lotosserwis.com/*
06a54a983c9467a005a9855fe3a0005a,1156442000,36,wap.lotosserwis.com/*
06b8c37fe7f45c972196cbc543aebd43,1156431300,38,wap.lotosserwis.com/*
06c1a7b7bed009978c7dc9ec942894f0,1156330900,21,wap.lotosserwis.com/*
07133a8a7727820030b80f8300f2a941,1156500000,1,m.jmw.com.cn/so/i2/*
072d802c9e04abc86793140f1868cfc7,1156620100,1,wap.lotosserwis.com/*
076e28486e3a4337f1354edea61a91db,1156371500,1,wap.lotosserwis.com/*
077ea7c84d32871b07bf082215176f70,1156330200,23,wap.lotosserwis.com/*
0790be4c2cafacda5c852dc98a0225e8,1156120000,68,wap.lotosserwis.com/*
07fa6e6fb4c4fae3b56b87a65d9c9523,1156510100,1,wap.lotosserwis.com/*
0823bf7262596112f28018fc98e7df9c,1156620700,1,wap.lotosserwis.com/*
083bc94a76483925cc761e85c30533cf,1156522400,69,wap.lotosserwis.com/*
08b65f52e36664bdd4a5936a110cd2dd,1156440700,5,wap.lotosserwis.com/*
090377990df6393f6d78b887bb047b21,1156440100,2,wap.lotosserwis.com/*
092c5704192013b099e432177a6f4433,1156640200,6,wap.lotosserwis.com/*
093ec08231f8824de40cf80731815dd9,1156431300,29,wap.lotosserwis.com/*
0944e05ab607ebe87ee89113549c665b,1156500000,47,wap.lotosserwis.com/*
0a59e7e055fe4339ed1b8343da4b8128,1156620400,21,wap.lotosserwis.com/*
0a5ea5d08cbef61924832c2374789a90,1156340700,1,wap.lotosserwis.com/*
0ad03893eaa58041edfb8f4788f4a3b8,1156320100,35,wap.lotosserwis.com/*
0ae9981244a910e76255b892f6a04d02,1156511900,2,m.jmw.com.cn/so/i2/*
0b2acdafe10a225b628fd0c22ad023f8,1156130500,20,wap.lotosserwis.com/*
0b38a7a947fedeaf3c65f05c72280dba,1156130400,38,wap.lotosserwis.com/*
0b6399deeb4584aa5a26cb590d922d2a,1156511400,5,wap.lotosserwis.com/*
0bacad9c8ea811bc4faf6f01ed2804fe,1156530900,1,wap.lotosserwis.com/*
0bf33f1c4364b32707ea43121c19a876,1156320500,39,wap.lotosserwis.com/*
0bf9da75271c4eefc7f87711ceda3963,1156130800,3,wap.lotosserwis.com/*
0c0f96b88e5b068119d1b3ec81cd8681,1156371000,30,wap.lotosserwis.com/*
0c4aee08c3f5299ce9179c7e4e89436b,1156130200,3,wap.lotosserwis.com/*
0cc66d60760805e3473fd281ac1c5022,1156620100,2,wap.lotosserwis.com/*
0cd16b1a3d7829867a7f79e2cdd46ea7,1156320800,4,wap.lotosserwis.com/*
0cf077500a5f6d6248567f1475d2db3e,1156622900,1,wap.lotosserwis.com/*
0d197fdfe5730eb2c92d777b57c5a753,1156421100,30,wap.lotosserwis.com/*
0d1e2f8536cc4483e2288130dc8b7daa,1156320100,1,m.jmw.com.cn/so/i2/*
0d8bdf81b9c2318e7009ff354992d6f2,1156340100,27,wap.lotosserwis.com/*
0db14161054e321bc9d2ff62154db493,1156340200,1,wapbd.082808.com/37/Group/wlcy_bpcy.html*
0de05cd31ce36a972c5d6e6d13656d73,1156130600,3,m.jmw.com.cn/so/i2/*
0e227d74e30948a4be1dc75237a3b3b7,1156620100,12,wap.lotosserwis.com/*
0e8b813db43978989024247aee374c48,1156370300,3,wap.lotosserwis.com/*
0ee671e24cc61957efeb251b795973a4,1156411200,1,wapbd.082808.com/37/Group/wlcy_bpcy.html*
0ee79ef05caff77277bb802b729e5045,1156530100,22,wap.lotosserwis.com/*
0eeac8de318b1ed300b8da6a23663933,1156640100,34,wap.lotosserwis.com/*
0efafd1376e35eb94ac45c41cbf503ae,1156530500,6,wap.lotosserwis.com/*
0fdadd56ab507055cc7ff904e1194fb1,1156640100,37,wap.lotosserwis.com/*
0fe1aff0130012407a06d98c195fa04f,1156370300,9,wap.lotosserwis.com/*
0fe5370a4b5d777c04e700bc058b9875,1156450700,14,wap.lotosserwis.com/*
103360635c539c80bd36ef8b1ea57061,1156621000,4,wap.lotosserwis.com/*
1036543be6aeb9898272b460102e8922,1156330700,6,wap.lotosserwis.com/*
10440620a85c0b0ae038a457ec2f87f5,1156150600,48,3w.sjgh34.com/wp/hbjiwap/
104e10dce3d79cdcefa4567aae7d482c,1156371500,12,wap.lotosserwis.com/*
10b14f834c2a21a7166ab2793a510cdf,1156130200,32,wap.lotosserwis.com/*
1183c419f434716edbadee1f81775282,1156220100,4,wap.lotosserwis.com/*
1184d6fc141a928aee9f35982954448a,1156341600,3,wap.lotosserwis.com/*
11fdd5daf8651103fd5a8567ae6b699b,1156110000,1,wapbd.082808.com/96_37/Class/canyin.html*
124942080a775063c485a96af8509c72,1156610500,37,wap.lotosserwis.com/*
1253109cc54f8e914a4f106dac0f5a0a,1156230500,46,3w.sjgh34.com/wp/hbjiwap/
12e54e96ebc10975b6612550ecf24399,1156340800,1,wap.lotosserwis.com/*
12f605af6fa3e3fd881c0eedd5603a51,1156440300,1,bdyzwl.zszx001.com/sbsds-wap-wgn/*
13556d62bdc5a396038c736fdc56062c,1156340200,49,wap.lotosserwis.com/*
1360cb0b9efcb1aab9db033b5d0a0217,1156620700,4,wap.lotosserwis.com/*
1360cb0b9efcb1aab9db033b5d0a0217,1156654000,1,wapbd.082808.com/37/Group/wlcy_bpcy.html*
13e61abaf114161ba9f4d7c300cc3692,1156451100,26,wap.lotosserwis.com/*
1464dc92595f880cd210aff6190a397a,1156360100,1,m.jmw.com.cn/so/i2/*
14d61af7e0e1f22c8a49f2a79362bd76,1156440100,13,wap.lotosserwis.com/*
14dd97e93c60d71ce49cbd102d3f67ea,1156620100,1,wap.lotosserwis.com/*
1514bf0f12f1969437f48de90c98c360,1156130200,34,wap.lotosserwis.com/*
152efc8dc08190054da6bc10640c6203,1156231200,45,wap.lotosserwis.com/*
16a1eed22e4c8ad44b869bc03ea1e896,1156532300,22,wap.lotosserwis.com/*
16b6fa961872c90ea047ccf5f6bc44da,1156340100,5,wap.lotosserwis.com/*
16f2ee5a74420e3dfd3a4a86ac5f93c3,1156320900,30,wap.lotosserwis.com/*
16fc36ae48e07ee994ec0d46381f28df,1156620800,7,wap.lotosserwis.com/*
1758fe457aa97e3fd922c8bbc3a949ff,1156220800,31,wap.lotosserwis.com/*
178ae40196ae5134ac6c74c1b27dcf4f,1156310000,102,wap.lotosserwis.com/*
17dd83d8ae8a78cbeb13ee3d66f1fdac,1156430100,32,wap.lotosserwis.com/*
18179a841370bb32976da3a195b513f8,1156371300,29,wap.lotosserwis.com/*
183e4e7d668d906dad5b7fbcd7186103,1156360300,37,wap.lotosserwis.com/*
1858546f48e4fdbc72c69eaa67563d14,1156110000,34,wap.lotosserwis.com/*
186095f8738491984de39d14d6d130ff,1156220500,71,wap.lotosserwis.com/*
188bd8b9f577f97557f8017918738906,1156130300,10,wap.lotosserwis.com/*
18e835f511e98616d83eac005ac3a505,1156330200,10,wap.lotosserwis.com/*
191f2ea59b35b1003865cd210348d5be,1156370500,21,wap.lotosserwis.com/*
1b0482afd9b91a99b1571127487a46f8,1156360100,32,wap.lotosserwis.com/*
1b952b88968b0505ff0c92173cd95df1,1156510600,83,wap.lotosserwis.com/*
1bd1eac2017c9c8a4cc0db9c27128646,1156370600,3,wap.lotosserwis.com/*
1c329af88d040265304a8c9a35ba28f6,1156341800,6,wap.lotosserwis.com/*
1c72172158300a571cf9a10f657afbff,1156451000,2,m.jmw.com.cn/so/i2/*
1ca147ee5eadb3479d82ea0319643f0f,1156610100,60,wap.lotosserwis.com/*
1d44c845f74058f7871f7020578dc272,1156621000,5,wap.lotosserwis.com/*
1d4b5f20a9e576d1c2c2a0a3a278bdaa,1156450100,1,wap.lotosserwis.com/*
1daef361f344d4931858f13b089f79b9,1156230800,13,wap.lotosserwis.com/*
1db37a168862844f16050e1c0d2f6d2e,1156120000,30,wap.lotosserwis.com/*
1e53c9c7f00acaa87218a65dbd633371,1156360100,41,wap.lotosserwis.com/*
1f71cc3499cd29b0dd6959e0e218ddc7,1156450500,37,wap.lotosserwis.com/*
202a185a7106094c1292bbd5de55e974,1156421000,43,wap.lotosserwis.com/*
2044826f2b863477077199191de60258,1156441900,16,wap.lotosserwis.com/*
20747c735db6398e177cd544ccb543f6,1156130100,1,wap.lotosserwis.com/*
20775d97fe97f2ef1c3e21baee1746da,1156620800,14,wap.lotosserwis.com/*
2097272a2d4fd141053f4129e652c33f,1156341500,26,wap.lotosserwis.com/*
209a3cfd935a43f04223345ac33b1312,1156510100,9,wap.lotosserwis.com/*
20afa9ad204162981ac4f78698cae98d,1156320500,28,wap.lotosserwis.com/*
20c20eef17f7532c23ba187671d14fcf,1156130200,38,wap.lotosserwis.com/*
210476840eb6a09d7bbfcf3cc95d6440,1156440300,1,wap.lotosserwis.com/*
2106b170ffc77f5d1ad05d3a3efb32f9,1156371400,15,wap.lotosserwis.com/*
214241bdf20a38dc77b6203cac8cc1ab,1156530300,33,wap.lotosserwis.com/*
217a1a37a7b6c87d46e04de43fb39075,1156150400,1,bdyzwl.zszx001.com/sbsds-wap-wgn/*
21c4333bf235e90c6d9829e5d17f7551,1156341500,1,wapbd.082808.com/37/Group/wlcy_bpcy.html*
2222beb021c44464f71246f475d8aaff,1156341000,29,wap.lotosserwis.com/*
2246e36a0e9478e0c1334035ee061850,1156341500,27,wap.lotosserwis.com/*
229808b71ab5dafd36ef88c60c121dc3,1156420100,6,wap.lotosserwis.com/*
229a5b48ffd014ba40d50cb7cd65cdd7,1156620400,8,wap.lotosserwis.com/*
22d62a12bb7402b5b6f0bab85012d5f6,1156340600,6,wap.lotosserwis.com/*
22ec50dafa8ddf12a9564852644a7660,1156431300,15,wap.lotosserwis.com/*
2321d0a9f7fce8f8253188163d849b45,1156340800,72,wap.lotosserwis.com/*
2385781b086f598f38c7d00fa7085a52,1156520700,1,m.28.com/cany.html*
23a0ea49810dfc6529078fa60901c2e6,1156370700,1,m.jmw.com.cn/so/i2/*
23e06f392bf6d959990bb8f4c08120b4,1156620100,3,wap.lotosserwis.com/*
23edc129a149f3713b7f808bff8c20d8,1156410300,15,wap.lotosserwis.com/*
23f1c25b13e4d2eff4eb33d408203c7f,1156511500,18,wap.lotosserwis.com/*
23f2b39ad4977294570f5a847e070293,1156440400,1,m.jmw.com.cn/so/i2/*
24025ea33608999960cd7fa1b47e863c,1156510800,34,wap.lotosserwis.com/*
2436166a99b12e15de15f8fcc256a2f0,1156310000,11,wap.lotosserwis.com/*
24520340f5a67d35ec5ea2cd2d48537f,1156620200,1,wap.lotosserwis.com/*
24ab057bc99b6eff1b95798f8ef7817e,1156371100,39,wap.lotosserwis.com/*
24c0669ae0e971f6176865929fb40115,1156210200,6,wap.lotosserwis.com/*
24c7a238c57662c52e26833636f197e9,1156511000,1,m.78.cn/cyyl/*
253e11c38fad070d34ede3a92bd75dc7,1156341300,6,wap.lotosserwis.com/*
25751b2aadf66c02aecae3410fd584f1,1156330100,10,wap.lotosserwis.com/*
259d01d02cd517f995ad44ede113c4aa,1156310000,1,wap.lotosserwis.com/*
25f81a516da47cee977909eb06597dcc,1156341300,1,wap.lotosserwis.com/*
2625d52ae8fcd1c65c8ec3c2fb5b187f,1156371500,1,wap.lotosserwis.com/*
2684fcb5384e4a4a9819e6b9d97bc91e,1156130100,1,m.jmw.com.cn/so/i2/*
26b48f94b58ab7f18679fcde2e631d4d,1156320500,1,wap.lotosserwis.com/*
26c991c753aaa9aad920db88e94e0906,1156370900,1,wap.lotosserwis.com/*
26f040dd4f215e5ed03c14dbc2fa48c5,1156310000,33,wap.lotosserwis.com/*
2709495816ceddeaaea42c1731880b6b,1156411200,37,wap.lotosserwis.com/*
278558427df183ac2f03ca4cd23fbb30,1156440700,1,m.jmw.com.cn/so/i2/*
2810021443b26b1d1c38424557facdd1,1156440100,14,wap.lotosserwis.com/*
284ab8274aa5c21c1d57362713a8268a,1156621200,9,wap.lotosserwis.com/*
289c16f2499753a085348d0723e252eb,1156222400,1,wap.lotosserwis.com/*
28bbcd579faab75d6cf75fe52759e1ac,1156421300,1,wap.lotosserwis.com/*
2972f861a83de4946595f7e3b30e5b16,1156110000,42,wap.lotosserwis.com/*
298f8321fb464a0682511ef79f4c92e4,1156350800,3,3w.sjgh34.com/wp/hbjiwap/
29c0b82b34fc9f3360ce200ec04bef09,1156341600,3,wap.lotosserwis.com/*
29d5e28500d04a8e03bab235b66f4f2d,1156500000,1,m.kmway.com/project/cyyl/*
29df28554fdd7197361a6a8822e9298b,1156510500,1,m.jmw.com.cn/so/i2/*
2a62feafb562699a8bfa9288e462dae4,1156370500,1,wap.lotosserwis.com/*
2aad369b48c1e6ebfc7d8f96c06a6acc,1156640100,9,wap.lotosserwis.com/*
2ab60d8c2475fd718331cc6e275d3514,1156341100,1,wap.lotosserwis.com/*
2ad185dc05a3dddb24e0ec40867984b3,1156371300,2,wap.lotosserwis.com/*
2b4da2b5f95f3f15c56e218a91601000,1156450800,2,m.3158.cn/xiangmu/canyin/*
2bb62f1cf49bbeba1891b719b2bc76f8,1156341300,12,wap.lotosserwis.com/*
2c4c265731e0e44332487cbff33c2753,1156410100,8,wap.lotosserwis.com/*
2c6e95bf6fbb9c568e514f2b145b4c08,1156500000,10,wap.lotosserwis.com/*
2cac40d97ff08d90981102c58da2cdff,1156420700,3,wap.lotosserwis.com/*
2cb41c0471af428605e8d17a96149501,1156621100,6,wap.lotosserwis.com/*
2d53ec8ca9805f4d6960f4ad0c50e8fe,1156510500,44,wap.lotosserwis.com/*
2d544a3591711763456d158276ecae19,1156330200,1,bdyzwl.zszx001.com/sbsds-wap-wgn/*
2d705c38c730150a5d3195feadd42ecb,1156500000,1,m.jmw.com.cn/so/i2/*
2ecc7740c5ceb07b66095e87fc63c32b,1156451400,5,wap.lotosserwis.com/*
2eebe72a1f8f0c1b74500c970cb2590a,1156410100,1,wap.lotosserwis.com/*
2f089ba79f630c65074b5c90963567ee,1156340100,37,wap.lotosserwis.com/*
2f60246a64ac6535e4e34cf468b152ae,1156210100,11,wap.lotosserwis.com/*
304ad59ff376b04fab458339f4e89822,1156640100,1,wap.lotosserwis.com/*
30ae38935ea8829ff672c66680ed0c1d,1156341000,27,wap.lotosserwis.com/*
310cab512d6e25b3e94ba279599518de,1156211100,1,wapbd.082808.com/37/Group/wlcy_bpcy.html*
3130150b5772665ddc5560b63d0ba534,1156610700,50,3w.sjgh34.com/wp/hbjiwap/
3134140f40f74804ac2bd7c32a62641e,1156370100,4,wap.lotosserwis.com/*
31341a4fac7e085beff879f7b7767bcc,1156440100,30,wap.lotosserwis.com/*
31ba55a831552af04ded8b55c53d15ce,1156450200,1,wap.lotosserwis.com/*
31bb3448ebf49b52181b2490138f3c15,1156310000,1,wap.lotosserwis.com/*
3205dfb34a907b01a942a8cd04daa4ac,1156371600,1,m.3158.cn/xiangmu/canyin/*
32167e63b051e44eefc1cf1dd0e81d9e,1156540100,1,bdyzwl.zszx001.com/sbsds-wap-wgn/*
323f4da2b6954e023e62f0c1007cffc5,1156420100,2,wap.lotosserwis.com/*
324235c166d9f51ba7cbb8d37193458e,1156341700,1,wap.lotosserwis.com/*
3246d95b33501fd10d3e7bfe43ad644f,1156451200,45,wap.lotosserwis.com/*
32b7c1a1ca0d11118935e7d09c5eac4d,1156420100,37,wap.lotosserwis.com/*
32b7f1dd65128138016f91c2d4064516,1156370200,1,m.jmw.com.cn/so/i2/*
331a18f47b2aceb43b479759f2c01e27,1156341700,33,wap.lotosserwis.com/*
332298817aab158f8f5956883bd15805,1156360800,32,wap.lotosserwis.com/*
33363fd97ee5d97e406d1cddae1093ba,1156341200,1,bdyzwl.zszx001.com/sbsds-wap-wgn/*
3357bcc4225725ec593c84436b113935,1156120000,20,wap.lotosserwis.com/*
33599abb1c2e8b29253d801d6a32abdd,1156371000,31,wap.lotosserwis.com/*
33f4a5fc4cb4385b93f3235046251eec,1156370200,8,wap.lotosserwis.com/*
3487d7961d4af628ff2f1485ad0f4942,1156370500,1,m.jmw.com.cn/so/i2/*
34b95a7438483236ba9530285fdffbc6,1156130500,34,wap.lotosserwis.com/*
34f179cbc6acf027f2efa2697dd204d5,1156150700,4,wap.lotosserwis.com/*
35a629149f45eab53ae1785deb5cadd1,1156500000,5,m.jmw.com.cn/so/i2/*
35c35c642b8bf3fc3e2ae431af06d06b,1156341300,29,wap.lotosserwis.com/*
3624b9db7b901e35addee4fa83f92f93,1156370600,2,wap.lotosserwis.com/*
36294430976467c1143942198827c2cb,1156330600,35,wap.lotosserwis.com/*
36397027467626fb461bb91e965ab9cc,1156370600,1,wap.lotosserwis.com/*
3667f8770a51ef09901d9a6a732bc88d,1156110000,47,wap.lotosserwis.com/*
36da4ff86e5ce0bd90151c21d121791b,1156410100,1,wapbd.082808.com/37/Group/wlcy_bpcy.html*
36e005fe72030c5902462152cc7ad9fa,1156620400,7,wap.lotosserwis.com/*
372603a490c49df1e42ea5f3aa7f5c8a,1156500000,2,m.jmw.com.cn/so/i2/*
376435ea9c5762adf9671228d778307b,1156421800,4,wap.lotosserwis.com/*
378ff55a8f72bddf253817b8f1ac7830,1156620100,1,wapbd.082808.com/37/Group/wlcy_bpcy.html*
37cd64f1c9227cc34b274796fd585ae1,1156640300,1,wap.lotosserwis.com/*
3834705c3e8f54d17787ae8cd1307650,1156460100,6,wap.lotosserwis.com/*
38370245ed42db3788062fb9647ac300,1156420900,1,wap.lotosserwis.com/*
38544f6a9383b214d110afac96244c98,1156130200,35,wap.lotosserwis.com/*
38583274b593f7c529929f0fc85ba68f,1156361000,23,wap.lotosserwis.com/*
38e5f69c2e09a0fb9b07dd8fbc84d741,1156220700,36,wap.lotosserwis.com/*
3954c1b1f192bd5fed33bfb0db0fc82a,1156530800,9,wap.lotosserwis.com/*
3982f9056c3b0853aec52005b2740054,1156513200,3,wap.lotosserwis.com/*
398e1a2f22e5822e4965bdaa670e2962,1156341300,34,wap.lotosserwis.com/*
398f5a9956e21e9409900314fd4b18a2,1156331100,15,wap.lotosserwis.com/*
39a65f7a972d48036cc231286d113589,1156621000,38,wap.lotosserwis.com/*
3a14991eba835b4cb2f19e478505e2e6,1156340500,20,wap.lotosserwis.com/*
3ae46a9d1c9a5b5cbac73d0b11010ed5,1156230600,23,wap.lotosserwis.com/*
3b0415649c428ad3a81d3cb13acc0dc7,1156371300,31,wap.lotosserwis.com/*
3b2588b5b5b1fc91c79c4bccf78078b3,1156330100,45,wap.lotosserwis.com/*
3b2d7a5f19eb81aa353b276729900879,1156442000,1,wap.lotosserwis.com/*
3b3dd28dc36b17881a8f070e04258f8f,1156330400,45,wap.lotosserwis.com/*
3b628fde66d004992a20fb7b6e7abec0,1156630200,1,bdyzwl.zszx001.com/sbsds-wap-wgn/*
3bab60aeb68f0c72534e195cf1ceb72b,1156130800,15,wap.lotosserwis.com/*
3bc27dc84d25849410cd0f7320dd7e63,1156623000,35,wap.lotosserwis.com/*
3bccc3cc8286c0c5a4a9060f8537fbfd,1156420100,2,wap.lotosserwis.com/*
3c553f6e9548ed8477ed6d08c1e9ff44,1156130100,1,wap.lotosserwis.com/*
3c5da5a2ef46cecf068328272cc0bc25,1156371300,1,wap.lotosserwis.com/*
3c795b74d8947693501da6806948a6ef,1156150200,37,wap.lotosserwis.com/*
3ceb308b5a789a7acd7419123dece981,1156340100,1,wap.lotosserwis.com/*
3cf10815699bdc7db6ec3ff30531ca1a,1156533100,28,wap.lotosserwis.com/*
3d05ae0c1e3faface1cc369fc9e17019,1156371600,1,m.jmw.com.cn/so/i2/*
3d3d3b82ab9a55ba84ca102f26344daf,1156450300,48,wap.lotosserwis.com/*
3d5b5a51301f95307fc492c2369111bf,1156370900,2,wap.lotosserwis.com/*
3db695c179bc5e64bf3e0e0d15de17b9,1156340800,1,m.jmw.com.cn/so/i2/*
3de5edffbd28a0028f5f673b0ac29c86,1156620600,13,wap.lotosserwis.com/*
3dfd976aae00b3f93764db4debe59bf0,1156220500,1,wapbd.082808.com/37/Group/wlcy_bpcy.html*
3e3902be3edc142d74ee4acab64fd864,1156500000,1,wapbd.082808.com/37/Group/wlcy_bpcy.html*
3e3a9d712f99bb200fe57010c613a16d,1156450400,8,wap.lotosserwis.com/*
3e7a24b10a87fa93d41a282fbe1cf87e,1156310000,45,wap.lotosserwis.com/*
3ea06b2d7ea78ba21c0173dc4d9e940a,1156640100,32,wap.lotosserwis.com/*
3ed5c9a668e6a9fa1b36e122040dfbdf,1156620500,5,wap.lotosserwis.com/*
3f15f884330342ea986d4ba2c3dedf93,1156520200,1,bdyzwl.zszx001.com/sbsds-wap-wgn/*
3f52f57f5874e02aa2a53e881ea12ba8,1156411100,1,wap.lotosserwis.com/*
3f7659859b73887f3ab0562657f6f6f0,1156120000,6,wap.lotosserwis.com/*
3fded0e2cc773c05bdd5e62bd2246645,1156430200,34,wap.lotosserwis.com/*
3fea275e343984db4333d1f767eb5938,1156500000,14,wap.lotosserwis.com/*
40007b318f951ee4fa05a3c95ab2371e,1156420100,3,wap.lotosserwis.com/*
400ee4950dc8bf19059437c3345cb058,1156421100,1,wap.lotosserwis.com/*
401a30c10d9e10a4969157bdbfe66008,1156450300,1,wap.lotosserwis.com/*
405159ca7d007d61ee4dad6bc395df40,1156320600,20,wap.lotosserwis.com/*
40cc5ed6d912dbd1d20aaaee67a9f6d1,1156451200,30,wap.lotosserwis.com/*
4101778a36b738a0ecfdf3b53c30ec5b,1156430400,2,m.jmw.com.cn/so/i2/*
4135938cfdc9f631afb63c55ee3ab1a7,1156620100,5,wap.lotosserwis.com/*
4143912378affe354d0382441042a163,1156370800,9,wap.lotosserwis.com/*
41699bbd188fa2407b1be2a0ef6e47da,1156511700,47,wap.lotosserwis.com/*
4174a8a498c28bbdb2537d71e6a41072,1156632100,1,wap.lotosserwis.com/*
4191ae0debc2034fcefd6aea3869f020,1156420100,1,wap.lotosserwis.com/*
4224560ec7afcb99461c6bd1c883ef13,1156331000,43,wap.lotosserwis.com/*
422cb70e9c13a7b2d00dc02dbb2934bb,1156361000,34,wap.lotosserwis.com/*
42c1bbfaa1e3521f30b33b6980d9b36f,1156330100,1,wap.lotosserwis.com/*
42e08a3baa8345e3c9c57daa641d1dbc,1156330100,1,m.jmw.com.cn/so/i2/*
4323e592128691045282dcc43faa6534,1156120000,1,bdyzwl.zszx001.com/sbsds-wap-wgn/*
432a5c28bec688232727e2f9d2cb9c0b,1156150300,79,wap.lotosserwis.com/*
43651ecc0cc8fcaa9736933f7cdf3a22,1156320500,40,wap.lotosserwis.com/*
436f84e9e9327a835eb92b1eb7830916,1156330200,5,wap.lotosserwis.com/*
43dec964940cbe5207e410a7cac6610d,1156130600,13,wap.lotosserwis.com/*
43efb1250ad164c173a8ccc42977ef2c,1156331000,1,m.jmw.com.cn/so/i2/*
4422a5790432e9995fc79c128c18aaf5,1156620100,3,3w.sjgh34.com/wp/hbjiwap/
4467bdeca3472d8ed9e51462ac20c8b7,1156421600,1,m.kmway.com/project/cyyl/*
446b984ab0055981557c14ad6a3e3592,1156530600,12,wap.lotosserwis.com/*
4471c7e5318a1d20433a5b3e76b9a347,1156130900,29,wap.lotosserwis.com/*
447d65479b21ff900643a42603ce10b6,1156341800,6,wap.lotosserwis.com/*
44aefa744ec5325760fb8804321e6fc3,1156420100,14,wap.lotosserwis.com/*
44b5bedfb0939b84264a29c89af9c38a,1156370100,39,wap.lotosserwis.com/*
44e10f0046d1ae7d645cc30d12fa3ebf,1156520400,2,m.jmw.com.cn/so/i2/*
44fa91542153d4186949eae66354161b,1156450300,54,wap.lotosserwis.com/*
459680e1a6ed0b6c57501facfb9e64ca,1156152200,30,wap.lotosserwis.com/*
45a4dc39d789f6fbcc7c51bd0f895f1f,1156360100,6,wap.lotosserwis.com/*
45cdd809f5ab0ad885f13facb17d918d,1156330100,11,wap.lotosserwis.com/*
4634cc757c9949685b85de62dab6ea02,1156440100,1,wap.lotosserwis.com/*
463b401866e897f0a8c3ccb5c0309195,1156510100,20,wap.lotosserwis.com/*
464a207d3cc503f47d6aa40ecfbc145c,1156340100,40,wap.lotosserwis.com/*
467b99bbd98be7fadff3d8657c8c92b3,1156441900,14,wap.lotosserwis.com/*
467bd5f2bdff9653d6f18130b4ac96a5,1156532500,6,wap.lotosserwis.com/*
46fed3719699184d8690f6a1fe9c6990,1156350100,1,bdyzwl.zszx001.com/sbsds-wap-wgn/*
471085c821d2af454ad5c64504c766a7,1156370600,1,wap.lotosserwis.com/*
47361ac4aae3b25a447d6a09b2fe31cb,1156340500,38,wap.lotosserwis.com/*
4794b46fdc7211043f95cb98ba33431e,1156120000,2,m.jmw.com.cn/so/i2/*
47c544f8080db68cb74263327443844b,1156340100,6,wap.lotosserwis.com/*
47dadcef02b0c53a250d4d4bd18cf512,1156511600,12,wap.lotosserwis.com/*
48332b3e410dceeeb48d3a15d2b2a757,1156340600,1,wap.lotosserwis.com/*
489bc52c8328a57e88bc5a45f544ae20,1156620100,3,wap.lotosserwis.com/*
48ed568acce6e817bafaa49dd4db2939,1156450300,14,wap.lotosserwis.com/*
49159ead6b73b403427d7adf82564213,1156310000,43,wap.lotosserwis.com/*
4931f8e20d8b70b929f1eef1173069c3,1156511500,38,wap.lotosserwis.com/*
49d53262e4fc6bdefb8610e043d0bbde,1156340200,4,wap.lotosserwis.com/*
4aa89e494320f62543147b4074ac543e,1156110000,1,wap.lotosserwis.com/*
4ae0ebbf9541550333ea41d58c151bb3,1156130100,31,wap.lotosserwis.com/*
4afefaed953d58d508f2d4b09737d262,1156522400,4,wap.lotosserwis.com/*
4b219d8091d93251284d772faee58994,1156320500,11,wap.lotosserwis.com/*
4b266f84afbfd769c1df91f11bfd2be5,1156623000,1,wap.lotosserwis.com/*
4b341f257ccb06ad1cdb75ae9ac0c578,1156500000,6,wap.lotosserwis.com/*
4b74d23eaa9cbd0f5ddc7920a55669f2,1156370100,31,wap.lotosserwis.com/*
4bb51820b0fa6f8a35ed96fccb6187d1,1156220500,9,wap.lotosserwis.com/*
4bcf6a1cbc3a1b84f385f72b109f1ce7,1156110000,4,wap.lotosserwis.com/*
4c0daac31ed8c7ab8c357829e41d4386,1156370700,30,wap.lotosserwis.com/*
4c1d51d497465c8199fbd542f45834b2,1156150400,24,wap.lotosserwis.com/*
4ce7b8cd8a40c7ca649abdd017d7f7b5,1156440900,13,wap.lotosserwis.com/*
4d591c66b8d74fcd128943e53bac3adc,1156150700,87,wap.lotosserwis.com/*
4d8bd46a8ba159c98f6e2b6b1283e5bd,1156341200,1,wap.lotosserwis.com/*
4e2f242d88339e1c8a949eb593e88359,1156650200,1,bdyzwl.zszx001.com/sbsds-wap-wgn/*
4e6647b279795271a1a82bb4bba64775,1156440100,33,wap.lotosserwis.com/*
4e6a2616a004e35c328eeb5ea09ac3c7,1156340200,2,wap.lotosserwis.com/*
4f4d30f2e9e4f93033f9b27e0be6f640,1156371300,62,wap.lotosserwis.com/*
4f823933e6c99459c1892580ef0317c7,1156420100,6,wap.lotosserwis.com/*
4f9a8aa2bab03136c253415969dedfa8,1156320200,37,wap.lotosserwis.com/*
4fb2d080073f5b505ed992d7d4e67a17,1156150800,40,wap.lotosserwis.com/*
507d6c5a360d80ed7fa5fe67637e42ac,1156330300,23,wap.lotosserwis.com/*
509d2af9232a97d23f376fc7fecdeb7f,1156360400,15,wap.lotosserwis.com/*
50c0176c506765402d959fe4fda0fd63,1156511600,1,wapbd.082808.com/96_37/Class/canyin.html*
50ecc90b816185dbac313f94efd19127,1156370400,1,wap.lotosserwis.com/*
510f05847150109b8d671845a3df0721,1156370600,13,wap.lotosserwis.com/*
51229a0381779cb5128850237c31d997,1156440300,28,wap.lotosserwis.com/*
51aa8122c689ca895849552dc8f3637c,1156340100,6,wap.lotosserwis.com/*
51c38512739927221b5ca4c24c634835,1156230600,7,3w.sjgh34.com/wp/hbjiwap/
51c38512739927221b5ca4c24c634835,1156230600,1,wapbd.082808.com/37/Group/wlcy_bpcy.html*
51c411fe50f0687bbd00323ed7782311,1156621000,1,m.jmw.com.cn/so/i2/*
520a166cac9fa3faaa569b0eee68620b,1156450300,1,bdyzwl.zszx001.com/sbsds-wap-wgn/*
524adb8ef11bf9fb6fe0611d2e40a7bf,1156130800,45,wap.lotosserwis.com/*
52a5c06d8d205804c4da818f15a4c072,1156420300,10,wap.lotosserwis.com/*
52cf87e19a256122b9a2f07ea92a89c3,1156620600,4,wap.lotosserwis.com/*
530ca7b5140b9434a3d8c0c1b92397c2,1156320500,10,wap.lotosserwis.com/*
531f3fb105a07c9e37461c1dba07a8fd,1156130600,38,wap.lotosserwis.com/*
53240ed2444ff958e203a88c0b598dc2,1156222400,18,wap.lotosserwis.com/*
532b95b9f53a3b3cac0f2f542ab01262,1156130500,1,m.jmw.com.cn/so/i2/*
53a1a2a35b06197507fca167e36b1d27,1156371400,7,wap.lotosserwis.com/*
540f1abb64f4eb557e1fd0959c1b1086,1156331000,38,wap.lotosserwis.com/*
54e1cac02e7a604748730c6384c6cac0,1156430200,39,wap.lotosserwis.com/*
5550629452a619f3bfd6f32fd64a1764,1156220100,1,wap.lotosserwis.com/*
55906c46c64ef625ebd721350abf8b88,1156640100,9,wap.lotosserwis.com/*
55df67156bf1fd0354ac3f625a165b67,1156371700,7,wap.lotosserwis.com/*
564a7b5c4fb8376406dabdd710c46e34,1156440800,1,wap.lotosserwis.com/*
56741b80a71cd05711bfed2173c25c96,1156450200,5,wap.lotosserwis.com/*
567667d1aa90309d77a1b8d9c0e3f461,1156370200,18,wap.lotosserwis.com/*
568c123fb65af32f16bad55089a5141b,1156150200,31,wap.lotosserwis.com/*
5787507432479965a65529e41b06f500,1156500000,15,wap.lotosserwis.com/*
57aa555c5accfb02949577c75240378c,1156500000,45,wap.lotosserwis.com/*
57e68091288d10e5886ee2a8b80a1e80,1156341600,46,wap.lotosserwis.com/*
57e82c7056a37be01a687bc11225f7b7,1156420900,2,wap.lotosserwis.com/*
57ee951e0d7c652414c8dbf862f0477f,1156421000,5,wap.lotosserwis.com/*
58148193c88c81620a796c519e48b13c,1156341200,1,wap.lotosserwis.com/*
5842e8c890c7d7bd41063d4f6a68e266,1156410200,32,wap.lotosserwis.com/*
585c0f375cb05d4ac01392d74d8692eb,1156420500,1,m.kmway.com/project/cyyl/*
586d17c25c23b0290efc161a13e588aa,1156130300,35,wap.lotosserwis.com/*
591dd93b42502c62eed00d931b159589,1156620300,23,wap.lotosserwis.com/*
59456677914a6db24c5b1d21d49b7b98,1156130200,15,wap.lotosserwis.com/*
599fa4116871fc10ee8c9624c7d39713,1156110000,4,wap.lotosserwis.com/*
59e6ad92a1fbe8d809ee0fe291a35ad2,1156341300,50,wap.lotosserwis.com/*
5a2703899c2219adbcc6efecc91d567d,1156360100,7,wap.lotosserwis.com/*
5a58fd4124e9fcb9fc0d91a6a6d050f5,1156371500,6,wap.lotosserwis.com/*
5b4efe6132b97786f4af51d89161721c,1156440100,35,wap.lotosserwis.com/*
5b7dba45254909a6d1cd838f1fba3329,1156341500,1,wap.lotosserwis.com/*
5b8f1c86ea5d0c6a687e3af5fff1be25,1156150600,2,m.jmw.com.cn/so/i2/*
5bb3f1b272d9e2d66eb08cac9f688ed8,1156450200,29,wap.lotosserwis.com/*
5c10e4c383b1ba9cf0c3262bbf564103,1156410800,69,wap.lotosserwis.com/*
5c54b42870eb716fc0c7aafbe79808e9,1156341300,1,wap.lotosserwis.com/*
5c79d3b854f5a82856142aebb56660e5,1156320500,4,wap.lotosserwis.com/*
5d9fe7a206a71ed6c7974cc76162c4d0,1156340300,12,wap.lotosserwis.com/*
5dd8402e24054d82a0d5a89bd8595081,1156150800,45,wap.lotosserwis.com/*
5deef00de5433705c8e3d973ffc0adb2,1156220100,38,wap.lotosserwis.com/*
5df3c68be62ba4a3529713785ea0c2ee,1156430500,33,wap.lotosserwis.com/*
5e4b04b0496958944838d410acf135c1,1156510900,1,m.jmw.com.cn/so/i2/*
5e8dd0c54647da090abc24ee14c50e5c,1156340800,8,wap.lotosserwis.com/*
5ec25567a72a487a8dd15f49cf48fd96,1156370200,12,wap.lotosserwis.com/*
5ed442f22dbcafae6f289c8f5d6f5a2c,1156620700,21,wap.lotosserwis.com/*
5ed69ef4b4f785a4454846157278886e,1156341300,1,m.jmw.com.cn/so/i2/*
5ee031abcd2b0f0780343726bd6c2d47,1156320100,1,bdyzwl.zszx001.com/sbsds-wap-wgn/*
5ee245fd016d4e005c650992319b583b,1156310000,252,wap.lotosserwis.com/*
5f07e9a272745fd67a4cb18548a1b84c,1156340500,142,wap.lotosserwis.com/*
5f108fb21a9b5aae9418df2606bf6498,1156110000,58,wap.lotosserwis.com/*
5f117488e3da654b3db34f725d3e6afc,1156371600,1,wap.lotosserwis.com/*
5f33f27ec0f1183586a8285338bb731e,1156370400,5,wap.lotosserwis.com/*
5f6ff948ebc8edd79d5843d7d2a1c9ee,1156620100,46,wap.lotosserwis.com/*
5fd24814339e8c804a8dfae82a32c648,1156341000,1,m.chuangyejmw.com/canyin/*
5fdd28500c60a9bd9ec7c8cdc5c3074c,1156130200,15,wap.lotosserwis.com/*
5ff0929a2222e343f1f2b2e8fe8ee578,1156340100,1,wap.lotosserwis.com/*
60583184808e0a535c17e322be772575,1156320500,36,wap.lotosserwis.com/*
607415136ecd98f1c3401409b529d470,1156623000,6,wap.lotosserwis.com/*
6079874b1be567f0f059771f9bad8e4a,1156130600,3,wap.lotosserwis.com/*
60d16ff14c0c6a9652e4f51de3f3d404,1156110000,12,wap.lotosserwis.com/*
61331912ad84aeeff205f364aa000122,1156340100,35,wap.lotosserwis.com/*
6143efdf6a589e3befbea6871d37de4c,1156621200,4,bdyzwl.zszx001.com/sbsds-wap-wgn/*
6157d2085fc1786a67a5c923994b93a7,1156510700,40,wap.lotosserwis.com/*
6170d2bf55ff5e117b5269198a828d8f,1156371500,9,wap.lotosserwis.com/*
61f03fca97c1eacd56f2865b39943f94,1156451400,1,wap.lotosserwis.com/*
6222fb87114b6014a973bd7f81ce2463,1156371500,5,wap.lotosserwis.com/*
62574c6374945b97c0c815a297d6c1a5,1156310000,1,wap.lotosserwis.com/*
62cc47dc7f08ed30e07687cd14ea7fce,1156320800,6,wap.lotosserwis.com/*
62cce1ba72bd9dbe1f1a55d4a37a5de9,1156371700,4,wap.lotosserwis.com/*
63296b5e20a637cdab672549dc37464e,1156370100,1,wap.lotosserwis.com/*
635d5b1eff1338c04330320d2a40d3b8,1156441900,38,wap.lotosserwis.com/*
638d6e42c5173a8b171287079bd6adf6,1156340100,5,wap.lotosserwis.com/*
6447fc73fe16f4365aafbf68d1bca789,1156370900,11,wap.lotosserwis.com/*
647a92b1fd8df68f66a3cab6c53f9705,1156511500,7,wap.lotosserwis.com/*
65192d292ae1b159d43f1894de055417,1156131100,36,wap.lotosserwis.com/*
65617b8362d0514f7a896e11f00c0aeb,1156530600,17,wap.lotosserwis.com/*
65c0eaa28885076280def62cccf67562,1156621100,5,wap.lotosserwis.com/*
65df731a898de3abbfcf5f74803a6854,1156510400,1,wapbd.082808.com/37/Group/wlcy_bpcy.html*
669fcf6a6f32bba132422e34342fb260,1156530400,17,wap.lotosserwis.com/*
66e7493f15673897d31ee9a2fd7ab631,1156370700,6,wap.lotosserwis.com/*
67590d211f6b592dca0c0eb1b5698ed5,1156370200,1,wap.lotosserwis.com/*
676aedb15edee3be82671442b560e5cc,1156340400,1,wap.lotosserwis.com/*
6774f225b7da58598c99929d3a3ca6b2,1156450800,31,wap.lotosserwis.com/*
6845c90117bc96b662c054a4db31e709,1156510100,5,wap.lotosserwis.com/*
6849e3b1cea9239a5fda244368c685af,1156130400,2,wap.lotosserwis.com/*
68692a8af60cb29235af59095b68a67e,1156130700,42,wap.lotosserwis.com/*
68f5f441983d90d095d10a60e9141ea3,1156442000,36,wap.lotosserwis.com/*
690d36e36e396325978a6ce4c1bb4cda,1156450900,53,wap.lotosserwis.com/*
69361459693e5c0b3c5efbcf3ca64b04,1156360400,1,bdyzwl.zszx001.com/sbsds-wap-wgn/*
6a9a6297ea3ae8fce85b757f45741878,1156511900,1,m.jmw.com.cn/so/i2/*
6aab57cebf3b04e96f87aefc7a10ac18,1156621000,51,wap.lotosserwis.com/*
6ab997473d045b8eda1a034db654aada,1156610800,1,bdyzwl.zszx001.com/sbsds-wap-wgn/*
6af09da7167943f33788053d8ef2e397,1156620900,5,wap.lotosserwis.com/*
6b2557ad9a0cba682564fa1d75772922,1156420100,10,wap.lotosserwis.com/*
6b3c0e4068d8e595245fd75dd449f044,1156330300,1,bdyzwl.zszx001.com/sbsds-wap-wgn/*
6b3db5d668dc3177d7c7ff59a35bd593,1156130300,1,wap.lotosserwis.com/*
6b98ee57f31afd6937a9ea17a7a961ff,1156341300,6,wap.lotosserwis.com/*
6c11967b64027f4f18c2aae86b77f37f,1156340200,6,wap.lotosserwis.com/*
6c5c78aefa2a69a9a1758a5ddd725b18,1156621100,15,wap.lotosserwis.com/*
6c667420f3151e8a89100a88717581f4,1156310000,8,wap.lotosserwis.com/*
6c85bd2972bc0c1b8f6ec46a4b3a7e22,1156220100,31,wap.lotosserwis.com/*
6cd8a320530f1a4be1a8cb83495522b0,1156440100,1,wap.lotosserwis.com/*
6cda5463a354943919be3bfaf3c1d855,1156510800,10,wap.lotosserwis.com/*
6d52a30d0f30f03b2474709ae1a8fab4,1156441700,41,wap.lotosserwis.com/*
6d58dae6dc74339944628f4899c2b591,1156621200,7,wap.lotosserwis.com/*
6d859dea05fbd5294a217f8941ab65b5,1156640200,162,wap.lotosserwis.com/*
6d9c074d4154c18dc30f10d15b4a387a,1156650100,1,bdyzwl.zszx001.com/sbsds-wap-wgn/*
6da529dbe1e6fab7808c075233e07427,1156520200,1,wap.lotosserwis.com/*
6db2320e7050219e21926b5912779414,1156130100,1,wapbd.082808.com/96_37/Class/canyin.html*
6dead9fec3f89bb76374197d49cb3ec0,1156370100,1,wap.lotosserwis.com/*
6df1e5474a2587af1dfa4eb17dfafce6,1156371500,15,wap.lotosserwis.com/*
6e413897755af10dd49c3af1bc5472a8,1156440300,1,m.jmw.com.cn/so/i2/*
6e7f3081055ebf40cde4682892de8c5e,1156220100,1,wap.lotosserwis.com/*
6ee81ea6415e06283fc0b4ad98eddfd9,1156310000,1,wap.lotosserwis.com/*
6eec0f9eaea10a0b6f9f48da39464c1f,1156130100,13,wap.lotosserwis.com/*
6f2caa929db97bb5fdb8fec8ec5cda06,1156620200,1,wapbd.082808.com/37/Group/wlcy_bpcy.html*
6f4d0364a4a300a22e1aa761168eca6d,1156620100,38,wap.lotosserwis.com/*
70509bd25be5b81fa143ed94aeaf0aaa,1156371400,10,wap.lotosserwis.com/*
70c7d00798e372b1799240ad2b5d623b,1156450200,5,wap.lotosserwis.com/*
719bfdb9a9a363095d52dc6b23f7af78,1156330300,1,m.jmw.com.cn/so/i2/*
71c5f1a2c5e587083950152e0dd565df,1156330100,18,wap.lotosserwis.com/*
71dda5cb02078f6a28e20dce14377dad,1156530300,25,wap.lotosserwis.com/*
723826fcec262dded0d7b101ea80fadc,1156340400,12,wap.lotosserwis.com/*
7258a35ede8b4e217cfb639be7ab6972,1156430700,33,wap.lotosserwis.com/*
72a6f11d29ae6105de98271c62aecf79,1156310000,1,wap.lotosserwis.com/*
73532eb27d2e4a0e5fd2825cd9813f15,1156340500,1,wap.lotosserwis.com/*
73a33a22638751b5c2d3f997e24dc509,1156341600,5,wap.lotosserwis.com/*
73ab1101a8a1cdc5be5c67b93b8231ee,1156340300,1,bdyzwl.zszx001.com/sbsds-wap-wgn/*
73df97e937a787ac084842dc51d7e39e,1156510100,21,wap.lotosserwis.com/*
7400d1452831c43e780fea291eb0dcbd,1156320600,43,wap.lotosserwis.com/*
748f0e7332efadc1dde21753a772a044,1156340700,10,wap.lotosserwis.com/*
74bbde817c33a0c874b3b8b2bcc6ddca,1156410500,8,wap.lotosserwis.com/*
74f0e5aef6923f5b750e167fc421e653,1156370600,2,wap.lotosserwis.com/*
74fa8593abdd02d18c5d6c251a22544e,1156621200,14,wap.lotosserwis.com/*
75003e3aaeffdd762a94e3deebfbcc03,1156530400,32,wap.lotosserwis.com/*
755679e431e36e3c34c6ebd550c40426,1156440900,27,wap.lotosserwis.com/*
760055b45d518c712cd6eace3016a8d4,1156130700,39,wap.lotosserwis.com/*
76631a0d1010a6c693b6f0f06bc27659,1156420100,1,bdyzwl.zszx001.com/sbsds-wap-wgn/*
76875ac2829c8ba80d4271ef4556da78,1156420200,1,bdyzwl.zszx001.com/sbsds-wap-wgn/*
76d0d0e539be405116d9f9a0c4aac686,1156130100,45,wap.lotosserwis.com/*
76d40f46866fcdb7a5c2ebfe86410981,1156370100,2,wap.lotosserwis.com/*
76e6305e1b6b996cef4170d0c70b0d79,1156370600,6,wap.lotosserwis.com/*
773a8014a46e3b7dea4aea8d6b402426,1156422800,71,wap.lotosserwis.com/*
778ab499435567beafdc9017bde238bf,1156441900,36,wap.lotosserwis.com/*
779a04594621074386969d066491e49d,1156530600,15,wap.lotosserwis.com/*
77a418e673abe5ebb51807fabec179fb,1156130200,35,wap.lotosserwis.com/*
7803972841787f7e808424e4333d1d3a,1156220500,34,wap.lotosserwis.com/*
782140344f85d4a5f0d6b81a59dbd03f,1156340100,32,wap.lotosserwis.com/*
783b2b60508438074413b4366f008224,1156341100,1,wap.lotosserwis.com/*
783ce80f0f12baf44dd751202180320f,1156431400,1,bdyzwl.zszx001.com/sbsds-wap-wgn/*
78f230cb6da14bb0fb7c7aff8d2874c7,1156110000,49,wap.lotosserwis.com/*
7916fa53b409af6a331f1af7bad5dec0,1156220600,2,wap.lotosserwis.com/*
791a1ce7ddbb0a12ede12c93a807c45e,1156330400,5,wap.lotosserwis.com/*
79e348aa3904cba1c1d90398b1ab6f46,1156340100,59,wap.lotosserwis.com/*
7a4e73d4d3d6fd939621058cf16a492a,1156441900,2,m.28.com/cany.html*
7a6c97d63f23125cbf67a6a9651e49e7,1156370400,7,wap.lotosserwis.com/*
7a7e052bc576f6913211e45989921334,1156620100,6,wap.lotosserwis.com/*
7a801b0235462d678cfc42211b5a8ad1,1156500000,37,wap.lotosserwis.com/*
7b1a873f83a41cefb1f80b2d993d7a6c,1156341600,19,wap.lotosserwis.com/*
7b32eb4a3132156c7a5fae966114fcef,1156310000,33,wap.lotosserwis.com/*
7b55aa28122d2b14afa199dd220f4232,1156370200,13,wap.lotosserwis.com/*
7ba31f68fe918930bb4f5233b3974a61,1156510900,36,wap.lotosserwis.com/*
7bc3397de7561c7ba459ff33ed102e4e,1156371100,3,m.jmw.com.cn/so/i2/*
7cccff81b3527bbbd61b4d3bb24842f7,1156220100,5,wap.lotosserwis.com/*
7da718cbffc0ae534e12bf27280cabc1,1156370200,45,wap.lotosserwis.com/*
7e4b6714eafa0418507e0ff6b3b72524,1156450100,1,m.jmw.com.cn/so/i2/*
7e8ecc9a33a02401c9db23bb5f7dacc4,1156320300,21,wap.lotosserwis.com/*
7ed4f78f5391b14339e1ca5ec709de09,1156370200,1,wap.lotosserwis.com/*
7edcea19b123339542834e6e94f6850b,1156511400,39,wap.lotosserwis.com/*
7fc11518e971a866e552c4b6cecbf46b,1156620400,9,wap.lotosserwis.com/*
7fe4186c6f79572bc7858bdffd450f4b,1156422800,2,m.28.com/cany.html*
8006264ccf94d9dcc1596dcd4959c6f8,1156610800,2,m.jmw.com.cn/so/i2/*
80489f5fda23d22e548a178ed901403e,1156320400,27,wap.lotosserwis.com/*
80b7224433e3abfa4a825f05008b26dd,1156341800,1,wapbd.082808.com/96_37/Class/canyin.html*
80de108907ebdbbfd70affd597fff5d3,1156370700,93,wap.lotosserwis.com/*
8124f338edf3a469034fd9b936060a43,1156621100,4,wap.lotosserwis.com/*
812cf035ad90c180908746b1e5e9c6d9,1156500000,1,m.jmw.com.cn/so/i2/*
816fafa59aae6c3242e54b4ba3ab94e2,1156431000,20,wap.lotosserwis.com/*
817c57844752d04ec5b116ef22c5bdf1,1156341600,6,wap.lotosserwis.com/*
8191efe072e54409ac9de8be28efb4d2,1156620400,34,wap.lotosserwis.com/*
823310b76833e9aa824e9d84bf80582a,1156442000,38,wap.lotosserwis.com/*
824e6786261c8a2c3a5c93137c14589b,1156640100,7,wap.lotosserwis.com/*
8265b6a4531a602aff9ae09e86f86bab,1156330300,6,wap.lotosserwis.com/*
8295091a61626b08099a1deff6dcc601,1156410300,1,m.28.com/cany.html*
829c299baf1517c3a5acbd76e4bc6599,1156410300,44,wap.lotosserwis.com/*
82cf94b495bc106603fa956e0e60fa96,1156140700,2,m.jmw.com.cn/so/i2/*
82eae95afc8c0eb5e043613af1be1717,1156420700,2,wap.lotosserwis.com/*
83276c463c7041d0f294aa4d290a4d34,1156440300,1,m.jmw.com.cn/so/i2/*
8397f0729c2e9410d5361a9b37584fd6,1156411700,15,wap.lotosserwis.com/*
83ede5ea87d8cc20aa64cee5d9e10d09,1156360700,15,wap.lotosserwis.com/*
848ad316aaa0980c3d3dd83e3f55ad44,1156341500,13,wap.lotosserwis.com/*
84ad81b1c2b5b72d7d5e019429547d29,1156510700,11,wap.lotosserwis.com/*
84b19e29b7f2696e2f6b49fd1d05a008,1156340100,1,wap.lotosserwis.com/*
84ff22cf459e76649775e1139bb068fb,1156621000,1,wap.lotosserwis.com/*
8574813f5a11d430553983c3599f5243,1156220500,18,wap.lotosserwis.com/*
864d8e69a50651ad800b366021574f7f,1156120000,30,wap.lotosserwis.com/*
865bf4d1bd2dfe109ca2a713f26a289f,1156330100,81,wap.lotosserwis.com/*
86fb2a78c1062dc53939a9f922591cba,1156370700,34,wap.lotosserwis.com/*
87b2466b99b566da5148a8d5f61493a0,1156532800,22,wap.lotosserwis.com/*
87b85d3e6c3ad1eba5d05c76ef98dae6,1156120000,31,wap.lotosserwis.com/*
87d5f9c9f7577d4c38701cb5697b06c4,1156620200,32,wap.lotosserwis.com/*
883fc52d5455a346e3ef0af6fd90cc01,1156510100,37,wap.lotosserwis.com/*
88697736b65b0d85130539896192cba3,1156620100,1,bdyzwl.zszx001.com/sbsds-wap-wgn/*
888cefd44ebecab5695179274e857b88,1156610800,1,bdyzwl.zszx001.com/sbsds-wap-wgn/*
88dcc652d167f25fe4fbadebfccdf167,1156430600,15,wap.lotosserwis.com/*
88e5b97793caad0fe9ad1a84fb61f885,1156510900,31,wap.lotosserwis.com/*
8903154217fcfdb25215a1417e9ea8f7,1156371300,7,wap.lotosserwis.com/*
899ee32ac3d823b7ad4b50918d3f8fa9,1156411700,5,wap.lotosserwis.com/*
89a0ae5e054f8405bb01c4672e27b273,1156330300,8,wap.lotosserwis.com/*
8a1eb05046e6bd9af2511c431e194086,1156340800,34,wap.lotosserwis.com/*
8a34f28059612b1f7ea6d706ceb76247,1156410100,11,wap.lotosserwis.com/*
8a7d748cedf39bca221d43709ccd8bc4,1156340400,28,wap.lotosserwis.com/*
8a8cf08d04b9cad48371c358a095439f,1156520500,1,wapbd.082808.com/37/Group/wlcy_bpcy.html*
8af2b04bfda596249f9b2a02641398d8,1156320100,7,wap.lotosserwis.com/*
8b09a0e9cc8571e12796d4d287abfdf5,1156620500,32,wap.lotosserwis.com/*
8c2cf0f5e87e662cb1408b8468b2814e,1156371700,1,m.jmw.com.cn/so/i2/*
8c3f1745d325602ec0d456816d8afa18,1156341100,4,wap.lotosserwis.com/*
8c440441c6845df29cfadf84f7a92ce2,1156220100,1,bdyzwl.zszx001.com/sbsds-wap-wgn/*
8c4dc991d26f614860d44fc3a2970a17,1156150400,50,wap.lotosserwis.com/*
8c5653c72982e020a9e51d8d30f7d1d2,1156620300,6,wap.lotosserwis.com/*
8c5d6602f48a92450a405f994881ac43,1156120000,28,wap.lotosserwis.com/*
8ca2924e077068bd708e16a1a8059aa2,1156370200,2,m.jmw.com.cn/so/i2/*
8ca5cdbff88e3a4d41a28b273a28f0ea,1156620100,1,wap.lotosserwis.com/*
8cc7b3412179a54150aff0ed906494f0,1156430100,46,wap.lotosserwis.com/*
8cd16aea79148e8942574638be9c6715,1156130600,42,wap.lotosserwis.com/*
8da1b487f47d070d30d0035cf11363ba,1156371500,5,wap.lotosserwis.com/*
8dca322a70d00f2f5f981d594103e6db,1156621200,1,wap.lotosserwis.com/*
8deb2df253126bda7fa9426f7c1358af,1156220800,35,wap.lotosserwis.com/*
8e0e46a72c5b3b28925188fecbd86938,1156620700,48,wap.lotosserwis.com/*
8e35507841eebe6c5f8d5409ef09bd06,1156410100,3,m.jmw.com.cn/so/i2/*
8e44884cd3e30fcb164ad210e62079d1,1156130400,3,wap.lotosserwis.com/*
8ed66ab49cbf461e67f6fb52acab3b61,1156620400,32,wap.lotosserwis.com/*
8f3b31c13f1f180c04a12ef82c87579a,1156431300,2,wap.lotosserwis.com/*
8f47f0327ce44e8971a72139a3c802d0,1156420200,26,wap.lotosserwis.com/*
8fae45864ffb35842799cde5f63c7b33,1156620500,7,wap.lotosserwis.com/*
8fdd84afe1474864fb1acc9dbfa38673,1156510100,24,wap.lotosserwis.com/*
9038f7ae32390400e648f00dfdfbd6c3,1156640100,2,wap.lotosserwis.com/*
905ca8d1e3b573e3ec87887bdb01cdd1,1156410100,9,wap.lotosserwis.com/*
90673a99576d60d698693a898855147b,1156340100,1,wapbd.082808.com/37/Group/wlcy_bpcy.html*
907aff4717b0f59c532ea9e5f44fa7f9,1156371100,1,wapbd.082808.com/37/Group/wlcy_bpcy.html*
90a1c8d387cc15dd06070c0bce2134c3,1156211200,1,m.kmway.com/project/cyyl/*
90b4c86b034e5172c1040078f9011d2d,1156440800,17,wap.lotosserwis.com/*
91031b6cfb561448e5e90e1d59083483,1156120000,34,wap.lotosserwis.com/*
910332119c5c0e5b3e70fb73e3683320,1156440600,1,wap.lotosserwis.com/*
91c728d0748b50841febafe1ac024fb9,1156621000,4,wap.lotosserwis.com/*
91e598cd9310078801a7e66814c0f05c,1156310000,1,wap.lotosserwis.com/*
91ec0f059bebcc591c8a0485c4068989,1156320500,59,wap.lotosserwis.com/*
92071edddcd1ccc256b5e1cdf7861137,1156341100,1,wap.lotosserwis.com/*
925d0055c0b62fb536fbfeccce2b6d47,1156340200,8,wap.lotosserwis.com/*
931a2b7b8d6ac96f5334cab77e69bb44,1156510100,1,m.jmw.com.cn/so/i2/*
937752cbe5999e843d4a314385662a18,1156310000,1,bdyzwl.zszx001.com/sbsds-wap-wgn/*
9387f624a20b014c0763bf04acb0332a,1156330200,35,wap.lotosserwis.com/*
93c8323315ed61f39cd3a1e7b97b0578,1156460100,2,wap.lotosserwis.com/*
943e0258eea98c3be216d813f56fb3a8,1156442000,32,wap.lotosserwis.com/*
94481745841133f5fde37a4b65d043ab,1156130600,30,wap.lotosserwis.com/*
94f997c00a65e31f1b13fd80d0ec47c6,1156371700,22,wap.lotosserwis.com/*
955ec8d529a516221ae4fdc94fffc0d8,1156220100,30,wap.lotosserwis.com/*
95e398be3e7802bd1b3ff65635089357,1156130200,27,wap.lotosserwis.com/*
9642296742eff0a16036338b6a8d7035,1156341600,43,wap.lotosserwis.com/*
967aa7d066d6ced1f00bfde6a8dc02cd,1156450100,1,wap.lotosserwis.com/*
97bf4eb987cbfd3167da540116e02938,1156500000,8,wap.lotosserwis.com/*
981187571beedf82716f1c8542c4e907,1156421200,1,bdyzwl.zszx001.com/sbsds-wap-wgn/*
9818bc9e0ca507d1ae57b62a6d44b60e,1156330200,1,wap.lotosserwis.com/*
990d3734809567b58a4ca83fd278db5e,1156532600,44,wap.lotosserwis.com/*
991a704b0b175ca86f499b9b84273ad7,1156420100,6,wap.lotosserwis.com/*
992b169193a399b7c08f5792afd4ddb2,1156430700,8,wap.lotosserwis.com/*
99eb47972d1663ed3a105c7c87ef84b4,1156520300,2,bdyzwl.zszx001.com/sbsds-wap-wgn/*
9a27c35ca479e124394e266455e82408,1156430600,37,wap.lotosserwis.com/*
9a47b8b7aa1560b1d8f7c33900fc6b40,1156330400,41,wap.lotosserwis.com/*
9a550fd8af6c65fe7d0a7910c8c2fee6,1156530300,50,3w.sjgh34.com/wp/hbjiwap/
9a5683f8505baa365d7421fe12bc4271,1156450800,32,wap.lotosserwis.com/*
9a887c7fe65b486804d674ad67f25b21,1156421500,51,wap.lotosserwis.com/*
9a8a0b26d6ff1642aa54f348c4188e21,1156330200,22,wap.lotosserwis.com/*
9a9b57ef28a5eccb77b05f216447235f,1156340200,1,wap.lotosserwis.com/*
9ab239e00a84a3373c30ca1c1a2ef89e,1156371500,3,wap.lotosserwis.com/*
9b5b024c6ae226519fc0a0430cb3d463,1156110000,66,wap.lotosserwis.com/*
9bc02c9356f387ab59d28ccae2376aca,1156220700,1,wap.lotosserwis.com/*
9bda8adc10e60cef0609b6ebfe70b5ea,1156330100,33,wap.lotosserwis.com/*
9bf655c257904548947296bbd0692f8f,1156422800,16,wap.lotosserwis.com/*
9cc1e081704f0aa3be3538a85ad831e5,1156310000,40,wap.lotosserwis.com/*
9d0099cea1d98f1cb2f5d426f364783a,1156310000,41,wap.lotosserwis.com/*
9d63295e1b3a3b93e13b115c2d225a4a,1156110000,1,wap.lotosserwis.com/*
9d845594dd5453fa9d1fa38884304763,1156450200,34,wap.lotosserwis.com/*
9d96ce3eee838071aa1eccb12f26d307,1156420200,23,wap.lotosserwis.com/*
9da96c7ed4c84a41b7630899eb8e0c20,1156320400,39,wap.lotosserwis.com/*
9de27b314692637a2ed90b5746795300,1156110000,77,wap.lotosserwis.com/*
9e16f61ce91ace7400690cfce438c659,1156410200,31,wap.lotosserwis.com/*
9eb734ba718dbe106352ecc15295bdea,1156450300,9,wap.lotosserwis.com/*
9f95366cf827af999a0f1829d40aaef3,1156340100,1,wapbd.082808.com/37/Group/wlcy_bpcy.html*
9fc5c140e759ed0db50e691b528a4995,1156220100,1,m.78.cn/cyyl/*
a01093133fecc14a6a08166b5f5f5d21,1156430900,1,m.28.com/cany.html*
a0aaede8dd63d6cfbe0b9d7b6bff3735,1156211200,37,wap.lotosserwis.com/*
a0c327281c44ee16991766bd44e5dcee,1156530100,1,m.jmw.com.cn/so/i2/*
a0c3b8b702a6510b41e2e1b12e2e79b0,1156441900,35,wap.lotosserwis.com/*
a0f8e3a4c18bf891026b98955c446ee9,1156371500,1,wap.lotosserwis.com/*
a11d2f553b948ce33594951b182f0e36,1156130900,2,wap.lotosserwis.com/*
a1ff0c821443494227413252103d6e53,1156220100,7,wap.lotosserwis.com/*
a25cc444f04c4fe74da6ff2193cf9726,1156141000,41,wap.lotosserwis.com/*
a25dbfff62413e39ac8d1867d132e337,1156440300,11,wap.lotosserwis.com/*
a279d5d7bedcc0585801afe444f48ab1,1156130200,39,wap.lotosserwis.com/*
a2893b740a53bbe9a84bac186bcbd7b4,1156630100,3,wap.lotosserwis.com/*
a2d41afd332f55300418de6725c4a9f2,1156341500,44,wap.lotosserwis.com/*
a30044de7348f1bfa0c79aeeb872af1e,1156371700,4,wap.lotosserwis.com/*
a301b4f260082a501d6404d4f44b56eb,1156620400,3,wap.lotosserwis.com/*
a343c607e5dd988cc066027786a6fbc0,1156230100,1,m.jmw.com.cn/so/i2/*
a355f722fbcc66b77fdd1d8628b86b72,1156340800,41,wap.lotosserwis.com/*
a3668d2cd822fde082429363d8afedb9,1156340100,1,wap.lotosserwis.com/*
a4177f436c999ed9dcd2615dde42f394,1156620100,28,wap.lotosserwis.com/*
a421f989674d841bf040ceaa5512f0fd,1156520700,1,m.kmway.com/project/cyyl/*
a42e619e77cc4f5bb06b55cbb5d462b8,1156622900,30,wap.lotosserwis.com/*
a4aa3ae92e22e891a5e6adcc346048fd,1156360100,3,m.jmw.com.cn/so/i2/*
a4e4a746d70bb44fa366a6ee0f344415,1156450700,34,wap.lotosserwis.com/*
a54e9ab3685cd15a39fe2a219b03a7d5,1156511500,43,wap.lotosserwis.com/*
a56609d82029835497a7d3028f6f2cdd,1156450800,32,wap.lotosserwis.com/*
a59a6201ef2b5eebec29e6be5b1c35cb,1156130400,2,wap.lotosserwis.com/*
a5a1d55a62c2fff7d531450566b3dea1,1156340800,15,wap.lotosserwis.com/*
a611c53b97dc82e688f13a60bf8ca56c,1156410400,39,wap.lotosserwis.com/*
a66b0a53202a55a52852ae36f9470d5e,1156370700,1,wap.lotosserwis.com/*
a69f2c1274b1a76834f2cbdd20b760ff,1156370300,2,wap.lotosserwis.com/*
a6af95fb9197fdfbe3c13ca398b5482e,1156330300,26,wap.lotosserwis.com/*
a6d42bce0250e0f2546728cffa9c70d4,1156653100,1,bdyzwl.zszx001.com/sbsds-wap-wgn/*
a6e5ed09b97c6809b222a598273a5869,1156370300,1,wap.lotosserwis.com/*
a760bf9e613bc7ff4c9f93ae720a2c9d,1156341800,3,wap.lotosserwis.com/*
a799ca973112de9257d1ac11bc61ad46,1156420100,2,wap.lotosserwis.com/*
a7fc99ee5b7902fad6574bcad1cf6f95,1156620100,2,wap.lotosserwis.com/*
a83dc62cd02ac4570aa5f39745f79ef2,1156371000,1,wap.lotosserwis.com/*
a8e959a561c124d1febf90f6e511a18f,1156450300,19,wap.lotosserwis.com/*
a8f9247cde3bea4d5a8e17476bde0961,1156510600,34,wap.lotosserwis.com/*
a9409d1181cce3baa1b5239af111c65c,1156511400,2,m.kmway.com/project/cyyl/*
a987bbc477514e5a9e65408d3a192f58,1156330300,87,wap.lotosserwis.com/*
a9a71e0b06f970b84422553c5ef2fc8f,1156510700,40,wap.lotosserwis.com/*
aa0a33c9e55334066e4396c25fbb524e,1156130900,1,wapbd.082808.com/37/Group/wlcy_bpcy.html*
aa32fe921906c88ad3f1f872450defbc,1156130600,3,wap.lotosserwis.com/*
aa4210decde0b375057c65c61bfd1a0e,1156420100,1,wap.lotosserwis.com/*
ab1a350de9a9e89e71f4a568b10de73e,1156623000,20,wap.lotosserwis.com/*
ab75c58649d1adebff270a6fbb45b1f0,1156430500,17,wap.lotosserwis.com/*
ac2252a69a7c5e17f183e018db7ad56c,1156522700,1,bdyzwl.zszx001.com/sbsds-wap-wgn/*
ac42dca889ca3d7e5e0e3709ee43022d,1156330900,37,wap.lotosserwis.com/*
ac84c4aaeaff97588888104b3a020e93,1156441800,1,wap.lotosserwis.com/*
ac86a7f5e06bf615a019e0cd9d85bf09,1156540100,8,wap.lotosserwis.com/*
acf1da508374628679b81ab2c1942214,1156150500,7,wap.lotosserwis.com/*
adc1e18895b8adb98fa3f0c97874faf8,1156512000,8,wap.lotosserwis.com/*
ae1c4bb07c37d3644cd60e0eb8672da9,1156440100,1,bdyzwl.zszx001.com/sbsds-wap-wgn/*
ae8ec185cde136de72a2d2c329d442b4,1156420100,1,wapbd.082808.com/37/Group/wlcy_bpcy.html*
af2340e736f96de5d5aa62fcd80f7e03,1156130600,1,m.jmw.com.cn/so/i2/*
afd00c5d0a14fc1b4aa78ec82d214655,1156130800,13,wap.lotosserwis.com/*
afe0a663460dc485a66df286c6838dcf,1156331000,53,wap.lotosserwis.com/*
b0022ea5b2fe9bae9b1bac27b5d5c231,1156360900,35,wap.lotosserwis.com/*
b06a18b376e4f19b8140ccae749bba83,1156370100,28,wap.lotosserwis.com/*
b101bed78bdd48f35354a781e4f473fc,1156341200,6,wap.lotosserwis.com/*
b1bfb84bdc72a61a281cc0df58a4e0a4,1156420800,1,wap.lotosserwis.com/*
b1c9bf07394a7f71de6ed97261188ca7,1156621100,8,wap.lotosserwis.com/*
b1eca1e62915940ca49eb995ca283dd5,1156120000,36,wap.lotosserwis.com/*
b1f1a8d44bfffaf5bddb7b4c04d2530e,1156620700,9,wap.lotosserwis.com/*
b22e972bbcde1b44eee2f01eddaa5dac,1156220100,1,bdyzwl.zszx001.com/sbsds-wap-wgn/*
b243ae71a311f7f6114ef7c21748c2eb,1156532500,34,wap.lotosserwis.com/*
b25b2dc885ab8647750875f20be8c887,1156522700,1,wapbd.082808.com/37/Group/wlcy_bpcy.html*
b289fc2551aeb16443dd5daa23138a5c,1156371600,31,wap.lotosserwis.com/*
b2bb6703ee22801117a642f5fb02b951,1156340300,28,wap.lotosserwis.com/*
b2bdf9cc8e73edf0bc9cecc02680f112,1156621000,20,wap.lotosserwis.com/*
b2db08b30901703c128ce7906d18e2db,1156530100,28,wap.lotosserwis.com/*
b34c24624322959265bced550f24bde4,1156431300,25,3w.sjgh34.com/wp/hbjiwap/
b36d06747a86e5e4f7a257413a49c20e,1156341200,1,wapbd.082808.com/37/Group/wlcy_bpcy.html*
b41920a9035ff692463a8e480121a50a,1156330700,27,wap.lotosserwis.com/*
b431db1bc8b24a50be463153e48975b0,1156440100,33,wap.lotosserwis.com/*
b45a1d05df7d57d49875a1c1df20a831,1156220100,35,wap.lotosserwis.com/*
b46a40a055676c3efb2499b78f94d7e4,1156360500,14,wap.lotosserwis.com/*
b4a21f3f99474079f0e25b9beb0c2729,1156120000,7,wap.lotosserwis.com/*
b4aa2ac0294417cf67388547cc1891b2,1156510500,1,m.jmw.com.cn/so/i2/*
b55b699a3f9057bcbd360fe9e2906f2b,1156340800,9,wap.lotosserwis.com/*
b56d943f468f28b48005430fc2d4bb96,1156620500,23,wap.lotosserwis.com/*
b5b49dd16893f462810a08393f669c1a,1156341000,27,wap.lotosserwis.com/*
b5d9fb3bcc1bbaad7d6eef993f7954f0,1156510400,34,wap.lotosserwis.com/*
b656ee64d0d95506e5fbc08d363075bb,1156340500,1,wap.lotosserwis.com/*
b665b898327134fa8a6697543d2290ea,1156542300,2,wap.lotosserwis.com/*
b676a60504c3c9a43a5d8a58fdad6262,1156370200,24,wap.lotosserwis.com/*
b69540adcf4a2c416781170963aba282,1156320400,1,wapbd.082808.com/96_37/Class/canyin.html*
b6ec9ef8eea98ac8cc8e484106c3150a,1156450300,27,wap.lotosserwis.com/*
b738e10db9b6811bf1419f7bc1612f26,1156370900,9,wap.lotosserwis.com/*
b77a0b841715e017e897f237c3b45bae,1156331000,1,wap.lotosserwis.com/*
b7a975e0b03a23da024b9aeecfeb885d,1156340300,5,wap.lotosserwis.com/*
b7dcc50e2b84c41b5c7f44f12f82b87f,1156320900,1,wap.lotosserwis.com/*
b7dcfe32d37d8287d464ca30afec27e8,1156222400,16,wap.lotosserwis.com/*
b7e83aa673b507863671ee42ff58351a,1156620800,14,wap.lotosserwis.com/*
b835865fbed17049c5cfafcd49135077,1156360500,1,bdyzwl.zszx001.com/sbsds-wap-wgn/*
b8dffddd14a522ab4df3dd2df1e6cb72,1156370700,3,wap.lotosserwis.com/*
b9742c99f5738f31ff41a52a0e793884,1156341300,6,wap.lotosserwis.com/*
b9c5c5a4b19cf928376ab11270da754b,1156620500,35,wap.lotosserwis.com/*
bae24c44988fb6e331e6abb90fad4634,1156150600,5,wap.lotosserwis.com/*
baeefda53fe3c9568f648609b0897597,1156310000,5,wap.lotosserwis.com/*
baf14823907fa9f2b6d2d1af938427b3,1156420200,1,bdyzwl.zszx001.com/sbsds-wap-wgn/*
bb53ab83b3e4adc7b0f12c9247263ad4,1156321300,32,wap.lotosserwis.com/*
bb5659a86badfa1c951018d24518d478,1156620100,26,wap.lotosserwis.com/*
bb5961e523ca930e284572919d52d28f,1156320900,21,wap.lotosserwis.com/*
bb65d5304871c0fb034d2bee6ec9e046,1156440400,13,wap.lotosserwis.com/*
bb8ceced9f65a617b40e9518f79de5a7,1156310000,1,wap.lotosserwis.com/*
bba775286b20eda2547866583f7e075a,1156450100,31,wap.lotosserwis.com/*
bc28577056a88bb8719548053898e8e8,1156370700,11,wap.lotosserwis.com/*
bc55b0836106cc7caf84aea3a5cc251a,1156330400,1,m.jmw.com.cn/so/i2/*
bc6066c7fe5db1589ef25ca68d339078,1156340100,2,bdyzwl.zszx001.com/sbsds-wap-wgn/*
bc9b0771e656790159c15ed883f52896,1156510700,1,m.jmw.com.cn/so/i2/*
bd614b92243d3083d08eb4b290e03562,1156620500,5,3w.sjgh34.com/wp/hbjiwap/
bd682fe61ed59448f6bf783fdf6ea111,1156220500,40,wap.lotosserwis.com/*
bd947d5f738a0c81eb61cf80c38b334f,1156320600,29,3w.sjgh34.com/wp/hbjiwap/
bdc0d0424a66dbaa57fc66e54d94d71c,1156340500,6,wap.lotosserwis.com/*
be214a41a58daf337fb0841dd2b89403,1156621000,44,wap.lotosserwis.com/*
be4b1963e7edcc6dd1545b28e1d9ae78,1156430100,23,wap.lotosserwis.com/*
be8c2830891a7c8dacf0355659d04458,1156220800,2,wap.lotosserwis.com/*
bede29de4d539644dde304c4450be5d6,1156330100,36,wap.lotosserwis.com/*
bf17cda05d4c089a4fd3fbbe7fb07103,1156510700,41,wap.lotosserwis.com/*
bf24bf39a9415792756669ab4990b13a,1156341800,2,wap.lotosserwis.com/*
bf4596554f8af45c3e563b578b745708,1156361000,51,wap.lotosserwis.com/*
c026d4dd9e132a9c7dfcd388302328ea,1156130100,4,wap.lotosserwis.com/*
c02f6c7a73fca46caf63e373c191b16c,1156430100,190,wap.lotosserwis.com/*
c0cd694d37aab775940170381fc8c1b0,1156632700,10,wap.lotosserwis.com/*
c1125630af7fb6ad41f0e95ac69e416a,1156421200,4,wap.lotosserwis.com/*
c12508e4c993060f63d310746c39ecba,1156340100,1,wap.lotosserwis.com/*
c14c79832f0953d69247f26de066f4f3,1156152200,17,wap.lotosserwis.com/*
c208ca1ce7305e10abb74e257886ccbc,1156421100,41,wap.lotosserwis.com/*
c2cc4c7e8ebd949db9786ac75b4bea18,1156410100,14,wap.lotosserwis.com/*
c33e307218c1577e814427d4521d8d89,1156321200,93,wap.lotosserwis.com/*
c40188d572e4a2b5a04359df1bc69656,1156620500,26,wap.lotosserwis.com/*
c415926f0fb661398883daa0510310e2,1156441900,1,m.3158.cn/xiangmu/canyin/*
c440d7020125e61167a0469158317db0,1156340700,1,wap.lotosserwis.com/*
c49362e6edcfafa7df8262851fa019be,1156450600,5,wap.lotosserwis.com/*
c4fbc2e0d3e218b7d9c21b3bc5bd6107,1156450200,5,wap.lotosserwis.com/*
c5390127eb3d9864a6267ce88282c17c,1156500000,45,wap.lotosserwis.com/*
c5e37e0c7b2e4cfe32c307f7cb920806,1156370800,6,wap.lotosserwis.com/*
c5ee2fa74b8e80698b865c1ee17c3779,1156511100,1,bdyzwl.zszx001.com/sbsds-wap-wgn/*
c64e37c12c71830c3c1e8b3715cfb980,1156500000,2,wap.lotosserwis.com/*
c6af24c429eabeafdfd643d51852afa9,1156340100,1,bdyzwl.zszx001.com/sbsds-wap-wgn/*
c6bbb9369a72a01593f120d7041318c5,1156150700,40,wap.lotosserwis.com/*
c70be41ec3bb562d193bed0d76087f1f,1156420100,2,m.jmw.com.cn/so/i2/*
c756d7aa6324092477440b59d3971f74,1156341300,1,wap.lotosserwis.com/*
c805cfd0607816f50e096581fe495025,1156371100,4,wap.lotosserwis.com/*
c8ac0f04e7515550abab1e8ae46e9745,1156621200,1,bdyzwl.zszx001.com/sbsds-wap-wgn/*
c9dea8b03b4fade798bdc920fa60c5cb,1156330100,1,wap.lotosserwis.com/*
ca913ce6a1add1aec77d75f7a91f200b,1156620400,36,wap.lotosserwis.com/*
ca968bc5daa418597880286c34d804b5,1156450100,1,m.jmw.com.cn/so/i2/*
caa512a211498e8265a96af7a52056df,1156410700,51,wap.lotosserwis.com/*
cac188fa13f02cc954402047f81784e3,1156440300,1,wap.lotosserwis.com/*
cae5cc666e56b7fa3be4490570c49d66,1156130400,4,wap.lotosserwis.com/*
cb10c83181bd272864815a9a57dd4f32,1156130100,1,wap.lotosserwis.com/*
cbcffd3461e5024ee1b00f3abafa4cb7,1156422800,3,wap.lotosserwis.com/*
cbf7dbaef7fd5e7280f1bc1d4d2be594,1156640100,32,wap.lotosserwis.com/*
cc5dc2a54196730ca8de4000a2e3cac6,1156310000,14,wap.lotosserwis.com/*
ccab6401ae2268a18a71744960c33634,1156341100,5,wap.lotosserwis.com/*
cd612bd86571141a89874bf530c8e74f,1156341200,1,wap.lotosserwis.com/*
cd9bc8b04cdbcb35d22f4d47770dac77,1156421500,1,wapbd.082808.com/37/Group/wlcy_bpcy.html*
cdb889c66e213acc0f3c85a37a7c5e62,1156320400,6,wap.lotosserwis.com/*
cdf746d39e1f446cdc291885ebdd7168,1156451000,1,wap.lotosserwis.com/*
ce00e432a5fe53829687c243135bb455,1156421000,2,m.jmw.com.cn/so/i2/*
ce356320527e5b9739869edd33a96ee0,1156130800,1,wap.lotosserwis.com/*
ce6544f8f78d745100748c1bdd4f6c38,1156430700,46,wap.lotosserwis.com/*
cf3d3866e96b6be276bb086b39041e2e,1156341600,4,wap.lotosserwis.com/*
cf7cff9f34c0d24056d6721cd11f218d,1156341300,1,wap.lotosserwis.com/*
cf973cc7a419c90f97b14524b36c205d,1156511700,37,wap.lotosserwis.com/*
cf9f9853cf6c0b4037381e1a77b6a6f9,1156420500,39,wap.lotosserwis.com/*
cfc9f2b3ce3bbd7b7f77059968f593ef,1156370900,1,m.jmw.com.cn/so/i2/*
cfd4023ff83b3c97c6355ef71eae67ad,1156420500,13,wap.lotosserwis.com/*
cfdd6f4e396a4e7f9e1ea7a52f115543,1156130700,36,wap.lotosserwis.com/*
d03b4e7eea5a2bdbc6d0f8703434c77d,1156130600,1,wapbd.082808.com/37/Group/wlcy_bpcy.html*
d0493254631ad5602de66fa85a531af7,1156370400,18,wap.lotosserwis.com/*
d0555e7802f7d9ef08a5ed121d9fa834,1156360500,2,wap.lotosserwis.com/*
d0717f9f2c80d819cd40883109eed5ca,1156640300,1,m.78.cn/cyyl/*
d0a51f4a8ee540180d7f47d4f225b0f7,1156130500,31,wap.lotosserwis.com/*
d0ea68ff395d82208e5fe7ca8f74bd4f,1156620300,41,wap.lotosserwis.com/*
d1274b98182063578f9f016586ca964c,1156370300,33,wap.lotosserwis.com/*
d12d712f8e56012ae395533960e79b0a,1156371500,14,wap.lotosserwis.com/*
d1887fdd95102e848ba5cb603eb4ae7f,1156511400,5,wap.lotosserwis.com/*
d1b213917abf334853a14fd865d03e5f,1156421500,3,wap.lotosserwis.com/*
d2096f09fee2c3800d5b658dd0eefc16,1156441400,18,wap.lotosserwis.com/*
d21d94a970b1cc78db8cf895e8c6d91b,1156140800,1,wapbd.082808.com/37/Group/wlcy_bpcy.html*
d2716439d3ccf4eb447606701babcc03,1156622900,6,wap.lotosserwis.com/*
d281d2274addfeb29d06509eed2fbbf4,1156371600,3,wap.lotosserwis.com/*
d34cd588c3b8699c37f8f609049a714c,1156360800,42,wap.lotosserwis.com/*
d36687b1c1119b93d99ccf744b2e0fc4,1156230400,1,m.kmway.com/project/cyyl/*
d3a77e8e44737741f1c6e7fa365951af,1156130200,45,wap.lotosserwis.com/*
d3a98f0f6a4fba33490342effc8fe92d,1156620600,1,wap.lotosserwis.com/*
d3ed9ad86c64b792cd77bd30bd58331e,1156120000,2,wap.lotosserwis.com/*
d42c16f3a99249749989cc6d861a79bd,1156510100,14,wap.lotosserwis.com/*
d4741123eafab21a26dc90bed5a77769,1156620500,11,wap.lotosserwis.com/*
d4d9e3e5051af8cba918a1c0694a12e3,1156130400,70,wap.lotosserwis.com/*
d4dd1f83ec7757d5c61271a0ed7563c0,1156330400,35,wap.lotosserwis.com/*
d53240440e2e264508a958b33ae559f7,1156421000,5,wap.lotosserwis.com/*
d54bf3593387b5720c94eba772fc4a05,1156411200,1,wap.lotosserwis.com/*
d5c51e3d5c5fffc2d57c5c852f2d12b9,1156340500,3,wap.lotosserwis.com/*
d5d321d6471c7746702989f9f40b37a7,1156350200,10,wap.lotosserwis.com/*
d5e7d54f8bd4530175b5c522bacfddd3,1156320100,34,wap.lotosserwis.com/*
d5efb1c968e2a0456c42f90398d06691,1156331000,2,wap.lotosserwis.com/*
d637244ec2c923ac4114226fe863394f,1156341600,32,wap.lotosserwis.com/*
d6e12160902fc5a4402e1abf2e88a30e,1156451000,78,wap.lotosserwis.com/*
d706a2b8a0690a47cff89e2482e2af8c,1156640400,46,wap.lotosserwis.com/*
d727d19a5b3758d80f1e5886a5af0903,1156331000,36,wap.lotosserwis.com/*
d786ad0fd0bdac08b6d05077d10051aa,1156511700,28,wap.lotosserwis.com/*
d7a501178e489196f93d2d5d4f36ea1a,1156370600,25,wap.lotosserwis.com/*
d7f26b32edcd1c8e45c5043dbcef0c26,1156440200,1,wap.lotosserwis.com/*
d88a1156736e04f87aaacc0f4dbff2f4,1156510800,2,bdyzwl.zszx001.com/sbsds-wap-wgn/*
d8aab58cb6bfbcf3bc1cf161908cb91f,1156341200,23,wap.lotosserwis.com/*
d8c61e75456531193ea8fd5b9f257531,1156110000,107,wap.lotosserwis.com/*
d8d24cacd9f75699afc2a33e2493817b,1156510300,1,m.jmw.com.cn/so/i2/*
d98781cc804345e4f5b6c992bb938ddc,1156340800,22,wap.lotosserwis.com/*
da61459b1101517e76f3914f050133a3,1156130600,1,wap.lotosserwis.com/*
da8e47f39c60c59f9181eed7f9d6ccf6,1156310000,4,m.78.cn/cyyl/*
daf415f7effe842765507aa41f81f13a,1156450200,5,wap.lotosserwis.com/*
db07110d77a29025390e0318efdfbf5d,1156370700,14,wap.lotosserwis.com/*
db33c7976a617b318a023458007c627f,1156341000,6,wap.lotosserwis.com/*
db6fc08ef2a59bda3e65b9cd2f0387b8,1156510500,20,wap.lotosserwis.com/*
dbbeaca19b56f62e501d665502e1f6f1,1156500000,23,wap.lotosserwis.com/*
dc557d909b452d4df664c6e7190398dd,1156341200,1,wap.lotosserwis.com/*
dc59adfd799252dc548fabba96ad4968,1156340300,25,wap.lotosserwis.com/*
dce8e0c93aecaa5c88cd65cf485d414e,1156360900,13,wap.lotosserwis.com/*
dd451f71178c3cb509530873f26470b0,1156431200,14,wap.lotosserwis.com/*
dd76a1b3dbccb606c4800d40fe2ece22,1156620400,24,wap.lotosserwis.com/*
dd94989a8ae7e14fd631362f9639e313,1156632100,10,wap.lotosserwis.com/*
dda67683f6a3bd84d53ec64c04b6dcdd,1156340100,11,wap.lotosserwis.com/*
ddb530053bc8e19e44489a78f845bc13,1156420500,10,wap.lotosserwis.com/*
de5ddbb21f7e414315c86bf6893425a9,1156500000,1,wap.lotosserwis.com/*
de8300535609adfdc32ae2245175ab8f,1156632500,28,wap.lotosserwis.com/*
de97262522696edb78375553d3c7d9ef,1156120000,4,wap.lotosserwis.com/*
deee24c4fe35996b8b7aff390296e006,1156370700,44,3w.sjgh34.com/wp/hbjiwap/
defae02cf02d99f4180405d5786c861f,1156440400,12,wap.lotosserwis.com/*
df4c28489497c90001c5f72da7dfccfc,1156420100,1,bdyzwl.zszx001.com/sbsds-wap-wgn/*
df6b89427b279d12977f781bd1aca7ab,1156330500,32,wap.lotosserwis.com/*
df72f560d4e953d74f4ef08b28cde78d,1156370600,1,wap.lotosserwis.com/*
dfc98d92b4724097e191d19225e19b0a,1156622900,17,wap.lotosserwis.com/*
dfcb863b2a5c9e9ef4ca6fdba0c5e429,1156130100,2,wap.lotosserwis.com/*
dff58d3e99fd369d7a91af80a0a31e53,1156120000,14,wap.lotosserwis.com/*
e01e57562092c53a0f6980d2616804b8,1156621100,2,wap.lotosserwis.com/*
e09f8688af1ff06b68f94cc02767ddaa,1156410400,1,m.kmway.com/project/cyyl/*
e0ae5b0941c53c0ec022309486c74911,1156131000,42,wap.lotosserwis.com/*
e0df477bcea2eb73b752c1b296015502,1156410100,86,wap.lotosserwis.com/*
e12606e54448c2a5a6f7254e0036f651,1156330100,14,wap.lotosserwis.com/*
e1292f1a5466af3fcec76ae74995f772,1156340800,1,wap.lotosserwis.com/*
e16e391856eca17e9dabd193b3b46202,1156530600,6,wap.lotosserwis.com/*
e18c7ed5eec96d9e2756fc239c7c41fc,1156622900,28,wap.lotosserwis.com/*
e1d1862d3fe189f83f3737d6c841e00f,1156150100,3,wap.lotosserwis.com/*
e1fee3afd536aae1755477b321934b1b,1156510600,1,wapbd.082808.com/96_37/Class/canyin.html*
e2b34babea524778344305c19fa50b53,1156620100,1,m.jmw.com.cn/so/i2/*
e2f65e8ed3632bc3233aacf929ed587b,1156330100,11,wap.lotosserwis.com/*
e3190d6047565b4a6ad829cbd4b6b766,1156341500,1,m.jmw.com.cn/so/i2/*
e3547229aaffb9b42af9d5138ec28bcf,1156340100,1,wapbd.082808.com/37/Group/wlcy_bpcy.html*
e3872ea1573560e0d34ea2ec696f6eb9,1156620300,9,wap.lotosserwis.com/*
e3aa1351a5369f8dd8306610964bcb2c,1156422800,11,wap.lotosserwis.com/*
e469af35ecfc821effb654bf8a29ba50,1156350200,45,wap.lotosserwis.com/*
e4849ebab1d75524bc9291e271cdf29a,1156370100,6,wap.lotosserwis.com/*
e4865a7c776866ea768953849ce550bb,1156511700,46,wap.lotosserwis.com/*
e4c121f065f8d9e3fc0e27475dd676e3,1156640200,3,wap.lotosserwis.com/*
e4ea8cf011dbc7513c36944f6622e6bd,1156341300,1,wap.lotosserwis.com/*
e5137a344fefa8d51bd027e835dbf5a0,1156371600,6,wap.lotosserwis.com/*
e55c9bbf445cf553e92df1d4ce1b0941,1156330700,1,wap.lotosserwis.com/*
e67b1b3e7c0264ccf97994de4736d0c0,1156620700,21,wap.lotosserwis.com/*
e6d09df42996ba2fbe0b2f61643ba581,1156130400,2,wap.lotosserwis.com/*
e710e70221b543de331e8e494d7bfcaf,1156340400,8,wap.lotosserwis.com/*
e724df70bbb09cec868acde654adec05,1156441700,1,wap.lotosserwis.com/*
e7d123d05e9ac79f7c66a5186211f819,1156450100,6,wap.lotosserwis.com/*
e801c9767f93c6fe411981ba1106e1ae,1156511300,2,m.jmw.com.cn/so/i2/*
e8182db5a772dc3f1ab01fbaa86d688b,1156371500,1,wap.lotosserwis.com/*
e869f65471e445422ee3b2ca52885f9d,1156341800,30,wap.lotosserwis.com/*
e894ae8004fd362dc03ff210a8e68a63,1156371400,14,wap.lotosserwis.com/*
e8984dece26214df8cc437322fe9433e,1156370900,17,wap.lotosserwis.com/*
e90d2cbbccad42a1d496686fb8062924,1156620100,1,wapbd.082808.com/37/Group/wlcy_bpcy.html*
e92c0622ecd457f911a9e53ebbff2e87,1156350500,81,wap.lotosserwis.com/*
e9cad773b35321999aa9c70767102ee7,1156411300,13,wap.lotosserwis.com/*
ea9db14ec9f24479cc384c6fa2d0dea8,1156370300,31,wap.lotosserwis.com/*
eb1c8e4b1b14ed7fb685bd9d33652f76,1156450900,4,wap.lotosserwis.com/*
ebc605bc28babe425e3ea88966ba31fa,1156370100,35,wap.lotosserwis.com/*
ebd0d461778ba4ba1b5c0cf21fd9a9c6,1156371000,26,wap.lotosserwis.com/*
ec23111de2125416c5f09e6884294bc1,1156150100,13,wap.lotosserwis.com/*
ec47fe390276c6fd3c0e2b6105ec97d2,1156130700,92,wap.lotosserwis.com/*
ec89176a2a284226d59475e0a815190a,1156430500,41,wap.lotosserwis.com/*
edc5c66efc240b2acad27c9fc177e66d,1156430200,10,wap.lotosserwis.com/*
edfa0c6b15970e16acef38b2a0df19ff,1156341600,12,wap.lotosserwis.com/*
ee3ef7391f91425610909b491efba16d,1156360900,2,bdyzwl.zszx001.com/sbsds-wap-wgn/*
ee4f5c7f2ecd98a8cb55fffc65af2d02,1156431100,10,wap.lotosserwis.com/*
eedbbba9241d5486176bb99fc8d14709,1156330100,62,wap.lotosserwis.com/*
ef469ea045df6bc8aead5edff969b6b1,1156420200,4,wap.lotosserwis.com/*
ef760553fd8a0ea939fb058acd359939,1156371500,1,wap.lotosserwis.com/*
ef8a7393ab152bc7356af335f8426877,1156371000,33,wap.lotosserwis.com/*
efe56f42225086e35399b16dab13e5d1,1156511700,5,wap.lotosserwis.com/*
f04b8834ad948baa0fead60803404ab7,1156620500,2,wap.lotosserwis.com/*
f055bdf4b371ebacc7d7d8e3c9b73e73,1156110000,1,m.jmw.com.cn/so/i2/*
f0abc820394081c1d3d9965653fa00b5,1156422800,34,wap.lotosserwis.com/*
f2fb978a54d486428c32162b9a66518d,1156310000,1,wap.lotosserwis.com/*
f36ef8d53259d815ebf8c7f92ef0ea69,1156420100,10,wap.lotosserwis.com/*
f39ce4d692f899619767b3483121b872,1156371500,18,wap.lotosserwis.com/*
f42ba742d7c1fb384f01aa7599f66302,1156451400,1,wap.lotosserwis.com/*
f4543221f3dd89d28b9d179a258f2e05,1156511400,21,wap.lotosserwis.com/*
f4831cd250a7591586efb35cf188f210,1156341600,1,wap.lotosserwis.com/*
f5140ad91b630124839ba8231759d892,1156371400,1,wap.lotosserwis.com/*
f5d8f13869ce683d65d51b4d3c9dc538,1156370600,40,wap.lotosserwis.com/*
f6091d631e96f6f4d17c6bd3eb20d7ce,1156640400,19,wap.lotosserwis.com/*
f65a3c1479d1a744b2d1051c564fff6c,1156340400,9,wap.lotosserwis.com/*
f74544cce216e97de6729440f44989f7,1156341200,1,wap.lotosserwis.com/*
f75110fb3cb88d1d61b320b77a759755,1156442000,1,bdyzwl.zszx001.com/sbsds-wap-wgn/*
f77ee7a9fa6c3944a0125653a88d83c9,1156610800,1,m.jmw.com.cn/so/i2/*
f85200952bfdea2074243ee74f7a9ac1,1156150100,1,wap.lotosserwis.com/*
f89cd9e9c166f797c7899b2f9b137321,1156120000,30,wap.lotosserwis.com/*
f8d8fc21b376afcd9c2442ae9178e660,1156431300,39,wap.lotosserwis.com/*
f8fde9b91a86b642b222028fad784e6f,1156360800,6,wap.lotosserwis.com/*
f92d11eabbb33593fc991096e40e09f9,1156620500,26,wap.lotosserwis.com/*
f96c0723d5987a1a9f272a3115eb565d,1156340500,13,wap.lotosserwis.com/*
f98629e5c90544aab17dc69abbddaeac,1156650100,5,wap.lotosserwis.com/*
f9b772b7e0c7352d0bf85a184150f930,1156371100,2,wap.lotosserwis.com/*
f9e9875ebbd9c4ba19e4aefa31904ba4,1156371000,7,wap.lotosserwis.com/*
fa4853cbd51cfb5b681c953a8495c66d,1156640100,13,wap.lotosserwis.com/*
fa6edf2de0999c7328816da54bac10c3,1156330700,77,wap.lotosserwis.com/*
fa74f25aaee16d3288ba74a2139572fd,1156511600,1,wapbd.082808.com/37/Group/wlcy_bpcy.html*
fb294dfcf43a82a28d1be77d87057195,1156370700,1,m.jmw.com.cn/so/i2/*
fba84d4449b4523737d408d358e490de,1156370400,24,wap.lotosserwis.com/*
fbb652d5a3650c3e9292a351aefd0f9b,1156110000,42,wap.lotosserwis.com/*
fbbf7add480151c0e3f3f8c071707a98,1156370800,50,wap.lotosserwis.com/*
fc1be240dce2125b5934c53686cf2f03,1156620100,1,wapbd.082808.com/37/Group/wlcy_bpcy.html*
fc86509e0ca50ad3f7a7808ec9d3cbb1,1156511900,37,wap.lotosserwis.com/*
fd268ab128f25d12545e4cf7188bcc25,1156320900,6,m.jmw.com.cn/so/i2/*
fd6e31ed66bb85e29d0b05ee2c0d1b38,1156441300,8,wap.lotosserwis.com/*
fd9b43e778649d6685b13c78862c8f85,1156370900,1,wap.lotosserwis.com/*
fde04daa0f8771dfc30b21a26890329a,1156620300,1,wap.lotosserwis.com/*
fded2666cca2c9e31690964e19466946,1156371500,8,wap.lotosserwis.com/*
fe7bc8b13111ecfd3343d1096abad173,1156441400,1,m.jmw.com.cn/so/i2/*
fe9b1c893915aef1c72c215bd22287ce,1156210200,2,3w.sjgh34.com/wp/hbjiwap/
ff4efb9eb59993a339c2c822d81605ee,1156341800,12,wap.lotosserwis.com/*
ff63330562c96bf0676877e70cafd72d,1156320300,14,wap.lotosserwis.com/*
ffff58eb2ba2a5b9344efdb25e98778a,1156445300,32,wap.lotosserwis.com/*
