00a80f3fa1909e9335887c3733f40630,1156420100,2,wap.negroupedu.org/newpower/baidu/search/xueli/*
019111298c7b99d5ca5e93a6719131ba,1156360700,100,wap.xuehuiwang.com.cn/newpower/baidu/search/xueli/*
01a9912548a9107a4637bfd663c7a75d,1156130200,3,wap.negroupedu.org/newpower/baidu/search/xueli/*
02f8dd2ea80a986540a2728df87dace9,1156340800,44,wap.xuehuiwang.com.cn/newpower/baidu/search/xueli/*
0364c63fd31e09ab1b51cd48508f4bc9,1156430600,68,wap.negroupedu.org/newpower/baidu/search/xueli/*
04666a80df56f036d432bac3a98ad2a9,1156510100,23,ministudy.com/2383/CN/mb/bD1ek5/*
050e9574caaa816d8a03331fa68abd61,1156441900,108,wap.xuehuiwang.com.cn/newpower/baidu/search/xueli/*
0658ba10874dc536b82a3358dc2b828d,1156421200,83,mobile.xuehuiwang.com/newpower/baidu/search/xueli/2/*
068b20c52408aac562cacc2ecbb77f2d,1156420100,13,mobile.xuehuiwang.com/newpower/baidu/search/xueli/2/*
0811a5a502c2d6e5dbb280d9bdf999de,1156420100,43,wap.negroupedu.org/newpower/baidu/search/xueli/*
0811b1a75550d83fe4050fab151f69f6,1156421200,2,mobile.xuehuiwang.com/newpower/baidu/search/xueli/2/*
0872718c3750a2fd6e383d0193fedc03,1156420800,1,wap.lixiangguoji.org/newpower/baidu/search/xueli/1/*
09a5c87c70eb5ac4822f41fc869f46f5,1156430400,50,mobile.xuehuiwang.com/newpower/baidu/search/xueli/2/*
0c6dbfd32e3a57fa421e34bb3f9167eb,1156420100,11,wap.negroupedu.org/newpower/baidu/search/xueli/*
0f587ec5b0594ebf7b5c494acb3d5afb,1156420100,10,wap.negroupedu.org/newpower/baidu/search/xueli/*
1078bd82eeff95076c89a82c9e97d1d0,1156420100,67,wap.negroupedu.org/newpower/baidu/search/xueli/*
109be794768c0502b531aba6d002ef85,1156421100,23,mobile.xuehuiwang.com/newpower/baidu/search/xueli/2/*
113964990e36be50a44b9704ff05dc20,1156421000,65,wap.negroupedu.org/newpower/baidu/search/xueli/*
139fedf64a398867bc72fd3effd1eb90,1156421800,3,mobile.xuehuiwang.com/newpower/baidu/search/xueli/2/*
14795923fbb360e3ef1f370d66ea9e69,1156421500,14,wap.xuehuiwang.com.cn/newpower/baidu/search/xueli/*
151a4dca45ded044ad6a9e14bcfc5547,1156130500,7,mobile.xuehuiwang.com/newpower/baidu/search/xueli/2/*
154b3e99afc0cc714540692db81ea530,1156420100,37,mobile.xuehuiwang.com/newpower/baidu/search/xueli/2/*
166218f51006d412a04a410af98584df,1156421000,64,wap.negroupedu.org/newpower/baidu/search/xueli/*
1a651b153ccb31ffbaa0def41d9d7c2e,1156420800,26,ministudy.com/2383/CN/mb/bD1ek5/*
1d155249fec3b5a3522c3a08f79e5e2f,1156420500,102,wap.xuehuiwang.com.cn/newpower/baidu/search/xueli/*
1d8ca4b369313e49c17cc5d0b220a69e,1156420900,60,wap.negroupedu.org/newpower/baidu/search/xueli/*
217de92b1cd007b2919be643c70905c7,1156360400,4,ministudy.com/2383/CN/mb/bD1ek5/*
21b38f32162e82805c39d160a2493069,1156420100,30,mobile.xuehuiwang.com/newpower/baidu/search/xueli/2/*
24d327f5826f6715773b7f77f93c33b2,1156431400,78,mobile.xuehuiwang.com/newpower/baidu/search/xueli/2/*
24f82bbcc0587e244bd63aa9826b1fe2,1156421000,1,wap.negroupedu.org/newpower/baidu/search/xueli/*
254a704fd69df803661b7ca407c3ac00,1156420100,1,mobile.xuehuiwang.com/newpower/baidu/search/xueli/2/*
257a9c776288c431b816fb8db10b9fa1,1156420900,61,wap.negroupedu.org/newpower/baidu/search/xueli/*
25ac5aa191a45bfb0a07c4df14b863c9,1156420100,19,ministudy.com/2383/CN/mb/bD1ek5/*
25eb82d9a01fed82702b9f8e0d22a20e,1156430200,81,mobile.xuehuiwang.com/newpower/baidu/search/xueli/2/*
271cf3ea8cc213b674947875b0c8f1ac,1156420200,20,mobile.xuehuiwang.com/newpower/baidu/search/xueli/2/*
2805988dcdbc9b8e144727cb64027e4e,1156421100,66,mobile.xuehuiwang.com/newpower/baidu/search/xueli/2/*
2862887e97d74b334c69cbc9707df088,1156421200,5,wap.negroupedu.org/newpower/baidu/search/xueli/*
289918cda8d7f18ed4b4b99885b48395,1156420100,2,wap.xuehuiwang.com.cn/newpower/baidu/search/xueli/*
293c0b8602e4310d9a975066aadd1d12,1156420300,27,ministudy.com/2383/CN/mb/bD1ek5/*
299bb879b32e1f9711a9d71153ccfff5,1156421500,4,mobile.xuehuiwang.com/newpower/baidu/search/xueli/2/*
2ac0ffe7ca61603ca33da252e7bb8299,1156360800,73,wap.negroupedu.org/newpower/baidu/search/xueli/*
2ec79e6ba7e892057bf8e12e471c7319,1156420100,4,wap.negroupedu.org/newpower/baidu/search/xueli/*
325d8cd9e04d5d37654a109e577f460c,1156421100,54,wap.negroupedu.org/newpower/baidu/search/xueli/*
325d8cd9e04d5d37654a109e577f460c,1156421100,55,mobile.xuehuiwang.com/newpower/baidu/search/xueli/2/*
33ca68281efa8cff0b8c85aad2b37f48,1156420100,74,mobile.xuehuiwang.com/newpower/baidu/search/xueli/2/*
33e3979c8623abd6bb45756cb78eb3d3,1156451300,30,wap.xuehuiwang.com.cn/newpower/baidu/search/xueli/*
3400ff790c2bb03006582e40a82a491e,1156420100,2,wap.negroupedu.org/newpower/baidu/search/xueli/*
358768f8affe005477c8618f9b732b0f,1156420100,30,ministudy.com/2383/CN/mb/bD1ek5/*
361180767d705ea57c3d8624aa4d7c9f,1156421100,6,wap.negroupedu.org/newpower/baidu/search/xueli/*
377c6a104184a51f3acdfd522f776ee7,1156430100,54,wap.lixiangguoji.org/newpower/baidu/search/xueli/1/*
37b316da8772917db7ecac0595a9d159,1156360100,5,wap.negroupedu.org/newpower/baidu/search/xueli/*
38959100a07af57a2cf0ab705f53f308,1156431200,2,wap.negroupedu.org/newpower/baidu/search/xueli/*
38d98b6d94676d861d1fd2cb86f266cf,1156350600,1,mobile.xuehuiwang.com/newpower/baidu/search/xueli/2/*
3a0414383214d10da4112c17a48ef002,1156420800,2,wap.negroupedu.org/newpower/baidu/search/xueli/*
3a7eb47c10303dd0f8631e274f71b8fc,1156430100,71,wap.negroupedu.org/newpower/baidu/search/xueli/*
3b280b486b770e1c2526f5fe79c1b6fa,1156420300,21,wap.negroupedu.org/newpower/baidu/search/xueli/*
3b280b486b770e1c2526f5fe79c1b6fa,1156420300,23,mobile.xuehuiwang.com/newpower/baidu/search/xueli/2/*
3bdc68c598a0148f4e56f973a140c380,1156430200,75,wap.negroupedu.org/newpower/baidu/search/xueli/*
3c4f3107d640c7544403cbf77b0e6fbc,1156360400,27,ministudy.com/2383/CN/mb/bD1ek5/*
3c84de0767d5ae0f833c9f815a19607c,1156420100,55,wap.negroupedu.org/newpower/baidu/search/xueli/*
3c88f29fcb88476ee44f3822bd72b7a6,1156420100,1,m.cqzk.net/zyjh/*
3d29cbeec8aa735d15ff58b0884b613b,1156420700,75,wap.xuehuiwang.com.cn/newpower/baidu/search/xueli/*
3ea67be9725ae525d6132b2ffb02d827,1156421100,19,ministudy.com/2383/CN/mb/bD1ek5/*
3f4f3a6a42b9229a0800c2c9163ea754,1156421200,60,wap.negroupedu.org/newpower/baidu/search/xueli/*
4225020e66b04af32b74ab7eedb1e6ac,1156420200,3,wap.negroupedu.org/newpower/baidu/search/xueli/*
474a953944ebfd228b71491af9137706,1156430500,77,mobile.xuehuiwang.com/newpower/baidu/search/xueli/2/*
4a1df8cf70c4bc93a304a5ffc8ae1c0b,1156421300,65,wap.negroupedu.org/newpower/baidu/search/xueli/*
4b76349217db256f1de2dfcf6e489ac8,1156500000,1,wap.xuehuiwang.com.cn/newpower/baidu/search/xueli/*
4d03c0562a3645821d2ca945e577ce0c,1156360100,152,wap.negroupedu.org/newpower/baidu/search/xueli/*
4dac13ee99c8e75e3edddc25f7e726e4,1156420100,54,wap.negroupedu.org/newpower/baidu/search/xueli/*
4eb951e2ce80a864f9608a737cbd4f84,1156421500,68,mobile.xuehuiwang.com/newpower/baidu/search/xueli/2/*
502299ed016b5ecf0f91c599bc50eef3,1156430100,67,wap.lixiangguoji.org/newpower/baidu/search/xueli/1/*
50240a81d9c891e28e5df4e1508a0369,1156421200,2,wap.xuehuiwang.com.cn/newpower/baidu/search/xueli/*
5050a5881bb4f458915ae849e59e8c8e,1156422800,22,ministudy.com/2383/CN/mb/bD1ek5/*
50c4c2e6ea68303de97c93bd7a413eb2,1156420100,15,wap.negroupedu.org/newpower/baidu/search/xueli/*
50f093c4daf62f635d07e806ec58f0a2,1156110000,8,wap.negroupedu.org/newpower/baidu/search/xueli/*
50ff4335f8bc16397b878ccf36c86992,1156421100,63,wap.negroupedu.org/newpower/baidu/search/xueli/*
511ccd2335e92746f8931629fc0d3a02,1156360300,10,ministudy.com/2383/CN/mb/bD1ek5/*
5121b1ead441b98458872960ff8353bb,1156420100,81,wap.xuehuiwang.com.cn/newpower/baidu/search/xueli/*
516cbe1579f16eb29b1673edd62a0b1c,1156420100,35,wap.xuehuiwang.com.cn/newpower/baidu/search/xueli/*
52ade9481fef1f32ee4551eab26aa0ac,1156420300,1,wap.xuehuiwang.com.cn/newpower/baidu/search/xueli/*
530e0a3461f236bfd75a16b34f86b934,1156421100,13,ministudy.com/2383/CN/mb/bD1ek5/*
53240ed2444ff958e203a88c0b598dc2,1156421200,39,wap.negroupedu.org/newpower/baidu/search/xueli/*
54378661758c0aec3e0ffd283c5d97c6,1156420100,19,wap.negroupedu.org/newpower/baidu/search/xueli/*
5457985980b353acbcff36ac0ef23b2b,1156350200,3,wap.negroupedu.org/newpower/baidu/search/xueli/*
5488c103d4b65973075d1c2ad34a2b22,1156220800,58,wap.negroupedu.org/newpower/baidu/search/xueli/*
54d302feba33b39e0e4d7a2aaabec69e,1156422800,16,wap.negroupedu.org/newpower/baidu/search/xueli/*
584c2439770bd0c4eca752209f083770,1156360100,83,mobile.xuehuiwang.com/newpower/baidu/search/xueli/2/*
5a08a63a2036dd714e403e08099b5ee6,1156421800,59,wap.negroupedu.org/newpower/baidu/search/xueli/*
5a4d540081cb5a48007eb3ad6f124a17,1156420100,93,wap.xuehuiwang.com.cn/newpower/baidu/search/xueli/*
5a73ef8e56f389e96f2b6944b13ea18a,1156420100,55,wap.negroupedu.org/newpower/baidu/search/xueli/*
5daa22dd809ef2c8ccd644d2670cf69f,1156420100,10,mobile.xuehuiwang.com/newpower/baidu/search/xueli/2/*
5de5b1618252c734117f104139ebd9e3,1156420100,11,wap.negroupedu.org/newpower/baidu/search/xueli/*
5e926bb644f3aaa25f41173f23e1c87a,1156420100,57,wap.negroupedu.org/newpower/baidu/search/xueli/*
61480f72e04d9f15daacedee55d89ea1,1156421500,10,ministudy.com/2383/CN/mb/bD1ek5/*
6159ca24c2e3de5b784d114ffd58877e,1156430300,75,wap.negroupedu.org/newpower/baidu/search/xueli/*
6282eb9313c564ae5dda0f3f9a50a43b,1156430200,79,mobile.xuehuiwang.com/newpower/baidu/search/xueli/2/*
62fcc0bd57bae50dfef47001f62da242,1156360700,74,wap.negroupedu.org/newpower/baidu/search/xueli/*
6423348273712a20b48871a6ee9df5fc,1156320100,76,mobile.xuehuiwang.com/newpower/baidu/search/xueli/2/*
6476401f5effd213addb1150d213e4a1,1156420100,6,wap.negroupedu.org/newpower/baidu/search/xueli/*
65e2fec9e6c7ccf64afb347ee7e5ee90,1156430400,74,mobile.xuehuiwang.com/newpower/baidu/search/xueli/2/*
68c9d38a70b174e7375cdfd78947cd5c,1156420100,5,wap.negroupedu.org/newpower/baidu/search/xueli/*
68cdbfea903a90e66f9e2e189194f608,1156420800,17,ministudy.com/2383/CN/mb/bD1ek5/*
69949151f854b52cc010af0c4133e1ef,1156510900,15,wap.negroupedu.org/newpower/baidu/search/xueli/*
6a31111c30ce391ca58ef00e122623df,1156360300,2,wap.xuehuiwang.com.cn/newpower/baidu/search/xueli/*
6aadf3b541fdd1876c03fe37be88e006,1156420900,1,wap.negroupedu.org/newpower/baidu/search/xueli/*
6fb60f624c6610605110cf593eccc549,1156420100,1,wap.negroupedu.org/newpower/baidu/search/xueli/*
6fe08d9042ddb19cf0258535a665551f,1156431300,2,mobile.xuehuiwang.com/newpower/baidu/search/xueli/2/*
709e00c58928d9cb76503863930b589c,1156430500,48,wap.xuehuiwang.com.cn/newpower/baidu/search/xueli/*
730aff71f2199dfc4c346bf5009bcfbf,1156420100,56,wap.negroupedu.org/newpower/baidu/search/xueli/*
733f53eb1be2aac1858d1d0465d66c07,1156430800,1,wap.lixiangguoji.org/newpower/baidu/search/xueli/1/*
7362bb8eab2e57b695afb42ded7cc088,1156431000,74,wap.negroupedu.org/newpower/baidu/search/xueli/*
75af785907ba4c08f79f6662bf6e41d5,1156420100,2,wap.xuehuiwang.com.cn/newpower/baidu/search/xueli/*
75d9b635d55310112054f8895da30d89,1156330100,1,wap.lixiangguoji.org/newpower/baidu/search/xueli/1/*
79244605c88dcf32881a76164ca3e9a2,1156430100,78,mobile.xuehuiwang.com/newpower/baidu/search/xueli/2/*
7b9736a4bca31e78d10454a87a515207,1156420100,24,wap.negroupedu.org/newpower/baidu/search/xueli/*
7c71d84c6e96aa2a11a0e5e61a17b0c9,1156421800,74,wap.negroupedu.org/newpower/baidu/search/xueli/*
81973bd2548d391012464b7818fdc659,1156420100,26,wap.xuehuiwang.com.cn/newpower/baidu/search/xueli/*
835506f72f4bde9e70789b835d176d4c,1156360100,75,wap.negroupedu.org/newpower/baidu/search/xueli/*
839c34d35a388d0327c343c872848c0b,1156431100,76,wap.negroupedu.org/newpower/baidu/search/xueli/*
85af5f6b8febb4ca2ea4e8ae5c1d28ff,1156420100,73,wap.negroupedu.org/newpower/baidu/search/xueli/*
85da48da6f9a95ec019764eb21360cee,1156420100,28,ministudy.com/2383/CN/mb/bD1ek5/*
8a5ee8259236caa73d3c594a2f52b585,1156420100,64,wap.negroupedu.org/newpower/baidu/search/xueli/*
8bae14ba938551b608d9fdc5d9a6f7fc,1156500000,24,lp.sunlands.com/3478/CQ/mb/*
8c8e31ce75e5580fa8ad321d7f49fbc8,1156360100,74,wap.negroupedu.org/newpower/baidu/search/xueli/*
8f21cea05a8acb6b62d30cc4b4cef6f5,1156360100,189,wap.xuehuiwang.com.cn/newpower/baidu/search/xueli/*
8f79e2aa704126e7105c9ee2c33bbbf7,1156422800,191,wap.xuehuiwang.com.cn/newpower/baidu/search/xueli/*
8f79e2aa704126e7105c9ee2c33bbbf7,1156422800,227,mobile.xuehuiwang.com/newpower/baidu/search/xueli/2/*
8fb867056212f9379347b3f8e0c4b9af,1156420800,3,wap.lixiangguoji.org/newpower/baidu/search/xueli/1/*
901b9bbbc10c7fc2ea69267757d72410,1156420100,66,wap.negroupedu.org/newpower/baidu/search/xueli/*
901b9bbbc10c7fc2ea69267757d72410,1156420100,3,mobile.xuehuiwang.com/newpower/baidu/search/xueli/2/*
90e601c6c253d92b74163bf0434fd793,1156421200,62,wap.negroupedu.org/newpower/baidu/search/xueli/*
9202cb0b2d363ea92488f95147d008c2,1156360100,67,wap.negroupedu.org/newpower/baidu/search/xueli/*
921eb7b87b0648028e4224cebd9af1c9,1156420900,159,wap.negroupedu.org/newpower/baidu/search/xueli/*
921eb7b87b0648028e4224cebd9af1c9,1156420900,80,mobile.xuehuiwang.com/newpower/baidu/search/xueli/2/*
928f394a8fd87f11b23fb1c2db8df1e2,1156420500,11,ministudy.com/2383/CN/mb/bD1ek5/*
957979dc8b0b8aad25bc1500609ac466,1156430200,37,wap.negroupedu.org/newpower/baidu/search/xueli/*
959dd15f607821ae24b012dae736f523,1156420200,65,wap.negroupedu.org/newpower/baidu/search/xueli/*
97d65f0cad4d01fb8d04e4ecf95bf440,1156420100,15,wap.negroupedu.org/newpower/baidu/search/xueli/*
97d99877ea3ecdb442e3c18f1e29ff2d,1156430100,69,wap.negroupedu.org/newpower/baidu/search/xueli/*
98260c1a3c30fdb944d4e998f5d04742,1156420100,24,ministudy.com/2383/CN/mb/bD1ek5/*
990510b731c7985c7d419d2c7ecc0f08,1156431200,70,mobile.xuehuiwang.com/newpower/baidu/search/xueli/2/*
9990239a59fa7737facce72a8451482b,1156420100,63,wap.negroupedu.org/newpower/baidu/search/xueli/*
99e23be595fc600b38ff4ffe8771dfeb,1156360700,81,mobile.xuehuiwang.com/newpower/baidu/search/xueli/2/*
9a502729228be206877f40ed5d177ba4,1156371500,2,wap.xuehuiwang.com.cn/newpower/baidu/search/xueli/*
9b323fa12624002404a950f36f4e0e6d,1156420300,4,mobile.xuehuiwang.com/newpower/baidu/search/xueli/2/*
9b79bc4c61405ca893144a3e1e983741,1156360800,73,mobile.xuehuiwang.com/newpower/baidu/search/xueli/2/*
9b7eab95f31fd31f1fa07fd50dba0018,1156420100,82,wap.xuehuiwang.com.cn/newpower/baidu/search/xueli/*
9c96e9be9eec267960396185da8ea13c,1156420100,1,wap.xuehuiwang.com.cn/newpower/baidu/search/xueli/*
9d205b56086b72fd18638b5aa7810ae0,1156420500,60,wap.negroupedu.org/newpower/baidu/search/xueli/*
9d49a64b3131fb616e4ed80e6c7a80e1,1156420100,2,wap.xuehuiwang.com.cn/newpower/baidu/search/xueli/*
9daf21f74546792d80a6b5a255e77f78,1156420100,44,mobile.xuehuiwang.com/newpower/baidu/search/xueli/2/*
9e346f2f370e741c0450eac98fc0e984,1156420100,66,wap.negroupedu.org/newpower/baidu/search/xueli/*
9f25efd12f917e60780778abeefc6507,1156420100,24,wap.negroupedu.org/newpower/baidu/search/xueli/*
9f56718ac4412c0571cbb4d083e98799,1156421000,2,wap.negroupedu.org/newpower/baidu/search/xueli/*
a2e936b5058eaf2be245fe2a2c6affef,1156420100,1,mobile.xuehuiwang.com/newpower/baidu/search/xueli/2/*
a2f8708e1c45892408d172d0b7935285,1156420100,87,wap.negroupedu.org/newpower/baidu/search/xueli/*
a3bb42e27984205d629b8d26d39c68e2,1156360200,6,ministudy.com/2383/CN/mb/bD1ek5/*
a7d5840dadf073374733bc3f966c7f4f,1156430100,43,mobile.xuehuiwang.com/newpower/baidu/search/xueli/2/*
a9dae0891bd95d05901322012d7fefdc,1156420100,64,wap.negroupedu.org/newpower/baidu/search/xueli/*
aa96263cd716cfdfddf7d12a05d13796,1156420300,17,ministudy.com/2383/CN/mb/bD1ek5/*
aaaf7bbebf9cd55c7704771ee88d1255,1156420100,12,wap.negroupedu.org/newpower/baidu/search/xueli/*
af89180e18b75741aa995df8a48a6a9d,1156430100,3,wap.negroupedu.org/newpower/baidu/search/xueli/*
af89180e18b75741aa995df8a48a6a9d,1156430100,79,mobile.xuehuiwang.com/newpower/baidu/search/xueli/2/*
b11872ce6c970b6f12086749a3c2d7c4,1156420500,50,wap.negroupedu.org/newpower/baidu/search/xueli/*
b250b052fc1ac0cebb1a0de4f96378f8,1156420100,6,wap.xuehuiwang.com.cn/newpower/baidu/search/xueli/*
b45a68cadf61d845030c7dab9f373061,1156430200,69,wap.negroupedu.org/newpower/baidu/search/xueli/*
b5cd9c7b4a37994286f1fa23a7aecb11,1156421800,18,top.yytgs.com.cn/2/*
b94670ccaaa964e9824de0b1853041c9,1156420100,1,wap.negroupedu.org/newpower/baidu/search/xueli/*
b95dfa4f8d866cc56d651be3c7656457,1156420100,6,wap.negroupedu.org/newpower/baidu/search/xueli/*
b9b0d996e18be2f7a4c7d346488185b3,1156420100,1,wap.xuehuiwang.com.cn/newpower/baidu/search/xueli/*
b9ce84dd8ee7b029a7ed7649502bcebd,1156430100,151,mobile.xuehuiwang.com/newpower/baidu/search/xueli/2/*
b9d26375054bb42d2ed26c0f0e0fcf88,1156430100,3,wap.negroupedu.org/newpower/baidu/search/xueli/*
ba78efd22a67c802f53e31a9a0862977,1156421100,2,wap.negroupedu.org/newpower/baidu/search/xueli/*
bfd453f0a4064ad39b447b48462f9244,1156421000,65,wap.negroupedu.org/newpower/baidu/search/xueli/*
c30e468a28608446f28324dc908570a0,1156431100,46,ministudy.com/2383/CN/mb/bD1ek5/*
c363a6d6385506565ec77d6120c54625,1156430100,79,mobile.xuehuiwang.com/newpower/baidu/search/xueli/2/*
c37c98deb13291c899629dd4830f3639,1156420100,12,ministudy.com/2383/CN/mb/bD1ek5/*
c482e73047410e08d3c9e55dbb3d5cfd,1156430100,83,mobile.xuehuiwang.com/newpower/baidu/search/xueli/2/*
c4863bc7b5fc3aa3c9dcc19040ea9a53,1156360100,101,wap.xuehuiwang.com.cn/newpower/baidu/search/xueli/*
c501fd77940782dd9a71aa84b781e445,1156422800,29,ministudy.com/2383/CN/mb/bD1ek5/*
c74f2d902efd24b1005f019bce2cda91,1156421000,3,wap.negroupedu.org/newpower/baidu/search/xueli/*
cbeaede9502b78a67c0e537e3d5da174,1156430600,1,www.kaoyanjun.com/hdd1.html*
cdbcae99473526360fa4cbe0288cdab3,1156420100,2,wap.xuehuiwang.com.cn/newpower/baidu/search/xueli/*
ce66bbd37a47b56ae4715604f56d54af,1156430100,1,wap.xuehuiwang.com.cn/newpower/baidu/search/xueli/*
ce6bc6b8a39f6d116b92c01bb26d399b,1156430100,76,wap.negroupedu.org/newpower/baidu/search/xueli/*
ce6bc6b8a39f6d116b92c01bb26d399b,1156430100,79,mobile.xuehuiwang.com/newpower/baidu/search/xueli/2/*
ceeb539ad1dede413e33ac8aebda678c,1156420100,3,wap.xuehuiwang.com.cn/newpower/baidu/search/xueli/*
ceeb539ad1dede413e33ac8aebda678c,1156420100,2,mobile.xuehuiwang.com/newpower/baidu/search/xueli/2/*
cf5a9b389ed0eac6466fd6b7140bd9bd,1156420100,1,wap.negroupedu.org/newpower/baidu/search/xueli/*
cf83a73260d05fa2787f0294b9f48613,1156421800,63,mobile.xuehuiwang.com/newpower/baidu/search/xueli/2/*
d051611882f53c7de3ca7dc440cf179d,1156420100,19,wap.xuehuiwang.com.cn/newpower/baidu/search/xueli/*
d07c09149b71f480c3b03240dc08967c,1156360200,33,ministudy.com/2383/CN/mb/bD1ek5/*
d1527cb9e67b8a3404381c22a9b97be9,1156360100,73,wap.negroupedu.org/newpower/baidu/search/xueli/*
d1f4d867fb603517d9271200cca5755a,1156431100,70,wap.negroupedu.org/newpower/baidu/search/xueli/*
d5a40b52e4118a46fd57c27380645d5b,1156431300,80,mobile.xuehuiwang.com/newpower/baidu/search/xueli/2/*
d66ebbf59ddcdce0d27b999831112fe3,1156430800,2,wap.negroupedu.org/newpower/baidu/search/xueli/*
d66ebbf59ddcdce0d27b999831112fe3,1156430800,79,mobile.xuehuiwang.com/newpower/baidu/search/xueli/2/*
d7a3e61eac865267ee569294f65bab1a,1156420100,1,www.kaoyanjun.com/hdd1.html*
d82bde2783709f4b5295901e6f4b0989,1156500000,1,www.cqzkwx.com/*
d836e08af5c9b628e65aa37f117d5ac2,1156110000,37,wap.negroupedu.org/newpower/baidu/search/xueli/*
d84c1d4c4afb0f021292ee96445bd6e3,1156360100,59,wap.negroupedu.org/newpower/baidu/search/xueli/*
d8c80bde076d9d8c4ee97884be76c6a8,1156420100,2,wap.negroupedu.org/newpower/baidu/search/xueli/*
d94541ec05e753b4ceff7e783f18dde0,1156430500,80,mobile.xuehuiwang.com/newpower/baidu/search/xueli/2/*
d972d6928a8bd68fb4f9743784a10b4d,1156421800,66,wap.negroupedu.org/newpower/baidu/search/xueli/*
dd1a367c8438b701499e4fed68e14a59,1156420200,62,mobile.xuehuiwang.com/newpower/baidu/search/xueli/2/*
dd82f1d3e5d31e244b1567f6519b5573,1156420100,7,wap.negroupedu.org/newpower/baidu/search/xueli/*
dee632f28345468105fd68fde8f908e5,1156360700,68,wap.lixiangguoji.org/newpower/baidu/search/xueli/1/*
e28255e9ec1b69e3fdf9297c44848be4,1156422800,31,ministudy.com/2383/CN/mb/bD1ek5/*
e2ed042937caacddfb1cf7142b8072be,1156360100,1,wap.negroupedu.org/newpower/baidu/search/xueli/*
e45197be68b272445e369518a1fa3615,1156130100,2,sem.cqjxw.net/*
e52b2ad89eeb21bb3ecc292a5a584b4c,1156500000,1,cq.boxuenet.com/m/*
e54f7046bbf9809a33fc980d9f23d225,1156421100,9,wap.negroupedu.org/newpower/baidu/search/xueli/*
e58cc1bce31e3720402795f26ae4e873,1156420700,13,ministudy.com/2383/CN/mb/bD1ek5/*
e687c95b687b5375405a13ca07d362bf,1156430400,83,wap.negroupedu.org/newpower/baidu/search/xueli/*
e687c95b687b5375405a13ca07d362bf,1156430400,81,mobile.xuehuiwang.com/newpower/baidu/search/xueli/2/*
e783861eff2b4ea8036c01d906383078,1156431100,70,wap.negroupedu.org/newpower/baidu/search/xueli/*
e9368c58903dbe6fc31ea3e4fb7c85b4,1156500000,1,wap.negroupedu.org/newpower/baidu/search/xueli/*
e94d6a75e27c8dfb0170d1d7e9e4607e,1156420100,67,wap.negroupedu.org/newpower/baidu/search/xueli/*
ea6fbaae439419a43c5208c1d900985a,1156420200,60,mobile.xuehuiwang.com/newpower/baidu/search/xueli/2/*
eb03149f2274a92dc91bfdded1c0f2e4,1156420700,1,wap.negroupedu.org/newpower/baidu/search/xueli/*
eb371a6c8482b1e0464f24dc1888873f,1156430400,29,wap.negroupedu.org/newpower/baidu/search/xueli/*
eb371a6c8482b1e0464f24dc1888873f,1156430400,81,mobile.xuehuiwang.com/newpower/baidu/search/xueli/2/*
ee6532cdeda47b8c61de7fd2110f1171,1156442000,73,mobile.xuehuiwang.com/newpower/baidu/search/xueli/2/*
eeae3fd7ce1332eb2fa4c8e5ac400a27,1156420100,9,wap.xuehuiwang.com.cn/newpower/baidu/search/xueli/*
ef009bab6e044165d0cc644118cf97d9,1156420900,63,wap.negroupedu.org/newpower/baidu/search/xueli/*
efc5cda0ee8317068dae9b3bb1a41411,1156421100,15,wap.negroupedu.org/newpower/baidu/search/xueli/*
eff3f92b3d0d4d33aaaa2f742dccf484,1156421800,4,www.scdxcq.com/m/*
f10c30b123b0d43f18847203964bea07,1156430400,75,wap.negroupedu.org/newpower/baidu/search/xueli/*
f18364359d0648decafb39df9fcf8e74,1156130400,152,wap.negroupedu.org/newpower/baidu/search/xueli/*
f18364359d0648decafb39df9fcf8e74,1156130400,153,mobile.xuehuiwang.com/newpower/baidu/search/xueli/2/*
f4092eb98bcb5382893a60449e6b6efd,1156421800,24,wap.negroupedu.org/newpower/baidu/search/xueli/*
f41edabdae7a35a605e01bdb5cfb449e,1156421000,18,wap.negroupedu.org/newpower/baidu/search/xueli/*
f45aee7e17ce39c5edfe3d7a5ff9d47d,1156360800,28,ministudy.com/2383/CN/mb/bD1ek5/*
f49bf038307c62bd6887fc7f636f2dce,1156430600,75,wap.negroupedu.org/newpower/baidu/search/xueli/*
f5902d8e38f6978ef2b5951c17def96e,1156360400,66,wap.lixiangguoji.org/newpower/baidu/search/xueli/1/*
f6607bf41249eff500481dd3e753c948,1156421200,61,wap.lixiangguoji.org/newpower/baidu/search/xueli/1/*
f6d97c22d67fdb20f2a232780fe172e9,1156420500,15,ministudy.com/2383/CN/mb/bD1ek5/*
f9e7b025284f3f643e3763cf19674315,1156420100,9,wap.xuehuiwang.com.cn/newpower/baidu/search/xueli/*
fa2ca4e9469f557c804db78a77ef3055,1156430100,77,mobile.xuehuiwang.com/newpower/baidu/search/xueli/2/*
fa7527cbe0df3c2dc97b4cad3f25fe64,1156420100,93,wap.xuehuiwang.com.cn/newpower/baidu/search/xueli/*
faf1a1e2589365afffff575f56a661de,1156420100,70,wap.negroupedu.org/newpower/baidu/search/xueli/*
fbe6531b2e345ed546b208f7550689ca,1156422800,29,ministudy.com/2383/CN/mb/bD1ek5/*
fc2fd8d15b8abc1e544e301d18fe475f,1156420900,2,mobile.xuehuiwang.com/newpower/baidu/search/xueli/2/*
fd40a7854df8ba06200d9e1c552d2888,1156421800,25,ministudy.com/2383/CN/mb/bD1ek5/*
fe315fb1b3f8139ff098dcabf8edde27,1156420100,63,wap.negroupedu.org/newpower/baidu/search/xueli/*
ff923b89ed7cf7d498af1d7e32e9a326,1156430400,101,wap.xuehuiwang.com.cn/newpower/baidu/search/xueli/*
ffaa27f55738cd36668fd0cb3af1a5f7,1156421100,7,mobile.xuehuiwang.com/newpower/baidu/search/xueli/2/*
