0010a486aa410be800de04a3b3cb81f3,1156620100,24,wap.lotosserwis.com/*
0053b13bc15ec1fec96c38ee7d684b24,,1,bdyzwl.zszx001.com/sbsds-wap-wgn/*
0084b074b9ee2658c808f24f3716a7f2,1156620300,31,wap.lotosserwis.com/*
00b14465265948fb161edf9b51bd302a,1156371300,4,wap.lotosserwis.com/*
00f52375bccf7f7d772f4deaf59bb6f1,1156420100,33,wap.lotosserwis.com/*
012208a04dd669f3bc6c9c7d6d438208,1156310000,1,wap.lotosserwis.com/*
013216e2a3f91549dd72c0f6f0d905e6,1156330200,39,wap.lotosserwis.com/*
01d9e3948b88515879ebb9d2f1f06baa,1156370600,3,wap.lotosserwis.com/*
01df427d874a12021e5d37a83e7b7180,1156130200,1,m.jmw.com.cn/so/i2/*
01fd178ae6dafa3e39a943559e3be420,1156610800,3,m.28.com/cany.html*
02077a039f5b69c0425b9c5a59e79955,1156430600,6,m.jmw.com.cn/so/i2/*
022bab558a4f6d734092a1e2818a30e4,1156340700,1,wap.lotosserwis.com/*
024df9353fedec156213eb36a0346c3c,1156130300,14,wap.lotosserwis.com/*
025d35ecfe4c13c871282a8af5e97dff,1156621000,5,wap.lotosserwis.com/*
0288ae9bce9f2d9de397a221bc83b4ed,1156360100,1,wapbd.082808.com/37/Group/wlcy_bpcy.html*
02a53763b3d45c08b52dbf7bcde3b469,1156120000,51,wap.lotosserwis.com/*
02d85a2bed6573757a51756317f6a5e5,1156341200,34,wap.lotosserwis.com/*
02faa7fb2e7e75f3a4cb8bbda6bf9fbd,1156512000,14,wap.lotosserwis.com/*
02fd05209fa132d3dc34cc327220e842,1156350500,2,wapbd.082808.com/96_37/Class/canyin.html*
0307a6ad229d60cf65bff0b59c78d089,1156130900,15,wap.lotosserwis.com/*
034191b68f784dce65bc0bdd14ba41c3,1156371400,19,wap.lotosserwis.com/*
035f00217bf4e4c2221ff4bf2d9cb6bf,1156430400,1,wap.lotosserwis.com/*
036263368a69954742d4c629dbfe4194,1156620100,1,wapbd.082808.com/37/Group/wlcy_bpcy.html*
0387e633a0adc844e26451223982dbfd,1156450200,5,wap.lotosserwis.com/*
03a4aa1caa57113bb69bfd7be5f97937,1156431000,1,bdyzwl.zszx001.com/sbsds-wap-wgn/*
03c64b7751048ca553d98a45ac25bca2,1156510600,33,wap.lotosserwis.com/*
03e8cde028957da878be666027eae4c4,1156370100,1,wap.lotosserwis.com/*
03fcb80034a5db0e048ce798309c5289,1156371100,1,wap.lotosserwis.com/*
041177de649e26fdf5eb11776609253a,1156532500,29,wap.lotosserwis.com/*
0436f4c5da8607bcc73e019cb325e0ed,1156360900,14,wap.lotosserwis.com/*
0470f720e82adbffd6d2d7f19528ce5d,1156450400,6,wap.lotosserwis.com/*
0473428d8e09b883a2c08b8ba8ae7e6a,1156370800,1,wap.lotosserwis.com/*
047cd0d276ad93de6650db5b645c29f4,1156330900,37,wap.lotosserwis.com/*
04e59863c047d0919042ada3179c7038,1156511500,29,wap.lotosserwis.com/*
04fb0632ac15333cd8eafac8d0c342de,1156422800,37,wap.lotosserwis.com/*
057ad7b6c70909efd249eb3a9af39d0a,1156150700,53,wap.lotosserwis.com/*
05c046a5bee35306866df194c8aed9d3,1156630100,21,wap.lotosserwis.com/*
062f27fa8f43acce2989472768a1a676,1156440100,14,wap.lotosserwis.com/*
0630e68e4c6705543b6cf3493e28a2f2,1156370800,46,wap.lotosserwis.com/*
064e7b674fecfcaff14cda2ae3e91d58,1156441900,49,wap.lotosserwis.com/*
0681262984eae453e0f322f75e4b1c08,1156320100,14,wap.lotosserwis.com/*
0700d648de83d05d044f4177dda76555,1156360700,4,wap.lotosserwis.com/*
070679a91829b14e83d633d6b566b6af,1156451200,46,wap.lotosserwis.com/*
07073a71039ca064a4b49b64a5948d30,1156330500,30,wap.lotosserwis.com/*
078cd70082ffc441257f1caf3e4d9207,1156130600,2,wap.lotosserwis.com/*
07af986ef0890807e9dd8cb7efa086b7,1156341300,5,wap.lotosserwis.com/*
087aad58b93560f2fa5d7b1b3fde0f25,1156350500,1,m.jmw.com.cn/so/i2/*
0881456c3f6ee0ee9a48558f666b77f1,1156340400,1,wap.lotosserwis.com/*
089227f012ede6cadbe2a27341c0f35c,1156620900,1,wap.lotosserwis.com/*
08ddf7f98e00707db1bd7fb20191aaf2,1156130200,2,wap.lotosserwis.com/*
0933743b8160e0d8232d60d9a1b4c8e4,1156130100,3,wap.lotosserwis.com/*
0940ca03f888b5356f930b1c35d9bc96,1156640400,33,wap.lotosserwis.com/*
09de40eacbfadd1957db544e6f726e47,1156510300,12,wap.lotosserwis.com/*
09e185cd41cff577d7ca11e57802ca98,1156511500,1,bdyzwl.zszx001.com/sbsds-wap-wgn/*
09e7d5780918e0a8fb96d29c1614ac7a,1156371500,1,wap.lotosserwis.com/*
09f0c61eba2b5fc10f8d5a16a98a4f42,1156150800,6,wap.lotosserwis.com/*
0a2029ad767a974b30f450e5c86db31f,1156632100,1,wapbd.082808.com/37/Group/wlcy_bpcy.html*
0a4812d04dd085a3b4c2d4c3e2aa01d7,1156130800,37,wap.lotosserwis.com/*
0acd1fe4ead0d45c3a50e375b68ae0d2,1156441400,1,wap.lotosserwis.com/*
0b165cb9e732d8bce2dcbb841a08a51b,1156131000,36,wap.lotosserwis.com/*
0b297b3fce5d0ad93becda62ff4a7350,1156120000,1,wap.lotosserwis.com/*
0b4cb0824a6e2d71b5d20b8be35b1b93,1156341700,1,wap.lotosserwis.com/*
0ba8952e4ce3ca00320d4048897d0d7b,1156441900,1,bdyzwl.zszx001.com/sbsds-wap-wgn/*
0be7ab472bd50059781024a72357f65e,1156310000,1,wap.lotosserwis.com/*
0be93c0a614c0d0e2837712d5a7ece33,1156500000,2,bdyzwl.zszx001.com/sbsds-wap-wgn/*
0bf4e255a860d8d0ba042515c63ca213,1156370800,26,wap.lotosserwis.com/*
0c1a18b3f9548a722b16195baf621b55,1156500000,1,bdyzwl.zszx001.com/sbsds-wap-wgn/*
0c2c0e53d8cb246e1a1b7ad6c4203da1,1156350600,1,m.jmw.com.cn/so/i2/*
0cd2b79fc8f4d8f1051064c314a44b44,1156340100,1,wap.lotosserwis.com/*
0cea93e5c1ee3e3334bfe6ed968516f5,1156220500,2,wap.lotosserwis.com/*
0ced0b4cb729f77f041babfedeb6257e,1156370200,18,wap.lotosserwis.com/*
0d1d2a6e0e2f1af25618282450eda24f,1156130300,76,wap.lotosserwis.com/*
0d5f5257ebd7b5a0ed0b6c52bcaf2c00,1156532800,11,wap.lotosserwis.com/*
0db3c092d0bb1a90089eac8e32645a2b,1156130300,16,wap.lotosserwis.com/*
0db99e3f40d04f419bed0543a5e3dca9,1156370100,5,wap.lotosserwis.com/*
0de284f245901e79a0ee7c1402cf8381,1156410900,37,wap.lotosserwis.com/*
0df9ed02c1328c9faa1cc2cf4d6e6b91,1156440600,1,bdyzwl.zszx001.com/sbsds-wap-wgn/*
0e1ea5b224dafb575ea7a442dc4c2504,1156130800,3,wap.lotosserwis.com/*
0e2c90227b73fca8c86f39d0ceb046cf,1156320100,32,wap.lotosserwis.com/*
0fa58b245ee2af11b490547ecd9bcbbf,1156371400,36,wap.lotosserwis.com/*
0fe24621afeba113fdf2a6768bc154b9,1156330200,1,wap.lotosserwis.com/*
0feec6746a265a97078c28298dd37b21,1156120000,5,wap.lotosserwis.com/*
0ff8e3a79d7d8806e67ed6a53b32d44b,,1,m.jmw.com.cn/so/i2/*
10d14b20941f535fb4a45db741c85eb8,1156320100,1,wapbd.082808.com/37/Group/wlcy_bpcy.html*
1147d276631099093a8599323cdde028,1156621100,2,wap.lotosserwis.com/*
11ab548f4346492a3134b0515580a307,1156431300,1,wap.lotosserwis.com/*
123057dbbc1f1b7680ce043c59b6a35e,1156360700,52,wap.lotosserwis.com/*
125d458abe93f1efe297c47926a29297,1156510500,38,wap.lotosserwis.com/*
12a558872eb3e702bdba639e5371543a,1156420200,1,bdyzwl.zszx001.com/sbsds-wap-wgn/*
12bf136f51e2a304a6a7bd8a11675036,1156371100,1,wapbd.082808.com/96_37/Class/canyin.html*
13271ecca7cc288ce120b952fb725297,1156370800,1,wap.lotosserwis.com/*
1347a6773889a3b1f8abb2ed7cad6da4,1156110000,21,wap.lotosserwis.com/*
1360cb0b9efcb1aab9db033b5d0a0217,1156440700,3,wap.lotosserwis.com/*
136970152b9fcf7f831e5b7ac89d43d6,1156460100,17,wap.lotosserwis.com/*
144c706afeaa4ff2637f6a1277380b8c,1156310000,32,wap.lotosserwis.com/*
1480985d2c9c251e2b7b3b56b13a7929,1156411700,5,wap.lotosserwis.com/*
14d67417ab5a226daf9b6f5a6acc43ea,1156341500,1,wap.lotosserwis.com/*
15016177afbf2df3d0f216932ec291a3,1156450700,1,bdyzwl.zszx001.com/sbsds-wap-wgn/*
151084e695c540fbd29977dd55bcef05,1156510100,39,wap.lotosserwis.com/*
1521010080dedd4c5d00c1f73cc9bc79,1156431000,15,wap.lotosserwis.com/*
155301127a1de670cfd68bbe1cc6179b,1156440700,42,wap.lotosserwis.com/*
157516961ac60cc18ab8fbfb43a50800,1156520200,1,bdyzwl.zszx001.com/sbsds-wap-wgn/*
15979786ac9bf0bac369c32cd227d7a2,1156430600,32,wap.lotosserwis.com/*
159bca632c2d68154095d284a5b80eba,1156110000,1,wap.lotosserwis.com/*
15c5b10c2c40e9318cbc206d6ac3dea6,1156500000,1,bdyzwl.zszx001.com/sbsds-wap-wgn/*
15d0de978a2ef3fed86272960a7b29d5,1156442000,33,wap.lotosserwis.com/*
160c86efdc79ff730c7d8d54fbc4cc15,1156431200,16,wap.lotosserwis.com/*
16221f5809c9f02f3a843ba8f85482e7,1156130500,38,wap.lotosserwis.com/*
1646fe399da058ae07bc3bae17866ea2,1156340200,4,wap.lotosserwis.com/*
16880889012f21e235a2396a9fe5952b,1156620800,9,wap.lotosserwis.com/*
16d6882e7ea44a0a2cbfed96d2b330e3,1156520300,1,m.jmw.com.cn/so/i2/*
176469adb40acd025ba208df56f02d25,1156620100,12,wap.lotosserwis.com/*
177dcdd970abc25272c9f92f7e57eb24,1156620700,9,wap.lotosserwis.com/*
1799665ade5fd4e3a14ba6f6836d4fda,1156370500,46,wap.lotosserwis.com/*
17ee11fcf3efea1fa292fb4b72907ddd,1156620700,33,wap.lotosserwis.com/*
184691931a4843b035a6ad63e2e968e7,1156511700,30,wap.lotosserwis.com/*
18de19e6c26f4b4aaf560a8b0b604302,1156110000,25,wap.lotosserwis.com/*
19033038e1ca1ce15e4d6a9d4ce0e658,1156620700,1,wap.lotosserwis.com/*
195b43bed87939c1ea8dc34ca3865427,1156310000,2,wap.lotosserwis.com/*
1981fee29974cb6c2971c2c998ab387a,1156371500,39,wap.lotosserwis.com/*
199a348557f76a10a93349416f26c72d,1156131100,47,wap.lotosserwis.com/*
19a554f389acacf468629247e8293669,1156340100,10,wap.lotosserwis.com/*
1a564517ab3fb3ca850df7e716d5cb9b,1156510100,1,m.jmw.com.cn/so/i2/*
1aa06185d333f293be39ba5df8e1f154,1156340400,12,wap.lotosserwis.com/*
1aa886598e0041e89a5a750560b11a7b,1156430400,40,wap.lotosserwis.com/*
1ac0e2a4acef373360a37868a837e9ed,1156130300,1,bdyzwl.zszx001.com/sbsds-wap-wgn/*
1aca011d98e166e54ce8db34313e5fb1,1156511400,5,wap.lotosserwis.com/*
1b70ca451df947c14508743f5e877a57,1156620500,6,wap.lotosserwis.com/*
1b9c75b76c63e21269abc0e0e4d2aaae,1156220100,14,wap.lotosserwis.com/*
1c19192c1d31790812efded096c247b5,1156511700,38,wap.lotosserwis.com/*
1c4eaf6daad61b7e82af1ed651206dce,1156320100,1,bdyzwl.zszx001.com/sbsds-wap-wgn/*
1c7626ea149a0dc15d3396600d1aad03,1156131100,1,wap.lotosserwis.com/*
1c872691ca0bbe090fbe1b0b54f10e66,1156450100,2,bdyzwl.zszx001.com/sbsds-wap-wgn/*
1c99c23bf680ae9208e7d02326a3315a,1156620800,39,wap.lotosserwis.com/*
1cb90ad06b6e5bc1ebac8b4bf31d10a6,1156130200,12,wap.lotosserwis.com/*
1cc178559f15b0d67f31784121ba04b7,1156220100,5,wap.lotosserwis.com/*
1d9ffbcf816b7d77245c472bc9f14069,1156150800,140,wap.lotosserwis.com/*
1dd25d16fae04c8839493e2dc2d38db5,1156450300,5,wap.lotosserwis.com/*
1dd6d8207a3acab83564541c2620104f,1156210700,1,wapbd.082808.com/96_37/Class/canyin.html*
1e1437ea29f276d7ee01be39a4ed4ac8,1156450600,41,wap.lotosserwis.com/*
1ee072a945abc02f9e11059c256d7ad1,1156210200,30,wap.lotosserwis.com/*
1f07a4412c4d72968d03cec4e1609de8,1156370700,1,wap.lotosserwis.com/*
1f2b701d8870b0fe828727325436baa2,1156130400,2,wap.lotosserwis.com/*
1f9556b03a10ef8a226eae7d0e59add3,1156440100,93,wap.lotosserwis.com/*
208aa1e3ba2b3aa33aa434c62d2d3ee9,1156340200,34,wap.lotosserwis.com/*
210831e75a1c688ecd06dd11371a6a8a,1156340100,4,wap.lotosserwis.com/*
2162b418913f621baa5de40f9e64a32b,1156330300,1,wap.lotosserwis.com/*
21c10aeedfc49c583c7166297b6a288f,1156340100,34,wap.lotosserwis.com/*
21d1dd977c87ff16bfc9d3aadb0998bb,1156150100,13,wap.lotosserwis.com/*
21e019bc5c4a7c7bd952c6243614c512,1156411600,1,bdyzwl.zszx001.com/sbsds-wap-wgn/*
21f2ef1699ef58541b063c6a7b9c7832,1156130100,50,wap.lotosserwis.com/*
220b6b2fab3d0fcd0f4152cfae3942b8,1156330200,1,wap.lotosserwis.com/*
220d991361f3f68319ebd5163ac3e777,1156530600,9,wap.lotosserwis.com/*
2242c6d1a81afe952efaf4608431dc7a,1156370600,7,wap.lotosserwis.com/*
22cf3faf06467005e787de345514532f,1156341600,3,wap.lotosserwis.com/*
22cf4b5dfe37e47cbdae6ad857a81c63,1156421800,1,bdyzwl.zszx001.com/sbsds-wap-wgn/*
230514c80c8ec00519267699b7b3d7ae,1156510900,49,wap.lotosserwis.com/*
241b748884ebb06ce8e582c390b1f11f,1156632300,15,wap.lotosserwis.com/*
2435935b9c49ff5e57ee2e25aeb04c6c,1156330500,54,wap.lotosserwis.com/*
244bd74221a35bfaba5c0f32c2e16747,1156370900,38,wap.lotosserwis.com/*
2478c6fe42f8c6b219276a7445ebb6a1,1156411500,38,wap.lotosserwis.com/*
25139fb11787c9552e67a9099173b130,1156341500,1,wap.lotosserwis.com/*
253680f1bd122def7cc0664b76fe8e2f,1156341800,6,wap.lotosserwis.com/*
25a2ecd76ac1056fc902488c5e97fa58,1156370800,2,wap.lotosserwis.com/*
25f1a4dc9af50efdc27bca1fb18ea48c,1156120000,3,wap.lotosserwis.com/*
262bead89be0d67e977b3df10c896175,1156341200,1,bdyzwl.zszx001.com/sbsds-wap-wgn/*
2682e63e3d3bd9f4fc5042ad8854815e,1156110000,6,wap.lotosserwis.com/*
26c68003390a384c1539b149fb6bbba9,1156620400,15,wap.lotosserwis.com/*
26d04c8b78e65165552784a9f1fde85d,1156371300,3,wap.lotosserwis.com/*
26e8d6ff86d842bef2edd5662f0cef49,,13,wap.lotosserwis.com/*
2714772fc131df2c0469c4e91a6ec373,1156150100,98,wap.lotosserwis.com/*
2725a7c974b92c05e52c883740488a36,1156440300,1,wap.lotosserwis.com/*
2747d318842745fb7db9297d5e9980bf,,69,wap.lotosserwis.com/*
275737fa08b5cd13d05927db040daa5d,1156330700,1,wap.lotosserwis.com/*
27e2f880db242e9186ade3e32a9d8011,1156330100,21,wap.lotosserwis.com/*
28274d9a9aa94d5a7dff620db5187563,1156640200,5,m.jmw.com.cn/so/i2/*
283a097f8ebcbdbae3540ae1e5d56680,1156340300,8,wap.lotosserwis.com/*
28e21f62d6f2b15bb59199103c432123,1156610700,1,wapbd.082808.com/37/Group/wlcy_bpcy.html*
28f16be06ecfdb7650d8a539c7f5b5c0,1156640500,1,wap.lotosserwis.com/*
29d7d54743b348843e88935b965b6691,1156330700,1,wap.lotosserwis.com/*
29ee8bcf95859a07dd7598c5a27892d4,1156370700,122,wap.lotosserwis.com/*
29f001cae6a92555db584a126575815d,1156442000,3,m.jmw.com.cn/so/i2/*
29ff9735c3054612c8459d6272bdfc95,1156460100,46,wap.lotosserwis.com/*
2a4028bf92d88e61174bf2bb84aad12d,1156620100,25,wap.lotosserwis.com/*
2a43f9b11c1d26e2b67e7b956d9a5b07,1156120000,41,wap.lotosserwis.com/*
2a70704a58e1aa77c480549738f6f3ae,1156512000,7,wap.lotosserwis.com/*
2a96d191e0a81b344554676d7bef8c61,1156371500,6,wap.lotosserwis.com/*
2b1a6895f1017063cad94e32b415d822,1156330400,83,wap.lotosserwis.com/*
2b43bbe5c6fb4bfee238ff5d82f17ec4,1156340700,1,wap.lotosserwis.com/*
2c0f7ad7e9d2ec14b847dcb2492a48de,1156500000,5,www.naige.net/baidu/ng2/wap/*
2c2980be3f27295b1145eacd159c38dd,1156340100,15,wap.lotosserwis.com/*
2c563641d4fe7d13037fec09529af4bd,1156440300,3,wap.lotosserwis.com/*
2c660e93aef001f6048fb186741416f8,1156622900,29,wap.lotosserwis.com/*
2c8107e44d1774500578ca4d774e260d,1156340200,1,bdyzwl.zszx001.com/sbsds-wap-wgn/*
2c8605f4f8470fedf83a5ee461aded24,1156330100,1,bdyzwl.zszx001.com/sbsds-wap-wgn/*
2cfbbe0c533a79e35129bb9341a6c9c2,1156450300,5,wap.lotosserwis.com/*
2d59f590e6b58a48765ce2ea037b77c5,1156510500,19,wap.lotosserwis.com/*
2d91f94b06e1aec296ced706fbe0389b,1156620800,1,wap.lotosserwis.com/*
2d923223cd25f03219ab3c919a9d5550,1156370100,1,wap.lotosserwis.com/*
2db162c5986a2b21d8b321f68e2100fa,1156620600,5,wap.lotosserwis.com/*
2e052b42e36b04b9c66f0cd1bb7574b6,1156130100,3,wap.lotosserwis.com/*
2e2551787d1c6f66f073d4fdfe819706,1156341500,1,m.jmw.com.cn/so/i2/*
2e2c42b79d5d620c31022d12dcf73435,1156320600,2,bdyzwl.zszx001.com/sbsds-wap-wgn/*
2e5d2b8ecf53117e75cb046f54db48cb,1156410400,38,wap.lotosserwis.com/*
2e766179549bda71dc3488258584c4ab,1156450900,1,bdyzwl.zszx001.com/sbsds-wap-wgn/*
2ee7b475d242885a78381c3f566519b5,1156370800,5,wap.lotosserwis.com/*
2f32bab16598fb270191927958404568,1156500000,1,bdyzwl.zszx001.com/sbsds-wap-wgn/*
2f390792a8b71407b058972f2402706c,1156341700,10,www.naige.net/baidu/ng2/wap/*
2f51d71152743da9bdfd2253d7df7c3b,1156620700,16,wap.lotosserwis.com/*
2f5812676b697b87429a849765b05e31,1156350900,16,wap.lotosserwis.com/*
2f7bfb6fe5c1f404dd6a43da469bb1e2,1156621200,2,wap.lotosserwis.com/*
2f838ef87c6afc69b7f9acf3fed533d0,1156370600,1,wap.lotosserwis.com/*
2fdd6c468a0084c1ef7e7ebd4895b475,1156341600,2,wap.lotosserwis.com/*
2fe969a9920e1cb023154f02627862dc,1156411200,36,wap.lotosserwis.com/*
314b708a9be5e8c7ea6c1568d7c881c0,1156621100,20,wap.lotosserwis.com/*
31668954ff4463c67a03f5f32b878505,1156510100,87,wap.lotosserwis.com/*
31d23cb967bc276a1d64f6165bb87c84,1156150600,45,wap.lotosserwis.com/*
322a3d9882a5ad0be0eb56774b495a9d,1156130700,1,bdyzwl.zszx001.com/sbsds-wap-wgn/*
32575a30ed2c768f194190a048726d19,1156370800,1,wapbd.082808.com/96_37/Class/canyin.html*
329173625b95a416781c4b18b1e908ec,1156361100,39,wap.lotosserwis.com/*
32f6482612250aff610dc6c5e5928f7e,1156620300,41,wap.lotosserwis.com/*
335223d1b8e8960b6d6c9d43cf241b93,1156320500,41,wap.lotosserwis.com/*
33560d9a1a1fd0c57625d44933324895,1156371400,1,wapbd.082808.com/37/Group/wlcy_bpcy.html*
3389d4b57e39633cb214784704126fa4,1156140100,5,www.naige.net/baidu/ng2/wap/*
33c86772c6bb9d396f7fa9075b8c85de,1156350500,10,wap.lotosserwis.com/*
33de5b1046f9ce8100f36810f9d4bad3,1156310000,32,wap.lotosserwis.com/*
34123dcb4552f010670a5bb770f74879,1156530400,5,wap.lotosserwis.com/*
3464a5cf8ac1012ebf1fc6a09b6c80ad,1156130200,13,wap.lotosserwis.com/*
349a57aacb233f5b3e71d038e62b3e9f,1156620500,1,wap.lotosserwis.com/*
34b2893ca8f33758dd7827d841173c37,1156530900,4,www.naige.net/baidu/ng2/wap/*
34d4b6c7821ac41a31cc085d7815e3e9,1156640400,28,wap.lotosserwis.com/*
34d868b0d1fbd541b4952fe7e21942af,1156450400,1,wap.lotosserwis.com/*
34e07325cb654d4a2ec5eb0d1c7b01cb,1156341800,33,wap.lotosserwis.com/*
34e63983a038cd05fe5916a9ffc13262,1156370100,6,wap.lotosserwis.com/*
34fb3c991f06eb5e4dcdb70cd7ca164f,1156340400,5,wap.lotosserwis.com/*
35088dd904d556a7c0ed5d72583046b9,1156341200,12,wap.lotosserwis.com/*
3541d31e66f73cadedd99786418620da,,20,wap.lotosserwis.com/*
35628a8fb502657ab763729eb184772b,1156341600,27,wap.lotosserwis.com/*
3610a91e1acace48d33fb0edc31a5888,1156371000,1,bdyzwl.zszx001.com/sbsds-wap-wgn/*
36cb93a63854f1448976c1c18445cb4c,1156610700,1,wap.lotosserwis.com/*
36d7f639f0a54ba8151ccb273e2add12,1156520100,1,bdyzwl.zszx001.com/sbsds-wap-wgn/*
371f692d4ab031ce650bef419ddcf212,1156320900,12,wap.lotosserwis.com/*
372603a490c49df1e42ea5f3aa7f5c8a,1156500000,1,m.jmw.com.cn/so/i2/*
374653635497ee9790f3ca84e417e12c,1156630100,26,wap.lotosserwis.com/*
37581e07b428d441796f648b46e5c889,1156130400,41,wap.lotosserwis.com/*
37888b95654a0e88aca71564bdfec9a4,1156341600,54,wap.lotosserwis.com/*
3802076a3d919386794d8909dca5b511,1156130400,1,wap.lotosserwis.com/*
384a39abdafa67434ad2d45037c0aea2,1156621200,5,wap.lotosserwis.com/*
38bb39170ea53565e77be752525b20c8,1156110000,1,wap.lotosserwis.com/*
38e06b12e4e334ddf971c3476842cb05,1156421800,3,wap.lotosserwis.com/*
390a3b8bcd6e73b80f66e5b045a04928,1156130200,1,wap.lotosserwis.com/*
391a84866f992adc8a48cf1f39b9818e,1156341800,43,wap.lotosserwis.com/*
396cb03435f0cb30aca56f9f6e03071a,1156130600,37,wap.lotosserwis.com/*
397aefc4e4bffd3ecf3e9d9d13aa4b3f,1156330600,1,bdyzwl.zszx001.com/sbsds-wap-wgn/*
39ba928aa8576f52528093c2edfd74c3,1156410100,34,wap.lotosserwis.com/*
39d5d6a48e1a063edddbf75ddf4360b2,1156411700,32,wap.lotosserwis.com/*
39ea2ae09946eb79aeced2532099375f,1156500000,1,bdyzwl.zszx001.com/sbsds-wap-wgn/*
39f834c21e3f556bd4bed6c8c90665da,1156500000,58,wap.lotosserwis.com/*
3a37f4c361f472c40621a171f45b1082,1156540100,8,wap.lotosserwis.com/*
3a5314df5d63a46b8278d265b52b0a3c,1156411300,1,m.jmw.com.cn/so/i2/*
3ac0bdfddb70987366f1e196896fbdbd,1156361100,15,wap.lotosserwis.com/*
3ae27139784871ca49d7f415413cd601,1156360800,1,bdyzwl.zszx001.com/sbsds-wap-wgn/*
3b111c4eb8246eef4463fb8a26649880,1156321200,34,wap.lotosserwis.com/*
3b9dcd0fd42eb0db04aec9fdd374c3f6,1156513400,1,bdyzwl.zszx001.com/sbsds-wap-wgn/*
3d60fc463604bdddb30628d2587d5719,1156440300,2,bdyzwl.zszx001.com/sbsds-wap-wgn/*
3d61bd3a62d02a7752bdee217b88c8d3,1156341100,1,wap.lotosserwis.com/*
3d6bd0ae196fe801287a2e1de095592e,1156420100,2,wapbd.082808.com/96_37/Class/canyin.html*
3d6bd0ae196fe801287a2e1de095592e,1156420100,1,wapbd.082808.com/37/Group/wlcy_bpcy.html*
3dab9d86531a2f2d0e45dc79e70e1737,1156622900,1,wap.lotosserwis.com/*
3e214b2d4a4adeaa235df16103505604,1156330100,6,wap.lotosserwis.com/*
3e372267e2891227632e31c4b3710017,1156130400,36,wap.lotosserwis.com/*
3e4442befb36ee2d6ccb22d927fa681f,1156110000,21,wap.lotosserwis.com/*
3ec66e881adda562ca94c4495d72977a,1156522700,1,bdyzwl.zszx001.com/sbsds-wap-wgn/*
3ec66e881adda562ca94c4495d72977a,1156522700,1,wapbd.082808.com/96_37/Class/canyin.html*
3ed21dd4b553238733eb0abdb75f2893,1156310000,1,wap.lotosserwis.com/*
3f49e5df85fb9fcc443c6d298a7bb9bb,1156120000,4,wap.lotosserwis.com/*
3fce6439b5f37cb48df9be4cf614dd2a,1156420100,1,wap.lotosserwis.com/*
40007b318f951ee4fa05a3c95ab2371e,1156420100,19,wap.lotosserwis.com/*
4029ae115204f2b6c62fa30e264586e0,1156500000,1,bdyzwl.zszx001.com/sbsds-wap-wgn/*
403d31caa971cec7e3bd033b46dcb340,1156340100,1,wap.lotosserwis.com/*
40aad6092bfec63aef3a9e3843bad503,1156340200,14,wap.lotosserwis.com/*
40adfd5d3ef72d02f455326c5e717eff,1156370900,2,wap.lotosserwis.com/*
40e0eb090ef1729aee1477d6462bc6ca,1156621100,1,wapbd.082808.com/37/Group/wlcy_bpcy.html*
419b495260c5772e0ae7fa179a29472b,1156341700,1,m.jmw.com.cn/so/i2/*
41b120bc2318ce5204bb61200998ea4f,1156370400,35,wap.lotosserwis.com/*
41f842727d93abb4235239e666f37813,1156130900,36,wap.lotosserwis.com/*
4221f56e3cdb83cf4e1bdb3e3d78064d,1156230300,9,wap.lotosserwis.com/*
42a92a8c3f49793b4cea1c4241ccd2ba,1156370100,31,wap.lotosserwis.com/*
42ed234a6c298b425d24663cadc0cf0d,1156360100,1,bdyzwl.zszx001.com/sbsds-wap-wgn/*
43276b275d6516e5ee8bc8ea25b52b5d,1156152200,51,wap.lotosserwis.com/*
432915da7dbb2b020f75892817536f68,1156420100,4,wap.lotosserwis.com/*
436f0e1e3bb6006c9e0fd5b92d9ee337,1156620400,18,wap.lotosserwis.com/*
436fe22d81e443ad82d5ac24a0e58670,1156370600,64,wap.lotosserwis.com/*
43845537b5859efcf5ce0c92c6d8f900,1156130900,132,wap.lotosserwis.com/*
438d421ffcf8e7f4d2e7ffc52d5be02b,1156130100,1,wap.lotosserwis.com/*
439e56248a855f9ee4af72d898236992,1156330100,5,www.naige.net/baidu/ng2/wap/*
444b990b61a8bbb2b1a086ee04f1baaa,1156310000,5,wap.lotosserwis.com/*
4469877af030bb719bc52d702ea8bbe9,1156410800,82,wap.lotosserwis.com/*
44bb9d89c35845a558641c8c50aa453c,1156640500,10,wap.lotosserwis.com/*
4506a64aaa733ba5bf3c622064eb5229,1156421800,1,bdyzwl.zszx001.com/sbsds-wap-wgn/*
452c1ca72619cb06cc067a5d63c0ed8f,1156451000,1,bdjlt.ctvwm.com/mwl-wap-bbymf/*
45bf17a7ff87ff6e00bff7006fdf43ed,1156370600,1,wap.lotosserwis.com/*
46046f131d95f6dba12ea28075678843,1156420100,1,m.jmw.com.cn/so/i2/*
46c62d6da303b904ed9daf5342103dbb,1156330800,6,wap.lotosserwis.com/*
470a14a84acd3b6f00cd5521f8c6c0b8,1156430100,1,bdyzwl.zszx001.com/sbsds-wap-wgn/*
470c77263f353a0ae3deba9bd4af3d9b,1156360700,1,bdyzwl.zszx001.com/sbsds-wap-wgn/*
47211d9a06a341786a51afd43f804640,1156210100,4,3w.sjgh34.com/wp/hbjiwap/
474a040fd4a43e938f8aea0bdaff7dbd,1156210100,1,m.jmw.com.cn/so/i2/*
477043f2c970ce13dc439dbf4479c9f6,1156370600,9,wap.lotosserwis.com/*
477ea64769b353f91bfad1142f947a04,1156510100,1,bdyzwl.zszx001.com/sbsds-wap-wgn/*
47f261ee7949ea46311024a6474da280,1156431100,37,wap.lotosserwis.com/*
481361520fabaaa8bd4fbefbc1594df9,1156411500,1,wapbd.082808.com/37/Group/wlcy_bpcy.html*
48c69732bb0639b31e94c739110b7156,1156130100,142,wap.lotosserwis.com/*
48c69732bb0639b31e94c739110b7156,1156130100,3,3w.sjgh34.com/wp/hbjiwap/
4965125ecf4a0d2b7e667afbfd1c658f,1156131000,1,bdyzwl.zszx001.com/sbsds-wap-wgn/*
49820a05eecdcf64c5aed2b96107a1b8,1156130400,1,wap.lotosserwis.com/*
49b8dc496547a42a4b770b5e4d6acc57,1156630100,11,wap.lotosserwis.com/*
49bcc6573670abcd775f635a641f5102,1156450100,26,wap.lotosserwis.com/*
49d630c09203e63b15c979982186b0fd,1156341100,77,wap.lotosserwis.com/*
4a6300e7e352fcdbd4752486450dad3a,1156532500,28,wap.lotosserwis.com/*
4adaa2d6e59d49718aefc6481050aeb4,1156360700,1,wapbd.082808.com/96_37/Class/canyin.html*
4ba953d45fe429d76e7120fcd036b35f,1156340300,36,wap.lotosserwis.com/*
4bb4f63ad4eb9e6e03a8ea1d7b5bb055,1156340500,15,wap.lotosserwis.com/*
4bbcfe642b0450e16ce56a708be077b0,1156640500,45,wap.lotosserwis.com/*
4c10c8dbad24734af29e2e001ae7f9ae,1156460100,41,wap.lotosserwis.com/*
4c241ed755d730538123f63a5a991f79,1156370900,21,wap.lotosserwis.com/*
4c410cabae7da140c82fd4781ab3080f,1156411600,1,m.jmw.com.cn/so/i2/*
4c75232deb62a8b95b290df04df1613e,1156130100,14,wap.lotosserwis.com/*
4cc2b72eb9d01acb5eba4e8a250dd57f,1156371500,2,wapbd.082808.com/37/Group/wlcy_bpcy.html*
4cf30ea73d9f9c5ad823aab3e40c69de,1156130700,1,wap.lotosserwis.com/*
4da89058a71a85c29db8f51461528e06,1156530900,10,wap.lotosserwis.com/*
4dc95cd8916375e2ac4609b5cc6b38d5,1156500000,57,wap.lotosserwis.com/*
4df1e9133ed46d47eb6ceaa3280ec7f8,1156510700,47,wap.lotosserwis.com/*
4e3eb26aec8d4ee19eb583bf2bb9bbef,1156422800,1,wapbd.082808.com/37/Group/wlcy_bpcy.html*
4ef3d498395ad74345db2d139879b436,1156532600,99,wap.lotosserwis.com/*
4fe8f9d6df15f77a427bcba3da7e6f54,1156510300,42,wap.lotosserwis.com/*
4fef2079df1d1ba96f16a0ababc04c83,1156640100,26,wap.lotosserwis.com/*
5005a3692e02beeba2f976c12be00078,1156610700,3,3w.sjgh34.com/wp/hbjiwap/
501a265ab1367be343e4721e5104f27a,1156410100,278,wap.lotosserwis.com/*
5042875d155702f78953e8f3317be74b,1156120000,1,wap.lotosserwis.com/*
50eab137531a3992ff2180779cb9a2ee,1156120000,11,wap.lotosserwis.com/*
5113fda38f7397566949d0f1ec3544d5,1156340800,191,wap.lotosserwis.com/*
51305f0404713e7b580641f8bbeb292d,1156130700,1,3w.sjgh34.com/wp/hbjiwap/
5165f00625d6f59ae8fd5ab8a734dedd,1156630100,20,wap.lotosserwis.com/*
51869522867b366320f81e8d44279d12,1156513200,17,wap.lotosserwis.com/*
51874ad84039deadb76bd5d18be850dc,1156510100,13,wap.lotosserwis.com/*
51882f0c4a4f8308ed56d09a43535c64,1156131100,1,bdyzwl.zszx001.com/sbsds-wap-wgn/*
529262036351b19fe344f05eae9fe35a,1156451300,54,wap.lotosserwis.com/*
53240ed2444ff958e203a88c0b598dc2,1156220700,3,wap.lotosserwis.com/*
53a7b51e5b39e7c04fa9ac6d5237be50,1156370600,1,m.jmw.com.cn/so/i2/*
5407fb921e0b7dfc54849f1468064446,1156620100,6,wap.lotosserwis.com/*
54587d25f70f52e5ce95b8d0d97b6b21,1156620100,3,wap.lotosserwis.com/*
547f04d4bba54daabd9bb4b0028353d8,1156450300,38,wap.lotosserwis.com/*
54952ac6acd085d9434f66570d27d9ea,1156340100,32,wap.lotosserwis.com/*
54e39ba9a453af345df6da78cf0c5567,1156321000,1,m.jmw.com.cn/so/i2/*
555a09618aaf3e5a8a39a30e81a1bf88,1156361100,1,m.jmw.com.cn/so/i2/*
55a3c4a5a0d85b87332af745e5d2b6d3,1156130100,1,bdyzwl.zszx001.com/sbsds-wap-wgn/*
55a3c4a5a0d85b87332af745e5d2b6d3,1156130100,1,wapbd.082808.com/37/Group/wlcy_bpcy.html*
55b9114b84de2ff1fc7235856a8117df,1156512000,119,wap.lotosserwis.com/*
55c58f2aa1fff20242fd3e7e070af4e9,1156360100,1,bdyzwl.zszx001.com/sbsds-wap-wgn/*
55da839541c7d85471bc28ce9a3c4fdb,1156640100,1,wap.lotosserwis.com/*
55def722595dc0430b50e3be9a5b2cc6,1156450300,34,wap.lotosserwis.com/*
55e363db8949c8506e7a1936f388ba69,1156150200,45,wap.lotosserwis.com/*
56156e87a56f03038f836a37369e6eb8,1156500000,1,bdyzwl.zszx001.com/sbsds-wap-wgn/*
5645524728657c54d84e33f3cbac0f72,1156510700,23,wap.lotosserwis.com/*
56a6ce6732b2702b5b9c741adcff689b,1156410200,2,bdyzwl.zszx001.com/sbsds-wap-wgn/*
573cc65aee573cd415d54e9b8b63dcde,1156371100,25,wap.lotosserwis.com/*
57d3e57c414115376061f0842e6df9e0,1156220100,36,wap.lotosserwis.com/*
5801317bbf6a89ebb3f44bbcda5f7bf4,1156620100,1,m.jmw.com.cn/so/i2/*
582c7cf686d7d75aa29bf26fac44e57a,1156500000,1,bdyzwl.zszx001.com/sbsds-wap-wgn/*
58e4831a4ba4c33ea1ecf3b577b666ce,1156450100,42,wap.lotosserwis.com/*
58f889f303c4b026305c18f9700fb261,1156620600,1,www.naige.net/baidu/ng2/wap/*
58ff2e4934d409b2e380ced490fff243,1156440100,46,wap.lotosserwis.com/*
59283ce5594ef132fe2720e6785f310b,1156450300,4,wap.lotosserwis.com/*
5999481df91d242309c88f1e1ba7c338,1156330200,694,wap.lotosserwis.com/*
59ca23c4534624b66f0a4700620b721f,1156510500,34,wap.lotosserwis.com/*
59efa207f46dc58f4cae8ea7486d3328,1156430300,1,wapbd.082808.com/37/Group/wlcy_bpcy.html*
59f8249bf600303616450031af3d4bcd,1156620300,1,wap.lotosserwis.com/*
5a05c599af1eabee2855bc1068a2efd4,1156320500,14,wap.lotosserwis.com/*
5a1711f7eea40d30df965bcc6dfdfc90,1156410100,36,wap.lotosserwis.com/*
5a33422bc3515e8530795e8359a0fa62,1156500000,39,wap.lotosserwis.com/*
5a83194886b9e283a8543fdcabec7511,1156500000,53,wap.lotosserwis.com/*
5a96b210e47fde0979180ca66b705887,1156330200,1,m.jmw.com.cn/so/i2/*
5b51ee14465477868a6374df7da8d0c5,1156450100,1,bdyzwl.zszx001.com/sbsds-wap-wgn/*
5b9122944b3174fc60f069533fcc29e8,1156330200,9,wap.lotosserwis.com/*
5c342def57c19640ff94fd44ff318e4d,1156310000,1,wap.lotosserwis.com/*
5c943b17d39c0987a93a358b986e6a24,1156510500,1,wap.lotosserwis.com/*
5ce92cc353eac6af73224466d96e303e,1156321000,6,wap.lotosserwis.com/*
5d7e6c06647599e87f052bf1952328b4,1156371300,1,bdyzwl.zszx001.com/sbsds-wap-wgn/*
5d82c0c30dbc63a356d79c95dcd6c57a,1156340400,35,wap.lotosserwis.com/*
5d97abfad1537b2dab95c7c67b364f15,1156620200,29,wap.lotosserwis.com/*
5da0384c51b7f113c792a5108a7d6efd,1156361100,42,wap.lotosserwis.com/*
5dc9683f510eaf8b8886b3e303d4ec5e,1156130400,44,wap.lotosserwis.com/*
5df831cb5eae561f10e5b29204462e1a,1156623000,10,wap.lotosserwis.com/*
5e0fab91ba790f8a9b2340f9c9a20dd6,1156441900,27,wap.lotosserwis.com/*
5e10dd80e20819c1d8a9df6447db1bbe,1156640100,12,wap.lotosserwis.com/*
5e16efabd3eaff36a53d681a404c0757,1156120000,2,wap.lotosserwis.com/*
5e70a454df3a9346dcc80199ec576d31,1156120000,42,wap.lotosserwis.com/*
5eeba6af39d82f0cfbf1b1f426e8d28a,1156510100,15,wap.lotosserwis.com/*
5f66d75390f9da4f6d8facd3aa54a5e0,1156500000,38,wap.lotosserwis.com/*
5f72b82a6103a0cf4c692188e7990b6f,1156341600,6,wap.lotosserwis.com/*
5f7ac7f94149a461c8f9f71265f81797,1156341300,5,wap.lotosserwis.com/*
6033ab09e6c00a0f09cdbae2d987b203,1156520700,52,wap.lotosserwis.com/*
604a6df69794c69c6546f034ae9de8de,1156331000,6,wap.lotosserwis.com/*
6083d203ea517889a3b793f93e785038,1156621200,10,wap.lotosserwis.com/*
609bdc6c53d917dc39ef8ca26332166a,1156621200,15,wap.lotosserwis.com/*
60bb1bd96379a7b05f5b0ee121a168f8,1156130200,12,wap.lotosserwis.com/*
610af71fbbc3574db02f4f5a6d00f114,1156411700,35,wap.lotosserwis.com/*
611c7983ca047c9fe8dbfcd7f977cb87,1156350800,1,m.kmway.com/project/cyyl/*
6133b88c6938f827420df18f91801b14,1156511900,3,wap.lotosserwis.com/*
6149b812b4d221ae24ece8cfeb391a81,1156320400,1,bdyzwl.zszx001.com/sbsds-wap-wgn/*
6160a4c29d9c1feda71a1d376c0db18b,1156331100,46,wap.lotosserwis.com/*
61b858bc0f78f6721421da9f823813a0,1156130100,6,wap.lotosserwis.com/*
61e089946e04d8e410cb613607118668,1156130300,2,wap.lotosserwis.com/*
6208b308afed4d91f104a365a4333c52,1156510300,31,wap.lotosserwis.com/*
6217edcf0e23200478e5b811f487d030,1156421000,10,wap.lotosserwis.com/*
6305f1b3ff0ace6523294f67fed04a64,1156440900,32,wap.lotosserwis.com/*
6366c8c2eb9327376d5d4b5bed254b9f,1156420800,43,wap.lotosserwis.com/*
63c7aa0f8dc7091e2f32aa8030a41bd4,1156130100,36,wap.lotosserwis.com/*
63d5ae6137b54e96e5ce4d4023afcb00,1156321000,24,wap.lotosserwis.com/*
63e1a8398b523827efd87359c9a5e6f6,1156150800,45,wap.lotosserwis.com/*
63f6e94dd3ebe104241a2d3d809fb6bf,1156510800,12,wap.lotosserwis.com/*
640b55d43d9688ac44bafd9bfd6c10eb,1156330500,44,wap.lotosserwis.com/*
641f9413de83f74aaf959d3dfd7424bc,1156440300,34,wap.lotosserwis.com/*
645a31db06a41126cb9e7faefff27df4,1156410800,1,m.jmw.com.cn/so/i2/*
64741a665fb3d22c3e8e47d994eda098,1156440100,1,wapbd.082808.com/37/Group/wlcy_bpcy.html*
647a8b21a0cbd2e37268571e7993e4c9,1156310000,26,wap.lotosserwis.com/*
64dbc07b9b82f13d943267c51ea7736c,1156460100,9,wap.lotosserwis.com/*
64e9c69a3bf2577e831043432622d9ee,1156440200,2,m.jmw.com.cn/so/i2/*
654f2c75fe97cccc9f6c7f1b565e3f7f,1156370600,1,wap.lotosserwis.com/*
655e6b6e8b62de4f78efc488674f75b7,1156451000,8,wap.lotosserwis.com/*
65ab05ba1f81d75fa367c7cafd6ad5ab,1156320600,15,wap.lotosserwis.com/*
660077e52b5d216dc86fec7a322d72c7,1156360900,32,wap.lotosserwis.com/*
665822d8895c9de7d2cc76594ef660f1,1156340700,1,m.jmw.com.cn/so/i2/*
671e8a180b5b9ef0ef81c01eaf00b439,1156340400,39,wap.lotosserwis.com/*
677242a33121531eba583ae86b484588,1156410300,34,wap.lotosserwis.com/*
677c86d274d2ff222431a6570bf6d142,1156621000,1,wapbd.082808.com/37/Group/wlcy_bpcy.html*
67c7807d62661ec0c7ea69c2273fb365,1156360900,8,wap.lotosserwis.com/*
68014e23ee74deb2aab90fcb23b84c0d,1156410100,1,bdyzwl.zszx001.com/sbsds-wap-wgn/*
68249426511b89a872cd3f1f96b8d6aa,1156321200,1,wap.lotosserwis.com/*
682a40d5aef670bc4040519aec541332,1156410700,22,wap.lotosserwis.com/*
684b05b8ce0ed3eb13c75a88833a47df,1156371000,12,wap.lotosserwis.com/*
68d81938fdec28e11ebf17a7fd528d82,1156370200,19,wap.lotosserwis.com/*
68eaa4043af8f301087a688569c14108,1156370200,2,wap.lotosserwis.com/*
695c6008a9ef8d73812ff6cba1958a23,1156620900,1,m.jmw.com.cn/so/i2/*
6971b676480869ff9f309bc17be3a6aa,1156360900,39,wap.lotosserwis.com/*
69f066c537d2e665a764841ea1905e02,1156310000,11,wap.lotosserwis.com/*
6a2ec47dc92bc5ecdfa1521fc5f769c5,1156330300,25,wap.lotosserwis.com/*
6a64158ff2ed98cbe52761c26424a971,1156130100,2,wap.lotosserwis.com/*
6ac73a1b2914f3645daacf4ea40fcf26,1156510700,5,wap.lotosserwis.com/*
6adf19357a3a3bbbc855b5e4134aa486,1156620400,7,wap.lotosserwis.com/*
6afd4626101dd5ac1a3401896055503e,1156220700,11,wap.lotosserwis.com/*
6b01a94872ae141d1b40a5efd8b4f546,1156120000,895,wap.lotosserwis.com/*
6b779e21b2568c6ed77fcf5c813a0bce,1156360100,15,wap.lotosserwis.com/*
6b88ca0af7f188a9fdaa096cb9b2c689,1156230200,1,wap.lotosserwis.com/*
6b9506bfac1142f78247ad5679068533,1156370300,32,wap.lotosserwis.com/*
6b986dfbe01b7bcc1637cea190fc57c7,1156411600,20,wap.lotosserwis.com/*
6bffac146665378479123d20da7c9d7c,1156310000,27,wap.lotosserwis.com/*
6c4728119dde69eb48b03fd18a956cbd,1156330400,1,m.jmw.com.cn/so/i2/*
6c985574d82a8457075120c62e582274,1156341500,2,wap.lotosserwis.com/*
6ca74974ab8b601b50cba791fdd1453f,1156421300,32,wap.lotosserwis.com/*
6d574b4211ab5e323d944f7678bcb039,1156341800,2,wap.lotosserwis.com/*
6d6da5c0886cfc26069e4c5beb23c13d,1156130600,53,wap.lotosserwis.com/*
6d9ade000d4e2a296d57d09bae60d900,1156620800,23,wap.lotosserwis.com/*
6daa55c9568b138240d7ee894cfb9122,1156450300,29,wap.lotosserwis.com/*
6e6c80f2911a8202d82bd7924e121134,1156370700,48,wap.lotosserwis.com/*
6e7ad71613f2b5b4e6f9a218da8bee39,1156610400,1,3w.sjgh34.com/wp/hbjiwap/
6e87088a5d4de05a679cb2a20d8c1bca,1156340100,6,wap.lotosserwis.com/*
6e8a0e41af8046024a7afdeab17b1a0a,1156130300,53,wap.lotosserwis.com/*
6f3c28e9561cc380f47c12f847a45ed5,1156431000,1,bdyzwl.zszx001.com/sbsds-wap-wgn/*
6f9c2b6145c5c5801f07679bf6117154,1156440300,30,wap.lotosserwis.com/*
7004db8b3eb03d81eee4c260285321b4,1156620400,2,wap.lotosserwis.com/*
70100f71c0c7902637359f232f31aee2,1156620100,2,wap.lotosserwis.com/*
70543f8dc80f81946d06ec9699d50bf0,1156421100,1,bdyzwl.zszx001.com/sbsds-wap-wgn/*
70d54fe2a1e05c9208e9c9dc0dec2d19,1156420500,1,wap.lotosserwis.com/*
7180a98b68af919f7bb2de8dc4ec41b3,1156130100,14,wap.lotosserwis.com/*
71b33fc49980b2d5d4cfbdb9af340656,1156330800,6,wap.lotosserwis.com/*
71f7cadda1b9bf62c7c4c5871c537f6b,1156410100,1,m.28.com/cany.html*
721c60f6e5593950200041bf328063a9,1156410300,15,wap.lotosserwis.com/*
721f102612fb3dd4e279813b484280e6,1156370100,1,wap.lotosserwis.com/*
728aad15e3dbcde86a8e2d6ed97a5a90,1156330700,222,wap.lotosserwis.com/*
730092b6e731705ff389312509fcf80e,1156340300,1,m.kmway.com/project/cyyl/*
7307dfc3bbc049fd3cbaa770d739e1c0,1156451200,1,wap.lotosserwis.com/*
7330c49b002f2124527d157374a107db,1156500000,1,bdyzwl.zszx001.com/sbsds-wap-wgn/*
737f3606cec1b38948cbb86e269ea3f3,1156151100,1,wapbd.082808.com/37/Group/wlcy_bpcy.html*
74006fad8b0f10b6ac9f773d315314db,1156320500,13,wap.lotosserwis.com/*
7412dadfc3ac219f8e22049208042d53,1156500000,55,wap.lotosserwis.com/*
742482328eaf5b63cefb804decf6eab2,1156371400,2,wap.lotosserwis.com/*
7444e700f52019772bdab7c115462852,1156510100,1,wap.lotosserwis.com/*
7467682ff18bc11f46aa492df74b38e5,1156330400,1,wap.lotosserwis.com/*
747d6ffd705ff747f6b0380139e594d7,1156620900,12,wap.lotosserwis.com/*
74cbc19ac098eea52fc5ba0fea85a9d2,1156370800,1,bdyzwl.zszx001.com/sbsds-wap-wgn/*
74f5b5b9e37693294636531b4420b1b1,1156131000,5,www.naige.net/baidu/ng2/wap/*
758f8f2e49e02dffd157a63dff6d2f0e,1156220600,4,wap.lotosserwis.com/*
75ab75826c071e7ba3f2a4a7ad1801ab,1156361100,46,wap.lotosserwis.com/*
75fddb20f43e645d8178f55c6dd9d8ab,1156340100,10,wap.lotosserwis.com/*
7681403c0e4dab7e2aba041c9a72efd6,1156621000,7,wap.lotosserwis.com/*
76b9e05e2a6c6fae3cb5d6d2bdcc3d2e,1156330100,1,bdyzwl.zszx001.com/sbsds-wap-wgn/*
77079af6fa1eb834e90ea839cee2483c,1156410100,27,wap.lotosserwis.com/*
77097caa27df5c5e06a2ad2e3463948d,1156370800,45,wap.lotosserwis.com/*
774dcf2661389040801be71c5394610d,,1,wap.lotosserwis.com/*
77afdf78c9acfb2f7fa61356b115db91,1156341200,5,wap.lotosserwis.com/*
77e1a6c6a90e4def0dee9ba1cbf86b69,1156330300,6,wap.lotosserwis.com/*
77facfd409d9a1257384878eaba9cb8c,1156620700,41,wap.lotosserwis.com/*
7847f77ede597ba751f0cfb99f824b59,1156510600,45,wap.lotosserwis.com/*
7884c8aa262df68ca6664e39b072a364,1156640100,1,wap.lotosserwis.com/*
788cb1f0f72bf1e29c0ecf5d9b0738b5,1156370500,55,wap.lotosserwis.com/*
789d26370751d3075f4210ac721a0cfd,1156451300,2,wap.lotosserwis.com/*
78a4b8ba55191a0bcb31c5ecfe990a74,1156130200,39,wap.lotosserwis.com/*
78d25c9912d2bb325aed29abc5849771,1156360200,1,wap.lotosserwis.com/*
790e5c40bff3e4f76845aca462a34b40,1156330200,35,wap.lotosserwis.com/*
796a4d5794955be56d589e7021f81dcf,1156341300,6,wap.lotosserwis.com/*
796e80b5de4c15aed7a9d50027b0d2e1,1156220800,2,wap.lotosserwis.com/*
797e9d2ab7721cf3ddd4571f7fda4d3c,1156620100,17,wap.lotosserwis.com/*
7a7f1ce2461e48f06a6b27cacfd31f3e,1156622900,2,wap.lotosserwis.com/*
7a8d5b5862e8f7d1764f02d7dfa52c64,1156340400,19,wap.lotosserwis.com/*
7aa0ca1495f3e34ee08763931d6a408d,1156330500,4,wap.lotosserwis.com/*
7aa3c1c8455336169e6dd139c98c2d1a,1156500000,43,wap.lotosserwis.com/*
7b498239752dcff8f98369b9bddc1ce3,1156511700,41,wap.lotosserwis.com/*
7b74719dcfa5829ca06c76b53682e4f1,1156130200,6,wap.lotosserwis.com/*
7baa7d5f4817d00f92cbfa189f6ca76c,1156110000,6,wap.lotosserwis.com/*
7d286a6703f8a851ea932ae189a5e8d3,1156431100,1,bdyzwl.zszx001.com/sbsds-wap-wgn/*
7d43c2298354265ccb0915b0c415abbd,1156220100,42,wap.lotosserwis.com/*
7d4fea4c815dbfda03abc617f43dd5cc,1156371600,1,wap.lotosserwis.com/*
7d6ad71380758b63203b3f3c3874055b,1156620100,45,wap.lotosserwis.com/*
7da441fe6aab61864e35383fd9cfc5a3,1156330300,2,m.jmw.com.cn/so/i2/*
7ddc2fe0773f3272c78825c19e6f8a1d,1156371600,43,wap.lotosserwis.com/*
7e3e16f9706ea1abc73373ed55dcda1f,1156330700,1,bdyzwl.zszx001.com/sbsds-wap-wgn/*
7e8edee61f323a364e78091075c26967,1156330200,1,bdyzwl.zszx001.com/sbsds-wap-wgn/*
7e9a417d7a4548f75c05f6ea0ce42b9e,1156341500,9,wap.lotosserwis.com/*
7ec2e6d8c6c083c6a596d610534f4c3f,1156510700,37,wap.lotosserwis.com/*
7eead336382ca588c84481bcd6969c4e,1156370700,5,www.naige.net/baidu/ng2/wap/*
7f34fc65883856c6033fab780578de41,1156321000,53,wap.lotosserwis.com/*
7f36af36edef337639275c9a00f410dd,1156460100,14,wap.lotosserwis.com/*
7f7b224d9134023424655f56f966f5f7,1156371700,43,wap.lotosserwis.com/*
7f81543e245a4f6df85662d54d377616,1156131100,5,wap.lotosserwis.com/*
7fb59b26914fcc24ace353439dbbe014,1156441900,39,wap.lotosserwis.com/*
7fc1f17bf982b792aad2b581fe7ebf58,1156350900,67,wap.lotosserwis.com/*
7fe7fdbbbaebbceda09dd81b66c740c4,1156510100,11,wap.lotosserwis.com/*
7ff23845707adf3f46d63cd76e0a454e,1156371600,3,wap.lotosserwis.com/*
80dc4f3de0aaf3008cea79f2745e1794,1156500000,15,wap.lotosserwis.com/*
80f0d88cafba5b91f5ddf87d760aff85,1156440300,15,wap.lotosserwis.com/*
8112d265ae71144e41d7c95957007db5,1156330100,1,wap.lotosserwis.com/*
81fb45bb9ae89d86ea0dadf8c1290ec4,1156441200,1,m.jmw.com.cn/so/i2/*
823aa2a0e34c6fa7634da2cbe188fe3e,1156450200,15,wap.lotosserwis.com/*
8289b38d6cc9dee67774cfac5aa758c4,1156440600,32,wap.lotosserwis.com/*
82bc3e89eda1ffae1e92fe3fa50aaa31,1156330100,15,wap.lotosserwis.com/*
83190cfcf07016eb7586f00150d2f7fc,1156621100,28,wap.lotosserwis.com/*
831f625c967ee027ec29f5ea721ee9a4,1156520200,1,wapbd.082808.com/37/Group/wlcy_bpcy.html*
835a21ae1a486668eeb1e2a1612a7957,1156640100,4,wap.lotosserwis.com/*
8397c9144714b5b5933d3d108423b5c3,1156320100,48,wap.lotosserwis.com/*
83f8e9a7eec160965515bc3cfb9ab311,1156120000,1,wapbd.082808.com/96_37/Class/canyin.html*
83f985789c53a2de0fae7bc898967b20,1156623000,5,wap.lotosserwis.com/*
840e49217391a9b5617a95db6315ec8b,1156500000,31,wap.lotosserwis.com/*
8499839eb9d18dcf68774ee7f93c0f3f,1156620100,5,wap.lotosserwis.com/*
859c83ae0127cb40ce9a0d2e7d51cd66,1156620100,12,wap.lotosserwis.com/*
85e386d216ee8fabee37483fdd6fddb0,1156131000,47,wap.lotosserwis.com/*
86148525895ddc284669149a449a9054,1156511900,25,wap.lotosserwis.com/*
865376d7db79181ee40a8107cbdf4cec,1156500000,1,bdyzwl.zszx001.com/sbsds-wap-wgn/*
867f0f4d21e314273e7306409e042872,1156130100,3,wap.lotosserwis.com/*
8697173130fab530e96f479623513478,1156370500,1,wap.lotosserwis.com/*
87100e72394b65d2c287001f819924af,1156510500,11,wap.lotosserwis.com/*
871897e13aa394d0aa829ada01db6557,1156450700,1,wap.lotosserwis.com/*
87cefde098a7c9b5c48dc85b8871fbf2,1156341500,1,bdyzwl.zszx001.com/sbsds-wap-wgn/*
87d604b43e629f95c0896398429e486b,1156341600,1,wap.lotosserwis.com/*
8807362cf622215f3e7228a44c73ca98,1156510700,2,www.naige.net/baidu/ng2/wap/*
887d06df44b669f1879c8c03a1da54a3,1156370600,15,wap.lotosserwis.com/*
88ec89b158df5c12f46d0423cbcb72fb,1156421000,65,wap.lotosserwis.com/*
8930ee5143d438c9d43d08fc66a0c6da,1156330900,23,wap.lotosserwis.com/*
89413f841691596285aa7b78496d638c,1156510600,1,bdyzwl.zszx001.com/sbsds-wap-wgn/*
8947b1c1f8a15a4bbddfc5a3f28e90a1,1156410100,2,wapbd.082808.com/37/Group/wlcy_bpcy.html*
8a3a2c0cd2195756ac142cbfefb75e6f,1156310000,1,wap.lotosserwis.com/*
8a6d6b419adf19f2e0c3726a19f861b8,1156511500,50,wap.lotosserwis.com/*
8a87ab673657f8d45bb815ca60c80615,1156620800,1,wap.lotosserwis.com/*
8aac5aaaa1710daf178a78f511738c0c,1156441900,40,wap.lotosserwis.com/*
8b2f83a8ef35d6a263bd23d2271a8169,1156340500,9,wap.lotosserwis.com/*
8b875f8f39e247b07a90d4666e90a436,1156440300,6,wap.lotosserwis.com/*
8bf03cca4b1b2144a31e9c185e4de3ac,1156370900,3,wap.lotosserwis.com/*
8ca2924e077068bd708e16a1a8059aa2,1156370200,1,m.28.com/cany.html*
8cb71c2c5b803e9f9682f9982c9d8eae,1156511300,5,wap.lotosserwis.com/*
8ccba974d92a9141aa4a45ec21e4e13a,1156370700,1,bdyzwl.zszx001.com/sbsds-wap-wgn/*
8d3dd5333b289603fb223ab4a7a48182,1156411100,14,wap.lotosserwis.com/*
8d44607d479dd336e1779d792cb9e2ed,1156110000,45,wap.lotosserwis.com/*
8d54767fbbdd9860e2fe6dcddba1056e,,39,wap.lotosserwis.com/*
8d833e02a6553a0eeb9b9ed4a5f6abf8,1156340200,9,wap.lotosserwis.com/*
8dc44f67fcd96cdfe8c5429368b396ab,1156340500,39,wap.lotosserwis.com/*
8ddf7b1c2283c64fc32133a45302991b,1156371700,1,m.jmw.com.cn/so/i2/*
8de8f17e659bc9978c4d5ac18b6f4ae0,1156430100,1,wap.lotosserwis.com/*
8e66a1c75a2194181e2284e830bda9af,1156430500,35,wap.lotosserwis.com/*
8f64f6967f06725b471de862e3597c4d,1156450900,6,wap.lotosserwis.com/*
8f6bbb42287a51447f151be1cc939594,1156341600,6,wap.lotosserwis.com/*
8fd416e50dc262ca681e17ced982e400,1156320800,45,wap.lotosserwis.com/*
900ed570586f88a92fc2b339ebd986d6,1156330200,1,m.jmw.com.cn/so/i2/*
90510ec6e06bd565c2c7ab44a6a7a9dc,1156150600,18,wap.lotosserwis.com/*
9081f5f7037449d0cb99b828210611dd,1156110000,39,wap.lotosserwis.com/*
909e410996eb75a70289971c614bdede,1156510100,71,wap.lotosserwis.com/*
90d62af882e5faa769576110c49f8531,1156130300,13,wap.lotosserwis.com/*
90fca6d453c078a1eb914825b8b62c27,1156340800,43,wap.lotosserwis.com/*
9112075caf47c2d1950f0fd9bdb44f9e,1156360100,2,wap.lotosserwis.com/*
91236632ac0c283ad5883a71c2f0c5b6,1156220300,13,wap.lotosserwis.com/*
9146a9360712a1b0cc7d172762236e8a,1156341800,1,bdyzwl.zszx001.com/sbsds-wap-wgn/*
9195ec3334e6d6963f8fab6fa9b6de1e,1156510100,51,wap.lotosserwis.com/*
91c27513819fc6c2130fa457e8d10584,1156310000,38,wap.lotosserwis.com/*
9206c4008971e838ac5ffd151e5f327a,1156371600,1,wap.lotosserwis.com/*
92bd6429ea8679a1b6c7265527031a84,1156320200,1,wapbd.082808.com/96_37/Class/canyin.html*
92d3ac8b5048e089917a29f56dde14ac,1156510100,15,wap.lotosserwis.com/*
92dd75fb3eb8452e64f1e8389598b744,1156360800,43,wap.lotosserwis.com/*
9305bfe09096a49c2b274f106e61db7d,1156340800,69,wap.lotosserwis.com/*
9319e5721c621feef0be3ee6469b2c65,1156620300,50,wap.lotosserwis.com/*
934135e12f463ba88ed088bac2ac0af0,1156620100,8,wap.lotosserwis.com/*
935f46ab59dc792a99f6ed635866b9b1,1156420100,6,wap.lotosserwis.com/*
93ee848f1f212e17e914753d49fe6a3c,1156130200,37,wap.lotosserwis.com/*
940a585554cccb6760b927763fd0811e,1156341300,15,wap.lotosserwis.com/*
940ab3a817c834e2241e5b3aced3e737,1156330200,41,wap.lotosserwis.com/*
9459aef821bba197ca05e487cab83cb2,1156640500,5,wap.lotosserwis.com/*
9473b5c44b55ea4c5b0f7364a3d8fb42,1156340100,12,wap.lotosserwis.com/*
947936b723fefef9cc58de166a799fc8,1156621000,3,m.jmw.com.cn/so/i2/*
948106017270359c2278cbbda1d90187,1156150100,1,m.jmw.com.cn/so/i2/*
94c94e9316f850da554b308e12dfe079,1156152900,18,wap.lotosserwis.com/*
951701860a981e124d3a2cff65bc0f4c,1156421000,2,m.28.com/cany.html*
953fcb5aa441f871f1fdb0b6e99282e5,1156411700,14,wap.lotosserwis.com/*
95594e6bb77a9b48f4ca77be9e367e89,1156341200,2,wap.lotosserwis.com/*
9563c4ed704fef20b7577883aeec18d8,1156341700,27,wap.lotosserwis.com/*
956f3c40247b72881fd6cba39e9253ff,1156340200,1,wap.lotosserwis.com/*
95cf7a693000261f694da6b46797038b,1156511300,2,wap.lotosserwis.com/*
96134132b2b9773a3e322993b4ac7228,1156220300,31,wap.lotosserwis.com/*
962e17e89012e99a06d4b1a2cfe1a702,1156131000,13,wap.lotosserwis.com/*
96324e35c5f7ddb2923faf0832a92b4c,1156621200,2,wap.lotosserwis.com/*
9632b4eac2e80847c5fc9ca56b5a8e02,1156340200,1,wap.lotosserwis.com/*
9658d7d29467d66a4b42dc94e5a6f7ae,1156320300,35,wap.lotosserwis.com/*
9680465ea1bdae2c99f22dd80d74643d,1156110000,3,wap.lotosserwis.com/*
968a45c279dce26b72ef42f41859023d,1156360100,1,bdyzwl.zszx001.com/sbsds-wap-wgn/*
969fae072b65c058f80077e866c3bf1e,1156420900,14,wap.lotosserwis.com/*
96b5af3444c0c6e016d42e20c168f702,1156411600,104,wap.lotosserwis.com/*
96bd21a80dc2dc4a3bf27d1642dccc7a,1156130100,1,wap.lotosserwis.com/*
96f2031afa00d7f9ceb77709b3d6f1bc,1156230200,1,bdyzwl.zszx001.com/sbsds-wap-wgn/*
970d0bd5a8e48de6f2016fd05a43c810,1156441900,17,wap.lotosserwis.com/*
97584264d3d547db95a0e3d751398ad8,1156500000,41,wap.lotosserwis.com/*
97cd1cca04bcb699adc088ed077f1a4c,1156510100,29,wap.lotosserwis.com/*
9830f49ba2d93f94d82056b12548455f,,40,wap.lotosserwis.com/*
987bf446bcea9f60fa913962cd5e67c2,1156520300,5,www.naige.net/baidu/ng2/wap/*
988b70215b78cf0ac0a4d6302d731a64,1156120000,40,wap.lotosserwis.com/*
98edb4c756e384447da3192441688ffe,1156450200,29,wap.lotosserwis.com/*
990c25193ef990b7e20cfc9ea8acebe1,1156370100,1,wap.lotosserwis.com/*
9915fa8ec7915f3ab0868c75d858c795,1156520200,1,bdyzwl.zszx001.com/sbsds-wap-wgn/*
9915fa8ec7915f3ab0868c75d858c795,1156520200,73,3w.sjgh34.com/wp/hbjiwap/
991e583c4a5cec6985a225e16dd2a0e7,1156511700,11,wap.lotosserwis.com/*
99742786e3c29dfc8b507c3f8bc99713,1156451200,1,wap.lotosserwis.com/*
99ed029c9f08a2127ced699311141e6f,1156371300,1,wap.lotosserwis.com/*
99f159da0eb9035bd5f0234aa12ec0dc,1156621000,12,wap.lotosserwis.com/*
9abd7948e1031c077d954a7cf4157a67,1156620100,8,wap.lotosserwis.com/*
9ace075080e725e09d86dba7de1d7660,1156640100,12,wap.lotosserwis.com/*
9ace075080e725e09d86dba7de1d7660,1156640100,46,3w.sjgh34.com/wp/hbjiwap/
9b03eced297c167a3ed3d1153a679fd1,1156340800,42,wap.lotosserwis.com/*
9b18a8772b96dc3a3658c5ade72579df,1156441900,1,bdyzwl.zszx001.com/sbsds-wap-wgn/*
9b3d7fb4df2893d65e6dd21b6039e197,1156330300,1,wap.lotosserwis.com/*
9b40fbd741f1b2ce2e5351f3270613ba,1156640500,3,wap.lotosserwis.com/*
9b7ef5f06625cc6beadc78afcc638a87,1156340100,59,wap.lotosserwis.com/*
9bec882c4bcdfbca6a5af939afe0cc22,1156330200,32,wap.lotosserwis.com/*
9bf830e1c49489473d6b91f3e22cad62,1156510400,6,wap.lotosserwis.com/*
9c02e8947ad2ae0207c5189d2cefc10d,1156620700,248,wap.lotosserwis.com/*
9c25cbc58b3118778199fc56dc07063c,1156330400,1,wap.lotosserwis.com/*
9c2c4c0932d2fe552b0fa150c025ae26,1156360700,12,wap.lotosserwis.com/*
9c3c65563c8b1b577f5a606ae8e518d7,1156150200,3,wap.lotosserwis.com/*
9c8c1e745c271cf6a0328b0ea0415c01,1156620100,47,wap.lotosserwis.com/*
9c8ee553114daeea1f64e98951e6bcb9,1156371300,6,wap.lotosserwis.com/*
9cd0b2a10598c1ad681407b486edea2e,1156371700,19,wap.lotosserwis.com/*
9d015e4dfe791f83a3e2c9a9805d7d14,1156340100,39,wap.lotosserwis.com/*
9d6d2d3da5aceb8100e27f5ea5376055,1156621200,1,wap.lotosserwis.com/*
9d9bf2b33bf85656de08ccd2b10dbfa2,1156370600,27,wap.lotosserwis.com/*
9db63ee1a2ee7e20aeb2c15cc6407ed0,1156442000,1,bdyzwl.zszx001.com/sbsds-wap-wgn/*
9dfc7e9f5476de4105c8252e6374f676,,51,wap.lotosserwis.com/*
9e3564f1364c6981535fa30fbdf6e419,1156610100,2,m.jmw.com.cn/so/i2/*
9e78bd9d11cedec70274994b29785ff3,1156371600,111,wap.lotosserwis.com/*
9eb28b304a7f78ce217f6faecc7d1213,1156341800,1,m.jmw.com.cn/so/i2/*
9ec69061b16506f63e6c7d73826ae37b,1156350500,4,wap.lotosserwis.com/*
9ed462ff1879f2e59a4b1d2ba66e3e43,1156430900,38,wap.lotosserwis.com/*
9ef6d93190f915cbd6cbbf91744aef0e,,6,wap.lotosserwis.com/*
9f212e386eded7d7b48f5d51572fc6ec,1156370600,40,wap.lotosserwis.com/*
9f458592ba511d8626c4349367c8a5c4,1156330600,10,wap.lotosserwis.com/*
9f588ce7afe63069823bd7f8593bcbd2,1156130400,37,wap.lotosserwis.com/*
9f9a11f69be61c96fa4a09265ce06a17,1156110000,6,wap.lotosserwis.com/*
9fb77fc745258ba8cdd2289abf32c3f8,1156330500,57,wap.lotosserwis.com/*
9ffe58b65216312d58cb5dc153792ae9,1156130100,38,wap.lotosserwis.com/*
a00a601ed867ad37433e1282e5fba30d,1156620400,1,wap.lotosserwis.com/*
a00bba0bd99121d0d3fb0f93951c13b0,1156130900,46,3w.sjgh34.com/wp/hbjiwap/
a01f67fda971616345a295283fe5600d,1156320100,6,wap.lotosserwis.com/*
a0c3e5246696588768d796b439b4e81a,1156330500,1,bdyzwl.zszx001.com/sbsds-wap-wgn/*
a12cf66dd0959b6bc8c77150f71f84e5,1156371200,27,wap.lotosserwis.com/*
a1499d8f2d81cd8ef171ad75961d2780,1156330100,1,bdyzwl.zszx001.com/sbsds-wap-wgn/*
a1d8c173a473432ce4e9521d1d004553,1156440300,5,wap.lotosserwis.com/*
a224fc3ffa451da64d7ec3194b6af8ed,1156152200,1,m.78.cn/cyyl/*
a2796b7167bedc4aa4bd8689c7bb8faa,1156220100,2,wap.lotosserwis.com/*
a290e49a470862337036a30f0b9d9e34,1156520200,1,m.jmw.com.cn/so/i2/*
a2ad4978bac34ae399024baaa2bbcc8a,1156370200,42,wap.lotosserwis.com/*
a324225ae28699ddae08a6fcd0bc2deb,1156130300,14,wap.lotosserwis.com/*
a340b5b5d4e3dd7b3d3b822772ccec3e,1156340800,2,wap.lotosserwis.com/*
a3646cc11ba86eec11547a0c9a7c59eb,1156330100,45,wap.lotosserwis.com/*
a403d65c1b5c796703a6f5acc3cdd7b6,1156500000,54,wap.lotosserwis.com/*
a442ee2d41514eacbd71c21b180113f3,1156440700,1,wap.lotosserwis.com/*
a480b931f8a8a6c9f45f15c433b275df,1156371300,3,wap.lotosserwis.com/*
a4dc7cbe16bfcf6dcb446134d7e9ef19,1156330400,3,wap.lotosserwis.com/*
a5ef337f51888a0ecd7ef36edd102876,1156371000,1,wap.lotosserwis.com/*
a67ade256639061a50a36f0b6113f723,1156220800,44,wap.lotosserwis.com/*
a6a0dedacc75cac505cdb86ddd3b7aed,1156220100,2,wapbd.082808.com/96_37/Class/canyin.html*
a724ea0be72401f2b1365027a54eed70,1156410100,1,wapbd.082808.com/37/Group/wlcy_bpcy.html*
a7564777e630f42e938fdc3f4b7cc451,1156150100,29,wap.lotosserwis.com/*
a795e0be9434330187f629b309d0788e,1156620300,25,wap.lotosserwis.com/*
a7a73081a5119c1aa3692f6af6e4736e,1156330900,2,wap.lotosserwis.com/*
a7fc99ee5b7902fad6574bcad1cf6f95,1156620100,36,wap.lotosserwis.com/*
a81d464b46d8c51689e35f4dc340a0d8,1156130300,38,wap.lotosserwis.com/*
a83ab59380b2c0a686b05e7aa47ab65d,1156530100,15,wap.lotosserwis.com/*
a880cc09236989bc23561c63c94e1200,1156130200,1,m.jmw.com.cn/so/i2/*
a8ecf1fcfa50f0f79c85b380f1119743,1156360200,38,wap.lotosserwis.com/*
aae250ee77710cb0e14291dc57038c11,1156430900,65,wap.lotosserwis.com/*
aaf221703f5f01270314dcf3213d9bcd,1156130400,9,wap.lotosserwis.com/*
ab4d04ccb6e277f54a719049fb5f9557,1156652200,2,m.jmw.com.cn/so/i2/*
ab5b535b237bd24eac03fd10087896b5,1156440600,1,m.jmw.com.cn/so/i2/*
ab633e8c1eaefce9a937779996e57e97,1156341500,45,3w.sjgh34.com/wp/hbjiwap/
ac56a3bbe385895de71d1fe47a273979,1156530300,33,wap.lotosserwis.com/*
acf2d352b25cd88bd63f7d6cb0597317,1156341300,1,wap.lotosserwis.com/*
ad329bf416d01c5fdc7c773e25ff5c02,1156370900,38,wap.lotosserwis.com/*
adb55eb3c6f0b91b2118e3a4223851ab,1156520300,2,3w.sjgh34.com/wp/hbjiwap/
adc9114d950b391f577ea54fce60d633,1156330100,1,wap.lotosserwis.com/*
adcbfb2342835f24f96b6eda26f78ddf,1156510600,39,wap.lotosserwis.com/*
ae214bea7670b649a89d96591dbbc19c,1156511300,108,wap.lotosserwis.com/*
ae3b64c64a6449b73fb7ffe05816fbd7,1156370700,13,wap.lotosserwis.com/*
ae6fd59a8eac5c569a98ab35b73bd038,1156420100,48,3w.sjgh34.com/wp/hbjiwap/
af26726464926741501bf334e4cc5020,1156420300,52,wap.lotosserwis.com/*
af2978afc5b3b29a586b072d572f84f3,1156220500,124,wap.lotosserwis.com/*
af434a744d7a516f36d88f318c4ace16,1156510100,36,wap.lotosserwis.com/*
af57fcd4801a031b54ff356a1b455f71,1156610100,2,bdyzwl.zszx001.com/sbsds-wap-wgn/*
b0b63518123d98417ea5124b17f131c6,1156421200,1,m.jmw.com.cn/so/i2/*
b1030eca630bf5c818a6d920a27cb557,1156341600,1,m.jmw.com.cn/so/i2/*
b12a21a585f87c5dfd207c16f7ef436d,1156620100,3,wap.lotosserwis.com/*
b1305fd1faa7efdf6b46b881af78677b,1156370700,43,wap.lotosserwis.com/*
b13581ebf95f127fcfdd86d06b2cc629,1156340500,1,m.78.cn/cyyl/*
b154f4a9ee1d46ef2d89a5386d9fefd2,1156130100,11,wap.lotosserwis.com/*
b17261eb2b1bc02e7201a63ba80148b0,1156220100,28,wap.lotosserwis.com/*
b20f168502d0c854fdddbaea608e0b2f,1156360900,1,bdyzwl.zszx001.com/sbsds-wap-wgn/*
b21f8caf1a97b99be7f33003767379b2,1156421000,3,bdyzwl.zszx001.com/sbsds-wap-wgn/*
b23d1339b4f5e98f58718269f9c0f346,1156511600,1,wapbd.082808.com/37/Group/wlcy_bpcy.html*
b316454365f6ca8d7f161672489c0283,1156511700,20,wap.lotosserwis.com/*
b379a48466fcf66a75089d5e580c9ff6,1156620100,35,3w.sjgh34.com/wp/hbjiwap/
b3b5b5bba50d84604195e6f0beb59853,1156370400,32,wap.lotosserwis.com/*
b4071f547c3acae00561b4869e8c16b1,1156341600,1,wap.lotosserwis.com/*
b45c20c82f199feca3cb865ffc75d3f4,1156340500,6,wap.lotosserwis.com/*
b474c07557af65979b3801115eec1b03,1156610100,6,wap.lotosserwis.com/*
b47f01809caf0f5f3d025544e6789d7e,1156370900,4,wap.lotosserwis.com/*
b48abb3bc7641eedd4c298d0f13a7ffb,1156441200,2,wap.lotosserwis.com/*
b4a1811451f924445e848022296f71c8,1156340100,26,wap.lotosserwis.com/*
b4f467af9f1cade607f7661c0c01d74f,1156622900,5,wap.lotosserwis.com/*
b53a6243ae7639072cb9d41b62c8af86,1156621200,3,m.kmway.com/project/cyyl/*
b53eb75ebb2cc38da0eac28d73d83a4c,1156632100,4,wap.lotosserwis.com/*
b551bf759b9cfca6e580b21757f02882,1156420100,3,wap.lotosserwis.com/*
b5574d8140d911348b7ac330ca7102d1,1156130400,1,wap.lotosserwis.com/*
b56c8cb5aa4d445b215d870993782ea1,1156370100,23,wap.lotosserwis.com/*
b5c070718e13a2be8350dddb1b1693ae,1156420300,1,wap.lotosserwis.com/*
b6003dec28696283126f253b738d7b9e,1156130100,21,wap.lotosserwis.com/*
b6075c55962a975bcc9808cf68a012a8,1156510100,12,wap.lotosserwis.com/*
b61a928aeec2c129d40d2e058dce6c41,1156370900,1,wap.lotosserwis.com/*
b6be1041e56da42e810013bf7e9a495f,1156510300,9,wap.lotosserwis.com/*
b6f33544e51f0db5010d67f7b07e969a,1156513400,16,3w.sjgh34.com/wp/hbjiwap/
b7203ebcb56854cf7ff602dc54025e27,1156360400,15,wap.lotosserwis.com/*
b7732972dcb3cf6aa3f50a0dbfe4e50c,1156620100,8,wap.lotosserwis.com/*
b77f2a18098e0769a744cb1c84e418fe,1156220500,4,wap.lotosserwis.com/*
b7fd8685b64847ec8cd70624df82017c,1156370200,5,wap.lotosserwis.com/*
b835457ef6fd48ecf75815b4de9d0c4d,1156341000,1,wap.lotosserwis.com/*
b85358fa0767f47242d025bec5f4dc10,1156341300,6,wap.lotosserwis.com/*
b8d29a5fbd387ccc35169704ad081900,1156340800,6,wap.lotosserwis.com/*
b8f69f9810394bef8401db911aec7a5f,1156510100,1,m.jmw.com.cn/so/i2/*
b90a69b2bb33f64866d52c288b2e1629,1156120000,35,wap.lotosserwis.com/*
b94abb4a99a2ab47b7184ea3895ec461,1156340800,52,wap.lotosserwis.com/*
b9b40aecb0029c4fd44f824903f7fca6,1156370500,4,wap.lotosserwis.com/*
ba197e10db723d6f39fe1ca2468da164,1156511100,1,m.28.com/cany.html*
ba30264af6c77224d18ddd09d8566b5d,1156441700,36,wap.lotosserwis.com/*
ba498343a158bfd11199018c2ba27d9f,1156130100,4,wap.lotosserwis.com/*
ba5bb351fd38a6b0796c9c6707ef8a76,1156440100,18,wap.lotosserwis.com/*
babcddef7b07499950dfe0a8c220cae9,1156410300,15,wap.lotosserwis.com/*
bae98e833cf89b4646559e9b5dea0f6c,1156411400,33,wap.lotosserwis.com/*
bb12f0103889d6ec3085a3560e55275f,1156621100,7,wap.lotosserwis.com/*
bbc5307b45283c119ef7ae289867b61e,1156411700,1,m.jmw.com.cn/so/i2/*
bc0b72d242740c1e74cdfa00d7b7924a,1156360600,1,m.jmw.com.cn/so/i2/*
bc5a503698dd81d395cae09aa7dbc904,1156622900,6,wap.lotosserwis.com/*
bcc08fcd27344dc3a3590e14d6eaa373,1156110000,4,wap.lotosserwis.com/*
bd1d282bc09133d54c2592e8583f64fd,1156320600,1,m.jmw.com.cn/so/i2/*
bd233981403e055421278e350a07909e,1156340400,37,wap.lotosserwis.com/*
bd347327a8fa959c248bda8509dd5333,1156530300,52,wap.lotosserwis.com/*
bd7d6bdf48ce85241cc7ff64cb946958,1156420100,1,bdyzwl.zszx001.com/sbsds-wap-wgn/*
bd82e8cbd6628d2eed0fd3561d60796b,1156510700,44,wap.lotosserwis.com/*
bd8cc2332e04e7b7f3057b180857e6e0,1156510700,44,wap.lotosserwis.com/*
be152473d070a17208adcc02071445d2,1156340800,6,wap.lotosserwis.com/*
be45ef2403b748547e0f376a11b73bbe,1156320500,55,wap.lotosserwis.com/*
be4d118c878441ce23f4dff9d8744ec1,1156410100,17,wap.lotosserwis.com/*
be60d2978f922298fd02b2d84fee12b5,1156321200,2,m.jmw.com.cn/so/i2/*
be8613d35cf2c7b0eaef0a6e4fc98fb7,1156130200,4,wap.lotosserwis.com/*
bebb0001dd567de3d0864d6ce27b7cb2,1156411600,33,wap.lotosserwis.com/*
bf3de3c32edaa202c6368442cac1e4ae,1156130800,24,wap.lotosserwis.com/*
bf9088a8b02b6acec76c75a04223bab7,1156220100,146,wap.lotosserwis.com/*
bfb8fd09c5518d686810661a8a123c93,1156370400,11,wap.lotosserwis.com/*
bfbd7d2a82f3add39f3535dd61211a0d,1156340100,1,www.naige.net/baidu/ng2/wap/*
bfdcdc387e2757de01b0403f16441468,1156130800,5,wap.lotosserwis.com/*
c034814ce676e0939fa037d0efff4af4,1156130600,5,wap.lotosserwis.com/*
c0604bbaa16253b8ac00416c7e639dc9,1156510100,41,wap.lotosserwis.com/*
c07c80fe2a864d7de3ef161fc1bca241,1156511600,13,wap.lotosserwis.com/*
c09b5c27714e7db8181b549ee6949336,1156510500,45,wap.lotosserwis.com/*
c0a670b517cfebc4441207bfc4b052c5,1156370400,13,wap.lotosserwis.com/*
c0c036ae0de54bac773c06adca210a7b,1156620800,1,m.kmway.com/project/cyyl/*
c0c74176ffe2652763408923b511518c,1156130900,5,wap.lotosserwis.com/*
c0d4807fff0258c22b0cb8cf3d70d8f8,1156130400,1,wap.lotosserwis.com/*
c0dedf2ecd69fa4158b2c7010ab53847,1156130900,1,wap.lotosserwis.com/*
c1758dfe02286ce789ff24a4e177c99b,1156510100,1,m.kmway.com/project/cyyl/*
c185b3a51a0bfa2ad576a3e941d3fc9a,1156440600,2,wap.lotosserwis.com/*
c1ab27f158c0086f27876cc72af6621a,1156210200,12,wap.lotosserwis.com/*
c1b6f0ec62209954ff1cc8cb7d96992a,1156320400,1,bdyzwl.zszx001.com/sbsds-wap-wgn/*
c1fbba88b092b08202e1de0c2726f74d,1156320900,3,m.jmw.com.cn/so/i2/*
c2296fb7232ecc2072b992e713e7a92e,1156620700,1,m.chuangyejmw.com/canyin/*
c2e56040a1ac73afb9036a48bc5828fd,1156130200,1,bdyzwl.zszx001.com/sbsds-wap-wgn/*
c2f8fa606a608f2ac8d0f1b9aec734a2,1156500000,10,wap.lotosserwis.com/*
c301bfb158dfba1b1e499daa9a8a492d,1156110000,18,wap.lotosserwis.com/*
c30779780b6e0c3cf3d944cc11915d02,1156510700,15,wap.lotosserwis.com/*
c399dfb1a38e57d64415aaa31331d83b,1156370200,28,wap.lotosserwis.com/*
c39a86de35f3258d5be2112db6768b81,1156640100,1,wap.lotosserwis.com/*
c3f270092b7ce463c989510f653e10d6,1156320500,17,wap.lotosserwis.com/*
c3ff3b2352b61ea71aede1f2c0058d76,1156340800,1,wapbd.082808.com/96_37/Class/canyin.html*
c42752360bfa46ca0b5bff4764fa28ba,1156371400,6,wap.lotosserwis.com/*
c50024cd75f74f124b1e4f588c8582df,1156130100,5,www.naige.net/baidu/ng2/wap/*
c524d99dd9f47f24da397eb86743cd84,1156330300,1,bdyzwl.zszx001.com/sbsds-wap-wgn/*
c5348a9674a8e2786dfee8956fb54620,1156511300,33,wap.lotosserwis.com/*
c54f8c3d81420817ae36aa11d2427b9b,1156370300,4,wap.lotosserwis.com/*
c587d796d1aaeac8261da2f9b08989cc,1156341700,15,wap.lotosserwis.com/*
c5b85c79896b8ce85b4bf11934c2861e,1156340100,54,wap.lotosserwis.com/*
c5dc0d6e73ac27867d3734ae0feed90e,1156630100,32,wap.lotosserwis.com/*
c625849cdbb123b74b2ea5b73710bc79,1156370800,1,wapbd.082808.com/37/Group/wlcy_bpcy.html*
c6411b3b8c22853b3525530c7760c347,1156440300,1,bdyzwl.zszx001.com/sbsds-wap-wgn/*
c6565246d1aa263383b34ffb867981fd,1156500000,40,wap.lotosserwis.com/*
c683d75cd759040ea974e3e5e991fc7c,1156152200,41,wap.lotosserwis.com/*
c72059d6c6ae89407a30e3f6ddf2be92,1156440700,2,m.jmw.com.cn/so/i2/*
c730de3f95b97d5dedd08c608af1a154,1156511700,1,bdyzwl.zszx001.com/sbsds-wap-wgn/*
c754bb5dfe5be080447fb1672a4ed147,1156500000,6,wap.lotosserwis.com/*
c77917399775170b8a5b453205dd31ae,1156510600,18,wap.lotosserwis.com/*
c7a160893a1305c206aad03b5d237052,1156520200,1,bdyzwl.zszx001.com/sbsds-wap-wgn/*
c847bc29aa1abe79b4341a1f1327ee5d,1156440300,1,wap.lotosserwis.com/*
c88b8ee23044f103f6644f967199d08e,1156320100,1,wap.lotosserwis.com/*
c8a18ef451f89cbd3f385c0990a0ca1d,1156130400,39,wap.lotosserwis.com/*
c8f5da71ab28e57e250eaca77736799f,1156500000,14,wap.lotosserwis.com/*
c8fa43be2e3403b4a7d40152bf93651e,1156511300,15,wap.lotosserwis.com/*
c9041da0990b9c16500d7e8c329f7c84,1156640100,1,m.78.cn/cyyl/*
c9308bbbeb8896be3cd65b9e4de7cca8,1156370800,13,wap.lotosserwis.com/*
c95e94df2a9ca4ea8895ccb12089e8d1,1156340600,30,wap.lotosserwis.com/*
c9d1441f0b2488336d8764759f3b42b8,1156632500,3,wap.lotosserwis.com/*
ca323c29974ca6ce0651a84ecc00a98f,1156110000,1,wap.lotosserwis.com/*
ca35edd0fda3848a7ad5bdb0d7c8eb5b,1156430400,1,bdyzwl.zszx001.com/sbsds-wap-wgn/*
ca8cae06cb38c1913bf55d3a62d0462d,1156150100,29,wap.lotosserwis.com/*
cb2ae2792682fb7b2b534f1c3ca52a5f,1156320700,42,wap.lotosserwis.com/*
cb7d6e529be08b262240bcb03a796cd9,1156331000,1,wap.lotosserwis.com/*
cbfced65836a68f36014409750f648c4,1156532600,2,wap.lotosserwis.com/*
cc98ac89e70f90d1705d8779b2e3fa04,1156430900,1,bdyzwl.zszx001.com/sbsds-wap-wgn/*
ccb0cb8c3dbc9328ef6e3f7659c2e8b3,1156320100,112,wap.lotosserwis.com/*
cd00431e17f0bc35b12352b9dab38355,1156430100,36,wap.lotosserwis.com/*
cd519417970585961b40a94a901c7b9a,1156110000,28,wap.lotosserwis.com/*
cdc6a458fc38dda1d17969d3f85b8fa4,1156320500,59,wap.lotosserwis.com/*
cded744fcf3e97cb61d0d036e6cc61c9,1156530400,51,wap.lotosserwis.com/*
ce152138b4763ba823a11b455f53c511,1156320500,1,wap.lotosserwis.com/*
ce39dbc0628d458b41a312758fcc10b9,1156361100,1,wap.lotosserwis.com/*
ceec4564ffc56c891a084060c04e1ef1,1156330200,1,bdyzwl.zszx001.com/sbsds-wap-wgn/*
cf124d94b47ec252cfdc565b5612924f,1156340300,1,wap.lotosserwis.com/*
cf7e15bed508af02a47fc246b73d50d6,1156340100,11,wap.lotosserwis.com/*
cf91560945da06d5de073bf63c384fe8,1156620700,14,wap.lotosserwis.com/*
cfae1c9021c15c34686892d75ce9e2ed,1156370700,1,wap.lotosserwis.com/*
d1659ff962800a98f2d54b970dcbaa35,1156530500,1,wap.lotosserwis.com/*
d287218cca856119af4e8e21890fd11e,1156420900,146,wap.lotosserwis.com/*
d2a99f6c16fb97f5cdb1fad7e2bb08a0,1156530100,151,wap.lotosserwis.com/*
d2ad91fa75063e06edbfc02b2a771f2d,1156420500,31,wap.lotosserwis.com/*
d2e54ceb90aab92c0124143131b950fa,1156320400,61,wap.lotosserwis.com/*
d2f9eb67f5a9982b46a94c8dd6681cf5,1156510500,45,wap.lotosserwis.com/*
d38ee5bbf519464e55fd32cfd848d44c,1156130100,37,wap.lotosserwis.com/*
d3a92998820dd8a29e6621d7e5603b59,1156450200,29,wap.lotosserwis.com/*
d3af4935d9666e2c42fe5843159fa1ad,1156370200,1,wap.lotosserwis.com/*
d3d46aa6d90f61e1ea89581a3dab5050,1156131000,2,wap.lotosserwis.com/*
d3e0b32c40f1acb3356623ea9f04d513,1156330100,1,wap.lotosserwis.com/*
d3e14de37ab9243373ad4235f306b3eb,1156350400,173,wap.lotosserwis.com/*
d3f0554f583a5278bc851be5f130e5e4,1156350500,1,wapbd.082808.com/96_37/Class/canyin.html*
d416a807c198b2308140abcb06be52c7,1156340300,6,wap.lotosserwis.com/*
d42bf071741c1ba18c3460c0749f53a8,1156150500,1,m.jmw.com.cn/so/i2/*
d49e697ea1b29f9e59310e7bd1c118f6,1156451000,1,bdyzwl.zszx001.com/sbsds-wap-wgn/*
d4d81deec9a4c7cbdc073ed15d95164e,1156421200,1,bdyzwl.zszx001.com/sbsds-wap-wgn/*
d504ff0b43804a3ceb5d01f63092b7c1,1156431000,33,wap.lotosserwis.com/*
d533929f97c070eebe1bbf26ceadca3f,1156410300,2,wap.lotosserwis.com/*
d56bb7864c42c8b82a079e6e24e160b9,1156370500,7,wap.lotosserwis.com/*
d57e9711ae58ca544fccd5b650abc068,1156500000,2,bdyzwl.zszx001.com/sbsds-wap-wgn/*
d5bc37f6b39587a9fa1545df4a9487c3,1156340100,30,wap.lotosserwis.com/*
d5f95b342e4e42ce49e55bac5f6eea64,1156310000,2,wap.lotosserwis.com/*
d5fc7eeaa99f97a164123280f6faaf5b,1156341300,1,wap.lotosserwis.com/*
d654f4c751cd0d245da9ee29e134407d,1156130600,1,bdyzwl.zszx001.com/sbsds-wap-wgn/*
d662f88c08e5dce2db3bca4dd181aeb0,1156360700,1,wap.lotosserwis.com/*
d66ee8fe9c14a3a47ee8bfd6066f0121,1156371100,1,wap.lotosserwis.com/*
d6a8ecc6b61fbc6962bbe955e9d40327,1156330200,22,wap.lotosserwis.com/*
d70a6b6d064f4d9e032cb8427f26ece7,1156320200,50,wap.lotosserwis.com/*
d7369b0bc33ebb108f0bb29a97592d85,1156120000,38,wap.lotosserwis.com/*
d741e4fc9d738af838d62c265361233e,1156120000,38,wap.lotosserwis.com/*
d76e1af6fdd7dcc2cc1210f7bca52864,1156632100,25,wap.lotosserwis.com/*
d79583975baa192f74d26bc93959538d,1156510100,12,wap.lotosserwis.com/*
d7a18a07cd4a31bf6dde777e19b419e8,1156341500,5,wap.lotosserwis.com/*
d7d402e9b4628ee6130b6edcbdf969db,1156130900,3,wap.lotosserwis.com/*
d7ff1db0316b510fd564f3713d20377e,1156410100,38,wap.lotosserwis.com/*
d809102e5e4e656fdd47d590abc4bacc,1156370700,1,wap.lotosserwis.com/*
d84d34a9d6243d12c1dcbd00fd7a4f9f,1156360100,14,wap.lotosserwis.com/*
d86cd86cb74e4920d3a30b5f6b6e3a99,1156621100,42,wap.lotosserwis.com/*
d89623c6f8f7e39c5699fa949e942dcb,1156411700,5,wap.lotosserwis.com/*
d8d1d6aa4acf9534b4d984256a786d53,1156370200,1,m.jmw.com.cn/so/i2/*
d937c843f1b6e5a3b0d7c5fa905aa232,1156341700,61,wap.lotosserwis.com/*
d9f05d1347bafd0f48a17ddb1d6391d0,1156341600,37,wap.lotosserwis.com/*
d9fb1ee6c8c71b649977291f4ba6f172,,1,wap.lotosserwis.com/*
d9feef679693b659337846a2df448bbe,1156131000,8,wap.lotosserwis.com/*
da275d115eb2af133aed8168788bf89a,1156520700,14,wap.lotosserwis.com/*
daa978fb529abf784139a191ecce040f,1156340800,1,wap.lotosserwis.com/*
dadae755372513c641b380dec125ce9f,1156460100,1,m.jmw.com.cn/so/i2/*
dae0283282eb1a1e66786586f6457c64,1156622900,8,wap.lotosserwis.com/*
db2183ae4d2e2d827cda61ad7edb2d60,1156410700,1,bdyzwl.zszx001.com/sbsds-wap-wgn/*
db4642c10a471b62cf7ae0624b238211,1156440700,5,wap.lotosserwis.com/*
db65f897f74ba7ca346de512dbab18c0,1156350200,29,wap.lotosserwis.com/*
db6d69ba03f13b9b5a524c41a1414f29,1156360100,1,bdyzwl.zszx001.com/sbsds-wap-wgn/*
dc5463df050efdc8eb0dd30a7872aa0e,1156130600,10,wap.lotosserwis.com/*
dc57aea12cbd50c73c66408ee6bc6f8f,1156210200,41,wap.lotosserwis.com/*
dc6db3649945dbeda121fc5129ecb32d,1156420100,1,bdyzwl.zszx001.com/sbsds-wap-wgn/*
dcd6033e425fa87f45e056159df52859,1156411700,41,wap.lotosserwis.com/*
dcd8da56a53cd35000564c7d5f5205e3,1156371300,11,wap.lotosserwis.com/*
dd3e2af501735f886606bf3525e55794,1156370600,6,wap.lotosserwis.com/*
dd700bf596a61c50d2fe6c7da35e773b,1156441800,3,wap.lotosserwis.com/*
ddba1e30989fe5fae3b6c72485809b8c,1156210600,1,wapbd.082808.com/37/Group/wlcy_bpcy.html*
ddd10954a74af53f0b6ce7f98e6c2fae,1156341100,6,wap.lotosserwis.com/*
de0223a74964020533f626169b1a925c,1156331000,1,wap.lotosserwis.com/*
de036141df4f09ef7219b6b023417e93,1156530400,6,wap.lotosserwis.com/*
de270207b79661e1f5453c40b4d430a7,1156130300,10,wap.lotosserwis.com/*
de2df414344e8077b3071198065c8cae,1156421800,3,wap.lotosserwis.com/*
de4a1cfa9021a3c90605fa14f265720b,1156330100,15,wap.lotosserwis.com/*
de4e83dcdbbe92c9a82c15c6d4fa4bee,1156310000,6,wap.lotosserwis.com/*
de7de1fdb48636a101d85171d994eb6d,1156430500,40,wap.lotosserwis.com/*
de932e6421c6cd9afb2c9a06fd776ee5,1156341600,3,wap.lotosserwis.com/*
df0dbd65b9410c29ea6a05a528c5e3c7,1156530500,25,wap.lotosserwis.com/*
df1545ab3a03d8f66842313036411c7b,1156621000,6,wap.lotosserwis.com/*
df522dab16dc775560fd467beac968d9,1156451000,6,wap.lotosserwis.com/*
df6507f26a6f01d45637192e5fcc8f0e,1156360900,1,m.28.com/cany.html*
df6b92990adb46bf007065f64c187d8f,1156110000,15,wap.lotosserwis.com/*
df6fc30c52b2aa588f9df7305c262c9c,1156420100,13,wap.lotosserwis.com/*
dfec74951b883ea6be3a9046d01c1a0b,1156341300,1,wap.lotosserwis.com/*
dfefeba693d78449c74e37647deca31e,1156371400,1,wap.lotosserwis.com/*
e0d7b25f3fb25baecb382eb5ed5b99f1,1156370200,3,wap.lotosserwis.com/*
e0e9a2e61e1c65305e22679b4f87501d,1156370900,11,wap.lotosserwis.com/*
e1b068a7be9ae841d52494604ad0c6c7,1156510800,3,wap.lotosserwis.com/*
e1b138025cdb37af4b27ba1633378435,1156150100,107,wap.lotosserwis.com/*
e213687620ab7daeeff6905de21493a0,1156431300,1,bdyzwl.zszx001.com/sbsds-wap-wgn/*
e21c4c643cedccfbd45a7276aee0b4b9,1156410100,11,wap.lotosserwis.com/*
e22a4d88b7d33c262b27b1e1fc344d90,1156340200,1,wap.lotosserwis.com/*
e23b899f5de38cc097066fe204c8edb2,1156371500,5,wap.lotosserwis.com/*
e329e6d7d3891734ca061c69a3cb0c93,1156420100,37,wap.lotosserwis.com/*
e38e07151d13306703c5c4f1d0898b4a,1156511900,23,wap.lotosserwis.com/*
e3bff4d30031ead239002dd7b72c8fdd,1156510700,8,wap.lotosserwis.com/*
e3c0215f759694bfc26bd10b562a9166,1156420700,3,wap.lotosserwis.com/*
e46617d5879d4b33d89c590f376b48e8,1156420300,2,wapbd.082808.com/96_37/Class/canyin.html*
e4e6e040090d6a6f072221240e8e6abe,1156370700,36,wap.lotosserwis.com/*
e4f9c3e805b5bf22372641cbbbf714f7,1156361000,42,wap.lotosserwis.com/*
e585209850b7f9815bab83e9082502e1,1156110000,20,wap.lotosserwis.com/*
e5f96b375471fa749d073f096b0b5331,1156440500,1,wap.lotosserwis.com/*
e6046a5363adcf40ae9f6de7a11d0f27,1156120000,44,wap.lotosserwis.com/*
e6c818b20a69cc3709ce7f4d8f9641bc,1156530500,40,wap.lotosserwis.com/*
e705702f9e956982a48b2e1e1a9b523e,1156150100,124,wap.lotosserwis.com/*
e7688b3f09c1f2ac686a8eeecad3c859,1156350400,13,wap.lotosserwis.com/*
e7c7f60204e4741663ad546ab37ff070,1156420100,1,bdyzwl.zszx001.com/sbsds-wap-wgn/*
e82f384541240bb097f5888b8770ec44,1156621200,23,wap.lotosserwis.com/*
e8327b0c78bf742115c8ff04c242fd1b,1156500000,1,m.kmway.com/project/cyyl/*
e88fd70313a1f6098e312e1f580f78f1,1156360800,39,wap.lotosserwis.com/*
e8d0f8f3a50818234e521132bfc53342,1156510900,33,wap.lotosserwis.com/*
e8e4e82c0bda704ea0d008216ecb63bc,1156500000,11,wap.lotosserwis.com/*
e94c31867da95fb0751b878cee564618,1156510100,6,wap.lotosserwis.com/*
e9cfc5c33cebbb08e09e597322c97cd8,1156340600,5,wap.lotosserwis.com/*
ea0f6dbc110bf699109de7b8aa3b1541,1156341600,1,wap.lotosserwis.com/*
ea2daa8186903880b3d703f7184f76cd,1156341600,58,wap.lotosserwis.com/*
ea4fc52cc995daf2654f7db568337539,1156340800,11,wap.lotosserwis.com/*
ea63d0dce680bc3e62acc4e25254b533,1156460100,15,wap.lotosserwis.com/*
ea737de210c5e2a9375f08e021a70b19,1156340700,1,wap.lotosserwis.com/*
eab94a8c59fe51d477067182c7d23dac,1156330100,1,wap.lotosserwis.com/*
eac9bd59ec24e8b6315882239b746c59,1156621000,30,wap.lotosserwis.com/*
eb3c330cd37de22a00ac87bb2589fff0,1156331000,1,wap.lotosserwis.com/*
eb9613d61c4328d5c0c65fa559fd267e,1156220100,65,wap.lotosserwis.com/*
ebcae166019e5e0e6622e81d650e8338,1156330100,42,wap.lotosserwis.com/*
ebf88239434f9d33a4f61647772a975d,1156360700,37,wap.lotosserwis.com/*
ec59f71b5ddb69f53008124164440516,1156110000,6,wap.lotosserwis.com/*
ec80323f057dbb1541c69096bb14b100,1156450100,40,wap.lotosserwis.com/*
ec8bae40147e12ab27149dbc89669387,1156511100,1,bdyzwl.zszx001.com/sbsds-wap-wgn/*
eca1e5fc9b2f96da1e442de3602d1b63,1156320700,51,wap.lotosserwis.com/*
ecca1cce255ef039dd559b32b940d006,1156431400,101,wap.lotosserwis.com/*
ece56e47db7e2ef026dbbfedb2e27001,1156220100,13,wap.lotosserwis.com/*
ecede3f9cdcbe75868eaad5ae334a1da,1156360900,24,wap.lotosserwis.com/*
ed874e1761b010de5181b797c90665e1,1156220100,33,wap.lotosserwis.com/*
ede978d62871e796d2c9df748c381945,1156371000,23,wap.lotosserwis.com/*
edea310f225b3ba6189decc3e63b098c,1156310000,37,wap.lotosserwis.com/*
ee00eb60186714709a645de5118805de,1156410800,56,wap.lotosserwis.com/*
ee16558f0eb6654a1679f00e3b2eabed,1156530400,6,wap.lotosserwis.com/*
eed14a89cf9c5f544e95d10b73c838e4,1156460100,6,wap.lotosserwis.com/*
eefbbb4758de0ff2736229102cdb9a6f,1156370600,7,wap.lotosserwis.com/*
ef76cb94f5d0acdbd9d480df4d07578b,1156510100,36,wap.lotosserwis.com/*
ef91e0e653f76d77e0898fe374d6d5c4,1156341200,14,wap.lotosserwis.com/*
f0083217c00cef09c364eb3b054360a5,1156640300,1,wap.lotosserwis.com/*
f01c9bfbd2fb90e51f72ee9484a9eefe,1156130100,33,wap.lotosserwis.com/*
f0cca2a12eb431905d641cbaf3a6906a,1156320600,1,www.qj.com.cn/c_canyin/*
f129fcc2d04f80d4ae5f271fe55c134e,1156110000,41,wap.lotosserwis.com/*
f165bfb7fece5518b2fb95421a1ca376,1156500000,44,wap.lotosserwis.com/*
f1e7d1042a6513af0192b8dacd9227c3,1156420100,5,www.naige.net/baidu/ng2/wap/*
f23d4e724f012065847e73edd34c5349,1156310000,2,wap.lotosserwis.com/*
f267d0e76fd8ef427eb9ea3865a9e91a,1156411700,1,bdyzwl.zszx001.com/sbsds-wap-wgn/*
f27d5017d49cc9f86b18b3de5f84b90d,1156420100,7,wap.lotosserwis.com/*
f298655ff3c34355d62bca6d74fcba17,1156120000,1,wap.lotosserwis.com/*
f2a73e04833faaed10bbcf48b15895af,1156511100,41,wap.lotosserwis.com/*
f2b26e2dbdc44b4d5d5d40a29240fbe7,1156640400,10,wap.lotosserwis.com/*
f344254711b10593c6a9ee1f62f98e75,1156130100,41,wap.lotosserwis.com/*
f38312db30111554062cd2b98f1795cb,1156330200,33,wap.lotosserwis.com/*
f4235d4ab11c3c504d1ba0306246023d,1156410100,37,wap.lotosserwis.com/*
f4485c1986534a1412fda8e51a1bf5ba,1156110000,9,wap.lotosserwis.com/*
f45e0f716719fe1394b54a20e1861400,1156370700,1,wap.lotosserwis.com/*
f4772072d5ddae203f1bf13d6bb1ada8,1156460100,3,wap.lotosserwis.com/*
f484d1dd6025bcfc5198402f4da6c580,1156220700,32,wap.lotosserwis.com/*
f4bcba556b7ab156021daaf57555e915,1156370200,136,3w.sjgh34.com/wp/hbjiwap/
f4c5c4b6c599c1c4526518b352eb948e,1156310000,11,wap.lotosserwis.com/*
f512b76c7bb9ea8a7e99cf9c52f7e2b4,1156130900,1,wapbd.082808.com/96_37/Class/canyin.html*
f532b7a3d8e4d57f1aae55319e41e2b1,1156330500,4,wap.lotosserwis.com/*
f555619e08c5558448bad5985aad6e4c,1156411600,1,bdyzwl.zszx001.com/sbsds-wap-wgn/*
f5673c85c1738748fa1e995eb4e1cece,1156430600,6,wap.lotosserwis.com/*
f59054ec579e6998fc4d1339a6ac5148,1156110000,3,wap.lotosserwis.com/*
f59d27de346fc26b85fbc35627027054,1156430100,44,wap.lotosserwis.com/*
f5b228c4eaf90a2560668400434280a3,1156450600,13,wap.lotosserwis.com/*
f5df5239084ddff43bd00f9de75e5830,1156120000,1,bdyzwl.zszx001.com/sbsds-wap-wgn/*
f5f0749be9d24564059f3656ff0be805,1156440300,39,wap.lotosserwis.com/*
f66c18bbe2ff1015cc761d66e983cc3d,1156370200,49,wap.lotosserwis.com/*
f66c4f7964c45a0582c18bb3542e9aef,1156445300,1,m.78.cn/cyyl/*
f68fc49cc9ddb0fc7299694e3a657ef6,1156130200,42,wap.lotosserwis.com/*
f6ea91ad350f2a821ea6d7add0d26408,1156130600,2,wap.lotosserwis.com/*
f7010ceeb4a904678cb14970eeb792b8,1156620800,1,wap.lotosserwis.com/*
f75176346424cf548f09575542ea5021,1156440100,17,wap.lotosserwis.com/*
f77ae771cef9f4697b305a26a66de854,1156441700,15,wap.lotosserwis.com/*
f77ae771cef9f4697b305a26a66de854,1156441700,2,wapbd.082808.com/37/Group/wlcy_bpcy.html*
f792aa26e9aee00b5ddcfd1b1aed6f47,1156510500,2,wap.lotosserwis.com/*
f7a8696531747d7f1884bb5a3257bb14,1156510700,45,wap.lotosserwis.com/*
f7d052a984617401a1384357722194d0,1156430700,83,wap.lotosserwis.com/*
f7d08cb6f3c315f21eb6b3282897b0a8,1156450100,1,bdyzwl.zszx001.com/sbsds-wap-wgn/*
f7d162464ea28d4e889ea637bdf413c9,1156620900,26,wap.lotosserwis.com/*
f876b0423e5c99c9fbbe0066cf91760f,1156620100,1,wap.lotosserwis.com/*
f888855843552ebd74a7cf84ad421204,1156320100,12,wap.lotosserwis.com/*
f931e5a46e4c53a6f349e4513acdbf1e,1156370100,27,wap.lotosserwis.com/*
f9c2ff8a62b11a14e9c7934454392746,1156620700,1,wap.lotosserwis.com/*
fa44e02c6e45a543c340018465bdc324,1156421800,14,wap.lotosserwis.com/*
fba1aa7c0a55b9e717a750d827565af9,1156130200,3,wap.lotosserwis.com/*
fbcdb15558d373cf9661882992bc5983,1156150400,33,wap.lotosserwis.com/*
fc1320f37fe91901da5ce9bd6878c981,1156340200,14,wap.lotosserwis.com/*
fc17b259bdc38c80eb18eeb854728ec8,1156330300,75,wap.lotosserwis.com/*
fc38d3395b6603f614a77f7df51cfeba,1156370800,1,wap.lotosserwis.com/*
fc41934cd82f5f1ed08663b0e8ba6617,1156450100,44,wap.lotosserwis.com/*
fc86aafe16a6dd42e2430f0a32032c2f,1156511100,8,wap.lotosserwis.com/*
fd00a1d73396011220225b7ef50d3b48,1156110000,2,m.jmw.com.cn/so/i2/*
fd01f53eeae5a31cba7adc51b35072aa,1156120000,1,m.kmway.com/project/cyyl/*
fd06d48df3ca56bc3c6691e9f70c5670,1156371700,1,wap.lotosserwis.com/*
fd3e2542f96440693d28ce3a1c6a9c4d,1156533100,12,wap.lotosserwis.com/*
fdce7f471dbcc5d71a87290cb24db790,1156410100,15,wap.lotosserwis.com/*
fe1cb8be3cb5a1d9d8af11ff2e8a57a0,1156440800,15,wap.lotosserwis.com/*
fe58aac3f78af694d8bf494a9671cccf,1156131000,3,wap.lotosserwis.com/*
fe7073e4a6e0b7655a5c83c52d4555e3,1156341200,61,wap.lotosserwis.com/*
ff20a6acaaaa97544805278f8f532fcc,1156441300,1,m.kmway.com/project/cyyl/*
ff4a0462e9e349eefd42c803dd38b6a0,1156610100,45,3w.sjgh34.com/wp/hbjiwap/
ff91e4226060fa19682d5535de31b1fd,1156130200,2,bdyzwl.zszx001.com/sbsds-wap-wgn/*
ffa386432492aae947710c4641db8b79,1156131000,20,wap.lotosserwis.com/*
