004a9c1f9273f5092e05788591cf497f,1156371300,8,www.thcycc.com/zt/rjm666/wchuancheng/*
0093c8a80b73b118f22e042a717d57b8,1156611000,1,www.sscbtg.com/zt/rjm666/wbtgrjm/*
01580f663ae1ae4a7f6c724457d686b6,1156610100,13,www.thcycc.com/zt/rjm666/wchuancheng/*
01e3910c1c3e27f3f0fba06058a06ed0,1156330400,18,www.thcycc.com/zt/rjm666/wchuancheng/*
03052815b824f9cece3061cb353c27ed,1156610800,1,www.thcycc.com/zt/rjm666/wchuancheng/*
032b54cb3054fd898a9764ddaa171e6b,1156340100,13,www.sscbtg.com/zt/rjm666/wbtgrjm/*
032b54cb3054fd898a9764ddaa171e6b,1156340100,17,www.thcycc.com/zt/rjm666/wchuancheng/*
037d8ca0faf50dd10ffb9bd240aff384,1156522700,25,www.sscbtg.com/zt/rjm666/wbtgrjm/*
037d8ca0faf50dd10ffb9bd240aff384,1156522700,1,www.silumeishi.com/*
05aeb5855dda15247bee75d5573a47fb,1156610800,11,www.thcycc.com/zt/rjm666/wchuancheng/*
072cab97f807c6d23055ac9298c8583b,1156371300,18,www.tclqzmp.com/zt/rjm666/wrjmkaichuang/*
072cab97f807c6d23055ac9298c8583b,1156371300,20,www.thcycc.com/zt/rjm666/wchuancheng/*
0834cde4b0870269522ee51e994f7df2,1156610100,1,bddtlm.zsld69.com/web/2248/13903/19605/index_tpl.htm*
08fa08f325fb304007ccfba2c55e8845,1156370100,2,www.sscbtg.com/zt/rjm666/wbtgrjm/*
0a92b00b553ebf9106d892d742d1a43e,1156350200,4,www.sscbtg.com/zt/rjm666/wbtgrjm/*
0afac829dcef831941a85a1be8c8a3f4,1156120000,12,www.thcycc.com/zt/rjm666/wchuancheng/*
0c5624c8935e8afc689aefbf163df63f,1156130500,1,www.tclqzmp.com/zt/rjm666/wrjmkaichuang/*
0c8a9b16b3f2837954203b104bcf8235,1156220100,18,www.silumeishi.com/*
0d020861a7dcb66a076f8672b8ff80e3,1156110000,2,www.sscbtg.com/zt/rjm666/wbtgrjm/*
0d58cf6e25fcb73941e4dfce7907ea7a,1156410100,10,www.sscbtg.com/zt/rjm666/wbtgrjm/*
0d58cf6e25fcb73941e4dfce7907ea7a,1156410100,6,www.thcycc.com/zt/rjm666/wchuancheng/*
0d7e77ce97c879ec88d67ae3b892e548,1156140400,12,www.thcycc.com/zt/rjm666/wchuancheng/*
0e727c0110939c77547b934683b7f838,1156341300,22,www.sscbtg.com/zt/rjm666/wbtgrjm/*
0f2a10382af477715a8a713e9b39c822,1156330400,11,www.silumeishi.com/*
0f848f938a2c70f5e113d94c98845b37,1156440200,3,www.thcycc.com/zt/rjm666/wchuancheng/*
11e2a717b02bf7d1b7fa6a9dcecfc82c,1156320100,17,www.sscbtg.com/zt/rjm666/wbtgrjm/*
122dd94a883f7ea76f7ff111d8ccce95,1156370500,15,www.sscbtg.com/zt/rjm666/wbtgrjm/*
131a0880f8a652f6b631df218aec8a01,1156440300,16,www.silumeishi.com/*
18bc45bed33bdfe15a2474be00f32906,1156350300,4,www.thcycc.com/zt/rjm666/wchuancheng/*
1a31fa0cb5ae59d71331daa8a2057eed,1156420100,13,www.sscbtg.com/zt/rjm666/wbtgrjm/*
1df659516b19848adab1f4871c849fb2,1156610500,15,www.sscbtg.com/zt/rjm666/wbtgrjm/*
1fdf202fa9e9d5bd5cc3e38e5d0d5492,1156450400,1,www.thcycc.com/zt/rjm666/wchuancheng/*
20b27b23198f5898630a3bb753158735,1156330100,1,bddtlm.zsld69.com/web/2248/13903/19605/index_tpl.htm*
2139d8317d35881bec6d7e5c4a34b440,1156320100,11,www.thcycc.com/zt/rjm666/wchuancheng/*
237aa8eddc61baca5a0f15a1c52dc43f,1156450300,17,www.sscbtg.com/zt/rjm666/wbtgrjm/*
2648d6476b8f03998b80119abbe7ff24,1156610100,14,www.tclqzmp.com/zt/rjm666/wrjmkaichuang/*
26c36926ca1a6ef5a8ae99181f231aaa,1156610100,22,www.silumeishi.com/*
2776d0a35b02410813185c2fcbdcf69c,1156130100,11,www.thcycc.com/zt/rjm666/wchuancheng/*
27d50e56f7f0bb6b6af95388fedf5c0b,1156450200,1,www.sscbtg.com/zt/rjm666/wbtgrjm/*
28b97915026df134037138208244dadc,1156410300,12,www.thcycc.com/zt/rjm666/wchuancheng/*
29dd09a463b180515d44c0806182f41f,1156410900,1,www.thcycc.com/zt/rjm666/wchuancheng/*
2b205a2e6939376ed6feabce95cf4009,1156610100,2,www.thcycc.com/zt/rjm666/wchuancheng/*
2bb2a5cef8e44dd15153f7d8a22361d5,1156610300,10,www.thcycc.com/zt/rjm666/wchuancheng/*
2bdc81da7189c5ea9a91f9cfcba07726,1156140800,11,www.thcycc.com/zt/rjm666/wchuancheng/*
2dec1e0494ab593c97f68d98d38c2caf,1156140800,5,www.sscbtg.com/zt/rjm666/wbtgrjm/*
2f6988c4adf44845505e05f94a57a5a2,1156610800,16,www.thcycc.com/zt/rjm666/wchuancheng/*
3006b5f1a30c36d3044eb7a37cd39f34,1156500000,13,www.sscbtg.com/zt/rjm666/wbtgrjm/*
3062bf5a829efa83d54a50d8b91d96ca,1156350700,1,www.sscbtg.com/zt/rjm666/wbtgrjm/*
32c1588bf38c07593d093179486725ac,1156340400,4,www.sscbtg.com/zt/rjm666/wbtgrjm/*
33aea8058b8bf73466e55cbf0ac1ff88,1156110000,25,www.thcycc.com/zt/rjm666/wchuancheng/*
33aee35dceb4e12e4869e824609cfbd6,1156371100,1,m.m77.cn/web/qswd/index.htm*
350a51e0cb582c2cdb32049dc72eb835,1156130200,21,www.silumeishi.com/*
3546bf27a362aa750f54156df003ff78,1156610800,1,www.sscbtg.com/zt/rjm666/wbtgrjm/*
35b3abb4a191d99540ac144fb8cf4960,1156440300,11,www.thcycc.com/zt/rjm666/wchuancheng/*
36282bd2ac6c67a6adc9d3e9f1a2feb6,1156371300,12,www.thcycc.com/zt/rjm666/wchuancheng/*
365e2fe6aa47ec9e291fef644e427462,1156371500,4,www.tclqzmp.com/zt/rjm666/wrjmkaichuang/*
368777ad653cbb678d18414e9518280c,1156610100,2,www.sscbtg.com/zt/rjm666/wbtgrjm/*
3777f7b4a94f5ac995e1870a4b952b5c,1156522700,1,bddtlm.zsld69.com/web/2248/13903/19605/index_tpl.htm*
389fd05d339b1e9a69680d924bd7b665,1156370800,5,91txsb.com/*
3c56f1b083a1fac46e62a2b20a9d86dd,1156610900,12,www.thcycc.com/zt/rjm666/wchuancheng/*
3cdd03f6a919b5f916d1db0e0404e4c6,1156500000,16,www.sscbtg.com/zt/rjm666/wbtgrjm/*
3d214fc6e847888a24df018fbb671de8,1156430700,6,www.thcycc.com/zt/rjm666/wchuancheng/*
3e55050a78e8b1152dc05994c6156abb,1156130200,2,www.sscbtg.com/zt/rjm666/wbtgrjm/*
3f25e98901b87f5c0d0c7574ca265f16,1156610900,8,www.thcycc.com/zt/rjm666/wchuancheng/*
3f85a81da4bd729b1c5ec55a67c140ed,1156410300,15,www.sscbtg.com/zt/rjm666/wbtgrjm/*
3fcbb341931c8e234153872ed765a13b,1156130800,13,www.sscbtg.com/zt/rjm666/wbtgrjm/*
3fefe4de7b8d19bf12a960fb01ed9425,1156500000,13,www.sscbtg.com/zt/rjm666/wbtgrjm/*
424d437cc9aa27dc452fc002f1438ab4,1156610100,11,www.thcycc.com/zt/rjm666/wchuancheng/*
427f25cd3e05c51343f4b1d2db644171,1156120000,17,www.tclqzmp.com/zt/rjm666/wrjmkaichuang/*
43a1fe187bffb2b8325f6e560a0f76d7,1156210500,36,91txsb.com/*
4430849d7c8dab1c667bcafe291a5912,1156411200,16,www.silumeishi.com/*
4481eadcc225f93c60b2f146019a4956,1156610600,1,bddtlm.zsld69.com/web/2248/13903/19605/index_tpl.htm*
44c0ca95cb0ab6b8c6e62b9fba5ba234,1156532500,14,www.tclqzmp.com/zt/rjm666/wrjmkaichuang/*
45ce0f0f8db040d60d7a8ed934efbdda,1156370200,7,www.sscbtg.com/zt/rjm666/wbtgrjm/*
465483e814c5b286a56b5d5099a5ce07,1156370200,12,www.sscbtg.com/zt/rjm666/wbtgrjm/*
46e3db4a37cb668139e86cd9717059ae,1156350200,10,www.thcycc.com/zt/rjm666/wchuancheng/*
475827b795ff47e3c3fae9dc5216e70e,1156411100,18,www.sscbtg.com/zt/rjm666/wbtgrjm/*
4793205c3b973d6c02686db7528f87a5,1156533400,7,www.thcycc.com/zt/rjm666/wchuancheng/*
47fb3d0724b8f6e72ea5801414560db1,1156610100,1,www.thcycc.com/zt/rjm666/wchuancheng/*
4a6b0b86cef8da39bef56b7df98ae136,1156371000,18,www.silumeishi.com/*
4af32facd33e3e480f37411f2b0615b2,1156611000,12,www.thcycc.com/zt/rjm666/wchuancheng/*
4cf530d922c54ec64df106d0ac7c890d,1156610400,14,www.sscbtg.com/zt/rjm666/wbtgrjm/*
4cfda7162a6104303d1ae628f5b8639d,1156120000,5,www.sscbtg.com/zt/rjm666/wbtgrjm/*
4d469141e95b3c11b9a773e2fd783e8e,1156610100,3,www.xazjcy.com/*
4def1e98e5f187c6bcbdd393ae6932ed,1156340800,28,www.sscbtg.com/zt/rjm666/wbtgrjm/*
4f7649237be58c368f83276abe2483ba,1156522400,6,www.silumeishi.com/*
4ff999d7a0ee0aad6b3b4795e3d8361b,1156310000,8,www.sscbtg.com/zt/rjm666/wbtgrjm/*
5022d50ed19a4c908be7aa751dbc3ad2,1156610400,1,www.sscbtg.com/zt/rjm666/wbtgrjm/*
502dadc0070e6050266e2d3492eed3c6,1156632200,13,www.thcycc.com/zt/rjm666/wchuancheng/*
51d5ee9f82c3a3e36c0b90560cedf9fb,1156350100,22,www.silumeishi.com/*
523cd987ae6bdf4efadeab88ecabfb5c,1156611000,5,www.zhaojia888.com/zj/*
52eb825b2b8cf9edcc14e1c87ea9a476,1156440100,8,www.thcycc.com/zt/rjm666/wchuancheng/*
536e6b0d729e62fa9ae9604b3d82059e,1156130500,2,www.tclqzmp.com/zt/rjm666/wrjmkaichuang/*
55dbfc4672177e71cc370fb2bce7c0db,1156230600,2,www.sscbtg.com/zt/rjm666/wbtgrjm/*
56ca04e39fb3e18dc6d3769cf670d96e,1156341600,1,www.silumeishi.com/*
56ca74db5c6160d560d9706056671aaf,1156510100,1,www.sscbtg.com/zt/rjm666/wbtgrjm/*
573eb693794001ffd6bccaf92f2457e1,1156610100,13,www.sscbtg.com/zt/rjm666/wbtgrjm/*
57667c4193c7fe195f03200e5d1054f9,1156110000,11,www.tclqzmp.com/zt/rjm666/wrjmkaichuang/*
57e2b03969b8b64cf6f134d5adb167b1,1156341600,4,www.thcycc.com/zt/rjm666/wchuancheng/*
5903c3187031e0fb45acbe753f8c0511,1156610100,7,www.thcycc.com/zt/rjm666/wchuancheng/*
595aeb84046d97c6739aa7eb50d47073,1156440100,15,www.sscbtg.com/zt/rjm666/wbtgrjm/*
59e849cfcbfd83f2aaaaaaec9b6ec1e4,1156130200,12,www.tclqzmp.com/zt/rjm666/wrjmkaichuang/*
5a649b1703e94fafa045326d30badde2,1156610100,18,www.sscbtg.com/zt/rjm666/wbtgrjm/*
5ba3dde99aa816e19ca7460f5d7ce18d,1156520700,1,www.silumeishi.com/*
5bc4a62d22dcee6c73bbc7ab57845147,1156610100,5,www.thcycc.com/zt/rjm666/wchuancheng/*
5ed1a6ac10ca56657b69c455070f8a05,1156341300,13,www.sscbtg.com/zt/rjm666/wbtgrjm/*
5f8befc73f53c3e2918cfe2bcb060c1d,1156532600,30,www.91txsb.com/*
5fa078f496522c39a3e12f0888abb830,1156620500,16,www.tclqzmp.com/zt/rjm666/wrjmkaichuang/*
618f11655b001a7afc84424a61832858,1156450300,1,bddtlm.zsld69.com/web/2248/13903/19605/index_tpl.htm*
6193df74261a1ec1d61d1a926d04cf9a,1156610100,1,www.tclqzmp.com/zt/rjm666/wrjmkaichuang/*
61aa380dfe17a5ab0053266d0653a33b,1156610300,1,yd.cybpsw.com/ztb/roujiamo.html*
61d1ec2c49a1d2be8a6b318b8fa18c4f,1156131100,15,www.sscbtg.com/zt/rjm666/wbtgrjm/*
62c5009c54bb3bd415206dd1135a1c83,1156220100,1,wap.lotosserwis.com/web/chimoxc/indexd.htm*
635d57ed39432ecaac70d08a989dc110,1156500000,7,www.thcycc.com/zt/rjm666/wchuancheng/*
63daf8661d005cebee6f43f2d18f8c94,1156341300,10,www.thcycc.com/zt/rjm666/wchuancheng/*
65d6a488f5721831e6454ec5e08cba9e,1156520200,12,www.thcycc.com/zt/rjm666/wchuancheng/*
66aa2a911beea8fc0db46d0f938c0fb4,1156441900,2,www.sscbtg.com/zt/rjm666/wbtgrjm/*
68cde9be61a1c5aa98d759fea4d47ec8,1156131000,1,m.m77.cn/web/qswd/index.htm*
68f7994aefa77520eb89ac0de3276b62,1156370200,15,www.sscbtg.com/zt/rjm666/wbtgrjm/*
69303779e50f57b1eb4b6d0e2b6ebfe4,1156610100,15,www.tclqzmp.com/zt/rjm666/wrjmkaichuang/*
69303779e50f57b1eb4b6d0e2b6ebfe4,1156610100,11,www.thcycc.com/zt/rjm666/wchuancheng/*
69d958dc1177674418cd32e4f1f29f7e,1156130100,1,yd.cybpsw.com/ztb/roujiamo.html*
6a8fb3231ac59fd916151f31dd64f48f,1156410100,9,www.thcycc.com/zt/rjm666/wchuancheng/*
6a99847c05a8dee9312113e530826274,1156130100,8,www.thcycc.com/zt/rjm666/wchuancheng/*
6aa1a43110689de30412c931dcaf596b,1156421500,14,www.sscbtg.com/zt/rjm666/wbtgrjm/*
6e0086e5fe2c52ee337c6c688c27c719,1156410700,4,www.thcycc.com/zt/rjm666/wchuancheng/*
6e3ef38c198bc5272d0015de6191e13c,1156441500,17,www.silumeishi.com/*
6fa9376526fe25d86dee72c39a2ec554,1156130800,1,www.sscbtg.com/zt/rjm666/wbtgrjm/*
6fb3466acb52bef016690470cd534f08,1156410100,1,bddtlm.zsld69.com/web/2248/13903/19605/index_tpl.htm*
70762c50134498053e50df0b9724a3a2,1156610600,3,www.thcycc.com/zt/rjm666/wchuancheng/*
707c3e3a5431e9e652e740984a56b3c3,1156520300,4,www.91txsb.com/*
7233423c9c31ac679d8f382b34005849,1156411000,1,bddtlm.zsld69.com/web/2248/13903/19605/index_tpl.htm*
741d30ac84baa2b05a1c5d170446c38b,1156341300,1,bddtlm.zsld69.com/web/2248/13903/19605/index_tpl.htm*
744f9efa9df17ed99ee232823b52f0b3,1156130400,1,bddtlm.zsld69.com/web/2248/13903/19605/index_tpl.htm*
751a92d01d024e4de4faca619c50fc0a,1156360400,3,www.sscbtg.com/zt/rjm666/wbtgrjm/*
759cf029305e44f90f949f25adab2112,1156610500,9,www.thcycc.com/zt/rjm666/wchuancheng/*
76c0747818f477a08977d6449082ea26,1156610400,16,www.sscbtg.com/zt/rjm666/wbtgrjm/*
772ebc9374e20abbcc78c41cec4bdbb3,1156370800,25,www.sscbtg.com/zt/rjm666/wbtgrjm/*
772ebc9374e20abbcc78c41cec4bdbb3,1156370800,13,www.thcycc.com/zt/rjm666/wchuancheng/*
77dd961da0f741294a19bd3283d87679,1156510100,13,www.sscbtg.com/zt/rjm666/wbtgrjm/*
77dd961da0f741294a19bd3283d87679,1156510100,22,www.thcycc.com/zt/rjm666/wchuancheng/*
7a061560536d7aec784859dcd47e60ff,1156610100,12,www.sscbtg.com/zt/rjm666/wbtgrjm/*
7c596ae5f7ef4ee10e4bc7f82472d6f3,1156330100,10,www.thcycc.com/zt/rjm666/wchuancheng/*
7c9ca218302a3b82784b0112d760b61a,1156610500,4,www.thcycc.com/zt/rjm666/wchuancheng/*
7cf00824d96075d1156d43a5835c4c82,1156410100,14,www.thcycc.com/zt/rjm666/wchuancheng/*
7d5e602ff82af2b9f19ab7764688515d,1156130100,14,www.tclqzmp.com/zt/rjm666/wrjmkaichuang/*
7d61a8c633d2bb2c642784787440210f,1156320300,10,www.thcycc.com/zt/rjm666/wchuancheng/*
7d9167052c45aa89b2aa8e25cd4fa2e2,1156440300,7,www.thcycc.com/zt/rjm666/wchuancheng/*
7e4c3be20dd2f57d0d3a488e1eb86e32,1156110000,13,www.sscbtg.com/zt/rjm666/wbtgrjm/*
7e4c3be20dd2f57d0d3a488e1eb86e32,1156110000,12,www.thcycc.com/zt/rjm666/wchuancheng/*
7f62b2a267097077aaf800de239105be,1156140100,16,www.91txsb.com/*
807ea9c6380f0ec759a82ddfe779ed43,1156220100,12,www.tclqzmp.com/zt/rjm666/wrjmkaichuang/*
808ce5a09d56f4da307ab06c8142ce55,1156440100,15,www.thcycc.com/zt/rjm666/wchuancheng/*
810ec76374c43d6bb6ed1357607bdc54,1156370300,6,www.sscbtg.com/zt/rjm666/wbtgrjm/*
814a2ad65c108e161391b42a5fd78a16,1156130600,51,www.91txsb.com/*
81a30aaa73245b886440586eae5e6279,1156411500,14,www.sscbtg.com/zt/rjm666/wbtgrjm/*
8204d8358aa73b82b7a9aff4e8584856,1156431200,11,www.thcycc.com/zt/rjm666/wchuancheng/*
83864d578bd07935b634f7e9d75cf196,1156411700,1,www.tclqzmp.com/zt/rjm666/wrjmkaichuang/*
84dc9c827103a50f4e95cac5c1e21295,1156370800,4,www.silumeishi.com/*
858b4904a480681534d9a64e597620ba,1156511300,5,www.sscbtg.com/zt/rjm666/wbtgrjm/*
8baaaa023f8033626778c0ed83175d03,1156500000,15,www.sscbtg.com/zt/rjm666/wbtgrjm/*
8bdcc775793765a91a6bacb0245d0466,1156371500,16,www.thcycc.com/zt/rjm666/wchuancheng/*
9065a2cd521ab55e7ac9868fa762f7e6,1156370300,1,bddtlm.zsld69.com/web/2248/13903/19605/index_tpl.htm*
90da5808cc484f9dafb998abe206c199,1156421800,21,www.91txsb.com/*
939fb11f888d797904bb127c28166b1b,1156371600,7,www.thcycc.com/zt/rjm666/wchuancheng/*
96a6b70e59edbccb3b9ba81d69ecf8bc,1156430400,1,bddtlm.zsld69.com/web/2248/13903/19605/index_tpl.htm*
96cf8580b3d19158facfb010e595f605,1156350200,4,www.thcycc.com/zt/rjm666/wchuancheng/*
96f6d953b53c3369c8e5c8258972d102,1156340100,12,www.sscbtg.com/zt/rjm666/wbtgrjm/*
9748b92009b4b61fffe2eae8066877cf,1156510400,1,bddtlm.zsld69.com/web/2248/13903/19605/index_tpl.htm*
984d4f4f76d6ceb1baf0a841f880fcbb,1156130800,1,www.xazjcy.com/*
989509c8ce79b3ec07fca558daceca5a,1156611000,9,www.thcycc.com/zt/rjm666/wchuancheng/*
9936dceee744149d3bcf4eee281d41ed,1156360100,12,www.sscbtg.com/zt/rjm666/wbtgrjm/*
99442d6603a9999e03abbc8c69d06949,1156510900,9,www.thcycc.com/zt/rjm666/wchuancheng/*
99b7e7d317bbaac34d2f03890693004a,1156510900,15,www.silumeishi.com/*
99ea48cfc24288903292c7dbbba921d6,1156410100,12,www.thcycc.com/zt/rjm666/wchuancheng/*
9abd99ba47eb340b2301180c57f85691,1156411700,16,www.sscbtg.com/zt/rjm666/wbtgrjm/*
9b34071e15dcae1f32d56a69655dc979,1156610100,2,www.thcycc.com/zt/rjm666/wchuancheng/*
9d7f847c9ec8d7d014917c89a848b956,1156441900,19,www.sscbtg.com/zt/rjm666/wbtgrjm/*
9deb876dcec2a64e5be6ff588dbc86d0,1156420100,25,www.91txsb.com/*
9e6bc6f2396ef22c9734e1b746e37459,1156370900,14,www.91txsb.com/*
9ed42500c6aaf35bf3bb5d324b9eb716,1156411600,9,www.thcycc.com/zt/rjm666/wchuancheng/*
9ef8a7f53a0e2e4c24acde784012b903,1156610100,9,www.thcycc.com/zt/rjm666/wchuancheng/*
9fd10eeac683607fa2616840d517297b,1156410900,12,www.sscbtg.com/zt/rjm666/wbtgrjm/*
a07c04abbd17405fa0ab67daeb0385de,1156610100,11,www.thcycc.com/zt/rjm666/wchuancheng/*
a0a266c723638c1f0572a6f8633cd0bf,1156350900,3,www.thcycc.com/zt/rjm666/wchuancheng/*
a0d1d264f5b0eeba12dbf7131168fe96,1156411400,14,www.sscbtg.com/zt/rjm666/wbtgrjm/*
a27815dae7ebe04da6c8a49acc613fcf,1156130200,9,www.thcycc.com/zt/rjm666/wchuancheng/*
a37440fbff50b6a0659c7f1f112f9fc5,1156371600,5,www.sscbtg.com/zt/rjm666/wbtgrjm/*
a3a75df54b5b35118c7d0d5636e8cb9e,1156130900,17,www.sscbtg.com/zt/rjm666/wbtgrjm/*
a50e121c6054b600c5162d7d72f58050,1156610400,13,www.tclqzmp.com/zt/rjm666/wrjmkaichuang/*
a7b518432ccb2cc4e0c33c11c13ae179,1156131100,1,m.bjqd001.com/web/mujilpfrjm/indexd.htm*
a7b518432ccb2cc4e0c33c11c13ae179,1156131100,14,www.sscbtg.com/zt/rjm666/wbtgrjm/*
a7b518432ccb2cc4e0c33c11c13ae179,1156131100,14,www.thcycc.com/zt/rjm666/wchuancheng/*
a8ad6c8296aee93bbb0872d60b495350,1156610100,18,www.sscbtg.com/zt/rjm666/wbtgrjm/*
ab74fef68e8112a3168b703804119cf5,1156610100,19,www.sscbtg.com/zt/rjm666/wbtgrjm/*
ac6a9b328414d6a52026e2091e57037b,1156370300,12,www.thcycc.com/zt/rjm666/wchuancheng/*
b1739bc798f1e531e1102444db67a888,1156330700,5,www.thcycc.com/zt/rjm666/wchuancheng/*
b1add5adf71c4eeb340cfe8b95531bf0,1156620100,1,www.tclqzmp.com/zt/rjm666/wrjmkaichuang/*
b2491fbdf5ceded015e96a76f297a185,1156510100,2,www.sscbtg.com/zt/rjm666/wbtgrjm/*
b2cd4168decb2cd0061c9c010b9a7218,1156320500,6,www.sscbtg.com/zt/rjm666/wbtgrjm/*
b399c872fd02303e4d032866f46b47c5,1156440900,18,www.sscbtg.com/zt/rjm666/wbtgrjm/*
b485b6a84883101a90919dbda44997e9,1156430600,3,www.silumeishi.com/*
b494e5d276e87bc6c5e9f177249ac115,1156370300,8,www.thcycc.com/zt/rjm666/wchuancheng/*
b984a3b2ab331df252dff723e834e71a,1156410100,1,www.thcycc.com/zt/rjm666/wchuancheng/*
ba09c14165a39305e251ef32df2f5e61,1156520300,11,www.sscbtg.com/zt/rjm666/wbtgrjm/*
c1c8cbb84b8f44c0a5973d972863b99d,1156370500,10,www.sscbtg.com/zt/rjm666/wbtgrjm/*
c1c8cbb84b8f44c0a5973d972863b99d,1156370500,10,www.thcycc.com/zt/rjm666/wchuancheng/*
c31c4ef049d6ffa866b245a692f6aa75,1156610100,1,www.sscbtg.com/zt/rjm666/wbtgrjm/*
c33f762262cc913364edb92645bdb3b5,1156140900,12,www.sscbtg.com/zt/rjm666/wbtgrjm/*
c33f762262cc913364edb92645bdb3b5,1156140900,13,www.thcycc.com/zt/rjm666/wchuancheng/*
c567a3caf8e864ef6acc8e7f48721751,1156341100,8,www.tclqzmp.com/zt/rjm666/wrjmkaichuang/*
c62bec36f171077a5d7611dc88fa3702,1156410100,10,www.thcycc.com/zt/rjm666/wchuancheng/*
c76acf47245b5c33bc6639699239da33,1156410700,1,bddtlm.zsld69.com/web/2248/13903/19605/index_tpl.htm*
c80f28685e0a6a4827fdfff44c184a6d,1156371000,6,www.thcycc.com/zt/rjm666/wchuancheng/*
c9ea7d1bb6a3f43114f6520273efcba2,1156340800,13,www.thcycc.com/zt/rjm666/wchuancheng/*
ca34fd70f46d1d0502bde8947070c855,1156140400,3,www.sscbtg.com/zt/rjm666/wbtgrjm/*
ca9f4e18d558fe2fb4430d07b07a2721,1156120000,2,www.sscbtg.com/zt/rjm666/wbtgrjm/*
cac9936233dd70cea2ab0e535e3fa51b,1156370900,8,www.tclqzmp.com/zt/rjm666/wrjmkaichuang/*
cb3c80ab5f9f5d9a0b3cfc3463e93391,1156411700,66,www.sscbtg.com/zt/rjm666/wbtgrjm/*
cb3c80ab5f9f5d9a0b3cfc3463e93391,1156411700,4,wap.lotosserwis.com/web/chimoxc/indexd.htm*
cc6a7a8dc23a5ad5373565b8f4aed55e,1156130200,4,www.thcycc.com/zt/rjm666/wchuancheng/*
cdb233c15b0b26fc20966d39b885f6c9,1156320500,14,www.tclqzmp.com/zt/rjm666/wrjmkaichuang/*
d0b27aaf03f3c650ddd70bd88d524322,1156610500,9,www.tclqzmp.com/zt/rjm666/wrjmkaichuang/*
d197379ceb813d0820486e7356c6a0b9,1156320100,9,www.thcycc.com/zt/rjm666/wchuancheng/*
d1b8b07bf15bba1eef355f87b84bfa12,1156330100,7,www.sscbtg.com/zt/rjm666/wbtgrjm/*
d4404a59d4d5708ed1b49e81910bbd9b,1156361000,14,www.sscbtg.com/zt/rjm666/wbtgrjm/*
d512ebbd693992cda51bb344009baba3,1156420100,17,www.sscbtg.com/zt/rjm666/wbtgrjm/*
d6e1d59efb355899cfefde5c4bdc72d6,1156130100,2,www.thcycc.com/zt/rjm666/wchuancheng/*
d7179b8e9d04b05bdfaa8ab0e1d5666a,1156445300,1,m.m77.cn/web/qswd/index.htm*
d7d91ba3e38fa6fe484aa360f038c2f8,1156450200,2,www.thcycc.com/zt/rjm666/wchuancheng/*
d8ff4548d5c0be16a9d55781d72bc9bd,1156411500,5,www.sscbtg.com/zt/rjm666/wbtgrjm/*
d95282687c80f3ce3af12a648ed59214,1156420300,14,www.sscbtg.com/zt/rjm666/wbtgrjm/*
d97ea964274085165e114c40742e018b,1156341300,12,www.thcycc.com/zt/rjm666/wchuancheng/*
daafb573564fa188dc94036a0972e1b3,1156610100,11,www.sscbtg.com/zt/rjm666/wbtgrjm/*
dca23285723111361b49db41b2e28c42,1156120000,1,wap.lotosserwis.com/web/chimoxc/indexd.htm*
de3546cb5710e04968664a463157126e,1156210200,24,www.tclqzmp.com/zt/rjm666/wrjmkaichuang/*
e060ade272adeb93b6b3e7ce1f6976d1,1156310000,15,www.tclqzmp.com/zt/rjm666/wrjmkaichuang/*
e060ade272adeb93b6b3e7ce1f6976d1,1156310000,14,www.thcycc.com/zt/rjm666/wchuancheng/*
e1a986eb3fd47e5cde936206010f0d70,1156360400,11,www.thcycc.com/zt/rjm666/wchuancheng/*
e233a0ee34a10104237e111abd581620,1156610100,13,www.sscbtg.com/zt/rjm666/wbtgrjm/*
e358df67e93ad5fef23659642fb8a71b,1156510500,35,www.silumeishi.com/*
e35bb9dc609118d48ec252e866a0d251,1156610200,14,www.sscbtg.com/zt/rjm666/wbtgrjm/*
e35d1e6685618697166305bca602ee3f,1156511600,7,www.silumeishi.com/*
e7f43b71c00feaee25bff559492485dc,1156420100,13,www.sscbtg.com/zt/rjm666/wbtgrjm/*
e8b89c45653ddd3f27662759d884974d,1156120000,12,www.tclqzmp.com/zt/rjm666/wrjmkaichuang/*
e8f2808a77d4bf28ffa4f5ae60a29e45,1156520300,21,www.silumeishi.com/*
e9b45ec7b4cc31b3c2bc8760290d4b82,1156610100,6,www.tclqzmp.com/zt/rjm666/wrjmkaichuang/*
e9b45ec7b4cc31b3c2bc8760290d4b82,1156610100,16,www.sscbtg.com/zt/rjm666/wbtgrjm/*
ed74e905ebb038f6c5da6c5af9cb6cfc,1156130300,1,www.sscbtg.com/zt/rjm666/wbtgrjm/*
ef0b1e549f52dd0595544e9c5abd11bd,1156411700,1,www.sscbtg.com/zt/rjm666/wbtgrjm/*
f0cbf90f62b625b570a3fb0f58609ce7,1156130400,12,www.thcycc.com/zt/rjm666/wchuancheng/*
f0e24a017cd4e99d1686cb677378ed24,1156510100,10,www.tclqzmp.com/zt/rjm666/wrjmkaichuang/*
f198269eb9c31e545a00b16da9a7cd07,1156130200,14,www.sscbtg.com/zt/rjm666/wbtgrjm/*
f1e2df7503d13381c07699f96ec8972b,1156110000,1,bddtlm.zsld69.com/web/2248/13903/19605/index_tpl.htm*
f2565e8583df3bd1a0a120174578e397,1156522700,15,www.sscbtg.com/zt/rjm666/wbtgrjm/*
f2d9f187a43e3850d14552fe9475ed9a,1156320300,13,www.thcycc.com/zt/rjm666/wchuancheng/*
f325414758ad3685d6a4510bd7541af8,1156140300,17,www.sscbtg.com/zt/rjm666/wbtgrjm/*
f3550cd7112d83f55f792f411603b98e,1156110000,17,www.thcycc.com/zt/rjm666/wchuancheng/*
f3c4d6d9f4b1f8d88373857dfb48bf62,1156130600,1,bddtlm.zsld69.com/web/2248/13903/19605/index_tpl.htm*
f3ee1f5fac684dc0935f138643232c81,1156120000,8,www.thcycc.com/zt/rjm666/wchuancheng/*
f5266c1fd8ace48ad89fae250ebd1166,1156410300,1,wap.lotosserwis.com/web/chimoxc/indexd.htm*
fac3ffe0d4c4ba9aa873d01d0fcbca12,1156420200,1,www.thcycc.com/zt/rjm666/wchuancheng/*
fbf0c9aa88ec950b979b94eb79de3259,1156330200,31,www.thcycc.com/zt/rjm666/wchuancheng/*
fc2f39a9764e66f3163265e4db964d25,1156610600,2,www.sscbtg.com/zt/rjm666/wbtgrjm/*
fc3f6a1e55f728fc930314a1906f378d,1156130700,3,www.sscbtg.com/zt/rjm666/wbtgrjm/*
fce7267a8f18d06478d200b951c09f23,1156420100,1,www.thcycc.com/zt/rjm666/wchuancheng/*
fe931844dd7354957511140052208063,1156130900,9,www.thcycc.com/zt/rjm666/wchuancheng/*
