0568ec2f0a065c3c859d0f4c73ee4282,1156370100,8,ttui.cdrzkj.cn/shouji/*
08a1d22ea0a57aeee3d37886a8c21c9e,1156320400,12,ttui.cdrzkj.cn/shouji/*
09d94976bf0f7bef223b57f2dea561b2,1156331000,1,ttui.cdrzkj.cn/shouji/*
0ee79856e012a6c5e360b780dba92fc9,1156610800,1,www.shanghaidatamarketing.com/*
0fa0b68bd73de355797aad1d5c191055,1156110000,148,www.shanghaidatamarketing.com/*
17642ffab3a052d1ffcf41115f287bd6,1156510100,24,ttui.cdrzkj.cn/shouji/*
270e357664825f82c6f154a0859a2b1a,1156440100,1,www.cubigdata.cn/*
2e0902c1d7e3e7636879da091d9ac47e,1156513400,1,www.cubigdata.cn/*
33d18427cf8750ffdca31cc71d0d505f,1156440600,11,ttui.cdrzkj.cn/shouji/*
368e748ae62a126a72b2cae104183937,1156321200,39,www.dashuju06.com/*
377e14988015a6670e06e6f16afa692f,1156320100,2,ttui.cdrzkj.cn/shouji/*
3d2f16411b559441492b3b58c7bd9d04,1156340100,2,www.dashuju06.com/*
3e88e142d2c7e7c482fcf34facff5703,1156371300,5,ttui.cdrzkj.cn/shouji/*
430746e20e0b3e633886cf490b9ec1bf,1156511500,11,ttui.cdrzkj.cn/shouji/*
4828580decf7446ad3063c0f28054098,1156440100,13,ttui.cdrzkj.cn/shouji/*
529b1697f97cd29c39ffb32f16f5ca8f,1156510100,17,www.hzyiyu.com/*
58109ce9ad817c2ed4e976679f2b4aeb,1156440300,69,www.dashuju06.com/*
6f230e023a63a56745725d02ab71f998,1156511300,15,ttui.cdrzkj.cn/shouji/*
76cb29e088b63e484b1706e0dceade87,1156610400,6,ttui.cdrzkj.cn/shouji/*
791d1ea77474a43efd9a2cb644e2c8fc,1156220100,12,ttui.cdrzkj.cn/shouji/*
82baa7335e926243e1c528c1a55f2e98,1156341100,11,ttui.cdrzkj.cn/shouji/*
888bc49e2dae8bab52564d9112ffc405,1156510100,10,ttui.cdrzkj.cn/shouji/*
9209406ab4e74ab46ac35eb0833d25c5,1156530500,4,www.dashuju06.com/*
94f733c2b45dac869e596ee73ef2de4d,1156610100,21,www.dashuju06.com/*
9b97eeae7ec73d671726a50df53298a0,1156130100,18,www.hzyiyu.com/*
a04f23524ba9d60ac20daa7a44458934,1156440600,10,ttui.cdrzkj.cn/shouji/*
a0733c3779187f69ce8f667696d74f9f,1156421200,13,ttui.cdrzkj.cn/shouji/*
a45dc562692aded3f1816e87e46ae315,1156610100,1,www.dashuju06.com/*
a712073568bb4d7340b8291c654fe535,1156340200,3,ttui.cdrzkj.cn/shouji/*
ab50317d7431e60888014c64928dfae0,1156330100,13,ttui.cdrzkj.cn/shouji/*
b42c255a6a36518072d12bb8709d7ed8,1156341600,12,ttui.cdrzkj.cn/shouji/*
b4d9a3145ab35b0d179948c13c386b7e,1156330100,4,ttui.cdrzkj.cn/shouji/*
b7ddde6663886f9d9aa87ea392b54e37,1156450100,3,www.dashuju06.com/*
bb4eb6a01d246ed5097ec9ce994dd8e4,1156420200,2,ttui.cdrzkj.cn/shouji/*
d05701ad30115ff0d57f20ce28321442,1156340100,1,m.mshuoke.com/*
dec4117ff45e824d8d6a1e1085c482a1,1156610100,1,ttui.cdrzkj.cn/shouji/*
e25264ae233c1cb591a230da694840a5,1156440300,1,www.yldatamall.com/index.html*
f20790e9a9ce7f68b2e282287b421b38,1156371700,12,ttui.cdrzkj.cn/shouji/*
f39b3209b1b02c5716c10f811ec670ce,1156330400,16,ttui.cdrzkj.cn/shouji/*
