01582c76fcec9ff08423755271e7df95,1156420100,1,m.saipujianshen.com/*
01d5181236e026377cccb0df08561543,1156420100,26,m.saipujiaoyu.com/*
01e22326f1e97dcdaba0f8f1067f9c8c,1156420900,21,m.saipujianshen.com/*
01f452828d3af22803caf81e12f393cb,1156431100,34,m.saipujianshen.com/*
028bb6d15b3370f27385d19d2c2dbfee,1156421000,51,m.saipujianshen.com/*
033183f2207c4cb6b0cbc83c56031cd9,1156421500,33,m.saipujianshen.com/*
041e283769f0a3b8c6e927d63ac9554d,1156430900,35,m.saipujianshen.com/*
04446cf7be4b14ca659e5d4785245786,1156420700,10,m.saipujiaoyu.com/*
060bb44ee5153862aa19ce1287c2ae50,1156320500,14,m.saipujiaoyu.com/*
0615fcda8785a5d89e8a40d523138b76,1156431300,32,m.saipujianshen.com/*
073109b87055f3c4effcd4267d07dee4,1156420200,11,m.saipujianshen.com/*
0866d246621e734543658748b6935fc8,1156420100,36,m.yazhouxingti.com/*
090c9134efe21b530f0523d894afd8b4,1156421000,16,m.saipujiaoyu.com/*
0945cfa8c795dba341412fa552f4873a,1156430100,1,m.saipujianshen.com/*
09d1eeea4186f552cb1789e23cb725a8,1156420200,33,m.saipujianshen.com/*
0a9029f7aa271126566d99111e62b189,1156110000,11,m.saipujianshen.com/*
0b4099c25b23bf291c6ee4b0e35549f3,1156420900,47,m.saipujianshen.com/*
0ec969fe9d27c53e6787c133a28551e2,1156420900,32,m.saipujiaoyu.com/*
0f21257f75f2571b559bff54290026f0,1156430800,16,m.saipujiaoyu.com/*
0f5c616dc7072536493c268ffe976ce0,1156421200,40,m.saipujianshen.com/*
0f5d6b659b684ead4ed96fac211239c4,1156420100,8,m.saipujianshen.com/*
0feecce3b393961b6c79a3e74ee8f1ea,1156421800,8,m.saipujianshen.com/*
10cdf94b112adda8bbbb30bd1e582fa7,1156421100,13,m.saipujiaoyu.com/*
115289c6f762dc4effb46cf021bb4c5f,1156430700,1,m.saipujianshen.com/*
12070956e56d57e0b5e7555778ab028b,1156420100,21,m.yazhouxingti.com/*
1218b7c38ed608d79e2012f31aa98873,1156440600,39,m.yazhouxingti.com/*
137ec71a46d9874df708970e8f692589,1156420100,3,m.saipujianshen.com/*
13fa8777e49f516f45ec460b4896a926,1156430500,32,m.saipujiaoyu.com/*
141909e7ca908b9b36f2abfa7687ad46,1156420200,25,m.saipujiaoyu.com/*
15d425f9254378276a761a7e56d8c07a,1156431200,55,m.saipujianshen.com/*
15f40ea9c42b205775a1660b847acc15,1156420100,43,m.yazhouxingti.com/*
178fbb81a72005a7392cc8cee153630b,1156511300,16,m.saipujianshen.com/*
1795babaf7ea4de0d32232d5b428f8eb,1156420100,24,m.saipujiaoyu.com/*
18e118ae279b5b2d9d810cdeb0afaf7a,1156420100,44,m.yazhouxingti.com/*
199145bf1fcade6b11c60370cac01c66,1156431300,2,m.saipujianshen.com/*
1b3159d9328afa22e8166a26a138eb27,1156431200,27,m.saipujiaoyu.com/*
1b51ebe8172cc2c7942250299941a2e5,1156431200,16,m.saipujianshen.com/*
1bb238f5eecca8f51111c8d1d4365da5,1156420700,1,m.saipujiaoyu.com/*
1c27a4a762889837125cf578785732e0,1156420500,36,m.saipujianshen.com/*
1ce538f1a38d2f573718b4249157167a,1156431000,16,m.saipujianshen.com/*
1d530253dbe33b01e44eeae4c9b39437,1156421100,21,m.saipujiaoyu.com/*
1dc85d9c90c86505c92a26678c82a7ba,1156420100,28,m.saipujianshen.com/*
1f2910d8f1f9bb2a7cd4af413b7ef18a,1156421600,15,m.saipujianshen.com/*
1fc6c525a264b15480531ede6c7c4082,1156420500,11,m.yazhouxingti.com/*
200f185c2a49d5a2c155f97e331b4264,1156421100,24,m.saipujiaoyu.com/*
20d8c057aa23efdec0b69bc4204be4aa,1156420700,40,m.saipujianshen.com/*
20e807bea619872be0e5d5d75c1fc2ee,1156421800,40,m.yazhouxingti.com/*
239a6a7c92fd697a9eb2e7e973707ab1,1156420200,8,m.saipujianshen.com/*
23a60a41294dcebc0ac4a0679ca8ce01,1156430500,30,m.saipujianshen.com/*
2453975ee0e3ef8dc8cfe9ed5d98d297,1156420200,35,m.yazhouxingti.com/*
2571cb8cd230cc78f0a81612877b7983,1156433100,1,m.saipujianshen.com/*
257c27fe9f9ad280b56d60d98311357b,1156420300,14,m.saipujianshen.com/*
25d54fab7d242eebef9e46d8de05eae2,1156430700,24,m.saipujiaoyu.com/*
264049c67b8a4cfdd566aa443262aa41,1156430100,26,m.saipujiaoyu.com/*
26a3871275b7e82dbd454c64b049af0e,1156420500,48,m.saipujianshen.com/*
27009b8d744b5bbb00ab9f7697e2b54c,1156421800,1,m.saipujiaoyu.com/*
272e2895c78705813086018f00ba0ed5,1156422800,11,m.saipujianshen.com/*
273c9d82ffea45470c3b82f4648cd2d0,1156420100,48,m.saipujianshen.com/*
27a924d8859ad122ad12dd0f0c1f2c05,1156421800,29,m.yazhouxingti.com/*
281c02de4aff9e5311736458a8952a49,1156422800,29,m.saipujiaoyu.com/*
28c65d4d71ea94f2d903e191507811b6,1156430700,16,m.saipujianshen.com/*
296527b4453546da2a5d4e83bac039e2,1156420700,2,m.saipujianshen.com/*
29b8f66ed5eda903c845a2bf1d9cc2cc,1156420100,25,m.saipujiaoyu.com/*
29e1fadc1cdebb0dd84d7c365fea15b4,1156430200,22,m.saipujianshen.com/*
29e506d16cdab22b9f1c6630479ab1db,1156420100,5,m.yazhouxingti.com/*
29e506d16cdab22b9f1c6630479ab1db,1156420100,3,m.saipujianshen.com/*
2c5eae6bac0fc79e734a694c737d66cf,1156431300,5,m.yazhouxingti.com/*
2d37b9009334777116ee15866284bbb2,1156430900,49,m.saipujianshen.com/*
2d4e2963d33e30a61beab7672de4bf0b,1156130200,8,m.saipujianshen.com/*
2e4d171754d7a12a00d75c0c101290b5,1156330700,10,m.saipujianshen.com/*
2ee7a8c72f623942444636179aea75a4,1156410100,30,m.saipujiaoyu.com/*
2f106d5f09a9ac171cafcd67843f5618,1156420900,1,m.saipujianshen.com/*
2f5eba9f8f3970c5d552425fec2bf4ca,1156421800,17,m.saipujiaoyu.com/*
2f8ce9691dd71c4ff7181b7a700bf18f,1156420100,5,m.yazhouxingti.com/*
30c3f4efd15892d773dda5b969f90a52,1156420200,23,m.saipujiaoyu.com/*
30c3f4efd15892d773dda5b969f90a52,1156420200,60,m.saipujianshen.com/*
315a1fdd994eb10f381a07d430b863c0,1156360500,15,m.saipujianshen.com/*
31ac890c88938215f2c00b900a0a662d,1156420100,12,m.saipujianshen.com/*
31f7ede441519ed5900d920064fa0f7d,1156441500,60,m.saipujiaoyu.com/*
323d7d15d1de0efb816e58d2df4312da,1156420100,31,m.yazhouxingti.com/*
329db84d0049a19331fe40017f2d7de2,1156420100,29,m.saipujianshen.com/*
3392e307129557845f26a65cfa8b403f,1156350500,2,m.saipujiaoyu.com/*
3446012f66f67fbac43af75fe3a7b003,1156420100,22,m.saipujiaoyu.com/*
3448cbc25fb098548640ebe46aca21f8,1156310000,18,m.saipujiaoyu.com/*
3592a79ab7a46c56fddf18434e3d0f7d,1156431200,11,m.saipujiaoyu.com/*
35cc7ac05691326a8afc3d7c36575db1,1156420100,1,m.saipujianshen.com/*
3612ac717aea0f919373312966025255,1156430100,9,m.saipujianshen.com/*
364ce7ffa5069905c1e5d3ebb4960130,1156420100,4,m.saipujiaoyu.com/*
37b6971fd5edfab1617d90e3a30b6276,1156420500,37,m.yazhouxingti.com/*
37d7a60711eb1520cd4d8782b169bab2,1156420100,5,m.saipujiaoyu.com/*
3833c6bffd9951d4a222d33fbd2dbf44,1156421100,6,m.saipujiaoyu.com/*
38a195835eba934584c7ea52c83f5a87,1156421600,9,m.saipujiaoyu.com/*
398f3d051f976e6b7b37be8fe91ea4a9,1156431400,38,m.yazhouxingti.com/*
398f3d051f976e6b7b37be8fe91ea4a9,1156431400,28,m.saipujianshen.com/*
39a39c76f36e810252a5f690a8f21568,1156420100,44,m.saipujianshen.com/*
3aa1b06fe7b039cf081a5d1b30901fa3,1156421100,1,m.saipujianshen.com/*
3adc7a24ed47a77621f13db380fd1e84,1156421000,16,m.saipujianshen.com/*
3b241f1e5c99a0079af0c297a0fe15d7,1156420300,30,m.yazhouxingti.com/*
3b9c4dfe4d23f125234fd1ea2d79549e,1156500000,23,m.saipujianshen.com/*
3c7931b5f724a21d0edfabe61e30e138,1156421700,18,m.saipujiaoyu.com/*
3dde90004ad9acc2e78edd64f7d32ab7,1156421100,23,m.saipujiaoyu.com/*
3f6ebc689539aad102e7f9e3a0f4d8c7,1156420100,19,m.saipujianshen.com/*
407b48f1bcb8cd96702079fa72f95718,1156421800,3,m.saipujianshen.com/*
40f19bb9d645098fe51de02ca3f17bf0,1156430100,1,m.saipujianshen.com/*
41db130b6a892bbe73c9d6a6bd93ffde,1156420300,14,m.saipujiaoyu.com/*
43172891d7a58005cb99ce69a38e3739,1156430400,15,m.saipujianshen.com/*
43361b7016c06f73064ee72d91be0c07,1156430200,14,m.saipujiaoyu.com/*
4344c77cb7fab6f30ec5adcdb22fa975,1156652300,4,m.saipujianshen.com/*
43574459db7a8e5cf7f94684614a75df,1156420200,3,m.saipujiaoyu.com/*
435b6cb77ad25813a54c8e21fe5b736b,1156422800,58,m.saipujiaoyu.com/*
43ef37c537cb1bd44920dfc5d2ec2472,1156341800,28,m.saipujiaoyu.com/*
45ad6b0c258f6dcb4bc9dda658026b16,1156420500,16,m.yazhouxingti.com/*
45d9f4b6c148ee855fbafc7d7f003c62,1156430400,19,m.saipujiaoyu.com/*
468958ec18963e67395658fa9e8d7750,1156431400,37,m.yazhouxingti.com/*
46f8c4bb51abc8fe2cd2ce027c912062,1156421500,57,m.saipujianshen.com/*
47ff6ad9719c7d8bf7867d794ec346e8,1156350300,1,m.saipujianshen.com/*
486f32acef6e91211bbb57aca7e3680b,1156420100,26,m.yazhouxingti.com/*
495a46c6bfa41b694931318e9ec6caf7,1156421500,47,m.yazhouxingti.com/*
495a46c6bfa41b694931318e9ec6caf7,1156421500,32,m.saipujiaoyu.com/*
4bbc59c7a55b69a5d0bad0436a2e9bae,1156430100,45,m.saipujianshen.com/*
4f49ce9d9d91d3a136b80f4b133fa7c6,1156420100,37,m.yazhouxingti.com/*
506394d96e335193ce60e26087ea792d,1156430200,1,m.saipujianshen.com/*
53240ed2444ff958e203a88c0b598dc2,1156420300,2,m.saipujiaoyu.com/*
53240ed2444ff958e203a88c0b598dc2,1156420700,5,m.saipujianshen.com/*
53805075d777bfad726a06ecef621a45,1156431200,33,m.saipujiaoyu.com/*
54260a9f4dc68e67e79caa6249e7d2b1,1156430400,40,m.saipujianshen.com/*
5444b6fb2dea2c470f573929fd5acdb2,1156420500,22,m.saipujianshen.com/*
546dcb04adb5f76adba00e820663b035,1156420100,13,m.saipujianshen.com/*
5542adb202b4d6d00c0ea0aa5a35550a,1156420100,35,m.saipujianshen.com/*
55ae6b520257e8794a5e558b630776eb,1156431400,84,m.yazhouxingti.com/*
5768ca90ac682d1a4376c72ba5b3c9c2,1156420500,31,m.saipujiaoyu.com/*
5771d33b73ec3cba0ea2a88cb94876ba,1156431300,31,m.saipujianshen.com/*
582587d17549c26ea054e775aa64c44d,1156420200,44,m.saipujianshen.com/*
58ecb41a58aeaa68ba5bd66097ede7f1,1156421800,38,m.saipujianshen.com/*
590a0f3b92a14486c49d25808fff2f6e,1156420900,18,m.yazhouxingti.com/*
593762aa927171ed5e0285334dcd7a8b,1156420100,15,m.saipujianshen.com/*
59ed7fca82ecee5065100687454a039e,1156430700,40,m.yazhouxingti.com/*
5ad3f0185b69e4f36bfd9ff65b744e6a,1156420800,7,m.saipujiaoyu.com/*
5c0259249831aa64bf690393bc820be2,1156421800,36,m.saipujianshen.com/*
5e97763f8ddcfedaebf51316b5acedec,1156420100,10,m.saipujianshen.com/*
60323efeb8faf7397bce0dfb081ab4f9,1156420100,2,m.yazhouxingti.com/*
6144ef7532ddd6e2e63f0595ed524048,1156420300,42,m.yazhouxingti.com/*
6144ef7532ddd6e2e63f0595ed524048,1156420300,48,m.saipujianshen.com/*
61b4ac61315ed102cc7790f9671091dd,1156420900,49,m.saipujianshen.com/*
61fcecd564e5b98d6669c3f81db5e819,1156421100,2,m.yazhouxingti.com/*
61fcecd564e5b98d6669c3f81db5e819,1156421100,1,m.saipujiaoyu.com/*
61ffb5f9c44940e3deae478fc6051d63,1156430400,11,m.saipujianshen.com/*
6206e05c607cac9b6eae29f1f0fac11e,1156420100,13,m.saipujianshen.com/*
627de600a6e0a887877861b7762d1226,1156430500,26,m.saipujianshen.com/*
6355991df65641c73f62c63256cf1c6d,1156431000,40,m.saipujiaoyu.com/*
63a3806e2349fa46a6bba3bcf7170d7c,1156420100,1,m.yazhouxingti.com/*
63db2bf2135cd7a2b5f32bcec77d4199,1156420100,12,m.saipujianshen.com/*
65b699930d03620a17929daca9186792,1156421000,26,m.saipujiaoyu.com/*
664e5d99330e7fff2d8f771594ad1649,1156420500,12,m.saipujiaoyu.com/*
66eefe1e1a3519aa4f2a9facf500fc89,1156420100,12,m.yazhouxingti.com/*
67619e13382c77358782d5188f6b4616,1156430500,31,m.saipujiaoyu.com/*
67e6c833f04bab75e5cb8184f4285e48,1156421100,6,m.saipujianshen.com/*
690ce54b97a5ac06437d099c22892e2f,1156420100,42,m.yazhouxingti.com/*
694e3b038a82dc289526914c475336cb,1156420100,31,m.saipujiaoyu.com/*
698a911843899a48cb5976eedb95f3b6,1156420200,6,m.saipujiaoyu.com/*
6a4a8d2407e95c33955642f2370a8dd4,1156430100,11,m.yazhouxingti.com/*
6a582df9df78863cad3ca91a63f43680,1156511900,6,m.saipujianshen.com/*
6a87f7db6b365f56558a218abacd41e6,1156420100,12,m.saipujiaoyu.com/*
6ab08cd306bd7c45e393b4c196c793f4,1156420100,24,m.saipujiaoyu.com/*
6bef337a26bb4c650ba8df82982672b3,1156421800,2,m.yazhouxingti.com/*
6c1220751483e461fd7de2dae93d460b,1156360100,60,m.saipujianshen.com/*
6ce3b97bb4031a9f335124c07e89db94,1156420100,29,m.saipujianshen.com/*
6d06bb0b45d945c0e1856dea6fbf331b,1156430100,21,m.saipujiaoyu.com/*
6e10eb52ce42211e656ee74ce5c20a6f,1156422800,26,m.saipujiaoyu.com/*
6e8485eaf36bb05c77eff6ac9ba6aed1,1156431100,25,m.saipujiaoyu.com/*
6e8b5a87af3341a51eb0f9e6234b9a70,1156420300,16,m.yazhouxingti.com/*
6ee7aa061a8045b43a02f3bd6ac4bf3d,1156420300,1,m.saipujiaoyu.com/*
701a6845f0acb5ae13c6a1665fb5409d,1156430800,17,m.saipujianshen.com/*
70d42f12d9529a0f5465b60837d2981e,1156430300,35,m.saipujiaoyu.com/*
714bdea9e774091e602d2d13feb086fd,1156421100,2,m.saipujianshen.com/*
71a81b1bf36f2c816e6fe558d84b0939,1156430300,16,m.saipujianshen.com/*
71f2d2afe7c49891d5b2bec7b24f8b23,1156421000,10,m.saipujianshen.com/*
7211b3e8dfa007d8aefe4af87e46a8e4,1156431000,2,m.saipujiaoyu.com/*
723ee5c070b87d09c266bf5b70ed6783,1156430800,15,m.yazhouxingti.com/*
7263829316667517f3676678836e22bd,1156430400,4,m.saipujiaoyu.com/*
72ae48687e5118bf92dfa08e0dbc658d,1156510100,32,m.saipujiaoyu.com/*
747a2886011721667dfa3791bfd9e95c,1156511000,18,m.saipujianshen.com/*
759986de601908afe017c04e37845268,1156420100,14,m.yazhouxingti.com/*
759986de601908afe017c04e37845268,1156420100,71,www.dyjspx.com/*
75f975579fad68efdeaeb42e8212b9c8,1156420300,21,m.saipujiaoyu.com/*
76c66729a1f1d8705ae26503584e14da,1156360800,28,m.saipujianshen.com/*
770f0d308bc578366fa987b02eabe1a5,1156420100,16,m.saipujiaoyu.com/*
779a89db9ba510852850ba88e9c873c3,1156511300,32,m.saipujiaoyu.com/*
77afd4b174bd568607d6a3aadb71a4bf,1156420300,4,m.yazhouxingti.com/*
77afd4b174bd568607d6a3aadb71a4bf,1156420300,1,m.saipujianshen.com/*
77ddb002acca6ba2f7568ab67e403b31,1156420800,48,m.saipujianshen.com/*
782048e0fed7de340cec570703b557d3,1156430900,29,m.saipujiaoyu.com/*
7893a6f9e56226337e3417a24526e21c,1156431200,5,m.saipujiaoyu.com/*
7908e2aca895a14ff7a6a132c55023b4,1156430400,1,m.saipujianshen.com/*
792938b12e9e5234e1cef2693a2bde5c,1156421300,7,www.chuangtijianshen.com/*
792938b12e9e5234e1cef2693a2bde5c,1156421300,7,m.yazhouxingti.com/*
7a7665f353acfe96c90fa93b58f8e093,1156420100,35,m.saipujianshen.com/*
7b1adc0466bdf3a5a228b78cc131fc73,1156410700,39,m.saipujianshen.com/*
7c1d4edc5963e58ae73c47237a257212,1156420200,35,m.saipujianshen.com/*
7cdbbd3e7796fe7722bb191e86f96655,1156420100,30,m.saipujianshen.com/*
7e5dc80a1e8e1617854f9a10a369988c,1156420200,1,m.saipujianshen.com/*
7e6ba5504ba6705245df21925b4ac1e4,1156430500,43,m.yazhouxingti.com/*
80271dbd3255612fe9734194f3618044,1156420900,11,m.saipujianshen.com/*
80493742c255e432aa6a4f7b47f41834,1156421200,19,m.saipujianshen.com/*
8132489824cbb597533ec148c0f58c40,1156350600,74,m.yazhouxingti.com/*
816dff5a702e31180a49fed40b12015b,1156421200,4,m.saipujianshen.com/*
83190234dc9a7079ffa67f0500b7c669,1156110000,23,m.saipujiaoyu.com/*
8346e21150aa855a78b6d2c2e665fc70,1156420100,24,m.saipujiaoyu.com/*
8369b89169c583563b0d57f47b1ab154,1156430100,19,m.saipujianshen.com/*
83a654699a44b8005eb3929d6ac6e353,1156500000,2,m.saipujiaoyu.com/*
8439bf7a5c782c32ac4f965876d9718f,1156430400,1,m.saipujiaoyu.com/*
8597e326563cdacd2d14beff0dde2a37,1156421800,20,m.saipujiaoyu.com/*
8727a18c8e86ec3b66a51836dab578ec,1156420100,8,m.saipujianshen.com/*
872c64e6acd2d2309b0213e2f5e78bc3,1156421800,6,m.saipujiaoyu.com/*
87a66747bd7d2d97039b09bcddb8a7bc,1156421000,30,m.saipujiaoyu.com/*
884666f108a293a594a2836faaefe0ec,1156430200,29,m.saipujiaoyu.com/*
88aa220128658048a9d05128adb6dd5e,1156430100,5,m.saipujianshen.com/*
8ba76a2ecc3d0513dcaeeb6f3662c80a,1156140100,33,m.saipujiaoyu.com/*
8c96f5f9eb8c6c9fe5991ae86664a540,1156420300,42,m.saipujianshen.com/*
8d4a59a42c476e12cb0add88f9ae3c1e,1156430900,29,m.saipujiaoyu.com/*
8dbd7cfea6782f7d1bd43dd997b5b322,1156431100,31,m.saipujianshen.com/*
8f8745c9b70deaba3af68071553a2346,1156420100,27,m.saipujiaoyu.com/*
8fd33310fac3a8d4c31bb01daa138213,1156420100,9,m.saipujianshen.com/*
91357c4519284110b6336a033c3affb0,1156430600,20,m.saipujianshen.com/*
91b96a914430b8c35e3abc3faaf1f7e4,1156420100,10,m.saipujianshen.com/*
91eb225529794fc7dc38d70708ab3b1f,1156430400,2,m.saipujianshen.com/*
92a28968a26b80983b2ea4092797fce3,1156431200,18,m.saipujianshen.com/*
934b8869b2d34682c11699e629a7c20a,1156421800,34,m.yazhouxingti.com/*
93fddf8a0ef08982a9ef3dfbd3dbfba2,1156420100,17,m.saipujianshen.com/*
950ef67f9d19457c1c774529714294e7,1156310000,8,m.saipujianshen.com/*
95a22d0383fb54dce60d11c14028975e,1156420300,5,m.saipujianshen.com/*
963a481f8016c394e1a8b2757f1c416e,1156430800,43,m.yazhouxingti.com/*
97c4ba6d1f73a66f767a4e1842dee450,1156420100,12,m.yazhouxingti.com/*
98a557c4ae71b82291d39ac7277c0b0d,1156450100,42,m.yazhouxingti.com/*
98c9eb3415181fb483dc6fb10224e874,1156441300,52,m.saipujiaoyu.com/*
997814975c3a333a22c146ceba563075,1156420100,25,m.saipujiaoyu.com/*
99e72ac2985462b8ad0c89ecb9aecbf1,1156430800,19,m.saipujianshen.com/*
9a3963431079d7d8cf0fccafe41b51b3,1156421400,1,m.yazhouxingti.com/*
9a3de4141b9d52be3cebd2b9cf0b4e4f,1156420100,37,m.saipujianshen.com/*
9a7d8d7062d6c580b4b3ac5fc7b3ba59,1156430700,1,m.saipujianshen.com/*
9d6fc01690f8245074ce9c386bf13f94,1156420100,1,m.saipujianshen.com/*
9d7a9149202bd676dcea7db609889f66,1156431200,7,m.saipujiaoyu.com/*
9df7b7d0a53c12431f038df3953a33a1,1156420200,6,m.saipujiaoyu.com/*
9e283ca26538ac224c49acfaec49ef5d,1156421100,19,m.yazhouxingti.com/*
9ecf62cbf5916efb3d58fd4e37778f64,1156420300,45,m.saipujianshen.com/*
9f6b97b6f39d765f2f7380359371a292,1156430100,11,m.saipujiaoyu.com/*
9f6b97b6f39d765f2f7380359371a292,1156430100,2,m.saipujianshen.com/*
a0444d7f6965da00c1215709d9fdcc1f,1156420200,24,m.saipujiaoyu.com/*
a070665bb4175fd604356a34bb605cec,1156420100,22,m.yazhouxingti.com/*
a094dc516fbb7620e6324972395f49e9,1156430800,8,m.saipujianshen.com/*
a0a36a367289b8b28a40398ce080cb49,1156420100,26,m.yazhouxingti.com/*
a0a9a079f9d1e028a34904449f512136,1156421800,16,m.saipujiaoyu.com/*
a20c6e9a2660ebff3ce9f03c57e68f78,1156420100,31,m.saipujianshen.com/*
a2c814fff248fc3dbf6684922ce55245,1156440600,2,m.yazhouxingti.com/*
a30afb4551de00e053235f0f617df7b6,1156421800,2,m.saipujianshen.com/*
a34256252dd747c85c142f0f75da3933,1156420100,19,m.saipujianshen.com/*
a42ddd1665fb516b2179ff20bc38bf24,1156421300,33,m.saipujiaoyu.com/*
a46b6da6f7b114ce817fda8714559c3e,1156330400,4,m.saipujianshen.com/*
a5c7621320a11670e1b64ba7f89b7227,1156420100,9,m.saipujiaoyu.com/*
a6681ba1a777a39602891ba3554f7c9f,1156422800,1,m.saipujiaoyu.com/*
a68d3a5a5f7a4ee338e62706f0cca8a7,1156420100,38,m.saipujianshen.com/*
a69a4db20de6c1f91d51eb8d4ecbfe1b,1156431200,40,m.yazhouxingti.com/*
a6ba46196fa5471d71b526a0fbda710e,1156430900,2,m.saipujianshen.com/*
a757efe68e44d78317233f5e11d2b131,1156421400,12,m.saipujianshen.com/*
a7685ea271883b1b5db6b7a47d43d542,1156421800,33,m.saipujiaoyu.com/*
a8285a6b8deb39831feb38da652d3f59,1156420100,16,m.saipujianshen.com/*
a8371dd40d1a4739f594a136bc29a577,1156431100,64,m.saipujiaoyu.com/*
a89ae5551392d19072acd27b0ac41412,1156422800,5,m.saipujianshen.com/*
a8a6a0a4eb245549dbbb0e38607e9390,1156421000,41,m.saipujianshen.com/*
a9d1cd0b5c867e4f871fb8134da82745,1156431100,34,m.yazhouxingti.com/*
ab054fa69945a827502d2db7384bbd71,1156421100,10,m.saipujianshen.com/*
ab0dd90860a7c34bedf4285bdac5b334,1156431000,39,m.yazhouxingti.com/*
ac587c356e59bf55c4455962d20072f1,1156420100,31,m.saipujiaoyu.com/*
ad25b8a144d474abf27c661a182bcb82,1156330400,23,m.saipujianshen.com/*
ad553b862be03550ebfc20d74c645032,1156420100,20,m.saipujianshen.com/*
ad6d3a9aa033ee4dbc42ed82dc66f001,1156430400,2,m.saipujiaoyu.com/*
ae3967b6f671305cee611a03d86f0107,1156511700,38,m.saipujiaoyu.com/*
ae4382210c194f5f3b3b1f5990e7beaf,1156431300,14,www.feibaojianshen.com/*
aeb4af2485036b04c3c660ece3f46e58,1156510100,7,m.saipujiaoyu.com/*
af5cfde02c46ebb11304d3a716826bc9,1156430700,77,m.yazhouxingti.com/*
af7a0033897ca249f6de9727ac24f4c2,1156410100,22,m.saipujianshen.com/*
afb5df465684ccf10059e3312387c892,1156321000,40,m.yazhouxingti.com/*
afc9b01efd4f777ce98e26a1d8494d88,1156360100,30,m.saipujiaoyu.com/*
aff209a40da42a29d09bf96d41cd3d57,1156421100,43,m.saipujianshen.com/*
b162c3506381ea1ef46e0366af376340,1156430600,9,m.saipujianshen.com/*
b1de17fa16de7c525c8aa57dbe608f98,1156420100,12,m.saipujianshen.com/*
b1f554ebe11efc9edec327758214a3fa,1156420700,23,m.saipujianshen.com/*
b1fdfcdb96dea2556c670113ba4aaaf8,1156420100,49,m.saipujianshen.com/*
b2901ce041e1b3b58c4f07b112816930,1156421500,7,m.saipujianshen.com/*
b3e81045a7903e5ea1e2205a0032fb55,1156420100,48,m.saipujianshen.com/*
b3fb1037df8c0e4d0a4791254016c063,1156430500,17,m.saipujianshen.com/*
b449136ebd2c05192e9936bf4c75b11c,1156430100,9,m.saipujianshen.com/*
b935cb8a6e70b123b58c2f3b11fd8c1a,1156422800,13,m.saipujianshen.com/*
bb40a90c29d7b265c2291ba73176e208,1156420100,19,m.saipujianshen.com/*
bb40ec144802d365fbf1cb14d07b05be,1156430400,2,m.yazhouxingti.com/*
bb477877e19652cac330bde39d33caa3,1156320300,6,m.saipujianshen.com/*
bb9fd334f2a45d39b88e145d21939be2,1156431300,5,m.yazhouxingti.com/*
bdb45ee87a4d81d02fe5350d3085abd8,1156421400,10,m.saipujianshen.com/*
bdb66c65543eefb3223c54d0972c79ae,1156511900,31,m.yazhouxingti.com/*
bdd88a72061c5bf892a51d5bf5199f0d,1156430100,36,m.yazhouxingti.com/*
be03f592a76c0fb276e4c107f0c70423,1156421400,29,m.saipujianshen.com/*
bf3dcb6f5fd502ef96e630ade01ce528,1156420100,48,m.saipujianshen.com/*
bf8a726e399828630cba42bd2671b3cb,1156420100,26,m.saipujiaoyu.com/*
bf9a33af36e407586b04bbc7c0d1b2e7,1156420100,32,m.saipujiaoyu.com/*
c023743f3541899ce73ac0c531027e20,1156420300,62,m.saipujianshen.com/*
c023743f3541899ce73ac0c531027e20,1156420300,77,www.feibaojianshen.com/*
c0681b3b895c27517c1c15ec7005c51a,1156431000,13,m.saipujiaoyu.com/*
c0714870e851e9f62662fd2834d1f3d7,1156421800,14,m.saipujiaoyu.com/*
c0d3493202483e352f2c362419e9074d,1156420500,12,m.saipujianshen.com/*
c17c3a391cc678c617a1dca8ed9af945,1156331000,4,m.saipujianshen.com/*
c1eb8ad96a8fed537e6a7a687093d4c7,1156430700,50,m.saipujianshen.com/*
c296c23c872b75f961470d8b9213c7cc,1156420100,2,www.feibaojianshen.com/*
c2d951e3c11af2a39f28812ced432315,1156420200,30,m.saipujiaoyu.com/*
c347df21baa02d619154dd5dc5f8d4fd,1156420100,11,m.saipujianshen.com/*
c4c40087fb751b45d49fecc669bac881,1156420100,28,m.saipujiaoyu.com/*
c61d5752dc2739f102306160a37e2749,1156420100,1,m.yazhouxingti.com/*
c6b95b47d6ab562ab7e0045a780f943f,1156421800,1,m.yazhouxingti.com/*
c6f1b769dc536d7b331d13a4c2111630,1156420500,3,m.saipujianshen.com/*
c6f9c0ac9eecab8478e90e1f592bee84,1156431100,11,m.yazhouxingti.com/*
c744ccbbf94c118473e90567f5b08c31,1156421200,14,m.saipujianshen.com/*
c7e36031df1ff810dde852f95671a2a0,1156420500,4,m.yazhouxingti.com/*
c83096fd8190a4cd351a13b47abdb64d,1156421700,22,m.saipujianshen.com/*
c97a332094c7b79c1063ed73f046e1ee,1156420200,26,m.saipujianshen.com/*
ca513873ba17573bc8721424cbd1be9d,1156510100,32,m.saipujiaoyu.com/*
cac8e614d53d5863e4f27ad4df7b9e29,1156430600,17,m.saipujianshen.com/*
cb2793d794996ada77cdc7d389157c08,1156422800,3,m.saipujiaoyu.com/*
cef8b7bd6d766c20a301e117848676ac,1156420100,32,m.saipujianshen.com/*
d08954087b95ddbb6c56a91fe45cf2cd,1156321200,34,m.saipujianshen.com/*
d0c0629e7b72e8724ce81eb1ec3ab1ff,1156511000,32,m.saipujiaoyu.com/*
d1bf6924f77f273a662a57f7be2af803,1156420100,3,m.saipujianshen.com/*
d1c9b6cefbb0551a792b3e7a84992905,1156441300,1,m.saipujiaoyu.com/*
d21ea057118981650171a3ea4aeb9807,1156330100,21,m.saipujianshen.com/*
d321d68e538b35fd671f2c9d794af857,1156420100,25,m.saipujianshen.com/*
d32a351498fb198c125918ff47341933,1156420100,12,m.saipujiaoyu.com/*
d39638c4bf8b523cc445fdae2e9a1562,1156431200,1,m.saipujianshen.com/*
d3bb6732a6ef812bb9be5df5074435a1,1156433100,16,m.saipujianshen.com/*
d3c58bccf3717a121ac056c55678ca82,1156430400,35,m.saipujianshen.com/*
d523ae744702836787a1bffba7b44e16,1156420100,28,m.saipujianshen.com/*
d61f6f1f58276bfe19f8c240df3b84a1,1156420100,1,m.saipujiaoyu.com/*
d68db62e0c902b36cc79e336ad9548d0,1156431300,22,m.saipujiaoyu.com/*
d96b9ae54c1322ad53b01ec38a4c55f6,1156431100,30,m.saipujiaoyu.com/*
da64a97a3ab45bdc61682da96ebf1173,1156430800,35,m.saipujiaoyu.com/*
dab207fc027dda8845d29eb311c3cb23,1156431200,8,m.saipujiaoyu.com/*
dab690b4c840f512831b3a66e1f94819,1156422800,16,m.saipujianshen.com/*
dc1128e8c58f70b27948403389256b15,1156421200,26,m.saipujiaoyu.com/*
dc1cc44b4fbb2b0d83778c0ff6e1491e,1156430800,23,m.saipujiaoyu.com/*
dd92b0aa6430c0a185b0df9e1e1658dd,1156430100,32,m.saipujiaoyu.com/*
dda2c02928d32f975345c835d608e63f,1156430700,1,m.saipujiaoyu.com/*
dde6d26ad2223d4de59832a4232fbaa3,1156431200,43,m.yazhouxingti.com/*
de210148fea3391499ab6732f77912c1,1156430100,15,m.saipujiaoyu.com/*
de330e48ef5d04a76c5d30a128e1ea54,1156420100,45,m.saipujianshen.com/*
de82a5c1ba516017c8ce65783682ae69,1156370500,12,m.yazhouxingti.com/*
e0418ccee64cad1ecfcecee22f085021,1156430200,1,m.saipujiaoyu.com/*
e080fedfb8ad6ef2c1056005ae437bc8,1156420100,9,m.saipujianshen.com/*
e0cbb8608273bc7fd2bc3d760c28a70e,1156430100,1,m.saipujianshen.com/*
e135c167c4e8d7ff263536bd9e1cc015,1156421300,14,m.saipujiaoyu.com/*
e1bd9061f572b47b04a6ef9d63d4fff4,1156430700,49,m.saipujianshen.com/*
e201f98fe11b15322442dffb39657702,1156520500,28,m.saipujianshen.com/*
e236ecfdcfeb801fb4899f604781632e,1156431000,1,m.saipujiaoyu.com/*
e24fae661874642b874dc6eddbccfb13,1156420100,10,m.saipujianshen.com/*
e2b25c8ff920bbbb3291e8a4d08e7806,1156420100,27,m.saipujiaoyu.com/*
e2b84bf0f062aed58391dc57d96b26f9,1156421800,43,m.saipujiaoyu.com/*
e3786624178be81f858cc37c4a786ae8,1156370800,14,m.saipujianshen.com/*
e3ded2e7a8e045605c7c32383b783953,1156511600,9,m.saipujianshen.com/*
e439a84ba909f5d4106c1ed903fc0441,1156422800,18,m.saipujianshen.com/*
e505fa4de19b2e2f3ff704dd6b555565,1156330300,52,m.saipujiaoyu.com/*
e53747b0273df39f5e4cc5b88c7da4d5,1156421100,16,m.saipujianshen.com/*
e744e051b6c866f90d62033b161e9934,1156420100,62,m.yazhouxingti.com/*
e8165e7a6864b349f12d638851e5dde3,1156420100,36,m.yazhouxingti.com/*
e8165e7a6864b349f12d638851e5dde3,1156420100,67,m.saipujianshen.com/*
e818d616e1c9d3eba5d520ef87dc3e78,1156420100,9,m.saipujianshen.com/*
e8318d54766ced2a5a1f2518c98b305d,1156420500,6,m.yazhouxingti.com/*
eb14a52a32e2ecc4934a06e2acb12a2e,1156430500,2,m.saipujianshen.com/*
eb2d1742bbd75fe1a801fa528c009f6b,1156420300,16,m.saipujiaoyu.com/*
ec10acaafc72648a73f6714144a48a06,1156420800,18,m.saipujiaoyu.com/*
ecc8bcb3f866e6a6de94dcdacf477197,1156421100,3,m.saipujiaoyu.com/*
ece4a258b4d82d074da707be401f8b5a,1156430100,49,m.saipujianshen.com/*
ed6973fc756ae1c47a453b3a2c1f52a9,1156430500,28,m.saipujiaoyu.com/*
edc329940b9bb061b147d06950aaf09e,1156511800,16,m.saipujianshen.com/*
eded183c85d40d4884906810cf499b30,1156430600,47,m.saipujianshen.com/*
eea509ddce9db07e5ed665368446d916,1156421100,50,m.saipujianshen.com/*
ef58dfc146a89e3cec8ecd0bb8f1dbf4,1156360300,21,m.saipujiaoyu.com/*
ef601296d1424b4de74bcd7673fcb603,1156330100,15,www.feibaojianshen.com/*
f0f1eec18edf8502b5a092a369bb9a2a,1156420800,1,m.saipujiaoyu.com/*
f1e9c98425b18ea38fb75ea31f20a23c,1156421100,21,m.saipujiaoyu.com/*
f2975e572785de029ffc82ab1003b48d,1156420200,11,m.saipujianshen.com/*
f2e45bedfdf6ddb966e1277223b56ac0,1156431200,1,m.saipujiaoyu.com/*
f32561f53f45111eebc819915b408390,1156430100,11,m.yazhouxingti.com/*
f3f728cec423ec7c7e0bcb1876eff164,1156420200,39,m.yazhouxingti.com/*
f47e16a7b4b89cc07502314596b7a5cd,1156421000,35,m.saipujiaoyu.com/*
f619ee6bec70b3ba0f939ffb300142c6,1156421100,10,m.yazhouxingti.com/*
f6cd03c988370b40c64c824950a9e0b8,1156431200,25,m.saipujiaoyu.com/*
f7aec3732dbf07af9f8094dfc3ffbb3c,1156431200,17,m.saipujianshen.com/*
f7c0d8b834c7e7b6b4b6e37ff9126a1f,1156431000,45,m.saipujianshen.com/*
f7ee0b6f6cdb75667727efd425e7d53f,1156350100,1,m.saipujiaoyu.com/*
fa92f92a7bb8d78eb423079bccf04eeb,1156420100,11,m.yazhouxingti.com/*
fb7e9c3d689ddb62dc4ba110dc875798,1156420100,26,m.saipujianshen.com/*
fc8e96084ab15e5514094a11a326812e,1156422800,5,m.yazhouxingti.com/*
fcfa3f24f81cb51be4d0db8af8b3a08d,1156430100,18,m.saipujiaoyu.com/*
fd10f4f4af47f5eb89beb6e67de1192d,1156420100,40,m.yazhouxingti.com/*
fdf62fa110de01552dfb0ef675377174,1156420100,4,m.saipujianshen.com/*
fe3a5cc23911a0efe8b818ea28d914d9,1156422800,15,m.yazhouxingti.com/*
fe73d09d5e83c99387876afe1f78cb70,1156510100,50,m.saipujianshen.com/*
feb7866b214c4da6bc4960af4f36bb33,1156430100,26,m.saipujiaoyu.com/*
ff052b8d68b0cef0b473132945bcb2ab,1156421100,1,m.saipujiaoyu.com/*
ffae73321a4115e338f76bde3ad8b042,1156420100,8,m.saipujianshen.com/*
