01b21950ecba0ec861394e378e1df9c2,1156120000,1,m.to8to.com/*
05bd97d883779346bdfe1ad972ae411c,1156120000,1,m.to8to.com/*
0807b399ef93fe2b908b502c76aab9d6,1156120000,1,m.zhuangku.com/tj/*
0f6471b61e8e093ad21450e89775b8b2,1156120000,1,m.to8to.com/*
113efda7d61b59b4b3a6787ecdf65105,1156120000,1,m.zhuangku.com/tj/*
12cf3599e91282685bcaf34d796dd926,1156371400,2,m.to8to.com/*
17401911f3a2dd51f06dd9e910ad9ad8,1156120000,1,m.sp.17house.com/ac/tianjin/*
194f8bd070157563341fdd0d76c46bc7,1156320500,1,m.to8to.com/*
1af842565ff2a0456481427997f56890,1156120000,14,m.shj.cn/*
1b5188ed755d387b75a6fec540b0ff91,1156120000,2,m.to8to.com/*
1c931620817561f78db9a5ae7dfa65c5,1156120000,1,m.to8to.com/*
1e84eb9ffb9cf4ffe1943076a0b43d56,1156120000,1,m.to8to.com/*
201d9996fa032456454e6e2b3f6c57c1,1156120000,1,m.to8to.com/*
20cdfa23ddcb021f4786e389361e64a0,1156371400,1,m.to8to.com/*
240466564e6f8c101670f3fab1fb0445,1156120000,8,m.tj.shangceng.com.cn/*
26afb9fb7b841ec1126cc10e2b689147,1156120000,1,m.mjia.cc/*
2d9bf9fff809f54757acc9224efb669b,1156130300,1,m.to8to.com/*
331def6677bb1785e60a0d18c19ac881,1156120000,1,m.shj.cn/*
366703f4bcb58156de2c03272db373d0,1156510100,2,m.qizuang.com/tj/*
37f687bd0d302d6df5ea8aea1fb859c2,1156120000,1,m.to8to.com/*
38314505b51c9d659e84c0e013570617,1156150100,3,m.to8to.com/*
3b18de5c13d95e4ce89585310422ed05,1156120000,1,m.sp.17house.com/ac/tianjin/*
3eb813c869693961a5b5e62d2ca2dd6d,1156120000,1,m.to8to.com/*
3f57ee286196e56cf2accfaec18c288f,1156120000,23,m.yz-china.com/*
45c084fd9635b22f84244b979e26aec2,1156120000,17,m.mzhujia.com/*
483e6ffa83f8cb785af779ea8c3704d9,1156120000,1,m.yz-china.com/*
497022dccfd11e674277bcf5aaf67cc3,1156441300,2,m.zhuangku.com/tj/*
497022dccfd11e674277bcf5aaf67cc3,1156441300,2,m.qizuang.com/tj/*
50f7b74708776652c642e55792a66d7c,1156330400,59,m.yz-china.com/*
5279cd6b58e413c6732569458f50b9a6,1156120000,1,m.to8to.com/*
57e08b8eb2f8bb74b975ba0d2f185a7c,1156120000,1,m.to8to.com/*
58435e61f5d76451abe6ef600a7d424f,1156110000,1,m.mjia.cc/*
591c3be2d13a2a1818355b832b23e743,1156120000,1,m.zhuangku.com/tj/*
5990098e2659a88a04483aa7579ae942,1156120000,1,m.mjia.cc/*
5d738cf04cd5dd8a9a4969925b0cdefb,1156120000,1,m.to8to.com/*
60624ccd3be52b6fed7dd91035124f58,1156120000,2,m.shj.cn/*
62812e062a91ded37def7589b02af836,1156371400,2,m.to8to.com/*
63bc8608ec2df1b51af7016b21102f61,1156120000,2,m.to8to.com/*
653471e85a20f9067dc1ae332da81355,1156120000,3,m.shj.cn/*
6815c3f22e7da5f7051182923d5d8269,1156120000,2,m.to8to.com/*
681d21fbf9e73695e4df91aa6eaafd82,1156330500,5,m.to8to.com/*
69eda181bf2a5b2ed10899428bf812cc,1156120000,1,m.shj.cn/*
6a5969fef3a24ca0c74bc8b70b3a5957,1156210200,2,m.to8to.com/*
6ed5be1ff2661247c91697aad07c8be1,1156110000,1,www.longfa.com/index.php*
701e12be3ef2e63cf494759a93124531,1156120000,21,m.tj.shangceng.com.cn/*
7129b69045d110495d0485dd62990d53,1156610100,1,m.yz-china.com/*
72a9036ce64fc1dfdddd434e8b129fd8,1156120000,21,m.tj.shangceng.com.cn/*
72d1f028d495b251629dff7d4b3a4576,1156120000,1,m.shj.cn/*
7351b16a7df3186dc1945d5a2a1794eb,1156130500,70,m.yz-china.com/*
74db6af6aa9bba60743914ab2d4ded94,1156120000,2,m.shj.cn/*
75c40bf3c68fbea502d3ae3ba1a7c06e,1156110000,18,m.shj.cn/*
787d4de58ea60323bee23b709f0a8bae,1156120000,2,m.zx123.cn/tj/*
78e74c01c403db386efe932797818de7,1156130400,13,m.yz-china.com/*
79623987596862111f19085ea39729ac,1156120000,1,m.to8to.com/*
79ab5649b91d6c6e9fec9858860e77ed,1156120000,1,m.to8to.com/*
79c44f3760e24904a7e16b3ac24509b2,1156120000,1,m.to8to.com/*
7f5245740108af17605c1a9e148e6b9d,1156120000,4,m.shj.cn/*
8173074a6e674b656679b3a8c80078a8,1156120000,1,m.to8to.com/*
835359e4b05cae31481dfb00e137c61b,1156120000,1,m.to8to.com/*
83bbc8ebea22f109f3477917bc965ab8,1156120000,2,m.shj.cn/*
849f559ac0d880a65b24f5c9589968de,1156430600,1,m.qizuang.com/tj/*
8d7dc4f66e4ca5c4c2a1463074233fe6,1156130200,1,m.to8to.com/*
93174acc1afa4408c9b8620bda2e81f4,1156120000,5,m.shj.cn/*
989dd7d424a3f7d692be70f433297ef7,1156120000,1,m.zx123.cn/tj/*
99cec38a8b41ae098fdd18349360c9cd,1156120000,1,m.shj.cn/*
9e65835e031ec6b9a01b8e1e264e1dca,1156341600,58,m.yz-china.com/*
9f921e70b6c4e449d921fa4d6d257c9e,1156120000,1,m.jia.com/tianjin/*
a002f5b9f72bdd3335e242ec3055437f,1156110000,1,m.shj.cn/*
a49ce046e8717a04cd9bdbdc1ec7826c,1156620300,2,m.to8to.com/*
a52360cfa7a62399d744c3ef23f44f41,1156120000,1,m.zhuangku.com/tj/*
ab289c3a7e652cce50df38d3473c38c4,1156110000,2,m.to8to.com/*
b28f91a1084f5088b8c586a75b020775,1156120000,3,m.shj.cn/*
b28f91a1084f5088b8c586a75b020775,1156120000,23,m.mzhujia.com/*
b69656ca71df1234a76734a33f499669,1156120000,4,m.zx123.cn/tj/*
b74046fec27d4d6615b1e1098821ac81,1156120000,14,m.shj.cn/*
bb1e98e76a6ff3d7d55330ea0f78d5e5,1156120000,1,m.to8to.com/*
bd1575658c9b2b21951288d8b8157a40,1156120000,3,m.yz-china.com/*
bd54cc74710008434f96553df2dd6808,1156120000,5,m.to8to.com/*
c03aca6a9a506d12d801a650c0198bb3,1156120000,1,m.jiazhuang.com/*
c6bd5bf093c38d540f9069d7812e4db7,1156120000,30,m.yz-china.com/*
c8b24fea22636d93cf46d9575d49fd17,1156120000,1,m.to8to.com/*
c8f93b2c8aa2fd0ca81bbdcdd021bd3b,1156120000,1,m.nb.17house.com/zhuanti/tianjin/*
c981409980bd6ad2dc4a2febe374e5c7,1156120000,22,m.yz-china.com/*
c98ad01d5f8d69881bb0668cbb324f63,1156330100,1,m.to8to.com/*
cb98af2f40bd81ad2f3e4ef4597abde7,1156110000,1,m.tj.shangceng.com.cn/*
cf0671ea41b15169eac616ffc32bf650,1156120000,1,m.shj.cn/*
d16cc2e2193ef2426b8d4114ee53dc32,1156120000,1,m.shj.cn/*
d295f58befc3875bd9210b6ef287e540,1156320900,1,m.jtljia.com/
d3e661295658930bb6c206bd7c131f91,1156320600,2,m.to8to.com/*
d9989ee2b53b7b6e86fc1433fb62946c,1156371400,4,m.to8to.com/*
db1599af1fca543c9e722dda7cb075fe,1156442000,5,m.shj.cn/*
de659f4adeecb96caf0c5b924ce70d87,1156120000,1,m.zhuangku.com/tj/*
dfd5bd88ff608f201680e7c39febc922,1156120000,1,m.jiazhuang.com/*
e3b36f0735bd39368a97d989d746f4d5,1156120000,1,m.to8to.com/*
e8148535e3e0c85bf862c9e2e61daeb6,1156131000,8,m.shj.cn/*
edc239600d2f1adfb5c5b5fff4f012f3,1156120000,1,m.to8to.com/*
ef87707765acc15bfaf46fa3f02b57b3,1156410800,3,m.shj.cn/*
f34f0a11ca606183cae857aa2631d955,1156120000,5,m.zhuangku.com/tj/*
f6de8818ae4207bdd0a43562725c9c0d,1156120000,1,m.to8to.com/*
f8b4ab0d3148b2da0c6d5a02873854a0,1156120000,17,m.tj.shangceng.com.cn/*
f9bd4f4487d708f8733da02d4d42e15a,1156120000,1,m.to8to.com/*
fa1c4384dc38da92d48633033e7ea343,1156440600,1,m.to8to.com/*
facbc18d06e3a6670f4aeff60c85f3a4,1156120000,1,m.nb.17house.com/zhuanti/tianjin/*
fc443a062a2a5be294e815ded3a5ad46,1156120000,2,m.zhuangku.com/tj/*
fd0c32483208d7286d0816340922a36e,1156522200,24,m.yz-china.com/*
