005b04f25b1b17b08496736eab8a4393,1156610100,10,xa.bhjzs.com/*
00cdfe11f3e85133705644dcef0600d4,1156610100,7,www.wuyouzhuang.com.cn/toufang/h5/*
01cfe66473c359376dd431d319cbcfad,1156610100,1,m.shj.cn/*
01d215677f9ab6a0ae2f9a21d751bd5f,1156610100,3,www.wuyouzhuang.com.cn/toufang/h5/*
01d57dca99d3969d09c21d951de9f68e,1156610500,122,xa.bhjzs.com/*
03b7a26617c617ae2c90fa2f570251a7,1156511000,32,m.cdzpg.com/*
03b7a26617c617ae2c90fa2f570251a7,1156511000,52,m.cdlrzs.com/*
0422281aad0cc5db231b7ab9b38d4a26,1156610200,3,m.shj.cn/*
0450b1ff1fd42bdb65217648f550fb48,1156610100,1,cd.m.dyrs.com.cn/*
048f6b097b33e3de0de2a2d3306c1141,1156610100,2,m.shj.cn/*
04973d9fc548586940e82a4ab348734b,1156610100,26,xa.bhjzs.com/*
0516ab823f8690df24700c64a552d2b1,1156610300,5,xa.bhjzs.com/*
056efb729b1fa61b7b2b9f12229ff0d5,1156321000,1,m.shj.cn/*
075f29a43d4969501c1c2f588e011332,1156610100,1,m.shj.cn/*
08078dfe8f174e31cfbaf96f5f4e8dd3,1156610100,6,xa.bhjzs.com/*
081311c7ebd78595a2dc14adfdea97ca,1156610100,16,xa.bhjzs.com/*
0976c9435f9bba696304e60f02d5fc90,1156610100,1,m.shj.cn/*
09cfa187724a8900c69e52d10e6655d6,1156610100,3,m.shj.cn/*
0a118c2f89574d68fd608b72e1a70e3d,1156610100,1,www.wuyouzhuang.com.cn/toufang/h5/*
0b4ed16b47501cf9dbd410a868c8a6a5,1156610100,5,www.wuyouzhuang.com.cn/toufang/h5/*
0b83ecd723127784ff7df8f8393604b3,1156610100,54,xa.bhjzs.com/*
0b87673f72e10a4dff0b1f5e136b6d51,1156610100,9,xa.bhjzs.com/*
0b8c2c927634b40f99107d4009e5cb77,1156610800,3,xa.bhjzs.com/*
0cdcec09d3bddc6e8e24628adee58eb9,1156610100,3,m.shj.cn/*
0cfff6f0524476a28926a87cb8493302,1156610600,42,xa.bhjzs.com/*
0cfff6f0524476a28926a87cb8493302,1156610600,3,www.wuyouzhuang.com.cn/toufang/h5/*
0d47a32f0973073c845b2ea5b853f59c,1156610100,8,www.wuyouzhuang.com.cn/toufang/h5/*
0da4720fdcd8d382541fef66c490c0cb,1156610400,2,xa.bhjzs.com/*
0e669ba83f0629e8952e61fcfb21605e,1156610100,3,xa.bhjzs.com/*
0f5244b2dc4520d42573f39abb8a3078,1156610100,54,xa.bhjzs.com/*
1011b3f33eca8513683c335d45a2a5d4,1156610200,2,xa.bhjzs.com/*
11053618c954221c73ba01008d1c686e,1156610500,7,xa.bhjzs.com/*
13ee338b7c9de7e85db6bd27e67a612d,1156610100,2,m.shj.cn/*
1462fd41d62c15e5a3bbdebd6ab16253,1156610100,1,www.wuyouzhuang.com.cn/toufang/h5/*
14bb48de63fb00393e6e300fe9383c61,1156610100,3,www.wuyouzhuang.com.cn/toufang/h5/*
1892eb429993592d59742eb760555979,1156610100,5,xa.bhjzs.com/*
18ef010f616a4814273492dff2698930,1156610100,118,xa.bhjzs.com/*
1a7f3e1c8e113ee9a37e2cbf6fd77f87,1156130100,1,www.ch028.net/*
1b3cde441a0265bd2f06f60e310d09ef,1156610100,2,m.shj.cn/*
1be9c0a9aadfe6315aece358778da2a9,1156610900,29,xa.bhjzs.com/*
1cf396206a5fe24d8b9ddea4830a39b1,1156610100,56,xa.bhjzs.com/*
1d4167f27c880d0d60d0af02cef05034,1156610700,4,xa.bhjzs.com/*
1e010d6f6d2ead79f010878c04ec2c88,1156610100,3,m.shj.cn/*
1e443392c1d6b1c26dd75a18bfc5cc74,1156610700,3,m.shj.cn/*
1e86422840bb0315f01b1b46c5e9a0b9,1156610100,1,m.shj.cn/*
1e93cd1fa09b4b390687ca8d92d01848,1156610400,1,www.ch028.net/*
201131a82f1b5120612191d9f7bced50,1156610100,8,xa.bhjzs.com/*
201ae6fe9f3a3f8521d0bd7c520896af,1156610400,113,xa.bhjzs.com/*
218d76e22cc8365e9e029bc40456a5bd,1156610400,3,m.shj.cn/*
238acea34ad051724b83c4dd0d15ffaf,1156610100,1,m.shj.cn/*
23a3f4b0f95c12284235e3c6259ea289,1156610500,2,xa.bhjzs.com/*
23ce90c838c2f450eec696359c322ffd,1156610100,65,xa.bhjzs.com/*
24f83bed3d85e80bdc36d8cf0a6e5ee3,1156610400,2,www.wuyouzhuang.com.cn/toufang/h5/*
2513573ddea7c020b883e66c90115a83,1156610100,6,www.wuyouzhuang.com.cn/toufang/h5/*
252ffb8ed25171d6a909cca276c619cd,1156610600,6,www.wuyouzhuang.com.cn/toufang/h5/*
26341db4d5d188fe3d4b8344af5317ac,1156610100,3,xa.bhjzs.com/*
2672d39cd3d5d72259420e34b5c0ce13,1156370900,10,xa.bhjzs.com/*
2672d39cd3d5d72259420e34b5c0ce13,1156370900,10,www.wuyouzhuang.com.cn/toufang/h5/*
26a4ff2dbee37edf4c1145e4b9837d6c,1156610400,11,www.wuyouzhuang.com.cn/toufang/h5/*
26b5c1d46f77ad88dcdcb4d10b2ccdc7,1156610800,2,m.shj.cn/*
271fd6abf828233ab8fb165e9588271e,1156610100,5,www.wuyouzhuang.com.cn/toufang/h5/*
284c36013eec7b4bb99272f4f8c9d8cb,1156511300,18,m.cdwyzs.cn/*
285e45e966df27e027b31a9c088d2ed3,1156610900,109,xa.bhjzs.com/*
28ef304caf0bb5fe985d93d566821d82,1156610100,2,xa.bhjzs.com/*
29e4def2283162036625e14340154006,1156610100,2,www.wuyouzhuang.com.cn/toufang/h5/*
2a3854092194d31089798d4e1cdf75e3,1156610100,3,m.shj.cn/*
2aeac5c7494fd14b77f8fc3ff8659a78,1156610100,10,xa.bhjzs.com/*
2b81845a464853a04670d121e5a48969,1156610100,2,www.ch028.net/*
2bb11501d1aef43f122903a39476d3e4,1156610100,1,xa.bhjzs.com/*
2c37ef73eb70c9d1c7f189467f660c62,1156511900,6,m.shj.cn/*
2c8c2db73474e3440576b8d92a36ed3b,1156610100,43,xa.bhjzs.com/*
2d601c41bd87ba73790b606e747919e5,1156610600,1,xa.bhjzs.com/*
2e56613c12b2e6bf7df2277132143756,1156610100,15,xa.bhjzs.com/*
2ec035fd2142e8c06a75c5631684f5b8,1156610100,1,xa.bhjzs.com/*
2f2812b8b6d35f916d6d9700b96de75b,1156610300,3,m.shj.cn/*
30784c28b8d19ab5bb436015f36be1eb,1156610100,6,xa.bhjzs.com/*
30d2c6502469761d108a5ed0deb9e16b,1156610100,9,xa.bhjzs.com/*
30d498e2c3499efd90bacc4abe4f0970,1156610300,8,xa.bhjzs.com/*
311aa12b7cbb2add18cd7167cae4af61,1156510100,12,m.cdwyzs.cn/*
356d09fd9e2a66675feb8bc4d2337c71,1156610800,7,xa.bhjzs.com/*
36641e444f071766456159a78c535a25,1156610400,8,www.wuyouzhuang.com.cn/toufang/h5/*
36e31dd2e3af0a0626e365e792bc5999,1156610100,3,m.shj.cn/*
3703777ef367b3ea2adada380fbdac7f,1156610600,4,xa.bhjzs.com/*
38534a733fc84b111a41d3bfd770ad3a,1156610500,6,www.wuyouzhuang.com.cn/toufang/h5/*
386b47b38d1ba06f7a85af964cbd31ca,1156610100,1,www.ch028.net/*
38d85c43fcd7cc0b368fe05b90777a09,1156610400,1,m.shj.cn/*
3a15f5063653ef8a0519c94c0b67c89b,1156610100,6,xa.bhjzs.com/*
3a4744da83ca2d87bed5d1d158d8284b,1156610400,13,xa.bhjzs.com/*
3a4744da83ca2d87bed5d1d158d8284b,1156610400,1,www.wuyouzhuang.com.cn/toufang/h5/*
3a7966955313d37bb2e0f3510a928fa1,1156610100,50,xa.bhjzs.com/*
3bfdab8585da55b31c7b3317a3588a98,1156610100,20,xa.bhjzs.com/*
3d28c068605a17f4d39fa5caf8788e91,1156610100,3,m.shj.cn/*
3d67f12c73a100de105b63e032fcff7e,1156610500,1,m.shj.cn/*
3f06851272b3f799732641ad1c127e6d,1156610400,5,www.wuyouzhuang.com.cn/toufang/h5/*
3faada21842a6bdd5d3443cf0fa92013,1156510100,89,xa.bhjzs.com/*
407ec1ea924bd3ae034bf3063b665cc8,1156610100,2,xa.bhjzs.com/*
40da8866d9cd3c79bd975f9c4634445e,1156610100,9,xa.bhjzs.com/*
40f31d78840a1e57f8f65f687e5a233b,1156610100,3,m.shj.cn/*
4192d12a99bda333a0f56ae783f7ba7c,1156610700,2,www.wuyouzhuang.com.cn/toufang/h5/*
426ab35440a6d34d44399d8e58a231d5,1156610600,4,xa.bhjzs.com/*
4459b255c5e3d1107de68cc0af186b10,1156610400,3,m.shj.cn/*
44aeac1ecb6a5bf588e8012f4bf9cbf6,1156610300,2,xa.bhjzs.com/*
4540d5a084a5976f61494624a53e9be1,1156611000,8,m.shj.cn/*
45e257495a7d5eb139bf88c77031895a,1156610100,5,xa.bhjzs.com/*
45ff325bfe5a2d65c984ba1ce782deb5,1156610100,5,xa.bhjzs.com/*
467bdee008247b946b44678053fda460,1156141100,1,www.lrzs.com.cn/*
4793af203cc9a57be5e6105aee239dbe,1156610500,1,m.shj.cn/*
488efbe640f0372b2395e659e7570acb,1156610300,3,xa.bhjzs.com/*
4979b6459c73efc993aa01f3e493cd45,1156610100,3,m.shj.cn/*
4a45a34bdcdaf3676171b2220d55cbad,1156610100,2,m.shj.cn/*
4c6c7067dedbee384ec26b2d0ec336e0,1156610300,1,cd.m.dyrs.com.cn/*
4cad3c54ca40412d96bdae7d3210f319,1156610100,26,xa.bhjzs.com/*
4cda1c8f67d75165dd59ddbbf81762a2,1156610100,27,xa.bhjzs.com/*
4f2a781b990fb1d8b97db6fb280ca789,1156610100,5,xa.bhjzs.com/*
50b46f7dafd12717d47bcc021a825ad9,1156610100,16,xa.bhjzs.com/*
516e201e68004dcd522e3edf32d5f790,1156611000,2,xa.bhjzs.com/*
51c733de86c4ed2af224e3ca415ad63c,1156610100,4,m.shj.cn/*
522d7180991df31f3761fe3a075d09d4,1156411600,8,xa.bhjzs.com/*
52498789054b4ab2cb68623cf5a94b08,1156610100,2,xa.bhjzs.com/*
555345bb1a8898391caa44c13bc7471f,1156610400,1,xa.bhjzs.com/*
564a6290c2794e87c3d6fb269e633080,1156610100,123,xa.bhjzs.com/*
566b6420c678f65dc87de0ce4931edd9,1156610100,1,xa.bhjzs.com/*
57033fadc36958837c203924b6b98a73,1156610100,10,xa.bhjzs.com/*
577b439219f7caaa9707172f383f0465,1156610100,16,xa.bhjzs.com/*
583140f807ca7c75237d853a5cadf661,1156610100,10,xa.bhjzs.com/*
589f669a8ffcabf36f83c6ceebf027c9,1156610100,1,m.dashucd.com/*
5a1a04eefb0ff90d45eb7bcc8df0fa74,1156610500,10,xa.bhjzs.com/*
5a1ecd75b95e84ae2af89d904e60aea3,1156610100,1,m.shj.cn/*
5a2444706ff8f97a92b0d6f70feed43f,1156510800,80,xa.bhjzs.com/*
5a6d53e5d69a51e950554e48b8e2d07e,1156610200,7,xa.bhjzs.com/*
5b9ce454d78cbf8b4ce1da74529ebef4,1156610100,1,xa.bhjzs.com/*
5be9a05a8d3deea58205e292e4d5cca1,1156610100,2,xa.bhjzs.com/*
5c1410fb910f9008e142d1dbd89f69f8,1156610600,22,xa.bhjzs.com/*
5c3afc9da5c03ccda139e347aad85239,1156610100,11,xa.bhjzs.com/*
5c555e65972a7919fbf7280adcc063dd,1156610100,27,xa.bhjzs.com/*
5c6b64391ec39e80a20280603ed33dc4,1156610100,26,xa.bhjzs.com/*
5cac03784d6b377eeb44500c08428d42,1156610100,1,m.yzf.com.cn/*
5cac03784d6b377eeb44500c08428d42,1156610100,32,xa.bhjzs.com/*
5ceae2b5396f7edeee0a59268b32ae0f,1156610500,4,m.shj.cn/*
5d2ccb6656a381902d10a1b1047feebf,1156610100,49,xa.bhjzs.com/*
5d7bb30ddf290faf566fcdc353385887,1156610300,8,xa.bhjzs.com/*
5d7ebfcd1dbea8cc1e6cbf45c20e0042,1156610100,4,xa.bhjzs.com/*
5de3d5b26af35ae4fc9983ec6cd08f83,1156231200,5,m.shj.cn/*
5eb5d7bfa9d2c41b547bc6013524c5c2,1156610500,33,xa.bhjzs.com/*
608b3ecf8c023be9ae99de2ad5a57084,1156610100,1,www.wuyouzhuang.com.cn/toufang/h5/*
612db110da02d8ea3604bb5760e4bdbb,1156610100,9,www.wuyouzhuang.com.cn/toufang/h5/*
614b4db6841eb4f98fa837644e42fc0a,1156610800,3,m.shj.cn/*
6282a8bf59bc96e57e41478bdf6b0894,1156610100,115,xa.bhjzs.com/*
630efb448f0fc05e2b5a372a53f188c9,1156610100,19,xa.bhjzs.com/*
66ef59164c2ffd231076644350a0d885,1156610400,5,m.shj.cn/*
677120c93f446f1118930879ecd1e482,1156610400,3,www.wuyouzhuang.com.cn/toufang/h5/*
68cacd8b2909c1ce6ce6ddc4be02e060,1156610300,1,xa.bhjzs.com/*
69e252d194ff889bbfdaaa9c651a4922,1156610400,103,xa.bhjzs.com/*
6b6f2a0d8dab1aa26d5c4fb8b2b31389,1156610100,5,xa.bhjzs.com/*
6c8233899d621deb5109e70dcfd24485,1156610100,64,xa.bhjzs.com/*
6d84c7396a31747afcf359b665283a77,1156610400,3,m.shj.cn/*
6de35a66eb1bbf6db2c284ecbd9329c1,1156610100,13,xa.bhjzs.com/*
6e2b68a410eed62be747f65288e18b7d,1156510100,5,m.shj.cn/*
6e9a18880addddbf68aa34cea57ae905,1156610500,5,m.shj.cn/*
6f306d6b93d044777529bdc8f1c7d635,1156610100,2,xa.bhjzs.com/*
6f4a6dcc98219a92bb3dd0ed28e9a204,1156610100,3,m.shj.cn/*
6f78011fe2529bc952a03334b5c94f5a,1156611000,127,xa.bhjzs.com/*
6feec958192ee9e4fa746caff99866d7,1156610700,7,www.wuyouzhuang.com.cn/toufang/h5/*
70c8b31d6f030c5e60dc83fadb008546,1156610100,99,xa.bhjzs.com/*
70d2951488e1244d29d94b8b26de09db,1156610100,1,www.wuyouzhuang.com.cn/toufang/h5/*
71277cf2ea8bfaf62fce2ee96899694a,1156610100,1,xa.bhjzs.com/*
71ed4fb309d328867ec453a6760c0a93,1156610100,3,m.shj.cn/*
73bc1e74f51bc35a62dfdb60df22fbc5,1156610100,4,xa.bhjzs.com/*
746fc4e36094f249fa41093dc976aa14,1156130100,9,www.wuyouzhuang.com.cn/toufang/h5/*
7494ba6655054ea761e9c3a0f10035f4,1156610400,87,xa.bhjzs.com/*
75339491ae8edbce6d23d36c458b70fa,1156610800,20,xa.bhjzs.com/*
762293ab677c49e3dcfd05755fce515f,1156610100,9,xa.bhjzs.com/*
771cf7719d2c68b2799b2316741de731,1156610100,1,www.ch028.net/*
772d3302d14fb31d39ac9dd3344e537e,1156610700,4,m.shj.cn/*
773986fcb3c542c8f56b1d88fc048d9f,1156610100,13,xa.bhjzs.com/*
77f622f51879ea08c36df78d76fbcfa8,1156610100,2,www.wuyouzhuang.com.cn/toufang/h5/*
789c35f9b819e88f71e5e359d589aa89,1156610100,112,xa.bhjzs.com/*
7b2595113a6421cc8529d7379a5d1ba9,1156610100,4,www.wuyouzhuang.com.cn/toufang/h5/*
7b65242a2eb3dcf52f2895643e2fbe07,1156610100,7,www.wuyouzhuang.com.cn/toufang/h5/*
7bb0f16a9698ba9b88716a9211d51b3d,1156610100,3,m.shj.cn/*
7c3c52d49f7fa12af766d7cb83acd3c4,1156610100,24,www.wuyouzhuang.com.cn/toufang/h5/*
7c3c52d49f7fa12af766d7cb83acd3c4,1156610100,33,m.sljjzs.com/*
7cfae485509e61779c7ec9610d13c55d,1156610100,111,xa.bhjzs.com/*
7d08c72e3cf0b2218944c327bb86e8ec,1156610100,3,xa.bhjzs.com/*
7d4331b00e8606007a9ff18c07f656d8,1156610100,34,xa.bhjzs.com/*
7da4bacb5a0598946a3878eb511aaa14,1156610400,1,m.shj.cn/*
7e6763b329bb39730d46f75460637a92,1156610100,7,www.wuyouzhuang.com.cn/toufang/h5/*
7f64a1961e18c38638f9620070c731a8,1156610500,6,www.wuyouzhuang.com.cn/toufang/h5/*
80132c84ef766f16d3aa4c1c9835958e,1156610100,13,m.shj.cn/*
80569081b5ea9a073b1901bb05b5e479,1156610100,2,m.shj.cn/*
8057fbbdff7a7d7ec6001f7ae0bfdbac,1156610100,3,m.shj.cn/*
805b7b81fc987a3b8a28d885cc712772,1156610900,4,m.shj.cn/*
810c0a7b7fc137104bc097ba70025e7e,1156610100,12,xa.bhjzs.com/*
81c16f409e5bfebbc6ca92a93633751c,1156610100,4,m.shj.cn/*
81db31f71dccfba07c5c3d90fbd7b26b,1156610100,110,xa.bhjzs.com/*
8233fb3d3321e3e745b5510b20565a39,1156610100,3,m.shj.cn/*
824007567024f514d4b0cc769e68d517,1156610100,8,xa.bhjzs.com/*
83d261fe18113d7e66ebd0eb24f8e29f,1156610100,29,xa.bhjzs.com/*
84f006e5581825216997a0a18555381f,1156610100,3,xa.bhjzs.com/*
8687710a36852d182dc0876898d93e2e,1156610100,1,xa.bhjzs.com/*
86b264dcd1c68d615d6f7402def51dc6,1156610300,12,xa.bhjzs.com/*
87bc45979d830e337a163eb6a40b9226,1156610500,1,xa.bhjzs.com/*
882656e0d4fcafbf6cc955de2e658c03,1156610100,3,xa.bhjzs.com/*
88d0b695e3185a6bf51a7ae1980783aa,1156610900,43,xa.bhjzs.com/*
88fba7ebb4812fa96a5ce3d87cc6d638,1156610100,2,m.shj.cn/*
8a32bb8446e1026d78c92341d0eae47c,1156610400,2,www.wuyouzhuang.com.cn/toufang/h5/*
8a4767ea7401722be46350346a7eb76e,1156610100,7,www.wuyouzhuang.com.cn/toufang/h5/*
8cb4045dc04f9f124d26647b82172619,1156610100,3,xa.bhjzs.com/*
8d7856f333a551d9c053dc5eb0717338,1156611000,4,xa.bhjzs.com/*
8da749c6b7955f89e1d991a2e412dd3c,1156610900,5,m.shj.cn/*
8e91d13309b88c542b4ad595068e5ef2,1156610100,3,m.shj.cn/*
8f0e431cadb37353d56174f6ee3f62b1,1156610100,1,m.shj.cn/*
8f19dd534647450a27e1f98003c4cb71,1156610700,2,www.wuyouzhuang.com.cn/toufang/h5/*
91197a424d1ecc5d14d9b5172e3420a5,1156610100,4,xa.bhjzs.com/*
91bbc5965020a67038cef2925f88d936,1156610100,1,www.wuyouzhuang.com.cn/toufang/h5/*
91c170419c8ac37a840278c6ff11ffca,1156610100,54,xa.bhjzs.com/*
91ce21379f0c99cfd48ff1f93a9f40d6,1156610300,3,m.shj.cn/*
92183122b55da3242fe6ab5ae7ee9f09,1156610100,8,xa.bhjzs.com/*
926040129ae7682c4c338a1778554b44,1156610100,3,m.shj.cn/*
92d1f33e4de496ff510cdab4cde6e03f,1156610100,4,xa.bhjzs.com/*
934af03b5a86048d06b00571a4ef5979,1156610100,1,lz.zpg268.com/*
94a78f0dcdd9af45a2219e5fda748554,1156610400,12,xa.bhjzs.com/*
9605b0fdde4800a068743ee26d999b52,1156610900,4,www.wuyouzhuang.com.cn/toufang/h5/*
965ba26fecda9696111f3ac55adfde95,1156610100,5,m.shj.cn/*
965ba26fecda9696111f3ac55adfde95,1156610100,58,xa.bhjzs.com/*
995decb3e34c76a5763c2d486ad5ba4a,1156610600,3,m.shj.cn/*
99f57f56e7e6a4877365f3de3699f485,1156610100,98,xa.bhjzs.com/*
9a0fd3a364bc6637409ea8c33cd334ac,1156610800,3,www.wuyouzhuang.com.cn/toufang/h5/*
9a59486562cefafc63700193e60c27bc,1156610200,1,m.shj.cn/*
9b5fdec1b8a8fb00a883a6a96315f0d3,1156610100,1,m.shj.cn/*
9b8390c7e76727234b9682fc368f3a3a,1156610100,4,www.wuyouzhuang.com.cn/toufang/h5/*
9c76440aa4eafaf0f4d407d6b6ebe52d,1156611000,6,xa.bhjzs.com/*
9d0dcd62961a13b292d049b0419f5cfb,1156610700,1,cd.m.dyrs.com.cn/*
9de047b5ccd032592755ebd8ae58c5bf,1156610100,1,m.yzf.com.cn/*
9dfc07e0c4e0c323b9c447ff2a110af3,1156610500,82,xa.bhjzs.com/*
9efab2482bc1c1476769b3630f95036d,1156610100,10,www.wuyouzhuang.com.cn/toufang/h5/*
9f0dd3c3b8e080f74d9eb82f11457edc,1156610100,1,m.shj.cn/*
9fdda974dcc79e965339bfcd5dcfd986,1156610100,3,m.shj.cn/*
a0f86608072cbcc83e1be057de2445bf,1156610100,79,xa.bhjzs.com/*
a2aac57b3c449306785a87d9212ddfbd,1156610300,107,xa.bhjzs.com/*
a30f1243093dd5bbee0f2721f68ea97d,1156610100,19,www.wuyouzhuang.com.cn/toufang/h5/*
a3d049f319e00030fef17792a6581696,1156610400,8,xa.bhjzs.com/*
a4e9a7cf97552c6a7570592e6a38d0cd,1156610400,4,m.shj.cn/*
a4e9a7cf97552c6a7570592e6a38d0cd,1156610400,3,www.wuyouzhuang.com.cn/toufang/h5/*
a4f73c09ce4cdbc835b1adee40448292,1156500000,5,xa.bhjzs.com/*
a519622fa7d9b2516227cf43ba8624fd,1156610100,7,xa.bhjzs.com/*
a5311110befa2734da5116885e0ff94f,1156610100,4,xa.bhjzs.com/*
a5524ffc788ec48cc05f25db297c3ebb,1156610100,3,m.shj.cn/*
a55fcedd33cb7ec35f1798f8b8d8e798,1156610100,25,xa.bhjzs.com/*
a56715c83280ac13c0eee35a5aaf9b36,1156610300,1,www.ch028.net/*
a8ba61a028809bd1125da17956d594fa,1156610400,1,m.shj.cn/*
a9d820111d2c159527ef07916454d86d,1156610100,1,m.shj.cn/*
aa4ed7bd62aaa193d2c26aff81dfe19c,1156610100,4,xa.bhjzs.com/*
aa6c1553b32fa942997f50052fcb1d31,1156610100,7,www.wuyouzhuang.com.cn/toufang/h5/*
abbc4f259b37bd1519ee618b750bb91f,1156610400,7,www.wuyouzhuang.com.cn/toufang/h5/*
abfa3e246009fba2a0eb764809a57e48,1156610500,1,xa.bhjzs.com/*
ac888c8bd5cfccb272ee973f1945e828,1156610100,2,xa.bhjzs.com/*
ad0b496bc3b269a604b56f4b2f37e740,1156620500,6,www.wuyouzhuang.com.cn/toufang/h5/*
ada62845002a7e7781890b9b75c3a71d,1156610100,10,m.shj.cn/*
ae91b60b3d073d0ac244037ba2ecb01f,1156610100,1,xa.bhjzs.com/*
af1d72f813d4f41bed3a92cb13477557,1156610100,3,m.shj.cn/*
b03a60cee5a6dad231ebff395b63d90d,1156610100,7,xa.bhjzs.com/*
b122c05c1a6f5b53fc12dce38490d106,1156610800,4,www.wuyouzhuang.com.cn/toufang/h5/*
b17bb6788165cf75cdc3d8c9a8cf0661,1156610500,3,m.shj.cn/*
b38fa7ce36d890bdb5db6ea2066e6a34,1156610200,9,www.wuyouzhuang.com.cn/toufang/h5/*
b3a14025ac77c32cc9ff2a72ca2ebc79,1156610800,16,xa.bhjzs.com/*
b433cbcda4abc47b125c58f91f94f6b9,1156610300,30,xa.bhjzs.com/*
b4be2299d49c396730b5fe8be7a7eada,1156510700,3,m.cdwyzs.cn/*
b6a6fe09bdec12c87d768d4997ce3ada,1156610100,2,xa.bhjzs.com/*
b6e9c4ac6e9aec154f07a43dbf227391,1156610100,9,www.wuyouzhuang.com.cn/toufang/h5/*
b78b1645b0b82f1193b58bc968cae580,1156610100,2,m.shj.cn/*
b7c32b57b1447189340eb6ad486953d7,1156610100,1,m.shj.cn/*
b7c32b57b1447189340eb6ad486953d7,1156610100,2,xa.bhjzs.com/*
b8f983ecae82b4efd8f51acd7c556eaa,1156610100,3,xa.bhjzs.com/*
b8f983ecae82b4efd8f51acd7c556eaa,1156610100,1,www.wuyouzhuang.com.cn/toufang/h5/*
b963eda95431f85924642a8a35c0f896,1156610900,5,m.shj.cn/*
b981357ad804c88a4383263d4201b6b4,1156610400,11,xa.bhjzs.com/*
b9cb81a896f530f3a350a897347c2ab6,1156610100,26,xa.bhjzs.com/*
ba6091d0093fd590b2f29d7a2eba0219,1156610800,38,xa.bhjzs.com/*
bb531bd386bba864cbde05fc5752c84b,1156610200,94,xa.bhjzs.com/*
bc5d926e3c7b04ddbc147ce072d5e429,1156610100,1,www.ch028.net/*
bd4a1125c25cffeec5930ac7bb621f47,1156130400,20,m.cdlrzs.com/*
bd9ab19dc11698e5a2cfcb52e651c78b,1156610700,9,www.wuyouzhuang.com.cn/toufang/h5/*
bdb73d851d84924c90f00350e9b7b76e,1156610100,98,xa.bhjzs.com/*
beb6955338d52c136a40b796ac1251d1,1156610500,4,m.shj.cn/*
beb6955338d52c136a40b796ac1251d1,1156610500,119,xa.bhjzs.com/*
bf5003397a36ef9dfa1f134ca7527fdb,1156610700,2,m.shj.cn/*
bfa5c52208144d16b31c6e681d45729b,1156610400,96,xa.bhjzs.com/*
c1426c7664c8784b9f387a5056d08922,1156610200,5,m.shj.cn/*
c1445db784cddcf67682b5e15c76832a,1156510100,27,xa.bhjzs.com/*
c2393a13135c76de75189f322da01f2f,1156610100,1,m.yzf.com.cn/*
c2a7a7d4bf8dc2ad11c17330c20bd8c6,1156610300,13,xa.bhjzs.com/*
c2bd091414cd633d430d0afd64c054fa,1156610100,15,xa.bhjzs.com/*
c446a8bee9e047b783aac2b8ff9b9f96,1156610900,7,www.wuyouzhuang.com.cn/toufang/h5/*
c4c1c2adc07c7dc3f6e71270e576a2f8,1156610100,59,xa.bhjzs.com/*
c5199c1838c8b0383f980a93003ffcdc,1156610300,2,www.wuyouzhuang.com.cn/toufang/h5/*
c6152288f2118bc8b64cd35974b45e85,1156610100,1,xa.bhjzs.com/*
c8c30cf4e0daf01fd27854334ec7fe0c,1156610100,21,xa.bhjzs.com/*
c96a30e18a65e001a1b1ee72f50656fe,1156610100,7,www.wuyouzhuang.com.cn/toufang/h5/*
c9e148c121ec74a619d94c48ad09345c,1156610200,7,m.shj.cn/*
cb88b39eb8bfe9dc0b4e13c273274012,1156610500,21,xa.bhjzs.com/*
cc44d5e6581ba8964f26c8e3c3698d87,1156610100,9,www.wuyouzhuang.com.cn/toufang/h5/*
cc66dd738de11b12dc81fdabc7f445c5,1156610100,1,m.shj.cn/*
cdd1fa6ecfdce63c717dba59dcd30f81,1156610100,6,xa.bhjzs.com/*
d0353edbacb907e8845cf1af4480ed92,1156610500,8,xa.bhjzs.com/*
d04af33efa9e60e8e8383c91e8a6b24b,1156610100,1,www.wuyouzhuang.com.cn/toufang/h5/*
d04c1544bb4397f1fff894f0a59f4402,1156610900,108,xa.bhjzs.com/*
d0bb6656560d2fd1bc9bb7bac3878092,1156610500,40,xa.bhjzs.com/*
d0cc133ed6d33fa7ba16d3e7c5f148b2,1156330500,1,m.shj.cn/*
d1786402c467848188f1e058718c381a,1156610400,2,xa.bhjzs.com/*
d3605bf90c3fc6b0e230f0e429e3040e,1156610100,1,m.shj.cn/*
d44b8eda30405046a37f5b54c54fb962,1156610200,15,xa.bhjzs.com/*
d48faddda4b5fb14f56c4995eb778c87,1156610100,2,www.ch028.net/*
d49c5d7153bb4f761841dc784b32b48b,1156610500,10,www.wuyouzhuang.com.cn/toufang/h5/*
d5ffc132c5931065bfb6bcf633ade200,1156610700,2,www.wuyouzhuang.com.cn/toufang/h5/*
d62e1a41d1d9320dd69008f6013352d7,1156610100,101,xa.bhjzs.com/*
d667fc1dce86206abb29335c58b03494,1156440100,6,xa.bhjzs.com/*
d6806d83b48c3be5b698526378d8130f,1156610100,102,xa.bhjzs.com/*
d6bc19c71141e81d0b8b529a582d8433,1156610600,120,xa.bhjzs.com/*
d6eb9d683fc76ba8babc124747787326,1156610100,5,www.wuyouzhuang.com.cn/toufang/h5/*
d70c1f76d47a5878c6bfd29e0a9eb7ad,1156610400,3,m.shj.cn/*
d72852a05cb23882f578c92f85a0b105,1156610300,7,www.wuyouzhuang.com.cn/toufang/h5/*
d78c29e565512edbb2043770ed8d9252,1156610100,14,xa.bhjzs.com/*
d793d89d2965d3fea7f3d51fba964e8f,1156610300,1,xa.bhjzs.com/*
d7f264ab25040fa9597d6214a2c7a252,1156610300,3,xa.bhjzs.com/*
d831ea4f63fce87deeb442ad602c7ba3,1156610100,3,xa.bhjzs.com/*
d89481f2383377dca778845fd5f7b7af,1156610100,3,m.shj.cn/*
da32266371881d994e4969f98c6bcb66,1156610300,3,xa.bhjzs.com/*
da700183e632850a9d7b83adebb11f9e,1156610100,1,m.shj.cn/*
da700183e632850a9d7b83adebb11f9e,1156610100,23,xa.bhjzs.com/*
dae6ec63415380bdcac27e236c4d722b,1156610800,1,www.wuyouzhuang.com.cn/toufang/h5/*
dae913c2df1e7f505ad8de9618cd26fe,1156611000,13,m.shj.cn/*
db6c5667028e6484723df73cee122e70,1156610100,5,xa.bhjzs.com/*
db83cd963ca119f5a25854fbb8af6588,1156610100,6,xa.bhjzs.com/*
dd55d31be6da9d42b956a69744b67700,1156610100,7,www.wuyouzhuang.com.cn/toufang/h5/*
de3d7009268f50b8034a4737430f7bbc,1156610100,1,xa.bhjzs.com/*
deffa0214e1407cd96ef426458e4e26a,1156610800,1,m.shj.cn/*
e1648b6f0a24978d59b931de1f5f3bc9,1156610100,1,m.shj.cn/*
e1b95d15ffb94517d20d339c53952a8b,1156610100,7,xa.bhjzs.com/*
e21c389fe843433313add91cae1b6078,1156610600,1,m.yzf.com.cn/*
e3f07fc6d0f7924715549ac8507863e1,1156610200,1,m.shj.cn/*
e4a50686b32b27b3305255c95a7bf37b,1156610100,3,m.shj.cn/*
e54cd9e6b5953b93725c046516fb9f10,1156610300,1,m.shj.cn/*
e5adce87a89082594c7b6b700e2c2d94,1156610100,1,www.wuyouzhuang.com.cn/toufang/h5/*
e605c5d99d9f7f80607705f9744ff1ac,1156610100,14,xa.bhjzs.com/*
e637e74fe812f782c2dcb8449b914b29,1156610100,1,m.shj.cn/*
e7171944285fef464b3db0e0db12c534,1156610800,103,xa.bhjzs.com/*
e7633a0f5f0589f3f32f623eb8be32fb,1156610100,80,xa.bhjzs.com/*
e8723d0668a2c9f00caa111c90cb6225,1156610300,4,m.shj.cn/*
e8dfc5908f29a0dbe2b3469849ebb284,1156610300,32,xa.bhjzs.com/*
e9cca97672d5420e32c3f2061b18d672,1156610100,1,xa.bhjzs.com/*
ea009c2d843e17f911b377c19694bffc,1156610100,47,xa.bhjzs.com/*
ea2105b042f1d03b0eb215450b7dc01e,1156610100,26,xa.bhjzs.com/*
eb413a207af981d07f679425b54cbdb2,1156610100,4,xa.bhjzs.com/*
ed00ac1348feeb9b10b17a6cf4dbc01f,1156610100,41,xa.bhjzs.com/*
ed95242981484b86c689663676041397,1156610100,1,m.yzf.com.cn/*
ee19732a0500fcb9d1033f1ca24103bb,1156450100,1,www.wuyouzhuang.com.cn/toufang/h5/*
ee1e361bcb635f8bc9634561a778fba3,1156610600,33,xa.bhjzs.com/*
ee59085e8d193500852c8e6e5a0dd1f6,1156610400,9,www.wuyouzhuang.com.cn/toufang/h5/*
eeb2de79aed1336c54ab8e20d7f6843b,1156610400,32,xa.bhjzs.com/*
f05e09108aad40a785bbfda8d2f6a92c,1156610700,14,xa.bhjzs.com/*
f05e7e9690ce16efbf45a8d2c9af76fe,1156621000,7,lz.zpg268.com/*
f155e9025b20ef7acff9e378632a8b9f,1156610100,1,xa.bhjzs.com/*
f218116e6d435c40ff8ba470fd90e47d,1156610100,3,m.shj.cn/*
f49cdab509b55fbf7b99e4ee00247b31,1156610100,8,www.wuyouzhuang.com.cn/toufang/h5/*
f4f73bff143c1848c39df3992264886d,1156610100,3,xa.bhjzs.com/*
f56be0a84e6a056b3800933d9b67c9b3,1156610100,8,xa.bhjzs.com/*
f6655cc71ad44b4f8790c4e33ff9b1f3,1156610200,1,xa.bhjzs.com/*
f66668dd6818de1491388933f2fd73c2,1156610100,1,www.wuyouzhuang.com.cn/toufang/h5/*
f6731c504232736a9b525e253d24f07c,1156611000,34,xa.bhjzs.com/*
f832d4a94fab7b3846a7b66487a3064e,1156610100,1,www.wuyouzhuang.com.cn/toufang/h5/*
f87f68d7561e4ba63229b3f43da6f73c,1156610500,5,m.shj.cn/*
f89cd64129fabaec9e4385bcc9e2f283,1156610600,2,m.shj.cn/*
f94f1543dcd6ddf7ea128d9c31fa0839,1156110000,6,xa.bhjzs.com/*
fa546426583bd66194a6cb00075a1a2c,1156610100,77,xa.bhjzs.com/*
fa77383d79a4276739d7089a2a238370,1156611000,1,xa.bhjzs.com/*
fafb9cb7b48ac4a9e840254d58d4b500,1156610100,1,m.shj.cn/*
fb3de37cabcc890f22356ff2fab8e750,1156610100,1,xa.bhjzs.com/*
fbc58ad5176da4c8ca3ce78cfa816c7d,1156610400,56,xa.bhjzs.com/*
fca54014fb40f86e2049e69add95c38f,1156610400,9,xa.bhjzs.com/*
fd746de568ec47bad99fbd4a624b83bd,1156610100,1,m.shj.cn/*
fd7f3ee473ceb728016cd0cfeab52d51,1156610800,23,xa.bhjzs.com/*
fdf9db9795f091ac6d1b98c90c83920a,1156610100,5,m.shj.cn/*
fe981f0dc77dc8770b7e782470ac9aef,1156610400,4,www.wuyouzhuang.com.cn/toufang/h5/*
ff39010b5157e37dd3bb5b60981f8e24,1156610100,42,xa.bhjzs.com/*
fff5fae36da78a4d33ec546fa5fb70a2,1156610900,5,www.ch028.net/*
