01428eec995dd289ecb95f935d737862,1156120000,21,m.meilele.com/*
028afdcf6985dbe33c6eeaf0f0d42ed2,1156120000,1,m.jia.com/*
029f6a8c8619060b3f591d195a77562e,1156120000,2,m.jia.com/*
031047d23a3f86157d7c719bc8eb8612,1156130600,36,m.meilele.com/*
033eff33275eb289976471431d52abd1,1156120000,7,m.jia.com/*
039d21fbdd0b0e8d576132481aad7d79,1156371600,7,m.jia.com/*
03f0916f290d996cb20a31a3f0104998,1156150400,1,m.jia.com/*
045485dcb17a3ae66a3818770f5b119e,1156120000,38,m.jia.com/*
05c94994cfb42a75eca71e4d5551cfbf,1156120000,1,m.jia.com/*
05fbb7470264556cd64967f233b1dfbb,1156120000,17,m.meilele.com/*
062d4a280b410f889b4d32a1f99df508,1156120000,5,m.jia.com/*
064c0d6959fe99c914c0b57fddead5c4,1156131000,8,m.zhuangyi.com/*
06916cff4162f620d46d40d0b1e3d2e4,1156120000,1,m.meilele.com/*
078571d93f33876405cd558d88325331,1156120000,1,m.jia.com/*
07a04c3fbaf474315ec178a7c41e8e67,1156120000,7,m.jia.com/*
07b22c453e5a41c9b18c41adc10d6859,1156120000,1,m.to8to.com/*
080f019505e33dd80104e3e59360de89,1156510100,5,m.jia.com/*
086b156c25334251e671c6265548c7b9,1156120000,1,m.jia.com/*
0999847574c3782e0c20a13afba64c86,1156120000,5,m.jia.com/*
0a2aca63613d7d7420040713cf491dd6,1156621000,13,m.meilele.com/*
0addb27395da481716c512eb2e97df69,1156120000,4,m.jia.com/*
0bca0d6f5c1eff40eb9cf3205b8a22bf,1156120000,4,m.jia.com/*
0bd4a73d82a2d75f9095db3de5881ffa,1156522200,1,m.jia.com/*
0bd822d16a2edff6647097af6020c9d0,1156120000,5,m.jia.com/*
0bda7b9a4a8d52a19e811ae78ba270a3,1156120000,1,m.jia.com/*
0c3489309dc95456d11d7e2ebaf2cd50,1156460100,2,m.zx123.cn/*
0d4d7b850e0566cbe68f89babf7d01c2,1156120000,3,m.shj.cn/*
0e58c58799e2fa2e13de6fdd4a157602,1156610900,2,m.jia.com/*
0e5bdc82c4a357d6c07ae0539f1f1a86,1156120000,1,m.meilele.com/*
0efb3f73417550ee672398b1d9aea755,1156120000,1,m.ikongjian.com/*
0fae1a8d23476ae9a5b8f5f4cfbbf8b3,1156511900,1,m.ikongjian.com/*
0ff391646073b039e64ac6b46ab74833,1156120000,1,m.zx123.cn/*
102cb1aaec358f396857edb55feb86ab,1156341600,27,m.jia.com/*
1031720fca40817d6e8e3f6f91e96f6c,1156220100,16,m.meilele.com/*
110a75d346ab09f882d5605adc67dfec,1156411400,1,m.to8to.com/*
11969266c8c665462ba41db7a6140f47,1156120000,4,m.ikongjian.com/*
11b3499c34c3d4dbb8fbc39464a81ec0,1156120000,1,m.to8to.com/*
121bc85a8f8059b74cd4a40580215ea5,1156120000,34,m.jia.com/*
124d1a2129a1c095f165016c8689eefa,1156110000,12,m.jia.com/*
12be6f8f44f554431ccf754e09b13fbb,1156120000,3,m.jia.com/*
12ea3308d1c9c5f5aee5847bb6562ae9,1156120000,5,m.jia.com/*
12f8074f4e03179ca3c18f6634f7ebf8,1156120000,11,m.jia.com/*
1325f15cf5afc22f22816a215ac66f4d,1156120000,4,m.jia.com/*
1389998ad254bbae88f8d69b25be7115,1156370700,49,m.jia.com/*
13ca6f45c36a68c08120eaac73e3a4d5,1156120000,16,m.jia.com/*
141ef0d3d300a4ab9ae08894aeefcf49,1156120000,1,m.jia.com/*
146a6f82b35baf622036ee96bf97b4a4,1156120000,1,m.jia.com/*
166df82548047b1446a807a1fa4cfbfd,1156120000,1,m.jia.com/*
167cdda79d190fcaf41dd4c425d3c5fb,1156120000,2,m.zx123.cn/*
167cdda79d190fcaf41dd4c425d3c5fb,1156120000,1,m.to8to.com/*
17085d7f1f59b7ed4bf24368ea19000e,1156120000,1,m.to8to.com/*
1758c6e3b8d0585afc7b3381abdd600f,1156110000,28,m.jia.com/*
17914c99d19e8d04415bd3da45b95a5d,1156120000,1,m.to8to.com/*
190c81ca0dbad6caa7a28f3c1bb90c4c,1156110000,2,m.jia.com/*
1918d1707b04059efaaa86d3511416ab,1156120000,27,m.jia.com/*
19dfd6661e0ed8dbc313a427ff04e00e,1156120000,2,m.jia.com/*
1ab1f88d68b77b8d2dbd7c8f4a07cbfb,1156131100,2,m.to8to.com/*
1adad67fe38f6ab1c1e893b5748d2644,1156130200,19,m.jia.com/*
1b5188ed755d387b75a6fec540b0ff91,1156120000,38,m.jia.com/*
1bba6b632bbbe9ed6a5e5311eb6ac773,1156120000,4,m.jia.com/*
1bf0b4f3d2130a5eec106f0a2364b5df,1156610800,1,m.jia.com/*
1c418b6e1ffeec9909e9104f3307fa5e,1156120000,9,m.jia.com/*
1c440f910eefa699d656c7d373cd61cc,1156120000,7,m.meilele.com/*
1cb4247b14e08f91e8cf75338401f31a,1156120000,1,m.jia.com/*
1d1a0ba073922afcebf397fcf2b356fb,1156120000,1,m.shj.cn/*
1e54b24e559092c52c77417ebf2dae1c,1156440100,1,m.jia.com/*
1f01fdbf5264f1ac31fc45bfcfbfa350,1156120000,3,m.meilele.com/*
21568e604b210a2e57fed47b7c3f4efe,1156120000,3,m.jia.com/*
2351ab4bfa5e6f6d4487843963c74be2,1156120000,1,m.jia.com/*
25a13865c07bc1ccb34810e0bd121f07,1156341300,9,m.zhuangyi.com/*
261e3d0ab5ad632e1d25f2c7178866b7,1156120000,3,m.jia.com/*
26291525e2940a323b51b8b33ca1da94,1156321100,1,m.jia.com/*
263f934ac0bdfc0209b8097ab500a032,1156130100,6,m.jia.com/*
27114da4e3b5edad0ed0766d6f0fe984,1156120000,6,m.jia.com/*
274d89315c13d04e563bf3f641bf7129,1156120000,2,m.jia.com/*
275428361fcf93c39d8b9c04cc047dcd,1156110000,2,m.to8to.com/*
276b8ac09366d450d0afea249a85d90f,1156120000,1,m.jia.com/*
27a30f9068b090639d8756cc8337ebae,1156120000,1,m.to8to.com/*
27cf6af0e92e67118232c33d4563433a,1156341500,2,m.jia.com/*
27dca80c5c14a37e26004bff378d2233,1156120000,2,m.zx123.cn/*
282a597b6ebf05c2220e340f5b652e81,1156360700,20,m.jia.com/*
289d57aad210ef9dce9fe9106335a669,1156411700,17,m.jia.com/*
28c8afb50b1f4380bedd15fb1003bac3,1156120000,6,m.jia.com/*
28ccd93999a4c71763b422e280d3def0,1156361000,1,m.jia.com/*
29210f4e89d002ab39cabfaf9b9fc9ed,1156120000,40,m.jia.com/*
295b6747e02bd0fb11ecad1cf059dbe8,1156120000,1,m.zx123.cn/*
299a6093a32da5b1d5ebaaf6c13cc59d,1156120000,11,m.shj.cn/*
2a52a7908bc7c3f10c233187254aaa95,1156130900,33,m.jia.com/*
2aff76ca87066790ec2dec674d675349,1156120000,1,m.jia.com/*
2b41e2af99d3719f83b3122df58e830a,1156430900,1,m.meilele.com/*
2b9ddd24491cdbbf2628af9cc559a20b,1156411500,2,m.jia.com/*
2c2cb0214dd5b60254dfe11c3317dfab,1156130600,28,m.jia.com/*
2cdefaaf4d90809d93491586d93be5b1,1156520300,1,m.jia.com/*
2cf5e027199c62c608cc13cb82f8456d,1156120000,1,m.jia.com/*
2d156a7cee1c9a9ea1cb490363cd4c58,1156120000,6,m.jia.com/*
2d7a94805a4761eee73bd33398ad60af,1156120000,6,m.meilele.com/*
2e9fba93e336e1aeafda3e9751c6c983,1156120000,1,m.zx123.cn/*
2eb93909ae01123d92908ffe0ca50bd0,1156120000,1,m.jia.com/*
2ecfa770bb46fd78d451c0ce79cb2fad,1156120000,4,m.jia.com/*
2f27a5178ab6f455724e19d3744ec4f4,1156120000,7,m.shj.cn/*
2f74ea373f4b892282b399ebcf8a5ef2,1156120000,2,m.jia.com/*
2f799b94816b250f181a10353b5a75b8,1156120000,1,m.jia.com/*
2fc20729f8a9d824aa135f3f7d462554,1156120000,2,m.jia.com/*
3050a14cde189efe2444a33dfb8b547f,1156130700,2,m.jia.com/*
321c0e58164aa35bc19df58d774a71b7,1156120000,1,m.jia.com/*
322a7a55b4f7eb28731629296381e336,1156350100,6,m.jia.com/*
331def6677bb1785e60a0d18c19ac881,1156120000,47,m.shj.cn/*
3389c14236e7f1e000aef815cc289a5a,1156120000,3,m.jia.com/*
33bebd2d9eaba0fd8733c6bfa731930a,1156120000,1,m.jia.com/*
3400a66deeb6b51b710afd87cf2ff76f,1156110000,6,m.jia.com/*
340f3fe2f0e108cf99cd54e8e3d3bc50,1156120000,3,m.jia.com/*
35a5fc9baf3f4a31935a5582168473ff,1156120000,9,m.jia.com/*
37c91c3cb86fd2587547600834cc2c8b,1156120000,1,m.jia.com/*
384fe6fbae9204526c44f70a070f0360,1156120000,1,m.jia.com/*
388f2946aa6aaf7ea54d569c75513e8f,1156500000,1,m.jia.com/*
389f02bcec06603f8236226c1ddd05fd,1156120000,7,m.jia.com/*
38bb89249e59a7eb61292acdd3ef3fc8,1156120000,13,m.jia.com/*
38be45f868ef2e7466e338bc7fc626aa,1156120000,5,m.jia.com/*
38d33e35e422147571613fd74ef3747c,1156110000,6,m.jia.com/*
396bc7e34362e80e8af6037a0b702101,1156120000,3,m.jia.com/*
3af4b00192caa6f0e4a892857c403332,1156110000,16,m.meilele.com/*
3b084a5188869a8a2f0379d9df904faf,1156120000,1,m.jia.com/*
3b18a6a7d733811f2f3979e5ee42fa8e,1156110000,1,m.zhuangyi.com/*
3b65e898185d8bbef585b48c58e065dd,1156110000,7,m.jia.com/*
3b908bb4b399181fc9b0ea9bdeba7378,1156120000,16,m.jia.com/*
3cff837a332d03091903300c3cf77913,1156320600,8,m.jia.com/*
3d1037e2eaf6236ff49c2e317c7e3f87,1156120000,1,m.jia.com/*
3d291cf51850a1c96611ea74236b8263,1156120000,1,m.meilele.com/*
3dd74f10d28a13d3c162bbdd047409fc,1156120000,4,m.shj.cn/*
3df80517669605537b2e52ea16923ee8,1156320200,47,m.meilele.com/*
3e9ec4bf87865f63c0307689bf456a2a,1156120000,1,m.jia.com/*
3ea45f55dee2a5ae180f312326e8b21e,1156420900,4,m.jia.com/*
3eb813c869693961a5b5e62d2ca2dd6d,1156120000,11,m.jia.com/*
3eec65427a09bc7a15d49ff395323f94,1156120000,11,m.meilele.com/*
3f18d2313fbb60284b8440d56c6fdaf3,1156130100,3,m.zhuangyi.com/*
4036509cc170d4ae8948108fe380ed6a,1156120000,1,m.jia.com/*
414f3cbcf082850af82388c9b60a4593,1156330200,1,m.jia.com/*
416708e6423508fb8050baa6c1ca9c44,1156120000,1,m.jia.com/*
41797370c1ae57b8101a2d47fa2987a4,1156120000,1,m.ikongjian.com/*
4181be697c1ae70bdaeeae440263ea16,1156230300,7,m.jia.com/*
419831dc23289ca3f687b88caf615c47,1156120000,1,m.to8to.com/*
41ca3f48c0f112eaceee8ac0f55ec31d,1156340100,14,m.jia.com/*
41dfc6994648e5f349e68790e4f7f423,1156120000,3,m.to8to.com/*
4315f61bdceecbf6b4dbeff5233129fa,1156150700,1,m.zx123.cn/*
4319d33d632084cc873254bd993f6939,1156120000,1,m.zx123.cn/*
4396cc9d8289c69a98d2166ddb088644,1156120000,2,m.shj.cn/*
43b01fefc655c45f8f53761d9dd20f5c,1156120000,1,m.jia.com/*
43b2613e728743a863a2155beb4e4436,1156341200,12,m.jia.com/*
452870dee7b01e7cef0a88c21383c8ea,1156120000,1,m.to8to.com/*
454c205ff8264b444d40447ebeff60ce,1156120000,1,m.jia.com/*
46ce5b9e9c8ede4321dc73cf5d73ff6e,1156120000,4,m.jia.com/*
46ce5b9e9c8ede4321dc73cf5d73ff6e,1156120000,4,m.zx123.cn/*
46ce5b9e9c8ede4321dc73cf5d73ff6e,1156120000,8,m.shj.cn/*
4702e359477c96eea73ce8df095de5d4,1156120000,7,m.meilele.com/*
474440650eb21605b1966c87d064ec2a,1156340800,3,m.to8to.com/*
47698ddcb6741f1ab473725c1ac462b6,1156120000,1,m.jia.com/*
478311528db1db42277b150c44bbbb64,1156621000,24,m.jia.com/*
48dcaf6eaace940df94d0873b5465bdd,1156510800,1,m.jia.com/*
4900d52a336384b1613d864d230409ac,1156110000,7,m.jia.com/*
4957bfca18a0508c9c933d8a97c94e10,1156411300,1,m.jia.com/*
4b3510dcb0366daf57ee6195fb5db12b,1156120000,3,m.jia.com/*
4b4ce451bff104df620314df6b742150,1156120000,4,m.jia.com/*
4c831dbd7d287808c96416e972b0aec4,1156120000,1,m.jia.com/*
4d83300d471ce789a8081738d4a8473e,1156130800,2,m.shj.cn/*
4e30414c4a49aa826a2540914dfbc404,1156310000,2,m.jia.com/*
4e60cb0aa396a2cda0b74b54ab9f0126,1156120000,6,m.jia.com/*
4e931b3522befe0ad2f06310f4900610,1156120000,1,m.to8to.com/*
4f464e1c6dfca37a019c98bc31e6330c,1156120000,2,m.jia.com/*
4f4cd74acd718ca394b160ef462739c3,1156371400,2,m.jia.com/*
4f84c2d6f09d032a314fb32a5df12cd6,1156120000,1,m.jia.com/*
4f8d2b58fa71163094b29e878fd70fe9,1156120000,1,m.zx123.cn/*
50213de050823bbe2d9fd94392a55cb1,1156120000,1,m.to8to.com/*
513f2af8a2863b2608f8917d86233f26,1156120000,2,m.to8to.com/*
51da388624b8f1cbc6aca1b7ca0b43a7,1156120000,3,m.jia.com/*
51da388624b8f1cbc6aca1b7ca0b43a7,1156120000,2,m.zx123.cn/*
5225a6a4faba2a0595476ac67ce2a5c2,1156120000,5,m.jia.com/*
5229f46785e44f17fddde9f2642286ce,1156131000,1,m.jia.com/*
540b140aded297e11c5377c791030e33,1156440300,1,m.meilele.com/*
549e2212001da04b7ec913075e47feaa,1156120000,7,m.meilele.com/*
54c36c4a10bcf1f3cc5e84eedad5520a,1156120000,21,m.jia.com/*
5508e80aa42aa0db05fb931c4221a467,1156120000,30,m.jia.com/*
5556d039eb90c27b83d03bb5284b3ed0,1156120000,1,m.jia.com/*
557f4ecf1b9c4917291c13dc10f119fe,1156120000,6,m.jia.com/*
566ce311a6f81ab85dd8c52772422ef0,1156120000,25,m.ikongjian.com/*
56ccd22e8ae2044f4a2dfb169d95d932,1156110000,7,m.jia.com/*
5827348a4eaac58ccb3fad09aa132302,1156120000,12,m.jia.com/*
5827348a4eaac58ccb3fad09aa132302,1156120000,4,m.shj.cn/*
58548c504a0ff7a2c71cce11d3460c9e,1156120000,4,m.jia.com/*
58be4f9102cceafa751a153b423850ea,1156120000,1,m.jia.com/*
59c0f1b359f5b6a0c89943a366567d9a,1156120000,7,m.jia.com/*
5adc63346c8cda12945b23574d67f51a,1156120000,21,m.jia.com/*
5aeb15382cc14e8528619e2978a018d7,1156120000,2,m.jia.com/*
5b5a94f9de881d725ebad6933fbe2eea,1156120000,2,m.jia.com/*
5ba756f8d302a06d72d7f549dd3ba32b,1156120000,1,m.jia.com/*
5c05133c45ebe6090fc014430ef2003b,1156120000,2,m.jia.com/*
5c6a4d09a62b585246774f97dc802559,1156120000,6,m.jia.com/*
5d68876d549b121d1cf40af250e1b72c,1156120000,8,m.jia.com/*
5dc826ecc8f0bd111500d52b8d8303a2,1156120000,4,m.jia.com/*
5f4cca113188b6cde5fdf38e7e2af6fc,1156120000,1,m.jia.com/*
5f6b122836666bf6a13a8e22fcf9ff42,1156120000,1,m.ikongjian.com/*
5f943f4807132386c1bb39fce0c8a7da,1156120000,1,m.jia.com/*
5fbc0cbda7e1590e04003b8bd107a0aa,1156130100,40,m.ikongjian.com/*
5ff3fabae81477b8f75e22cdde6ea7ed,1156120000,189,m.meilele.com/*
60182543c54c160c14a89709c07b2211,1156120000,61,m.ikongjian.com/*
602dd63d10c1162e4af949304eb66bbb,1156120000,1,m.shj.cn/*
61187212f3c451c475852b5a0850f9e8,1156120000,1,m.to8to.com/*
6143e5fa9ba9c0a2e076f48ebffe6c30,1156320300,5,m.jia.com/*
61aa58b9bd95708880cf28fcc932d8b5,1156120000,10,m.jia.com/*
633a384112b60df82f0cfa1fd38301aa,1156120000,3,m.jia.com/*
63b527b04a49fae12d8e4fb34d967d46,1156120000,4,m.zhuangyi.com/*
63b8f28bc988e25f5c83d6cdbd68c040,1156120000,6,m.jia.com/*
63be4e4eecda3c428f7df602ebf47156,1156120000,1,m.to8to.com/*
63f472d5ba9ef7a1acbe4e29cc2d8026,1156120000,4,m.jia.com/*
65938efc7b59bac4bf76d33351d26422,1156120000,1,m.to8to.com/*
669c64c7c201b75a64d7a7203795692a,1156610100,1,m.to8to.com/*
67793896316108963fa7249ef7dc03d7,1156131000,40,m.jia.com/*
6783c0235707756c932a77b9632f5113,1156120000,3,m.jia.com/*
68647442bdf4a356ebeebe549da80489,1156120000,1,m.shj.cn/*
68f801b14edab15f7954609af9f2bc33,1156120000,1,m.zx123.cn/*
695845c4161a2df7f1b095b3a30eb94c,1156131000,8,m.jia.com/*
6a0971d7db7a98edcc0de807ea5fb5b2,1156120000,44,m.ikongjian.com/*
6a4f6ea44f5a81c57aa6636ce67e39af,1156120000,1,m.jia.com/*
6a71b837f70883d8d25bf66bfeaba122,1156120000,1,m.zx123.cn/*
6aba2bc5d65c6f3215cac2a57f40d217,1156640100,2,m.fang.com/jiaju/*
6ae6980babcc8898cdbc617a20d41d7e,1156120000,3,m.jia.com/*
6b5fb2dbb53ef0e10e45a7f7d7754eac,1156131000,1,m.jia.com/*
6bf12b91951c8a54bca9cd053b14b0e7,1156120000,3,m.jia.com/*
6c1008b2c431c8ebb6ae197f8229b9b7,1156120000,10,m.jia.com/*
6c16c119546eb564dee00442495f0656,1156610100,1,m.jia.com/*
6eac6949e7f92bce7a231314614a7ac5,1156120000,1,m.jia.com/*
6ede4c6ed72b1d0ad1cd6dd1bafba8c4,1156120000,1,m.jia.com/*
6f175137d6402570944c70f58bd59534,1156130600,2,m.jia.com/*
6f3e76a16d5160401006cf696a48a7ac,1156370800,1,m.jia.com/*
7001ef96f05d75f8a06fb335fdf6e76c,1156231200,10,m.zx123.cn/*
71ed608c579132a9f406c6d6d03ca78b,1156371300,17,m.jia.com/*
7249fab0cf56060de3908eecdf373aa5,1156120000,7,m.jia.com/*
733c18000559dcad804f3413c93f0930,1156110000,23,m.ikongjian.com/*
73584092763d257b31ab0dc66281011f,1156430800,35,m.jia.com/*
73979dc698601ad29d138036aa458d17,1156110000,14,m.jia.com/*
750857e806980e52a33c9e32a1160314,1156120000,2,m.jia.com/*
76175d6db03dcc28e37fda50fca5160b,1156120000,4,m.jia.com/*
762c5fe81f2f2dee4f423cf6ed25d578,1156120000,2,m.jia.com/*
7635bd43043edfc9ed1482882c0fc2ae,1156120000,3,m.zx123.cn/*
7699bde8e41b3a350b6623901a8c30a5,1156120000,2,m.zx123.cn/*
77a1fd6ea709d4011667bac3f763e44e,1156130200,1,m.ikongjian.com/*
77a7cfd4a8ac4474323a82558062180d,1156120000,8,m.meilele.com/*
77f6e11a111e9ce877a0c303193ba61c,1156320800,26,m.meilele.com/*
780e295e42cad07ed5af751cae3088ba,1156120000,1,m.meilele.com/*
7874a2e9aa2de094f1b5381518a691de,1156120000,1,m.jia.com/*
788d1f6572c8f45f8dd94cc6b6e48c8e,1156341300,2,m.jia.com/*
7a275f5e35d45bae4cf49afb2c5f7d2a,1156120000,3,m.jia.com/*
7a30c5bf2acdbd20b1fef44f6fed2aee,1156120000,1,m.zx123.cn/*
7a87777f70f9e57100b631b6ad40c46b,1156120000,15,m.jia.com/*
7b0e4289f32dda6ebb30339f55f1e793,1156120000,2,m.jia.com/*
7b416712cebd6d778c7b3ca17c6ab34e,1156120000,14,m.jia.com/*
7bb5e97d036f72230ac43559df069e7c,1156110000,25,m.jia.com/*
7c493d50f0894fab9f80ef9ad0dac705,1156320100,4,m.to8to.com/*
7d56f3778f52b43bd9ed45278b52e642,1156120000,3,m.jia.com/*
7d808191070257004ef9cf2ddbfc05fa,1156120000,3,m.jia.com/*
7dcac1f63a59887b51ffda7cae1612e7,1156120000,2,m.jia.com/*
7efdb623249e797128d72cfb85ed15c1,1156120000,7,m.jia.com/*
7f91640644de3acaadfb73ba7e9fa053,1156120000,2,m.jia.com/*
80a3391bfac9a5db6878f2c034564b51,1156120000,3,m.jia.com/*
80c5c2e825733f56f3ea3c68cec2a958,1156120000,4,m.jia.com/*
80cb8446963019df4fb5940cfeac3d1f,1156120000,10,m.jia.com/*
812afaa1ef2bb91529729aacdd782b3e,1156120000,25,m.ikongjian.com/*
8141dc954bb03f32ce3d90745b8fa182,1156330500,2,m.jia.com/*
8220941f6d737b38763435a7916d058f,1156120000,2,m.to8to.com/*
82225a7aa16b16c426b040d9e5e9b862,1156330100,3,m.jia.com/*
8332384424bb913422feb6d2c91622ca,1156610400,8,m.jia.com/*
841f9282f88a82cdcc1d42ee01a951b3,1156120000,1,m.jia.com/*
84c3bb6c3a59e84b53b5397570f4a4a5,1156120000,2,m.jia.com/*
8505f177c5e22474e3bb305c15e638cb,1156110000,2,m.jia.com/*
86911632f364db0f06074d61c0c355fb,1156110000,14,m.jia.com/*
876275047df743e6ce2f40025d11d203,1156120000,11,m.meilele.com/*
877dcfc2f3cdf3502b092ef3f9ae0134,1156120000,6,m.jia.com/*
87d867323d9f5e38507c8d4c1171919a,1156120000,7,m.jia.com/*
87e2d7a0b418bd0e21a9d9782654e8b8,1156130200,4,m.zx123.cn/*
87f1ab4701872c8f8ae747389d6fab34,1156320100,1,m.jia.com/*
8851a48e40a37daec895748e3353d147,1156110000,3,m.to8to.com/*
88a9b9866bb024194a27d084b08f030d,1156411300,2,m.jia.com/*
88f1da49e4d96e790724893a57c87878,1156120000,5,m.zx123.cn/*
88f1da49e4d96e790724893a57c87878,1156120000,1,m.zhuangyi.com/*
894e0735f948be7a7abe12f3e81a02d5,1156130400,8,m.jia.com/*
89b66eaffeb6bfc5eeafe921f8786fb5,,1,m.ikongjian.com/*
89c34d99245b13e95f1a6a8a4932645f,1156120000,8,m.jia.com/*
89dae56346bc69a39b556a9a6f6ae3e8,1156120000,1,m.ikongjian.com/*
8a375b78f12e6275fc07ebcec4d40911,1156120000,3,m.jia.com/*
8adf8d1b0f4af1ce5925e9a6200872e3,1156120000,1,m.jia.com/*
8af36af27819e4b645d879ec53acdb06,1156120000,3,m.zx123.cn/*
8afa34e5914b569b47f6656bd0dabc05,1156110000,2,m.jia.com/*
8b668a8188426f212e30c6362b07e690,1156210200,12,m.jia.com/*
8b68650e5aa62f322bda4c3fda6b5b4a,1156120000,1,m.jia.com/*
8b86a1d9b2dc431ec8c6e43b53bef68e,1156120000,10,m.meilele.com/*
8c16e592e46f4e445b8551669eeeed58,1156510100,5,m.jia.com/*
8c7c90efc02605736298a83eb8cd403b,1156120000,3,m.jia.com/*
8c8cc454cc98fd24c97688ffc4a1234c,1156120000,2,m.jia.com/*
8ce38c3b8b3050be39730bde9984747d,1156120000,1,m.to8to.com/*
8e66174c78b4ef9d9b9627607b7c97fd,1156120000,47,m.jia.com/*
8f0351521f595cfdf8a4bdb419492a9a,1156120000,10,m.jia.com/*
8fde2ff787c6d464c34c8eda26762e29,1156120000,1,m.jia.com/*
90a1f1741c47a2ce7c1d45d252c0db70,1156522400,2,m.jia.com/*
90ce57664bd79ed89b1765eb6c52b4fb,1156120000,1,m.jia.com/*
90e363f6a55a7e8edbce6d0acb6967fa,1156120000,18,m.jia.com/*
91f1f9e7240fb930c36a3eb8f9b7d618,1156120000,1,m.to8to.com/*
9235b7898670908e1818920651bc0b90,1156120000,16,m.jia.com/*
92ef3780b9b41a312b46bc219da1b3ab,1156120000,1,m.to8to.com/*
9347f6ae2dcd25e72ed611eedaf487d6,1156120000,3,m.jia.com/*
9370d58a290ee2df664e8a6beec3bf18,1156120000,3,m.jia.com/*
9370d58a290ee2df664e8a6beec3bf18,1156120000,2,m.to8to.com/*
949bffb8449cbc102fd9141fa18ac9ef,1156131000,8,m.zhuangyi.com/*
94e44f5ee60bb7218c21fc8da86d4174,1156120000,2,m.jia.com/*
94ebb1fb6d0f64c4de5f5d69b45c0a67,1156120000,6,m.jia.com/*
951d352f74add1f29c93419a69d2a417,1156130100,2,m.jia.com/*
95fef5f57d8a853409854ff0abcfa4cb,1156120000,1,m.ikongjian.com/*
962c1fbee267787b9da770bf9958450f,1156120000,1,m.to8to.com/*
970b7ba8d969fa4c08e2c77d7810c7a5,1156120000,2,m.jia.com/*
971551b851a978e26a450debacd8af63,1156320900,2,m.to8to.com/*
9728da4d407b4cd117e2cb15e21ed4b6,1156120000,2,m.zhuangyi.com/*
9776e0efb67794e3d67f413df9526233,1156120000,1,m.jia.com/*
977718ac5e9ae89a879f171b4cb8a9aa,1156130900,67,m.jia.com/*
98967c932aea2382417f59afd624a1bc,1156120000,1,m.jia.com/*
98f84a1f67171f96a061715bbdc27dbd,1156120000,1,m.jia.com/*
9a085ab69aa861c626b938ed6d195091,1156120000,3,m.jia.com/*
9a223173bd6b1720a6d51e6292c65344,1156120000,1,m.jia.com/*
9a715d560b27f846401102a644188031,1156440300,1,m.to8to.com/*
9a9c422d83c5844fcd02695be34d0573,1156120000,70,m.jia.com/*
9aaaf8c4aa163591ad36c8db4c3a8a09,1156410300,5,m.jia.com/*
9ace16d40ecc84080ac5ada73f8d6f5a,1156120000,5,m.jia.com/*
9c6e3d73ef5221d90fc1264ad8e38d15,1156620700,4,m.jia.com/*
9c7a4806bb61fc4b8fe0a6784f5fa555,1156120000,2,m.shj.cn/*
9cc45b1dd716155385be1f0154710d7f,1156120000,4,m.jia.com/*
9d1500c3cca91924f364d8c87a1e4b3d,1156120000,1,m.jia.com/*
9d798c7255dec2cef662b570dd5b2193,1156120000,1,m.zx123.cn/*
9da06180d4831a5330bf913389a59af8,1156120000,14,m.jia.com/*
9dd803918891970f0c8aa30bddf1edbe,1156340800,5,m.jia.com/*
9ed0a7636cf254777aaebc76b5113992,1156120000,4,m.jia.com/*
9ede2d699564ba8904183e19a645af71,1156120000,1,m.ikongjian.com/*
9f1c6919f227b65789777c0ad9b8a91b,1156120000,50,m.meilele.com/*
a002f5b9f72bdd3335e242ec3055437f,1156110000,2,m.shj.cn/*
a012157282e2aab876204d938ae82124,1156120000,3,m.jia.com/*
a09b1f4b83834f47f77d63acba83b253,1156120000,1,m.meilele.com/*
a0f640e09cf02a0077d961ee5fd25686,1156130300,2,m.jia.com/*
a10346e7e2fe9d7173148efbc37b0da0,1156120000,1,m.jia.com/*
a1ae526e21e0043afa9bb7e6ad481b5b,1156120000,7,m.jia.com/*
a200c2dc05195eaae4b218f48838b758,1156110000,5,m.jia.com/*
a2293bc633625c217f954a1f573094cc,1156120000,1,m.meilele.com/*
a347f14603496963620e1e43cacf5be0,1156120000,4,m.zx123.cn/*
a4c5396550416c4c2d09d1bd43ba4710,1156120000,1,m.jia.com/*
a613178f8e8974e33f1e21e643fc8d70,1156120000,10,m.jia.com/*
a63f1d767b9a879f7f4f7b1178778787,1156120000,1,m.jia.com/*
a6a8da95f7f0196e5270b5bdb77cbbd0,1156120000,4,m.jia.com/*
a6ba7f8ba012cdc24653b3fbd1ee2a26,1156120000,3,m.shj.cn/*
a6f52c4f87b8a946a377a5d1955433de,1156120000,2,m.jia.com/*
a869d75aeb525be3ac6b2e41df49d346,1156120000,1,m.zx123.cn/*
a92ca02f32354902298cdc7483fb5cf4,1156130900,12,m.jia.com/*
a9a32760403b2bab7ae3557297eb60f0,1156120000,17,m.meilele.com/*
a9fec75277a514561c16aeefcc96eb2e,1156120000,53,m.jia.com/*
aa3a93603a008099177427d6ce2d8e76,1156120000,3,m.jia.com/*
aa3b0bc8530f0bd0a43a3cafb8e74a99,1156120000,4,m.jia.com/*
aa9581ee8278ad7496e5568ea935842a,1156120000,14,m.jia.com/*
ab3a8b665ecf434fea8fb23ffd028c24,1156320500,218,m.jia.com/*
abc0635aa71e55998818c03f119cd711,1156120000,1,m.zx123.cn/*
ad0fd7e13a009f83bd6069676db6f4ee,1156120000,10,m.jia.com/*
ad40b626356df3f2dc9e5ae81ccae58c,1156411400,1,m.jia.com/*
ada4617b254c2ac2442b965c08dd5048,1156310000,7,m.jia.com/*
ae4fdf04fb33af298daf9e4665a9cdd6,1156150400,2,m.meilele.com/*
ae5833c1ab3164c29e2a7f0dab2a2294,1156120000,1,m.jia.com/*
ae88acdad8e0fbc9c0f3c3131f54f5ec,1156120000,8,m.jia.com/*
ae932252931529b7e2e17110fcd04654,1156120000,1,m.to8to.com/*
af56cc97514b0dc008939cde681e7e59,1156120000,3,m.shj.cn/*
b0195f7de845930fc165703c068193fb,1156500000,1,m.jia.com/*
b178254f91e7c4509409064c6a225c06,1156120000,3,m.jia.com/*
b3f4a10f70e36495a80adbc2633bfe94,1156120000,3,m.shj.cn/*
b47ca942d7d844dbb7b1bdfd20136495,1156120000,2,m.jia.com/*
b47eae6f71f7250cf63ff8d509dd7c63,1156120000,1,m.jia.com/*
b4a9238caafe202caecd39813e75d60b,1156120000,1,m.to8to.com/*
b51446f3ca5578a1bb02d7290f22c5a1,1156120000,1,m.meilele.com/*
b540fea7555332c70e460c48bd270aa0,1156610100,23,m.meilele.com/*
b5bd76d9d32309c7714bf495369d8c63,1156120000,2,m.jia.com/*
b6015e59cf68545a31d7d3acb86f1a5e,1156210100,5,m.jia.com/*
b687cf82220c19c46ecd23b342aa43f6,1156120000,1,m.zx123.cn/*
b6a814dd259f34a1d2ebac86ea57deeb,1156510800,7,m.jia.com/*
b6e60d45079cbc77b518b302c196b441,1156120000,7,m.jia.com/*
b6f9e0a784a3f5951346fb6aadb115b7,1156120000,4,m.to8to.com/*
b81423e87cc7f37bb9c0172cb2d8c54f,1156120000,1,m.ikongjian.com/*
b878c307f4d4ccb12259f57308c56158,1156120000,2,m.jia.com/*
b943cf6ec4e36b2321c8a1626dba4c88,1156120000,1,m.meilele.com/*
b9c027016715e575747705c7b314230c,1156120000,3,m.jia.com/*
ba323ebe6e77b483c31a33ea8a4ee0a4,1156310000,4,m.jia.com/*
bacfd95673dae10c7fda80920be72c21,1156120000,1,m.jia.com/*
bb1fcd195c22c72f72d0397dd550f24d,1156120000,7,m.jia.com/*
bbc0d452c00679facc4b16a5944127da,1156120000,2,m.jia.com/*
bbedbbdeaab45d2bb33df8154d2273f2,1156130900,5,m.jia.com/*
bc6df03aa5b4930386c982434fb2e34c,1156120000,6,m.meilele.com/*
bc919a88d4d3fb68bc10d9cc45dd1c25,1156120000,1,m.jia.com/*
bd0707d23876ee0477140e10a62785da,1156120000,1,m.jia.com/*
bd0738dd80d10ee85d2b2e6d4d3786d8,1156120000,5,m.jia.com/*
bd272c042f2555e5952498cb5224d488,1156120000,1,m.jia.com/*
bf4d209eb46eca08de17096f95349c71,1156120000,2,m.jia.com/*
bfa69f4c1dfc5a752cbacc0bd48d7e6c,1156120000,1,m.ikongjian.com/*
c0e837ca82af35aa09b3ba5fd72acc57,1156120000,19,m.ikongjian.com/*
c10e16f5a2c0f95061c514542ffec0f2,1156371500,4,m.jia.com/*
c114f247bef7dfc7c17f5e5861e07847,1156370700,45,m.ikongjian.com/*
c116639af6f96ab14e1f7b0cb175749e,1156120000,6,m.meilele.com/*
c1f5f5c5e04921f586b5b65746839514,1156120000,20,m.jia.com/*
c265dad328c46853d76a12c401d8023c,1156131000,3,m.jia.com/*
c37d4385041dcbce3ae6710286345da2,1156120000,1,m.to8to.com/*
c3812a25c94d1bfcab5ad798ab3625ff,1156120000,2,m.jia.com/*
c3e974a3b74b6d2d577566943608cd90,1156110000,2,m.jia.com/*
c4287cf82d1fbb6e6bb2f8ad0fbbf010,1156120000,1,m.jia.com/*
c530441b1312b265c47628585bc5da13,1156120000,1,m.jia.com/*
c5665556a83da883a61dc1d0b704a7d2,1156130900,1,m.meilele.com/*
c5b3abef7afd75ea7146bcd2beb44cdc,1156120000,22,m.jia.com/*
c6953aae7fb439d658e69f9b1291851b,1156120000,2,m.jia.com/*
c77b4ba9023f21175af33f3b46c5d9a3,1156440600,1,m.jia.com/*
c77bdf0d6a5e7b88be00248bd4d144d6,1156120000,3,m.jia.com/*
c8bc0d7a24752610304fc0d063ad04e1,1156120000,30,m.meilele.com/*
c8c00997c88b083645279c8c8eb53fc4,1156620200,26,m.jia.com/*
c91ee1b8e2ce83f6bb2e289309a05472,1156410800,1,m.jia.com/*
c9e8ac37a8159389eac546631b640354,1156120000,4,m.jia.com/*
ca120792fec53c83e2e54026be832dca,1156120000,2,m.zx123.cn/*
ca5d392ba9f7e9510da6194500e2a480,1156130200,1,m.jia.com/*
ca806738c1f42ce6edffe9a90b04a1a6,1156120000,2,m.jia.com/*
cb4f168bfe8065cd4d8e513992eda06d,1156110000,2,m.to8to.com/*
cb6460e2523bbb6bdfe173131ae25585,1156110000,26,m.meilele.com/*
cbd515b17f4380c7d71cf071107b343b,1156120000,3,m.jia.com/*
cc09bef7297e4f07d2afbd7036c5335b,1156120000,2,m.shj.cn/*
cc5dd32378156c586c819a82c77a5abf,1156120000,1,m.jia.com/*
ccb08e2052814501843384df3074b897,1156110000,1,m.jia.com/*
ccdd9fdc64700bdafd2c5a38cccb5f30,1156120000,2,m.to8to.com/*
cd81097d2cd4e572ab7e593021abd5ff,1156630100,1,m.zx123.cn/*
cdd69b51def36583eeb48ee60db45149,1156120000,57,m.meilele.com/*
ce21bd7538ffe8c7100398d09ffef1b4,1156120000,1,m.jia.com/*
cf3ca962db966088183d5bcc9144627d,1156120000,7,m.jia.com/*
d00bf599c72eddff67f9813135d80ab4,1156120000,1,m.jia.com/*
d37a909dfe8a02b714e22273be855b2f,1156120000,10,m.shj.cn/*
d3adea2c062ced982cab75330f63d923,1156140600,1,m.fang.com/jiaju/*
d3ca0864bda95741cb6506a7e8bef00b,1156120000,2,m.jia.com/*
d43308213d506fb355d2c308fe3f8c8c,1156120000,1,m.meilele.com/*
d44777fa288952cbfccafe0b06cdc44c,1156120000,4,m.jia.com/*
d4d2e2170288c3cdd89a30da6aec69b6,1156120000,1,m.jia.com/*
d5981a4084f62b19c3feabdcff7d00de,1156120000,1,m.meilele.com/*
d5e6d56468df324968e272e48fb327f2,1156120000,1,m.jia.com/*
d61f0696730dbb69badc5cf2a7db212d,1156120000,1,m.shj.cn/*
d6ea955523d33885a2bf3bbdf07e6a53,1156120000,20,m.jia.com/*
d7230dc786c3a80cda292f94e22a4178,1156120000,5,m.jia.com/*
d78166f36b9c23a52b7b9ae4c2f4057b,1156120000,1,m.to8to.com/*
d7bd7b998c683029a198cdf26ff8d701,1156120000,16,m.jia.com/*
d7c34a171961ab0fbd24d9713fe3e2ad,1156120000,4,m.to8to.com/*
d9177acea104b1b9ea261cb5310f34fc,1156120000,1,m.jia.com/*
d96cfc223f0db0e8e44f29f98567980f,1156120000,1,m.jia.com/*
da1692f5d9cf0a13afdd97d6427ce8c8,1156120000,1,m.jia.com/*
dada6cff44fe1fa44ead00d5ec9656b1,1156120000,9,m.zx123.cn/*
dae55afb189646d706664020b943053b,1156110000,5,m.jia.com/*
dafbb54e5f2ade001a606f95033020b5,1156120000,4,m.jia.com/*
db2fe713fe39737e29a3cf1efe8a8a63,1156120000,1,m.jia.com/*
dc21e8ba4b98c90ada883f97af00f5ef,1156120000,2,m.jia.com/*
dce1a56356652605390f9fc857421470,1156131000,2,m.zx123.cn/*
dcfb7a0d12b14316e255aa98804b279f,1156120000,1,m.zx123.cn/*
dd1f54c178da157fb777e6c057f94c9b,1156120000,1,m.zx123.cn/*
dd2ca7c3e3dc7577c257e639d0c3df17,1156500000,4,m.jia.com/*
ddf50e9149cf422dab00bf18af658457,1156120000,1,m.jia.com/*
de36f23ff540a385d51af97933f1e381,1156120000,1,m.jia.com/*
de4d9f8dcf25dd1dc71b861829a23eb1,1156120000,1,m.jia.com/*
df1944a036f6989545583d16904d284d,1156120000,1,m.jia.com/*
df301ba98fd811617d55a0c37b8b7522,1156610100,2,m.to8to.com/*
df7748d7f2dccc7f5eca366fe14e7298,1156330500,1,m.jia.com/*
dfc6288e6aba962d076d173eae6e0072,1156120000,45,m.ikongjian.com/*
e079505a3942ab936a404f9c4a6b8038,1156120000,1,m.jia.com/*
e11d68a45e924710209fb3a07a78e554,1156120000,10,m.jia.com/*
e1573761bf2ce004ad13c27d699f135e,1156341300,6,m.jia.com/*
e1b5bfe171c49d56459b50e2e375bf4e,1156110000,13,m.jia.com/*
e243988afac2357c6281892e5e665acb,1156120000,1,m.jia.com/*
e38253fb0decf7a92634986fdb23fd9c,1156131000,1,m.zx123.cn/*
e3c915b27cec7bd3cacb64d112f3a3eb,1156120000,3,m.zx123.cn/*
e4b84de346f6e214b1e72eb782fb81ef,1156120000,8,m.meilele.com/*
e5b4eeed362f60e36a9e0b034807cb84,1156120000,1,m.jia.com/*
e5cd474c5e28ea4511a7fe2bed56f54a,1156120000,1,m.jia.com/*
e61de6e1bf05e39c93aadb9bc9169e7a,1156120000,2,m.shj.cn/*
e7c89381c736bb001964855e322bc1e5,1156511900,1,m.jia.com/*
e8086a19260a3da8b7f463d7d18ebc95,1156120000,6,m.jia.com/*
e85766fda5bf9bee8756c26f4b74c918,1156120000,1,m.jia.com/*
e8a96abbb641ec60ccfac4303e50a26f,1156120000,1,m.shj.cn/*
e8d60fbf1bd4f0c38e6452da3b7fe059,1156130200,1,m.jia.com/*
e8e704d816cc1ea93239a0330e4ca5ce,1156120000,5,m.jia.com/*
e947c0b2a5de8a6570d83a15b17d15bc,1156130400,2,m.jia.com/*
ec418ef6f10b3ae10e13b2ceb4541e14,1156120000,14,m.meilele.com/*
ed000ee996aca984f3ca8009e71e7eb4,1156120000,4,m.jia.com/*
ed8bc7e6f760cf4a10c56ed879df000b,1156120000,5,m.jia.com/*
f03510ad7f88c8f88d7f2c05ecc515bd,1156120000,5,m.jia.com/*
f07e4ba373fb8d376613366930c3dee0,1156120000,1,m.jia.com/*
f09efadefcc257a9eb88e6265f76681f,1156120000,3,m.jia.com/*
f174d094e2ead318b188d701bba5c2c3,1156130200,1,m.jia.com/*
f195a3145428e30f20779580901c6d3b,1156120000,1,m.zx123.cn/*
f2d0b3b3af85e19ae7e67d0595a6753a,1156120000,4,m.jia.com/*
f360c1dc74e9f95e81d119573ce5d64d,1156120000,1,m.jia.com/*
f360c1dc74e9f95e81d119573ce5d64d,1156120000,1,m.to8to.com/*
f38b375ee5a0217b55ebd60545fb2a77,1156120000,4,m.jia.com/*
f419dd4b571601fd83fba42fdfb16786,1156120000,3,m.jia.com/*
f4bd55aba02e7346fa6e33858508ebac,1156131000,102,m.ikongjian.com/*
f58f6e10fa58d6c2f91476d1bd403187,1156120000,1,m.jia.com/*
f60e48c8ebc19c11720b1f5e3eada4f5,1156120000,24,m.jia.com/*
f624ecd8dd9c16260b8a61bafceecf93,1156341200,2,m.jia.com/*
f62e517f450864e51530433876dbe51f,1156120000,1,m.jia.com/*
f67acba3bf50240ce45129a065256d50,1156120000,356,m.ikongjian.com/*
f6d960af69a206d06503bb462bad7332,1156120000,3,m.zx123.cn/*
f88624de20fae1a8ada3d369023b0c99,1156120000,5,m.jia.com/*
f8beaeab18c9a479f4fbd241d514586a,1156120000,2,m.jia.com/*
f9043b6f003c004125a4564598487b11,1156120000,1,m.jia.com/*
f9801f4a02233f020707fd3e63e7342c,1156520300,9,m.jia.com/*
fa8e534449ee90efe778ce35191b40e8,1156120000,1,m.jia.com/*
fafb8c9b9a1b7684defb0b5aaaaaab79,1156220100,1,m.to8to.com/*
fb27cf28392107afeeadea0c4e0a03e3,1156320300,1,m.to8to.com/*
fb55255e0041dd4fde3f1bf71285ac0c,1156130700,2,m.jia.com/*
fb5708add29492bc53d333bed67ac621,1156450100,1,m.zhuangyi.com/*
fc0676ca64a60bf78ddce3e9d476a310,1156120000,21,m.jia.com/*
fcc5785c7b9981352990756978340747,1156120000,13,m.jia.com/*
fcded197a6952f5a327ddb3543dbde49,1156120000,1,m.jia.com/*
fd09e9ce59e4350ed541a9c5a1d76e16,1156130700,2,m.jia.com/*
fd90f6314ef1f68f0c9e06dbd3d3135d,1156120000,1,m.to8to.com/*
fd94864f321773065427670bf538b6c8,1156120000,1,m.jia.com/*
fdb9c0bf1f122e27f0495ab9d992fa7c,1156110000,15,m.jia.com/*
fdc12db81b62615cb1c68fb2634ec8c0,1156120000,1,m.to8to.com/*
fe48376e239341dac506fd803eab8faa,1156120000,1,m.jia.com/*
fe77f893c3118e0401cdedcb5e9c1ad6,1156120000,1,m.jia.com/*
fe9783e835084027a8dd1052ffad9565,1156120000,14,m.meilele.com/*
ff2193b65932f76f440ce57490bc4494,1156120000,16,m.meilele.com/*
ff56ca1f32ce7102eca24d3fe5010f98,1156120000,2,m.jia.com/*
ff61c542452945f55a9b38f08b750565,1156120000,5,m.ikongjian.com/*
