0807ba7e7c2fb625f13d50345429d597,1156420100,65,www.jnlinglong.com/*
1d054236da043c386027b10725c94dbb,1156340200,2,www.jnlinglong.com/*
1d653f330b260e6362501c7b53a3efc0,1156620900,43,www.jnlinglong.com/*
29fde7a3d466bc32c9e3764f5dd4316b,1156350200,5,www.shanghaidatamarketing.com/*
2e02aea8c85c1a40647bc48d272a9b0a,1156340100,1,www.yldatamall.com/index.html*
327bd8da06e4677f8f13bd48947572be,1156440300,69,www.jnlinglong.com/*
45a0ad125d19a34d7581ee443cd1a23d,1156130900,40,www.dashujuyingxiao.com/*
488a679c0752dec34c93691955952dfd,1156330100,1,www.cdrzkj.cn/shouji/*
5362d0b45fdd4b2fc6173d016fe821ac,1156131000,1,www.dsj10000.com/*
5362d0b45fdd4b2fc6173d016fe821ac,1156131000,11,www.cdrzkj.cn/shouji/*
5775c4b274cbbc1152e7ecaebd5e5d69,1156420100,11,www.cdrzkj.cn/shouji/*
6bc5feea890c4b1cf61e5133b99e6b77,1156130100,12,www.cdrzkj.cn/shouji/*
8f5b7765c231331bb9070b6a9bea990d,1156410100,28,www.jnlinglong.com/*
92ec82eabf00a885a4649853621c36fa,1156610600,1,www.hzyiyu.com/*
94f733c2b45dac869e596ee73ef2de4d,1156610100,3,www.dashuju06.com/*
a0446eec36ccd4765b488e21f046be24,1156341200,1,www.cdrzkj.cn/shouji/*
baa3223041314e4e70a8ffcd4f7d2f03,1156330100,7,www.cdrzkj.cn/shouji/*
d717bd098512b4901a56bf40bd01a0fc,1156360400,73,www.jnlinglong.com/*
dd6cebc378396eee18ec40f5c8c142a8,1156150100,140,www.jnlinglong.com/*
e2df875cc8a0e432b05b0683ecbd2d52,1156131000,129,www.jnlinglong.com/*
e2df875cc8a0e432b05b0683ecbd2d52,1156131000,35,www.cdrzkj.cn/shouji/*
ec173f09ea9a13842437de0ae2206b5f,1156640100,5,www.cdrzkj.cn/shouji/*
fe6dc8ec9c97134e26c70814ff4a338f,1156410100,124,www.jnlinglong.com/*
