0009697918c4f3e16a717a54d53c177d,1156610100,25,ys2i1.sfy9874.com/*
00179965f53fc49b441d61fd58c853c4,1156130700,5,www.chongcao.cn/*
005bc354956669ae5116679ecf02005c,1156370100,1,www.chongcao.cn/*
00ec74ef45b7508fc4d653b23d1f6af4,1156621100,14,ys2i1.sfy9874.com/*
01019d42c684e116f5bcf8e7bae69506,1156411400,4,www.aizhigu.com.cn/*
0134561149aa838fccd06c30a2127484,1156652300,4,www.aizhigu.com.cn/*
013b18b9d4cfad1464d3b4ff98f95ae5,1156430100,1,www.aizhigu.com.cn/*
01bb66b4bf687b64505adee40495c079,,9,ys2i1.sfy9874.com/*
0289df25688f411ddd651f7013c447d6,,1,www.aizhigu.com.cn/*
0291b71bdcd3aa9c3794dc59b7735a5c,1156440300,1,www.aizhigu.com.cn/*
02ef01c90443ed03c065fac0b4d46178,1156530100,37,ys2i1.sfy9874.com/*
034cae15095bd8f580d1e9beafe850ba,1156120000,80,ys2i1.sfy9874.com/*
0372e2442596061d2263d4f770da74e2,1156450100,4,www.aizhigu.com.cn/*
03bdda5887e952a0a1d44d7fb8a9f2b1,1156621000,2,www.chongcao.cn/*
0468d825558ee64cbac8488df8181b98,1156220100,4,ys2i1.sfy9874.com/*
04b84e9b022e68583a8b77faa0f79742,1156441300,4,www.aizhigu.com.cn/*
04c95c460cac9d8700c74acd2066e9f7,1156511300,18,ys2i1.sfy9874.com/*
04e5c56b31500754a8c4d69151490b47,1156450600,1,www.aizhigu.com.cn/*
0587182b9c63889f63362bbe6c2b9c56,1156130700,30,ys2i1.sfy9874.com/*
05910e6c252f575f77809304a1a19bfe,1156610100,1,ys2i1.sfy9874.com/*
05af776931539459eb4d341682992767,1156120000,27,www.aizhigu.com.cn/*
05d388c455536de653110676387bb41b,1156130200,36,ys2i1.sfy9874.com/*
060acb1fd024cdb096a2702e5b201602,1156622900,31,ys2i1.sfy9874.com/*
06c80c7208f3435258674d7e8c10fb43,1156360300,2,www.aizhigu.com.cn/*
06d008265d2f2dce64e0925f27050b7f,1156542100,6,www.aizhigu.com.cn/*
06f561ec9d2ef1f9839d7a5acee19fe9,1156440300,1,www.aizhigu.com.cn/*
07512b2ac7e5c1d5d0d5cd567ecb65ea,1156410100,3,www.aizhigu.com.cn/*
075fc48a8c478f40b7275a736f50c410,1156451200,4,www.aizhigu.com.cn/*
082d6bdd487167e797cbcfbba13e53ae,1156610100,38,ys2i1.sfy9874.com/*
087bed13928641fab7eadb4c36711346,1156330300,40,ys2i1.sfy9874.com/*
089c04119f0dd16277c9fff81066f927,1156130100,1,www.aizhigu.com.cn/*
08a587e87d5b365712b3cfb8af01771c,,1,www.aizhigu.com.cn/*
08cf2ca5b2069e716d83e9c2534a31c4,1156621200,1,yanshi.bxryp.top/*
09342da59b0fc289006c6849d1934511,1156450700,3,www.aizhigu.com.cn/*
093c8950d4bb1185cd06a652f79193cc,1156420100,1,www.aizhigu.com.cn/*
0973868a5b15d944d63584c35f71a9dc,1156610600,7,ys2i1.sfy9874.com/*
097608ce6916b72ba5756d17ab4facf9,1156500000,3,www.aizhigu.com.cn/*
099c91020f8ed2a30e7a9f0f70f3faa1,1156620200,1,yanshi.bxryp.top/*
09c7b7e138ad7a3d4f20052449761f9b,1156510100,1,www.aizhigu.com.cn/*
09ee28455dcbe8fddaafe80d4ab04776,1156230200,3,www.aizhigu.com.cn/*
0a558ed566b0695a4c3cf15fa0d6e0a4,1156341600,5,ys2i1.sfy9874.com/*
0a60bff7df343bd9778f16d38414466b,1156610100,1,www.aizhigu.com.cn/*
0a67d05c921db3c788a55d079ebeabe9,1156610300,32,ys2i1.sfy9874.com/*
0aaf26a19b130d457117d9345be9f60d,1156610700,1,ys2i1.sfy9874.com/*
0ab45da34f9c3a61123fc8d226512a67,1156341800,1,www.chongcao.cn/*
0acb74f9709c8c6bcddabe6208375d62,1156320800,60,ys2i1.sfy9874.com/*
0afeda094a09148621c8a30ff43f331b,1156630100,52,ys2i1.sfy9874.com/*
0affb2f80972db90e589101fde2eff60,1156510100,33,ys2i1.sfy9874.com/*
0b5b3c8e7a76c51b7e4238dbcf5fc707,1156330600,15,ys2i1.sfy9874.com/*
0bc3eb29512524e7f22e7cfe29668647,1156610900,2,ys2i1.sfy9874.com/*
0bea83b2ce6dcad1e6de8e8552489e47,,2,www.chongcao.cn/*
0bf781b2cc3463c586fed51a07bf62a8,1156420100,1,www.aizhigu.com.cn/*
0c6096070bbdaf63f087ec7db606af16,1156330300,1,yanshi.bxryp.top/*
0c7eec0b0935bd922cd54049e2463abf,1156450100,3,www.aizhigu.com.cn/*
0c92932e819a93e0dcf9d1f38367a853,1156340100,1,www.chongcao.cn/*
0c9ce656a5395209b1bf62024e71c9b6,1156440600,7,ys2i1.sfy9874.com/*
0cd129ee6fd202b5514ae01952abf99b,1156610100,4,www.aizhigu.com.cn/*
0ce9e75d544deebcd442f6105d3a7394,1156450100,3,www.aizhigu.com.cn/*
0cf20208e41f167f1c805f3f0f271755,1156621000,28,ys2i1.sfy9874.com/*
0d0110fe976f01a01020c12f683bc367,1156620300,28,ys2i1.sfy9874.com/*
0d1c0ffbdd881b5891a0bea47fa4ef88,1156610100,8,ys2i1.sfy9874.com/*
0d64a7feb61d90882f7d932e9cc3b9ee,1156623000,72,ys2i1.sfy9874.com/*
0d7a00414c8b5416a2d23205dad814bc,1156330300,1,www.aizhigu.com.cn/*
0d92b48fce3cffabc8982bd7352f4c0e,1156500000,3,www.aizhigu.com.cn/*
0d9c103ffa034aece085ac67cea024b9,1156320400,1,www.aizhigu.com.cn/*
0dc9ae85a7f42d74211c5f0cbd609a58,1156450100,3,www.aizhigu.com.cn/*
0e04bc74d9ab0cf1c84e41e22f48bbe9,1156350200,42,www.aizhigu.com.cn/*
0e1df5688b89364a9eab7e8602ec094e,1156511300,1,www.aizhigu.com.cn/*
0f2851e57b6945c8568f48386e638c85,1156450200,1,www.aizhigu.com.cn/*
0f52882d9313d8a1e4365cc7b99522ee,1156330300,1,ys2i1.sfy9874.com/*
100ba089da459f446e46c3216d61f488,1156510100,25,ys2i1.sfy9874.com/*
102a330a49cd2c2d85dfe0edcde511ae,1156450100,3,www.aizhigu.com.cn/*
10891dcae648c810358d937b6d6209d1,1156360700,11,ys2i1.sfy9874.com/*
10d318bd9e0e074a85c9af4aeefc464a,1156440300,1,www.aizhigu.com.cn/*
10e06eb4d2005f4606731c63ef6de083,1156610400,1,yanshi.bxryp.top/*
10ef11ffc1fa286966fc2c72f1e4906a,1156510500,69,ys2i1.sfy9874.com/*
1145d339bcca9006143db7c0963d5a3a,1156330100,2,www.aizhigu.com.cn/*
115d58826405f2a4c106acae85c81d92,1156441900,33,ys2i1.sfy9874.com/*
117ab1bbb3363a8f53d1eb20f6d4ba05,1156522300,4,www.aizhigu.com.cn/*
117d583936aed8068e32c93847d18729,1156420100,7,ys2i1.sfy9874.com/*
11929b2af55c7df2b32e59c4f6b5b3ea,1156510500,30,ys2i1.sfy9874.com/*
11be4bec132c6792604bf1cbe2f1a3b5,1156441900,34,ys2i1.sfy9874.com/*
121e65c03ce3eda8729e42cb01a6cba3,1156450200,10,ys2i1.sfy9874.com/*
12a6c24d8636d166c4b8038125cbe6d8,1156210200,1,ys2i1.sfy9874.com/*
12d0422fbb46c21964a5bf0556bdda2a,1156120000,1,www.aizhigu.com.cn/*
12db883e3d16ad99900d4a6f013cbc53,1156451000,30,ys2i1.sfy9874.com/*
1324495f8646e4bc320bdc60ddd1f3a8,1156620500,3,www.aizhigu.com.cn/*
13473eda079c5c9dfddb0dfad111b1fc,1156350100,1,www.aizhigu.com.cn/*
138826b283fc90e42619262496ff026b,1156110000,3,www.aizhigu.com.cn/*
13b9fbee27784c4b8696c60c249881ea,1156500000,1,ys2i1.sfy9874.com/*
13fa16a463a6c19044c3c14e93f6993d,1156320300,29,ys2i1.sfy9874.com/*
141bef8dc46d422c322740eb4261d61f,1156440300,1,www.aizhigu.com.cn/*
15055353593354fde6c94892ab1cd44c,1156450900,1,www.aizhigu.com.cn/*
1545bf3383f8e459067b88ac4f9e41ad,1156441900,1,www.aizhigu.com.cn/*
158b9be6f6f3466aebf9c22cc3ac7982,1156500000,37,ys2i1.sfy9874.com/*
15d1630ac94f5128f9ab6e0470e3e661,1156441900,27,ys2i1.sfy9874.com/*
15e70aacb9e56f29e76995acdd45e8c4,1156532500,35,ys2i1.sfy9874.com/*
160417534f53a0038daa1d74c711b932,1156130300,22,ys2i1.sfy9874.com/*
162cf0f362826a37271a1b5906879749,,3,www.aizhigu.com.cn/*
163428ab1826f053abaf117f52b65f98,1156450100,2,www.aizhigu.com.cn/*
16c9a98f55728857987252b23e0e51b8,1156640100,1,www.aizhigu.com.cn/*
16e0414c7d2b74d6aca52509e846010c,1156350200,1,yanshi.bxryp.top/*
170391adc064492f8758c594b304000b,1156321000,19,ys2i1.sfy9874.com/*
17331c6ca793d472c2306557ecea79b2,1156211000,6,ys2i1.sfy9874.com/*
1774c7a81186b7f5dd28431971fc6c0d,1156460100,1,yanshi.bxryp.top/*
180522e08a280577779e45d52b5e031a,1156511900,16,ys2i1.sfy9874.com/*
182034c5ddd4ec4d17f302e57233a952,1156640100,1,yanshi.bxryp.top/*
189a4efb7dba24fb9a90867115861a7d,1156650500,38,ys2i1.sfy9874.com/*
191848e9765898c303ff1e694f414a67,1156450100,4,www.aizhigu.com.cn/*
194de3e4688e3b1917ace5d0715f7bbe,1156420100,1,www.aizhigu.com.cn/*
19507c7269a0cdf44416d86af49fc200,1156320400,34,ys2i1.sfy9874.com/*
195fdcca0492a3989c88d23a6859bd35,1156140100,1,www.aizhigu.com.cn/*
196bff2be1939819c247b90285eeae97,1156440100,3,www.aizhigu.com.cn/*
19d344faf9bcb40768dcfbd88c061aeb,1156430500,38,ys2i1.sfy9874.com/*
1a31cc02d9922daf320d37930047e984,1156410100,3,www.aizhigu.com.cn/*
1a6d6a1a79c72b42eead34a8dcd703e2,1156460100,2,www.aizhigu.com.cn/*
1a8c904d9840af5c5ffdf14c54b2b804,1156310000,2,www.aizhigu.com.cn/*
1ab6fece8b9a2ba86d6bae5e3c09933a,1156520700,57,ys2i1.sfy9874.com/*
1ac3f1ad6dee397c1795de95e50e421c,1156430500,2,www.aizhigu.com.cn/*
1adc66247f3f1694d728a87755ff8d0a,1156450100,1,www.aizhigu.com.cn/*
1aead81248ba8be2e9c502ab46dbeb42,1156320300,4,ys2i1.sfy9874.com/*
1b2ccba5fc49df5ff00001a6f36dfe11,1156440700,1,www.aizhigu.com.cn/*
1b2e67d0ecfa139946beb7ad17386888,1156652100,1,www.aizhigu.com.cn/*
1b44b23cc55abbf8e7829b3dd2be4a65,1156450300,2,www.aizhigu.com.cn/*
1b5b6bff06e4c5c045ea4b2b5d5f9c38,1156440100,1,www.aizhigu.com.cn/*
1b63f3efe641c42041ec3cee14a27d6b,1156450800,31,ys2i1.sfy9874.com/*
1c24b4abe03e95475499ef2450be63d1,,4,ys2i1.sfy9874.com/*
1c2da8ed4c743741b44ed92e4356db8e,1156231000,1,ys2i1.sfy9874.com/*
1c2ec5978863a50b24834977abaf8957,1156230600,5,ys2i1.sfy9874.com/*
1c411abb96a4879786908e6d4bde38cb,1156370800,36,ys2i1.sfy9874.com/*
1c51feacbc7aa1dac37be6af6564cf12,1156520300,38,ys2i1.sfy9874.com/*
1c57390f011d97e1d2b4917bb464ff13,1156220100,4,www.aizhigu.com.cn/*
1c9314ca2138804bfb48984d5bbe6aa0,1156522300,37,ys2i1.sfy9874.com/*
1cee57d91670aa2e98ae53a48a7e9f8e,1156510100,1,www.aizhigu.com.cn/*
1d2a9662baa07ddbee40ebe00e5f2876,1156450100,1,www.aizhigu.com.cn/*
1d4c5f152535905de7cd3d51b6aca320,1156350600,1,www.chongcao.cn/*
1d6c202d552db5a7cce6095b70d66518,1156321100,1,yanshi.bxryp.top/*
1dc61318a2df16a8099ae4717c7150e6,1156361100,29,ys2i1.sfy9874.com/*
1dc61318a2df16a8099ae4717c7150e6,1156361100,1,yanshi.bxryp.top/*
1e965b3017cf1964b88f91ad5e3b08f9,1156450700,2,www.aizhigu.com.cn/*
1ef425f7a34255c5f89136ca44f0831b,1156340100,1,www.aizhigu.com.cn/*
1efbd10aa4413bda499dad67c80c201d,1156610100,3,www.chongcao.cn/*
1f681500a0e0857d9b004a22b056801e,1156610100,1,www.aizhigu.com.cn/*
1fca1e9da171d0aab3cebee4070170c3,1156500000,38,ys2i1.sfy9874.com/*
1fe28bf82bd5215c796c15caf8b1a715,1156330500,5,ys2i1.sfy9874.com/*
201138d35a1cb24ed228e808038cdcc5,1156640500,2,ys2i1.sfy9874.com/*
201b9597c886ba2e885a739f4b45b29a,1156500000,51,ys2i1.sfy9874.com/*
202ab63be24714934d8ea848ce46235b,1156130400,34,ys2i1.sfy9874.com/*
20af3f95c8ebc5b25d4a05fd18570c9c,1156341200,1,ys2i1.sfy9874.com/*
20bac6f5f5195aed7f2910c6cc4e5a45,1156140700,1,www.aizhigu.com.cn/*
20d62810070435a1139a68afae47a9b8,1156450100,1,www.aizhigu.com.cn/*
20fb8a0d7f05796c60efa91d2f6ff567,1156320900,58,ys2i1.sfy9874.com/*
212ddbb84500262217497c2c8054b776,1156450600,36,ys2i1.sfy9874.com/*
21585193deb4726ca7bb22c04898f755,1156522300,22,ys2i1.sfy9874.com/*
21f4f57f3b2118dbd3ff73a1fd4daea1,1156441900,2,www.aizhigu.com.cn/*
21ff647658261acbb4816bc218d6f946,1156411400,68,ys2i1.sfy9874.com/*
22072a105fc842b21767d1b93740d82c,1156371700,1,www.aizhigu.com.cn/*
22352e8c634c6a58cb07f296831b0633,1156150200,33,ys2i1.sfy9874.com/*
223f3eb0ed86ce50ca9a5a94a5141c7d,1156610800,6,ys2i1.sfy9874.com/*
22d4a899f315412aaadd14f97a390cac,1156450700,4,www.aizhigu.com.cn/*
22de60cc07c7f7487c1ca8e47d49c2ef,1156450100,1,www.aizhigu.com.cn/*
22f62ab4ea7a6b4cdb1dcf26761ff69e,1156610100,1,www.aizhigu.com.cn/*
24005132c7cc344212f90194018d65ac,1156370200,8,ys2i1.sfy9874.com/*
24225b6d7e34fcdafd600ebe07087854,1156320100,1,www.chongcao.cn/*
244784f17f529899f96433038abaf6b4,1156340100,4,ys2i1.sfy9874.com/*
244eca01e6789de1c6450ef000b1c524,1156360700,1,www.aizhigu.com.cn/*
245d7e4a02064c13378e917d0ebbfc2b,1156620100,5,ys2i1.sfy9874.com/*
2476f2e39d0844797642b8942df35328,1156340100,1,www.aizhigu.com.cn/*
24a177c06673d195da09d87c997836fe,1156370100,1,ys2i1.sfy9874.com/*
24e24c589cdd9e819a7d9cd6e007cb89,1156210300,4,ys2i1.sfy9874.com/*
2558e8ab4358a7bf5778d7b4b249c962,1156450100,1,www.aizhigu.com.cn/*
25c850dd617ebe4ef24f19a183e7bca4,1156450100,5,www.aizhigu.com.cn/*
25df767e94878eaafde8b8276076f6f3,1156130500,1,yanshi.bxryp.top/*
2601088077b7062a5b742dfaa3969213,1156370900,4,www.aizhigu.com.cn/*
2643b924051cc55dd0d92d93f60aa3e9,1156411400,55,ys2i1.sfy9874.com/*
264cc784b1e74d29566f369a02908ef4,1156220100,26,ys2i1.sfy9874.com/*
26afffc4fef4fc942c3296b1485fa02d,1156220100,34,ys2i1.sfy9874.com/*
26c9d1cf4fa1b68fa8363d105a01dd81,1156610300,1,www.chongcao.cn/*
26d62498451dcfc6ccd84482c4953927,1156370100,4,www.aizhigu.com.cn/*
26e8d6ff86d842bef2edd5662f0cef49,,2,www.aizhigu.com.cn/*
26e8d6ff86d842bef2edd5662f0cef49,,77,ys2i1.sfy9874.com/*
26f70d2aca0ce82a4274da4d478b7eda,1156370400,3,www.aizhigu.com.cn/*
27661c598544f0384c6f4e514631c2f2,1156500000,5,www.aizhigu.com.cn/*
277c3805a50aad55c647bfcd216990fd,1156450100,2,www.aizhigu.com.cn/*
27ee554fe9cf21665df6d34f73d61966,1156510100,1,www.aizhigu.com.cn/*
27ef36758a4928aeb53e51e7310362e0,,36,ys2i1.sfy9874.com/*
286ac7437411d3d0f4002c5b7a4d6d40,1156310000,2,www.aizhigu.com.cn/*
28aff20534f0af2f4be3d3048b67c7e0,1156371400,2,ys2i1.sfy9874.com/*
28f58d38931bd97b194d3c57192510a2,1156140500,3,ys2i1.sfy9874.com/*
291e3a7f1c66d4c801287be27f7aae3e,1156340500,1,www.aizhigu.com.cn/*
29bff3c01e1576235ab0b301af2fa9c3,1156350800,39,ys2i1.sfy9874.com/*
29e0ac67ed8f0ab21fec3cb51531721f,1156130300,2,www.aizhigu.com.cn/*
29f6f692a77a6ce7d9102cd6fb98ae4f,1156632500,2,www.aizhigu.com.cn/*
2a1e10de95b5c9d540784c3d27909869,1156460100,6,ys2i1.sfy9874.com/*
2a2fc3d376540042effdf45bbd273564,1156140900,35,ys2i1.sfy9874.com/*
2a6420fc23596a44d3f286dc04f4777d,1156441900,1,www.aizhigu.com.cn/*
2a79197034dc3e739217c335e188548c,1156320300,1,www.chongcao.cn/*
2aa4ac5b7f96effbc7bc22b880a2f023,1156610700,29,ys2i1.sfy9874.com/*
2ad04671617588900d0ee4d4a164a001,1156430400,4,yanshi.bxryp.top/*
2b02f79099984b79c4de4de964af39ba,1156371100,6,ys2i1.sfy9874.com/*
2b3351ac95cdd9e9862808c452941ef7,1156430900,36,ys2i1.sfy9874.com/*
2b91f7f41d3e38d502520a457f5a1d76,1156510100,6,www.aizhigu.com.cn/*
2bddd1400500209a797015db7bd98522,1156370100,21,ys2i1.sfy9874.com/*
2bdf773315b903af42cb38962cafc7fc,1156340100,1,www.aizhigu.com.cn/*
2be16332c60ca9963076cc9f3e25a1e3,1156530300,2,www.aizhigu.com.cn/*
2c9f54bdb8fa7f10f7e153a25c81e38f,,3,www.aizhigu.com.cn/*
2cb81193bd6a250cec737fa409b393f2,1156440300,8,ys2i1.sfy9874.com/*
2d0f0528126b6076f2695f9b8e4a7269,1156450100,1,www.aizhigu.com.cn/*
2d37273407d826cac105c0978ff4df1a,1156513400,1,www.aizhigu.com.cn/*
2d42627536ebfe9574a4a1dc731980ca,1156140100,1,www.aizhigu.com.cn/*
2d97d9b36cb3348a8c5d7610c35a82f7,1156110000,41,ys2i1.sfy9874.com/*
2db5e6359a9e857f7ea67f5dcc34f743,1156451200,2,www.aizhigu.com.cn/*
2dbef6a43080b02df47bb1cd58328ef5,1156450100,2,www.aizhigu.com.cn/*
2e1249e410d01028eb4b3fe51d172bd8,1156320100,35,ys2i1.sfy9874.com/*
2e409aefee4e8d2841b55b8721f1624f,1156330700,33,ys2i1.sfy9874.com/*
2eb253332e67038bf8501d213a16d454,1156361000,40,ys2i1.sfy9874.com/*
2ee70232a834b574020c39ab104a44d1,1156210200,145,ys2i1.sfy9874.com/*
2f2dc8c3453282137d13ad6160e5deb0,1156450800,3,www.aizhigu.com.cn/*
2f9b57875a6e14a1dd4f2e1e1a530b67,1156430100,1,ys2i1.sfy9874.com/*
3023ab1656a6504ad487cf2a23922e6a,1156450100,1,www.aizhigu.com.cn/*
30321475e122a709f6621c977bacb4c7,1156640100,5,www.chongcao.cn/*
305cacce804bfd4d63236cdc9a2b5a87,,1,www.aizhigu.com.cn/*
3065ba6f13b12d7930159812a0f53094,1156310000,1,ys2i1.sfy9874.com/*
30e85280c0c71f22b58091a0c90f9a0c,1156630100,40,ys2i1.sfy9874.com/*
314e51c39d198265dc88b5e4e15bcacb,1156533100,37,ys2i1.sfy9874.com/*
316c24231ae1e35e994aff7e30d81f0c,1156510100,1,yanshi.bxryp.top/*
316d9cbb4fb3d8c6b62a6c11f6498040,1156371000,3,www.chongcao.cn/*
319124f1be4246d451fb6d9c6e6bfd52,1156511100,1,ys2i1.sfy9874.com/*
32209ec5336f780591e751661274f5da,1156310000,76,ys2i1.sfy9874.com/*
323c1f47094f099b75e4ba4da7d65789,1156310000,1,www.aizhigu.com.cn/*
32af5c939f4446ca537bff9d5a844722,1156532600,1,ys2i1.sfy9874.com/*
32b574f09696eb2719b04a0d1f6c1676,1156310000,1,ys2i1.sfy9874.com/*
3300803bb48494db9d5c9d770a9bfe82,1156420200,36,ys2i1.sfy9874.com/*
3369d1275336942acf8c67ee2af936d5,1156510700,1,www.chongcao.cn/*
33e92f30555670165a970263eb58111f,1156220100,1,ys2i1.sfy9874.com/*
343ff530a9051e3b009077b9134f5071,1156130900,33,ys2i1.sfy9874.com/*
3445542e393b1de6b1abcd56acc9e851,1156522700,3,ys2i1.sfy9874.com/*
3450d7c19603e07a549dccba19b20c73,1156411700,1,www.aizhigu.com.cn/*
34ef73657889b9cf17d57699cb1c47a3,1156220700,1,www.aizhigu.com.cn/*
3587ee6bff7c4603b9ed5f39154a1982,1156370200,4,www.aizhigu.com.cn/*
35c5deae0916521f0d40f040011c54f6,1156420100,1,www.aizhigu.com.cn/*
35d618db6f7942b0067abd9f118dcaa8,1156640100,8,ys2i1.sfy9874.com/*
3639e0566aec83f23a3cca05117cfaeb,1156450100,5,www.aizhigu.com.cn/*
366fab864f11c2516b9c2e7af2f73e8e,1156421500,1,www.aizhigu.com.cn/*
36be9a9de53cb75f09d1778574464106,1156511700,8,ys2i1.sfy9874.com/*
36d877011c106319d894bdf0bb7aa4ef,1156410300,31,ys2i1.sfy9874.com/*
36e37ae9938b8d7f0493d486843d6fc1,1156131000,35,ys2i1.sfy9874.com/*
36e5006f53de06222d5418488847b173,1156110000,1,www.chongcao.cn/*
375310bae1fcd21c382cdab562da7124,1156130700,1,ys2i1.sfy9874.com/*
3778035d99dcbb40c9e44df0eaeda525,1156420100,3,www.aizhigu.com.cn/*
37b51610a178556b0498540380e5c1e8,1156150100,1,www.aizhigu.com.cn/*
3809b844bafe8eaf3588304e9d73e9c4,1156330900,7,ys2i1.sfy9874.com/*
3886dab3209618671f75c3a1b564ac65,1156622900,27,ys2i1.sfy9874.com/*
3889bd7634ab5c0c28090839b46efef1,1156621100,35,ys2i1.sfy9874.com/*
388b850286da2ecf23a6e1ebff04fc4c,1156320500,8,ys2i1.sfy9874.com/*
389350ce6f3b5d1884586bf5ca318086,1156441900,1,www.aizhigu.com.cn/*
38a79469b829e1f758a52320b400d100,1156500000,72,ys2i1.sfy9874.com/*
38ef1501e1bb8bdd75a537b48c8fe6d9,1156450900,4,www.aizhigu.com.cn/*
395f67dcf248fcbf1ad6c3f47b9b5f53,1156450100,4,www.aizhigu.com.cn/*
396a59d195a9b279ab98a5d2fb94b9a7,1156350100,3,www.aizhigu.com.cn/*
3970e6ccda6fd14e4b2e9ce1ee66fbec,1156510600,1,yanshi.bxryp.top/*
3978dc980cf8bd5d17faaf84bee3916c,1156450800,1,ys2i1.sfy9874.com/*
3986121486a11ffc54195132f5973727,1156640100,6,ys2i1.sfy9874.com/*
39a9e8c29989354a621307bf417563cf,1156370200,2,www.aizhigu.com.cn/*
39f5f5832622bdaf64a0e6c376a6862a,1156610700,6,ys2i1.sfy9874.com/*
3a2892932691e3b3328830fb6246779f,1156441900,34,ys2i1.sfy9874.com/*
3a4f1d95f548cd6e7155d1fe7f6f8f34,1156621100,7,www.aizhigu.com.cn/*
3a5471c71880b080d8df68559f831499,1156371600,10,ys2i1.sfy9874.com/*
3a88bf3ef8aa7c2a50c1bcf18b03bdd2,1156130100,3,ys2i1.sfy9874.com/*
3b0cb5fe5cb99997cce9ca6b9454b51e,1156441900,1,www.aizhigu.com.cn/*
3b40febf8897ea3135c76fe32567b3e7,1156652900,1,www.aizhigu.com.cn/*
3b428e98f44e8b37db835a0f3a9508d7,1156130600,99,ys2i1.sfy9874.com/*
3b9b596eed0a9aa2e78941330a0b80ff,1156130600,1,www.aizhigu.com.cn/*
3c0c4e1371e863f8748bffc4956610f5,1156320100,30,ys2i1.sfy9874.com/*
3c4b911ee41ebf716bcf0430c29dbe67,1156420900,1,www.aizhigu.com.cn/*
3c7fee8f28535083ba98959518ca8862,1156450100,1,www.aizhigu.com.cn/*
3cbe3f01d584ac3c09bb812ccf8978ff,1156451100,1,www.aizhigu.com.cn/*
3cc4c580c9aef5823d3e43901eb7f269,1156222400,35,ys2i1.sfy9874.com/*
3cd9b2ef5edd30f400889e9f91aa72f4,1156500000,35,ys2i1.sfy9874.com/*
3cdff4104ef44c8afbdf16fe49e3e433,1156620300,1,www.aizhigu.com.cn/*
3ce92c23f41ff38ad4dc9374b6352518,1156510100,1,www.aizhigu.com.cn/*
3cef2a5ad6af45edf6bf646f4d9d2504,1156440600,1,www.aizhigu.com.cn/*
3d0927ad869aaa77b5d084c5e843ed5c,1156330200,7,ys2i1.sfy9874.com/*
3d104722e87353d71cc870c5c67ae8b2,1156130600,1,ys2i1.sfy9874.com/*
3d25a1533c887e92b35b28d62136a596,,1,ys2i1.sfy9874.com/*
3d3940592d43931665296e269ee9663f,1156450100,4,www.aizhigu.com.cn/*
3d45a9efe41e546d10a00721f91964ec,1156110000,28,ys2i1.sfy9874.com/*
3dec60d42eef2d56b6020c9822356dc2,1156130600,8,ys2i1.sfy9874.com/*
3eceeeb9310c04ae1c19ad882edb95d7,1156610100,4,ys2i1.sfy9874.com/*
3fbf59b968413536956fb80d7959748c,1156360900,1,www.aizhigu.com.cn/*
3fc9faa8725eea524f6c941d73caec1a,1156654000,6,ys2i1.sfy9874.com/*
3fcb61964ee7c46839608b8c6db8282d,1156320100,3,www.aizhigu.com.cn/*
3fd7be1945e4ef23522c5e01ad37f964,,1,www.aizhigu.com.cn/*
3fe4e158b1be6be802e6e7907d01b610,1156450100,1,www.aizhigu.com.cn/*
403fec495baf772fb82faa09115d8125,1156450100,1,www.aizhigu.com.cn/*
407e63683d7124d67fe4f4c0b9f3aaf2,1156640400,1,ys2i1.sfy9874.com/*
408d31603fb097c0b35a763b4369fe13,1156511800,38,ys2i1.sfy9874.com/*
4091e51e47060fe7e4fef4b0e6207aea,1156350100,1,www.chongcao.cn/*
409873fdacc2883f5980bb40868a4e77,1156310000,35,ys2i1.sfy9874.com/*
40cd48dfe1eda22c99abcff3ff84ad00,1156310000,1,www.aizhigu.com.cn/*
40e1028290dfda4f71f81e8a1ed0a858,1156460100,3,www.aizhigu.com.cn/*
4113b035b57163e4e29d4c1950b80201,1156640100,3,www.chongcao.cn/*
415af85da3ab3e32e12df744eed32765,1156330600,120,ys2i1.sfy9874.com/*
4177f1d0ec51783e7a0cee94fab2a0a5,1156131000,2,ys2i1.sfy9874.com/*
417a587d51792c254e782bca868fd43d,1156450900,1,ys2i1.sfy9874.com/*
41b9243a38c074b5e5dfd86253de9bf8,1156130600,1,ys2i1.sfy9874.com/*
41d1419d416c400555ed6d3debd84018,1156360100,1,www.aizhigu.com.cn/*
4259f6dd0f11749be6b67b2829c98368,1156500000,1,www.aizhigu.com.cn/*
425f8e830313b361ca263ed1e399e5d3,1156370800,1,www.chongcao.cn/*
4269070acf4a7bcbf4500914889faf21,1156430100,1,ys2i1.sfy9874.com/*
4276cd98bd2b7938ea882b83fcedb01a,,1,www.aizhigu.com.cn/*
4298607e2933f917c8cc31252fa6f91f,1156330100,1,ys2i1.sfy9874.com/*
42c08ffa965314a38bd75069ff5a02cf,1156510600,1,www.aizhigu.com.cn/*
42c0c6abdde0f46d22640651094462aa,1156310000,1,www.chongcao.cn/*
42d13f358f77c30efda990d64e83b28b,1156450100,3,www.aizhigu.com.cn/*
430f5cb892e79d8be5ba6aeedac66a62,1156620500,8,ys2i1.sfy9874.com/*
43570c1bc610b5596ede0bb54afb89c1,1156445200,1,www.aizhigu.com.cn/*
4358772c873ef76aac82b5442fc9c79d,1156360100,39,ys2i1.sfy9874.com/*
435eedf8633e418efe9a9e2561235f54,1156640100,2,ys2i1.sfy9874.com/*
439712b409b32e3400b1be83e50a0888,1156620800,3,ys2i1.sfy9874.com/*
439ddde30de5f7bda8bc7d414bdfe2f3,1156350100,1,www.aizhigu.com.cn/*
43a467e3595fc866fd76d562ff95e1ba,1156422800,1,www.chongcao.cn/*
44075249997a8259a8b37f9f60bd4325,1156510600,2,ys2i1.sfy9874.com/*
44d3e4f1b49073dc81eaff9eaf1c9cb1,1156420700,1,yanshi.bxryp.top/*
453c0edb4f47786bb3a5e26ce3c13783,1156450100,3,www.aizhigu.com.cn/*
457d071d25ad5c846d3d2f2bc9bf6558,1156210100,5,ys2i1.sfy9874.com/*
459406cee1fa7a50ed26b9cbf9e00e88,1156610500,5,ys2i1.sfy9874.com/*
45cf03008123226f8592ad774636c11d,1156331000,1,ys2i1.sfy9874.com/*
45ebb87c3fb9b17bbdd9829d40b97861,1156621200,33,ys2i1.sfy9874.com/*
462d010279e97fc05af6801ed6ddbc3a,1156442000,4,www.aizhigu.com.cn/*
464861a07e71ab20378988a6a259b740,1156370600,37,ys2i1.sfy9874.com/*
4665e56524970787ad44f4706417ab14,1156610900,5,ys2i1.sfy9874.com/*
4696287dff7bb5008ce78b21707224b7,1156371500,40,ys2i1.sfy9874.com/*
46ca5b33050df267747387b131a6e84f,1156450100,1,www.aizhigu.com.cn/*
46d7069828a39af7f18253dd972f902a,1156131000,1,ys2i1.sfy9874.com/*
46f3877732687487c5c9b1fc903d171f,1156320500,13,ys2i1.sfy9874.com/*
46fe5483464ab51432e6a8b3d3bf02da,1156330300,4,ys2i1.sfy9874.com/*
4759f1931aeca5fdb4a4ce1abb29d37d,1156441800,1,www.aizhigu.com.cn/*
476e62a4872de3c46cb98388e739593d,1156130400,3,www.aizhigu.com.cn/*
477b8477f6731c34e9be4f055744b12e,1156310000,7,ys2i1.sfy9874.com/*
47ca35b3fa3fa5b6d8b94be0329bfffc,1156621200,1,ys2i1.sfy9874.com/*
47ecefe03eb8eb00ca4d14e1a6875d9b,1156370200,30,ys2i1.sfy9874.com/*
482b3d18e4e1cd5099d4f1e07103a514,1156510100,1,www.aizhigu.com.cn/*
483d53c55b35e974bbc049e318d3db18,1156621100,1,www.aizhigu.com.cn/*
4859c772d4f2ef9d888f49783c9b2a7d,1156440800,3,ys2i1.sfy9874.com/*
4887d6f34a85b4262748b85db4ad0e60,1156441900,1,www.chongcao.cn/*
489ea5cb61e6c2e36c1182fc8143471b,1156410700,1,www.aizhigu.com.cn/*
48e3fd42856e4343b2c955cbfd30b4ac,1156500000,1,ys2i1.sfy9874.com/*
4904c88571f26017b9bbee238ca09c3f,1156440100,1,www.chongcao.cn/*
4959567e14cc8233956264191a9f8ccd,1156520100,63,ys2i1.sfy9874.com/*
49a4dd243a472f603c029c08b920bb59,1156450100,3,www.aizhigu.com.cn/*
4a208dfd3dc991fd6265acbc3353fe1b,1156320100,6,ys2i1.sfy9874.com/*
4a273eafdc8f44b856380374aa49c315,1156220600,12,ys2i1.sfy9874.com/*
4a459ca0ba7c36aa10e059eb630e77fd,1156511400,2,www.aizhigu.com.cn/*
4a7d87d41fc6dac2f009566972d7b726,1156611000,3,www.aizhigu.com.cn/*
4afd2d110af286409bfe4c8c89c1146f,1156330100,29,ys2i1.sfy9874.com/*
4bb38b5c050b8cbb411f89de09a5956c,1156450100,1,www.aizhigu.com.cn/*
4bb97c1ab660e8c0eff992840ab267fe,1156640400,41,ys2i1.sfy9874.com/*
4c002068e9accb5f3f97d84a854a5dd9,1156320300,8,ys2i1.sfy9874.com/*
4c0daac31ed8c7ab8c357829e41d4386,1156370700,1,www.chongcao.cn/*
4c3b556734b126531acc31729b0bf2e9,1156340200,6,www.aizhigu.com.cn/*
4c4fa7490854b65e68ee12b03f990223,1156430600,2,ys2i1.sfy9874.com/*
4c7a89a64e95835fae362a72e6a5b2b5,1156450100,1,www.aizhigu.com.cn/*
4c86f1b207093a3cf3fb3b7ec34692b0,1156320500,3,ys2i1.sfy9874.com/*
4c91dc75d48e8cce0364bb841de9379b,1156110000,4,ys2i1.sfy9874.com/*
4ce8a2dae48e6f72f6fe53da8e488b99,1156320300,17,ys2i1.sfy9874.com/*
4ceed21ace7a8b3539e74d02b3ed4a7c,1156500000,2,www.aizhigu.com.cn/*
4d55ad8a39d3407276b1ef878a7212e8,1156530600,33,ys2i1.sfy9874.com/*
4dad8f47c309decb180326bc393f579e,1156130100,1,yanshi.bxryp.top/*
4e7f3a27d5de00e307d26300082d3e5b,1156510100,1,www.aizhigu.com.cn/*
4e8921298bad0bb062ddaf9e43efe349,1156450100,1,www.aizhigu.com.cn/*
4e89cc707df49f3e3836a633888557c4,1156511700,57,ys2i1.sfy9874.com/*
4e8a7a8d79cf77efd752db6f654a5002,1156450300,1,www.aizhigu.com.cn/*
4f1a25738bba4b34a32d53504e9511ba,1156450100,3,www.aizhigu.com.cn/*
4f9958beeccc454e3feff8e9152d1b7c,1156220100,26,ys2i1.sfy9874.com/*
5007432afd3973d9b6bd2d8cbdd96162,1156210200,2,ys2i1.sfy9874.com/*
502c2980c9316657d450a9b773dc483a,1156110000,4,www.aizhigu.com.cn/*
5030710178208e322f3b061ca85e6418,1156430100,1,yanshi.bxryp.top/*
5095a5429c66f5f986808ce8e4141f8e,1156510100,1,www.aizhigu.com.cn/*
50f9e308c32969d4f5b271eb7bff662b,1156450100,3,www.aizhigu.com.cn/*
512b1a88e24c8664ed696b6304d88aa3,1156331000,1,ys2i1.sfy9874.com/*
516accc41d338645369f2e644240c42d,1156420900,2,www.aizhigu.com.cn/*
51a29b99b34eb542acf5e025209460dc,1156440300,1,www.aizhigu.com.cn/*
51b6e57949d51bc43c9423cc6c522b6b,1156120000,4,www.aizhigu.com.cn/*
51d7a771e0324bf774a87299030e8557,1156371300,28,ys2i1.sfy9874.com/*
51e49bae2964354f382377c70847a22b,1156610100,47,ys2i1.sfy9874.com/*
52198b8b4fc388fa58fbad714c95bf6d,1156130100,8,ys2i1.sfy9874.com/*
522f96be3e5ec52f0f07d591fe013ad8,1156610100,2,www.aizhigu.com.cn/*
523792716003908fec97549ff30cfab9,1156640100,97,ys2i1.sfy9874.com/*
529ca2a860368a9ff10ab020ff3e4d47,1156150100,1,www.aizhigu.com.cn/*
52d82dff91f90535c8f47236c988eae6,1156630100,24,ys2i1.sfy9874.com/*
52eaa74c0f08eded9a6e36abf1e2b937,1156141000,2,www.aizhigu.com.cn/*
5310545555348920d31c851bb03dd5b2,1156610400,35,ys2i1.sfy9874.com/*
531f3187bcc1bfd8afc38dce9998b45b,1156130900,1,www.aizhigu.com.cn/*
532598d19f60cde55b93f204136b7425,1156421800,27,ys2i1.sfy9874.com/*
537b344346f62cc521d407956ac90452,1156532300,4,ys2i1.sfy9874.com/*
539e05978ccc861f85f99c43de15fec9,1156360700,34,ys2i1.sfy9874.com/*
53de469cb923ca17227afb8b081ed6a3,1156530400,1,www.aizhigu.com.cn/*
53f22ca7cf6b84ce12559ec720740f99,1156370600,27,ys2i1.sfy9874.com/*
542f8cbb591ba4b717b52ff0fc5ee890,1156450100,3,www.aizhigu.com.cn/*
54afaff72feb55aaed7027ee0defdf39,1156120000,4,ys2i1.sfy9874.com/*
54d9976386ab9997fd485a2be6512fe4,1156370700,1,www.aizhigu.com.cn/*
5523b56f938adea7b17ac1255bb92969,1156510800,58,ys2i1.sfy9874.com/*
5539cd2eb6c6af98fd419150a34f5d79,1156450100,5,ys2i1.sfy9874.com/*
558b99b934a412205e6c7e14528e305f,1156450100,1,www.aizhigu.com.cn/*
563101a2bbf7cc71842fc04a6f7cb495,1156520300,9,ys2i1.sfy9874.com/*
567c57f37aa19bd5d1fedb81ee220ea0,1156370800,1,ys2i1.sfy9874.com/*
56c23b28c16619f004877fec0acb544a,1156450100,1,www.aizhigu.com.cn/*
56d5c25069c4afcd2eb08f6bbc420d12,1156440300,2,www.aizhigu.com.cn/*
57039eaddbea4df23013f003b75e9d7c,1156450100,1,www.aizhigu.com.cn/*
5734a09dc2b26dcfddcc461071a07a32,1156451200,36,ys2i1.sfy9874.com/*
575970ba3392ea4137124ff78b583e31,1156371500,33,ys2i1.sfy9874.com/*
576c1bd164947421269eeb0af08bccac,1156220100,1,www.chongcao.cn/*
57cb476fa5f0f96ce8baa18c70c04602,1156360400,6,www.aizhigu.com.cn/*
57e4e1fa8f86d606acbcb54ed39aa75e,1156620400,1,ys2i1.sfy9874.com/*
5813a3903b290bbb04a5a11935784fd7,1156320500,26,ys2i1.sfy9874.com/*
581c372890918873455aff3888cc0692,1156420100,1,www.aizhigu.com.cn/*
582b9b45a459638ad63c7367ffb3fe7a,1156530100,5,ys2i1.sfy9874.com/*
584cc5235a1fcd9fda8f833dc262c759,1156130900,34,ys2i1.sfy9874.com/*
5869cf6bd955a2792c577a18f4056afe,1156310000,1,ys2i1.sfy9874.com/*
5872cdb6a24d4a285d2f8614f423e6c4,1156431100,3,www.aizhigu.com.cn/*
58a3289d0d8d70a57b0080cb12618fa9,1156451200,2,www.aizhigu.com.cn/*
58ee4734ec116e04d99b26444cf4e132,1156620100,3,www.aizhigu.com.cn/*
5994a89c917a601113dc5b6010c560ae,1156310000,1,www.aizhigu.com.cn/*
59b418c09f436b92219b2f88637509e9,1156220200,26,ys2i1.sfy9874.com/*
59b852c765e39924aa345a4686c600e4,1156340100,2,www.aizhigu.com.cn/*
5a10c996de3494be1e26bf6d375e0ea8,1156430900,70,ys2i1.sfy9874.com/*
5a3e15a5a59365144ce4be7811194ee8,1156341800,3,www.aizhigu.com.cn/*
5a8bda5d3346bb161da206c3d832564a,1156420100,30,ys2i1.sfy9874.com/*
5af651c848efceb3e4bb500a9bfb4544,1156440100,3,www.aizhigu.com.cn/*
5af8cf9765690eb4daa66605ce5ec1cc,1156430200,2,ys2i1.sfy9874.com/*
5b01504ed113f4e2bb45508625d1e66b,1156440200,6,ys2i1.sfy9874.com/*
5b259c020a51c22f6e10eb08cb912e72,1156310000,1,www.aizhigu.com.cn/*
5b612ec55ff938c5847a27fbfba1d153,,1,www.aizhigu.com.cn/*
5b78954c4888f7a02a3743b2b857c39d,1156620500,1,ys2i1.sfy9874.com/*
5b9bb156cb0e2bde2f9902ca28cbf3d1,1156511300,1,www.aizhigu.com.cn/*
5c19130afdff998b46d2153eb798b147,1156120000,19,ys2i1.sfy9874.com/*
5c213bed3f598946956f8f9d2c5b50df,1156532500,1,ys2i1.sfy9874.com/*
5c5b82974dfd6eb6da315dbf1cc038b2,1156430400,2,www.aizhigu.com.cn/*
5c6b96d9569c4ad42403e46beb36c5e7,1156620900,1,yanshi.bxryp.top/*
5c94bb7de33c82703b1b0d6c7c8fc762,1156371500,1,ys2i1.sfy9874.com/*
5ce5edec56148576f59335a8cbbde628,1156421000,1,www.chongcao.cn/*
5ced1933d9d09d2ac33ad0cddb12e420,1156610300,5,ys2i1.sfy9874.com/*
5cf8ac350852ff8f16c592d30e2b3dba,1156370400,1,yanshi.bxryp.top/*
5d3b6fb6893ed06d7e7509dfbde6ff21,1156441900,41,ys2i1.sfy9874.com/*
5d42df0873256f10d11eb3aead162ed8,1156330600,32,ys2i1.sfy9874.com/*
5d639c2f604236e71d4b2e066a6f571b,1156130400,3,ys2i1.sfy9874.com/*
5d853c46fedf36e4f36a260fcdc1573d,1156320400,38,ys2i1.sfy9874.com/*
5e6eacc8bfc988dccc217aae78f1bc8a,1156341600,6,www.chongcao.cn/*
5e6fea060a61a4f9417c556318102826,,1,www.aizhigu.com.cn/*
5ec3c73697a48cb5324b7e9d25822485,,2,www.aizhigu.com.cn/*
5ecc78c6dc1860541eeab3b49e57572a,1156450100,1,www.aizhigu.com.cn/*
5ecd3e1cc0418a9786dbffae89be7fce,1156640100,3,www.aizhigu.com.cn/*
5ef5a1b0a7665fc20a4870e1780a2404,1156450100,4,www.aizhigu.com.cn/*
5ef668ec664dbb8e98fad4eb596df1fc,1156350400,69,ys2i1.sfy9874.com/*
5efb185366ee12b4afc32c66e77a4c53,1156510700,2,www.aizhigu.com.cn/*
5f0a4203141000555c86c8855647770a,1156371300,1,www.aizhigu.com.cn/*
5f44cecdb3bc43667b43f2637a199a3f,1156320900,61,ys2i1.sfy9874.com/*
5f8f0e7c34d80ab8e5b1bb4badf9baa2,1156440100,1,www.aizhigu.com.cn/*
5f9f1601481e6d32e5a9e3e7098acc74,1156460100,1,ys2i1.sfy9874.com/*
5faa6c603e76c8dff9f702ab361338f2,1156510900,3,www.aizhigu.com.cn/*
5fd6922e2397a9afbcecca0ff71a1ed2,1156442000,29,ys2i1.sfy9874.com/*
5fdcd7d35d024e1acba226c48ad01a84,1156511000,1,www.aizhigu.com.cn/*
6011ef1a0a4bfaaf1f1c92bfce7133f1,1156220100,31,ys2i1.sfy9874.com/*
6025250cdcbc2fb21676065532c5e4ab,1156110000,1,www.chongcao.cn/*
6031aefe68cf5b335a3b2276ea0fa7ae,1156350200,1,www.aizhigu.com.cn/*
605508ac1fda6261f359d9e71981a89c,1156610900,6,ys2i1.sfy9874.com/*
608e3c2250cc2d90bb25f155622a7141,1156630100,1,www.aizhigu.com.cn/*
60910c81196cd0b4e00ec0bd270ecbb2,1156360400,32,ys2i1.sfy9874.com/*
60ecd814b4cff742e1dd921a455376f7,1156620100,5,ys2i1.sfy9874.com/*
614947e4c4370ac0299e4c5fc5c9711d,1156440100,2,www.aizhigu.com.cn/*
61ad05449f803d819a3ebf30f06bd9b7,1156150600,1,ys2i1.sfy9874.com/*
622c8edef7a6a46df6a67fac4daa8708,1156422800,39,ys2i1.sfy9874.com/*
624b997cfc3a91c86038e1e66a108b0d,1156450100,3,www.aizhigu.com.cn/*
62cc62d44e99232199bb1410495f998f,1156500000,3,www.aizhigu.com.cn/*
631708c963a9a53ff380bc918cc910ea,1156320700,1,yanshi.bxryp.top/*
631b0ed98cd03d2f8ce7ccc8cf9fe70b,,1,www.aizhigu.com.cn/*
6327b8dd83134a8f2ad52d2543aa57b0,1156440300,12,ys2i1.sfy9874.com/*
6346a81c6b99c134122489c0c5320be8,1156620800,1,www.aizhigu.com.cn/*
636e32573f8c11fccf7c8f5cb93e87e8,1156210200,1,ys2i1.sfy9874.com/*
63f072ca316155d74d29497143aa3c91,1156450100,1,www.aizhigu.com.cn/*
63f60a56b005bf837443b51a2c73ce4c,1156130400,1,ys2i1.sfy9874.com/*
64041c9c42b787a8cd78b5a8b529e646,1156450100,4,www.aizhigu.com.cn/*
64352babec901314e2a65db20715088a,1156621100,2,ys2i1.sfy9874.com/*
64503017be6b5c2dbcc0449add58aca4,,1,www.aizhigu.com.cn/*
64f726494511466bb3e84bad35d19b16,1156370700,1,www.aizhigu.com.cn/*
651fb70850d5f35a47483d92e13d6619,1156370300,1,www.aizhigu.com.cn/*
65300312aefdaf1c99600637d952d118,1156310000,41,ys2i1.sfy9874.com/*
656c3c03841af1a021484b6509ce1069,1156510100,2,ys2i1.sfy9874.com/*
65a20e6fc2a039fcb80191f34564ae42,,1,www.aizhigu.com.cn/*
6610e05cf117a1b169245cc407a61407,1156350800,84,ys2i1.sfy9874.com/*
662192f6edfa882b065a4c83a7fb501c,1156440300,1,www.aizhigu.com.cn/*
662f23b88525f747764a3eb1dd7e5abc,1156510800,32,ys2i1.sfy9874.com/*
662f23b88525f747764a3eb1dd7e5abc,1156510800,1,yanshi.bxryp.top/*
669d85fc4360e9419103eb297c0ede8b,,1,ys2i1.sfy9874.com/*
67484d10a52cff3f05e79e112534ce2b,1156320100,1,www.aizhigu.com.cn/*
67acf46969fe113d9d78454965537e8f,1156522400,1,yanshi.bxryp.top/*
67b0cea536d8699a86dcfb7e0455dc9c,1156370100,2,www.aizhigu.com.cn/*
67d6fa7c10a48b92168d5c2b5e3f85aa,1156610100,1,www.aizhigu.com.cn/*
6805e51269b32d91269d01118e41c338,1156440100,4,www.aizhigu.com.cn/*
6814e35c8274d72f3c14ead3216e76d3,1156430600,1,yanshi.bxryp.top/*
6833cee6e75a3ea1964cdd6b712a89d7,1156130900,1,www.aizhigu.com.cn/*
6842c098a181b301b25bd4c8223f1092,1156511600,24,ys2i1.sfy9874.com/*
68ae2550130326c087a1369f70e3dff9,1156310000,1,ys2i1.sfy9874.com/*
68aea51ec4b620cf092a6c31b093c331,1156510100,2,www.chongcao.cn/*
68b74bc51282b8a699eae67b7e8747d0,1156310000,1,ys2i1.sfy9874.com/*
68cbf2244f9fd2683f79558026142b71,1156430200,38,ys2i1.sfy9874.com/*
68f129bf69944da24de32d89b31e85a4,1156220200,1,www.chongcao.cn/*
68f9b54462db9cf4e4e02063dee91345,1156120000,1,ys2i1.sfy9874.com/*
697c481b3731d36cfd60a858c7ca5cb0,1156210200,1,www.aizhigu.com.cn/*
69d9efebc6e4aea40b834e9fd4f3d5a9,1156420100,4,www.aizhigu.com.cn/*
6a8149bae82a7b83718536c3087a6683,1156211400,6,ys2i1.sfy9874.com/*
6abe77af97c593d231297d466cc2b60b,1156230200,38,ys2i1.sfy9874.com/*
6b21b4ab37d8a725b66fa8cd2dd53ead,1156310000,36,ys2i1.sfy9874.com/*
6bf35529440942a89c8b0f272e290ced,1156131100,1,www.aizhigu.com.cn/*
6c2e925cac4929493e2ae01e46a21c36,1156320600,1,yanshi.bxryp.top/*
6c72f8822b44b08f0577dd74cf0953c1,1156430500,1,www.chongcao.cn/*
6d4bf35f832af6404de96acca95ba886,1156510800,1,www.chongcao.cn/*
6de51506409156a9e7aefc767eb00ae7,1156450100,3,www.aizhigu.com.cn/*
6e17c6818c4ea40517df9dd1b25777d6,1156621100,1,www.chongcao.cn/*
6e1e9a01943a3bc93aea86715fd16561,1156120000,19,ys2i1.sfy9874.com/*
6e4fe875fa1e63754b8e9eb074c2ee9f,1156430100,9,ys2i1.sfy9874.com/*
6e5b392ef2d836ad742f79f27d50cd9f,1156450100,1,www.aizhigu.com.cn/*
6e9f620b8633944997c2aa74099ab791,1156370200,2,www.aizhigu.com.cn/*
6ea1d6cd08bdc92e25893201be3a2ce7,1156450900,7,www.aizhigu.com.cn/*
6ecdc43719bd0e9a39037b5279d49227,1156620200,30,ys2i1.sfy9874.com/*
6f40057c241859b53fe6a6e359b0fb21,1156440900,1,www.aizhigu.com.cn/*
6fa3b2a793fd48a74f1225fc86b60f30,1156320300,1,www.aizhigu.com.cn/*
6fc859d0b3bb90d179b645adfef2f054,,1,www.aizhigu.com.cn/*
6fda28af2dee04c143cc899debf5adb2,1156511300,8,ys2i1.sfy9874.com/*
705b2464dfe53e302776c95331a87969,1156441700,2,ys2i1.sfy9874.com/*
7060f16d99526768f3df123e3abba628,1156620600,3,ys2i1.sfy9874.com/*
707a3262750395d06007fb4f2e7ec679,1156620800,1,ys2i1.sfy9874.com/*
70c3668abcde167222916390eeb49e56,1156210300,6,www.aizhigu.com.cn/*
70c3668abcde167222916390eeb49e56,1156210300,1,yanshi.bxryp.top/*
70f708649dbfc2c4d5233a66b07e38e0,1156421000,67,ys2i1.sfy9874.com/*
71253066b96064bfa4007a8997d4d810,1156450100,3,www.aizhigu.com.cn/*
715a7e2f3e4e3871a81eb035b61afbd7,1156510100,1,yanshi.bxryp.top/*
717359ad706b0f2aed94b7db79791ef7,1156640100,4,ys2i1.sfy9874.com/*
71e71f4b4d7a87efeeb129cf09787c2e,1156370700,5,ys2i1.sfy9874.com/*
720712b797bae6614a5f34af2018e069,1156370600,35,ys2i1.sfy9874.com/*
726c4aae9c3186b0749c536cac611773,1156450100,6,www.aizhigu.com.cn/*
728703c4e24c8eb786c669e9059919bb,1156340300,5,ys2i1.sfy9874.com/*
729d0a641a7f8fa9d595dc2465b9d439,1156360100,7,ys2i1.sfy9874.com/*
72bd0641b02163d5ba3715f786f85651,1156510100,1,ys2i1.sfy9874.com/*
734c1cb457d802e33f161d98e3c1be30,1156520100,37,ys2i1.sfy9874.com/*
7372ca67dd2df42ebc7471098c2f4e80,1156130300,34,ys2i1.sfy9874.com/*
73a10132e9cdf93d8007cbec58b2116d,,1,www.aizhigu.com.cn/*
73c5334280b0719c1f8fd616c259a744,1156450100,2,www.aizhigu.com.cn/*
73cd1725ef964fadf8234322548e2ca0,1156610500,1,www.aizhigu.com.cn/*
73fb1e4c41b102bbb61bf82360c3d918,1156430600,1,www.chongcao.cn/*
7405e683b25c5b092147189d5a9a6261,1156450600,40,ys2i1.sfy9874.com/*
7458a808a7e02e9fc87ed3cd0e04a755,1156430100,85,ys2i1.sfy9874.com/*
746a1364d448c3e4be9ca1104600dddb,1156640100,18,ys2i1.sfy9874.com/*
746b3d42db6c097c44a7369c24ce7903,1156610100,2,yanshi.bxryp.top/*
748983fd4e9ea6072b9ec99771ccb61d,1156620400,33,ys2i1.sfy9874.com/*
748ed32349999d49a81657e31db6a03a,1156450100,2,www.aizhigu.com.cn/*
74a6224ceca012db9e08fde45294d6ac,1156360700,1,www.aizhigu.com.cn/*
74e4037e297712cb110163a7595ef785,1156460100,3,www.aizhigu.com.cn/*
74e7fee793a9cf25ec1e6f46442d8592,1156421100,1,yanshi.bxryp.top/*
75d9e17f635af8cfda8f4502d7c2b145,1156621200,27,ys2i1.sfy9874.com/*
75dc58c919e69b68484fa466151bd0fb,,2,www.aizhigu.com.cn/*
761665856db3120db41bdd9c18eed6d7,1156450100,1,www.aizhigu.com.cn/*
761e92e5a33846960332dd7dc5234bd0,1156460100,2,www.chongcao.cn/*
76ae380be821f9bc16156a8c2362dbb8,1156120000,1,www.aizhigu.com.cn/*
76ba0c30c2114995f0970954740590f6,1156230200,3,ys2i1.sfy9874.com/*
76bc1333789361ff48ebf3953a10ddcc,1156430400,2,www.aizhigu.com.cn/*
76d7bf1f47b3e9eb1cb05dd8801819f5,1156310000,1,www.aizhigu.com.cn/*
7737e402d50e28e9ac8bbf79d6ab7c9b,1156350700,2,www.chongcao.cn/*
7761791cc538b3cc3178e22d8246a976,1156350700,4,www.aizhigu.com.cn/*
77ded7a6f6971db1f13815a495f68729,1156440300,2,www.aizhigu.com.cn/*
782cf2cb8b751f890878b848600c1007,1156440600,4,www.aizhigu.com.cn/*
78d6bb7cd88e4ea998a2ad84dd1207ae,1156350500,1,www.aizhigu.com.cn/*
794ddcdf040d4272616b00fca0abc7bd,1156500000,75,ys2i1.sfy9874.com/*
797c9392660e284ff5cc0c8799cb3031,1156640100,5,ys2i1.sfy9874.com/*
799397dd93f4b9f5a2dc0046885e8c25,1156610500,1,www.chongcao.cn/*
79a04c4d8c5ee4d0d8a02070b81fafe6,1156440100,1,www.aizhigu.com.cn/*
79a7f82978a6530e6da9f5f68f51cb3a,1156431200,31,ys2i1.sfy9874.com/*
7a60ce9538c57cdbd4a29a4f6cecfdff,1156340100,1,yanshi.bxryp.top/*
7a630c5aa30779b100f0af7482c25b02,1156510100,2,www.aizhigu.com.cn/*
7a8ec2df52c476a9fddbd07ace39b471,1156310000,1,ys2i1.sfy9874.com/*
7abc291b15a921f3459c2ec9af200e39,1156371200,37,ys2i1.sfy9874.com/*
7acf5bde77160e0594ee9583fca8822f,,1,ys2i1.sfy9874.com/*
7ad77a70ea94e20fb9f904e915d8627f,1156130100,2,ys2i1.sfy9874.com/*
7b01309376c47e8275afab24cc80f7ef,1156450800,1,www.aizhigu.com.cn/*
7b2d77abd4eb34addc56ef8f5014ff71,1156140600,1,www.aizhigu.com.cn/*
7b7fd129506f3d6d73e106d183f3a22f,1156370200,1,www.aizhigu.com.cn/*
7b8281741899881e5ce1c69b51a083da,1156620900,2,www.aizhigu.com.cn/*
7b8a8a853703d7d1825c65573ebb7a99,1156620100,20,ys2i1.sfy9874.com/*
7b8a8a853703d7d1825c65573ebb7a99,1156620100,1,yanshi.bxryp.top/*
7bc73692a8b9b72aa577c92db7287e0b,1156130100,38,ys2i1.sfy9874.com/*
7c1b0f465bf03c7ccc313408905f0228,,33,ys2i1.sfy9874.com/*
7c40656c705e913e8daef617e8a06d3f,1156520500,39,ys2i1.sfy9874.com/*
7ce5f217f93bff2bd44140fd99a6e960,1156421000,1,www.aizhigu.com.cn/*
7cfeb942391de946bf088b4147ffc775,1156530700,28,ys2i1.sfy9874.com/*
7d07de323414e5292fd20a940da665d3,1156130100,39,ys2i1.sfy9874.com/*
7d4e90578c85be10f63483836a75b6e6,,1,www.aizhigu.com.cn/*
7d521bdf5fb7d3cf33d2c67a5066d96d,1156440100,37,ys2i1.sfy9874.com/*
7d96208ea77cec192faf45e3c8c77517,1156500000,1,www.aizhigu.com.cn/*
7dc9717522efc042929d563e1b04f915,1156500000,36,ys2i1.sfy9874.com/*
7de7fb6a6d13a2448aac5be2de40d5f6,1156450600,7,ys2i1.sfy9874.com/*
7e5a1ef7634de1b8c5e15a758fa1aee6,1156340400,1,www.aizhigu.com.cn/*
7eaf59c15e1c8008bef5a7e3f6c811d8,1156620700,1,ys2i1.sfy9874.com/*
7f24abf0af1e243de43a7a4d2c0c770f,1156510100,8,ys2i1.sfy9874.com/*
7f24b8512ee26c3cc1c776a957dc94b8,1156141000,9,ys2i1.sfy9874.com/*
7f4f49fbb76991cddcb9dac17924e0f2,1156610900,1,yanshi.bxryp.top/*
7f9ae6b131744b9d83fbaad7c886fcca,1156140100,2,ys2i1.sfy9874.com/*
7fd30720530f40fe01ea97e5de4a2c54,1156360700,40,www.aizhigu.com.cn/*
7fe5819bb5d720a46a98a78cbad5101e,1156450900,2,www.aizhigu.com.cn/*
7ffdbf243532ba98d28ba19e86213ffe,1156610400,1,ys2i1.sfy9874.com/*
8048d2c17f56de7cacf9adc93c00af47,1156150300,35,ys2i1.sfy9874.com/*
8074dc7a5335b550c44086b78f77b5e3,1156440500,29,ys2i1.sfy9874.com/*
8082fd47a1b749643ad48a2dcce9f040,1156110000,1,www.aizhigu.com.cn/*
80a5383016069b41b2d3894db880394a,1156341200,1,www.aizhigu.com.cn/*
80aaf1a53214eb93efc70946c5f1cea7,1156140100,1,www.aizhigu.com.cn/*
80c258a2da01b99e268854c0eb680611,1156230200,36,ys2i1.sfy9874.com/*
80e15165e9cbc78872602c162bd07ddb,1156440300,4,www.aizhigu.com.cn/*
80e3a7088d240a6d66e7e53349e23776,1156500000,2,www.aizhigu.com.cn/*
81392328df98bd48422dc75721b32659,1156360500,1,www.aizhigu.com.cn/*
8199d9fe13701ce0fd7f5bf8417937f9,1156511500,2,www.chongcao.cn/*
81c1874b66a3942b19b8efb90160d77c,1156450100,3,www.aizhigu.com.cn/*
8225e373bb5e6d2727cc2dfd1a6695be,1156420800,4,www.aizhigu.com.cn/*
8250d68d0d8b16b15e1d11b41854275a,1156500000,1,yanshi.bxryp.top/*
827f8011eb69151b70fc86e6e06fb0b0,1156451300,1,ys2i1.sfy9874.com/*
82869f092006548ad06c1141a799894b,1156350500,1,yanshi.bxryp.top/*
82c3c858d3a0a07b0335901f0de330a1,1156450100,1,www.aizhigu.com.cn/*
82ebc2efc7f8865fa18637875d3cb193,1156220700,1,yanshi.bxryp.top/*
831dc1ea747419fdea22a5ddcafedc6b,1156130200,104,ys2i1.sfy9874.com/*
83325f59554fdafa01b73230a5ea589b,1156371300,34,ys2i1.sfy9874.com/*
8334bc2001ae5f78a9a1808ae774e4c4,1156652300,40,ys2i1.sfy9874.com/*
83588d4901f31d4e3341e30a7c52d9e3,1156450100,2,www.aizhigu.com.cn/*
8385456738fa0f8f9a50967c631120f0,,1,www.aizhigu.com.cn/*
83c406e1c522ded432ff7a5f8a8a1c06,1156440900,1,www.aizhigu.com.cn/*
83c78b41ac41ad55453529b53c90d5b0,1156411700,1,www.aizhigu.com.cn/*
83cd37cc3226efa1bf43be9527d98ca4,1156451200,40,ys2i1.sfy9874.com/*
849aab22a03744c446a2e1e3ff06b08e,1156130100,8,ys2i1.sfy9874.com/*
84d8a3c12e8c8f4f73f158054d07b4da,1156621200,1,www.chongcao.cn/*
84f7f272e52b70330108ebf1162ac6c0,1156130100,1,yanshi.bxryp.top/*
8510536850cc7e1fd7b6540f01adaf07,1156450100,3,www.aizhigu.com.cn/*
8552f20630f7772e72b26f379af52de6,1156431000,32,ys2i1.sfy9874.com/*
85de740d75e1d8a3bdc85e6084c229a5,1156430700,11,ys2i1.sfy9874.com/*
86628577ade4e81797ddac069d3f25c0,1156510500,1,www.aizhigu.com.cn/*
868f0d0f9e0c162760a68f2dc7dd6624,1156120000,4,www.aizhigu.com.cn/*
86b1e5ab084133fbf5f990451ab26a6d,1156510500,1,www.aizhigu.com.cn/*
86f8a822d6d92605eabe92bfe5e29d3e,1156340800,1,www.aizhigu.com.cn/*
870f01ccd30859fa6ef143beb7f0849f,1156130600,1,www.aizhigu.com.cn/*
874a34ff44b5c676b6d5a2f79bb6defc,1156450500,1,www.aizhigu.com.cn/*
874b765bde42ceb5c72a58941ce5ae32,1156130700,1,ys2i1.sfy9874.com/*
879525846c2394b6634fce7b1007c146,1156622900,1,www.aizhigu.com.cn/*
87c93fad672a95e1c63aefba13f48b4f,1156310000,7,ys2i1.sfy9874.com/*
87e8495a7293abab7492258d7cbf887c,1156431400,1,yanshi.bxryp.top/*
87ea9650f850be8fbf7732f3e7d735c0,1156370900,1,www.chongcao.cn/*
88001b20ba0575f75d13c9e2e794d9b0,1156210200,1,www.aizhigu.com.cn/*
881d62368bd337f1099bb2b107e06ee3,1156310000,1,www.aizhigu.com.cn/*
885054edfc57df4f4bd6d176e7572f7b,1156610500,5,ys2i1.sfy9874.com/*
8865314051896f762f3123e7c295bad3,1156610100,4,ys2i1.sfy9874.com/*
889496294f8866be45cc27208d450e1b,1156320500,59,ys2i1.sfy9874.com/*
88bff9012b2d5ee95afe506ec5beed9f,1156330200,4,www.aizhigu.com.cn/*
89913062ae3cdf39dd9c6932f88d3afb,1156130900,38,ys2i1.sfy9874.com/*
899fd83029a32029bc8439bd7d630fc7,1156320100,1,www.aizhigu.com.cn/*
89a928253b5885509566e645fe4e190c,,4,www.aizhigu.com.cn/*
8b21ae81262a8472a1a5cfa347df25a7,1156321000,5,www.aizhigu.com.cn/*
8b3bb8508735e847a723f91612bab858,1156430800,1,www.aizhigu.com.cn/*
8b5ae1eddd61a2e3575ffc0924d8c9c5,1156420100,1,www.aizhigu.com.cn/*
8b812696e230d8c01274bb9c00877973,1156321100,38,ys2i1.sfy9874.com/*
8c0a5b7d6106ee7adc8802e3dd4da0b7,1156451300,1,www.aizhigu.com.cn/*
8c109995da7fc87c366ca9644654101b,,31,ys2i1.sfy9874.com/*
8c27390f780b44c0f43b93f31bd89dff,1156330600,1,www.aizhigu.com.cn/*
8c42aa8d3b0ec7ac917118278bc8b346,1156610600,28,ys2i1.sfy9874.com/*
8c4b63f66431aa3da92cca4aa028b28a,1156530300,1,ys2i1.sfy9874.com/*
8c7a1d07379c8530a46e1221fad94969,1156150700,3,yanshi.bxryp.top/*
8d0246555c1f75ec9ee2ab03e8341b30,1156610500,26,ys2i1.sfy9874.com/*
8d0a38e2a1c14969a1932cf96bcb8e94,1156450800,31,ys2i1.sfy9874.com/*
8d41e4dd3bf903a59ae1ad2f635f6812,1156441900,3,www.aizhigu.com.cn/*
8d98339c2e55c709d66c5c16ffc08cea,1156140800,34,ys2i1.sfy9874.com/*
8e201b645fc177087a724727ba62594e,1156371300,41,ys2i1.sfy9874.com/*
8e4fd593f6dfd0a24e1c4ea81e6fd16d,1156522700,1,www.aizhigu.com.cn/*
8e80ede7bbdaa46a397ffc92911a01d3,1156510100,40,ys2i1.sfy9874.com/*
8eec9ed6901367eb178d6b31ec984a53,1156450700,3,www.aizhigu.com.cn/*
8eef891b312ead7883057c9000ed38b0,1156320300,72,ys2i1.sfy9874.com/*
902cfeea3408d98c3e594dccdd5dcff9,1156350300,3,www.aizhigu.com.cn/*
903b34a683c1eaa99cf1e366b68d14d4,1156421100,2,www.chongcao.cn/*
904d0b24a3aac0180db0eec99fcebc3c,1156431100,1,www.aizhigu.com.cn/*
906d1733c5f9e92f8feae0b4a3087995,1156420800,1,www.aizhigu.com.cn/*
907b3ae9f71c1706cfe6aa987784400b,1156450100,1,www.aizhigu.com.cn/*
9135f3ce05e1b199372283204a2dbe54,1156610100,1,www.aizhigu.com.cn/*
915a5be5cf935bb862f9e386764c85a1,1156220100,10,ys2i1.sfy9874.com/*
917b7fa3b107bcc274864fc97f02b5c9,1156321300,33,ys2i1.sfy9874.com/*
91b25022da090c289238cbc3ebe23fd6,1156360100,1,www.aizhigu.com.cn/*
91f992857809cfe8ad75541231888165,1156640100,3,www.aizhigu.com.cn/*
922830959727ef8464f18f517028f8a6,1156510100,20,ys2i1.sfy9874.com/*
92444166d8e7b0e9279766a1b6362b8d,1156511300,1,www.aizhigu.com.cn/*
92546f73a33026a673c257f3c873ae10,1156451100,1,www.aizhigu.com.cn/*
92785c4441f33d0cd2a4044f5d1c196a,1156370100,5,ys2i1.sfy9874.com/*
929e3193770d47d9dbc47ccacf5c230a,1156640500,9,ys2i1.sfy9874.com/*
929e3193770d47d9dbc47ccacf5c230a,1156640500,1,yanshi.bxryp.top/*
92d87159a2790d64c10f9e483ddc32ef,1156450300,1,www.aizhigu.com.cn/*
93108688f14ede4f7e75ef69a664b181,1156120000,41,ys2i1.sfy9874.com/*
93785dbe054ca960bd79ca6a6112b35b,,8,ys2i1.sfy9874.com/*
93b3485b3725fa4fa4efda737b5fad5b,1156510900,1,www.aizhigu.com.cn/*
93b66ff00e059df924b1ff72f1a1961e,1156350300,1,www.aizhigu.com.cn/*
93cc95ba3f00992a361e27644b39dcca,1156350600,1,www.aizhigu.com.cn/*
941d4999de1415f43a6b46d1409c0d6d,1156320900,1,www.aizhigu.com.cn/*
948b87d1a37db8db8bf8d01018315c61,1156500000,2,www.chongcao.cn/*
949fa70df01d8120f34a61b4cd98a55e,1156440600,1,www.aizhigu.com.cn/*
94a385da728bc64e1e855a545e988cb5,1156511100,1,www.aizhigu.com.cn/*
94ce0e4a41250708d13eedfbc072eff1,1156532300,1,yanshi.bxryp.top/*
952ebd115b07b93d04d1181d3122a640,1156610500,64,ys2i1.sfy9874.com/*
956091a41684b13a6c23d5c025f9941d,1156130600,33,ys2i1.sfy9874.com/*
9562168b156ee8d921ce487031dd400a,1156621200,2,ys2i1.sfy9874.com/*
95b6d5db7717a91df16237f30d3e8a4a,1156421800,85,ys2i1.sfy9874.com/*
95b78777374b132a8a21d71000ae4890,1156530100,41,ys2i1.sfy9874.com/*
963d87ac3ee6355d6fe9f9e08c525547,1156110000,1,www.aizhigu.com.cn/*
968743423625242770bf9b47e6ff0a95,1156150600,5,www.chongcao.cn/*
975430d9bf4a6380e17294c5e501536e,1156610800,34,ys2i1.sfy9874.com/*
9795c0eb0a4990705701a95c3ebe9678,1156140100,62,ys2i1.sfy9874.com/*
9797313769f662f8233a6aff729c45b6,1156440900,1,www.chongcao.cn/*
97b875b2772a8045740b79c202ed6c7b,1156421800,35,ys2i1.sfy9874.com/*
97d2fec30ccc7e6af332787fb9f638a9,1156451300,4,www.aizhigu.com.cn/*
981df8168c3542fb3cec7f5cf0e82e5a,1156421200,1,www.aizhigu.com.cn/*
98b020fbb389e05b33baf1753671f08d,1156650400,32,ys2i1.sfy9874.com/*
98b081e0ea22ad4c0f73aa26f2481ffb,1156610500,70,ys2i1.sfy9874.com/*
98f2d8e7a1212cf1433d2af224cbaa79,1156370100,1,www.aizhigu.com.cn/*
98f4bbc1600786e208be560eb93ac2a7,1156420900,1,ys2i1.sfy9874.com/*
992d3f40855b5b87b2572d5aac9f84e1,1156210500,1,www.chongcao.cn/*
9931e01bc4b438583c85e2d814f0ff70,1156450100,4,www.aizhigu.com.cn/*
9953e9ac32cabf10f256b117a74e14e9,1156150100,1,www.aizhigu.com.cn/*
9a38fb43c384e1354a7deaae8ba8d69d,1156511500,1,ys2i1.sfy9874.com/*
9a3f0a48eaeed513e7660806fef8ff7d,1156140200,35,ys2i1.sfy9874.com/*
9b612c961c0d5b1ac6dca54efa673584,1156130900,1,www.aizhigu.com.cn/*
9b64b9bc9ff4b4437ea6d41d9b4da604,1156130900,1,yanshi.bxryp.top/*
9b79a9062beff40552c3a77c492dcd1d,1156130800,1,www.aizhigu.com.cn/*
9bb8ea16b89e14fcd04283dd081da75f,1156210200,4,www.aizhigu.com.cn/*
9c44b74178b2510cb586de11cb79329a,1156530100,1,www.chongcao.cn/*
9c44f8cf1a58218a33b43a78e3ae2eca,1156430300,1,www.aizhigu.com.cn/*
9cb31460b77679ffce2f151f3f9eb925,1156450100,6,www.aizhigu.com.cn/*
9cfa243de6ee0983e83f76d7111b251f,1156150600,36,ys2i1.sfy9874.com/*
9cfe0232a0d6c0120c1abc05ea3b48b8,1156620500,45,ys2i1.sfy9874.com/*
9cfe9c5f46dfb076532f26b0196596cc,1156420100,1,www.aizhigu.com.cn/*
9d2a8e441b18d8a67fd6a18162b11e99,1156350500,10,ys2i1.sfy9874.com/*
9d41f1dd89e3409785c3a9e73d7fe942,1156420700,1,www.aizhigu.com.cn/*
9d4510ccd1b2e913b8e4ec35249ae191,1156310000,1,www.aizhigu.com.cn/*
9d4ee0e7fc6c1d82c8380d3bd42552a9,1156320500,1,www.aizhigu.com.cn/*
9d7e0bc46a1898f2006906a8691d31f8,,2,www.aizhigu.com.cn/*
9d9b1dcc2f14404d78e459ea071d60a8,1156110000,41,ys2i1.sfy9874.com/*
9e247aaf0a3649a892bb73601da8bb49,1156610800,2,ys2i1.sfy9874.com/*
9e6a0eaa73d0404ff0355ad3069dbb9f,1156421500,8,ys2i1.sfy9874.com/*
9f13a4047e5d32acc2b2ade3c3dd5c9f,1156510600,6,www.aizhigu.com.cn/*
9f4d2774f23e8ca380bc5d8b5a06a7c2,1156310000,1,ys2i1.sfy9874.com/*
9f5bb28ba1bbbf1ae58ddbfdb6f21d29,1156440300,2,ys2i1.sfy9874.com/*
9fcde607284d443c8edce5b3fa3dd3c2,1156350800,29,ys2i1.sfy9874.com/*
9fd4779fb3921cfcae1de7ad9605589c,1156441200,28,ys2i1.sfy9874.com/*
9fd4779fb3921cfcae1de7ad9605589c,1156441200,1,yanshi.bxryp.top/*
9ff1c657d147d6d0da8b98dd609ca894,1156421800,30,ys2i1.sfy9874.com/*
9ffd1baa23ef6dd430e684882869e0ba,1156510800,5,www.aizhigu.com.cn/*
a040dee410a7a08ac0c65f72ad0cecb3,1156520500,1,www.aizhigu.com.cn/*
a0d6d440fad7fc521e9a1c4bcde2c12f,1156320600,3,www.aizhigu.com.cn/*
a0e6afc29cc32837e39d7a71392eacd2,1156445200,36,ys2i1.sfy9874.com/*
a0f8545b264ebfbab9993cc6214cb706,1156450100,2,www.aizhigu.com.cn/*
a125396360b661878baa804233e76ce6,1156620900,33,ys2i1.sfy9874.com/*
a164a6a417958057187489eb01ae2a6a,1156340400,1,www.aizhigu.com.cn/*
a16675681f1df12cf162d63732f9e6ae,1156440100,2,www.aizhigu.com.cn/*
a16a6335023e38c1292818e35dd770e0,1156420900,2,www.aizhigu.com.cn/*
a1ab8723429b4e80d8e48651bd41ba1a,1156410700,1,www.aizhigu.com.cn/*
a1afc220b46c3bb2a0502b59e0ffd5bf,1156610500,27,ys2i1.sfy9874.com/*
a1e0e1b9115d5885f542ef023ccc27cc,1156370900,39,ys2i1.sfy9874.com/*
a1ec8e2b49d5fee84b4b84c5660e8056,1156430700,1,www.chongcao.cn/*
a2299a1fd5779f0612c6427f9c0efe95,1156532900,1,ys2i1.sfy9874.com/*
a2c9160de9b34f0ceee3ba2a0eaf252d,1156610100,69,ys2i1.sfy9874.com/*
a2f42fecedc7b504abd6b0affb8d4a40,1156110000,60,ys2i1.sfy9874.com/*
a399c22fef27702036d818466eeafd51,1156440300,4,www.aizhigu.com.cn/*
a3a8875fd19b7be336a0cf681e2dbd45,1156440100,2,www.aizhigu.com.cn/*
a3ae3b6ee646608b7602164698f7eecf,1156310000,49,ys2i1.sfy9874.com/*
a3c901725900649609a1a81c1715dd5f,1156450100,3,www.aizhigu.com.cn/*
a3dc7028ec22989c0833ecbac869cbbc,1156371300,1,www.chongcao.cn/*
a4115aac47d01152cfd613e49c092b1e,1156360600,2,www.chongcao.cn/*
a4b73bb13ac75e321b681b5c3bb43066,1156510100,1,yanshi.bxryp.top/*
a4ec0cb5c31a43afef0a5530b2bce586,1156532600,4,www.aizhigu.com.cn/*
a591d74465dd76719661d477f820e6b2,1156510100,39,ys2i1.sfy9874.com/*
a5a07c0072e6869e94d0d1885011a606,1156450100,1,www.aizhigu.com.cn/*
a5ae15a61ca9c9cb569a1eca9843afac,1156450100,2,www.aizhigu.com.cn/*
a5d0fbc4d148347e3a2a35c487fe2cc1,1156500000,4,www.aizhigu.com.cn/*
a6134a2ac77a63f5604ec141c7e7a3d6,1156370200,1,www.chongcao.cn/*
a667ecb3e79e244d4ac61297074ec613,1156620600,28,ys2i1.sfy9874.com/*
a67a2f9a4a593a8fc20c724dec255ae4,1156330100,3,ys2i1.sfy9874.com/*
a68ac485e8dffe119278b8f72f08d487,1156330200,1,yanshi.bxryp.top/*
a68d3b0e86e5f8579496e493c91245f7,1156330400,1,www.aizhigu.com.cn/*
a69d968c17c6165af584f99852d10f6c,1156621200,2,ys2i1.sfy9874.com/*
a6c1a9dfcdc055e94c0591e23c07e740,1156131000,33,ys2i1.sfy9874.com/*
a72b6aebe33885f4a72a94950fd4bfa4,,3,www.aizhigu.com.cn/*
a79412936f9dccb086b3bf4c74e195d9,1156430200,1,www.aizhigu.com.cn/*
a8085b215cc8aaae090f9129d05ec3ac,1156330900,2,www.chongcao.cn/*
a81aca10e590e2e15149573124b2d55c,1156220500,1,www.chongcao.cn/*
a83aa078772ebf43c13a31346161d8a7,1156360600,1,yanshi.bxryp.top/*
a84333a95fb802aa05b873f1b147ecd2,1156620900,25,ys2i1.sfy9874.com/*
a85e004a154615b990543753f04506dc,1156520300,1,ys2i1.sfy9874.com/*
a873e2ed955c7e93745ea6318ca4a1c8,1156150200,31,ys2i1.sfy9874.com/*
a880b7e930b2d03eeb6cc8d1ffbb53e2,,1,www.aizhigu.com.cn/*
a8a15b38acebfecc6addce3110edbd0e,1156220100,4,ys2i1.sfy9874.com/*
a90a7595570b86aef3e1dbc1d5b2fea6,1156450400,2,www.aizhigu.com.cn/*
a94274b8dc6ba5705f12eb1a7396ced4,1156431300,1,www.aizhigu.com.cn/*
a94312ec788dbd39c7b2e596cd2aeea2,1156130700,5,ys2i1.sfy9874.com/*
a9addca1bb54836dc48ecf87a5f09fbf,1156440200,1,yanshi.bxryp.top/*
aa2fbbb4e902185d11d980813415465e,1156120000,29,ys2i1.sfy9874.com/*
aa4a8bcb97de296be80d8fbf22b24a1f,1156331000,1,yanshi.bxryp.top/*
aa55a77055c2f85ebcf43bc459f05362,1156330100,1,www.aizhigu.com.cn/*
aaa955f8d1de4ba96ba90192a162ba01,1156620300,121,ys2i1.sfy9874.com/*
aadde249d251209c1488cadabf685683,1156450100,2,www.aizhigu.com.cn/*
ab35f54049178b2317f776d67923b346,1156620800,1,www.chongcao.cn/*
ab62ad50d61ee1df49530b730619e52c,1156130800,1,ys2i1.sfy9874.com/*
ab659528374f9037b6ad5b0675446961,1156640100,34,ys2i1.sfy9874.com/*
abf64c456bdc01d37e30520e06fce79d,1156350600,1,www.chongcao.cn/*
ac3d246108e489834076c7cf62bdac26,1156441300,1,yanshi.bxryp.top/*
ac4837ba6005717d8605a3d0995dc6d0,1156620900,4,ys2i1.sfy9874.com/*
ac4c7bcf662c28ce5f05ead1e72db0b4,1156420100,3,www.chongcao.cn/*
ac5fc85525c49eaf141c6724e191a8fe,1156411700,1,www.aizhigu.com.cn/*
ac68cfd944414dc2b6c4cf21b6049656,1156500000,2,www.aizhigu.com.cn/*
ac6eeace64942ec93274eb789c49d6d0,1156450100,1,www.aizhigu.com.cn/*
acbd87495a8f675e86184f0606847876,1156450100,4,www.aizhigu.com.cn/*
ad02346b02d27c0122ae9107fc491b19,1156310000,1,www.aizhigu.com.cn/*
ad0bf4fdff51ee5d7c28291c9e9475e0,1156120000,1,ys2i1.sfy9874.com/*
ad1a8e22d7c1e1431c36f0a0dd6416ad,1156450100,3,www.aizhigu.com.cn/*
ad2ec0efa633ee8561c8c744daeceec9,1156440700,1,www.aizhigu.com.cn/*
ad31430171c0a460abf87ccd680697b8,1156450600,31,ys2i1.sfy9874.com/*
ad3726087bd5bcc8871b4d321f6056b6,,29,ys2i1.sfy9874.com/*
ad5108089d3d4465df4e66912ff3c8bb,1156500000,35,ys2i1.sfy9874.com/*
ad61fd0299cfefb620f0626f845261fe,1156610300,1,www.aizhigu.com.cn/*
adb3dc7c75f94e7388900a0ee854acb0,1156430100,1,www.aizhigu.com.cn/*
ae3bdc699d62a7dc96b6dac567df999e,1156370300,27,ys2i1.sfy9874.com/*
aedb0a24a0f242ffdefa40354edf9fe1,1156130100,3,www.aizhigu.com.cn/*
aedf96d9c851d640a541950485ec64fb,1156510100,9,ys2i1.sfy9874.com/*
af17c4ed1739a0296a82bfe56015248e,1156610100,1,www.aizhigu.com.cn/*
af55e84fadc7739b43d44c57999295f2,1156130600,38,ys2i1.sfy9874.com/*
afd4c2be42e410eb27b7168114c9804e,,1,www.aizhigu.com.cn/*
afe82010090373544df9dc5cf499eb60,1156421100,1,nan.wenkang.cn/nxjk/*
b003f434d515bbd25ecc12a2eb271cd1,1156370500,3,www.aizhigu.com.cn/*
b0204f15b49a13af695636f1f3df785f,1156450100,2,www.aizhigu.com.cn/*
b038019a25ef463ed47427d6c5d97771,1156321300,1,www.aizhigu.com.cn/*
b042d6f0c48b7410fdc0fd1f5157b07a,1156450100,2,www.aizhigu.com.cn/*
b04c19713ae240c4d72709b030f080ba,1156330200,1,ys2i1.sfy9874.com/*
b094114efd3db74b3bb8d62cefdefda7,1156451100,2,www.chongcao.cn/*
b095b89176f2ebf926d4d02ee65c3c58,1156610700,27,ys2i1.sfy9874.com/*
b10e7c663ecd7265bacb266c68aae721,,3,www.aizhigu.com.cn/*
b13cbc07c25bcb5071a9ce93cda57535,1156330100,106,ys2i1.sfy9874.com/*
b14407327ed2dd021636012d54d76822,1156640500,40,ys2i1.sfy9874.com/*
b1c233d0cc802c0c6c2ff7e28d0b0ef6,1156130100,1,ys2i1.sfy9874.com/*
b21f818b93c2433bf52ce14cd926072c,1156350600,1,www.chongcao.cn/*
b2696ed7fd1b5811619faa50c13ef3be,1156140900,4,ys2i1.sfy9874.com/*
b297fc3657596f7762799c26f8a9a739,1156150700,35,ys2i1.sfy9874.com/*
b29963c97f44aac8e447a46418775848,1156500000,71,ys2i1.sfy9874.com/*
b2c550f544ecb545a1a7066cbbb9a566,1156500000,28,ys2i1.sfy9874.com/*
b2e2a37e0d877bf6fba85054156e6cad,1156420100,1,www.aizhigu.com.cn/*
b33379c5cfcf567fd1fedb005022a869,,1,www.aizhigu.com.cn/*
b3a8cb8cb02c00234d2ac63dcece1323,1156330700,1,ys2i1.sfy9874.com/*
b3deccb1134a0218f3dd9c37612e879e,1156450200,1,www.aizhigu.com.cn/*
b443759e5060bd83f0969de682aa81a4,1156410600,1,www.aizhigu.com.cn/*
b44f482ac3cacfe3a6a609fba9852eba,1156450100,6,www.aizhigu.com.cn/*
b46dfac479943e353b105681db189d69,1156371600,1,yanshi.bxryp.top/*
b46f29cbdb619a049df4b351c34faf1d,1156450800,3,www.aizhigu.com.cn/*
b483f9f1b8649df605a02712296d4280,1156430500,39,ys2i1.sfy9874.com/*
b4a97dd81439713616ebdf9735508de4,1156620100,3,www.aizhigu.com.cn/*
b4d1effd0b7506fd709617e50a638a7e,1156231100,3,ys2i1.sfy9874.com/*
b520b91e229287f5ca23d7ca00d7b81e,1156522600,30,ys2i1.sfy9874.com/*
b57c960f238e151c23a62b7be72d35ed,,8,ys2i1.sfy9874.com/*
b59c5267479e9ee868cb4f436ece254b,1156350800,76,ys2i1.sfy9874.com/*
b5a8278a7e86fa828e502f45c2488397,,1,www.aizhigu.com.cn/*
b5bc3bbeddc4f96fc1cb954f0f6c13d7,1156410100,1,www.aizhigu.com.cn/*
b626fb233a641621680b6c9bfd55bbf3,1156370500,4,www.aizhigu.com.cn/*
b62c58d84d9085f94be6544bdcbaa829,1156320500,4,www.aizhigu.com.cn/*
b638fa3df91e9953f9e9c6d387ca0c96,1156340100,1,www.aizhigu.com.cn/*
b65946857ebc021ba367c04d72f9b94d,1156610500,7,ys2i1.sfy9874.com/*
b6a8fef35d48257d6c979590dfba6d2f,1156131100,1,www.aizhigu.com.cn/*
b6c6bea1461f43080d34731312701c4b,1156530600,93,ys2i1.sfy9874.com/*
b6d682d08c90a718c5ed523e0699a315,1156330400,1,yanshi.bxryp.top/*
b70c0078b38e945ec4bb673a3d00f92f,1156440100,15,ys2i1.sfy9874.com/*
b724eda89b7017ebb3eb9e9139a78bff,1156320500,1,yanshi.bxryp.top/*
b74270dd04a87701769c3b2406a2f4a8,1156330100,1,www.aizhigu.com.cn/*
b756df03a10af892816769384fce4741,1156510700,1,yanshi.bxryp.top/*
b76ab0832aab8d91583c5674806402de,1156431200,1,ys2i1.sfy9874.com/*
b778691be8ac9ff4a36b1cb20a79f71c,1156513300,3,www.aizhigu.com.cn/*
b79048aeedd2a61200edae1a372f3916,1156210200,10,ys2i1.sfy9874.com/*
b7cc49a73ba2a1064d7127876cc7af95,1156350600,33,ys2i1.sfy9874.com/*
b7ec3203d6dbb0c0d209ad4a3d1d3b83,1156350800,28,ys2i1.sfy9874.com/*
b7f14999fbddfe1ca2949fa16a072d6e,1156330600,1,www.aizhigu.com.cn/*
b8c86fd1229763d0c48e8ffa664f2dfd,1156530100,1,www.aizhigu.com.cn/*
ba569a0f8126e5541b63ab3d290aafdc,1156513200,1,ys2i1.sfy9874.com/*
ba765eb638a5d01a6918eb16a17982ce,1156450100,2,www.aizhigu.com.cn/*
ba863a832a6f55d039a35c96d44b72ce,1156650100,30,ys2i1.sfy9874.com/*
ba8e37a92d82fbf8355a250dfc9bcdb8,1156450200,1,ys2i1.sfy9874.com/*
bab52b0fe269f73aa029c6562e7c0c89,1156230100,1,yanshi.bxryp.top/*
bad84a8a87a3331052e57d9fc7886a32,1156450800,5,www.aizhigu.com.cn/*
bb8e8c31ac4f86d9eaa5a9406d62627d,1156450100,4,www.aizhigu.com.cn/*
bbcbc729522e31ac92947b6ca9520a65,1156450700,1,www.aizhigu.com.cn/*
bbfa1ba79c6b32b0aa1e3eff5394ae5b,1156130200,4,www.chongcao.cn/*
bc000f74ee9399097ed6436470050d60,1156450100,4,www.aizhigu.com.cn/*
bc19163b88b89d13a111085764d60873,1156350100,31,ys2i1.sfy9874.com/*
bcb8b81c69cb33fb2460f97815fe58a7,1156360100,1,yanshi.bxryp.top/*
bd03326095e4244e7f3900619771905f,1156520100,1,www.aizhigu.com.cn/*
bd7472aac671fd80741efd7e922f756c,1156510500,5,www.aizhigu.com.cn/*
bd81e0b38d50e424884c386b73929af5,1156610500,1,www.chongcao.cn/*
bdb169d26dd44ff884927a61cca89cc2,1156230100,35,ys2i1.sfy9874.com/*
bde505e445f55815b40df91620155d3f,1156522700,1,www.aizhigu.com.cn/*
be277551d9cf66e4af647bd882ae32e3,1156630100,34,ys2i1.sfy9874.com/*
be3b58da161a884414566aaf9bf0ec20,1156450100,1,www.aizhigu.com.cn/*
be59fe5b385f9ccbec85732c29ed1592,1156320900,3,ys2i1.sfy9874.com/*
be5dda95c902bb636d08c3d26f5d0bf5,1156420800,1,ys2i1.sfy9874.com/*
be9f57a7f9fdfd6a11f5659596be486f,1156620900,2,ys2i1.sfy9874.com/*
bed31f806eb08c8addbdc7ee68f953fe,1156431300,190,ys2i1.sfy9874.com/*
beec88a4d513ecc69c9d905e40e3b6d6,1156510100,32,ys2i1.sfy9874.com/*
bef55693af40730d6532010b2a344923,1156510300,35,ys2i1.sfy9874.com/*
bf97a62f9e20efe01e65f12c98494ef0,1156450100,1,www.aizhigu.com.cn/*
bf9e97bb0bee384d0ef6617235daa49e,1156442000,4,www.aizhigu.com.cn/*
bfae8d10c3674058c5a9f3af5e9fa696,1156370800,29,ys2i1.sfy9874.com/*
bfca529b59c84927fb5d29eda8fb03e3,,1,www.aizhigu.com.cn/*
c0281449760cf878bac797744cfdae8a,1156511300,1,ys2i1.sfy9874.com/*
c03a5404f7e4b8085bedeabf0678ddf6,,1,www.aizhigu.com.cn/*
c0f1d1099f782ef7ad19112b57779af4,1156141100,38,ys2i1.sfy9874.com/*
c123ca3116e8df7d879c6eb804534df4,1156350100,1,ys2i1.sfy9874.com/*
c15452f5e6e448d0a9a376ed75040bde,1156370600,1,ys2i1.sfy9874.com/*
c1609a93ca0023853664570fcbd9d538,,4,www.aizhigu.com.cn/*
c187e6a0738072a764d451b98371a9ad,1156510500,23,ys2i1.sfy9874.com/*
c1af88fc7f64fc8ebc97e764a392f10c,1156120000,41,ys2i1.sfy9874.com/*
c266e9599431021534d9a4c1fdf4101d,1156360500,34,ys2i1.sfy9874.com/*
c27482826d70c9f95296ec781aa4525b,1156610100,1,ys2i1.sfy9874.com/*
c27d6a64ac9f2c7c607c96e0f60791d8,1156430600,36,ys2i1.sfy9874.com/*
c2b55854e4c226789ee258179628bce8,1156620800,9,ys2i1.sfy9874.com/*
c2d0d6664b305040e6d04bbf21bf5904,1156500000,7,www.aizhigu.com.cn/*
c2e975a98b392a43f22dda2307365669,1156130900,59,ys2i1.sfy9874.com/*
c2ec53fdc8ba2256327c41e52802800f,1156620300,22,ys2i1.sfy9874.com/*
c3498c859392c86a4544a04ba3539558,1156450900,1,www.aizhigu.com.cn/*
c395706903672f8492f82944b26e70c9,1156340700,5,ys2i1.sfy9874.com/*
c39ad454bcba48f248a57086fdcb21f6,1156230200,1,www.aizhigu.com.cn/*
c3ba2cf3b8773464396113514a7212d9,1156370200,15,ys2i1.sfy9874.com/*
c3fe862e47c175790b3b9db80a019a50,1156610100,36,ys2i1.sfy9874.com/*
c413a4c5817e6a162cbf79426094b60e,1156150100,36,ys2i1.sfy9874.com/*
c42c509891f17a79bab22c450fdbaee1,1156450900,3,www.aizhigu.com.cn/*
c47286c6acd81c4a23038a6706ef2647,1156610100,1,yanshi.bxryp.top/*
c473ea7be9ecfa081c9f9cf330eab02a,1156370200,5,www.chongcao.cn/*
c4898c0ecd2fa195ee8aa2ade422ad97,1156441300,33,ys2i1.sfy9874.com/*
c504f122a1d74001ff47c113ef1f7d02,1156420800,1,www.aizhigu.com.cn/*
c52dbccf4c4e0322301b558085d07e04,1156310000,1,ys2i1.sfy9874.com/*
c549ff01781b5ca8616f6e065d8ab445,1156430400,4,www.aizhigu.com.cn/*
c572df5194a702d84be6901eb2f52194,1156450700,1,ys2i1.sfy9874.com/*
c59a264748173e562a760cdfd192b3b7,1156511100,2,ys2i1.sfy9874.com/*
c5c4edfef6767b89092bafd647ecb662,1156230300,7,ys2i1.sfy9874.com/*
c5cd97af8ed3dad8412492e4862762f1,1156130500,1,www.aizhigu.com.cn/*
c5e9b1c47072897bd8f02bf45008cd57,1156450100,3,www.aizhigu.com.cn/*
c6006cfb7e75c89218f63cdefc10ea80,1156371300,1,ys2i1.sfy9874.com/*
c61656e827929405176d4db0f73814fa,1156520100,33,ys2i1.sfy9874.com/*
c67d550198f9d88ecbf99973110964aa,1156450100,1,www.aizhigu.com.cn/*
c6d625876c780da56f20ee9c412fccae,1156421000,1,www.aizhigu.com.cn/*
c703da7d0d19b15791f9618256a26892,1156131000,33,ys2i1.sfy9874.com/*
c707c713ac26abce01c4b2264f9cc110,1156450100,31,ys2i1.sfy9874.com/*
c7bf54a75d01c8e51888f84bb7b78bb9,1156421200,1,www.aizhigu.com.cn/*
c857fb682e1750e2fe1f8f99e6a34936,1156450100,40,ys2i1.sfy9874.com/*
c86f69033e6fbc0e6cf46ba2429650a2,1156130100,31,ys2i1.sfy9874.com/*
c8c87153b688de182642a82f2181ef1a,1156620100,3,ys2i1.sfy9874.com/*
c9315ef8a99fa63b278ea6780e03ebfb,1156511300,3,ys2i1.sfy9874.com/*
c9399f2ea29eafdcce7a62fb10d52656,1156341300,1,yanshi.bxryp.top/*
c994bd055b943d40e08e3d44650a9fb2,1156120000,1,yanshi.bxryp.top/*
c9c7e53718472b35468dd1ca972cf6f4,1156361000,6,ys2i1.sfy9874.com/*
c9fbcc9d14676a0b73ae4c924016cb4e,1156410100,4,www.aizhigu.com.cn/*
ca0ae314c2649efc62588b30b906648b,1156450100,1,www.aizhigu.com.cn/*
ca0e463b54af444a0d94611ebbc5d56b,1156620100,1,www.aizhigu.com.cn/*
ca405303dca4727958511e4e27cf56be,1156451400,7,ys2i1.sfy9874.com/*
ca44afdae11ea7e26340841b41523483,1156130100,38,ys2i1.sfy9874.com/*
ca472b6e501a6cdcd39e211db64c0652,1156211300,1,ys2i1.sfy9874.com/*
caba186562afc20b8308aafae7d54d88,1156330100,3,ys2i1.sfy9874.com/*
cabfe4e0a11f8da5ccb317df6423a630,1156450100,2,www.aizhigu.com.cn/*
cc3d62761a80e40930bf2dfbfdcc31a5,1156350200,38,ys2i1.sfy9874.com/*
cccdd67a1f6515bdff4f445d27a2fc56,1156530900,1,ys2i1.sfy9874.com/*
ccf4155e88cefd907be91c9aa9d29556,1156652100,71,ys2i1.sfy9874.com/*
cd15c125f5961e47fdf4527011d1a9df,1156450100,1,www.aizhigu.com.cn/*
cdcbb84d7c5f63b07ce8cc46860b4874,1156230300,36,ys2i1.sfy9874.com/*
ce174867466316f61eb16c5ce7ebaf80,1156370200,1,ys2i1.sfy9874.com/*
ce1974e1d8d9464859eef286c4b23e9d,1156620100,1,www.chongcao.cn/*
ce3cf5a3b1d9be14ccc415cb79429175,1156430900,32,ys2i1.sfy9874.com/*
ce499ed08a68ff91438a8db07c3854eb,1156450200,2,www.aizhigu.com.cn/*
ce952067e5cba55242ef01c9ff09602e,1156420100,1,www.aizhigu.com.cn/*
cebc19f064fcaea4c5ac70f4ad985d89,1156330100,2,www.aizhigu.com.cn/*
cf4e92fea1d10de168ec82bf4983236f,,1,www.aizhigu.com.cn/*
cf67d92c2a0831b171f46845ebee9196,1156230600,1,www.chongcao.cn/*
cf6a3698d8e82178e49154cd10963e9a,1156231000,36,ys2i1.sfy9874.com/*
cf9fbd7aa7b351fe5f83679d951423fd,1156620800,40,ys2i1.sfy9874.com/*
cff42eda0260f1025dfb54381f15a6ef,1156640200,1,ys2i1.sfy9874.com/*
d000eb15debedf76f450e3f6cf95194e,1156610400,26,ys2i1.sfy9874.com/*
d00b64816bf7e5b2992800cc107f2f0e,1156341300,1,yanshi.bxryp.top/*
d0178fae3e626d563d8498a73bb1bc11,1156341200,65,ys2i1.sfy9874.com/*
d041a0a5ba13d62ab8c8be47b4fe5e8b,1156350500,54,ys2i1.sfy9874.com/*
d082d8285c2513ff32f18d8cd3d3b907,1156500000,5,www.aizhigu.com.cn/*
d0cf0e82466d46068bf8aedf58006fa5,1156130100,1,www.aizhigu.com.cn/*
d0da2c2e5068a2d9a6c31757da894bf7,1156330200,3,www.aizhigu.com.cn/*
d0f7ad4e443ec786085c662de50e87b9,1156420900,2,www.aizhigu.com.cn/*
d1567ae893de6379d36091c02c21703e,1156450100,5,www.aizhigu.com.cn/*
d1aecf0bb3c2bcaab3904588e0465779,1156411700,1,www.aizhigu.com.cn/*
d1dca8db9ea1c727314af90b099d1f8b,1156500000,2,www.aizhigu.com.cn/*
d2097e4788724c087ae18a1272a46e99,1156430100,1,ys2i1.sfy9874.com/*
d228c234990df90b342689ef31d22c61,1156450100,3,www.aizhigu.com.cn/*
d246cf16f6e4c7beb2bef9cf1a329839,1156411400,64,ys2i1.sfy9874.com/*
d2658e27ef389c4b82c6f26b722692df,1156640300,30,ys2i1.sfy9874.com/*
d274f75435d4c8ef2d62d8f37315a565,1156451400,4,www.aizhigu.com.cn/*
d2a2b6c29b8eb7ec916f5ac3beff59cc,1156450100,1,www.aizhigu.com.cn/*
d33bc65ff0c3a80c7d492ca5a83d85f6,,117,ys2i1.sfy9874.com/*
d3c64fdc0bfefe98c105c63404442976,1156140900,1,www.aizhigu.com.cn/*
d3e20774134bf323ed48d9c86eefcf02,1156350200,4,www.aizhigu.com.cn/*
d466fcfc58a0896e6d7d6eb4c7d55939,1156411600,64,ys2i1.sfy9874.com/*
d47d6e9365c0cc7ecfb548f3df433f6e,1156451000,2,www.aizhigu.com.cn/*
d489414045be3795d3f4d9445264a305,1156440300,1,www.aizhigu.com.cn/*
d491da271df1fb3a273360928fcd969c,1156310000,1,ys2i1.sfy9874.com/*
d4f41750b5816cc9b50e55b0e08945e3,1156450100,1,www.aizhigu.com.cn/*
d507b51e27d1564e8b46948133364765,1156310000,1,ys2i1.sfy9874.com/*
d5786b80fbccbc21726c88ab0fdd2270,1156610500,1,www.aizhigu.com.cn/*
d581a4105ea1ee4ae52f143710dd4bf9,1156131000,1,www.aizhigu.com.cn/*
d666d4306a56de1360a5ae299c53bbac,1156370300,1,www.chongcao.cn/*
d68c22605b995f7fe9e5a14b521a4bbe,1156371400,2,www.aizhigu.com.cn/*
d69dac6f5f42fe30c5faeaa051e5964a,1156430200,7,ys2i1.sfy9874.com/*
d7917c5e03785912059ced26ad52aca2,1156230600,1,ys2i1.sfy9874.com/*
d7c42a25fe09a74e71a092f67851b860,1156421200,4,www.aizhigu.com.cn/*
d8374592948cad38a6c7c1bc8d34a8a4,1156450100,3,www.aizhigu.com.cn/*
d88a8794bb1f19456f6b6292774df4f6,1156530100,1,www.chongcao.cn/*
d8a6cf4f9cc59c3dbdca91faf2a1833a,1156421100,8,ys2i1.sfy9874.com/*
d8f3a1618235560e25961066e211a63c,1156500000,1,www.aizhigu.com.cn/*
d95bd69e8636b65b83c0ca4bc8f1aabc,1156320400,1,www.chongcao.cn/*
d989a846d22ccb619b224b918e38efa1,1156532900,6,ys2i1.sfy9874.com/*
d9fd7dfbf2ba44704702b75f6dbe0557,1156610700,4,ys2i1.sfy9874.com/*
da131584d6c2d3ab10a40ccd3d0a3810,1156430400,1,www.aizhigu.com.cn/*
da37dcbb5ace549f2fbf39dca018073a,1156420100,1,www.aizhigu.com.cn/*
da5f58d2d28d45167a1327a25c5a3d8f,1156230100,1,www.aizhigu.com.cn/*
dab88cc3bc4fe526b014124230a0d75d,1156220100,3,www.aizhigu.com.cn/*
dac7accf66e55ef5c50bdd81ee6abc76,1156130100,27,ys2i1.sfy9874.com/*
daefaf12da1034ebb9f558a98e9578f1,1156371700,1,www.aizhigu.com.cn/*
db3c332b0aa3a899b53d336b9310ef99,,1,www.aizhigu.com.cn/*
db4564ca01d7629d11790da7701cbce2,1156371500,4,ys2i1.sfy9874.com/*
db6c635d23628cbac9c50c3f0c5e4c66,1156371000,8,ys2i1.sfy9874.com/*
db9ee9b7ef8f772ec1da7d8f9999882a,1156510100,1,www.aizhigu.com.cn/*
dba886ccce82a8750c94e94a12a3c73b,1156620700,5,ys2i1.sfy9874.com/*
dbe617abefd9829ce53d1e2394201d87,1156340800,7,www.aizhigu.com.cn/*
dbff192cc5774919a4377b2e7222ea9f,1156140900,40,ys2i1.sfy9874.com/*
dc51d6092a8dc6c0028609a1496b85f3,1156450100,1,www.aizhigu.com.cn/*
dc6145d1827e274ed987c1ca11023ef8,1156420900,50,ys2i1.sfy9874.com/*
dd0e664cb26db6b9f368e37106b62113,1156120000,5,ys2i1.sfy9874.com/*
dd22fa4dab3c756bbaa51563e578c13b,1156451200,3,www.aizhigu.com.cn/*
dd309b151d1886d6af6ffd9e3284a8e5,1156451400,1,www.aizhigu.com.cn/*
dd61fb68d63d9b9a9759cd681fc3de89,1156511500,2,www.aizhigu.com.cn/*
dd77c5b3133077cad768f06e8146c91c,1156451400,2,www.aizhigu.com.cn/*
dd9e4e74f45a6b76c8167fe8c7efd3b4,1156350500,1,ys2i1.sfy9874.com/*
ddac8d3f9377593244ed436c62e02e41,1156430800,40,ys2i1.sfy9874.com/*
ddf24e8abb4e28274705e565c418e2a5,1156310000,4,www.aizhigu.com.cn/*
de718d67d7c43c1107e9fd442eaf40ea,1156450100,1,www.aizhigu.com.cn/*
de94fde5ee629b228f8e171db46cb33c,1156410100,3,www.aizhigu.com.cn/*
dec031fa6499014ebb8e5097bfc567e9,1156120000,36,ys2i1.sfy9874.com/*
df161aeb473b9d4d267ee19f8a9783b1,1156330100,2,www.aizhigu.com.cn/*
df27ed4000b76eb125de9cbd79047b75,1156510100,1,www.aizhigu.com.cn/*
df531446ba1060885288a56e5a848b16,1156513400,31,ys2i1.sfy9874.com/*
df53e2054bdf535146b9a6149e0639f8,1156411200,1,www.aizhigu.com.cn/*
df964de3954ff2cdfbd4ea54d914b0dc,1156430100,5,ys2i1.sfy9874.com/*
e03e3e6f013e22c07c323a429c81939a,1156510100,1,www.aizhigu.com.cn/*
e08a4e790ad734eef865fe50fd83adf6,1156653100,1,www.aizhigu.com.cn/*
e0e538ec8fb93b9bb25fc865aa482b0f,1156450100,3,www.aizhigu.com.cn/*
e11273462a23868c3a32a4ba0d760eff,1156450100,3,www.aizhigu.com.cn/*
e1178370068808e6ec1b3c44f9364516,1156640400,1,ys2i1.sfy9874.com/*
e1192ef7e94e4d859013c2127be5fc7a,1156310000,1,www.aizhigu.com.cn/*
e177cfb59c488d453e997a6a19cb25e2,1156220300,138,ys2i1.sfy9874.com/*
e19aef16a30848db01fe98e36c399b0e,1156320500,66,ys2i1.sfy9874.com/*
e1af5341dd0179adb47a28370f036be3,1156610800,3,www.aizhigu.com.cn/*
e1e1fb2a48fd144c5ce7e02fa43678ea,1156632200,13,ys2i1.sfy9874.com/*
e1fa7a150ec4daaab5e5867bcc0ce1fe,1156610300,2,ys2i1.sfy9874.com/*
e2168fccd34c9a9171cadcec385446f0,1156450200,56,ys2i1.sfy9874.com/*
e2473336856652b3beaac0b35bf7c5d0,1156370800,1,www.aizhigu.com.cn/*
e2aaef59b39c2f179c169a83d819531c,,1,www.aizhigu.com.cn/*
e2c4676136d2dcfa1f230b41ee4b88e1,1156320100,1,ys2i1.sfy9874.com/*
e2d51fffc113da555cd5a50973f97bad,1156130600,2,www.aizhigu.com.cn/*
e30bd6030dd1edf68679e6d704160c35,1156530100,2,www.chongcao.cn/*
e30f3e6db6226fcb85f00117e4dee2f8,1156510600,2,www.aizhigu.com.cn/*
e326875fd031702f375aeb04a88c22f8,1156110000,2,ys2i1.sfy9874.com/*
e337ecfbd1aaf891ca21391481bdcf23,1156620500,9,ys2i1.sfy9874.com/*
e34e502e5cd0932e7b1c082e4a5f606d,1156450100,1,www.aizhigu.com.cn/*
e3acf7d48887ca65ddba4a25068f6b49,1156511400,37,ys2i1.sfy9874.com/*
e3c9088a047361ba90d8fca2211c1245,1156130500,14,ys2i1.sfy9874.com/*
e489839353e435e545cfeab3f669d34e,1156610700,34,ys2i1.sfy9874.com/*
e4aac73769b30e6e70c3d9c0ec9009cc,1156130500,6,ys2i1.sfy9874.com/*
e54eafd913e54c1a82a624eb309d1e59,1156370900,3,ys2i1.sfy9874.com/*
e579d0e2dc95083d0f067012e91eb2de,1156520300,1,ys2i1.sfy9874.com/*
e5c4b3cd3bd537333a292f7d15a79d4c,1156620100,56,ys2i1.sfy9874.com/*
e64308d42c0bab2b1b6bfed79353778f,1156520100,1,ys2i1.sfy9874.com/*
e677ba76f1473d9d5383fc2700cdf4fb,1156653100,25,ys2i1.sfy9874.com/*
e69da883e2deeb8347c9fd70a8aaabb6,1156430700,2,www.aizhigu.com.cn/*
e7358e37d81ed771a5f0928e01ed4122,1156440600,1,www.aizhigu.com.cn/*
e75b40c91e46cf4306b873bacb4a57ba,1156440500,2,www.chongcao.cn/*
e7695d53e44f4a5028b7191d14f167b4,1156321300,1,ys2i1.sfy9874.com/*
e7f4d5f1ae8831335e581b4f447de77f,1156632800,13,ys2i1.sfy9874.com/*
e81a636c1c00a90badc017dc6475222d,1156440400,1,www.aizhigu.com.cn/*
e8605dd92c549fba843fa3d81a74904b,1156451200,1,www.aizhigu.com.cn/*
e8c2f58d10f4d851285d234675b21ae2,1156440100,4,www.aizhigu.com.cn/*
e8cf98f207a21b9f78d21c9891a3bcd8,1156320100,1,www.aizhigu.com.cn/*
e8d3e5ee844853c85339ef611dc83404,1156440100,1,www.aizhigu.com.cn/*
e8f1d73991df381f9f784c64545ffe52,1156632800,1,ys2i1.sfy9874.com/*
e910309dfb338a23957860f16c964708,1156500000,53,ys2i1.sfy9874.com/*
e95db8bded02a9337b15fe505efcb2ca,1156340200,1,ys2i1.sfy9874.com/*
e9c5c3e4809a3b70992ea11f3d7e43c4,1156350100,1,www.aizhigu.com.cn/*
e9f9d24deb938d55097297877ab0f7e9,1156620400,28,ys2i1.sfy9874.com/*
ea06cea63339f7a63d54dc92f43c2aa7,1156430400,71,ys2i1.sfy9874.com/*
ea13f171f57ff49e59a102897c0fbb32,1156450100,5,www.aizhigu.com.cn/*
ea1cba1fbda11f3452b79b0982a39d9b,1156150800,71,ys2i1.sfy9874.com/*
ea20f9e7ad9830e14e63b8fa5419d2c1,1156131000,26,ys2i1.sfy9874.com/*
ea269db8d65b50919e63a340dc27895a,1156450100,2,www.aizhigu.com.cn/*
eaa73363a95a77522eccc5caac03b4ca,1156320400,16,ys2i1.sfy9874.com/*
ead301833be92b67001463a47f42af7b,1156451200,1,www.aizhigu.com.cn/*
ebb04070be43c8c4dd0dccad81d616c9,1156530500,39,ys2i1.sfy9874.com/*
ebe421ec48303efac4a581a52c80b22d,1156350500,34,ys2i1.sfy9874.com/*
ebe906219066648521d70d0a81add4e1,1156650100,4,www.aizhigu.com.cn/*
ec0acf0f145314ecc56ebee76297d1ed,1156310000,3,www.aizhigu.com.cn/*
ec3f2e7559efc88c6e15e02d109614fb,1156610900,4,ys2i1.sfy9874.com/*
ec5824224e101706b20169c79e94c24f,1156411100,1,www.aizhigu.com.cn/*
ece8039437258210034e28e179d16b3e,1156310000,1,www.aizhigu.com.cn/*
ed13b2353de58c487030544a5b9aef9a,1156420100,4,www.chongcao.cn/*
ed4b903995b71eace751260254e01d2a,1156421000,34,ys2i1.sfy9874.com/*
ed5623aabf12f146ecc7e31f700dc3a8,1156440600,1,www.aizhigu.com.cn/*
ed5ac38acb8ad8e146b803b25fcf4d82,1156341200,2,www.aizhigu.com.cn/*
edf1e49f0c08906fe4cebbb3f4a632e9,1156451300,1,ys2i1.sfy9874.com/*
ee03fe41c84084d6a0ec5a6d08e3d681,1156450100,3,www.aizhigu.com.cn/*
ee4a3b5e3f29dd4c39304be033e3fd45,1156222400,2,www.aizhigu.com.cn/*
ee68238eb0fe8f2288388c628f650b25,1156510700,35,ys2i1.sfy9874.com/*
eeb924306fbbf3a00eccd7e0abfda17e,1156610400,1,ys2i1.sfy9874.com/*
eef2f7defca8adbe26cff68e29e39132,1156640500,6,ys2i1.sfy9874.com/*
ef278b39e2fa639c6d9b2927d62abac3,1156420100,1,www.chongcao.cn/*
ef3645a0d0191ddf18a2b0913e9632fd,1156350900,8,ys2i1.sfy9874.com/*
ef5cee6239b9266d446602f17ec2a243,1156310000,1,ys2i1.sfy9874.com/*
ef96f6d3866432b3e140746412a7edb7,1156110000,35,ys2i1.sfy9874.com/*
efff912c2ffa15f543f0b7a7a4bc3c04,1156440400,1,www.aizhigu.com.cn/*
f010c4f193efd718090b8ed0fbe0e95e,1156510100,1,www.aizhigu.com.cn/*
f039e495d9eefc395082f7cff28e9b59,1156500000,2,www.aizhigu.com.cn/*
f06299acc0a53d1ba73f45ae6fcffc54,1156510600,4,www.aizhigu.com.cn/*
f0930ae47b3734e2d68cda820a8cd1f2,1156430100,2,www.aizhigu.com.cn/*
f09f3a78afcf4184d4e61ac88ac9caa2,1156371700,1,www.chongcao.cn/*
f0df1381f65782e8f5ea68fd8c50b2c6,1156500000,19,ys2i1.sfy9874.com/*
f1285607beaf2add434df95cf09b1748,1156420300,9,ys2i1.sfy9874.com/*
f12aadfa3dda198a6b424d10a3ba7053,1156130100,3,ys2i1.sfy9874.com/*
f139515d5b574a794819adf1ed24134a,1156450100,3,www.aizhigu.com.cn/*
f170a52b585937fe191e84aad603a2bf,1156522200,14,ys2i1.sfy9874.com/*
f1d05fff93c373e7a505558493891da0,1156450500,3,www.aizhigu.com.cn/*
f1f8328eac118315e22965b33535db98,1156150200,33,ys2i1.sfy9874.com/*
f21375b12bb4d2e649966fafa5e89cfb,1156120000,17,ys2i1.sfy9874.com/*
f2223b6395caa19e38696398ff7feac9,1156520400,5,ys2i1.sfy9874.com/*
f2809d300d4126ff55c8fac1927e53f7,1156450100,2,www.aizhigu.com.cn/*
f2ba4228969172d047c45dcec57cb93c,1156421800,2,yanshi.bxryp.top/*
f2e5f704dc84bacfb78ad88330f56cf2,1156420100,1,www.aizhigu.com.cn/*
f2f8e17dd91def98f4b31dfab0707eef,1156430300,3,www.aizhigu.com.cn/*
f34018c809a62dc844c221c61b5c7309,1156531000,3,ys2i1.sfy9874.com/*
f3e0289a877124bd4e7ac504916f50e6,1156440300,45,ys2i1.sfy9874.com/*
f40c398b574d264893a073c61636b5ef,1156450100,2,www.aizhigu.com.cn/*
f415e944bafd119735c25a9f1cd16478,1156513400,5,ys2i1.sfy9874.com/*
f4718b81cae71045295801ee7bda27f6,,1,yanshi.bxryp.top/*
f4bcc454ef8fc4ebd5496943617e5dea,1156611000,11,ys2i1.sfy9874.com/*
f4be14165ba93f46183baf6536179991,1156110000,1,www.aizhigu.com.cn/*
f4eaba1bfd5ed2d4ad99d0945f04d7f6,1156500000,1,yanshi.bxryp.top/*
f537b91c5e24ce3a6c0593d72a8c6142,1156451300,2,www.aizhigu.com.cn/*
f584857b8fda8542a34bf4e6cbcabd5b,1156130100,1,yanshi.bxryp.top/*
f59793f5c3dfe30c07a23f76c7a6bc54,1156210200,11,ys2i1.sfy9874.com/*
f62380b07678e62d1491706e4c65465b,1156320500,2,www.chongcao.cn/*
f62498ead505219a106e681cdd0debe5,1156450900,5,www.aizhigu.com.cn/*
f680058d45acc0633091cfcfd4999e48,1156500000,1,ys2i1.sfy9874.com/*
f68c5e4d2528535f9be31749789ac6a6,1156510500,3,www.aizhigu.com.cn/*
f6969de8f192a22de930d9ef005b452f,1156450100,22,ys2i1.sfy9874.com/*
f6da958892fb48d1fa8b24e1538ba6e9,1156620100,1,www.aizhigu.com.cn/*
f6ee3ab507bdbe94ab6f42b28040e734,1156440100,34,ys2i1.sfy9874.com/*
f6f5c636c76dc38415edab96504ad0e7,1156511400,17,ys2i1.sfy9874.com/*
f702c596d5c1a648c1e9bf241ff6617b,1156320500,45,ys2i1.sfy9874.com/*
f713afe5bf483f4af941288dbb495582,1156370200,54,ys2i1.sfy9874.com/*
f7396d0a4666a537d997660c501829d2,1156450100,3,www.aizhigu.com.cn/*
f7bbaf3c38d544938abf51e5ad12b383,1156150800,4,www.aizhigu.com.cn/*
f8566f349b29e45bcbaa9641b29f9ae2,1156360100,2,yanshi.bxryp.top/*
f85f4c563da6ebf80d35eb5afa5662ba,1156450500,2,www.aizhigu.com.cn/*
f8964c6a7d428b355910547fe3a351d4,1156320500,27,ys2i1.sfy9874.com/*
f9a9bdf017c89068f33ea9a647cf3c4a,1156310000,1,ys2i1.sfy9874.com/*
f9dbff4394c89e08df74f1bf525a5fbd,1156610500,4,ys2i1.sfy9874.com/*
fa09d4f613f0c55e598002b939152b66,1156621100,1,ys2i1.sfy9874.com/*
fa3fd64eb1d6622366818da1af93e837,,25,ys2i1.sfy9874.com/*
fa664fa726e6bf5350df11b52115d259,1156110000,32,ys2i1.sfy9874.com/*
fab4d64766608ac7d847bcba41034813,1156511300,2,www.aizhigu.com.cn/*
fabcc3cd06898797380c2235ac0ad2f8,1156420500,10,ys2i1.sfy9874.com/*
fac03932f046afda84ce140b7a076f81,1156440600,2,www.chongcao.cn/*
fac143c5105bf33d456b4376c26d0007,1156150100,35,ys2i1.sfy9874.com/*
facd8173fb80d6b22362ee77368a4d13,1156450100,4,www.aizhigu.com.cn/*
fad9567ef23d6cc28db40a655dc8f7f4,1156361100,41,ys2i1.sfy9874.com/*
fae6201601f69214e017ebe576d8aecb,,1,www.aizhigu.com.cn/*
fb04a144c5a9556e1283e19f03b239bd,1156130100,1,www.aizhigu.com.cn/*
fbb569a668710b65339b7d0fd8a20a8b,1156511500,13,ys2i1.sfy9874.com/*
fbc33a7f2e961b69dd6eba3bcb1923f1,1156310000,1,ys2i1.sfy9874.com/*
fbfd9bb71160ad149bb5c505cd6bb033,,5,ys2i1.sfy9874.com/*
fc25e24d2e9d16e97e4b359b0da682fb,1156150400,49,ys2i1.sfy9874.com/*
fc2cf435cc4969f15c5fb2d574c98323,1156450300,3,www.aizhigu.com.cn/*
fc96c36b70c167622af3c902a92583ce,1156520100,1,www.chongcao.cn/*
fcaf290d67ea4e3d9a638618036f77ae,1156420100,4,ys2i1.sfy9874.com/*
fccf5a71b8591e2d7abdfda1102433e6,1156330400,37,ys2i1.sfy9874.com/*
fcea35a47a3e4fa0af872a20b1d78cb0,1156611000,35,ys2i1.sfy9874.com/*
fd1c25a26b13a05c87a1436569ced1f2,1156330700,1,www.aizhigu.com.cn/*
fd67da232e3defbe99ce4620aebcf7b4,1156460100,1,www.aizhigu.com.cn/*
fdc63971abcc7d2e0552ca0cd82b52db,1156620700,1,ys2i1.sfy9874.com/*
fdd84e9555e57533ec4b24be7adf39f1,1156330200,1,ys2i1.sfy9874.com/*
fe2c935640a90921ded6ef4f14853081,1156610300,31,ys2i1.sfy9874.com/*
fe622eef1fe6a52681a3d942287fa299,1156130500,2,ys2i1.sfy9874.com/*
fe78fb35129e006783679f5bc41c2275,1156500000,2,www.aizhigu.com.cn/*
ff1d5b9bf64c658d161aa3ff9c39ea99,1156450700,1,www.aizhigu.com.cn/*
ff2a10d2187ec87ec1d7e80267eccfff,1156510100,1,www.aizhigu.com.cn/*
ff5229e94f8c3acb779faa9b3f14d361,1156310000,2,www.aizhigu.com.cn/*
ffc4b69dbc53741f884c16acd6e30532,1156511500,1,ys2i1.sfy9874.com/*
ffde78628fc81d5d1ebce4b07996a575,1156623000,3,ys2i1.sfy9874.com/*
