01beef82083b5825d1fe6391ed7d16ec,1156610100,5,*.aixinbaomu.com/*
01e7e05a7e779d838a6ebc789f2d54e8,1156610400,13,*.aikanger.cn/*
03a6877b7f2901f882572c0cac7262a7,1156130400,1,*.xazcmbj.com/*
05376354fa8c73395a9389b292388b8b,1156610100,121,*.xazcmbj.com/*
09f4c0efeba3eedb29d5d4a3410a05b1,1156610300,4,*.xianyingzhili.com/*
0be4c690ba1b76b64b53bd2a44de4464,1156610100,31,*.xasks.cn/*
107adade9544c988bf019219fff698a6,1156610500,15,*.aixinbaomu.com/*
1133c4088902a409df5e9c9eccd351a3,1156610100,2,*.xaoctsunshine.com/*
1133c4088902a409df5e9c9eccd351a3,1156610100,4,*.xianyingzhili.com/*
19284dea11c63d9a805a8b60efd2b38b,1156610100,1,*.aikanger.cn/*
1e86422840bb0315f01b1b46c5e9a0b9,1156610100,6,*.xianyingzhili.com/*
1f0d647380778fbc42880a58eaa94197,1156610100,8,*.xalhjz.com/*
20bb7fdea95039852793ac382efb1114,1156610100,2,*.syjcjz.com/*
20c5519a5060204488431bd3d75770f2,1156610100,36,*.yanziys.com/*
20db227051027c4f7cf0ab22e01ef363,1156610500,3,*.aixinbaomu.com/*
2419d7bf8728baba0d49b20125330205,1156610100,2,*.xlj365.com/*
25bde8bf1d9c8d895115e72985edd7cd,1156610100,15,*.aikanger.cn/*
280a1ce6b2ce9daed41e30354f1e2150,1156610100,15,*.aikanger.cn/*
2f0254146de06788f7f2e0a5e5cdd576,1156610100,1,*.xakangnuan.com/*
35a8be48b323f7833adc51e2e71f0fd0,1156610100,3,*.aixinbaomu.com/*
39ca0fea6e1a274f27ce7fe7515e7b37,1156610300,15,*.aixinbaomu.com/*
39fd1bb72e67e86d3fb8a2bf9e657e1f,1156611000,1,*.aikanger.cn/*
4394eb2d101d1d8cffd3ea622aada258,1156610100,1,*.xafljz.com/*
46973ac22f4c529cc1fc663aae4b6aed,1156610100,28,*.yanziys.com/*
46f6b5f76a3a07bf5d6c70bd41082a46,1156610100,8,*.xakangnuan.com/*
48cba615e2efba6e06dc4574d0d29b3a,1156610100,1,*.sxjbr.cn/*
49344f3683065d270c2903097017f66e,1156610100,2,*.aixinbaomu.com/*
50bfe83420a2e9e640aa8ecf69f0367a,1156610800,1,*.aixinbaomu.com/*
5136b25aaec117d1dd3779cacc4639be,1156610100,2,*.aikanger.cn/*
56690dde56abce70c0f21dd9541f4000,1156610100,5,*.aixinbaomu.com/*
568c27141f690040b20879dd5f852f59,1156610100,1,*.aixinbaomu.com/*
578a4efabe6ffc9c79e3700326d2b6d8,1156611000,21,*.yanglanjiazheng.com/*
598dda7b5426c5718f8b6ca65578137d,1156610500,20,*.yanziys.com/*
5c165aa6713c942bc6b1f97ea8691f9e,1156610100,4,*.xazcmbj.com/*
5e5303781d2298e22ff347c0aad5baf1,1156610700,6,*.aikanger.cn/*
5f7ccc6728891e59903a1ce4e167825b,1156610100,29,*.yujie1688.cc/*
651f95bda195dc1065e57bceb0d88021,1156610400,2,*.xlj365.com/*
661ea352bccce62f7893be8e104d3291,1156610600,2,*.xafljz.com/*
69cb0282f7d21c530890e040380765d6,1156610100,3,*.xalhjz.com/*
70d4f753ece8923339383d2083bfc2c2,1156610500,1,*.aixinbaomu.com/*
7601e6b0a8047ba8bb010356e4a0faad,1156610100,6,*.sxjbr.cn/*
7928a56feeff9a43643dec8095b289d5,1156610100,17,*.aixinbaomu.com/*
7cdc4cca076ab95c10ee28bf5fe97d13,1156610100,3,*.xafljz.com/*
80d6cefe6c0021122d69834fb2c0c3b0,1156610800,15,*.xahaoyuesao.com/*
81b6e93575da61c29ed694f5e32de60d,1156610100,4,*.xlj365.com/*
85958c7f3945e9aefb8b9d6a1d7e4bd0,1156610100,1,*.xakangnuan.com/*
88e94de1e73f506701547053d46602a6,1156610100,33,*.xasks.cn/*
88e94de1e73f506701547053d46602a6,1156610100,70,*.xalhjz.com/*
8bdccbea77f5bc4c8b9d53d62091e67a,1156610100,1,*.aixinbaomu.com/*
8e697bcc7517351602598c5ae18e3271,1156610700,1,*.xafljz.com/*
902f73aea2f100ad3f35962597f6544c,1156610100,1,*.aixinbaomu.com/*
90913085a2013055ec71a0d3a140d76b,1156610800,2,*.xlj365.com/*
97e172075dcc7b045fb9e584580b3b34,1156610100,1,*.aikanger.cn/*
99cf2f63a00de3d9be83819917334d30,1156610700,26,*.yanglanjiazheng.com/*
9af63cacaeef7f7a744d00951af21be7,1156610400,1,*.xafljz.com/*
9fb3fd7a04609300694809f342d077e0,1156610100,1,*.aikanger.cn/*
a3adf95713546dfd411c79e5a813da86,1156610100,6,*.xazcmbj.com/*
a3b9e511e3f5f4531dcaf0719bf7b9e2,1156610800,10,*.aikanger.cn/*
a3f5036f6a9187b8e6ecf7faf79a5f1b,1156610100,3,*.yanziys.com/*
ac7fc944f58eb5eb5a8a2f36e065c666,1156610400,1,*.aixinbaomu.com/*
ad9ba3071db301f178f3f877d6de8d16,1156610100,1,*.aixinbaomu.com/*
b57ffeea1428fba17f3124bdb44747e7,1156610100,4,api.superayi.com
b8b982182200eb63b5c6c37e4615f7f7,1156610400,1,*.yanglanjiazheng.com/*
bc0af85f9c0a1934761b785c8e2aa0a3,1156610100,8,*.xazcmbj.com/*
bd162991cf5a1a760f126cc6c24d4e78,1156610500,1,*.aixinbaomu.com/*
be75ba6314cdcd6dcb42c418430112cd,1156610300,8,*.xakangnuan.com/*
c0ace9430d1d299c72189662ea71489c,1156610100,1,*.xakangnuan.com/*
c0ace9430d1d299c72189662ea71489c,1156610100,2,*.aixinbaomu.com/*
c18d82d7a0046276ab33850eff201de0,1156610900,49,*.xajjq.com/*
c343c1b7f9f78b2b915989866224294d,1156610500,143,*.yanziys.com/*
c48404a3d7188ff0ed05e9bc4b54dcab,1156610700,1,*.xafljz.com/*
c6cef30a690698a42075c40dc7975fa7,1156610700,1,*.aixinbaomu.com/*
c70bf9dceddb6a39f67d660f6a12ffac,1156610400,3,api.superayi.com
c796e69ee6839c6b60f385fdd38495d5,1156321300,1,*.aixinbaomu.com/*
c98df6f0bf38d8ded7489717fad987e2,1156610400,13,*.yanglanjiazheng.com/*
cc59319b89315de34f0456ab2daf164e,1156610100,3,*.aikanger.cn/*
d105b087a5f2e5c9475da00c3ce25feb,1156610100,2,*.aikanger.cn/*
d12b34b88bd22da2b08a0c6c816a6830,1156610100,1,*.aikanger.cn/*
d26631513e2d06d1b91a351c3bb8a815,1156610100,3,*.aikanger.cn/*
d3826cdb0c778f9bee2c6264c8e7cc5a,1156610100,7,*.xafljz.com/*
d62cc8d1d9c45749dde264ce9c7cae45,1156610100,19,*.aixinbaomu.com/*
d77dab60f70c2cf6659b3260a511fcfc,1156610900,55,*.xlj365.com/*
d8d072d25bf54b09976a2caca7c50bbb,1156610100,1,*.aixinbaomu.com/*
d911814df048015e27d55f601772679e,1156610100,3,*.zkclean.com/*
df759d7e6e47948afff0a6673e60e75f,1156621000,12,*.aikanger.cn/*
dfac5d6c8290dc2ff3cdf4e7eb2767f6,1156610100,32,*.aikanger.cn/*
dfbec72dc97fc3864595dc0686862180,1156610100,14,*.qinsao.cn/*
e17b5b15c63fbda587b282c8377e4a8b,1156610100,1,*.xlj365.com/*
e2287df653c4ebd50e1a12b97dc8c32b,1156610100,16,*.xahpgjz.com/*
e3aec5b6495495f94b88d7b4da6ca2fb,1156610100,1,*.aixinbaomu.com/*
e6f43b14d8a6515c52fdaf2e4674c03e,1156610600,36,*.sxjbr.cn/*
ea55730db93da7a4bd5cb23ca7027246,1156610100,1,*.xlj365.com/*
eaa37069f686c53e13f18ad4cb2190b0,1156610400,2,*.xaxrh.com/*
ec591312b7f31a4ae56c2b15d35a44d9,1156150100,12,*.sxjbr.cn/*
ef6ac17bf0b62fbe8e53e19f39031185,1156610900,17,*.xasks.cn/*
f030fa5707ea4f2aa1b9b65ef7bf8c3f,1156610800,25,*.xlj365.com/*
f1b320ba4ea0b105220d7b9744091e08,1156610100,4,*.xakangnuan.com/*
f297ab564d3923c01ae58a23796a4576,1156610100,19,*.xasks.cn/*
f7f5fa90827714e2c6943a8843ab144d,1156220700,1,*.miduoduo.org/*
ffe4d5e24fbbb52a2b4d0d58e3795744,1156440300,11,*.aikanger.cn/*
