00055b38061b08b2c7227572e59fe819,1156510600,2,m.tobosu.com
00ea02fec109b2062f9156dcd35d3ebd,1156511800,5,m.tobosu.com
01237b8f449fbedda8935d614a6b13bd,1156511100,3,m.tobosu.com
016204eaeed63f3bbfd2664789f1aa48,1156510400,1,m.tobosu.com
017119b90f11bf3ad3d4c85d0a8c5858,1156511600,4,m.tobosu.com
01c379f2f50e78f477d85041847f6b0c,1156510900,1,m.tobosu.com
01d84e96d8b67a1af52d6f8054c78fb7,1156511600,4,m.tobosu.com
02626306e8df460111655f128c85c290,1156510100,2,m.tobosu.com
027ba38a895cdea631ec80453bab1103,1156510100,10,m.ddzsjt.cn/*
0298e48c4988f2751bd95aa02bc1d3b7,1156510100,4,m.tobosu.com
02b00cf589a5744020f1ada731391fa0,1156510100,10,m.cdzpg.com/*
02f7c507e5d5b51575906b95281a015a,1156510100,15,m.cdzpg.com/*
0360315061700cd59d366e8c7fb1de4e,1156510500,1,m.dyrs.com.cn/*
0360315061700cd59d366e8c7fb1de4e,1156510500,1,cd.m.dyrs.com.cn/*
039900e85feb5c57a4e7fbf8941e022d,1156500000,1,m.tobosu.com
03d0658d9382d658b63d385d25c1c21a,1156510100,9,m.91exiu.com/*
0404a65fc3a6d8012109038a14912814,1156510100,5,m.tobosu.com
041d16f13fe07a865c6958cd5ece57a7,1156522200,12,m.tobosu.com
04596960ccf305a0960ffdf0c658f969,1156510500,2,m.tobosu.com
045a90a1b75535ed9542220fcec1674c,1156510100,1,m.shj.cn/cd*
046aaf20630f51613689d0e25ec3bd66,1156510800,2,m.tobosu.com
047005a9e847abe27af2104347d2e294,1156511600,2,m.tobosu.com
04c2e2725f6b65ecc750b3576554f62d,1156510100,16,m.cdzpg.com/*
04ebfb7b25bcd4057dbf0212cfc2d047,1156511300,8,m.tobosu.com
056b0038834bce376f56c3c08422001f,1156513400,4,m.tobosu.com
058ceea07739d9d484512bffcbb1f351,1156500000,4,m.tobosu.com
05cecb81902ff905be7c46aabed3c226,1156510500,2,m.tobosu.com
05e29632bacffdf346e7d1dc1b86762f,1156511300,1,m.scszzs.cn/*
06356bdb3b8bfb04092c869f64dd3ad5,1156510100,1,m.tobosu.com
065b14423102a30043c32a66e7a3645f,1156510500,7,m.tobosu.com
0680901fd8c51672080a18a4682cef18,1156510100,2,m.tobosu.com
06c29d8ba8dda4a80865f7037845ab24,1156510600,17,m.chuanhaozs.com/*
07006aa5c5df5b8d118ff1b731ee5643,1156511500,6,m.tobosu.com
07220be33fd8a9142020d6a251fb6baa,1156510100,2,m.ddzsjt.cn/*
075aff49ae93b3da974206887cc6416d,1156510100,5,m.scszzs.cn/*
077795cc40f2b0bd5d7308ed79272e77,1156510100,4,m.tobosu.com
079727c9d20b5b94fcd0a2e90df28911,1156511500,1,m.jia.com/chengdu/*
07b34370156d4bbd9ad0faceceae2759,1156510100,1,m.tobosu.com
07bc18602a1c984e5e79434e30a6cb39,1156510600,1,m.tobosu.com
07f974925c5c09c79f0f33932aceb9bf,1156510100,11,m.tobosu.com
0804067d0bc7b05e4e8cdffe7b0d03c3,1156510100,1,m.tobosu.com
0815af33ebfcd43f47d026e1f2ae4111,1156510100,22,www.cdsmhome.com/*
085f19cb93e24cf7664a747438b4e6f2,1156511600,8,cd.m.dyrs.com.cn/*
0864d33594ae56834664e61636fd457f,1156510100,2,m.dyrs.com.cn/*
0864d33594ae56834664e61636fd457f,1156510100,3,cd.m.dyrs.com.cn/*
0887dfcd4de943efe3da7391b25f0f31,1156510100,2,m.tobosu.com
089fe8ff199b25bfd9fabea20da1cd62,1156510100,9,m.tobosu.com
08dd3573c735f8d11a834f100048f141,1156510100,4,m.tobosu.com
09a23982102b0bcf13a910566f776f57,1156650100,4,m.tobosu.com
09c4bc85ebf19d2ac45eabdf016c1bb0,1156510100,1,m.tobosu.com
09ff4def9bbfebf090184f4fa2da2058,1156511900,1,m.tobosu.com
0a3c232422be5bcdc3856e9c43a1537c,1156511100,3,m.tobosu.com
0a3e481945d02d763e387bd35ba55891,1156510100,5,m.tobosu.com
0a49d1cad64a16bae40fc6ee5deb0a2e,1156510700,8,m.lrzs.com.cn/*
0aedb3c24f66162f4a267b17a1d69d58,1156510700,1,m.dyrs.com.cn/*
0b086ac20180d428a2f5c7fc6a8b0143,1156510100,1,m.tobosu.com
0b147be7bf4b2a7f1a46404995913c7b,1156510800,3,m.tobosu.com
0b1e0be1abfcfa69f0d73e032d73302d,1156511500,4,m.tobosu.com
0b244afc69fc25c66e83a08eea33560a,1156510100,13,m.cdzpg.com/*
0b2fba6247383b31220d61f939d32e21,1156511900,3,m.tobosu.com
0b7ef3ee5d1daf43ce0bbe813fae5357,1156110000,39,m.lrzs.com.cn/*
0b9919dad69971e4bc14b5057482a284,1156510100,4,m.tobosu.com
0ba44463d823e7ac708ed48294007430,1156511700,7,m.tobosu.com
0be14ccba050990b318258d76ba743df,1156510500,7,m.lrzs.com.cn/*
0c58c55c1657e5968287ee9605f6d5f3,1156510600,11,m.tobosu.com
0c8ba7ca7a7a006f5bd026611c561599,1156510100,2,m.tobosu.com
0c8c85b043123c15ced1b3ab22fff938,1156510100,35,m.lrzs.com.cn/*
0ca913d049cbb27b2b9f983e664527e7,1156511700,2,m.tobosu.com
0ccd824e9f697dbb394b2200a2b8c749,1156510100,8,m.lrzs.com.cn/*
0ce87d5209c7eb36ccaab32d1ef618cb,1156510700,4,m.tobosu.com
0d0f6d6c3132c5822c2342b5e740c0a7,1156511500,11,m.tobosu.com
0d37388c87dbb016b9f27a3a9d83a4f0,1156510100,6,www.falongfa.com/mobile/*
0d763a97c433756b81c56d7cf80f99e5,1156510100,5,m.tobosu.com
0dae7c6f2ce701588758cfb70fdd8e7a,1156510100,6,m.tobosu.com
0db35ad8ebdcd1195f9fed3be7191456,1156510100,1,www.cd.hui-chao.cn/*
0ddc1f31269b8a830d48b1047d1e0db0,1156510100,4,m.tobosu.com
0de27496555490090a613e66ce32fe79,1156511400,6,m.tobosu.com
0e2177b1b426730da52cb41c9f81e464,1156511000,3,m.tobosu.com
0e32a912020f71d754b2a3c085688418,1156511400,2,m.tobosu.com
0e614f13e4a384d92c98bbaca6c5e25d,1156510100,11,m.tobosu.com
0e62e06b689b66e0da7266ae5ae9c153,1156513400,5,m.tobosu.com
0e8362f68185d7abca4d574cc89269bf,1156511000,1,cd.m.dyrs.com.cn/*
0e921b7382a1a1aadbb5be13c911a6f9,1156510100,1,m.dyrs.com.cn/*
0e921b7382a1a1aadbb5be13c911a6f9,1156510100,2,cd.m.dyrs.com.cn/*
0e9c7477e045e71537727c9699f6bfb4,1156510100,29,m.lrzs.com.cn/*
0ef858aebe38a67395a61e39bd554e29,1156511000,2,m.tobosu.com
0f29db2fdfa07dbab70c05d1af2a089b,1156511900,12,m.028ltzx.com/*
0fb18e2d83fd8e42294974fe2dd44012,1156510100,17,m.scltgc.com/*
0fb18e2d83fd8e42294974fe2dd44012,1156510100,1,m.hexinju.cn/*
0fc949934794b1332ecf6f3b75d1dca1,1156510100,21,m.91exiu.com/*
0fd374bc298e586984366e14effa670c,1156510100,35,m.tobosu.com
0ff5173178d2efa6ed73d3d2699712b1,1156510100,2,cd.m.dyrs.com.cn/*
101b0bcbace9034328551b4049620033,1156510100,3,m.tobosu.com
101e7d38e5677b7b1bac9ec76de063c6,1156513200,1,m.tobosu.com
104e5d4e9c8eba5c22359b059239fa78,1156510100,25,m.lrzs.com.cn/*
10b329535ce52251e84f21662f3092dd,1156431300,4,m.tobosu.com
10f8294f1c2dfb65b21fff1693f01b42,1156511900,7,m.tobosu.com
110ba9c4363cab646bc1717cb95e8ac0,1156510500,3,m.tobosu.com
113a23e9abc2c2892bf2940cbd9f12d6,1156511600,4,m.tobosu.com
11496d87dbcd0d6674359426e06e20c8,1156510600,10,m.tobosu.com
114afb1bbb897c81db7a1266ab66b666,1156513200,12,m.cdtdhjz.com/*
1161b8abc3cb36bee1721b92c807dae0,1156511100,4,m.tobosu.com
117cb55f6e43334ed51fc4fbec5e9346,1156511100,4,m.tobosu.com
11a582a46b82e41ddc5fe0b89c328bea,1156510100,2,m.tobosu.com
12325af39ee7189f6caf8518f1035bee,1156510500,3,m.tobosu.com
12ac520479faebc83983cf85abc78562,1156511800,1,m.tobosu.com
12ad4155c7af741759cbb16ac345e768,1156510300,2,cd.m.dyrs.com.cn/*
12cd3eee0e18deef1e2296414a430dfb,1156510100,1,m.zx123.cn/cd*
12d224016758ac9a343cdf0c9afcb31f,1156511400,6,m.tobosu.com
133b78e97668748717d1481dbda69a14,1156510100,12,m.tobosu.com
134a546ca88e63230a7d8c42cdea8d96,1156511400,2,m.tobosu.com
138f9ceda8250f9295993494fac6e5eb,1156510100,28,m.lrzs.com.cn/*
13978cc6d07799c090c3c190557938b4,1156510100,5,m.tobosu.com
13c33f99fd6b4ee275c7213714cfcf82,1156511700,3,m.tobosu.com
13cd1f885110ade7742d9c109e848090,1156510400,3,m.tobosu.com
13cf8598fe68675d0774d3f0d1a1afe0,1156510500,1,m.tobosu.com
13d73abf8c6ad733bc80620ba33584fd,1156511100,2,m.tobosu.com
141b19fb268971588a868051def4337f,1156510100,3,m.tobosu.com
1431458d7c2bfb30055fadc52d281deb,1156511500,2,m.tobosu.com
1457c114aa5535af35b4bf83df7aa937,1156510800,18,m.cdzpg.com/*
147c3c700fd9b73056812d9d6b8db762,1156610100,10,m.tobosu.com
147e4813d43c367f2dae438670b90188,1156510400,5,m.tobosu.com
14a1bed9b9aa3fa82311493c1029cab0,1156510100,1,m.tobosu.com
14ca83f1d379b086824e2bc2ea4f3be8,1156510100,6,m.tobosu.com
14cc54d97fcdc3b5570dc303202c3d8a,1156510700,32,m.ddzsjt.cn/*
14d1b446749c95fd1dafab90aa492fab,1156510100,4,www.yrqzs.com/*
14f248c1d153266662034868e791c07e,1156511600,6,m.tobosu.com
14f926d480fa614f2b6aed03a1a4d0e2,1156511500,1,m.tobosu.com
15337d08bec49c5906ebfd355d2a1b3a,1156510100,4,m.tobosu.com
153f1bb3e8119d6b4bc2d6d854897014,1156510100,48,m.lrzs.com.cn/*
1576b7fe2f1563253ba3651999dd9455,1156511500,11,m.tobosu.com
157bca562f1bf8dae116353f3c4b9756,1156510100,1,m.tobosu.com
157c1fe62ebbbc669cba893be68a7067,1156511600,2,m.tobosu.com
158ce2ba5b3af2872c8f75bcfae49708,1156511300,5,m.tobosu.com
15a316e40d428bd76179f68e406c7cdc,1156511400,1,m.qizuang.com/cd/*
162bd197b1124caddd2b4a0cf7e406d4,1156510100,1,m.tobosu.com
166525b840718340375dab1f90863e18,1156510800,2,m.tobosu.com
1672091edd2a866e011a125a98b780e8,1156510100,2,m.tobosu.com
167b22f5ae39515a6e4604f4f06abf8b,1156513300,1,m.tobosu.com
16cc07ac6522477a8ace8ce408430384,1156510100,2,m.tobosu.com
172303bf0ec25e34ac17d5748480511c,1156511300,37,m.lrzs.com.cn/*
173bf8a40c86faf2dd01469a61ab377f,1156511500,2,m.tobosu.com
17465c32abd30e8f9ae627a502fd4e5d,1156510100,2,m.tobosu.com
1751884865ac3c3cc110503a9d3d4c0e,1156510100,2,m.tobosu.com
177edd0a2c0e25be9ab9820bd2be5353,1156510100,1,m.dyrs.com.cn/*
179922ff83885efe66942b9c87ac9c58,1156510900,17,m.cdzpg.com/*
17c581bcdafadc10d44c7714ed3c4197,1156510100,4,m.tobosu.com
1846ddc17d39793e5e383fc329008ba7,1156510100,1,m.028xfmf.com/*
186b7581d3bee9b54136a5311828ee96,1156511300,5,m.tobosu.com
18a4476058b70bf37d7bb208c7165c87,1156510100,2,m.cdrhyf.com/*
18d40e155e655148f23d0af52bfb5444,1156511000,3,m.tobosu.com
18deeff7b3fb8eb984deef0d2f1d7688,1156510900,9,m.tobosu.com
18eabf49efeba8024421ddcbcceeb2ae,1156511300,3,m.tobosu.com
18fdafe13b24c8ce0efac5fb8aadefe3,1156511600,1,m.tobosu.com
193bad3a85e169198b5bbad88bec4d0b,1156510100,146,m.lrzs.com.cn/*
196d5781ad950223b539b9727faa6ad4,1156510100,5,m.ddzsjt.cn/*
196e5e2f41b1f7e8ed9cdcb47d0e422c,1156510100,28,m.lrzs.com.cn/*
197817d40c3912ec4ca03fcb3dee5833,1156510100,10,m.cdzpg.com/*
198c6e37b5334f0768da027d6697a263,1156510700,1,cd.m.dyrs.com.cn/*
1997fc98c1ee46f84ad32bba3a120415,1156511000,2,m.tobosu.com
199bbcd8912fb99bb6dd939b94591754,1156511300,3,m.tobosu.com
19d11fdf60e6e7f2815cbc9f39d6d058,1156510700,1,m.hexinju.cn/*
1a59c2f52caf8abd00ccd97dfb314069,1156511100,1,m.tobosu.com
1a78501825927e8a1eeb29e18035eee0,1156510800,2,m.tobosu.com
1a7bc3facded5553e2f42d2f86436fe3,1156510100,1,cd.m.dyrs.com.cn/*
1a8014c25f55b0d582b5a6cda936295d,1156511400,19,m.tobosu.com
1aab6fd3ed79faecbbd92ff111eedd62,1156511900,5,m.cdzpg.com/*
1b1ee21feb4b5080bbc2a9e43177b9a7,1156513400,2,m.tobosu.com
1b42dc1237bcb73a83b0795e77d98280,1156510100,2,m.shj.cn/cd*
1b49287b69ea11fd910d5a86afe32b65,1156511900,1,m.tobosu.com
1b53d0f656cd936f2fe4c7a61c666b1c,1156511300,1,m.tobosu.com
1b6d4f62a17f810742509feb31adbc5c,1156510600,1,m.tobosu.com
1b757b7417a2e78350ee12c08a8fd9bf,1156510100,4,m.tobosu.com
1b9907672859d83a13e5e37e0f806617,1156510100,3,m.tobosu.com
1bb9b33c3572cc97efb577936c28acbc,1156511400,4,m.tobosu.com
1bcc4c99915f7eb662c7363fe0cab04a,1156511700,2,m.tobosu.com
1bd7dbae82a3e7d350fe6f7d9cf58a83,1156512000,3,m.tobosu.com
1c20c0f0bc503efca1792ea69c8eb40a,1156510100,3,m.tobosu.com
1c320049abefcd4965762cfec59299f0,1156511400,1,m.lrzs.com.cn/*
1c862984e2c55b38f20160fa9549385e,1156510500,3,m.dyrs.com.cn/*
1c88b7e1faba62f6aa1cae0077217f87,1156510100,2,m.tobosu.com
1cbe9de5c8b046ebddfcac2504868372,1156512000,1,m.tobosu.com
1d551ab8c4faf3dc4ea22fdab20daeba,1156511400,1,m.tobosu.com
1d5c7df882bcc257351f0b9163f0de84,1156510700,5,m.tobosu.com
1d6f495bce4a052fd3d193e985e1ba70,1156510100,1,m.tobosu.com
1d81ce7dffea69506d54c2e1e1afaf20,1156510600,2,m.tobosu.com
1da4ec95e8a571a7a91928c9869f2ac6,1156510800,1,m.tobosu.com
1dcc480a182c6dbe906c7f892a658327,1156510100,2,m.tobosu.com
1de8c0c689586ecd839b318bebdb9f5c,1156510100,1,m.tobosu.com
1de9d432f73d2cd544be307137610d17,1156510100,19,m.cdtdhjz.com/*
1e189257b28207be40233c86bc6eee29,1156511500,1,m.tobosu.com
1e42d267029cc2536d4389d713918d19,1156511300,2,m.tobosu.com
1e96a80b30aca1004ff0a073d3072c3e,1156510600,1,m.tobosu.com
1f33cb42c2353703c4a12bf3c43c36c8,1156510100,15,m.tobosu.com
1f646342a90fb74a97988e800bda5cb8,1156510800,1,m.tobosu.com
1f7adf5130297e8a8f757156551703c0,1156511100,2,m.tobosu.com
1fa7f7a70fcbba45400af699a698eba5,1156510100,6,cd.m.dyrs.com.cn/*
1ff4c1bfe73563422805d5beb6234e64,1156511400,2,m.tobosu.com
20ad838341041dbe8e089441ec81debf,1156510100,3,m.tobosu.com
20debfa061ff3281afaa4de54bc35cc9,1156512000,1,m.tobosu.com
213d6a72baaf0d854130dce9d09baac0,1156511300,4,m.tobosu.com
2143daa19a12ca91532e7684be88a52d,1156510100,1,m.tobosu.com
21640e68381fdc6d167b8ccf506cdac7,1156510500,3,m.tobosu.com
216af9db43b55a8e7536196ff33e2957,1156510100,2,m.tobosu.com
219d8e25100d52bd95d91844177181ab,1156511400,7,m.tobosu.com
21aa294a36fc1d88b3604a4e050bfa23,1156510500,3,m.tobosu.com
2212da596482fce03e021f3ff8571b52,1156512000,7,m.tobosu.com
22272d564cbebfd46d03794a2658700e,1156510100,2,cd.m.dyrs.com.cn/*
2260e898d0011bf363605823dfdc8f82,1156511300,4,m.tobosu.com
2264afce264401b0558d39234bef5687,1156510600,3,www.hitaowz.com/*
2291c280b837ec8b99f1bec4d9c15984,1156511300,30,m.scszzs.cn/*
22e2b2fcbfbfe34db4d6666bc864697a,1156511500,8,m.tobosu.com
22fbb4fd083aad6dd8d5e9507791c95c,1156510100,3,m.tobosu.com
237be95157681f73f1f7a9eaccdb7184,1156510100,1,m.jia.com/chengdu/*
238f563fd26b011f55d40f6badd66661,1156510100,39,www.cdsmhome.com/*
239a6ad472b1d3972ec8d8b572ae6974,1156511100,18,m.cdzpg.com/*
23c8673d58d2ad10f2eb3b2590b19286,1156510100,9,m.tobosu.com
23ecff46ba9117c2c655a1e5ac1c6001,1156510100,51,m.cdnfzsjt.com/*
23ee316311b7974886c87fa7f64beef8,1156512000,17,m.tobosu.com
23fd06fbf86913c7ec558dd8d834cc3b,1156510700,1,cd.m.dyrs.com.cn/*
240f93cf165936fefc0db297f07078de,1156513200,2,m.tobosu.com
244968ad46fb5863519ac1efdae1db16,1156530600,4,m.tobosu.com
24a140a996d96238437be05f52dbe339,1156510500,1,m.zx123.cn/cd*
24acf530a2c263d36ad76581d17d4ad6,1156510100,4,m.tobosu.com
24e501bf12fa86ebb2f3b1bd3eb85b68,1156110000,14,m.tobosu.com
24efdb32c2f995a76fd56ee0fa8c4d56,1156510100,1,m.cdzgzs.com/*
24f8ea4da21c48b4cf06e1f8a7b615ac,1156510100,11,m.tobosu.com
2510197c679f7fd1d940b99f056208dd,1156510500,2,m.dyrs.com.cn/*
251da6cda09be7732fa754e2fb1ec03a,1156460100,2,m.91exiu.com/*
2572e0d018c861b91d6762d674924791,1156510100,1,m.tobosu.com
2593661ce3e43e5620e3155219f09988,1156510400,11,m.tobosu.com
2598131e2db8b34dd01631997c6398de,1156510100,1,m.shj.cn/cd*
25de17be19386c5d3bd872c3d164b4e3,1156513300,1,m.tobosu.com
267c93fa33830a6743c5dfd30c47a6f2,1156510100,17,m.cdzpg.com/*
267fab3d6fa3a10ac166d61aa7478505,1156510100,4,m.tobosu.com
2686fdb3bbbed657c4ba213bf30541a2,1156520100,4,m.tobosu.com
26890c55d36a550a809018571eb8a48f,1156511000,5,www.aiuw.com/*
269423fe462f2bdd19d682f93e9fa327,1156513400,2,m.tobosu.com
272c7f79ce0a9b1ea401b7171ab848c8,1156510300,2,m.ddzsjt.cn/*
273400741c641da49e2c6f20ecf5ec12,1156510100,4,m.tobosu.com
27352c87aaefbb63395dc562868bd63b,1156510100,1,m.shj.cn/cd*
274a067094500f6a04c30493e27953b6,1156511500,5,m.tobosu.com
27592e584d83d70960f39e4f301b58f6,1156510100,5,m.tobosu.com
278104e0ce497f835f6393bb7d7b81dd,1156511300,6,m.tobosu.com
278b50bf9c4d70d0353eac231c17bdf7,1156510100,37,m.lrzs.com.cn/*
278b50bf9c4d70d0353eac231c17bdf7,1156510100,1,m.ddzsjt.cn/*
27db14caf6c3bafde1879a5347dee342,1156511700,36,m.tobosu.com
2823c0f105b3b05b532bf65c838fcaa5,1156511700,36,m.ddzsjt.cn/*
288f6796835d32df6eebe95e4607da94,1156511700,1,m.shj.cn/cd*
28972b0e5ad6b1d011350ca62cfecde1,1156510100,2,m.tobosu.com
28dc62af04ffa97b6e3c458ab3b0fe6a,1156510100,5,m.tobosu.com
2919a53c82aad82e627059ad65fb7d7f,1156510100,5,m.tobosu.com
2930dee60d524febc43542c45bcfd293,1156510800,12,m.tobosu.com
293161fcbc32fdfab8d47bac966ea320,1156511300,5,m.tobosu.com
296a36cd2c66565aaf9a21a3ef066341,1156510100,17,m.tobosu.com
29760fe35ed77b552051c52a0bacfa91,1156510100,5,m.tobosu.com
2988d722c4b7972718f14f9b3ea62aea,1156510100,6,m.lrzs.com.cn/*
29d583c1cfcda5f5edd4fc85038491f9,1156510100,16,m.cdzpg.com/*
2a2ca47c0833fc39727b7be6fde3a027,1156510600,1,m.tobosu.com
2a3a6ca365d0b4a3d6e9eeeb7a591f55,1156511800,10,m.tobosu.com
2a83d6ebd5798f7eb3fcf59ee879dc20,1156510100,2,m.ddzsjt.cn/*
2a864233c53d9ac1929ea8baa3d4cc41,1156511100,4,m.tobosu.com
2ab2ec5dff6f0286c140df1cf9046cb5,1156512000,4,m.tobosu.com
2ab3e7941def7cd82f38a1341c278d31,1156511000,1,m.tobosu.com
2ae8042dc03f5bd6d1d9a0dc66e46bc1,1156510100,1,cd.m.dyrs.com.cn/*
2b4ecc8f6d0354601fa8c47e5a8cf3bd,1156510100,5,m.tobosu.com
2b5b1fd945ccc023640261998e39888f,1156510100,1,m.yzf.com.cn/cd*
2b6e4c3c705509e0cdd5ed9b567af86a,1156511300,2,m.tobosu.com
2b809209bc6e1562a410db70423a70c4,1156510100,30,m.ddzsjt.cn/*
2bcc75c98e50dd6e02960936675aa88d,1156540100,2,m.xinjiadiy.com/*
2bf8856133f5cedd2971f13a2fdc015f,1156510700,2,m.tobosu.com
2bfb73a22ed489825e1c634f0557ba51,1156510700,7,m.tobosu.com
2c1c529ceafba6d2610916cb33d6540f,1156510100,13,m.tobosu.com
2c2dd969ad9746f833ecaddc98d50b11,1156510500,1,m.tobosu.com
2c495890d1960fd29fa3029d56040851,1156510500,12,m.tobosu.com
2c898548991d534949e5cba882f277af,1156510100,1,m.tobosu.com
2cbfeecb92cceb0a84c10cf1acf24b98,1156511300,1,m.zx123.cn/cd*
2cc3f0a2d48302f9f38288524be513e1,1156510900,7,m.tobosu.com
2ccfb118ac44a8c632a24cef34d4e2b5,1156511300,11,m.tobosu.com
2cf5107f062b668b3d06a1ef291a6ef2,1156510100,12,cd.m.dyrs.com.cn/*
2d0e59a101dd2d944489b0f3e5efabd2,1156511300,2,m.tobosu.com
2d242109bf7570787d317b70d53e78bf,1156510100,2,m.tobosu.com
2d606cae6a72db3f9f736f3df9e9c20a,1156350500,14,m.tobosu.com
2d67a4361b4c0d279f53880340377e8b,1156621200,2,m.tobosu.com
2da0010c9fe32a39f87dd6fb5e9d892b,1156510100,15,m.tobosu.com
2dd0696e7051e52e804b41cecf1def75,1156510600,1,m.jia.com/chengdu/*
2df36538767a4c0d1a575419263d7cbd,1156510600,3,m.tobosu.com
2e3c642b5b849539d96a5b97217bf2f5,1156511300,6,m.tobosu.com
2e41bfeaf220602e49345604796c1883,1156510100,1,m.028xfmf.com/*
2e526fe62de41326c1a01032ad6395d2,1156510100,1,m.shj.cn/cd*
2e8f12a0eae0fd95d0350a547f373027,1156511600,2,m.tobosu.com
2edca7ca6081406d785798954cd03f46,1156510100,2,m.tobosu.com
2f0dfa67442fff5c5b0a47259a935b88,1156510700,1,m.tobosu.com
2f0e87bca6a2fd11cd3b27ac33a90001,1156510100,31,m.91exiu.com/*
2f4b7fcf967524695f198770fcb27845,1156510100,37,m.lrzs.com.cn/*
2fae31953303769abad33bcd355d3895,1156510100,3,cd.m.dyrs.com.cn/*
2ff10ee09e4c2ccea2e3379520fe3110,1156511700,2,m.tobosu.com
30327b5c2fa82a588354fc3b43c522e5,1156510100,43,www.cdsmhome.com/*
3068a3f7b8c99169b66926aa1adca225,1156510100,2,m.lrzs.com.cn/*
306a8c4f688207f24cb059d0d7767df9,1156510100,4,m.tobosu.com
307bdca0cde7a20e20cba5ea70dfedf2,1156511000,2,m.tobosu.com
308419780862b034ee930330db29ba2e,1156512000,1,m.jia.com/chengdu/*
308dbc1799bbe763301a6cf6890037b1,1156510100,3,m.91exiu.com/*
30938a102651e6dd85bdc50f3e614579,1156510100,59,m.lrzs.com.cn/*
30cbd187da1ece77857eb168b21e8a7a,1156510100,5,m.tobosu.com
30feaf7c2d61c3769de35f2d44efdeb2,1156510500,1,m.ddzsjt.cn/*
3122e87ce1c6af755e3ec02ac412f7de,1156510100,2,m.tobosu.com
3149fa6e09500edb335f4334ea127b57,1156512000,3,m.tobosu.com
316d727da7091f034d8b3987b54ad120,1156510100,4,m.tobosu.com
3179134da115c975a87556ed33c6b1b7,1156511700,9,m.tobosu.com
3182e461100b53ebf78bbea637de9661,1156510100,21,m.91exiu.com/*
31b7ec56e4ae1bc9ac9e711200df6d01,1156510100,1,m.tobosu.com
31ce20e51dd2f9d4bc836b6368d20319,1156511400,1,m.tobosu.com
31dcd3b82ce9af393729832a30419943,1156511600,3,m.tobosu.com
31de1b4b750c3e83768dd80416725c0a,1156510700,6,m.tobosu.com
3226ce14fd484992d58fb6db8f9eba77,1156510100,17,m.cdzpg.com/*
32ac92e4c9955c4f0872c7bc1aa5ef5a,1156511100,13,m.cdzpg.com/*
32b058a3753115c2c47b3139b1cd463b,1156500000,4,m.tobosu.com
32b73e73dfbdaceb0a545407b61d52fb,1156510100,4,m.tobosu.com
331eb9f88672dd4752b94c0678a0c96b,1156512000,4,m.tobosu.com
3355a5ef4e617e9117a25ba0ad26e528,1156510100,2,m.tobosu.com
335dd283943f0542631c7135b684ae7d,1156510100,2,m.tobosu.com
3367efca5d20755c3e01c218b9d8db8f,1156510100,6,m.tobosu.com
337ac5263aa856b38b975bc6ca4a7689,1156510100,1,m.tobosu.com
342c6ec04d4e18afe28850f2f32f0352,1156510600,1,m.tobosu.com
342d31c43b120b03c0523ea2cbc72e33,1156510700,1,cd.m.dyrs.com.cn/*
345ead62a32cf91cad2c90cd7d568a37,1156510100,2,m.tobosu.com
346873439e8b810d7b602320e559bd45,1156510700,5,m.tobosu.com
34830a42a97a4031b939ccf37614c9bc,1156512000,4,m.tobosu.com
3484353e38d22ae6ee97c77aca05f83b,1156510100,7,m.tobosu.com
34d09d15cf8c15fb2165dddba6afa501,1156511300,1,m.tobosu.com
34f9dbeff4380faa65b0c8d66f4244ac,1156511700,5,m.tobosu.com
3527d7f78a3ab9021dc741439d137813,1156510100,1,m.tobosu.com
3554c9a1b3389eb5888f304fbbd18c6f,1156512000,2,m.hexinju.cn/*
35cf3689c4ef62fa7ab4208a10447694,1156510100,1,m.tobosu.com
36142476686daf23cdcef078b0c115ca,1156510500,1,m.tobosu.com
3618f8adbe9f28f60869d585ada0968b,1156511500,7,m.tobosu.com
3669337504f4a8aa0397370655884a4c,1156510100,1,m.jia.com/chengdu/*
367c40c8e3f373bf141ce0e04ec93de5,1156511000,1,m.tobosu.com
3682576e2a5c479b7a6161c6e03a8c57,1156510500,3,m.tobosu.com
36ae32286b2feded95f1664930880d54,1156510700,1,m.dyrs.com.cn/*
36bd51750196dd9de50d8e9539b49219,1156510100,17,m.cdzpg.com/*
36be4ec823b4968a9bf64cfac5229059,1156510500,6,m.tobosu.com
36de1fe10e9299462188ecf3c22af064,1156510100,3,m.tobosu.com
371d841bfc0bc37e415f7f6e85988e5f,1156510700,1,www.aiuw.com/*
3727b5b6c9b868de5eb7f5eda64cbe1d,1156510100,2,m.dyrs.com.cn/*
3727b5b6c9b868de5eb7f5eda64cbe1d,1156510100,2,cd.m.dyrs.com.cn/*
3765d62863d5bedebcc840ade97c9635,1156510100,1,m.tobosu.com
37a4d53e2d6bfb0b9bd63f1c45c0a788,1156510100,24,m.91exiu.com/*
37a9d34bc2aeed2b0ea1ac8304e5514d,1156510100,81,m.lrzs.com.cn/*
37fae2af3acd2d6cf7dfb9ee766e6c34,1156511300,4,m.tobosu.com
3839cc8a821ad8330d17e47998766296,1156510100,7,m.tobosu.com
3876c1a35d360b0546f68ec43353830e,1156512000,5,m.tobosu.com
38ac15e4f7c1d15295edbe3576fd030f,1156510900,2,m.dyrs.com.cn/*
38ac15e4f7c1d15295edbe3576fd030f,1156510900,1,cd.m.dyrs.com.cn/*
3906294582086b003ddf0f5b30f34de7,1156510100,3,m.tobosu.com
39592300bb30d6937d36e20066461729,1156510100,2,m.tobosu.com
3964d410ea57a11a49704780240c5fb5,1156511100,7,m.tobosu.com
39973051d7b737e2c5d83284dcd460bb,1156511500,2,m.tobosu.com
39c8f6953b8293600a385f305d5fe5dd,1156510100,1,m.xinjiadiy.com/*
3a65aa879624a698ea02cbcba2d98d62,1156510100,7,m.tobosu.com
3aabb4f52d8511440931552df7e14761,1156510800,1,m.tobosu.com
3acf73fe3648b169bab6d766ed6a8ed7,1156510100,8,m.ddzsjt.cn/*
3ae5954ec91b48da4e751cd2dac876b0,1156510100,7,m.tobosu.com
3afd375f6ba15f915dad2deb39bee57c,1156510100,1,m.jia.com/chengdu/*
3b05b4a2e1682b2756b38c573d76f30e,1156510100,4,m.tobosu.com
3b4e58967d4bc2a43b13b7c7de0929f6,1156510500,1,cd.m.dyrs.com.cn/*
3bc5d4f78942934705bebddc8d15decb,1156510100,4,m.tobosu.com
3bc6133cc80bb101dd988c20f409541a,1156510100,44,m.scyoumu.com/*
3bfdbeaf6676ca36762b5c5e9a7f521e,1156511700,17,m.tobosu.com
3ca40dab9175579a744ae50d1f6f12f6,1156510700,1,m.tobosu.com
3ce322a55ac6c93d02eec15dbdf216b4,1156511100,2,m.tobosu.com
3d16ae1f7b3398dced4b7d44a2cdbcf2,1156510500,1,m.tobosu.com
3d333aceac378cdfc9de7eb72a1ca589,1156510100,3,m.tobosu.com
3d9099408d5d04bc157a090ca18b83c9,1156510100,4,m.tobosu.com
3dae09c5d9912a38e5f6009962cc676f,1156510700,2,m.tobosu.com
3dd151db69ac0dbe9dac84d2fc60ce6b,1156510100,3,m.tobosu.com
3e0159149f2c46f4d8ea619264a6bd0c,1156511700,4,m.tobosu.com
3e2e2bea669210f480d1b2b53d729f0d,1156320500,1,m.tobosu.com
3e5887746793949183756958665e2ed3,1156511300,1,m.tobosu.com
3e8e6db61a2dab1e154bacd39d0b5f8e,1156460100,15,m.cdzpg.com/*
3ea15c8863ba454e8ec67d184ecde756,1156510100,72,m.cdtdhjz.com/*
3eb0941f6f21da580d2ef1f699519442,1156510100,2,m.tobosu.com
3ef8ca4d9b61f2d27ba34bf8d36c6bd3,1156510100,3,m.scszzs.cn/*
3f0690ff28e746efac0440e3a9c7d86c,1156510100,4,m.tobosu.com
3f3436882ee840a91e81861b2201d218,1156510500,3,m.tobosu.com
3f357c2002ea218e772a8d2486641aca,1156511500,1,m.tobosu.com
3fc2df658b7bec209d6b79d779fb5cf9,1156510100,2,m.tobosu.com
3fd331264bc9a0c73fedffb9a7f686d6,1156511600,4,m.tobosu.com
3ffa471afbc032dad8e2d0834d35d995,1156510100,11,m.cdzpg.com/*
400610f7c143ee3228de6fc8db5bb370,1156513200,13,m.tobosu.com
4023e7673e4d1613dd4fbd29488b5d8d,1156510100,4,m.tobosu.com
406e1769cb78c71bfe81ca414c191b9a,1156512000,2,m.hexinju.cn/*
408443f5dab3406adf0d521e8927419e,1156510300,5,m.cdtdhjz.com/*
40d26759d025f329d95c99246c5fe7ce,1156510100,5,m.tobosu.com
40db2ae9c499646258b47760b0579981,1156510100,10,m.lrzs.com.cn/*
4198c08d5cdaf3966b0bf0880e8c24fd,1156510100,3,m.hexinju.cn/*
41ab2e6f945472af9e27a351931a72d6,1156510100,2,wap.cdjzw.com/*
41b962b3bba958d4f6a2830da512ee74,1156513400,3,m.tobosu.com
41f6d8adc59fe33c6c78be81075c9939,1156511000,2,m.tobosu.com
4250a777401dd13f24743d20f6faa4a8,1156520400,100,m.cdnfzsjt.com/*
42670d55451315a81ac5c9f20e5086cd,1156510100,37,m.hexinju.cn/*
426f656953cb43ee2a2d57c216ba1be1,1156510600,40,www.cdsmhome.com/*
42c050ba775f20f74ab1e1652aa6cc14,1156510100,5,m.tobosu.com
42e24dc8d3942089fe716a480c902fdf,1156511400,12,m.tobosu.com
42e741b0c0863a8d0b5ab4e2a6e38389,1156511400,3,m.tobosu.com
430d4e8626975953fcb167c59fb33205,1156512000,3,cd.m.dyrs.com.cn/*
435c1afa6685dfce287e328d6e7f159e,1156511700,1,m.tobosu.com
4360f5d2d1156cfe54edb4a6edacdba0,1156510100,1,m.tobosu.com
436573f0d5ba110c4ab57455d44171b2,1156510600,1,m.tobosu.com
44167ff15711db2c439e702bf26518b6,1156510800,1,cd.m.dyrs.com.cn/*
4486dcf8b3c31bc7a5f27c23cc24f25f,1156510600,1,m.tobosu.com
44a6167d994c1fe213af6eef57db4ef7,1156511500,5,m.tobosu.com
44a82c8ed4a7e312f231ed838936deaa,1156510100,1,m.tobosu.com
44aa3d410562aaef4dfd25cac1eab334,1156620100,1,m.tobosu.com
44cfab78ae0b2584af4ae48c2843a9e5,1156510100,2,m.tobosu.com
455e3085f6c4419d9be0d3320c400c86,1156510700,1,m.tobosu.com
4571bcd4f24809ff336378289c0ef7ed,1156511300,1,m.tobosu.com
457788184878bfcc55aab6e929d1a2e8,1156510100,4,m.tobosu.com
46437a5337f98ae7d438f7bc3c7a25d2,1156441900,4,m.tobosu.com
46761a30ce6eed9e2fe71b446c675d72,1156510100,5,m.cdzpg.com/*
46867a3673092ce6ae8be72650928cf2,1156510800,2,m.tobosu.com
4692b9cb6888bad838a9850a9e7dd65f,1156511700,3,m.tobosu.com
471c0b0bc6afd5b52efec66b327e32ff,1156510500,2,m.tobosu.com
4722a4450f07cd02bdc180b5a5b629eb,1156510100,16,m.91exiu.com/*
4749871b274bbee090ac59315ad4b997,1156510100,30,m.tobosu.com
47b7c8b73bebc81e768ea098935e5ad4,1156510100,19,m.91exiu.com/*
47c058d4ad87f8d7c464716dd6043f49,1156510600,4,m.tobosu.com
47e435c5129ab03dcaed20add2378c72,1156512000,2,m.tobosu.com
4839e78a15f3f4daa719917c7aead5a1,1156510100,1,m.tobosu.com
4879b4fee2475c3ddd4640b60b2c71d4,1156510100,19,www.cdsmhome.com/*
4879b4fee2475c3ddd4640b60b2c71d4,1156510100,1,m.tobosu.com
488fb274713845bde856aeaff1a0a60d,1156511500,4,m.tobosu.com
48b7db830525b34b05510fc769675830,1156510100,5,m.tobosu.com
49345413f15ba7356a1dc9b10e5e3ccf,1156510100,1,m.tobosu.com
4941c10adb5163d4e97570ba0596f072,1156411700,16,m.tobosu.com
49803af274f4a43c78ec7cd7c1a03ece,1156510100,1,m.tobosu.com
498101527ec418c66e0ec8338f8039e3,1156510100,3,m.tobosu.com
49c37ec998e45337ec4a685083299f35,1156511300,3,m.tobosu.com
4a0f4bfc44024b6f3bd0af9f5516aec8,1156511300,4,m.tobosu.com
4a32e70fde22cbb0a302282dd6d92439,1156510100,1,m.tobosu.com
4aab28e528284be910e27931b5206e71,1156510700,4,m.tobosu.com
4aae566c0dbe35eff7f2fb0cc628bc3a,1156500000,2,m.tobosu.com
4afa2d8295918c05a23352399534b6ce,1156510100,1,m.tobosu.com
4b3a8c58dff26ce0e5adc8d588cb2cb7,1156510100,7,m.tobosu.com
4b96a751e21d7db90a3a32d2d02ef738,1156510100,40,m.lrzs.com.cn/*
4b9d2a3e780d32d6728fe27723df63f2,1156510100,1,m.shj.cn/cd*
4bc5d746aa01097bacc201872de403a5,1156510100,6,m.tobosu.com
4bd35b13d80c3f7cc4553046105a7e87,1156510100,1,cd.m.dyrs.com.cn/*
4c02b22b5cd68e7eb82f68699cd794c2,1156512000,4,m.lrzs.com.cn/*
4c5b3f682fa2071a6dfe74365d76d3fc,1156510100,9,m.tobosu.com
4c647da5b29fa8c3a32bbaac1352dad3,1156511300,12,m.028ltzx.com/*
4c66aee43e8b5162cfd897f034462415,1156511300,13,m.tobosu.com
4c7cfda0fa006d969a88b74860fbad6e,1156510700,2,m.tobosu.com
4c952c1f8822bb88db4b5cfc1991338a,1156510500,4,m.tobosu.com
4cce3b750de044cc5c813125cdaa5174,1156510100,11,m.tobosu.com
4d5d016fd53c4a5b5fe5d5e409fc3cdd,1156510800,7,m.tobosu.com
4d8d612d3aee9c27a4a2ff4c40f98557,1156511400,2,m.tobosu.com
4da60dbfbd21f0d824c2344e8cb5b08a,1156500000,8,m.tobosu.com
4da8c5f5061fd872aa9f1110bed00d98,1156510100,24,m.lrzs.com.cn/*
4dba6418ea76be72ccfbb2b8c43516ff,1156510700,2,m.tobosu.com
4dda03f751b57f3e29ecabdf24b4f4ba,1156510500,1,m.dyrs.com.cn/*
4dda03f751b57f3e29ecabdf24b4f4ba,1156510500,1,cd.m.dyrs.com.cn/*
4e052799e27c63fae1068a1426d2eb14,1156510100,1,m.jia.com/chengdu/*
4e147b082b1e752565f66439a262c3e5,1156512000,33,m.028ltzx.com/*
4e1e0da8ac9bcf7be6f2d810a3d3e7ca,1156510100,1,m.tobosu.com
4e30827c00bfaf6a66770f6ea786d392,1156510900,5,www.aiuw.com/*
4e339edc436ef927adc0bf9d4e55f2b4,1156510100,2,m.tobosu.com
4e3da4cbeb3f1805edd4d3d6e17953d6,1156510700,39,m.cdtdhjz.com/*
4e3ebfac6c4d9a9bee7506a66db6bc4a,1156511500,2,m.tobosu.com
4e5730afb9a60a668c57b5e9688f0236,1156500000,2,cd.m.dyrs.com.cn/*
4f1ecbfd8979421dc218e642ba910251,1156510100,11,m.scszzs.cn/*
4f22f1c4528105c45a3c420eab5ce6ec,1156510700,3,m.tobosu.com
4f4b858c73ef2a1bedcdd91e98ceee1d,1156510100,63,m.lrzs.com.cn/*
4f8dccbc2d551cd4e2b51b7259c9088f,1156510100,6,m.cdzpg.com/*
4fa2b48c75a4bb46010a01dcfd14aa2d,1156513400,8,m.tobosu.com
4fe566139bb4e3f9a31e9b1d4e7d4c7a,1156510100,46,m.028ltzx.com/*
502ebb325aeb68e01d7651f1296e517f,1156511400,12,m.tobosu.com
502fba8df28f2eb7a60e287eaec373b1,1156510700,2,m.tobosu.com
50532de2f8eb99ff1bb6a88fccaea162,1156511000,11,m.tobosu.com
5083845754979ddfa8d2b906a28a2a9b,1156510100,35,m.cdzgzs.com/*
50898a624e96198ffc0fb0aa75ebb19a,1156510600,1,m.dyrs.com.cn/*
50c2211c61689d2a6274dd9ce57445ba,1156511500,1,m.tobosu.com
50d752cbd280892319573f7a7026c3f3,1156510600,11,m.tobosu.com
50edb9d3f6f1aed0a19d76ec82999f24,1156510800,4,m.lrzs.com.cn/*
512120b48ee707209e1b97b58a12b19c,1156511700,2,m.tobosu.com
5124d5330e84735fb7f37c62dd38bb66,1156510100,17,m.028xfmf.com/*
51b5427d1a102ad58658b6aab64418d2,1156510600,2,m.ddzsjt.cn/*
51cbe9d2d0fb1654b7f3deaf0d1e8324,1156510700,3,m.tobosu.com
51eaccc4eb55e8e535d6377377bd682e,1156510100,5,m.dyrs.com.cn/*
51eaccc4eb55e8e535d6377377bd682e,1156510100,7,cd.m.dyrs.com.cn/*
52341ac6ecdacf237e282ed259b2f1de,1156510100,15,m.cdzpg.com/*
52906ad0801086babd3a128d1be31b44,1156510100,1,m.tobosu.com
52914ca32edcf27dca42a76baac5a11e,1156510700,6,m.cdzpg.com/*
52dc7b73684b28efc7c2ac8d59b6d0e9,1156511900,2,m.tobosu.com
531d5156c1cc6e0f9f566592cd9f7f08,1156511900,6,m.tobosu.com
5345c9f231fb58dfe03b06b847463ad0,1156512000,2,m.tobosu.com
535665573b744b72732f052c4cf86426,1156110000,7,m.tobosu.com
5389123132cada96dcaf9a48541f0204,1156510900,2,m.tobosu.com
539f5fe3e3ca20ffe3af2365e90cc5c4,1156512000,2,m.tobosu.com
53b0a2402d7fceabee4df1f092f4d3ec,1156510700,3,m.tobosu.com
53d156cee6a0446a22a3f7e21fb7901d,1156510100,3,m.ddzsjt.cn/*
53d9c2b75cf8d260cd2cc4bdd1543085,1156510100,3,m.tobosu.com
5490a4f00ff60936b8d5b9149f32230e,1156411300,6,m.tobosu.com
5499c7bc6ac73dd98e5b11c680403c18,1156510100,3,m.tobosu.com
54e5bd68d229d504e87435924191c14f,1156442000,34,m.tobosu.com
5500c6d56c3436ae294c8194dd3d2795,1156510300,1,m.hexinju.cn/*
554da9efbb20782f53091c09d3752c0c,1156513400,67,m.028ltzx.com/*
555d1e02b963cd48db3dc1d2a7b49c13,1156510100,5,m.lrzs.com.cn/*
5561729463b041248eddc290977990e9,1156510300,6,m.tobosu.com
55aaa4036e12999de88df6b3d0b2f1e8,1156511000,2,m.tobosu.com
5610289a40f593bbecb111a32e08b52f,1156510100,2,m.tobosu.com
5615ed6416d69f9050a01fb3d4a2eada,1156510700,8,m.cdzpg.com/*
5615ed6416d69f9050a01fb3d4a2eada,1156510700,1,m.tobosu.com
562f60443b4810adc8c2cabbb4c3b636,1156510100,18,m.91exiu.com/*
567c0baebde84b2ceb1b78ed98e19c93,1156510100,8,m.cdzpg.com/*
5692aa4b0fd0151c6838289180dd81e8,1156510100,10,m.tobosu.com
56ab38e6cd400ca61696318197bf9b82,1156510100,1,m.tobosu.com
5748ed18e001f0beed3fc0e962cbee28,1156510100,1,m.tobosu.com
5797dd202d3c87087584b9c752a39c75,1156510800,4,m.tobosu.com
5825a21bd0983dccb1025c2afd3f415f,1156510700,4,m.tobosu.com
582cfd7bf4de84185e1a9aa7a676ad39,1156511000,2,m.tobosu.com
5882b03f293a67fcd3431bc89f779d91,1156511400,5,m.tobosu.com
58d0229aee2bd353cb204cf7f3305812,1156510100,2,m.tobosu.com
58d3f5f07219596f205db719b93d1dd4,1156510100,1,m.ddzsjt.cn/*
594f3de8ef329a100c0f9994b379a3a2,1156510100,1,m.tobosu.com
5962dbd425bf4393c72864b4d2276847,1156510100,3,m.cdzpg.com/*
5995faacffb4a4d03cb8fad31a0b3d8c,1156511500,9,m.tobosu.com
59cbd4cc94a29b2cdbd46ef6fa2ee22c,1156511500,3,m.tobosu.com
59e947323ffa7f168ceed1c022804864,1156350500,10,m.tobosu.com
5a1518ae1324cadfa6c55d6408345d30,1156510700,1,cd.m.dyrs.com.cn/*
5a93a7934227b9b7c291db5673086a11,1156510600,3,m.tobosu.com
5ad2ba6b2429f7dbb574a9e5981d6afe,1156510600,4,m.tobosu.com
5ade5ba45ad77ac141ce4cb2b38e3351,1156510100,10,m.tobosu.com
5af243d2e9ec9e168afdc2b09c64595a,1156510100,22,m.cdzpg.com/*
5b519a32bed1db31949b9af3541ac744,1156510800,1,m.tobosu.com
5b5271aee5363f2f8808c824bd6726a1,1156510100,6,m.tobosu.com
5c1b7b15abb03a2254be43b7b57a92d0,1156510100,4,m.tobosu.com
5c297bd6f0651a3ea76d0f8196e3a95d,1156510100,4,m.tobosu.com
5c2a6e3d6b95d8feb11c659b69c8bc36,1156511300,9,m.tobosu.com
5c302bb0a31b3a79247025873e2a78c0,1156510700,6,m.tobosu.com
5cd6f5374cdeccf79475cb011353118a,1156510100,1,m.dyrs.com.cn/*
5cd6f5374cdeccf79475cb011353118a,1156510100,4,cd.m.dyrs.com.cn/*
5d651c232316f0f6715b2ea4c7fdb6e2,1156510700,3,m.tobosu.com
5d8d07bd85e41407b218b80a026d2179,1156510100,3,m.tobosu.com
5dba9a772e8d429de709b11478264e22,1156510100,38,m.91exiu.com/*
5e205827a36830f332cc52a5bbfdc1bf,1156510400,1,m.tobosu.com
5e3a2bac45afbd6760ac2e2723cee9a2,1156510800,51,m.scszzs.cn/*
5e84c224966daf8301cde83aeba0bd50,1156510100,68,m.lrzs.com.cn/*
5e89f4681b362c0aaef48b59821f46c9,1156510100,128,m.lrzs.com.cn/*
5eb1ada42dd278cd28215295c750b356,1156510700,4,m.tobosu.com
5ee162eec4daa96f8e462c553916b144,1156510100,3,m.tobosu.com
5ee416a55703c984929de0ade768712d,1156530100,45,m.scszzs.cn/*
5f0e58902967b19b4463b8c5b8bd5c4c,1156510100,1,m.tobosu.com
5f439f48e10e123cdb134bdf14591ae5,1156511000,17,m.tobosu.com
5f53015bd67833e09efad305f6990943,1156511500,6,m.tobosu.com
5f5311750b22d90a66dc8eeba6403ee2,1156510100,4,m.tobosu.com
5f62cc10818c807c6d2b96e7b7c44d48,1156510700,33,m.cdtdhjz.com/*
5f635ac1374696c75737e0596bdcf47c,1156510100,2,m.tobosu.com
5fa49c2432e3e73c2ac841db4e27140d,1156510100,31,m.lrzs.com.cn/*
5fe0c0638c944e22042e5dc7630f60a5,1156510800,1,m.dyrs.com.cn/*
5fe0c0638c944e22042e5dc7630f60a5,1156510800,6,cd.m.dyrs.com.cn/*
5fe33ead20d54d8df51977b542d61213,1156511300,13,m.tobosu.com
602b4c8ebed6d88c5d12cade9e799d29,1156510100,7,m.tobosu.com
604bb87c14062860d0279aaf053f8ec1,1156511700,2,m.tobosu.com
604d2a5c37a33d14103af5ab4b37929e,1156510700,17,m.tobosu.com
60589b70a9d50d86a73b23e268a00223,1156510300,7,m.cdtdhjz.com/*
606debb08518ae53df2ea199ca2c633c,1156510100,39,m.lrzs.com.cn/*
606fc1f219f8bff09b578a940eaf3051,1156510100,6,m.tobosu.com
607787267fc8a9a5f909ee27efcf9596,1156510700,5,m.tobosu.com
608e10825cb61575aaa071de78c8f3f0,1156510400,1,m.tobosu.com
60a43dc4f69eae483d9f259343ca443c,1156510100,1,m.tobosu.com
60c90b2f7d7a6a223cedbb21af6837d9,1156510700,5,m.tobosu.com
60fb4ecbb8abea56ad1fae441cea6e03,1156510500,2,m.tobosu.com
6102d7bdcd37c3891ec0b5268d504865,1156510700,5,www.aiuw.com/*
613209f0fb82bab2400539caaa4cadd5,1156510100,5,m.tobosu.com
614845751e393569157c7d45d076d473,1156512000,3,m.tobosu.com
617e118b96337fd5985ecf2baee665bb,1156510100,5,m.tobosu.com
61b28293144e1742ce9fce009fc393a7,1156510100,2,m.tobosu.com
61be954b7d4c79e650fd9375ee041ea3,1156513200,11,m.tobosu.com
61bf708c3c2e184014b491625aa0b649,1156510100,25,m.lrzs.com.cn/*
61de2f5b2ca4c93cc64d4cbc0be6cb13,1156511600,4,m.tobosu.com
62198e0c7910f74c5932358dbc4e5ebc,1156360900,4,m.tobosu.com
624ad95b94e2b0e6a27ded6465921803,1156510100,2,m.dyrs.com.cn/*
624ad95b94e2b0e6a27ded6465921803,1156510100,3,cd.m.dyrs.com.cn/*
62c1431f6a505fded067328b51882618,1156510100,3,m.tobosu.com
630bf5c3a6da316d7f51b17aa8fc5e87,1156510100,76,m.lrzs.com.cn/*
630c897868600ea138ebd719ed86b945,1156510100,1,m.tobosu.com
631c276845dd1ad924a71748408d2281,1156511400,3,m.tobosu.com
6337b7b64feed63361b5bf48ee4ebb59,1156510100,86,www.schljy.com.cn/*
634683c2c6b686b26c21bb0f506caa83,1156510100,8,m.tobosu.com
635fdd722285c9e639b60e91ccbca92e,1156510100,1,m.tobosu.com
636881757a6be9842420a535a3d893d4,1156510100,8,m.lrzs.com.cn/*
63f156493ff390b2f940e1fd5952794f,1156510100,1,m.tobosu.com
63fa40149f1dcdb467e7f5a19e1a37af,1156511900,3,m.tobosu.com
6485d4c7c81164fcff52cef57a2fcbe2,1156510700,1,m.tobosu.com
649ceee4bd6d87880de869d21cb83198,1156511500,8,m.tobosu.com
64a103eae22d54a6c2cf73a6bc5269f8,1156511300,2,m.jia.com/chengdu/*
64b9823ad80344ea6e50ee35f41a29c0,1156513400,1,m.tobosu.com
6521acb5a74d4d62131880cf4c35d850,1156510100,21,m.lrzs.com.cn/*
6551ccca5ba2c8e7a88fbdc79d601488,1156510100,1,www.schcdesign.com/m/*
657a245cb334719fcf2f2ceddb58af58,1156511500,3,m.tobosu.com
65ca18d37ee8cc6b033d29a87925c08d,1156510100,16,m.cdzpg.com/*
65dcec9c43cf787910e3729fd56ba849,1156510100,2,m.tobosu.com
6613b8c7c01e749c9c32dd6a6d2a9d0a,1156511300,1,m.tobosu.com
6639b27d69ba25624225cdcf0f099c0a,1156510400,3,m.tobosu.com
6641e1b116946d2cb742fd37758bcdf4,1156510800,1,m.tobosu.com
6672df8c54debf56ea81166242f3c909,1156510800,9,m.91exiu.com/*
6688918c8dbda4fca04b621a7148b660,1156510100,1,m.tobosu.com
66cbc1407591a7d59f49b489357b7142,1156510100,2,m.tobosu.com
66ec0e2b3fca67559122ed6cccc5b463,1156510700,2,cd.m.dyrs.com.cn/*
67a60c4d7c63d09732e1e2d4ec6116cd,1156510700,15,m.ddzsjt.cn/*
6816c0b2208fa488dc24c36d0bb3f23f,1156511600,3,m.tobosu.com
686aa3792aa32e1f8d1631b94e443828,1156310000,4,m.dyrs.com.cn/*
686aa3792aa32e1f8d1631b94e443828,1156310000,2,m.yzf.com.cn/cd*
68af162b2934d67be05c96333834c91b,1156511800,4,m.tobosu.com
68bee7b73382f784ef6ad6adc15424d2,1156510100,1,m.tobosu.com
695adc54ee62293f8666728ae800c01d,1156510100,1,m.tobosu.com
69d44deb0732a7205eabb551ac598038,1156510100,1,m.tobosu.com
69e3e4239f4def9044fea8486439c9c2,1156510700,2,m.tobosu.com
6a621d25c002f1939e88db8ece330120,1156510100,2,m.tobosu.com
6a7d62cc844b6d8ced468ae1d2bf41e3,1156510500,3,m.tobosu.com
6a7e344e268e259f8581d8004b3441b8,1156510100,5,m.tobosu.com
6ac4b30d128de1923bb1da3bc87f0b9d,1156510300,1,m.tobosu.com
6b086a9bcaa054316172ec9feff876f9,1156510300,16,m.xinjiadiy.com/*
6b36fcd64889310db289e8e30b412fd9,1156510100,1,cd.m.dyrs.com.cn/*
6b915e3632e013495aedb300ed7527d5,1156510100,16,m.cdzpg.com/*
6b9e461ca93d15d1849ea3763ad7baba,1156510700,1,m.tobosu.com
6bb417011430f1d0fd9baf4c5a73b7cb,1156511400,2,m.tobosu.com
6c25b3283ffe076bab33eee6d3f82226,1156510700,4,m.tobosu.com
6c2eb8d623c67ce6d9cb88381477178f,1156510100,19,m.cdzpg.com/*
6c3f9af65298acebc9fa8c679bec1476,1156510500,1,m.tobosu.com
6cb20f865a523f568ad9fa2784cabfb2,1156511300,1,m.tobosu.com
6d24c8a005f919f1d6f8cd38fec662e0,1156510700,3,m.tobosu.com
6d384f6a5837d2ec319121d43d46c5a6,1156510100,1,m.cdshangceng.com/*
6d4e0ac3ed1190353382d8c13e0aa3ee,1156511000,6,m.tobosu.com
6d5016082fb07e470cea755e3eafb969,1156510100,40,m.tobosu.com
6d73318cafb3c871700fd33b4b763dde,1156510100,1,m.tobosu.com
6d99d2c4a28fb957e876bc8c783296ec,1156510100,1,m.dyrs.com.cn/*
6d99d2c4a28fb957e876bc8c783296ec,1156510100,1,cd.m.dyrs.com.cn/*
6dc22d16f168dcbfa5e2287f3e5859a2,1156510100,30,m.lrzs.com.cn/*
6dd3194c83cf4b9ebff06b52c51bd1f5,1156510800,40,m.ddzsjt.cn/*
6deef43eb2a6cdbb10c5b5a47d571050,1156510100,14,m.lrzs.com.cn/*
6deef43eb2a6cdbb10c5b5a47d571050,1156510100,1,m.zx123.cn/cd*
6e636682058c744836238aae8db53508,1156511700,2,m.tobosu.com
6e6cf48c21065d3940caafca8206fb4a,1156510700,1,m.dyrs.com.cn/*
6e6cf48c21065d3940caafca8206fb4a,1156510700,3,cd.m.dyrs.com.cn/*
6e7910638b5acdf153900a634c0dcd1c,1156510100,1,m.tobosu.com
6e8a22cdfd53d68cc276511d49e692f1,1156510500,3,m.tobosu.com
6eb86a4d079a958c5f55fc34ff336d7f,1156510100,4,m.tobosu.com
6f1aafab6a3eccb2ed487ad8ac586d3d,1156510600,2,m.tobosu.com
6f4b8ffb909e00f5d27ba559f4e76d21,1156511300,1,m.tobosu.com
6f4fade348bca1151a8e984cb61c3c06,1156510700,2,m.tobosu.com
6f574b2ff30c794deb17695472f14554,1156510100,17,m.cdzpg.com/*
6f60d8a53be55bf9a95969d9197fd266,1156510100,7,m.cdzpg.com/*
6f685d402cfee9e45a2f700689a5bf74,1156511400,6,m.tobosu.com
700142090bf88282e34a2214dbdbbae4,1156510100,1,m.tobosu.com
700ca73b7da61d3505713a43e6c12059,1156510100,15,m.ddzsjt.cn/*
702765985244b1278b2a92e067304601,1156510100,1,m.tobosu.com
705e4d19a7ac5744e1824362e2b3def0,1156510100,11,www.cdsmhome.com/*
706f4f5a035792cdd200137c939b6bb3,1156510100,2,m.shj.cn/cd*
707698eb1187ceea90db437b91df1ad8,1156510100,11,m.tobosu.com
70810d59c69f55d7f9cbcd00c9b5ddfe,1156510100,1,m.tobosu.com
7086994d2759bc6dffd5eb8ee6a27274,1156511100,16,m.tobosu.com
709e85f129c671df69d5079be9b1a72d,1156511800,3,m.tobosu.com
70b491ec9a6779a161790fd5b169a826,1156510100,1,m.shj.cn/cd*
70c3df0b344fd6b8bcb39fb154b54bd0,1156510700,63,m.028ltzx.com/*
7106cd5546b7c47f1137b93dd82308ff,1156511800,1,m.tobosu.com
7106e7a3467a4a240d1c77069c4c6f77,1156511300,4,m.tobosu.com
7147d10cc0cff4f21ca89ca4167d330c,1156510700,1,m.tobosu.com
71a8a8ba8e842b6ad0dd3021f00f5ef1,1156511600,1,m.tobosu.com
71c556215bc681c61103d048d1cdcf74,1156511400,1,m.dyrs.com.cn/*
720c3687b252179bdf4b822b71ccf252,1156511100,1,m.lrzs.com.cn/*
7237ad916fe4d8ebee79a71f951015e1,1156511500,5,m.tobosu.com
7277630411b6119af875ad3eace68831,1156511300,15,m.cdzpg.com/*
72786841a5e068b117bf5a822685a033,1156510100,15,m.xinjiadiy.com/*
731269ddc8e30a04324229b88aada38b,1156511600,2,m.shj.cn/cd*
7369784b4f9a13aff0951f48f489963b,1156510500,15,m.tobosu.com
73bca96b22a0e42da2ee951efc80b027,1156510100,6,m.tobosu.com
73f4228b56b1127a016a125d39f2a259,1156511400,38,m.cdtdhjz.com/*
74450dad5669329cdd3a0d4cceb54072,1156510100,1,m.zx123.cn/cd*
7447c1d34dc2d7805d16047e2b09c26f,1156510100,4,m.tobosu.com
748cafd9ff03768befa9e673814b296a,1156510100,3,m.tobosu.com
7492084358893049e2cc6b12afad42aa,1156510100,45,m.cdnfzsjt.com/*
749a81981373182793db90e2c071704c,1156510100,5,m.tobosu.com
74a12bcdb4e29dfe004406f7939eaca2,1156511000,5,m.tobosu.com
74ade6de2d0b257e0449d0d76c1e4274,1156510300,13,m.tobosu.com
753a848a25cdf0aea94cbe5f155c9720,1156510100,9,m.tobosu.com
753ee8ef10642bb73f560e6c077eedf2,1156510500,18,m.tobosu.com
7554f0a120d98504e4dc0ed30cead9b8,1156510100,8,m.91exiu.com/*
755c9943f99566ee5cb96c1e6e1880b4,1156511500,18,m.tobosu.com
7584030abe9af378ec1805a0fb0a58aa,1156511400,2,m.tobosu.com
75e8477354a0e2c59fac86e4453a9fdb,1156510100,1,m.tobosu.com
760feecbe8f0d454bf4e162ae5b4d6e2,1156510900,4,m.tobosu.com
763a4b7b110e728a919810f3c85b2bcb,1156510600,1,m.tobosu.com
7685745c187afaf074eb4c6c49f28269,1156510100,32,m.91exiu.com/*
76c52be0029cb97f72c5da209c40b7d9,1156510100,4,m.cdzpg.com/*
76e64f699c5c0e0f7fbc9a35bef784a6,1156510100,2,m.tobosu.com
772c26a4047649799ce59bc42d6220c1,1156510100,1,m.dyrs.com.cn/*
772c26a4047649799ce59bc42d6220c1,1156510100,1,cd.m.dyrs.com.cn/*
781061db46e1cc728ab7813e027b82dc,1156513400,47,m.028ltzx.com/*
78acdd90c5860a050780d02dddb7e5c8,1156510100,1,m.lrzs.com.cn/*
78da4357cd195b9ebc7e4c6ba6232ed8,1156510100,1,m.tobosu.com
78f8e288a8281b461028e83cf9cddf1a,1156511300,1,m.tobosu.com
78ff6616c2114e6b43cac070c1efbe11,1156510100,1,m.tobosu.com
7911e1f8d3badff9e631bd0101268c96,1156511000,2,m.tobosu.com
79121977bec59c7a6febd4f6a7a4468a,1156510600,2,m.tobosu.com
795874e4eca434ccb063334c50f20315,1156511400,9,m.cdzpg.com/*
79725101b57e377734f7f072d0676d8b,1156510400,6,m.tobosu.com
7a403fb2b98e4a80e4370e2b7c42329d,1156511400,2,m.tobosu.com
7b09fd08ea0cf010fc0802374af00acf,1156510100,9,m.qizuang.com/cd/*
7b16e824baf86c9a113755c07e8ca7c1,1156513400,1,m.xinjiadiy.com/*
7b26a439db85e73675733d4dd252f39c,1156510100,59,www.cdsmhome.com/*
7b35dd99c6644c16bde1bedc45e319d8,1156510100,1,m.shj.cn/cd*
7b39dd0fcd604964d61c6ba372ca76ad,1156331000,1,m.to8to.com
7b40bae5e52fdf7ccc5b3445b91f3880,1156510500,5,m.tobosu.com
7b49555fe3b50a492424daeb92c280a5,1156510100,1,m.shj.cn/cd*
7b4adab8f195f274bc3325e5d32daefc,1156510700,2,m.tobosu.com
7b4b0c81d4edb55bfb58bee099c0c057,1156511600,4,m.tobosu.com
7b860647fb08bb58eade256c2348405e,1156510100,1,m.tobosu.com
7b9fbf697b02ee1d8ea0b53d3ef0a0b7,1156510100,1,m.tobosu.com
7bbf92b1a9f734ffb6b0312ace445331,1156510700,4,m.tobosu.com
7bc4dc1681fdef406a5846c86f2d475a,1156510900,6,m.tobosu.com
7bfe9ae88ed512478ec76c4b79f5496c,1156511800,1,m.tobosu.com
7c14c1fdd33468a65eb7b367da0331e0,1156513400,1,m.tobosu.com
7c47899b0397cb45164c73ac45465954,1156511900,4,m.tobosu.com
7c98e118e023d58d59a077dbf89f0682,1156511800,1,m.tobosu.com
7ca3bd7694a34169084e7bef17666e30,1156512000,1,m.tobosu.com
7cd1cac6ec79c3ae44cce7f8e6ead198,1156420100,59,m.91exiu.com/*
7cfc62d4920da516617d3b13ec1f8bd7,1156512000,13,m.cdzpg.com/*
7d132fecbae7e676a7c383731f65af25,1156511900,4,m.tobosu.com
7d1ae811f9e557af0c15ca227ab1126c,1156513400,18,m.cdzpg.com/*
7d2ab926ab953acd9aaa19dcdc01dd85,1156320500,14,m.tobosu.com
7d46e5c9dd369084bec022ca36403123,1156330300,1,cd.m.dyrs.com.cn/*
7dfd7143bb0475da461499845e0bb0ea,1156510100,11,m.tobosu.com
7e029c456be54eb0cc4ac862e702bcfd,1156510100,1,m.tobosu.com
7e255332733d07c666a87c788cbbaa68,1156513400,2,m.tobosu.com
7e3776b42a7293b6725dce999251b598,1156220100,6,m.dyrs.com.cn/*
7e61b63556ccd11f7a09e59927bb5c8e,1156511300,1,m.yzf.com.cn/cd*
7ed3e82db17bb0b6c290075272c80764,1156510100,1,m.cdtdhjz.com/*
7ee200b0752e25d22afdda1caf47754a,1156510500,6,m.tobosu.com
7efd55c0afe830ae84e4af431a75b48b,1156510100,1,cd.m.dyrs.com.cn/*
7f209bfec86750ffac7c8d9e20456f93,1156511300,97,m.scltgc.com/*
7f312428b158daa9d3779fdc121db04d,1156511000,1,m.tobosu.com
7f3b4465b8418cab38261cd30954783c,1156510100,12,www.aiuw.com/*
7f3cda784430406e8a5239465418755d,1156511100,3,m.tobosu.com
7f663327df1faa3f0bf7301877842b6c,1156510100,17,m.ddzsjt.cn/*
7f7909f96f5561af8169ccecffe4d076,1156510100,1,m.tobosu.com
7f9741c2b3d3479be8710ea29d24c3f1,1156512000,15,m.tobosu.com
7ffac3c6375892adb74a0e59d2f0554e,1156510100,6,m.91exiu.com/*
802621c3350dac1be3a4416b6c5b308c,1156510700,35,m.ddzsjt.cn/*
8026b54986c1d3f8560271ea9d4b4c94,1156510800,2,m.tobosu.com
8030cf76c8302648fc2dc052870e3e91,1156511800,1,m.jia.com/chengdu/*
806b77cfbe0c4360a3b95d4c709a8f16,1156513400,46,m.028ltzx.com/*
806baed657d12640abfe871e3337135a,1156510300,7,m.91exiu.com/*
8078c126762b22cdbe86e0a3187a03f0,1156620400,95,m.lrzs.com.cn/*
807e7b81faf90533c47e3c3623f347f5,1156510100,5,m.tobosu.com
80ab074a46757970229d7041e829b38c,1156511300,4,m.tobosu.com
80c10b6a72b9bdd75d500cae9f4dc07f,1156511700,4,m.tobosu.com
80e55c9a06ce80698c841a9b3f884931,1156510800,4,m.tobosu.com
810f07a2db8d614c0bc3d464edde5eea,1156510100,12,m.tobosu.com
81a402f6455b921202edc4e918c9eaac,1156510100,13,m.chuanhaozs.com/*
81c73ebbb0dc01872bfae20d22b49e81,1156510800,4,m.tobosu.com
81cb7d15834dae8d1cab8f3d89691ce9,1156510100,3,m.ddzsjt.cn/*
82438395de0775b013663c2a1794a0be,1156513300,2,m.tobosu.com
8249dfe347f0be388d3b865463855766,1156510700,84,m.lrzs.com.cn/*
825700bc076a49a4c3c2eb9e16403e91,1156510100,3,m.tobosu.com
82e97d3d1bae51687e31b2e9c6e06806,1156510100,4,m.ddzsjt.cn/*
82f4ba5f27d276ef889be8795866d1c9,1156510700,42,m.tobosu.com
830b30c6eb3fe0eedaef43f1c8f3dc8b,1156510100,4,m.tobosu.com
8311760acc006c67ec25e740ecd95470,1156511000,7,m.tobosu.com
83d65d2e1d7a5ddbaa0ad328a9915fec,1156511000,3,m.tobosu.com
83ddbad99de5e93dae4ff5c54175ad05,1156510100,4,m.cdzpg.com/*
83de57d364b506b1d3f598640d4f234f,1156510100,8,m.tobosu.com
83e5bee1e079dd2bf01cd2c6fcc2af0a,1156510100,4,m.tobosu.com
84136c12e54fd628a50ab99595cfb51b,1156511300,6,m.tobosu.com
8447d854f9b949a9e50f3043c1ec9e41,1156510100,2,m.scltgc.com/*
845eb7a129f3b3848f5e93447ef767d6,1156511300,3,m.tobosu.com
84f63946400ee89f438335b4824929ea,1156510700,2,m.tobosu.com
852b0d7e59a30b6e4e5a2bcecf48b3bd,1156510500,1,m.tobosu.com
85425da2be099d010475c02386e222ff,1156510100,13,m.tobosu.com
859344b55f11fc0582044e8979ae1dda,1156510100,5,cd.m.dyrs.com.cn/*
85c04102aace92f5fefc2602b9e3c286,1156511000,1,m.tobosu.com
86001d163b16bcf9e405affc32a900bc,1156511900,7,m.ddzsjt.cn/*
866af8eda7de2801f35021a1e18e1733,1156510100,3,m.tobosu.com
86731e5655e6d9e45b8edbf6e14d05ea,1156620100,12,m.tobosu.com
86abf7933f4524d2ea2513ec8e496086,1156512000,48,m.028ltzx.com/*
86cbae4e16a512e6e979d5a04167b8ed,1156510100,14,m.lrzs.com.cn/*
86d858bb8f1867d8d3db2bd3a1e3db02,1156513400,2,m.tobosu.com
86e5d48e5012c9275f38961c77aa5486,1156510100,1,m.cdtdhjz.com/*
86ed264efd8779704e9e3dbef3fcffaa,1156510100,1,m.tobosu.com
870e295357701f92e33ac2d8c7ff347b,1156510100,1,www.schcdesign.com/m/*
871673006a8d4daa904799e6fad444c0,1156511500,1,m.tobosu.com
8750e8128a6c931c88fcfaaad508a783,1156510100,1,m.tobosu.com
875ba7a16cfd2218205c9ae8d883c711,1156511000,1,m.tobosu.com
8775c15bb0e2ed2b5a90a89c0d7643de,1156513300,3,m.hexinju.cn/*
8781d3498ea553e0f7c5d5bd11fb5dbe,1156510700,1,m.tobosu.com
87b40ea4299db9cd4a42f4b807eed690,1156511400,8,m.tobosu.com
87b6c594d1d0bbbe71d6df1862a2235d,1156510100,15,m.lrzs.com.cn/*
88745d7e1fde11f0b06495d0af52fd3c,1156511600,3,m.tobosu.com
8985a4853c4ae9fc3431fb41382eb725,1156510700,2,m.tobosu.com
8990ca504e22b4d734f48c1835685218,1156510700,1,m.tobosu.com
89e206a5af4fe3a2e94141ed75ead4ce,1156513400,9,m.tobosu.com
89e3f41723fb1e1a6d2a0ef0ed1741d5,1156511000,20,m.tobosu.com
8a2c67ea15b537fdd4ddcef8f8ff2dc7,1156510100,1,m.lrzs.com.cn/*
8ac560dc43581527af55c04d4c201f70,1156512000,4,m.tobosu.com
8aef6a8871c991039ebd156411477567,1156510700,5,m.tobosu.com
8b1370da0cbb68e2913c9437ad34dbd0,1156510100,1,m.xinjiadiy.com/*
8b2de67300dcf20d280ac762294899ae,1156511100,1,m.tobosu.com
8b3c37302497dbf9a9bd38464c16d55a,1156510900,2,m.tobosu.com
8b78ebd6491840f6bd980243e2e9b697,1156510100,5,m.tobosu.com
8b93d551974383fff64bd6b3219a27e1,1156510800,18,m.cdtdhjz.com/*
8bad811c2c5e1513eb69da21ef703ae5,1156511000,104,www.cdsmhome.com/*
8be8e172bd94db22c79bac358d452d45,1156510100,2,m.tobosu.com
8c0df2c26acd865c81657d793538b27a,1156513400,10,www.cdsmhome.com/*
8c2f615695d5eef656a5f2ce7197fb1a,1156511700,3,m.tobosu.com
8c324eca4c8b2722a98a07722a4da04b,1156510500,1,m.tobosu.com
8c6ea847620e03a073f326de84bb7ff3,1156511100,4,m.dyrs.com.cn/*
8c735b85a0dc3d33e27c1f9805007483,1156510100,2,m.dyrs.com.cn/*
8c735b85a0dc3d33e27c1f9805007483,1156510100,3,cd.m.dyrs.com.cn/*
8ce418e262018a62ff911b37a1c91ff1,1156510600,2,m.tobosu.com
8cede74c8562d786e9e2ea1636db1981,1156510700,5,m.tobosu.com
8d02f06545c3f61d1cac630bfa829257,1156511500,1,m.shj.cn/cd*
8d377f1f49ff2ddf32429055c25acf08,1156510100,61,www.cdsmhome.com/*
8d47de90578c3d47a6ba1de341e33f8c,1156512000,2,m.tobosu.com
8d58874b4f2017fe06328825615d5a63,1156510100,4,m.tobosu.com
8d8038d780ece38bf02e0d47d1d20785,1156510100,5,m.tobosu.com
8d9397b9a56adeca3e554274bb11a9ef,1156510300,3,m.tobosu.com
8d978cd8c5f4a60f656d8eaedfd5977a,1156510700,1,cd.m.dyrs.com.cn/*
8dd95bc0a594b56e883de0a27533d7e2,1156510100,1,m.hexinju.cn/*
8ded73fa6fe6d988eba2a2195f0f9c18,1156511900,1,m.xinjiadiy.com/*
8e10b4da2c5f89a1ccabe60f617cf603,1156510100,66,m.lrzs.com.cn/*
8e232fdf6661eb6aa7a5359b93f6091b,1156510600,6,m.cdtdhjz.com/*
8f376da4e11540ab19d27cae023d4b37,1156510100,2,m.tobosu.com
8f5afad22dbce57512d7255b18ca3a0c,1156510700,1,m.tobosu.com
8f87607161e8566e45b516dd52065bd3,1156320600,62,m.lrzs.com.cn/*
8fdcf533eef55d4a2d364d662edf82e2,1156511300,12,m.tobosu.com
8ff6dbb521be67dc65979f1d09959d84,1156510900,1,m.tobosu.com
8ffd891119960f7fdee73f052eb08121,1156511300,2,m.tobosu.com
901e245d1449743654dafc2beacd6457,1156510400,1,m.tobosu.com
90ccd3cc863a9f8a4ce3adc56ca5ea89,1156510100,2,m.tobosu.com
91101762cea9fbe4bf0a254eda292b25,1156110000,2,m.tobosu.com
915bbc9017f7066cc6b080d082420fef,1156510100,17,m.91exiu.com/*
9174d9235c15faebc6d3da5b71221a0c,1156513400,3,m.tobosu.com
91d66569ed6099b9f27bfe77da7dbd95,1156511300,2,m.tobosu.com
91fac439eeadb4b7b4a75222c6aa1ecf,1156510500,4,m.tobosu.com
926dc0f593a7a10fe4847b9933b23b34,1156511800,6,m.lrzs.com.cn/*
92833ba6695658ee3b1c59569612e763,1156511300,4,m.tobosu.com
9285030230083b980f6150f28c14fcdf,1156511300,1,m.xinjiadiy.com/*
92cb76c7e29df2920f6c2f1457aa9bc9,1156511700,2,m.tobosu.com
92dcbdcea3d1573d0d7a11f02397f970,1156513400,2,m.dyrs.com.cn/*
92dcbdcea3d1573d0d7a11f02397f970,1156513400,3,cd.m.dyrs.com.cn/*
935e9f9b8fe71107cc6640ed259ba83d,1156510700,7,m.tobosu.com
9360495f67e4a95e9235b7052ae4c5a9,1156510100,6,m.tobosu.com
9361e0facd1d4ff1c3ed9eb057681441,1156510100,7,m.tobosu.com
936a0ff6d03d6d559f66a9835e723d4b,1156511700,6,www.aiuw.com/*
93f15a12cc8b2ed0faa7ef5c20d1b275,1156512000,4,m.tobosu.com
943678349da63ea9b5eaa139e477e9fd,1156510500,2,m.dyrs.com.cn/*
943678349da63ea9b5eaa139e477e9fd,1156510500,2,cd.m.dyrs.com.cn/*
95414cd782abae053c600efb5ad756c5,1156510600,2,m.tobosu.com
95467501a3bacb80f646752f6e354eda,1156510800,2,m.tobosu.com
9552edc89cfc62951112992b47b6e0aa,1156510700,1,m.tobosu.com
95dbbe1781109cf7b00ac3aec2dc5e37,1156510700,1,m.tobosu.com
95f41598634cd275c45b9bbfa842cd2e,1156510700,6,m.cdzpg.com/*
96025be823953f484a9a8b29d49cfca4,1156511400,5,m.tobosu.com
960496c89b66159512fa83fd55d1f2d2,1156510600,17,m.tobosu.com
9666c6885cbdc16f74928b8219430cf7,1156513200,4,m.tobosu.com
967e7fb761818fce4eeba14742586d40,1156510100,1,m.shj.cn/cd*
96987d8a2dfa9f34a27af55b26ca7cd6,1156510100,15,m.cdzpg.com/*
96be7182fbb86a47e08febb589fb234c,1156511300,2,m.tobosu.com
96eb0d6ae3a4bd495760b608d99581bc,1156510500,4,m.tobosu.com
973562c41b1fbc15c54ef9d6910aa029,1156510500,13,m.tobosu.com
97415bee2bbfd0b30bdb26cf91afc173,1156510100,16,m.ddzsjt.cn/*
974349a96e652fe79e086c617eaff4ed,1156510800,1,m.tobosu.com
9790dee84b6a4e021e32dd69bcd4606b,1156510100,12,m.cdzpg.com/*
97e8e0dee367e51e3aab850e3455c8f5,1156511300,4,m.shj.cn/cd*
97f101aecbdf5f79adabbd61a7597dbc,1156510100,82,m.cdtdhjz.com/*
981b45d85228bb40361eabc0401ca8a7,1156510100,1,m.tobosu.com
98b6f50d05df26f2bbc643db5b63a1df,1156512000,3,m.dyrs.com.cn/*
98c113ce10c717681f71716ca4b9f118,1156511100,1,cd.m.dyrs.com.cn/*
98c52f35a74074a5df57bab6d077cd49,1156510100,2,m.tobosu.com
992e760d5e94f10d606123ac1c24ea38,1156510100,1,m.xinjiadiy.com/*
993681d5452d518ed7013d28f4a51ce8,1156510100,11,m.lrzs.com.cn/*
993681d5452d518ed7013d28f4a51ce8,1156510100,71,m.cdtdhjz.com/*
995725259e12965dec758fe5af075db9,1156510100,3,m.to8to.com
99a96e0e4da19f555b9e96ea79b2b7d9,1156510100,16,m.cdzpg.com/*
99ad8bade40db1dd86804994944f56a1,1156510100,1,m.tobosu.com
99fe3140169368b3410a5784593f2114,1156510100,9,m.tobosu.com
9a38b0ab93a78642fbd3fa4119c2382f,1156510100,4,m.tobosu.com
9a78f9d00303551d95dfadd0682b0464,1156511000,3,m.tobosu.com
9a9c25a1eb1538251e338cd97d6e11b0,1156510600,2,m.tobosu.com
9a9f8044254d96e3c3e13592fb335df7,1156510100,17,m.cdzpg.com/*
9abce84664987eb83af3f47a21abc527,1156510100,2,m.tobosu.com
9ada11c21d21555cab2e534d891647de,1156510300,2,m.tobosu.com
9b08a2f476bedd6a04044af76c41d8b3,1156510500,1,m.tobosu.com
9b2baa6d49846280c067228cd26d0953,1156511900,4,m.tobosu.com
9b614f6688431ef7e434f6b229110821,1156510300,2,m.tobosu.com
9bd81078aa78e4ebd0211055141b3081,1156510100,2,m.tobosu.com
9bdfc167560eb37aaad605ddef22ee3b,1156510700,1,m.jia.com/chengdu/*
9bf86af8ad1b7e1241517d99d124b4a1,1156510100,1,m.shj.cn/cd*
9c1946127352323737c8ebcf70ea7342,1156510500,6,m.tobosu.com
9c363056b61e9ef410293dfbaf941e28,1156511300,11,m.ddzsjt.cn/*
9c45a8f9ccaba6f5c33990a69d3f4ae1,1156511400,3,m.tobosu.com
9ca250ac7e775fc933c2d707d567571c,1156370500,10,m.tobosu.com
9ca837fbeaa1ce6a65d164ef1e39a091,1156510100,13,m.tobosu.com
9cc2c0d27e7aa8cec0a59011dba7b334,1156511700,1,m.tobosu.com
9d3affc7a7f1057071110dd1c20a05c8,1156510100,1,m.tobosu.com
9d41601b8e1d6bed030bc41c393b04e3,1156510100,35,m.lrzs.com.cn/*
9d490547b59e0ca6abcb08c55d09f44c,1156510500,1,cd.m.dyrs.com.cn/*
9d5691459b0e172fb870619bdbc86a85,1156510100,22,m.91exiu.com/*
9db8d087076e1dfc435abd59c545be1d,1156511700,3,m.tobosu.com
9dfd778ae0124a3bb983391536a52946,1156510100,28,m.scszzs.cn/*
9e3d78460478e0f9e3602b61262a122b,1156510100,17,m.cdzpg.com/*
9e57fa2ec40552ae96685a47084275a7,1156511500,5,m.tobosu.com
9e81dedc0fb2f33aa80fe4eb570ef032,1156511100,1,m.tobosu.com
9e86e1d24cdc109923821ede11799699,1156510100,1,m.tobosu.com
9ea0ae7166173097ea52420c436e279d,1156510100,5,m.tobosu.com
9f0ae89902c0abffb0adff16218b0c87,1156510100,1,m.tobosu.com
9f17901bb56e7a9b345ec16c89b5ba4e,1156511800,3,m.tobosu.com
9f8042073e4def8f47a374aa14e300e5,1156510100,92,m.tobosu.com
9f940632b24d1fed837d015e0ebbdd76,1156510700,11,m.tobosu.com
9f9addfa52396d197a41e4e1acb42ff0,1156510100,29,m.lrzs.com.cn/*
9fb453614e5fe4c5f0099f26e3991928,1156510100,5,m.tobosu.com
9fc2f736642d2293fd2003c94f447d96,1156511600,3,m.tobosu.com
9fcc5d73365fdb34eae06f6caf9568e6,1156511100,8,m.tobosu.com
a0081d8323e69ee82afb857cde48b2b0,1156511800,5,m.tobosu.com
a016e44a85c1e7e0388ab7195787233f,1156440300,2,cd.m.dyrs.com.cn/*
a036bc2697047907660af2829d39ed43,1156510100,1,m.tobosu.com
a04095bc7c4f669fda9cc7a33b0b7062,1156511100,17,m.cdzpg.com/*
a048c7805d3644c40398c33824a780c1,1156510600,2,m.tobosu.com
a079accd8816ee33a6a9bf96e70dbaa4,1156513400,2,m.chuanhaozs.com/*
a08884aa7e51d949f597303f74bc53ba,1156510700,3,m.tobosu.com
a08f2b767be67f2c3512b1d8f54a0f19,1156511500,3,m.tobosu.com
a0abe2bdbcbde1e947347ae59ea3dc81,1156510500,6,m.tobosu.com
a0f1757d2ffed9269826fd88ff7dc4a2,1156511400,9,m.tobosu.com
a0f7440af02bcc1b3631ae2b4af048db,1156513300,3,m.tobosu.com
a10c7a16ccc782051fb2af03a926c74f,1156510100,1,m.jia.com/chengdu/*
a1125e2ab335c529584febf8ab72eeeb,1156510100,3,m.tobosu.com
a133890b799654f2dd4a30f29d65a0f8,1156510700,1,m.tobosu.com
a13825430c98300304ea6cd30b4844b3,1156510700,1,m.tobosu.com
a16b177885fec5cbe42e7b6e676a2731,1156511000,2,m.tobosu.com
a19bd0eb77b187a5692ce2053cd381ec,1156510800,3,m.tobosu.com
a19d850e348b25c32256864c08604c81,1156510100,9,cd.hgzzj.cn/mob/*
a1e59f4af50dd411280977c8a3ea8c70,1156510500,2,m.tobosu.com
a20e8e9e00add2f23a7169f54739c021,1156511300,7,m.tobosu.com
a22f24a15db53fb65e123f3190d00ed8,1156341200,2,m.dyrs.com.cn/*
a22f24a15db53fb65e123f3190d00ed8,1156341200,6,cd.m.dyrs.com.cn/*
a235ae7ad2d90a578b6fd07c6c09694f,1156510100,1,m.tobosu.com
a2a68d2bcb1ff2f83f26a0e24e29b0d7,1156510400,7,m.tobosu.com
a2b7a677ddd8b2e86e9540e963b67818,1156510100,10,m.tobosu.com
a2da9bc24496102284b3982c1f7d802f,1156510100,6,m.tobosu.com
a31ad79bdb5ce1713c29704f8ed43e08,1156510700,1,m.tobosu.com
a32d325e7f16b9a866d9e4f8866d00d0,1156511400,4,m.tobosu.com
a37520e764e54cab447310e9c1533fde,1156510100,17,m.cdzpg.com/*
a3a7aca3369068ed3781f62a48a6cbf8,1156511700,1,m.tobosu.com
a4068aac93f45cacae2d6b553b53608b,1156511100,1,m.dyrs.com.cn/*
a4068aac93f45cacae2d6b553b53608b,1156511100,1,cd.m.dyrs.com.cn/*
a465b566a5efad70f9e88ba7fcfd0ae3,1156510600,2,m.tobosu.com
a49984b9bbf4e9e91d6267f337a3f4a0,1156511900,3,m.ddzsjt.cn/*
a4ac3d2c202ac3cb60182b0190b7e196,1156511500,3,m.tobosu.com
a4d14d926079d3897baad96f976c1c63,1156510500,5,m.tobosu.com
a4db9ebef862dec30a2e6cb263efe45f,1156510100,4,m.lrzs.com.cn/*
a4f0d3c1b71bce949061b8dff8c49e44,1156510600,32,m.tobosu.com
a504c45146c3e3ed1dd82e66e677f2ad,1156511500,2,m.tobosu.com
a50d7dc1f3575039a6a6929e1bc7a1e1,1156510100,18,m.tobosu.com
a5190dba26cd52f4e9d340405ad65c21,1156511300,5,m.tobosu.com
a51c917d3123aa6f373f1642ece7744c,1156511500,3,m.tobosu.com
a52254f77733402d38ad31488e6f0736,1156510100,2,m.tobosu.com
a599546f64b0f81b99b61336b45085b7,1156510100,2,m.tobosu.com
a5ae1e3d07ddc7da449428325e3968ee,1156510100,24,m.tobosu.com
a5cc20a47df1e737cc554968fdb8222a,1156510800,4,m.tobosu.com
a60b0ce16594c17dd50dcc8cc1ff1b5c,1156510100,3,m.tobosu.com
a66470cc2fe7472938f49b595bca30b6,1156330500,1,m.tobosu.com
a730d938e8958278b63b0f366fbe41e9,1156510100,1,m.tobosu.com
a75c4157d51eb90515656a948ab0a954,1156510100,2,www.schcdesign.com/m/*
a77f508cd34640aba26f0303b5c05ecf,1156510700,3,m.tobosu.com
a7a8ae12a5a7b2c653acf36d59a4986f,1156511700,6,m.tobosu.com
a7cf98d70d6bd7c4728bad82478aec3c,1156510100,2,m.zx123.cn/cd*
a7eec25caeb703bbf888f609680898ba,1156510100,2,m.tobosu.com
a80c9b7e4fce8b4465944ff18a7f44fa,1156511100,2,m.tobosu.com
a81259e590ab300c403499abb05a3d9e,1156510100,3,m.tobosu.com
a826aaae3abcbc287f90cde32a0caada,1156511000,4,m.tobosu.com
a8a867124052be3d9084b7ac9cfb5479,1156510700,4,m.tobosu.com
a8cda08351b7052f207fc1cdc681cf2c,1156510100,7,m.tobosu.com
a956c4038c4b1537ecc549675ccf0f71,1156511100,3,m.tobosu.com
a971f07002dedaa4c23cc596bfc6a1b7,1156513400,3,m.tobosu.com
a9963b5d13e2224754e245ae47a1126f,1156511000,36,m.028ltzx.com/*
a9f4ffd10ed5c0c92bf21b09cf511293,1156511300,16,m.tobosu.com
a9fbb847796517e39c49d304cb19626e,1156510700,1,m.tobosu.com
aa09fd0c089e7ca266ce8c1e43c55218,1156511500,5,m.tobosu.com
aa20626546719d734a853bfe841f8f8e,1156510900,4,m.tobosu.com
aa965868a36d1562a59558f7d92da9d5,1156513400,1,m.tobosu.com
aa9b2d88c8b08d4b43c2a67f54ef9a61,1156511800,61,m.lrzs.com.cn/*
aaa1f6f5fa9a763b76180d157c0e19a7,1156510500,5,m.tobosu.com
aab187c63c0f849b5710404368d3ecce,1156511900,7,m.tobosu.com
aab7ee0e49f802211aa567aa8acd55f8,1156510100,22,m.tobosu.com
aabdce38e11023f03757250c01c82290,1156620100,4,m.tobosu.com
aad4cfc52e44643203ac62561445e52e,1156510100,37,m.lrzs.com.cn/*
aae00e1d84b14ae08dbe55b09908cb53,1156510400,2,m.tobosu.com
ab15588d363eaff55863d52c0c3825ab,1156510100,2,m.tobosu.com
ab1f086f53198a61247221ba599630b4,1156510100,1,m.tobosu.com
abe97ef768544f7e2f73490d9a75c67c,1156510100,4,m.tobosu.com
ac0936330304d6c3e0166e7f35ce18df,1156511300,3,m.tobosu.com
ac4c15912c5991e1cc3b2565aa2ffdd2,1156511100,20,m.tobosu.com
ac4ff5e4a9b608966d1ac343ca7024b4,1156511000,4,m.tobosu.com
ac528b552f2888abaf0497d96ba59341,1156510100,1,m.tobosu.com
acb54c23f37d64215a787e057b28e9a2,1156510100,2,m.cdzgzs.com/*
ad19e079d1122fc2a41e9a843eda7e72,1156511000,16,m.cdzpg.com/*
ad2570cb433516862026184605b7c9b5,1156511400,4,m.tobosu.com
ad76967ff9cb19b69873e0d9616ec439,1156510100,1,m.tobosu.com
ad7bd919129754bb37c5e17b05b82a03,1156510900,6,m.tobosu.com
ad95716fefb0da08e3f90662ab43dd94,1156510100,11,m.91exiu.com/*
adc42c99d6342c4f08fe557c377521ad,1156510100,1,m.tobosu.com
ae07cee6c44a97ed9ee41053d4e69027,1156510100,24,m.tobosu.com
ae1648358aef61119d84d4e3d8a3a804,1156341800,37,m.xkjzs.com/*
ae1648358aef61119d84d4e3d8a3a804,1156341800,47,m.91exiu.com/*
ae1648358aef61119d84d4e3d8a3a804,1156341800,2,m.jia.com/chengdu/*
ae398c3010591b4039630771acafa965,1156510100,1,m.tobosu.com
ae591dfd014c340fd0d6d287fb4c893f,1156510100,1,m.cdtdhjz.com/*
ae9b69b70acafa8e3a851b523c79908a,1156510500,7,m.tobosu.com
ae9f24bc7be96e23f4e858cbead3ccdf,1156511300,4,m.tobosu.com
aec2847f33ebfdc2b85863d224770295,1156210800,5,m.tobosu.com
aee0176031cee9b26ac5fae6a10efa3a,1156510600,5,m.tobosu.com
aee5ffa7a183aebd9f0e241b8cc8b342,1156510100,15,m.ddzsjt.cn/*
af0744554fb968b85263437c350d45d3,1156510100,2,m.jia.com/chengdu/*
af2456e7b93d15c7b7e844bb1de66ff0,1156510700,2,m.dyrs.com.cn/*
af2456e7b93d15c7b7e844bb1de66ff0,1156510700,2,cd.m.dyrs.com.cn/*
af4dbe221bb2c3bb2ec013a928a0aa79,1156511300,2,m.tobosu.com
af5a745a0e7d408ff76febd706a228cc,1156513300,11,m.tobosu.com
b002b0ebe855700bbba6c61b1517aacd,1156510100,17,m.cdzpg.com/*
b00a784fe8e8296b3e2e223d8efa35ba,1156510100,4,m.tobosu.com
b0458f83c967cd5f54437504ddfb9031,1156510900,4,m.tobosu.com
b08616f55932ada090c9a49033043ba1,1156510100,32,m.lrzs.com.cn/*
b08dac616e864998a00703211082a4e2,1156510500,31,m.dyrs.com.cn/*
b08f8fd3bdeca82d047fe75b7d8f6a57,1156510800,2,m.tobosu.com
b0c6d7bb693c27dc7436ab93c7235e4a,1156510800,5,m.tobosu.com
b0ceae4654f99001e858de75a2e3b10d,1156511000,4,m.tobosu.com
b0d52f1022165cb39458141eb8ae2b8d,1156511700,1,m.tobosu.com
b0fa98bcdc0a1313eefb9f076c2debea,1156511900,2,m.tobosu.com
b18769d0d22f9215fc15b37faf047878,1156510900,2,m.dyrs.com.cn/*
b18769d0d22f9215fc15b37faf047878,1156510900,2,cd.m.dyrs.com.cn/*
b1eb01a6b11e267f711a9a7690927b82,1156510700,3,m.tobosu.com
b1ff379b180c6840a7e691a465fc661f,1156510100,29,m.91exiu.com/*
b246972fc5f0e964303cf5d0712cb432,1156510100,1,m.tobosu.com
b2574cb62b22f368a458548aedb9b55c,1156513400,2,m.tobosu.com
b267ab224a81ec90b29c110a378e9159,1156512000,1,m.tobosu.com
b29e3c3b332f5e659fc09aec6f3956ba,1156510100,1,m.tobosu.com
b30703a2e0281b5ae29679cb8951ba27,1156510100,25,m.tobosu.com
b394fc3376254684d1ab1fa7ea4555b6,1156510100,13,m.cdzpg.com/*
b3987113cdaeeb2d0e09d8ad602781d3,1156510700,1,m.tobosu.com
b3b39510cf7fdece622f938ec6fcd894,1156510500,2,m.tobosu.com
b4143402117fea0e37d74fd9849fe619,1156510100,22,m.tobosu.com
b5cfe4b6843179a2949372b45534767f,1156510100,1,m.dyrs.com.cn/*
b5cfe4b6843179a2949372b45534767f,1156510100,1,cd.m.dyrs.com.cn/*
b624d394556e60e4e2699ed0e6f16f3b,1156440300,4,m.dyrs.com.cn/*
b624d394556e60e4e2699ed0e6f16f3b,1156440300,6,cd.m.dyrs.com.cn/*
b6298f4d09825dfcb6910a30ed555120,1156511500,2,m.tobosu.com
b63de0aab16a790b40fec96279daabdf,1156511300,3,m.tobosu.com
b67df4058fa643aaea9f1d534abfa2cb,1156510100,1,m.tobosu.com
b7520dd2eebf66a19ebaa4996aed7b07,1156510500,1,m.xinjiadiy.com/*
b7b9cdd6f17bb4dbf3fd34377e00abc5,1156510100,1,m.tobosu.com
b7c3359ea36319336d62c57868bf2db6,1156510100,1,m.tobosu.com
b7f601f4f18aa6f0b31bb74f028af8c3,1156512000,1,m.tobosu.com
b82037c2fbde02010148f039d6398782,1156510100,25,m.91exiu.com/*
b83f69642fc880f159f235a494867f36,1156511900,1,m.tobosu.com
b86d832145436cfbbf08616a4cb8d054,1156510100,1,m.dyrs.com.cn/*
b86d832145436cfbbf08616a4cb8d054,1156510100,2,cd.m.dyrs.com.cn/*
b899530ed18edadd7ca76834b9010b97,1156510100,1,m.tobosu.com
b8b5f4ea0120abb99785fbb9481360d2,1156510100,3,m.scltgc.com/*
b8c01f4d93bd0587a33defbaf67bdf6e,1156510100,11,m.lrzs.com.cn/*
b8d278e7f2ff6f51710177fd39003d42,1156510800,3,m.cdzpg.com/*
b91cf2c9f59a64da1b7415c25917d85c,1156511400,5,m.tobosu.com
b95eec1afdbaf9818441e56860c030aa,1156510100,19,m.cdlongfa.cn/*
b9f13b6d3469cc66dd2354c9d2a9468b,1156511700,2,m.tobosu.com
ba0bc2f47b3ae148d72eb007f679c794,1156510400,1,m.tobosu.com
ba2c41cd2883daf357afb5b230448375,1156510100,32,m.xinjiadiy.com/*
ba685cd02dd8bf4f27c2ef9819fd3604,1156341800,3,www.aiuw.com/*
ba7bf7d45605d0a6b384de7ea3343e28,1156510500,2,m.tobosu.com
baac4704d907236dc7701aa2874a16bf,1156510300,2,m.tobosu.com
bafed33a71c3cae8cb99a7b5f2405887,1156510700,1,cd.m.dyrs.com.cn/*
bb0f8ee010021f0b635b5dedeaa01970,1156513400,2,m.lrzs.com.cn/*
bb0f8ee010021f0b635b5dedeaa01970,1156513400,1,m.cdtdhjz.com/*
bb3c62da13acea2ec55c3dee682d69aa,1156510100,1,cd.m.dyrs.com.cn/*
bb605122a993d124e5505b5a8422a16c,1156511400,3,m.tobosu.com
bb9420164ffcda7992f150f79aa77d0c,1156510700,10,m.xinjiadiy.com/*
bbd4fb537cdde77084730c648e782bf6,1156510700,2,m.shj.cn/cd*
bbd4fb537cdde77084730c648e782bf6,1156510700,4,m.ddzsjt.cn/*
bc17a0f9929d9402a09120a06d138944,1156512000,37,m.tobosu.com
bc48acd2b74084e4f9020ea82ca9637b,1156511100,7,m.tobosu.com
bd13938f56084dd695a93f503367a90f,1156510100,1,m.cdzpg.com/*
bd1ba0be89b5132addfc86e9795b7f60,1156510100,1,m.tobosu.com
bd4c2d5da0ca5e0f2cf9c1197446fb95,1156510100,4,m.tobosu.com
bd62bbe62550afdcfe370c63efea5d77,1156510300,1,m.tobosu.com
bdedd9d54150d681e914aeed357dd106,1156510300,6,m.tobosu.com
be2b5e76cfa63f285f5d83469fd2e555,1156510100,1,m.tobosu.com
be60f0e6cbbd2358d4d9147aee1b9807,1156510100,15,m.cdzpg.com/*
bea896805bbd921c28892c6aaaadc566,1156513200,1,m.yzf.com.cn/cd*
bebd2a0c6566208aa723193e98f22c53,1156510100,5,m.tobosu.com
bec57a6457ff6b55c113d587e22db453,1156511500,2,m.tobosu.com
bf09faae5e60e4e2a6971d9e06ef5d48,1156510100,5,m.tobosu.com
bf344cc753b5a78a027cab71268f1963,1156510100,17,m.91exiu.com/*
bf818d932c2ba24167e8ddad919cb8ef,1156511500,21,m.tobosu.com
bf852385ad5e0476f96b66b8023cc0a1,1156510700,1,m.tobosu.com
bf93c73482e049087b7615bffdb90144,1156510100,6,m.tobosu.com
bf9aae41ca9303e9cfeccd955d3efe44,1156510100,7,m.tobosu.com
bfdb816ae813bcda36736f1fe94302a7,1156510100,76,www.wjch1998.com/*
c0435f4a3319d86340f2a5427554f8eb,1156511800,4,m.tobosu.com
c06ca76cc9c91b0c6910caea9846b040,1156510700,29,m.91exiu.com/*
c06f16f73aaf71075c8473c13da8c5c9,1156513400,1,m.tobosu.com
c107fdffc4588ee5ec471bc4b8e77c08,1156510100,29,m.lrzs.com.cn/*
c18b4985601057f14e9b66af1c0402a1,1156511700,2,m.tobosu.com
c18cd17eee225489c10972d1519abe13,1156510100,1,m.tobosu.com
c1a26ae157652f179e2d43037e728778,1156510300,25,m.lrzs.com.cn/*
c1fabdd51627677d24a4c0714497db61,1156510100,6,m.tobosu.com
c209de77875d40f7b9bfb509d18964e5,1156510100,4,www.aiuw.com/*
c20ccea5700589361a605883ab9b2f4f,1156510400,4,m.dyrs.com.cn/*
c20ccea5700589361a605883ab9b2f4f,1156510400,8,cd.m.dyrs.com.cn/*
c289b1e1b9d860e533f8639ea42e6ec2,1156510100,1,m.tobosu.com
c2ef03faf4f3ad9ad121417357ce82c5,1156510100,25,m.cdzpg.com/*
c308677e7d1eb550d3334b9844d72f32,1156510700,1,m.tobosu.com
c31b8c880aac05d085bf558ab885f424,1156510300,1,m.tobosu.com
c3288e070c455550b72c3c1ca8445dc6,1156512000,1,m.tobosu.com
c36a747bd64c70f34833e51ada4b3243,1156510700,2,m.tobosu.com
c36cf922a72a9cf00d88529df9341f1f,1156542200,2,m.tobosu.com
c3abd8e910a2aae120ae36066576d6c9,1156511300,8,m.tobosu.com
c3f675abf4f232053afdf0f48a0f305c,1156510100,1,m.tobosu.com
c40bfcf7d7233059f56def79669acea2,1156510500,1,m.tobosu.com
c41d8cd9d9b6a975a977d6264030c1f7,1156511700,5,m.tobosu.com
c4573767add6624acdbc8612a326d777,1156510100,5,m.tobosu.com
c4b411c5cfca5287542e3f6d89eba494,1156510100,1,m.scszzs.cn/*
c51cc7047c097727f40305c8aaa51208,1156510100,19,m.lrzs.com.cn/*
c52cac922691a428e6a9e922340dd9ac,1156510100,1,m.tobosu.com
c5527d055ef4ca802715a779d0cf2c51,1156510100,13,www.cmjzs.cn/temp/m/*
c56f55e0f7f5bf72507bc08b0a7b2ca7,1156350400,38,m.huizhuang.com/*
c5e8f1f196e6112bac7621b76ab9dd42,1156510100,30,m.cdtdhjz.com/*
c5f145696396fc02d06965e4b2cb9e02,1156510100,5,m.tobosu.com
c5f31d05cf03ed7c5f278929899cc022,1156510100,5,m.tobosu.com
c604f8cdbbdcf846331e847358b0e1a4,1156510500,1,m.tobosu.com
c64d4b814f684280608c840594d23128,1156510100,80,m.cdtdhjz.com/*
c685ecbdff2f312fccd753feca699ffd,1156411300,16,m.chuanhaozs.com/*
c71b39bb97d9f942fe0cb08bac021401,1156510100,38,m.lrzs.com.cn/*
c7727724d2fc5bc4f66fa1d6e9567cba,1156440100,5,m.tobosu.com
c787f954aa3a53f4ed080e5c707126fc,1156511900,6,m.tobosu.com
c81e7eef0e179677268115d48b600435,1156511000,1,m.tobosu.com
c8f81255fed5a895a1639298379ceffc,1156511500,1,m.tobosu.com
c93086505eacc018404368fd0fdd7962,1156511100,17,m.tobosu.com
c95d8ee1241ccf292b233a57705bf234,1156320100,1,m.tobosu.com
c9c2d204a2cdbfd1b32f1c33eff7ccef,1156510100,2,m.tobosu.com
c9cc6114e65d067cf01ea9f3e534d5f2,1156510800,3,m.tobosu.com
c9f4ae818350c97122aa6f8fe72a13e1,1156511400,1,m.tobosu.com
ca2f7908029c9d86303c258a52ea187b,1156510300,1,m.tobosu.com
ca44f567cabca0927f77929cb3e5c3e8,1156510700,3,m.tobosu.com
ca50b247345d939791486e4493d3ce3f,1156510100,47,m.cdnfzsjt.com/*
ca6a89abe304a9577ae16c4a889de917,1156511400,43,m.tobosu.com
ca6da80649f1549f57f08a348e15eddc,1156510100,28,m.lrzs.com.cn/*
ca7a81d1e730ffbe985091b08c0d69fd,1156511400,2,m.tobosu.com
cadd90f8dfeaec24f9497062706f371e,1156510500,14,m.91exiu.com/*
cb2ea8e1f7ed042113184cbb90c8c94c,1156510100,30,m.lrzs.com.cn/*
cb363aaf6f7d219f2b479c705bb4cbe5,1156510100,15,m.cdzpg.com/*
cb5a7ce6effd7c58e012c182a14a832d,1156511900,8,m.tobosu.com
cb6cf15e7f3f06c0b2bfa7cb22463b11,1156510100,3,m.tobosu.com
cb759f695cc1f86a2410c49e4b7cd44c,1156520300,3,m.tobosu.com
cb75ef84ccf08fc25c8145fd255155a8,1156510100,1,m.tobosu.com
cbd545fae719e62334dc4e39aafe0f84,1156510700,3,m.tobosu.com
cbdf187f190514ac6fc5066cd05daceb,1156511900,3,m.tobosu.com
cbe255bbec55c8596837606a85766445,1156511300,1,m.tobosu.com
cc1d7910616952ce34d2c6d9b168358b,1156500000,1,m.tobosu.com
cc3536520ff4624baa41b870ce6b7923,1156510100,1,m.tobosu.com
cc369464466d9965ee3b2b95eccc8e97,1156510600,6,m.tobosu.com
cc7224e4ff3737fae862157402354376,1156510100,1,m.dyrs.com.cn/*
ccaee39f3d6f44f4c8a99d0b50af2020,1156500000,6,m.tobosu.com
cd21a447cd4b39c72cc0c71c263d28ed,1156511400,4,m.tobosu.com
cd33d33472a565b7748f93c2f638dd71,1156511400,1,m.tobosu.com
cd372a8ca2e96cd4ccfcb0486673dbbc,1156511100,3,m.tobosu.com
cd649c81bc72bf29ea97f579da5dad31,1156510100,3,m.tobosu.com
cd99a5cd48fc242bf0fabd25134779ef,1156542100,1,m.tobosu.com
cdadc7698d8491dcd211fb953e367d74,1156510100,2,m.tobosu.com
ce25b453e3cd0e4d037307f6fab7353a,1156510600,2,m.tobosu.com
ce2b3eaa7ff5037cb08f2e79ee631d6d,1156510700,9,m.tobosu.com
ce5177ef0dce84340bda2c5bf027aaa3,1156511300,1,m.tobosu.com
ce744e4c4003cd1a6e63a1de10f73c9a,1156510100,28,m.tobosu.com
ce893ad99c896d0ec18b57dc50026c13,1156511300,5,m.tobosu.com
ce8cabec800bf9062b19376911d8699b,1156511800,3,m.tobosu.com
ce9fef77e6846155aec1ec465eef6367,1156511800,1,m.cdtdhjz.com/*
cea620a8a050f8524f6fb7a9819febbf,1156511300,1,m.tobosu.com
cecb135e6bac2d4c6a3d43d592ef420a,1156371500,68,m.cdtdhjz.com/*
cede04584d7d236c239a205acec91848,1156510600,4,m.tobosu.com
cef3856b666a0cb57ea14e0cc6862d9f,1156513400,16,m.chuanhaozs.com/*
cf6f0fdf516c505abf367e901635d7f0,1156510100,2,m.tobosu.com
cf8981062edad69a7f3d90afe77b59f1,1156510100,17,m.cdzpg.com/*
cfa4da7cafb114677fc3fb6f42df6f38,1156511300,2,m.tobosu.com
cfd6da2b59b6a694c8935eac9a356c8f,1156510100,7,m.tobosu.com
d0007d0766169dab21a7540b87d5512b,1156510100,1,www.hitaowz.com/*
d06614eecece643bc512f22b2066d328,1156511300,28,m.cdrhyf.com/*
d06614eecece643bc512f22b2066d328,1156511300,10,m.hexinju.cn/*
d0b1b4475adabb49088dbbcde9b94a0e,1156510700,1,www.hitaowz.com/*
d0c2885257105cba88b16be42d3b0374,1156511400,18,m.cdzpg.com/*
d0d8b245d0c928d357915b34a10959d0,1156511400,18,m.tobosu.com
d138c0bc3d511371ca9adf086e02b41a,1156513200,4,m.tobosu.com
d1a20d1feb1c85758ab27cfb23662fb9,1156511600,1,m.tobosu.com
d2073a12a6e9851f7684078acecc2643,1156510900,1,m.tobosu.com
d244bd44d7d75761bbe50c575c867b75,1156510100,1,m.ddzsjt.cn/*
d2805b16e2ec3cfef92dc58f81e37e1a,1156510100,19,m.91exiu.com/*
d295d9155142418de3907eb50b570b35,1156510500,1,m.jia.com/chengdu/*
d297b7c7ba7ed040dc32f51a48c8c4d7,1156510100,38,www.falongfa.com/mobile/*
d2abcff262e35b4d29a21ffb372c261d,1156510100,1,m.tobosu.com
d3042615d3ee968a8c13f075cfd75bfc,1156511900,1,m.tobosu.com
d31a8d88977b2d0bc3fa354e6b9a74d3,1156511400,5,m.tobosu.com
d448030e73b57a4fe1bae5b23e6121c0,1156511000,2,m.tobosu.com
d4605c8d196f30a4dc8b981d4ce17f2c,1156511300,1,m.tobosu.com
d464d6167fa314e82a5d4c7f496be61d,1156511800,2,cd.m.dyrs.com.cn/*
d4bc26af9c76f3f2e6cda98e3b5f62a5,1156512000,3,m.tobosu.com
d4f1c06ea2ec59bba9a435d6960159a6,1156511900,4,m.tobosu.com
d4facd213b0730a7adb2b83f7a9a0425,1156510300,3,m.tobosu.com
d504b7fb5d095f11974ee469e2b5526d,1156513400,13,m.lrzs.com.cn/*
d523bbc9a883b5838c443fcdfc992df6,1156510300,2,m.tobosu.com
d53bbc26cfa97a16926e6f77cc32a2db,1156510100,1,m.tobosu.com
d54adb258e41fa330d6bc0c1601f08f4,1156511700,4,m.tobosu.com
d5b40a315e051d7e8becdf7fb0836f9c,1156510100,8,m.tobosu.com
d6018d1ed87d70ffc66453b40cae9ac7,1156511700,4,m.tobosu.com
d6208eb6ccef997d8f0a35821644f673,1156510900,1,m.tobosu.com
d6447c94f388cb5b92702c99fc21f158,1156510100,17,m.cdzpg.com/*
d6733819debc78b097dc30809c13cc74,1156510100,14,m.cdzpg.com/*
d67f17a3e9778bdc9cd648f20b2e5eea,1156510100,2,www.cdsmhome.com/*
d6846018d0ea91fb03a3a71e4c0ec123,1156510100,3,cd.m.dyrs.com.cn/*
d69ec64d549c8d7b0e729c4e0c109a74,1156510700,1,m.tobosu.com
d6aad5fc48573d0332de24087bd24d67,1156511300,14,m.cdzpg.com/*
d6aed449c6ad8918b5c5d2e2da5b0146,1156510100,10,m.cdzgzs.com/*
d6d38c0742a4aea94428edd29deda84f,1156510800,3,m.tobosu.com
d7003f99cc9b79aec54b35034fe1d149,1156510500,1,m.dyrs.com.cn/*
d7019699c671257a5eb9060984df40bc,1156510600,3,m.tobosu.com
d73e6d5e7a246c4e989732a4eb03a30b,1156510500,7,m.tobosu.com
d744414f7c0c2a3346ef5e8697414901,1156510100,2,m.tobosu.com
d7519fe02fcc8cfaa125f6701a30e80b,1156510100,13,m.tobosu.com
d753007c3dd7e8592d85c46630adcd61,1156510100,18,m.xinjiadiy.com/*
d75f9e5348b074da0d906a7a966f6f92,1156513200,41,m.cdrhyf.com/*
d7774854253c2375b0e7d23a42fa33a6,1156513300,7,m.tobosu.com
d7ccfa156d0c70ee220822311fca7212,1156440300,15,www.cdsmhome.com/*
d7e440c303c589da903ee5fb9de00f84,1156511300,2,m.tobosu.com
d84f6de2bbb2d3a4f0e89b729969971f,1156510500,4,m.tobosu.com
d871eb910e1acba71989ef05e356f03c,1156510100,19,m.lrzs.com.cn/*
d8b9893f7f9aefbf68806a452cb9cc74,1156511600,2,m.tobosu.com
d8edb6c565c2de3be02a95b64d04ec16,1156510100,4,m.tobosu.com
d8f9c0a5c2064a81b1ee10ff1b82f28d,1156511500,3,m.tobosu.com
d8fd2818d1d0e21dab5b93fffe62013f,1156510100,1,m.tobosu.com
d92a0e037568a2b29dc9758513dcfc06,1156510100,2,m.dyrs.com.cn/*
d92a0e037568a2b29dc9758513dcfc06,1156510100,3,cd.m.dyrs.com.cn/*
d94436f979b3d5baf4e4b30efba63b53,1156510500,9,m.tobosu.com
d9b9a173351382964f8961626f016be6,1156511700,1,m.tobosu.com
d9c3d85bf502f2c9c3bdda89785d75dd,1156510100,9,m.tobosu.com
d9cb228f68d523d02ad4055efb1f724a,1156510100,1,m.tobosu.com
da1f1513fb5f6ab8b4df157f868f1cb5,1156511600,2,m.dyrs.com.cn/*
da1f1513fb5f6ab8b4df157f868f1cb5,1156511600,4,cd.m.dyrs.com.cn/*
da53da0925c2d8e1f11bad89e77ff010,1156511700,1,m.tobosu.com
da85e23d6a38579259429087f08cd31d,1156510100,2,m.tobosu.com
dabb300769f8e32ff7e8528c3f331a47,1156511500,18,m.91exiu.com/*
dad4ed91bbe9bd457000166d73149aed,1156511300,3,m.tobosu.com
daf64e90a98b119be5910e5ff38d4667,1156510100,23,m.xkjzs.com/*
db45baaa7f44f9e1d372483352e1541a,1156510700,7,m.tobosu.com
db51b385682a2ac5500754b4654c13c4,1156511100,3,m.tobosu.com
db963074871612cff2e405e2a1669d4e,1156510100,1,m.xkjzs.com/*
db991f365d85d04ecaa595a5888371e8,1156511100,1,m.tobosu.com
dba29dd6a713253dc0c9db837b61a5f4,1156310000,1,m.tobosu.com
dbda5e9b36e74d56a2898369d43b8549,1156511000,1,m.xinjiadiy.com/*
dc16876689fec1d87970051f82e179f1,1156510100,10,m.tobosu.com
dc2a96fca3d6404296fee0fbc2623295,1156510100,2,m.shj.cn/cd*
dc644300fcf1e1b499aa43f472903b2e,1156513400,3,m.tobosu.com
dc6940499f382b72925fd28295585245,1156510100,1,m.tobosu.com
dc77dec0c5607697e0ca56b6058c796b,1156513400,1,m.hexinju.cn/*
dc8887a9d8537a5a5a2c8467300e3308,1156511800,3,m.tobosu.com
dc997a12d1faf0d298dda3d9e2d070b7,1156510500,2,m.tobosu.com
dcb83fa4c4bf035726b1cf8b4271d93d,1156510500,1,m.shj.cn/cd*
dcd6c46c8591aea9237de0ee35258290,1156510700,31,m.cdzpg.com/*
dd3f8c96c78ce203ecbc1d64d9da16d7,1156510100,2,m.tobosu.com
dd667bd597c61c43270f12580e360a7b,1156510700,1,m.tobosu.com
dd83a8b9df4d7602b23cb4f62484e953,1156510100,4,m.tobosu.com
dda5d333fba30a1483c36cea56144dee,1156510500,3,m.tobosu.com
ddc707b9efd3f2aa2e22e32c91ea1e79,1156510800,1,m.tobosu.com
ddd7a5cb0775a5b9359cbd88666a871a,1156510100,10,m.tobosu.com
ddeddc08fd2ba49f66e2615969048b86,1156511000,3,m.tobosu.com
ddf463d6b22e6856e702cc2f0aecb783,1156510800,1,m.tobosu.com
de2b3cdc9d834fdc714a859618028dc3,1156510100,1,m.dyrs.com.cn/*
de3ab15fba6128a2ce271d7b89e6f5ef,1156511400,2,m.tobosu.com
de43d525ac76228138cd32cf7a6167a8,1156511700,2,m.tobosu.com
de56022b05b878863006a7a21e02e19e,1156350200,2,m.tobosu.com
de7108c2bbf989982abc2b89f7215d8c,1156510600,17,m.tobosu.com
dec55fca6e41aabae9257b2f5d2882e8,1156511600,17,m.xinjiadiy.com/*
dec74c80f7d9584bfb5aff3eb0cba2de,1156511500,16,m.cdzpg.com/*
decd6ec40a2be42ea6cce5d24f5188de,1156511500,4,m.tobosu.com
ded82b7cf02bc64adf0a6254796ff009,1156511900,1,m.tobosu.com
dede16cb3c9cfa161f28686366f0a062,1156510100,1,m.zx123.cn/cd*
df23a69da631be005db2c234d6faa6b9,1156511700,1,m.tobosu.com
df678cfc86b6da83144668d94955f9d5,1156500000,2,m.tobosu.com
e02e6a0c3ed8d383792d23a86608383b,1156330300,12,m.tobosu.com
e085f009369226a56b01a27c286f4bd6,1156510100,41,m.lrzs.com.cn/*
e09baa382e942907a61ae4e096193cce,1156513200,1,m.tobosu.com
e10bb351cf4ca22174c5f2b6736b4dc2,1156510100,1,m.tobosu.com
e11f8393c7d5a3930a4e60eab386e178,1156511000,1,m.dyrs.com.cn/*
e11f8393c7d5a3930a4e60eab386e178,1156511000,3,cd.m.dyrs.com.cn/*
e18abc67086f258764bd8f37fd4a232f,1156500000,1,m.lrzs.com.cn/*
e1963e941d99890fc69c62e591fe9ad0,1156513200,4,m.tobosu.com
e19e4abdc4d104a438308111758c004f,1156513400,1,m.xinjiadiy.com/*
e1a91bc4a8b3b97313c42432dd1f480c,1156513400,5,m.tobosu.com
e1f75c1f4df187a371e405ac7f59c71f,1156510500,4,m.tobosu.com
e222bc953c980ab41c357e5606dd0838,1156510100,1,m.tobosu.com
e24e7e87965753d1e1cca3e7f1ad8baf,1156511900,1,m.tobosu.com
e27d84e35a370b7d90ba8b4ea9cb3587,1156511300,15,m.cdzpg.com/*
e2d15e1a89df80c315d6e17aabba9af4,1156510700,4,m.tobosu.com
e302ffbac2aa4534d755e144624dfe9b,1156510100,1,m.tobosu.com
e3606c8ae8d253f44814045e5b0a4c74,1156510100,1,m.dyrs.com.cn/*
e37edbd57744d70e15b43e77ed504443,1156510100,14,m.91exiu.com/*
e39b3032f7b4077d13c7b83cb994e4f0,1156510100,3,m.tobosu.com
e3aef7112c282c5699e9ae8ef3b913b4,1156511500,2,m.tobosu.com
e3b0022106d90f313ea7dff792c278ef,1156510100,44,www.cdsmhome.com/*
e41ef26449f9116e6629a90249f75110,1156510700,18,m.lrzs.com.cn/*
e423578b78395951b4272ca4547482b2,1156510100,24,m.tobosu.com
e44883858a73301d758cfcd42769059b,1156511300,9,m.lrzs.com.cn/*
e44edec9fe2e77248b0c20d30cdd8e85,1156510400,1,cd.m.dyrs.com.cn/*
e48c4420386cede00487cfea34952b03,1156510100,1,m.tobosu.com
e493853eabd4911f7c7ec2eba572281d,1156511300,1,m.tobosu.com
e4dfd11825f89410c9de992055096657,1156510700,29,m.lrzs.com.cn/*
e54c164b2eea786720c4cf7ae2e25243,1156511900,15,m.tobosu.com
e554bc42234faf325936297013782dcd,1156510100,1,m.tobosu.com
e55e312cf41cc8c2c14244a55ab63b18,1156510100,1,m.hexinju.cn/*
e5a6729ac688e006a5518a535aceda8e,1156510100,17,m.cdzpg.com/*
e5b26452a3ff82b0e481d6b93273ce63,1156511100,4,m.tobosu.com
e5dd57df6eddaa5e55ee97a309e7420b,1156510700,51,m.tobosu.com
e5f3b592b83bfa0ba249ebc686078691,1156510900,17,m.tobosu.com
e60d98736217ba13a8efae3db3581ef4,1156510100,1,m.tobosu.com
e6308ef9bb1cb0c0772e52d4eb9a0a35,1156510500,5,m.tobosu.com
e63a41fe3c6b2fb01d21e691aa1e6241,1156510500,9,m.tobosu.com
e64f56310b0034e4bc3ea26e496ceab5,1156510500,2,m.tobosu.com
e67d840b7ddc509f6d2dd19bc4950b8b,1156510100,12,m.tobosu.com
e6b9a90f1a8f626899921ab1a4416c41,1156510100,8,m.tobosu.com
e6d23fd085afd06acc161cf475b692ee,1156511000,3,m.tobosu.com
e6d5e072cf2f2afe8f5900539f44468d,1156511000,2,m.tobosu.com
e70e608f20d4edda63a6e8b13dc577f4,1156511700,5,m.tobosu.com
e73846f404725c8f895b726055f961a4,1156510600,2,m.tobosu.com
e74866cdb83357fc75250228059838c7,1156510100,2,m.tobosu.com
e768615a84dd9a8fc38c8d4c1075d3f7,1156411700,2,m.tobosu.com
e7969c5ba1242eab177248dbae1eef80,1156320600,28,m.tobosu.com
e7af410dcb51eae3056355ded0c43219,1156510700,1,m.shj.cn/cd*
e7c969419b8937c59775c0193141f7d2,1156510100,2,m.tobosu.com
e7cc7782862c9522a7098657172ed14e,1156510100,44,m.lrzs.com.cn/*
e7db03096abbf6c5814e0801d820c898,1156510700,26,m.tobosu.com
e822bf2d038bddf299e4c7ad6e1cac49,1156511300,5,m.tobosu.com
e8234a39853835abef63b359fdc4c444,1156511700,2,m.tobosu.com
e82e05d12fed76f725beae64afe41340,1156511000,5,m.tobosu.com
e83af69933c726c435909f46b2d7f8be,1156510500,1,m.tobosu.com
e8709efc3ccbaf93c7d8044bebbced93,1156500000,11,m.tobosu.com
e88b69753bb66421b16c45928bca5bf7,1156511100,2,m.tobosu.com
e88e44cb61b61ee6388e0f38d6f6fcec,1156510700,2,m.cdzpg.com/*
e8cb8884517a398094c7e8c7cd7c0525,1156510100,1,m.tobosu.com
e8da14314de70d02f5256890b46b0f9b,1156510500,1,m.tobosu.com
e907ff169a1c8a2d3f9e56feac0b3c97,1156620900,1,m.tobosu.com
e95bd804ab7e6a7b43925465a3084a4a,1156500000,1,m.tobosu.com
e9a538e4dc09113f22cb6e47b220d3ca,1156510100,12,m.tobosu.com
e9af2ae7b2c308ffbf07a7c2e8aff880,1156511300,3,m.tobosu.com
ea4e49a34b8e9486210f0d938669c173,1156510100,6,m.tobosu.com
ea96a8fc055da1cedad7233c62ef2551,1156510700,35,m.tobosu.com
eaaf2a52e55030275d77e091c1aed4b9,1156510100,4,m.tobosu.com
eabc1c8629fcd47689a84155ce19f2d9,1156500000,1,m.tobosu.com
eae586bec2a9a13b8933ca9d65c8e417,1156510100,29,m.cdzpg.com/*
eb25650e3cdf1878449f7fe3bc27cc8b,1156510100,3,m.tobosu.com
eb430ef4a2154ca465f4bc4cf51bbdde,1156510100,14,m.cdnfzsjt.com/*
ebcd79dca90a7733b510be80c3df20a9,1156510100,4,m.tobosu.com
ebfe65d06623f369435beafb17cc21e6,1156510100,2,m.dyrs.com.cn/*
ebfe65d06623f369435beafb17cc21e6,1156510100,3,cd.m.dyrs.com.cn/*
ec1c8937cac4a111a06859fc31da2d2a,1156431100,1,m.tobosu.com
ec21ace5c7b913a47a3ca1cf54eee6b2,1156510100,37,m.lrzs.com.cn/*
ec2a2108cf4f5d3ba2c671930d436780,1156510100,1,m.dyrs.com.cn/*
ec2a2108cf4f5d3ba2c671930d436780,1156510100,3,cd.m.dyrs.com.cn/*
ec5950c4afd5c59ca53d933d5aeffe22,1156513400,2,m.tobosu.com
ecc8429f31b1c7d994801f45a15b5979,1156530600,26,m.tobosu.com
ecde36ad5edc0cb018169e266d7db9b0,1156510100,5,m.tobosu.com
ececb43a88dcf22cd51f1bf9d1d929db,1156510100,14,m.cdzpg.com/*
ecff261a0abd034d1846a0b2f48c9bc1,1156510100,4,m.tobosu.com
ed2df64dcb48587a29687f9ceba3bb23,1156510100,16,m.cdzpg.com/*
ed54f4099bf4f10408debd5f2c59e5ff,1156510100,1,m.xinjiadiy.com/*
ed6510f1b48fa4dc771cbad7e12d7098,1156510500,146,m.hexinju.cn/*
edb0119c2b79d0f3639e2942303f2ac3,1156510600,3,m.tobosu.com
edda04857af8157d7bbaed14f1967fa9,1156510100,1,m.shj.cn/cd*
edf258e6ac0510683f68d0d70f3d648f,1156511300,1,m.tobosu.com
edf3d3e9c4a97660cb0d2e8fa9684d8b,1156510100,2,m.tobosu.com
ee0b2ce0278cf71000fba8bcd3999724,1156510300,8,m.tobosu.com
ee2a7f9808c77cf2beb5f84a5344f74e,1156511300,1,m.tobosu.com
ee2f2f547226aeee5127268d2dd81cf5,1156511100,6,m.tobosu.com
ee42cec8c1eccda7d31b7fc393b1e09d,1156510100,1,m.tobosu.com
ee4877706f8dbe37feccd2d5f351360d,1156510100,8,m.tobosu.com
ee5b3a8b782c15babcf137dad9ccd4d4,1156511800,6,m.tobosu.com
ee5b78fc9c9041d3cacda39168869fce,1156510100,1,m.yzf.com.cn/cd*
ee5b8934b1f310158da8606f7bb6af14,1156511700,57,m.scltgc.com/*
eed98b53d1c8f7758b21fe26bcc55faa,1156510100,9,m.tobosu.com
eee01f8c03dc4d2e72c56898d38cc137,1156511000,25,m.chuanhaozs.com/*
eeefd8010c37bdacff4f7de54ba674fe,1156510100,3,m.tobosu.com
ef346932926a167883f8c56ae28477e6,1156510300,1,m.tobosu.com
ef88e00103747cd5906bde8382dc61c0,1156511500,1,m.tobosu.com
efa52bf6f2b7b2f52243d06806641de1,1156511000,2,m.tobosu.com
efa765b03e804a2b8b8f231f5d4baa06,1156510100,2,m.tobosu.com
f001342f82df484ad2c52b67d04ddd1b,1156510300,5,m.tobosu.com
f0096bca059aa72d2982a18dcb1a716e,1156510100,16,m.tobosu.com
f05cfba644f9fb2eba974d8e18199cab,1156513200,3,m.tobosu.com
f066c6a4f2dec10e515ef1c9d886beff,1156510100,4,m.tobosu.com
f074193985ea6a01f3cbba2daeea47e1,1156511900,11,m.tobosu.com
f0895ddc96bb2f344f802bf7455a6a4c,1156510100,1,m.tobosu.com
f0a20255be85055822980777445136d0,1156510100,11,m.cdzpg.com/*
f0ec59d6f19ca1d3308b284b7a73a90e,1156510100,13,m.cdzpg.com/*
f12a88837796ec3d11fea567d02f9fae,1156510100,2,m.tobosu.com
f19e5e0f7cfd73669d5738ebd497f435,1156331000,29,m.tobosu.com
f1ac7361b74bdaded9f6e48b408a44e4,1156510100,1,m.tobosu.com
f1b8d4b095a3c7c2dda55d653c6b27ac,1156510100,12,m.cdzpg.com/*
f1fa4d01e9217a6ce584d53ea38cc31f,1156510100,5,m.tobosu.com
f22a23ec747630e1d78e655edd1494af,1156510700,1,m.tobosu.com
f235806dc4c668438e09b4374f33f4b3,1156510700,1,m.tobosu.com
f2e79ce02da12c51f973833bd0f6bbdd,1156511900,1,m.tobosu.com
f388578da3d381aec2311f88882a1a34,1156513200,8,cd.m.dyrs.com.cn/*
f3a4e25174d6af10c4f070c01fe300b3,1156510100,1,m.shj.cn/cd*
f3a5406ea5c858f2db611886ba5fdfc8,1156511100,3,m.tobosu.com
f3aca07c657ee0a2468d8af9080c7294,1156510300,4,m.tobosu.com
f3da947304290a04931cc39a2ca4ecfa,1156110000,2,m.dyrs.com.cn/*
f3da947304290a04931cc39a2ca4ecfa,1156110000,5,cd.m.dyrs.com.cn/*
f41b337db6e3952a4612798d04c399ab,1156510600,2,m.tobosu.com
f41cd9ddf5c366bf418ad7395d67ea8e,1156511300,12,m.cdzpg.com/*
f4630abfd55fa4f5c64a31772f0b84ab,1156511300,4,m.tobosu.com
f466f86e6a23ed39d8a624b073e4295f,1156510800,6,m.tobosu.com
f486999b9487284e966bfeef086878ec,1156510100,18,m.cdzpg.com/*
f4aa9237e81ef4f9587c6b180960e787,1156510500,8,m.tobosu.com
f5122d646d6a4273b3571f0ebdce4fd5,1156510100,2,m.dyrs.com.cn/*
f5122d646d6a4273b3571f0ebdce4fd5,1156510100,2,cd.m.dyrs.com.cn/*
f535e48cd642f2a790cc4ffe287a6a99,1156510100,1,www.cdsmhome.com/*
f54af997ea3c53792128f6c912046584,1156510100,3,m.tobosu.com
f557d9e34a8eb1f82da5aa20012a4922,1156421200,2,m.tobosu.com
f55ccba1322c20f88894fc054cba18f5,1156510700,1,m.tobosu.com
f570cd0902ecc773db413674475838ee,1156510500,1,m.jia.com/chengdu/*
f593b87707396d7c5eb19271a6d08d32,1156510500,2,m.tobosu.com
f6077c4c410995a0955d5d58069cd237,1156510400,1,m.tobosu.com
f6176c2e2236853cacead3efdc01a397,1156510100,10,m.cdtdhjz.com/*
f61bd9de808afe19d3c099eaf5e036fa,1156510100,15,m.tobosu.com
f64d2bfb6e55e18acfb29a26aa8d7d8f,1156510100,1,m.dyrs.com.cn/*
f64d2bfb6e55e18acfb29a26aa8d7d8f,1156510100,2,cd.m.dyrs.com.cn/*
f6921cdf91b3c6f28085d9d1ff1d61ea,1156510100,2,m.dyrs.com.cn/*
f6921cdf91b3c6f28085d9d1ff1d61ea,1156510100,3,cd.m.dyrs.com.cn/*
f70619ac48719dbb3992c4d3e4ffe42e,1156510600,6,m.tobosu.com
f70f002ff097d3c5c6dec10287a4faa5,1156510100,3,m.cdzpg.com/*
f7583f9b09f5d544a3c41844d78559a7,1156510100,1,m.tobosu.com
f771e6d75cbb398ad54b8f1f7ef5dfa5,1156510500,12,m.tobosu.com
f7be4aaf2ebb3242d9416dc4a7559424,1156510100,1,m.tobosu.com
f81bc185ad3eefaaa4e6f7528c25a110,1156511300,1,m.tobosu.com
f86f0eb8129c1cfad89d6730334adec3,1156510900,1,m.tobosu.com
f877c9001721da59f455fc5bdadab9d7,1156510100,9,m.cdzgzs.com/*
f89d0b68d0ddf20a6c4e3c9889720724,1156511100,1,m.qizuang.com/cd/*
f8a205c422c30112af35fadb56b589e6,1156510100,4,m.tobosu.com
f8c4fb3773a32e6123643fabf369ebd1,1156510100,1,m.shj.cn/cd*
f8cbc3b0ce17069909ad246f7e36889d,1156511600,4,m.tobosu.com
f8fda818aeac63a4c8aa62002ed337bc,1156512000,3,m.tobosu.com
f902ca003c8d809aad681c6ae01312a8,1156510500,3,m.tobosu.com
f91e0f6c67989b5e0dd9863daa88476b,1156510300,1,m.hexinju.cn/*
f96d03f20fe74b9245ddb65bb421f453,1156510800,1,www.falongfa.com/mobile/*
f9712ac3570ba94f4fa4e08bdc3e2b25,1156511300,6,m.tobosu.com
f985e4c4719699b5b2b7721f8c9e74ca,1156510100,18,m.cdzpg.com/*
f98936fd56fbb09518c6666966bdaa03,1156510100,3,m.tobosu.com
fa29c90bb5db4337db3a0494fb28d6e6,1156510100,6,m.tobosu.com
fa38f2a9d10855cd4f8094ccad4b51e0,1156510100,5,m.tobosu.com
fa4e2580297d544bc2d127bb65ed5fcf,1156510100,38,m.cdtdhjz.com/*
fa92f23d475d5885678787e7a4d5be13,1156510500,2,m.tobosu.com
fa9cdfdfca55a6d3b72321c82e97a746,1156511500,20,m.tobosu.com
fb1243aa10296dc1fb29f30c762fd460,1156510100,18,m.lrzs.com.cn/*
fb3a790c48dff0927f3b3c32f1e36e6e,1156511300,3,m.tobosu.com
fc05c4400727fd5c0993080a5ee9440b,1156510500,1,m.dyrs.com.cn/*
fc69abf5a14c20035b267727c9080010,1156510100,5,m.tobosu.com
fc6d314cfd346da2d11c2130d3a72144,1156652300,55,m.xkjzs.com/*
fc6d314cfd346da2d11c2130d3a72144,1156652300,131,m.cdrhyf.com/*
fca455172048e527cd49a18f49c69197,1156510100,10,m.cdzpg.com/*
fcc43a7d4e82deb680daebdf4b22ee0c,1156510100,44,www.cdsmhome.com/*
fcecb30f6b2030d14431b1d087e9fba5,1156510100,1,m.lrzs.com.cn/*
fd8341d1135205117ad64976974511d6,1156510700,1,m.tobosu.com
fd92fc37988ea908a6f533cfaff67a0f,1156510100,6,m.tobosu.com
fdf87b611a31882b403ba069e93d0f2d,1156510500,1,m.tobosu.com
fe5c67bf91fdd1d16b67f577019c481c,1156510100,72,m.lrzs.com.cn/*
feac883af3d54f39f1ab3b18b6671a85,1156511900,6,m.tobosu.com
fedbc9094ff8740d47bc369e63b61b14,1156511000,1,m.tobosu.com
ff120877ffbea77e78ce53f1de73eb82,1156510100,3,m.tobosu.com
ff27bcb55fb7a25689107ab3b1d46273,1156511700,95,m.ddzsjt.cn/*
ff30a19f0cd2bb43bf46d0521abf4420,1156510800,1,m.tobosu.com
ff54e26f7ed56cf1e0afaa4c5cf798fb,1156510100,108,m.lrzs.com.cn/*
ff5db1d038bd94979eecab2c826784a7,1156510100,3,m.cdzpg.com/*
ff626cadaf8e8e41f2a2662d260387f3,1156510100,18,m.tobosu.com
ff828854ac2ff901d5d361a9d646e21a,1156510900,1,m.qizuang.com/cd/*
ffa9d51c7982762ceae30375398a9fdd,1156511600,1,m.tobosu.com
ffcb1a56177995cbadff0865ae3217e8,1156510100,1,m.tobosu.com
