00d12d24f1a4e3a861d54bcf01d0c3ed,1156610500,3,*.aixinbaomu.com/*
03c6c00500e883c891617cee170ed89b,1156610100,6,*.aixinbaomu.com/*
0563acc7400b10823112bcdf779c94b6,1156610100,1,*.xaxnjz.com/*
056a0118e2d85700e3794740ac4ca29f,1156610100,3,*.aikanger.cn/*
079dafdbe169424b2300938604367182,1156610600,229,*.yanziys.com/*
082a5aa9317bce702dd2f1acaf413594,1156610500,5,*.aixinbaomu.com/*
0a1a87a9ae4ad0c7ae36bb1535eadbf9,1156610100,3,*.aikanger.cn/*
0a5df1c33be0763cfad8d8cdeca8cacb,1156610100,2,*.aikanger.cn/*
0caf2f86e43ed7af452b2e54c108c791,1156610100,1,*.aikanger.cn/*
0e3a54f0f51d1208e16b4f75d14420e4,1156610900,2,*.xaoctsunshine.com/*
0eb6b8cb4ad19270569f51d026845363,1156610800,41,*.xafljz.com/*
0ed1471b3486e91cb06b503dbab8dfb9,1156610500,9,*.aixinbaomu.com/*
114fe9d5d327873cc181e49e1375be82,1156610100,1,*.xaxnjz.com/*
11a358fc3ae6dd180c231dd9c27a09ee,1156610100,17,api.superayi.com
158a7269b98cf4545e659dad0f46f583,1156610900,4,*.xafljz.com/*
16b8c93f0ed34fc5b2074273f7ba8380,1156610100,16,*.aikanger.cn/*
1aae16f6b8358a495dd358e35ccb18a8,1156610100,2,*.aikanger.cn/*
1b8fa465ddfc2b28d35658d15769811d,1156610300,10,*.aikanger.cn/*
1bee1f5495292c11bb3497d3d56bde77,1156610900,17,*.xasks.cn/*
1d85ee21110d9e2ae7fe4614752e7dfc,1156610700,15,*.aikanger.cn/*
1d980c9ee7498216a6ad542c1eaa71d7,1156610400,1,*.xazcmbj.com/*
1e26553f91ae69c9ba21df9666d34a7c,1156610100,2,*.aikanger.cn/*
1f872fdc72a5f873f5af0ea137d65bcd,1156610100,1,*.aixinbaomu.com/*
1fb4a292b0aec1550771a5796fcfb43b,1156610100,1,*.xafljz.com/*
2082d2c6506b29fa439b98970e3facb7,1156610100,16,*.aikanger.cn/*
2365471a053cf1b3a1c79b871470b3e0,1156610100,1,*.xafljz.com/*
24493fb8ae0bc4b24f597bfb5173f50e,1156610100,12,*.aixinbaomu.com/*
24e4883ad1a72f3336c3042723819efd,1156610400,25,*.xianyingzhili.com/*
2539c174bb081faa83b36a8316b65233,1156610100,2,*.aikanger.cn/*
25985336ccd7ddaa36f7568405b98cb1,1156610500,15,*.aikanger.cn/*
272c925a4af09a8f53c3bd00cc9da9c1,1156610300,60,*.xianyingzhili.com/*
28e2164c0c6c043602c16b7d1951752c,1156610100,2,*.aixinbaomu.com/*
29372b9ba872f96398ee166791d9c6fa,1156610100,1,*.xafljz.com/*
2a46951c20cbf58d272775f714feb414,1156610100,1,*.yanziys.com/*
2b8cc15ac591942e25e32e313b5936bd,1156610100,15,*.yanglanjiazheng.com/*
2fa0cf5e02a948aebd0a8d5240cce0cd,1156610100,4,*.yanziys.com/*
3017f3c8b3116418ea02e4c65860506c,1156610100,23,*.aixinbaomu.com/*
32f8a2f281e1fb04c820363672cbd9cb,1156610100,20,*.aikanger.cn/*
331c8fd1f3553145531ffbc8bb71340a,1156610700,14,*.aikanger.cn/*
333c92d94013b24e62412c010d550691,1156610100,1,*.aikanger.cn/*
34b8a2c75c6c825dcbe2787a400b5474,1156610100,12,*.aikanger.cn/*
3567e1332be0d71ac552a183a74a3c46,1156610100,14,*.xianyingzhili.com/*
3567e1332be0d71ac552a183a74a3c46,1156610100,89,*.xlj365.com/*
367f4168b8c39667e0169528ec189cf4,1156610400,1,*.xianyingzhili.com/*
393d3e0dca89e96109ae3e420df09b51,1156610100,5,*.aixinbaomu.com/*
3d09d0b5b4ae1dd28f41ccb65857150e,1156610100,15,*.zkclean.com/*
3d8cecf142598bffe4462ff3a5613aab,1156620800,64,*.xlj365.com/*
3f7f63653a4c8d402c2c3d2f6d892bb3,1156610900,2,*.aikanger.cn/*
41eaf82cde4b181ea03b87d3ee9bec3b,1156610800,2,*.aikanger.cn/*
4709b233316a896e0c66615ddfd3c1c3,1156610800,3,*.aikanger.cn/*
4761f857156ded1137154b358e694b54,1156610100,24,*.hjq029.com/*
4761f857156ded1137154b358e694b54,1156610100,12,*.aikanger.cn/*
48cba615e2efba6e06dc4574d0d29b3a,1156610100,2,*.sxjbr.cn/*
4b2ecb8c447192e235c166cd1fc2dfe2,1156610100,13,*.aikanger.cn/*
4d3ed65a6e332cf70f0d46a0b29579f3,1156610100,11,*.aikanger.cn/*
4d3ed65a6e332cf70f0d46a0b29579f3,1156610100,4,*.xaxnjz.com/*
5160d5e57ce64d7df0360e63c64a5bd2,1156610100,14,*.aikanger.cn/*
51c0f439bcb0442decce5999dd354ae8,1156610100,17,*.aikanger.cn/*
520f90f99e9c1fd414ddc82dac2df6f3,1156610100,1,*.yanziys.com/*
520f90f99e9c1fd414ddc82dac2df6f3,1156610100,1,*.xaxnjz.com/*
523d787fb2dd5d06104384da44b61f55,1156610100,2,*.aikanger.cn/*
550120b02a1e0c51b6e8b3b3415d70f1,1156610900,2,*.yanglanjiazheng.com/*
56a660fd2adfab3844f0f6860a3e3fdc,1156610600,3,*.xianyingzhili.com/*
5d871f741cbeab64c780026024107e49,1156610100,7,*.xlj365.com/*
5f7a814e9f70b9129510333e8fab32dc,1156610900,20,*.aixinbaomu.com/*
5fc61e93dbd6ca5c933e793f17d460d7,1156610300,3,*.xlj365.com/*
6131ebfae2ddbc1aa6dbbe3a876b6afb,1156610100,38,*.xianyingzhili.com/*
6131ebfae2ddbc1aa6dbbe3a876b6afb,1156610100,19,*.xaxnjz.com/*
61d7de6eee1b6f5a8187b0e8dd2bd437,1156610100,2,*.aikanger.cn/*
62ac2bb881e4925de9febce5437feca3,1156610600,56,*.xafljz.com/*
63c16b19fc7a9f072e90782486bb52c4,1156610400,2,*.aikanger.cn/*
644c8704578bd877a7d74b6167ec5de3,1156610100,6,*.xaoctsunshine.com/*
6477b24ed1a802c2a4275aa01d356864,1156610100,3,*.aikanger.cn/*
67c7c37c41835645b147eb5ba8b7ef5a,1156610100,14,*.aikanger.cn/*
6b5e7ad6c8c331165caa0b2317e5651a,1156611000,1,*.xafljz.com/*
6cebe99799ed472f94198079d6519fef,1156610100,53,*.xlj365.com/*
6ecb54fdbe29954be2e1460e6c47a6c4,1156610100,6,*.aixinbaomu.com/*
6fe046e565c8524f923fbda771dc3f17,1156610100,8,api.superayi.com
70af35b9ae6dc84aed0a38ff9ca04ce2,1156610500,2,*.xafljz.com/*
7425b015a7dd5232db349c299d922615,1156610100,1,*.xafljz.com/*
747e9e1eccd5d9d0e1cfe7b47db0218f,1156610500,41,*.xahaoyuesao.com/*
747e9e1eccd5d9d0e1cfe7b47db0218f,1156610500,4,*.xasks.cn/*
747e9e1eccd5d9d0e1cfe7b47db0218f,1156610500,19,*.zkclean.com/*
75e8605a328aac0e081867a6cd774ed9,1156610100,4,*.aikanger.cn/*
760221694c82c5e086372656cf73cb06,1156610100,1,*.xafljz.com/*
79f63dd4ca0cb11c8309d2540e7795cd,1156610100,31,*.hjq029.com/*
79fa1e237575c325194d0e7e56035a06,1156610500,34,*.aixinbaomu.com/*
7b69fbadcd49936484872db6950bacfa,1156610100,77,*.yanziys.com/*
7b96f2038e9b41c80eab71407311c2e1,1156610100,1,*.aikanger.cn/*
7efb85d024a101314dfabbf32d1c2aa8,1156610200,1,*.aikanger.cn/*
7efb85d024a101314dfabbf32d1c2aa8,1156610200,30,*.xlj365.com/*
863e0a7e0c3ef37c6b9af6ca166fb00c,1156610500,12,api.superayi.com
88b2f90845ec982a1c5d9a90da7deecc,1156610100,2,*.xafljz.com/*
8a1f0257221c59f38cb788a84d6d5147,1156610100,2,*.aikanger.cn/*
8a437eb0dc3568393c640b1f435cae26,1156610100,45,*.mingchuangjz.com/*
8ad1843a51d28c312bcffe7e3dd86a34,1156610100,4,*.xaxnjz.com/*
8b8a42b665609d81a6316dc02b5eaf3f,1156140900,25,*.xaxnjz.com/*
8ec21dfceca84de4324b22d0bd514d4b,1156610500,1,*.xafljz.com/*
900bc788e312eea3b3f09a3f219b4ee7,1156610100,6,*.hjq029.com/*
92bb21fa7305b1af539ef68c8c13f2ca,1156610100,6,*.xasks.cn/*
92bb21fa7305b1af539ef68c8c13f2ca,1156610100,2,*.baomu029.com/*
95e7d8d008ce04a2730e402fafad0bd5,1156610100,37,*.xlj365.com/*
9b1846aec30cd407ad2581b344e87e5b,1156610400,44,*.xaoctsunshine.com/*
9b323eabf89b2116f1d6580758457d0e,1156610100,4,*.xafljz.com/*
9d9432f1b2274dc5e1aae01891d82dc1,1156610100,45,*.yanziys.com/*
9e371ee6df680ecf31a4098760c5a675,1156610100,6,*.xaoctsunshine.com/*
9edd35c48f9bf079132445d4be892302,1156610500,2,*.aixinbaomu.com/*
a0918d31b3157f96f11a7c5ee5820aba,1156610500,1,*.xaxrh.com/*
a4609bf8f351c68155f076496f57ca5b,1156610100,6,*.aikanger.cn/*
a4a62599052d278e6acf62468ea5eb9f,1156610100,3,*.aikanger.cn/*
a552f23633b2bcdd7a8ade57b3e199db,1156610100,3,*.xahaoyuesao.com/*
a767865df6568371d01081239dc24c6c,1156610100,16,*.xafljz.com/*
aabaabd28da7377b637cfdc5d89260dd,1156610100,2,*.xasks.cn/*
acb463acc44059ff25c4940124fbd378,1156610100,5,*.aixinbaomu.com/*
ad4487ed6c1c55a79297fb7fcae3f157,1156610100,9,*.aikanger.cn/*
ad4640d2d16b571dc873db5dadb3bd13,1156610400,4,*.aikanger.cn/*
ad7f78d3232a47f4c61964d27daf8f1c,1156610500,2,*.xlj365.com/*
b0510321f398829c59c3c4a564e6c800,1156610300,15,*.aikanger.cn/*
b1a54d1f97a7fdfba8725c0ac111ecff,1156610100,3,*.aikanger.cn/*
b3cd5936ddb7eaee4c25ce3a5abf8f3f,1156610100,19,*.xianyingzhili.com/*
b4a6153ed7c9b157176b61e4b058303a,1156610100,34,*.zkclean.com/*
b52140831608607c9a3efb791e3f688b,1156610100,10,*.aikanger.cn/*
b6fcf233bd2870a1a46e02a285367fef,1156610100,3,*.xahpgjz.com/*
b90191493f6d4cfd738104a1e59a8ac5,1156510700,68,*.xlj365.com/*
ba7245f45e66ea2c5596b7d5a83f18a4,1156611000,1,*.aixinbaomu.com/*
bab117d93d45dc02be41af930f5ba104,1156610100,3,*.xaoctsunshine.com/*
bbecd28a0449a00a7cd34e36076c5397,1156610100,38,*.xafljz.com/*
c2b532b80d4f842708550eb71f06a0fc,1156610100,38,*.xlj365.com/*
c4fdbf60fc7aa2d504d170ef92592f1e,1156610100,1,*.xafljz.com/*
c704f01f8d8ac8f3874a9750250850ea,1156610700,2,*.aikanger.cn/*
c725cddf5ed2af081bede0eceb496cc7,1156610900,22,*.xaxnjz.com/*
ca06b4d2206fdf9b642dc3e26a64af50,1156610100,1,*.aikanger.cn/*
cc2215b68f30817d5f0a55bdf8c12cc7,1156610400,3,*.aikanger.cn/*
cea0f3116deb2ea2931acb8c22c718b1,1156610700,2,*.xianyingzhili.com/*
cf5084134a448153b353a1523b113c7e,1156610800,26,*.aixinbaomu.com/*
d05b852621edca83004a167a41166a29,1156610100,1,*.aikanger.cn/*
d09b2d2bca02c2cf56601e57eb143436,1156610100,2,*.aikanger.cn/*
d38848a1b7644c9d6501e1e1afc0f776,1156610100,35,*.xaoctsunshine.com/*
d391ac2c9e7ae7e71f4cd79497f05c9c,1156610700,6,*.aixinbaomu.com/*
d55c551528af0ee3fd68c10b9bf8253c,1156610100,3,*.xianyingzhili.com/*
d585f595131a1e6501182f92ac6b88a2,1156610100,5,*.xahpgjz.com/*
d89b26d8d95225e12724083600067f2b,1156610100,1,*.xafljz.com/*
da008b1d34130a373a7a901274672113,1156610300,1,*.aikanger.cn/*
dccdecc3cbe5b024bf2df82953a71f34,1156610100,11,*.yanziys.com/*
dee98bedde76905cea7374e079a45620,1156610100,14,*.aikanger.cn/*
dfbec72dc97fc3864595dc0686862180,1156610100,39,*.qinsao.cn/*
e00b2e18bce8d6abead5f3d29e866b3a,1156610100,1,*.aikanger.cn/*
e0d6a6d59653df90f6d111777d28d7b7,1156610100,1,*.aikanger.cn/*
e0e212f56efa25de50276314a3f99980,1156610900,1,*.xafljz.com/*
e386b36b50d2688574c59611a8f5b5b8,1156610100,14,*.aikanger.cn/*
e4eb0af5174d6f2cafaf610f64c5e3db,1156610100,20,*.yanziys.com/*
e89cc8ec1e0d3083b57ee6082e57fba4,1156610500,1,*.xafljz.com/*
e9ff903fcb943c7a57d9d16a338c0f6b,1156610100,1,*.xafljz.com/*
ebe4ed90100b4076edec3ec1def403de,1156610300,34,*.xlj365.com/*
ed3f054e5c4956de3347ada69521ffd3,1156610100,10,*.xahaoyuesao.com/*
ed3f054e5c4956de3347ada69521ffd3,1156610100,8,*.xalhjz.com/*
f29ab33ff4cb51cb84c9e9e375c98ff3,1156610100,18,*.xasks.cn/*
f4de00a85030bf6381e68b42ddd1b71f,1156610100,1,*.aikanger.cn/*
f6d0c5e6ab342e1a6774c9e9c0305d2f,1156610100,15,*.xaxnjz.com/*
f7aec6fe3901aa8733f1ada542dea04e,1156610100,16,*.aikanger.cn/*
f84af8fae1fd1422aac97c1702fd73a1,1156610100,17,*.yanziys.com/*
fb134a02847cbdfa235f229c6c2b153b,1156610100,4,*.xaoctsunshine.com/*
fe315ac50cc40bb5032c83121d11229d,1156611000,2,*.aixinbaomu.com/*
ffad5586cbfe2c17b1106410957fba79,1156610100,1,*.aikanger.cn/*
