002c38c7eded7b8d0a53a51e73b53051,1156371200,3,www.youluwx.com/*
00a9f53161afcf78beea99214b7a96e4,1156371400,1,www.youluwx.com/*
00cd6b25bf1d7bdb45803178a199be8e,1156130200,13,www.youluwx.com/*
0177305a4f5b12cd5909df612b82e99e,1156371400,1,www.youluwx.com/*
01d38517c0d99e282f5224f14187caa9,1156130900,7,www.youluwx.com/*
025cd301eaa73fd1a588f0aa8122065b,1156371200,12,www.youluwx.com/*
030a157aa02a4801d561afb2136bd71f,1156510100,12,www.youluwx.com/*
036a546f597fbd146c35ed766d0cf047,1156310000,3,www.youluwx.com/*
03e0ed52133ab79d9694e0ee45766d6a,1156510100,9,bj.hpwxb.com/xf-MB*
03ed8e4530e7fcf9188ddb84e34a8990,1156130400,6,www.youluwx.com/*
0439ff05d8dcd33b7b282012f796547a,1156320500,9,bj.hpwxb.com/xf-MB*
04e53668801ecf440e5a5953cc21282a,1156310000,10,www.youluwx.com/*
04f026f76af3b30a813d1be5251ea272,1156510700,4,www.yd119.cn/m/
04f034ddc2920b1f0cc467cf083cd5e0,1156510100,1,www.yaomiedu.com/wap.html*
052cc29c7d4ce166e9e14ae5bd6d6588,1156370900,3,www.youluwx.com/*
060540d651e193ebcc8badac3e3233bf,1156371400,1,www.yaomiedu.com/wap.html*
063a22096d8114ba5e3d0d4ea1c6d8c8,1156320500,1,www.yaomiedu.com/wap.html*
0682435eaaf381b243c08b6dc44980a0,1156310000,48,www.feiyue119.com/*
0746d38e6b0b5d46df5b1c5bd77ee33e,1156510100,9,www.youluwx.com/*
07570d778178c97bc64aca14963d69b8,1156370100,3,www.youluwx.com/*
0822ee50bab5dea258bb081b05d8ac04,1156320300,11,www.youluwx.com/*
084856fc60d5248cb402cb488d84eb2a,1156320100,7,www.youluwx.com/*
086848856f84dc7e9f467911890da4d2,1156510800,19,www.youluwx.com/*
092b9766e6db8a1e33569b93eba59a42,1156371200,13,www.youluwx.com/*
09ae8eeb013ee747de5461b543004c9b,1156370400,9,bj.hpwxb.com/xf-MB*
0ab33bb623b0dc42494cea955ebcc9d2,1156511500,73,www.feiyue119.com/*
0ac795af925d5a3fd2d251406605d1bd,1156510100,13,www.youluwx.com/*
0ac7dbfa111bcd47c0b7468a24d6442c,1156370100,1,www.youluwx.com/*
0ae6fd27ed749ba7c9ced9e47343aa84,1156310000,1,www.niceloo.com/yixiao/*
0b42b0c602eef9d0e3f6d4104be2e442,1156510100,5,www.youluwx.com/*
0b805b5297c1c59c4752c3bad68ca213,1156510800,1,www.youluwx.com/*
0c16290614e4922fd4fbd2b1f5a95bc3,1156510500,8,www.youluwx.com/*
0c64db418a8becb5028a947de7bfd624,1156513300,20,www.youluwx.com/*
0c9efca5d1ced94f68c494982785bdee,1156511300,7,www.youluwx.com/*
0e16a5653e72dd38240f92fed6c2ffab,1156130300,1,www.niceloo.com/yixiao/*
0e809fff6238e607f90231d3858349ac,1156371500,39,www.feiyue119.com/*
0eb150ec557af06af78245f804246cd1,1156370600,26,www.yd119.cn/m/
0ecbfd907c8d26d726536bdda797f33e,1156310000,11,www.youluwx.com/*
0f57776236a32c0c7138c85a4400d2fd,1156131000,8,www.youluwx.com/*
0f83eb3cc918aeda115e24b1dbb4b240,1156510100,6,www.youluwx.com/*
0fb360438ce997642897c7538cacadc1,1156510400,3,www.youluwx.com/*
100906d2e4b273101d7dec81ed9c5152,1156513400,6,www.youluwx.com/*
102772c9ac8683579e8e50640fc18107,1156510100,11,www.youluwx.com/*
1046307559872157e1eae3b49b33dc26,1156371400,1,www.qddfxfpx.com/*
10d4ac53a4b4f929e3186f2d7392025b,1156130200,23,yidongm.zzbredu.com/*
1115886e2e103b769f577bb7ae07d195,1156130100,5,www.youluwx.com/*
111c2369ffbaf52fec3342ad66531009,1156511300,20,www.youluwx.com/*
11300c825dede80f95125f5e968496d7,1156130100,54,www.feiyue119.com/*
114858dc283f20e5a211b8bb43b2fd84,1156130600,20,www.youluwx.com/*
1232e980a9a826d13bbdc7481577f714,1156511400,6,www.youluwx.com/*
12758b76f54d9224ee1633b84fdc787f,1156510900,9,bj.hpwxb.com/xf-MB*
1278042cb25c613c58b20b3cc6abc569,1156371700,2,www.niceloo.com/yixiao/*
12b42b06665e728b2765fa7e60d16500,1156371000,10,www.youluwx.com/*
12ddd0a60ad1fd0b2bb20a0464f6e49d,1156321200,15,bj.hpwxb.com/xf-MB*
1331a0caf95c7f888cefedeb6a8941c9,1156511500,16,www.youluwx.com/*
139e469fa623fbb200a6fee29106f4f2,1156340800,11,bj.hpwxb.com/xf-MB*
13bc87b5797f87081e38e6898606c2ca,1156371300,4,www.youluwx.com/*
14931d29f1ef592d8304ef6aa699a99f,1156510100,8,www.youluwx.com/*
14a8d8f2d888498502b1951617f5d993,1156130600,1,www.niceloo.com/yixiao/*
150cebbb80ba956ccb7d2d9cec57b6b0,1156130300,10,www.youluwx.com/*
15eac677c8e68b06883fa2d712d56afc,1156110000,20,www.youluwx.com/*
15fe0f3059e9a9b3f98ea2328c904b24,1156371700,1,www.niceloo.com/yixiao/*
16293a9a55bd80a773918d63bf9e2d4a,1156370700,7,www.niceloo.com/yixiao/*
16482703256075eeed3e955d3b049952,1156320500,1,wap.bangkaojiaoyu.com/xf*
16e3f41a5e66507411a1b2f4a4e202b8,1156510300,16,www.youluwx.com/*
1705c24c00bfc2f88e682e6d750041e7,1156371200,12,www.youluwx.com/*
17b91931e3671596f1dc6114be602cf6,1156370200,1,www.youluwx.com/*
17ce799a9731b49141788cc95d400b94,1156510900,11,www.youluwx.com/*
1803d962a4926442af0ad066dfd744ee,1156130500,13,www.youluwx.com/*
18a644651a1f07c469ba610d44289858,1156371000,1,www.niceloo.com/yixiao/*
18bf60d47adb0b686eefddba58e38f03,1156511300,6,www.youluwx.com/*
18d41630d21c3d93035154bc044ed396,1156510700,8,www.youluwx.com/*
18e24f316030c3dea54988f0b30dcc9f,1156511300,1,www.youluwx.com/*
193f388fd61c1f29dd75be1d15b927a3,1156511400,13,www.youluwx.com/*
19a81d36f71a67cf97724c3fccdb3473,1156370700,3,www.youluwx.com/*
19eef85ea02f29cbf42b9cac78d9477b,1156610100,19,www.youluwx.com/*
1a6f4ac39fe43af8728b38faf47bce95,1156130100,1,www.yaomiedu.com/wap.html*
1a8fa51311fd6a2cdfbc0698d6a49081,1156370400,1,www.feiyue119.com/*
1adbfb720fdc189e09aba34e11929607,1156510100,3,www.youluwx.com/*
1b729eeb4703a979a3344ffbd64ca556,1156130100,3,www.youluwx.com/*
1b82d41903d73710201121c86fbff3fb,1156511300,1,www.youluwx.com/*
1c7afb29763add95b6370c1e8558a264,1156131000,1,www.youluwx.com/*
1d1f6b6b47f8ae9a4cfbadc40553a4c8,1156370600,23,www.feiyue119.com/*
1d3c4e498ad810e74736956e4aa59046,1156320200,61,www.feiyue119.com/*
1d5e662325b5e109bd5aae8b8e14acb3,1156510100,4,www.youluwx.com/*
1d7a056bbd4ce5c259d168e1ff9a7915,1156370200,9,bj.hpwxb.com/xf-MB*
1d8cb170eeb2cf31398277fc89e07df6,1156510100,52,www.feiyue119.com/*
1e1bad6b153aeda1316b4688bec5aef1,1156130800,12,www.youluwx.com/*
1e550ccdf1e3f123e40be79188cf04f3,1156510500,1,www.youluwx.com/*
1e73624a667d745b58f0f95aaeccf5c0,1156370200,1,www.youluwx.com/*
1f09b859f7fd9c87000c0d24f584220f,1156510100,3,www.youluwx.com/*
1f38a0203dc4d0c8874e187d70b335a2,1156371300,8,www.youluwx.com/*
1f53693c5503f9a7da8a34d8f289f929,1156510100,24,www.feiyue119.com/*
2026741a048c82c5457a3f4cbb4dc59c,1156510600,26,www.youluwx.com/*
20553a2c48f307c53680bc2a6612223c,1156370300,1,www.niceloo.com/yixiao/*
20672efd591308579a3c26bb18f55ec2,1156310000,27,bj.hpwxb.com/xf-MB*
220fbad8caaaf849d705c84de74898e4,1156310000,1,www.youluwx.com/*
2252e2d07ef4b2bcec28e80c66568fed,1156370700,6,www.youluwx.com/*
22ae3df85bdef923d9d0bc7da35dc445,1156510500,13,www.youluwx.com/*
22bd49addc646a8023181719483c6036,1156370600,3,www.youluwx.com/*
23032fbefa3a84b9b8ae7fb58fd57a01,1156511400,1,www.youluwx.com/*
230d3eeee2f2bfe764b47ffe02cf253e,1156330100,1,www.youluwx.com/*
233c34eaa5eb771e71f2504a902d1703,1156310000,1,www.niceloo.com/yixiao/*
234ba58790ac84bfe6f8cdfa427a6722,1156320100,7,www.youluwx.com/*
23b3f0d26e90280e0bf247d619acf8b0,1156440100,14,www.youluwx.com/*
23b95b53917eae8fb42b9307daa110f6,1156310000,1,www.youluwx.com/*
23dc94ad06eea1e3366652791168d1f1,1156130300,6,www.youluwx.com/*
242cda66b0a014fc94d2efbff796943c,1156131000,71,www.qddfxfpx.com/*
2488b069a888a804a591ed53af423c55,1156510100,12,www.youluwx.com/*
25b3aedd1b555fb97a3a664d787355b5,1156130600,24,yidongm.zzbredu.com/*
262648ae6bad5b40ac16a64c18af6ea5,1156310000,12,www.youluwx.com/*
2699567fbae671c7c19e54a7fa3e92a9,1156130100,21,yidongm.zzbredu.com/*
26d1b8a2b791e704f75303e6297d9469,1156130900,6,www.youluwx.com/*
270698627e5f47d33637e3502033ed9b,1156610100,85,www.feiyue119.com/*
2726d7208d4fef3affcc0ebff9bd81bc,1156320600,72,www.feiyue119.com/*
27ca9e65cb52daa3cae166865b53dd41,1156130100,12,www.youluwx.com/*
29ce22aa0974033e68f00d33ca074792,1156511100,13,www.youluwx.com/*
29d5f2a083dd6862e9c17b3349400760,1156320400,60,www.feiyue119.com/*
29d71a3ec31239c55bbb7e39f6f2c664,1156370100,55,www.feiyue119.com/*
29e60ac88b4def8c20888f14490b3b63,1156371500,4,www.youluwx.com/*
2a3f2ac5f88a991849f61b8e5d96bbfa,1156320400,10,www.youluwx.com/*
2ac5d25c1f7cc7a5e936884f97c44587,1156421300,14,www.youluwx.com/*
2b16a7979a30c188750d49f3c66ab0c0,1156371600,10,www.youluwx.com/*
2b26e1922a495e5c8812077491ded1a0,1156510900,2,www.youluwx.com/*
2b447c8a514b738a9b1c17bed317196d,1156511400,3,www.youluwx.com/*
2b4e3ae08cfa9256747e9600d196e5bd,1156513400,9,www.youluwx.com/*
2c055a2330582137ed2cc74ab5852f51,1156320100,1,www.feiyue119.com/*
2c8d004535a77022d0556def882df140,1156511100,27,www.youluwx.com/*
2c98690398d8e326adb6844acefd9f12,1156350400,106,www.feiyue119.com/*
2cd1bd43a0af1e9eb891fb66c02eb3af,1156371600,4,www.youluwx.com/*
2cd8a98461439c311d5b4a90ae659781,1156370200,1,www.yaomiedu.com/wap.html*
2d91966bb67395efa483b7968b8a1e08,1156310000,5,www.feiyue119.com/*
2dde6a8f9707a736f250bde2b7fcc3ba,1156370800,2,www.youluwx.com/*
2eadb8ba1df2496ad174b235f42f2d23,1156371700,4,www.youluwx.com/*
2ef0f6d77cf90b71deab0b42f1f030df,1156430600,1,www.youluwx.com/*
2efd42e25feae1fa30493f57bba9ecac,1156510500,9,bj.hpwxb.com/xf-MB*
305c2822b11c4a33fd73e9c6188933c8,1156371500,65,www.feiyue119.com/*
30f9a9ab6db05c6475281f33d9fcfc51,1156130700,42,www.qddfxfpx.com/*
313ae05e312981eba6bbfe60f3299049,1156371300,1,www.youluwx.com/*
31480a31445bc3de5c55ca6ce2c9b7de,1156371700,97,www.feiyue119.com/*
31839e1cfac5cee4f38908fc570a2d22,1156370700,1,yl.szfilmcenter.com/*
3186f009fed855388dd695dbb81aadfb,1156371600,1,www.youluwx.com/*
31f72b2836333cb2c296fdfa4cfa2e37,1156330100,1,www.youluwx.com/*
338f4f0dc9457655e790d5b805577d03,1156511000,9,www.youluwx.com/*
34489028ea6c56b30070bc581bf754c5,1156370900,6,www.youluwx.com/*
345ac172d7b7ebe2b79e3ebc9043823c,1156320500,26,www.yd119.cn/m/
3486d8eb829690475ca0cd9bf520e717,1156650100,1,www.feiyue119.com/*
34e5d62ff5c90ed99765f301934603bd,1156130100,53,www.feiyue119.com/*
354ab5cdf0ab11940c95041ba1ba4c41,1156513400,2,www.youluwx.com/*
35ff3d9b45baae9fa823e489360867b8,1156321000,1,www.kaojia119.com/m/*
361938aa6bf4ada19d00183d04d98518,1156371100,38,www.feiyue119.com/*
36ca2c2d64bea585b4ccacbacd9d0bf1,1156130200,29,www.jhwx.cn/zt/m_xfgc/*
377d0e53f6ae6b1ea73a8611879272ab,1156371700,1,www.feiyue119.com/*
38983ec8fa13c58ff4cbb8f385b27681,1156131000,63,www.youluwx.com/*
391d031dc9b1a0b17925af26a191df25,1156310000,6,www.youluwx.com/*
397b24923374f82d1e8a2bd37462f4df,1156310000,2,www.niceloo.com/yixiao/*
39e47d692dbbf182328d776e9ece285f,1156510100,52,www.feiyue119.com/*
39ff8796a668a02fd54b60e6d96d0af3,1156370500,29,www.yd119.cn/m/
3a484e8e80dffc5f869ee3f439cabbc1,1156410500,19,www.youluwx.com/*
3a535fb7e68ae5f9be2524395d44a780,1156320200,7,www.youluwx.com/*
3a93ead21fcf2f04f7ed715719843410,1156370400,7,www.youluwx.com/*
3afeafecc263f4f888a285ee3bdcc465,1156370100,1,www.youluwx.com/*
3b03734ab4e3384819b26d3d04695ee8,1156511600,11,www.youluwx.com/*
3b31c71de83906aaea9a0130423a582d,1156220100,3,www.youluwx.com/*
3bb06ca24060b8bc83bd358034b88d9e,1156371500,27,www.qddfxfpx.com/*
3c50e398e390aa1ec67ae5741632b1d0,1156511600,25,www.yd119.cn/m/
3c6829145e374abd3bab22ba985ee68a,1156370500,8,www.youluwx.com/*
3da3d62aea0a3281c2980dcb1735fe0c,1156370400,2,wap.bangkaojiaoyu.com/bjtg/xf/*
3dbe0ec0e69fa7f5c98cf8d0cc63fc53,1156321000,2,www.niceloo.com/yixiao/*
3e375c0223fcc8071fcd94b518dcd312,1156370900,3,www.niceloo.com/yixiao/*
3ed0e6deef01174427508ab699ebd06f,1156370200,11,www.youluwx.com/*
3f5ad1a892d3b56d0f4440396a0ed432,1156321200,6,www.youluwx.com/*
3f66d18373bb2c01f5a4afcb358bd943,1156330100,1,www.youluwx.com/*
3fa8693e8857a874faae508d82502c94,1156370300,10,www.youluwx.com/*
3fb96b4e2ae06f32cf1132c36e6b4b99,1156511700,5,wap.bangkaojiaoyu.com/bjtg/xf/*
3fec41d8b82395dd96ce72ef09b10efb,1156371500,56,www.feiyue119.com/*
3ff5b9aae67ed31bc345f1e1e368926f,1156330800,1,www.youluwx.com/*
400ff3a882712bdef1dee99ff0a377c4,1156371100,8,www.youluwx.com/*
4051bf917225aa1f2ddca7acfc66fbd7,1156321300,3,www.youluwx.com/*
40fea73d1e05c9dd9bb590a8f6efe5d7,1156130700,60,www.feiyue119.com/*
41424c8a78b31a4760b00d9b65f89e1e,1156370200,1,www.niceloo.com/yixiao/*
41826983ef017f22394b6e9e15d18a34,1156320600,12,www.youluwx.com/*
4228842cd6dddc77cc186b2ad98b29b0,1156130500,7,www.youluwx.com/*
422fab848d5de73cccd824039d7b8393,1156371300,2,www.youluwx.com/*
4269121134a50b50156d40a75191aff9,1156130600,4,www.youluwx.com/*
42cffd8cdee16463f2642948e97c1faf,1156540100,2,www.qddfxfpx.com/*
43b67bd7578dcc2aefe8f4aedf50a2ef,1156512000,13,www.youluwx.com/*
445e1372439c943388ae3c09113d2392,1156370200,36,www.feiyue119.com/*
449084fd13efba566dca32e820805a94,1156130100,7,www.youluwx.com/*
44c6c213b16a39456e4b61960a9cb2ee,1156370200,17,www.youluwx.com/*
44e96669818703859b2d30604e9aa084,1156130100,12,www.youluwx.com/*
454ec9ef35117eade140777fc2eb7ef9,1156370500,10,www.youluwx.com/*
45ab41a13859595fdc622dde66f1dc51,1156510600,12,www.youluwx.com/*
45b4b5a35bfb5ecf1ee122cc2ce8bd08,1156130100,8,www.youluwx.com/*
47880beaf73ef9e406ba5ac89353d0a0,1156513200,1,wap.bangkaojiaoyu.com/xf*
48ce6308b6a87f70f2995995295facfa,1156130300,13,www.youluwx.com/*
48edb3a6522ee667c273cd2f4c3e7951,1156310000,125,www.feiyue119.com/*
4987b8ad3c2c41b5ec02d154135f18c2,1156511300,1,wap.bangkaojiaoyu.com/xf*
49c45e10aa91e0e6903a7d863f1081d2,1156310000,4,www.youluwx.com/*
4a43f343415fd7ebdc63ad355999d0dc,1156370400,20,www.yd119.cn/m/
4a77e53a4a20c7e51e30ab447c790a5b,1156370400,74,www.jhwx.cn/zt/m_xfgc/*
4af644e7ae7ae455f39241b60093ddc5,1156370900,57,www.youluwx.com/*
4b36560ba20d6bb9783af618be7d7c04,1156330800,47,www.feiyue119.com/*
4b486e102549840b670d045c67752527,1156360400,51,www.feiyue119.com/*
4b870a2f4c40f412e4dd9f704e09b497,1156371200,1,www.youluwx.com/*
4bc169cd8a48b7a9fe7b51ae74ed1229,1156510800,26,www.youluwx.com/*
4bef23d004595ea7150eca215e014739,1156130400,7,www.youluwx.com/*
4c102810d41b46807c3be197944aacf8,1156320100,54,www.feiyue119.com/*
4cacb4c9d8cff73563a0330a5efaca05,1156371700,2,www.youluwx.com/*
4cbc1723b8783b70c68f3cb95b6a5662,1156511700,3,www.youluwx.com/*
4ce5b4c96a7898b9620898aee671afd1,1156510100,1,www.niceloo.com/yixiao/*
4da60a63b6cf7bc09b08961df20afe5d,1156321000,8,www.youluwx.com/*
4db3182622921546ce3a55831b6e2b6a,1156130100,7,www.youluwx.com/*
4df9e467f1cb5b4c74d4366dd368de01,1156130900,40,www.jhwx.cn/zt/m_xfgc/*
4e20a277fb7b38a36ab937b026ef5858,1156320700,9,bj.hpwxb.com/xf-MB*
4e45a3e3bafa0e1dd4584e81add8a10b,1156371600,9,www.youluwx.com/*
4eb9df16847052208d493c7a7e64b69a,1156510700,7,www.youluwx.com/*
4ec512bc954fbd6180c2e076d549db9b,1156511300,8,bj.hpwxb.com/xf-MB*
4ef7fbec336d265f5a68ce9650d90b84,1156320100,12,www.youluwx.com/*
4ffafd4cf2f136a3431eb1376cc5f5e7,1156510500,1,www.yaomiedu.com/wap.html*
50193eecf485d2db12bcdf2e393a5f9f,1156110000,2,www.youluwx.com/*
507d73e35b013942b17d24a2257e3d7f,1156130400,11,www.youluwx.com/*
50d229a7b091321eea848ed99d24dfb8,1156310000,29,www.jhwx.cn/zt/m_xfgc/*
50d6962857f2da3dc36fb2ca3b07443e,1156310000,1,www.feiyue119.com/*
5110f59adaa04e1a4b9a3dee63110761,1156510100,13,www.youluwx.com/*
52346f69ed96a2e5d28f4d69b149740d,1156511100,5,www.youluwx.com/*
528e7d9b66501769792ce03cd645e9fd,1156510800,8,www.youluwx.com/*
52e22a2bd76a3ff9c0e18695465d896d,1156370200,1,www.youluwx.com/*
52e7b69da9037af93fe6e0fd5feaaba6,1156131000,3,www.youluwx.com/*
53249f5ad78849a04ec6c151b7e9e5fe,1156130100,8,www.youluwx.com/*
53358078415583213ac2225502f67295,1156321000,1,www.youluwx.com/*
537637f7c88b67ed7a6a4b6c5c15ebdf,1156513300,1,wap.bangkaojiaoyu.com/xf*
539e37bfb4c066784db6cb176513b6c1,1156370700,31,www.yd119.cn/m/
53cde36def95fbc2f5409c999226f679,1156370900,1,www.youluwx.com/*
55374314b85c6ea19b65f58769bf1fc3,1156130200,7,www.youluwx.com/*
5580a35fabee4074c8fc7d34052012c1,1156510500,6,wap.bangkaojiaoyu.com/bjtg/xf/*
5617d07acbd0ed0628164251f9662160,1156320100,2,www.qddfxfpx.com/*
56641d9d58b1ee1f901957d4453b5baa,1156320800,9,www.youluwx.com/*
567e7fe0e8eb12bfe7e14dd39bfdb40c,1156370900,20,www.youluwx.com/*
569ee854f618b12ca5b8834fbf02b835,1156510300,19,www.niceloo.com/yixiao/*
56a04aaeec9b18c774992b6d6e02fd58,1156511900,13,www.youluwx.com/*
56f6a80ef167e6f1e87a9261025ad879,1156130100,7,www.youluwx.com/*
573604a445420696f64775e71615ba3b,1156511900,13,www.youluwx.com/*
575eda99050af54515e121540e8c44db,1156511100,12,www.youluwx.com/*
57cb626be6e3cd671efcffe2d74d6a84,1156510300,25,www.youluwx.com/*
5850e8a24128950344e635915757062c,1156370900,1,www.youluwx.com/*
58ed4c7bf358893f70a26878b1f70657,1156510100,25,www.yd119.cn/m/
59ed761780a2158ff3db64ecf94c1fa9,1156130800,26,www.yd119.cn/m/
5b185bd2f8a69943966caeefb6fd4c3d,1156320500,23,www.yd119.cn/m/
5b30366d5782e22f02fd1f5d0e5968a0,1156370500,10,www.youluwx.com/*
5b323e42652579b8e287705745d664a3,1156370100,53,www.feiyue119.com/*
5bb0171a2633b92771c2afc7eb252a64,1156110000,30,www.jhwx.cn/zt/m_xfgc/*
5bc378145a1ae02442f161d7c1270098,1156370400,3,wap.bangkaojiaoyu.com/bjtg/xf/*
5c22996a615576caa3b0d017423af391,1156510300,1,www.yaomiedu.com/wap.html*
5c84cb2f714dc8d7b5dbbe759676d977,1156371400,2,www.youluwx.com/*
5d4aab1afc9a2e11b16bc165712c023d,1156511300,25,www.yd119.cn/m/
5d6b2f80765af2751718f80b7f8e7394,1156511800,4,www.youluwx.com/*
5da9e0d130c718068578952f702d01b4,1156131100,16,www.youluwx.com/*
5dfe3eceacd66880f31e03b2acc9db96,1156371300,3,www.youluwx.com/*
5e46bfdda2dea59051d57e61d237043f,1156320900,5,www.youluwx.com/*
5e717d936d282c628b3caccb932fa4e3,1156130500,39,www.youluwx.com/*
5ece77de2a4d0e2a4223b5c17d36c68c,1156511400,7,www.youluwx.com/*
5f62e381376639a24fdca67a0396aa0a,1156510400,1,www.youluwx.com/*
5fc0226ee963c1c7b82d093bd6605cdd,1156511300,10,bj.hpwxb.com/xf-MB*
5ff248c45c1484255027978062ddb2f6,1156320200,16,www.yd119.cn/m/
610c02a49cc8401eda4c4dc8b3a701a4,1156130200,26,wap.bangkaojiaoyu.com/xf*
611474445d5ff1f42703b5e04b15d754,1156370700,4,www.youluwx.com/*
61a803496018eb9a6dc39e606f16f306,1156371300,8,www.youluwx.com/*
620cf2b23b934b0c35a5dfda9b52d674,1156510100,52,www.feiyue119.com/*
6237f68936da12676cad5a8d9526e488,1156371700,63,www.youluwx.com/*
62974aac8ffce01ee051ce28b31e4eab,1156130500,24,www.jhwx.cn/zt/m_xfgc/*
638757943e24f2f9e7e719e9df2f2df3,1156320500,23,yidongm.zzbredu.com/*
63931c4cd2cc4abb7be17b78ae785fff,1156310000,1,www.feiyue119.com/*
6407e6c2dffbd5cd26bb7b0e59b70150,1156130100,44,www.feiyue119.com/*
6407fd91a1ec2d7a96ab74e23ebae73d,1156513400,37,www.feiyue119.com/*
641babb589df56e1f71e5f828dcd148d,1156510600,4,www.youluwx.com/*
643ad81bf05dd7bf69387053966ba65b,1156130100,2,wap.bangkaojiaoyu.com/bjtg/xf/*
647bac562b6a7f4f0ea4eb7ce5f125f4,1156370400,1,www.youluwx.com/*
654ed85f95c7c7bcb90e689d63fbf836,1156371000,5,www.youluwx.com/*
65791624e2fec1ab109763f2883cdc45,1156511100,18,www.youluwx.com/*
65daae886e2e617b7688229ee647e388,1156510900,7,www.youluwx.com/*
65dc4f3fae417f1969a70382660f2399,1156510100,25,www.yd119.cn/m/
6652b2398e64f95f11466723de928d50,1156371500,18,www.youluwx.com/*
670d1e7d396ea25bc859d87d48a93362,1156321100,26,www.yd119.cn/m/
672a9f823db2ec39ef36e62103577d4a,1156130100,4,www.youluwx.com/*
67b54632a7a80f485daef37ad657a069,1156370200,6,www.youluwx.com/*
67e4af8fc50ef4142e27331015120321,1156131000,1,www.niceloo.com/yixiao/*
6862f4b882f8a5d1064539834471c943,1156320100,51,www.yd119.cn/m/
688027d2bfe4eb9fbcd4ba5a1bc23567,1156320200,9,bj.hpwxb.com/xf-MB*
6902824b3bde72d8bb1e0ec220e0f862,1156370200,1,www.qddfxfpx.com/*
698c6395166ec44e562e34486eaab692,1156130100,6,www.youluwx.com/*
69dc63d6082bd3914a7b67b3149825cc,1156370800,8,www.youluwx.com/*
69f9787ccccbce8a88cd63267d272387,1156320600,12,www.youluwx.com/*
6ad82d95d71eb89b2d6e55859bc3911f,1156510100,18,www.youluwx.com/*
6b8486ae189ca6ba5c20bb5282da1c96,1156512000,9,www.youluwx.com/*
6b99fdd7aba2944c37e47c9db6990794,1156410100,24,www.jhwx.cn/zt/m_xfgc/*
6ba27a20193c4a2cac296af2f0700895,1156370200,22,www.youluwx.com/*
6c33eb7cdb9ed29e8bb034ecb45d61c2,1156220100,3,www.youluwx.com/*
6d669475cf797b6a6e0e8c519539c400,1156130100,12,www.youluwx.com/*
6d6c83f546f9e4eca063f9151a02d30e,1156510100,13,www.youluwx.com/*
6dba92cd8fe35a847c4884ffaa6e8f13,1156370800,26,www.youluwx.com/*
6ef3d1abbeeb14bbf2727d5359a51cf8,1156310000,5,bj.hpwxb.com/xf-MB*
6f5a91c25a7207c493a6c1792b97566a,1156370200,7,www.youluwx.com/*
6f5ca00d2ecd883abe8f09a555df32b2,1156510100,25,www.yd119.cn/m/
6fb6f5fbfb4309ed65958d4713e906e7,1156130500,1,www.youluwx.com/*
6fbb910f315d1306d313a52ad1e97eac,1156510300,8,www.youluwx.com/*
6ff7e2f59ecc946050e22df3f56ea612,1156371100,13,www.youluwx.com/*
70094ac34c99f730a28aad6b78a2a416,1156310000,19,www.youluwx.com/*
701d681f1fce9392ea5c4474e24f1fef,1156130700,8,www.youluwx.com/*
70bb280db35746ca689f400f146a470c,1156513400,7,www.youluwx.com/*
716a338f804a369befb1f54846ac47dc,1156320400,13,www.youluwx.com/*
71d91447a991cc5265fd74621310762d,1156511400,1,www.niceloo.com/yixiao/*
7244a3c8d9bd2a40b4b9424429778555,1156370500,1,wap.bangkaojiaoyu.com/xf*
724f9223d0885ec05ccb0996e7911aaf,1156320100,2,www.niceloo.com/yixiao/*
72eb6df41ae64d7ee45ecddd6234916f,1156321200,9,bj.hpwxb.com/xf-MB*
737840824c431d6b09ae3c0219e20841,1156310000,25,www.youluwx.com/*
74466399f9a5f4bd5d38de526150b517,1156320300,25,www.yd119.cn/m/
747e57681294f26811dbea15149304e0,1156130100,2,www.jhwx.cn/zt/m_xfgc/*
74eb27c66ba33dbcd75bd14f9878fc93,1156510100,56,www.feiyue119.com/*
7515dc49119cd7994dc6b8aa8ffe0862,1156371700,54,www.feiyue119.com/*
75460c06988ddc588f38a6e19f5755a4,1156130500,7,www.youluwx.com/*
761f5dfddc23b448c20bd1a2b6c7fc99,1156130200,20,www.yd119.cn/m/
766e339cced92587ecf4561d33ddc799,1156510100,10,www.youluwx.com/*
769a94e0f74f2338825d831118ce13a5,1156511100,9,bj.hpwxb.com/xf-MB*
7743954028e24036492c99559dcf23c0,1156371300,2,www.niceloo.com/yixiao/*
774caa92f6e3114a97d408482353d467,1156320100,6,www.youluwx.com/*
77a71a2c464e31f617ac1eb48ffc7577,1156330300,7,www.youluwx.com/*
7832ad2d1ddae87d0d03165f4a6ec31c,1156370700,22,www.youluwx.com/*
784bef37f250731a329363306b24c4be,1156320700,4,bj.hpwxb.com/xf-MB*
7863a2fe14dabc0997ceeb547143232e,1156130500,13,www.youluwx.com/*
79cbbf5fadc784c371f46722e5f7bb23,1156130600,13,www.youluwx.com/*
7aa53b72f6137d003d744bb157727f15,1156371000,33,www.yd119.cn/m/
7ae1157b83e00fe26954b633aff965e3,1156510500,5,wap.bangkaojiaoyu.com/xf*
7b89bc51e218d3b5937b8112888927b8,1156130800,25,www.yd119.cn/m/
7bc0868b70914a09472e8a6b669fa797,1156321200,43,yidongm.zzbredu.com/*
7c6f5e037358241dc11d0a7e9f8ea96a,1156370100,13,www.youluwx.com/*
7c7b099e5d63e4e65abb7f7e59a4da99,1156510500,1,www.youluwx.com/*
7c87c7772870d2ba65371c9e01bf061a,1156511600,8,www.youluwx.com/*
7c8e03c835ba3142355c22e623fcecd0,1156130300,1,www.niceloo.com/yixiao/*
7cd77fa428b681daac91f0668320240d,1156130100,3,www.youluwx.com/*
7cd91f7b908bc25dbeda07f8f8dcbe22,1156370600,28,www.jhwx.cn/zt/m_xfgc/*
7d7b4ba74e06532770ab99c1d3b8c58c,1156370200,14,www.youluwx.com/*
7dd4f3cb99e8abfc7ec9a61b7f9f5c60,1156510100,27,www.jhwx.cn/zt/m_xfgc/*
7dd6028e0eaeabe0065dafe8efd99e24,1156370300,52,www.feiyue119.com/*
7df85379c44bc2f4670b9601c4fe93f6,1156370300,12,www.youluwx.com/*
7e89b59652b7b07ab1b34a120ded0f4f,1156370600,12,www.youluwx.com/*
7ed1b7fa5e2720d160dafaa0919b0b36,1156310000,2,www.feiyue119.com/*
7fa3ee4600c86f278618f5678402ab5d,1156310000,35,www.jhwx.cn/zt/m_xfgc/*
7fd68c9859a339648024b2ecd9b7b07a,1156130400,1,www.feiyue119.com/*
801313652875f08115144bfc14bfec46,1156131100,10,www.youluwx.com/*
8054dfe5e91d5047a70b9b7a7c217f0e,1156370400,1,www.youluwx.com/*
80fae5ba113f1d2efd2dce49d66ec170,1156370800,1,www.feiyue119.com/*
8126b6b51aea8c140df29725d4f170f1,1156130900,8,www.youluwx.com/*
8157efeeaf94d0626dc917cac5387229,1156511400,11,www.youluwx.com/*
8181af32bd550c0bc0a2242e4b0df539,1156130100,1,www.youluwx.com/*
8262a39a11b0396ff066a1723f6fef87,1156371700,6,www.youluwx.com/*
82696fe629e36c20946b503f36a77585,1156130400,11,www.youluwx.com/*
8310db6a8a2b537f81f2fea249d9bb82,1156130100,52,www.feiyue119.com/*
83178c35e8d3edea97a0ccdde2cb100a,1156511300,7,www.youluwx.com/*
832a904d059e43c2367134b84fe38239,1156511700,13,www.youluwx.com/*
834a2e9105ff0c0dbc82d9d55155cb96,1156370700,1,wap.bangkaojiaoyu.com/xf*
83ab7ab4c7cc6563c322abe52f2f90d4,1156370100,1,wap.bangkaojiaoyu.com/xf*
83b4ebab8a923b20b12a15cf288789c6,1156371000,1,www.qddfxfpx.com/*
83e10bfd3ce8f10492a259da1899025d,1156510100,3,www.youluwx.com/*
83f5334ff359351c3bb5145c51d20439,1156371100,24,bj.hpwxb.com/xf-MB*
840e1e52fc56b3d0b691a013d3e0a9e6,1156130200,51,www.feiyue119.com/*
841055698f225f4a57d0298f81a3d137,1156370100,1,www.youluwx.com/*
843dd3affb27d5e2bc63af098fa43fc2,1156410100,1,www.feiyue119.com/*
84ecc2ab7787e42a5dadbfcea590e84a,1156511500,2,wap.bangkaojiaoyu.com/bjtg/xf/*
8505e0e07ae592510f33a87fd619a2ef,1156513400,16,www.youluwx.com/*
851f8cb9a808f730292bbf6784d8a886,1156510700,3,www.youluwx.com/*
8555570415aa26aaee646c8f3b983980,1156130500,12,www.youluwx.com/*
85e5bf7d80008eb0072bb7bcbbd8ca7b,1156130500,25,www.yd119.cn/m/
85f6f2bfa436eb54beef08228af61dd5,1156320100,6,www.niceloo.com/yixiao/*
861de854fa929e4c3f3ef6868cf55c59,1156511800,8,www.youluwx.com/*
862264061127ccb0dfdc2c4e6c642604,1156310000,3,www.youluwx.com/*
871d46e8701f317d589fc23d114c664b,1156510800,27,www.jhwx.cn/zt/m_xfgc/*
87a2fade807afc79bef5ae3e581375bd,1156110000,34,xfgcs.krs119.com/m/*
87b021c086ee09d050ed5a2b537448db,1156130500,12,www.youluwx.com/*
88f4582243c200206634b71eac2587b6,1156410100,34,www.youluwx.com/*
8a25a648877de691d04ba4ad0274fe8b,1156330400,1,www.youluwx.com/*
8a2de0b0a80c6588ad908436c8277389,1156511100,13,www.youluwx.com/*
8a33c7212d15d89e05724b64381c7450,1156370500,3,www.jhwx.cn/zt/m_xfgc/*
8a8f0409d32bfb6938370429fd3ed62e,1156370100,1,www.niceloo.com/yixiao/*
8b34fc95b400c49ff00663027767088e,1156320400,35,xfgcs.krs119.com/m/*
8b901155d8de59bc146abebe0c12dc51,1156130200,25,www.feiyue119.com/*
8c0bd14c359ac20ec62226ee048d164a,1156370200,10,www.yd119.cn/m/
8c6b324e896d052ae31845a756210305,1156131100,26,www.jhwx.cn/zt/m_xfgc/*
8c9182dc41c0c5abdd15eabec5a35772,1156130300,41,www.jhwx.cn/zt/m_xfgc/*
8cb52869d99f393a4b5b07db1ba1831d,1156130500,17,www.youluwx.com/*
8d0a4c78cd84f14962dd84e36b5053b2,1156370800,9,bj.hpwxb.com/xf-MB*
8d8550e0226a20f689b39a6fed15ca04,1156512000,3,www.youluwx.com/*
8dc4d4e283b20421825a30b0e6b11bf5,1156510100,4,www.feiyue119.com/*
8e5342f579365507a6d788b63a6599c8,1156371500,8,www.youluwx.com/*
8e72c1459b6a20310d1142c27e5a7d01,1156500000,21,www.youluwx.com/*
8e8e5fcb3414a032cddd67a80e564b4f,1156510100,2,www.niceloo.com/yixiao/*
8f15c9087fb3b96fe290dd52d825deb1,1156320300,26,www.youluwx.com/*
8f2aca4d175636b3cc5c25a8217a50a0,1156371000,5,www.youluwx.com/*
8f34c9ff473503e5c882612cef748a62,1156371100,14,www.youluwx.com/*
90175cbfd7af7bb4dfa7ead02712522c,1156320800,55,www.youluwx.com/*
902752ee8587004ae5efc9d9caab828a,1156510100,1,www.youluwx.com/*
90a124fcb36408af720134b081472ee9,1156130900,3,www.niceloo.com/yixiao/*
90f2bfacd1f7f9e876c70a0ef86331ef,1156370100,27,www.jhwx.cn/zt/m_xfgc/*
919f6edd2709cf38201d32aa4e89b61a,1156370100,12,www.youluwx.com/*
92aee764bf5810002e68e810ab318835,1156511600,19,www.youluwx.com/*
93fdec622be4649d410bab407ded289d,1156370200,1,www.youluwx.com/*
9437913735eb9c3ea43429bfe2955c39,1156430400,2,www.youluwx.com/*
946b8be800a627e7e7403c3f1e8a0132,1156371000,3,www.youluwx.com/*
947b241017a450fd60c43909fd9a26b9,1156370800,11,www.yd119.cn/m/
94a4a2937a0c2d63a9e7ce640ed8d85a,1156370700,1,www.youluwx.com/*
94a5497b2f66bf26d96b24bfb3f33bfa,1156320900,22,yidongm.zzbredu.com/*
954da10f6611b3ed29abf7c0b8bc98f7,1156310000,14,www.youluwx.com/*
958022bb2176629921cac01a2d494296,1156510500,5,www.youluwx.com/*
960386247bc66361f50c926c05b7a890,1156130100,8,www.youluwx.com/*
964d1df96cc96c4917709690c07519cf,1156310000,1,www.feiyue119.com/*
9685e988cb8bc1887a0c7db41a81200c,1156511300,14,www.youluwx.com/*
970363bd62a13dab6de24d4e09f868f9,1156511700,6,wap.bangkaojiaoyu.com/bjtg/xf/*
983cbba2611873705501fbd78301d399,1156370300,9,bj.hpwxb.com/xf-MB*
98c30536b24083ebf5ae000087094dfa,1156130800,6,www.youluwx.com/*
9921c0918711b1b7500ffef6f68b87ea,1156510500,2,www.youluwx.com/*
993b506a4839c00cbb99df5ef2d2761d,1156130100,8,wap.bangkaojiaoyu.com/bjtg/xf/*
993d89b102f144fa77cf2dc7c1ae51b4,1156371600,14,www.youluwx.com/*
9988cd0c5987ee59a6e6acbada5039da,1156130200,1,www.niceloo.com/yixiao/*
9991a3aa3dadccf96f91bda6d5663203,1156511300,73,www.youluwx.com/*
99e54a0552e0e46a62545bca7f0cb18f,1156620500,20,www.jhwx.cn/zt/m_xfgc/*
9a58560409138b88f7d292c89310a861,1156511300,3,www.youluwx.com/*
9ab796022fce3661499fa82244bb7ebf,1156130900,12,www.youluwx.com/*
9ac377792476c90b5381d6df1c30e2a2,1156370900,5,www.youluwx.com/*
9acb10f2a4b69f2b10fabebe06e2b330,1156510100,6,www.youluwx.com/*
9acf36370d0f1d7346af3245a463e942,1156510100,1,www.youluwx.com/*
9befb8786ca62d8cc5841efe6e8c046e,1156130400,12,www.youluwx.com/*
9c0c3bd8705ec0c5e0fd25af5b0c2924,1156441200,5,www.youluwx.com/*
9c406c48e05a7a490ef52864820cc374,1156310000,1,www.feiyue119.com/*
9c9c5c7eb6aa48405f135cd0e8c1fe34,1156511500,17,www.youluwx.com/*
9cb84fbbef89bf5ebacb93b9c5963a10,1156440300,9,bj.hpwxb.com/xf-MB*
9ce616e0e7914d57b9cc8d9ac6dfc393,1156130400,2,wap.bangkaojiaoyu.com/bjtg/xf/*
9d3afad42612c7c3b798bea1e7ceb1dd,1156510700,8,www.youluwx.com/*
9d844ab271015fb67015db675d076862,1156320300,38,www.youluwx.com/*
9db2e786877a5ebdd3438f6ee270ad05,1156371700,26,www.youluwx.com/*
9e06a532a905c8c2d768419178bf85ef,1156320200,3,www.youluwx.com/*
9e50f0ef64ebc2693f2f28a22277157d,1156320600,56,www.feiyue119.com/*
9e6d704d3aea1d95fbfd245d268280f2,1156510100,24,www.youluwx.com/*
9ead901615d8db249b35871a2641ee58,1156130800,7,www.youluwx.com/*
9ee972be7c13e442199ab398c59c4b13,1156371300,1,www.youluwx.com/*
9f11d12d0a133ef39c3e351c4c986e95,1156370900,1,www.youluwx.com/*
9f129ff8b00b148e4a6722fba6602179,1156370800,6,www.yd119.cn/m/
a0261c67258666ee5dd9ea3678d7862e,1156371400,17,www.youluwx.com/*
a1bca9c56e73c90bf35750765a6cd512,1156320600,9,www.youluwx.com/*
a20f2647365ceba0d6397f1b4095dfb9,1156130200,2,www.youluwx.com/*
a355c0544051112cb9e09c56acb8a429,1156130900,37,www.feiyue119.com/*
a457b0ec1563d5512c58a31c6a135859,1156371700,16,yidongm.zzbredu.com/*
a4fb659ba076e6e79e48ce991e24c92c,1156130100,1,www.niceloo.com/yixiao/*
a501fb1051e5fbae13af32cd0f3d9a9c,1156320200,17,www.youluwx.com/*
a516f2e8c45a379e06d2400d5832d91e,1156310000,1,www.feiyue119.com/*
a53746cfd6ed25c3a507c7f30d5bc151,1156130300,11,www.youluwx.com/*
a5fce85c0da70f5511ba2213fc40944c,1156371300,9,bj.hpwxb.com/xf-MB*
a64d0f9d8439f59c5cd2bf278aab9f0d,1156130300,13,www.youluwx.com/*
a6a794a65c6906d81f31138aae7275b4,1156510100,2,www.yd119.cn/m/
a6d310d3750f200f7fd0984a82e84b3e,1156320100,7,www.youluwx.com/*
a6eb2b63e80edbfe9e8606aefe117a2c,1156371100,2,www.youluwx.com/*
a76fa970e71776b65b94be7baa3cdc77,1156370600,184,www.youluwx.com/*
a7cfb7dc6cb3c3985f374b3ad44686b4,1156370700,1,www.feiyue119.com/*
a7f12562a51bebd89fbc81748743fe49,1156511400,2,www.youluwx.com/*
a809ffd63ae9b8c7cdfcb016be9ecc2b,1156110000,1,www.niceloo.com/yixiao/*
a818968a02a7cdfe0536a44a9770f1a0,1156130700,3,www.youluwx.com/*
a84f4c7035b01ab046257cea004d1381,1156370800,3,www.youluwx.com/*
a889bdb97fed80baf4396ac2c4097119,1156511600,1,wap.bangkaojiaoyu.com/xf*
a96800ac94bfb81dc1bfacaad96bf8fe,1156130600,5,www.youluwx.com/*
a9f48f16cbe6d83d594958aa88603d07,1156370100,1,yl.szfilmcenter.com/*
ab7e7c2b011ce83cb5d2d811d98933e6,1156130500,1,www.yaomiedu.com/wap.html*
ac49f5b3c1415d01d260c98c56eeea33,1156511500,8,www.youluwx.com/*
acb0913054fb5c76c2b24e67e420ef3c,1156130900,2,www.youluwx.com/*
acf8ada3695c114978cab34567d282dc,1156130400,20,www.yd119.cn/m/
ad80df5950ac5bef7db98d3f8b1d997b,1156130900,131,www.youluwx.com/*
ad8cb0c96f32dfafdcbe8a195564eeb3,1156511300,54,www.feiyue119.com/*
af15892c8a9a794b5d38e800650f31ea,1156130400,55,www.niceloo.com/yixiao/*
af62cb1fcbfdc1fa04803bf2fca7fa45,1156130200,4,www.youluwx.com/*
af9c222c58e0067b3c02ff42960e3b5b,1156370400,6,www.youluwx.com/*
afa099497a6370e4e1d10f1fb590cc39,1156511400,9,bj.hpwxb.com/xf-MB*
afd5d31930d4f0bc633ccb2623d4a894,1156370200,9,bj.hpwxb.com/xf-MB*
afda49afdcc6ce19653638edf537b6d1,1156370100,1,www.youluwx.com/*
b0150a4c4e1fd9909a5fc685e381eb98,1156310000,12,bj.hpwxb.com/xf-MB*
b020906cda62226dd23200281395ed35,1156230700,15,www.youluwx.com/*
b02683b3dc1f9397a074c4055787cfa0,1156370100,9,www.youluwx.com/*
b036a3d7bfa68222f8aa5e55f736c0c6,1156320500,9,bj.hpwxb.com/xf-MB*
b0e369ab8cc0148c93e2ed13780b77ab,1156510400,1,www.yaomiedu.com/wap.html*
b13228192f1574c4cd49f6d361423e79,1156320800,9,www.youluwx.com/*
b150b367c4923e468b192f5cd6ea3b81,1156370600,40,www.youluwx.com/*
b15d18de216d8a6326c5bd74d6c2611c,1156371500,12,www.youluwx.com/*
b2b1181339cad82d0eadae644cc37443,1156510800,2,www.youluwx.com/*
b2bab67987efae7a781494ed956ea089,1156130200,51,www.youluwx.com/*
b2c72563c99870a969928ee455cb20ab,1156321000,32,xfgcs.krs119.com/m/*
b37ca266646873746e5fb27f732ff8dd,1156321000,1,wap.bangkaojiaoyu.com/xf*
b37ce86f028027fd35bbffc579bf0ef5,1156371600,5,www.youluwx.com/*
b4587bf6891d89917dc5b7a8659c12a1,1156370600,9,bj.hpwxb.com/xf-MB*
b4671e4118d21b79d263288f279a794e,1156370100,44,www.feiyue119.com/*
b4977938afc66d1828a4f2f2a3c25e4e,1156320600,17,www.youluwx.com/*
b49f3b353ab6c925eae08d8ae9c03548,1156130100,3,www.youluwx.com/*
b536dc6d74c57e66045105879d9bc878,1156370700,7,www.youluwx.com/*
b56a5e661dd277077c7f3897d4563707,1156130900,1,wap.bangkaojiaoyu.com/xf*
b58827fb5fa7438307023c42bb333de4,1156370500,9,wap.bangkaojiaoyu.com/xf*
b62ca884bbdfc56dba478769f9ad79f7,1156130500,24,www.yd119.cn/m/
b6b3fd58efff0fd22721eeec4fbc5821,1156320900,13,www.youluwx.com/*
b7598fce2daff28be50ccc4b7f371443,1156230100,81,bj.hpwxb.com/xf-MB*
b769bed406907453abd50cf173b7b9df,1156441600,80,www.feiyue119.com/*
b76ebf8870d18e05d0b733c537a54709,1156510700,15,www.youluwx.com/*
b7a80566ffd7ec9f7bc0e00a7c99193c,1156511500,1,wap.bangkaojiaoyu.com/xf*
b8e5049e2427eee350c1d35d55ad6f0f,1156500000,2,www.youluwx.com/*
b9349814903a01fd765ae030bb6dfc61,1156130600,13,www.youluwx.com/*
b9f6d3776c2677b421cb832268af9d52,1156370600,8,wap.bangkaojiaoyu.com/bjtg/xf/*
baca5fc0dfa3e389917e6694c52b3696,1156370200,3,www.youluwx.com/*
bb00abc04ce4db172005b6c662b74459,1156370800,56,www.feiyue119.com/*
bb85011d9c091334ef38b88f996683cd,1156370200,59,www.feiyue119.com/*
bbeddd021a5593957843a1d9c32ccc63,1156320600,3,www.youluwx.com/*
bc17078b82d8fdb533fdcccbcff8181f,1156110000,13,www.youluwx.com/*
bc619dff6c9bde85c090e58e1ce1ee30,1156320500,5,www.youluwx.com/*
bca1cf41554bd7a3dbe18b7e685a65cd,1156510400,9,bj.hpwxb.com/xf-MB*
bcbcb1d8994dcc31e47fdbf9a316ea28,1156370200,2,www.youluwx.com/*
bd4104490d5ef2099d7e4f578ff18725,1156130100,76,www.feiyue119.com/*
bd46ca55a2b512e9b076eb361e939515,1156130500,11,www.youluwx.com/*
be499c82f9d2c8bf890acdbec00daaf1,1156510100,3,www.youluwx.com/*
be634f0159f038587bf534c74115285c,1156511000,3,www.youluwx.com/*
bebfbf6b11502fe3f80633f32de31c83,1156371700,54,www.youluwx.com/*
bef05c75b0ce0466ca9cc86faf616f97,1156320500,4,www.youluwx.com/*
bf8b6bfa3bb4b31ebf3081c7689dbed2,1156320500,1,www.yaomiedu.com/wap.html*
bfc6f476bd6b4c60d69406f2279aff70,1156320500,16,www.youluwx.com/*
bffe11b38d52b1fa71877a1a2818e1b0,1156510100,25,www.jhwx.cn/zt/m_xfgc/*
c00297ae0ff46c78975867b33e1e04b7,1156320100,5,bj.hpwxb.com/xf-MB*
c09ea7876d29f0cf419828148e5f9f54,1156321000,9,bj.hpwxb.com/xf-MB*
c0e5b8f435a87b40d3f8f59cf98e727d,1156370400,8,www.yd119.cn/m/
c1addf9202c50a64b1241ffb3daa47d6,1156370600,7,www.youluwx.com/*
c2245f9c63cf08d23cc61e8734ac2fb5,1156130100,43,www.feiyue119.com/*
c3274807dc6532daaa63d4f48fcd37ec,1156512000,35,www.youluwx.com/*
c383b73b83679021edaf5358082c264d,1156510100,57,www.feiyue119.com/*
c3e37494de10b31951057ef32475bc69,1156321300,5,www.youluwx.com/*
c42541a71953a58f884df61dc6154669,1156320100,6,www.youluwx.com/*
c456c2d03b83d35829f0b8dbf57c3d86,1156510100,9,bj.hpwxb.com/xf-MB*
c49467abf838a6ff7660c504db941f8c,1156320100,12,www.youluwx.com/*
c4a7ed716fb044978c3517d61e047e5e,1156510100,16,www.youluwx.com/*
c4eca9a39ea66db21530a583301c9386,1156310000,5,www.youluwx.com/*
c52db56e53811a64f3e44a05085d07b6,1156513400,12,bj.hpwxb.com/xf-MB*
c5372a16f279f3b6499c81b1eb089fe2,1156130500,11,www.youluwx.com/*
c5fd0b36759f75491c71ba273e3df06e,1156340800,2,www.youluwx.com/*
c6234759f3b7c4846330c305812ccd8d,1156370100,57,www.feiyue119.com/*
c636c820083d46c87d11f58fd65f9aef,1156511600,20,www.yd119.cn/m/
c6514fdd898c5be8ade184c8f6f7870c,1156130900,29,www.jhwx.cn/zt/m_xfgc/*
c74348b15e107c783a67f3cbe031f86e,1156370600,2,www.youluwx.com/*
c7ed7e70e9777edd6a64f8f5f57b38fb,1156130500,7,www.youluwx.com/*
c7fad0d31c8f768f7fa259f70f84287a,1156620100,8,www.feiyue119.com/*
c807d5d55bec5571f067450ffe1013df,1156321100,12,www.youluwx.com/*
c809210f079ee28ee2606a9cd9f029c3,1156130200,69,www.niceloo.com/tg/xf*
c81f04da5809a5fe58cfd3dc88dd7d38,1156130100,49,www.feiyue119.com/*
c83dd7627cf2f29bd178d3c4b8d0a466,1156130500,12,www.youluwx.com/*
c85c8b029bce26ab5fe47b5421ff0b11,1156370100,8,www.youluwx.com/*
c866d5e8c6f694b897afff110b9d332b,1156511800,28,www.youluwx.com/*
c97bebf2423d9d38767dea5f36616186,1156500000,7,www.youluwx.com/*
c981883d6c8696adddaa9fee0c316ed2,1156320300,42,wap.bangkaojiaoyu.com/bjtg/xf/*
ca07721e86f90c6a99f8153096a0901a,1156511900,10,www.youluwx.com/*
ca112bba8c969ac084e96f3f5a8d7236,1156130200,3,www.niceloo.com/yixiao/*
cc30ede1cb1bfd8485b2eca612b8996b,1156130100,10,www.youluwx.com/*
cc34165cc138ce9c78522b5eb1f311b5,1156370600,6,www.youluwx.com/*
ce2501e57dbd2bb0121ca6d8bf7dfcef,1156130900,6,www.youluwx.com/*
ce3602b625689d26ef52140fd16b48e2,1156532500,10,www.youluwx.com/*
ceae5bf638fc4d41e3e7c02a578f9e4c,1156510100,3,www.youluwx.com/*
cf5136b2d521273c18252f63cff19df0,1156130900,57,www.feiyue119.com/*
cf803242a727e7bbccef72cc31295737,1156130400,8,www.youluwx.com/*
cf925a7da0788cbebfe8011d2f6ee9dc,1156371100,1,www.feiyue119.com/*
cfa3f00212abf33f0036275a2c81ba05,1156130100,11,www.youluwx.com/*
cfe9d0ff64ebe862458b67f82a40a25d,1156320200,4,wap.bangkaojiaoyu.com/bjtg/xf/*
cff767d6e1c57b2410aa2a18fe0cc001,1156130900,9,www.youluwx.com/*
d23db3e7d3871528f7d1992ec181f076,1156320800,13,www.youluwx.com/*
d278b590a1fcf98362310984ee1ecf0b,1156130800,13,www.youluwx.com/*
d2dad4bf58d3168db7e80b57038d56aa,1156131000,5,www.youluwx.com/*
d2ea7d6a79ae726111ea6bcd4eb9cade,1156510900,10,www.youluwx.com/*
d3099d9316c84c8d03536e4b66cfa2b1,1156130500,15,www.jhwx.cn/zt/m_xfgc/*
d3d1dbfe148cf9fcdb52f3d585b475a5,1156321200,2,www.niceloo.com/yixiao/*
d41fe802c81b9d6233f8dfddce560a7a,1156320100,11,www.youluwx.com/*
d4653d4df8f30cbb606ceb87b5502ea2,1156513400,6,wap.bangkaojiaoyu.com/bjtg/xf/*
d49da1c2ff7fac537b0b4f81695c83e2,1156130100,12,www.youluwx.com/*
d4cfcea7e225f4d8e1aaad0a9791470a,1156371000,13,www.youluwx.com/*
d5202cf9e0cf83c8684b1933a8760c68,1156310000,6,www.feiyue119.com/*
d56f3517035fdb92d67b706f82f32ab7,1156512000,30,www.jhwx.cn/zt/m_xfgc/*
d582dd7395c84506dd131f5e114e0b9a,1156510100,6,www.youluwx.com/*
d586b731ca17a0edec56bd0841f8ee09,1156511700,8,www.youluwx.com/*
d592c7d500f42e71ebe84c26ed0238b8,1156513400,1,www.youluwx.com/*
d5c5dc2ab8e2c9d89ce34cfe96adf11b,1156510700,11,www.youluwx.com/*
d5ff00c9187a5ac29f3a43a25258e863,1156370600,7,www.youluwx.com/*
d675741e8fd8a703756553976a872db5,1156130100,1,www.niceloo.com/yixiao/*
d68ff43a732bf7f83281609358bdfbc6,1156370100,9,bj.hpwxb.com/xf-MB*
d6d796a875e6384067c1a9c8e30a06ba,1156370500,4,wap.bangkaojiaoyu.com/bjtg/xf/*
d71b046eb382a52df44f36d0dd9c9330,1156370600,6,www.youluwx.com/*
d72eb10abcc032061488bad42875bcac,1156131000,34,www.jhwx.cn/zt/m_xfgc/*
d807f0656f5223b6dedc4824ad12b379,1156130100,12,www.youluwx.com/*
d81683588dceab664cb5616e5dd14968,1156130100,1,www.yaomiedu.com/wap.html*
d825bb224db5bd12869b65956fc09252,1156370200,3,www.youluwx.com/*
d86a32d159551ccab742e887ba567fc3,1156130100,8,www.youluwx.com/*
d88793412932b99d635b924ee2ed2473,1156310000,1,wap.bangkaojiaoyu.com/bjtg/xf/*
d8daba1bae1f119fdf80952c071b6ff4,1156130500,22,www.youluwx.com/*
da033140593c2050f9785486b6a44aeb,1156370800,19,www.youluwx.com/*
db5672ceff06786ced7348141425f96a,1156130600,4,wap.bangkaojiaoyu.com/xf*
db712ba3bb06dd49dfbe9b4a2f3c8950,1156513200,11,wap.bangkaojiaoyu.com/xf*
db79c8b2be95efc3ced979593b7a9138,1156130900,33,www.feiyue119.com/*
dbb5542d98d50b4269f84ef520a13a8d,1156320200,7,www.youluwx.com/*
dbd9eaf5c5c1a0807144f52e1f10ac23,1156310000,5,www.youluwx.com/*
dc02ecf8d06804cd1722e889458ffa1e,1156330500,26,www.youluwx.com/*
dc6ba50650e82ec3bbc3b024f29890fc,1156320500,71,www.niceloo.com/tg/xf*
dcc04e7b8ee89d1f75733b41abfef053,1156510700,7,www.youluwx.com/*
dcd2449c8414b9c1271abbcb8461ef3e,1156130500,3,www.youluwx.com/*
dcdd3f82017ead09027510f3b41ebb60,1156130600,8,www.youluwx.com/*
dce572940d30e4679ab2529666c60297,1156130500,1,www.niceloo.com/yixiao/*
dd3fa5098357b70c1004ff9cdbccb65e,1156130600,11,www.youluwx.com/*
dd79a43bd4ab2cace184f0842d0ac69f,1156511500,12,www.youluwx.com/*
dd8064122bc0b68976d7ccbebe401175,1156511500,2,www.youluwx.com/*
dde609aba8acae4bd5b385975225f127,1156510400,1,www.yaomiedu.com/wap.html*
de171f4617d37b5ae71d7773bf9af249,1156130400,37,xfgcs.krs119.com/m/*
de254fd106aeac0193a8c2ac282d2f77,1156430200,37,www.youluwx.com/*
deb0528c4b621ca0c42e720f4120da5b,1156511100,10,www.youluwx.com/*
def22222dcf2407029ab975d0fad432f,1156430100,1,www.youluwx.com/*
df16d8f55009e735497fd3123af8fe89,1156370600,1,www.youluwx.com/*
df4e03006fce4a32eaab6aaec9b1c68d,1156130100,16,www.youluwx.com/*
df622f7db42dce4837b2bd3d8dea567c,1156371500,3,www.youluwx.com/*
dfb7b99f2b89278e648faba5176eb12f,1156130500,16,www.youluwx.com/*
dfc15ea193a22bc24250c2cf99282cdf,1156321000,27,bj.hpwxb.com/xf-MB*
e000a069e69a3b5450b74bfcecad4e11,1156130800,11,www.youluwx.com/*
e0477a10385c9440434d43f5c47829f0,1156371200,1,www.youluwx.com/*
e11c6e33bb842c51f3ecca33afa1c7ba,1156370200,51,www.youluwx.com/*
e13f6fd300221e74d2955658dd8edc4b,1156130200,10,www.youluwx.com/*
e1a0ba280d994ed817f7e91ea1a2186c,1156511100,12,www.youluwx.com/*
e1b27ee66dff5186a8ee4627c41e6dc4,1156320100,1,www.niceloo.com/yixiao/*
e1bf8d88e12fbd5ea788040098e29533,1156131000,7,www.youluwx.com/*
e24fd6d66803da402970838e13bda481,1156130500,11,www.youluwx.com/*
e2a1ce313c3362d4345b1d63c0efd940,1156510700,11,www.youluwx.com/*
e2e38a7f45425f466d468eb700afe204,1156231200,44,www.feiyue119.com/*
e3104f6244fa39b6fb04aa8f2001d24b,1156371000,26,www.jhwx.cn/zt/m_xfgc/*
e37cfda96b8b3f02a0ded73bb2e2cd5e,1156130200,30,wap.bangkaojiaoyu.com/xf*
e38549100724b987ce3a9dcc9fd2be6e,1156510100,11,www.youluwx.com/*
e3df2ca8c9a8ed6549abd6d7670071b8,1156371700,1,www.youluwx.com/*
e40e58a381293f4bb66613adbc428504,1156510100,10,www.youluwx.com/*
e45e012c77c7a7d3565f88caf261a047,1156310000,2,www.niceloo.com/yixiao/*
e4a7f39c4f1b3cec36aca2c00684b853,1156510100,1,www.yaomiedu.com/wap.html*
e4effabc4f87a0da6b01f3f79f5e2d4f,1156320300,22,www.yd119.cn/m/
e522ed8e0abc480acbc4a2cee69b4a23,1156511600,19,www.youluwx.com/*
e52c5afe32ee3d3f6fa8182b6198a341,1156110000,5,www.youluwx.com/*
e65df26c7136af6c458a3e77d1617a2b,1156371600,3,www.youluwx.com/*
e692277425cba1eb38b5380ee2bfa636,1156510700,51,www.feiyue119.com/*
e6e457ce142a532608a9e217212f48ea,1156510100,3,www.youluwx.com/*
e720200d7322499b22541456a6cc6c98,1156310000,2,www.feiyue119.com/*
e7d30db1a3adefe8d6d44fde2c0515d6,1156370900,4,www.niceloo.com/yixiao/*
e8203dcbd76e0d2b105accb36c2362ed,1156510100,56,www.feiyue119.com/*
e83953ef4f4bf5ed5a682bb599f89491,1156511400,1,www.youluwx.com/*
e85fb866a3c24357e78369df6a32a686,1156320100,14,www.youluwx.com/*
e9283ee38bd550c7c8867b71027d52cf,1156130100,9,www.youluwx.com/*
e9e3afe298233dd5136bb0c6cdc33aad,1156321300,1,www.jhwx.cn/zt/m_xfgc/*
e9e93fb7ae5ce152b67e8083469682fb,1156512000,1,www.youluwx.com/*
ea3e342e51afa28052b172f443a780b6,1156510100,1,www.feiyue119.com/*
eabb988bb96564b7e85edf5e8dfe33f6,1156370200,3,www.youluwx.com/*
ead51e0e56dd2c0c52eefa232c6f1d49,1156371000,12,www.youluwx.com/*
eb1df91ceea59f5afdc8f7638cf7ee50,1156430100,3,www.youluwx.com/*
eb21723e219de19bad5b8ce8804c6763,1156130700,2,wap.bangkaojiaoyu.com/xf*
eb2dd5697712ca12ef194c2d9cbdcdda,1156510100,3,www.youluwx.com/*
eb3625e7a055360e70a9e6ec94a91bac,1156320300,32,www.jhwx.cn/zt/m_xfgc/*
eb6bccb5bf03c2505f867c9f333ec0d3,1156371400,29,www.jhwx.cn/zt/m_xfgc/*
ebaa4cfee1f6bab94babc416c0802cf7,1156370200,8,www.youluwx.com/*
ec12c016819bd34d6b0f91f598c6da45,1156130100,51,www.feiyue119.com/*
ec2c8a3c0037be6259232d872eba83c2,1156130400,23,www.yd119.cn/m/
eca0ff033ce4b492a65c7a74c966a068,1156130500,10,www.youluwx.com/*
ecaccf40c01bd5d0c75c72f137dfb4d0,1156320700,9,www.yd119.cn/m/
ecdde380cf00c147995290d2806d005f,1156131000,1,www.yaomiedu.com/wap.html*
ed912813b45cd075e7bcaadd235a3177,1156310000,9,bj.hpwxb.com/xf-MB*
ed92461e55367d9f10ff9c1a9ff5c7dd,1156371100,5,www.youluwx.com/*
ee1c1ebcd4590630560c30c32cb9f7f9,1156511300,22,yidongm.zzbredu.com/*
eea2f47b48e89238066126a8fe17621e,1156370400,1,www.niceloo.com/yixiao/*
ef237f3325caf99cd93ea4d9fadc57f3,1156371000,26,www.qddfxfpx.com/*
ef4232a45f366c5b534e7d46e4d19db6,1156510100,55,www.feiyue119.com/*
ef76ce6c170d217a2ebf13496f7b2383,1156130700,12,www.youluwx.com/*
f0d2bdac35b7c09fa1b4162347055bd3,1156410800,1,www.niceloo.com/yixiao/*
f14af7d61e9fb36b51463aa815a5d003,1156130700,1,wap.bangkaojiaoyu.com/xf*
f1c35c0256a2dbe1726320cef1ebe334,1156130400,1,www.niceloo.com/yixiao/*
f2aa85bd77b1cdecab0cd8090d9c7b09,1156370600,11,www.youluwx.com/*
f3677543c431b26b16683b59c2cd4f4b,1156130100,1,www.niceloo.com/yixiao/*
f3d09c16c32aa0edc824c06924f0d412,1156130800,18,www.jhwx.cn/zt/m_xfgc/*
f41b695041256f2eab70b4d158fdf2d3,1156510700,3,www.youluwx.com/*
f4211efb4d081bd142d8e815f18879d8,1156511500,10,www.youluwx.com/*
f45b7f29a64ee57592a10c2de10ba9cb,1156130200,13,www.youluwx.com/*
f4b1cd688a6e51bbb05e4f55035b44ca,1156341600,4,www.youluwx.com/*
f5dd93602ed141e3df03e2d944826a43,1156130100,20,www.jhwx.cn/zt/m_xfgc/*
f600ceb589941d57cebf3dc552ed5b79,1156130400,6,www.niceloo.com/yixiao/*
f621249db33ca317db5d03daa4b4753a,1156510100,13,www.youluwx.com/*
f6af9f93a6aece8d7f8fa24943ee89a4,1156150400,7,www.youluwx.com/*
f6ed1a7c381cacffd1e61fde870324f8,1156371000,4,www.youluwx.com/*
f70ca69649d6c076b019a669a02f7afb,1156371600,20,www.youluwx.com/*
f732b8d058d09edd8662663d47164b59,1156310000,6,bj.hpwxb.com/xf-MB*
f815cf9991ea60045d3f1e93a298e4dd,1156310000,4,www.youluwx.com/*
f848e1e522380b2ee5e96259eece91e1,1156320600,1,wap.bangkaojiaoyu.com/xf*
f84db12fdd8fd84330ca4034190de398,1156511000,7,www.youluwx.com/*
f8c84ad81a93f7010d062d122d51955a,1156321000,1,www.youluwx.com/*
f8d6e97640e563fe18ab517378f3d695,1156510100,5,www.youluwx.com/*
f8e093f31fd03afd7939b35233dc0eef,1156370100,3,www.youluwx.com/*
f941b09ec0fde4b392a088d5a564255a,1156130900,8,wap.bangkaojiaoyu.com/bjtg/xf/*
f94efbd1e732c3707e528a5a2bf072f0,1156310000,7,bj.hpwxb.com/xf-MB*
f9a0391e78b8751526366f0b27bb8710,1156320100,6,www.youluwx.com/*
fa6f6a84f3ffbe7069e5e1b1baf18746,1156130100,2,www.youluwx.com/*
fb8cec873f8b8b82b45e1996c0172263,1156511300,4,www.youluwx.com/*
fbdc78051d0e7a1b184653e1fa4eded1,1156130100,1,wap.bangkaojiaoyu.com/xf*
fbeaae0b8c4bf6519d94fc8c296a5150,1156310000,5,wap.bangkaojiaoyu.com/xf*
fc62dde8363542409a03c579a4491938,1156510500,5,www.youluwx.com/*
fc6315cfbcd4719a9a98e4f560c13b2f,1156370200,6,www.youluwx.com/*
fccef025d7b3ca11ed3e7f792c03a5d9,1156131000,1,wap.bangkaojiaoyu.com/xf*
fd137b2eda3b8110b96f9b1b35767da4,1156370300,13,www.youluwx.com/*
fd39c8730d8c6e6b80866c76556dc47d,1156371600,26,www.jhwx.cn/zt/m_xfgc/*
fdfb437009aa5969ba1efcdb4a6a9a6f,1156320500,12,www.youluwx.com/*
fe2bfc60351edf3c2af3fb43d2679e3e,1156370200,4,www.niceloo.com/yixiao/*
fe3ad09e8e527a69d49708cab3144685,1156320200,1,www.yaomiedu.com/wap.html*
fe69dc3e04951956e79c312edbcf6718,1156510100,7,www.youluwx.com/*
fe8f9bfb8ca144f7914459282aa48eec,1156130700,16,yidongm.zzbredu.com/*
fec7af2cbba1b96381fed3c8c5b7238f,1156130100,13,www.youluwx.com/*
fef57c1ef15586f1bc841212050e4502,1156510900,5,wap.bangkaojiaoyu.com/bjtg/xf/*
ff23671dd39697ab02a445cf01d184fb,1156510700,12,www.youluwx.com/*
ff39f38acd40f3235b872e8c21ba8a54,1156130100,27,www.jhwx.cn/zt/m_xfgc/*
ff669451f1090a83ef994b2ecee67643,1156510100,1,www.youluwx.com/*
ff892fb1a65bd95088731b9bfce82930,1156320400,5,bj.hpwxb.com/xf-MB*
ff8eae3b1c5da46d194517cdc6e822dd,1156511400,3,www.youluwx.com/*
ff9ddc05a2c7fd50e19900e9b615f288,1156512000,1,www.feiyue119.com/*
