0027a44063cd6f421fd4cbf75d7a42de,1156511500,81,m.cdlrzs.com/*
00297175fa4f3eb8d0fb1aafbe3c53ae,1156511400,5,cd.m.dyrs.com.cn/*
00543a0774f959f3a6ee99eabb621c30,1156511300,3,m.shj.cn/*
00dd74def86d96b6b611309cfff9b9a1,1156511500,27,m.scmhtxzs.com/*
00f4f16f90e6147fce0e1072edf85c34,1156511300,70,m.cdlrzs.com/*
01633191409a87379d5d539b12df4b26,1156510100,1,m.zhuangku.com/cd/*
0192b227c4acb80b40b6c88d39fb0d62,1156510100,5,m.cdlrzs.com/*
021cf7c9ad5fc5d312d3a70883e5456a,1156510100,2,m.zhuangku.com/cd/*
022998787e47a96463f4082ebdc7ff86,1156513400,8,m.scmhtxzs.com/*
023c4cb45ba6616de8fee6d8dbeb51e7,1156511300,58,www.cdshanding.com/*
0288d172c7b201b8a6e1ff3ab64d986a,1156510100,26,m.scxblzs.com/*
02b6d3a6aebb1727f18ee215a8e09bbb,1156510400,88,m.chuanhaozs.com/*
02c3a9102519bc30a9c0398a04e0177d,1156512000,5,m.cdshanding.com/*
02fac39416b3ed489fd51cc90a1565d8,1156510100,38,m.scxblzs.com/*
0334c850d809c38b1fa5ed688f5c6185,1156510300,26,m.scmhtxzs.com/*
0344ef74b4f0e218a22cf69e7a1fcd00,1156510100,2,m.shj.cn/*
034c8f50b014d68ff1307324a39fccc6,1156510100,13,www.yd1998.cn/*
038b98b1a690d025fbbe9eb27f64db2b,1156442000,1,m.zhuangku.com/cd/*
039fa193592edc7efeaea3bf6052b7b2,1156510300,24,m.cdlrzs.com/*
03add468d3cc53746f9d413712c91190,1156511400,14,m.cdzpg.com/*
03d3a0049ded6e39f5e901a78eff5a45,1156511700,18,m.scmhtxzs.com/*
03ee136370be6404b408262650917370,1156510100,22,www.028dd.cn/*
041087cf64128d6baa4687cd7a4bfe71,1156510100,2,cd.m.dyrs.com.cn/*
04740735b64644827426d80dc65d4fef,1156510700,2,m.zhuangku.com/cd/*
049b96ede301bcbf73a0e39a90255919,1156360600,8,www.cdshanding.com/*
04bd26d826c515df4d2e6b14f00ff529,1156511800,4,cd.m.dyrs.com.cn/*
05219ca7ea60fbb1473fc90072d15e53,1156510300,49,www.cdshanding.com/*
052ecd348c9e723ed3cfb85c17922674,1156510500,19,m.scxblzs.com/*
055d48a0b50a25ec8439cb4c9d720bf8,1156511300,5,m.scmhtxzs.com/*
05718b9f54c36d9ad541987ab7d0dff6,1156510100,10,www.wuyouzhuang.com.cn/toufang/h5/*
059855fc6059d494424862e4011f33bf,1156510100,60,m.bhjzs.com/*
062c8141d183d280a7d6b55581639344,1156511300,5,cd.m.dyrs.com.cn/*
06ae93c3d2a217e4ea704469e5e5b795,1156510100,64,www.cdshanding.com/*
06fb1e2236564029a5afd98699ddadf3,1156510600,88,www.cdshanding.com/*
070baaa2a1dbe5030e53c12a5410ee9b,1156510100,20,m.bhjzs.com/*
071eb8b08a30fca682d29377f6539b42,1156510100,14,m.cdlrzs.com/*
079cd36d386e0f94d449b427772c5185,1156510100,14,m.cdlrzs.com/*
0808ce60cac55a74046a1a09379455af,1156510100,30,m.chuanhaozs.com/*
080912c5d66d461fede2548950e9b888,1156150100,13,m.cdlrzs.com/*
0818c2825fee8e3bb2f7e523fc8beecd,1156511300,31,m.scmhtxzs.com/*
0843769d15864e55a0c41f42bbc8afd7,1156513300,1,m.zhuangku.com/cd/*
08b5afe205ef0e464a8a3a2c5afe2785,1156510100,1,m.zhuangku.com/cd/*
08f56816dd58ed85c7be8baf5dfcc507,1156511400,26,m.scxblzs.com/*
091e72958dfc51161b4d926f2ffc08fa,1156510100,28,m.scmhtxzs.com/*
09d19b3f48b4432759d19179f2b4e84d,1156511500,9,m.cdzpg.com/*
09d2b5ded704b920ebd6031c404b9a2f,1156511300,16,m.dazhongfazs.com.cn/*
09e67d3b88b29017bbef629411644dc6,1156510300,46,www.ztxzsjt.com/*
0a37085d81a0c3b956dc5c50f8f13e43,1156510100,16,m.scxblzs.com/*
0a944387bd711517809e7e0bda64bb56,1156511600,56,www.cdshanding.com/*
0b10e9961d95a8d96d74eee6629794e2,1156511800,38,m.scxblzs.com/*
0b3aa29d1f507b2209763de96b7e2be1,1156510500,1,m.zhuangku.com/cd/*
0b4285fb1877e5bee6dc3b79c5801e96,1156510700,3,cd.m.dyrs.com.cn/*
0b4877c4b69cf0e10a034340d93b53e3,1156510100,12,m.scmhtxzs.com/*
0b4bdf47ede3a452ffb0f14cbe8857bf,1156511900,3,m.scxblzs.com/*
0b4c819017243ec857a62c4d2e31a7bd,1156511300,1,m.zhuangku.com/cd/*
0b80142694e5d79c1e7bcaf9527f1b8f,1156511600,7,m.cdshanding.com/*
0baa2516329d96d102e497a18d4c0fda,1156511500,9,cd.m.dyrs.com.cn/*
0bc77a953e1f34b3046bb591dd5a5ea0,1156510100,68,www.ztxzsjt.com/*
0c3e2a0c9d7484c8ba1cdde7f5b247a2,1156513200,30,www.cdshanding.com/*
0c5b0e81ceb44b73100be543548a4d88,1156630100,25,m.cdlrzs.com/*
0c79076c153217136adb8b4172aa2507,1156511000,42,www.cdshanding.com/*
0c94c696937abc7496cec92355067992,1156510900,36,m.scxblzs.com/*
0d02394b3ce23bc2d5a154586b5d3c0a,1156510100,10,www.wuyouzhuang.com.cn/toufang/h5/*
0d309cfa63a741a2bc79b3bb981d9a09,1156511600,43,www.lbzsx.com/*
0db32c068503d384883deac0a188dafd,1156511400,78,m.bhjzs.com/*
0ddcb8248e19b0a73613f34647db3c75,1156511600,43,m.cdrtzs.com/*
0e0e830657a0a78cf4e9d987fe1408d9,1156510100,3,m.zhuangku.com/cd/*
0e902abe13c4c4ed1deb4d6edefb8668,1156510100,10,m.cdlrzs.com/*
0eb6fcc0e40f2b43d0047aa5e9e65c79,1156510100,103,m.zhuangku.com/cd/*
0f0cf4ce60eddde577a8b07307039d44,1156510100,43,m.chuanhaozs.com/*
0f467ff9c9c77c5e4de9bf515e95a1a0,1156510700,12,cd.m.dyrs.com.cn/*
0f72dbd5840fc3d9ebffb00f04b4cf2e,1156510100,1,m.shj.cn/*
0fb82b92022356af57b7138ac35cca6b,1156511400,13,m.cdlrzs.com/*
101ff52e25c6e6cbec9b9c2cd02c0cd1,1156511000,37,m.scxblzs.com/*
104d3b29330226b080d76a50ca26cc49,1156522200,17,m.bhjzs.com/*
1066cf692e8458483a48bc21599206de,1156510100,15,m.chuanhaozs.com/*
10bf738e7a802bd9a3b4affb7bdf06b1,1156511000,27,m.scmhtxzs.com/*
116da22eb53b798c68c5df6d9f74d576,1156510800,146,www.yd1998.cn/*
11bd85c5b2fb5a53c809932e9815ca7c,1156511000,14,m.cdlrzs.com/*
11ed113f1498ff8cbd89e8fbc256cb2d,1156510100,4,m.zhuangku.com/cd/*
12662e2255c001f06eb73392f782d539,1156513200,171,m.scxblzs.com/*
12980e47de81d9d3d1cc9b228d528a04,1156510800,33,m.scxblzs.com/*
12aa5298af45415570715b2a8ee6a1b3,1156510900,2,m.shj.cn/*
12da9df488b62e6860f27adda7e244bf,1156510100,16,m.dazhongfazs.com.cn/*
12ec1450067aabdea26f467c3ea35523,1156511300,2,m.zhuangku.com/cd/*
130892ad6c0dc46072dc79ecbf70d174,1156512000,47,www.cdshanding.com/*
130935c0006f2c0ab434c202c1ca4417,1156511800,60,m.bhjzs.com/*
130b68e2e5bd067f96f2d4e00ce03ba3,1156513400,1,m.zhuangku.com/cd/*
132a73fd1b414df016100f9c6dd207f9,1156512000,53,www.cdshanding.com/*
134988bd8ca392d80c5a8b2cfd78c2a6,1156510900,1,m.yzf.com.cn/*
134a557eaa98f7c4ddcc8a6f5117b826,1156511900,13,m.scxblzs.com/*
1365d22bcfb47f0b8ea900581e7ae03f,1156511500,13,m.chuanhaozs.com/*
139c33a309f8fe34dc1ad5a2c0ddf96a,1156511500,52,m.cdlrzs.com/*
13d25ae2c05c6ac2310e1a96c63476ac,1156510100,16,m.dazhongfazs.com.cn/*
13de0f1a2989fe3ae4c6107759c0756a,1156513400,1,m.zhuangku.com/cd/*
13f77ed361ac9b161750b97c64181197,1156510100,7,www.wuyouzhuang.com.cn/toufang/h5/*
1418e317f4ce0e4897d88c4c419b41ba,1156512000,16,m.dazhongfazs.com.cn/*
1475ae98410008a70b815516db8c16ed,1156511900,1,m.zhuangku.com/cd/*
148e8dca14fe773b0e1aece49d6d92cc,1156512000,1,m.zhuangku.com/cd/*
14da13a74ae39a547b9b113693d56a02,1156511700,32,m.scxblzs.com/*
154cc01f46739d43267027e68844b333,1156510100,48,www.bzzss.com/*
15b5824a8c8019b35c2e5f282516f1fe,1156511600,28,www.u-workshop.com/*
1600519225bafd26434a718893425e24,1156510100,112,m.scmhtxzs.com/*
1639374971278821972b647dfc445ecd,1156510100,16,m.cdlrzs.com/*
1641b6a19174239f91a06fb8bc1a0746,1156510600,27,www.yd1998.cn/*
16456d48f0868d5e9c04b4d339fffc9f,1156510400,36,www.cdshanding.com/*
169caeb9d102fbaa3bee97efd3314d7b,1156511400,111,www.lbzsx.com/*
170227be6b9651e9b8a677ec818a55cf,1156511500,42,www.cdshanding.com/*
1707c166c191c293851eaa60ebefc710,1156510300,1,m.zhuangku.com/cd/*
171eeaf8c1fcb2d713cc2ee85ae68f03,1156510100,1,m.scxblzs.com/*
1746870f38b08abb901f82ff651de868,1156510100,1,m.cdlrzs.com/*
176b0742fd25a7c9400bcd095a4c6790,1156510100,26,m.cdzpg.com/*
17744de64b3142a04b1097eddfe8db70,1156371400,4,m.cdlrzs.com/*
17d8fb80fa06a4d83e1758b2744adc58,1156510100,3,m.zhuangku.com/cd/*
183f436084b3034298a269e4d627ea6b,1156500000,2,m.tymzs.com.cn/*
184e870f0bfb87cb3492fcf807467071,1156510100,24,m.dazhongfazs.com.cn/*
185de2c064c0f1e0044d0ba2fdc693f6,1156511600,16,m.dazhongfazs.com.cn/*
1862ba366753e73f106c4ac8f0915bf2,1156510100,12,www.wuyouzhuang.com.cn/toufang/h5/*
186d90b3982d60bdb0568b0cd0483ec4,1156510100,33,m.scxblzs.com/*
18e5e2d56f4759afe4816a87563ad8b7,1156510700,4,cd.m.dyrs.com.cn/*
198fa1b381345c976ca5e44ca92c6e8d,1156510800,22,m.scmhtxzs.com/*
19944d07b495091f2dc9f719f835f3c6,1156510100,31,m.scmhtxzs.com/*
19c86060759789eddfeaf7eaddbe7a87,1156511800,16,m.scmhtxzs.com/*
1a428548455e830ea3a21ba766075eb8,1156510100,32,m.cdlrzs.com/*
1a6fd737518500338e5c41d6eb110ff9,1156510100,5,cd.m.dyrs.com.cn/*
1acbf7f6c0065ef371a3fca6c26dafea,1156513400,9,m.cdlrzs.com/*
1aef250cdbe144a124a4c0dbacbe6024,1156510300,4,m.cdzpg.com/*
1b1dd987b3c9625525d8fb9fa3158763,1156510100,14,m.cdlrzs.com/*
1b35ff830361f99cc45bb340a2aad3c3,1156511300,15,m.dazhongfazs.com.cn/*
1b7f4c5c1b545e5cb91131127d0e776d,1156511300,3,cd.m.dyrs.com.cn/*
1bdac0aaf6cf0a8ad804456b801a216d,1156513400,26,www.cdshanding.com/*
1bf8ef0bc561159bb7701b8d7865da4f,1156511600,124,www.cdshanding.com/*
1c591c31be8f7e95b5d6a9ab621f2d67,1156513400,1,www.sdzs.com/*
1c93b3a8fee9ae0675251d3d3ce67258,1156513400,11,m.bhjzs.com/*
1cfebce69b4f32abe486fda498e58c1e,1156511700,4,cd.m.dyrs.com.cn/*
1d2017a5457fe1163fa9a777020a4cb5,1156510100,36,m.scxblzs.com/*
1d5fcd456022fada77673cd1efcc4078,1156510700,88,www.cdshanding.com/*
1dc20e203cd53a52f0742401ea0cac51,1156511300,3,m.hexinju.cn/*
1dc6a5fece843bb9fda3872ef4f81400,1156510100,37,m.scmhtxzs.com/*
1df391d56a16200b14e29a3617b1f35e,1156510100,3,m.zhuangku.com/cd/*
1e0e089507f51162438a9742b097e4d2,1156511500,2,m.zhuangku.com/cd/*
1e42849d381769fd367857aad80f043e,1156510100,1,m.dazhongfazs.com.cn/*
1e853a3a11bb89953ee466da62ba32b0,1156510600,1,m.bzzss.com/*
1e972ec6089d789095ac37f0963035eb,1156510100,18,www.scxblzs.com/*
1ea27d258e569329390c637cac24721f,1156510500,14,cd.m.dyrs.com.cn/*
1eaaa5916049cbe2c9da1939ab9459fd,1156510100,1,www.lrzs.com.cn/*
1efd287dbc90dcb7f89e2d17f81e9a3c,1156510100,1,m.zhuangku.com/cd/*
1eff422e008a582517e3b401d46c509a,1156510100,55,www.cdshanding.com/*
1f83b5740a68ce30790d59b5ed90d657,1156513300,16,m.dazhongfazs.com.cn/*
1f9ac6e4b98181bd4fad19d6caa2b938,1156510700,1,m.scxblzs.com/*
1f9dcefab9bd3773c50f95fd16af8049,1156510100,9,m.scxblzs.com/*
1ff5ad2c1436284851dc81036df719ef,1156410100,1,m.scmhtxzs.com/*
203d4b84d26baf0246a255577b28888d,1156510500,1,m.cdshanding.com/*
20a8ecd7a13456c45d19ba2da1aa5d15,1156510100,18,m.scmhtxzs.com/*
20bd9914a12808e8e503a0889d7db92c,1156511400,22,m.bhjzs.com/*
20f8b6e3d633e15c5882a6551ed5077c,1156511700,5,cd.m.dyrs.com.cn/*
216354f6b28cac3009b391c6f5ed1d89,1156510100,13,m.cdlrzs.com/*
216e43c5f98991864b19590f93c239b7,1156511700,42,www.yd1998.cn/*
21c68187a0b0c237a3a66ba47d9bdde6,1156510100,1,cd.m.dyrs.com.cn/*
223ab928ffaa9f6c3805dabd8d383f4c,1156510100,1,m.chuanhaozs.com/*
2259bd201737f4c5a657d1052f2a9caa,1156513400,108,m.chuanhaozs.com/*
226c3ddd4111802477b94ee49521aae5,1156511900,3,m.shj.cn/*
22916269b94dc323a180ba6f00e1cd37,1156511900,70,m.chuanhaozs.com/*
23293d29c80917aa0124c9d786a5da24,1156513200,26,m.scmhtxzs.com/*
239372b6dcb9a66520cf32d88689890f,1156510700,40,www.cdshanding.com/*
239b152823975c1f981b25d269439fd0,1156510100,44,www.cdshanding.com/*
23e200704c266e523702b06489d2d91c,1156510100,2,m.zhuangku.com/cd/*
2403ecd5c1f29dfc14ce27c20e7950e1,1156510100,8,m.cdlrzs.com/*
244717165337e83d8bfac9db20aed0ad,1156510100,57,m.chuanhaozs.com/*
24493379b01c37ab9807fb3ea8a5cecd,1156510700,20,m.scmhtxzs.com/*
245cf9506211d97d3cd4579891607b76,1156510100,57,m.bhjzs.com/*
24789e7723c0eadf1aab511eece7b97d,1156510100,24,m.scxblzs.com/*
24aec627005eac107e2420bb4364160a,1156511300,3,m.shj.cn/*
24b2c861064ec800cf8125d39e570c7b,1156510700,79,www.ztxzsjt.com/*
24b42c7f1c21ab4b23dd1ca88fa9a6ae,1156510100,1,m.shj.cn/*
24ed1b12a61a2cfa88dcb7894696bea2,1156512000,10,www.wuyouzhuang.com.cn/toufang/h5/*
251fc48c8c2f841cdf5f3525548cb946,1156512000,6,m.scxblzs.com/*
25362d0331bc8117d9ba83ccf75bd952,1156510500,25,m.scxblzs.com/*
254c8c8967121d8527ebe0e39b29d9c6,1156510700,2,m.zhuangku.com/cd/*
25608bd8f281cfd8a3cdcb275ad049d4,1156410300,4,m.cdlrzs.com/*
261c864378a0cb564b23562ee9529e7b,1156510100,14,m.cdlrzs.com/*
262376f5c1acbce6fd372e79a128b346,1156510500,6,cd.m.dyrs.com.cn/*
262fdae5bb5137d2a34e420444c974bb,1156510100,5,cd.m.dyrs.com.cn/*
2670b4e047bee1c7e9f662f7129619dc,1156510700,5,m.zhuangku.com/cd/*
26a631d69e34ba04135df78a7a09d12b,1156510100,4,www.wuyouzhuang.com.cn/toufang/h5/*
279dd90f5b6e380780e137f0ee44a491,1156511400,27,www.ztxzsjt.com/*
27f282cef0f76ef752bbdeedf9220ce1,1156510100,10,m.hexinju.cn/*
28e6104c14446fd0e1c663647bd2abce,1156510800,1,m.zhuangku.com/cd/*
29274ca28487ae5296928ac261cb149c,1156500000,4,m.shj.cn/*
29d79bc9202541df6ed5b22acfc00612,1156510800,15,m.dazhongfazs.com.cn/*
2a1e7228c00eaf47868f1adfcea6ac0e,1156510700,1,m.zhuangku.com/cd/*
2a3ecd6419f03f39f1e482495c0784ec,1156510500,3,m.zhuangku.com/cd/*
2a9c361f2dee8a28c305e85129877850,1156510100,1,m.zhuangku.com/cd/*
2ab2690922af9904953cb8e51357f9c6,1156511100,27,m.scmhtxzs.com/*
2adbbfaf83da02e6c785a040e8b068ed,1156510100,4,cd.m.dyrs.com.cn/*
2b0199976a89c566fca6aecccbcb71ab,1156510800,70,m.scmhtxzs.com/*
2b113786d5318a4b8fb314d097975d4a,1156350200,2,m.zhuangku.com/cd/*
2b138d2db5e48f7b69a1d1a3aa88a6f4,1156510100,123,www.cdshanding.com/*
2b17ebd48af7a9d58ca23729284f8ab5,1156511300,27,m.scmhtxzs.com/*
2b4a0c4c1c268ec43edbfb867f2a29be,1156512000,31,m.cdzpg.com/*
2b5baaf7d6a9d968070a0c753bc7b65f,1156511700,3,m.cdlrzs.com/*
2b7bf2d9624769ed564cf453b8c0fc5f,1156511300,60,m.bhjzs.com/*
2b9c13b042012a96c035b9d0f08672dd,1156510100,1,m.zhuangku.com/cd/*
2c5466218cc1b9a9f5c3dd2dbceba835,1156510600,3,m.dazhongfazs.com.cn/*
2c5a1b39e343c7f92d5380464507322f,1156511600,26,m.bhjzs.com/*
2c79741d0865ec63bb3c78749db231f2,1156510100,35,m.scxblzs.com/*
2c81d65a612cb59e7d264694ff404d44,1156511300,1,m.zhuangku.com/cd/*
2cda48be0818ee093de65e2df7ca4786,1156510400,37,m.scxblzs.com/*
2d5b062740c932a797d1cfd05f473cb7,1156510100,70,m.scxblzs.com/*
2da5b364a7072563e6edaad3ba54aebe,1156510500,50,www.cdshanding.com/*
2dbe34938b6720b1489dfa73d0713227,1156510100,3,m.zhuangku.com/cd/*
2dc19a4f9bcf68d646327d3182527262,1156510100,2,m.zhuangku.com/cd/*
2dc1b82aa9042e3ae64530f7bb13b096,1156510100,1,m.zhuangku.com/cd/*
2dcd88b49251d42d21422596a0b745b2,1156511400,5,m.shj.cn/*
2ddfce05ad1c161905fcfc473cebb1b3,1156513400,12,m.scmhtxzs.com/*
2de8645dca86f8257a749b807b931b73,1156511600,22,m.scmhtxzs.com/*
2e3de2fa6672362001edebd19b84b39f,1156510700,3,cd.m.dyrs.com.cn/*
2e44f7ebbfa5bbcaa1e43bf0230de8a8,1156511300,1,cd.m.dyrs.com.cn/*
2e4a598be46bcb7948555f020051c725,1156513200,5,m.shj.cn/*
2e52216b9105a1b18b047eaaf98322a6,1156320500,55,www.cdshanding.com/*
2ea012a566742caf284500acf9fea39b,1156511300,3,m.shj.cn/*
2efbcf15b9aef929ba0726d000dbe9ec,1156510700,1,m.zhuangku.com/cd/*
2f13fcbbab6c73e33110cf6ed5a6a9e0,1156510100,7,www.ztxzsjt.com/*
2f35dd47daad5ece83793197afbc2fae,1156511000,2,m.zhuangku.com/cd/*
2f378a96593a7744743432686084f55b,1156511700,1,m.scmhtxzs.com/*
2f567bfbbb68ba3b0ff924cb9b320342,1156511500,19,m.bhjzs.com/*
2f91fff83f0a79d521103e28b92ace88,1156511600,24,m.scmhtxzs.com/*
2fb38423c57d10069fa1812d6fec8109,1156510500,18,m.sljjzs.com/*
2fb4583068f2c1418075fa63491e486a,1156510100,2,m.shj.cn/*
2fedbc95725f908fbad828d9bd17fd4b,1156513400,1,m.zhuangku.com/cd/*
3006fb9f6823ce8f4db1ca188b289db8,1156510100,5,m.zhuangku.com/cd/*
3013b11fc5ad63f6e5d13bc7712e9ebc,1156510100,57,m.bhjzs.com/*
303fb7d6f69d8784a61a0a2e21961632,1156511300,27,m.dazhongfazs.com.cn/*
30998534be4a35b9977cc76c178a73fa,1156513400,52,m.chuanhaozs.com/*
30dd7baa70140d1c4fdc9f8cd5017b49,1156511400,24,m.chuanhaozs.com/*
30dd9334ca2f463b829c23941cba5e1b,1156511300,15,m.scmhtxzs.com/*
31163ed842f14206523e086d40ca9c81,1156511000,23,m.dazhongfazs.com.cn/*
313bccb2c1228d861c10a52d3865b7a4,1156440300,35,m.scxblzs.com/*
31b59e592ced071091f0094baa6551c4,1156510700,78,www.ztxzsjt.com/*
31cc965f91a55b71a3b0bf85e2b8ffd9,1156440300,28,m.scmhtxzs.com/*
31dbf82626db925fe736b33f30373db6,1156510100,4,www.cdshanding.com/*
322b4f574cc225d3114fd4e93d08a3f3,1156510900,27,m.scmhtxzs.com/*
32455161c9c8ba618d3d1ea429df7cb3,1156511500,22,m.scxblzs.com/*
3251613b93749f1463bdce034f5d3f04,1156510700,33,m.chuanhaozs.com/*
32a660713a725378ad9bdd7a536a77fd,1156510100,1,www.ch028.net/*
32f048e37f62e94a75c72f603c17d222,1156511300,2,m.shj.cn/*
3305354b683f8850d3a681da917531cd,1156511800,5,m.scxblzs.com/*
3316ba2f73117a6ab035f8d3a1c3516e,1156510700,107,m.bhjzs.com/*
33bb36481358bc5c989b2a30723e2fb8,1156510100,12,m.cdlrzs.com/*
33caacfb16d63231652f5346d31f52e6,1156510700,9,m.cdlrzs.com/*
33dbe0323d784b22c45585007c8358e9,1156510100,54,www.cdshanding.com/*
342d31c43b120b03c0523ea2cbc72e33,1156510700,32,m.dazhongfazs.com.cn/*
34639a7a5fe66f28b9c5105b2620def9,1156511400,2,www.ch028.net/*
34e2790aa38f954574d687d8edcc45e5,1156511900,34,www.cdshanding.com/*
34ec4b84783c63c8c323c2e0188b4c23,1156510100,2,cd.m.dyrs.com.cn/*
3505bbeeb054d917035663dc30d0e51b,1156510100,56,www.cdsmhome.com/*
353696ac53852ebdcb6f4ccee12d0c4d,1156510100,1,www.ch028.net/*
353e5d1ac070d4a88e36c6ebd8dd68fb,1156511900,1,m.zhuangku.com/cd/*
35432e0992b59fcc44b016632a94e728,1156512000,9,www.wuyouzhuang.com.cn/toufang/h5/*
356f322a4c037481dca2ee4a37841b70,1156510100,4,m.zhuangku.com/cd/*
356fa7b1c8a3bb7569614d538abc560c,1156510500,1,m.dyrs.com.cn/*
357ec6b785c82f10354094a9ef1bfa5b,1156511300,3,m.shj.cn/*
358cf2276bd4d92e3bfb7cc96d03c75d,1156511800,68,www.ztxzsjt.com/*
3593910836ddff8e4f7f92fc33f11a83,1156511900,28,m.scmhtxzs.com/*
35a54b213d93ff8fdcf8f80abab63520,1156510100,6,m.cdlrzs.com/*
35f57016fbabec94ae2d77c3119f6aa6,1156510100,7,www.wuyouzhuang.com.cn/toufang/h5/*
36024ba4615c53164b460265b366242d,1156510100,13,m.cdzpg.com/*
36042c59a6c899caef1f3758f3595dbd,1156510100,41,www.lbzsx.com/*
364fd05a614dea4c039d1031f8c38c88,1156510100,17,m.scmhtxzs.com/*
36c696f04c826086c5e1c4588c605a15,1156510600,1,www.ch028.net/*
36edd2ff03be753b2a6654469442b0af,1156510100,3,m.shj.cn/*
370ab02672b59de5148db61363db38bb,1156510100,11,m.cdlrzs.com/*
3798d82aee64f30f7e00952e33a7907c,1156513400,25,www.028dd.cn/*
3840352740fb39fd550a3213c21509c6,1156510100,13,m.dazhongfazs.com.cn/*
3890d928f95ea6575fb6214571dc255e,1156510100,15,m.dazhongfazs.com.cn/*
389815ec76837d61661fc13a7a9f90af,1156510100,28,m.dazhongfazs.com.cn/*
38cca547bd2e753aa661af791fbca7a4,1156510100,10,m.cdlrzs.com/*
38cce1bc92abf42cbd7822c1e6860dea,1156510100,41,m.chuanhaozs.com/*
3924d7d7bb605dc8fdef9dd296792ff6,1156510100,65,www.cdshanding.com/*
3977681ac2ee266af633e8c4d3df8142,1156510900,31,m.scxblzs.com/*
39cd30cc176d0a081339346d5aba88fc,1156510100,5,m.cdlrzs.com/*
39eaeccf73d2a03811a2cefbc2190b32,1156511100,13,m.cdlrzs.com/*
3a1a6dd11e3a25907597ba83810ca4b0,1156511300,2,m.shj.cn/*
3a21ae399eab888c6521ca7d166d080a,1156510700,2,www.ch028.net/*
3ac33eb65c5ab7d1399087deb46cc4fc,1156510600,21,m.scmhtxzs.com/*
3ad19bca8d083a2349e5fed0f7ba3539,1156511500,46,m.scxblzs.com/*
3ae5c960b7b9c2d2d0d366255a1288d2,1156511400,2,cd.m.dyrs.com.cn/*
3b45f2d4c43acf8066a07000cc8ed516,1156511900,15,m.dazhongfazs.com.cn/*
3b59065f9f724ed575c190da90b3ce46,1156410500,26,m.chuanhaozs.com/*
3b8164f57ae1acd7c1de36a7125271f5,1156510100,47,m.chuanhaozs.com/*
3b8a37e3a57dce0f682cb1390520da51,1156510100,2,m.zhuangku.com/cd/*
3bb067655e32fa0e85ae6be9b5e8b99c,1156510100,32,m.bhjzs.com/*
3c09a56e7a36935f51cb4822deae1682,1156510100,1,m.zhuangku.com/cd/*
3c0a5b8305f4ab7978b143bc3a853d8f,1156510100,2,m.zhuangku.com/cd/*
3cd3a7eb28b85be2005f22c7574bce40,1156510900,1,m.zhuangku.com/cd/*
3ce0beee9ca7474f2e75a7eb4118b31a,1156510100,39,m.cdlrzs.com/*
3d0b4771a4d5df7e2937292e512698a4,1156510100,42,m.scxblzs.com/*
3d2c91fde81f11e928f31cb668f709f4,1156511300,4,m.zhuangku.com/cd/*
3d9827292106074eb79faf574ee6c2fe,1156510900,33,www.cdshanding.com/*
3e2296eb6f87be36fc5103a937c92f72,1156510100,38,m.scxblzs.com/*
3e341f6e37e13714bb061f5e1ffe918a,1156511500,17,m.scmhtxzs.com/*
3e5d5bf263108e85b7e26d3796963929,1156510500,14,m.dazhongfazs.com.cn/*
3e7053d3c06c6c567024ddd245244e89,1156510100,14,m.cdlrzs.com/*
3ee433871db4e451c24ae7b89c82b931,1156511100,4,m.shj.cn/*
3f1e4b7f08be0bb120741be869dd030a,1156510100,1,m.zhuangku.com/cd/*
3f5ac8a36ad6b73b927e4ed1a43401ed,1156511000,9,m.shj.cn/*
3f60368f9a804027064bd4b9b64c2a2d,1156513400,2,m.scxblzs.com/*
3f80287fcf152df906cdb105562c0522,1156510500,1,m.zhuangku.com/cd/*
3fa007f06b491baec8c16492491e79e0,1156511000,26,m.scmhtxzs.com/*
3faa49efbf8ed32b9334e0fbec311269,1156510500,1,m.dyrs.com.cn/*
4007ea546f682ed5f3904c8bb3b77174,1156510100,37,m.scxblzs.com/*
4069bcc404693a1285d5acea0819b4de,1156513400,4,m.shj.cn/*
40b321e87150eff28095254973442bd9,1156510100,28,m.scmhtxzs.com/*
40de14b6aeeb8c19cd6319a37df85e4f,1156510900,6,m.scmhtxzs.com/*
40e7576ef33982a0ff573ba9cb3ecb84,1156510100,10,m.scmhtxzs.com/*
411cc46f7fa8018f23a657c6d708c6c3,1156510100,6,m.dazhongfazs.com.cn/*
411d467d67460d9db6e360a9d1a60bbe,1156510100,11,m.zhuangku.com/cd/*
411e402a637c409f24fe1d858d77ef5c,1156510100,33,www.ztxzsjt.com/*
41456c25fcdf479c4d60770bab2247ef,1156510100,1,m.cdlrzs.com/*
414806beb18a168d89a6d8172f6b783b,1156510100,6,m.scmhtxzs.com/*
4151e1cde623dc17fcc6c1da9fe0c904,1156513400,7,cd.m.dyrs.com.cn/*
419a3d3fd2e62d39c8c3fdbddd138c3b,1156513400,51,www.ztxzsjt.com/*
421371a18c676222e8cd886c572cd221,1156511700,16,m.cdlrzs.com/*
42527cf786e50ad5f009633111c28059,1156511300,27,m.scmhtxzs.com/*
42570dc39a051e7eeda9c660d9fab33f,1156510100,25,m.scxblzs.com/*
428265886894dfd4ae8a8e8fb6355c40,1156511100,1,m.zhuangku.com/cd/*
42936d5fbc2f654271fb492d767c79e8,1156510100,14,m.cdlrzs.com/*
42a7fe5f9a7519cec37cc7e1a24df4e1,1156511600,1,m.shj.cn/*
42c4576a492602c5d369124485f3afef,1156511900,37,m.scxblzs.com/*
43c7d68b2f69bd3699c3c3a13ca36709,1156511700,1,m.shj.cn/*
44075df3e3636073a396852f25ab61d8,1156511800,1,m.chuanhaozs.com/*
440c5492a2ae5a95194aab41108475db,1156511400,37,m.scxblzs.com/*
440d029fae5bc1355f4f5303fcc8cd6f,1156511700,30,m.cdzpg.com/*
4443951113edb3a714d7bc6ae4b6961f,1156511100,35,m.scxblzs.com/*
44aeb6e865c4ab89f33602d00d630f7f,1156510100,28,m.scmhtxzs.com/*
44b29eabbc94f7400e89bfabf141257d,1156510100,10,m.cdlrzs.com/*
44c962d093200f2017f08b2910cd5be1,1156511300,10,m.shj.cn/*
44f1ee77018d60a7c16d6ebad199b625,1156510100,84,m.chuanhaozs.com/*
452bb5dc6a0c9737803fb8ababc5807b,1156510600,8,m.cdlrzs.com/*
45c076a059a8cc66cc2566c26d3680fd,1156510100,58,www.cdshanding.com/*
460e4d03df290bb6df4499b4d9cf7164,1156511500,94,m.hexinju.cn/*
46e17605115874cdb86aab05cab58570,1156510100,7,m.chuanhaozs.com/*
46fb1921aa007455952bb2df698d4805,1156510800,4,m.shj.cn/*
471b04286b082ae5a1dc1b8c87b6b229,1156510400,28,m.scxblzs.com/*
4723c33e0f74fe700978d57e277939e6,1156510500,2,cd.m.dyrs.com.cn/*
472f6afe91494a17e98bca9b6a851690,1156510100,74,m.bhjzs.com/*
47399f635ef6956fc92d1ef5e3f26ba5,1156510100,8,www.wuyouzhuang.com.cn/toufang/h5/*
479edb1a9f183624f69a8f545d534ecc,1156510400,16,cd.m.dyrs.com.cn/*
47d569ef3ddd1e9946c98659578e261d,1156510100,160,cd.m.dyrs.com.cn/*
47d7b9949d396e29226a6bc6c1d77d76,1156510500,20,m.scmhtxzs.com/*
4810476292ab4b6d64402f23964151e0,1156511100,3,cd.m.dyrs.com.cn/*
481620462e96cf263568007755f1fff0,1156510100,62,www.ztxzsjt.com/*
48710413e329925a8c7de085278e9349,1156510700,33,m.scxblzs.com/*
48898208f748902b0514eafeaab6f524,1156510100,41,www.ztxzsjt.com/*
489d433c0882a99a2e4a4fcc980124d6,1156511400,1,m.zhuangku.com/cd/*
48a79deb89569e9c249bcad84a38147a,1156511700,35,m.scxblzs.com/*
48c629cacc0e5356025b4954bbff51f9,1156511900,42,m.chuanhaozs.com/*
48dee4497c17ef8e5e9840598d2bc232,1156510100,1,m.zhuangku.com/cd/*
48e01f0cf4230ca513b492ad8f4229e9,1156510400,30,www.cdshanding.com/*
48e91a3fc9c19eca48d416f0a0d64a5f,1156510100,22,m.scmhtxzs.com/*
490c5af8594f81c28bebe3e571645f70,1156510100,20,m.chuanhaozs.com/*
490fdf95d350b11f36bad2873cb84d8f,1156511000,100,m.chuanhaozs.com/*
4978a851ad01279b64ee0a2029a75896,1156510100,42,m.chuanhaozs.com/*
4991f39f618d64966577e73e40bf549c,1156510100,1,m.bzzss.com/*
4a07099c0640ec5718522767505192a4,1156511700,2,m.zhuangku.com/cd/*
4a20d94a39686f7263b1c232fbd59b38,1156510100,12,m.cdlrzs.com/*
4a50c9e8e04966f43c5249756b5466ba,1156510700,1,m.scmhtxzs.com/*
4a9ead2c03167aa885c927425469faaf,1156510100,8,m.cdlrzs.com/*
4abd792e01e585297adec39c5dfc9859,1156510100,14,m.cdlrzs.com/*
4aef5364a25c8b693168b222378e9916,1156510600,1,m.bzzss.com/*
4b156ba837f549ca10a1fd405e1d74e6,1156510100,4,m.cdlrzs.com/*
4b5c94dd08397c478b9d43e9ae5bed7d,1156510800,45,m.scxblzs.com/*
4b7bbeea9ca9b1ef2bc00ec972abe669,1156511600,1,m.dyrs.com.cn/*
4bf48f7728a0a13a9a16944f24d001c0,1156512000,4,m.scmhtxzs.com/*
4c97cbe06892c6d41106f472715972b6,1156510100,10,m.dazhongfazs.com.cn/*
4ce3867e44cf70ec94f6e1b477c41edf,1156510100,2,m.zhuangku.com/cd/*
4cfca135bd40ff28a6c557b43b560b6d,1156511600,1,cd.m.dyrs.com.cn/*
4d51052ca32523d645ad850743e4a395,1156511000,20,m.dazhongfazs.com.cn/*
4ddce9c8f3b15a4521178dcfa298ec2f,1156510100,2,m.zhuangku.com/cd/*
4dffb40909934314ab47036701eaadeb,1156440600,18,m.scmhtxzs.com/*
4e1cb3ff64ed1d4b4fb3f5878a982439,1156510100,1,m.zhuangku.com/cd/*
4e7864c7a39cf550aa3786d0602388bf,1156511500,36,m.scmhtxzs.com/*
4f013f5def84d2f62275a99e36eca6a1,1156510100,49,m.cdlrzs.com/*
4f52b0b03fd39f7252c94d20326ef302,1156510300,13,m.bhjzs.com/*
4f64f384d4daafb3502ef12d87dd2923,1156510400,20,www.cdshanding.com/*
4fbf1b511628a82339b69bdcf25b7df2,1156510100,10,m.cdlrzs.com/*
4fd14904a55bc8c550083de5f6986394,1156230100,5,m.sljjzs.com/*
4fe1a853375cd2fd07c7e0f4f04941f6,1156510100,16,m.dazhongfazs.com.cn/*
50248d0cae71b7af9ce5fa565fa2ed2f,1156510100,1,m.cdlrzs.com/*
50752d2aa8f43c3a8e3a8c282476314b,1156510100,1,m.cdzpg.com/*
508e5429c58e123c92a51a1cdd8bd4fa,1156511400,12,m.cdlrzs.com/*
50f34431217ec0f15b3a3b362ee9fd21,1156510100,70,www.cdshanding.com/*
51a65193a7b8a118a2b47c4cff1bd2c9,1156510600,73,m.cdlrzs.com/*
51abec76ca2ebd971ded5edc4b6248b4,1156510100,10,m.cdlrzs.com/*
51b367a2d264a94705d41dd6434b82e0,1156513200,15,m.chuanhaozs.com/*
51bfd5cd38e99971a113857bb7286b21,1156510500,35,m.scxblzs.com/*
51ccaf1e53ba5d7a82d2f6d4f1b1905b,1156511800,90,www.cdshanding.com/*
51f311be7fcc2682d8c782b517cef22d,1156511000,4,cd.m.dyrs.com.cn/*
51f5c37e88feb89d63b5d3eedf0be43e,1156510100,1,m.cdlrzs.com/*
51fada7d9326318bf5aaeb018c9283ca,1156513300,32,m.cdzpg.com/*
5215472683ce81fa8f61a84d92beb26d,1156510100,8,www.lbzsx.com/*
5258e6bcf37948c066f77ebddc8f25e6,1156510100,24,m.fenglizs.com/m/*
52d366f5c006ceb10b83a7f5b72a5d12,1156511800,6,m.dazhongfazs.com.cn/*
53006c9a50ddb25a604e61a3d1acc404,1156511400,1,m.zhuangku.com/cd/*
530ebd90d1f505387dfaececae2382ef,1156510100,13,m.cdlrzs.com/*
53131bcba7a14fad64a1819445328392,1156513400,1,www.ch028.net/*
532edbf88405cc4424c0449c29a9154d,1156510100,12,m.chuanhaozs.com/*
532ee6e03e4d0b9496f1197ddb4a3ef7,1156510100,1,cd.m.dyrs.com.cn/*
534775d891f052e3b9008391a78d62ee,1156511600,38,www.scxblzs.com/*
53921b38507fada612f9991145b7a4b6,1156510100,56,m.chuanhaozs.com/*
5392690c8aeb8d914a4d782c31467a2b,1156510100,36,m.scxblzs.com/*
53a5a26b224ea74a9ce67dbff204d7ca,1156510100,3,m.shj.cn/*
545aad22a97f21a5e7e59afc709b0aa7,1156510300,4,m.dazhongfazs.com.cn/*
5461288ac96d0edaac9417e32bc0a435,1156510100,288,www.bzzss.com/*
5499505b5f0c14dea71c6acaf479058d,1156511400,37,m.scxblzs.com/*
54aa66d3b41e39a98a9fd86df09be768,1156512000,28,m.scmhtxzs.com/*
54dd41d62ed7d7a6400c0112c7b28249,1156511400,2,m.scmhtxzs.com/*
5542a5eca5daf5131ae79cef75334b29,1156510100,1,m.shj.cn/*
5563ec96cef697df7d1f09a2e33a154d,1156510500,50,www.cdshanding.com/*
55f320525f2658e6dcc3a1ff7f2bdc7a,1156510100,83,www.bzzss.com/*
568f4838c6b37f7315a5ad7d47bfcd2c,1156510100,2,m.zhuangku.com/cd/*
5731c8d862c7cf4a7808644b80e3dd71,1156511400,34,m.chuanhaozs.com/*
574396e02c69d93de42e808087a7d8e1,1156511000,16,m.dazhongfazs.com.cn/*
576acdc609136805421c3072e130960d,1156510500,41,www.lbzsx.com/*
5788ff0fd3915f9b1a44118bfc74c51a,1156510100,21,m.dazhongfazs.com.cn/*
57c3abd3c77876e19263e236be9e8cbe,1156510400,4,m.shj.cn/*
58194fb82ea171bbab1ac123a2d6c6d8,1156510500,1,m.cdlrzs.com/*
584c59862cbdb947d91f01afe5d4312b,1156511500,4,m.scmhtxzs.com/*
586a855a07db09fd9ebeb2eb4abf53b1,1156510300,16,m.scmhtxzs.com/*
591e93e65c733cdeb7fa991d97caa779,1156511600,24,m.scmhtxzs.com/*
59250a8ef2119e7cd80e757768a2ad5a,1156511500,42,m.chuanhaozs.com/*
5949a6891d0a298f5a5fb73aabfc73ba,1156510100,16,m.dazhongfazs.com.cn/*
59cbd5845e0eb4593056603ee778f1c2,1156510100,17,m.scmhtxzs.com/*
5a5fd9365c5925cf28cd8862f64bdcbb,1156510100,13,m.dazhongfazs.com.cn/*
5aede531b71fd4cdc5ad97af6ec5c1c3,1156511100,30,www.lbzsx.com/*
5afac3f246f7a07887dd4d8f79fa38d7,1156510700,37,m.scxblzs.com/*
5b173c760db615cf2c4e0824b0bd0026,1156510100,5,www.lrzs.com.cn/*
5b2cbf210c61aa0507de5ab9c3b108fc,1156511500,16,m.dazhongfazs.com.cn/*
5b777103ce96af137b08f87395d84caa,1156510400,5,m.zhuangku.com/cd/*
5bdd093a5fbc6fb43484b97e942232d4,1156510100,44,www.bzzss.com/*
5c32488a9bec2dc892088b091d039908,1156511300,15,m.dazhongfazs.com.cn/*
5c483392ef5feee3972b9af8f5493729,1156511300,15,m.dazhongfazs.com.cn/*
5cad759163e9085a65ccbff3e666c9b3,1156511300,12,m.scmhtxzs.com/*
5ce6433446933463a8727b6c64fcb764,1156510100,19,m.scmhtxzs.com/*
5d026540b5095c54d315d8b0deb2b133,1156341700,35,m.scxblzs.com/*
5d039fdbcde1227453fb011bc839c333,1156510700,16,m.dazhongfazs.com.cn/*
5d72b9ec3bb10cdfdf4bb7a6c8d444ce,1156511000,62,m.bhjzs.com/*
5db074bcc1619737fc32a094f1802078,1156511300,2,m.shj.cn/*
5dba9a772e8d429de709b11478264e22,1156510100,38,www.lbzsx.com/*
5dd4ea9e251f19ec6c1a8670b4e48dd8,1156513400,66,m.scmhtxzs.com/*
5e15e8e1af14bba7574619ed460d7f3b,1156510100,5,cd.m.dyrs.com.cn/*
5e22d8871aec59f4d25fee54d383d3a1,1156511300,9,www.cdshanding.com/*
5e300eeff4c3d290aaa60692b2b919d6,1156510100,10,m.dazhongfazs.com.cn/*
5eaa0c7783d7fe1a239a93908b04b30e,1156513400,37,m.scxblzs.com/*
5f0c7074a27f40602429b6fd142b268b,1156510800,26,m.scxblzs.com/*
5f15c89a7635911d30b8b4a021d638df,1156511300,12,m.shj.cn/*
5f4e526007e74ec366860ba5e3ee833e,1156610100,6,www.ch028.net/*
5f6180f5b0d0b3a30c5eca457dc5d352,1156513400,2,m.scxblzs.com/*
5f964da02457fb9656072533c3882654,1156511300,2,m.shj.cn/*
5fa7eec3a66fd0dfe0e72f10e670dd71,1156511900,13,m.cdlrzs.com/*
5fdc65a998c257eec90cdee2bebd5db0,1156510100,27,m.scmhtxzs.com/*
60395b08add672b2c01e85967189c939,1156511300,2,m.shj.cn/*
6055ba45f5739d0696dfbde6707c1ef2,1156510100,11,m.cdlrzs.com/*
609cc2bfc77076304742fab1a878ec6f,1156513400,3,m.zhuangku.com/cd/*
60c3120fbdf060f29e0dbc57c43e7db8,1156511100,1,m.zhuangku.com/cd/*
612e81d8a54c2a47abf92443b810e4de,1156510500,4,m.zhuangku.com/cd/*
614985670109ea0ac0ae7d4e1041a475,1156510100,41,m.cdlrzs.com/*
619162a9a03eabc5baf95d497adf0062,1156510500,36,www.cdshanding.com/*
61ee816bd104fd41129e32be8dee5ad1,1156511300,40,m.dazhongfazs.com.cn/*
623121b41aafaa9a45b814cfee577c2d,1156510100,18,m.sljjzs.com/*
6238dc47ec086000eefed16806e11bae,1156510100,27,m.scmhtxzs.com/*
627badf9ea3bac06bd756e16f1bb9197,1156512000,36,m.scxblzs.com/*
62b900b7d05240a9b85e5b53fe95c13d,1156510100,1,m.zhuangku.com/cd/*
62d93c8117eb50d94f7f98605328bb5d,1156511300,31,m.zhuangku.com/cd/*
62fefeddcb87f4ad3a88ec39520bd96e,1156511900,1,m.scmhtxzs.com/*
6314d5baff8b0a69b2f01f6cbf671375,1156510100,14,m.cdlrzs.com/*
634a4abe019aee83c25bb00d49f1f1a5,1156510800,2,m.zhuangku.com/cd/*
63500c65efe624b26c84716f35697365,1156510100,10,www.wuyouzhuang.com.cn/toufang/h5/*
636827e79932f7a34e1ea06e3c4cdd29,1156511300,72,m.cdlrzs.com/*
6385bd100e23609ed959bfbe6e21c7b1,1156510100,14,m.cdzpg.com/*
63f55b00f272203e5143dd58be89ab23,1156510100,32,m.bhjzs.com/*
641bed164fa7cdb8becfd00a20e94b4b,1156511500,62,m.bhjzs.com/*
642b86f4c1149e6e1dd4a3a0a2cd83fa,1156510700,8,www.cdshanding.com/*
644da9f63e0cfac62a3c98273c299501,1156511500,9,m.shj.cn/*
6507d5637913fa68ba998011c32002c7,1156510900,5,cd.m.dyrs.com.cn/*
6560b2c1c7ab9fec47530f3f344fd78a,1156510100,1,m.zhuangku.com/cd/*
65d0027f71b8f1bf1def755232da65f5,1156511100,39,m.scxblzs.com/*
65d1d43bdd1d9cc8b774b9ab329c9b7e,1156510100,80,m.chuanhaozs.com/*
65e7a680f0f94c1a65eaa43075dfe1e4,1156510100,22,m.scmhtxzs.com/*
6640bce17059f7d43c512953ea9ae2b2,1156510100,3,m.scxblzs.com/*
664432cac95607e80a03d28e3c8c4ebc,1156510400,15,m.dazhongfazs.com.cn/*
666224ea08f285c16b2ffab128191d56,1156510100,1,cd.shj.cn/*
66711a114789f0a9c00a28d2416f6de2,1156510600,4,m.chuanhaozs.com/*
66a21bcccac19f5c68908abce514ba73,1156510100,37,m.scxblzs.com/*
66eb4d03b91ea34c01e547e19710a5c6,1156510100,1,cd.m.dyrs.com.cn/*
672417c498ed8b5bebae91fc3b977353,1156511100,113,m.scxblzs.com/*
673bf41ad00cf6e6f13b58ed5ea2ebff,1156510100,57,m.scmhtxzs.com/*
6740cd4a106ec24b3cc637df760b76db,1156510400,38,www.cdshanding.com/*
6768ffddd03cb793794ed9780af85bb9,1156510100,137,www.cdluban.com/*
67851b9fce59a5bb049f4ca028b4c290,1156513400,6,m.dazhongfazs.com.cn/*
67bffb530dad4c32da8113bcf1ba89f1,1156510700,54,m.scmhtxzs.com/*
67c79be24beb7f1db5eed44a0d5eb777,1156513200,26,m.scmhtxzs.com/*
67d40d9d7d47147387ca33aaf075dfd0,1156511100,2,m.zhuangku.com/cd/*
67d9ef4a1ac1f403dd563ed2a3901dc2,1156511300,2,m.zhuangku.com/cd/*
68371b3c2be3442a779424ab037c2073,1156510100,43,m.chuanhaozs.com/*
6842d64fc5d616343e0eb3a9402679b1,1156511300,28,m.scmhtxzs.com/*
68481ad827b2236c971ac46bb6f246a8,1156513400,16,m.dazhongfazs.com.cn/*
68d23fb7a19f66548c777d8f3913790e,1156510100,33,m.zhuangku.com/cd/*
68e796dc5d07a2b9bbc3d417a3591314,1156510100,1,m.zhuangku.com/cd/*
690cd5ed48896b77b5ae890474f0bf96,1156510100,13,m.cdlrzs.com/*
6994c9e4edb1e337e4a779238654b3a3,1156511300,60,m.bhjzs.com/*
699ae45cae8e62e071637eb96265b545,1156510100,1,m.zhuangku.com/cd/*
6a85cfa24db81d26e72909634288d713,1156511400,16,m.scxblzs.com/*
6a8c2459e63886dbb40113073f99af55,1156510100,7,www.wuyouzhuang.com.cn/toufang/h5/*
6ac732cc4fbf1db3c16580d86afad26f,1156510300,4,cd.m.dyrs.com.cn/*
6ad03767662a4ebf000b8a5d5c0cbce2,1156510100,13,m.cdlrzs.com/*
6b65ae64a86dfc7bead6224e6f829e26,1156510100,26,www.028dd.cn/*
6bd2a48b32e8b6111be16e5c6be50728,1156510500,37,m.scxblzs.com/*
6bd73ba9811d5dafb3883928a964b9f2,1156511100,2,m.shj.cn/*
6bf612c7a01dd46faa40d4d32e545af6,1156511000,28,m.scmhtxzs.com/*
6c47c1560573099bb646b210bae03ed6,1156510100,13,m.cdlrzs.com/*
6c535a8c9ea83a978bc7f35becefec3c,1156330400,62,www.bzzss.com/*
6cd0d6926b023a28cb8df8c8670b8921,1156510100,6,m.dazhongfazs.com.cn/*
6cd7b8c4489087192e3b34488d111772,1156510700,42,m.scxblzs.com/*
6cd8f5d4e714aa6bc6b5fa8577ffcad9,1156510100,3,3g.xjszs.com/*
6cdd28a6cfe05bc5e5f2a4adaafe878f,1156511100,35,m.scxblzs.com/*
6d87d6078b3225f174050b3ba3c7fd45,1156511700,12,m.scmhtxzs.com/*
6d9c560d2567e96abc7f295aa8ba1a92,1156513400,23,m.scmhtxzs.com/*
6dac23871ad8d3bdcb50fd45b9948cc7,1156510100,3,m.scmhtxzs.com/*
6e7e1cc869fd1afd3ed00ef8362f229a,1156510100,61,m.bhjzs.com/*
6eacac713213d9f2c6db77b986a4bd9f,1156510100,76,www.yd1998.cn/*
6eb450f25ae664630115d76c4aadd122,1156510100,11,www.wuyouzhuang.com.cn/toufang/h5/*
6ec18effda822ad60febb62e41190998,1156510100,15,m.dazhongfazs.com.cn/*
6f40c2b697222c321d610de5b478ca26,1156510100,16,m.dazhongfazs.com.cn/*
6f4f8795a1ff6a306b7bbae69cbfff35,1156510500,1,www.ch028.net/*
6f8e21fca8532a0a48d426e0b994bf0c,1156511900,1,m.zhuangku.com/cd/*
6fa3ee4af3a552038ccebf0f0e2dee31,1156510100,1,m.zhuangku.com/cd/*
6fcbec46106de7a6f9a1fbf4ba110283,1156510100,1,m.dyrs.com.cn/*
7029a148aeaa6b59a9bbb505e9afd55f,1156510100,1,m.zhuangku.com/cd/*
7045ad5c04b363318aa275e39a093457,1156510100,8,cd.m.dyrs.com.cn/*
70488f105b88c41a7056756d2c7caa17,1156511700,13,cd.m.dyrs.com.cn/*
707a4b2cc65fd56f21ac003a09eee30a,1156513200,26,m.scmhtxzs.com/*
70bb5aa9edd1f60fd50a79851d0c7322,1156511000,3,m.cdlrzs.com/*
70ee5f543c8290e7aad6d0f744530d05,1156511900,62,m.bhjzs.com/*
7126e891967388ccd363f9c5ac165907,1156510100,11,m.bhjzs.com/*
713e9892eecea3f8d6ac80b271481e6a,1156511700,198,m.bhjzs.com/*
718ada068a9c7a707cd2cb79d0aa69d8,1156510500,78,m.chuanhaozs.com/*
718fe05eb2cff5cc44c781f6ed351f7a,1156513300,3,m.shj.cn/*
71a878a96860e8deec3253d2f8575564,1156510700,7,m.shj.cn/*
71bea0149fa9fd9e5eb1f7c82ba0fbda,1156510100,14,m.cdlrzs.com/*
7215bd55fed160e7c82539efaea9ed92,1156510800,3,m.shj.cn/*
7223ab14278477183e78475a68897d8c,1156511300,28,m.scxblzs.com/*
726bcb0d1a3189d7f4495fe6fdedd616,1156513200,5,cd.m.dyrs.com.cn/*
72706d3a17b0cf2784f295371139eaff,1156511300,1,m.zhuangku.com/cd/*
72a1bc1ec7dd90624903caca037aad8e,1156513400,6,m.shj.cn/*
72b1bc5584d4cbd4888aff53351eabae,1156510700,1,m.zhuangku.com/cd/*
72ecb876fbbf58ade3b6153f39ee87a5,1156511900,38,m.scmhtxzs.com/*
74286b93853d9fac59fc9fc1b3afba78,1156510600,47,m.zhuangku.com/cd/*
74cf5190c3d1aa1d170bbe901ebed17a,1156510100,1,www.lbzsx.com/*
74f0c813e513b59a474cac414a59c507,1156510100,2,m.zhuangku.com/cd/*
751bf173d4e978dde5726dd1c156e21c,1156510700,45,m.chuanhaozs.com/*
7547b1cd3c6d2af188e37445cafdd580,1156511300,2,m.shj.cn/*
757e1f6b3913d2386b4286c3ecca5a13,1156510100,5,cd.m.dyrs.com.cn/*
759b90fb2dd774f13eb3a52af2aa1e73,1156513400,1,m.zhuangku.com/cd/*
7623d9c08b3d4ce3af34f5a7b2dd9ca7,1156513400,27,m.scmhtxzs.com/*
766038bfeba54e5450ab4cd478499b64,1156511000,15,m.scmhtxzs.com/*
76624759e1977ad4955bd24348f336b2,1156513400,60,m.cdlrzs.com/*
76aa726d7426870cef96565cfc18f231,1156512000,1,m.zhuangku.com/cd/*
76b400e9f596f0fafbd95053d2718e28,1156510700,29,m.scxblzs.com/*
76ca7a9b8ae1bb0a373477a2bd62f5a5,1156510100,40,www.028dd.cn/*
76dde673809cc19e55f42cda467e14bc,1156513400,25,m.chuanhaozs.com/*
774f762d60409c4edd6b81803222ebcb,1156510700,43,m.scxblzs.com/*
77b12724669783ffe2b28a0cccbb2801,1156510100,1,www.lrzs.com.cn/*
7800ae11a2e9c792e0adc91fc5257727,1156510100,15,m.dazhongfazs.com.cn/*
781828c3855151fe3782fa19abcb94fa,1156511500,35,www.cdshanding.com/*
783098cd30da1395ca736f844a0e6013,1156510100,1,cd.m.dyrs.com.cn/*
7867864b78afb18d0192238db7c5ff5c,1156511000,85,m.chuanhaozs.com/*
787710e5bb297102b469345fe11da674,1156510600,62,m.bhjzs.com/*
788c80709e0bb9f44e4dccf89314a6a2,1156510100,2,m.zhuangku.com/cd/*
78a8ae07b23bfe6faf2f3630389219e4,1156330100,115,www.falongfa.com/*
78ae3fbb8cf353a7c7950b9b7a7f8e08,1156510100,47,m.scxblzs.com/*
78c4da86ee07b9e1715080c7b2f6952b,1156511600,37,m.chuanhaozs.com/*
78d0622942d4affe586f7edd6caa1c63,1156440100,4,m.shj.cn/*
78d8c0abb2dc5362d208291eb035bad6,1156510100,26,m.scmhtxzs.com/*
794ac2052023125a4b62443c87cbc72a,1156510100,14,m.cdlrzs.com/*
7a0a03e823686b3b94aa5d6c3ad81c4d,1156511600,4,cd.m.dyrs.com.cn/*
7a75f86b6b873c2df4fed2a3bc44899e,1156511000,36,m.scxblzs.com/*
7a7f15dec2e2df4b1c7e9115de5ddb93,1156510900,38,m.zhuangku.com/cd/*
7a83eb6466dc4910185f0f4dcf7c0a17,1156511000,33,m.scxblzs.com/*
7ac4a14c63b9d478d6400f9e7f558df3,1156510100,16,www.ztxzsjt.com/*
7acd1f9f1a4dc4c6a7660ca2ead80a03,1156510100,5,m.cdlrzs.com/*
7aeddac3124f8d4d70f3f6fba26c8c3e,1156511400,62,m.bhjzs.com/*
7af68512743133c1a5161ff44a08c608,1156510100,28,m.scmhtxzs.com/*
7b1ad2859f82075e64a9fa3d1efd28c5,1156512000,36,m.scxblzs.com/*
7b9e311c5724fe6d030bee2189b8cc4a,1156513400,1,m.zhuangku.com/cd/*
7bc941af949117893340b3730be6076a,1156510100,2,m.shj.cn/*
7bf63b2d72b1495073a0d9173e8f65ff,1156510100,36,m.chuanhaozs.com/*
7c299e2f0cfaa2d1930880ff459d5651,1156511100,31,m.chuanhaozs.com/*
7c718e692ddd613335a732b83c888833,1156511000,55,www.cdshanding.com/*
7cba73daa32e624175ae6377711a93a1,1156510600,17,m.bhjzs.com/*
7ce27f9b5c9dd2b08d4ef7c48885c0d2,1156510900,1,m.cdshanding.com/*
7cfc62d4920da516617d3b13ec1f8bd7,1156512000,7,m.cdlrzs.com/*
7cfc66b303f3f6be09ae2d6637e803b3,1156510100,13,m.cdlrzs.com/*
7d26a38f514baa3743da993c3b3865aa,1156513200,2,m.shj.cn/*
7d42feef89ccb79bfc46a5b7856bc852,1156510100,52,m.scxblzs.com/*
7dcc8b7eb0de19358dfe237b477b4eee,1156511300,2,m.shj.cn/*
7e0578a935b16dc40c0a142a5f2a7d28,1156511500,37,m.chuanhaozs.com/*
7e20506405c119ca4a032333b0e1562f,1156331000,6,m.dazhongfazs.com.cn/*
7e8bf15d74e7021a38c6005fe0b5286f,1156511300,5,m.scxblzs.com/*
7e93ea36d268b6c0dca7889657704bb3,1156510700,31,m.chuanhaozs.com/*
7ebde67dedb9476f1e3211424295e05b,1156510100,42,www.cdluban.com/*
7ecd5a331b6bb993323e58ddb4feed99,1156510500,23,m.chuanhaozs.com/*
7f12c652b2f7fa56d1d6981fd2aec73c,1156510600,16,m.dazhongfazs.com.cn/*
7f44a41d54cb72a5e9084b684fc0aa00,1156510100,1,m.zhuangku.com/cd/*
7f4bbc0276323cf33e2340a9a6e558ca,1156510500,75,m.chuanhaozs.com/*
7f70d45bf65bcf1a4f355bedda521327,1156511500,26,m.chuanhaozs.com/*
7f848efdefd9213710f99e5d955ee540,1156510300,35,www.ztxzsjt.com/*
7fbaa3a89b44cef5735b8b5c86cc732f,1156511300,64,www.cdsmhome.com/*
8002e90b6ab21728e886c5699c21ca66,1156511600,1,m.zhuangku.com/cd/*
8058688a801577246dd3e5d9ad725098,1156513400,52,m.chuanhaozs.com/*
806200126281d755343cf2473b500f9a,1156510100,10,m.cdlrzs.com/*
812a7ed66dd232494c78c31ab0e255cb,1156511300,55,m.bhjzs.com/*
817530964c59e64da52ca821d231136c,1156510100,16,m.dazhongfazs.com.cn/*
819b16836457d1fe977455c2f191a061,1156511300,23,m.scmhtxzs.com/*
81b05ee8ba459ae3891442cd2917f91b,1156510100,6,cd.m.dyrs.com.cn/*
81bd02ad7252463070db524b94974b6b,1156511800,67,m.bhjzs.com/*
81dade6b9bbc0adfafa316fb27d614ae,1156511700,4,m.shj.cn/*
8224f29186f7dbc5eeae7474effd99b9,1156510100,3,www.ch028.net/*
82412248e7177502b90ff18fd724011c,1156510100,1,m.zhuangku.com/cd/*
824b092b1e5d7aea7cf71f902352b6a3,1156110000,25,m.cdlrzs.com/*
825f56d637432083a180707e3b84a170,1156510500,57,m.bhjzs.com/*
828521e36a28f6c2b583f57a70ef94d9,1156511300,3,m.shj.cn/*
82f4b59923be8aa748ab5ac4122945b6,1156510100,7,m.shj.cn/*
8307703bbf00046c2e8252d2dfcfe7dc,1156513400,8,m.cdlrzs.com/*
832882452728aca96d86b906a5fd3edc,1156510100,1,m.dazhongfazs.com.cn/*
832ef43420a54ebcfbac5c42a6cbad21,1156510100,1,m.zhuangku.com/cd/*
834f3945a1c95528b67c12d58ab09aaa,1156510100,35,m.scxblzs.com/*
83fcf68035dff5f9f45e83093e7ab378,1156511400,21,m.dazhongfazs.com.cn/*
845b95b3a2d75e22566d7fe491027097,1156420100,22,m.dazhongfazs.com.cn/*
849dc14ecacc8194f0679cea1bf2427b,1156510100,17,m.shj.cn/*
84d0e4dfb15cef34a72136840c25ef22,1156513400,60,m.bhjzs.com/*
84f9bf25f29c8fd506fb79b3cac790a1,1156510100,50,www.ztxzsjt.com/*
8526612209abcfa0d84b77f9b8624f9e,1156510800,1,cd.m.dyrs.com.cn/*
852b869b7d271e2e5c26aa1311330a6a,1156510100,9,m.cdlrzs.com/*
85708bcee3f641f92009b08373378372,1156511500,137,m.cdlrzs.com/*
85852a22844c802758bf90865fa862e3,1156510500,5,www.lrzs.com.cn/*
85ad75d06fa79bbc3ae0efe51213f6e4,1156511600,1,www.ch028.net/*
85b52f84630d70de8c1a20af25618a10,1156510100,2,m.shj.cn/*
85d1185c2178edeb414ab0303f1ffd16,1156510100,3,cd.m.dyrs.com.cn/*
85d1ba549add9ce449e74cf932b032e9,1156510900,4,m.dazhongfazs.com.cn/*
8601224ec61fc1bccc9dd2b259464c9b,1156510500,48,m.chuanhaozs.com/*
861c94a001951870d7faf97a8d533c21,1156510100,37,m.scmhtxzs.com/*
8661e2341d19e6ca9fc57d1e1bed5537,1156511900,28,m.scmhtxzs.com/*
86d43d3d72f11068aabbc9c239db2c94,1156511500,37,m.scxblzs.com/*
86fc41120f453db19e7afb692bd54f78,1156510100,58,m.bhjzs.com/*
8711119c37ed4b2859493009ad11fa39,1156510900,15,m.dazhongfazs.com.cn/*
872053e1071cce2ad89e02d57f3ab058,1156511600,6,m.cdzpg.com/*
87616c615859bea387ecce6acf52b7df,1156510100,36,m.chuanhaozs.com/*
8878488aebd3383d3a5347b9b87701b7,1156510100,34,www.lbzsx.com/*
889aced5d289a3c58b0e64260e96fef1,1156510100,6,m.shj.cn/*
88b49e280042345d1304b21efe1c6442,1156511100,71,m.cdlrzs.com/*
88cf89c66c685e689c50777b7ca4d674,1156510100,14,m.cdlrzs.com/*
88d7893790e257efcdaacbb2128a730f,1156510700,6,cd.m.dyrs.com.cn/*
896c53e9580f553bac50e7121b7e8186,1156510100,4,cd.m.dyrs.com.cn/*
897f0aeb46b043aab1d298772dfd808b,1156510100,13,m.cdlrzs.com/*
89b709e7e08d3110b87dbac1583dea20,1156510100,1,m.zhuangku.com/cd/*
8a0afb9b4d4c41b655c148b5949ecf9c,1156510500,10,m.cdzpg.com/*
8a1e4f935d918e40311245d4f5354338,1156510100,59,www.u-workshop.com/*
8a29caa6483ac456a08d0a8d5c5c1a67,1156510100,4,m.cdlrzs.com/*
8a70c515b8e07eee6e99a9104bc65189,1156510400,1,www.ch028.net/*
8ac0791b026287f3f523e015c7f67226,1156510100,5,cd.m.dyrs.com.cn/*
8ac0b69f16c48e27636db7a2d2244128,1156511900,68,www.ztxzsjt.com/*
8aee4a849302c60477ff690431cebe75,1156511300,9,cd.m.dyrs.com.cn/*
8b1f95db397cdcd82e01b8bfe6c9aeef,1156510100,59,www.cdshanding.com/*
8be4d34e4aa3764767a3f7bc4a04b66b,1156511900,1,m.dazhongfazs.com.cn/*
8c092e5417788ce08f6e7a5c81c219cc,1156510400,34,m.chuanhaozs.com/*
8c4a73716444979fdc18382efb8553aa,1156510100,21,m.dazhongfazs.com.cn/*
8c9190d560e76452d8216bd06ca3c6f4,1156510100,1,m.cdlrzs.com/*
8d0ed957b2a009507d0f3256c4e851c6,1156510300,67,m.scxblzs.com/*
8d2c9b290616fb1e28dc62cf997f377b,1156511300,49,m.sljjzs.com/*
8d335e31f6cbb1c0d9fb2c090f3eac23,1156511000,1,m.scxblzs.com/*
8d82bc461341c93ea63ab13dbc552227,1156510100,6,m.cdlrzs.com/*
8d8df3223e80e95fbff8bcb441244110,1156510900,32,m.chuanhaozs.com/*
8df3104f736569f4aa94ad55e3eb08b9,1156510600,57,m.chuanhaozs.com/*
8e02f82b7784e5a5a1fd634e40eb9a45,1156510100,54,m.bhjzs.com/*
8e053298715ddd49aa610ac45cda0418,1156510100,115,m.scmhtxzs.com/*
8e4fc2e89e13e9f41674c56d6c62d44e,1156511700,26,m.scmhtxzs.com/*
8e578d6f64792f740bb7cb14868e328a,1156511500,75,m.cdlrzs.com/*
8e99d4f7c229d7c6f0dbe82e7eae801a,1156510100,18,m.chuanhaozs.com/*
8ea7180f3e72476b369ba208d8734427,1156511700,1,www.cdshanding.com/*
8ef5ec4ee66c73879bc2acabde90d3f8,1156511600,1,m.dazhongfazs.com.cn/*
8f3ded2cbe2bb8dc1809e2ec44d1c87c,1156510100,1,m.zhuangku.com/cd/*
8f4bf1b069f069f7454dd101593f1a96,1156510100,15,m.chuanhaozs.com/*
8f4dbed188cf156900305c03782ae0c6,1156510800,1,m.zhuangku.com/cd/*
8f58bfb9899e2e808ede9afd40149f6f,1156511100,5,cd.m.dyrs.com.cn/*
8f64a4bb511b7322a6e6d9d4bab91e54,1156511900,25,m.chuanhaozs.com/*
8f84b978cdf95c56c25da8115bb0a125,1156513400,73,www.cdshanding.com/*
8f8df96026694b1611863f37b5a0d2ca,1156511100,1,m.shj.cn/*
8f99725ee3a39b4e6d6231299ca1899f,1156511000,2,m.zhuangku.com/cd/*
8fbba6b19c0854301c9875fcfb57a578,1156510100,2,www.wuyouzhuang.com.cn/toufang/h5/*
8fc3c6747ae6ea6661f4c2f1f0c04b97,1156513400,81,www.yd1998.cn/*
8fce2b33b21ced56b8619856fc3148a5,1156510700,1,m.dazhongfazs.com.cn/*
90331a0b7f276955b8a08b318352107e,1156511700,5,m.scmhtxzs.com/*
90b700c18e438d417ddd556ca057c2d4,1156510700,1,m.scmhtxzs.com/*
9116215fbf4f6239e42140284c5bc546,1156511700,13,m.cdzpg.com/*
911a0e82ea2fb0547120ba3f6de83d72,1156510100,27,m.scmhtxzs.com/*
91abdb0c393144e057c3a2454ff12ef9,1156500000,18,www.wuyouzhuang.com.cn/toufang/h5/*
91f870af62f9eb7992ab6431c766dae2,1156511300,28,m.chuanhaozs.com/*
9280723bb6e95692243ce5c96a7d224a,1156511100,2,m.dyrs.com.cn/*
92bed63442e745a2f3cfb31f22597365,1156510700,40,m.cdrtzs.com/*
92df55999698826585f0d25b3fd5e915,1156510300,10,www.ddzsjt.cc/*
93024b3f3df4078e367e75e2ff09e2c4,1156510900,1,m.zhuangku.com/cd/*
9324b74a0f60524a16af64761ca5947c,1156510100,2,m.shj.cn/*
93db131d3b896ad79c78142f156c4662,1156510100,14,m.cdlrzs.com/*
93e22c3433ad215e26cdf3c2a0cb1a76,1156510100,6,www.scxblzs.com/*
941b572aac116ae3bc4f1e970c2989c5,1156510700,3,cd.m.dyrs.com.cn/*
9453a678998762713184d7cee611975a,1156511100,3,m.shj.cn/*
9480dd766a1f88dd13cb649f6cbb9582,1156510700,28,m.scxblzs.com/*
95c9888086747583fd88d66481e7885c,1156510800,32,www.ztxzsjt.com/*
964a53f1b9960ecab2ee220801a31735,1156510600,73,m.cdlrzs.com/*
964a7cde3b1231af15c56abbaabf923f,1156510100,16,m.scxblzs.com/*
968705141dc486d18de7afe478ec133d,1156510100,1,m.zhuangku.com/cd/*
96969d3f7602739308937054d82eb6c9,1156510100,57,m.sljjzs.com/*
96ca25f76047f45b7cec1437ef5e085e,1156512000,14,m.dazhongfazs.com.cn/*
96e38079d4a85f3429c7ad18eef0d12d,1156510100,15,m.dazhongfazs.com.cn/*
96ea769b09fcc23eedba4ba595cdc4fc,1156511800,26,m.chuanhaozs.com/*
973c589033307d0446f062f7db780ab6,1156510100,7,cd.m.dyrs.com.cn/*
97603d1004ceae8c10ac35578a874b1d,1156510100,25,m.scmhtxzs.com/*
980b8438af8fd26ec77755019ae66f2c,1156510100,10,m.dazhongfazs.com.cn/*
981805bd5dd056ea2fdcd68759366e97,1156510100,12,m.cdlrzs.com/*
98603f53ceaa26693b58a0eccdb6b067,1156511700,27,www.ztxzsjt.com/*
98944035446b2ff7da20c3cc241465ce,1156511400,41,m.scxblzs.com/*
98eff9b859465a0e9bb040bf0523dae3,1156513400,35,www.ztxzsjt.com/*
990a08003b6fa5990ecef3de9a338674,1156510400,2,m.bhjzs.com/*
992c1ff8c94c7a47ba87c370034c3768,1156510100,12,m.cdlrzs.com/*
997b68ea016839dbecec521bca1d7850,1156511300,28,m.bhjzs.com/*
99cb2fe16ebab38ef3546a737e015e4d,1156510100,2,cd.m.dyrs.com.cn/*
99d77c7f6603ef69f8cf3b003ba05e25,1156511500,13,m.bhjzs.com/*
9a0d38d63a80c888876c7eaf9c16e891,1156510300,15,m.cdzpg.com/*
9a95542fccbdebb8093799157c472d7d,1156511100,29,www.ztxzsjt.com/*
9b0b4869a260b66949bb9ddceb7cca57,1156510100,8,m.cdlrzs.com/*
9b2852c71b5fabc642c83e6ea679b886,1156510100,3,cd.m.dyrs.com.cn/*
9b291e2229d2aadcf0b3e9436a04479f,1156510100,67,m.scxblzs.com/*
9b520a0ae3abf5e20bd26d1e0d85d731,1156510100,10,www.wuyouzhuang.com.cn/toufang/h5/*
9b5387f731a872d331cd795484f00a66,1156510100,1,m.zhuangku.com/cd/*
9b7e220daf68e29fa8cab084df5fd637,1156511100,25,m.scmhtxzs.com/*
9c1aca2e28941d1fc27b479a2f1c8cd1,1156510900,33,m.scxblzs.com/*
9c291a9336074a696feed7500246b230,1156510600,62,www.bzzss.com/*
9c4d3e74fbbb26eedc4fb8cc149192c3,1156510600,8,cd.m.dyrs.com.cn/*
9c5aa594643a82973fdcee1b7da4335d,1156510900,1,m.zhuangku.com/cd/*
9c843f5d4a01210337df23cb9154e6bf,1156511900,54,www.cdshanding.com/*
9ca7179b96d52ebe6585a67b82e1b7c2,1156510100,38,m.scxblzs.com/*
9cd78c4b57a66bc80ef214b0c2ddc04c,1156510100,13,m.cdlrzs.com/*
9d3caf62c9ecb9456b8e2f58bb0b7a3e,1156510100,26,m.scmhtxzs.com/*
9d4425d897e2554872c0c014d7145579,1156511100,27,m.scmhtxzs.com/*
9d5797ae0c91959ee6f12c5a442f1f14,1156511800,1,m.shj.cn/*
9d6383ac6fadf44cba2a925a00c4165d,1156510800,7,m.scmhtxzs.com/*
9d6e8b670d092c95819f616c9d1bbe81,1156511300,11,m.scmhtxzs.com/*
9d7a2f8dd4e92ea0cf311c075a7174b9,1156510600,1,m.bhjzs.com/*
9db249a6bd7d391ed923ba3637edef3c,1156511600,1,m.bzzss.com/*
9e2653eb46ad398cbceb8bc9d38ae8ae,1156500000,6,m.zhuangku.com/cd/*
9e67322760858afa9e863ae0c2038fb8,1156500000,2,m.yzf.com.cn/*
9ec613d61dfbf93c23f9fca6aa3858f0,1156510100,17,m.cdrhyf.com/*
9ee2e2f6f33ebf269e5ed5889fa86bb3,1156511600,8,m.scmhtxzs.com/*
9f5256e35c725268043a317e322b56c5,1156310000,20,www.wuyouzhuang.com.cn/toufang/h5/*
9f706dec629af0e80724f347d96ea808,1156511300,1,m.zhuangku.com/cd/*
9f70bc203e0dd946b20d190277c83a35,1156510500,2,m.dyrs.com.cn/*
9f8102c67e214e1af650d15c9c491038,1156510900,26,m.chuanhaozs.com/*
a09815722aeb67766caf9a94c8bf3dac,1156511900,1,www.ch028.net/*
a1006908ecf840717763bf7590db674f,1156510100,12,www.cdshanding.com/*
a1466ddf6b130052105e693ea71f91a5,1156511400,4,m.shj.cn/*
a1629a7558dc12d29f38f0fbc7728fe0,1156510100,71,m.bhjzs.com/*
a1a76ba47f9a2a299aaf2c5388af04c9,1156510100,79,m.bhjzs.com/*
a1faecfa8e16c66259f05b6a81ddbe3c,1156510500,6,m.scmhtxzs.com/*
a20931ce8109813341b220430062e90e,1156510100,43,m.scmhtxzs.com/*
a245275c0a46799f72425d72a821c9d4,1156510100,2,m.chuanhaozs.com/*
a2503f0824f5704499de827387c3a915,1156512000,55,www.cdshanding.com/*
a260225d12495f699927ab66f89dc289,1156510100,3,m.cdlrzs.com/*
a364c6f3a09428661274b944b9cbe708,1156510900,27,m.scmhtxzs.com/*
a37fd6361492394e744dd2627e42a722,1156511300,37,www.cdshanding.com/*
a3ffaff4cba20b04876fdbdd3541d11f,1156510100,72,m.bhjzs.com/*
a435e15bfe8c07593f5ea293a92c9add,1156510100,1,m.scmhtxzs.com/*
a46fa5348a60e4e4c6f186c0556498c1,1156511900,27,m.scmhtxzs.com/*
a4b733f9162bc57f3a19fcf098c8d6fe,1156510300,1,m.zhuangku.com/cd/*
a4ea03da58091fec31135cfe00b26105,1156510100,1,m.dazhongfazs.com.cn/*
a4f163b30f21cfda7a94a74e631e2c6d,1156513300,26,m.scmhtxzs.com/*
a53c302f7c3aece82586a38e35e0502b,1156510100,87,www.aslbzs.com/*
a57bcd43b880c3276228e35d0ff146dc,1156510100,8,m.cdlrzs.com/*
a5c9fd43ca2b9c9d6af6ba64d86aa02b,1156510100,50,m.cdzpg.com/*
a5ed379fa7764ee88d24975e642ca597,1156510600,27,m.scmhtxzs.com/*
a6a93552eeb43dd05f28f1e653196963,1156510700,49,www.cdshanding.com/*
a6dbd82cbf845e92cb6f82ef812c5cd0,1156510500,3,cd.m.dyrs.com.cn/*
a6e7798ee035cb8cc153a4f3930c934c,1156520400,2,m.shj.cn/*
a782028dd5eb0379dedba73879a9c87d,1156511700,26,m.scmhtxzs.com/*
a7d6fd09c17dc45f2538fb9db9e56d18,1156510100,17,m.scmhtxzs.com/*
a7de871c99c0e02631431f2b5c4cdf43,1156511300,8,m.dazhongfazs.com.cn/*
a7e1ca4aaf9304452bba6f6233ddca7f,1156513400,23,m.scxblzs.com/*
a832da897e59b7e1122836ecbc31256a,1156510100,1,m.zhuangku.com/cd/*
a886ea4f8afd3a93bb0b336c800e292c,1156510600,23,m.scxblzs.com/*
a8cef8710851663e108abf51022cf8a2,1156510500,2,m.dyrs.com.cn/*
a913eeafe3f2cd6363fa8fa1e7728801,1156510700,21,m.scmhtxzs.com/*
a93081c6a8d5e90498394b97c8013a28,1156510100,12,m.chuanhaozs.com/*
a98f069156f42c8704f13b74a472fc54,1156510100,25,m.scmhtxzs.com/*
a9901f0a966899161dd60a5af884f97b,1156510100,1,m.scmhtxzs.com/*
a9a15224c83d26cfa152332a9803c811,1156510100,2,m.zhuangku.com/cd/*
a9d013114c97ada997cce7f43ffbb8dc,1156513400,14,m.cdshanding.com/*
a9e8b8d397d48e529791d2d3670be5de,1156130600,10,cd.m.dyrs.com.cn/*
aa2f17978da42f17a7e394c30528d9c8,1156510100,84,m.chuanhaozs.com/*
aa4c94d12fea32c77deebeca8f93aac4,1156510100,36,m.scxblzs.com/*
aa640e14d06a6b289e070473457e99d8,1156511700,1,cd.m.dyrs.com.cn/*
aa7043d3ddf628caa8554fa8aa54d98f,1156510500,5,cd.m.dyrs.com.cn/*
aaed59998bff5754d5f6135f76045d69,1156510100,10,m.cdlrzs.com/*
ab08f5f97eb8c00928c0a4df0a5700e2,1156510700,37,m.scxblzs.com/*
ab0d609aa22327e7867579c1ca2f4026,1156510600,1,m.zhuangku.com/cd/*
ab139046d402d530a1490a67998fe1a8,1156510100,6,m.dazhongfazs.com.cn/*
ab6a15d6f2bf46dd7517d4406142d0cc,1156510100,9,m.shj.cn/*
ab6b1c40f9da79b0f76f0367e112cd1a,1156510700,14,www.yd1998.cn/*
ab8ba66f6d962cc946e842eb25e4e2e3,1156510100,12,m.dazhongfazs.com.cn/*
abd42338be24834260faaddf27355c9b,1156513200,1,m.scxblzs.com/*
abdcdb83e2a8010ed17bcf42b0a145a1,1156510100,42,m.zhuangku.com/cd/*
ac5060d9e2b2d6581965426174534231,1156511500,16,m.dazhongfazs.com.cn/*
aca45f235275a11a4388b3cdf6684fd9,1156510100,41,m.chuanhaozs.com/*
ad0a4e4ccdf679d9a5fc43007b35e54b,1156510700,3,m.shj.cn/*
ad5e57b30c98fe012dff8a2e8f6f651c,1156510400,7,m.dazhongfazs.com.cn/*
adb4924bb5d3b7f02ea0a593de03c984,1156512000,56,m.bhjzs.com/*
ae24f4f8f67fef59b2c35169d65688a0,1156513300,22,m.scxblzs.com/*
ae5d9e08a95f7057536e4ba0612357e4,1156510700,39,m.bhjzs.com/*
aed027237d4a374c0e236b6995a2b6ab,1156511100,12,m.cdlrzs.com/*
af7f08e37a927179227e0589c8d90639,1156511400,144,www.ztxzsjt.com/*
afa367966a68d02cc13d9b3509335dd8,1156513400,13,m.dazhongfazs.com.cn/*
afa97d3ebc0515fc596798112ac078a0,1156510100,41,m.cdrtzs.com/*
afecb3f3db006acdc3758402f40cc657,1156510100,4,cd.m.dyrs.com.cn/*
aff26cf7f002db79408d5a9de997394a,1156513200,6,www.cdshanding.com/*
b04ee134ba776eca195e768d48339153,1156511300,29,m.cdzpg.com/*
b06171c0e8219fffde53ff278f724cf7,1156511100,20,m.scmhtxzs.com/*
b0bce8ea733989ae198699ee6bb85e69,1156510100,16,m.scmhtxzs.com/*
b0f1e6fa25a4327e948893430fec5ca1,1156510100,77,m.shj.cn/*
b15767db17996de6eabc607da09f3edb,1156510700,27,m.chuanhaozs.com/*
b1d8e1aea55807f4cb8b3cb2ce55c58f,1156440300,2,m.cdlrzs.com/*
b1ffcc3e5c447ade854557d0abf289a3,1156510100,37,m.scxblzs.com/*
b272419c4c5cec0ba1cfcd1d3e514870,1156510600,2,m.zhuangku.com/cd/*
b2829a8592640ba9b3e0c84899ec69f4,1156510800,3,www.ch028.net/*
b28d48bdb32727a6177dfd255b1e3d23,1156511400,16,m.dazhongfazs.com.cn/*
b293fa4a49feb7b32b1cefde065f663b,1156511100,6,www.cdshanding.com/*
b2e23a0646429f8247b0577d4eb84bfc,1156512000,1,m.zhuangku.com/cd/*
b2e6c57427b0b3e85ea1b3ad8b28fb66,1156510300,23,m.scxblzs.com/*
b33fd570b72522db05389c8fe711b4ea,1156510100,23,m.scmhtxzs.com/*
b3533fc6fdbab96a6fccec4a2e465e86,1156510100,23,m.scxblzs.com/*
b3c468d7c7d042121a6e6bf102672b6d,1156510600,1,m.zhuangku.com/cd/*
b3d991fb63fcefe89c28144d66923d5a,1156510100,25,m.scxblzs.com/*
b4561d94992dd2d001677e4c46af8049,1156510100,5,m.scxblzs.com/*
b479c16321e112e363663286c2d67a82,1156511900,37,m.scxblzs.com/*
b4feaa55e64aaec4064deb674edf03e2,1156511300,23,cd.m.dyrs.com.cn/*
b5274c48eefa8c1b3d8185edaabc7449,1156510900,44,m.scxblzs.com/*
b5681614e848447ab4bac8664885ec5f,1156511400,2,m.shj.cn/*
b5766447ef94239377d610b744cacca9,1156511600,7,m.shj.cn/*
b610f1e33983e766d6bece5828069a16,1156510100,6,m.scxblzs.com/*
b665580385248921a974863ede2d9d4a,1156510400,1,m.zhuangku.com/cd/*
b6b976834c1a1e7755a6b4fda111c21e,1156510100,18,m.scmhtxzs.com/*
b71d60589b5dc55792913805290538b8,1156510700,4,cd.m.dyrs.com.cn/*
b71e83b6447c3284f1c98c3c679816e8,1156510100,61,www.cdsmhome.com/*
b78b92cc8f65cce3bd0292b89a1bcf1f,1156511300,35,m.scxblzs.com/*
b7f38b1c3b5754267a04471b9c79b143,1156510100,11,m.cdlrzs.com/*
b80a609a48ce447fd5b3525a19142111,1156510100,1,m.cdshanding.com/*
b85e3923bef8a094df8dd03081987a22,1156511300,43,m.cdlrzs.com/*
b86de2ae724aa5e6f93721d9f8525c27,1156513400,159,www.lrzs.com.cn/*
b8fc1cfb3c2c4dc521ef1cb4a9d57206,1156510900,5,cd.m.dyrs.com.cn/*
b92d9916d557cd5784b3685273b9588e,1156510100,2,www.bzzss.com/*
b97be6964e83402bb10c762b8dc25ac0,1156513400,8,m.scmhtxzs.com/*
b9b79bffd38bd7725a774c1b739ff03a,1156510100,1,m.tdhjz.com/*
ba5cc013ec550db3946587337d503560,1156510500,7,m.shj.cn/*
ba9b6790823de0118ccc8aa038efd8f6,1156513300,5,m.zhuangku.com/cd/*
baa89c9606af5d0939c818c003fdee62,1156511900,37,m.scxblzs.com/*
bac915fe69edbfcf8a6d3cc8945ff196,1156511600,19,m.scxblzs.com/*
badde85583eef6e7d269629782e1f530,1156510100,61,m.bhjzs.com/*
bb0bb28047991d6ed9e15db1b1239a2a,1156510100,57,www.cdshanding.com/*
bb1736c5db66354cc72fde5d603ef43e,1156510100,1,www.wuyouzhuang.com.cn/toufang/h5/*
bb1b20fb4018be17ccb4e9002320e498,1156510100,1,m.zhuangku.com/cd/*
bb1d0bcc905b3c16e0f05146860e3a2a,1156511000,2,m.cdlrzs.com/*
bb497a42558ba2b6eb7e4bb1ac1092eb,1156511600,35,m.scxblzs.com/*
bbbde15c9a0d3aa0b7ba80c3a740d98e,1156511100,1,m.zhuangku.com/cd/*
bbc008caa7bc26fabb0e42121fef2605,1156510100,152,www.cdshanding.com/*
bc41fd142c989b0176ab7847d7dc01f7,1156510500,93,www.cdshanding.com/*
bced56414c84796b2408219e145aac5b,1156510500,1,m.dyrs.com.cn/*
bd4dfd460ea4fdecdbdf3a47b1065339,1156510100,1,www.wuyouzhuang.com.cn/toufang/h5/*
bd6be2d231b4262f55644bb4d56ff986,1156511500,68,www.cdshanding.com/*
bd6c754b0ceb3162fe3d5c01613f211e,1156511700,16,m.dazhongfazs.com.cn/*
bd8cdfc520b44968b12158b9fdf9c9e4,1156513400,54,www.cdshanding.com/*
bdc030b7e1199719da55e888607741f1,1156510100,62,m.bhjzs.com/*
be1ad1d5845fc5de1f5fa153cecfe489,1156510600,7,www.lbzsx.com/*
be2dd59077aeed53b3df4b679ea05f39,1156511000,55,www.lbzsx.com/*
be664724ee63f771a1b3b067091cd24a,1156511700,5,m.dazhongfazs.com.cn/*
be6d9132664908192b2c5df1b2cf160c,1156510100,20,m.scmhtxzs.com/*
be75ce93c4aa82d28cf4e0a680bbe6a6,1156510700,21,m.scmhtxzs.com/*
be81c970bc2acbbfba092b52f71a0332,1156610100,28,m.scmhtxzs.com/*
be8c89d41a01b648a55064f3ec28a96f,1156510100,8,m.cdlrzs.com/*
beb654fa15880de9da09a2142c7303ff,1156511900,27,m.scmhtxzs.com/*
bebdcfac93af01849e72548bcf0f7ca5,1156512000,4,cd.m.dyrs.com.cn/*
bec68934c09f32c63b876db0deea693e,1156510100,89,www.cdshanding.com/*
bf0dd8c7e9f27739572028e7df5dd621,1156510100,2,www.cdshanding.com/*
bf297aa919c9b5145faab0a311682f59,1156513200,49,www.yd1998.cn/*
bfa7a9e38819520a613657199d7bb2d7,1156510100,19,m.cdzpg.com/*
c02176b4b08ec6849dfa61e6b50e6bb3,1156511300,1,m.scxblzs.com/*
c02be6de9cf13050284f3e904a733012,1156510600,26,m.scmhtxzs.com/*
c05fe5e734f97bfb5835659e5a8680b8,1156510100,1,m.cdlrzs.com/*
c07e9b01a4439d555e26ba27b55ca5f1,1156510100,1,cd.m.dyrs.com.cn/*
c08542bbd5f1f303504bc122b88a9717,1156511300,3,m.shj.cn/*
c0e77739b8e8ecce2ff0f21588520d52,1156510100,14,m.cdlrzs.com/*
c18fe0d0ab95506ece4ebad7fc2bac62,1156511400,8,m.bhjzs.com/*
c20ccea5700589361a605883ab9b2f4f,1156510400,67,www.ztxzsjt.com/*
c2279ac3abfbe02c017c2cae6c3870ee,1156511400,5,m.dazhongfazs.com.cn/*
c22fa65c13317d781f586a4652f89f7d,1156510100,50,www.cdshanding.com/*
c235fc743b3c6e8755bea69e53e17960,1156511400,1,m.chuanhaozs.com/*
c2733fb3fc77d8414dda2a80acfc0917,1156510100,1,m.zhuangku.com/cd/*
c2932468e2e4d2f12a25ea91cd540a08,1156510100,7,m.dazhongfazs.com.cn/*
c29c4b183925ba076dc5e62ccbbf5954,1156512000,24,www.028dd.cn/*
c2a1a308db3f43d4dd3aaf62df7667f1,1156510400,1,m.scmhtxzs.com/*
c2ef69639854f374b66679b4306797c3,1156510300,14,m.scmhtxzs.com/*
c34c0b6c5c63590d2f2af02840ccf6e1,1156510100,43,m.chuanhaozs.com/*
c3607a6ca428b50b73cfb0bb94558170,1156510900,25,m.scmhtxzs.com/*
c371dba74777c161a1d16457360a42b4,1156510700,85,m.scmhtxzs.com/*
c387ac85d0b0bcafeab30a58b1b4469e,1156513300,90,www.cdshanding.com/*
c3ae43db5eb94236872ef16e4e0766a8,1156510100,3,m.dazhongfazs.com.cn/*
c4a898c958d6932a5f888e5052321528,1156510100,82,m.bhjzs.com/*
c4b16f3677b19b89cc68c4450aa4bf46,1156510100,53,www.028xfmf.com/*
c4b885b71459e913849496aaf9023d35,1156510100,2,m.cdlrzs.com/*
c5b5baefb30affc5947510995fb493c4,1156511900,15,m.dazhongfazs.com.cn/*
c5d4c05d6cf217f8e3ea098061405e45,1156510100,27,m.scmhtxzs.com/*
c5f3d7854ee662cb7ea92fbd22ad17cc,1156510100,2,m.cdlrzs.com/*
c5fbc5c45ffec62a6dc5502b95cfbf4b,1156510100,6,m.cdlrzs.com/*
c6185cb3c1b66190704e6f23a272cdff,1156510100,1,m.zhuangku.com/cd/*
c63d2736380bbabd2b3094bf0fdc7964,1156510100,13,m.cdlrzs.com/*
c64e0f32108989db2ea39bb16575b369,1156511100,103,www.cdshanding.com/*
c656141d28a9f99283b7e317f61c45f7,1156510100,10,m.cdlrzs.com/*
c65cd668cc06bf045091c8305ff6d83b,1156511000,17,www.bzzss.com/*
c6643a45c8cba88ad6e981b93d8c31fb,1156510100,25,m.scmhtxzs.com/*
c6714f5c62c7d2d5de2f7b564b251c33,1156510400,1,m.zhuangku.com/cd/*
c6a892f1aca92be838fb8f866197069c,1156510100,28,www.ztxzsjt.com/*
c6e69d73b48eda5dfbfb4857b9b21ba9,1156510100,36,m.cdlrzs.com/*
c6f187172970c768aeda11505c30f9c5,1156511500,53,www.u-workshop.com/*
c72dfb00c171aba42b40fb39dd29ca7c,1156511000,18,m.cdrtzs.com/*
c743fcdae9d20b2d6015e9f2b6b04b4f,1156510100,52,m.bhjzs.com/*
c7ba8b60f7d5a84f3768f62fea2e7c07,1156510300,76,www.cdshanding.com/*
c7e27b7ab0762ff1107da216168e1ee6,1156511900,1,m.zhuangku.com/cd/*
c7f1158e9f0aa54cbd865804e4c6a863,1156512000,5,3g.xjszs.com/*
c7f5a168feb9da5fa8f70ab52e9c185a,1156511500,16,m.bhjzs.com/*
c81f373dcd91b9c65e849cc47efa7674,1156510100,75,m.cdlrzs.com/*
c865d18021782d2a5cda4c24b6ef8702,1156510100,1,www.ch028.net/*
c885ef56021050d4171ca5373d0a3d41,1156511600,7,m.shj.cn/*
c8b83668fed045d8bff7b0198a0dabad,1156510100,1,m.dyrs.com.cn/*
c8d493445eb16554e642002283c61c79,1156510300,11,m.scmhtxzs.com/*
c8e01c966025975e6e62fce2bf94dc8f,1156510100,13,m.shj.cn/*
c8fc0fd9779de493789128d1d3c7e0c3,1156510800,73,m.zhuangku.com/cd/*
c95460c4ab877fbacfb849e326116cac,1156513200,4,www.cdshanding.com/*
c960b449ec01954d636ae21446ec71ce,1156510100,1,m.chuanhaozs.com/*
c9efd4de32f8d90d26a60878b2ffd9e6,1156510300,1,www.ch028.net/*
ca1171a23610a15d1571882494c684ff,1156510500,55,www.cdshanding.com/*
caf91e0aca422fc138d5a2202b91be29,1156510100,4,cd.m.dyrs.com.cn/*
caffdab9f4426642e3f4ad3bc87b10e0,1156510300,37,m.scxblzs.com/*
cb1e34c43c781074b6d373fb95400081,1156513200,1,m.zhuangku.com/cd/*
cb429d1c9631b5d519d2d64db811044b,1156510100,6,cd.m.dyrs.com.cn/*
cb4e629fcb536beada606b3995dcb3d9,1156510100,1,m.zhuangku.com/cd/*
cb67154a898fdb0f34031d416493382f,1156510100,13,m.cdlrzs.com/*
cbe7cf51ece6a734c226385760e10f9a,1156510100,19,m.dazhongfazs.com.cn/*
cbecbe0f2dc33e7dc7e5b6f8db523158,1156510100,4,m.cdlrzs.com/*
cbef77b0e1c1cd386b07f77278ed2bcf,1156510100,22,m.cdlrzs.com/*
cbf388a67b2a68acb5f7a8f4ee76f483,1156512000,3,m.dazhongfazs.com.cn/*
cc2694fe027678390bd45aee1c5ae857,1156510100,68,www.ztxzsjt.com/*
cc2d3e7efe2c8ad31ceb6b66735eb94a,1156511300,26,m.scmhtxzs.com/*
cc7d02ae2d753814c7f19ac1f24bff6b,1156510600,13,m.cdlrzs.com/*
cca7e6cc7d92c01bcedfa1e48f2fa5ed,1156510500,8,m.dazhongfazs.com.cn/*
cd1787ccc358e5163c4fcfd0a6f01bb8,1156510700,80,m.shj.cn/*
cd6aad2a1c743e01d55dd940b276d900,1156510800,44,www.cdshanding.com/*
cd7a80b3c9a4df44e86888f4c41b1614,1156511100,2,m.cdlrzs.com/*
cd8c11ab819b724c900fc59c0dbb76b6,1156510100,31,www.cdshanding.com/*
cd942a95253b3b42141e4a8cfecdc7eb,1156510800,25,www.ztxzsjt.com/*
cdaf2e4a4d2c0c0c80454fbd032526b0,1156510300,17,m.scmhtxzs.com/*
cdd8d6b98f2eded6176ed8f767ae452a,1156510100,17,m.scxblzs.com/*
ce1e5605869e83549664210a92ad35ef,1156510600,56,www.cdshanding.com/*
ce28d0034c061f33e9f09abcafa0a9be,1156542500,47,m.cdlrzs.com/*
ce501c51cc49c7ae21d63ddc8eeb1d59,1156510700,26,m.scmhtxzs.com/*
ce6c702164c3f1511ff1bb34fb679764,1156510100,2,m.chuanhaozs.com/*
ce74093ea2c695f9072ef3c541ac037f,1156510800,2,m.bhjzs.com/*
ce8647fbaca67ad7eb62bb602a36e01c,1156510300,34,m.scxblzs.com/*
ce8ff01cd4cf2143487b8778ddfac274,1156510100,28,m.scmhtxzs.com/*
cea21fbdf88f7278f7693663e0334389,1156510500,57,www.cdshanding.com/*
cee71ecb20c84ddebfd973073da574cf,1156510100,1,m.shj.cn/*
cefed020129e0c9265f3e6e6d8d8c905,1156510100,29,m.chuanhaozs.com/*
ceffd80036a194d36b6bb9f9400e11d6,1156510100,11,m.cdlrzs.com/*
cf053e121eb43ec3df4dc7303cc16b8d,1156510100,97,www.yd1998.cn/*
cf078d04b0616f47318d2d252fe38c5e,1156510100,69,m.bhjzs.com/*
cf09daed034997bd28309dcac0c3d6e9,1156511500,2,www.scxyzs.cn/*
cf16709c3acd337515f2f6e5f2bc2646,1156510600,28,m.scmhtxzs.com/*
cf3b31225c302d57ccbd51cd64109e6e,1156510100,1,m.zhuangku.com/cd/*
cf751f9bde28ac89bb107854322db439,1156510700,1,m.zhuangku.com/cd/*
cf7e66bc6ffcd192648c09097ddc94c1,1156510100,49,m.cdzpg.com/*
cf81d1c78b231926f9fe3b26cbc0afad,1156510100,127,www.ztxzsjt.com/*
d0013409ffd6964d3c1a006132b72453,1156510500,7,cd.m.dyrs.com.cn/*
d03114f502e50a3e9bd83ac67d100acf,1156510100,13,www.cdshanding.com/*
d041f837b07b1920d38df68cd7ad6eef,1156511600,24,m.zhuangku.com/cd/*
d118773ac61d2e88d6639f82572043cb,1156511300,1,m.shj.cn/*
d248064042fa3331f7e0ba5637cd33b6,1156510100,4,m.shj.cn/*
d2604b1ad2066b27dbd2a0afffd74ee9,1156510100,4,m.cdlrzs.com/*
d2ba6ab7986388130da5cce649b1722e,1156510100,4,m.bjlongfa.cn/*
d2d360858c16f6549a27eb701d24f67b,1156510100,14,m.cdlrzs.com/*
d3259b52564cd573855ed4a56087844d,1156510100,3,m.dazhongfazs.com.cn/*
d372013cf620149dcdbf0b15c8d877c8,1156510700,8,m.dyrs.com.cn/*
d390e614c12cb86001190f211fa87dd9,1156511600,3,m.zhuangku.com/cd/*
d3b6c752696b9cebbd11887ec5afa3cd,1156510100,16,m.dazhongfazs.com.cn/*
d3b6c928cc5c399a6c78473dabfb3a7d,1156511300,51,www.cdshanding.com/*
d411f17ef3f20be84b7a0ab3ba774509,1156510100,29,m.scmhtxzs.com/*
d4135dc6749b2b778801bada7fb6d9b4,1156510100,8,cd.m.dyrs.com.cn/*
d417491ace47245f2748d003bc3f750f,1156510100,9,m.scmhtxzs.com/*
d41e17913ae8d90c79ca2c95fdbece97,1156511300,3,m.shj.cn/*
d428a247227e1e90a2e56de2d5d77aee,1156510100,9,m.cdlrzs.com/*
d45106927b51c3a4ad7d30d5e2a48a20,1156510100,14,m.cdzpg.com/*
d4630daa1e4da05047466fc1da3aa2f1,1156510100,7,m.scxblzs.com/*
d46aac5eada0a3879af592186125d6db,1156511700,3,www.ch028.net/*
d56fa96add8aae6511d1b8ac2b107927,1156510100,10,m.shj.cn/*
d57d33c373009c6d8adab31c91221439,1156510400,96,www.cdshanding.com/*
d5b893e5798a62a521ba35675bddae3c,1156510100,52,www.falongfa.com/*
d63f52ff0fa0edb9c29753734fca577b,1156513200,8,m.scmhtxzs.com/*
d65b7f9210915392e34487d5e450e750,1156420100,52,www.bzzss.com/*
d6f3d67e1c230fd18dc88866bd05cd3c,1156510600,60,m.bhjzs.com/*
d70dc1b4065b90a03d6740fe7d9d738b,1156510100,28,m.scmhtxzs.com/*
d75f9e5348b074da0d906a7a966f6f92,1156513200,2,3g.xjszs.com/*
d77a78f8e051727f9e5a1986d51f3ead,1156630100,32,m.dazhongfazs.com.cn/*
d7d2acc3321f6fd1abd2e5a89452ab46,1156510100,65,www.yd1998.cn/*
d801e356f2ff4b834e84e3ba1f8d1c94,1156511300,2,m.shj.cn/*
d8050e52360b08f9b1069cadb78cc3d9,1156511900,56,m.cdshanding.com/*
d815dc36774919fbe75e067b80afa0b7,1156510600,35,www.ztxzsjt.com/*
d88660719d2ab15e704dd64dfa20fe0c,1156510500,32,m.scxblzs.com/*
d89f11dac3ba6a7b68faf58eb9a27dc1,1156510100,25,m.scmhtxzs.com/*
d8ac9114ed43568255c1687741c8af08,1156510800,6,m.zhuangku.com/cd/*
d8b5878e5bc27241be50f8b59a6c01b7,1156513300,7,cd.m.dyrs.com.cn/*
d909dfcf9286ba97ef2e828f93fefb2c,1156511300,21,m.cdzpg.com/*
d95519863e4d117767d2c533a7b3ea54,1156510100,3,cd.m.dyrs.com.cn/*
d9657733a91b46a13a778c1ece54f137,1156510700,19,www.cdshanding.com/*
d9dcf0a84fe29a1ef68107a49e1bf43a,1156510100,27,m.scmhtxzs.com/*
d9faf472b1e4cdae214ac322a0132927,1156510600,1,m.cdlrzs.com/*
d9feb31e9a37ec8df0472687e01c4f0e,1156511700,51,www.cdshanding.com/*
da4ce83e0fee27de5133cfe20257179a,1156510100,14,m.cdlrzs.com/*
da5f08c7e2a7f1178601b176cddfb087,1156510100,1,m.zhuangku.com/cd/*
da693049c72ac630e5ff4941280a514e,1156510100,1,m.dashucd.com/*
db34d57758d987c6cf53a4e4a150f06c,1156510700,35,m.scxblzs.com/*
dbad4d2bfa903dbe10f11885a7b18366,1156510100,14,m.scxblzs.com/*
dbbeb79011e8a8d8a9941bb533fe03ee,1156511000,2,m.zhuangku.com/cd/*
dc0864441c75d8a204dcf71ba72a93e6,1156511300,1,m.zhuangku.com/cd/*
dc75d83b20c8cf1d6e73c5673e5d84c4,1156511300,1,m.zhuangku.com/cd/*
dcea27f36f3a306fe49a522a0ae9d114,1156510100,17,m.scmhtxzs.com/*
dd04b79ca12649e4b5325248b8cef15d,1156512000,30,m.chuanhaozs.com/*
dd14b064247da296aeb69a1a87aabe1e,1156510100,28,m.cdlrzs.com/*
dd26a3174a226af562763df15a98cae1,1156513400,11,m.zhuangku.com/cd/*
dd39be247f51ba8f2ead2e255f5b345e,1156511300,58,m.bhjzs.com/*
dd5579c23f4d6378fcd460d0a4488fa7,1156510300,36,m.scxblzs.com/*
dd9ab75932ef83659259b16969f6345f,1156512000,1,m.chuanhaozs.com/*
ddc70f6c3143558544487a002a54ac44,1156510700,58,www.cdshanding.com/*
ddd382b95810c1c55d596608ae7932a4,1156510700,43,m.chuanhaozs.com/*
ddeb724ea778864746f132e09e81528a,1156510100,4,cd.m.dyrs.com.cn/*
ddfe74ad57f404c44a1b4fac6d477d93,1156510700,32,m.scxblzs.com/*
de1ef3a2ac9e0feb3b799730c38c5c38,1156511700,3,m.zhuangku.com/cd/*
de673d02c056aebb04766d3e744fa9e6,1156510100,3,cd.shangceng.com.cn/*
de845fe97a339668e3c744e39493a2ca,1156511400,24,www.ddzsjt.cc/*
dea9f3ec4c7d92144e50d4f8bdbeb513,1156511700,8,m.zhuangku.com/cd/*
deb289ec39f5ecad71def510b0b19a84,1156522200,27,m.scmhtxzs.com/*
df45f92b0dcf58c73578aabc8e1fab8e,1156510500,1,www.ztxzsjt.com/*
df482d4fc00c98844ad07234843af5a1,1156510100,2,m.shj.cn/*
df547e950cc69c08b5f478480033527a,1156510100,77,www.cdshanding.com/*
df5e294e836e46401aa6a30bcf8bc032,1156510100,4,m.scxblzs.com/*
dfc41e7c040ae6b15b0fd8736af0c377,1156511000,2,m.shj.cn/*
dfdc9b4ee87c94886ab4deb14f3ad98b,1156510100,6,m.chuanhaozs.com/*
e056afcd3d431b115215713467d7f8c9,1156511300,5,m.scmhtxzs.com/*
e0785cbddbe39b6b5c89f9801bf7542d,1156510100,1,m.tdhjz.com/*
e0a782aaca89a817bf6fd2b06953dd7a,1156511800,1,m.zhuangku.com/cd/*
e0bdd0e02c9d203a8af8d8084d50e2f7,1156511600,4,cd.m.dyrs.com.cn/*
e0da337fcea8c115e443a1fc032a675c,1156513400,5,m.chuanhaozs.com/*
e1315d6fa110897fc23568814c63de6c,1156510600,1,www.ch028.net/*
e181922a674d4833cde6790d0962e02e,1156511900,3,m.shj.cn/*
e246ae24c9aac089ae73c5725f7b9ec7,1156511400,16,m.dazhongfazs.com.cn/*
e24d621dbd9b8e11360c13dacdb9c5ba,1156511600,5,m.shj.cn/*
e28a26e2c496cf9d1ded8b72f8029cba,1156511300,60,m.bhjzs.com/*
e29e42153e51205e2ad5516883d76689,1156510100,14,m.cdlrzs.com/*
e376c409a80379dfb69502b4383e50b8,1156510100,1,cd.m.dyrs.com.cn/*
e3aab6fce08a1dd67dc7d2eafcbbef8f,1156513400,41,m.chuanhaozs.com/*
e3f043a6d455c55f4bd0716fcfa28d8e,1156510100,1,m.cdlrzs.com/*
e424b198af91a6aee947bb8739846ecb,1156510500,3,m.zhuangku.com/cd/*
e42d97702e7669c2551a89d331272e39,1156511900,85,m.scxblzs.com/*
e4524f21966007901e9ff09d7e400f0b,1156510600,11,m.cdlrzs.com/*
e48319369859b1a2f538d29ecffa3995,1156511600,22,m.scxblzs.com/*
e4da0c2a926f1fed87071e8019b44607,1156510100,8,www.ztxzsjt.com/*
e54f96877d9311835928bf33d3672d5d,1156511500,19,www.ztxzsjt.com/*
e5e5a96ae4e6b0f35051a7510de8eb37,1156511000,61,m.bhjzs.com/*
e5e5cb77c7927f4ae8d6ff149bb0af24,1156510600,9,m.sljjzs.com/*
e5f8695e477645cda7581ff20fdc6f6f,1156511700,2,m.zhuangku.com/cd/*
e608c52ae6fa9889bcbc5190927222eb,1156510900,43,m.cdrtzs.com/*
e6ae1e4fadd35e99e81cd2014b01a74a,1156510100,7,m.chuanhaozs.com/*
e6c6d9fdc0531edc7e75f712b1200661,1156513400,75,www.yd1998.cn/*
e702337de0925f7d14bd80a89209072b,1156511700,1,m.scmhtxzs.com/*
e706dd6a1501255978e81193c0d1da1f,1156510100,4,m.dyrs.com.cn/*
e70dc6712fa597b1ccce1a0cbbc7f7e3,1156510100,1,m.zhuangku.com/cd/*
e729953c8eafcbe5841b436727022027,1156510700,35,m.scxblzs.com/*
e788b7e785a04ad27435c492017e892d,1156511700,100,m.scxblzs.com/*
e78efd5c18b800610838d2380b65e047,1156510100,29,m.cdlrzs.com/*
e7aa1d6702172cede2582c251c5633fe,1156440600,78,www.cdshanding.com/*
e7d118c0eac800a7e2e42d705fc08214,1156512000,5,cd.m.dyrs.com.cn/*
e7e6792960e13dc0a0e852cbe1f546dd,1156511300,6,m.scmhtxzs.com/*
e8902a2b7e04f6f49bf08ab11ada27bd,1156511500,35,m.scxblzs.com/*
e8cbc902762f4b6091024fa33db3fdf7,1156511500,3,cd.m.dyrs.com.cn/*
e93039200b51d4ca1c7b0ad4d6bd3bc0,1156510100,1,m.dyrs.com.cn/*
e94fb781ef31c8f0db2d1a0e7f9c6353,1156510100,7,www.028dd.cn/*
e9b0754f85134e9639c9df96be18fb20,1156510800,1,m.zhuangku.com/cd/*
e9b6a190ca883a143a1eb69d8c82aef8,1156510600,11,m.scmhtxzs.com/*
ea1755e85840d1ca89a0ea09ca3eabf6,1156510500,3,cd.m.dyrs.com.cn/*
ea5365b6be4586176101c52cf6b77ccd,1156510100,58,m.chuanhaozs.com/*
eac96246031d4aa831f45b7aabed98d5,1156510100,1,m.zhuangku.com/cd/*
ead67aa5055daac504ecaf331ab7950a,1156510700,22,m.scmhtxzs.com/*
ebbf9d19b3314ded2b328eb8b13b3e66,1156513300,28,m.scmhtxzs.com/*
ebf420cd93f90e317689298c7a23d8e9,1156510500,32,m.scmhtxzs.com/*
ec13e998513cb954813556da31f7588c,1156510100,14,m.scmhtxzs.com/*
eccc7ad9b421364d26f1ea3ecfa46d2c,1156511300,1,m.zhuangku.com/cd/*
ed0c3bcb08baedb43503d4349d90ab07,1156510100,41,www.lbzsx.com/*
ed2b1e2bb5e3ec7ec32e4564f4ecfd95,1156510300,9,m.dazhongfazs.com.cn/*
ed3861f09a6edd4a5fc2ea6feec6f328,1156511000,4,cd.m.dyrs.com.cn/*
ed525431b41d4c8fd3a6d116a7dcc9f1,1156513400,61,m.bhjzs.com/*
ed61113aa95b910765909634d44d08a9,1156510100,71,www.ztxzsjt.com/*
ee2f455d9fd358ba02f0157dcdbe0cf2,1156513400,1,m.zhuangku.com/cd/*
ee354f62c11e526f12482f36dca823f1,1156512000,3,cd.m.dyrs.com.cn/*
ee3fb4cddc80a48936a351fbea0f07ad,1156510100,57,m.bhjzs.com/*
ee8b3fc5babf43cb01d511fba4f2533c,1156511100,40,www.cdshanding.com/*
eebe3f0adfae0aeca3a6a25999588b20,1156510100,19,m.cdlrzs.com/*
ef201a00d43bbb9dc98478c163a03d68,1156510100,9,www.wuyouzhuang.com.cn/toufang/h5/*
ef883d93f22ff181ceff0815627a1c8b,1156510100,57,www.cdshanding.com/*
ef9286e419c99ec157148fec9bc999ce,1156540100,9,m.cdlrzs.com/*
ef9b5d8a7b9b14de72b0837d2fc4559b,1156511400,21,m.dazhongfazs.com.cn/*
ef9e4b6eb810034bc02a35ce1a92fa42,1156511400,1,m.cdlrzs.com/*
effed55f0b040a9b5935982a7950e43b,1156511900,162,www.cdshanding.com/*
f0a8a09735159ee0cb85c436976aff3d,1156511300,4,m.zhuangku.com/cd/*
f0b6f257a9304c3922f137481bb4ee1b,1156510100,5,cd.m.dyrs.com.cn/*
f0d5e056d4dcd97820479d73035d5dd8,1156510100,15,cd.m.dyrs.com.cn/*
f0e2219b0c5703891ec03c36046413de,1156510900,25,m.scxblzs.com/*
f0f44ae5d1858167e7f7034a73f67b4c,1156511300,3,m.zhuangku.com/cd/*
f1aaf39fa9c79147f864670d4f4f9de1,1156511600,25,m.scmhtxzs.com/*
f1b1437dda54a01e183c341ce32291f7,1156511300,25,www.cdshanding.com/*
f24c27a115a6e6d1379df3fcc898a62f,1156510700,1,m.scmhtxzs.com/*
f26620bbe5d77f8df629b2db2966676b,1156510100,15,www.cdshanding.com/*
f2a56da0200a69e4977a5614b7bb6946,1156510100,7,m.dazhongfazs.com.cn/*
f2c25ea8b10c1bc1ad9de9958947ca7f,1156421000,14,www.bzzss.com/*
f2fa62194d444c13730c538dbc5ead66,1156500000,2,cd.m.dyrs.com.cn/*
f2fabc3797ec8caddd203ebb8a854307,1156510900,32,m.scxblzs.com/*
f32f42c60ca04f5ec6c2d1fe478573d6,1156510100,108,www.bzzss.com/*
f34c127082fe4f9f4aad4ebeb3a87de1,1156510700,3,m.zhuangku.com/cd/*
f371eadd02a4be571af7377147902b57,1156510700,12,m.dazhongfazs.com.cn/*
f3c8ce26ca81be668f7eb0998495fc2f,1156510100,107,www.cdshanding.com/*
f3d44d9805ea415bc696caff6771f4e9,1156510500,5,cd.m.dyrs.com.cn/*
f3d993f51e9d04079634714034421fe4,1156510100,16,m.dazhongfazs.com.cn/*
f406a1937e2f807d16f96872d5c679a4,1156440300,42,www.bzzss.com/*
f44f22641a3bdd00c4fbb4af4fa3e428,1156510500,1,m.cdlrzs.com/*
f4ec7a5dd1b0385d5f621bb5621ae6d1,1156511500,1,m.zhuangku.com/cd/*
f4f507f0c14233b2930ef2b06a82a9c3,1156511300,32,www.ztxzsjt.com/*
f51c0942c2ee024645b3390ce2d337d7,1156513200,16,m.dazhongfazs.com.cn/*
f52bc81181bf78390c8c3bda1c2fe46e,1156510100,57,www.cdshanding.com/*
f5b5ebb978bb6e887069f833a6e92252,1156511400,1,www.ch028.net/*
f5ba17760bb3afc57cfb78ba43c2a3c9,1156510400,2,m.zhuangku.com/cd/*
f5d385e32df391d04f6e717510e864c7,1156510100,41,m.chuanhaozs.com/*
f604d8aabb82524060fe82a677813a9c,1156510100,1,m.yzf.com.cn/*
f6ad22c164af3edbb9f6a8b9a7968473,1156510100,26,m.cdzpg.com/*
f6c8a591abcd75713e065e31e8c53bcd,1156513200,2,m.zhuangku.com/cd/*
f6d75a99ff17ac56c91862b90d16c114,1156510900,37,m.dazhongfazs.com.cn/*
f765a424521ea1adde656b2389ad9254,1156510500,24,m.scmhtxzs.com/*
f76eefaabc2c26c4dc1afe016a783fed,1156511900,28,m.scmhtxzs.com/*
f798ac72735a008c8611ed309dafdb77,1156510100,4,www.scltzs.cn/*
f7b01797d49e5b61f28bdc7641ba8401,1156511500,36,m.scxblzs.com/*
f7ccb773cdc797ac40ca686dfea7db96,1156510500,2,m.zhuangku.com/cd/*
f7e0e4ff37ca2ef7d4dcda93b4b97712,1156511300,31,www.ztxzsjt.com/*
f7f04c05f9c10e318090b199cf228544,1156510900,16,m.dazhongfazs.com.cn/*
f8034630ce1c91d521ae6bbe81f497e5,1156510100,79,m.bhjzs.com/*
f809b626eeaa9d7a6ed58d8b80272caa,1156511500,1,m.cdshanding.com/*
f815a5b19e05bb06e08f4353c2d7f0e1,1156511300,1,m.shj.cn/*
f84ebd07b5e0567d5b09cc8ccb66b735,1156510100,1,cd.shj.cn/*
f8a7d61404da3ad227fe4890c5074f37,1156510800,15,m.chuanhaozs.com/*
f9515b02ff99ac9eb40bb74d9385da69,1156511000,26,m.scmhtxzs.com/*
f981ac5312f49bf482acdaedb6cfcbc1,1156500000,15,m.dazhongfazs.com.cn/*
f9a805ea46d05afa0c27aaac7be6b184,1156513400,24,m.scmhtxzs.com/*
f9afa241321b27882524d44556345dbb,1156511300,12,m.scmhtxzs.com/*
faa46b8dac0ce286cea754c039eabc61,1156510500,34,m.scxblzs.com/*
faaba6f170411a9d1f1d26fe630882cb,1156510100,1,m.cdlrzs.com/*
fadd8d8d0497c9b20b7166801381b75a,1156511000,35,m.scxblzs.com/*
faef8b9d76b3b8f670ef6e28106c663a,1156511000,59,m.bhjzs.com/*
fb34b8fa2ebc20aee0cff28a8506b5c4,1156513300,3,www.ch028.net/*
fb39d933d46eb7adf09b3d53a240157b,1156510700,16,m.dazhongfazs.com.cn/*
fb4055345d88d8e0d2c0f4fe8787d977,1156510100,3,m.shj.cn/*
fb9a490e3e192e92755473cc4b93e815,1156510100,15,m.shj.cn/*
fc0937bcd446fd77f9fa380beee45c3a,1156510100,3,m.shj.cn/*
fc934881522e926fca95bf391ab3070d,1156512000,15,m.dazhongfazs.com.cn/*
fccb21176245893a68ec08030096a205,1156513400,1,m.zhuangku.com/cd/*
fcce4ff12bcbf5a48e4b3531b5c7a512,1156510100,22,www.cdshanding.com/*
fcd0c5df7d8e16c4a18c27a162e181d7,1156511100,13,m.cdlrzs.com/*
fcdf5fc899622652cec2e47d941c0708,1156510700,38,m.scxblzs.com/*
fcec6db4c94afdcb5f9b5bdd7902a6a8,1156510100,25,www.aslbzs.com/*
fd1793f00acf299a4789f0a2633cb230,1156630100,28,m.cdlrzs.com/*
fd2b1df0c3a29094476b46e680cf2e3a,1156510100,91,www.cdshanding.com/*
fd4a06544bf31f90fdd862ecf7a9eab6,1156510100,12,m.scmhtxzs.com/*
fd8d26a2f5ceb9a055bb8e5d0252851d,1156510100,1,m.chuanhaozs.com/*
fdcc4d51a4ce7e5b56d7d8dd365283c1,1156511000,69,www.cdshanding.com/*
fdd6239093442286173c08e7e32e1798,1156513400,8,m.shj.cn/*
fde0875f379a5a1ab68596669c97b744,1156511500,1,m.zhuangku.com/cd/*
fe6c5c6a06623f558d8e78dae6b807b9,1156510100,119,www.bzzss.com/*
fe945f46874e380e902be800261e0dc7,1156500000,79,m.cdlrzs.com/*
febb27da3f84e6966b1e4fc7e1ac445c,1156510700,1,m.zhuangku.com/cd/*
fed17e6507f8f215ad7f1f8e07921e90,1156511600,13,m.shj.cn/*
ff41efde505e57c29692d3f271ea6aae,1156511500,1,m.zhuangku.com/cd/*
ff82bca6c31fd84f1a1bb1a252af8501,1156511100,9,m.scmhtxzs.com/*
