01e644357647c2027560f09dfc257a85,1156120000,1,2972646
0ceff24bf4a1a8b198da452aeded50ed,1156420300,16,5865019
0e2f760382406e96f52f2a1091290b0b,1156330200,1,5865019
1303ba1a961224cb32d833af77a1fcca,1156360100,24,2957766
1333fcd9dfc264e4934b361235d5fefc,1156360700,11,5865019
21c6b49869d4c413453ccbe1c738dce2,1156350500,14,5865019
2425fb3aba2ed5613fd391609a967b25,1156532300,11,5865019
3077275b51ab049deefc04f3e744a989,1156530300,11,5865019
31749c71eae7970fe41ae7d3443b9725,1156510100,4,5865019
36d83a995fb4132cdff6b60355ca845f,1156341100,48,5865019
3bd509e9ea4fe42f321fef1182c9c921,1156341600,5,5865019
3c5e35c1b0708c5a5bb3aeff4fb462d2,1156440100,2,2957766
414cca1a77806afcf67c98d7631ba9a4,1156410100,19,5865019
453a26b6f40b1acb71275486a7a59c24,1156350700,10,5865019
50715d2028c7193e1be7f4a45ed12fcf,1156130300,12,5865019
5297aa6fdf64c7834a8cf1f47028844b,1156110000,11,5865019
5c2434738d13bd0f3ddc700e1e99e905,1156510100,1,5865020
6aab6deb108e67dbcb08992995c13b0f,1156110000,16,5865019
6ee842d07403f998adce85ff133e6623,1156140500,18,5865019
795a1624101474ac5db1b22d26fab617,1156330300,1,5723782
7b6e1097171e2d6376a40b8812176f36,1156330100,1,5723782
86a7443a38906412e69783d6918a0a74,1156110000,1,5865021
8998c8c2f6b463220ce921511eb88aea,1156510100,1,5865019
8af56499cfd8055a8500a9ea5565d806,1156110000,15,5865019
8dee92e9d617fc00a8280f12fbef79ae,1156330200,54,5865019
930e4dc822ebd7aab20f8befca1ed424,1156360100,89,2972646
983c42061d2bf519cd3864450fd39410,1156441900,12,5865019
9d32a4940ae3d561c988d7a921d9c801,1156441900,5,5723791
a4f4250b6fc8bf00f5a2a63fc2255d5f,1156350100,5,5723791
a9d487726edd1f8b051abaee9aaa7be3,1156450900,15,5865019
ab50317d7431e60888014c64928dfae0,1156330100,25,5723782
bbe1f4dd8b62d8dad5e0390e458c9d7b,1156440100,1,2957766
bcdfbf2bd84637a3e3a64cd5d5436b17,1156110000,13,5865019
bd6da9fd362ecf66bd03186055b8f068,1156532300,5,5865019
be5f010ba8c1eedd6ed77426048ac372,1156350200,114,2957766
c0370024dc012fea0811cbc45444823e,1156533300,5,5865019
c861e5f1d59aaf960c51469329bf9361,1156110000,4,5865019
cbc3ebc516f13b50cec3eb71774b908f,1156500000,12,5865019
cbcca4bfa1657eb271dadeb90901474e,1156371700,1,5865019
d1c1aa796806cb387173fd847507e488,1156330300,11,5865019
dcfbb32dd5aa3882fe7692de52443374,1156370100,14,5865019
dd84a434ff851ab74eeed2b6d03ad885,1156440100,1,5602449
e076edfc15764958b7e0084c415b270f,1156321100,4,5865019
e54afbdc177c7ffe8ffb7649542132fb,1156510100,1,5865019
e7d1d66e36375572bb5e699128426680,1156522400,2,5602449
ead63dce97e2720364babadfc32fc847,1156341200,2,5865019
