01e60a97c425690178aea4713139e46d,1156320100,1,5900581
022aacfff8ce24e55919e096b2f5306f,1156310000,143,5900531
0257f9567e6c1aaad306ba1d38bd11b5,1156370200,31,5900604
02657094f29379108f8ae12ebe97ccf6,1156310000,27,5900540
02ea94a7776ae2d15eedd2d1d6b90f62,1156320100,10,5900598
0351190dc47c0344952b4cddaec52595,1156310000,20,5623698
03a5502bad6833c90750bf5dbc085cc2,1156320500,6,5624877
04030263866c929728b556494c64f4a9,1156371300,1,3172117
0405688113dd5a6044d109af134b3f55,1156320100,1,5900474
04e04ca12b08117a90e78d0b1ffe336d,1156130500,4,5624877
04e388159ef26520971cfa97e82d3900,1156371500,1,5900581
04eee1b7aa9eeca92ced61283f8cb122,1156310000,12,5900588
0546582e143af137ab52655345973de4,1156370900,6,5624877
0632f97d9e3544eb22dcafb2ec47a7d5,1156340100,1,5900604
067fb0c774d169208958c07abb116e65,1156120000,7,3172117
0693858455708c1be34a5508f2db3647,1156310000,5,5624877
0711d863e3d07aebae1934d251fd8f09,1156320500,12,5900540
07e1f83f0694080dca1f6f50cbee0e15,1156320100,1,5900581
0858f29d92a6248fcc74d7f202de61e8,1156310000,4,5624877
08d60560b90761a33aab3e99f85d7839,1156360100,1,3172117
096dfb4f0cfbaa538bd1d8d4b6ed7ab6,1156370100,1,5624877
09e579a1968e067412833efb4a9a0c48,1156120000,1,5900588
0c2e2bc22440b697d06dfba5eff0bca4,1156530500,3,5624877
0c74e72d4d61b146ff1ec763e6f3d02e,1156370200,1,5624877
0c79d94d6ab6aead8218ef280684d645,1156310000,20,3172117
0c83c8e3c25810526269303d5c597d79,1156370800,11,5624877
0d261ff3a07165048a88337a5b2ffbce,1156320500,8,5624877
0da00cad0f5176e3b58ae062edaad7fe,1156321200,2,5900591
0f25881844aeab7d5b5bcd5b6cbe7c33,1156371600,2,3172117
1046f45018e9d07321574226aadc56d4,1156320600,3,5623698
10c5d0a884b0f48cf194c09c0acdf95a,1156320500,4,5623698
11938498abd84276260b32ea69ddd4ba,1156370700,24,5623698
12348ee3978a279cff882e2f754943f4,1156371600,7,5900588
132c42b59a994461aa53082b697ae1d8,1156371300,1,5900591
14d241196b7f20c950a2f8266b8705b8,1156371400,4,5900588
14dad69a396358321012cbdfa39a745e,1156310000,2,5900531
150fc006964ef1f6129f08904c08513e,1156320600,1,5601119
15e2c923489dea3c7db90649ca2bd4ca,1156371400,17,5624877
16244bed3f7821e895485899d967fdcd,1156320300,5,5624877
16b6904f02f23788ee1f5e79d1f34716,1156320300,4,5624877
175b1fc3c127248dd450cb3264d120cc,1156320400,1,5900581
1815c047416072984c8f3c5106b0be05,1156320500,1,5900544
18491cdcfbd025ec67e82dd5055f93df,1156320100,63,5900553
18cfbdcec749aa85e46ac73071e4eeed,1156511900,2,5900591
1934243edc0914bd30e109c426293805,1156371300,6,5623698
19346da5472c8680b4ee4b27f675c81e,1156320500,4,5624877
1950505ee4d7d7ca0f583fa75813ad05,1156370500,10,5623698
1a70546a2c336569be4ee06320a4fbec,1156320100,1,5900591
1ab44db350214019416426e175906867,1156370700,2,5623698
1b6253f04154092168b6c313d9a2f5a8,1156320500,1,5624877
1cff9670fea1e3121a6d26bc2333d1f6,1156310000,3,5624877
1d0909af70eb265a104fbfe194ada5c0,1156310000,4,5624877
1d108ac3a816a43d944d51eded5d770c,1156330100,1,5900488
1d75f620768fa80056f40e39a384afd8,1156310000,2,5624877
1d781fe26ef74c17c231ed49f4554825,1156320100,5,5624877
1d9d0e7400fde1c091108445d73a7974,1156440300,1,5900585
1de8d6427e17a9c287c57da4e14424fa,1156321000,1,5900604
1df9335e4617d6dcb4e2288bc352b79c,1156370300,1,5623698
1e1a51881b31567722439ad93faa8868,1156320800,26,5900604
1e626a534cebaeb583d649c555607b8c,1156370500,6,5900588
1ef2f96aa5e9261467b460b18f2bfc6b,1156320100,2,5900581
1efd898bbcb4e2550a96e09d4285a0ec,1156320100,1,5624877
20869588d453bd10514afe0a932643a3,1156320600,1,5900541
21e874dbdf857b1f00a2c45417231906,1156371600,18,3172117
225c2a5d4dd6a9184873e2545c8a57c8,1156410500,2,5900534
227de218d0e449505ea4f10506347788,1156370200,1,5900498
234866adf4b6cb99a3dd23291226b5e1,1156371600,12,5624877
23ae7e852c1e0ef986bda55e4d7a7f58,1156370600,26,5624787
23e0899d004aac91c8a40d516d6b1d1b,1156320400,1,5624877
23fd61330303284e9207c388e572ce54,1156320100,1,5900490
2609c9c375b66d4d5122a947f031d2f7,1156120000,1,5624877
261089bb8a3136497eb7b3a35a2c63a6,1156371700,4,5624877
26b3713f3f83e22b610ce3257d2b161d,1156341300,1,5900534
26f0556fa8042795071a842ffb75e978,1156310000,10,5900588
278b21ac3f123face064a6e3693a6027,1156310000,35,5900616
27b45384a8094ac0bb3abd244dad28d8,1156370800,1,5624877
27c65dd16535e172c17ac184c976105c,1156310000,1,5900491
283cd3ad9eaafe05cc59926815a9cc31,1156370700,3,3172117
2876172e05e0249c13cee99732d7deee,1156310000,8,5624877
28bd12792e8d012920f0d0be13ace8c0,1156321100,5,5900588
2937cacaac2f49c82abd864dea9e72a2,1156320100,19,5623698
294476408e7078db3d8553593cd66e32,1156110000,21,5900588
29b4c5f0957060d0eedabb1f603a9e4f,1156370600,26,5624787
29ecb0b573cdbc279dfe37feaeebd374,1156310000,17,3172117
29f3654c753f34e7a33f271bfd54589e,1156310000,7,5624877
2ab4269f58507f1c014ae9dfb77fb2ef,1156320600,7,5900541
2ae280773a36aa3207d46234f3489c95,1156310000,1,5900588
2c0fa32b71e3f6558e7b2839c4a79c11,1156321300,1,5856450
2c162535ca8e4c7cb2533ef4ecb6494e,1156310000,5,5624877
2c6f0cbba1cdabd8db91a9f2499b02ac,1156120000,1,5623698
2ce2bbb49896b6868df6d8fe305a65d6,1156310000,21,3172117
2cf6c6fbeeaeecace9d4e0a3417b155c,1156371000,12,5624787
2dfada26275bae3b86f0b4e8caf631b3,1156371500,46,3172117
2e60ab989f591b975127dc0da099a35a,1156370100,3,5900564
2ead026859aa3b657860cf21b51bc3b2,1156310000,1,5900531
2fa01db8fcfbdd337f4e05eb54bb9554,1156320500,10,5624877
30602da2f8faf8ecf2f77466b3df3f7b,1156360100,1,3172117
30feeb5612e73efe91d1e8c9f9fe2523,1156310000,1,5900603
3160355574a773aa2e15a5e6439d0411,1156321000,12,5623698
31f7f1c8c995f88b4f8489dee9cc3637,1156371100,1,5900591
32554ceca0057f6d2f99e5de74a8e57d,1156320500,1,5900604
32b731c1d448e9805ff96dee67ee5df1,1156370400,4,5900472
338b8e5b9ee181ebade4a91f8556802b,1156420100,2,5900591
33a81f8f02c7d94054afd3c1ef382a38,1156370100,1,5900588
33d37964a16e985b32d1d60f0f1ae3da,1156371000,1,3172117
340b459a01be3929307d4778447ab71e,1156370700,1,5624877
341e9d9f25e809899956358106506611,1156310000,1,5900603
359890add4165de8014252f71a0c3604,1156310000,6,5624877
35bc7e42a8a1f43c1e7147d1b6504f55,1156120000,2,5624877
36347b98736d7a1847d5c132ef319080,1156370600,10,5900540
36541fee681718e4ff9882218258d49c,1156371200,6,5900604
36ce296520d0c82b0f45e3ede73bd9ad,1156120000,63,5900553
373d93f1476e4c573fc1545ba8f7e5c9,1156310000,11,5624877
3840f039c128311df1fc527ba87c0f12,1156371600,29,5900609
38bade8b2db32ecbedf0bac6f01793eb,1156371700,13,3172117
38fa011b37970b1efc32e7379a13bb99,1156621200,1,5900588
391b5616b9740645f50d5b749b477733,1156371400,29,5900472
393ea18d0fa70bb9589d6d1347b6dfd9,1156310000,1,3172117
3952e5a99dbf3f44b96f11a051c13093,1156370600,10,5624877
3a57eb53a6aadf7047754477d422f3aa,1156310000,2,5900591
3af12052096d2c813c17c76e79bbdb2b,1156371100,3,3172117
3b3734437700fbef12b00ff3fa140f24,1156371400,8,5900581
3b4f1359c6899affd483994dab30185f,1156110000,1,5900588
3b5d15c0205b643854d930de44e4a345,1156310000,10,5900588
3b647ffc014dc08a145d66c87d23df1a,1156120000,1,5900604
3bda177cb03deed4b842fc84c42586d1,1156310000,1,5624877
3beb5a2e841c753285d1b218c2b0920d,1156370200,1,3172117
3c41c5f4b96f9d670ac22fd48010c199,1156411500,9,5624877
3c67f0f551f3acfe06da66fd803ee7b3,1156310000,10,5624877
3c68e67a779ef828dc4d28f876792a9c,1156120000,1,5624877
3d2927fb955225ce7dc1047c784477db,1156310000,1,5900588
3d610ddc25c5df92b0ded4ce654a02a9,1156310000,4,5624877
3df24c48f2da651286d4403cedd384a3,1156370200,1,5623698
3e5ed71e7ef0ae66406d58b9222c5d96,1156310000,1,5900491
3f20af9c56c086dac209c421b1b61f30,1156310000,1,5900588
3f29d06b6bdc7fc68666d3681cb82d9e,1156370100,9,5624877
407d775c64019bda89a77eba1f49789a,1156310000,1,5900534
414693f2d8937578ce9babdbf572bec8,1156370700,12,3172117
42c183dde2be85c0dbb29ac46763af70,1156310000,10,5900534
42e4c400f0b3f23eeabcaf21c7fdce42,1156431300,1,5900591
44a3524dea5bbdaa68d0a87e2adaca0d,1156320500,3,5900588
44b46d7414ccf65b3e54be92bc64080a,1156350400,8,5624877
44f2ed932169eecdabca2224524b148c,1156370200,9,5900604
45dddd5268c8b43a80ee49e212b4ac25,1156370100,5,5900591
45ee37d21677dc76c32a2237777cc03a,1156370700,11,5624877
4681c858e889274011fff006044891ee,1156310000,8,5624877
468867f171bf2c31ad080b24cfb1f17b,1156370800,24,5900490
473087db8f06ffebe50b9048724404f0,1156442000,2,5856450
47518275930d8d11b07eace1b4ebca4a,1156310000,23,5900491
4781793bd9d415ad2b0c6c7594195327,1156340100,2,5900591
487fe58e333f0a9d1c9908d09993b7b7,1156320200,13,5623698
48c6af336b899beb649839870a420cee,1156120000,25,5623698
496a9bd6e54f90c24a04121035db58c4,1156120000,11,5900588
49e2f927e55d6741647bad826aac9216,1156370200,1,5624877
4aa631af078868d948d939c9762f4dae,1156120000,1,5624877
4b0cfed19cb395a73594bed6cc79edbb,1156370400,1,5623698
4bf319a0beb5dd4873b80912aba55c31,1156320100,1,5900531
4d7bf66390b37a8a7a55213e73b15d26,1156371500,2,5900591
4df0071cd903c79b1f00483c71cd88ce,1156370600,3,5623698
4e4ff40dc9174217d563fc9359dcb1fe,1156310000,37,5900603
4e8c56b8063df4ddae619d7d51d31dd6,1156370100,1,5900591
4f442160cb2a0bd0f6591554e902cc12,1156320300,20,3172117
4f51ab171f7490be723b62c17eb10280,1156620600,8,5624877
50a9f019393a2ef7a164245924c0e3da,1156310000,53,5900591
50f600e830c61ba5fa91a56e1020f5b0,1156370200,8,5900588
51eae11d6d7c685a0a5d728ae81ee28d,1156370600,6,5624877
5295673952f2f9f7c8e14a95577ddbca,1156321200,18,5900541
5302afd7863b331cf6db6c8789f93ec8,1156320900,1,5900588
535bad870a9547c52ab2ea92b80a8b0a,1156310000,18,5623698
5360e7ff5c44d090caeaaf2d2320f180,1156310000,2,3172117
546d33e3bc4429edad96f7f04057f3a9,1156310000,29,5601119
5527903a76ae0a1215695b297210b33e,1156310000,1,5900531
57c98ff398edbeea689ab8283943bf12,1156370900,6,5900490
58188c9fc976d70ddb664b8fc3d0c6f7,1156370500,1,5856450
58a5cb5459b5ae7449ca6216c3699cef,1156310000,18,5900491
596ae602d01568ac46de9d00d3f44f7c,1156310000,1,5900603
5a3c347b0fa1438f005a812e69587b6c,1156321000,1,5900555
5a9d3f85f907ba4dac9f517ba7b9c11e,1156310000,11,5900588
5af08d698a6a7c7b417a53f8b86d3dea,1156120000,20,5624877
5b618a3a0e5a0d383b93102c8a78ef2d,1156370200,9,3172117
5ba65402bf6e536a26b798153b505eb1,1156500000,5,5624877
5c206c4dc6ce9245f127b170ba2eac8c,1156371600,3,5900588
5d067fc0e16a2529dd66d7612460df9e,1156371000,12,5623698
5d9a73fdcf4b9ac9fa7cad6749290dff,1156320500,4,5623698
5d9f4c2c45000dff6ed6c2e22c7d58cc,1156370200,1,3172117
5e2ba838ca6ec1e5aea13440b3eabe09,1156310000,28,5900588
5e372cabd8e994165abfe69c04016911,1156310000,2,5624877
5f7ab4c6a26e3bb03eb2b5538a2efd02,1156621200,1,5624877
5f95665a92e4b39e7e40c8062d65e225,1156510100,4,5900604
5fa3aa90cdf1f679c2521d382e9802ca,1156310000,20,5900581
5fc4f0e23f8f16277216537c3c303ac5,1156410100,1,5900588
6028a5ac72b2b6c3997f7dc71d21169a,1156371300,16,3172117
605b16fcf70a1dc6de218ddccfdb7b2d,1156120000,10,5900564
60e7aa528630873afbf71019ab25a599,1156360600,1,5900588
617a282d7a9c33be418e09d640707838,1156370700,24,5623698
61a1783aa5eb8b8627f2f39d0033afc9,1156370700,9,5900604
62777cabb546ffd8b491068f873a6f9b,1156370200,10,5624787
632c87346b60041e2a3fa5f2beedcc7d,1156310000,1,5900491
63ab22ad21a1410b14f425521eee39c2,1156320100,1,5900490
63ee45538351d7a2076b0fac2bca6d8e,1156371600,6,5900588
63f08b83fbacce56ab07938874ac937f,1156110000,1,5900491
64a4778d29ab80d18df4bc18c8090846,1156310000,2,5624877
657c14ac141cf254d4a59b544bcf09a0,1156371600,7,5900588
65880ae2b29689cc31764799283716f4,1156321200,12,5623698
65fcac1df56fd2da2611687008f08ef9,1156220700,1,5900531
66934434e6e26822557524b5263fb163,1156120000,1,5900588
66ee834bbcadde96bca2234c6ae7f14c,1156310000,3,5900567
67a15ba56ce8c107e3a0fe4c9d966150,1156120000,2,5624877
67afe165b3572637db788c7366d8f414,1156341100,61,5661439
67d8fe710981aacdbefed5d24d601f9a,1156371300,2,5624877
6899f558ef30c5ee14fde9dc76408bd9,1156371100,3,5623698
6929b365c8ec5b7916ed75c83d3f476e,1156320500,8,5624877
696208134806d2eefa9a4e12061d1e6d,1156320900,22,5624877
69cbf0cc1479f7866f375554f81298a2,1156310000,31,5900534
6a543fd788c329d501a6bd7ff71caaee,1156321200,2,5900541
6a96a7642322656da1b022faf6dce376,1156370200,2,5624877
6b4b3ed529d49872ee3eaac27dc82100,1156120000,26,5623698
6bcfd2751515a3fe464ebdd58c7064b2,1156310000,31,5900490
6c9f0b1c17c5c35addd68c5de8299f62,1156310000,1,5900531
6cbb6bb1e543cde022c9d762b7f912ae,1156310000,43,5900588
6da6e0ea9a73462220b96c1f74ea532b,1156371500,12,3172117
6e57e6d925c8e776f551f7c7248d9546,1156320100,11,5900588
6eaf182325d58d0ae84109c347e424f1,1156310000,16,5624877
6ebdf4618d824d50908037d2896556af,1156330600,1,5624877
6ef34ac55e378f38fce1173ce35644ce,1156320500,1,5900591
6f5475ed7b1cac40cbec688b7f76d8da,1156370800,2,5900591
6f92a996481272b9a5a68c7776062aa2,1156511800,4,5624877
6ff2b5102c2770ff7e2e22d86582251b,1156320200,1,5900490
7032eac0604ab7239a8077ac4b6edf8a,1156321000,25,5623698
70756c9f259bcd8f7ce3aaf1d3cc52df,1156370200,15,5900496
709c49727f887f4afd9056c2c0641066,1156441900,2,5624877
70c9afe792e7cd28aadfd5ed2c9458ab,1156370200,50,5900498
7104f6160037030d2c19f6160d2804fc,1156320500,22,5624877
7252bc3205f23ab34a9c629cce4bfe6e,1156321200,5,5900541
72e640f9a890f07c491014d736c58e70,1156120000,1,5900490
7314b2e44c7b818f69075012ab31c551,1156371100,4,5624877
7384368b74d7c25bad58b08ac91cc0f2,1156320500,30,5900496
73a65be252198ec777246f6d4b226977,1156310000,31,5624877
74074edad7b31af2df2bfc31c909b333,1156370700,1,5900569
745c609b97e7089b350a92e019e418ad,1156371500,1,5856450
74b4d4e446620b7fc3f064a1f53b8966,1156320400,4,5900541
752f04a67e7d2732874aa32af5135d95,1156320700,1,5900591
7673594761fc13bc9150e0be9f75fb55,1156370800,19,3172117
7815e85dc921e56565f6584edcce3296,1156371700,1,3172117
781c106b7a56de426d3825c3be67b541,1156371500,1,5623698
7835505b83f6baca2dcfa7c80f677b4c,1156310000,1,5900588
788fc02e9e8bbb565da0ddadd8c0a405,1156120000,7,5624877
79bac396eb05c7fc539b0a7f9be95d46,1156320200,3,5624877
79ee6d3153ebecb274320c0b3c31175f,1156371100,3,5624877
7adb6316468972300fae2a94aa4f1d1d,1156310000,1,5624877
7af9d69922c11f458b523cc601468a70,1156310000,4,5624877
7b278457ea8026f3bb3ee3e3a89a2470,1156320400,6,5623698
7b7627529f476d54d1aaaf58491599b2,1156310000,1,5900598
7b7f3cec495cb81250ae2964501503b1,1156370100,2,5623698
7b9e9d04e050ce63e4fbd1f5dbfa15f7,1156310000,71,5900603
7bafb783046b081c0fdc69b1c08b15be,1156371400,1,5623698
7cbfc69978ef23bc51b2a7157612bf23,1156371600,2,3172117
7d56ca078baa6c05287baffcbcdad77d,1156371400,1,5900588
7d622d91d07c0d1646cec47de3a38984,1156460100,9,5624877
7d9f99ee1b8345ee4bea06e0410e1eaf,1156320300,4,5624877
7df342d558b18b9536d4950a25f61512,1156310000,8,5624877
7eaa6cabf2e98fea368011e5336b6768,1156310000,7,5624877
7ed018d892120243c59955235d87dc12,1156310000,12,5624877
7ef454554d6b0241af69563697d167b9,1156371500,8,5624877
7f08d0c62a731c28f0e46c91779cb44e,1156320700,11,3172117
7f2552fdd9d3b86ec76c400dc850d7bb,1156320600,2,5900541
7f4d543227ca63a22824dc4aead321ba,1156330300,8,5624877
7f9196a835fc29ce5b5d9191b6f0611f,1156371300,6,5624877
7fa276282327208b87c0ab5bce889785,1156320100,6,5900521
7fb8e593fe5cbb8102aeafdb049364a6,1156120000,26,5900588
7fdb0af83bc42d4e47b5e1d8ff350098,1156370200,5,5624877
7fe34b46f738e1089d4b7dd9a313afc2,1156370200,1,5900588
802762ac44bb2b64ec8033a5e80bed92,1156321000,1,3172117
808c468ef516f00018713f6fe4e04d6e,1156320500,7,5624877
816e70219559b4ed7c4685b982eb2406,1156370700,1,5900604
81c777e6055e4d4b69c876bb49c4f61d,1156310000,1,5900588
831c70e6b8bf9324310b8aa799f16bcf,1156310000,1,5900531
833a65e449be0ed9f474eee0e21ea3b2,1156371000,1,5623698
833fcea755ab522b47f9fc4b822a305e,1156320800,2,5624877
8457406e4aa51b382421f14fcd1e7e1f,1156120000,3,5624877
846471f1d4b1c37507e660ac5dc868c5,1156370800,2,5900591
854e044765c11a7482ee015fda94f402,1156370100,15,3172117
857aaa884bc5fe9fd0040057feff80d4,1156310000,5,5900567
8597679477d5576c607b960aa55ba5b6,1156310000,1,5900531
85e55bba03fd15bb545a83a0b24d4eac,1156321000,1,5624877
863abca102122435378e68e867a60781,1156310000,11,5900588
8643993eda399d73cfd4f07e69ce042d,1156371500,1,3172117
8817c27c3acb271a3496d0a30fb6be76,1156130200,2,5900490
889cd224e9a43d9eec8f33f14c49e304,1156510300,24,5624877
88ac00951f0c28ec1d49f6139d3b640a,1156120000,2,5900588
88caaec82634150ea25eda080a6d6924,1156370200,3,5623698
893ba3402f6f97062090a7c1202c3423,1156321300,21,3172117
8995f300ab4ad1e429637ebd74bdeda4,1156320500,3,5900588
899d976474fde8a10f2c8835f1c7eb72,1156310000,1,5900598
899fe6c3bbf29b1e8a5257ceb1ae2a66,1156310000,1,5900583
89c8855f9d473e768b7097c5aca4edb7,1156310000,2,5900585
8baa77cd59cd0e26f3691dd2c0db7afe,1156370400,19,5900472
8ccbf315bff93bf7aedb5128f2f639b6,1156320100,1,5900541
8d2c9ffba262b253e53677a2eb865847,1156110000,1,5900588
8d820d7fe5d6784bb0fb35aa4d5199a0,1156310000,1,5624877
8e993b22dc9200309da0f47420e3217e,1156370200,9,5900604
8ef3ec08091e9a06563746f00d7613b1,1156370200,10,3172117
8ef8b454810f289aa6ef3242e14698f4,1156370600,1,5624877
8f5ced217e244bd12882f1b6e82b0c76,1156330400,48,5900472
8f9469f6fd0f5448a762315e3b922d20,1156371300,7,5623698
8ff9e919c5f714f38aff38fe5bcfa67d,1156310000,1,5900588
9003685b783c1ccd57781f129846a96d,1156320600,2,5900541
900dab181dcc2680809fa1d0f8a94137,1156320500,7,5624877
901783d362c1a97bbef27a41ff8e6efa,1156341200,1,5624877
9156b4b781b51df26c2862c2071a9f90,1156371600,2,5900585
928863a3142e99844f21b9e5088fae3f,1156370100,21,5900588
93a5ee74573a4517b5af88c5f943bd12,1156310000,11,5900588
93b10603b9695395e937799a722c9267,1156370300,4,5623698
9449a913319fff5e7c4c6242ad84e56b,1156310000,2,5601119
9569c0008aab0b030b6f56311d32edb2,1156310000,6,5601119
95e9a5a7aad2d82dd4feaf3543ed713a,1156370200,6,5624787
9628a7a76b6721f7da87fcacd4835505,1156310000,1,5900603
9649c2e199b9b714e513515c6964f8d5,1156320200,5,5624877
96ff8bb9b09c84c36d0f575c49d0fefc,1156530500,7,5624877
98956305d499c43f4efb7360a1dfb8b1,1156370600,23,5623698
98b31bdd20155408e0cfda084e467ee1,1156371100,1,3172117
99624711ab01597219df4d4de298324b,1156310000,50,5900583
9980b1890bc765069c4a3f8966d65db0,1156321300,1,5624877
9b97d28c75ffcf3689c78ae62db03848,1156371000,2,3172117
9bb31052b6d64f65048f49356cd786bf,1156320500,7,3172117
9bb4bfdfd8e41a0b6be3a7710d7a07cc,1156320400,1,5661439
9bf92acdf8228779d74452ad2f3fd695,1156371100,1,5900588
9c440be0ba47242945dce850b219dd7e,1156330200,7,3172117
9cd3aa56b68a1305afe67c363324e7bd,1156320100,1,5900492
9ec040d26eee9b5b4c844099922e105b,1156321000,2,5624877
9f4c128d4ba36ec23591d024ac4f4c0b,1156350400,2,5624877
9f527fe4d964d0401971e7378c4b152d,1156371400,1,5624877
9f750a97a7bb4e5ee4526754d7ce0e89,1156320800,1,5900534
a069c536a9124db83bf2ca296081c987,1156310000,6,5900588
a109f0bc9463ce5acb97ca3a9d9b1309,1156371300,2,5601109
a1e0955682d987c6d8321ad575106db6,1156370700,4,3172117
a2f026d69e24a8279f8acca2200b716a,1156530100,3,5900581
a376c6bc12be03c8d3af9e88b74df5b1,1156431000,1,5900531
a4de8e93c99fe5bdf2328c088b03c56e,1156441900,43,5900534
a5180a629c5897ffd65339893f475392,1156370800,22,3172117
a56f5a4b4f2dd83ecc4a3301e16dbca2,1156310000,63,5900581
a5782d3cb0bce7a20997b622e9a53eeb,1156371600,23,5624877
a5b034a88de4d15c81742bae0b9ac086,1156371500,5,5623698
a61cc9742a39dfffadf9b0b30a6bb778,1156371200,11,3172117
a6695c62cf63995a2ecd27ee5b3fcb1c,1156371400,2,5900591
a6be674900e60cec04259153062aee35,1156370500,26,5623698
a6f32c00893146c89db03edfd95bd56a,1156310000,20,3172117
a75823496f529ec6da5c402088b4f508,1156320500,4,5624877
a78a9ba99cb552383eba878c66e0c37f,1156321200,3,5623698
a8dea0d29e86df8f5eaf0b19b96589ed,1156320100,4,5900588
a8f04f0c08cb81a87d7e577b27ec0c27,1156370200,4,5624877
a991d2381858f1ca99db8ae9ed2495f6,1156370100,1,5623698
a9ac60b15f49c262ce66dd5eae1e33e1,1156320100,18,5623698
a9bcda78b247fd4ecad0088125ddef38,1156371600,1,5624877
ac129bc81539985f026e59b3252ac19f,1156320100,26,5900561
ac133243cc66afa57d2f71465a402351,1156510800,2,5900591
ad4c7d3b398376caffdbcd67f6abddb1,1156130300,2,5900496
ae3b721f0ab64b8d16e137642341891c,1156370700,22,5623698
aed63aa228717441d80207d0702b9e71,1156370300,4,5624877
af2c33a747737f8924baabc9875aff69,1156320500,4,5624877
af86fcaa686ebe58f0917e0b575569e9,1156320400,1,5900541
afd105d0547fe1ca3654a6caaa7d4537,1156321200,2,5624877
afd654952fcfd7bbb47a9d3cd84a5d73,1156140700,2,5624877
afff8c0473a06d29f7ce96823a2a4334,1156320500,7,5900591
b069b04d140978efd164b966576d7c37,1156310000,1,5900535
b0af51989ebd03ed1df7b242bbdafa72,1156371500,5,5900588
b131a1bcfb677248f539c85e4e81f94b,1156310000,11,5900588
b15beb93754f978cd6928744a8b759de,1156370100,9,5623698
b165e6429611d41001a97c8f144baa60,1156310000,1,5900588
b2a2168dff4f9a69f9378fe2852d40df,1156320100,2,5900467
b3c51c318114ccde7524d2814ae08bf5,1156310000,1,5900598
b41ab0b7dbfe30a33f789b0716047fa2,1156310000,1,5900567
b4599e2c27b859257686a4d9b7a1f565,1156411200,20,3172117
b53e66f8132792e71f92566f08820e6c,1156320100,3,5624877
b5c13f3e7020c44c7d82747c3c28ee79,1156120000,42,5624877
b6229c2788f1ea7f00d65d8b65a831fc,1156120000,2,5900491
b728714ee861de6cb798c94d86ff412d,1156120000,1,5900498
b742027b3ac58ad16bf6f0226f6b8dd1,1156522200,59,5900531
b800864c826fb4780b60d302fde4fe99,1156320200,3,5900567
b8e5925dee01ccf132c03e0bcc02fd54,1156320500,1,3172117
b9c740c801ffd312b031ab1d7d1b0866,1156310000,6,5900534
ba7140b351e9cf898bcda9288cfa91e9,1156431300,5,5624877
baf9bde0b758d55abdd7521dec16344e,1156320600,19,5900541
bb9a0d15a4322b9c784038a9b5eccad6,1156310000,1,5900588
bba238824e901fc437882cbe99b969d7,1156120000,19,5900588
bbcf5dcc3ccf988a980410d165f12126,1156370600,13,5624877
bd915deefdf11ec7b84b3e6af793d32b,1156310000,1,5900531
bee4aff34d7156b01274c9e9d5b8a815,1156320700,53,5900531
befb7e666dc836e502d252f12e4d6453,1156310000,1,5900588
c03a42575b4efb263b894dc23b558051,1156370900,1,3172117
c198cf954e66aa81e1850fc53cc7837b,1156310000,23,5623698
c19a4db45a2189a9428bfa3c77f0bae2,1156320200,2,5900588
c1cc46758a2c01fb1f2ac7c1edf94ad0,1156310000,39,5624877
c1f1cc5e1719a89218ca87ef406123df,1156370100,1,3172117
c2241a58273b3997a04abd1cf570afb0,1156310000,1,3172117
c23e0c3a5aeb2be1289992d84a9cbe97,1156370600,1,3172117
c4b6af03ca29a2feeef68fa102124eee,1156370300,3,5624877
c530e9432c46666320e52af240569eb0,1156371300,9,5624877
c5bf774796fae06cfaa6b446bb9e1ee6,1156310000,1,5900491
c5c7443e4027c52a1574f12e8a952a66,1156310000,2,5900585
c6a64d538aae1ceceaa6a3a36ccdc2f1,1156321200,1,5900591
c6cc9723e37a9e44186c9483f8bd10f6,1156320400,13,5900514
c70757a34f26ba98b3e2d163f2ad8bb9,1156371700,5,5624877
c78d180a52fe760a241cb90e2329c471,1156500000,4,5624877
c7b0203e82a002debda61d665985f47f,1156130800,3,5623698
c7bcb2b2cdd79fc0d8a4eed7aefb545f,1156321200,6,5900541
c821777992666a1def9d3da2126d885d,1156330100,18,5624877
c843bc9242f547b956a191daa8cbebdc,1156321300,4,5624877
c9f123fc74d4d7364b7fee2be3c81c28,1156310000,20,3172117
ca4a6ca1f1d3dc6c9291b730d4678ccd,1156310000,8,5624877
cb887330e81acd18abc2b07e2a485021,1156371300,5,5623698
cba01fb8f64b78024aa1844267290660,1156310000,1,5601119
cc1c71b9a29a10903492b25136364316,1156610700,1,5624877
cc2f382289305b3df0067540befe1f2b,1156370700,9,5624787
cc3380c82f33479a2c028fc18052264d,1156320300,1,5623698
ccc898f5cc378bf4920265c1ab825dce,1156120000,1,5624877
ccea015af5ae02570b5780a4fbeec79d,1156370100,2,3172117
ccf73405f340c392c859827d18083a9d,1156370400,2,5900581
cd2b3cfa7ad793d8608eaabceeee75a5,1156120000,1,5900604
cd4764d4c9b94a2ccc6419cd796c8608,1156320200,2,5900541
cd86d2ad8f7317ed474cd6507f859e1d,1156320600,1,5900591
cd9ae5897ededde3908dad5e71abf604,1156320600,1,5900541
cdc4d3fccc4abcab19122c42b4a02b70,1156371700,13,5623698
cdd0c5f24561a70fd7d6ee727794cf6d,1156420100,30,5601119
ce5cc61a070788f045da0301f155aec0,1156310000,20,3172117
cf135d9c7d4f2ed81e634a28c39f6ebc,1156310000,1,5900557
cf77bf77abda1cc15bb3b07be75781f4,1156370300,4,5624877
cfdeef593fe3c408b92e4ed369de4613,1156120000,1,5900559
d0114847bb6d566f7c457bb71444e667,1156371100,16,3172117
d116d586cf1b4a6e82c10919ed6bbcca,1156370200,2,5900476
d1344a820626cfb326518564b16ef4a0,1156220100,1,5900490
d22da36824f4d2688bd34d431dba31fa,1156321200,2,5856450
d31bcb813225ad9e4a2ef6615373cac5,1156320200,5,5900521
d3aaf67b17eebb3aaa019bc4b57dd49b,1156130100,2,5624877
d42ac005f9c8b1873f8ee75f48563e57,1156370800,15,5900581
d47b7533ddb414b64bcce28ad1f30a8e,1156370100,3,5624877
d4dc4f1f549770b222c5af26b4d9aa10,1156320100,3,5900581
d71df40b9973ccef4e8090f2b73467c7,1156310000,30,5900593
d76596f9c06a24609c1e8c10288280f5,1156370600,1,5900581
d783180efb07f359e3fe10e0a7bda9bd,1156320500,1,5900591
d7f1c275ae540669ea34f81f2cddadb9,1156500000,1,5624877
d8080fc5c15da5d0ba4cb363cd7d9730,1156370600,10,5900581
d9233ede20711c9c686744d4b9490088,1156310000,25,5623698
d98ac163efd156e3b5d877ce86aa2cea,1156371600,10,5624877
da63cd688866f1a20ff941a0d8f928a3,1156321300,1,5624877
dac903e4f7e32aa2ca5cebe1e96ba4bf,1156310000,4,5624877
daf1335c8afdc7fdc6af96ea8204c1ad,1156371700,1,5624877
db06eb2e0055ed2dd6eedb7cd7604e85,1156371400,7,5624877
db6a1b65329e140d3aea5ed254f1ab28,1156310000,9,5900588
dc580b8027138c269e4df9b69358bfb2,1156370600,8,3172117
dcf18d1fd0a0d935fb25e7a5d95a4541,1156310000,40,5623698
dd9d15b68bcb661f946e9fb4abed5bf8,1156321100,22,5624787
ddc4c35b63909f9a02eaaf29755b66c7,1156370100,27,5900490
dde8f3e9170bb331e9d1b5e4848c3c6d,1156321000,32,5601119
ddf748da96f83e483fa5dcca3ed72daf,1156120000,11,5900588
de1991c5febe2696e6d0ffc848da0335,1156370100,1,5661439
de373a8a3dd4510e8562eaa0f4cef876,1156370200,3,5624877
df8ede1d0236630b188879c8c89336d0,1156370700,1,5900591
dfa06418a0cf5172ce4f509907768aab,1156321300,8,5624877
dfe8eb7fc848a380b14d6842c445ceda,1156370200,8,3172117
dff0a0c61bca61c1ddc065c1269a5da6,1156310000,9,5624877
e0024a11c8052c781c19940c2c9d245a,1156310000,4,5900534
e1cc47390eb99b26f2ebd9e08bb1ea3d,1156320200,8,5900588
e1f796ce9f93ad677bd8de7beec2cf0b,1156371500,1,5623698
e2313984b1ba410939f4da99b9586353,1156310000,1,5900588
e26c6063faae5d111714cf517571a126,1156321200,1,5624877
e35c2ac330ce75499bf45331066e5153,1156320300,18,5900489
e37332c298d0fb3f5e506f62aaafaa14,1156310000,8,5624877
e37a4a67fed5fcb2ac646538dae2e28e,1156320900,4,5624877
e3c2cd315457890eef7a8f04bb9ce651,1156370200,22,5624877
e3ce87a2653cdbfea8cef33eb642ca5a,1156371000,5,3172117
e62783bdb6462517decb9f0620ead1ca,1156370900,1,5900490
e64513241f75caf7ba9226ba6c1151c2,1156370200,6,5623698
e6ba8df095443670eddd6c75d9151908,1156310000,3,5624877
e7314b5456ff999405df7ba4822bc3cf,1156440100,1,5624877
e767c197a5de4e0b827e205a51f1debd,1156371100,1,5624877
e7b66928ec8ea93aa84f47380206d1ee,1156510100,23,5623698
e8b29480b56d65dfcd40704bda08ab4f,1156371500,1,5900588
e8b620ee42e087de97304eed94968f44,1156371300,18,5624877
e92a3ab2ebad5196d3bca51ad48d9c09,1156320300,63,5900472
e98fb4b403d73d0bf03a189115fc1d01,1156371300,2,5624877
eaacc8fcee2da505155bedf5bfeff789,1156310000,1,5900531
eae21e419ff0bea956f9a37d57ff70d7,1156370800,3,5624877
eae42f9259a25acd6fafc58bb05ff024,1156371200,1,5624877
eb02df6a18c1d618f81dd73ce9bce867,1156310000,1,3172117
ece8c8cf5283e18393a89917a20e5c14,1156120000,50,5900490
ecf3f5af3114f65f33805bb927d2d6ef,1156371500,4,5624877
ed4d9f431b109823c0445cc692f12136,1156530100,1,3172117
f00eb640ffcd7647a046631fff48cdd8,1156320800,7,5624877
f0dc91e9c0f44eb8875503c2e2908885,1156371500,2,3172117
f114bad01ee35d56386e40c9d3ea9005,1156310000,74,5900540
f19a562438492d5d535faf0066b28b58,1156321000,1,5623698
f19f211136d08ceba0f59d9548be4f9d,1156310000,5,5624877
f21ce0296f439a3ee34a2bd755650739,1156371700,2,5900591
f242b2fa79b11d099c9739481e2ec76f,1156310000,1,5900534
f2a7ee1b0170903767417c586fc59135,1156310000,1,5601119
f2f9d3d2640aa311825bfbdbdde3eb43,1156310000,59,5900531
f3f44516206d9be5e514a7722f4c655d,1156371000,15,3172117
f3f55f74329b31732b07042a690a6977,1156370500,1,5900581
f412d3c389dbb21b6444898f24ca7886,1156370600,39,5900517
f69e22822b787a585cb982bdff752a60,1156330900,4,5624877
f834010ae8a83119e03fd9a72ff26d2a,1156140600,2,5900474
f855f8150594de958907d5b36eb4f2be,1156310000,48,5900598
f86b8adebadfc9a47d7b4de24513485a,1156320800,5,5624877
f89a8a7c403df09d14cd40434661218b,1156370200,9,5900604
f97e817d22ce469dfbe104e7770583f0,1156310000,4,5624877
f9d6a97da593b2e8ff0ddb3a1573f938,1156320200,12,5900541
fa3dd2d6e0580e4413c9e68e5dc20fcd,1156310000,40,5900603
fad99aa534f5de76edc5b14a9e16dc68,1156320600,4,5900500
fb651146518b49586ccba0656ef9906e,1156320500,7,5624877
fb96c96daf4ec7b1ef47f9724ddc6aba,1156430400,25,5624877
fbd3bff58be57d0597a28031048a700e,1156371700,2,5624877
fc3b5ee888a84a40c799126bae7db165,1156350300,1,5900496
fc4c0346494fa5adf0370b730b5251a0,1156310000,5,5624877
fcb665acf45f77dcb8766ed9e0309862,1156371000,1,3172117
fcc32050077e22c5b4db5d14623e1d9e,1156340100,2,5856450
fda03ae238c568844a112f9e81b53eb1,1156320100,9,5624877
fe42e712d3c1489c9de9be729d7aa046,1156320900,1,5856450
fe90768f805c4f2010e4eba8e3273725,1156120000,2,5900591
ff9a079a5be2286d1d44e37ce247c503,1156310000,19,5900491
