006ddfad9d310f4e33ad3e6bf71e8103,1156431000,42,4g.hnxlts.com/*
00d2d6bc17fc42ff336bb44c46316977,1156430300,11,jh.feixiao68.cn/*
0219fbe5056868e4401ed1e5f898c40b,1156430600,16,*.cssywgy.com/*
0248d0baa9377dac6b64a0ada0ea2ed9,1156430100,69,wap.xuehuiwang.com.cn/newpower/baidu/search/xueli/*
027350c99444be15c1898d6a0bce1f48,1156130700,11,m.sunlands.com/*
033cf0563c2a46da9ab2157c265889bc,1156430100,20,wap.hnxueli.net.cn/*
03ab2bec6799bf6e927a62fe86ebbe0f,1156431100,2,www.ylzxxy.com/wap/*
04097ec1e0d34934d0813f85a2f57a25,1156430700,24,wap.hnxueli.net.cn/*
04317fbca183b84f3799fdbcb05654a3,1156430800,24,wap.hnxueli.net.cn/*
04f28d182573f3b354ff42810f21453f,1156430100,94,wap.xuehuiwang.com.cn/newpower/baidu/search/xueli/*
05c73685ef6c1806878df6b94258b96a,1156430400,25,wap.hnxueli.net.cn/*
06f5b8b47c073d089e5b6e0fa1d3865d,1156431000,6,m.xl.hncjw.com.cn/*
07b95e7a5e687844c612917c94b5631f,1156430400,22,m.sunlands.com/*
080f141d8e533e5d2712fbd42be3f645,1156430600,77,mobile.xuehuiwang.com/*
08758a6a02e45bcc8c27d080e0abcbab,1156430100,24,m.sunlands.com/*
0acdd4e79840f0e61c084344e3c81073,1156430800,14,m.sunlands.com/*
0b9d689bff250415b8252c547ca175ce,1156431100,3,m.sunlands.com/*
0bb4c784beb3a5ef58f01f01cc183443,1156430200,9,jh.feixiao68.cn/*
0bd9925664c90b57d7c01a3a9ba97d5a,1156431100,1,m.bd.s8.zk.hqjy.cn/*
0c3a11208ccaaeb73c2af173f5eeea3d,1156430300,4,m.sunlands.com/*
0cd222b128c751f3d7a19d30e0ca22de,1156430400,30,m.sunlands.com/*
0e931c94b3f85bf8993abed7c1e4bf7c,1156430900,29,wap.hnxueli.net.cn/*
0f1d4affd84955dd840f74736bc1eb5e,1156430100,15,4ghn.zhijin.com/xtdx1/*
0f2e14636d006300b63acc51962aa98a,1156440100,1,m.sunlands.com/*
0f45ef7890f67bf8d86d6b97e8dc7e57,1156430900,25,wap.hnxueli.net.cn/*
10774a176dd98556b6c07692308df6bd,1156430400,41,www.csuce.com/hnzkhao/*
1079663712e31de6a631f0851631e93a,1156430600,7,4ghn.zhijin.com/xtdx1/*
1079663712e31de6a631f0851631e93a,1156430600,34,m.bd.s8.zk.hqjy.cn/*
1263fe51eb4d362eb4cdbeae2e38e5a9,1156431400,21,m.sunlands.com/*
1290b3d67dc1f80e9743ed6904f446d8,1156431100,23,m.hnndxl.com/*
132b29a4c06857b71d1058d5cf76a017,1156431000,1,m.sunlands.com/*
133d40b1caf66f2fd3175f61de6fb0cd,1156430100,25,wap.hnxueli.net.cn/*
13667ddb22b2c413cbc6563be1def81f,1156430600,77,mobile.xuehuiwang.com/*
139255102e4014996c1ed3ad9560b02f,1156430100,3,m.sunlands.com/*
145e5d21145486c4f3ab87decec0048b,1156430400,11,m.xl.hncjw.com.cn/*
145e5d21145486c4f3ab87decec0048b,1156430400,16,edu.xuelizk.com/m/*
148aa6fc955316345e0e39652c07c5d7,1156430600,40,m.bd.s8.zk.hqjy.cn/*
15a82e3cd2348d694b7189f90033f102,1156430100,72,mobile.xuehuiwang.com/*
16cf9f74e8fa8197113f0460cdb16801,1156430200,40,www.shidastudy.com/teacher/gzshide1/hnyd/*
16f53fa80b7e4d7fc46eb78dbf440f0e,1156430500,1,baidu.lszxxy.com/*
17481f82d324f729765d4b3dc517778b,1156431100,85,mobile.xuehuiwang.com/*
179a19568bb7d9e9a7ecde972f75845f,1156430400,27,www.csuce.com/hnzkhao/*
17a70f103d09818130ab2e7d69c432ac,1156320500,4,m.sunlands.com/*
18902a1dfd5d9e56d28c0caa7808ce5e,1156431300,1,4g.hnxlts.com/*
19300a11898b0b750ef17c9b2a600300,1156430500,3,edu.xuelizk.com/m/*
19b849723724a3f4f4f58518c51d62fa,1156430500,6,m.sunlands.com/*
19c2b27f9997ba090a6089e168c36d63,1156430700,26,m.sunlands.com/*
19d945922e080a6207f8edf37f96b53f,1156431000,23,edu.xuelizk.com/m/*
19e52fa61e60003f1be0afc42506c185,1156430100,1,m.sunlands.com/*
1b1c233f0e1ff59d90c81ea37380ea52,1156431200,2,m.sunlands.com/*
1b393b58112d15adbddfc57ee208b322,1156440300,63,wap.negroupedu.org/newpower/baidu/search/xueli/*
1bba949cd242e5d3adf7ff9aae3210fe,1156430500,3,m.sunlands.com/*
1bda61cb140c4fe00a3f861adbe59955,1156430100,20,edu.xuelizk.com/m/*
1c190c39a9ca2e7deafe8361e2916766,1156430100,61,wap.xuehuiwang.com.cn/newpower/baidu/search/xueli/*
1c237dc3ad8fcfd63b8941d7c57ec826,1156431200,75,mobile.xuehuiwang.com/*
1cbe74ae726333acf16d1f794abd9097,1156431000,11,m.xl.hncjw.com.cn/*
1cbe74ae726333acf16d1f794abd9097,1156431000,23,edu.xuelizk.com/m/*
1f5c7f94ee47ecf47b5473eb569fee68,1156431100,10,www-zkcjyc-com-b183.aipage.cn/*
200725284f152695ee2b91099271e58f,1156522200,119,m.sunlands.com/*
2015a0cf1836071a25bd442bb988371b,1156430400,11,m.xl.hncjw.com.cn/*
201db18bc140b8c3da828bbebd3126c7,1156430800,24,4g.hnxlts.com/*
215ef2b945faf2ceacfced51f845bb48,1156430100,59,mobile.xuehuiwang.com/*
221e3c80e680499b9a6fae147538f53d,1156430900,39,m.sunlands.com/*
228764e1a87ff2126ee8d776a10b4940,1156430100,187,mobile.xuehuiwang.com/*
228764e1a87ff2126ee8d776a10b4940,1156430100,3,wap.negroupedu.org/newpower/baidu/search/xueli/*
228764e1a87ff2126ee8d776a10b4940,1156430100,83,wap.xuehuiwang.com.cn/newpower/baidu/search/xueli/*
228764e1a87ff2126ee8d776a10b4940,1156430100,22,4g.hnxlts.com/*
228764e1a87ff2126ee8d776a10b4940,1156430100,44,m.bd.s8.zk.hqjy.cn/*
228764e1a87ff2126ee8d776a10b4940,1156430100,42,m.sogou.zh-fkzh.s8.yytvip.org.cn/*
228764e1a87ff2126ee8d776a10b4940,1156430100,20,ms.mseduzx.com/hsb/yd/qg/*
228764e1a87ff2126ee8d776a10b4940,1156430100,74,wap.lixiangguoji.org/newpower/baidu/search/xueli/*
228764e1a87ff2126ee8d776a10b4940,1156430100,39,www.hdzkck.com/m/ck/*
228764e1a87ff2126ee8d776a10b4940,1156430100,3,www.ylzxxy.com/wap/*
228764e1a87ff2126ee8d776a10b4940,1156430100,30,www.hnlsedu.com/hdwap/*
228764e1a87ff2126ee8d776a10b4940,1156430100,16,www.jinkepx.cn/xxl-jk/xxl-12/*
228764e1a87ff2126ee8d776a10b4940,1156430100,18,www.shidastudy.com/teacher/gzshide1/hnyd/*
228764e1a87ff2126ee8d776a10b4940,1156430100,2,xs.hnxsjykj.cn/m/*
228764e1a87ff2126ee8d776a10b4940,1156430100,35,zk.hnjxjyzx.com/m/*
22cc5e891e7e794e9c078af01b725c62,1156431000,1,www.ylzxxy.com/wap/*
22eb98fadba6ddc29378a44ba56de0fc,1156431000,1,m.sunlands.com/*
237f15a15769983a858276134988543e,1156430600,5,m.sunlands.com/*
24153c0f9a93d85a5579804aec2b9d4e,1156430800,7,m.sogou.zh-fkzh.s8.yytvip.org.cn/*
24428d4c789a2f6c2c1cd4148b35e677,1156430200,10,m.xl.hncjw.com.cn/*
258c8bdc7a2637c50c4ab645cfa7bbc5,1156431300,11,m.xl.hncjw.com.cn/*
259f56c28adb0283a54559c3a91e7ff9,1156431200,24,4g.hnxlts.com/*
25efa0737f595c6cd64369608e1ff98e,1156431000,14,m.sunlands.com/*
26024f3a1f96847cb63cd38438d6186d,1156430800,48,mobile.xuehuiwang.com/*
265a547408af14a968cac3663b7deed8,1156652300,2,m.sunlands.com/*
26765ca41f8edd13d1b0c425605c4b11,1156430600,1,4g.hnxlts.com/*
267b630ce0a995a3c351ff8de06fffea,1156430100,7,*.cssywgy.com/*
2696a1be6c72260552240f0ac0b917d3,1156430600,2,m.sunlands.com/*
26bc0d419a4c9f5443dc9c78aafb94f8,1156430100,40,www.lkj365.com/xl/*
26e3cbf9b6985f988df118083a844729,1156360600,38,m.sunlands.com/*
2726289a847f9f8ac66aebe290864c06,1156430900,4,m.sunlands.com/*
27a8f2be633c882123b9634b2b04eef9,1156431000,1,4g.hnxlts.com/*
28484aeddb464e920846df0592fd8f4c,1156431200,24,m.sunlands.com/*
285cbcb4161e540c8484825c02fe32af,1156431100,77,wap.negroupedu.org/newpower/baidu/search/xueli/*
2947f48b66b8a089ce6d62bd54d10d6a,1156450300,21,edu.xuelizk.com/m/*
29e4e6ced554816b9e5110d0a617f337,1156430500,3,m.sunlands.com/*
2b5a24b2709659d4d7df7a8d51bce718,1156431200,25,m.sunlands.com/*
2c9a27953c3f830872ef9fdbe1b0ea76,1156430500,16,4ghn.zhijin.com/xtdx1/*
2c9a27953c3f830872ef9fdbe1b0ea76,1156430500,26,wap.hnxueli.net.cn/*
2da18e0dc368bbc0aa9ef6ebb09f0976,1156430100,29,m.sunlands.com/*
2db3a9e5ec5678bc5edec46e978aafc6,1156431200,24,wap.hnxueli.net.cn/*
2f5cbaaf1e0b337a627ca41c69e9cf5f,1156430900,22,4g.hnxlts.com/*
2fefebaad970af68ddeef1c158e3f67e,1156430100,46,mobile.xuehuiwang.com/*
2fefebaad970af68ddeef1c158e3f67e,1156430100,40,m.bd.s8.zk.hqjy.cn/*
308c7901f1ca1d93635d4a7d5bfc9f2f,1156500000,4,m.sunlands.com/*
30b2576ebcd69ef3d8258823e8a4f8e2,1156360100,3,4g.hnxlts.com/*
31ed904009af63d116658800a0f29fe5,1156431400,11,jh.feixiao68.cn/*
320beee1c09962fa3b3da9cb1f4c921e,1156430300,25,m.sunlands.com/*
32af8e3630e781c777e98840c250f87e,1156430800,23,4g.hnxlts.com/*
32e4467b22f1222750d9c746bdb9f945,1156430600,14,zk.hnxsjykj.cn/m/*
33f1f5eeb48da58a12a00f21353af0ba,1156431100,26,m.sunlands.com/*
34fbb22078431df00e5e636a1c0da15e,1156430500,40,m.bd.s8.zk.hqjy.cn/*
35062790d91d4b9ca1c53d5a49707868,1156431000,17,m.sunlands.com/*
35470f2831ad42a23bd2caa44c47613a,1156430100,1,m.sunlands.com/*
36a15e601f2d6c6e96586aba96e9bbf1,1156431000,1,wap.hnxueli.net.cn/*
372b93f982e9a56c925ff4591920cfc2,1156431000,1,m.bd.s8.zk.hqjy.cn/*
37726218cd34c6c002c5dbd7392a57ac,1156430100,11,*.cssywgy.com/*
380640a21b5830360d569719158e00d9,1156430400,6,baidu.lszxxy.com/*
3818290721ada5ca8393f5804e9c42cc,1156430700,22,4g.hnxlts.com/*
38b3a7642be331e4dc3198835cc51030,1156431200,26,m.sunlands.com/*
393f8a51c865c17ba259a6e34198a1cf,1156450500,11,m.xl.hncjw.com.cn/*
395e2fb2dfa75789cb8d8a566bb8a153,1156431100,26,m.sunlands.com/*
3a6e4ce24e533d6c62b735846d9bdd33,1156430100,59,mobile.xuehuiwang.com/*
3b04472b850610eb505270bde112819d,1156430800,4,m.sunlands.com/*
3c1cf78968df84792925e612937757d2,1156430200,4,m.sunlands.com/*
3c961be76499ced031c278856666afe7,1156431000,67,m.sunlands.com/*
3c9a6249910842d364d2467ed8b1027f,1156430200,27,m.sunlands.com/*
3caf7ce3b851c5329511bb328408379d,1156430400,1,m.bd.s8.zk.hqjy.cn/*
3cfa660c0fb26487142f0312a8185ded,1156433100,27,m.sunlands.com/*
3d80125a69d6e5046613626c49d28919,1156431100,1,m.sunlands.com/*
3ed1b1ff50b1ba945dedb1a6646767d8,1156430100,21,4g.hnxlts.com/*
3ed1b1ff50b1ba945dedb1a6646767d8,1156430100,21,xs.hnxsjykj.cn/m/*
3f2f12b2b01f2a2e389ebd983ab163ab,1156431200,1,m.sunlands.com/*
3f81a234d7f1aa106cf6bdaa0ea3cff3,1156430500,18,www.jinkepx.cn/xxl-jk/xxl-12/*
3f8a6179346bf53f13e1eb683e3112b1,1156433100,1,m.sunlands.com/*
3fabb3bc18cdf6c5bf080ddd962b9101,1156431200,27,m.sunlands.com/*
40746e24fefefaec1331cbcde2e70d5b,1156430200,33,edu.xuelizk.com/m/*
427dc786225447ffd671a235b9587ef8,1156431000,65,mobile.xuehuiwang.com/*
42f82dbf11b90b8df3604cb48cf1d4c9,1156431000,4,3g.exam8.com/chengren/*
43e480966cf7e04a01a8f362964d7caa,1156430700,26,m.sunlands.com/*
440b09b7aba34f5ddb2e42dcb36bdc92,1156430700,20,4g.hnxlts.com/*
444f4f397b3dab816876a15f71151acc,1156431300,9,m.sunlands.com/*
450a741c4dbdf507906a084a525cb7d1,1156430900,1,m.xl.hncjw.com.cn/*
45263c650f630177a8fc5c315706bb07,1156430100,23,edu.xuelizk.com/m/*
45bb35396765ab32a1c1f572998adfd1,1156430700,69,wap.lixiangguoji.org/newpower/baidu/search/xueli/*
466add0699479c72486b66609de92817,1156431100,27,4g.hnxlts.com/*
466add0699479c72486b66609de92817,1156431100,24,edu.xuelizk.com/m/*
46baa5199b8b47a3d6f416b2ca3adcda,1156430700,1,4g.hnxlts.com/*
47238975da96d9d6d1cbb349c36dff76,1156431000,4,m.sunlands.com/*
47fc7277d596ab628a4fa8f2d6720ac5,1156422800,6,m.sunlands.com/*
48b092cd4dc2509a12219c889289b50d,1156430400,1,mobile.xuehuiwang.com/*
4903354ea76ffc965944739038fc5c11,1156430900,11,jh.feixiao68.cn/*
49469fca1141c72c532eba9222e14e46,1156431100,12,baidu.lszxxy.com/*
49650bdcdeeeef811c0e7fadab5af223,1156431300,1,mobile.xuehuiwang.com/*
4a795cbc8343b6ae6bccae8cc81c174d,1156431100,1,m.sunlands.com/*
4a8523bcbfe07b3691ae74b5028a9180,1156430100,4,wap.xuehuiwang.com.cn/newpower/baidu/search/xueli/*
4af577870018a070368c891a62fdbbf6,1156430400,22,4g.hnxlts.com/*
4c41b415b6ee1a5a80d65772f0daef09,1156431100,39,m.bd.s8.zk.hqjy.cn/*
4c73cd17617cdb0b1d467abca8571a39,1156430400,11,m.xl.hncjw.com.cn/*
4c73cd17617cdb0b1d467abca8571a39,1156430400,23,edu.xuelizk.com/m/*
4cf616d99d28b1f6f02c70c9dd513fb4,1156430100,3,4g.hnxlts.com/*
4d30a890c35900f81020e5c2e0f881c4,1156430600,25,m.sunlands.com/*
4de306b8c23e06d34fc738afa363c827,1156430200,1,4g.hnxlts.com/*
4df4e8290e7839ce64c777d1c8fcfad4,1156431000,17,edu.xuelizk.com/m/*
4df6c663825ab6b59dfaec7578a6128f,1156430600,2,m.sunlands.com/*
4df8173f220bd49329684fdcaf5952de,1156431100,1,mobile.xuehuiwang.com/*
4e553e2d54420b19471995050cededaf,1156421500,148,wap.negroupedu.org/newpower/baidu/search/xueli/*
4e91923d6972f9892164db331dbc6b71,1156431200,48,mobile.xuehuiwang.com/*
4e9d8a5691093266a2cab3d101b52ef9,1156310000,154,wap.negroupedu.org/newpower/baidu/search/xueli/*
4f1d10fa1a4c8bfe53a1dd39f0baafa6,1156430700,13,www-zkcjyc-com-b183.aipage.cn/*
4f4f3ae24b34023842ca42aa276a4687,1156440100,2,m.sunlands.com/*
4ff1816873c6dbbea9b87e50b849bf65,1156431200,3,4g.hnxlts.com/*
505f8aab745deafb246daecac438d612,1156430700,1,m.bd.s8.zk.hqjy.cn/*
5072693a25ee1ec5ef17edb59fb9867e,1156431200,1,wap.hnxueli.net.cn/*
50af1ba501dfc586e8b3ecdcaded5120,1156430200,6,4g.hnxlts.com/*
51079428954b354d218bbb51378a9c44,1156430100,1,mobile.xuehuiwang.com/*
514846a3f40efbd124f92c4422db5b17,1156431000,24,m.sunlands.com/*
526bede826fc3a081595c8ba1258426f,1156431100,23,4g.hnxlts.com/*
52af6b56dae5289769b7bf3598eba069,1156430600,13,www-zkcjyc-com-b183.aipage.cn/*
52af6b56dae5289769b7bf3598eba069,1156430600,9,jh.feixiao68.cn/*
531be020506ad792f62d91c34948efa9,1156430400,10,m.xl.hncjw.com.cn/*
5398058c00ad56b5d3a6e26a720af7df,1156431000,1,m.xl.hncjw.com.cn/*
53cb64c8ecba2391b754ac1f8c296e5d,1156430400,2,m.sunlands.com/*
54877fb4103ff76cb9334fc481d94223,1156431400,1,mobile.xuehuiwang.com/*
552c5d69d78120e68f586edb58743315,1156431200,51,www.shidastudy.com/teacher/gzshide1/hnyd/*
55c9feac42b3b95efcb8cf5b7b1e53d3,1156431100,11,jh.feixiao68.cn/*
55ea0130fabf013f62791e63a61bb279,1156621100,54,m.sunlands.com/*
56f15028bd79598289e42b5f26cbfc6a,1156431100,23,edu.xuelizk.com/m/*
5733c91ab4200256af658e37f23611d2,1156431100,1,m.sunlands.com/*
57570a915c84d787da94a1ec830fa28b,1156431000,7,www-zkcjyc-com-b183.aipage.cn/*
5760c326a8151930cbe7a31feedc9c6f,1156430100,1,www.ylzxxy.com/wap/*
5764845e96c6b8dcedbeb7575fe40e67,1156430100,3,edu.xuelizk.com/m/*
577ca3ab71da9e03ab3945f28ffe188b,1156431000,12,m.sunlands.com/*
57f7d45f6d68876a55988b9f5eaa2184,1156430100,70,wap.xuehuiwang.com.cn/newpower/baidu/search/xueli/*
57f7d45f6d68876a55988b9f5eaa2184,1156430100,7,edu.xuelizk.com/m/*
584872e58f7a675ab649fb0e0d7063b6,1156430500,10,mobile.xuehuiwang.com/*
59643af80a4a3aa0197909ab732da552,1156430300,23,4g.hnxlts.com/*
598891ed561e79daf49eaf1ae7c603ab,1156430700,18,m.sunlands.com/*
59b11050709b07594c79882593c99c08,1156430100,4,m.sunlands.com/*
5ae831e22ed05f49ae0b20c5a6d8bbeb,1156430500,19,edu.xuelizk.com/m/*
5c21523a60154b1661a41358cf5d14b1,1156431000,7,edu.xuelizk.com/m/*
5c4b3089f5eee868e31ec8cfa33e82d3,1156441900,1,www-zkcjyc-com-b183.aipage.cn/*
5d8b3bf8c62306ce6fc1cb5a8c90bafc,1156430100,10,jh.feixiao68.cn/*
5e3eb7570b2ebfeac71d2725f976e8a7,1156431000,11,m.xl.hncjw.com.cn/*
5f12c6e9a7594a4f8e6c1c849e4c3bb6,1156430100,84,wap.xuehuiwang.com.cn/newpower/baidu/search/xueli/*
5f206e23b69feeed119f903009cd1f6d,1156430600,11,m.bd.s8.zk.hqjy.cn/*
5fc493f8cdffb40b6235b1a06addf60f,1156430800,1,m.sunlands.com/*
5fcab5874eb5260a5d246b1038099a2b,1156430800,86,mobile.xuehuiwang.com/*
6049c0a75e4eb370ff0ef5786a7756cc,1156430100,1,m.sunlands.com/*
60e594102f85e4006486a6e131a9198a,1156431200,13,m.sunlands.com/*
62330129bd453a8e3ea8d225c9c9dfc3,1156431100,1,m.xl.hncjw.com.cn/*
627c99bc6a7146b17d207a5029de239c,1156431400,17,m.sunlands.com/*
62d859017b4bdcd172061c8082b90fdb,1156430700,3,m.sunlands.com/*
632a09fff7818b8d44952c514552abf5,1156431200,1,m.sunlands.com/*
63d1d53ace6c20a0da99c148f9fbf00b,1156430100,2,4g.hnxlts.com/*
64023bf81829609ea926fd390a224fb6,1156431000,5,si.chinaopu.com/*
640487b56ef6ad06b29f18553d2dd904,1156430500,22,m.sunlands.com/*
64be3d3b60fdd6631a4bb0fa0783b24e,1156430700,14,m.sunlands.com/*
64f2fde4c16addcc031542016d7ef302,1156431000,23,edu.xuelizk.com/m/*
66579f2f81217726a93e24d80f63f766,1156430600,52,mobile.xuehuiwang.com/*
6789dc8d4f5375de2fba4cef16d30392,1156431300,14,m.sunlands.com/*
67bf8662622d0dfdbbb36f98506f678d,1156431200,4,wap.hnxueli.net.cn/*
6880294e87f64fa6e7feb69adf9a1460,1156431000,3,m.sunlands.com/*
68ce214f7b0f4a09e0b2aa512980fff5,1156431300,11,jh.feixiao68.cn/*
6aacadf07b7b2b8e227d8407d4f75a54,1156430200,64,mobile.xuehuiwang.com/*
6b606d47cc532ac333f3bc0d632d3f0e,1156430100,42,www.zdhulian.net/cjh/xueli/cswap/*
6c764998919687bcb096381aeaaf8f3c,1156431400,5,mobile.xuehuiwang.com/*
6c764998919687bcb096381aeaaf8f3c,1156431400,6,baidu.lszxxy.com/*
6cf99597ca5649af5d70c25750dcfad4,1156430100,18,www.jinkepx.cn/xxl-jk/xxl-12/*
6d3416f63304efcbfebc2810ff19a5bc,1156430500,3,m.sunlands.com/*
6db71224b043d0e8cb2462c229068ecf,1156430200,1,m.sunlands.com/*
6dbfd517a1e6c75fd5530831d15c5c40,1156431200,29,m.sunlands.com/*
6dda7f9943025a7d07d2122639e2ccc2,1156430100,20,edu.xuelizk.com/m/*
6df0b6401406790117f92112f630a01a,1156431200,9,baidu.lszxxy.com/*
6ebf57a12fd69527f972e0ddbe7d875c,1156110000,2,m.sunlands.com/*
6f61753a6cfc604cafcb88b3cb0c744f,1156430900,4,m.sunlands.com/*
6fd5cf81a72b65d97fac2b3e45ed5fa8,1156430600,27,m.sunlands.com/*
6ff52c0cc78f4a187a318ff8902edbb9,1156320200,4,m.sunlands.com/*
70ec1ea79543522b19ff2ba9db85f8b8,1156431100,6,m.sunlands.com/*
713324713ae7d793f83f6ce265ff9d8d,1156430100,2,m.sunlands.com/*
71d4f1146a12ccd0a271901a4216241a,1156430200,19,4g.hnxlts.com/*
71e9f548894cd72180197001e3c493fa,1156440100,1,wap.hnxueli.net.cn/*
72acbf27d9c577ce69b01ebe44cd3901,1156522400,1,m.sunlands.com/*
72b27b83c5d29ffe77012fcc03e0edeb,1156430600,1,m.sunlands.com/*
7352b090e010d42424e501b021f68e03,1156610300,30,m.sunlands.com/*
735441d68f7553b1c7437c2a6dfce330,1156431400,17,wap.negroupedu.org/newpower/baidu/search/xueli/*
74a32ff16b82a3c0abc0ebaba2c7465e,1156430400,7,edu.xuelizk.com/m/*
757a695e1e16186e2fe602d9721160c0,1156430500,9,www.shidastudy.com/teacher/gzshide1/hnyd/*
760d58cc26a6671e35772c3cec9943c7,1156430400,1,baidu.lszxxy.com/*
76251677ff7cfee50816331689ebeb37,1156430200,10,m.sunlands.com/*
76aba0e7d558aae89d6364534155b717,1156430100,3,wap.hnxueli.net.cn/*
782b99348fcc9d6350961010b3bd1c33,1156430900,1,m.sunlands.com/*
793784b8957c9aac07fd302459bd05fe,1156430200,72,m.sunlands.com/*
794ae91a01469aa0c7116aedc6d4582e,1156431300,11,jh.feixiao68.cn/*
7a9fac7ac1efaada3afac552dd4611b8,1156430600,77,wap.negroupedu.org/newpower/baidu/search/xueli/*
7be78193ef92271402afd89668d2b207,1156431200,22,4g.hnxlts.com/*
7be78193ef92271402afd89668d2b207,1156431200,22,edu.xuelizk.com/m/*
7c4aad2f40b4c873d01419331bc28733,1156430700,1,4g.hnxlts.com/*
7ccf7567773ebfcdf11e61baa10e50e8,1156431200,66,www.shidastudy.com/teacher/gzshide1/hnyd/*
7e959f7f9fc91b9b12865848195293f1,1156430800,227,wap.negroupedu.org/newpower/baidu/search/xueli/*
7e959f7f9fc91b9b12865848195293f1,1156430800,66,www.shidastudy.com/teacher/gzshide1/hnyd/*
7ea6ca41b763808d6e6d2aad99c01593,1156430800,27,m.sunlands.com/*
7eced028ac0bbe5e2e66329cc2b154e4,1156430600,3,m.sunlands.com/*
7ef80cfd239fc6d1863dc5a2db870fc8,1156430900,27,m.sunlands.com/*
7ef81ae83eda7a252f486ce2cfbf3f82,1156431000,2,m.sunlands.com/*
7f1ca1f7f180f2b049aa281a5430c200,1156430100,24,m.sunlands.com/*
812501dd5fdc9b72722e6715b2bfe7dd,1156431200,33,si.chinaopu.com/*
81abc8ea25a61d8a899220e7c6603084,1156430700,13,m.sunlands.com/*
81f83a78c24ab5c1c674b726d1cdb97c,1156430100,24,m.sunlands.com/*
8354769267739a7efb5538c659c3341d,1156430100,23,edu.xuelizk.com/m/*
83bfa49c1cafb9b767a3e52139a631e1,1156431100,1,m.sunlands.com/*
83d92a3e1df003bffcd67d7008bacd82,1156431200,37,baidu.lszxxy.com/*
83f4115bad2ffc86ec2f8f51732ba260,1156430200,2,m.sunlands.com/*
843ee2a29a66b226616d1c062ac87bc4,1156430100,1,jh.feixiao68.cn/*
84f66fd795f54d33f47cb0af7d11be66,1156430700,9,jh.feixiao68.cn/*
85ddc89005622b27cecaf46e2bcf560e,1156430100,1,m.bd.s8.zk.hqjy.cn/*
86daaa9f4dae3e5a1f33ea6daca67829,1156430200,3,m.sunlands.com/*
8796259de1c41d8304dad747ab9850da,1156330100,29,wap.xuehuiwang.com.cn/newpower/baidu/search/xueli/*
87b021280caf615f929d3d0555416597,1156431200,81,mobile.xuehuiwang.com/*
87b021280caf615f929d3d0555416597,1156431200,11,jh.feixiao68.cn/*
887693a64383fea6d993b121b923dbb6,1156431300,89,wap.xuehuiwang.com.cn/newpower/baidu/search/xueli/*
88e748e33b9194e951c078f2e17abad4,1156430500,17,baidu.lszxxy.com/*
895f771b34b51ba2eefcb8bf832a81cb,1156430100,86,mobile.xuehuiwang.com/*
8982f1e93e5478ff11d99ec85a907415,1156430200,22,baidu.lszxxy.com/*
8a200c0f5631d7fbf0133dfcd83f38db,1156430200,10,m.sunlands.com/*
8a26a8c4b9f177f247b3ad5dec24521f,1156430300,24,www.lkj365.com/xl/*
8aaf19500ff363ed64f9a19c44950911,1156430100,1,www.ylzxxy.com/wap/*
8b8c72ead8b1afc4a3ffa3f38c9dc34a,1156440100,2,m.sunlands.com/*
8ba71aa123ad4abcf22246d8e0629f4d,1156430100,21,4g.hnxlts.com/*
8d56ba8ce7ba2cd6dbbda245cf07b791,1156430100,28,m.sunlands.com/*
8d7c8993cf33eb57956acecc6778a8cb,1156430800,77,wap.negroupedu.org/newpower/baidu/search/xueli/*
8d7c8993cf33eb57956acecc6778a8cb,1156430800,40,m.bd.s8.zk.hqjy.cn/*
8d7c8993cf33eb57956acecc6778a8cb,1156430800,23,edu.xuelizk.com/m/*
8d93f67bdaf7b93c16f62e5261899d4e,1156430400,4,m.sunlands.com/*
8e1d07f57ef75004e9a7c791a43876a6,1156430100,21,4g.hnxlts.com/*
8e458ea4aada6156811d2e1a3b86f86a,1156431100,23,edu.xuelizk.com/m/*
8e66d3ef673e26c8824c17124dd838da,1156431200,27,m.sunlands.com/*
8ea5b6acb2d74bbc2a23aea90b28a5e7,1156150200,3,cs.hunanchengkao.net/*
8ee93cedc5fcbfb71551b55a6511e1fa,1156430100,8,mobile.xuehuiwang.com/*
8fa362ee70c13ddb5aeed02f876a1c48,1156431200,3,m.sunlands.com/*
900784ba2dc45ad7b7623f820840ba03,1156430700,25,wap.hnxueli.net.cn/*
90d32d0f5912fc7cf8ac1588252a2dcd,1156330600,54,m.sunlands.com/*
91cdd46eb8073ffca638c6906a14e2e1,1156310000,8,m.sunlands.com/*
9286b0a76784e9eddf7f0e404552a4a2,1156430700,11,jh.feixiao68.cn/*
929f82d98ca3e3e90bc20ea7404c0a81,1156431000,1,m.sunlands.com/*
92d9937a0a926678b3556ff1baae93d4,1156430100,6,4g.hnxlts.com/*
932336d3fbaa3ed5e16750a8c765b79d,1156431000,1,baidu.lszxxy.com/*
93e2b305f6cb2f75580a316fbd7c12be,1156430400,27,m.sunlands.com/*
94720b28276cce83fe2691c582a89367,1156430200,70,mobile.xuehuiwang.com/*
95332b9bbb2dc7ad53d7006b3ca9edde,1156430300,13,baidu.lszxxy.com/*
9580492a4d027f769f32349222d3dfd6,1156431000,20,edu.xuelizk.com/m/*
96160a064ede9df255ef9639e2448ec2,1156430700,34,zk.hnjxjyzx.com/m/*
964113198a5e3743e1002d54ec34e71a,1156431000,1,m.xl.hncjw.com.cn/*
96481397fff6e65fffdc9012df9f2230,1156431200,1,jh.feixiao68.cn/*
96d614b9f34bc7631ccffefc70ac1bc7,1156430900,23,m.sunlands.com/*
9712bb6d0d20918237359223eeb06277,1156431300,23,edu.xuelizk.com/m/*
9734837a618085e05ca1a18e4138236d,1156430600,13,m.sunlands.com/*
9743a1bff90c61b5e8816c7e6facb0c9,1156430400,17,m.sunlands.com/*
980df1a9f9f60e6fca134cedb4115db3,1156440100,40,nurse.fenghuajiaoyu.cn/nurse/*
98928aa13417ea4371091441f34a3c87,1156431100,1,m.sunlands.com/*
99352ba239a88e05d5381e212ffa16aa,1156430100,2,jh.feixiao68.cn/*
9a781dbc7279b5493acaecba5557f013,1156431000,49,m.sunlands.com/*
9aae4ccf569f9eadf1f3d9dfed601e7d,1156430300,1,m.sunlands.com/*
9abb6eb2747350077d8c183da4cae794,1156430400,23,edu.xuelizk.com/m/*
9b26ff0a029a6f2fe768b73f850c9706,1156430500,22,baidu.lszxxy.com/*
9b5347fef03e58c31655f285834b6c91,1156430600,6,m.sunlands.com/*
9bc64eaef21e93199c986e9509a9b941,1156430900,3,4g.hnxlts.com/*
9bd920cb6e8de6321ca7afb6e76b4ec2,1156431300,20,edu.xuelizk.com/m/*
9c31f1fcea46ca0ba2428102d1ad02ab,1156431100,25,m.sunlands.com/*
9c4ca22f43eb52b41a8f7f736cfda4a2,1156230200,137,mobile.xuehuiwang.com/*
9c5745e75f7181a7358f26e6d795066c,1156431400,30,m.sunlands.com/*
9e3c53084d0250a99346660daeb787ef,1156431200,23,edu.xuelizk.com/m/*
9ece70eefb901cb981b5db53b1977cfb,1156330200,78,m.bd.s8.zk.hqjy.cn/*
9f94c0958c1981ecde3af6a0ee84baf6,1156430100,64,mobile.xuehuiwang.com/*
9fbbfde5390760700720f731576a9180,1156431000,23,edu.xuelizk.com/m/*
9fbe167f8a101b635c906db339b90744,1156431300,49,4g.hnxlts.com/*
9fd5312262b2264a51ddaf94774631e0,1156431100,56,www.shidastudy.com/teacher/gzshide1/hnyd/*
9ff933a793d099067ff5516d7596ebbe,1156430800,23,wap.hnxueli.net.cn/*
a007fee94dc7a890c1fbce6a1c1530b8,1156431200,10,jh.feixiao68.cn/*
a102e6e2e1d31cfce362863b18e0cfca,1156430300,1,mobile.xuehuiwang.com/*
a102e6e2e1d31cfce362863b18e0cfca,1156430300,4,edu.xuelizk.com/m/*
a124023ae657913c303d79a36e8049de,1156430100,77,mobile.xuehuiwang.com/*
a137a2466d4c4fe74a104b1c5d11fe60,1156431300,19,baidu.lszxxy.com/*
a1d91e93a6a28ca5f51425239bf60ed6,1156431000,12,baidu.lszxxy.com/*
a2b5fb583cd9c19a33b9ccf0235e2c07,1156431000,45,www.csuce.com/hnzkhao/*
a2c360879804864f32ffe6304accbff9,1156430100,22,edu.xuelizk.com/m/*
a2c76f04046fe6b83683940efc41bfcf,1156430700,40,www.hnlsedu.com/hdwap/*
a35bb9e719acbf8da328dec512c977ef,1156430100,65,mobile.xuehuiwang.com/*
a35f9039c6d57c6f4cdddc88313bc1e1,1156430100,1,4g.hnxlts.com/*
a38c154ac47172e8dfce9d02892963bc,1156430500,6,edu.xuelizk.com/m/*
a46a38157727306886d4c02bcf124647,1156430100,7,www.shidastudy.com/teacher/gzshide1/hnyd/*
a4814445b4ddfbdc7ab12ef1215aa0c6,1156430100,1,m.sunlands.com/*
a485095cb7ebe9dfe56ebbb26dfbda4e,1156430400,75,wap.negroupedu.org/newpower/baidu/search/xueli/*
a485095cb7ebe9dfe56ebbb26dfbda4e,1156430400,34,xs.hnxsjykj.cn/m/*
a4bc07b8791f92786ea24d5da775a9b1,1156431000,2,m.sunlands.com/*
a544d0bdc109c0e6e6b6e641069ce580,1156431300,18,m.sunlands.com/*
a5a6ca680ec9c6f3e4de783177a6b374,1156431200,4,m.sunlands.com/*
a5a9fabc29ee506359b2e7cced4f9b59,1156430600,36,m.bd.s8.zk.hqjy.cn/*
a6248654c2d2f8116adbf6b75627c10b,1156430900,1,*.cssywgy.com/*
a6dc6ca162177768b8bdb6cc99abb4b7,1156430900,24,m.sunlands.com/*
a75a6415bc6817b569e3981b4315935b,1156330100,46,edu.xuelizk.com/m/*
a75db647ba378628cf1fbde9df67e25a,1156430500,11,www-zkcjyc-com-b183.aipage.cn/*
a75db647ba378628cf1fbde9df67e25a,1156430500,36,www.csuce.com/hnzkhao/*
a785be1e3eeb55c79007ad25da5ca370,1156430500,27,m.sunlands.com/*
a833cd805552946c5d86322ddcd11a46,1156430500,16,edu.xuelizk.com/m/*
a8ddd7e0c7689eb39ba7c05ac4999dee,1156430500,2,m.sunlands.com/*
a8f9eb864c8d2cc0ddaa172ef248a6b2,1156431300,11,m.xl.hncjw.com.cn/*
a9afbfe15670c336df55068b0958de6c,1156430900,67,wap.negroupedu.org/newpower/baidu/search/xueli/*
aa13710279b4524ecca785ab0128860c,1156431200,23,m.hnndxl.com/*
aa66d5a7902f3aa6679d3a10fa658b6e,1156430100,9,wap.xuehuiwang.com.cn/newpower/baidu/search/xueli/*
aa68c2171bca7d39d1d9b9744a3ea64d,1156431000,50,mobile.xuehuiwang.com/*
ab6155f0c013d4acb1038a89b5fae992,1156430400,14,m.sogou.zh-fkzh.s8.yytvip.org.cn/*
ab77adaf734db36dc1fe6c809239e12c,1156430200,77,wap.negroupedu.org/newpower/baidu/search/xueli/*
ab8941fa85660578e67d6fc28f7140b6,1156430200,4,m.sunlands.com/*
abeb295db6fdfbf04d34103b1afb91a2,1156431300,56,4g.hnxlts.com/*
ac3024ef9ffcbd24ae28c156d28bdeca,1156430100,8,baidu.lszxxy.com/*
acf09628a790b1e84a98fcf77041992c,1156430400,25,m.sunlands.com/*
ae205015e997c5be77044e178677a9fc,1156430400,23,edu.xuelizk.com/m/*
ae605cb1072b1b024105a84db6948cdd,1156431000,3,m.sunlands.com/*
aecaa61cc514d57e01f7a69afef3c76e,1156430900,67,www.shidastudy.com/teacher/gzshide1/hnyd/*
aedaaddd665aac110f2cd6ee23bdbadf,1156431100,5,m.xl.hncjw.com.cn/*
af078938368d2fbb9af01b31a40de7fb,1156430100,1,m.bd.s8.zk.hqjy.cn/*
b00000188c2e4cf5d87d9e7a9d289b4a,1156430100,48,m.sunlands.com/*
b00000188c2e4cf5d87d9e7a9d289b4a,1156430100,18,www.jinkepx.cn/xxl-jk/xxl-12/*
b1e4b252101fd6a6bbb4ce81df6f908c,1156431100,10,www-zkcjyc-com-b183.aipage.cn/*
b1e4b252101fd6a6bbb4ce81df6f908c,1156431100,2,m.bd.s8.zk.hqjy.cn/*
b1e4b252101fd6a6bbb4ce81df6f908c,1156431100,12,jh.feixiao68.cn/*
b23c9d8cadc3fcd8377c0a631865724b,1156431400,44,www.csuce.com/hnzkhao/*
b308f97e4c8b24373cbfddfbfb273be7,1156430200,74,mobile.xuehuiwang.com/*
b308f97e4c8b24373cbfddfbfb273be7,1156430200,71,wap.negroupedu.org/newpower/baidu/search/xueli/*
b308f97e4c8b24373cbfddfbfb273be7,1156430200,1,m.bd.s8.zk.hqjy.cn/*
b3739e0a98a9c5f99234c2dcd5eed5fa,1156430900,28,4g.hnxlts.com/*
b3a15c42b13e26b079e8af323af7b343,1156430200,11,m.xl.hncjw.com.cn/*
b5222f7537a2c0d80be256963e970038,1156430300,16,4g.hnxlts.com/*
b538cb4eebb7b196635dca3e10e22588,1156431200,24,m.sunlands.com/*
b54fe05c9467e9457aa32fe05a657eed,1156431100,21,m.sunlands.com/*
b551e48819fb5923b1596592153c26be,1156430400,3,m.sunlands.com/*
b57ff6b9907d6751b2c61fde8be306d3,1156430100,9,m.sunlands.com/*
b6f5ec6c20b3d30bce2a8b626c7f5df1,1156430500,1,4g.hnxlts.com/*
b93a04431b90a7f637af6aa23e99ebb4,1156430400,20,edu.xuelizk.com/m/*
b99c79df8fff508e997f2d1b5507df5c,1156431000,1,m.xl.hncjw.com.cn/*
b9bb473d02a43ff0579a86853580279d,1156430600,4,m.sunlands.com/*
b9dd0ab992b14426e4a80cf2842b642c,1156430400,11,jh.feixiao68.cn/*
bb6e4c2921929e9bee9104efdca09123,1156430200,3,m.sunlands.com/*
bcb8382875558736d23e3a38ac112242,1156431000,11,m.xl.hncjw.com.cn/*
bd38ac6abe6b1bf8c4e4d1f5bed10426,1156431300,23,edu.xuelizk.com/m/*
be3a27b4fd329fb8ca86321eb96d8cb3,1156430100,94,wap.xuehuiwang.com.cn/newpower/baidu/search/xueli/*
c068d12324812cef3e69e1d986d4ffb4,1156430700,52,www.gzdxjxjy.com/ckedu/*
c068d12324812cef3e69e1d986d4ffb4,1156430700,11,jh.feixiao68.cn/*
c0ae7bb3aab41e66f34a8a449bf09d46,1156431100,3,m.sunlands.com/*
c10864d762274a4e7fe08cf2b28b5307,1156430200,23,4g.hnxlts.com/*
c10864d762274a4e7fe08cf2b28b5307,1156430200,39,m.sogou.zh-fkzh.s8.yytvip.org.cn/*
c10864d762274a4e7fe08cf2b28b5307,1156430200,66,www.shidastudy.com/teacher/gzshide1/hnyd/*
c10864d762274a4e7fe08cf2b28b5307,1156430200,31,xs.hnxsjykj.cn/m/*
c14d60f0244ad902b4fb384bc81f251f,1156431100,70,mobile.xuehuiwang.com/*
c1edcab9790aa63abc75351bd6bfea07,1156430200,27,m.sunlands.com/*
c3300842988ce360e075c7660cc15b03,1156431000,25,m.sunlands.com/*
c37e23715d52cfc76c9cc3552c736063,1156430100,1,m.sunlands.com/*
c43e6c973ee19cd466d71c8c61da4ae3,1156430900,9,www.shidastudy.com/teacher/gzshide1/hnyd/*
c46aa1fc1c0d12f20f40cd6deda074d9,1156431100,16,*.cssywgy.com/*
c52024859ddd78b6020953e415d61bd4,1156431000,4,m.sunlands.com/*
c640704d28a9111e7e743c8dcb15d879,1156430400,31,www.zhongchuangs.com/m/chengkao/*
c670b76c0b10c3cf654799f049243f81,1156431200,11,mobile.xuehuiwang.com/*
c673d06aca774fa5f3aaa434a7110fd1,1156431000,39,wap.xuehuiwang.com.cn/newpower/baidu/search/xueli/*
c6babf7319a4a585982161813a44f880,1156430400,17,www.jinkepx.cn/xxl-jk/xxl-12/*
c71bdf466af6208eba9bc4ceaf8d589a,1156430600,6,m.sunlands.com/*
c73bdd6d88488134252f8c0a91783f4a,1156431100,47,www.csuce.com/hnzkhao/*
c7726a7b52a72c9da9d8fb5722319421,1156431000,1,www.ylzxxy.com/wap/*
c848ad3198ab3e46da07220413817d86,1156430100,16,www.jinkepx.cn/c-moblie/02/*
c8d5c15bb98fc3cf36c8057197dce554,1156430100,1,m.sunlands.com/*
c90f69c5dadadab94dcf76334a6517cf,1156430500,23,wap.hnxueli.net.cn/*
ca89fe7bce4dacb5d6fb68f37fbf66d4,1156430100,67,mobile.xuehuiwang.com/*
cb8059a8aefeac68dab4f0b784fbca64,1156431000,4,m.sunlands.com/*
cbcdd6c9b6440fb66e08e38f0f6f69e0,1156430500,19,m.sunlands.com/*
cbf18f866126e4ef9e932cd2d20fb800,1156430100,25,m.sunlands.com/*
cc2e529bdbbb207bd6924e7fa67d559c,1156420100,2,m.sunlands.com/*
ccaffadef8afa36650dd2654484b4cc4,1156430100,70,wap.negroupedu.org/newpower/baidu/search/xueli/*
ce5db9bc3b7cec985f44a599afed71e9,1156430300,27,m.sunlands.com/*
cf7717a30286c4605543409ee9567d33,1156430100,66,www.shidastudy.com/teacher/gzshide1/hnyd/*
cf86084b9bb714c4d2717100d27d17c2,1156430400,11,edu.xuelizk.com/m/*
d00d32922de91738ce227a8aae2e781f,1156431100,38,m.bd.s8.zk.hqjy.cn/*
d02b0a0467e9b3354596632c6d98cef7,1156431000,52,mobile.xuehuiwang.com/*
d040e6d5eac10e728e96bd464ecc2afd,1156431000,103,m.sunlands.com/*
d0e62f059b964358676fd3e9f5199b01,1156431100,1,jh.feixiao68.cn/*
d103e0e5491ba61fa6041fcba6ff5bda,1156430100,44,wap.xuehuiwang.com.cn/newpower/baidu/search/xueli/*
d1045be0c9133d403a9c6b7dcfeed81e,1156431200,2,m.sunlands.com/*
d12f179c23a94699954455add4a75198,1156431300,11,jh.feixiao68.cn/*
d12f179c23a94699954455add4a75198,1156431300,24,wap.hnxueli.net.cn/*
d16e6b71808fc7e7e72279d40a544838,1156430200,67,mobile.xuehuiwang.com/*
d1abb3fc91705d7fa0a46f4ce69d92b2,1156430900,22,m.hnndxl.com/*
d21c64c35ab57602dd16f75575444da0,1156431100,1,m.sunlands.com/*
d256529f2da9cde06920eedeb2ac4db1,1156431200,11,www.jinkepx.cn/c-moblie/02/*
d2dc3e390bfa6e0369e74aa8f755a2ae,1156431000,23,edu.xuelizk.com/m/*
d318813255d603978ef9298e8ee3616a,1156430500,13,m.sunlands.com/*
d33ac0cec020d4a9a3c5b6d519a898fe,1156430500,3,m.sunlands.com/*
d3b1dcf9286410b1040d345d390b45da,1156431300,26,edu.xuelizk.com/m/*
d4ed009f2cfa83ec17562a097740f2a9,1156430200,41,si.chinaopu.com/*
d4ed009f2cfa83ec17562a097740f2a9,1156430200,25,wap.hnxueli.net.cn/*
d639d86e578772160b4774d3ad81bf6b,1156430400,56,wap.xuehuiwang.com.cn/newpower/baidu/search/xueli/*
d6585ddbfcb77f5e78f36dd0aaa03dbe,1156430700,41,m.bd.s8.zk.hqjy.cn/*
d71ad3fee9c783194ec911835586f205,1156511400,12,m.xl.hncjw.com.cn/*
d88c7e838283c99b82cfa0da00a5e075,1156430900,11,m.xl.hncjw.com.cn/*
d88c7e838283c99b82cfa0da00a5e075,1156430900,24,wap.hnxueli.net.cn/*
d8bfa4a76458d5f912be70587a1b7e8a,1156431100,64,wap.negroupedu.org/newpower/baidu/search/xueli/*
d984da0b8522aa805b47c356d4d77288,1156430200,13,edu.xuelizk.com/m/*
d99e3d03742ce941e681cc9151999dcb,1156430800,1,m.sunlands.com/*
d9f76ec4423fc91d1f08549d51f38b23,1156431100,55,mobile.xuehuiwang.com/*
da782138c8696dc8a2ea75ca192d1e6d,1156430400,17,*.cssywgy.com/*
db82c82a26d4249838e468cac84aca5b,1156430700,14,si.chinaopu.com/*
dc5f19277f110182a35918933843d321,1156431200,40,m.bd.s8.zk.hqjy.cn/*
dc91cc8927e472534073463ea9442ae2,1156500000,8,m.sunlands.com/*
dc9dff3fd55ccec60482b52c231db210,1156431000,42,m.hnndxl.com/*
ddf3a11756cb007d82fd50d5152d91fd,1156430100,4,m.sunlands.com/*
de023b80276ad87062dd4b4f9625cd91,1156431200,30,4g.hnxlts.com/*
de5e4f0a7c316be57b0dcfb6be268140,1156430200,24,m.sunlands.com/*
df117494515678057fabee88df7cc842,1156441900,25,wap.hnxueli.net.cn/*
dfb92372499d74488768babf0d653659,1156431000,6,mobile.xuehuiwang.com/*
e0a03e36b456a9649b45ec5157b741ae,1156431400,3,m.sunlands.com/*
e277a83088398ebb103019a5cb26399a,1156431400,22,4g.hnxlts.com/*
e30ed0cf058d02be9cb50b274c4199b5,1156320500,140,mobile.xuehuiwang.com/*
e31e4e45df0c6acc6fe66e8aee3944ba,1156430600,25,m.sunlands.com/*
e364a5445799393beadee608c32d13ff,1156430400,24,m.sunlands.com/*
e3eed3010f0b7daa686aceb66e9d35b1,1156430400,1,jh.feixiao68.cn/*
e4f79e4e18c3b6c5aced1ce552ec67d1,1156430100,27,m.sunlands.com/*
e531949475b3c990c2dfd24c76d0e2be,1156440600,46,edu.xuelizk.com/m/*
e5d803445645eb3f5469acaff0f6c2f7,1156431000,4,m.sunlands.com/*
e5e08819726a0b3b718b305e4b6dacf2,1156431100,9,www-zkcjyc-com-b183.aipage.cn/*
e66275573603a414681089c919f4b9c7,1156430200,1,si.chinaopu.com/*
e6be5f282ffc10955f2e793ce0539c41,1156430600,2,edu.xuelizk.com/m/*
e74e7f246e8395fb86d331dab15308bb,1156430500,47,www.csuce.com/hnzkhao/*
e7648ee814b9b970cd5bce8cba910060,1156431200,11,m.xl.hncjw.com.cn/*
e7648ee814b9b970cd5bce8cba910060,1156431200,23,edu.xuelizk.com/m/*
e9005b42950df18ffd3736bf7cd7912b,1156430100,19,m.sunlands.com/*
e95a8b3d98fa21288acf6bb76c14590a,1156430100,1,m.sunlands.com/*
e969f8bb94fdf9bf9bce8626aca69643,1156430100,76,mobile.xuehuiwang.com/*
e98f3db21f481a3f14e71cf4c8b14595,1156430800,22,edu.xuelizk.com/m/*
e9a1c5497fdb8987699dab21d28bea24,1156430100,50,mobile.xuehuiwang.com/*
ea4483f139b7dc1b29821e670602e10a,1156430100,1,wap.negroupedu.org/newpower/baidu/search/xueli/*
ea4483f139b7dc1b29821e670602e10a,1156430100,4,www-zkcjyc-com-b183.aipage.cn/*
eab7db7fbe9e9577f6f994d0a523eea2,1156340100,20,m.xl.hncjw.com.cn/*
eac06b338275d7cbe60b88d36647b88d,1156430100,25,m.sunlands.com/*
eb08857aeffebbbb0bd857248841a7f0,1156431000,2,m.bd.s8.zk.hqjy.cn/*
eb1b03f01527a2e94f8c211016fb4afd,1156430100,23,edu.xuelizk.com/m/*
ec75d59f75ae07086c151a31cd64cd13,1156430100,3,wap.xuehuiwang.com.cn/newpower/baidu/search/xueli/*
ec7c4f438ad60eb43ef3452f127d47bb,1156430500,65,mobile.xuehuiwang.com/*
eca052099a1a726bf6834735a5d4a8fe,1156430200,42,mobile.xuehuiwang.com/*
ed840ff72c589620fdf44edee4469c61,1156450800,58,m.sunlands.com/*
f0171a197ecb273aa5c8b7897eac2c94,1156430100,14,mobile.xuehuiwang.com/*
f04899bb193085d98f538ac4078207f9,1156431200,1,m.hnndxl.com/*
f190e2e5c248dea53965741a8fcf3d8f,1156430600,3,baidu.lszxxy.com/*
f26d6e6869f3ca74f2f11b5e3db0ad16,1156430400,23,edu.xuelizk.com/m/*
f2a958f20d6a6a786002b66426d5c54e,1156430100,14,m.sunlands.com/*
f2c9145d3476921f7a94198989e571cc,1156430800,17,edu.xuelizk.com/m/*
f34a929e38a285c837a093273720f35e,1156430700,23,edu.xuelizk.com/m/*
f35b57613ba4788eae9c4a292d3f7cf6,1156430200,76,mobile.xuehuiwang.com/*
f3807b7e8376eafe71f6d388bd6902ed,1156430400,25,m.sunlands.com/*
f3e231fc5cab4e481a3058cd535c77c0,1156430500,1,m.sunlands.com/*
f41825bf28cdd5d70c04d84bfa28dc2d,1156430700,20,zk.hnjxjyzx.com/m/*
f43d3138b15c96e113536798c68fb893,1156430400,8,baidu.lszxxy.com/*
f4dbbec9a12559d6636c4a869513e7b2,1156430600,25,mobile.xuehuiwang.com/*
f5bb746f25c65c062060c8540ee08cde,1156420800,14,m.sunlands.com/*
f649f67c7d91dd51d3de24d2a3fcd763,1156431000,22,4g.hnxlts.com/*
f74aa2fee9d3555f17250a7dbbbaf382,1156431400,21,m.sunlands.com/*
f7826c8aff750c174985db656a418dc5,1156430400,15,4ghn.zhijin.com/xtdx1/*
f80744db5b950f7d3a2f828779c9e35e,1156430100,31,baidu.lszxxy.com/*
faae58f3215c2ce0609914ffd0e7ba94,1156431200,19,wap.hnxueli.net.cn/*
fad8460082b9dc313f464184aac84e96,1156430100,82,mobile.xuehuiwang.com/*
fbada0e2659c9e66f78e89bcad3934f8,1156430200,1,m.sunlands.com/*
fbd7e0efbca357b7b471ec6cceed60ba,1156431300,32,m.sunlands.com/*
fc856a70f826a895752ba300b582451f,1156430700,17,4g.hnxlts.com/*
fcb2729f533365bedb13acf269126350,1156431200,67,mobile.xuehuiwang.com/*
fd109d695188cabae2d41b40181876c4,1156430400,22,edu.xuelizk.com/m/*
fd61b4ff2b8a41154cd739c46ddf79c8,1156430600,1,m.sunlands.com/*
fe25f483a28e161f9247bb005b01fe79,1156431200,1,4g.hnxlts.com/*
fe659797b9a275c51bf797e0e2525be0,1156330100,47,edu.xuelizk.com/m/*
fe6ae571c85a59e3270d33d9fddc90d6,1156431300,42,www.gzdxjxjy.com/ckedu/*
fe6ae571c85a59e3270d33d9fddc90d6,1156431300,34,xs.hnxsjykj.cn/m/*
ff95a95f1a1ace4eb1dcb61c443347ec,1156430100,47,www.csuce.com/hnzkhao/*
ffc8693bd3a10ddf7cda0734689c021c,1156430900,9,baidu.lszxxy.com/*
ffd3279de0ace8c86e32137f6dc46d0c,1156430100,28,4g.hnxlts.com/*
