0094c36e6d77c49182a0cdda75867482,1156610600,1,car.m.yiche.com/biyaditang/*
024205ea56faeb75c9bc6927b974017a,1156450200,3,car.m.yiche.com/biyaditang/*
0334aaf6da823b1aef75022552e5affa,1156530100,2,car.m.yiche.com/biyaditang/*
0442fd0611ec05a334535cd5042f97a0,1156110000,1,mall.bydauto.com.cn/*
049ee487e99465a9d450ba6d576a1e44,1156440300,3,car.m.yiche.com/biyaditang/*
087d4cd76bc9c857738110754188a8c0,1156120000,1,car.m.yiche.com/biyaditang/*
0bdae6552b9e2a72cc4e9f76f1f31f33,1156441200,2,www.bydauto.com.cn/car-show-quanxinyidaitang.html*
0f295d38f4859339669359437bc1f829,1156110000,3,car.m.yiche.com/biyaditang/*
1080949db39e940197ba3e84ab3948f8,1156450800,2,car.m.yiche.com/biyaditang/*
12e54e12575c63213b2d5c590e0d1a41,1156451200,1,car.m.yiche.com/biyaditang/*
1632e1f873b0b21f369eb0fb55abd0ca,1156441200,3,car.m.yiche.com/biyaditang/*
178bc11e7c8fbf2be38e63444b5df32b,1156610700,1,car.m.yiche.com/biyaditang/*
1954eb459dd96c53db875dd3cbf960f5,1156500000,5,car.m.yiche.com/biyaditang/*
1a34d82ab3db15c6a8cafa30410a9444,1156620100,1,car.m.yiche.com/biyaditang/*
27b41ba547899b90c1e2bfc35827dc96,1156450900,1,m.autohome.com.cn/3430*
2a10928935e2249010158aea3279728f,1156310000,1,car.m.yiche.com/biyaditang/*
2ccb7c04d626741e310aa7b0d584837e,1156230200,2,car.m.yiche.com/biyaditang/*
316d1974123a11cfb1c23e2c1da365e6,1156310000,1,car.m.yiche.com/biyaditang/*
3252c52101a2416a150b42305fd711c6,1156341700,3,car.m.yiche.com/biyaditang/*
35a43375add2d2248b9e4e03489d061a,1156632500,1,www.bydauto.com.cn/counter-sellpoint.html*
45e8224ea671fb863d538328e471d0d1,1156220100,1,mall.bydauto.com.cn/*
4c7fbb6b120eb84a55066e825934db35,1156410900,3,car.m.yiche.com/biyaditang/*
4ea3b873febfd06790cf01a06c0d51fb,1156430600,1,www.bydauto.com.cn/car-show-quanxinyidaitang.html*
5009d6037375fb43795b5ba0d3d52797,1156512000,1,car.m.yiche.com/biyaditang/*
54995d0989ac04e4fab18ccc456b8f89,1156610900,1,www.bydauto.com.cn/car-show-quanxinyidaitangdm.html*
5831bed0626423f346209cd188637276,1156340100,1,car.m.yiche.com/biyaditang/*
5bd8d7b49150f1f8d5d700f04cbdb61a,1156610900,3,car.m.yiche.com/biyaditang/*
5c108bfa70fcc3cf4e755fe2f7ec0932,1156450100,1,mall.bydauto.com.cn/*
5cd79374bad507176bfaa3aaa74cca82,1156441300,1,www.bydauto.com.cn/counter-sellpoint.html*
5eb76afc2ef3929e862e01adcf9b0a11,1156371600,1,car.m.yiche.com/biyaditang/*
5f5d21c156b9447f250535582ce4f59a,1156450300,1,car.m.yiche.com/biyaditang/*
62516a8d6fff41e3499fa76c7b342fa0,1156360700,2,mall.bydauto.com.cn/*
65cd072a028a13c8f5733547f00e4122,1156431000,2,car.m.yiche.com/biyaditang/*
65ec6fe4fc28ebacea976486850f0469,1156310000,1,car.m.yiche.com/biyaditang/*
66962a90b75dc30a10bf82ad6b0923ff,1156320200,2,mall.bydauto.com.cn/*
68b74bc51282b8a699eae67b7e8747d0,1156310000,1,car.m.yiche.com/biyaditang/*
6a3bdb694661240699b7c699f7f87034,1156440300,1,car.m.yiche.com/biyaditang/*
6bf7cfd1b16b566d8fd9b4c01d89f33f,1156620600,3,mall.bydauto.com.cn/*
72b5f3033eb994141372cc3156d8a466,1156411300,1,mall.bydauto.com.cn/*
735474c9d1b4ee94f334dd391b4d0440,1156532500,1,mall.bydauto.com.cn/*
7b755844e5ed556991ad75ca84363721,1156440300,1,car.m.yiche.com/biyaditang/*
7c701d57e4b03f5d8da95006fa8eb29b,1156450300,1,car.m.yiche.com/biyaditang/*
86e46b4f19505b4d87d5bbbe5cfbab40,1156370700,1,mall.bydauto.com.cn/*
8776f063c7b3a3c9cf4724167d9e2128,1156530900,1,car.m.yiche.com/biyaditang/*
88c0a0f36d864a6574cb618190cddb35,1156440300,1,mall.bydauto.com.cn/*
8c08f31141963ffd0e2c604ecf5d8c5d,1156440600,1,mall.bydauto.com.cn/*
91b3cc783a53ddfc078d099524a61354,1156420100,2,mall.bydauto.com.cn/*
932ab1f2dca2aeafa3de3697fc3d7a88,1156330300,1,car.m.yiche.com/biyaditang/*
9454173849c26b3237f2dc49166ccb68,1156370700,3,car.m.yiche.com/biyaditang/*
96e96c9b8d2a8f423d722cd2f1acb440,1156130100,1,www.bydauto.com.cn/counter-sellpoint.html*
970c803c0e71b0c7cb48bccd9f8453a0,1156150100,1,mall.bydauto.com.cn/*
97f7d6cb84c3dca9185deab2483ed4b1,1156330100,3,mall.bydauto.com.cn/*
9a7532b2b51eccea6b763d0af2e4fbc6,1156632100,6,car.m.yiche.com/biyaditang/*
9b846820454aa59044cae048b4fdee7e,1156350200,1,car.m.yiche.com/biyaditang/*
9bd65a8196508bb54cf0c766344e1848,1156330700,2,car.m.yiche.com/biyaditang/*
9cf5fe921a8cfb6944be4f5805489d39,1156431200,1,car.m.yiche.com/biyaditang/*
9dae50a5bc9bf8cb97a4d6c37cda6577,1156110000,2,www.bydauto.com.cn/car-show-quanxinyidaitang.html*
a254691d1843c6720b0da579aa0ff478,1156522200,1,car.m.yiche.com/biyaditang/*
a2745f140794fcc4bf7fca34b9511fe4,1156370700,5,car.m.yiche.com/biyaditang/*
a9c183d45340a5a98807a56abff49508,1156220500,1,car.m.yiche.com/biyaditang/*
a9da4fbb996755a8eabce75bfc3c3dcd,1156630100,2,car.m.yiche.com/biyaditang/*
ada77b5bd821700429a2f9096a05c7dd,1156310000,4,car.m.yiche.com/biyaditang/*
b1834d85b92aa33dfeb2d1a134663dee,1156510900,1,mall.bydauto.com.cn/*
b46787dee70941238ce64a24b6b782c8,1156320500,1,car.m.yiche.com/biyaditang/*
bb9cb8e198c3c832b98b43266739b8a4,1156630200,1,car.m.yiche.com/biyaditang/*
be12f1705b13e77368c5e6cf5ec48bbc,1156330500,3,car.m.yiche.com/biyaditang/*
be706c76c9d2bd5bef84a9177ec4073b,1156440300,1,www.bydauto.com.cn/car-show-quanxinyidaitangdm.html*
be706c76c9d2bd5bef84a9177ec4073b,1156440300,1,www.bydauto.com.cn/car-show-quanxinyidaitangev.html*
be706c76c9d2bd5bef84a9177ec4073b,1156440300,1,www.bydauto.com.cn/car-show-quanxinyidaitang.html*
bec33edb3e7f97bfa05dac6cd61eb068,1156370500,2,car.m.yiche.com/biyaditang/*
c5afa1887ba8e8e61f2ce49d4a7fe935,1156370800,1,car.m.yiche.com/biyaditang/*
c6806594f528dbea92f9abaa56b9d7d2,1156511500,1,car.m.yiche.com/biyaditang/*
c764cfe75833ede228ef2d245b3029ce,1156440300,1,www.bydauto.com.cn/car-show-quanxinyidaitangdm.html*
cc023addd014bf5ba4ca2e9b2b929123,1156310000,1,mall.bydauto.com.cn/*
cdf9020b4c16f83b4a18d3b2d5fc85f4,1156310000,1,car.m.yiche.com/biyaditang/*
cf94c8ec7b1d5a58686f380b4f5166c9,1156445300,1,www.bydauto.com.cn/car-show-quanxinyidaitangev.html*
d19bf22f50f94262faf4432b761fe8f8,1156510100,2,car.m.yiche.com/biyaditang/*
d421dba50fa1338824f4c2a967b7204e,1156511600,5,car.m.yiche.com/biyaditang/*
d4dc3637604938a9b9420385a2cd62d1,1156310000,1,mall.bydauto.com.cn/*
d579514542363f5825a8f63addd9b2dc,1156340500,1,car.m.yiche.com/biyaditang/*
d6a71d3fb0a76756f682e241381e9f2f,1156500000,1,car.m.yiche.com/biyaditang/*
dad86e90cc88f261918df5feba7f8f88,1156500000,1,car.m.yiche.com/biyaditang/*
dbccb7e995d4498939a892994eb03cdb,1156330200,1,mall.bydauto.com.cn/*
dc90f25bb5cd64cbd95a53fad98e1692,1156620800,8,car.m.yiche.com/biyaditang/*
de4999a4428e8aeb5d0f21d6e6f3018a,1156440900,3,car.m.yiche.com/biyaditang/*
dfcd32589768ec0cf0f5274dd2549c40,1156511400,3,car.m.yiche.com/biyaditang/*
e45a5edaaa112a0d12e32b0f6d9fe466,1156610100,1,mall.bydauto.com.cn/*
e678d29104dee1ffbf8251b7fc09d11b,1156320500,1,car.m.yiche.com/biyaditang/*
e7331ca2cda8158e9a091a31b509a68a,1156370300,1,car.m.yiche.com/biyaditang/*
e9401b781e7175c6a8f8c97b14791d79,1156310000,1,car.m.yiche.com/biyaditang/*
f1e7803feaf4fc22734c000b11bbf0f5,1156422800,1,car.m.yiche.com/biyaditang/*
f383bd742cb5f34e4eac72ac72d0de0d,1156610300,2,car.m.yiche.com/biyaditang/*
f735d71e7f124e127d5d43d8448d8cbf,1156441800,2,car.m.yiche.com/biyaditang/*
f782b95455c2eb6a7e28a4a32712b35b,1156371100,3,car.m.yiche.com/biyaditang/*
fd07e55569bf31d908f3dbda3f312100,1156330100,2,www.bydauto.com.cn/car-show-quanxinyidaitangev.html*
