0036ced701e4fe234350e81dea94d521,1156220100,24,www.yd119.cn/m/
003f826296621b69b6aacf7e786ee6f6,1156370500,1,www.yaomiedu.com/wap.html*
00750b2207eb456312495b1ea0481234,1156370700,5,changqiedu.com/jiaoyu1/wap/*
00c369aa9236b7d619f3173c46e46c3f,1156510100,6,wap.bangkaojiaoyu.com/bjtg/xf/*
00fca77117be255198862c4863286e10,1156320900,33,yidongm.zzbredu.com/*
01125e6c590719d7946b2f72b8e8e167,1156210300,6,www.feiyue119.com/*
011646e7dd9cae2174f85cdc842ce494,1156320200,22,www.yd119.cn/m/
011646e7dd9cae2174f85cdc842ce494,1156320200,5,changqiedu.com/jiaoyu1/wap/*
0135d259e7f89078227b522e5847d790,1156510100,10,wap.bangkaojiaoyu.com/bjtg/xf/*
01bb86260008b0f7fab1442e80ff9ab2,1156370600,1,cqiedu.com/xl/xf*
01f533abbeb78fb28a8a4c6fe0e992e7,1156510700,17,www.yd119.cn/m/
01f6b51e091e2dcd4f92ef0991c4e86c,1156411400,5,www.youluwx.com/*
01f6b51e091e2dcd4f92ef0991c4e86c,1156411400,4,cqiedu.com/xl/xf*
0220cb79d983fa7aa504f96fc88b2a07,1156370400,18,www.yd119.cn/m/
025a4c7bbbe9ab6a836685035df101d1,1156131100,4,www.youluwx.com/*
029534dfb1fe73e62a63916af62b7ebe,1156510700,6,www.youluwx.com/*
02d5d5ed26d45ae5b96b02d277760694,1156210200,5,zjks.offcn.com/zg/xfgcs*
02d5d5ed26d45ae5b96b02d277760694,1156210200,6,yidongm.zzbredu.com/*
03a309a1a96f036e757788eb21b4992f,1156210100,1,www.niceloo.com/yixiao/*
03afebb5ce83838e93e9984405d1623f,1156410100,1,www.yd119.cn/m/
03b899c8e96d203185ff6ca32a94ce01,1156510100,8,www.youluwx.com/*
03eb35c353c49f0a07b98ab855ab756a,1156211200,2,cqiedu.com/xl/xf*
03ed7f9a9ca0c9a9bb7977c4eff0b1e2,1156510300,16,www.yd119.cn/m/
03f33cd41b884f11048fe8d959dfd9ab,1156513400,27,www.feiyue119.com/*
03f33cd41b884f11048fe8d959dfd9ab,1156513400,5,cqiedu.com/xl/xf*
0419535f6f153181604c6fd325e73170,1156320600,1,cqiedu.com/xl/xf*
042da830606d7b461472a9e34ebfd848,1156130200,5,changqiedu.com/jiaoyu1/wap/*
0481d8eff5e1d8b0824a8eb04cc71b32,1156310000,1,www.youluwx.com/*
04c7ec09cd2cd2a869b604973053f67f,1156511400,13,www.youluwx.com/*
05004ffa4d24f8fd0fa2fac53916e6ed,1156370100,8,www.youluwx.com/*
05004ffa4d24f8fd0fa2fac53916e6ed,1156370100,4,yidongm.zzbredu.com/*
05004ffa4d24f8fd0fa2fac53916e6ed,1156370100,3,www.yd119.cn/m/
05560a0883337f69e41e426dbeac6786,1156371000,28,www.yd119.cn/m/
05680c7e23bf2cc0825589fdf9423ae6,1156410300,12,www.yd119.cn/m/
059cc7bf4215fdc517ec60f645d3d46a,1156510500,15,www.youluwx.com/*
05b85c9b36d51a7e7ae1c4ecc25b7526,1156410300,33,zjks.offcn.com/zg/xfgcs*
05b85c9b36d51a7e7ae1c4ecc25b7526,1156410300,3,yidongm.zzbredu.com/*
05ea822ea869e18a2c2ade3dc8fc069e,1156512000,1,bj.hpwxb.com/xf-MB*
06015525ebaf85b5d7e60e0fdfae8b01,1156510100,7,changqiedu.com/jiaoyu1/wap/*
0605fc8a70709bfdeafd98c26ecdb803,1156510100,27,yidongm.zzbredu.com/*
06c407636b1f5cfb77544874cbb5d266,1156130100,34,zjks.offcn.com/zg/xfgcs*
06c407636b1f5cfb77544874cbb5d266,1156130100,1,lma3.fjbest.net/indexApp.html*
0712cb06fb2f2f545b8a201a7c9b2d42,1156371600,7,yidongm.zzbredu.com/*
0712cb06fb2f2f545b8a201a7c9b2d42,1156371600,1,lma3.fjbest.net/indexApp.html*
08032c2c3b2f8c7dcb54353f8ed8b6f5,1156370800,5,www.youluwx.com/*
08032c2c3b2f8c7dcb54353f8ed8b6f5,1156370800,25,yidongm.zzbredu.com/*
087a29cc6c3bfb420688109c9d350ba8,1156131000,4,www.niceloo.com/tg/xf*
08970bc6575266f4e1c5418973d14f3f,1156430100,6,www.youluwx.com/*
089e32dd0774509ec48f89b0ccd72cc9,1156411300,9,changqiedu.com/jiaoyu1/wap/*
08e3b2219da29575dde90736e724826b,1156150100,6,www.youluwx.com/*
091feaa4982fe02140f4badf4e99284a,1156130100,2,cqiedu.com/xl/xf*
0959c9c8393d6cd3fe4acc251e3fa371,1156510100,6,wap.bangkaojiaoyu.com/bjtg/xf/*
0977c55c41d9c99134d14ecd424f0bd5,1156510500,2,www.qddfxfpx.com/*
09cfc040b56d1e1b2c734d0adc07edf1,1156510700,1,www.yd119.cn/m/
09e787225d7ff6689dfa155ae49f4cf4,1156130900,13,www.yd119.cn/m/
0a06e2061511393a1b15789945dc5fa8,1156370100,4,changqiedu.com/jiaoyu1/wap/*
0a07001e71c32bb0bee8c4e9ba4cf288,1156131000,1,lma3.fjbest.net/indexApp.html*
0a4aa6f01bfe131c04345ee49dcef1dc,1156320500,1,www.youluwx.com/*
0ad4e641a2cb26596d0795370922ca21,1156370200,1,changqiedu.com/jiaoyu1/wap/*
0ad5da37985cd3538e2b6eff89a7682e,1156370700,6,cqiedu.com/xl/xf*
0b4a336731263762256f8c1576f4cf71,1156371300,6,zjks.offcn.com/zg/xfgcs*
0b4a823b83867daeb6b5cb0e16dc3887,1156130100,19,www.feiyue119.com/*
0b4b4b9b737766ae9bb95e19e39d3b3d,1156410300,1,www.youluwx.com/*
0b5070baeaaef810960165cdce3df707,1156510100,1,www.youluwx.com/*
0c12ff34bec1a200ea8bcafb263c6444,1156130400,30,www.niceloo.com/tg/xf*
0ca591186bcbd08fcd635f12036a855b,1156321100,21,www.yd119.cn/m/
0d7ce21a082a93408a2a856ae6d4dc76,1156210100,6,www.feiyue119.com/*
0d92953272e51686d93458370c91eb5a,1156320100,1,www.feiyue119.com/*
0dafbbc5afd15ad3f363143caf619d8b,1156130100,60,www.niceloo.com/tg/xf*
0dafbbc5afd15ad3f363143caf619d8b,1156130100,7,changqiedu.com/jiaoyu1/wap/*
0dd4a0c89dc29c6a1e910627788fe691,1156130200,58,www.niceloo.com/tg/xf*
0e29cc85e69ef5c1def7eaa33a6dd3f0,1156130700,6,www.niceloo.com/tg/xf*
0e3aab808f22efef02bf106c64446337,1156510300,36,www.youluwx.com/*
0e51fa37fe5c26c6d6fb2a7131db7e52,1156320600,6,changqiedu.com/jiaoyu1/wap/*
0ed5131df7db8ce41d86f42d63473f1c,1156370100,2,www.youluwx.com/*
0ee3934971cf031d9b7edd81df59f284,1156370500,8,changqiedu.com/jiaoyu1/wap/*
0f10a4336eb29335cb079a16fd67223b,1156130400,2,www.jhwx.cn/zt/m_xfgc/*
0f2ad8d122374015486a1dfa95e39990,1156371000,28,www.feiyue119.com/*
0f3e5583ecc0c035a6137ce68df1efdb,1156510300,2,www.xiyahongedu.com/*
10398cb5da60f3155f14a25ba3344734,1156210100,6,zjks.offcn.com/zg/xfgcs*
104c02e308d669dfbabe89ef2c913ace,1156130800,48,www.niceloo.com/tg/xf*
104e4814bd41c717f684d109db493a78,1156510100,26,www.yd119.cn/m/
1059a76359cdf0c8788093b347061e17,1156220100,23,www.yd119.cn/m/
1059a76359cdf0c8788093b347061e17,1156220100,7,changqiedu.com/jiaoyu1/wap/*
10e373953cfa33c1d274316ae83b2e90,1156510700,2,www.youluwx.com/*
11467db008c4d7445e75411884b90978,1156210900,3,www.yd119.cn/m/
1179508ce94c174bc42b58f9db7f15f1,1156130100,2,changqiedu.com/jiaoyu1/wap/*
1189012eee6e8f755baa09c9d43fc07c,1156370400,64,www.youluwx.com/*
11c1a03e47149053f6a62fcdd873eb56,1156130800,28,zjks.offcn.com/zg/xfgcs*
11e7bc8ffc3dfe912fcfa3dda05b9a4c,1156511300,6,cqiedu.com/xl/xf*
130b4343685cbc7d8b92e1f1d2e3ee12,1156130100,3,www.youluwx.com/*
138f212c30b66c534e95c976fbaa9eb8,1156222400,26,www.feiyue119.com/*
13a22b24b51e38272aae1803d2a7fc86,1156110000,2,www.youluwx.com/*
13aa45fd57275cfde5b9e7b007b927af,1156220100,2,www.niceloo.com/yixiao/*
13f4e03087a14b9526876b10442cbd78,1156130400,1,www.qddfxfpx.com/*
13f4e03087a14b9526876b10442cbd78,1156130400,1,www.feiyue119.com/*
14315d61fd53ead6ce466e5cb6ec2ffa,1156130600,1,www.niceloo.com/yixiao/*
14b99cd68d8c2fcda8d0edb720b8b071,1156370400,17,www.yd119.cn/m/
14b99cd68d8c2fcda8d0edb720b8b071,1156370400,7,cqiedu.com/xl/xf*
14d78335af90c8dddab4a1fbc1b1a9e5,1156410500,29,www.youluwx.com/*
152822e20798e29adbe914181dddd81c,1156511100,24,www.yd119.cn/m/
153ec0806b8a944d610b4c6dba229b72,1156510100,1,yl.szfilmcenter.com/*
1589740c48719f7534264e2f5bac58a2,1156320100,1,www.youluwx.com/*
15f076c9ca192e8146345bdd52842987,1156130700,53,www.niceloo.com/tg/xf*
164372a0aecbf15ecca0a1277d9a1c5e,1156511900,6,cqiedu.com/xl/xf*
16611ad1f0fbfd666083a9777786f106,1156131100,23,www.feiyue119.com/*
167efaffab9636662594f94060846751,1156130800,24,yidongm.zzbredu.com/*
168655591600d4bcae3792c449ea5533,1156220200,34,zjks.offcn.com/zg/xfgcs*
16973d2207ddc9ab79963c1f0e267dd2,1156130600,1,www.youluwx.com/*
16b87615c9e7be36093965eee57c5a70,1156510100,8,changqiedu.com/jiaoyu1/wap/*
16bef18b483b23338dcda96c8427a383,1156511500,46,jy08.yanganzixun.com/xfpc/*
1700b04ec631665328af6fc1936144ac,1156410400,1,www.yaomiedu.com/wap.html*
176b86b9f893c02f0b3570ce66d3f6ec,1156321000,4,changqiedu.com/jiaoyu1/wap/*
17b6d813da18fe61c682f7bd2ebd1f08,1156130500,8,changqiedu.com/jiaoyu1/wap/*
17c29615607d6988389c262d2a33d599,1156131100,13,www.youluwx.com/*
1855ba54333312ef530a3e16538c74cb,1156370500,28,zjks.offcn.com/zg/xfgcs*
18ad660fd737fa76e20ddc87a82ec920,1156211400,1,www.niceloo.com/yixiao/*
1930ab2f902378ec042fe48203621765,1156621100,4,zjks.offcn.com/zg/xfgcs*
198ce874fe16cd13c5be51318c9bcb74,1156130100,2,www.niceloo.com/yixiao/*
1a06958305c14a1d3d51444356883efd,1156130100,6,changqiedu.com/jiaoyu1/wap/*
1a750514d575b00a604b7c632da2f6b0,1156430100,1,www.youluwx.com/*
1ac7538fbc1e9bfb029a1d86ad1b95cb,1156320500,1,www.youluwx.com/*
1addd8f7815ee39ca397ef01ce7ed502,1156130600,7,www.niceloo.com/tg/xf*
1b89d546f49a6a3cdc3157189a1be60b,1156510100,24,www.feiyue119.com/*
1bc05585d6695264a817d8ab031255db,1156130500,22,www.feiyue119.com/*
1c1cab0d58b42673c1f5917e8c9162f8,1156510100,6,changqiedu.com/jiaoyu1/wap/*
1c3786f974f2425459a5cd41206f294f,1156320300,44,zjks.offcn.com/zg/xfgcs*
1c54a9b505506e66097fd789432a0efe,1156370800,3,changqiedu.com/jiaoyu1/wap/*
1c66e4715bbfc1c30bb0ee7166b99db1,1156411400,19,zjks.offcn.com/zg/xfgcs*
1c7f5258820bd3b42d883b329fe3adf3,1156320500,30,zjks.offcn.com/zg/xfgcs*
1caf15ce4ad3837670639de62852f3a8,1156130400,3,www.yd119.cn/m/
1d1ba42d2cd88a1519dff4b00af583c1,1156321000,2,www.niceloo.com/yixiao/*
1d470bd3264ec0fe0e102363012d2c29,1156130200,1,www.feiyue119.com/*
1d70e723c3b3588866c5dcaca7d967b6,1156341100,1,www.feiyue119.com/*
1dddc2279f87c9c168403d4e227109a3,1156220100,26,www.yd119.cn/m/
1debe269b0a66c9da35f6b71fd5aa5fc,1156230100,32,www.feiyue119.com/*
1e4235a9c53298b7244280933e968cf1,1156370100,28,yidongm.zzbredu.com/*
1e60f756eba76d650d9d95f8ca68c771,1156130400,3,www.yd119.cn/m/
1f334884f3189fb8bf3ed01e445c612a,1156310000,30,zjks.offcn.com/zg/xfgcs*
1f843c7dec645a5aa4c7a49bdfa088b8,1156411500,25,yidongm.zzbredu.com/*
1f9068b7d61bba8d74ca601bf4704e5a,1156370200,4,www.youluwx.com/*
1f9068b7d61bba8d74ca601bf4704e5a,1156370200,31,zjks.offcn.com/zg/xfgcs*
202a2017e7715a294a58555202525600,1156330400,5,www.youluwx.com/*
208a21661a9aec538adb79974baba698,1156130400,1,www.niceloo.com/tg/xf*
20920176d8c4f2b53564304bf6fa4c2d,1156370500,10,yidongm.zzbredu.com/*
20920176d8c4f2b53564304bf6fa4c2d,1156370500,37,www.yd119.cn/m/
209994a3f808ed24ef376e77cc096ad1,1156220200,25,www.yd119.cn/m/
20d54c780100040bf3942b36a7095b87,1156110000,1,cqiedu.com/xl/xf*
20e9d49303bc772e149dba4ca45744a5,1156370600,9,cqiedu.com/xl/xf*
2115509b17016f80d3b100a805847353,1156411200,15,www.yd119.cn/m/
211c81581c80c2b8fce8b6578ba2842f,1156131000,1,yidongm.zzbredu.com/*
212445c100355d64dbf57aa4d5ed70d7,1156511400,1,www.kaojia119.com/m/*
216604024465384c78f967f8953c5293,1156320300,2,www.youluwx.com/*
217457d71610ad6fdf4bb9047724eece,1156130700,1,bj.hpwxb.com/xf-MB*
21b985e9c3d13a2302aca126ff60d917,1156410100,19,bj.hpwxb.com/xf-MB*
21d5dbaa081facc6466a94fe3a261b1d,1156211300,5,yidongm.zzbredu.com/*
23416a2529411178e976aac15a496539,1156130700,11,www.niceloo.com/tg/xf*
2352fd60263013c24347bb7d194d0ec8,1156130200,1,www.yaomiedu.com/wap.html*
235b0104d81d9ff8e2cb55c4407d3b28,1156511500,7,changqiedu.com/jiaoyu1/wap/*
23d705afd79b4c969158a5f01512e230,1156411100,11,cqiedu.com/xl/xf*
23fcc597282a5ac6c52173f0ee5a71a9,1156371300,7,www.yd119.cn/m/
24120bb21a8334e87840cacc66ab1203,1156371400,1,bj.hpwxb.com/xf-MB*
243b2c6b407bca5acbbb0eb03d32b5dd,1156220100,19,www.feiyue119.com/*
2473ad24f6dcfb96a6c55519e529019b,1156210300,4,changqiedu.com/jiaoyu1/wap/*
24747552603e1cfa4919245b425efb37,1156370400,26,www.yd119.cn/m/
247dc8e88f0aae8fc5bb2ce6d3c28feb,1156130900,18,www.yd119.cn/m/
24956d43e2ed0e9b1dfb9846f950a9ff,1156510500,9,changqiedu.com/jiaoyu1/wap/*
24cb84e94b9078dffc7d22a2044b276f,1156131100,4,zjks.offcn.com/zg/xfgcs*
24d22d0f9a7155c8529472bb3f50e5d8,1156410100,26,www.yd119.cn/m/
24fb1fd7b739f9a90e6b00a23c866166,1156130400,19,www.yd119.cn/m/
250b978f7bebe773e61f3113d3a3824d,1156370700,30,www.yd119.cn/m/
250b978f7bebe773e61f3113d3a3824d,1156370700,2,www.yaomiedu.com/wap.html*
25d0e8fd00f7b2ea26d11b0ed5997065,1156370200,1,www.qddfxfpx.com/*
25f63594020a16982062d426b47af4da,1156370700,1,www.youluwx.com/*
26011c6b06c00589d9c19f931c14f526,1156130700,1,yl.szfilmcenter.com/*
262c218f04c56b4e644cdbd7a0dc9784,1156130100,22,www.yd119.cn/m/
263b8224e95aa27ce297fb436371dc67,1156371300,17,www.yd119.cn/m/
2656902d52c08a3a9abfdad139835ef4,1156130800,1,wap.bangkaojiaoyu.com/xf*
266e48905eb8063732311f1345731e31,1156370700,5,changqiedu.com/jiaoyu1/wap/*
26f28195396973761bdfcc50a447005a,1156130100,21,www.yd119.cn/m/
2742046cc09d3ebb29990f6c8256a41c,1156510500,10,changqiedu.com/jiaoyu1/wap/*
275b6d1879b0ff20c9d0a403c50f8793,1156130600,67,www.niceloo.com/tg/xf*
279756ffbfaf79774c11c41322a40baf,1156440300,1,www.niceloo.com/yixiao/*
27a22be6cc0e0496633958c17ed5de44,1156411500,28,www.feiyue119.com/*
27a22be6cc0e0496633958c17ed5de44,1156411500,6,cqiedu.com/xl/xf*
27b81f0c2d1b88d44ef72835823d77c8,1156511100,1,cqiedu.com/xl/xf*
27f79462b4c09c9e66ce60af431f462b,1156110000,8,changqiedu.com/jiaoyu1/wap/*
2852dccd1ac053540bd15109cb0a2918,1156321300,1,yuzhonglude.guozhengonline.com/*
28a4ebd0d83b594e218e3967c40e166a,1156220600,19,zjks.offcn.com/zg/xfgcs*
28c3a758441c090695fd289a1efc786c,1156130400,7,changqiedu.com/jiaoyu1/wap/*
28e5d9a069d2bc4fc49646a9ce8501d8,1156130400,24,zjks.offcn.com/zg/xfgcs*
29117616b8f1390b9e2e08a1b551bf54,1156131100,33,zjks.offcn.com/zg/xfgcs*
29117616b8f1390b9e2e08a1b551bf54,1156131100,24,www.yd119.cn/m/
29377ca9891bc7056e8da7c355e759af,1156511500,4,www.youluwx.com/*
2971e50bf8655d30564dfd7b38142c33,1156510700,15,yidongm.zzbredu.com/*
2a54b3c37d011afb92e7d18185903d71,1156222400,24,www.feiyue119.com/*
2a54b3c37d011afb92e7d18185903d71,1156222400,8,changqiedu.com/jiaoyu1/wap/*
2b00f4470fe9079026189034d9f9a338,1156210100,3,www.feiyue119.com/*
2b3bd6c7db1f426a339fe1e941c580dd,1156371400,1,lma3.fjbest.net/indexApp.html*
2b68d84330f43b6adb8ab67201eefbaa,1156130800,2,zjks.offcn.com/zg/xfgcs*
2b81d45709ab221d87c6688f6e52e538,1156130100,8,changqiedu.com/jiaoyu1/wap/*
2b9a7c78ba85efcc55eb546cab08300e,1156361000,27,www.feiyue119.com/*
2bb27cbb6e5296ba856216539845e02e,1156130100,3,zjks.offcn.com/zg/xfgcs*
2c1bbaece7270258a4f38b97dccab980,1156410100,18,www.yd119.cn/m/
2c1bbaece7270258a4f38b97dccab980,1156410100,1,lma3.fjbest.net/indexApp.html*
2c6b4bb65e1f60ac6efd6cecb003ebcf,1156320300,1,lma3.fjbest.net/indexApp.html*
2c70aa120e7f28a580d5d7f54c27e489,1156371100,1,www.niceloo.com/yixiao/*
2c8d3567c865bf5e0d88fcd071e7dc9b,1156370200,5,cqiedu.com/xl/xf*
2cc473a0ab0c5c252e19453ad496a728,1156371400,4,www.yd119.cn/m/
2cd8a98461439c311d5b4a90ae659781,1156370200,6,cqiedu.com/xl/xf*
2cd8a98461439c311d5b4a90ae659781,1156370200,8,changqiedu.com/jiaoyu1/wap/*
2ce107997694c19ea15c9db576f11b0c,1156220500,25,www.yd119.cn/m/
2d60bb5ff9c3131223f77d875a196711,1156510700,1,www.niceloo.com/yixiao/*
2e0013040d04c65bc91f1951f043ce11,1156320200,7,www.youluwx.com/*
2e1b78c22e080a95f2108e0a02f56113,1156130700,2,www.niceloo.com/tg/xf*
2e33535aac70ecfd6dbc2e5ff8a32687,1156410100,33,yidongm.zzbredu.com/*
2e731ab4f0ab097e5f786870a86406f4,1156370300,4,cqiedu.com/xl/xf*
2e801e29bd47631eac27449a59059a24,1156110000,1,lma3.fjbest.net/indexApp.html*
2eb8dc4aad68b231158cb99b752d7bec,1156320800,25,yidongm.zzbredu.com/*
2eb8dc4aad68b231158cb99b752d7bec,1156320800,18,www.yd119.cn/m/
2ec9c8d0f7e0f8f3f97e92064c962af1,1156371600,32,yidongm.zzbredu.com/*
2ed96d723d707f9dcae76a222b3ef70d,1156511800,26,www.yd119.cn/m/
2ef0e3f6387d6a623bb5434ac2d13679,1156130700,26,www.feiyue119.com/*
2f2c3d7b58145afb8a5dd89e7edc3cd7,1156130100,23,www.yd119.cn/m/
2f3ec1a2f9dc8408375dd346c124224f,1156370400,3,cqiedu.com/xl/xf*
3013bff2417310fe41c8b9c3bc2ba436,1156511100,22,www.feiyue119.com/*
3051215bab9d27f1343cf418e2e2068c,1156220100,29,www.yd119.cn/m/
3051215bab9d27f1343cf418e2e2068c,1156220100,25,www.feiyue119.com/*
30972f42ce2b6ca61a2986743a1460c6,1156320700,31,www.feiyue119.com/*
3102442bce6db8fbd3c228c2a1feedc9,1156130100,1,www.niceloo.com/tg/xf*
31244a680cebfd4d829b5ef18fa72a34,1156512000,2,www.youluwx.com/*
3149d924dc36280fc7e1156e564c1b77,1156320700,1,www.feiyue119.com/*
319205f103888c3f24f6bd3077036829,1156130700,3,www.youluwx.com/*
31eea3f2a809cdb4cf01220326f1bbb4,1156510100,8,changqiedu.com/jiaoyu1/wap/*
32e74db9c6acaa8d1adae2b6479f1c5e,1156371300,6,changqiedu.com/jiaoyu1/wap/*
32f87fc64d9b5974a651e28da73b0454,1156370900,24,www.feiyue119.com/*
3337e89541fc39378b99013dac16044e,1156510700,9,changqiedu.com/jiaoyu1/wap/*
3379767a76fad1035884f4c7750b8b75,1156210100,2,zjks.offcn.com/zg/xfgcs*
33bc27b2c75619786159468a9a1f68da,1156411500,1,tg.bjgenshuixue.com/webnew.html*
33cd694fc08eca8fd53b72f6696896da,1156130900,1,bj.hpwxb.com/xf-MB*
3436a3d5c569642dd88a00a31a1a1efc,1156510500,3,cqiedu.com/xl/xf*
34730e79cc231a168bc0ac0f06f634c4,1156510100,1,bj.hpwxb.com/xf-MB*
347b5173d31035ca7d2569ba50b3b1e0,1156510100,2,wap.bangkaojiaoyu.com/bjtg/xf/*
3515f400a99952b1b750dd1911bd634a,1156510800,6,cqiedu.com/xl/xf*
357285cbb9c759bef0f3f17c7c1b1502,1156511400,26,www.yd119.cn/m/
3593bc74ed92e8ade3e7c606f99a8676,1156371500,15,www.yd119.cn/m/
35b5370ece2fd2bec5b167a1166a325e,1156371300,1,yidongm.zzbredu.com/*
362debc44680e586125f2ee5907fd70a,1156131100,2,www.youluwx.com/*
36521a4abbadc4c0087c7e064742739f,1156510100,14,yidongm.zzbredu.com/*
36837c7adc748a100ad87a1e11fbae20,1156511400,25,www.yd119.cn/m/
3686119e7dae85310420eada5977c61c,1156320200,8,changqiedu.com/jiaoyu1/wap/*
368a88411863adbfac6423eef801f5b8,1156370700,3,www.niceloo.com/yixiao/*
36a51dab63c383650b7924ad14022caa,1156370400,14,zjks.offcn.com/zg/xfgcs*
36cc698043eada89263bd9b0752f34d6,1156130700,33,zjks.offcn.com/zg/xfgcs*
36fa61f4973a620f480ee2949115f710,1156320700,20,www.youluwx.com/*
3774e3f48ead0aa716dd93e2a207cc78,1156330100,1,www.yd119.cn/m/
3774e3f48ead0aa716dd93e2a207cc78,1156330100,1,www.niceloo.com/tg/xf*
37c62de643ea02b15ea8a10a59765a63,1156370500,8,changqiedu.com/jiaoyu1/wap/*
3810ebdd93dd41cbc5438180f94b6753,1156511700,6,wap.bangkaojiaoyu.com/bjtg/xf/*
38542133fe047b65e7f0e8df34734afa,1156510400,4,wap.bangkaojiaoyu.com/bjtg/xf/*
387557d964b3dee5041073e17c4cb6d0,1156130600,1,www.youluwx.com/*
38bb3f3dc1721a7b540be1d2f1463d96,1156321100,4,www.youluwx.com/*
38dc60c9c23ce0af0bd5e555a018424c,1156410100,1,www.youluwx.com/*
39346639435483f99cd3ba5f119549ad,1156370400,11,www.youluwx.com/*
3966ef9ddb630faaa845d444d86d5379,1156370600,1,www.feiyue119.com/*
396f04df56f5333ec786db94f57b39f5,1156210200,6,www.feiyue119.com/*
397cfee1c6e299822eb26598b50876df,1156330500,1,www.youluwx.com/*
39ddaa475f3be81ec95c174d5a6d3b7a,1156220100,3,www.niceloo.com/yixiao/*
39e43ed4e90ee66075878a0918cd2411,1156210100,4,www.yd119.cn/m/
3a34542b3cdcbe37faf1f481402407a4,1156370200,4,www.xiyahongedu.com/*
3a6d92dcbe84f483405d8c7c1cb67077,1156370200,9,www.youluwx.com/*
3a82bde65706862927903231dbbd9ec8,1156510100,13,www.youluwx.com/*
3b019313181dd7df180737ffa4607828,1156411200,26,zjks.offcn.com/zg/xfgcs*
3b7b9bb7aba3102b5d7f1cb63f57548c,1156130200,1,wap.bangkaojiaoyu.com/xf*
3c6025dd20e4fde87594b6270c165357,1156513300,8,changqiedu.com/jiaoyu1/wap/*
3c700ce73472fa0c49766b56a2e373f6,1156510100,33,yidongm.zzbredu.com/*
3ce44a0402e67c685ec867dc5ab26a95,1156321300,28,www.feiyue119.com/*
3d9d4fcaa7ebf2ebba7977f132915816,1156131100,21,www.yd119.cn/m/
3db3e729409a7111a62ae01ef8ec1ff2,1156130100,62,www.niceloo.com/tg/xf*
3db3e729409a7111a62ae01ef8ec1ff2,1156130100,24,www.feiyue119.com/*
3e12b5ec55a8df3369e0f81281d151c2,1156130100,18,yidongm.zzbredu.com/*
3eb8a71431ac2a5e6cb770c8f321891d,1156320900,3,www.qddfxfpx.com/*
3eed23ce3621e0e6af12126e5999131b,1156510900,13,www.youluwx.com/*
3f04719f4d6cbe5b7a36f9d7a4be7a73,1156130600,1,cqiedu.com/xl/xf*
3f93564a346a8998dacbfc963fa1cd4e,1156130200,18,www.yd119.cn/m/
3fe87cf931ce65de6ddc695861bf6143,1156512000,7,www.youluwx.com/*
40386ef09bec91f7a7277aab17a6f0be,1156310000,1,yidongm.zzbredu.com/*
40a1083970042e88f9526a7412d29fb8,1156130100,5,bj.hpwxb.com/xf-MB*
40c4ef866f3b011b65bd75169480cd3b,1156130900,24,www.feiyue119.com/*
40f8418237b980ae399d5eb6d46666ed,1156510700,5,cqiedu.com/xl/xf*
416dde531f32e13e661feb0c7b979c05,1156130200,2,bj.hpwxb.com/xf-MB*
416f95892bc043e7b9d22a08d011b72a,1156370800,4,changqiedu.com/jiaoyu1/wap/*
41748ebcbe4635623be543da543a064c,1156370800,1,changqiedu.com/jiaoyu1/wap/*
418571ee5b2b5ee2cb5e590dac40a123,1156510600,8,changqiedu.com/jiaoyu1/wap/*
4268691ca5e4dcab63952bc1af74f9b0,1156210200,5,www.yd119.cn/m/
432daa0c4e4129f80f7df6b4f590ed5d,1156410100,2,www.niceloo.com/yixiao/*
432daa0c4e4129f80f7df6b4f590ed5d,1156410100,52,jy08.yanganzixun.com/xfpc/*
43331c62ca4f45bed2458b363949b3b0,1156411700,29,www.niceloo.com/yixiao/*
43760bba6aa23b65095cc88d7ad15f4b,1156511900,2,www.youluwx.com/*
4393d15afa107b977eb1573e814046ed,1156131100,4,www.youluwx.com/*
4393d15afa107b977eb1573e814046ed,1156131100,25,yidongm.zzbredu.com/*
43d77cf1ddf3e07f4193da181ca86af3,1156440100,4,wap.bangkaojiaoyu.com/bjtg/xf/*
4442681de8335b0d7584bd2a5b5cab7b,1156210100,4,www.yd119.cn/m/
4442681de8335b0d7584bd2a5b5cab7b,1156210100,4,changqiedu.com/jiaoyu1/wap/*
445eaec9813136b95b3481a03eaa91b2,1156130100,1,www.youluwx.com/*
44efd3752244400d25ca53d975e16604,1156130400,5,changqiedu.com/jiaoyu1/wap/*
44fe10802f25788cf20569f67b300d43,1156440300,4,cqiedu.com/xl/xf*
45126c6264850f0272ef6c5f6a335dcb,1156371100,22,www.yd119.cn/m/
4518574e0f6f2f401e71b1f4b454c84e,1156130400,9,www.youluwx.com/*
45394e781dbb50a17d686487a1fb88f4,1156130900,20,www.kaojia119.com/m/*
45c78894775f26610865e83e5d1e4c98,1156510700,1,www.yaomiedu.com/wap.html*
45e3d73ca0d16cf394241c7e7789e238,1156510500,27,yidongm.zzbredu.com/*
45e3d73ca0d16cf394241c7e7789e238,1156510500,8,changqiedu.com/jiaoyu1/wap/*
464b2e5bf04a22d7567b594e29148e23,1156371300,21,www.yd119.cn/m/
464b2e5bf04a22d7567b594e29148e23,1156371300,2,cqiedu.com/xl/xf*
468d7697d46e4416bce8d1361a157daa,1156510100,20,www.yd119.cn/m/
46babbd77c26d4f31f800d990cb7a0c8,1156500000,7,www.niceloo.com/tg/xf*
46e6bcab4ad98951ee139a64590b7246,1156410300,8,changqiedu.com/jiaoyu1/wap/*
4721bdd42afbe23b1c89db2ae9e50774,1156371100,4,yuzhonglude.guozhengonline.com/*
4788d67134cf12a1ee4af668d94afcf4,1156370100,2,www.youluwx.com/*
47ac75172754a609427e4ba27f83f2ec,1156130100,66,www.niceloo.com/tg/xf*
47b825c2f5c2523aa088eb81b3270b3a,1156510100,9,changqiedu.com/jiaoyu1/wap/*
47c7b28bd22e9961f125a520bd3fa8f8,1156510100,7,changqiedu.com/jiaoyu1/wap/*
47d76773743b590e83cfd1a422d9358d,1156310000,4,www.youluwx.com/*
47ebbc546a3352fa564167527f1fd55b,1156370900,29,yidongm.zzbredu.com/*
47ebbc546a3352fa564167527f1fd55b,1156370900,26,www.yd119.cn/m/
47efb465b309aa9b701b8696b10bb925,1156310000,18,yidongm.zzbredu.com/*
48167d5e6faf8fa98f2284dd7a91ad53,1156130200,1,www.yaomiedu.com/wap.html*
483aaa51b6d49647a0442b3517a851f1,1156370100,30,zjks.offcn.com/zg/xfgcs*
483aaa51b6d49647a0442b3517a851f1,1156370100,18,www.yd119.cn/m/
48a55862242591564aea2358e4610a35,1156370200,8,changqiedu.com/jiaoyu1/wap/*
48b21d5d58a5fb2041c92aab37442292,1156370100,25,zjks.offcn.com/zg/xfgcs*
494c3bfd4e0105c59df7f665dde49954,1156370800,27,www.feiyue119.com/*
499a8b665437029f02ece19f1ceeba71,1156130200,7,changqiedu.com/jiaoyu1/wap/*
49cbf9ab8e66e9ef1be6914d5ee07851,1156220200,35,zjks.offcn.com/zg/xfgcs*
49e6956091e4c5d9723a9acaed0dce52,1156511500,8,changqiedu.com/jiaoyu1/wap/*
49e91314531117cfb75d37048689806c,1156410400,1,www.yaomiedu.com/wap.html*
49e91314531117cfb75d37048689806c,1156410400,6,cqiedu.com/xl/xf*
4a17f7e6dc9b8f11e0297cfc4351772e,1156371700,3,www.niceloo.com/yixiao/*
4a1f4e66d8c394c16f67c1a03769b2d3,1156510100,6,cqiedu.com/xl/xf*
4aad375c954907da44552a138a07753c,1156511400,1,www.yaomiedu.com/wap.html*
4aad375c954907da44552a138a07753c,1156511400,8,changqiedu.com/jiaoyu1/wap/*
4aae33cc99051aac5d0e5a84fc9113e6,1156371500,34,zjks.offcn.com/zg/xfgcs*
4b3021e0a993dfca944d0b6edbb53c9d,1156510600,41,jy08.yanganzixun.com/xfpc/*
4b3dc392d3f00696edf903285c4a3ec1,1156360400,7,yidongm.zzbredu.com/*
4b47a073cc2827ea31697270590316db,1156371300,52,www.feiyue119.com/*
4b6c6b78545bc3d9ddaea5ba7767b4d5,1156130300,3,changqiedu.com/jiaoyu1/wap/*
4b7f875f461e2ebdca6e189bbd278bb9,1156320900,43,jy08.yanganzixun.com/xfpc/*
4cacb4c9d8cff73563a0330a5efaca05,1156371700,1,yl.szfilmcenter.com/*
4d1e9e511b4ebb753d411ec5acdb5ca0,1156510100,6,cqiedu.com/xl/xf*
4d2eea38c82fe08b8717488f15b46bbb,1156371300,22,www.youluwx.com/*
4d980456632b66d3b4523a6bc1231f8a,1156130600,4,www.niceloo.com/yixiao/*
4dfec49cec0cdbc0f59486998bf7ec9d,1156511300,1,yidongm.zzbredu.com/*
4e087908b9a6581ef476b698d230957a,1156510300,2,cqiedu.com/xl/xf*
4f5260f409521e20342fdb6518b23b07,1156510300,33,yidongm.zzbredu.com/*
4f6459948100e24a478cb30461ae5cf6,1156510100,6,cqiedu.com/xl/xf*
4fea276beee4df2bd5cc60ddcaba5d1a,1156370200,27,yidongm.zzbredu.com/*
508a070122cb629129d4decacc5fa855,1156220100,27,zjks.offcn.com/zg/xfgcs*
5091b0c736541589cf62647e0face191,1156130300,34,zjks.offcn.com/zg/xfgcs*
50f752945ae03c3cfc02bc0a4bf33516,1156370600,2,cqiedu.com/xl/xf*
511efc9eb7a31090e2b542e618dbf6fb,1156370500,5,cqiedu.com/xl/xf*
512f3aad19dd2a4d2c396e04ff1c5597,1156130100,1,www.kaojia119.com/m/*
51553c720510c2e7373110316073b348,1156511300,9,changqiedu.com/jiaoyu1/wap/*
5191402e582266f60d1a1671d4da6fee,1156371400,7,yidongm.zzbredu.com/*
51db3813d675ac7412f921c744900640,1156130700,19,zjks.offcn.com/zg/xfgcs*
5307b8fa7cee378a0e554208084dcb09,1156130100,19,zjks.offcn.com/zg/xfgcs*
536a5d857cfcc2addd7caf2ba4b90e67,1156411400,32,www.youluwx.com/*
5382ff2664374d24d7191e7c5678bbd4,1156370100,25,yidongm.zzbredu.com/*
53c6f554a10a459989c6b0547d5cc3ea,1156371000,32,yidongm.zzbredu.com/*
53ede81bb95cfed28e747734b7d0b41f,1156131000,2,www.youluwx.com/*
5415645c190a6780e574b8e833d1ebee,1156511700,5,www.youluwx.com/*
54199b2e9e0fa25493001ce748dec567,1156370600,1,www.feiyue119.com/*
543bcd0dd615d7d4fe4802a152a72e1a,1156510100,7,www.youluwx.com/*
54a2350a989609bd0a8c20cfd8387ae5,1156371000,1,www.qddfxfpx.com/*
54ff7b75425075bb5762380c9803b72b,1156512000,4,cqiedu.com/xl/xf*
551c3a48e47c3d80584531054425dd8f,1156371400,26,www.yd119.cn/m/
55ccd6fa314ae933e7778a348c17653b,1156321200,2,www.youluwx.com/*
55e1fb0e2a7d4977a339cf049ad8b64e,1156320200,1,www.yaomiedu.com/wap.html*
562e04befc2465ce6caab2e5be898a8e,1156222400,29,zjks.offcn.com/zg/xfgcs*
568213a00cf2d9a33bab989877933ba2,1156341300,38,www.feiyue119.com/*
56d9ce5aafa3eaf83781e4ac58bf17b4,1156130100,1,www.niceloo.com/yixiao/*
56da509db740036f6299b718bfd7e057,1156370900,20,www.feiyue119.com/*
56e7d65d9baec8704f51b3cbbe630009,1156371600,3,www.youluwx.com/*
575ef8585c7e7d0b43cd6a8f8d668a6b,1156220100,248,jy08.yanganzixun.com/xfpc/*
5787c128a1257834ef72078ead3def8e,1156511400,3,www.youluwx.com/*
57ecfba591212c1113cad67c10bc333f,1156370200,5,cqiedu.com/xl/xf*
5815e5b714db82ae09eaa299c2a86153,1156510100,6,www.youluwx.com/*
587255fd3a9e48a1ff85ed7d8b7ef856,1156370500,1,wap.bangkaojiaoyu.com/xf*
58a70de38899089fee093c71b986c826,1156371500,22,www.youluwx.com/*
58aa1950cdecfbab365b4239d832736e,1156211100,4,www.yd119.cn/m/
58ade18c19ca38d83313d1dee53f5240,1156510900,1,www.niceloo.com/yixiao/*
58b337c740aa27a99fc3ced454500042,1156510600,6,cqiedu.com/xl/xf*
58d65c18620d18f47303bba424a269e6,1156371300,26,www.qddfxfpx.com/*
59acf04723dd6d75b54a2ac3f9d27408,1156410100,21,www.yd119.cn/m/
59b38fd4b7bdc6455bdf987d628e7782,1156340100,2,yidongm.zzbredu.com/*
59c4454856c13d88ec0d09edb0700be1,1156370500,4,www.jhwx.cn/zt/m_xfgc/*
59d61abbff2cbbe2cfe0a98d9b54f83a,1156510100,6,cqiedu.com/xl/xf*
59f5fb3deaef891546bd497f8444f1b5,1156370200,8,zjks.offcn.com/zg/xfgcs*
5ad2fa1b7d5de13db5bd7ec5c547fd9e,1156513200,1,yl.szfilmcenter.com/*
5b4374c8842d9d0543eca8d5f4f7ccc5,1156220100,33,yidongm.zzbredu.com/*
5b4374c8842d9d0543eca8d5f4f7ccc5,1156220100,8,changqiedu.com/jiaoyu1/wap/*
5bbda4e44a0325d4b8a5be4614f539d0,1156130400,3,www.youluwx.com/*
5bc27572e73fbeeb61e64ed81657d403,1156130700,60,www.niceloo.com/tg/xf*
5be3009fcc2cf4712ce002fe29e34212,1156511600,1,www.niceloo.com/yixiao/*
5bf291aad9b2ca8aa5e02dedcbfe855c,1156130100,2,yuzhonglude.guozhengonline.com/*
5c2e77990b01fb95ef4ea77dcf1093e9,1156320100,28,yidongm.zzbredu.com/*
5c571fa339991d1eb9faa5e83f0fdc55,1156370300,30,yidongm.zzbredu.com/*
5c6c98fe76bc80637980cf28e00c04a4,1156130100,65,www.niceloo.com/tg/xf*
5c73e93e6ece3e328a27560f7c245d57,1156510500,1,lma3.fjbest.net/indexApp.html*
5ce88117dbf7f3aee746c062d563b3d9,1156210100,1,zjks.offcn.com/zg/xfgcs*
5d02b9de84edeffa6213d71c8e660466,1156110000,5,cqiedu.com/xl/xf*
5d21aa2f334e724fb0dd3c88facc9d0c,1156370200,4,bj.hpwxb.com/xf-MB*
5d4785e82876388089eeb3e1e41217fb,1156370500,1,www.niceloo.com/yixiao/*
5d5cf3e8d183a2e3aaf7d760089f5dd1,1156350100,7,changqiedu.com/jiaoyu1/wap/*
5db01b3356a8b427a34cf33b9ddc9733,1156220700,2,www.yd119.cn/m/
5db33afeaf52efc219b4e8b2ab67b813,1156130700,32,zjks.offcn.com/zg/xfgcs*
5ddf422180fd1b59b1d889999790adae,1156210200,6,www.youluwx.com/*
5e46f45a2d4e118f7b426d4ed584ef11,1156510100,14,www.yd119.cn/m/
5e4e09d99a5ce4962103cad081c9880a,1156130700,6,www.youluwx.com/*
5eb2a172e41dde574ed493932b417228,1156370700,1,www.youluwx.com/*
5ef493a964c65cff895470e573709aa9,1156510400,28,www.feiyue119.com/*
5f7b6f8ae048c486dd7774f03807a973,1156220200,4,www.youluwx.com/*
5f86835532c44ffb52cdf436694dd639,1156511300,1,www.niceloo.com/yixiao/*
5fcb97617b3536bf497786b1032fd27e,1156130100,24,zjks.offcn.com/zg/xfgcs*
5fdb153d3092f2b1825a6c06f0f395fd,1156370500,1,yidongm.zzbredu.com/*
5fec1407bcfcc322488d7d4a9ce9f186,1156411600,25,www.youluwx.com/*
6037d0ad07d1ca3d658e7a380adc0da6,1156330700,3,www.niceloo.com/yixiao/*
60476dedb419e9cecb71c2286405db19,1156130900,30,bj.hpwxb.com/xf-MB*
606140ad49e50b0984a54b2c09c3d1aa,1156220100,21,www.yd119.cn/m/
607963ea611faec6ff473ccdd8ee068f,1156210100,6,www.youluwx.com/*
6079874b1be567f0f059771f9bad8e4a,1156130600,1,www.yd119.cn/m/
60ef09a472ea9b941701e4337e2cc401,1156511500,1,www.youluwx.com/*
61028a4de9b810c4d9558469e106becb,1156411700,1,yl.szfilmcenter.com/*
6119531b68f3679596b0ab5326c4eacf,1156510100,16,yidongm.zzbredu.com/*
61375037133bc8cb5da21db8043eee8d,1156511900,20,changqiedu.com/jiaoyu1/wap/*
615e9dfbc708822bb02c5b9c544b7283,1156411300,9,changqiedu.com/jiaoyu1/wap/*
617812d38f29eb965816408b3298e28b,1156500000,8,changqiedu.com/jiaoyu1/wap/*
617eb0aca9af94f87a6a0a6167574772,1156210200,6,zjks.offcn.com/zg/xfgcs*
617eb0aca9af94f87a6a0a6167574772,1156210200,6,www.feiyue119.com/*
6206ef9ca420345b59bf1c414402453e,1156130600,17,www.youluwx.com/*
621e8f051dbd5e00a7d8e57fce3ec16f,1156510500,26,www.yd119.cn/m/
6255e3e793b4678e3d41e22e97fdb0c6,1156510500,26,www.yd119.cn/m/
63158afcb00d5b8114f2374420a1277a,1156370100,3,wap.bangkaojiaoyu.com/bjtg/xf/*
63876a154024ddb5f99c30efc4010c24,1156130700,4,zjks.offcn.com/zg/xfgcs*
639716ae6540031ab20d7d145024e196,1156130300,26,www.yd119.cn/m/
6414de38b52bc89bfc445f975fd713ea,1156130100,2,www.niceloo.com/tg/xf*
642be307591d574ed164054625d12483,1156411700,1,wap.bangkaojiaoyu.com/xf*
645497ae28ebc7b7fb27952971dfdb88,1156431200,1,yidongm.zzbredu.com/*
6457950d1b1cd1e5903b3594d4527c8a,1156320800,1,bj.hpwxb.com/xf-MB*
6474c2ae0f566e7f319bc68a2c6e3d65,1156511600,26,www.yd119.cn/m/
647c9213752e40a3fc4ff22bc4950fd7,1156310000,31,www.feiyue119.com/*
64972f536d012166d80a949ba0ed1567,1156510100,2,cqiedu.com/xl/xf*
64dedb3368aa814c7bfb105399a54434,1156321000,4,www.yd119.cn/m/
64e7109e2e77695621c4bc9177aa5036,1156510900,10,www.feiyue119.com/*
655bc6ba5b46752681ade7cb22ac4170,1156410100,7,changqiedu.com/jiaoyu1/wap/*
657533fece88f57f99775c64427d3f60,1156370600,1,www.youluwx.com/*
65e253f58dd1fcf4ceb204c37663bc45,1156220100,33,yidongm.zzbredu.com/*
65efb5c0903b8b2e74f0b752f3ef8697,1156211200,6,www.yd119.cn/m/
66001b176e07b72a666270b1c216f15a,1156371400,2,www.youluwx.com/*
66001b176e07b72a666270b1c216f15a,1156371400,7,cqiedu.com/xl/xf*
66025b8b96d663a8e90c558c2d79427a,1156220100,8,changqiedu.com/jiaoyu1/wap/*
66485df427cbc0a183787755021de4cc,1156371000,3,changqiedu.com/jiaoyu1/wap/*
6659efbddec3d7e29cdaafb88b662007,1156500000,4,www.niceloo.com/yixiao/*
66625ac93343fa2a6a1dbd5ed9b72302,1156130100,7,changqiedu.com/jiaoyu1/wap/*
668fd4e6c712ffd58d72f56fefc77136,1156510100,4,www.youluwx.com/*
66a7254af0b15ff3788b1cc31931e1d1,1156130700,13,www.youluwx.com/*
66f7fee7ec401c26852db7b0b4711805,1156410100,1,th.adumm.com/XFM6/*
671dd89077139d602f10a01f672d75e4,1156410100,19,www.jhwx.cn/zt/m_xfgc/*
674f6659ff15caa04f3e4ce7b97c58c6,1156410500,20,th.adumm.com/XFM6/*
67f6e5bd0c3b5037c8a9bc25af97f603,1156410100,39,xfgcs.krs119.com/m/*
67f6e5bd0c3b5037c8a9bc25af97f603,1156410100,28,www.feiyue119.com/*
6863cd87dcdff40abc08a403bc04505c,1156510300,5,cqiedu.com/xl/xf*
68858c3f08508c20e8bf3dfa964df0da,1156140100,2,www.yaomiedu.com/wap.html*
68c1af736f4d7de06137efba503b027e,1156131100,63,www.niceloo.com/tg/xf*
68e0ae1747f31cfcbfb60c4c6c5d4cec,1156320100,1,yidongm.zzbredu.com/*
691c861cb8803d595f47a61a424ebe49,1156510100,31,www.feiyue119.com/*
696fc4473acf01a0cf848337495abd18,1156510500,1,cqiedu.com/xl/xf*
69a2120d5c1120929ce0aa6d63025ffb,1156410300,25,www.jhwx.cn/zt/m_xfgc/*
69e45531d870c1e4d89e95cd3ae5945a,1156511300,7,changqiedu.com/jiaoyu1/wap/*
6a316d8f586098f139b0818511e87e08,1156410100,7,cqiedu.com/xl/xf*
6a436a8518d435ffcbf96f365d5a2cec,1156130300,8,www.niceloo.com/tg/xf*
6a4c7dee5140ef804e446fdf561e804e,1156510100,5,wap.bangkaojiaoyu.com/bjtg/xf/*
6a60cd361efe9e054cd650ff4bdb0f8a,1156370100,30,www.feiyue119.com/*
6a6e6d63d8e5b70fa6cdf6dddb40a109,1156510900,28,yidongm.zzbredu.com/*
6a6e6d63d8e5b70fa6cdf6dddb40a109,1156510900,6,changqiedu.com/jiaoyu1/wap/*
6a83fb5973b29294cfe57acd6655a4b3,1156130700,3,www.niceloo.com/yixiao/*
6b68be972df5ed868242bff5e05dc7f6,1156220100,1,www.feiyue119.com/*
6baa3b4d7499adc8e00667be55bf2163,1156370200,20,www.yd119.cn/m/
6c9a03671fa5158e1a6066200bf4d6b4,1156371400,25,yidongm.zzbredu.com/*
6c9a03671fa5158e1a6066200bf4d6b4,1156371400,1,lma3.fjbest.net/indexApp.html*
6cc4171a3ab774d8e750dcc7d8539eeb,1156371600,3,cqiedu.com/xl/xf*
6cc5137885da3b7dd2208d190db885e7,1156130500,1,www.youluwx.com/*
6ce40497e29fc5a8bbe5bbd99181465b,1156371300,28,yidongm.zzbredu.com/*
6d144a10c881998752c9c6b06730e1ad,1156510100,1,www.youluwx.com/*
6d4c94ae7e926c258efa9a96543f0c20,1156370700,23,www.feiyue119.com/*
6d717149236795d78181d187f71d458c,1156210900,4,changqiedu.com/jiaoyu1/wap/*
6d7311107324077ea87e7336b41fa102,1156210800,2,www.youluwx.com/*
6d9306655e01d9ca42c26f73aa7daa37,1156371500,4,www.youluwx.com/*
6dc6efd4cdfad489944ddd349113914b,1156371600,2,www.youluwx.com/*
6e28f0df6a766f715fc568e6196089eb,1156410100,8,cqiedu.com/xl/xf*
6e59eaa61877f19f7bc5e0cbec8d5642,1156220100,2,cqiedu.com/xl/xf*
6e7fa194896572a0be7fe43f38d28434,1156130700,1,www.youluwx.com/*
6e7fa194896572a0be7fe43f38d28434,1156130700,7,changqiedu.com/jiaoyu1/wap/*
6e818dd081488dde7eee9cd6e74e82de,1156650100,5,zjks.offcn.com/zg/xfgcs*
6edb1d9de8c73685dc0064941d5a71a2,1156522700,2,www.yd119.cn/m/
6f0161e505bffbc30a24f38069911ab3,1156130600,5,wap.bangkaojiaoyu.com/bjtg/xf/*
6f1ca3454f39e7c69580549d46f85dab,1156410100,27,www.feiyue119.com/*
6f4cb76075930159614dcb3a0f42e737,1156411100,7,changqiedu.com/jiaoyu1/wap/*
6f7196912896ac3ffa9ea188db96a99e,1156371000,1,yidongm.zzbredu.com/*
6fc6942c79dcc210ed15250d3095a781,1156510100,4,yl.szfilmcenter.com/*
700e387e41d0cd5377315c1eb1ccd637,1156371700,4,www.feiyue119.com/*
7045311adcef5a3131f4195800f8e468,1156370200,7,www.feiyue119.com/*
711320cbcdaebdd6dff344ad49bb5114,1156522400,8,changqiedu.com/jiaoyu1/wap/*
7132c5415dd06664ee04eb5ee80acfa8,1156131000,66,www.niceloo.com/tg/xf*
716a761340315871027b4057694ac654,1156370100,1,yidongm.zzbredu.com/*
7194f13906d45b4019c32512f17c2d14,1156370100,7,cqiedu.com/xl/xf*
725c9ce5cb84136adb4b7e7b8beadf57,1156320100,69,www.niceloo.com/tg/xf*
72b0af85c0e39363ececb7bed87c5989,1156130200,23,zjks.offcn.com/zg/xfgcs*
72bab6eb2c597653be19cd730a236922,1156511800,26,www.feiyue119.com/*
73245dd31d289f59b81c1052e4e83385,1156211400,1,lma3.fjbest.net/indexApp.html*
73367666f24710ff6077dbbcb27bbd87,1156130400,3,www.niceloo.com/tg/xf*
73367666f24710ff6077dbbcb27bbd87,1156130400,3,www.feiyue119.com/*
74b4df48260ba84e67c879b50fa020e7,1156131000,6,www.qddfxfpx.com/*
74d641111d4c8652b7552e9bf0b33e05,1156320900,34,www.feiyue119.com/*
74d641111d4c8652b7552e9bf0b33e05,1156320900,9,changqiedu.com/jiaoyu1/wap/*
7507d9341be4e99b78240c47cf4c17a0,1156513400,28,yidongm.zzbredu.com/*
751d31b4080f35a7c12c8cf16623a1f3,1156131100,3,www.niceloo.com/tg/xf*
7582b47273067ec6cdc94c26c9e363e0,1156130200,1,www.yaomiedu.com/wap.html*
75b60e0cb049a6bf2eb84addf77bc814,1156371300,8,changqiedu.com/jiaoyu1/wap/*
75e65b016931f693bbf3799a67113575,1156511500,14,www.youluwx.com/*
76109192c8a8f3aa01af989a02d6aebf,1156511800,9,www.yd119.cn/m/
76581e99e21198dda58d2065393c8d76,1156370600,4,www.youluwx.com/*
765e295696c17ec5974cd7c385a19987,1156511100,4,www.youluwx.com/*
76851322a9a23bb11bb6fbbac3f722ff,1156130100,3,www.yd119.cn/m/
7743954028e24036492c99559dcf23c0,1156371300,3,www.niceloo.com/yixiao/*
7743954028e24036492c99559dcf23c0,1156371300,2,changqiedu.com/jiaoyu1/wap/*
7769c8e547e217a784fae9c171d49e98,1156410800,8,changqiedu.com/jiaoyu1/wap/*
77b4f54586a59db9a0ee9f5062274741,1156511500,20,www.yd119.cn/m/
786eed58cca048c4c160189fa638d37e,1156130700,2,www.jhwx.cn/zt/m_xfgc/*
78add676c51af28e02dac7124e4d66a6,1156511000,33,yidongm.zzbredu.com/*
78add676c51af28e02dac7124e4d66a6,1156511000,4,cqiedu.com/xl/xf*
78add676c51af28e02dac7124e4d66a6,1156511000,8,changqiedu.com/jiaoyu1/wap/*
7960f56abd3ef4011c52cf634b1f5d2f,1156130200,3,www.niceloo.com/tg/xf*
79b35f36fd780b7995021da7e2fc50cf,1156220200,28,yidongm.zzbredu.com/*
79c638fed267bd06831dc75bded4cfe6,1156371300,26,www.yd119.cn/m/
79f2d82471b1db6162542dee202c97d9,1156511600,4,www.youluwx.com/*
79ff034c8483c33755f407943945d096,1156510500,1,lma3.fjbest.net/indexApp.html*
7a294b1993bb909284dd359af6b2effb,1156320500,2,www.niceloo.com/yixiao/*
7a2e9dbdc2871536548683354e9f3d88,1156513400,6,cqiedu.com/xl/xf*
7a349e224ced8a6122b8963be2190bdb,1156371300,1,lma3.fjbest.net/indexApp.html*
7a349e224ced8a6122b8963be2190bdb,1156371300,12,cqiedu.com/xl/xf*
7a9c82fc0953fe47bf5922903237957a,1156131000,25,www.feiyue119.com/*
7abdeebcabdc3cf8eb13ed13aff1a941,1156510700,4,www.youluwx.com/*
7ad4a7b66a6cdaf22cc1cd6cd9f74fc2,1156130100,26,www.feiyue119.com/*
7af8eb0e5215d214be60f588413205c5,1156130700,16,www.yd119.cn/m/
7afc1f0e3f12fad030e4fbdda6e5818a,1156130100,54,www.niceloo.com/tg/xf*
7b176c2d43cbc46fbb234429d1b7ff75,1156511100,1,www.youluwx.com/*
7b626e0a573b1f3d131d19ec31340196,1156510700,5,changqiedu.com/jiaoyu1/wap/*
7b789b7fd771fc1ddacf769531f9d4ab,1156511700,4,www.youluwx.com/*
7b884ce4ee1b815a6bf112646a7442ab,1156320500,6,changqiedu.com/jiaoyu1/wap/*
7c4b6c11e94fed543db3b5dad3a8ce46,1156371500,1,www.niceloo.com/yixiao/*
7cbe991942782eb6ff9f476c1e2c7ca3,1156130500,1,www.feiyue119.com/*
7cd2fe15ecd0adbe7604af54725912b5,1156310000,27,www.feiyue119.com/*
7d18f96e32d84970b263d745a8d09d2e,1156411300,22,www.feiyue119.com/*
7d44f3955532729ad018e672d54c01ea,1156320600,62,www.niceloo.com/tg/xf*
7d738f1cc45d5234639dc9366e9b8e8a,1156370700,17,www.yd119.cn/m/
7d9a5e9b8b49a755e6eabdb6d16b3f09,1156321000,3,www.youluwx.com/*
7ddabb57edc7eb0e9ff6de158f6b291b,1156222400,1,lma3.fjbest.net/indexApp.html*
7de052d0717f2c2714c288423ba95bca,1156510100,1,www.youluwx.com/*
7ed9a045ed9032c3286a4fac5f8e9dbe,1156130100,1,www.feiyue119.com/*
7ee06ceacce4291e8c956ce5c9793c9c,1156511100,20,www.yd119.cn/m/
7f0aa20d58a538975c036df00cd7f7eb,1156511600,1,www.youluwx.com/*
7f93e6e92cce6b3e40e12f56b4ccb3fc,1156210800,2,zjks.offcn.com/zg/xfgcs*
8004cef9ce8edfc6afc8b6e0be4a4664,1156510100,3,changqiedu.com/jiaoyu1/wap/*
800be6d555bd24475b5c343ede0747e2,1156511900,6,wap.bangkaojiaoyu.com/bjtg/xf/*
805929fa410c40701315989b009f3aae,1156370700,27,www.feiyue119.com/*
808d8b35a615c4280d2c0da6d2dfd486,1156130200,24,www.yd119.cn/m/
819de91cf21cbe7357d22f6bfcfaa88e,1156210200,4,www.feiyue119.com/*
81d9bd93a0d3973f10073c67bd1c370e,1156410300,2,cqiedu.com/xl/xf*
8224ed70bcec0b71db4b7bd96c1f87dc,1156510100,2,www.youluwx.com/*
8386a7f68524e30aa2bdd7006c167b8b,1156410200,20,www.feiyue119.com/*
8386a7f68524e30aa2bdd7006c167b8b,1156410200,2,cqiedu.com/xl/xf*
839f13c60fd9ae71da976a25fa1be238,1156511800,1,www.kaojia119.com/m/*
83b087df9f97e5f1199822818b1c07ca,1156320100,1,changqiedu.com/jiaoyu1/wap/*
83c3c9dd433902b4ca1ca0e62998023b,1156371100,25,www.yd119.cn/m/
83d3bff5200f1fe7cb14ed6d645357b6,1156371000,1,lma3.fjbest.net/indexApp.html*
8421ad4fbea624f741f7b126d2e00174,1156320800,2,wap.bangkaojiaoyu.com/bjtg/xf/*
84b795f380532b237d5116d5b040451f,1156410100,8,changqiedu.com/jiaoyu1/wap/*
85039757a74d2faf37b15e530e544040,1156130900,3,www.niceloo.com/tg/xf*
8513e56c2ce04e25677bb3585e4166eb,1156610100,51,bj.hpwxb.com/xf-MB*
852858b33d3d797b88fafb9a3db1011e,1156510300,8,changqiedu.com/jiaoyu1/wap/*
856315111f93900e8401ad1916fbfa25,1156371000,1,www.kaojia119.com/m/*
8583a0a3a1c0dfe40785bec584ba7136,1156371100,21,www.yd119.cn/m/
85b69d748181e36a66153cacdbf1098e,1156130600,1,www.niceloo.com/yixiao/*
865fdf8d8cb138daddcae56bbf80a4b2,1156150400,1,www.youluwx.com/*
86a57583acc47e1532c1fde6a0fd254d,1156510500,16,yidongm.zzbredu.com/*
86ecfbcf78974b94a4be6301b2da872d,1156220100,6,wap.bangkaojiaoyu.com/bjtg/xf/*
86edee84fa32aa2f8210eaa886a3450c,1156371500,31,yidongm.zzbredu.com/*
874e38d9f49c52286cae442a4e46cd5e,1156130200,1,www.youluwx.com/*
875b9c4b749c335313e75f4183bb0e9e,1156510100,20,www.yd119.cn/m/
87e2349847a154779df7ea84b13548aa,1156370100,28,www.feiyue119.com/*
880c59fa4d6662fbd74f71a67907315b,1156320100,1,www.niceloo.com/yixiao/*
880cde839286a71e49e74d102a429f31,1156510700,19,www.youluwx.com/*
8826d5c36070d49cd9d11dd10ebc0934,1156370600,59,yidongm.zzbredu.com/*
8826d5c36070d49cd9d11dd10ebc0934,1156370600,10,cqiedu.com/xl/xf*
883ca157c23ccfa4a4313ce6fdb4c594,1156320300,31,www.yd119.cn/m/
883ca157c23ccfa4a4313ce6fdb4c594,1156320300,28,www.feiyue119.com/*
893abe8bf39c09deded4a5a32416fdab,1156310000,4,changqiedu.com/jiaoyu1/wap/*
893fca35574cc84e05bfa94b1df2b8b1,1156210700,3,www.yd119.cn/m/
8946cdfb8c542cc06298f710fc20459e,1156320500,27,www.feiyue119.com/*
895ddc9e6e7fd3fc9d8f4416664a4624,1156330100,3,www.youluwx.com/*
895ddc9e6e7fd3fc9d8f4416664a4624,1156330100,1,www.xiyahongedu.com/*
898598697e3de770e92eb6df0e9b4060,1156131000,30,yidongm.zzbredu.com/*
899245b8508696605c58a2703f62e7a1,1156510900,8,changqiedu.com/jiaoyu1/wap/*
899b137425e9865441d01147dfdd4b53,1156330300,4,changqiedu.com/jiaoyu1/wap/*
89ab07ff7ff9428c0116034cf15680b8,1156330400,33,yidongm.zzbredu.com/*
89ee1f8cef23befd01c990ab1e5e7408,1156511500,25,www.yd119.cn/m/
8a0cd67c44cb806c80f653e50d761ecc,1156510400,1,yidongm.zzbredu.com/*
8a281b9df3c40495b8576e5a081dc2e0,1156220100,26,yidongm.zzbredu.com/*
8a38fa57c2b08cfa37b0bd7333543734,1156510100,4,wap.bangkaojiaoyu.com/bjtg/xf/*
8a4fd4efdd9d12093477f284c6a8f67d,1156371100,18,www.feiyue119.com/*
8a9f4a2eace1140fcd6ac0c65c38654a,1156511300,29,yidongm.zzbredu.com/*
8a9f4a2eace1140fcd6ac0c65c38654a,1156511300,12,www.yd119.cn/m/
8aedd0353d2784bc9836a6f8112ebb1b,1156510100,12,wap.bangkaojiaoyu.com/bjtg/xf/*
8b37cb572053b7e023f1dc60f49d03a1,1156130100,40,www.niceloo.com/tg/xf*
8b44f99cdebe1fe6d821589e69f6d21a,1156511900,7,changqiedu.com/jiaoyu1/wap/*
8b496db78087ae8ab12124f00297fb75,1156130200,3,xfgcs.krs119.com/m/*
8bcb0bfb006c4e75e3e3e3ed11087162,1156130200,62,www.niceloo.com/tg/xf*
8bfa85d9687f66f6101e764845466f6a,1156410300,4,www.xiyahongedu.com/*
8c0043ef9fff9f5d4b67fdec1833b7ca,1156130400,2,www.yd119.cn/m/
8cbf16a8bb254a6a83fce5999bfa093b,1156510100,4,www.yd119.cn/m/
8cc7b0e9c4ef4d941f9d221d765f033c,1156411700,6,cqiedu.com/xl/xf*
8d0cdec9c6fc4c52f69e91152f75cbab,1156511500,8,changqiedu.com/jiaoyu1/wap/*
8d263a0cc759b4d979f7bb77f49b5373,1156320500,30,zjks.offcn.com/zg/xfgcs*
8d2c3c6e78c16a3b5e954d2577f66d9b,1156320400,1,www.yaomiedu.com/wap.html*
8d7cd4ff14950c7fcdbd07467c41bd8c,1156441900,1,yidongm.zzbredu.com/*
8d960ef301671013784823cab87bcadb,1156130200,35,zjks.offcn.com/zg/xfgcs*
8da7561acce7715697be1213d537f1cc,1156130600,6,changqiedu.com/jiaoyu1/wap/*
8e16528c5c75ed5f0e3d9e80e9e45427,1156130100,1,www.feiyue119.com/*
8e2cabc2fb762f4340c7b92a27718d4e,1156511500,27,www.feiyue119.com/*
8e9a0b6086b4f37e16c98ccf24d5fa10,1156510400,5,changqiedu.com/jiaoyu1/wap/*
8ea27314054daae4cf448c73222fb303,1156510100,14,cqiedu.com/xl/xf*
8ea71f70ecac0a18e2a84f9d3f2575de,1156220100,2,changqiedu.com/jiaoyu1/wap/*
8ec3dcc9b0e07d19e39d7a7d5bccb91e,1156320600,2,cqiedu.com/xl/xf*
8f103c91a68dfb050dc0c0013b1888ec,1156371100,1,www.niceloo.com/yixiao/*
8f1cdced59604305ba2b69fc57fc9246,1156410800,6,changqiedu.com/jiaoyu1/wap/*
8f74c7c8837048b85d22bca9dd5b5f36,1156220400,15,zjks.offcn.com/zg/xfgcs*
8f7b4e95ffc0dbd27de787988e7913f9,1156130100,23,bj.hpwxb.com/xf-MB*
8f82e88ff51d1e2285066eceed01ad18,1156130200,6,changqiedu.com/jiaoyu1/wap/*
8f9aa2f56e882693ffcd76e3ad2d1996,1156130900,1,www.qddfxfpx.com/*
8fa753c9209916d979ba5a9af56cc623,1156130200,30,yidongm.zzbredu.com/*
8fbbcef3537ef2f53bfa9f3c02356dcb,1156370500,29,yidongm.zzbredu.com/*
8ff29d80ad2f9cab668a1f7daf461b75,1156511100,12,www.yd119.cn/m/
9038205cfe69b61ac9683def149e5896,1156510100,1,changqiedu.com/jiaoyu1/wap/*
9071d599f4043159024b25fb9759ccaa,1156510600,1,www.youluwx.com/*
90894a719b75c8474b6dd2bcae83f2d4,1156310000,20,yidongm.zzbredu.com/*
9093b8adb41231b541090bc559e6b2cf,1156220100,27,www.feiyue119.com/*
90c8d83195d2c5d777420a3c3a46f6cb,1156130500,8,www.yd119.cn/m/
90d4ae1c613d2d6a4812ab7849c861bb,1156320700,6,wap.bangkaojiaoyu.com/bjtg/xf/*
90dfb3a175c17fd39647e1f4d44f4d96,1156370500,1,cqiedu.com/xl/xf*
910dd5a69ab5aeafafc7d978b3bb3bac,1156310000,13,changqiedu.com/jiaoyu1/wap/*
913d149465b05468ca0cb7a615811ce1,1156131000,9,changqiedu.com/jiaoyu1/wap/*
916949948509b19221257cc4adc58dc2,1156320500,15,www.youluwx.com/*
920d68f23421dff98d39958c80753282,1156320400,2,www.niceloo.com/tg/xf*
920f662a01e8c55e229341bad487a51a,1156371600,27,yidongm.zzbredu.com/*
922b20201d4c61be01f222f7fbfd0014,1156510400,6,cqiedu.com/xl/xf*
923c9bff53655ff27492ccc8f2ee2e81,1156360700,24,www.youluwx.com/*
9254ce686a8e32c9a5e6be793aa30f0f,1156510600,7,cqiedu.com/xl/xf*
92d8fddb3a28c8bdca0bac3f77013f44,1156211400,5,www.yd119.cn/m/
9305e5208a4952abb34b0bf730b7a8fa,1156371500,1,www.youluwx.com/*
935f79d319d59c60d2d1eb9216fd18e9,1156110000,1,changqiedu.com/jiaoyu1/wap/*
93ad7fb21cdd717cd00107143c19163c,1156511000,23,www.yd119.cn/m/
94308a206f0f968cd364dd0123dd73c0,1156370200,6,www.youluwx.com/*
94af1f0d1298122be11da3a29ac6d2b1,1156130800,8,changqiedu.com/jiaoyu1/wap/*
951f700dcdf1435f24698192d55dd354,1156370700,8,www.youluwx.com/*
954c1301104ab549efb02c2aa60f08d0,1156130100,1,bj.hpwxb.com/xf-MB*
958022bb2176629921cac01a2d494296,1156510500,52,jy08.yanganzixun.com/xfpc/*
95b6b34627e62efb5a36f4e274b55e49,1156320100,26,www.youluwx.com/*
95e7d2838a28ba2801e6845e3a9220af,1156220800,23,www.yd119.cn/m/
96013facc16f52cc95318aa89a260cf6,1156310000,30,yidongm.zzbredu.com/*
962efb5ab56161191bd65426c7e11d7b,1156210100,5,www.youluwx.com/*
9640e62c5e0c3bf105798392279cbbd5,1156510100,4,cqiedu.com/xl/xf*
965dbe18f587347e844d9d3d5d74f31f,1156321000,1,www.youluwx.com/*
96974e82d1fe5052aca4e0b4c64988ee,1156320900,18,www.feiyue119.com/*
96bd18c3f21ac3ca2339075dfa58268e,1156370600,3,wap.bangkaojiaoyu.com/bjtg/xf/*
96df8767b6a9a2c057257951c10b18f8,1156321100,1,wap.bangkaojiaoyu.com/bjtg/xf/*
97305de16516c11fd738eec5beaf3469,1156130400,1,www.youluwx.com/*
97f07a05430de114281d45de8b204879,1156371600,6,changqiedu.com/jiaoyu1/wap/*
980a0fb5c7da839aa73304910f0e0edf,1156410700,30,xfgcs.krs119.com/m/*
9879c4855621db4f453b5830b779b1c3,1156371600,1,zjks.offcn.com/zg/xfgcs*
99165beac63692bcc3768458a47a0725,1156370900,52,www.youluwx.com/*
99236269e4fc8dd3005a3477f3cd346b,1156131100,54,www.niceloo.com/tg/xf*
996c1aca992d31c9ec4966c5afafe419,1156371400,34,www.yd119.cn/m/
998495d76e023aa6e80a5ddf6fa5930a,1156411700,38,zjks.offcn.com/zg/xfgcs*
998495d76e023aa6e80a5ddf6fa5930a,1156411700,1,cqiedu.com/xl/xf*
99c20990dbebf9f5815946d86737cd47,1156131100,17,www.feiyue119.com/*
9a512d827f55520539c501f6536745ef,1156512000,4,changqiedu.com/jiaoyu1/wap/*
9a88876d9f77f53b3d8ff9dfe883b668,1156130600,3,www.niceloo.com/tg/xf*
9a922b652f5cdbc61daf38d2fd686b32,1156511000,1,www.youluwx.com/*
9b07cb9760ed887d999e92fb8fac1666,1156210700,5,yidongm.zzbredu.com/*
9b7116cf01bdd7f1bc49a0acbab1e5de,1156310000,25,yidongm.zzbredu.com/*
9ba943b39cf38f39a2b0938c20cfbac2,1156510100,4,changqiedu.com/jiaoyu1/wap/*
9c0ee0a90133722def4cb654464d6b1f,1156510100,1,bj.hpwxb.com/xf-MB*
9c4663cda2651fdf15dd6d5304cd74d7,1156370100,1,wap.bangkaojiaoyu.com/xf*
9c699f43c912c422a7a61dcc0504d239,1156511300,1,yidongm.zzbredu.com/*
9c8b02eecd56bdabdab71fbd464b7963,1156370200,5,cqiedu.com/xl/xf*
9c9018ac624af82bad514f1a64da8aec,1156130700,33,zjks.offcn.com/zg/xfgcs*
9d0ad8dcbcfbb101c10a14057832eae7,1156370400,1,www.niceloo.com/yixiao/*
9d0ad8dcbcfbb101c10a14057832eae7,1156370400,7,zjks.offcn.com/zg/xfgcs*
9d0ad8dcbcfbb101c10a14057832eae7,1156370400,1,www.yaomiedu.com/wap.html*
9d0ad8dcbcfbb101c10a14057832eae7,1156370400,5,cqiedu.com/xl/xf*
9d87f87593438cdcf2ed58819504bbaa,1156320200,17,www.feiyue119.com/*
9de8c5135c76310aef1dad7b1af792fb,1156510500,4,www.xiyahongedu.com/*
9dffa43c7ced0fab32d3ea62b1a27edd,1156130700,1,cqiedu.com/xl/xf*
9e592aa994e7c5cca8fb2f4fc8b79569,1156110000,23,www.feiyue119.com/*
9e6f47c334ce13b89330b0ff95585e56,1156511700,5,yidongm.zzbredu.com/*
9ed225cc87aaa1c044586c0176c2b12f,1156330500,1,changqiedu.com/jiaoyu1/wap/*
9efd2a06ab234f86e339b49c9ae503b7,1156370900,1,www.yaomiedu.com/wap.html*
9fd7b23d425bcaa31dbba587b3d2b809,1156371000,1,yidongm.zzbredu.com/*
a0a051d9f477358413dd18b757373d24,1156370200,7,www.youluwx.com/*
a15de3216f74dead28a7eb60e47037ba,1156430100,4,www.youluwx.com/*
a1b1074161cf124d2559dea8256e1326,1156370400,2,lma3.fjbest.net/indexApp.html*
a1e29f4c3d2b6fb30bdbd3987d99ffb3,1156130400,5,www.yd119.cn/m/
a1ebf83b3790af2dbb3e4edad1a5eb8c,1156310000,1,www.youluwx.com/*
a1fb6f71892872a826d57da1ffee377d,1156130400,1,changqiedu.com/jiaoyu1/wap/*
a22db494d159249a6c4490c1bd2f3491,1156320300,21,www.yd119.cn/m/
a22db494d159249a6c4490c1bd2f3491,1156320300,13,www.kaojia119.com/m/*
a23e6aa73d8866fc94f00c8d8dc307d2,1156511100,1,www.niceloo.com/yixiao/*
a242b0c90a2cfcc9aafc095ef81ca7ca,1156220600,9,changqiedu.com/jiaoyu1/wap/*
a31ec6c8b8dc59c2b1b566f2ca7edf38,1156131000,4,www.feiyue119.com/*
a323c8b166730bd73617fd7ab4b26f07,1156220700,39,zjks.offcn.com/zg/xfgcs*
a36827570a887d20767b255d1ccfa69e,1156510500,1,www.yd119.cn/m/
a3a219a974b1cb38c781b763b1792b7b,1156410100,10,www.jhwx.cn/zt/m_xfgc/*
a3a219a974b1cb38c781b763b1792b7b,1156410100,5,cqiedu.com/xl/xf*
a3b4f01be4a0a9c89c29657919cc705a,1156130900,4,www.niceloo.com/tg/xf*
a3bce2e4ee2d97f7f234ac21b5cf388c,1156371100,16,www.yd119.cn/m/
a3c74c70d1ef0f7193d31ec9679e1c37,1156500000,1,bj.hpwxb.com/xf-MB*
a3c789ba3f28306f8048a710bdddd9d4,1156370100,1,www.niceloo.com/yixiao/*
a3d707b5f7b0eac36d0dac4be3c93457,1156510800,22,www.yd119.cn/m/
a3d707b5f7b0eac36d0dac4be3c93457,1156510800,8,changqiedu.com/jiaoyu1/wap/*
a3ff32655f57c269f7ee93bcab164d48,1156320500,70,www.niceloo.com/tg/xf*
a4524a67329c2d143633eacb8b01674f,1156511400,8,changqiedu.com/jiaoyu1/wap/*
a4620364b5ce9e58333e8bc2f0d50b47,1156370600,1,www.youluwx.com/*
a4620364b5ce9e58333e8bc2f0d50b47,1156370600,1,yidongm.zzbredu.com/*
a47863219764ab59460f8765ff8123db,1156321200,69,www.niceloo.com/tg/xf*
a4e8be692d862517b6dc46f6cfc16ff1,1156220100,26,www.feiyue119.com/*
a51091ef078251dba606d5b1f688d446,1156310000,1,wap.bangkaojiaoyu.com/bjtg/xf/*
a53aed0e06eb5d1d8d1072102b9cbe49,1156511100,8,cqiedu.com/xl/xf*
a5d7ea6e30ee6765d63bf0355660a4ff,1156510300,6,wap.bangkaojiaoyu.com/bjtg/xf/*
a5e79b5c941f64d21894f01e512c1e53,1156130100,3,www.niceloo.com/tg/xf*
a5ff27072ed95756a452cb92b4f01eab,1156510100,8,changqiedu.com/jiaoyu1/wap/*
a64179c4707dcedbcb5683839789d4cc,1156211100,5,www.yd119.cn/m/
a73ce62aae3d2a55473862a862adaa68,1156411200,2,www.yd119.cn/m/
a75a00542124b4962644f1473714f0d6,1156131000,7,www.niceloo.com/tg/xf*
a77cbb72c5049c369c9cea36270ff1a4,1156511900,1,www.youluwx.com/*
a8b15ba43e711ba00373f3f2cc0a3f6f,1156320500,74,www.niceloo.com/tg/xf*
a9522471ffd664c772fe07804af14d2a,1156371500,17,yidongm.zzbredu.com/*
a9522471ffd664c772fe07804af14d2a,1156371500,2,cqiedu.com/xl/xf*
a99b6bf70ed21938b7258a0161c3edf5,1156511700,8,changqiedu.com/jiaoyu1/wap/*
a9b55b714bf63b23caa2e7f8337f8c29,1156510100,12,www.youluwx.com/*
a9b73ca2f02fd2a6170f93c6dd59be7a,1156211100,4,changqiedu.com/jiaoyu1/wap/*
aad3d7c1e0eb4a9e7432f0f12825ae27,1156510100,5,wap.bangkaojiaoyu.com/bjtg/xf/*
ab97a68867ecd6a262fb075837b7cc00,1156370500,19,www.yd119.cn/m/
ab9e8f3b534311eb82206a9a970b85d0,1156371500,5,cqiedu.com/xl/xf*
aba939fe41ec8bb7fe06218e7de2a95e,1156370600,14,www.yd119.cn/m/
ac8689250065e74d485387e5dfeac560,1156130400,1,www.niceloo.com/tg/xf*
acb8353c203807732f2a1cc0e8f3d16d,1156370800,1,yl.szfilmcenter.com/*
ace00dfedc6a1589a8c438d8910fb986,1156371400,1,www.yaomiedu.com/wap.html*
ace00dfedc6a1589a8c438d8910fb986,1156371400,4,cqiedu.com/xl/xf*
ad6c83b5875b5eb1208eeea14102fbdd,1156320500,1,lma3.fjbest.net/indexApp.html*
ada8ef056f55ae9e735755aa3e12883c,1156510700,7,changqiedu.com/jiaoyu1/wap/*
adaaeb982c634283b3e9d6b42b4075d2,1156320500,29,www.jhwx.cn/zt/m_xfgc/*
adda33df2a21e291100092d3021bc33e,1156371400,3,www.youluwx.com/*
adf29f99c9c28440e221c2532e753b0e,1156510400,25,yidongm.zzbredu.com/*
aebff2fc425d05eba477513949068e3f,1156610700,2,www.feiyue119.com/*
aed29428e7d3f12a1db5110b599f4bf1,1156320900,1,www.youluwx.com/*
af0dc874c6bd29185e7391989bf4b196,1156110000,2,wap.bangkaojiaoyu.com/xf*
af45673a881413aa0660448fc1961ebf,1156510500,8,changqiedu.com/jiaoyu1/wap/*
af8929fddae427ea7e7b8709bdb46d16,1156511000,9,cqiedu.com/xl/xf*
af9a75031356e2ed4b8fe3d4d3696e4c,1156130100,48,jy08.yanganzixun.com/xfpc/*
afecb3f3db006acdc3758402f40cc657,1156510100,6,changqiedu.com/jiaoyu1/wap/*
b009be2ea6ff9990fea1be01d3d7df6e,1156510100,6,changqiedu.com/jiaoyu1/wap/*
b04dcdeefef8d0cf80e69eec6dfa9745,1156130100,62,www.niceloo.com/tg/xf*
b08f0f298948b7a2115deda5f2cf8d92,1156130100,19,www.yd119.cn/m/
b142760870335e793e7f81be4b159d97,1156510700,1,www.youluwx.com/*
b159b1e2ae5310ef60be3ff42f164389,1156210100,4,yidongm.zzbredu.com/*
b1ded79bfd67e68f0601778285e850f5,1156130300,1,www.feiyue119.com/*
b28b23def8ffddcc7b36dcdf10616854,1156370100,18,zjks.offcn.com/zg/xfgcs*
b339ade5d93dbcef4276464fbe508554,1156320500,1,www.youluwx.com/*
b352ca555cf7c326c13a62f477e7d9dd,1156510400,6,cqiedu.com/xl/xf*
b36bdde320000ac598e82cf044c1df31,1156220100,20,www.yd119.cn/m/
b370f7487c7dc3a683c82a531d5c34ea,1156130300,22,www.feiyue119.com/*
b38906fca9d0cabd0a4bbd2d0a2792d7,1156130200,7,www.youluwx.com/*
b38906fca9d0cabd0a4bbd2d0a2792d7,1156130200,62,www.niceloo.com/tg/xf*
b3aaa1e8a6eb9bdfacf88404dfa48abc,1156220100,4,wap.bangkaojiaoyu.com/bjtg/xf/*
b3d5bc2b8521afaa83ecf50ba70867c4,1156370300,1,www.feiyue119.com/*
b3eb87e6244ff43c1103e66cc57e9786,1156371700,1,changqiedu.com/jiaoyu1/wap/*
b3fd4edcc168901195e9755759015df5,1156130400,26,yidongm.zzbredu.com/*
b409cc5645e98fc7041d2b74888d6bd3,1156130500,2,www.feiyue119.com/*
b43b5a5b79d3c2c1a4b2dfca9538e105,1156510100,1,www.youluwx.com/*
b478c5da47cbaa1c862871fb0f5ae970,1156211200,3,www.youluwx.com/*
b49db88396b8308681e9169e12cc89e2,1156130100,27,www.feiyue119.com/*
b4a6fb358a35530b0a5d126e26be489a,1156513300,8,changqiedu.com/jiaoyu1/wap/*
b4b51cc29e637bc8206bf3d2793032cb,1156131000,1,zjks.offcn.com/zg/xfgcs*
b4ff995b9fec8404ba9160a85cde784e,1156371300,34,zjks.offcn.com/zg/xfgcs*
b54e09169111df7645e1f8c5abc17d34,1156370700,2,yl.szfilmcenter.com/*
b617ed73dc82d14373a32b6cee2b9e60,1156131000,6,www.youluwx.com/*
b617ed73dc82d14373a32b6cee2b9e60,1156131000,20,www.yd119.cn/m/
b617ed73dc82d14373a32b6cee2b9e60,1156131000,59,www.niceloo.com/tg/xf*
b644ad4a297016a4a8a392da330c0c63,1156220600,10,www.youluwx.com/*
b67c2ad13ef1670340d17ae8c76f67aa,1156320500,44,www.qddfxfpx.com/*
b6cce353361775df36737e07457f2527,1156410100,2,tg.bjgenshuixue.com/webnew.html*
b7d547357765ec5dc00638450061d89a,1156130200,67,www.niceloo.com/tg/xf*
b7fa5228f3bd130dbd2016534b6d1878,1156371600,1,lma3.fjbest.net/indexApp.html*
b7ffaba976a3f76b04237fcb38846742,1156320100,44,www.niceloo.com/tg/xf*
b83c8740299aa05f8056f4d19d93a2dc,1156130100,14,www.yd119.cn/m/
b84e779d697d529dbec1beab37808960,1156130100,55,www.niceloo.com/tg/xf*
b8d76fda804f7025c48394c254abcd4a,1156511000,14,www.youluwx.com/*
b8d943c5bf96b955b682a60125d9dad7,1156371100,26,yidongm.zzbredu.com/*
b8db1281adc2b9d50d1027600a4ec5db,1156220100,24,www.yd119.cn/m/
b8f2007d98b71a8fb5d8286c3f9d2390,1156500000,14,www.niceloo.com/yixiao/*
b8fd985f17be0da6f35ee408fdf0f1e6,1156331000,32,yidongm.zzbredu.com/*
b9afc48f0cbb30c75c162bf9d5f6c74f,1156410400,4,changqiedu.com/jiaoyu1/wap/*
b9f01d39a8f30cb6a07192a1390db886,1156370400,7,bj.hpwxb.com/xf-MB*
ba4964aac612f6ee6ba9396ef0a353aa,1156511300,8,changqiedu.com/jiaoyu1/wap/*
ba4eb58a2ef8833000d4cbcbf3ea80df,1156370100,7,yidongm.zzbredu.com/*
ba4eb58a2ef8833000d4cbcbf3ea80df,1156370100,7,www.feiyue119.com/*
ba577558c147fe913c7ddc513a67f023,1156320500,6,changqiedu.com/jiaoyu1/wap/*
ba998eabad8d15af8b151a5090d37826,1156130500,3,www.niceloo.com/tg/xf*
bab3068ca23e7683f58c065cc21e7f24,1156371600,4,cqiedu.com/xl/xf*
bac14229d27f5eeb6c5a4080e8666334,1156130500,2,www.youluwx.com/*
bad0be20b50b7a02db5034d91f2cee93,1156370100,3,www.youluwx.com/*
bb479475174f7e706c1f9f73565a9c05,1156370400,1,yidongm.zzbredu.com/*
bbae87ec83aaa4e2b8c4e50f8c66e491,1156371300,6,zjks.offcn.com/zg/xfgcs*
bbbf34b428d49d0c92cb515bc37a1aec,1156510900,1,www.yd119.cn/m/
bc89991b696e30f48a3fc02d8519d868,1156371700,1,wap.bangkaojiaoyu.com/xf*
bc89991b696e30f48a3fc02d8519d868,1156371700,1,lma3.fjbest.net/indexApp.html*
bca438f2aebc4935e6b799e9497348a5,1156320500,22,www.yd119.cn/m/
bd4327827aff5d8d05312124e46e808f,1156370700,21,www.feiyue119.com/*
bd685b92261db6159d6bdb1ee414e52c,1156511900,4,www.youluwx.com/*
bd685b92261db6159d6bdb1ee414e52c,1156511900,8,changqiedu.com/jiaoyu1/wap/*
bd9bf34a3b39aecbbb7fa1f71e75f571,1156130200,31,www.qddfxfpx.com/*
bda39a3dc1eccb657df0988d9bbb8942,1156371400,1,www.yaomiedu.com/wap.html*
bdb31c67911d96eac3e568602fc61ef3,1156130300,25,yidongm.zzbredu.com/*
be41c3662cfff47150b17393497404cd,1156510100,33,yidongm.zzbredu.com/*
be9023514d00826d2e49648f89df45b3,1156210300,4,changqiedu.com/jiaoyu1/wap/*
beb3026d964025c510495d4b8b692c19,1156510100,7,www.yd119.cn/m/
bebef79e65c34fdb7c64e170a4255e18,1156411700,6,cqiedu.com/xl/xf*
bebef79e65c34fdb7c64e170a4255e18,1156411700,7,changqiedu.com/jiaoyu1/wap/*
becaf6781566b6d740a5008308ed1022,1156370200,39,zjks.offcn.com/zg/xfgcs*
bed39f809be7f50cf5efaa6b13d95366,1156130800,1,bj.hpwxb.com/xf-MB*
bedb331fd8c77a2faf4bf927f3294b6d,1156370200,40,zjks.offcn.com/zg/xfgcs*
bedb331fd8c77a2faf4bf927f3294b6d,1156370200,31,yidongm.zzbredu.com/*
bf0f6f2e79e3581202a6df9b0019a152,1156510100,1,www.youluwx.com/*
bf770767a81ba69c95f1b20f0d77317d,1156131000,3,jy08.yanganzixun.com/xfpc/*
c02db49d28b52cc42c92472b530177fa,1156370800,1,yidongm.zzbredu.com/*
c052f85f1beae31fa35d72cf1a06446b,1156510100,25,yidongm.zzbredu.com/*
c07cdb1c2e821864efbf8e3f3625f29a,1156410300,34,www.jhwx.cn/zt/m_xfgc/*
c07cdb1c2e821864efbf8e3f3625f29a,1156410300,1,boxin.wztedu.com/new/wap/bktj.html*
c0947edc3469015483bbb6009b0808ac,1156130600,60,www.niceloo.com/tg/xf*
c098774e581643536afc7630c51b3724,1156511300,18,www.yd119.cn/m/
c100abe2d171c3e24b195d20f2b978b4,1156510500,8,changqiedu.com/jiaoyu1/wap/*
c11a9e728647e6f4f82e968557b33f35,1156310000,8,zjks.offcn.com/zg/xfgcs*
c15a49e792594617166dd87112c357d1,1156511600,25,www.yd119.cn/m/
c15eac3b0320fa4a5538d11aba9d4f89,1156211200,6,jy08.yanganzixun.com/xfpc/*
c19a4540808ad5e4e76edfa908741fe2,1156370200,1,cqiedu.com/xl/xf*
c1bafe6062853d1820030b1443780ae5,1156130900,1,www.yd119.cn/m/
c1fee06816d54799ecf21cf8fe6cbd72,1156370700,1,www.yaomiedu.com/wap.html*
c214a962f5cb21b4dba98b8505303247,1156370600,3,www.youluwx.com/*
c24d3521429fc9be86d8211a284b0814,1156370400,5,cqiedu.com/xl/xf*
c2daf57b50118176db0e3a1b8573fd4c,1156370700,23,www.feiyue119.com/*
c2f057aeb18cb22f3c9a4600d90fb5c1,1156321000,7,changqiedu.com/jiaoyu1/wap/*
c345714a12e29b2dac00bcb3ed254c16,1156130200,1,wap.bangkaojiaoyu.com/xf*
c37655c522c76bf66e05c75e02507e8b,1156130100,49,jy08.yanganzixun.com/xfpc/*
c383edef220243d00b4e2ebae3465a5a,1156340200,33,www.feiyue119.com/*
c38440e770e6e97c3ced12a3e447e94b,1156440100,42,www.feiyue119.com/*
c3ac92eb16e092648770367ef36631a7,1156131000,4,www.niceloo.com/tg/xf*
c3c2ae6b2ba41ce0ab72d380de133536,1156210100,9,www.qddfxfpx.com/*
c40e1beec9e6cef5aeb534dbca5a21df,1156321200,7,changqiedu.com/jiaoyu1/wap/*
c55f29c7d0801bad28e17aca9dcc7a57,1156130100,3,www.qddfxfpx.com/*
c5762306b475c66bfaac5243f15e9d68,1156110000,5,cqiedu.com/xl/xf*
c58ae10bb6bbd0ffbfe5daf0efa73f34,1156310000,8,wap.bangkaojiaoyu.com/bjtg/xf/*
c5a62b2e42512fb3f9f0bba4f07eb8af,1156510100,2,www.niceloo.com/yixiao/*
c5bcb5bfbcb4fdc05f6108c314aee8a1,1156220100,26,yidongm.zzbredu.com/*
c5bcb5bfbcb4fdc05f6108c314aee8a1,1156220100,21,www.yd119.cn/m/
c5ed4f10293cf5bc22d65b1d59584d2f,1156370600,1,www.jhwx.cn/zt/m_xfgc/*
c6316b83f48ce88be017ace0a8f9c68c,1156370800,1,www.feiyue119.com/*
c66c8a9ea9ab510ee9a9afb8cd2dada3,1156510100,1,www.niceloo.com/yixiao/*
c6a522243d911b89326abfcf0b73c102,1156510100,12,yidongm.zzbredu.com/*
c6bda680222d578580be86d2a09acaee,1156320200,7,changqiedu.com/jiaoyu1/wap/*
c6de38a3d2aff419123ce65cf4083b44,1156320500,24,www.yd119.cn/m/
c6de38a3d2aff419123ce65cf4083b44,1156320500,28,www.feiyue119.com/*
c6e4e97eafb42688535945bfb73d1d73,1156110000,8,changqiedu.com/jiaoyu1/wap/*
c7bad05cf27d394999b15ac04e100a51,1156510100,3,changqiedu.com/jiaoyu1/wap/*
c80f3648e29285c2630180866a5871cf,1156371300,1,www.feiyue119.com/*
c85b97eabec846d7644b7ca65d99d0f1,1156370200,8,bj.hpwxb.com/xf-MB*
c87bf2a0223f0cffdc8abc46889a4ea0,1156371600,49,www.qddfxfpx.com/*
c8a18ef451f89cbd3f385c0990a0ca1d,1156130400,21,www.yd119.cn/m/
c901d35225d16be771481b93b9a8b18c,1156220700,25,www.yd119.cn/m/
c943ea554e7f2d271d8ac3e9d8dc844d,1156131100,64,www.niceloo.com/tg/xf*
c95931428169525c5bb79aea30be4446,1156130400,45,www.qddfxfpx.com/*
c95931428169525c5bb79aea30be4446,1156130400,38,www.niceloo.com/tg/xf*
c9632f31c1b9c47cac19bf5289eff294,1156130500,3,www.niceloo.com/tg/xf*
c97110260d7388b3b3725bc5b145764b,1156411700,25,www.youluwx.com/*
c99ce826eeb24db308ca6367c94408a8,1156411700,21,www.yd119.cn/m/
c9a7d4fb065ce239d097e502645bedc1,1156370500,6,wap.bangkaojiaoyu.com/bjtg/xf/*
c9b1980e43f569d78bc02adcb5d3bcaa,1156510100,12,www.yd119.cn/m/
c9b72c6485e4331d51ccadea77a11b9c,1156371100,23,www.yd119.cn/m/
c9d63d1d46243ec13b079606b2cf20b0,1156371000,7,changqiedu.com/jiaoyu1/wap/*
c9d84501d15f23dcb05c997b97c54b84,1156510100,4,cqiedu.com/xl/xf*
c9f024962f56b2e457d80d0f0e420917,1156411400,4,cqiedu.com/xl/xf*
c9f91abd64e9a3513fb63237e9427c4d,1156511400,4,www.youluwx.com/*
ca2eae008ea93ece11dea1fc903e3468,1156130200,18,www.yd119.cn/m/
ca2eae008ea93ece11dea1fc903e3468,1156130200,28,www.feiyue119.com/*
cac4d43aaa0b9286dd02dcc8a9a0d3c2,1156410500,2,www.youluwx.com/*
cb3652153fd1b3b20158618a93ff79d8,1156411500,13,www.feiyue119.com/*
cb4aa5bed0538cb68bbe8c5b1b80ad85,1156210200,2,yl.szfilmcenter.com/*
cb58599f0ad06ee58d33275a3dcd5e60,1156371700,4,cqiedu.com/xl/xf*
cbbd071e3eaf2659624ffe716e1e9be9,1156411400,6,cqiedu.com/xl/xf*
cd136b1af054dd047353c8cec85fb5ea,1156120000,30,zjks.offcn.com/zg/xfgcs*
cd136b1af054dd047353c8cec85fb5ea,1156120000,47,www.qddfxfpx.com/*
cd136b1af054dd047353c8cec85fb5ea,1156120000,1,lma3.fjbest.net/indexApp.html*
cd3005beefca9f3403dce80d5956cc53,1156130600,6,www.niceloo.com/tg/xf*
cd57ceae1c5f706e8772453947a50c05,1156220100,4,www.youluwx.com/*
cd9d426f8a44d12110f87d92ff4d4a6d,1156510100,9,cqiedu.com/xl/xf*
cdd4afefac2f61591c1a075ef3dd84d8,1156130100,1,lma3.fjbest.net/indexApp.html*
cdd6e8468e462c791da41de3d2e8f292,1156511700,8,changqiedu.com/jiaoyu1/wap/*
ce6afd4cabae4ab2b8bd9b0b596d3442,1156130700,32,yidongm.zzbredu.com/*
ce6d740caa3ef2f2634411a426b98dd7,1156130200,30,yidongm.zzbredu.com/*
ce8a3a86a49ad2969dea14d42e43355b,1156510100,4,www.youluwx.com/*
cec74d9d26d436105b17467fafc397b6,1156511700,6,wap.bangkaojiaoyu.com/bjtg/xf/*
cefbddb09daf09f528fc8d87086bcd58,1156321000,2,yl.szfilmcenter.com/*
cf9e2d45e6eca18b817b2d3dd81aa58b,1156130300,1,www.feiyue119.com/*
d006e92f6c6f301e1de5acc774425853,1156130600,67,www.niceloo.com/tg/xf*
d006e92f6c6f301e1de5acc774425853,1156130600,24,www.feiyue119.com/*
d04eed2ab7011e1e8903411c293c25f4,1156220100,45,zjks.offcn.com/zg/xfgcs*
d0590b91f93e56f701eec8694bd406de,1156130600,57,www.niceloo.com/tg/xf*
d06288cdeede2ee80dd2cef6da8ea012,1156370100,2,bj.hpwxb.com/xf-MB*
d0a623de703cfbca5557163eaaa977ea,1156371600,22,www.yd119.cn/m/
d13f0cba8b7e8282dc0c15473b47944c,1156130400,21,www.yd119.cn/m/
d13f0cba8b7e8282dc0c15473b47944c,1156130400,61,www.niceloo.com/tg/xf*
d1472f5aa7bd5d07985a9652e8f50f3c,1156310000,8,changqiedu.com/jiaoyu1/wap/*
d159ca9952d82603dc906751454ceacb,1156410100,1,www.niceloo.com/yixiao/*
d17e41601fcf0f6da9f2f52e2797c208,1156130200,1,lma3.fjbest.net/indexApp.html*
d1b958de27cd683e068f4df1af6ffdb8,1156130400,27,yidongm.zzbredu.com/*
d1c4db4000ce54c1199eaea88da926e5,1156130200,63,www.niceloo.com/tg/xf*
d1e459da49506bdb98c61571f368565f,1156131000,4,www.niceloo.com/tg/xf*
d1e459da49506bdb98c61571f368565f,1156131000,3,www.feiyue119.com/*
d209e6e9406538950b9452a75c31625b,1156150200,1,wap.bangkaojiaoyu.com/xf*
d26287f7516c264b74e63841cfa093fb,1156370600,15,yidongm.zzbredu.com/*
d2ae3d04045f213372c524e50e9a6505,1156511500,32,yidongm.zzbredu.com/*
d31a70d1bd02e048e6cc1f7417ba498d,1156211400,4,jy08.yanganzixun.com/xfpc/*
d31cdda28536bc507e5d72f1e7773be4,1156410100,20,bj.hpwxb.com/xf-MB*
d31d17546f8db44e834d76c0a9e4f089,1156511600,1,xf119.wztedu.com/*
d37ca040c86d377e35265f0b17a07002,1156320600,21,www.niceloo.com/tg/xf*
d3db7275cd92bb591b2e29a89d14fac0,1156310000,5,changqiedu.com/jiaoyu1/wap/*
d4317fa5fb3b7ce84504f3b6912db54a,1156370400,30,yidongm.zzbredu.com/*
d464d6167fa314e82a5d4c7f496be61d,1156511800,3,wap.bangkaojiaoyu.com/bjtg/xf/*
d466d708d3ed3daf30bbf08f3b5d5360,1156210300,4,www.youluwx.com/*
d474023ca587760fd528dbc0e1768332,1156310000,20,www.feiyue119.com/*
d48d6eab0127e6f42538608065b3bc5a,1156510400,4,wap.bangkaojiaoyu.com/bjtg/xf/*
d4de2d9c0f42fcd91bf3ca91ff4bd2f4,1156511300,3,www.youluwx.com/*
d5728101ea84bbd4fd4fa0108e9eced8,1156220200,29,yidongm.zzbredu.com/*
d5728101ea84bbd4fd4fa0108e9eced8,1156220200,1,www.yaomiedu.com/wap.html*
d5728101ea84bbd4fd4fa0108e9eced8,1156220200,8,changqiedu.com/jiaoyu1/wap/*
d5b3154dc13a3e428ad581104e8c60b8,1156130400,31,zjks.offcn.com/zg/xfgcs*
d5c3cb6930d106000f438d62ec6ba015,1156130600,4,www.niceloo.com/tg/xf*
d5c52e661025557b2e350cd3049711c4,1156410200,18,th.adumm.com/XFM6/*
d6230a173aa1fc3fefe50068b226df2b,1156320200,9,changqiedu.com/jiaoyu1/wap/*
d6670763d52cd87a72249d37ca7e77bd,1156130500,33,zjks.offcn.com/zg/xfgcs*
d6944e904175cb544d812df330ffa3a8,1156511100,6,cqiedu.com/xl/xf*
d6944e904175cb544d812df330ffa3a8,1156511100,7,changqiedu.com/jiaoyu1/wap/*
d6d95e27c023d89e570cf2811c03b360,1156510100,33,yidongm.zzbredu.com/*
d727dde474a4375e1d9dfd06c9c99569,1156320100,5,yl.szfilmcenter.com/*
d74e605cd8b52d2b0a6ed06c3f89ca3a,1156510500,25,www.yd119.cn/m/
d7ef1baef4cea755f28c0bb04d00694a,1156130100,1,yuzhonglude.guozhengonline.com/*
d811a2e9978b253c031ff3d0cf44b42f,1156510100,4,www.youluwx.com/*
d817752012f5b616900f91818ac26100,1156210900,3,changqiedu.com/jiaoyu1/wap/*
d8a129dd3af016f1f27c1dd9db1fb824,1156220300,1,www.niceloo.com/yixiao/*
d8bd715d8c6a700dce43ebe685e3f080,1156610300,1,www.yaomiedu.com/wap.html*
d8d174b560cbab330ebb53dfc4fb8cbb,1156130100,4,www.feiyue119.com/*
d8e668205456b5128526af0d8f105624,1156371000,4,changqiedu.com/jiaoyu1/wap/*
d8e868ea6ceacb3dd3f98d4727570a20,1156210100,1,www.niceloo.com/yixiao/*
d90cbf6559a473ca0518596f073911f0,1156131000,29,yidongm.zzbredu.com/*
d975c01e0f946b403b4cba90afb250bb,1156130100,2,xfgcs.krs119.com/m/*
d97a4459ccf29f6ff375f787b1022832,1156450400,6,wap.bangkaojiaoyu.com/bjtg/xf/*
d9f8b9c92d4df97b33fcb5ffdade1bea,1156130100,1,yl.szfilmcenter.com/*
d9ff4faaf2483de446953b19da002c02,1156511800,1,cqiedu.com/xl/xf*
da2a2fffda20b2e311a1ca008b04190e,1156411300,1,changqiedu.com/jiaoyu1/wap/*
daa807b15db328dbc6bb5e5409d57aef,1156370700,7,cqiedu.com/xl/xf*
dab922f3d290fec230b430dbfba900e9,1156510500,4,wap.bangkaojiaoyu.com/bjtg/xf/*
dad9269f8a4a48d7f3a21e84655b562c,1156131000,37,www.niceloo.com/tg/xf*
db245511e41783fd833d5d1a8c04b2fa,1156510100,49,www.youluwx.com/*
db97d26dae6e87df00b49f943c7d8f3a,1156510100,2,www.youluwx.com/*
dbdd20366f7b22eaa8d6fa00c2f92e36,1156130100,20,www.yd119.cn/m/
dc3052f9f93abd00b455eece45e77b6f,1156370700,26,yidongm.zzbredu.com/*
dc3052f9f93abd00b455eece45e77b6f,1156370700,23,www.yd119.cn/m/
dc3052f9f93abd00b455eece45e77b6f,1156370700,1,lma3.fjbest.net/indexApp.html*
dc37240e2525f2791605a3781d8f702d,1156370300,2,www.youluwx.com/*
dc5ee80d05639483ded2f40e51885efe,1156511000,8,changqiedu.com/jiaoyu1/wap/*
dc8c750aff1b75d70b219ac6cca1dc93,1156411500,38,zjks.offcn.com/zg/xfgcs*
dcb356910b6c4a679e1a32ab859277da,1156130400,8,changqiedu.com/jiaoyu1/wap/*
dcc1c18f1892c38d136967771745f8cd,1156340100,1,yidongm.zzbredu.com/*
dccf4fb6292907c3ada7bf426e2368e9,1156211300,6,www.feiyue119.com/*
dce24e0bf2b0402a43294494e88436c2,1156511800,1,wap.bangkaojiaoyu.com/xf*
dd08d268e4184c8e0623367d3dfdfb5b,1156511700,1,wap.bangkaojiaoyu.com/xf*
dd43cc8cb1f559c9a491cac41200a846,1156370600,29,www.qddfxfpx.com/*
dd6f8e896eca6f5eb686c525a8245963,1156130500,16,www.youluwx.com/*
dd74cb2b6133ded0b9a125c94c39e8f6,1156510500,7,changqiedu.com/jiaoyu1/wap/*
ddf8a2bbcb349991691a54f467a9f968,1156510300,6,cqiedu.com/xl/xf*
de2ee8d8396fb0c7419dd63af081739c,1156370300,1,www.youluwx.com/*
de550c1e61db29a04bcfc5e3694f1947,1156411400,26,www.yd119.cn/m/
de6946e79e312b0fdc9e793a67abbe02,1156371600,2,www.youluwx.com/*
de6c38d2f19668ff68b52a13e74cddff,1156320800,2,cqiedu.com/xl/xf*
de805e7db70455e4652531a7362ca93f,1156511300,8,changqiedu.com/jiaoyu1/wap/*
deedab7f6a47441aa1cd4e3ae0cc63c9,1156320900,1,www.youluwx.com/*
df0effa89be64ee594d0fde82b303bb3,1156511300,22,www.yd119.cn/m/
df45e27c568595f75ec2101e20ad74cb,1156510100,4,www.yd119.cn/m/
df516f503f1ff26beffcabeab6729f37,1156130800,4,www.yd119.cn/m/
df5921576d23fd03023b6ad2fbf6e85c,1156320500,3,www.youluwx.com/*
df74425cea043ce5c0edfca3241a302a,1156130100,22,www.feiyue119.com/*
e09ad827990d1c707f8786a721347de0,1156410700,40,www.kaojia119.com/m/*
e0c7e2bfb4e2ad9e1458e7511cb7010f,1156510700,8,changqiedu.com/jiaoyu1/wap/*
e0f34369287859d909361c9281a0937c,1156211200,3,changqiedu.com/jiaoyu1/wap/*
e112143fb5bd7463e7f5cfad6dc29b9c,1156131000,1,xf119.wztedu.com/*
e121ad3af4f9802e244576655bc8d489,1156220100,33,yidongm.zzbredu.com/*
e12c988a6ccf9cbf33d523fccdc7d5e4,1156511300,6,cqiedu.com/xl/xf*
e12fe4ec6cdde1d7d775af147db64fe6,1156210100,5,www.feiyue119.com/*
e1464a7b458c2bd18f79aca414cb658b,1156371600,19,www.yd119.cn/m/
e18a59ef160b4fb95a834d45a0dbce79,1156131000,4,www.niceloo.com/tg/xf*
e1aaaa611712b9d88a5fe23618cbc5cd,1156320700,1,cqiedu.com/xl/xf*
e1f18ba99bfbe7422237ff128a6a4666,1156520200,10,changqiedu.com/jiaoyu1/wap/*
e25af1761623502573d63384d04367ac,1156210100,1,www.youluwx.com/*
e26a15a82cac1b8bca14796d16fd0674,1156110000,23,www.qddfxfpx.com/*
e27576665f28b9ba98d4e519a6dd3c6c,1156130200,6,www.youluwx.com/*
e288f5bc61443887daa5377d8b43047b,1156211100,1,www.niceloo.com/yixiao/*
e2b501e39e6d94b5bf0c1019c20775a8,1156511900,7,www.youluwx.com/*
e386e1258ad9973281664423609e75c4,1156370200,5,www.yd119.cn/m/
e3bdaf4848df941cefc042aa5d518717,1156321000,1,www.feiyue119.com/*
e416120d94d9f24abf3dcf3c80d1ab47,1156500000,29,yidongm.zzbredu.com/*
e433ea314cb29fb2827c310170e99060,1156371300,15,www.youluwx.com/*
e455a4160549453c562ba99fbff9b35f,1156370200,4,yl.szfilmcenter.com/*
e455a4160549453c562ba99fbff9b35f,1156370200,6,changqiedu.com/jiaoyu1/wap/*
e465d5352abfce6060fb2e0e62ee2521,1156320200,19,www.yd119.cn/m/
e4c2fba91e92638b20933f4b3a395c59,1156130100,1,www.niceloo.com/tg/xf*
e4c766d5ff68e59527e02509faaf82a5,1156210300,5,zjks.offcn.com/zg/xfgcs*
e4f94f5ed20a3a1ad6d1bb6cd3ea86d7,1156140800,27,www.yd119.cn/m/
e51712df0a7658a8884cdcd7bb7588a0,1156130400,2,cqiedu.com/xl/xf*
e523ce9039ae8a73545aff0e5e9af1e0,1156510100,13,cqiedu.com/xl/xf*
e532965f41794f373df7bb4e0413a3ef,1156220100,5,www.youluwx.com/*
e53da45441eb94c751c48d84d308c957,1156130200,2,www.youluwx.com/*
e5778f3a9b9e424a066a3ee9a02832eb,1156510600,2,www.youluwx.com/*
e58cbcc848b0a2610aff0c7d26824c7d,1156370100,1,www.feiyue119.com/*
e596c47e0d5776a449b885cfeefe310e,1156511900,30,yidongm.zzbredu.com/*
e5ed3667b2ccaeee098baae7b680d35d,1156410300,1,www.niceloo.com/yixiao/*
e6043c669707f9fceae22734b58a742d,1156371000,2,wap.bangkaojiaoyu.com/bjtg/xf/*
e60b5ff715025d1e2d5f1a3953fcb5e5,1156130100,1,www.youluwx.com/*
e60d63b336c926d48f838c32d58f5c5b,1156130100,1,www.niceloo.com/tg/xf*
e63df17cd5d2b77a906fbf885b65b3b7,1156510600,8,changqiedu.com/jiaoyu1/wap/*
e679decf0f645d88cd1d949e2fab1a48,1156510100,20,yidongm.zzbredu.com/*
e7228599d742d81e801de8c38f5e24b7,1156370600,4,wap.bangkaojiaoyu.com/xf*
e7984ec3f34f196de70447a3eee7241d,1156410100,26,www.yd119.cn/m/
e7e04ebeb8dc7409e1ea08a26db99f7a,1156370900,1,www.yd119.cn/m/
e7edbab7ebef12547920e0bf32cefeb7,1156320100,24,www.feiyue119.com/*
e8026fc6de6a56e86bbdebb4f4e5a955,1156511300,9,changqiedu.com/jiaoyu1/wap/*
e81eafc78f998a8f8ede51e47311207f,1156130600,1,www.niceloo.com/yixiao/*
e847238737e12b347f51a147529ef4a7,1156513400,6,cqiedu.com/xl/xf*
e8d66b4e1134bb14d4be25d618586cdd,1156371000,1,yidongm.zzbredu.com/*
e8e2cffc36b310581b47be9a29e411b2,1156370800,2,cqiedu.com/xl/xf*
e8e84f5ff85a26e54548ba2622af8871,1156110000,3,cqiedu.com/xl/xf*
e91a976676ddd428b936ee6b046eb03d,1156321000,20,www.feiyue119.com/*
e935f1c24915a02c604183a6747581b0,1156130100,7,changqiedu.com/jiaoyu1/wap/*
e9c9833bf1757faed2871085ee7b5cfd,1156610700,1,www.yd119.cn/m/
e9d1e6b5d68c8f7f25d0b98dd8d826d9,1156370300,2,www.youluwx.com/*
ea1fbc6ebc07f4421f8557d6199557e7,1156510100,52,jy08.yanganzixun.com/xfpc/*
ea579d4c1e9b3628467733e0a642ce1f,1156510600,21,www.youluwx.com/*
ea9a5570fbdd05ce737de5cdd48d2dd5,1156130100,18,www.yd119.cn/m/
ea9a5570fbdd05ce737de5cdd48d2dd5,1156130100,25,www.feiyue119.com/*
eaa7b3296d06ad9b37ba8d1c90babddf,1156130100,25,yidongm.zzbredu.com/*
eaa7b3296d06ad9b37ba8d1c90babddf,1156130100,2,www.qddfxfpx.com/*
ead2a71960d7b99fb5470e8141516276,1156130200,5,www.niceloo.com/tg/xf*
eb24ba19e1fcf5a369e2ce7f81bb4a80,1156320900,1,www.youluwx.com/*
eb37f95749bd5f6c252905a44ab971b1,1156211400,2,bj.hpwxb.com/xf-MB*
eb43e341d3f06bf204874c31563728eb,1156320500,27,yidongm.zzbredu.com/*
eb43e341d3f06bf204874c31563728eb,1156320500,23,www.yd119.cn/m/
eb4ab862829daaf61a09790d99424b19,1156220100,8,changqiedu.com/jiaoyu1/wap/*
eb8c89e3457a675ce6a4949eb51a4662,1156371700,2,cqiedu.com/xl/xf*
eb9042b3f182d6ec5774caae735cd112,1156220100,32,yidongm.zzbredu.com/*
eba00b0fbc96892aa325e5291033a6ec,1156510600,1,www.youluwx.com/*
ebf71b9158cef9356df27accfdbdff11,1156510100,4,www.youluwx.com/*
ec09bdeb05b1af770f949ba97578c422,1156320900,4,wap.bangkaojiaoyu.com/bjtg/xf/*
ec26e1ed4e9e060cd5eae859a01c7430,1156310000,6,wap.bangkaojiaoyu.com/bjtg/xf/*
ec703c895b4a8973df56d382c55246fd,1156371500,1,www.niceloo.com/yixiao/*
ecdfa66fa452339c2ef8fb1af720de28,1156130200,1,www.youluwx.com/*
eced5fb520e730da097d77ec3d2fc288,1156370700,6,cqiedu.com/xl/xf*
ecf5f23e707f7a3acbe16c36212ff2e0,1156130200,6,changqiedu.com/jiaoyu1/wap/*
ed2f2295af685adb92884885bbd59339,1156341800,4,www.qddfxfpx.com/*
ed4442ac526fd0963ef90a80ce4a6fce,1156130200,3,www.yd119.cn/m/
ee2857bec5d6d7e187611e1b48ea931b,1156371700,8,changqiedu.com/jiaoyu1/wap/*
ee3efc8b291cc1cbe27f58533deef2ad,1156371600,2,cqiedu.com/xl/xf*
ee89d464a4feeeeb38e78a587262b94e,1156371600,24,www.yd119.cn/m/
ee8e6eb4fef47ddb88ada5ec72728e87,1156510100,5,changqiedu.com/jiaoyu1/wap/*
ef7a3f3be7f0a390f0a69a670069307f,1156410100,4,cqiedu.com/xl/xf*
ef7e08c6081a8249eba50efee8923bc9,1156371600,28,www.yd119.cn/m/
f00b7ed225c01dcd4ad923230937441f,1156130100,30,yidongm.zzbredu.com/*
f0287ecc1a6bc6ee802f714ccc4d0446,1156510100,5,cqiedu.com/xl/xf*
f0f04d4b29daccbb78523fd5668b9fdd,1156130900,30,yidongm.zzbredu.com/*
f2f748e615d7d81f7fc2107116b6ecd2,1156320900,33,zjks.offcn.com/zg/xfgcs*
f2f748e615d7d81f7fc2107116b6ecd2,1156320900,24,www.feiyue119.com/*
f3a21bf55a96b160dda9f960f5373232,1156220700,1,www.yaomiedu.com/wap.html*
f3b7627a2cab80bb12d32c2148804e82,1156130100,1,www.niceloo.com/yixiao/*
f42aef86a6e9f0488c25fc6235274a84,1156131000,7,changqiedu.com/jiaoyu1/wap/*
f4665a560392b09a6aee0a492f0e2d21,1156511100,4,wap.bangkaojiaoyu.com/bjtg/xf/*
f4a952978244d77329704cbaf5f064f4,1156371600,1,www.yaomiedu.com/wap.html*
f4ec6e42f96138031aba553a3bffcce9,1156511300,8,changqiedu.com/jiaoyu1/wap/*
f508f8d054d725123e3e3ffd9a0263bd,1156510800,5,cqiedu.com/xl/xf*
f56893f7ea8bb67d4266ac6387067aac,1156370900,1,www.youluwx.com/*
f58467172ae7a4cd3cab7ce061c9d28c,1156371300,15,yidongm.zzbredu.com/*
f5c4ae62e7d6d38bf58762e54ab0db0a,1156421300,2,www.niceloo.com/yixiao/*
f5f09c4dfa5110bf15daac5413c6f292,1156511700,7,www.yd119.cn/m/
f5f18cca2fda689fdb693ce598f07ce3,1156130700,26,zjks.offcn.com/zg/xfgcs*
f5f18cca2fda689fdb693ce598f07ce3,1156130700,5,wap.bangkaojiaoyu.com/xf*
f6728d154dfde4edec2f61e67b08f038,1156310000,2,www.youluwx.com/*
f73897808f0cc55acf107700cda389b4,1156130400,8,changqiedu.com/jiaoyu1/wap/*
f739cdb3764e8bce79b2389d382517bc,1156321000,5,www.yd119.cn/m/
f75b774245b48236c30e98274dcda104,1156511000,18,www.yd119.cn/m/
f7c40d5da272a65ef81cc62b3aa3bd1b,1156510100,1,www.niceloo.com/yixiao/*
f7e19a07a48aa415692bde068c89f724,1156130600,5,www.feiyue119.com/*
f8154e0239f93a0ebd5cc0793e3b33e2,1156410100,31,www.feiyue119.com/*
f8975cc4989d528986db9e5dbe4d3d6b,1156150400,8,www.niceloo.com/tg/xf*
f8ab69502a451543eed1b33f7e518b3a,1156120000,12,www.youluwx.com/*
f92e150e78a9b3f5f531b86dd0ffaa73,1156371400,27,www.feiyue119.com/*
f9432849b2ec5271200d87b3bd1e201c,1156370200,49,www.youluwx.com/*
f9d473a64fae019e12da01a46e46432f,1156220800,23,www.feiyue119.com/*
fa1ffde1907b4c699a1a7b9c94152087,1156320300,8,changqiedu.com/jiaoyu1/wap/*
fa303a2d15ea1d75c20031dc0e7b205a,1156513400,24,yidongm.zzbredu.com/*
fb3de24eed0c5e2c6c0016e866cc8773,1156410100,7,cqiedu.com/xl/xf*
fbc26b8a949c945a078e450976eb91fb,1156510100,2,www.niceloo.com/yixiao/*
fbd9030240a7c16f5e796ed82604726a,1156222400,5,www.yd119.cn/m/
fbe083330774439fc6e912706cf9a324,1156510100,6,bj.hpwxb.com/xf-MB*
fc65194a419f180eebd43343eef7b083,1156310000,32,zjks.offcn.com/zg/xfgcs*
fc6b9782dac962fea19b2ab6de82c8f9,1156230100,23,yidongm.zzbredu.com/*
fc75ea7e5fc4edbfe077001bf49b1bab,1156510400,16,changqiedu.com/jiaoyu1/wap/*
fc842452393a14e4322566c3d90e1c13,1156510100,26,www.yd119.cn/m/
fca66965be5eed31f3ebaf8af457a380,1156130200,41,jy08.yanganzixun.com/xfpc/*
fcc50b2c44a8668cd84d375452e030f2,1156371700,8,changqiedu.com/jiaoyu1/wap/*
fd3144ddf114a27a0579b353f3b0d913,1156320800,2,www.yaomiedu.com/wap.html*
fd640edb79f13fa722b0f9db45717705,1156440100,15,changqiedu.com/jiaoyu1/wap/*
fd6a09a243955137ebf8f2364b269b7e,1156411600,1,www.yaomiedu.com/wap.html*
fdaa5397846baa468f1e9f93a8e5e29b,1156510700,2,changqiedu.com/jiaoyu1/wap/*
fe3776d554bd2a41ac9c6cb72fb0a16d,1156371300,1,www.yaomiedu.com/wap.html*
fe8829797071394780364bb86fffd44c,1156320100,31,yidongm.zzbredu.com/*
fe8829797071394780364bb86fffd44c,1156320100,22,www.yd119.cn/m/
fe8829797071394780364bb86fffd44c,1156320100,1,lma3.fjbest.net/indexApp.html*
feb572815b3f029407b6138fffc8003a,1156131000,2,www.youluwx.com/*
fec380af0289ae34cc07c1478cb241ba,1156130500,28,zjks.offcn.com/zg/xfgcs*
ff2abad5dcc58b127b92d2216c66d973,1156130700,27,yidongm.zzbredu.com/*
ff5e16616b9a9e6abf6546b442c4824f,1156370600,29,www.feiyue119.com/*
ff786686674d764cba32350e6ce6c76f,1156320600,24,yidongm.zzbredu.com/*
ffa4ce55d21061aeaaec3547e8498059,1156510100,11,www.youluwx.com/*
ffccca88ab9ab57337d39cfb50440f5d,1156510700,6,cqiedu.com/xl/xf*
