015a39fd5535b31d06e1a5a926c24e9a,1156420100,3,m.yazhouxingti.com/*
015a39fd5535b31d06e1a5a926c24e9a,1156420100,14,m.saipujianshen.com/*
029764229fffc94f5d6f8e89bab339aa,1156420500,19,m.saipujiaoyu.com/*
03ab412c87c05a1bda2edb074c77a25c,1156430500,21,m.saipujiaoyu.com/*
03c2096e1e4b33ba99fa950babcd6372,1156430500,3,m.yazhouxingti.com/*
040869c1109bc24b7a90c3b8d0bc0b5b,1156431400,13,m.yazhouxingti.com/*
04662ded54d6f13260430baa391bdd32,1156451000,4,m.saipujiaoyu.com/*
0559537bc1d953bd3a655465cc5e9f27,1156510100,46,m.saipujiaoyu.com/*
05b6253863c9caf1da2dd12d26a40d16,1156420100,1,m.saipujiaoyu.com/*
05daef85cce25d23ce376a6ff3363b6a,1156511800,41,m.saipujianshen.com/*
060bb44ee5153862aa19ce1287c2ae50,1156320500,4,m.saipujiaoyu.com/*
0740d7c94c5a3a6c94da9528022840be,1156421100,30,m.yazhouxingti.com/*
0745998446e1f37e6d3157dfd7744951,1156510700,26,m.saipujiaoyu.com/*
0751ee88203d3826f9bfd06792f1020d,1156420100,2,m.yazhouxingti.com/*
07a91ba9dea5e38df3ad8a686e26d571,1156420200,43,m.saipujianshen.com/*
0811389590a8a8265f09d1ecd20fe05f,1156510100,36,m.saipujiaoyu.com/*
08511f46aada7a78c886ea6010b7a390,1156430200,20,m.saipujiaoyu.com/*
08a86baf79153c6f1192fbda612c0e2a,1156511800,32,m.saipujiaoyu.com/*
090d5c0ef85c266492b42255da7db769,1156421200,19,m.saipujianshen.com/*
092beedb9ab49d661ae38873632e76b9,1156511700,25,m.saipujianshen.com/*
09a88cd5d7e428984c80910518b57713,1156430200,32,m.saipujiaoyu.com/*
0a2a0af96f60c51b49a19ea787965d27,1156510100,1,m.saipujiaoyu.com/*
0a79ac632b79d756575fc8600bb6421f,1156510100,1,www.fearless-fitness.com/*
0b837a3681bdcd13b704bd9f2f9f3021,1156510700,35,m.saipujianshen.com/*
0ba957e4010d89da2e253e567eb60da8,1156511800,16,m.saipujiaoyu.com/*
0bbc4087252c316e4ec5275181e6b098,1156421200,1,m.saipujianshen.com/*
0c087ab48822a55d7ad955404f57cd5f,1156513300,16,m.yazhouxingti.com/*
0c0caaa1b41e143a69244d9584bfb3cc,1156510100,43,m.yazhouxingti.com/*
0d691c65b56db1bbb8702a1e10970df8,1156510500,25,m.yazhouxingti.com/*
0d9b775bd34cb55812c36401b024f250,1156430100,1,m.saipujiaoyu.com/*
0da26595b140d34b9f4eb00f62a78f4c,1156511300,34,www.chuangtijianshen.com/*
0da948e5942505a8757ba12ee4e1fbc1,1156510600,13,m.saipujiaoyu.com/*
0df4c4239064ae330daa9d92d802b74d,1156511100,17,m.saipujianshen.com/*
0e1d011f6f4f5483b266fe1feaeead4a,1156433100,7,www.feibaojianshen.com/*
0e30f492907cb501ad6e778837ea0908,1156511300,26,m.saipujiaoyu.com/*
0e3bc4fc2274d8d6e496d6f59f4c8e21,1156430300,2,m.saipujianshen.com/*
0e877e1583ceb8c87cf453f06098d58a,1156431100,3,m.saipujianshen.com/*
0f18667923f0e1232605bdff5ca0ab0c,1156510100,2,m.yazhouxingti.com/*
0f356cd02308e1c9163bb50be4faa8a2,1156420100,2,m.saipujiaoyu.com/*
0f4699722991e8fe4ee8f6f1f96134b3,1156430700,16,m.saipujianshen.com/*
0f65ca2b5acec10eb9f1e8233ca63d95,1156513300,9,m.saipujiaoyu.com/*
0fb156bebd36bc59ae7192aaa2b46734,1156431300,22,m.saipujiaoyu.com/*
0fd18fcfb3defcece2348665d21057d5,1156431300,36,m.saipujianshen.com/*
0feecce3b393961b6c79a3e74ee8f1ea,1156421800,53,m.saipujianshen.com/*
104db846266f8989c6b0b3a693430473,1156511600,26,m.saipujiaoyu.com/*
109f70fbba4c65351df418c4995d6e58,1156431000,7,m.saipujianshen.com/*
10d31b3ee374275c4b1ebc436f9438d3,1156421000,9,m.saipujianshen.com/*
10fd30f4cf1be56b73aacca7cc03924b,1156511700,19,m.saipujianshen.com/*
11600dfdccb24f43533b469a3e842ba1,1156510100,28,m.saipujiaoyu.com/*
118fa5775eac6cf3fbbbf68a9cc791a8,1156430100,3,m.saipujianshen.com/*
11de4c7b6372b0e240bcdb8b252e7973,1156431000,40,m.tytyedu.com/*
11e4324b5764b6e312de7a800ec6737a,1156420100,39,m.yazhouxingti.com/*
11e4324b5764b6e312de7a800ec6737a,1156420100,30,m.saipujiaoyu.com/*
123ee12cf3ec3bbd0da91723f5308aa3,1156431300,4,m.saipujianshen.com/*
12497a2a534c94ddbc58158f329a984d,1156510100,34,m.saipujianshen.com/*
126538511415b9696695484f53c0493f,1156510100,32,www.chuangtijianshen.com/*
128b02686e3988c63ee50301617ed5c9,1156510100,8,m.yazhouxingti.com/*
12f5ea73dcef17944b1bbee16a6e04df,1156431000,3,m.saipujiaoyu.com/*
1331f1bb4d1fca01823cd888f42be8fb,1156431000,9,m.saipujianshen.com/*
1360cb0b9efcb1aab9db033b5d0a0217,1156330100,1,m.saipujianshen.com/*
13beb20b075adb442c88f23d8c8731ed,1156421000,34,m.saipujiaoyu.com/*
14000720341360207f454e52a59e92cb,1156430400,5,m.yazhouxingti.com/*
14000720341360207f454e52a59e92cb,1156430400,10,m.saipujianshen.com/*
144e339d7681fed5d41d00bda0f537f1,1156421200,1,m.saipujiaoyu.com/*
144ea9f4cf35caa6c2ed23a6537343c6,1156510100,16,m.yazhouxingti.com/*
145adc5224c5667a17ebaaef140f416a,1156510700,15,m.saipujiaoyu.com/*
15716b66e8705276d47c2786e699c072,1156430500,27,m.saipujiaoyu.com/*
159c52d4a05a6faffdc73e063400ad31,1156513200,9,m.saipujiaoyu.com/*
15b8a6b2e5b1ab08b34115fe8cfa2f52,1156430900,29,m.saipujianshen.com/*
15cc0f207203c9c22bbe75fb5f936d0a,1156510100,43,m.yazhouxingti.com/*
1682e9ec5f345f6737540771b443fdf5,1156511300,43,m.yazhouxingti.com/*
16d58ef09f42f5fcd443ac5746319e60,1156421800,13,m.saipujiaoyu.com/*
16d8df8d02e21d0ecf071ffe702e5425,1156620500,40,m.saipujiaoyu.com/*
16ea7a4a6d97bcffa12cf934646eb5cb,1156511700,27,m.saipujianshen.com/*
173b495ebf4608afca7cb04ea1cbd3a8,1156510100,26,m.saipujiaoyu.com/*
1792198f733c3ba7ac9b568f05db7205,1156330300,1,m.saipujiaoyu.com/*
17c5ef4f7632b6856f921a5b25927280,1156511600,10,m.yazhouxingti.com/*
18302e42a039f309e194bb4ab3e3bd3a,1156510100,6,m.saipujiaoyu.com/*
1847e78f853259586d68c6624445c460,1156430600,1,m.saipujiaoyu.com/*
186abefd499bda55a44b900b9074118f,1156511000,35,m.saipujianshen.com/*
18ad9350d7a2ed13cf85ea20b36de652,1156511700,29,m.saipujiaoyu.com/*
1912694f0dbe0ee5593878f4787dbb27,1156421100,1,m.saipujiaoyu.com/*
194312259f7cdfb1e41afd844abf3222,1156430500,40,m.saipujianshen.com/*
198df6c90b72e3535224f187d705e049,1156431100,30,m.saipujiaoyu.com/*
1990956be58793e382b1fb18449b3318,1156510100,32,m.yazhouxingti.com/*
1a8a8ad86a0b18ae63a3080ac7a2daa4,1156430700,6,m.saipujiaoyu.com/*
1ad9ee9aade9cbb0b8cd5bd32a7cf652,1156440600,29,m.saipujiaoyu.com/*
1afd1e60fe61677f5d245ac4e4f28492,1156510100,24,m.saipujiaoyu.com/*
1b401d2b21fcad8ba425d63bc3936342,1156511100,4,m.saipujiaoyu.com/*
1b86a7f009cf46d558dfccb494167f16,1156513400,19,m.saipujiaoyu.com/*
1c4d71d9ea023fb22618c84405f5797d,1156431000,50,m.saipujianshen.com/*
1c54b493820efd116c725e38b2feec0c,1156510600,16,m.saipujianshen.com/*
1c5cad044ddaa09bf744d03841736ea9,1156420100,51,m.saipujianshen.com/*
1c74654af6ed8fb7cbdc2f2cbc76fb8a,1156520100,18,m.saipujiaoyu.com/*
1c9397197672c33b9af8dfbf31c541d4,1156510500,43,m.saipujianshen.com/*
1d1204e4353fd3f1ad009c18b0ebe954,1156421800,20,m.saipujiaoyu.com/*
1d96b3f3221f55ec53ee0e73c2f0800f,1156510100,31,m.yazhouxingti.com/*
1e0457a24ef1a1f757b347e3afccc395,1156511300,1,www.567go.com/*
1ed725def976e54a544cd21b93e26f52,1156511100,19,m.saipujianshen.com/*
1edf394989dafbfae20ee038656ebff6,1156511100,36,m.saipujiaoyu.com/*
1edffb8d519444a2c46937238a2dcf03,1156513400,12,m.saipujiaoyu.com/*
1f2e9ed630908b444977671c86f89210,1156430900,4,m.saipujianshen.com/*
1fa20c93f0803104c781913f65c256a7,1156510100,50,m.saipujiaoyu.com/*
1fef79e5750976c5f7facc4d664ca207,1156510500,27,m.yazhouxingti.com/*
2010ad9a0aed8c759abda87e50ceb490,1156431000,20,m.yazhouxingti.com/*
20e2e3536a207a3b2475c74bbcc69254,1156510100,35,www.chuangtijianshen.com/*
222a45c17d234f45166bd7b61057d975,1156420200,41,m.yazhouxingti.com/*
22cafdd36605a8ff87a4d90648f420c7,1156511500,1,m.saipujianshen.com/*
231c02ac912059f16b43af2f1f00530a,1156511600,25,m.saipujiaoyu.com/*
2345f83f9dcab17837c88ff9fee8c400,1156440300,71,m.yazhouxingti.com/*
23c5201a5bec064efff5e03831f3bf37,1156430400,39,m.yazhouxingti.com/*
248f34308f7be97a508d17686ec71aeb,1156510100,43,m.yazhouxingti.com/*
24de360ce2d372882a96e2b832de14fd,1156510500,9,m.saipujianshen.com/*
24fa2509e6db67d1245fd2de62c0bef5,1156511600,7,m.saipujiaoyu.com/*
26770ffc185299dc50c4fa96636d4d47,1156510100,2,m.yazhouxingti.com/*
26ea172b63cd6e43c3659f788062a747,1156510100,16,m.yazhouxingti.com/*
271ca4d7b1874e9e5802e7ce5416696d,1156430100,10,m.saipujianshen.com/*
2751aab6eff57144b0414bd3d78ae25b,1156510100,26,m.saipujiaoyu.com/*
27aa28b1cbb7dc5c690a6a31b9214c65,1156421000,1,m.yazhouxingti.com/*
2828885b67f80946c7b5bfda2fa5b50f,1156510100,39,m.yazhouxingti.com/*
2828885b67f80946c7b5bfda2fa5b50f,1156510100,31,m.saipujiaoyu.com/*
286baa119ba59a1fbfa33d08e1dd8d5c,1156510100,15,m.saipujiaoyu.com/*
294f2b0e2061c08e8854ccf7cda62d2d,1156440100,30,m.yazhouxingti.com/*
29aee511405fd376e59f3964ea6afae6,1156422800,2,m.saipujiaoyu.com/*
29eccf3ecc115fe73ee51d5c23c3502e,1156511700,1,m.saipujiaoyu.com/*
2a9ea4bb355e11ce54268bfcd4345d27,1156431200,39,m.yazhouxingti.com/*
2b323712b1808b02085462f89ef8f717,1156510900,2,m.saipujiaoyu.com/*
2c1cbe1e3a2e4bd5609b9960e89f707e,1156510100,26,m.saipujiaoyu.com/*
2c422c693a1a314399b3a089fcfb2ca2,1156511900,9,m.yazhouxingti.com/*
2c839eb7d0ddd3864ae40436f778bc62,1156510700,39,m.yazhouxingti.com/*
2cb648f0de4386296b1ebb92a305498c,1156510700,28,m.yazhouxingti.com/*
2cbb4dbf37a65ee768c831809009b209,1156510400,53,m.yazhouxingti.com/*
2ccdcd4b16a186f180fa30f327ab4b72,1156430800,24,m.saipujiaoyu.com/*
2cd84e8eb99efe9b6cc3faffe4beca1c,1156420100,29,m.saipujiaoyu.com/*
2d2192dc928013468df02cd90a49e77a,1156510600,18,m.yazhouxingti.com/*
2d83b1b3e3b20d204d2fa7df63d86a73,1156510100,10,m.saipujiaoyu.com/*
2e8ac333f4facee796431b3c6978832d,1156420100,33,m.saipujiaoyu.com/*
2edd11cf166bdf6902c7f345740fbff8,1156511900,39,m.yazhouxingti.com/*
2f098ad48e6d790f10af4e5d14996360,1156513200,10,m.saipujianshen.com/*
2f0df5c9af05b9ff88fa8da4fb2edd0f,1156410100,30,m.yazhouxingti.com/*
2f25622b7b157a7e919bae7b0f0da08d,1156511900,5,m.saipujiaoyu.com/*
2f4e251ac26984f4c31649c414022e8f,1156511500,13,m.saipujiaoyu.com/*
301a2f105b835712cadc5358a82acd15,1156511000,41,m.yazhouxingti.com/*
30373fa9231875c60da99c4a39854fe2,1156511700,26,m.saipujiaoyu.com/*
3046486ad75b318de0684b4fe522d987,1156510100,16,m.saipujiaoyu.com/*
30562d67341839ea7bd004cf5f92b1fb,1156510100,24,m.saipujiaoyu.com/*
30cab55c4aef382cfe1f0c9bb6b70af8,1156510600,19,m.saipujiaoyu.com/*
30e01d819b98e380f6e7b2346df89387,1156431000,7,m.saipujiaoyu.com/*
311c8112c51f4bcbe86a4eb660490fc4,1156510100,24,m.saipujiaoyu.com/*
315578a97c47616d37bb40a6150afb1a,1156520400,44,m.saipujiaoyu.com/*
317f034525b6c464279148d0d8161e57,1156511800,23,m.saipujiaoyu.com/*
32f6efb03e59ad0459fcbc0f6169756f,1156430200,3,m.saipujiaoyu.com/*
33183c94588bd7cfae361e64ad4750f3,1156320200,18,m.saipujianshen.com/*
33457c0d00d74629b49964dfe74f5683,1156431000,6,m.saipujiaoyu.com/*
33de6a3fc88510fae7f5b36aa12f2fe2,1156510500,1,m.saipujianshen.com/*
34293617ad1cd75992c1220a8fc25180,1156420900,16,m.saipujiaoyu.com/*
3454857f01c6592d4b3f373ee311cb97,1156513400,13,m.saipujianshen.com/*
349d2c42e3cafbce10cc54171742c816,1156510700,1,m.saipujiaoyu.com/*
34ebf616e718908c1d163acbee607479,1156421000,28,m.saipujiaoyu.com/*
3520d85b312c1fc8c7be346f989a0d6d,1156510500,28,m.saipujiaoyu.com/*
354477f0050a378cf8f28e1da3649fe0,1156511300,1,m.saipujianshen.com/*
35741c2bd7ec1e345f4acfa7ebb75178,1156513200,56,m.saipujiaoyu.com/*
35a34c5c3e0902c35fd59c216f8c7d00,1156430600,7,m.saipujiaoyu.com/*
35a92f814fac5b1ccf3ece86d3930511,1156510800,20,m.saipujiaoyu.com/*
35b550922278eca6fe6cf8d0ec21fc11,1156421500,13,m.saipujiaoyu.com/*
3648905abb2305a99ebe5e4ceb106bec,1156430600,25,m.saipujiaoyu.com/*
36d8da790b56081417d826b265164982,1156421800,7,m.saipujiaoyu.com/*
37076f09e46fa01e69df9f16fff3780b,1156430100,42,m.saipujianshen.com/*
3727d2a26430a06dbab1f33566226b75,1156510100,27,m.saipujianshen.com/*
37a8382d4fd2a701936b1209c2be9182,1156430600,40,m.yazhouxingti.com/*
3864b933f52fb0172a650490362612c7,1156510100,2,m.saipujiaoyu.com/*
3864b933f52fb0172a650490362612c7,1156510100,36,m.saipujianshen.com/*
386f008993f9224ed528ebb13a876ae3,1156510100,16,m.saipujianshen.com/*
38fe33c17713c29d7176640a966f2aa8,1156510500,1,m.saipujiaoyu.com/*
39fc408f8c153bac9ab24b2bd74fdc81,1156511700,6,m.saipujiaoyu.com/*
3a22d8d0b8d4614511a01df4a4e3fa09,1156510400,1,m.saipujiaoyu.com/*
3a2ba4cde347160b168b86c9724ec582,1156513400,18,m.saipujianshen.com/*
3a752a37fdb78467977b90f87d63ce6e,1156510100,32,m.saipujiaoyu.com/*
3b0e401f6ac28065c723c611a7c96809,1156510100,6,m.saipujiaoyu.com/*
3bb8c049baa2b42cf05d3b82d35ced7b,1156420100,19,m.saipujiaoyu.com/*
3bb8c049baa2b42cf05d3b82d35ced7b,1156420100,48,m.saipujianshen.com/*
3c80a68bcf314111e4bfdd3bafe50bbd,1156510100,23,m.saipujiaoyu.com/*
3d97de1ebe8a66b073d8b12a797dbfe3,1156511000,21,m.saipujiaoyu.com/*
3e2ec50b2a353dde88e684a2f1cde312,1156430100,17,m.saipujiaoyu.com/*
3ee5e2c666ca78a1c74d53142a0d7944,1156510700,28,m.yazhouxingti.com/*
3ef57ad1733c3678c3bc891f438823f5,1156512000,14,m.saipujianshen.com/*
3f48f7a22a6939f895c4d6386a573d03,1156511700,38,m.yazhouxingti.com/*
3f48f7a22a6939f895c4d6386a573d03,1156511700,3,m.saipujiaoyu.com/*
3f83bd01837feb79acf7db9b6cd39a9c,1156431200,21,m.saipujiaoyu.com/*
4041f4a1f5206bf0e720c5bf9e364f79,1156430500,8,m.saipujiaoyu.com/*
405d72d5792bfca22cacc874fe2b913b,1156510500,30,m.saipujianshen.com/*
41063fad8bbd4d466d0b42ce83d1f734,1156421000,31,m.yazhouxingti.com/*
41b4e92a759df85fa45c8a7fd59476af,1156430600,17,m.saipujiaoyu.com/*
41fb2efe89c2734a98e92aa8a4d34cf2,1156430500,11,m.saipujiaoyu.com/*
425b109cc5381e7867a306f7a965e709,1156421800,13,m.saipujianshen.com/*
4276c862ef0ca8694bd51e9ae8e8b283,1156510700,26,m.saipujiaoyu.com/*
4286bacb5303e7aa8016f9a55394a177,1156420700,30,m.saipujiaoyu.com/*
428ca8152496e9750a938be14bf2910c,1156510900,35,m.saipujianshen.com/*
42ab5918b438a8e2646ccf6815c9f595,1156510100,4,m.saipujiaoyu.com/*
42c0ae91d22f128f2da611dd6cbd219f,1156510500,25,m.saipujianshen.com/*
43b1d069a2e1a522146c6d9f94b13efd,1156420100,24,m.saipujiaoyu.com/*
4425a6c6a8ed3bd14299f74fe464ce77,1156510700,39,m.saipujianshen.com/*
4432433150588b5ec3f6c98fb4a99460,1156431100,20,m.saipujiaoyu.com/*
457300db455b7067425102d34338c33b,1156421100,4,m.yazhouxingti.com/*
45a9b33aebeca8d39c52ad5bcd6a18b1,1156530600,46,m.yazhouxingti.com/*
46013d20675316760515bc96733f3715,1156420100,104,m.yazhouxingti.com/*
46b542ccf27de887cf47968da6f97433,1156430400,21,m.yazhouxingti.com/*
4700f840b4cc3c5bbf6ab66f7a89ac8e,1156431000,4,m.saipujianshen.com/*
4768e7af03abd1d96c9029c7259b583d,1156430500,1,m.saipujiaoyu.com/*
47bcf8729630e69eb7c83884bcea0da7,1156430800,26,m.yazhouxingti.com/*
4846d14bf3fdcc73fb60a15c410c172a,1156430100,5,m.yazhouxingti.com/*
48759977c9dbd3b0d8bd6d8b7323cb02,1156510100,1,m.yazhouxingti.com/*
4878305589a0fef2997ac8ec9324f096,1156431200,7,m.yazhouxingti.com/*
4878305589a0fef2997ac8ec9324f096,1156431200,3,m.saipujianshen.com/*
490442406fc95ac25e4203b30beb6796,1156420100,19,m.yazhouxingti.com/*
49b5f547e35921c5aadf63ced10f0100,1156431200,16,m.yazhouxingti.com/*
4a5277e5ccd04b1dca6c47d1cde61913,1156510100,30,m.saipujianshen.com/*
4a64e354c5ff0c756fe9e94c83ddea2f,1156513300,12,m.saipujiaoyu.com/*
4ac4d324712bf64969db13f47d6e0cf6,1156513400,48,m.saipujianshen.com/*
4adb5ba3b33f361f380c95583ce61960,1156511900,2,m.saipujiaoyu.com/*
4b07623663810eebc0c96b0dcc8088d7,1156510100,10,m.saipujiaoyu.com/*
4b6f944eb72b9e9dd0b562451919c139,1156510100,39,m.saipujianshen.com/*
4c0bc8415c6350133ea66c221f5f28ab,1156511100,29,m.saipujianshen.com/*
4c26badf18cf2aa1a8aa5280e14dd7d7,1156430700,27,m.yazhouxingti.com/*
4c325cffdadd5806248fad27ec38b705,1156441300,20,m.saipujianshen.com/*
4cc70691052525f86b727af550735427,1156510100,43,m.yazhouxingti.com/*
4cee7627c494e1e995143cb1160651e6,1156440100,25,m.saipujiaoyu.com/*
4d59d9fab0d216d00ef13756381a56f7,1156510700,22,m.saipujiaoyu.com/*
4e40efb798d18d61fd51ed204ac25d14,1156511300,31,m.saipujiaoyu.com/*
4f6f76ec249b051b6e55315475b8c790,1156431300,27,m.saipujianshen.com/*
5037144bb1d564f356e17e56c27af73d,1156420800,21,m.saipujiaoyu.com/*
50864db621f66d077ad73aeb36d2652b,1156420100,35,m.saipujianshen.com/*
51665e38059f21583cccf2bd173472a8,1156420500,16,m.yazhouxingti.com/*
522856ec44ba163aa13ec3c34f37c53f,1156330100,17,m.saipujianshen.com/*
524e3e4df3bfe442a0f3084c29752d38,1156500000,2,www.567go.com/*
52eba2a147d13d6799b0ca009130df23,1156510100,19,m.saipujiaoyu.com/*
53240ed2444ff958e203a88c0b598dc2,1156420100,1,m.saipujiaoyu.com/*
533414191a4679d5683e983d4f3efdf1,1156610100,34,m.saipujianshen.com/*
5340bbca5bf97fb35035f29600c9890d,1156511500,21,m.saipujiaoyu.com/*
5373d10c42b0083640851ab3228c2b8e,1156511500,41,m.saipujiaoyu.com/*
542726b1c41bc677b128d2f0d7059e3c,1156420800,1,m.saipujiaoyu.com/*
549343d8d95f38aed5a0d278bba1cc39,1156420100,19,m.saipujiaoyu.com/*
54dfc5151092a644fae70d66c8e54254,1156420900,32,m.saipujiaoyu.com/*
558ad46bcd34363dc9c953af2551a9c0,1156513400,31,m.saipujiaoyu.com/*
572c59e027d1beea8536cc816b42320c,1156421100,48,m.saipujianshen.com/*
5756e316d0bc8bac2c2a22b263e208bb,1156510700,22,m.saipujianshen.com/*
5781c08caa6fea721c0e320b96c06182,1156511300,34,m.saipujiaoyu.com/*
57cb1d1f4ba4c64015cfeae6d52e7eae,1156510400,25,m.saipujiaoyu.com/*
586b7575169495688a8a3a9367321d42,1156430200,1,m.saipujiaoyu.com/*
58e5a6e25315846e9004aa312dc26c56,1156430400,3,m.saipujiaoyu.com/*
59aa846069b5dfb7bf535e9ba0387104,1156511400,17,m.saipujiaoyu.com/*
5a6157faa54e3089525690ca908c313d,1156431400,26,m.saipujianshen.com/*
5a6fa869b6cf584adac8a25be10bb5df,1156310000,9,m.yazhouxingti.com/*
5a79498c51e6c956dccd78c1a13d6640,1156510100,37,m.hksca.com.cn/*
5a8a33b046eaf4557bfa8e397e9a8b87,1156510100,1,m.saipujiaoyu.com/*
5ab86295ed64fe0f119bebcf12dfca60,1156513400,34,m.saipujianshen.com/*
5b1d762de6e97b49c35bcb884063143b,1156431000,3,m.saipujianshen.com/*
5b3f1fcd6922f767fccf57cd279a5cb1,1156510700,25,m.saipujiaoyu.com/*
5b7f43ad5e82a8f8c01dab3344ca5549,1156510100,26,m.saipujianshen.com/*
5be3998586ad9617d10f3c954a7f2ffd,1156513300,20,m.saipujiaoyu.com/*
5c06b391cf3f23e85624d0b58e6d333d,1156430800,3,m.saipujiaoyu.com/*
5d593e0f58ff94637c5b9cca2989b7e1,1156513400,24,m.saipujiaoyu.com/*
5d706bb1bea1a762ad460ca11af25764,1156511500,4,m.saipujiaoyu.com/*
5e2804c55641c296fb34c33c0a16cbe8,1156510700,32,m.saipujiaoyu.com/*
5e431cbe0eb8b74ec09550a75ae2900c,1156430100,18,m.saipujiaoyu.com/*
5f4a1c1fb8f122d06f8879e7b7726f7c,1156510600,41,m.saipujiaoyu.com/*
5f4a1c1fb8f122d06f8879e7b7726f7c,1156510600,50,m.saipujianshen.com/*
5f7e2f1cb0113858239069ddd6949e27,1156430700,15,m.saipujiaoyu.com/*
5fd22e7ea917fa04004b4bf163a07ac8,1156430400,40,m.yazhouxingti.com/*
6086ca34ae46443134840f63cec59abc,1156420100,27,m.yazhouxingti.com/*
60a07b6bf36e90034db53a2d09bd37a9,1156420100,3,m.yazhouxingti.com/*
60ad83953174ce102dd9b668f28eccb9,1156430600,21,m.yazhouxingti.com/*
61bee090d5f79f8856d6799f8cb65b8e,1156330200,18,m.saipujianshen.com/*
61e39c0ebdc9062dfa292590fe3dc687,1156430800,2,m.yazhouxingti.com/*
61e39c0ebdc9062dfa292590fe3dc687,1156430800,3,m.saipujiaoyu.com/*
62a9d54d0a1901f54dba2d3d7576e6f6,1156511800,5,m.saipujiaoyu.com/*
632e432363a2a560f00328a9f1b1c520,1156511500,49,m.saipujiaoyu.com/*
64c4ac92f487e1804b61d4c916b78eed,1156510900,6,m.saipujianshen.com/*
64e5d99099e28eac599a157f51f871bf,1156510100,33,m.saipujianshen.com/*
6532c525df58fb494e9ed6056668e7b0,1156510700,40,m.saipujianshen.com/*
65bb027698e4eb806b8956b78747b8c7,1156422800,40,m.yazhouxingti.com/*
66a502f84e9a531e8f111e7ef9fc51f0,1156420100,21,m.saipujiaoyu.com/*
67477bf7009948f332b05c6438108b9c,1156513400,32,m.yazhouxingti.com/*
6789e7a1eb7f0e4d3888c0790a528f09,1156510100,2,m.saipujiaoyu.com/*
6842c746085b4b3ec856883184b4407d,1156420100,21,m.saipujiaoyu.com/*
6851eeec796d803ec23669b546e3052b,1156420300,4,m.saipujianshen.com/*
685b36f69c238f8205d7c79f7f89dfdb,1156510100,18,m.saipujiaoyu.com/*
68d8da72348bd257390c7315affcaccf,1156510100,60,m.saipujianshen.com/*
698b547babfd42455e610e0c68f80128,1156431400,11,m.yazhouxingti.com/*
698c80f38c6f197d1ba689f6a05b88c8,1156511100,31,m.saipujiaoyu.com/*
699fa6c97cd002438073cfb2ffd35a4d,1156510100,36,m.yazhouxingti.com/*
6a9dc99a3d35d1f465af6f2a00c96c59,1156421100,22,m.saipujiaoyu.com/*
6b8fd10472f93a5b15c0720994427245,1156510100,45,m.saipujianshen.com/*
6c117ffc423a6f528c6e8bab2349a407,1156421200,2,m.yazhouxingti.com/*
6c30dc41aff0f4e065ebc2607eed7246,1156430500,1,m.saipujiaoyu.com/*
6e04d9380d4d23e709f7f3ea70c61f03,1156430600,23,m.saipujianshen.com/*
6ebed192a948c88e17fb1a8f12248431,1156511500,40,m.yazhouxingti.com/*
6eda7631de95306e5809c040ab6de575,1156431300,9,m.saipujianshen.com/*
6f0b7216092d2c590391d1e986e1e01f,1156620900,2,m.saipujiaoyu.com/*
6f213cef1a7e4aa64a4f83356b86883f,1156430400,4,m.saipujiaoyu.com/*
6f8d43e0c099669660bc7e94273a6bda,1156420500,27,m.yazhouxingti.com/*
6fd9656544e4dbcff1801fc3d4be3acf,1156421800,16,m.yazhouxingti.com/*
700243b9361b5f6870af4da3df9b129f,1156511700,13,m.saipujiaoyu.com/*
7024b05fa3c8c8907b16e16361ba393b,1156513400,19,m.yazhouxingti.com/*
70328424c71cf3e1c2acdd9648721fba,1156431100,22,m.yazhouxingti.com/*
705489b0f11e51a76e9352a117c9602b,1156430100,20,m.saipujiaoyu.com/*
708f4d0aceba0fe35dfe2e754191156d,1156510100,31,m.yazhouxingti.com/*
70e7aeb75f447d0765905fccd377dcca,1156511300,15,m.saipujiaoyu.com/*
70e8557e99937ab438d2ada8a6d89f78,1156350500,2,m.saipujiaoyu.com/*
70f615098af3c0b2967e068e2147755c,1156421000,28,m.saipujiaoyu.com/*
729365c7226b47b2b97fb7adab34cd9c,1156430400,36,m.saipujianshen.com/*
73041253bb76b0144a48c97d0f7fbdd8,1156430700,15,m.saipujiaoyu.com/*
738c41c1366c31ca5f6400097ef28e2e,1156510100,5,m.saipujiaoyu.com/*
73d67c51861ba7c39f052c23dc3bbd1d,1156511400,1,m.saipujianshen.com/*
73f8061824b18f7bcae733f4acc0b754,1156510100,101,www.567go.com/*
73fa6106db719b4c5d42d52d8b84a7d8,1156510100,33,m.saipujianshen.com/*
741a6f260bb7434fab98348d985680da,1156421800,3,m.saipujiaoyu.com/*
7447725fdc8dbe7fca57f263d39d7556,1156511700,45,m.yazhouxingti.com/*
744d6f52f548c39717cf083c8c0bc3ef,1156430100,1,m.move2008.com/*
746522af0c515474376e72f9d57618b5,1156430400,43,m.yazhouxingti.com/*
746522af0c515474376e72f9d57618b5,1156430400,48,m.saipujianshen.com/*
74c8c2894a7958ab541070569008504d,1156420200,5,m.yazhouxingti.com/*
7529ffe44ae55c791b5324b3a894252e,1156433100,46,m.saipujianshen.com/*
75a012a5af934cdecacccd297e05173e,1156430500,27,m.saipujiaoyu.com/*
75b8e37fc9455b602a6ead0c2aa88766,1156430900,21,m.yazhouxingti.com/*
75c377b7702fe1be2a6b12fbdde58b4b,1156511700,30,m.saipujiaoyu.com/*
76db10c6dbeb79c8a7650e8197085ed5,1156430500,8,m.saipujianshen.com/*
7703d94cac43675f075afa63b447af9c,1156513400,1,m.saipujiaoyu.com/*
7797f30b1c1c479c78e6e252f5ce4cdc,1156430600,5,m.saipujiaoyu.com/*
779b7799975f0ac3699b4652f345675c,1156513400,18,m.saipujiaoyu.com/*
779c3a7e705fab8c9d239c75b5ce4176,1156511700,2,m.saipujianshen.com/*
77b005b3e67f488f52c0769620a825b4,1156110000,1,m.hksca.com.cn/*
77bc31ee3a7919e8a9c11a803d3e8d72,1156510100,44,m.yazhouxingti.com/*
77e4404ed42c232fa92b4ef25b28997c,1156511600,9,m.saipujianshen.com/*
77ff10d118b2536e66bac73063e7cbb7,1156511700,15,m.saipujiaoyu.com/*
7871a0c2b8c7020bd21811a793534528,1156510100,44,m.saipujianshen.com/*
788f86016c85007137f99c5ddc5322e1,1156510500,26,m.saipujiaoyu.com/*
78d0ff7bd0d18bb55ac8bd88a2ac6f29,1156422800,9,m.saipujiaoyu.com/*
790ee623c09a7d581c758bbcfc4e9e36,1156430700,6,m.saipujiaoyu.com/*
792938b12e9e5234e1cef2693a2bde5c,1156421300,33,m.yazhouxingti.com/*
79f4d2f05e0ce3e38b07aea45ab8e159,1156513400,25,m.saipujiaoyu.com/*
7a91e965ce2ec16985c97db7cf3f4715,1156513400,58,m.saipujianshen.com/*
7b9fad9d89b3561236ab3335056f33f7,1156510700,4,www.fearless-fitness.com/*
7c137e2f3cb09e00e8e86924a2bd8b96,1156431200,29,m.yazhouxingti.com/*
7c137e2f3cb09e00e8e86924a2bd8b96,1156431200,27,m.saipujianshen.com/*
7c771a2e40bee1b851f8be756922fb42,1156511400,26,m.yazhouxingti.com/*
7ce5a28a5f0a34de1210f33b56fe7557,1156510100,9,m.saipujiaoyu.com/*
7cf166991a6835ea31bb863f0edcc8de,1156511900,12,m.saipujiaoyu.com/*
7e03c532679e7e7131d0a09ba2de3f4c,1156420200,30,m.saipujiaoyu.com/*
7e55cea79ccd1c7a26ca945d8bc137d5,1156511400,14,m.saipujianshen.com/*
7e6f2a17107b52431f56489cbd0d437d,1156510700,31,m.saipujiaoyu.com/*
7e927aa30b14bfb8acb323bb98042d2d,1156430100,44,m.yazhouxingti.com/*
7e927aa30b14bfb8acb323bb98042d2d,1156430100,35,m.saipujianshen.com/*
7e927aa30b14bfb8acb323bb98042d2d,1156430100,5,www.feibaojianshen.com/*
7ec538c10e3dabf2f2ec72a340670fcd,1156513300,46,m.saipujianshen.com/*
7f049ad66c363c478c3eea08a4e7a073,1156510900,24,m.yazhouxingti.com/*
7f16d2b08f4407e22af1f589c56d7bb4,1156420100,10,m.yazhouxingti.com/*
7fb6c0b6a88adf9774bc4a44ba89f524,1156430800,23,m.yazhouxingti.com/*
7fb84c904dba1fcd345d89b21bdb6c74,1156321000,51,m.saipujiaoyu.com/*
7fc0a472ddb877c73909657f8addfc00,1156130100,21,m.yazhouxingti.com/*
8001a1e4fa20760096f803026495e9df,1156511000,1,m.saipujiaoyu.com/*
81fcc0a1102b329cc06b1a30273d3be1,1156420100,15,m.saipujiaoyu.com/*
8270bd100838682790f77418e1b8498c,1156510800,32,m.saipujiaoyu.com/*
828de0d4916bcb286cd17652ded84085,1156510100,52,m.yazhouxingti.com/*
835ffecb61f607ccb01a19c362468f33,1156510100,1,m.saipujianshen.com/*
8360f9e41b7acca3c6e1690ae95a7f97,1156510300,26,m.yazhouxingti.com/*
8394820843d534d015fbc4b610beb384,1156420100,47,m.saipujianshen.com/*
83e078bc025196e3d9406af603c71fdb,1156370500,3,www.szgjjs.com/m/*
8477746fe953f8df1db0d9b1e694c092,1156510600,31,m.saipujianshen.com/*
852fc6d53ec069ab2974d14a5a249d7e,1156510300,24,m.saipujianshen.com/*
857b0adc3bd438184e388135f1dce3fc,1156420500,24,m.saipujiaoyu.com/*
85830666951a1823a66bca929241a69c,1156513400,7,m.saipujiaoyu.com/*
8597e326563cdacd2d14beff0dde2a37,1156421800,1,m.saipujiaoyu.com/*
85d625255cd1d724bae34984decaf697,1156510400,29,m.yazhouxingti.com/*
8637267a399def8328991bcb930f3b94,1156510100,17,m.saipujianshen.com/*
86afa1bb676573d1af4f0c2eb7e41255,1156430700,2,m.saipujiaoyu.com/*
86b98dc7a687d51173fafe38e85d1715,1156421800,10,m.saipujiaoyu.com/*
86cfd0c347c8d38af97e4ae9e8cee141,1156430700,2,m.saipujiaoyu.com/*
877824f81c252fc83ed15f73c64ee0b8,1156511900,40,m.yazhouxingti.com/*
87941be79f264384e0b9805ea5e726fc,1156420300,1,m.saipujiaoyu.com/*
87e80c89405417d590771ae621940719,1156430100,11,m.saipujiaoyu.com/*
890c0cfd9f878b8bb3e77de50f559e76,1156410100,2,m.saipujianshen.com/*
892b60170a38c1d02dff66c4f5611413,1156420100,22,m.saipujiaoyu.com/*
89386208d254e4cf45734e0a4f66adfc,1156431300,39,m.saipujianshen.com/*
8a153ce1b88a57728e7cd417da49785b,1156510500,2,m.saipujiaoyu.com/*
8a3bb616db90224a1ac79ea3bc6b06df,1156420200,32,m.saipujianshen.com/*
8a42f637044d990281617a34fe10c3e3,1156511600,8,m.yazhouxingti.com/*
8a5726bff7c2ccefe1dc749d9d93fe2b,1156510600,26,m.saipujiaoyu.com/*
8b757a8cf650c62cd4af563712d81316,1156431000,26,m.yazhouxingti.com/*
8bc4fbe796f8a24ebbf963d91e975112,1156420100,24,m.saipujiaoyu.com/*
8cab7e7583281649048f3e919de4c491,1156430500,2,m.yazhouxingti.com/*
8cb8bf70fee9640d55031093c072d439,1156510500,7,m.saipujianshen.com/*
8cfb7061c3514fd6573d37509992c1b3,1156430400,4,m.yazhouxingti.com/*
8d745527a1a682167460239055ce41f6,1156420200,26,m.saipujianshen.com/*
8d8f6c22db922db7daac9bd039942976,1156441900,13,m.saipujiaoyu.com/*
8d9819aebf264bb689e143a203aa235e,1156530600,42,m.saipujiaoyu.com/*
8ddc565e9e925fca44e450e16078ed49,1156510100,21,m.saipujiaoyu.com/*
8decc354148d72d941642167dfd91736,1156510900,3,www.567go.com/*
8decc354148d72d941642167dfd91736,1156510900,1,m.saipujiaoyu.com/*
8df2aa41bbb688535357eac86ba7b4f5,1156421000,49,m.saipujianshen.com/*
8e37e7488f232fc41dd71246b0666003,1156510500,39,m.saipujianshen.com/*
8e5636e0bf710318c0b28607021767ee,1156511900,25,m.saipujiaoyu.com/*
8e5c2b0b19b72a6761959dda18cfbe39,1156513400,23,m.yazhouxingti.com/*
8e5c2b0b19b72a6761959dda18cfbe39,1156513400,21,m.saipujianshen.com/*
8e7027352f33f838c2f2d0c87c7fdc65,1156320300,71,m.saipujianshen.com/*
8e74018b9637291f4d7b9862ba331b33,1156510300,112,m.yazhouxingti.com/*
8e74018b9637291f4d7b9862ba331b33,1156510300,1,m.saipujiaoyu.com/*
8e74018b9637291f4d7b9862ba331b33,1156510300,100,www.feibaojianshen.com/*
8e7a78886095ad3300f2a42052f2e838,1156513300,30,m.yazhouxingti.com/*
8f3a139dffc74656567b6772943c4d28,1156420100,47,m.yazhouxingti.com/*
8f597ac0c51d52262ec994ce947d0288,1156510100,32,m.saipujiaoyu.com/*
8f8e5e69bc2d79b17833c2a421e4fe86,1156430300,2,m.saipujiaoyu.com/*
8fa2327af60e91ef9c65bf0f4b4f02f0,1156510800,44,m.saipujianshen.com/*
90b9c0ab6e45921cd91889ef5bb5a531,1156450400,29,m.saipujiaoyu.com/*
90e67a7705438af2f7f32a024f522520,1156421800,1,m.saipujianshen.com/*
91acb3c535c06fff8afa361cc669f465,1156420200,25,m.saipujiaoyu.com/*
91cdf1d5b3193a24684e50d13dcd8336,1156420100,6,m.saipujianshen.com/*
92357b053df84543ba91a0514178451a,1156431000,44,m.saipujianshen.com/*
92a0bcc7901f9226d0cad3a6a255ae74,1156430400,3,m.saipujiaoyu.com/*
92e8dae5f8eadaa47ff16c76bddeef72,1156511300,14,m.saipujiaoyu.com/*
92f21938257611b00cb8e35e35ebe612,1156420100,20,m.yazhouxingti.com/*
93288085ac93e0385a14ee57612d650a,1156511100,14,m.saipujianshen.com/*
9329f964da8f6ffd0a652d3bc50d6783,1156110000,18,m.saipujiaoyu.com/*
9391b3f5af0746ee542f2c663c0eb87f,1156511300,1,m.yazhouxingti.com/*
94be88a58d17dd9de248c9667e4aa56c,1156420100,31,m.saipujiaoyu.com/*
953a9aaac98ad36416e6fbd8e25c1239,1156431100,25,m.yazhouxingti.com/*
955e1c71798763f617ca357a14ba09b5,1156513400,38,m.yazhouxingti.com/*
96e1cfaad7be8f9e0523b8e27fb9c74d,1156431200,1,m.move2008.com/*
97938b85b2175cf4150f4dd9bc31ed50,1156430200,22,m.yazhouxingti.com/*
97938b85b2175cf4150f4dd9bc31ed50,1156430200,13,m.saipujianshen.com/*
97af1b900853c0fd6b64ea6a368fd356,1156510300,31,m.saipujiaoyu.com/*
98804ba7f3a0e937285dfe3bc2ee222e,1156510100,50,m.saipujiaoyu.com/*
988a85f126d30446123ae84db1632212,1156420100,11,m.saipujianshen.com/*
98a557c4ae71b82291d39ac7277c0b0d,1156450100,1,m.saipujiaoyu.com/*
98a557c4ae71b82291d39ac7277c0b0d,1156450100,95,m.saipujianshen.com/*
98cc02b22fcfefcf24c177f91f0de356,1156420100,29,m.yazhouxingti.com/*
98e3d6c4bfaa01a079a4fb1c328d28fc,1156512000,20,m.saipujiaoyu.com/*
99435f1e973e39699a412b72152245cb,1156422800,1,m.yazhouxingti.com/*
99435f1e973e39699a412b72152245cb,1156422800,33,m.saipujianshen.com/*
998001cf66fb4dae333f088441d0e605,1156510700,22,m.saipujiaoyu.com/*
99b11b7125f542d506d4275ef3729e17,1156430600,38,m.yazhouxingti.com/*
99b2e336c861321af354e8b85dbb7fec,1156420900,1,m.saipujianshen.com/*
99ece48a47f04f920ea53f047d088066,1156511300,20,m.saipujianshen.com/*
9a1ff23b25eedc7ca06e8a98ab5fd9fb,1156420100,2,m.saipujianshen.com/*
9a906e94f390eaced10606712d5c357f,1156510500,24,m.yazhouxingti.com/*
9b3ee13c50f1ffc772dacaa51ced9b76,1156511300,35,m.yazhouxingti.com/*
9b57499a230cbcdf372a5a9287bf9e01,1156510400,16,m.yazhouxingti.com/*
9b76a0de65df6b2086c605fbeed785c3,1156430100,12,m.saipujiaoyu.com/*
9c389a5d748a32ba514df8ed93b220ef,1156430600,28,m.saipujianshen.com/*
9c710e5220c17a092fb29785076ad1a1,1156510900,38,m.yazhouxingti.com/*
9c710e5220c17a092fb29785076ad1a1,1156510900,28,m.saipujiaoyu.com/*
9cc5aca124d0d2c85926c2e393ab9a8c,1156430100,12,m.saipujiaoyu.com/*
9d08f1e05f48e71e6761e531cb416d46,1156510100,11,m.yazhouxingti.com/*
9d47f346583f7d6f16d1d9ed9cb16674,1156430700,38,m.saipujianshen.com/*
9d85371132ec88eab648fc377cebee27,1156510700,23,m.saipujiaoyu.com/*
9d91d28b1fe850e6f2b8ef12b84971cb,1156430400,8,m.yazhouxingti.com/*
9dbd12e182dc5400be6e6a3496c095cd,1156431100,23,m.saipujiaoyu.com/*
9de82e0dd9e26cffe7c52e86bda61eba,1156510100,32,m.saipujianshen.com/*
9e3c8bf75b0c715e2f9bd056044593f4,1156513400,74,m.saipujianshen.com/*
9ec2dddcb2b198b45086b87481fd61d9,1156430100,1,www.567go.com/*
9f4e7321d3f61080343cd31f2901f163,1156320500,10,m.saipujianshen.com/*
9f7a6757e58cf086869de840f3854b9d,1156420100,35,m.saipujianshen.com/*
9f814735153450e7e75ed5dcdf89ae3e,1156421300,36,m.yazhouxingti.com/*
a01f72e85a36b3498d2cfcbd6a798225,1156420500,1,m.saipujianshen.com/*
a055b12ff088e62c472135e67dbc3cef,1156511900,41,m.saipujianshen.com/*
a0710dd36006db5973a263659beb10b3,1156510100,30,m.yazhouxingti.com/*
a0781759a604996039edd3f0864b64dd,1156430500,1,m.saipujianshen.com/*
a085b44d8eafbf5576f1f0bc571262e5,1156510700,4,m.saipujiaoyu.com/*
a0f845b8499a4bcc431956a62d44dc7d,1156420100,31,m.saipujiaoyu.com/*
a1d66836403dc7fd3d1e2bbbd6e7249d,1156510500,18,m.saipujiaoyu.com/*
a1e58ec87f8d86fedeca98f615226919,1156430500,6,m.yazhouxingti.com/*
a23d85e65b559553f4db751b7ff41ab4,1156510900,26,m.saipujiaoyu.com/*
a2bffb25be75af601801bf6b7fd352be,1156510100,24,m.saipujiaoyu.com/*
a332a7a0e93f3a18f6c68d541b7005f2,1156511300,1,m.saipujianshen.com/*
a432c238e6193f8c726712836b1357cb,1156510100,23,m.saipujiaoyu.com/*
a5265afa5698467f729cbf3ac6fbd023,1156421200,3,m.saipujiaoyu.com/*
a55d1c337f59de082945fe09394a8b8f,1156510700,30,m.saipujianshen.com/*
a651a87456a66284f628c511486df5b1,1156510600,1,m.saipujiaoyu.com/*
a6b4aaaa75840f02ab69aa332ff0fc8b,1156422800,7,m.saipujiaoyu.com/*
a6bddbb57976cafcd598b391be9d74f0,1156511300,19,m.saipujianshen.com/*
a6ec70ccfdccbbfe7c9af49bb24364c2,1156421800,8,m.saipujiaoyu.com/*
a808dec626778070827072cbf354288d,1156510300,6,m.saipujiaoyu.com/*
a904f037b287e104dc7cd438523e3407,1156510100,28,m.saipujianshen.com/*
a9230f150b67b68e50411af0b61b6ac0,1156510100,26,m.saipujiaoyu.com/*
a930d3829b3c077d6d553d26e13c70be,1156350500,36,www.567go.com/*
a93425bc909332e3fc6439ad66d8d7c4,1156440100,17,m.saipujiaoyu.com/*
a95ecf56ca59fd41203a3babae43be78,1156510100,76,m.saipujiaoyu.com/*
a9abf2e158757d27780bbc2cdeb17276,1156420100,1,m.saipujiaoyu.com/*
a9ccb59f262349e8c1d63d63cf9c86ad,1156510600,23,m.saipujiaoyu.com/*
a9f9425bcab80aaaf93791b7556591b4,1156510400,36,m.yazhouxingti.com/*
aa08f19df2eac8030e176858c398d9ca,1156420900,6,m.saipujiaoyu.com/*
aa287ccd4a1a975e216a28ae81df3e39,1156511300,1,m.saipujianshen.com/*
aa707f973f28c753d8419c8fa85d982f,1156510400,69,m.yazhouxingti.com/*
aa9b4e61162a882c63516fc1884be5eb,1156420100,15,m.saipujianshen.com/*
aaa8ebefcb5ca254b0378668358aa466,1156510500,39,m.saipujianshen.com/*
aab1cbf5e1258f4ea14b80122d598902,1156431000,9,m.saipujiaoyu.com/*
ab171bf0ad0e1ea23719207be30547fd,1156420100,5,m.saipujiaoyu.com/*
ab19e6e7d86ff639df0cdbe91dd1606e,1156431300,2,m.yazhouxingti.com/*
ab19e6e7d86ff639df0cdbe91dd1606e,1156431300,7,m.saipujianshen.com/*
ab79fe09de4e74706210144663e39505,1156433100,10,m.saipujianshen.com/*
ab89ab38846f868954ba857ed4871913,1156431100,5,m.yazhouxingti.com/*
abc6cfa2f35187b48df7effcdb34c4ab,1156430100,2,m.saipujiaoyu.com/*
ac04d040c7d4167251b906668aeb42dc,1156510300,2,m.saipujiaoyu.com/*
acad0450881e471090344c34db4df07f,1156431000,6,m.saipujianshen.com/*
acd10c041d3833f3411a8b2f0f7950a5,1156420300,19,m.saipujianshen.com/*
ad51c69d194eb513468e547a7cbdc07f,1156420100,4,m.saipujianshen.com/*
ae0df5e43e13e57f23c71b1a3b25d7ba,1156431200,6,m.saipujiaoyu.com/*
ae687f15b4e6680c0080da77c9461bfd,1156511400,4,m.saipujiaoyu.com/*
aeb14d144192b6049767343df561bb0f,1156511500,20,m.saipujiaoyu.com/*
aeb8682607621c0b133c091151e1b66e,1156430100,28,m.saipujiaoyu.com/*
af030312e71abdc1d0f7f68e695d471c,1156420100,42,m.saipujiaoyu.com/*
af4e92e23e62156ec2d19d5800156785,1156431400,23,m.yazhouxingti.com/*
af4e92e23e62156ec2d19d5800156785,1156431400,29,m.saipujianshen.com/*
b00b5e622bae42010a014f06275a88e1,1156440100,19,m.saipujiaoyu.com/*
b1468443b5142d3578957c215c5f2485,1156421100,29,m.saipujiaoyu.com/*
b17f83a4e2913aa0bc9c15e731a3a742,1156420900,20,m.saipujiaoyu.com/*
b1f1e9f6129b650ce7623ac2613aca3d,1156430100,1,m.saipujiaoyu.com/*
b29564839665a8b8b655b30b2fb7b3c0,1156640400,29,m.saipujiaoyu.com/*
b31ae205d05a73b4e5ffba9d01a76596,1156430100,27,m.yazhouxingti.com/*
b3854688ad924102c09d5981225fb6f1,1156430700,19,m.saipujiaoyu.com/*
b39a5cc9a9d94084a5234a8496678e90,1156510500,3,m.saipujianshen.com/*
b4c35ec28d7cb67561f8ac81afdf6578,1156520300,11,m.saipujianshen.com/*
b61948a0697e96b6583c464b86983d9d,1156421800,1,m.saipujiaoyu.com/*
b63c06dce10ca3ca69561f8a72e0e060,1156530100,2,m.saipujiaoyu.com/*
b65a5fb13323104ff9278c0271b30a42,1156510500,40,m.saipujianshen.com/*
b6c44dfa9f98d50c500c456a56f02f73,1156430900,4,m.saipujiaoyu.com/*
b6e8bd752b625b2cb1b914dba522411b,1156421400,21,m.saipujianshen.com/*
b73c78e27d878b9dbc2963b082791e0e,1156511600,13,m.saipujiaoyu.com/*
b75a35319795a26a4a249907f2f12ccd,1156430400,17,m.saipujiaoyu.com/*
b769d28fbe6cd0863dd1644094d3216d,1156511700,36,www.chuangtijianshen.com/*
b7bcfa62aaff90ecd0c136eddec2e667,1156411200,3,m.saipujianshen.com/*
b7e2902039f90a770daad178b613bf39,1156510100,39,m.saipujianshen.com/*
b823b84de3711de0c128b0e579d547de,1156510500,29,m.saipujiaoyu.com/*
b82d7aa1f86d3d6e799dfd9d140ba812,1156513300,13,m.saipujiaoyu.com/*
b8942f51b92c0e912f79921b1703ce64,1156511100,38,m.saipujiaoyu.com/*
b8b79db201465f60ec452eecf7b68230,1156511300,21,m.saipujiaoyu.com/*
b8e35dee14ee6889fc493585603b0be0,1156440100,56,m.yazhouxingti.com/*
b8f0107c1c171a80f8edcfd8b73972fd,1156511700,6,m.yazhouxingti.com/*
b8f0107c1c171a80f8edcfd8b73972fd,1156511700,18,m.saipujiaoyu.com/*
b926a40bd0c3225d18bcdcdf9b0fd765,1156511400,21,m.saipujiaoyu.com/*
b99195aa0de2b0a3ae8842d400c3bce7,1156420200,3,m.saipujiaoyu.com/*
ba0b4e967323228fb92fc3033742533d,1156520300,33,m.yazhouxingti.com/*
ba296e846ebe76448209fa8527e01c40,1156510100,2,m.yazhouxingti.com/*
bb6176e2f399c72bed47c6deddf80965,1156431100,4,m.yazhouxingti.com/*
bc1b32aed0293fb485b0d695eb283ef5,1156511900,25,m.saipujiaoyu.com/*
bc2e09506fc72c5f5eaf058fcc4b2b2a,1156421000,28,m.saipujiaoyu.com/*
bc388e60a9bf2972782a4b28e8cee610,1156510500,31,m.saipujiaoyu.com/*
bc9bdf76a6c62baa18374526440b87ee,1156422800,9,m.saipujiaoyu.com/*
bd1dcf6bb19e5224fc7b392552a15c27,1156513400,50,m.saipujianshen.com/*
bd3ea3635d094cf7ed5b5af7e08c913a,1156510100,49,m.saipujianshen.com/*
bd95da66d2b18b3583b1df07ab289e1e,1156511300,24,m.saipujiaoyu.com/*
be513537ea091cb5543d8981aee0f4b9,1156511500,8,m.saipujiaoyu.com/*
be7409b18350927e0be3bc94064c9f03,1156511500,34,m.saipujianshen.com/*
be811263dd9a608f81db21e9f4af006f,1156513400,1,www.567go.com/*
bfbc857f6f2765ed9cc7307dc0c0e19c,1156430100,30,m.saipujiaoyu.com/*
c0b847ef996575df7f7fdfe191188f49,1156330100,25,m.saipujiaoyu.com/*
c0dbe5823fa01c0183b02fa3df7f6714,1156511800,35,m.saipujianshen.com/*
c0dd97c5c47f90404a48788c74f243a4,1156511700,42,m.saipujianshen.com/*
c0fdcfb83c1a0a869d39cd93564fa444,1156431300,1,m.yazhouxingti.com/*
c267bd92cbf6515b5e7642124006057c,1156320100,17,m.saipujiaoyu.com/*
c281151c1a8229fe8cea3021d06734cf,1156511000,28,m.saipujianshen.com/*
c3c63c9ebcec1760f27f14068e3fede1,1156420100,5,m.saipujiaoyu.com/*
c3d8061ec13ddb95459701bc5357d6bd,1156370600,88,m.saipujiaoyu.com/*
c56331c9f8cc3a706f34ec590fe74676,1156511800,29,m.saipujiaoyu.com/*
c57e49c9135f573e2284929f520f9e9f,1156511800,49,m.saipujianshen.com/*
c661bab8ae8f3b9aee2e3a4ef9eb2fb6,1156510500,22,m.saipujianshen.com/*
c6d108048a476993f0bea2921f1a41e4,1156510600,3,m.saipujiaoyu.com/*
c6d108048a476993f0bea2921f1a41e4,1156510600,11,m.saipujianshen.com/*
c72988ed8877a23f6b33cbac3219bd01,1156510100,40,m.saipujianshen.com/*
c7b32224b49b3fffac7c994b61afcfa2,1156511600,6,m.saipujiaoyu.com/*
c856db4ca3588cbb5b9f0540d524b13d,1156411700,2,m.saipujiaoyu.com/*
c8eada90f92a521d4f043c9d36bc6179,1156310000,18,m.saipujiaoyu.com/*
c91a0ba7d11362ff4f1320126d46666f,1156431000,3,m.saipujianshen.com/*
c9a54bca6fc91d9f43733b85383bfa0a,1156510100,32,m.saipujiaoyu.com/*
cb2793d794996ada77cdc7d389157c08,1156422800,9,m.saipujiaoyu.com/*
cbbaaf2788a9da1f1ecaf0335cd2e633,1156430200,100,m.saipujianshen.com/*
cc2b8810de2da8cfde54b8a220daa411,1156431300,2,m.saipujiaoyu.com/*
cc7de6905735304eab16beaa6cca5bc3,1156530100,40,m.saipujiaoyu.com/*
ccb1f2581e5993472a464bdd7768eafa,1156341600,29,m.saipujiaoyu.com/*
ccce4dc6909bd11f76f14bf552f34489,1156440300,2,m.saipujiaoyu.com/*
ccfd48489b60c4dff7609c6623fdbda4,1156510100,1,m.saipujiaoyu.com/*
cd406f2011d79f71992be54acf1d2d78,1156510700,35,m.saipujiaoyu.com/*
cde14b064e6a126d50ab698b85cd237f,1156420100,1,m.saipujianshen.com/*
ce89faf7250096127c13357da5eedfdd,1156420900,1,m.saipujiaoyu.com/*
d15e058f7407babc6b3ec6fca55a91ff,1156511500,30,m.saipujiaoyu.com/*
d1a3ac193bd98cf0bf61aea7c41bbb7e,1156511300,28,m.saipujiaoyu.com/*
d1de0c0523b46b79fe2a1aa73965de7c,1156511900,5,m.saipujianshen.com/*
d1e29720da804170e8b981481f62e255,1156513400,37,m.yazhouxingti.com/*
d26578133f1f0720085509e118ab7708,1156511000,11,m.saipujianshen.com/*
d2e5737c3c68302cda2727a0309e5f8f,1156511900,8,m.saipujiaoyu.com/*
d2f5c78adc30090b9c3bc7a63478a4b8,1156421500,29,m.saipujiaoyu.com/*
d3152fb7e0fd6d1c5b6c239417ad87af,1156420500,16,m.saipujiaoyu.com/*
d32a351498fb198c125918ff47341933,1156420100,9,m.saipujiaoyu.com/*
d3585cca44a2a9401c53ab97eac55069,1156510700,7,m.saipujianshen.com/*
d37d3e75cc6ef6a6c8a5dd7edfa1d655,1156510100,9,m.saipujianshen.com/*
d3857d10e4040f7e39b7ee28aa467706,1156510800,2,www.feibaojianshen.com/*
d5287ad2c310a3e0ca7d6651694050bf,1156511100,2,m.yazhouxingti.com/*
d56fd74906338499d4d8c86b6a1302dc,1156340200,2,m.saipujianshen.com/*
d5f6e1552c6066f8371aec3d4db5f3cb,1156431100,36,m.saipujiaoyu.com/*
d5ff205d4b949cd2106b87d7034b3c18,1156510100,30,m.saipujiaoyu.com/*
d6f20470158b2437eaa55c47eaa6ec65,1156511500,35,m.yazhouxingti.com/*
d6f20470158b2437eaa55c47eaa6ec65,1156511500,5,m.saipujianshen.com/*
d700f7e20bae827fd7471bf05532abf1,1156430500,14,m.saipujiaoyu.com/*
d75b10c28c9935a8b6f69b876a6976e6,1156430700,5,m.saipujianshen.com/*
d7b8dd5092b1b696bffa6a4fe93d294e,1156430900,31,m.yazhouxingti.com/*
d8218b9484c1da33b75cc5303e202460,1156510700,16,m.saipujianshen.com/*
d84e9cf0c83d29a24bc4861a6df01b89,1156510100,11,m.saipujiaoyu.com/*
d84fe6a71af0cec05b2939f252a86d31,1156510500,41,m.saipujianshen.com/*
d8c6385553598b63b6681127565eba0e,1156513400,21,m.saipujiaoyu.com/*
da64c6f224698db8c1806d0ba832dd5d,1156511500,32,m.saipujiaoyu.com/*
dacf23f6a9e11c2eb098a320b5ce216d,1156420200,2,m.saipujiaoyu.com/*
db1b9cc852f35242f7fd9ce87a181025,1156511400,32,m.yazhouxingti.com/*
dc04a53f8c67c28823cca070b356b295,1156511300,20,m.saipujiaoyu.com/*
dd0f5337edc3340b431b97ba9ef0f5f8,1156513200,23,m.saipujiaoyu.com/*
dd9dc03b6d7250d3ffc3a0ec4ad8d125,1156350500,65,m.saipujianshen.com/*
de339a6442f9c8a937a7923eb09904b0,1156513400,18,m.saipujiaoyu.com/*
def948c583b5031633a7bfb261036b87,1156510600,22,m.saipujiaoyu.com/*
dfa369603bbf40a2058e8bbba2cab646,1156430400,1,m.saipujiaoyu.com/*
dfc0d19e8354f31424f394f6f05794e2,1156430900,24,m.saipujiaoyu.com/*
e01a48dc224e935387a6c4e770792a51,1156511700,23,m.saipujiaoyu.com/*
e049f0c13d95ad782deac349ef1de5ea,1156510800,20,m.saipujiaoyu.com/*
e056a38685e49f750b630db6c8c5f033,1156431300,16,m.saipujiaoyu.com/*
e06c62f234f16b9b1222c32d9cdbcd48,1156422800,13,m.saipujiaoyu.com/*
e07e1ef73570430688b03c1e74208533,1156510100,43,m.yazhouxingti.com/*
e0a5079465aa92508ba0fb778c0437a8,1156511500,32,m.saipujianshen.com/*
e14f7143272c0b52de5734560e61f26c,1156441900,31,m.saipujianshen.com/*
e2626ad9d3f976a61929a76768671428,1156431300,1,m.yazhouxingti.com/*
e325beffcad27b9c53f1388a20a53e5e,1156510100,1,m.saipujiaoyu.com/*
e3e2352e61b5bfe4be6be6803a21091a,1156431300,30,m.saipujianshen.com/*
e3e57c430669f74e3b8cb17157d40e6d,1156422800,1,m.move2008.com/*
e43e65eb6083d5037de974d2d63c01bb,1156510100,2,m.saipujianshen.com/*
e44336ef34389ad090829b1b7d10ff2e,1156420100,19,m.saipujiaoyu.com/*
e4dd00b1ab5fa956a423819bafaeb7dd,1156510700,42,m.saipujianshen.com/*
e50b0720de0037a97f007b21e16afe48,1156511600,7,m.saipujiaoyu.com/*
e5e17d2fa262f2e8fd395919fd422b2c,1156510500,21,m.saipujiaoyu.com/*
e5f62a94eb9e309ef66927569278ab10,1156512000,17,m.saipujianshen.com/*
e6203c86e36e2bd28f656edb0eb52500,1156421000,48,m.saipujiaoyu.com/*
e6203c86e36e2bd28f656edb0eb52500,1156421000,47,m.saipujianshen.com/*
e63eed9f5f56892b3aae378cf01db46d,1156510100,6,m.yazhouxingti.com/*
e70dffeb1d2e883565462b3b20711545,1156420800,32,m.saipujiaoyu.com/*
e7a08c3fa44e1f62c2a4400e97964f72,1156513400,23,m.saipujiaoyu.com/*
e7dc8cb48d1c7e6b936ecd1d9f60deb7,1156421100,42,m.yazhouxingti.com/*
e7ef105d23a1de49fb66cf53e7080e08,1156420300,21,m.saipujiaoyu.com/*
e8145e16fdeb3cf59a4b4a0b4bac0194,1156420100,10,m.saipujiaoyu.com/*
e876f1b31c425ccbf5004fefd42d5d55,1156430500,1,m.saipujiaoyu.com/*
e87800c42bc72444cd5c58dacc693b78,1156510600,30,m.saipujianshen.com/*
e87e1c198a8bdb00b7e49fc552a2f36b,1156511100,1,m.saipujiaoyu.com/*
e888bbb779586eae05a964110a202c4b,1156510500,17,m.saipujiaoyu.com/*
e8d828480dab3970aa7851b3fa8375e8,1156513400,34,m.saipujiaoyu.com/*
e9244f67cf8fced120023b75f6300e43,1156431100,25,m.yazhouxingti.com/*
e93f849aa0d3f69651d7bd4492ece996,1156510800,44,www.chuangtijianshen.com/*
e94f1f93b6d0c48e432ab374e5798393,1156420100,7,m.saipujiaoyu.com/*
e9e49afdcba169c21e6eff77a5bf890b,1156511300,39,m.yazhouxingti.com/*
e9e49afdcba169c21e6eff77a5bf890b,1156511300,83,m.saipujiaoyu.com/*
e9e49afdcba169c21e6eff77a5bf890b,1156511300,28,m.saipujianshen.com/*
ea29aa123497caf76d141aeae7174625,1156430900,6,m.saipujiaoyu.com/*
ea8589212d279cbb7000ec436d761b27,1156430900,5,m.saipujiaoyu.com/*
ebc4a597abd51b63e6c8c4d0732a85f3,1156430100,78,m.yazhouxingti.com/*
ebc4a597abd51b63e6c8c4d0732a85f3,1156430100,95,m.saipujianshen.com/*
ec2681b307aa6e29fddb3273bc3c7c33,1156430600,25,m.saipujiaoyu.com/*
ec28ff31d6bfda9a415d8d00b86e7f26,1156511400,34,m.saipujianshen.com/*
ec716f551dfa923631cc2cdd1125f66f,1156510800,1,m.saipujiaoyu.com/*
ec8a1b900a21887d8666923b0ec6bde5,1156510700,49,m.saipujiaoyu.com/*
ecbfc9fdcb15daa1252cafe586d11590,1156510400,32,m.saipujiaoyu.com/*
ede259c3d96acaae3a371ca739e3d8a9,1156510100,49,m.saipujianshen.com/*
ee28ac58bc36e395b8da3dec3499ec10,1156510600,40,m.yazhouxingti.com/*
ee69c6ee066d6b78afa4deb622e3ea95,1156430100,25,m.yazhouxingti.com/*
eea41f64e52b91965eaa84e6ed87fda9,1156510900,8,m.saipujianshen.com/*
eed59e7beaf118056ce1842b339de5eb,1156420100,17,m.saipujiaoyu.com/*
ef80f04aac981ad5a8b3fb9e4f845305,1156420800,3,www.feibaojianshen.com/*
efaf4b256a5789485330e51f922dc8fd,1156442000,62,m.saipujiaoyu.com/*
efc21da5867c5c5c2654e75be13085a7,1156421200,38,m.saipujiaoyu.com/*
f0344168e26cf9ebd604ccfa037e7c58,1156431300,1,m.saipujiaoyu.com/*
f05f726ff1c3bd6e10a5dd159a64acd3,1156421100,40,m.yazhouxingti.com/*
f0705adf68208cd7d3f24e6fb121947f,1156510400,39,m.saipujiaoyu.com/*
f08b12fe25e8333054f8ce8dd4de63db,1156510100,37,m.yazhouxingti.com/*
f093939fd108cc94be4276a261606008,1156510700,31,m.saipujiaoyu.com/*
f0c470e925e0c2c1ca33508a12d0701b,1156510700,6,m.saipujianshen.com/*
f0fe2a5a752f384acc8ee680ae38033f,1156440300,4,m.saipujianshen.com/*
f10d4f4d3f07988167ed33d09aa092eb,1156420800,19,m.saipujiaoyu.com/*
f1b1ba047cd8d68156bcfee2d5341452,1156430100,35,m.yazhouxingti.com/*
f1ccd5afaeae127a796966b0e2191694,1156420100,1,m.saipujiaoyu.com/*
f1f03c3d3294fcc0fc6f707325a27f83,1156510600,35,m.saipujianshen.com/*
f227439dd29d4cbee446f2bbdbe79a8b,1156421100,19,m.saipujiaoyu.com/*
f2c453869fe4385c0af72440c914462f,1156511300,37,m.saipujianshen.com/*
f3c29ac9003efaebe22dda3357d04bcf,1156421800,5,m.saipujiaoyu.com/*
f426ea448c354267d84f721ddb04c5d0,1156430600,1,m.saipujianshen.com/*
f43286e2124b0981c473e49807e0966e,1156431100,4,m.saipujiaoyu.com/*
f432d4c2512f6988e8e2dcf4f9eb5267,1156430300,1,m.saipujiaoyu.com/*
f4c36eb3b1671b648183ca18f0deb284,1156420100,32,m.yazhouxingti.com/*
f4e821eb552529a54e215b37259ff1a9,1156430700,9,m.yazhouxingti.com/*
f55a733fc899e01531965828c7d18996,1156420100,1,m.saipujiaoyu.com/*
f77eb06d7929ea9d7d7d9fd55786844e,1156420100,85,m.yazhouxingti.com/*
f7b0f2bc6a5d729b2db976e7d04cae75,1156430500,1,m.saipujiaoyu.com/*
f7ecbf21be79df5aff2a68b32ded5907,1156421100,30,m.yazhouxingti.com/*
f8371707347f393e1dfa105675df042f,1156511400,14,m.saipujianshen.com/*
f85e59e1c5867695c56dfb416c775b54,1156430400,3,m.saipujiaoyu.com/*
f8628a2ea52799c13def5c3c7879435d,1156420100,23,m.saipujiaoyu.com/*
f992f5524f575204d6665bac626264ba,1156510700,1,m.yazhouxingti.com/*
f9dd2083247b15b8657d3df8bd02dd90,1156511400,11,m.saipujianshen.com/*
fa3fee0cddd6880e9d9bdad5443622a5,1156511300,11,m.saipujianshen.com/*
fa706f0d0991c8aa1da732a975e47978,1156511300,10,m.yazhouxingti.com/*
fa70c2cf90ad4f0278d1fb02c39c69cf,1156522300,26,m.saipujiaoyu.com/*
fae3740a2b99dd68c4ff36f187444453,1156510600,2,m.saipujiaoyu.com/*
fafd1a643fbfa7047e8b47617ed89735,1156430100,8,m.saipujianshen.com/*
fb379f594179b84da3d622bb4a0800e2,1156510100,8,m.saipujiaoyu.com/*
fbaa72c1001db13ca7de5d8438844908,1156510100,31,m.saipujiaoyu.com/*
fbee4104ef1b6fa36d3f25f6f83310f8,1156420100,36,m.yazhouxingti.com/*
fbf1a688dfe3be5283b221cc4e88c105,1156511500,7,m.saipujiaoyu.com/*
fbf673df010c10a6696202323a11492c,1156431300,16,m.saipujiaoyu.com/*
fc21bf16e0576c2fb07bb044f6c57e74,1156430900,9,m.saipujiaoyu.com/*
fcb3a89b7a6624a0344b29ebd3b771ea,1156510500,16,m.saipujiaoyu.com/*
fd568759d9aa498db4848c5b889ff716,1156511800,22,m.saipujiaoyu.com/*
fd628463355cec0e71e19b12944c71df,1156511300,42,m.saipujianshen.com/*
fda41dbd031ee5ce93c651357b6ae047,1156510500,31,m.saipujiaoyu.com/*
fda7af56c7e178140910310ad21d636f,1156510500,34,m.saipujianshen.com/*
fe1504205972df78932ea4319f165ddf,1156430100,49,m.saipujianshen.com/*
fe3a7320ddca8bac291ad35d38e19a8e,1156511300,2,m.saipujiaoyu.com/*
fe90696ee7f424be8b8c6b0581f4d3cb,1156421800,1,m.move2008.com/*
fefd74f377f96aa5948e72474cfcdfe1,1156411300,38,m.yazhouxingti.com/*
