00020804ed4e6b56341745ac0b1949be,1156120000,15,m.jia.com/*
003928fcc5d21ada7bed136f7c20a162,1156120000,4,m.shj.cn/*
015b3ead0fc772716c1e7e12506530ec,1156371500,2,m.jia.com/*
0219c3615b80c23b3e5e0a6ce4bb4571,1156120000,2,m.shj.cn/*
024eb8837b0f2c7f1d5426a51d233d42,1156120000,23,m.jia.com/*
02dcc3e8c5868e17e5d50dbd3803fb7f,1156120000,1,m.jia.com/*
03de0306439bf10200c03c1f5070b7be,1156120000,1,m.jia.com/*
0425b0a3baf02dbd118d7ac3a2074093,1156120000,4,m.jia.com/*
04647699d0a8ebc029e37551651305ac,1156120000,5,m.jia.com/*
04b42a2af26f351f5e61f04dfa41cb29,1156120000,5,m.jia.com/*
04fd5eb5dfa9e52cf15c52c0730933ca,1156120000,3,m.jia.com/*
05436dadf9e6c59c894ee782aa8fa622,1156120000,4,m.meilele.com/*
05b31fc96fad137b8b1211702fadcef6,1156120000,1,m.jia.com/*
0626bf45f290ffb0d21d00eca9c06090,1156120000,1,m.jia.com/*
063ee68897385616fe8dbdd83acf06f2,1156120000,9,m.jia.com/*
06b08249d83bd8a43c084f247193b29b,1156130200,1,m.jia.com/*
06db258dab68d244649c2214f168ca0c,1156120000,2,m.jia.com/*
0780fee24c84b7a592f8d4e409e03c74,1156120000,1,m.to8to.com/*
07c2861ff50693dee27f00e212de687e,1156120000,4,m.jia.com/*
07e82557a604a29e6475cf1e8f9d4a83,1156120000,1,m.jia.com/*
08ae671ac5493b2149ac7d87592bfc9e,1156120000,1,m.to8to.com/*
08ebfa9ed219e8d0d9aa15bdd0d70f3d,1156120000,15,m.meilele.com/*
091379f25e7583d998d00d179e5d49fc,1156120000,2,m.jia.com/*
095a51f0475ae614d7abda73fc15db74,1156120000,1,m.jia.com/*
09bd5cb8bc267dd9a99e91d2f399611e,1156130700,1,m.to8to.com/*
09c5a4152e240c280ca21a7e2f296d43,1156120000,1,m.jia.com/*
09ddf0df1dd17c77eb04d4a185f4780a,1156120000,2,m.jia.com/*
09ddf0df1dd17c77eb04d4a185f4780a,1156120000,70,m.zx123.cn/*
09ed799f6b30f439e388280640b19d50,1156120000,41,m.zhuangyi.com/*
0a44cd30a354847e23f8cf2ee808e73d,1156120000,3,m.jia.com/*
0a9b170c3464c8f6c84a651cb585a121,1156110000,14,m.jia.com/*
0b2e9f1b0c04085d0ca74b60b2fc8c5c,1156120000,1,m.jia.com/*
0b61dd23c9223a6ccb8ec54e0157bf73,1156430700,2,m.jia.com/*
0c06f969ca5b81be894f146fd038c9b7,1156120000,1,m.jia.com/*
0c4f632776db7e26767def2a67239091,1156120000,5,m.jia.com/*
0ceef0c3487be1fa186a1d1314986b26,1156120000,1,m.jia.com/*
0d1eb34176f3f33d657e0e5621707891,1156120000,1,m.to8to.com/*
0df543fe0b6f503a46a13262f45e8b5e,1156330300,1,m.zx123.cn/*
0e5bdc82c4a357d6c07ae0539f1f1a86,1156120000,1,m.jia.com/*
0ef885e6709a43c935f72fe2eb4cee15,1156120000,9,m.jia.com/*
0f15351a0532b151d29e633d1c15afbf,1156120000,1,m.jia.com/*
110aba160dd10abafe3ce4d3df5d3077,1156120000,4,m.meilele.com/*
11a9ae0f480052acb6b36a3a72878d60,1156120000,2,m.jia.com/*
121191bb91c6806bdf66d5977afa48bd,1156120000,2,m.jia.com/*
129e225726bcf027f15ec96f7a9ae027,1156120000,2,m.jia.com/*
12ffbe100140446ddb3804773ad4bd07,1156130500,3,m.jia.com/*
143d173b0c7a8795e4a45c40f7be1dff,1156120000,11,m.jia.com/*
15869bc7d38cc615c4de3b9dfaa24788,1156120000,1,m.to8to.com/*
16078be8923a04d81dc0611c17acd3ce,1156120000,9,m.jia.com/*
167e87ca9059487ab3c96139c2058b1d,1156120000,11,m.jia.com/*
177e921b20d5fecf36c85dccecc1c2e1,1156120000,3,m.jia.com/*
17a12760dd41073a360af4278615c108,1156120000,3,m.jia.com/*
17aa112e6d6692e7a9272c153e223995,1156120000,2,m.jia.com/*
17f298684a6080f1e1c8bdcd38c31caf,1156120000,1,m.jia.com/*
182c29cda9244156aab3af36d6d9eb3d,1156120000,5,m.jia.com/*
185e93d9aff841f666240c33e483c56d,1156131000,2,m.to8to.com/*
18bfc2c21e9746cc242923f65390261c,1156120000,3,m.jia.com/*
18bfc2c21e9746cc242923f65390261c,1156120000,13,m.zhuangyi.com/*
19eba11a2e68ae8973ebf6cd544640f4,1156120000,4,m.jia.com/*
1a3c3dd9a82db36e277c5b48e62883ad,1156120000,3,m.jia.com/*
1b221b3507422855190efcccbc08c7e8,1156120000,4,m.meilele.com/*
1b89f762df77c3b33b05020b146c0316,1156120000,5,m.jia.com/*
1be81e75055689c7bef6f23ae79f9324,1156340100,1,m.jia.com/*
1be983816753a48786344e839389cf13,1156120000,5,m.jia.com/*
1bf0b4f3d2130a5eec106f0a2364b5df,1156610800,12,m.jia.com/*
1c511018475bbff1ba75e4284d7025da,1156320100,1,m.jia.com/*
1c6629b27cae24b81d96527ed4eed0e0,1156330400,8,m.jia.com/*
1c6dc02361c5cdbf990f8f32c5e5bb4b,1156120000,1,m.jia.com/*
1cc27270bd95df97a2962b8339a4ca93,1156120000,1,m.jia.com/*
1d0fe0349bc0d3dcc20d3abf473ee74d,1156341300,1,m.meilele.com/*
1d70b80bcb0d8635fc3248669e745d1a,1156120000,2,m.zx123.cn/*
1ed42f5400c6bea12f5a35d5dc18ebcc,1156120000,1,m.to8to.com/*
1fa813c6b4e9718e82306bd82eff5f9a,1156120000,1,m.meilele.com/*
206b02078ea112fb84faee7030eaec84,1156130100,36,m.meilele.com/*
20d840800cd7a13dfe780bf51159478c,1156120000,1,m.jia.com/*
20ef03b7a885e628e68022a9f0866e1b,1156120000,3,m.jia.com/*
217c788d9d81b0b40e03aa609a31e616,1156130200,5,m.jia.com/*
21caaf6942a6dca3ead45f68dd785201,1156120000,13,m.meilele.com/*
21e586525319606a23f3c5a6244a765d,1156110000,7,m.jia.com/*
22beb8cffb18289749eb3c2073d23a44,1156340300,2,m.zx123.cn/*
230370a49cd1e5d5dc77e1d0eedf7f54,1156210600,8,m.jia.com/*
25962cc8cf10fd940cb7f6f9d126ec7f,1156120000,2,m.jia.com/*
25f9b7833f1bd848050be2667da83eae,1156120000,13,m.meilele.com/*
26ad07d0022f6a5deb385cbf54acbbea,1156120000,2,m.jia.com/*
26e8d6ff86d842bef2edd5662f0cef49,1156440800,1,m.zx123.cn/*
27e7ea0c14618a254468cc7868b98745,1156120000,3,m.jia.com/*
280b677be741668c415ce9f8ff7dcebe,1156620100,5,m.jia.com/*
289b821f1fca0270722e1f98c832c77d,1156110000,3,m.jia.com/*
28d08591c4febf8fa92264e820d8608c,1156120000,22,m.jia.com/*
296711fd9217e0cfaf516e57634b898f,1156120000,1,m.jia.com/*
2a505dbc2b6f93ff7d1826b2848d5911,1156653100,2,m.jia.com/*
2b094e339fd525b50f317a057959c0fa,1156510700,1,m.jia.com/*
2b4cb9ed6a54da6c7ba2861e724abf35,1156120000,1,m.jia.com/*
2bc7a7b6ca66bc8b110e89d9a2ac90c7,1156120000,4,m.jia.com/*
2c4feb426e7a3577cbe611b776d74fb4,1156120000,3,m.jia.com/*
2c8fc6a65e827b054cd403cd212f5f88,1156130600,1,m.zx123.cn/*
2c950d030b68ed011d9eb7357b58ba18,1156370100,43,m.jia.com/*
2cce668abd80c7035560bc0bacf149b2,1156120000,2,m.zx123.cn/*
2d9cb274d83a0187214c98edcf5935dc,1156120000,1,m.jia.com/*
2db1fbf42952e73249d09e196a384454,1156120000,10,m.meilele.com/*
2db1fbf42952e73249d09e196a384454,1156120000,2,m.shj.cn/*
2db63a75dbcdbc72bac7d7ec18d612a0,1156440300,1,m.jia.com/*
2e798811cd961443b4161976bca91bcd,1156120000,11,m.jia.com/*
2ecb56c9a753ae8b3ffb7732ab19cf4d,1156130900,9,m.jia.com/*
2ed8abd44fff167c96bbce1a2e3d26ff,1156120000,3,m.jia.com/*
2f526f0a149aee72679f4ae51615a4b7,1156320700,7,m.jia.com/*
300ea558320f1ff8302cdf1dd13bc392,1156120000,7,m.jia.com/*
305677c9901b4a40e1e7a1ab7dc0ae3d,1156120000,1,m.jia.com/*
3061bbde194db15d4010069c3fe7f0a8,1156610100,1,m.to8to.com/*
306e88c9eeab73a14107d3c842226387,1156130900,2,m.to8to.com/*
30c57869b4aec1bf951bc84065ed8d71,1156120000,24,m.jia.com/*
310e3af73dee0dff7050875f048f37ec,1156120000,2,m.jia.com/*
3252b816ff354cb980fc3fda13d44e36,1156130900,1,m.jia.com/*
332a436191ba3c249cf8ba3bb04beeb0,1156120000,1,m.jia.com/*
33338132f181a09a33fabe73c94ccd5a,1156510700,4,m.jia.com/*
3334af06deb4ebd5b9832c37a14458cf,1156120000,1,m.jia.com/*
338d1e02dd4d3856d10fb54d38cd3a10,1156120000,1,m.jia.com/*
339619d9474b99eab8f0c87f04cf7afc,1156120000,3,m.jia.com/*
33bf767834ac23c392b049c66c5c86e8,1156340800,1,m.zx123.cn/*
344d8c45b75e59498578c90c88bfc90a,1156120000,2,m.jia.com/*
344e1ede6f265cfe58e2e7bb3d59d8c5,1156110000,2,m.jia.com/*
34b8a57fac128ba40148c4e57d2a0f84,1156120000,13,m.jia.com/*
3509c47ff2e83c8ced2f4fec2fb88d53,1156120000,2,m.to8to.com/*
35af4da9cce99a01e9331c6a8249a286,1156120000,13,m.jia.com/*
35cab9c73d2d6807f6045414972e0bca,1156120000,3,m.jia.com/*
3713ae0d9f314e1ab6da107d3fd4c3b1,1156430100,3,m.jia.com/*
37795cfe196fd241973be294a8c1d58e,1156120000,2,m.to8to.com/*
3871b8b0cfedef961d2653db4c4a044b,1156120000,1,m.jia.com/*
38b4e9861d77ebf17681e8ccd1686a21,1156110000,3,m.jia.com/*
3989e692a9873d035537c7283d6a81ae,1156120000,1,m.jia.com/*
399b7460df2df3922491498d218d54e5,1156120000,3,m.jia.com/*
3a019555a0268a388ec2f7fd42aac8c3,1156110000,26,m.jia.com/*
3a844b340983b90d66df0b512ce31eae,1156110000,5,m.jia.com/*
3b2dedeb6504e02d7d49a76ac96de2fe,1156120000,5,m.jia.com/*
3b678c08bef3dcf9bb8ca77cfe835a2d,1156130200,2,m.jia.com/*
3b77b4164d754765e482c2201832fb34,1156120000,1,m.zhuangyi.com/*
3b8d9add884de5b3d6f7518dea8370fb,1156120000,2,m.zx123.cn/*
3b996a938755a303ba3b35ef693324d0,1156120000,296,m.meilele.com/*
3ba289995a30194274f761ccb68af5a9,1156120000,5,m.jia.com/*
3bb6c7a79d3adfdd6ebf2ff23b7d38a1,1156120000,1,m.to8to.com/*
3c5cdb061daf75f4cabcd448ee1c79ab,1156120000,1,m.jia.com/*
3c95b9efe08cd6dead853fa2636154b8,1156120000,2,m.jia.com/*
3cab5320a26f856a2b30b429b152d8db,1156120000,9,m.jia.com/*
3caccea44069520f289a87a505c8b181,1156140800,6,m.jia.com/*
3cb8a77c968c99437a5b0c2d3ac30829,1156120000,1,m.to8to.com/*
3cc87b20f19cc8690158f2bdb0f0e465,1156120000,1,m.jia.com/*
3d2f34cdad75b9658154b9679e8f540d,1156120000,1,m.zx123.cn/*
3d3f405cf3a97e1c81f35e8a9d87c2cb,1156131000,2,m.jia.com/*
3d8f97d8893c6a925aa6a9adafa931f9,1156120000,3,m.jia.com/*
3ddcaf8cb93e3e2aa39a3447c6596324,1156120000,5,m.shj.cn/*
3ddf255611663f0ae7591d4214b11c8e,1156330300,1,m.jia.com/*
3f1f44e1dd6a201693a82eedea7b6255,1156320300,4,m.jia.com/*
3f4afce14f119536554150b4f976fbbd,1156120000,3,m.jia.com/*
3f50420b7600e61274b1c5129c71dbdf,1156120000,20,m.jia.com/*
3fe6317e0c05c1155ec532211ee89048,1156410100,2,m.jia.com/*
4067f75db3ea4575b852dfee568bec53,1156120000,2,m.ikongjian.com/*
41b945cc3cc8f8206e7c56a217cf9edf,1156120000,8,m.jia.com/*
41d9bbe410d48615c36398a89323bd94,1156120000,1,m.jia.com/*
41e6c2ffd5e342e61531613258268a0a,1156450900,6,m.jia.com/*
424d75714710cebdd4e70db683cf071a,1156120000,8,m.jia.com/*
42760122b0fff7aae80cf762e67d0c29,1156110000,8,m.jia.com/*
4343280ffb5184a947176a9d1ab0e1f2,1156120000,4,m.jia.com/*
444cd8e7783cb542d1a9f6f6956551c2,1156120000,1,m.jia.com/*
445a1d7c347739fa6d87507f371b6a98,1156140700,1,m.zx123.cn/*
449705ca37283616c4de9345503104cd,1156410500,1,m.jia.com/*
44c14bfb61916e5b904859c9a7269577,1156120000,1,m.to8to.com/*
44cba50c92ea64e5d7c78450579b1cea,1156120000,1,m.jia.com/*
4531eff652fa78d7d76eb3ed79ec12b1,1156120000,1,m.jia.com/*
45a440fe27b118482709fd921d1fcc2a,1156120000,42,m.jia.com/*
45aa7951d3c9f6b2226fcc4351acf038,1156120000,4,m.jia.com/*
45d77a1aeab6f943ad517156d13ba721,1156120000,2,m.jia.com/*
45fb290687cc0de4544e5b56b2960699,1156110000,9,m.jia.com/*
461f7ba29c65da1fa41cea8032657022,1156120000,1,m.jia.com/*
472850f053b132d33f0c83d7c0382e94,1156120000,11,m.jia.com/*
4743cb1344a81873f0da27b3200ac823,1156120000,1,m.jia.com/*
47ab463b322857d75184d9d31c098379,1156350100,2,m.jia.com/*
480fb3d79dbdac7badd00e18d60d387f,1156120000,2,m.to8to.com/*
4811085bf304a4251cc6890dcbf21e76,1156120000,10,m.zx123.cn/*
4840dd1ec9110b1e13b57dee90fe7d8e,1156120000,1,m.to8to.com/*
4860c487bf985823c33d757b773e5353,1156120000,1,m.jia.com/*
49215171721f6255855587b83e1fb819,1156120000,1,m.jia.com/*
494d15e5a973a9c2a5ecef3033827d6d,1156120000,1,m.jia.com/*
49c41c79bbef6cc05ab9029287975d3e,1156120000,1,m.jia.com/*
4a5bbe2c7fedb635f6d1020dd03ece90,1156421800,12,m.jia.com/*
4a91cb6bc7d6e3ed69109265366d14f0,1156120000,1,m.to8to.com/*
4b1beaf8d01ffa9a50759bff04a2458f,1156120000,1,m.jia.com/*
4b777ebf22391ce8fd0d520002338fca,1156120000,12,m.jia.com/*
4b7d8af62e41ddf2ce8972087831a6f6,1156120000,2,m.jia.com/*
4c206e3081d4844aa9668f198932cc1d,1156120000,1,m.meilele.com/*
4d3c571cb7e52171c333c39b9ec879d8,1156120000,6,m.jia.com/*
4dd595fee9ac9a24cf1b787fad12dacb,1156120000,2,m.jia.com/*
4ded6bb97086c5358459ac4932081411,1156120000,22,m.meilele.com/*
4e56ce28ff74d41e73daf255b92960b1,1156110000,2,m.jia.com/*
4eab857c9a689191fe3f49a866c793bd,1156410500,3,m.jia.com/*
4eb9c36879c89ff22a5892f780b0e710,1156120000,2,m.jia.com/*
4f9e2a5b36129051ccf2e010cde7b93f,1156120000,1,m.meilele.com/*
506a048687d188051aa671b0d8955c87,1156120000,2,m.jia.com/*
5070d3e059a765a0eb34d9ec7d424b5a,1156360600,19,m.jia.com/*
50b39810c8f34dddc5fcc1ac2b0b0914,1156120000,3,m.jia.com/*
50cb7c2cbc2132c0c97914f719a6fd6f,1156120000,4,m.jia.com/*
50cd3d03da2c8d906631f6ac88e7c68a,1156120000,1,m.jia.com/*
50e5f306785a8c103cc4120ba8e5bcec,1156410800,7,m.jia.com/*
5228f5a9e73b7e0f07f211aa916a12a5,1156120000,2,m.jia.com/*
535111d04c70aff9aaa71ea18218f36b,1156371600,28,m.zx123.cn/*
53a71171f2e449ddb4d9397619246bb4,1156500000,24,m.jia.com/*
540fd55b6fe590ee2cb8a04292144dc2,1156120000,3,m.jia.com/*
548bbe297ac9512fce31e1bf507da6b4,1156120000,1,m.zx123.cn/*
5509a2c181e58b46997946d4b7d79ed8,1156120000,47,m.ikongjian.com/*
5556d039eb90c27b83d03bb5284b3ed0,1156120000,1,m.zx123.cn/*
5571fa100327866cb887bad1a20d55a3,1156120000,1,m.ikongjian.com/*
55787258259f6573bd694a2203390013,1156120000,2,m.jia.com/*
55787258259f6573bd694a2203390013,1156120000,1,m.zx123.cn/*
56d9370bdb9a73a3e980968cd27339fd,1156120000,5,m.jia.com/*
56efca62567bea9a617eecf83e238c53,1156120000,1,m.shj.cn/*
570ebc47a7d402ab6832439f7f15be32,1156120000,1,m.jia.com/*
572cd3162581b624209f4bf9527d2613,1156120000,12,m.meilele.com/*
574e01b108c1d698637dc7759a5638e4,1156130300,2,m.jia.com/*
577ff9908fc7073c20917faaa2acb79b,1156650300,20,m.jia.com/*
57edac12647aa9d58519225103ffb69f,1156120000,14,m.jia.com/*
57edac12647aa9d58519225103ffb69f,1156120000,7,m.shj.cn/*
583a61f7855c5f1550325bb6a75c845a,1156120000,4,m.to8to.com/*
584b9d67896623ca62b351b3d770d1ff,1156120000,2,m.jia.com/*
58c26715d370c991c8095f6464ec7d24,1156120000,11,m.jia.com/*
58e1ca181cd594f9af597c4d02ac8387,1156420100,29,m.zx123.cn/*
58fa7a5a3f852c75be9d8df4e149e4fd,1156131100,5,m.jia.com/*
593c1c4b51f750e5abb60f93019005ce,1156120000,1,m.jia.com/*
5962d7485053f3f5c3e6a3277ff703af,1156120000,13,m.jia.com/*
59be61a9f0926bc66a0c005cd45c43d9,1156120000,7,m.jia.com/*
5a15c92496216f2792d4a5629a82ce56,1156120000,7,m.jia.com/*
5a15c92496216f2792d4a5629a82ce56,1156120000,3,m.shj.cn/*
5a5f4445ed70c130f52b6ffbbd4b44e5,1156120000,3,m.shj.cn/*
5a8d07c255736486bf5abb1d692d03c7,1156120000,4,m.jia.com/*
5bc0d501477b43a8411aa5aee22ebb3e,1156120000,3,m.shj.cn/*
5bfa10c09aace67c97b55843960e3f5a,1156120000,1,m.jia.com/*
5c198ee23f1b9c273ae7d11b302be9cb,1156120000,1,m.jia.com/*
5c2dfb381b8aaef3d9197dbe940c1eb6,1156120000,1,m.jia.com/*
5c773a4148a50f206a55bcd12ee366b6,1156310000,13,m.jia.com/*
5d7e5746658b62ad56c3dfa12c533680,1156120000,1,m.jia.com/*
5d8f105250310a72e4e9171e5418d2c1,1156120000,13,m.jia.com/*
5dd50696f5e648e791fb9d4d651db111,1156120000,1,m.jia.com/*
5ee6399fbc04fbfe998935b62ad69db2,1156120000,6,m.jia.com/*
5f0acf9c71db1b860594a6fecd030aec,1156120000,14,m.meilele.com/*
5f2402346d516100569accc3c82be3b6,1156120000,4,m.jia.com/*
5f46ad4974ff96aa43062e1cc0886355,1156120000,1,m.jia.com/*
5fde30fcab570abe994dc2190b5e240b,1156120000,10,m.jia.com/*
5ff7df4ba7c973ab439ead62fc67fb10,1156120000,3,m.jia.com/*
6011e5209b41b99f0f9a63d1e8819584,1156150200,16,m.jia.com/*
6011e5209b41b99f0f9a63d1e8819584,1156150200,6,m.zhuangyi.com/*
60182543c54c160c14a89709c07b2211,1156120000,48,m.ikongjian.com/*
602bed8fe9ece75962e659b7028a3212,1156120000,12,m.jia.com/*
6033cf8ac2855c54e6961446c1bd6ab4,1156120000,1,m.jia.com/*
6034109ce98db5c0e9b8b76106745c38,1156120000,2,m.jia.com/*
612f57748a67fda9d7cef881a6c8dd00,1156120000,6,m.jia.com/*
612f57748a67fda9d7cef881a6c8dd00,1156120000,1,m.zx123.cn/*
61485cd7318bae70db3bfcd7a4f3bb86,1156220100,1,m.to8to.com/*
61937243a5ab3c510f78055f86821e35,1156120000,3,m.jia.com/*
61bd4d72c1a26c131c7b4944511df32d,1156120000,1,m.jia.com/*
61beb6a31849d553e28693ddf0f0131a,1156120000,3,m.shj.cn/*
61f477f0b0a96d8d20449eae887fd678,1156510600,1,m.jia.com/*
620892b64eb6fbaaceaa74aa590e1e88,1156110000,1,m.meilele.com/*
624bd3ccff97e6d17d50b5e5661460be,1156120000,3,m.jia.com/*
627480fb76ed307c79b93523664ca268,1156410900,8,m.meilele.com/*
631a0fcd579b427f9b0e73721cedb7c2,1156140200,6,m.jia.com/*
631d9c9f2c5ffdd8a8086355c79711d2,1156440100,3,m.jia.com/*
63982d7fbd7171685d7a2dc34fef914f,1156120000,3,m.jia.com/*
6451dcab183beefe2b13292fcc2ed7c3,1156120000,1,m.to8to.com/*
65a00ee8ba609b1352da7332b83ab095,1156120000,3,m.jia.com/*
65bbfd02af5466817a7ab20d8e21b898,1156110000,1,m.jia.com/*
6616b1a3518808f307708b47a4c3d317,1156120000,2,m.shj.cn/*
66ac6118419b3692dc986fd84e407ec5,1156120000,1,m.to8to.com/*
66bd8b1c522d8dd297daf4ba6748d2d4,1156110000,6,m.jia.com/*
6734e22d0bc330f918148417d6b39822,1156120000,4,m.to8to.com/*
6795d2b0f70d0bca5f2d3e500b956326,1156120000,2,m.to8to.com/*
679bb2a5b4537b8bbc32399056fe0f42,1156120000,7,m.jia.com/*
68d2221609f43897e413e6b4f895fc2e,1156120000,4,m.jia.com/*
68e9c7efd89eebb38901242e0a44a817,1156371100,4,m.zx123.cn/*
68ed7b948c2a6e00b2d72be35ec7540b,1156421100,2,m.shj.cn/*
6967158930f99aed0f3e10ac24af0afb,1156321300,8,m.zx123.cn/*
69702830444ce6203d36d14a26bfa302,1156120000,14,m.jia.com/*
69fe3566e5978e648628f2098293fbef,1156341300,10,m.meilele.com/*
6a0971d7db7a98edcc0de807ea5fb5b2,1156120000,18,m.ikongjian.com/*
6a0c3a7d6f13fc495e2fb8a16fb07c26,1156120000,1,m.jia.com/*
6a165248c1166705e2eae766a1439642,1156150100,3,m.jia.com/*
6a7f3c9a99c6f05a55fb4d0c1c5810f8,1156120000,40,m.meilele.com/*
6acbf92f211eb5c9d5b8cb218d240ced,1156120000,134,m.ikongjian.com/*
6ad54baa97e9d0e96cc1602d992fd981,1156120000,1,m.to8to.com/*
6b39ea2838b9ef8a2be7be22118a01de,1156120000,1,m.to8to.com/*
6bdfdbcee7fc84fb05f0de10a01bf80c,1156120000,1,m.jia.com/*
6bff089078229ba9bc89f0360d1a88ed,1156120000,2,m.jia.com/*
6c0145e23d90f0f0a952c6c509081ff9,1156120000,49,m.ikongjian.com/*
6c818683d47118996a37fc1ed7c3d416,1156120000,1,m.jia.com/*
6ca5b19354f9636db5fbd03cf9171427,1156120000,5,m.jia.com/*
6ce1816f1629cb9bb0c49ef272550f93,1156120000,12,m.meilele.com/*
6d2d3063fcd8055fb54698c82e4e84b2,1156120000,17,m.jia.com/*
6d7767f10093ffdd4d26d73dff73df06,1156120000,2,m.jia.com/*
6df230b9e9fa4cca82120390083c91a6,1156120000,2,m.jia.com/*
6e0699ba9651557d31b270eddfdea551,1156120000,2,m.jia.com/*
6e768a0ef670e942f9e5b6a64f9d1f01,1156120000,1,m.jia.com/*
6f25e445255e77659fa2ae6c1a760459,1156120000,1,m.to8to.com/*
6f4e02ba0de5ac3f46d9ee2687584c8a,1156120000,7,m.jia.com/*
70b1221e56e99426508757b1fca5d456,1156120000,1,m.ikongjian.com/*
714f08b84d3c18e40753a91cbf16372e,1156120000,6,m.jia.com/*
719ad2eae39655e0cb16597f060e3f09,1156120000,4,m.jia.com/*
7215c0fe7dea67f759042aedb7350f24,1156120000,2,m.jia.com/*
72dd12651915b92fd4824c2b2f635568,1156120000,2,m.zx123.cn/*
736b0524db44969945027cccfad8dc70,1156330800,2,m.zhuangyi.com/*
73979dc698601ad29d138036aa458d17,1156110000,11,m.jia.com/*
74aff558c01ba941c21d2ed482376d1e,1156140300,10,m.jia.com/*
776f5b58ac101aa369bd2d5c88e71237,1156330900,11,m.jia.com/*
77c863090358ec2318175bee3aa61937,1156120000,1,m.zhuangyi.com/*
77f945fb69061b6a9423207b2162db34,1156533100,8,m.jia.com/*
78951412b8c8bbb81d9fd2a7fb63f82d,1156120000,1,m.jia.com/*
78ba7d68e9e875bc69b530d48fce584b,1156110000,6,m.jia.com/*
78c2604c988c4d854f933be3d88f7407,1156650400,3,m.jia.com/*
78c26e15463d0216a458a2350f33bb68,1156120000,28,m.jia.com/*
790b4e0fecf7b14d0f2f0c027bdfb210,1156511700,4,m.jia.com/*
7a284ca714691c7056eaee3fb005a4d6,1156120000,1,m.jia.com/*
7a7ffde64668cf5b7f00f0b51ab98b4b,1156120000,2,m.meilele.com/*
7afbef2788eac7ba68ef7db4bddd9baa,1156120000,1,m.jia.com/*
7b50e6ba8966a13108a7000016ab0a3b,1156120000,1,m.jia.com/*
7b7ca079f2f0fb4bcb6ad2c326b3fe4c,1156420100,2,m.jia.com/*
7bb015b6bd8b95ab5a4ac63db5975d7c,1156120000,1,m.jia.com/*
7c30bc0a8ac4a0868b881dbf96e05689,1156120000,4,m.jia.com/*
7d33d6c519c0ee7bfcb41f7284c55328,1156120000,2,m.jia.com/*
7e01f8f73193f0270a78ca3f82879876,1156120000,3,m.jia.com/*
7e60575695ca0f99da595c8f1e23ed56,1156120000,13,m.jia.com/*
7f1e0b460c83e51b1d4fe04669ca05e8,1156120000,3,m.jia.com/*
7f6fea85f79f7f721e10b5fbc1b2aae5,1156120000,1,m.jia.com/*
7f846d33e54eea40254448e39d447f2c,1156120000,5,m.jia.com/*
7f848b8a2a5445816767074e8a2f9cb9,1156371500,7,m.jia.com/*
8067a0a379b645bb0e91595b7b8c4124,1156110000,5,m.jia.com/*
807cc9505ad191caf1d2586347e37132,1156120000,3,m.jia.com/*
810cd47606331acb16cfd8c92b5050d4,1156120000,1,m.to8to.com/*
812afaa1ef2bb91529729aacdd782b3e,1156120000,29,m.ikongjian.com/*
8272d5d23f3d144a3d0ba1f3d4048521,1156120000,1,m.jia.com/*
836402dd00748faffacd55f3ffb26ca3,1156320200,29,m.zhuangyi.com/*
83a5d97d851849b092d50aace79ffd6e,1156110000,16,m.ikongjian.com/*
83f68ecf76f24bad5f24f8f86164a9ed,1156120000,4,m.jia.com/*
84ea9a9168cf72b714c414732cf5275f,1156120000,3,m.jia.com/*
8503f6e2df067a39a6a34c1e5d2b8307,1156120000,3,m.zx123.cn/*
854a0c55a5a4ead8f0cccf2285e6968b,1156120000,12,m.jia.com/*
8617aa695a048271aae084b2153445e9,1156120000,11,m.meilele.com/*
866b9a010be3be8cf48b4f2a713b4394,1156130900,29,m.meilele.com/*
86f149f77b2ffe03eda8885bd1286d96,1156120000,1,m.to8to.com/*
87326d29f27481a4e23dce676fce2fe3,1156131000,6,m.jia.com/*
87cd394517fe310a182194c82d252c5b,1156120000,14,m.jia.com/*
8843f6ae5569f70cc53f0ad49f0ec26e,1156140100,2,m.zx123.cn/*
8a2a045c65547e9db90b6e21d0279019,1156120000,4,m.jia.com/*
8a66882bc34884abf126333d83c2eb58,1156330400,2,m.jia.com/*
8a7462f76ab12277c7ee9740ad1fb58b,1156110000,68,m.ikongjian.com/*
8a9f3bf759db43b1054e0b21de279410,1156120000,1,m.jia.com/*
8b2c18458645a58f06229591e4b1249c,1156120000,1,m.jia.com/*
8b48c33cf541da20c3b3049bba0fda25,1156120000,1,m.jia.com/*
8be0bccbe867f8ff5550f4c4dee711f5,1156120000,13,m.shj.cn/*
8c6e07880daeab111d68adf96f70e5e9,1156120000,10,m.jia.com/*
8c9ba2164e431c7b5525cf8402c8a600,1156120000,4,m.shj.cn/*
8ccd482f2ec46a001a3f04d72178503a,1156120000,1,m.jia.com/*
8d5a976adc5c2f17884f0a35eacf1b78,1156320600,4,m.jia.com/*
8e9e3d5a35a6568bb0ab35ef117410ad,1156510700,1,m.jia.com/*
8ef97f497f1cbb71855a45756f49286b,1156130900,2,m.jia.com/*
8f86acaa65faad3f4228f77d48702421,1156130600,3,m.zhuangyi.com/*
906b7bca9003918165efc4d57ecbe423,1156440300,5,m.jia.com/*
90924d243ce6243d2cf309366cd1320b,1156130900,14,m.jia.com/*
909a3ed816a4e725beb2ff2cc2f252f9,1156120000,5,m.jia.com/*
91073d618a40ee5bf434b2a1c2486190,1156130100,4,m.jia.com/*
911bf04a86914f6d098e58a315810c75,1156150500,20,m.meilele.com/*
91cdcc5c82a951dc4712e60a7d9cfc2f,1156120000,1,m.jia.com/*
9261a1366a416bcbbbe9687d93ff7b8d,1156120000,3,m.jia.com/*
928b14e105d3c7d20fe94dff401caac0,1156120000,8,m.jia.com/*
929ed067802cc9f2d54c0f486930dacd,1156120000,1,m.jia.com/*
92ef3780b9b41a312b46bc219da1b3ab,1156120000,3,m.jia.com/*
934b435dbbd8038be3fb767c5416483d,1156120000,3,m.jia.com/*
946549bb9a6efaefcf891e8a4561245f,1156370600,1,m.zx123.cn/*
947ce001feea7e0cf8e73c3a843446df,1156421100,12,m.jia.com/*
949b1a61bb778e19b496e668ff8b330e,1156120000,1,m.zx123.cn/*
94db2fff61d28aa241fdce33fceddcbc,1156120000,5,m.jia.com/*
950006f880658402eb13a6756934e015,1156120000,9,m.jia.com/*
952d52bd5b0f703ea03bf60f48caaacf,1156120000,19,m.jia.com/*
95456a4a6c641485bf80cc880f088a9d,1156330400,14,m.jia.com/*
95fe539e2a9d213dddc2d7fb70894be2,1156120000,4,m.jia.com/*
9633a3370a122d9ffc97a739b013405d,1156120000,10,m.jia.com/*
97c9da4d79ba4111a2c51eb2c86ceab8,1156340100,1,m.to8to.com/*
987c8017409cdad085c8db254ed624f4,1156120000,1,m.jia.com/*
987f4ea2c2dc4e1c903042d28b1a763a,1156120000,7,m.jia.com/*
98b49e9160a5be0914db1907d1fbe0ec,1156120000,1,m.to8to.com/*
996b53367dc50777d76cb5b1c09bc788,1156120000,1,m.jia.com/*
9a045b5180b54731fed6b35e98d8690e,1156120000,3,m.jia.com/*
9a47bb97d4982193a10e1213381f2b8d,1156120000,15,m.zx123.cn/*
9b0224e2fcd09212b6c20875de7d6c73,1156370900,11,m.jia.com/*
9b8a8cec7ad2cfd81da6d34a294d3619,1156120000,1,m.zx123.cn/*
9b8bbbb76f29b8b061944cebb66f25c9,1156510100,6,m.jia.com/*
9c9a2f9fdaa89b45758f7399153f837e,1156120000,8,m.meilele.com/*
9e3f4c702646dba547e4b3f61886510e,1156120000,116,m.jia.com/*
9fb5d79d9e87b9e92e79aaef7de16955,1156120000,2,m.jia.com/*
9fb68ac41db69aea058bc32c4ad6fb02,1156120000,1,m.fang.com/jiaju/*
9ffe2044b286fbc840ae6051f124d0a6,1156610300,1,m.zx123.cn/*
a0ea1d1ff4095730ed4ce24631038d98,1156120000,1,m.to8to.com/*
a1d1fa342369e6328db37b1eb0cde209,1156120000,5,m.jia.com/*
a1ee315ca6c88b9fc2a111c5c8fedabb,1156120000,1,m.jia.com/*
a242a7bdc512b35d0201c019e8a4886b,1156130900,2,m.jia.com/*
a2dab9a8e85ad4939822530c676124d7,1156120000,6,m.jia.com/*
a3881777755314561f2acdbee9fbd3b0,1156120000,5,m.jia.com/*
a41293738c04ce352709e9bd1423f1df,1156110000,7,m.jia.com/*
a41fbe504f181517be03d8a50c04dcb8,1156120000,22,m.jia.com/*
a43f61f8cdf1d7e6b187de08cc818c10,1156120000,2,m.jia.com/*
a496ddd047ca522e61723c81131d58a6,1156131000,7,m.jia.com/*
a4d2dc2a6fffa651dd0cc53304643b68,1156120000,2,m.jia.com/*
a4ded18236af65e6d688457399f455be,1156130900,2,m.jia.com/*
a5141135752973d99087cc0cb778c5fd,1156120000,20,m.zx123.cn/*
a57a14fcf439e5b1dbf6a4090bc209b6,1156120000,2,m.jia.com/*
a586c027e3358301dc82b186439428f1,1156120000,1,m.jia.com/*
a601ab4d65193f39a9258a07ff874afd,1156120000,1,m.jia.com/*
a6d355df86a3dd9628c83ee4194b5434,1156120000,6,m.shj.cn/*
a72d35dec35731fad0b2fb42797f6e7c,1156360100,12,m.jia.com/*
a72f2ef0b9f3f881f200db65a2e74e80,1156120000,4,m.zx123.cn/*
a770c0b47c725a6e6cc3b3af3e2da514,1156120000,1,m.jia.com/*
a7bf7f74bd7a016896fe5d0fdd5f7d2b,1156120000,1,m.jia.com/*
a8a5dfed4844163c5e5c887b23f8c0d8,1156120000,1,m.jia.com/*
a8b6f481016371e6278496615b87d47a,1156120000,3,m.jia.com/*
a9110c6503955deeceddc568b7990e76,1156120000,1,m.jia.com/*
a981cc629b617b6995aae1469d00be4b,1156120000,6,m.meilele.com/*
a981cc629b617b6995aae1469d00be4b,1156120000,2,m.jia.com/*
a9c682fd979e0bbdf35511df0756095a,1156120000,3,m.jia.com/*
a9e69174b6943a2ea787a62e8e3513f9,1156120000,1,m.jia.com/*
aa4c37f371ffa4a22c8c26d8601e7e86,1156120000,3,m.jia.com/*
aaa0157bd2d216b4d2fac7a406da6b4b,1156120000,2,m.to8to.com/*
abfe6ccdaf679faa44f209251421bce8,1156120000,6,m.jia.com/*
ac1a37bd60358cbf3ff29a4184ae8945,1156120000,1,m.jia.com/*
ac4e268a6b364559eed7c8c0980f4fcc,1156120000,3,m.jia.com/*
ac89034233da6ad9789dce9d3241f2bc,1156110000,2,m.jia.com/*
ada994557ca710606b6509d5e906fbb2,1156120000,9,m.to8to.com/*
b03430e5aa93c61bbe195c841bfa0cfe,1156120000,1,m.jia.com/*
b03c90bc248d5a5f78657bb25bd420c5,1156110000,6,m.jia.com/*
b34cee5d8a76b93b240ff14f85b2e5ff,1156130200,3,m.jia.com/*
b360c01c127fac0f84c1c82e84838362,1156120000,1,m.zhuangyi.com/*
b3f4ed481a52e9ec90a3686bbd6e6962,1156120000,1,m.jia.com/*
b4462e99fea17a477d51ed4e742b84e2,1156120000,1,m.jia.com/*
b4a3def9f48c699907a59610c508eadb,1156120000,1,m.jia.com/*
b4cfb89db505a9dfba0f0eb4bda1a283,1156411700,1,m.jia.com/*
b52eb925da7b88316004f7945b3c4a44,1156120000,5,m.jia.com/*
b56395583abfb86a123c85160d8e7e2f,1156120000,2,m.jia.com/*
b626e4b5a3905a970c88a11d05db154a,1156210800,1,m.jia.com/*
b6772712544a4c4cee8427b9f3045c9b,1156120000,1,m.meilele.com/*
b691fc9771f6b5c8d3fee6ce7b74796f,1156120000,8,m.jia.com/*
b74a8eba4915913679c29c9d97a75894,1156120000,8,m.jia.com/*
b77de2719fc8e9becacd068dce04fd2b,1156320100,44,m.jia.com/*
b8ae7331ff4e7b221c3a02a327088d0a,1156520600,1,m.jia.com/*
b8d3a47ca3cd894af2d9335fde08405d,1156120000,3,m.jia.com/*
b954c94409251ca191bf5582e404cd45,1156120000,2,m.jia.com/*
ba6dc26ade8bc0c57ae1aa9ae0a453c6,1156120000,1,m.jia.com/*
bb15ec84405266912aa30d475b2d2374,1156120000,9,m.jia.com/*
bb32aca6b4e175d4c5d607c00a74e264,1156120000,3,m.jia.com/*
bb40bd963b86a25aecaec59fbdbfe2f6,1156120000,6,m.jia.com/*
bb40bd963b86a25aecaec59fbdbfe2f6,1156120000,2,m.zx123.cn/*
bbdbefe30d22ae19d0655b41aa3145ca,1156110000,4,m.jia.com/*
bbdffcca11acca8ef46b215b3b531292,1156120000,8,m.jia.com/*
bc600292e316e5e503172503f90f2818,1156120000,1,m.jia.com/*
bc668ccc7ab5e5b2040669242c0d26e4,1156120000,1,m.zx123.cn/*
bc919a88d4d3fb68bc10d9cc45dd1c25,1156120000,35,m.jia.com/*
bd25a2409f4f8a571b5e36b70812ed48,1156120000,1,m.jia.com/*
bd2893f76b39f61bd4603f5586183f53,1156371400,24,m.jia.com/*
bdad1f187642410df1903d3dd3d7909d,1156320100,2,m.to8to.com/*
bdbafd04b276c6db7226c0c4b1abddc9,1156120000,4,m.jia.com/*
be8c6a0f3ed4f89050867424f0dca7e1,1156120000,7,m.jia.com/*
bed00f386768de2ce768d727eaf028ef,1156120000,1,m.jia.com/*
bf8fd3ecbf1b47ca3109e47c9c89cd48,1156120000,1,m.jia.com/*
c1100dbb70360978731afa6939c7c146,1156120000,6,m.zx123.cn/*
c1b07f3ab1df4dd2b538e72a7641ef2a,1156120000,2,m.jia.com/*
c1d0342bd6288302a2f01f13a1839103,1156120000,5,m.jia.com/*
c206f21578bfe9770964dbe7d14ef398,1156130200,11,m.jia.com/*
c24f6b17f493044fd4d570c31e61802e,1156330500,2,m.shj.cn/*
c25b4e346a12d935b34b5bb1ca17fe5d,1156120000,1,m.jia.com/*
c2bb33da519de5347d528fca0a8b9535,1156120000,7,m.jia.com/*
c31c6b911e1c7059a40670498956459b,1156120000,1,m.to8to.com/*
c34291d367d8326bcc3d2d379c3403f3,1156130200,4,m.jia.com/*
c34c8723d4ca32e4e9f4a6900be9bfdf,1156120000,6,m.jia.com/*
c3b7aea0114b3af1c44da53816ebcd7a,1156321000,28,m.jia.com/*
c605490c41ddb58d3c90fc7dffe484b3,1156330400,1,m.shj.cn/*
c62d2680204cc88f6182948e0c4ac035,1156120000,3,m.jia.com/*
c669593f67c9533b648661ee78400997,1156110000,12,m.jia.com/*
c6934efaf1b573369af90a3a60bc9abb,1156150600,17,m.jia.com/*
c6b10c83db43b8c4090c9ea1f1d7e619,1156654000,1,m.meilele.com/*
c70447405209703c5caafc22e5ba6cef,1156120000,4,m.jia.com/*
c72e229e66f9fbc75c9444b580e594e5,1156120000,3,m.shj.cn/*
c826b6bbf127f250da1f26a23731ba90,1156120000,2,m.jia.com/*
c85dcb2389aa2f6922610fc34b9bf208,1156130900,1,m.ikongjian.com/*
c9ea4a04ea64b68c2c945627355aaac7,1156120000,1,m.jia.com/*
ca631f4ae494d2fc883fa161abcc1f87,1156120000,3,m.ikongjian.com/*
ca715cffb2c19f302182f1f0826e4823,1156120000,7,m.jia.com/*
cb198302a3e5ad6d7b807745f13ef85e,1156120000,6,m.jia.com/*
cb24b90244ef82bb159308ff1594eca4,1156120000,1,m.jia.com/*
cb5fb7c640a054baecf75e1ec168939f,1156130900,2,m.jia.com/*
cc711b51a9048dda2b9e608b075abb38,1156610100,1,m.to8to.com/*
ccadfce48ca79f76143e75e90cb02135,1156120000,1,m.jia.com/*
ccd3ae53117dd596b8c2f604d45d527b,1156110000,31,m.jia.com/*
cd50c6993c959969f78f8e6cbdb4a694,1156131000,18,m.jia.com/*
cd599774fe75c7f4753b07639b9bcc35,1156120000,2,m.jia.com/*
cda544a3d2e241686aa4dac2d42a74c6,1156120000,1,m.zx123.cn/*
cea22010a8562788241ad81957401d50,1156120000,1,m.jia.com/*
cef909fe9c00f70b32a330f74bfdda63,1156130400,6,m.jia.com/*
cefba83967d40abceff76b9dc083f4ac,1156120000,1,m.jia.com/*
cf4e92fea1d10de168ec82bf4983236f,1156120000,1,m.jia.com/*
d00c9eaebadcc23ebca20656ecc7efa1,1156410300,1,m.jia.com/*
d0327c428327c7f1a65eaf2ac850fce6,1156120000,1,m.zx123.cn/*
d087a79a011d1c070e091950d3401328,1156500000,1,m.to8to.com/*
d0dedb8672b83a71a56eab7dbd5093da,1156120000,3,m.zx123.cn/*
d0faf8a8cd032b11895738c0607bf3c5,1156621100,6,m.meilele.com/*
d10b26fc827ac36285ef80ef3f3454af,1156120000,22,m.jia.com/*
d1f4940a2443c2ce47b7ea9c1a1ec4e1,1156411600,1,m.zx123.cn/*
d20f43e54183d6feeac8234c7e47b7ad,1156120000,3,m.jia.com/*
d237a7f29c56387c7fd1449a688695c8,1156120000,4,m.jia.com/*
d25a29050796424a0d296bb32af60ca3,1156120000,12,m.jia.com/*
d2b118f54c4a109db4006cbd552797ed,1156120000,7,m.jia.com/*
d31698699a7ddc13ac1dfd96bd7421f5,1156130500,31,m.jia.com/*
d353822a81882bcdd40f5042c180ec29,1156120000,3,m.jia.com/*
d3bcba704cac723d15449dd11df5c3c3,1156120000,3,m.jia.com/*
d3c3d5d81b7b7144298e254e7dd4e6b6,1156110000,6,m.jia.com/*
d3d0f737922869f463f09a1f146c34a0,1156120000,6,m.jia.com/*
d3efa0b276ec678e4acdb6b6bcd38513,1156120000,1,m.jia.com/*
d40b6a969e5e16ce15b4f41db66eddcd,1156120000,3,m.jia.com/*
d44204c3801e1ef965c8276c0b2dec62,1156511500,5,m.jia.com/*
d484f81a243053c3bdd5424f607cb46f,1156120000,22,m.jia.com/*
d50fb1011b110a60d0050abfa7bede4d,1156150700,3,m.to8to.com/*
d71d521a26591fc498d88258b5cf24c1,1156513400,11,m.jia.com/*
d7230dc786c3a80cda292f94e22a4178,1156120000,21,m.jia.com/*
d8164f80e34e5ac5f920671bac42abc1,1156120000,4,m.jia.com/*
d8bd0a4702eefb8b2cb69eca6eaa364c,1156120000,4,m.jia.com/*
d9c20548423f338b53cf12cb8053ba20,1156120000,1,m.jia.com/*
dadee841b0ac001929d982099b197cf3,1156140800,2,m.zx123.cn/*
daeecdf0952fe56c4477a9c19544a3dc,1156120000,1,m.to8to.com/*
dc3233f483b03b73d64aa8da565d67fc,1156120000,1,m.jia.com/*
dcab25027959e2ca8cbf3263687e886a,1156130400,5,m.jia.com/*
dcf0d59c943f0f33775594ecff5cae1d,1156440600,19,m.jia.com/*
dd00673f101157f52aea4b5db126c365,1156120000,10,m.jia.com/*
dd0576f01d3ef222c851d04b5670a60f,1156120000,3,m.jia.com/*
dd36b9e8c536e7f5cdf2b2859fdccee7,1156120000,1,m.jia.com/*
dd727b806893604b966719e4b90b1d2f,1156120000,18,m.jia.com/*
dd84446726a3b607c226fd133b932f47,1156360100,7,m.zx123.cn/*
de1eece7cb57836808ea92e9fb522b4e,1156120000,1,m.jia.com/*
de2188f4d03c6a471a60b1612b54144d,1156120000,6,m.jia.com/*
de8eff6e8a396812fcf7f6e50e7d2c95,1156110000,21,m.jia.com/*
dee7e0231485a3576e453d0670485bb5,1156120000,3,m.jia.com/*
e079a4d6904617cbc2f03b9e81a10418,1156120000,1,m.jia.com/*
e0c4fb927a9d8cf1625996704238146f,1156120000,4,m.jia.com/*
e10795b1ffb34da33c9273541d04af76,1156120000,1,m.jia.com/*
e1fbad4b072fb105b0f17079019e8362,1156371600,2,m.fang.com/jiaju/*
e202693c7dd665a307fa1fd6457d204d,1156120000,7,m.shj.cn/*
e21c4231fd7df60579aba821437ec02c,1156120000,1,m.jia.com/*
e22124d0f066cfca5f8ce4a6c0a01990,1156120000,5,m.jia.com/*
e2471a366de3ded80603748b8ec671be,1156130200,2,m.to8to.com/*
e2f67063c4df139864ad94c50655c3ef,1156230300,6,m.zhuangyi.com/*
e533a3adbb3329f80d895773052d0ca7,1156120000,7,m.jia.com/*
e55ed402e2a1614dad58d153b12ec66c,1156120000,41,m.jia.com/*
e5ecf37c16b81d00ce7792f65c027592,1156110000,2,m.jia.com/*
e69d43d4c4b6b6013ce1879476cdcdec,1156120000,8,m.jia.com/*
e743a6e438259ba7af5fbd9429f9a6c5,1156120000,9,m.zx123.cn/*
e760c15cf6eb4b557a4266f56cf8d5e6,1156120000,4,m.jia.com/*
e82565172e7a7512d61609a9efc048cd,1156130900,2,m.jia.com/*
e9844b79160fc6933130be1ee701eedb,1156130900,2,m.jia.com/*
e9996153375adde6b225a0f2f086d011,1156120000,2,m.jia.com/*
eade3f6e022fa6eb5c2f296cdd00d986,1156120000,4,m.meilele.com/*
eb41483c056c49586b0a631a48cebd61,1156120000,3,m.jia.com/*
eb5a23eeae009d30f8d4fb1b35ebd1e4,1156120000,1,m.meilele.com/*
eb72b8e18d4b9bc3411495b9446035cd,1156320300,3,m.jia.com/*
ec2aad72bdfbcd6b599545f3786f4c70,1156120000,1,m.zx123.cn/*
ec3f4c790a8426ce169bd44b5e7b3a70,1156510100,2,m.jia.com/*
ec401685e36f62580f4836bf5c909156,1156120000,1,m.jia.com/*
ed41dfae88f2d5179ac231b971ed1ff8,1156120000,1,m.jia.com/*
ed90a7047ee2c02352d17c069a70a8a7,1156120000,4,m.jia.com/*
edf8bd698af684b1d8712d49cee4245d,1156120000,2,m.jia.com/*
ee5bf87249f48e0512d27486046f900e,1156120000,1,m.meilele.com/*
ee62a7fdfe0169d9cfa427de520add28,1156120000,7,m.zx123.cn/*
ee6de620cbc936666f519629fdd7d42f,1156120000,2,m.shj.cn/*
ef5288defde111650c4f8ba2b51d35a9,1156120000,1,m.jia.com/*
f02d8cefe906f55319df19c6c6fb001d,1156120000,5,m.shj.cn/*
f02f78cb32100362b0633248c4237ebf,1156120000,2,m.jia.com/*
f043097cbac61d8bf435461f74ba69aa,1156120000,2,m.zx123.cn/*
f124d4cea851889f831821beb944b64e,1156120000,1,m.to8to.com/*
f143df58baed40b71ff5f426ecd88f77,1156120000,6,m.jia.com/*
f1643d66e0af4a70687c48ffb2a17cc9,1156120000,2,m.jia.com/*
f1cac1714761ab36ebe8e322dfd76e4b,1156120000,5,m.zhuangyi.com/*
f26b419e157d5c0470aab8e70c3afaec,1156120000,1,m.to8to.com/*
f27f42d52d188609fb6d4cd944faad6a,1156120000,8,m.jia.com/*
f3fa9439bf8d1c9ba0c29791c24ce3b7,1156120000,3,m.shj.cn/*
f42692af9896040a4d2ace411fd2598e,1156120000,2,m.shj.cn/*
f43a6d50e107230980068a64c4bc4409,1156120000,10,m.jia.com/*
f4784d82383da3c5bece745a0ce3c23b,1156120000,1,m.jia.com/*
f4af447a46e473f9e6771f85b14004c4,1156120000,1,m.to8to.com/*
f507b73cfe84d5c470d84383a351657a,1156120000,2,m.jia.com/*
f52e7b2dfd87bac6244aaf121651eda6,1156120000,1,m.zhuangyi.com/*
f5e3f12df05bc99ee6dcbeb62e937b78,1156120000,1,m.meilele.com/*
f601a67696d7e7f3f64f9b95b63fff6d,1156120000,5,m.jia.com/*
f6596c4c9e7117cd3d94b7e572617b2d,1156360200,1,m.jia.com/*
f67acba3bf50240ce45129a065256d50,1156120000,32,m.ikongjian.com/*
f6aa9153cda9ffcd4963d736812e60a9,1156120000,1,m.zhuangyi.com/*
f7be8c50d91384bd20f844a7ad3e5f68,1156120000,10,m.zx123.cn/*
f8b55b925f97db14e50f10ac81134fba,1156120000,2,m.jia.com/*
f901ad901097531ec0af5d1b64e66cc7,1156120000,3,m.jia.com/*
f903f75b93adc2e78257c29c42d67e20,1156120000,1,m.ikongjian.com/*
f9c4a18d79f4a6ce7901aa634f3d9ec1,1156120000,1,m.jia.com/*
fa9351844f978d2c31aac3b74d6b9071,1156440300,32,m.meilele.com/*
fb2c021a20cbbc50a33fc503d3e3b855,1156120000,1,m.jia.com/*
fb4fc4175295411dee1dfc0888533179,1156120000,1,m.jia.com/*
fbcc8c9dc8ea291db7027f0ce6d2d5ea,1156120000,3,m.jia.com/*
fbf334e6927856626c284128b7e3c1dc,1156120000,1,m.jia.com/*
fbfd52d00978797891d0e505e19cd4e2,1156120000,1,m.meilele.com/*
fc9ff6a72c489728874756143ade4286,1156120000,15,m.jia.com/*
fd736d039e7567188dcf97a4f0c8f25f,1156320100,1,m.jia.com/*
fe0a2a084a9cc3fb25c2c90806b9f3cc,1156120000,7,m.jia.com/*
fe52f7073d0c13e3e82ef1f692f3e54b,1156120000,5,m.jia.com/*
feddeefc7a3164d386315cc021839bab,1156120000,6,m.jia.com/*
ff56ca1f32ce7102eca24d3fe5010f98,1156120000,1,m.jia.com/*
ff61c542452945f55a9b38f08b750565,1156120000,8,m.ikongjian.com/*
ffdb9779c1b9f8fcdcf7730c589d9838,1156120000,1,m.ikongjian.com/*
