0061dc38a731cc3577cee643ae5e6717,1156411300,9,sgmo.0371zzxsj.com/*
014cc81e426b116acb02fbf5f4042494,1156411000,2,sg.zykeda.com/*
021af53826af656aa658137e409e3d94,1156411400,1,sg.zykeda.com/*
021af53826af656aa658137e409e3d94,1156411400,12,sm.zzzykdrl.com/*
0300ac846bc253d177cc84bea8ca41d0,1156410300,3,m.zztongjiyiyuan.com/*
035c87cef050bc877da31ca36d123393,1156410100,1,sg.zykeda.com/*
03c040eddc151ff54eab01e9e0ade8a1,1156410300,13,sgmo4.yiyaofk120.com/*
03f242fa84ad7056f73c3108b69461d5,1156411500,1,smmo.yyyfuke120.com/*
0405abaa3afe1f975b12101e488b9662,1156410100,1,3g.mzsdfk120.com/*
0405abaa3afe1f975b12101e488b9662,1156410100,1,sm.zzzykdrl.com/*
0421c486146edbc9287f9fcea7b4e214,1156411700,1,wap.zztjyiyuan.com/rdzt/20180723/*
0421c486146edbc9287f9fcea7b4e214,1156411700,2,wap.zztjyiyuan.com/*
049360d431386283cefb98523b4833dc,1156410100,2,m.zztongjiyiyuan.com/*
0607f599edc07c36e0817a57cda848e3,1156411300,1,sg.zykeda.com/*
064b09601d67135af6cd4bea1a9285d8,1156410200,3,sg.zykeda.com/*
069bed4d84413e2f9bf24fa98d9991f9,1156411400,1,wap.zztjyiyuan.com/rdzt/20180723/*
069bed4d84413e2f9bf24fa98d9991f9,1156411400,3,wap.zztjyiyuan.com/*
06c675716aca69414d1edd4834b1637a,1156410100,47,m.65621111.com/*
070593e32adf328258c547de54bafb15,1156410100,23,sgmo4.yiyaofk120.com/*
0732a51c1612eae8cca2944ed81ed0fd,1156410100,3,sg.zztjyy120.com/*
08fc59c2503efb24a0d09752509d914a,1156411700,14,sg.hnyyaow.com/*
08fc80b1ca0c7308cacbb9e388df5c6c,1156410100,2,sg.zykeda.com/*
09710ea0b008403b691512f22f615623,1156410300,1,m.zztjby120.com/*
097eea145cc4690ebc1b661e3c67f950,1156411000,1,sgmo.0371zzxsj.com/*
098d39a063cf0bbd59369e058fc9243d,1156410100,2,m.65621111.com/*
098d39a063cf0bbd59369e058fc9243d,1156410100,3,m.zztjby120.com/*
098d39a063cf0bbd59369e058fc9243d,1156410100,1,m.zztjbyby.com/*
0991d6883bfd976003af5b4d353dbf3a,1156410100,2,sg.zykeda.com/*
09c098292bd986e2f0e378fb1bec12d2,1156410800,1,sg.zztjyy120.com/*
09d72811653939ba2731a0f7384c3fbc,1156410100,2,sg.zykeda.com/*
09dcd9f6a5cc8eddee8238a1b2e93081,1156410100,1,sg.zykeda.com/*
09dcd9f6a5cc8eddee8238a1b2e93081,1156410100,10,sm.zzzykdrl.com/*
09ef3d5f7ffe1294f42d48b6008d9df3,1156410100,1,smmo.fsyyfk.com/*
0a21b6f1899c0ee62c164ab86d9f7a0c,1156411300,28,m.zztlyy120.com/zt/tty/*
0a21b6f1899c0ee62c164ab86d9f7a0c,1156411300,30,m.zztlyy120.com/*
0a21b6f1899c0ee62c164ab86d9f7a0c,1156411300,7,sgmo4.yiyaofk120.com/*
0a3f0a93f1d85ad158e677ec3616ccff,1156411400,19,3gsg.zzwcbj.com/*
0b0fa93336b1e7512e3963da6eca0faf,1156411300,14,smmo.yyyfuke120.com/*
0b5a0b3cfd778b66464dd0ee032eb5f9,1156410100,1,sg.zykeda.com/*
0b63cbd89bcbeab3eb16f9ec807e67df,1156410800,2,sg.zzzykdrl.com/*
0bbff7052c9e74fb64f6eb2de31bca1d,1156330700,47,m.65621111.com/*
0c3a6a18215b1eed991e202400fb817d,1156410700,1,sg.zykeda.com/*
0c5178fec219d7453db886dfae517e2f,1156130100,2,sg.zykeda.com/*
0d203261ac8b27c7f8be377eb226f4d9,1156410300,9,sgmo.0371zzxsj.com/*
0d83677658ce6c04fb74aecbb01c9e0b,1156410100,113,sg.hnyyaow.com/*
0e5f913e516d19a1145865c4635fc9c7,1156411000,4,sg.zykeda.com/*
0ec38f781875926068de78639ff929fb,1156410300,2,sg.zhengzhoutongjiyiyuan.com/*
0ec38f781875926068de78639ff929fb,1156410300,13,sgmo.fsyyfk.com/*
0f0728e38743853e7e36622bad000289,1156410100,7,sgmo.0371zzxsj.com/*
0f0728e38743853e7e36622bad000289,1156410100,1,sg.zztjyy120.com/*
0f61ffdb20702816798743131d99bb74,1156411600,6,sg.zzzykdrl.com/*
0fc81c842b7e37119255450b7e52eda8,1156410800,9,m.zztjbyby.com/*
1036d1d0e30a0927b60f3a74e7abc9d8,1156410900,14,sgmo.0371zzxsj.com/zt/zy2/*
1036d1d0e30a0927b60f3a74e7abc9d8,1156410900,15,sgmo.0371zzxsj.com/*
1036d1d0e30a0927b60f3a74e7abc9d8,1156410900,5,sgmo.120new.com/*
10744f6c1b6bb2e6d3d908c5494d60a2,1156410600,1,sg.zykeda.com/*
107e1987a96772e2854a0b0e012aa2cc,1156410100,2,smmo.yyyfuke120.com/*
1141dc61345b0b61edfd03891e7ee570,1156411700,1,5g.zztongjiyy.com/*
114c9bb142a749c333331da7fcd4a9ba,1156411700,1,wap.zztjyiyuan.com/rdzt/20180723/*
114c9bb142a749c333331da7fcd4a9ba,1156411700,1,wap.zztjyiyuan.com/*
115dadeb19124a526f70a847a4ff7200,1156411500,6,m.zztongjiyiyuan.com/*
115dadeb19124a526f70a847a4ff7200,1156411500,7,5g.zztongjiyy.com/*
116cd72f314da8b15ec67b77cf9ccbfb,1156410300,1,sg.zztjyy120.com/*
11721a24b7303d502123a1df9074827c,1156410300,1,sgmo4.yiyaofk120.com/*
12b024fc8417c8161b204e26dca7ee36,1156410100,9,sg.zzzykdrl.com/*
12b024fc8417c8161b204e26dca7ee36,1156410100,2,sg.zykeda.com/*
12b024fc8417c8161b204e26dca7ee36,1156410100,2,sg.zhengzhoutongjiyiyuan.com/*
12b024fc8417c8161b204e26dca7ee36,1156410100,43,3gsg.zzwcbj.com/*
12b024fc8417c8161b204e26dca7ee36,1156410100,9,sgmo.fsyyfk.com/*
12c82aa65f4ece8981f3f629796bebc4,1156410100,1,sg.zykeda.com/*
134aca24e3e2853cd18c18adcfffb2d2,1156411500,1,wap.zztjyiyuan.com/*
134aca24e3e2853cd18c18adcfffb2d2,1156411500,1,smmo.yyyfuke120.com/*
134aca24e3e2853cd18c18adcfffb2d2,1156411500,2,smmo.fsyyfk.com/*
13649b38c10c8fdc51471dca8c8ed39f,1156410100,1,sg.zykeda.com/*
13c20cb415a6fbab00249a1d6b0cf58b,1156410100,5,m.65621111.com/*
13c20cb415a6fbab00249a1d6b0cf58b,1156410100,1,m.5ufk.com/*
14508deccbb52d8f7c1de548bd6490bf,1156320100,16,sgmo.0371zzxsj.com/*
149409ec23247a8465971adbb1a3c882,1156410100,13,sgmo.120new.com/*
1526ec9281a68d31e9cd18f46236205b,1156411700,10,sgmo4.yiyaofk120.com/*
161b1593e7ede4ed7845122de57579cd,1156410300,4,sg.zykeda.com/*
165afaa783fd38c9ec502c273c0ee6df,1156411700,24,3gsg.zzwcbj.com/*
165c9e2243b79d5acd1b87064b2adf52,1156411100,2,sg.zykeda.com/*
177a6b9d4a0e8f5b54a2296a6543b035,1156410700,2,3g.zzwcbj.com/zt/ckswt180720/*
177a6b9d4a0e8f5b54a2296a6543b035,1156410700,3,3g.zzwcbj.com/*
1782bdb323cc63d4fe0c1c76d6a0781d,1156410400,2,sg.zykeda.com/*
181d4d6d8cc6f9cff2889aa5ab919f83,1156410700,1,sg.zykeda.com/*
1834ba6204ca69a71d643f016a73784f,1156410100,2,sg.zykeda.com/*
183984d79c1f54a74d6531762622f023,1156410100,2,sg.zykeda.com/*
188940781fabbc7aa6f7177ab59ab841,1156410700,1,sg.zykeda.com/*
189ce1c93b11229bb3dfa04e3071e118,1156410100,1,smmo4.0371yyfs.com/*
1942ee3455ba19f5c11c41508a4e7ca7,1156411700,1,sg.zztjyy120.com/rdzt/20180723/*
1942ee3455ba19f5c11c41508a4e7ca7,1156411700,1,sg.zztjyy120.com/*
1a049dc2889e1ebede16939c0b4473fb,1156411200,1,sm.zzzykdrl.com/*
1a5bfffc27624ab55541b23befd738b2,1156410100,2,sg.zykeda.com/*
1a8afeb68bbaf18f208c01bb2a6016e5,1156410800,3,sg.zykeda.com/*
1b247ec91bf92fcef10bd60ade446fda,1156410700,1,wap.zztjyiyuan.com/*
1b3bee463955cbfb5fa73f97df0a5a5f,1156411300,6,m.zztjby120.com/*
1b3bee463955cbfb5fa73f97df0a5a5f,1156411300,5,m.zztjbyby.com/*
1bd96a124874054ff9775e3ed8090e04,1156410100,1,wap.zztjyiyuan.com/*
1bebb271f0c367cb11a9f2bca5eb5885,1156410100,43,smmo.0371zzxsj.com/*
1cc8a9f4727e9f03932a5e1bfd7f50ec,1156410100,2,sg.zykeda.com/*
1cf5c9c7900fae894a4204a9231dfd7e,1156411600,2,3g.mzsd120.com/*
1d0f230b46f8940b2188b93dce3e0595,1156411300,1,5g.zztongjiyy.com/*
1d11589d2bd46efdc98ead2d029939d5,1156410200,1,m.zztongjiyiyuan.com/*
1d92398d4f5191bf290764071196eb13,1156411100,50,sgmo.120zzxsj.com/*
1defc32b5b5d26aba3e9e112850eacff,1156411600,1,wap.zztjyiyuan.com/rdzt/20180723/*
1defc32b5b5d26aba3e9e112850eacff,1156411600,1,wap.zztjyiyuan.com/*
1defc32b5b5d26aba3e9e112850eacff,1156411600,60,smmo.yyyfuke120.com/*
1ed5925ca23414f29e5ec9267a7306f3,1156410100,45,rl.mzsdfk120.com/*
1ed5925ca23414f29e5ec9267a7306f3,1156410100,1,wap.zztjyiyuan.com/*
1ed5925ca23414f29e5ec9267a7306f3,1156410100,14,smmo4.0371yyfs.com/*
1ef3a535fa9540f2d7a90dcaaeb03895,1156410300,1,m.zztjyiyuan.com/*
1f244acded43450d6688a5b9f27e8e89,1156411600,1,sgmo.0371zzxsj.com/*
1f244acded43450d6688a5b9f27e8e89,1156411600,1,sg.zhengzhoutongjiyiyuan.com/*
202909046268201cf3355d136d88db8c,1156410100,14,smmo.fsyyfk.com/*
2127ca6e02c5683b6d3e8e810eeaaf73,1156410300,1,sm.zzzykdrl.com/*
2168ccf0a9b65fcd4e4639e733762e8e,1156410100,1,wap.zztjyiyuan.com/rdzt/20180723/*
2168ccf0a9b65fcd4e4639e733762e8e,1156410100,2,wap.zztjyiyuan.com/*
2269f4e9d8b962ea95f16a2e5e0f218b,1156410100,3,sg.zykeda.com/*
22f8964af83e27b884bb5f6671cc1143,1156410100,1,sg.zykeda.com/*
232e45a3727860bdf47b793a3cbf3ee4,1156411400,47,smmo.yyyfuke120.com/*
2370bf455a81e4894bde7a432f7cfc08,1156410100,2,sg.zykeda.com/*
23864a0663bfa3faf822b5c421b24894,1156411600,2,sg.zykeda.com/*
2459d0c07ff87f8a01ca55037077313d,1156411300,14,smmo4.0371yyfs.com/*
2492054ae280eeedb7c0455e5a0b254a,1156410900,13,sgmo.fsyyfk.com/*
24b4642b50a250478d3585879261b6f6,1156411300,1,sg.zztjyy120.com/*
24defefb4503e6ed6ecd44e009449456,1156410300,2,sg.zztjyy120.com/*
2574d4753cf0eca40633e2e6032cde28,1156410800,7,m.zztjby120.com/*
25f0ec9e1a3cec35b9a283154e4a56cd,1156440100,14,m.65621111.com/*
25f0ec9e1a3cec35b9a283154e4a56cd,1156440100,40,m.5ufk.com/*
26261a099854f71095e27144f15a94d5,1156410400,1,m.zztongjiyiyuan.com/*
269bb95c8a444e0cc31e09cc9ed9c8e9,1156410400,13,sgmo.120new.com/*
2730fc0e0bb3c68f47f04cfcc4834cce,1156410900,1,sg.zztjyy120.com/*
27c814a52c75272148e9cd11cd0d5c6c,1156411600,38,smzx.zzyyfuke120.com/*
27ed51394e485671c73e42eb3f42a038,1156130100,1,sgmo4.yiyaofk120.com/*
282ebf303735dc268ff7d13be82bf1b0,1156411400,1,sg.hnyyaow.com/*
285e925055414253cf515680f4f7e286,1156411500,1,smmo.hnzzxsj.com/*
28bbcb167876d6d29fe3b453dcea5fc4,1156410100,11,sgmo4.yiyaofk120.com/*
28c226270f33ec636de319ec9c64ba44,1156411700,1,3g.mzsdfk120.com/*
29995f91d668b21762cb0da7ff94ac68,1156410800,1,wap.zztjyiyuan.com/rdzt/20180723/*
29995f91d668b21762cb0da7ff94ac68,1156410800,49,smmo.0371zzxsj.com/*
29995f91d668b21762cb0da7ff94ac68,1156410800,2,wap.zztjyiyuan.com/*
2a1783c409f12807ba65b7e2298bda2e,1156410100,2,sg.zykeda.com/*
2a97312988f9f59d5d167d1c32083f23,1156410100,1,sm.zzzykdrl.com/*
2aff8c86b7328d8406765333b66e2835,1156410300,19,m.zztlyy120.com/*
2b844684484c8424ab0bd4aaf9e5d02e,1156410100,1,sg.zykeda.com/*
2bc449804c9105a2526ab60916725859,1156410800,1,sg.zztjyy120.com/*
2befa59f036bd8edce0fb82aae0741a7,1156410100,1,sg.zztjyy120.com/*
2c6e2efad0673d2148ca1fc856d1a623,1156410700,1,sg.zykeda.com/*
2c8b908db6a533a32567e1953ec316af,1156410100,1,m.zztjby120.com/*
2c8b908db6a533a32567e1953ec316af,1156410100,1,sm.zzzykdrl.com/*
2ca81d9c74e98177398d36c52e6bf9fa,1156410100,28,sgmo.0371zzxsj.com/zt/zy2/*
2ca81d9c74e98177398d36c52e6bf9fa,1156410100,35,sgmo.0371zzxsj.com/*
2ca81d9c74e98177398d36c52e6bf9fa,1156410100,2,sg.zhengzhoutongjiyiyuan.com/*
2cb3ae4473af221233f27b58ae56851a,1156411300,13,sgmo.120zzxsj.com/*
2cfc61f94900b82422676cd00fd2425c,1156410100,1,sg.zztjyy120.com/rdzt/20180723/*
2cfc61f94900b82422676cd00fd2425c,1156410100,1,sg.zztjyy120.com/*
2cff8e4a654a53671cec0ec32eae7e6c,1156410100,3,sgmo.120zzxsj.com/smzt/jhsy/*
2cff8e4a654a53671cec0ec32eae7e6c,1156410100,130,smmo.0371zzxsj.com/zt2017/rlyy/*
2cff8e4a654a53671cec0ec32eae7e6c,1156410100,41,3g.mzsd120.com/zt/zxy180706/*
2cff8e4a654a53671cec0ec32eae7e6c,1156410100,182,sg.zzzykdrl.com/*
2cff8e4a654a53671cec0ec32eae7e6c,1156410100,795,sg.zykeda.com/*
2cff8e4a654a53671cec0ec32eae7e6c,1156410100,111,sgmo.0371zzxsj.com/*
2cff8e4a654a53671cec0ec32eae7e6c,1156410100,79,smmo.hnzzxsj.com/*
2cff8e4a654a53671cec0ec32eae7e6c,1156410100,182,sgmo.120new.com/*
2cff8e4a654a53671cec0ec32eae7e6c,1156410100,173,sgmo.120zzxsj.com/*
2cff8e4a654a53671cec0ec32eae7e6c,1156410100,1333,smmo.120new.com/*
2cff8e4a654a53671cec0ec32eae7e6c,1156410100,831,smmo.0371zzxsj.com/*
2cff8e4a654a53671cec0ec32eae7e6c,1156410100,67,3g.mzsd120.com/*
2cff8e4a654a53671cec0ec32eae7e6c,1156410100,179,sm.zzzykdrl.com/*
2d1674e3cdfa7343adb86a138f232cfc,1156410500,6,m.65621111.com/*
2d57c239b113cd9b4e318aaa7653fe95,1156410300,9,sgmo.120new.com/*
2d5f62302b808b53a5802780db740c6f,1156410100,2,sg.zykeda.com/*
2d66af41c6696dd5a3224fb92ac67268,1156410100,13,smmo.yyyfuke120.com/*
2dce09a87f860f29c703a442a9449537,1156410300,1,sg.zykeda.com/*
2dd0fe1ed8925cb683e882c4988c9c9a,1156410900,1,m.zztjby120.com/*
2dd0fe1ed8925cb683e882c4988c9c9a,1156410900,3,m.zztjbyby.com/*
2e012030a643c96dc430e87242988ae5,1156410600,16,sgmo.0371zzxsj.com/*
2e012030a643c96dc430e87242988ae5,1156410600,1,sg.zztjyy120.com/*
2e17634ee8fe9b15be1b53eefa9478c6,1156411100,7,m.65621111.com/*
2e50dce36f451077a0751aa0bcdf6aa8,1156410300,1,wap.zztjyiyuan.com/*
2e7d79882cd40a00effb480490fe7445,1156410100,1,sm.zzcjzy120.com/*
2e7d79882cd40a00effb480490fe7445,1156410100,1,smmo.hnzzxsj.com/*
2e7d79882cd40a00effb480490fe7445,1156410100,1,m.zztjby120.com/*
2e7d79882cd40a00effb480490fe7445,1156410100,1,m.zztjbyby.com/*
2eb7605c4f464fe41a18b6c59f340b60,1156410800,8,sgmo4.yiyaofk120.com/*
2f24f67bbcab3128b3c8c80d1c45b7aa,1156410800,42,smmo.hnzzxsj.com/*
2f844b074270fe172e7a12372b2f7d0d,1156410100,2,sg.zykeda.com/*
2f8ceee4c3a390625f1729656d738b9e,1156410200,3,sg.zykeda.com/*
2fae6accb8c962015d881d9df6db6b7d,1156410100,1,sg.zykeda.com/*
3002d1a2db203f979de4c4613e11346d,1156410100,3,sg.zykeda.com/*
300b320ac8e9616c911cc5f634f2e586,1156330500,2,sg.zykeda.com/*
30481292c8b89859bcbb8bf096a33325,1156411700,9,sgmo.120new.com/*
30481292c8b89859bcbb8bf096a33325,1156411700,1,sg.zztjyy120.com/*
304b216537f64252891e4e8933b26e6e,1156411500,1,sg.zykeda.com/*
30af0b3a25235a353013f4f1dac318be,1156430700,15,sgmo.120zzxsj.com/*
30af0b3a25235a353013f4f1dac318be,1156430700,9,sgmo.fsyyfk.com/*
31371ce80d30b2ad3a8aad1d56f69c52,1156410100,4,m.zztongjiyiyuan.com/*
3160877383732f0ebfa9dd5f3183a2d1,1156410400,3,sg.zykeda.com/*
316a408d97951e8be401b1b518353ae8,1156411600,1,sg.zztjyy120.com/*
321f8d85f18e3f21853d14cf3f52316e,1156411500,70,smmo.hnzzxsj.com/*
33ae3dff44f94271f001cadadcd423ca,1156410300,30,m.65621111.com/*
33ae632eda0c0d99904c5a1fbf4d165e,1156411500,2,sg.zykeda.com/*
33f3dd2be44ceb8c17703d530d21a6eb,1156320500,7,m.zztongjiyiyuan.com/*
347cc814802857c47c335ca04e01f809,1156410100,2,sg.zykeda.com/*
34c0da35e2eba91217da562697ddac0a,1156410100,2,sg.zykeda.com/*
34d5797848666e9d4a646eabd451be71,1156410500,2,sg.zykeda.com/*
352169518b1bfb071a4a38018af125a3,1156410100,1,sg.zhengzhoutongjiyiyuan.com/*
352169518b1bfb071a4a38018af125a3,1156410100,1,sgmo4.yiyaofk120.com/*
35af97e0d7332e661b0c429fa4167ce5,1156411100,1,m.65621111.com/*
36a976e9f42a37a97e753bf639933de9,1156410100,2,sg.zzzykdrl.com/*
3729702e4e5212f3086f57de2ea9c0bf,1156411600,6,sgmo4.yiyaofk120.com/*
37667a3fc4a0f2e4c06abceae4a10813,1156411300,11,sgmo.0371zzxsj.com/zt/zy2/*
37667a3fc4a0f2e4c06abceae4a10813,1156411300,13,sgmo.0371zzxsj.com/*
376855c828601a8d30c8ca60055c21cf,1156110000,1,sg.zykeda.com/*
37b1b9bf8f3e352dd43c6350b1fe5212,1156411700,2,sg.zykeda.com/*
37bcfaf3c9c94f199ea4926021b642e9,1156410100,4,m.65621111.com/*
37bcfaf3c9c94f199ea4926021b642e9,1156410100,1,m.5ufk.com/*
37e7053cfe5909ba634605a2de37cdf3,1156410600,1,sg.zykeda.com/*
3811128ae51b746bfb2dfc756d54d2cc,1156410800,2,sg.zykeda.com/*
39bb729d7673a74046576f78ae89f9f7,1156411700,2,sg.zykeda.com/*
3a61828b262d4f04f9fbae024d264d00,1156410100,1,smmo.hnzzxsj.com/*
3acf9ee50e41a910da8e11c79113a705,1156410900,2,sg.zykeda.com/*
3b02ac134951a01eec5c1de40e2addcb,1156411400,1,sg.zykeda.com/*
3b034a93cf9b8da4df569ee469312b9b,1156411100,1,wap.zztjyiyuan.com/rdzt/20180723/*
3b034a93cf9b8da4df569ee469312b9b,1156411100,1,wap.zztjyiyuan.com/*
3b1521a2d41e94080ca1d0d30439b90a,1156140800,7,sg.zykeda.com/*
3b5674f25f9d6937be16072beb61645e,1156410100,1,wap.zztjyiyuan.com/rdzt/20180723/*
3b5674f25f9d6937be16072beb61645e,1156410100,4,wap.zztjyiyuan.com/*
3c024a3e227bce2b802bb6a4b1dec968,1156411600,1,smmo.fsyyfk.com/*
3c646603a60afa061a6eb35cd2ddc0d9,1156410400,1,sg.zztjyy120.com/*
3c646603a60afa061a6eb35cd2ddc0d9,1156410400,2,sg.zhengzhoutongjiyiyuan.com/*
3d64dcbdebb822874fc766f708384904,1156410100,83,sgmo.fsyyfk.com/*
3dcf468525a489eda696bb2963d4ceba,1156411600,4,m.zztongjiyiyuan.com/*
3dfcbb089c8a2d6cb2e5da45b04b6d2f,1156410200,4,sg.zykeda.com/*
3e2026da0abd8096d0202270141e3fe5,1156411400,1,sg.zykeda.com/*
3e747ead68c647ae9c52f1b7607d9599,1156410400,2,sg.zykeda.com/*
3ed29aa0c3aca5704c8431b857c810a2,1156410100,5,sgmo.fsyyfk.com/*
3f2a5b27a4612b723d2facf1e76dcee3,1156411400,6,sgmo.120new.com/*
3f3e307409b97a29c02b07d582ba0c1c,1156410100,1,m.zztongjiyiyuan.com/*
3f7f5a1f8b5b7d0f6c02f49da757ed80,1156411000,1,wap.zztjyiyuan.com/rdzt/20180723/*
3f7f5a1f8b5b7d0f6c02f49da757ed80,1156411000,2,wap.zztjyiyuan.com/*
401a2292822f503cd76eac088694c161,1156410100,1,m.zztongjiyiyuan.com/*
4020cc02e307d9dd4a396b8c5feff487,1156410500,10,sg.zzzykdrl.com/*
4020cc02e307d9dd4a396b8c5feff487,1156410500,1,sg.zykeda.com/*
4066d15311d9bb9c6a543d228628e2fe,1156410900,3,m.zztongjiyiyuan.com/*
40c37e1df4931c748628f9cfeb0b6962,1156410100,2,sg.zykeda.com/*
40deddc42b700de01f00db48e0662785,1156411500,1,m.zztongjiyiyuan.com/*
40deddc42b700de01f00db48e0662785,1156411500,1,sgmo.fsyyfk.com/*
411627cd3adc544189d1f24f9b61aedf,1156411700,2,sg.zykeda.com/*
41620ae5b9e4dbb5ffd7ec88554dbb9c,1156411000,1,wap.zztjyiyuan.com/*
41b185e9a7de7f9ddc6b29e735bce9d9,1156411500,1,m.zztongjiyiyuan.com/*
41b3a75c7a211b420ed8123a2f360806,1156410300,1,sm.zzzykdrl.com/*
41c00757bd0eb98d88b24ca420ae9cd3,1156320500,82,smmo.yyyfuke120.com/*
420be54b3693c2948d66acce03c01d01,1156410100,44,3gsg.zzwcbj.com/*
42b6a964f657c7b926406a3e25424aa6,1156410100,5,5g.zztongjiyy.com/*
42ba810d6ca87893d2ff1b1f84f61fc5,1156410100,1,smmo.0371zzxsj.com/zt2017/rlyy/*
42ba810d6ca87893d2ff1b1f84f61fc5,1156410100,7,smmo.hnzzxsj.com/*
42ba810d6ca87893d2ff1b1f84f61fc5,1156410100,53,smmo.120new.com/*
42ba810d6ca87893d2ff1b1f84f61fc5,1156410100,52,smmo.0371zzxsj.com/*
42ba810d6ca87893d2ff1b1f84f61fc5,1156410100,37,3g.mzsdfk120.com/*
42ba810d6ca87893d2ff1b1f84f61fc5,1156410100,2,smmo4.0371yyfs.com/*
42ba810d6ca87893d2ff1b1f84f61fc5,1156410100,55,smmo.yyyfuke120.com/*
42ba810d6ca87893d2ff1b1f84f61fc5,1156410100,15,smmo.fsyyfk.com/*
42ba810d6ca87893d2ff1b1f84f61fc5,1156410100,80,smmo.yyy120fk.com/*
42e9470eb368dbaf8f1cb6737f62fa64,1156410100,3,sg.zykeda.com/*
43370982100a59002a90a9aad81c70ea,1156410800,2,sg.zykeda.com/*
435369f236a4356c1e9343c2e4f10ef2,1156410100,1,sg.zykeda.com/*
435369f236a4356c1e9343c2e4f10ef2,1156410100,12,3g.mzsdfk120.com/*
435369f236a4356c1e9343c2e4f10ef2,1156410100,10,sm.zzzykdrl.com/*
439945b90b4a2aafa9b0e8c4fa53517b,1156411700,2,sg.zykeda.com/*
43e23a4455a73d60607dade9b9585ffe,1156410800,1,sg.zykeda.com/*
44408ad2ab9cfac1522e694a033d7f1a,1156411000,27,sgmo.0371zzxsj.com/zt/zy2/*
44408ad2ab9cfac1522e694a033d7f1a,1156411000,48,sgmo.0371zzxsj.com/*
449ab5dc035a032bfe5fd7edde5f87fb,1156410200,1,sg.zykeda.com/*
44ac9f14fe44fae6fb5ecd7f21119637,1156410100,2,sg.zykeda.com/*
44acf20d0e591c7bfbcc1c03fd4482cb,1156410800,8,sgmo.120zzxsj.com/*
44acf20d0e591c7bfbcc1c03fd4482cb,1156410800,6,3gsg.zzwcbj.com/*
44b1d5fac7e7251b73d9bbe380aef2b3,1156410100,1,wap.zztjyiyuan.com/rdzt/20180723/*
44b1d5fac7e7251b73d9bbe380aef2b3,1156410100,2,wap.zztjyiyuan.com/*
4534cb3433165bfe2452100873588438,1156410700,1,sg.zykeda.com/*
4534cb3433165bfe2452100873588438,1156410700,10,sm.zzzykdrl.com/*
4588ab8822ca9dd0bea24371120beda8,1156411300,5,smmo.120new.com/*
4588ab8822ca9dd0bea24371120beda8,1156411300,7,smmo6.yiyaofk120.com/*
45e7fdab5b3015731f98fe09b0096acb,1156411300,31,smmo.120new.com/zt/rl5/*
45e7fdab5b3015731f98fe09b0096acb,1156411300,43,smmo.hnzzxsj.com/*
45e7fdab5b3015731f98fe09b0096acb,1156411300,53,smmo.120new.com/*
4608a909cd64ea189a18da94a2cbf0f9,1156411300,27,sgmo.0371zzxsj.com/zt/zy2/*
4608a909cd64ea189a18da94a2cbf0f9,1156411300,43,sgmo.0371zzxsj.com/*
46a66aceb0762d9c1d8d13cde9bc32ea,1156410300,1,sg.zykeda.com/*
46c989faa63a008e7203a36015b4bad5,1156411500,10,sgmo.fsyyfk.com/*
4744b05807e78efa7454d1b6b6769412,1156411500,3,m.65621111.com/*
474b1c29970eb2285b0b3122579dcc4e,1156411500,2,sg.zykeda.com/*
479ec2a73f7e63762366c60b5f9be5ae,1156410800,1,sg.zztjyy120.com/*
479ec2a73f7e63762366c60b5f9be5ae,1156410800,18,3gsg.zzwcbj.com/*
4812e1845b65cd69695e86b397d5a4bd,1156410900,2,sg.zykeda.com/*
488559b7a9b76cb5ade8151553c4ce7e,1156411500,33,smmo.120new.com/*
4890555b9d9d8bae4ebd891951f727e9,1156411300,1,sg.zykeda.com/*
48ee09ce164f2f22f69caed2ae7ac4a2,1156410100,7,5g.zztongjiyy.com/*
4945b887602382f8ae1109938dea3ce9,1156410100,1,wap.zztjyiyuan.com/*
49a6b272c033de2c28d833bd94553f11,1156411200,1,smmo.0371zzxsj.com/*
49b4d4b9490506d95f0d6be135e38937,1156410300,74,smmo.yyy120fk.com/*
4a0289303f667130d364dc82df475ad0,1156410100,631,smmo6.yiyaofk120.com/zt/qdrlyy/*
4a0289303f667130d364dc82df475ad0,1156410100,242,rl.mzsdfk120.com/*
4a0289303f667130d364dc82df475ad0,1156410100,20,3g.mzsd120.com/zt/rlsj180721/*
4a0289303f667130d364dc82df475ad0,1156410100,47,3g.mzsd120.com/zt/zxy180706/*
4a0289303f667130d364dc82df475ad0,1156410100,44,3g.mzsdfk120.com/zt/rl_180519/*
4a0289303f667130d364dc82df475ad0,1156410100,20,sg.zztjyy120.com/rdzt/20180723/*
4a0289303f667130d364dc82df475ad0,1156410100,296,sg.zzzykdrl.com/*
4a0289303f667130d364dc82df475ad0,1156410100,48,sg.zztjyy120.com/*
4a0289303f667130d364dc82df475ad0,1156410100,4,sg.zhengzhoutongjiyiyuan.com/*
4a0289303f667130d364dc82df475ad0,1156410100,249,3gsg.zzwcbj.com/*
4a0289303f667130d364dc82df475ad0,1156410100,555,3g.mzsd120.com/*
4a0289303f667130d364dc82df475ad0,1156410100,565,3g.mzsdfk120.com/*
4a0289303f667130d364dc82df475ad0,1156410100,265,sgmo4.yiyaofk120.com/*
4a0289303f667130d364dc82df475ad0,1156410100,106,sgmo6.0371yyfs.com/*
4a0289303f667130d364dc82df475ad0,1156410100,900,smmo6.yiyaofk120.com/*
4a0289303f667130d364dc82df475ad0,1156410100,651,smmo.yyyfuke120.com/*
4a0289303f667130d364dc82df475ad0,1156410100,174,smmo.yyy120fk.com/*
4a0289303f667130d364dc82df475ad0,1156410100,68,smzx.zzyyfuke120.com/*
4a0289303f667130d364dc82df475ad0,1156410100,362,sgmo.fsyyfk.com/*
4a46b9da2b8a47064f64896f5b9361a1,1156410400,1,sg.zykeda.com/*
4a7380d4bfe2bce3fc961f77834210f7,1156411500,51,smmo.hnzzxsj.com/*
4acbe59b1fcdb2fc81cbbbb04d5fe1ca,1156411700,1,m.zztjby120.com/*
4b5342fbc3a1d1a778f0ecf68a5f6240,1156410400,1,sm.zzzykdrl.com/*
4c2393cba15ab5c07f0030ff32656048,1156410300,63,smmo.fsyyfk.com/*
4ceeb128ae566dfe02dd9b26c56c748e,1156411400,11,m.zztlyy120.com/*
4d2101f16bf89cb66aedb5159cfe1fb5,1156410300,2,sg.zykeda.com/*
4d64c9e09f69ba03175ca3f36c76f2b2,1156411500,53,sgmo.120new.com/*
4d93ba7542bb8e580618b4a67f6a656a,1156411600,1,sg.zykeda.com/*
4d93ba7542bb8e580618b4a67f6a656a,1156411600,1,sm.zzzykdrl.com/*
4d9ab8cedd3e6677adf87a5c18724935,1156120000,1,m.zztongjiyiyuan.com/*
4e842984f25ab232378504c6a931400b,1156410800,2,sg.zykeda.com/*
4ee4dccfcc2ecb7de545ac44cdba1f60,1156410100,13,sgmo6.0371yyfs.com/*
4fbf8c6357449166bcde6d5b505a0b67,1156411700,1,m.zztongjiyiyuan.com/*
4feb149495f02aec4ecd8b76f4a9b2a7,1156411700,1,sgmo4.yiyaofk120.com/*
5010f131c36f18305d91116f23da66f7,1156411400,3,sg.zykeda.com/*
50632ff84b6e86b7e03ff14513c9670e,1156410900,1,sg.zykeda.com/*
50a6e27728b2db1ae0eb5f627e866156,1156410100,11,sg.zzzykdrl.com/*
50a6e27728b2db1ae0eb5f627e866156,1156410100,3,sg.zykeda.com/*
50e29402e6c2c836d22e0081264aa3e1,1156410200,1,sg.zykeda.com/*
5113f12e3d106e6cb5aa438eaa6a8dae,1156410900,2,sg.zykeda.com/*
5181244c6e3bb9344827697f08bfe939,1156411000,27,sgmo.0371zzxsj.com/zt/zy2/*
5181244c6e3bb9344827697f08bfe939,1156411000,45,sgmo.0371zzxsj.com/*
51ce1330a8dd31e9ceedccefa5eb507c,1156410100,2,sg.zykeda.com/*
51f7ac516832927889e50d3dff53e363,1156411300,2,sg.zykeda.com/*
51f7ac516832927889e50d3dff53e363,1156411300,10,sm.zzzykdrl.com/*
520a08a229fbacc83440157c37c22187,1156410100,2,sg.zykeda.com/*
5277e0f851a31d0ebd2d1e7265d8ca70,1156411500,1,sg.zykeda.com/*
527f84ee63d47c7e4283618c75ec6811,1156411400,72,smmo.hnzzxsj.com/*
52c4a1e4cfc380d4f97da8b08143bae8,1156410200,5,sg.hnyyaow.com/*
537270cec1376b22649f33daf979c6c3,1156410800,7,m.65621111.com/*
53cbe09bfaaa87839cd15c16e370458f,1156410100,31,smmo.120new.com/zt/rl5/*
53cbe09bfaaa87839cd15c16e370458f,1156410100,56,smmo.120new.com/*
53e4f7a6615fa9d458e21d57e14e2f74,1156411200,1,wap.zztjyiyuan.com/rdzt/20180723/*
53e4f7a6615fa9d458e21d57e14e2f74,1156411200,1,wap.zztjyiyuan.com/*
540d3254f3c5fddc85a904d43d4c4c85,1156411400,1,wap.zztjyiyuan.com/*
54112ac2409dc18196d39563c28153db,1156410500,1,3gsg.zzwcbj.com/*
546b3a15f7becad9c7b64c1681d1e270,1156411400,1,sg.zykeda.com/*
5494b985a500462ca86bcea34de0f6a9,1156410100,2,sg.zykeda.com/*
54fa4022bd22e9876b48362e865989a0,1156411300,1,m.zztjbyby.com/*
55535c4b7e68d2a5bf84d4e88a441391,1156411000,4,m.65621111.com/*
55535c4b7e68d2a5bf84d4e88a441391,1156411000,1,m.5ufk.com/*
55d6ff31acdbfb1200827e9076bafa15,1156410500,2,sg.zykeda.com/*
563c41cc51337d4aea8f85c70ace4039,1156411700,1,sg.zykeda.com/*
5658437697a6f88fb38b1d42fa4b2279,1156411400,2,sg.zykeda.com/*
571419656ca4bf07ebdd2e6bff91754f,1156410100,7,5g.zztongjiyy.com/*
578a42334489c501e7e105c5cc0b35ac,1156410100,2,sg.zykeda.com/*
58078d9de64fe4b2201bc846dc70fecf,1156411600,3,sgmo6.0371yyfs.com/zt/zyzx/*
58078d9de64fe4b2201bc846dc70fecf,1156411600,3,sgmo6.0371yyfs.com/*
58133ceac9cf4eb414f45c9816165133,1156410300,1,wap.zztjyiyuan.com/rdzt/20180723/*
58133ceac9cf4eb414f45c9816165133,1156410300,2,wap.zztjyiyuan.com/*
58b0028eca25b80c943a9b2a7c9b22cb,1156411700,1,sg.zykeda.com/*
58f716af3364e67847f5ba4110a7c8a4,1156411400,1,smmo.0371zzxsj.com/*
5958db87ad99ccbff4df2d8afe6438cb,1156410800,4,sg.zykeda.com/*
59c9b0af5b637a637d286da53c11a8e6,1156410100,3,m.65621111.com/*
5a136b3c279396a47c25ee9871743bb2,1156411700,1,sg.zztjyy120.com/*
5ac1699031a70a5bf9ce10950976e95f,1156411200,1,sg.zykeda.com/*
5bdd1f65753f8718ea4e2310b49975f0,1156410200,2,sg.zykeda.com/*
5cecc2f41bdb239adb60322bf42a95c7,1156410100,14,sgmo.120new.com/*
5d043bb539d5d68e1c0f50829141f62b,1156411300,1,sg.zykeda.com/*
5d6bdf7e43e9ccaa1d8124fab2277dc2,1156410100,12,3g.mzsdfk120.com/*
5d7e7d6e182932bc24598c1e24a61e59,1156410100,1,wap.zztjyiyuan.com/rdzt/20180723/*
5d7e7d6e182932bc24598c1e24a61e59,1156410100,2,wap.zztjyiyuan.com/*
5e0888ff61f2e7528a8159c74295bb3a,1156610300,16,sgmo.120zzxsj.com/*
5f34a6c74c532a07843e1b497c9abd36,1156411700,1,wap.zztjyiyuan.com/rdzt/20180723/*
5f34a6c74c532a07843e1b497c9abd36,1156411700,1,sg.zykeda.com/*
5f34a6c74c532a07843e1b497c9abd36,1156411700,2,wap.zztjyiyuan.com/*
5f34a6c74c532a07843e1b497c9abd36,1156411700,12,3g.mzsdfk120.com/*
5f34a6c74c532a07843e1b497c9abd36,1156411700,13,smmo4.0371yyfs.com/*
5f34a6c74c532a07843e1b497c9abd36,1156411700,12,sm.zzzykdrl.com/*
5f9f0b1218a347a2e2da22f4871656c4,1156410100,5,m.zztongjiyiyuan.com/*
60b40ce7851ec9f8ee3acb27593e5afa,1156410800,13,sg.hnyyaow.com/*
60ceab9e2afa12f0e4d798ab71c2725f,1156411700,160,sgmo6.0371yyfs.com/zt/qdrlyy/*
60ceab9e2afa12f0e4d798ab71c2725f,1156411700,583,smmo6.yiyaofk120.com/zt/qdrlyy/*
60ceab9e2afa12f0e4d798ab71c2725f,1156411700,234,rl.mzsdfk120.com/*
60ceab9e2afa12f0e4d798ab71c2725f,1156411700,27,3g.mzsd120.com/zt/zxy180706/*
60ceab9e2afa12f0e4d798ab71c2725f,1156411700,9,3g.mzsdfk120.com/zt/rl_180519/*
60ceab9e2afa12f0e4d798ab71c2725f,1156411700,24,sg.zztjyy120.com/rdzt/20180723/*
60ceab9e2afa12f0e4d798ab71c2725f,1156411700,245,sg.zzzykdrl.com/*
60ceab9e2afa12f0e4d798ab71c2725f,1156411700,49,sg.zztjyy120.com/*
60ceab9e2afa12f0e4d798ab71c2725f,1156411700,2,sg.zhengzhoutongjiyiyuan.com/*
60ceab9e2afa12f0e4d798ab71c2725f,1156411700,209,3gsg.zzwcbj.com/*
60ceab9e2afa12f0e4d798ab71c2725f,1156411700,459,3g.mzsd120.com/*
60ceab9e2afa12f0e4d798ab71c2725f,1156411700,480,3g.mzsdfk120.com/*
60ceab9e2afa12f0e4d798ab71c2725f,1156411700,19,sg3.0371rxk.com/*
60ceab9e2afa12f0e4d798ab71c2725f,1156411700,539,sgmo4.yiyaofk120.com/*
60ceab9e2afa12f0e4d798ab71c2725f,1156411700,243,sgmo6.0371yyfs.com/*
60ceab9e2afa12f0e4d798ab71c2725f,1156411700,838,smmo6.yiyaofk120.com/*
60ceab9e2afa12f0e4d798ab71c2725f,1156411700,388,smmo.yyyfuke120.com/*
60ceab9e2afa12f0e4d798ab71c2725f,1156411700,99,smmo.yyy120fk.com/*
60ceab9e2afa12f0e4d798ab71c2725f,1156411700,119,smzx.zzyyfuke120.com/*
60ceab9e2afa12f0e4d798ab71c2725f,1156411700,419,sgmo.fsyyfk.com/*
613baf05b43c150c17264b87d613b878,1156411600,48,smmo.120new.com/*
613baf05b43c150c17264b87d613b878,1156411600,1,wap.zztjyiyuan.com/*
61d80fe3cf4dfcb7e42484bcf2beea2a,1156410500,1,sg.zztjyy120.com/rdzt/20180723/*
61d80fe3cf4dfcb7e42484bcf2beea2a,1156410500,6,sg.zztjyy120.com/*
62ebe5b37fdee3eafeb0a3d61b1c5809,1156410100,1,sg.zykeda.com/*
62ebe5b37fdee3eafeb0a3d61b1c5809,1156410100,12,sm.zzzykdrl.com/*
63993c578ba1b9d458a4c562dc4ff46a,1156411500,1,sgmo.120new.com/*
63fc77dd0c568a9a48b68a5871c0a4f2,1156411200,6,sg.zykeda.com/*
63fc77dd0c568a9a48b68a5871c0a4f2,1156411200,8,sgmo.0371zzxsj.com/*
63fc77dd0c568a9a48b68a5871c0a4f2,1156411200,9,sgmo.120new.com/*
6402c2412617ef40c7f6acd84310508a,1156410200,27,sgmo.0371zzxsj.com/zt/zy2/*
6402c2412617ef40c7f6acd84310508a,1156410200,45,sgmo.0371zzxsj.com/*
64bb83eac890f31efa4e872fc37fc0f7,1156411300,13,sgmo4.yiyaofk120.com/*
655176519f08b97ead888b19a73edad7,1156410800,7,sgmo.120zzxsj.com/*
669bf12cf19ccbdaf84640d03186d5ff,1156411400,1,sm.zzzykdrl.com/*
6704c3cf4bfca4a76d522a92d23e9742,1156410100,3,sg.zykeda.com/*
671eb9029dca239c95cb26fa052c710d,1156410100,13,smmo.fsyyfk.com/*
67467a82d48a05410997e3c72ea9eb5a,1156411700,1,3g.mzsd120.com/*
678ecdb8cd936b692bf5989496cfe76f,1156410200,19,m.65621111.com/*
67a0bd5d6a4c923781b1479e8a05cadd,1156411700,11,sgmo.120zzxsj.com/*
67af16e1867e7a43350a8e207674cffe,1156410100,3,sg.zykeda.com/*
68642028dc3e597f640b9b4408b72d4f,1156410100,2,sg.zykeda.com/*
68ae2bea97af09b0579f0baf291d1fd1,1156410100,9,sgmo.120new.com/*
68f9aeca782430b07fd2ba8f31b77cff,1156410100,1,smmo.yyyfuke120.com/*
69d89e4d9028b225ffc2823d846ba65e,1156410100,1,sg.zykeda.com/*
6a303af75c3132f9456b608c0d81c091,1156410700,13,sgmo.120new.com/*
6a342b3681371a11571ef4f7e66f4aea,1156410300,18,3gsg.zzwcbj.com/*
6ab7ffb4ff7904ad3b3704e1a213b7fc,1156410700,22,sgmo4.yiyaofk120.com/*
6acdbe1dbc3382687c39bcb7ccebe42c,1156410400,3,m.65621111.com/*
6acdbe1dbc3382687c39bcb7ccebe42c,1156410400,15,sgmo.120zzxsj.com/*
6ad1726c1e5ef586a34271618658b58a,1156411300,1,sgmo.0371zzxsj.com/*
6ad1726c1e5ef586a34271618658b58a,1156411300,1,sg.zztjyy120.com/*
6b0d82252157930c7ab0013ac775deb1,1156411400,3,m.65621111.com/*
6b0d82252157930c7ab0013ac775deb1,1156411400,3,m.zztlyy120.com/zt/tty/*
6b0d82252157930c7ab0013ac775deb1,1156411400,31,sgmo.120zzxsj.com/*
6b0d82252157930c7ab0013ac775deb1,1156411400,5,m.zztlyy120.com/*
6ba5d5e1cc3182d65264d05dde8cce8a,1156410300,3,m.zztlyy120.com/*
6c362e0c7bac9c9c2543d494763d6e0e,1156411300,1,sg.zykeda.com/*
6cc64b2520446c2d95a43b9fb97f038f,1156411700,1,wap.zztjyiyuan.com/*
6d4e3d6fee6f5a76212539757f05e72f,1156410100,3,sg.zykeda.com/*
6e7e6361d3c1df7f1dd30920993733f6,1156411400,51,smmo.hnzzxsj.com/*
6ed9cab21d57b3eec4ae5655b5fa6175,1156420300,2,sg.zykeda.com/*
6f71f05a860e5ad033aea10018d5075d,1156410100,11,sg.zzzykdrl.com/*
6f71f05a860e5ad033aea10018d5075d,1156410100,1,sg.zykeda.com/*
6fa4359dc56c8f7c30ec8c3ba7faed0f,1156410100,6,sg.zykeda.com/*
6fa4359dc56c8f7c30ec8c3ba7faed0f,1156410100,22,3gsg.zzwcbj.com/*
6fd1daf6e844bd54537839981e565951,1156410900,3,sg.zzzykdrl.com/*
700b6e32886455d7f6e5d80f60334906,1156410400,4,3gsg.zzwcbj.com/zt/zy_swt/*
700b6e32886455d7f6e5d80f60334906,1156410400,1,sg.zztjyy120.com/*
700b6e32886455d7f6e5d80f60334906,1156410400,5,3gsg.zzwcbj.com/*
702e698ec0324e96bfc4a8f62bc28829,1156410100,1,wap.zztjyiyuan.com/rdzt/20180723/*
702e698ec0324e96bfc4a8f62bc28829,1156410100,2,wap.zztjyiyuan.com/*
7052e061551a7c11afc0c2c6b6da8690,1156410100,7,m.zztongjiyiyuan.com/*
71d4f90d34030e770cad3b8888fff812,1156411600,2,sg.zykeda.com/*
72f2e0d59af85272a8f41a1476cc3827,1156410100,7,sg.zykeda.com/*
72f6d3eed878573ea01e4f93219cce2a,1156411400,12,m.zztlyy120.com/*
73444256a8a820568ac609ebcff10b58,1156320400,1,sg.zykeda.com/*
7400d14468f05042b9cac0f99c4c7a48,1156410900,1,smmo4.0371yyfs.com/*
74081998780dcd24974c55fad94cafc2,1156410900,1,sg.zykeda.com/*
74b15b7b2f26e5d583dede8373bc7d24,1156410100,1,smmo.120new.com/*
74b58f2c8db0442384fbbf81c260c1d3,1156410400,20,smmo.yyy120fk.com/*
7637f4ac7bc304b69fadd76416c29206,1156410100,1,m.zztongjiyiyuan.com/*
76659ac0ea188f53c1bbaa6042d95d92,1156410100,1,sg.zykeda.com/*
76858b24c39b8ec5067c5055f7803477,1156410500,2,wap.zztjyiyuan.com/*
768c5bafb8b643a45e8077fe77eb6cac,1156411400,2,sg.zykeda.com/*
7733d9853b67e28ab74569cc0e044ef3,1156410100,2,m.zztongjiyiyuan.com/*
7791122e118afa11c31fb66e98d5d59f,1156411700,9,sgmo.0371zzxsj.com/*
77a5f31ca61d0b4e20f9797e75c59b4d,1156410400,1,sg.zztjyy120.com/*
77c9a14444a5016936899ee48cf49c6d,1156371700,2,sg.zykeda.com/*
785dc6210ee0c1f38c8bcec4d57853bd,1156410100,1,sg.zykeda.com/*
78bbaeb1f736aabdc767aec9f274bf90,1156411700,1,wap.zztjyiyuan.com/rdzt/20180723/*
78bbaeb1f736aabdc767aec9f274bf90,1156411700,2,wap.zztjyiyuan.com/*
78c2d88f96e10f055c3a13db5e4565e5,1156411600,2,sg.zzzykdrl.com/*
78d439101ce15d9f1af86ce7e8089a3e,1156410700,2,sg.zykeda.com/*
791d0a9db95ccb7834b14b024021e490,1156410100,13,sgmo.120new.com/*
799fbd101a99f4afee71203ca1391c0d,1156411400,26,m.65621111.com/*
7a2c59ff62b4fece03cab23ff34301e9,1156410700,5,m.zztjby120.com/*
7c5a4112486db14518eb9716b10b2791,1156410100,2,sg.zykeda.com/*
7c6894b954ea9af0c2e83619c24f1112,1156411200,2,sg.zykeda.com/*
7d9e8f04b620d2cbf284389ea8a1e80e,1156410200,2,sg.zykeda.com/*
7db8c4aabe6fe0edeb97146f7e6a4a5e,1156411300,1,sg.zztjyy120.com/*
7dc9f2e84e1d112e3be1480400486f05,1156411700,77,smmo.yyy120fk.com/*
7e1a17813ac8e42e8aff7a329ab29e56,1156410100,3,sg.zykeda.com/*
7e81c0d1ed4966c8775c859d95b766a6,1156410800,19,smmo.yyy120fk.com/*
7ed2a2a9df1c42573a0000d5f9306b63,1156410100,1,sg.zykeda.com/*
7ef963c2289fe009bfa30bec58030b55,1156411000,1,sm.zzzykdrl.com/*
7f40795dbb89cf75c2615fcb00f9921b,1156411400,1,m.zztjbyby.com/*
7f7a90bf4e7dbc51bca6cd363a2c4be5,1156411400,2,sg.zykeda.com/*
7fa774dd7c61778309059e37b6b23abd,1156410100,2,sg.zykeda.com/*
7fdaa0310db1cc6b8528308d52d7818c,1156411700,9,sgmo.120zzxsj.com/*
80aef2a7646d4716172d653d511fa119,1156410100,81,sgmo.fsyyfk.com/*
8165ee36e32d9ccc5654537f061cff85,1156410100,2,sg.zykeda.com/*
81ca06ee1e1b09aec0aa0ed7765333fd,1156410100,1,sg.zykeda.com/*
81ca06ee1e1b09aec0aa0ed7765333fd,1156410100,12,sm.zzzykdrl.com/*
821aad97db67fabda7eb7b869c91e400,1156411500,1,sg.zykeda.com/*
82c7dbc5ea3f00724b9f357f79997b25,1156410100,48,m.65621111.com/*
8369718a1b41b10782a8c44ad1763248,1156410100,2,sg.zykeda.com/*
8393c6832796d935b1a92f5d69b731a9,1156411700,2,sg.zykeda.com/*
83eaec4e060e2917e2ba39e0b313da99,1156410100,6,m.65621111.com/*
83eaec4e060e2917e2ba39e0b313da99,1156410100,1,m.5ufk.com/*
83f413c20839cd873fbbff785919775c,1156411100,49,smmo.hnzzxsj.com/*
8446ea0fd45e28802f0a749a3ae97e9c,1156110000,1,sg.zykeda.com/*
84b8a6ba9d52185295937fb116e7562e,1156450100,2,smmo4.0371yyfs.com/*
84b8a6ba9d52185295937fb116e7562e,1156450100,5,smmo6.yiyaofk120.com/*
85c573b64bfa67a26e0215043ff7cfe2,1156410100,16,sgmo.120zzxsj.com/*
86ae6edd1a8146894c49c4d344539212,1156411700,1,smmo.fsyyfk.com/*
871fce6794091cd53f6a4730085f57d4,1156411100,6,m.65621111.com/*
87999500871b307349284fa048209497,1156411000,2,m.65621111.com/*
87b95ae9b48b9e27901ec0bce343d78e,1156410100,1,sg.zykeda.com/*
88bf8c6df6e1281249a6a5c0f11eb1bc,1156410100,107,sgmo6.0371yyfs.com/zt/qdrlyy/*
88bf8c6df6e1281249a6a5c0f11eb1bc,1156410100,1113,smmo6.yiyaofk120.com/zt/qdrlyy/*
88bf8c6df6e1281249a6a5c0f11eb1bc,1156410100,237,rl.mzsdfk120.com/*
88bf8c6df6e1281249a6a5c0f11eb1bc,1156410100,22,3g.mzsd120.com/zt/rlsj180721/*
88bf8c6df6e1281249a6a5c0f11eb1bc,1156410100,11,3g.mzsd120.com/zt/zxy180706/*
88bf8c6df6e1281249a6a5c0f11eb1bc,1156410100,20,3g.mzsdfk120.com/zt/rl_180519/*
88bf8c6df6e1281249a6a5c0f11eb1bc,1156410100,19,sg.zztjyy120.com/rdzt/20180723/*
88bf8c6df6e1281249a6a5c0f11eb1bc,1156410100,319,sg.zzzykdrl.com/*
88bf8c6df6e1281249a6a5c0f11eb1bc,1156410100,38,sg.zztjyy120.com/*
88bf8c6df6e1281249a6a5c0f11eb1bc,1156410100,2,sg.zhengzhoutongjiyiyuan.com/*
88bf8c6df6e1281249a6a5c0f11eb1bc,1156410100,248,3gsg.zzwcbj.com/*
88bf8c6df6e1281249a6a5c0f11eb1bc,1156410100,279,3g.mzsd120.com/*
88bf8c6df6e1281249a6a5c0f11eb1bc,1156410100,389,3g.mzsdfk120.com/*
88bf8c6df6e1281249a6a5c0f11eb1bc,1156410100,215,sgmo4.yiyaofk120.com/*
88bf8c6df6e1281249a6a5c0f11eb1bc,1156410100,150,sgmo6.0371yyfs.com/*
88bf8c6df6e1281249a6a5c0f11eb1bc,1156410100,1657,smmo6.yiyaofk120.com/*
88bf8c6df6e1281249a6a5c0f11eb1bc,1156410100,1391,smmo.yyyfuke120.com/*
88bf8c6df6e1281249a6a5c0f11eb1bc,1156410100,1242,smmo.yyy120fk.com/*
88bf8c6df6e1281249a6a5c0f11eb1bc,1156410100,140,smzx.zzyyfuke120.com/*
88bf8c6df6e1281249a6a5c0f11eb1bc,1156410100,110,sgmo.fsyyfk.com/*
8980372e8c1cafbdbc303867360ca038,1156411200,7,sgmo6.0371yyfs.com/zt/zyzx/*
8980372e8c1cafbdbc303867360ca038,1156411200,9,sgmo.120new.com/*
8980372e8c1cafbdbc303867360ca038,1156411200,8,sgmo6.0371yyfs.com/*
89e3b165102b67739bc6d7d731756822,1156411500,2,sg.zykeda.com/*
89ea635c2b5d73c124bca85c97309068,1156411600,4,smmo.120new.com/*
8aaa27703027fa7b941739801f8b8036,1156410100,1,5g.zztongjiyy.com/*
8b78b6a50f19825f90f5e9703bffa2f8,1156411400,12,sgmo.120new.com/*
8ba87920a55a3322131224f36746e407,1156411400,1,sg.zztjyy120.com/*
8ba87920a55a3322131224f36746e407,1156411400,7,sgmo4.yiyaofk120.com/*
8c1512b5d19d4c75ca4b68c5415d81d5,1156411400,2,sg.zykeda.com/*
8cd645e97087736b0333abf2c43621bb,1156411400,1,sg.zykeda.com/*
8cd645e97087736b0333abf2c43621bb,1156411400,13,sgmo.120zzxsj.com/*
8cd645e97087736b0333abf2c43621bb,1156411400,2,smmo4.0371yyfs.com/*
8d76a0f637652a98a1acdc510211338a,1156410100,15,sgmo.fsyyfk.com/*
8d980c1cbb000313609bbb0f11c2bb57,1156410100,1,sg.zykeda.com/*
8dac1645feeb1ed52aa620d8769e82d0,1156410800,9,smmo4.0371yyfs.com/zt/zyzx/*
8dac1645feeb1ed52aa620d8769e82d0,1156410800,13,smmo4.0371yyfs.com/*
8e55f1d3ac385f7f53c6b4361753cd12,1156410300,2,sg.zykeda.com/*
8e814308806a622386b92190421dc857,1156410100,2,m.zztongjiyiyuan.com/*
8ed683881b883affa0d395887cf24cfb,1156410100,2,sg.zykeda.com/*
8f1097785e771b4ad0c26fcde71a803a,1156410100,1,wap.zztjyiyuan.com/*
8fbbd6622567a758e529287dd9e97b15,1156410600,3,smmo.120new.com/*
8fc89398db76345fb0cc6086e8909fe2,1156410300,1,wap.zztjyiyuan.com/rdzt/20180723/*
8fc89398db76345fb0cc6086e8909fe2,1156410300,2,wap.zztjyiyuan.com/*
91444f93502ab8e8d5355bfe1567e778,1156410500,9,3g.zzwcbj.com/zt/ckswt180720/*
91444f93502ab8e8d5355bfe1567e778,1156410500,10,3g.zzwcbj.com/*
92035ff73b3ca2f40aee539d8d5eaa9e,1156410900,1,m.zztjby120.com/*
921881b8410c7b37a2f9ecde6b59572f,1156410200,34,sgmo.120zzxsj.com/*
9226dbf2804dd73e4f6ef87b835b5cdd,1156411400,1,sg.zykeda.com/*
9226dbf2804dd73e4f6ef87b835b5cdd,1156411400,5,sgmo.fsyyfk.com/*
923c60a5859725903c9313027c8e07b2,1156320500,1,wap.zztjyiyuan.com/rdzt/20180723/*
923c60a5859725903c9313027c8e07b2,1156320500,2,wap.zztjyiyuan.com/*
929ae8d2410ac82dae40918dca16b007,1156411400,1,sg.zykeda.com/*
93668c69b88a6dd266b8d44fe890f172,1156120000,1,wap.zztjyiyuan.com/*
93678daf6c6d4e73ec22f93f0cf6231d,1156410100,1,sg.zykeda.com/*
936d53314ae6ccedfa0f2cdf8f35c3a0,1156411400,2,sg.zykeda.com/*
93b705535b4faef1bd4ba0ba4c237544,1156410100,2,sg.zykeda.com/*
9454022e451b721aa7807dafe8eda47d,1156411400,6,m.zztongjiyiyuan.com/*
94a3d1f3b5623b1d004305040ac930d1,1156411700,11,sg.zzzykdrl.com/*
94a3d1f3b5623b1d004305040ac930d1,1156411700,1,sg.zykeda.com/*
94c21c4890d1aa29b17f52074133e68c,1156411400,9,3g.mzsdfk120.com/*
952cacc3c9f4f091dfd62f3797d4d6fd,1156410800,1,sg.zykeda.com/*
954a8d260b368a0615088314b83d5cd1,1156440100,2,sg.zykeda.com/*
9557727e1ca288b4231a5ead70da8a17,1156411100,5,m.zztongjiyiyuan.com/*
96039374e7a06a65fc3861ebcc870da8,1156410200,11,sg.zzzykdrl.com/*
96039374e7a06a65fc3861ebcc870da8,1156410200,1,sg.zykeda.com/*
9618c2a5a16f6e3ebfdbf2bd806d988c,1156410100,1,m.zztlyy120.com/*
963ec7668ec3962e2a17c047ea6e1199,1156410100,9,sgmo4.yiyaofk120.com/*
987e1038ff861c8e96d6369916509970,1156410400,1,sg.zykeda.com/*
98853e7088d04ce66555b52a9b13cb5f,1156410500,32,sgmo.120zzxsj.com/*
988bdb324bac49661c559f4bbeaadf54,1156410100,2,sg.zykeda.com/*
9902cf674eb2d67378691ba0da87517c,1156411700,47,smmo.hnzzxsj.com/*
99119a83a5eed35776a79c238a7ffa5c,1156410100,13,smmo.0371zzxsj.com/zt2017/rlyy/*
99119a83a5eed35776a79c238a7ffa5c,1156410100,14,3g.mzsd120.com/zt/zxy180706/*
99119a83a5eed35776a79c238a7ffa5c,1156410100,207,sg.zzzykdrl.com/*
99119a83a5eed35776a79c238a7ffa5c,1156410100,1341,sg.zykeda.com/*
99119a83a5eed35776a79c238a7ffa5c,1156410100,11,sgmo.0371zzxsj.com/*
99119a83a5eed35776a79c238a7ffa5c,1156410100,20,sgmo.120new.com/*
99119a83a5eed35776a79c238a7ffa5c,1156410100,14,sgmo.120zzxsj.com/*
99119a83a5eed35776a79c238a7ffa5c,1156410100,104,smmo.120new.com/*
99119a83a5eed35776a79c238a7ffa5c,1156410100,67,smmo.0371zzxsj.com/*
99119a83a5eed35776a79c238a7ffa5c,1156410100,23,3g.mzsd120.com/*
99119a83a5eed35776a79c238a7ffa5c,1156410100,225,sm.zzzykdrl.com/*
991d28f2e4570170ead5faefe0a43516,1156410300,1,sgmo4.yiyaofk120.com/*
99c0578386e481dc8ed99bf8cba372c1,1156411700,9,smmo4.0371yyfs.com/zt/zyzx/*
99c0578386e481dc8ed99bf8cba372c1,1156411700,1,sg.zykeda.com/*
99c0578386e481dc8ed99bf8cba372c1,1156411700,14,smmo4.0371yyfs.com/*
99fc64bd75f2500dffaf1fd3d721187d,1156320500,5,m.zztongjiyiyuan.com/*
9a06333055db5e708d69fdbd6590cd2c,1156411500,1,wap.zztjyiyuan.com/rdzt/20180723/*
9a06333055db5e708d69fdbd6590cd2c,1156411500,2,wap.zztjyiyuan.com/*
9a1e72673757b550f9924560006522a6,1156411500,1,smmo.0371zzxsj.com/*
9af2ef152c0d476a51fac575847d3d0b,1156411700,1,wap.zztjyiyuan.com/rdzt/20180723/*
9af2ef152c0d476a51fac575847d3d0b,1156411700,2,wap.zztjyiyuan.com/*
9b1da4c7458e478a6d6552f15ba04c2e,1156410100,1,m.zztongjiyiyuan.com/*
9b314c95bba25daf52f38aaa1fe7d0b5,1156410100,1,sg.zztjyy120.com/*
9b49000389d83af5c1c5095f56e1f852,1156411600,1,sg.zykeda.com/*
9bc1f08a084d1a40b5eeb3f11d94510f,1156371700,2,sg.zykeda.com/*
9becdb546b6d671931448efa4b967ded,1156410800,55,smmo.0371zzxsj.com/*
9c24c5cde01bc64c4238ef9ccf4f2df8,1156410300,18,sgmo.120zzxsj.com/*
9c4916687498e8487611125ee7857d3f,1156410800,2,sg.zykeda.com/*
9c4916687498e8487611125ee7857d3f,1156410800,8,3g.mzsdfk120.com/*
9c4916687498e8487611125ee7857d3f,1156410800,2,smmo4.0371yyfs.com/*
9c4916687498e8487611125ee7857d3f,1156410800,12,sm.zzzykdrl.com/*
9c7defbe2731769c10c4e8b67e03a020,1156410300,3,sg.zykeda.com/*
9ca1a1cbe0f5cd32a6c48be1130d1e68,1156411700,7,m.zztongjiyiyuan.com/*
9e95ecc3434a4da45f352ed85674af47,1156410100,2,sg.zykeda.com/*
9ff8d1d7aaaa3ba292f75cc0789f1874,1156410100,2,smmo.120new.com/*
a05dde113b8ec7554ab8d7043bc97347,1156411400,1,wap.zztjyiyuan.com/*
a07f2b12e746b24df43165ca345ff45e,1156410100,1,sg.zzzykdrl.com/*
a07f2b12e746b24df43165ca345ff45e,1156410100,1,sg.zykeda.com/*
a10f9cfd320bfa839a0876fd2d1167f4,1156411700,27,sgmo.0371zzxsj.com/zt/zy2/*
a10f9cfd320bfa839a0876fd2d1167f4,1156411700,45,sgmo.0371zzxsj.com/*
a142a0944345ae1efb7a067b331bcb7e,1156411400,1,sg.zykeda.com/*
a15249dd56aaff2fb08a17e613d6abe7,1156330700,1,sg.zykeda.com/*
a20be2f5b9896cc3dfc27ef818837f22,1156410500,15,sg.hnyyaow.com/*
a290e206cf2904bd1b2eea8c926a57b2,1156410100,1,sg.zykeda.com/*
a290e206cf2904bd1b2eea8c926a57b2,1156410100,63,smmo.120new.com/*
a290e206cf2904bd1b2eea8c926a57b2,1156410100,65,smmo.0371zzxsj.com/*
a2930e332d3e02b82af9be321462eaa4,1156410100,8,sgmo.120zzxsj.com/*
a316333a6d98e5f5f810d942afb3d85d,1156410100,1,sg.zykeda.com/*
a3622afb90aed1840797e89b2b31afde,1156330500,3,sgmo.120new.com/*
a400a4c8281c6ef736259ffdb346ea60,1156411000,1,sg.zykeda.com/*
a430f3c014c1b83ac9c084f357c7076c,1156411100,2,sg.zykeda.com/*
a451777e38f78e5859e6751b38e9613e,1156410200,10,sgmo.0371zzxsj.com/*
a48814d4d74bb30ef402ea517827db43,1156410800,60,sgmo.fsyyfk.com/*
a4cd453bd29d1447f62f5fbf01d6ccfc,1156410300,1,sg.zykeda.com/*
a4ce86721d8a1a94e508ddf0f8c83b38,1156410200,1,sg.zykeda.com/*
a59e4b40fadc93fa2f6c796865c5155d,1156410100,1,sg.zykeda.com/*
a604683f4ed14ff5c44a7e1f9b378d4b,1156410100,2,sg.zztjyyfk.com/*
a62aa5bca010052269db074963e26314,1156410100,1,m.zztongjiyiyuan.com/*
a63ee88a50da8be8e487695056ec57a3,1156411600,65,smmo4.0371yyfs.com/*
a68927394a510d79efd5f27e86c8cc47,1156410300,41,m.65621111.com/*
a6fe56bfdc5966774a81c05d6f83231e,1156410900,1,sg.zykeda.com/*
a7c389c4f170ec0d0cbb8e9becd4a8d1,1156410400,13,sg.zykeda.com/*
a7d9e0654870e36e7ae239e2dada1d2d,1156411700,14,smmo4.0371yyfs.com/*
a83178199fec496107397276d72b1ded,1156411100,4,m.zztjby120.com/*
a839980812ea895c1526cd65010973c8,1156410500,1,wap.zztjyiyuan.com/rdzt/20180723/*
a839980812ea895c1526cd65010973c8,1156410500,3,wap.zztjyiyuan.com/*
a8ef7671cbddb57debbcafb2cb806035,1156411700,1,smmo4.0371yyfs.com/*
a8fd1a03cedd70486cea1579a2e912f8,1156410900,1,sg.zykeda.com/*
a8fd1a03cedd70486cea1579a2e912f8,1156410900,43,3gsg.zzwcbj.com/*
a9271f7a7c70bdd379dbe13d48cd3f65,1156411600,6,m.zztjbyby.com/*
aa248754431759da39e5dc988873d91d,1156411700,1,sg.zykeda.com/*
aa248754431759da39e5dc988873d91d,1156411700,1,sg.zztjyy120.com/*
aa248754431759da39e5dc988873d91d,1156411700,1,sg.zhengzhoutongjiyiyuan.com/*
aa2812086d1777fb21b776bdfb0c3945,1156411400,3,m.zztongjiyiyuan.com/*
aabcc15d85d8f8f6a239fe10b56b99db,1156330100,3,5g.zztongjiyy.com/*
aac4220e065c6b65507b23885a7b4e63,1156410200,5,sg.zykeda.com/*
aad0b238bd6172d29d6ced53190975f8,1156410400,40,m.65621111.com/*
aadd508f393c1cc033550e4df95730ce,1156410100,2,sg.zykeda.com/*
ab24ca5ef57d236cb4ca3733014449f4,1156410100,1,sg.zztjyy120.com/*
ab24ca5ef57d236cb4ca3733014449f4,1156410100,9,3gsg.zzwcbj.com/*
ab849fdc55c248a989c910a105022cdb,1156410100,2,sg.zykeda.com/*
abd6620bb9fe81701c05b808b1b770d2,1156410900,45,smmo.hnzzxsj.com/*
ac412c4d298d61762d4e81eca55d14fb,1156411400,1,smmo.fsyyfk.com/*
ac566660c88b2a37909c87e8863da833,1156410100,2,sg.zykeda.com/*
ac6b1b17506978002fb92c21138e3450,1156410500,1,wap.zztjyiyuan.com/*
acc208a18d9549711209f7aaa5421728,1156410100,2,sg.zykeda.com/*
ad51e1f96141c8212bc78903d5ba5376,1156410300,1,m.65621111.com/*
ad7c09c5708c7c714be3eb1a17a909f0,1156411700,1,sg.zykeda.com/*
ad7c09c5708c7c714be3eb1a17a909f0,1156411700,12,sm.zzzykdrl.com/*
adcad77efbdaa005a53111b75141f478,1156410100,3,sg.zykeda.com/*
adddb917e9aef7afc894ac0150b7c9dd,1156410500,1,wap.zztjyiyuan.com/*
ae0836411312a6b53134e973e102bd18,1156410300,9,sg.zzzykdrl.com/*
ae0836411312a6b53134e973e102bd18,1156410300,1,sg.zykeda.com/*
ae84da68e2f164050c4f1a2cb740e0b4,1156410500,2,sg.zykeda.com/*
af3939f249ecf154f24f58725888cb42,1156410700,47,m.65621111.com/*
af97691f64e222f0f8f608c1b22f3506,1156410600,1,smmo4.0371yyfs.com/*
afac60bb5cd1c592511cb7ea3c448a15,1156410100,16,sg.hnyyaow.com/*
b014cefb82f995a8764fc6063b9e5430,1156410100,1,sgmo.120zzxsj.com/*
b0157a31bbdcde89777eb591b8cd27be,1156410100,1,m.zztongjiyiyuan.com/*
b028b6ee0ebc2d852559b0cff7ff0e30,1156411600,5,m.zztjbyby.com/*
b0827abccdf2b54cdc59d8d31ba0f78e,1156410100,1,sg.zykeda.com/*
b0b40c9b7610e86b5f40a23c5cce5f98,1156411300,2,sg.zykeda.com/*
b0b40c9b7610e86b5f40a23c5cce5f98,1156411300,8,sm.zzzykdrl.com/*
b0c7ba90ad4b8ad6da58e424382fecf7,1156410700,3,sg.zykeda.com/*
b0c7ba90ad4b8ad6da58e424382fecf7,1156410700,11,sm.zzzykdrl.com/*
b15a09cb91b546ec843c2ba85a5e8aaa,1156411000,24,m.65621111.com/*
b18288669c321d9f6cc3df489ef5e8bb,1156410100,1,m.zztjbyby.com/*
b1a2c13627282e6a30a2a30a946c1aa4,1156410100,17,sgmo.0371zzxsj.com/*
b1ab8f4f6e5688713b2f4834c242d486,1156410800,10,sgmo.fsyyfk.com/*
b1edafddd48dff01c585b8dcada3c64f,1156411600,47,m.65621111.com/*
b289f2f0c1298cf407cc2e781872859c,1156410400,2,m.zztlyy120.com/*
b28b57b40154ecfc9ba7a58c66e2c0ff,1156411200,1,sg.zykeda.com/*
b2b0670dc06fe61a612ec6d3df7f5421,1156410100,133,smmo.yyy120fk.com/*
b3a48f0379d0704989f81569cbd3d1c5,1156411700,3,m.zztjbyby.com/*
b3f1bdedcdec91bc3cf3a058bd5c0ec9,1156410300,24,smmo.120new.com/*
b3fe61beb97d1ac4ff746e166a2fb164,1156410300,6,sgmo6.0371yyfs.com/zt/zyzx/*
b3fe61beb97d1ac4ff746e166a2fb164,1156410300,1,sg.zykeda.com/*
b3fe61beb97d1ac4ff746e166a2fb164,1156410300,11,sgmo6.0371yyfs.com/*
b401df336f138172243b70ee18ad2e50,1156410800,5,m.65621111.com/*
b4962c42eff4c14952d8a6c16fbd0666,1156410400,2,sg.zykeda.com/*
b5cbc9214f2c369b5bd17b2a108be644,1156410100,1,sg.zztjyy120.com/rdzt/20180723/*
b5cbc9214f2c369b5bd17b2a108be644,1156410100,2,sg.zztjyy120.com/*
b5d840b651901c0256389118c76ffe86,1156410100,5,sm.zzzykdrl.com/*
b611386277d6c123293484f3a04db360,1156410100,84,smmo.yyyfuke120.com/*
b611386277d6c123293484f3a04db360,1156410100,14,smmo.fsyyfk.com/*
b6605c5c6e8a5ed6d480990c5f2ef3ae,1156410200,1,wap.zztjyiyuan.com/*
b6bff280dda332995c36af5b0a249eed,1156410900,1,sg.zykeda.com/*
b70e1552e4293b69d16545cc1716fc0b,1156411200,6,m.65621111.com/*
b70e1552e4293b69d16545cc1716fc0b,1156411200,1,m.5ufk.com/*
b85583915f3a3448efa20e5b39f8772f,1156610600,1,smmo.hnzzxsj.com/*
b9bf78bec0d96bba8e5593b27024705b,1156410800,2,sg.zykeda.com/*
b9ca6a8ec6e713c8ededfa5523edf125,1156410100,2,wap.zztjyiyuan.com/*
ba98e0df897e7658bc45fff8971cb7af,1156411000,8,sgmo.120zzxsj.com/*
bb21ba2214707f1d109dfe7cc77139a9,1156411700,2,sg.zykeda.com/*
bb2ae50b7191d08daf0015a1efb9a3d5,1156411400,2,m.65621111.com/*
bb86eccc405a41bd62b286f20620fd30,1156411400,1,sg.zykeda.com/*
bd298ead6d430b112e9b3e671be91eab,1156411400,8,sgmo4.yiyaofk120.com/*
bd9515c06b992fb2cac934fc55c4e786,1156410100,10,sgmo4.yiyaofk120.com/*
bde6e9f7b87fcda055c384a4dc0d5d0e,1156410300,15,sgmo.120new.com/*
bde7a20db3efa847bf0329242abb0297,1156411500,1,smmo.120new.com/*
bdea70042c32579e7037b0d8582b47e1,1156410400,6,m.65621111.com/*
bdea70042c32579e7037b0d8582b47e1,1156410400,1,m.5ufk.com/*
be778f9bf43e254887e349b4908eefbf,1156410100,1,sm.zzzykdrl.com/*
be7b661d8c1475e05caeb622f058a671,1156411600,1,wap.zztjyiyuan.com/rdzt/20180723/*
be7b661d8c1475e05caeb622f058a671,1156411600,1,sg.zykeda.com/*
be7b661d8c1475e05caeb622f058a671,1156411600,56,smmo.120new.com/*
be7b661d8c1475e05caeb622f058a671,1156411600,1,wap.zztjyiyuan.com/*
beb6fbe70ec73502a1e56db4d4d0dacd,1156410400,16,sgmo.0371zzxsj.com/*
beb6fbe70ec73502a1e56db4d4d0dacd,1156410400,16,sgmo.120new.com/*
beb6fbe70ec73502a1e56db4d4d0dacd,1156410400,4,sgmo4.yiyaofk120.com/*
bf6db924d5c5f2e26370197a65f43d54,1156410400,1,sg.zykeda.com/*
bfb64f0884b058d3c105c7de81b5c9ce,1156410100,107,sgmo6.0371yyfs.com/zt/qdrlyy/*
bfb64f0884b058d3c105c7de81b5c9ce,1156410100,218,smmo6.yiyaofk120.com/zt/qdrlyy/*
bfb64f0884b058d3c105c7de81b5c9ce,1156410100,259,rl.mzsdfk120.com/*
bfb64f0884b058d3c105c7de81b5c9ce,1156410100,39,3g.mzsd120.com/zt/rlsj180721/*
bfb64f0884b058d3c105c7de81b5c9ce,1156410100,21,3g.mzsd120.com/zt/zxy180706/*
bfb64f0884b058d3c105c7de81b5c9ce,1156410100,19,3g.mzsdfk120.com/zt/rl_180519/*
bfb64f0884b058d3c105c7de81b5c9ce,1156410100,12,sg.zztjyy120.com/rdzt/20180723/*
bfb64f0884b058d3c105c7de81b5c9ce,1156410100,269,sg.zzzykdrl.com/*
bfb64f0884b058d3c105c7de81b5c9ce,1156410100,29,sg.zztjyy120.com/*
bfb64f0884b058d3c105c7de81b5c9ce,1156410100,3,sg.zhengzhoutongjiyiyuan.com/*
bfb64f0884b058d3c105c7de81b5c9ce,1156410100,122,3gsg.zzwcbj.com/*
bfb64f0884b058d3c105c7de81b5c9ce,1156410100,539,3g.mzsd120.com/*
bfb64f0884b058d3c105c7de81b5c9ce,1156410100,342,3g.mzsdfk120.com/*
bfb64f0884b058d3c105c7de81b5c9ce,1156410100,332,sgmo4.yiyaofk120.com/*
bfb64f0884b058d3c105c7de81b5c9ce,1156410100,190,sgmo6.0371yyfs.com/*
bfb64f0884b058d3c105c7de81b5c9ce,1156410100,348,smmo6.yiyaofk120.com/*
bfb64f0884b058d3c105c7de81b5c9ce,1156410100,556,smmo.yyyfuke120.com/*
bfb64f0884b058d3c105c7de81b5c9ce,1156410100,235,smmo.yyy120fk.com/*
bfb64f0884b058d3c105c7de81b5c9ce,1156410100,62,smzx.zzyyfuke120.com/*
bfb64f0884b058d3c105c7de81b5c9ce,1156410100,362,sgmo.fsyyfk.com/*
bfba77f692127e88a34ce21f57378276,1156410100,1,sgmo.120zzxsj.com/*
bfcb1638369ff45f4ccf0dc6c0d7a1b0,1156410500,4,m.zztongjiyiyuan.com/*
bfeb6c6c96b477e937d722e9ecbc39f3,1156411400,2,smmo.hnzzxsj.com/*
bfff2ba591dcf184b11bfcd974bc881c,1156410100,5,3g.mzsdfk120.com/*
c05ca0f7926abc655d615da87e0d5075,1156410100,1,sg.zykeda.com/*
c0a8f8c422734262da2854059e85ccb3,1156410200,1,m.zztongjiyiyuan.com/*
c0a8f8c422734262da2854059e85ccb3,1156410200,1,5g.zztongjiyy.com/*
c11a7fd9d44102ad4af2affb6a00f360,1156410500,22,m.zztlyy120.com/*
c1c630b86c274a2d2ea7034cd796a1f8,1156410100,9,smmo4.0371yyfs.com/*
c1c630b86c274a2d2ea7034cd796a1f8,1156410100,7,smmo6.yiyaofk120.com/*
c37425b9944eb56ab22d9e627420ba1f,1156410300,2,sg.zykeda.com/*
c3e40d60aaab3d71f9f8562911994a90,1156410100,1,sg.zykeda.com/*
c49d6ee4def05fbb44320cddf0b11c5f,1156410100,1,sg.zykeda.com/*
c523c4402d943235eed90fcc9813582e,1156411000,2,sg.zykeda.com/*
c549c2736b3a5d014f5fa64cea656772,1156130900,13,smmo.yyy120fk.com/*
c5ab7e1c332b4a7d6d1b9242b9170dfd,1156330300,1,m.zztongjiyiyuan.com/*
c5f737a903768dbc922711158eb272b7,1156410100,3,sg.zykeda.com/*
c7586ff1c0f1f96dc03c0ddbbbef0fea,1156410800,1,m.zztongjiyiyuan.com/*
c765767316d0bb486ccb809521cc8d81,1156411400,1,wap.zztjyiyuan.com/rdzt/20180723/*
c765767316d0bb486ccb809521cc8d81,1156411400,3,wap.zztjyiyuan.com/*
c7753ccdc56c8883983a9e75822e29ba,1156410700,7,m.zztongjiyiyuan.com/*
c7ce929159a33fc0d2259eb7f1bacebe,1156410100,45,sgmo6.0371yyfs.com/zt/qdrlyy/*
c7ce929159a33fc0d2259eb7f1bacebe,1156410100,67,sgmo6.0371yyfs.com/*
c7ce929159a33fc0d2259eb7f1bacebe,1156410100,1,smmo.yyyfuke120.com/*
c7ce929159a33fc0d2259eb7f1bacebe,1156410100,5,smmo.yyy120fk.com/*
c80f3e77711f59586cfafef3f4894f6b,1156411200,6,sgmo.120zzxsj.com/*
c81593b3348a3c73022afaf5fa81fbd5,1156411500,1,sg.zykeda.com/*
c81593b3348a3c73022afaf5fa81fbd5,1156411500,58,smmo.0371zzxsj.com/*
c8848cb8ba3a509008a23295ceb01c83,1156410300,1,sg.zhengzhoutongjiyiyuan.com/*
c9413c5264f190c41b141bf7ca1d28f1,1156410300,2,sg.zykeda.com/*
c9ebbfecd86aafc879f971444a0a4f34,1156411300,53,m.65621111.com/*
ca3cccf0572cccb4ef5329b8ccb42891,1156410100,2,sg.zykeda.com/*
ca65e0efc1715e4f503623c9b1ef7574,1156410100,2,5g.zztongjiyy.com/*
cb101383b584456495b4929739e2d7c4,1156411700,2,sg.zykeda.com/*
cbf488438e22527fb54e0b26fd5e1cf0,1156410700,1,sg.zykeda.com/*
cc3fa88a3cac69af0dec749f375b07c6,1156411600,34,sgmo.120zzxsj.com/*
cdb40114c0df0aff1c7d88fa3269f8d9,1156411200,9,sg.zzzykdrl.com/*
cdb40114c0df0aff1c7d88fa3269f8d9,1156411200,1,sg.zykeda.com/*
cdbcfb8f2eeb5fa0a64bc10734e3de32,1156411200,1,sg.zykeda.com/*
ce01e25c4114f95ac60c6eda177bf94d,1156410700,1,wap.zztjyiyuan.com/*
ce2c82b973d3fead51c5223ce3bc6919,1156410100,12,smmo.fsyyfk.com/*
ce4f881a881fa963e1087e9be55c90d2,1156411100,2,sg.zykeda.com/*
cebb89f6afd83332e7a3bac8db60d206,1156410100,1,sg.zykeda.com/*
cf84a254f2c1c6fce1434f36f347782a,1156411100,21,sgmo.0371zzxsj.com/*
d052cc4a83568f174670099da5e03d61,1156410100,1,3g.mzsd120.com/*
d066a3f1a4f333e1f15cc6cddb93f42c,1156410300,20,sgmo.120zzxsj.com/*
d0a61546baf069c1debce7309672ade6,1156410100,2,sg.zykeda.com/*
d0a61546baf069c1debce7309672ade6,1156410100,9,sm.zzzykdrl.com/*
d0c30af8ab59e95f3942dfa691dd839b,1156410100,2,sg.zykeda.com/*
d1b0d0dc1825285ee992e200923d0979,1156330700,42,m.65621111.com/*
d1d6502d3857c153878c9fafec68929f,1156410500,1,sgmo.120zzxsj.com/smzt/jhsy/*
d1d6502d3857c153878c9fafec68929f,1156410500,16,sgmo.120zzxsj.com/*
d27e4604c4eda8f71fb1efbaeaa41bf7,1156410600,16,sgmo.120zzxsj.com/*
d31a804b41b1340364f52ce9ea2a3361,1156411500,2,sg.zykeda.com/*
d33b11ec3cc566df49ae2d02f2d7d819,1156410900,1,sg.zykeda.com/*
d34798d95225ee73e48c85926db02462,1156411700,2,sg.zykeda.com/*
d37c2063db77a60ae6d396b6a03fd2b1,1156410300,39,m.65621111.com/*
d3c99bc63d4ef7c2b2127d4117b1c7ab,1156411600,8,sgmo6.0371yyfs.com/*
d3de7ecb3c5d86aa167727fee16c47ef,1156320900,1,m.zztongjiyiyuan.com/*
d3de7ecb3c5d86aa167727fee16c47ef,1156320900,1,5g.zztongjiyy.com/*
d4439cb0e146092d34c17e217e4d34b7,1156410100,24,sgmo.0371zzxsj.com/zt/zy2/*
d4439cb0e146092d34c17e217e4d34b7,1156410100,38,sgmo.0371zzxsj.com/*
d4a44e4b7c3c784c48ccfec563a69ee8,1156411100,1,sm.zzcjzy120.com/*
d4cff67f6f0d9450d853826f52df5996,1156410200,14,sgmo.0371zzxsj.com/*
d4cff67f6f0d9450d853826f52df5996,1156410200,11,3g.mzsdfk120.com/*
d4cff67f6f0d9450d853826f52df5996,1156410200,63,smmo.fsyyfk.com/*
d50052879b232a4ddfba36bca2de25d6,1156410100,8,sgmo.0371zzxsj.com/*
d503d7511d6eb0c6529b01b0f832e8c2,1156410800,1,sg.zykeda.com/*
d503d7511d6eb0c6529b01b0f832e8c2,1156410800,12,sm.zzzykdrl.com/*
d5122609766e899ef093308615bec595,1156410100,2,sg.zykeda.com/*
d5194d0b31f3c24fa00c8ed0ba3db519,1156410100,2,sg.zykeda.com/*
d58b9ba813d960f30add3ac123fb1f2b,1156410100,1,sgmo.120zzxsj.com/smzt/jhsy/*
d58b9ba813d960f30add3ac123fb1f2b,1156410100,15,smmo.0371zzxsj.com/zt2017/rlyy/*
d58b9ba813d960f30add3ac123fb1f2b,1156410100,38,3g.mzsd120.com/zt/zxy180706/*
d58b9ba813d960f30add3ac123fb1f2b,1156410100,248,sg.zzzykdrl.com/*
d58b9ba813d960f30add3ac123fb1f2b,1156410100,1456,sg.zykeda.com/*
d58b9ba813d960f30add3ac123fb1f2b,1156410100,22,sgmo.0371zzxsj.com/*
d58b9ba813d960f30add3ac123fb1f2b,1156410100,56,smmo.hnzzxsj.com/*
d58b9ba813d960f30add3ac123fb1f2b,1156410100,22,sgmo.120new.com/*
d58b9ba813d960f30add3ac123fb1f2b,1156410100,16,sgmo.120zzxsj.com/*
d58b9ba813d960f30add3ac123fb1f2b,1156410100,19,smmo.120new.com/*
d58b9ba813d960f30add3ac123fb1f2b,1156410100,68,smmo.0371zzxsj.com/*
d58b9ba813d960f30add3ac123fb1f2b,1156410100,60,3g.mzsd120.com/*
d58b9ba813d960f30add3ac123fb1f2b,1156410100,289,sm.zzzykdrl.com/*
d5a6fbf9c78bd8425f2fadf469cc5ef6,1156411600,1,3gsg.zzwcbj.com/*
d5c3fc09b6f173e4b3bd94ff8f7a606d,1156411000,39,smmo.0371zzxsj.com/*
d602d97a6d9d54dbc3281b2c89fdd712,1156410300,7,smmo4.0371yyfs.com/zt/zyzx/*
d602d97a6d9d54dbc3281b2c89fdd712,1156410300,12,smmo4.0371yyfs.com/*
d60bac10a748f5788bce811301e4536b,1156410500,4,smmo.hnzzxsj.com/*
d60bac10a748f5788bce811301e4536b,1156410500,23,m.zztjyyfk.com/*
d61f6f1f58276bfe19f8c240df3b84a1,1156411700,3,m.65621111.com/*
d62d88a7ec8c216e591cfa0e8c4fc22c,1156410600,1,smmo4.0371yyfs.com/*
d735be4e831ae9ab0c6a35745e39eef8,1156411300,10,sgmo.120zzxsj.com/*
d76c95a507f34e0bbc351911e2d8a547,1156411100,21,smmo.hnzzxsj.com/*
d8ad041a6f5ed13f82e4af6f861dc685,1156410500,8,smmo.0371zzxsj.com/*
d8cde53c4461def4626ec76e7806704c,1156410500,2,3g.mzsd120.com/*
d956a904712e6dd8043cb06fd8293a26,1156411500,5,m.zztongjiyiyuan.com/*
d9b1f114d9df8868fcc097532835aa44,1156410100,5,smmo4.0371yyfs.com/*
d9f376a49c6929ea248d2eb15874b0d3,1156410400,1,3g.mzsd120.com/*
da291ca5f5703b9e56a33fd06b7ee148,1156410200,1,sg.zztjyy120.com/rdzt/20180723/*
da291ca5f5703b9e56a33fd06b7ee148,1156410200,1,sg.zztjyy120.com/*
da291ca5f5703b9e56a33fd06b7ee148,1156410200,1,sgmo6.0371yyfs.com/*
da5bf9421a1ce99f31b53248bdd5a04b,1156410100,2,sg.zykeda.com/*
dae5d75624ebfb082c0ad627cb871989,1156410100,1,sm.zzzykdrl.com/*
db309b81e9a9c13cd58ad0f6b8da7cb7,1156411300,15,smmo4.0371yyfs.com/zt/zyzx/*
db309b81e9a9c13cd58ad0f6b8da7cb7,1156411300,1,sg.zykeda.com/*
db309b81e9a9c13cd58ad0f6b8da7cb7,1156411300,22,smmo4.0371yyfs.com/*
dbb54a1de6e4c5bff36a6f4ff4bccc6b,1156410900,51,m.65621111.com/*
dbbdbcee9d245d19706d766f25ae8afd,1156410400,1,sg.zztjyy120.com/rdzt/20180723/*
dbbdbcee9d245d19706d766f25ae8afd,1156410400,2,sg.zztjyy120.com/*
dbf800e96cf48bef92b322c88e5df6a6,1156411100,1,sg.zykeda.com/*
dc067151f9afbe6089474ae2ca0439c1,1156411400,2,sg.zykeda.com/*
dc5f75d7aefdd846f85128509641a316,1156341600,1,5g.zztongjiyy.com/*
dd3c3119f03f409d6df5fd7dc3fb0f8e,1156410500,2,smmo.hnzzxsj.com/*
dd565162a4423a772d81111d940a26b1,1156410100,18,sgmo.fsyyfk.com/*
ddc54a37c32a145ca2a4d6b478db6389,1156411300,5,m.65621111.com/*
df43d415ad73e92cf6f637c81c44182a,1156411600,1,sg.zykeda.com/*
e00dc4fa7f16466c79ead232e2aab136,1156411300,2,smmo.yyy120fk.com/*
e0a414126542b1d401c406151b647cd6,1156411100,1,m.zztjbyby.com/*
e0a621df6fe008dfa528cd349675708d,1156411400,1,sg.zykeda.com/*
e0ce405a6d468e09681f7d6ba281ec9a,1156411700,3,sg.zykeda.com/*
e249e4ed227c988fe9a2a8ffca7130d1,1156410100,12,sg.zzzykdrl.com/*
e249e4ed227c988fe9a2a8ffca7130d1,1156410100,1,sg.zykeda.com/*
e3e3a587e60242478b1d3eb8a178f723,1156411000,3,m.zztongjiyiyuan.com/*
e3ebfeff085dd3859bbe0e30c4595d94,1156411500,2,sg.zykeda.com/*
e3ebfeff085dd3859bbe0e30c4595d94,1156411500,11,sm.zzzykdrl.com/*
e3ede5972781de7f72ffc948ff56e23d,1156410100,13,sgmo.120zzxsj.com/*
e3f9e2ae5ae6b018fc778577c0529aa2,1156410100,1,sgmo.120zzxsj.com/*
e440afdbb83c74154391ca44907d755e,1156411000,1,sgmo.fsyyfk.com/*
e5379cf03b2fae4cb2c47ebece79641b,1156411400,11,3g.mzsdfk120.com/*
e57a6ef68202835dd11b7cef911b20ae,1156522200,2,sg.zykeda.com/*
e5ce76d39b65dd5b3ac444d83532fd49,1156411400,15,m.65621111.com/*
e65b3d706e44e0da8c954a2ae7ae70d9,1156411700,1,sg.zhengzhoutongjiyiyuan.com/*
e6a49aa0bb1ddeada2c7e4361f9da8d3,1156410500,1,3g.mzsd120.com/*
e6ce23d4b2723af2eb53f72d8d0a4aad,1156411600,2,sg.zykeda.com/*
e6ffa3146f887405914100fefa49d187,1156411400,3,sg.zykeda.com/*
e7942ff19960907fd5b9345c263fb86d,1156410300,1,sg.zztjyy120.com/*
e82088d067751b70c0c01e8646953109,1156411500,1,m.65621111.com/*
e82088d067751b70c0c01e8646953109,1156411500,33,m.5ufk.com/*
e87b255a452a38927d45e36f300adaec,1156410100,39,smmo.hnzzxsj.com/*
e87b255a452a38927d45e36f300adaec,1156410100,12,smmo6.yiyaofk120.com/*
e8acc0e039220e988450fcc034e3d8e7,1156411600,11,sm.zzzykdrl.com/*
e8ca2657cbd5b9883ebbf365265b7265,1156410700,1,sg.zykeda.com/*
e9ac24f519efd884d3bca36d6287c0a3,1156410100,1,m.zztongjiyiyuan.com/*
e9c43d46c66268d882d986479d1b4c6f,1156410100,1,sg.zztjyy120.com/rdzt/20180723/*
e9c43d46c66268d882d986479d1b4c6f,1156410100,17,sgmo.120zzxsj.com/*
e9c43d46c66268d882d986479d1b4c6f,1156410100,2,sg.zztjyy120.com/*
ea915240aa8d191890354220118c75dd,1156330500,2,sgmo6.0371yyfs.com/*
eae16614747b62cd9e4e0e14bcef7b6d,1156411300,3,sg.zykeda.com/*
eb05fb012a938b363e8d2f3fdce06718,1156410200,1,smmo.yyy120fk.com/*
eb4a04e328f525dd84f97c18a658e79d,1156410100,1,m.zztjby120.com/*
eb5d398070a65b1a786fd31ab4b9820d,1156411700,1,wap.zztjyiyuan.com/rdzt/20180723/*
eb5d398070a65b1a786fd31ab4b9820d,1156411700,2,wap.zztjyiyuan.com/*
ebd78db8765136d84ea301a5098f38f1,1156411300,75,m.65621111.com/*
ec45e98df309a52801062249b29d44c1,1156411700,6,sgmo.0371zzxsj.com/*
ec47c6c60692deafa1a186cb0ce8d050,1156410100,1,sg.zykeda.com/*
ecbc65c5ddc6f5785c5dc05c027eead7,1156410400,1,sg.zykeda.com/*
eda501897f44a9862b6ae5f0de650099,1156410800,1,m.zztongjiyiyuan.com/*
eda501897f44a9862b6ae5f0de650099,1156410800,1,5g.zztongjiyy.com/*
ee503a52475aff01798c48bba5cee5a1,1156411600,1,sg.zykeda.com/*
ee70176173149ee67b091b77f8de9fe4,1156410100,1,smmo.yyyfuke120.com/*
efc6e357e63037a5bb185c848740da0d,1156410700,1,smmo.0371zzxsj.com/*
f09900708bc2a8ed6d728474d5f62cc2,1156411600,1,sg.zzzykdrl.com/*
f09900708bc2a8ed6d728474d5f62cc2,1156411600,1,sg.zykeda.com/*
f177ce131f3e8e59ce61a04d9a782458,1156411300,7,sg.zhengzhoutongjiyiyuan.com/*
f199f359143b463e78a4cac5e22d2d56,1156411700,2,sg.zykeda.com/*
f199f359143b463e78a4cac5e22d2d56,1156411700,12,sm.zzzykdrl.com/*
f1fec2f363c88dac74b11dd54d69cb94,1156411600,6,5g.zztongjiyy.com/*
f30441e88ae61bb693c1ca6baee6d43b,1156411300,11,sgmo.fsyyfk.com/*
f35ae62d1501fd65fc264d6d0d7a8834,1156410100,1,sg.zykeda.com/*
f4149a00e09a2165339b0e60ad091640,1156410100,10,sg.zykeda.com/*
f55234a7dff736e78e8f21f21c34c9d6,1156410100,1,sg.zykeda.com/*
f57486aa3ed28be1fe9837941e6fc599,1156410100,2,sg.zykeda.com/*
f6336d52523d1ecebe645dad16718fa6,1156410700,1,sg.zykeda.com/*
f6350137a9236139257c8cee740b5129,1156411300,5,m.zztongjiyiyuan.com/*
f69dc89f846a4cc6cbfeb296a425f4f8,1156410200,39,sgmo.120zzxsj.com/*
f6ea47c179f05201eda338b769cba1a9,1156410100,10,sgmo6.0371yyfs.com/*
f843091e1768cf48d375d601828d853e,1156411300,1,sgmo.0371zzxsj.com/*
f84cb72089841438faf0ed8a1d18a853,1156310000,2,sg.zykeda.com/*
f880a5681fb2f3c81e734e95ce4c677c,1156411000,6,smmo.hnzzxsj.com/*
f9d809b70b62c3b639549e6c83aed624,1156411500,47,smmo.hnzzxsj.com/*
f9d809b70b62c3b639549e6c83aed624,1156411500,52,smmo.120new.com/*
f9d809b70b62c3b639549e6c83aed624,1156411500,78,smmo.yyyfuke120.com/*
fa150d9737272a09663a686c39b194ed,1156320500,1,sg.zztjyy120.com/rdzt/20180723/*
fa150d9737272a09663a686c39b194ed,1156320500,2,sg.zztjyy120.com/*
fa8a39654fac862778a0393f994672ff,1156410400,4,sg.zykeda.com/*
fb138163950a7eae71b3abd63162823a,1156411600,1,sg.zztjyy120.com/*
fb167cc7b069ddd520a588710e7cc6cf,1156410100,1,m.zztongjiyiyuan.com/*
fb730e496e8f54f42662f9371577ff48,1156411300,2,sg.zykeda.com/*
fb767a0e62564d321d9f2678ae141ddf,1156411400,42,m.65621111.com/*
fb94c6d6e16777b437d5a78d0fd75c1e,1156411300,1,wap.zztjyiyuan.com/rdzt/20180723/*
fb94c6d6e16777b437d5a78d0fd75c1e,1156411300,2,wap.zztjyiyuan.com/*
fbfcf1d04483233d3d8a0e107f1197a7,1156411400,1,sg.zztjyy120.com/*
fc7ba78d6c2eff9270ff1f18b2444eaf,1156411300,5,sgmo.fsyyfk.com/*
fcefc48e48adcb9aa21482fd90b824a5,1156411400,1,sg.zykeda.com/*
fd1af61e6d63b27b93c90454efed0178,1156410300,1,wap.zztjyiyuan.com/*
fd3c385742cfc297087ff3c6a9595c50,1156410500,9,sgmo.120new.com/*
fd8991a3e96e3fd73a8b8cf22eda07db,1156411200,2,wap.zztjyiyuan.com/*
fdd4b18c8cd4d162258dc8a1f33b6bfe,1156410400,1,sg.zztjyy120.com/*
fe2ca219d3ef876ae187193973fad8a7,1156411400,1,wap.zztjyiyuan.com/*
fe78a8fe243b6c073519256d419f1817,1156410300,2,sg.zykeda.com/*
fef50c502bfc248670fc6e2cbe5958cc,1156410100,1,wap.zztjyiyuan.com/rdzt/20180723/*
fef50c502bfc248670fc6e2cbe5958cc,1156410100,2,wap.zztjyiyuan.com/*
ff1623f8d092a7988ac74d4249c84a13,1156410100,2,sg.zykeda.com/*
ff3d2b6422647f72603c4956df06ea36,1156410900,1,sg.zykeda.com/*
ff8edf2e177f16bf9634d4bdc167e92d,1156410700,3,m.65621111.com/*
ffa6241839304607809e08eb203708f7,1156500000,1,sg.zykeda.com/*
