00f005acdf52f9eb6b652bdf14af76ce,1156310000,1,*.cfniu.com.cn/*
0119f01901ec93ab27e25bda42955f1b,1156440300,2,*.ghypz.com/*
013061a356674a3beb02a0ea9542e643,1156310000,1,*.cfniu.com.cn/*
01506269ea5865c4dfd64c27c5c3c95b,1156440600,12,*.cfniu.com.cn/*
01d9765887060d6db7221b953fb3e60f,1156440700,13,*.zhang8.com.cn/*
01d9765887060d6db7221b953fb3e60f,1156440700,3,*.cfniu.com.cn/*
0212cb44a0e201ab7bf0276b59ca798d,1156410300,1,*.zhang8.com.cn/*
02258017b9aa6b4e87b828ef73936877,1156440100,19,*.cfniu.com.cn/*
02a509883d06cf4dbaf6f4d744f301ea,1156310000,306,*.zhang8.com.cn/*
02a509883d06cf4dbaf6f4d744f301ea,1156310000,47,*.9fanfan.com/*
02a509883d06cf4dbaf6f4d744f301ea,1156310000,76,*.cfniu.com.cn/*
02a509883d06cf4dbaf6f4d744f301ea,1156310000,38,*.niu100.com/*
02bfc632248fec867bc68ae1cddccd0f,1156440300,33,*.ghypz.com/*
032c331fa1e0b0a33ac22bc04089024d,1156331000,4,*.cfniu.com.cn/*
045856a8cff6819dfbc664e6f75764c9,1156310000,1,*.cfniu.com.cn/*
04a40aed284be92d8f6d8540663d39f0,1156420100,1,m.91zcp.com/*
04c60a01e98f09ebe792d485f49cd672,1156310000,1,*.9fanfan.com/*
054a7c2f0e3a6cabcf4f0a39a316167d,1156440300,28,*.zhang8.com.cn/*
056fe2c879ce5424afb74176811711a3,1156440700,9,*.zhang8.com.cn/*
05a62421d52bfcfba3a289a0c58634cc,1156441300,102,*.9fanfan.com/*
05cd47299994232c48dd3b9f9762634c,1156440300,14,*.zhang8.com.cn/*
062daf38c08ed41b564397e52ddd7aa6,1156440500,8,*.ghypz.com/*
068792094d5afb4bbb02b1a606facd0f,1156441900,57,*.cfniu.com.cn/*
06a10484ec96c4984206a924060aa0ab,1156440300,1560,*.redtrading.com.cn/*
06b15e13725e91be7891934049050dc1,1156440100,19,*.zhang8.com.cn/*
06b15e13725e91be7891934049050dc1,1156440100,63,*.9fanfan.com/*
06b15e13725e91be7891934049050dc1,1156440100,4,*.cfniu.com.cn/*
07d273e9085d4c20e097240172f47b2f,1156340300,1,*.9fanfan.com/*
08740221ecaa8b26f881ae9dab87c442,1156310000,1,*.9fanfan.com/*
08bbaaf74cf8a729f7055b8c1d096543,1156310000,157,*.cfniu.com.cn/*
08f2c1b0539e83eaa8bb1b3a68180c9f,1156330100,2,*.9fanfan.com/*
092c76c64821b63372129e42ee707cd7,1156310000,1,*.9fanfan.com/*
09480d23737e2896fac9ec86bed21276,1156330300,124,*.laohu98.com/*
09570b757159ed457ca85cccb5b31b65,1156310000,3,*.cfniu.com.cn/*
0969698cb0a6cf31565344ccb9d6a554,1156610100,47,*.niu100.com/*
096a8e0b670d8250e8ce865d4705831e,1156310000,1,*.redtrading.com.cn/*
097c8d65f205ecc55e3e4670e9d086c3,1156310000,1,*.9fanfan.com/*
09f51a8508f93e6a2c6677b4c0e390a3,1156310000,1,*.9fanfan.com/*
0a198c10bbe66dda33e3bc08f7378779,1156441700,269,*.zhang8.com.cn/*
0a5d8956fc31dbc232bf0532d58a3c12,1156430100,223,*.zhang8.com.cn/*
0a9721b6e6ed0eec104aeefb6f20a88b,1156440100,712,*.cfniu.com.cn/*
0af4b8d990f2315571dc45326b5fbd01,1156440300,126,*.9fanfan.com/*
0b331a038b2b8bdc2a1c6d1006df9c63,1156310000,1,*.9fanfan.com/*
0b484ef501a8d932930749a5c1d71d5f,1156310000,1,*.zhang8.com.cn/*
0b8e719fd7d721ea953d68bc47840aec,1156310000,1,*.cfniu.com.cn/*
0c2e7deeef593c1c1b3718b655687cd8,1156310000,1,*.redtrading.com.cn/*
0c37d83f6b151d195c02973b5e5fd986,1156310000,1,*.niu100.com/*
0c4a11df68122cca9ba080738013a038,1156310000,1,*.redtrading.com.cn/*
0c80b7cd87846dbc2293772b84e345c7,1156530100,160,*.niu100.com/*
0cee622549608f509d9a0fc8014e931e,1156350700,1,*.cfniu.com.cn/*
0d2da6905097bc1776dc7e3245ef61a9,1156310000,1,*.cfniu.com.cn/*
0d3927eed63782eae0f6a2506f506ff2,1156442000,95,*.zhang8.com.cn/*
0d3927eed63782eae0f6a2506f506ff2,1156442000,209,*.9fanfan.com/*
0d3927eed63782eae0f6a2506f506ff2,1156442000,60,*.cfniu.com.cn/*
0d50960a9ccd6a5a0ebae08964db5dbf,1156310000,17,*.zhang8.com.cn/*
0d50960a9ccd6a5a0ebae08964db5dbf,1156310000,13,*.niu100.com/*
0d927a9df5168229dc55960701839346,1156610100,13,*.cfniu.com.cn/*
0e1fd1d661087660a00f443bf3fb15a3,1156440600,11,*.ghypz.com/*
0ec683a82d253d664287bf873e01f2c1,1156441700,14,*.cfniu.com.cn/*
0f4045851fca30f1821f9b607267f4d2,1156310000,1,*.cfniu.com.cn/*
0f64b569329aeabfd2de1068533c8579,1156500000,1,*.zhang8.com.cn/*
0fa2e6a68e3ac3545671d0ae7f12b4de,1156441900,258,*.cfniu.com.cn/*
0fd3e188d654092aad9d6d129ed790ba,1156310000,2,*.zhang8.com.cn/*
10e0fcef8ccd8d7753e3a88fc7395466,1156310000,69,*.9fanfan.com/*
112ed690db9883b3a6c7fd6bc84b0067,1156310000,1,*.cfniu.com.cn/*
1139732173984ae4f241d76afd2b54bf,1156440600,19,*.zhang8.com.cn/*
1149e3599ac350b0fd541a39096b72ad,1156310000,148,*.9fanfan.com/*
117dc93bd3c587f346c66cb0d99c356f,1156441300,14,*.niu100.com/*
11bf42ec8fc8444417d90ab17a32e077,1156310000,5,*.9fanfan.com/*
11ecedcfae71e9bdb82464fede667fba,1156440900,85,*.niu100.com/*
11f5e2cffd8f1037d2b3cf519bdedda8,1156440300,15,*.cfniu.com.cn/*
12222c0782b4df29da44b8be910ba5ca,1156441400,31,*.9fanfan.com/*
12dfad0872770ba33cb199836817407a,1156310000,1,*.zhang8.com.cn/*
12ef18c9abd11442e9528d33cc11be11,1156441200,1,*.zhang8.com.cn/*
13e0bcb0c84151107a7a8fea3a0a5910,1156441800,68,*.niu100.com/*
141fc213399642f7acb0142d6dfb4937,1156510600,1,*.zhang8.com.cn/*
1452e72692fec82e7b4c7873a76f68b9,1156445300,1,*.9fanfan.com/*
1462ca1c6015180544affb98e5169c00,1156650100,1,*.niu100.com/*
15467b128adebe8cc1e9be58d871cd99,1156451100,10,*.cfniu.com.cn/*
156a7cdc63154d2fcf42125fd0e509ad,1156310000,1,*.9fanfan.com/*
159e840beed2d8d4d696fcfd110efb2c,1156310000,1,*.9fanfan.com/*
15a60c75824a2ec9257dbc85a151cb85,1156440600,82,*.laohu98.com/*
15b55ea64d6041dcb44c6caa18d599dd,1156440500,253,*.redtrading.com.cn/*
16411f45aa928a9e99fb86f8a9a76424,1156440100,7,gp009.com/*
165c6592ff7021d554a2ce3568e36af5,1156310000,2,*.cfniu.com.cn/*
16e8b57172bdf748dcaec9c6493c396d,1156310000,1,*.cfniu.com.cn/*
172ca5d45e5b9c58e519ff8bde7d7ea0,1156441300,1,*.9fanfan.com/*
17644f437673ad0a4a02c12e5a1aa3ef,1156440700,19,*.9fanfan.com/*
1776b74ca3e522f17cbf710a1198a4b6,1156511500,4,*.9fanfan.com/*
179777993d8238c7f8feaac82b2a689b,1156440300,67,*.zhang8.com.cn/*
17bacb6c425ee514969ed1d11f44135a,1156150100,289,*.cfniu.com.cn/*
17e8b7eca537917bdb965c0919892b43,1156440900,183,*.9fanfan.com/*
17e8b7eca537917bdb965c0919892b43,1156440900,113,*.cfniu.com.cn/*
18526da72c83706c1def5788cfe1d520,1156310000,2,*.niu100.com/*
186a84b4c834f088151c99adf74e8301,1156411000,1,*.9fanfan.com/*
1882c8d7f43c82e5a31a8e9063b6248b,1156440700,115,*.redtrading.com.cn/*
18f9933fe953bf8248d7df8d06a6bcdd,1156440600,10,*.niu100.com/*
1976ef3c8d08019c42e551bea3488f37,1156310000,3,*.9fanfan.com/*
1990f9d79c20e712e7d4220e7f5d4147,1156360100,18,*.cfniu.com.cn/*
1a0051bce004317d77702ba0e01bbf03,1156320500,1136,*.zhang8.com.cn/*
1a40aa1e1e59928813e2df8d8ef8a620,1156310000,1,*.cfniu.com.cn/*
1aebcf6e08e34c68037fd5998fe8b503,1156310000,1,*.cfniu.com.cn/*
1b13a3e2a1a50eafd4cc6fdfa80dce81,1156310000,1,*.9fanfan.com/*
1b16bdfc29ea38b656da10ba84c36428,1156310000,1,*.zhang8.com.cn/*
1b39c87e2a987a153d2d22ab0ba3267a,1156441400,35,*.ghypz.com/*
1b597f4e107c47be599b6a62bc044eb9,1156310000,2,*.cfniu.com.cn/*
1b9e5269ff6e4c914ca7a985fc4270bb,1156440300,157,*.niu100.com/*
1bb7f80590c061c8d6f46fb71558506b,1156440900,1,www.thpeizi.com/*
1bce3cbdce7ea6856da7087dc3122fd4,1156440300,12,*.cfniu.com.cn/*
1d306980d49cf8a2cdf0d68462c50720,1156310000,1,*.cfniu.com.cn/*
1d465064e32c2b04a11a4d457b50294d,1156441300,2,*.niu100.com/*
1d5503ff5a1b8069dde64b09beb991db,1156310000,1,*.9fanfan.com/*
1de95f65361fc241907cea3e0df5a40f,1156441900,208,*.zhang8.com.cn/*
1e411384f8213fa2f42f4f5d96d38a66,1156310000,1,*.cfniu.com.cn/*
1e673cc4ce218fda4ec09af47c4de053,1156330100,29,*.niu100.com/*
1e687751bf7019c75fbd265eb7006b0e,1156441300,1,*.9fanfan.com/*
1e687751bf7019c75fbd265eb7006b0e,1156441300,1,*.cfniu.com.cn/*
1e7dca76da120c73f201596db3e6ed98,1156420100,1,*.zhang8.com.cn/*
1ef873daf31989197bf62a4decda28e3,1156440900,44,*.niu100.com/*
1f8a03495ab8ebe137950cec0b4eb65d,1156310000,1,*.9fanfan.com/*
1f9bfd335d378674faba342c9d72ceec,1156441900,1,*.zhang8.com.cn/*
1faf51bdbfc38ab41456b5fccee4869d,1156150200,1,*.cfniu.com.cn/*
1fbec90f1b383f5f374e3eb8097f2231,1156440300,255,*.zhang8.com.cn/*
1ff0458952fdb230102fc5653b060f15,1156442000,109,*.zhang8.com.cn/*
200bfca10472fa6918cb4a65adb4d53a,1156440100,1,*.cfniu.com.cn/*
2092a2beeafa8f8d871d2a8be0e683f0,1156310000,89,*.laohu98.com/*
21402cc2e44235159c32709bd4378349,1156440300,1,*.9fanfan.com/*
21952255710358f5dfe2be3a7bcfca42,1156440300,2566,*.redtrading.com.cn/*
21a75ee7a0dff963d5f2e2726d37970f,1156341700,2,*.9fanfan.com/*
21cbc54fa5c7a3007c8a2bbbc4cce4f9,1156310000,1,*.cfniu.com.cn/*
231c1cb1f53d3e0ee9133a86f349ec3a,1156330400,34,*.zhang8.com.cn/*
231c1cb1f53d3e0ee9133a86f349ec3a,1156330400,13,*.9fanfan.com/*
235b4686efc6c624bb5c4b4f3f5b2260,1156450300,43,*.laohu98.com/*
23cc7448bd1914521d3e08fdd704cfad,1156310000,1,*.zhang8.com.cn/*
23f4bd06a79d8395dd76b2946486f8f7,1156421000,1,*.9fanfan.com/*
24216f650cf88f83233babdaf635d092,1156320500,205,*.redtrading.com.cn/*
24cd27dca35f88f7027f0d9a595d0c7f,1156310000,1,*.9fanfan.com/*
2514b74b59697b7184e338f16bfadb7c,1156310000,2,*.cfniu.com.cn/*
256ae2d9bf2a2b2a80bca0dff1d92a48,1156310000,38,*.niu100.com/*
25da88845c0d072878c5b0ef2688e7c6,1156310000,362,*.cfniu.com.cn/*
25dcfe9fee76048296b76337842aab7e,1156310000,16,*.cfniu.com.cn/*
26019ffe5c17f1eee3d64e76d1483971,1156310000,157,*.zhang8.com.cn/*
26bf6249aa9ae269987645baa3295d8c,1156530100,156,*.9fanfan.com/*
26bf6249aa9ae269987645baa3295d8c,1156530100,222,*.cfniu.com.cn/*
2789e5c51fc892e565c9a86c88399f29,1156420100,1,*.9fanfan.com/*
278ef8aaba722967383a3449676fb233,1156441300,1,*.9fanfan.com/*
27cc6876a1adda9d08278468f0671db8,1156230300,1,*.cfniu.com.cn/*
28acb63816fd6c60b04f2bdc222c9da6,1156441300,74,*.niu100.com/*
28c6af1ed67089e34a82ac69c2340705,1156440300,1,*.9fanfan.com/*
28ca9d23501e4f491f05b35fac1f0bf3,1156310000,182,*.9fanfan.com/*
2935f9e7feaee66b670e1b5f490cff48,1156441200,74,*.cfniu.com.cn/*
29891032a24ece799969b97f3f332245,1156310000,1,*.cfniu.com.cn/*
29d188fad26010727d9da001525306d5,1156441900,2,*.cfniu.com.cn/*
2a2622720f5bba35c43a3b67623a96ac,1156441800,343,*.cfniu.com.cn/*
2a300895df9d8d386e5c7933e2568011,1156310000,602,*.zhang8.com.cn/*
2afa3eb3908785a5964e8c031c6f657d,1156110000,40,*.cfniu.com.cn/*
2b2e0783c93112581875918d9c2773b1,1156320500,1,*.9fanfan.com/*
2b3991577925039358861a4c6f7418f9,1156310000,1,*.9fanfan.com/*
2b4f501eca646e22b1b70225c806650f,1156440300,181,*.cfniu.com.cn/*
2c055a2330582137ed2cc74ab5852f51,1156320100,3,*.cfniu.com.cn/*
2c5b9ac32bf627b45a41c4b1700530cb,1156310000,1,*.zhang8.com.cn/*
2c6bdc732fc33dc6bada5aa6b23d8e11,1156441300,19,*.zhang8.com.cn/*
2d1739d0d3838df9008087bcfab832b2,1156441800,2,*.zhang8.com.cn/*
2d1739d0d3838df9008087bcfab832b2,1156441800,3,*.cfniu.com.cn/*
2faec6c8d570e58c38412f100787e8b2,1156442000,77,*.9fanfan.com/*
3046fad32b2250e91ba35e87f866c396,1156320800,1,*.9fanfan.com/*
30aed4bab6857eaae971a8c37c932a22,1156440800,3,*.cfniu.com.cn/*
311398ac293a5ae98933238ca57288ef,1156440100,757,*.9fanfan.com/*
3114e1704ee80e46465e750f2e03ceb2,1156440900,65,*.niu100.com/*
32a398c23c49784f4b385d54eadbefff,1156310000,1,*.cfniu.com.cn/*
32f7479aea128ef0a4a67f8676febc77,1156310000,1,*.zhang8.com.cn/*
332695a690db5fcd4c1b13e431fdc7a7,1156310000,1,*.redtrading.com.cn/*
33a084908da8ff4e21567a4bebd8b519,1156440600,127,*.zhang8.com.cn/*
33a084908da8ff4e21567a4bebd8b519,1156440600,50,*.9fanfan.com/*
34215a7b67930759cd16bd9cbc0da6a8,1156450900,58,*.ghypz.com/*
343e91bf9acc86f7b577721531fd1668,1156610100,31,*.ghypz.com/*
34fa3fc7b0db128d1b47101917bcb354,1156370200,2,*.ghypz.com/*
35339b6d3bb59480595f4b7ad0f02dbd,1156310000,1,*.redtrading.com.cn/*
3540efbba0f0253411f920ef0f14d823,1156440100,40,*.cfniu.com.cn/*
35e0646d136deb3cf3dbcf9c13c7af54,1156441900,12,*.zhang8.com.cn/*
361abc8b271e51fbf07ca56112c98d02,1156440100,341,*.redtrading.com.cn/*
363a5c88e9f47e5a749e441b9a378422,1156440300,20,*.zhang8.com.cn/*
3646a10e91d660f0fafe8e6913329e7f,1156310000,1,*.9fanfan.com/*
364ff039ea584fc8bd3fcad38ea96548,1156310000,2,*.9fanfan.com/*
36f67a56e4db0301d13045bc61a5a8a3,1156441900,37,m.9fanfan.com/*
36f67a56e4db0301d13045bc61a5a8a3,1156441900,355,*.9fanfan.com/*
37209da3cfe70bac43db74982801811d,1156310000,1,*.cfniu.com.cn/*
3748a34c84b077d2fc6bab8437071193,1156440100,8,*.ghypz.com/*
374a130f08dffcbb74b8a037287249d2,1156510800,1,*.cfniu.com.cn/*
378ce9d0193ef62bff70b858f7842298,1156310000,1,*.zhang8.com.cn/*
37968128f98efa45a515f5323f3ab2b4,1156440600,12,*.zhang8.com.cn/*
37efcad383235836ff889ab97480bfd3,1156440100,69,*.niu100.com/*
380b27a8ebd61df4c0cf3e211ed41abd,1156341200,1,*.redtrading.com.cn/*
3871ec43525aa26b302b1bb7082a9194,1156440300,13,*.cfniu.com.cn/*
3893dea62a0e3186635cc2f44312ddfc,1156310000,1,*.cfniu.com.cn/*
38b4ec419ae86e5fe25e86ce37602304,1156310000,1,*.cfniu.com.cn/*
39b6106a0a0d3ad2149aecca7b0d66e6,1156310000,126,*.9fanfan.com/*
3a18504980389028a296e39be05a1623,1156440900,76,*.niu100.com/*
3b081c76dea6ee44b88bc67b40ee37a8,1156310000,92,*.niu100.com/*
3bcc4e17fb3b3345edb07d323014add7,1156440400,4,*.redtrading.com.cn/*
3c128807cab49ebbf253b0f6f1f94622,1156441900,36,*.niu100.com/*
3c3668fb6e0dda681a402935563202f7,1156310000,1,*.cfniu.com.cn/*
3c478788b169f8605e150e6b5c0bd115,1156310000,1,*.cfniu.com.cn/*
3cdb2e68aab8798760dba5bf7d3fc179,1156440300,146,*.zhang8.com.cn/*
3d03191df580dea03d3e8c198eb082f3,1156441900,4,*.zhang8.com.cn/*
3e05a6d914dd6f3774ed7f66b5f48203,1156310000,1,*.cfniu.com.cn/*
3e752b91660fb2f64aacbff30436cefa,1156320800,1,www.a32a.com/*
3e98c2272092ee8771e084ead1d13919,1156440100,3,*.zhang8.com.cn/*
3ea76247ad7d60d7a3418f4bdbfe7749,1156310000,1,*.redtrading.com.cn/*
3eebbea3e0edb73865747092d6f99e69,1156310000,1,*.cfniu.com.cn/*
3efec56156f8fc63e16d681244c80675,1156310000,1,*.cfniu.com.cn/*
3fdb3d45f3d7578b4f9c489ca8e3f161,1156440100,1,*.redtrading.com.cn/*
402b9e2f7b04d34afca8d860bedaf819,1156440300,85,*.cfniu.com.cn/*
403d2937bd93af495687cbdd5eb57c0b,1156440900,73,*.niu100.com/*
4089190746cbcdca6ceee1f87ff15f44,1156310000,1,*.9fanfan.com/*
40f5ef875a636734791c5a8572aebc11,1156530900,14,*.niu100.com/*
415b0bfd0b9a1bb934c715df758d3419,1156441500,8,*.zhang8.com.cn/*
415c776df9282f8055fd7602f6292ad9,1156310000,23,*.9fanfan.com/*
42f8325879316624050de852d559097a,1156310000,1,*.niu100.com/*
437e81c5b2e920e134270a41c1463b3c,1156440300,2,*.zhang8.com.cn/*
437e81c5b2e920e134270a41c1463b3c,1156440300,1,*.9fanfan.com/*
437e81c5b2e920e134270a41c1463b3c,1156440300,1,*.cfniu.com.cn/*
437e81c5b2e920e134270a41c1463b3c,1156440300,39,*.niu100.com/*
43f9a1efe4f03a91f6092fe68c409b08,1156310000,1,*.cfniu.com.cn/*
440521391d7cc43086642359a729e99b,1156330400,1,*.redtrading.com.cn/*
4461b245526417c5e1cbb27d7e73c412,1156310000,1,*.zhang8.com.cn/*
4461b245526417c5e1cbb27d7e73c412,1156310000,1,*.cfniu.com.cn/*
449dc7e64e7d7472e8b43f63ffbb26f8,1156310000,8,www.a32a.com/*
44d743c6f187bbc9c77090e99f7d5b26,1156445100,17,*.zhang8.com.cn/*
451ffe6ed68e42fb297ee81ffdbaeb1d,1156310000,1,*.cfniu.com.cn/*
4525e5e2d7c9e76cc8eb7591045ea495,1156441600,15,*.cfniu.com.cn/*
467f3c331d7fbc179e032399b1e4c9e6,1156320600,1,*.zhang8.com.cn/*
46b7f7124debb3dfa2c41fedcd048bd3,1156360900,151,*.cfniu.com.cn/*
46c5b64476cf9d80cebe59133a2dadd2,1156440300,25,*.zhang8.com.cn/*
47da5a16ba94ee05bfe2dfd737de27c5,1156440300,16,www.a32a.com/*
480f5e5a79cd3460af003b5e87567255,1156310000,1,*.redtrading.com.cn/*
48514cf6493df0e3e36af2568b2ce239,1156440300,43,*.zhang8.com.cn/*
490cf6351cba05983192ccc7916205c2,1156310000,2,*.9fanfan.com/*
492cf5ddf002ad319ca03de0658c63e8,1156310000,1,*.cfniu.com.cn/*
4a213632a9230fa690f5dbee4901768c,1156350500,214,*.9fanfan.com/*
4a57365c0af72a203da19a4b1194fd41,1156310000,1,*.9fanfan.com/*
4a9783596236517463cdfa1d3f298c75,1156440700,63,*.laohu98.com/*
4bb0035ee2a6b586c68d38dd4deab432,1156440300,5,m.9fanfan.com/*
4bb0035ee2a6b586c68d38dd4deab432,1156440300,904,*.9fanfan.com/*
4bf24a6073006e2310e93d9cd4693332,1156310000,1,*.cfniu.com.cn/*
4c4637293c382866272884080da47045,1156320800,85,*.niu100.com/*
4ccaef1acc655f5860750e1f8e69d9a4,1156310000,2,*.9fanfan.com/*
4ce10248157dc3f9b1d422fec9b2ee03,1156310000,1,*.9fanfan.com/*
4cecb1afc7241a032b895ed0fe7b95d7,1156440300,528,*.cfniu.com.cn/*
4d0c61a94eaf60de51d6ba65abede5ef,1156321000,1,*.cfniu.com.cn/*
4d30feea576ee28a5e2bc9c602f3ead9,1156440300,88,*.zhang8.com.cn/*
4d30feea576ee28a5e2bc9c602f3ead9,1156440300,96,*.cfniu.com.cn/*
4d482dc4188d355cd1639fa365680053,1156330200,314,*.9fanfan.com/*
4d89a5ca0d5648da96e6e2aab35c1368,1156310000,1,*.zhang8.com.cn/*
4d8a034d5829c11514c73004f63a8cdd,1156440300,65,*.redtrading.com.cn/*
4e3babb1bd2959bae670bfde66d48e90,1156430600,1,*.redtrading.com.cn/*
4e3e4308a8e2eff7ccbabd33f632648a,1156520300,22,*.cfniu.com.cn/*
4ea7bc32bf19abe8450d0e0fac501ca0,1156310000,3,*.cfniu.com.cn/*
4eaa7935c4f949279c2243d48b3e2e9d,1156450900,1,*.cfniu.com.cn/*
4ed65ab7f7858a9735110e09d48b51c7,1156440300,10,*.cfniu.com.cn/*
4f5e99df10e57da786c66442b69b4b55,1156445300,1,*.zhang8.com.cn/*
503310af68d0f594c300606da30ee399,1156310000,1,*.9fanfan.com/*
50c330e02e1a6e30c2730d373094f8a3,1156320100,165,*.redtrading.com.cn/*
5185f1e949143c8438b19bc9873ad298,1156310000,1,*.cfniu.com.cn/*
51fdbcb578751a320cd249f6ba0bdab0,1156440500,11,*.zhang8.com.cn/*
525e8e88ce845119d8d3144f505fa253,1156310000,1,*.9fanfan.com/*
52976857e153019e0fee61dc53c526ef,1156440100,684,*.cfniu.com.cn/*
5299ffd563d1abcc7a1c2dd51285e5e5,1156440300,13,*.cfniu.com.cn/*
5299ffd563d1abcc7a1c2dd51285e5e5,1156440300,13,*.niu100.com/*
52a4c35db54e63a3249a4abf9bdde3ab,1156440300,23,*.niu100.com/*
539412e297929558fd84931aa7d4c631,1156360400,286,*.cfniu.com.cn/*
541b299eb55ffdc8a83c561f06e45371,1156440800,20,*.niu100.com/*
546b601df784181ecb3fcd7f7c8897a8,1156441400,32,*.ghypz.com/*
55181a4231bb2c77c35313e6a7c8cd5b,1156310000,1,*.cfniu.com.cn/*
551cf5ca72c8098cb15827ddf4f0fccf,1156431100,6,*.ghypz.com/*
55204b5424935b6d94b441ca7a9bbd2a,1156320300,377,*.zhang8.com.cn/*
5528ebec71a627b546a973d757afcbc8,1156440100,133,*.niu100.com/*
55514dcfe41591d5e3a266fe0ff9a875,1156430500,83,*.niu100.com/*
556c9dd5e69aac14618afa8328fa169f,1156310000,1,*.9fanfan.com/*
5578730846538f4c9bcfebb64a7f295b,1156420900,6,user.hhgpb.com/*
55eb363420062452e4eef61b452fe096,1156330100,2,*.cfniu.com.cn/*
563fed247c1c45514506249d3d414127,1156360700,123,*.9fanfan.com/*
569941abf5a700f98eb14b434dad7922,1156440100,1,*.cfniu.com.cn/*
5744727ea668fc74adcff4e04724bd1a,1156441900,54,*.niu100.com/*
577e706d544b3e7e09fd391ec1656935,1156440300,59,*.cfniu.com.cn/*
57987b18572c3a48871eb188f4c3cc80,1156321300,17,*.cfniu.com.cn/*
57987b18572c3a48871eb188f4c3cc80,1156321300,13,*.niu100.com/*
580663da84121322d6a9c10c85eac8cf,1156310000,1,*.redtrading.com.cn/*
5810e5a243841b4035cc2917e5d37525,1156310000,297,*.cfniu.com.cn/*
585d730b157e6b92f26132a027646f10,1156440100,24,*.niu100.com/*
5898cf69efaadaa56afb97d3141e35e7,1156310000,1,*.redtrading.com.cn/*
58ba1b1f2de71ff8ea0f1df2c4336197,1156440300,2,m.91zcp.com/*
5973dc8a434b5ed0b274f81f3cbc0de0,1156320500,1,*.cfniu.com.cn/*
59aee38ad4c534a09feba1aa551ff2e1,1156440600,15,*.cfniu.com.cn/*
59b71cd01f8f152bcdda32955eed0776,1156431000,270,*.9fanfan.com/*
59b71cd01f8f152bcdda32955eed0776,1156431000,224,*.niu100.com/*
5a4d205638797074aecc61f64e38ab22,1156310000,1,*.cfniu.com.cn/*
5a5258e53ce4735a69b45e95bba1cff6,1156441600,21,*.ghypz.com/*
5a82c1e58a60a8c07f13293ede021ad3,1156310000,2,*.niu100.com/*
5b7c9a72dc616cf41575793cf416c5d1,1156310000,1,*.9fanfan.com/*
5bf583341d4029d13953d0af5c8f4229,1156440100,37,*.redtrading.com.cn/*
5c018d9f6aa89e6cb54de57d662c5ee2,1156310000,1,*.cfniu.com.cn/*
5d263fbe61d4340e614e242e22168435,1156440100,3,*.niu100.com/*
5d408122c453eb19a7e5d7eccda85b0f,1156310000,27,*.cfniu.com.cn/*
5d518f4790c3bd92f508a2c5a1f13dfe,1156442000,37,*.niu100.com/*
5d677c5c6028e3a51d3de51747367a49,1156421500,137,*.niu100.com/*
5d9f5d9e12e09c98f1d8bdef884b0103,1156341800,1,*.zhang8.com.cn/*
5da3f948c041ff1a8ff666a8b48e7826,1156310000,1,*.zhang8.com.cn/*
5e82076ad4ef1f4964ff70ae313748f3,1156451000,11,*.niu100.com/*
5f7db2d6c0853c5dd006871311381ff2,1156310000,2,*.cfniu.com.cn/*
5fdd6a0f2cb6a648ff620dc97ce26a95,1156440100,142,*.9fanfan.com/*
600672da20172a6ea0c3377f5adbb45c,1156440300,72,*.niu100.com/*
607a557c9b2afd5a355cdd8725adaeba,1156350400,28,*.zhang8.com.cn/*
60b5437ad91ad4b860c4736ff158c155,1156320600,1,*.cfniu.com.cn/*
6100bcee62fcf7242a46973e59740bb6,1156310000,1,*.9fanfan.com/*
610d89226859c24f9dd5ef95d7b2e9d1,1156650100,2,*.9fanfan.com/*
6186eea86318ccc5719d2a16ce195493,1156440600,13,*.cfniu.com.cn/*
62237014b60a1b5091062e69031cf063,1156320100,1,*.ghypz.com/*
6273e785156d292fab8eafabdfb6df96,1156310000,5,*.redtrading.com.cn/*
62e73b2d90cf5ad39a3d328360ff2fbe,1156310000,1,*.zhang8.com.cn/*
630314eb83f6e48ee6b3b543e56b879e,1156440600,69,*.9fanfan.com/*
636bd977f0f85ad8f6512c27e3d6abb4,1156442000,2,*.cfniu.com.cn/*
638a56fca0a8495441ea6e85357cd33d,1156441700,2,*.ghypz.com/*
63934fa3690d845ff2f7e23dcdb6e905,1156650100,1,*.redtrading.com.cn/*
639c1cdfebfc821343131dfd57436b81,,9,*.zhang8.com.cn/*
639c1cdfebfc821343131dfd57436b81,,2,*.9fanfan.com/*
639c1cdfebfc821343131dfd57436b81,,4,*.cfniu.com.cn/*
649d00dc809e8e63f41662735f4a0a16,1156440300,10,*.ghypz.com/*
64a9ba4672209650cc1f48a0c0e960ac,1156520100,667,*.cfniu.com.cn/*
64d85faddb1b29deda562875cad2f6ff,1156441900,229,*.zhang8.com.cn/*
64f520f081b969966b7c7d1beb3632d3,1156310000,1,*.laohu98.com/*
651bcae89c80948e010fadd0f25124df,1156310000,1,*.zhang8.com.cn/*
656809a1bd2466b773c1abe8be278d43,1156440300,385,*.cfniu.com.cn/*
657766458eb4f8e932e2afd0c0b8b5b0,1156420500,1,*.cfniu.com.cn/*
65aa922edf315a83f983659825263bd8,1156310000,1,*.cfniu.com.cn/*
65c0af6418cfd7ff5b32af51cdcc9382,1156310000,1,*.9fanfan.com/*
66032eb87e5014b0a52d4bd40ff2bfdd,1156310000,2,*.redtrading.com.cn/*
66a2b9d62cd96ada802257955bcab917,1156440300,1,*.niu100.com/*
66f152df14ee673eeaee8121e955306d,1156320600,1,*.9fanfan.com/*
672138d2f1e7db919814c6e9e1c53299,1156310000,1,*.zhang8.com.cn/*
682ca2654f2d43f2450641ce7bb54ab5,1156310000,43,*.cfniu.com.cn/*
682fc715d9d9a5db677f1b483a2dc870,1156310000,1,*.9fanfan.com/*
68c955036710b86b8cd2834f924ebc9b,1156310000,1,*.9fanfan.com/*
69099647b2d447e7992cf270273b15ea,1156310000,1,*.redtrading.com.cn/*
6915d86b5fa85d387071187d6995ca84,1156441300,14,*.9fanfan.com/*
69f53ec71079a957221ede9baf5888cc,1156341300,186,*.9fanfan.com/*
6a467f3e4e601024f8e9c407ff089913,1156441900,18,*.zhang8.com.cn/*
6b1357d1d045d70082b37782505b85c9,1156441900,37,*.zhang8.com.cn/*
6b72d43a52d48b6e69209064a1ba58c4,1156310000,27,*.cfniu.com.cn/*
6b84ad5c9d6054c44ef56eb80e135b80,1156442000,1,*.cfniu.com.cn/*
6b96745dc1aca010122787d6900861f6,1156310000,1,*.9fanfan.com/*
6bfdac1ee9d8117b81cfdf4ead5b7d83,1156310000,3,*.redtrading.com.cn/*
6c4269bc66440b236d6ddd3351fd8403,1156440300,5,*.niu100.com/*
6e54c9ef3fc5fb270caf43611e542fea,1156430800,969,*.redtrading.com.cn/*
6ee0632e51faf51de7fd8666a0402988,1156320100,649,*.redtrading.com.cn/*
6fde887adc8e30bac6d5d7b2b7a6260d,1156310000,91,*.cfniu.com.cn/*
6ff44d49feaadf4f489e1efa8a1f5ae3,1156441400,32,*.ghypz.com/*
701e3e7ab0baea53b590c19cb4b3ca57,1156310000,2,*.cfniu.com.cn/*
7062c1ada4ad9c93facbeb130759ee50,1156310000,1,*.9fanfan.com/*
7074c33ba422027cda7eb8f92e3b3554,1156442000,12,*.niu100.com/*
70eca142841c5bd9a906acf035a28630,1156310000,36,*.cfniu.com.cn/*
712ce876d89c4827c0eb3273f39df606,1156441900,10,*.cfniu.com.cn/*
72039e71dc3f65e8005992c3b05d83a2,1156310000,2,*.cfniu.com.cn/*
7223055653e0a16f6b740525832aaae3,1156441900,133,*.zhang8.com.cn/*
7223055653e0a16f6b740525832aaae3,1156441900,157,*.cfniu.com.cn/*
7285e43ddd3884703c077aa7721902aa,1156441900,1,*.9fanfan.com/*
7285e43ddd3884703c077aa7721902aa,1156441900,14,*.cfniu.com.cn/*
730aaf9cd15f1fce2ce0710176a0bf50,1156310000,1,*.9fanfan.com/*
73335b1e97f48f8c1718f0e09bc9e04e,1156441900,136,*.9fanfan.com/*
735634619ba82eeaa1826df83605b541,1156510100,1063,*.cfniu.com.cn/*
7368824bb99161118d87af204681b21b,1156310000,27,*.niu100.com/*
73f643f7d88f4155b137fa630c4ca11f,1156310000,1,*.9fanfan.com/*
74272fd32d0833894548dca54da6662f,1156310000,1,*.cfniu.com.cn/*
755734139117f7a34c162f7fccb478c6,1156310000,1,*.cfniu.com.cn/*
7644affa5c133cfa88c7d1239f9bc092,1156341000,1,*.cfniu.com.cn/*
7672e16a4fb3d3982b95e3f81fe669ff,1156321200,7,*.zhang8.com.cn/*
768b09aba4e1fb911f3545c88554fc95,1156441900,322,*.cfniu.com.cn/*
7697cfb19ad8b866daa6084803fdfcee,1156440300,2,*.zhang8.com.cn/*
77049cd7dec8e82f44681d5842b31d24,1156310000,1,*.cfniu.com.cn/*
7755c4e83fa2669665dd29b07b94dc54,1156440100,1,*.cfniu.com.cn/*
77640a3e06b262f638d2549415dccc8b,1156442000,20,*.zhang8.com.cn/*
77640a3e06b262f638d2549415dccc8b,1156442000,1,*.9fanfan.com/*
776c265867c9cdc76e0339ff21f7e86c,1156441900,8,*.zhang8.com.cn/*
77ec00941566d3bc14c4159c13b80ace,1156310000,1,*.redtrading.com.cn/*
77f2e47bc6cf43ecb57059f2dd89f19e,1156310000,116,*.9fanfan.com/*
780160a5ec9a61a8a6bcff0750f169a4,1156110000,1,*.9fanfan.com/*
783729208717d084453ef2a46191d37c,1156510700,1,*.cfniu.com.cn/*
788b1f8eee3d8dbf177476acd9d6e81c,1156310000,5,m.9999pz.com/*
78a9398e1aeda229f1300ca720f1762b,1156420100,21,*.niu100.com/*
78aabcf07727620f069be251a87ddb18,1156310000,1,*.redtrading.com.cn/*
7971bbef30aba525bb2ae7620c8166bc,1156320400,1,*.cfniu.com.cn/*
7a911cda4ccf1a49e7375fbd40f70e7d,1156450900,19,*.cfniu.com.cn/*
7afe2e81ea0e8718e9c315c2e9254035,1156310000,64,*.redtrading.com.cn/*
7b24370265dcb3eb3e0f3c688e3286e8,1156310000,1,*.cfniu.com.cn/*
7b7855d4e3c23da302bf1bdf0733ac99,1156320900,1,*.redtrading.com.cn/*
7b98c655a131785eac47176a1265e357,1156440100,2,*.cfniu.com.cn/*
7bbe0dafd9e77dbc2267061238bf5ca2,1156442000,1616,*.redtrading.com.cn/*
7c2700eccedbb2a6813b6d19c377d8bb,1156441900,778,*.cfniu.com.cn/*
7c69c1e1bc794fbcc17e69fd5bb3bbfd,1156310000,4,*.cfniu.com.cn/*
7d0302bee2d9346e05e6b3f82a0a06a3,1156440100,12,*.cfniu.com.cn/*
7e92020d2564378563e1cac0599bfaf8,1156310000,288,*.niu100.com/*
7eae2b47ef0d183443ab45d49e7a21fe,1156440300,6,*.ghypz.com/*
7eaf37e0b5708340031bf64dc4e75a02,1156310000,1,*.zhang8.com.cn/*
7f63da601ed6d41fd46ee9c5fbdbea90,1156440100,74,*.cfniu.com.cn/*
7f99edd5fc588ffc05f3f5c90110354e,1156420100,2,user.hhgpb.com/*
7fb59b26914fcc24ace353439dbbe014,1156441900,2,*.niu100.com/*
7fdfe29e7e75220e236c5c019d5c1eb6,1156330600,19,*.zhang8.com.cn/*
7fdfe29e7e75220e236c5c019d5c1eb6,1156330600,14,*.niu100.com/*
80147f65f430c31dae0183f4e5f78d3e,1156440100,142,*.cfniu.com.cn/*
807e95d1940d6d93fb440de2c5dbf920,1156310000,90,*.9fanfan.com/*
8094a8d05c98dd74775b26f3dc8f2bd5,1156450400,1,*.niu100.com/*
80a13490586f2c14c85a5bb4d047baf4,1156310000,1305,*.zhang8.com.cn/*
80a13490586f2c14c85a5bb4d047baf4,1156310000,118,*.cfniu.com.cn/*
816bd0f2752d7c6104d16362af4fd9d5,1156441900,629,*.niu100.com/*
816dd9b9add929f18a39977ec70e2dde,1156441300,14,*.zhang8.com.cn/*
81a47c039ee8e86fcb92bdd51be2b9aa,1156310000,107,*.cfniu.com.cn/*
81b7816fc74c4cb191c67e7fd928afde,1156441400,34,*.ghypz.com/*
820bbf1489b633bf9b838b0d2ff7b7e9,1156441700,742,*.redtrading.com.cn/*
83aa21cd6dd8a5d3d07701f5f5f424de,1156310000,1,*.cfniu.com.cn/*
83bcf5e29a18cdb36e4e1662806c9781,1156441900,11,*.zhang8.com.cn/*
83cbbea59f6af7ff372438cedb15cc20,1156310000,1,*.zhang8.com.cn/*
842193b434c3bed69485c3b37c6d73da,1156310000,1,*.zhang8.com.cn/*
84c6f2ebab18fe7201b380511a96239a,1156441200,13,*.cfniu.com.cn/*
85a934380113892a582e306dc67e81d5,1156441900,262,*.redtrading.com.cn/*
85a9f7fa173b334194140004371d5b0d,1156440100,1,*.9fanfan.com/*
85e0ebc31a25c5f2867bb98f95d7c8a2,1156440400,14,*.cfniu.com.cn/*
865e85007d8287ade6ca8f7fdd9d1b96,1156310000,1,*.9fanfan.com/*
86b8f79fd7d2a05dee3daba070ca0b09,1156310000,1,*.cfniu.com.cn/*
876e2614988e9e1aeea75076b24bd6e6,1156442000,1,*.9fanfan.com/*
877d85372238bf4870ed0d51d3e944f7,1156430400,377,*.cfniu.com.cn/*
87960bc2aaf24cc14e64c52361304fe7,1156310000,1,*.redtrading.com.cn/*
87adc4f692f629c4faec64ea065b64c3,1156310000,1,*.cfniu.com.cn/*
87d7b6dac27434779f5d551d9e0c11c5,1156440300,1,*.9fanfan.com/*
88095d32238dcd57113b651c5774d3d5,1156310000,1,*.cfniu.com.cn/*
880ebb97da669384533db750f4ca422a,1156440100,7,*.9fanfan.com/*
885ab6a6ba31a22587e2db27e56ce687,1156441300,141,*.9fanfan.com/*
886dbb9e2f7cb7b34cd3978b29a7ed45,1156310000,1,*.zhang8.com.cn/*
88e08b728b8c76dc855016dbb23f9462,1156310000,1,*.9fanfan.com/*
8927803f5bc5f7dcbc23e6bb7a681069,1156441900,24,*.zhang8.com.cn/*
8a13a17f591777ae8698ab5185b967c4,1156310000,1,*.zhang8.com.cn/*
8a7f9ae53a92b8aa15571e849c174da1,1156360700,25,*.laohu98.com/*
8a7ff9590a077fedaf0e77dddad09013,1156310000,1,*.redtrading.com.cn/*
8bac2bc9e3c267425b63aa517ea335aa,1156440600,24,*.zhang8.com.cn/*
8c0459bd8daf9fc44161a6fc49c9d1f8,1156441400,12,*.cfniu.com.cn/*
8c6415b1868c067191c9ff97d71f4e36,1156441900,15,*.cfniu.com.cn/*
8cb3f3d0ae430ee2faf2d4ab8ef5ea80,1156441300,2,*.zhang8.com.cn/*
8cb3f3d0ae430ee2faf2d4ab8ef5ea80,1156441300,1,*.9fanfan.com/*
8d37f7b86014a1b60851403c5e29fa01,1156442000,188,m.guhongli.com/*
8d457472c29161d3b4edfaa59a2ada23,1156320100,2,*.niu100.com/*
8d6a18c700018ec5c39a5a3e3eaa8515,1156440300,2,*.9fanfan.com/*
8ddf8d33adc09180f02b03842765ab10,1156310000,1,*.zhang8.com.cn/*
8dfbce5d489d57b51cb3831ded22368a,1156440400,26,*.niu100.com/*
8e4223fa633c7d7fa3d510c9c327bd5d,1156440100,19,*.zhang8.com.cn/*
8e81c98830605268f5b2471d02ee4535,1156310000,1,*.cfniu.com.cn/*
8f0e1f3ecab3e574171d79222f5311e8,1156310000,1,*.cfniu.com.cn/*
8f5377e020bcaf300795b1f7198f8a95,1156321000,1,*.cfniu.com.cn/*
8fe289ca55d9fff57a9a484ec43f94eb,1156440300,168,*.cfniu.com.cn/*
9053f5fd981927675d6699cea34af534,1156310000,8,*.9fanfan.com/*
905f0226d0c4af944388415c6b9db337,1156440900,76,*.niu100.com/*
91e260cca9fe70105842077acf5c75d0,1156440100,3,*.cfniu.com.cn/*
92581d2bc8f24d437c2edee3dd1d5243,1156440700,319,*.laohu98.com/*
92881e6ef9cf5d366a7293325df1c7fc,1156441200,1,*.9fanfan.com/*
937cb9703308fb9eae8f00914dccca19,1156320100,1,*.cfniu.com.cn/*
93a6fa510085a3bf887863840c90e6cb,1156440900,6,*.ghypz.com/*
93e318eb3bcf85b1c40f7b016ae2da63,1156310000,1,*.cfniu.com.cn/*
93f4329374a5e884fad775fc0b3e0b3f,1156320500,6,*.zhang8.com.cn/*
93f59293987114a869650d7da87f4e90,1156440100,19,*.cfniu.com.cn/*
93f87e4bb5e147f14a26bd9261a5c369,1156440600,111,*.niu100.com/*
948f06e4484e71abab71af97356d3152,1156310000,1,*.cfniu.com.cn/*
9531195baed8dda603cdceef3316b17f,1156440900,57,mlhby.com/*
9579b0efd7c92a239486b2391229fdb3,1156430700,251,*.cfniu.com.cn/*
95c713360f374c49208ede3a452774e1,1156441300,2,*.zhang8.com.cn/*
95c713360f374c49208ede3a452774e1,1156441300,1,*.9fanfan.com/*
95c713360f374c49208ede3a452774e1,1156441300,2,*.cfniu.com.cn/*
961d72b9a395c5dbd2539e72126e70b0,1156310000,1,*.9fanfan.com/*
963d813d2c8a60d6698bee6a5ce03950,1156340200,1,*.zhang8.com.cn/*
96ae429614e53b8692e3fb3225ce763b,1156441400,290,*.cfniu.com.cn/*
97a914b5a7ecf9c572c492546420297d,1156440100,33,*.zhang8.com.cn/*
98a3fcbb4b05278c21e3a28aa6274e88,1156310000,1,*.9fanfan.com/*
9985a48d2dfafe873d38536736bb8270,1156310000,1,*.zhang8.com.cn/*
9a6f0fc58cf8a7071d1f0a1860348a65,1156310000,1,*.9fanfan.com/*
9b6e28b1b4fd9436d45d6fbe843e1538,1156310000,77,*.zhang8.com.cn/*
9ce24c63187f8be2e4da36b72c911ae0,1156440100,13,*.ghypz.com/*
9d48e70a6f3df3948a6a167e176cffae,1156511900,1,*.cfniu.com.cn/*
9d64ad06f9baba334171fca3953a1627,1156441300,11,*.redtrading.com.cn/*
9d9cc4bc626667bb540d5ee3dc6563de,1156441300,146,*.laohu98.com/*
9db8e3b7e8546bb507bb5381e141a4a3,1156440900,10,m.9fanfan.com/*
9db8e3b7e8546bb507bb5381e141a4a3,1156440900,39,*.9fanfan.com/*
9dc6805f60377f3e19ed4ac711302975,1156441800,1,*.9fanfan.com/*
9e7afbbeccc865743f5f6b38460cbf34,1156441900,2,*.zhang8.com.cn/*
9e7afbbeccc865743f5f6b38460cbf34,1156441900,2,*.cfniu.com.cn/*
9f556dd05d9329cc7cd328beb0adbce5,1156341500,24,*.zhang8.com.cn/*
9f81f827b3b3b3301d86fd044050f2b4,1156310000,1,*.9fanfan.com/*
a02b1530b2ce5cd2f543dab165036a51,1156440100,11,*.zhang8.com.cn/*
a08b0edbd3a7c0b0490ec27731b8b43d,1156441200,1,*.9fanfan.com/*
a0b06c242ea0bd2dfb86aef548b72e5b,1156330700,36,*.zhang8.com.cn/*
a12fdb6f78ef0d9df624a38537fab1fa,1156440300,120,*.9fanfan.com/*
a15f88cd18d1378e84567812f25506dd,1156440500,2,*.cfniu.com.cn/*
a1d9e3d2b2de7ee96e3b85eae7e0ce84,1156440600,9,*.9fanfan.com/*
a1e73019173d35a45e438e639d953eb2,1156341200,1,*.9fanfan.com/*
a20ffa1d7fb21095fd9187dabae7574d,1156341500,1,*.zhang8.com.cn/*
a240a5e2889c5b69373ca08c20b86e5a,1156440300,158,*.laohu98.com/*
a2aebe74fb34604bf1b7c5980b865fbb,1156321000,1,*.9fanfan.com/*
a2dc3414f2f8e425b472ba94e1cfedb2,1156310000,1,*.niu100.com/*
a2f9d2b9102f7ce9b752cdef3096ef19,1156310000,1,*.zhang8.com.cn/*
a31e6005bf800b1738bc9236e300b6c9,1156440700,48,*.zhang8.com.cn/*
a31e6005bf800b1738bc9236e300b6c9,1156440700,71,*.niu100.com/*
a358f8715e524293c387b28444b71dab,1156310000,1,*.cfniu.com.cn/*
a35c008677c6e71de2394dee35ea520a,1156310000,1,*.zhang8.com.cn/*
a36306fd7d5e6a4bc86a9197a973c502,1156410100,3,*.redtrading.com.cn/*
a363ca9466430281ce534a7d3829cbf4,1156440100,32,*.ghypz.com/*
a3a5c8613a354228b622b3643b7c0c16,1156310000,1,*.cfniu.com.cn/*
a46b41d4ed546aaadff997b0fd263005,1156442000,586,*.redtrading.com.cn/*
a4e357868f7a9aea84ed8331c191c580,1156330200,880,*.9fanfan.com/*
a58ff0c9d164bfb1ee926758ec51024e,1156310000,1,*.redtrading.com.cn/*
a5b02b8da80d9b50c209f49fb5ad0538,1156320500,1,*.9fanfan.com/*
a67ab27ac916e8ba0936f546a622357a,1156341500,1,*.redtrading.com.cn/*
a6cdf650ef8f6453edf55a9e3c44dcfc,1156440300,2,*.zhang8.com.cn/*
a6cdf650ef8f6453edf55a9e3c44dcfc,1156440300,1,*.9fanfan.com/*
a6cdf650ef8f6453edf55a9e3c44dcfc,1156440300,2,*.cfniu.com.cn/*
a7e9b84ed1ae3fc93baab7da94d56667,1156410100,31,*.zhang8.com.cn/*
a89047418c232637a1d3c3b9aaa12b66,1156440100,45,*.cfniu.com.cn/*
a8a922338f3b85df140d874d55cfc012,1156440600,12,*.niu100.com/*
a8c3f30afc2437c3d991e56986cead7d,1156310000,1,*.niu100.com/*
a8c8534bd3b82bb0677cd1f8791f3855,1156442000,156,*.9fanfan.com/*
a8de6b1ebd38367a783ce39c9ebd69d5,1156440300,1,mlhby.com/*
a929d0b7929dc027d1739d7d0a81e8cc,1156440100,1,*.zhang8.com.cn/*
a967b7aea6466060df95dd9f3b2909f9,1156442000,14,*.cfniu.com.cn/*
a967b7aea6466060df95dd9f3b2909f9,1156442000,15,*.niu100.com/*
a99522f50232bb3c9b22f9e76cfebb9f,1156310000,1,*.cfniu.com.cn/*
aa2540dcf025eca97ecf11b76724a7a2,1156440100,13,*.9fanfan.com/*
aa3ab2e7aa49a038d6a24b45ed7b2644,1156440100,1,*.cfniu.com.cn/*
aa90b411eb572c9e65beb20f20a1c3b1,1156442000,19,*.laohu98.com/*
aa90b411eb572c9e65beb20f20a1c3b1,1156442000,191,*.9fanfan.com/*
aadad041b7cde0cddc97f098b1b3df6f,1156441900,1,*.9fanfan.com/*
ab64a169bca98a8db9f55accea641b3b,1156411600,1,*.9fanfan.com/*
ab9cc3e9055b582b5658ee4750ea9207,1156110000,67,*.niu100.com/*
abd8c8a825fa3511974eea25a2f25b90,1156310000,1,*.redtrading.com.cn/*
abef578abfd5db8198a721683a814f0f,1156320100,38,*.redtrading.com.cn/*
ac2c19895d4453f638f220c8f2b3c02e,1156310000,683,*.redtrading.com.cn/*
ad3a1dc5b526c87dbc83baebeea847ad,1156310000,349,*.cfniu.com.cn/*
adcbb31e8f7c41760ed1712bed1a992a,1156330200,1,*.9fanfan.com/*
add881732c5ec1eae40b2e71b3526654,1156441900,23,*.laohu98.com/*
ae03651e1a47c5c3746deade19c53818,1156440100,2031,*.redtrading.com.cn/*
ae0d7e1e55a3ac9329ddd22a05ae2308,1156441900,417,*.redtrading.com.cn/*
aed897594d05730a4c85ce23d8cd6eba,1156310000,4,m.9fanfan.com/*
aed897594d05730a4c85ce23d8cd6eba,1156310000,451,*.9fanfan.com/*
aee6f6b7af8925929dc5ad8c32d8b165,1156440300,13,*.zhang8.com.cn/*
aee6f6b7af8925929dc5ad8c32d8b165,1156440300,4,*.cfniu.com.cn/*
af0e499dc18fbb509bb5a7d16dd3f42d,1156442000,45,*.cfniu.com.cn/*
af51fb265d44eb0da9cd9dc32802d721,1156450800,394,*.cfniu.com.cn/*
af89cbdf6d5dbfe0389843b49a0586b8,1156310000,1,*.9fanfan.com/*
afd30dc1ff9cd85d6838648fa996d71e,1156441600,4,*.ghypz.com/*
b060a378a467ef1f5cc25cd3dcd6538c,1156441900,120,*.9fanfan.com/*
b060a378a467ef1f5cc25cd3dcd6538c,1156441900,67,*.niu100.com/*
b0c7cbf0a5aad6e5a6c1bac03d2b2cf7,1156440100,13,*.niu100.com/*
b1555170676bcbb1cc1901035024acd7,1156310000,1,*.cfniu.com.cn/*
b18bf19b4c1c3643a038905cea1575ed,1156310000,15,m.9fanfan.com/*
b18bf19b4c1c3643a038905cea1575ed,1156310000,4,*.9fanfan.com/*
b1d81eac2c35d94cbfcba3225d89f283,1156450400,9,*.9fanfan.com/*
b1fff4adf07ead9f4f01346c1d0995a4,1156310000,62,www.a32a.com/*
b21edd466218adc4e8e5ccc9d4818b33,1156440100,41,*.9fanfan.com/*
b241544838ab6bc7810a6c31a929543d,1156442000,42,*.niu100.com/*
b2f540df939980f3b40a01cef5aca6eb,1156310000,356,*.cfniu.com.cn/*
b30248380390a480661133e98de067dc,1156310000,1,*.redtrading.com.cn/*
b33cb1e66687e88f24417011c95212ff,1156440600,7,www.a32a.com/*
b36b9e6e8a6b68943545b5d16c75863a,1156440300,221,*.cfniu.com.cn/*
b37ea73004e387574696ac237324f06d,1156440300,1,*.redtrading.com.cn/*
b412218231a609cea8e671d76b870554,1156370700,96,*.niu100.com/*
b4217609d7ad7e6423e0c26c9d9c0106,1156441900,12,*.cfniu.com.cn/*
b45f9bee5fdd897cfd6bb87c7e7a2230,1156411600,1,*.cfniu.com.cn/*
b47a91e7611406afdb244ebc104510bf,1156441900,4,*.cfniu.com.cn/*
b4ac654c428517302f505929003a1212,1156440300,12,*.laohu98.com/*
b4b71826c2b0a40a83e56751c287bb3c,1156310000,1,*.redtrading.com.cn/*
b51337d1575e8aec5d76d49d18852fd0,1156360900,1,*.niu100.com/*
b5718f575b1a7dab95082547daca6f7e,1156310000,511,*.zhang8.com.cn/*
b6027c64f434d06a56b37b0fe75a2fe3,1156440300,1,*.9fanfan.com/*
b641d3b845fd0218f19113ebb813804f,1156441400,30,*.ghypz.com/*
b66a5d6fc43b21370c9683eaf43f528b,1156361000,1,*.9fanfan.com/*
b7d3faa11476d86153ce5c859520b5d0,1156310000,10,*.redtrading.com.cn/*
b8b2b24811a6e70ed1c0d1e238480a81,1156440100,301,*.cfniu.com.cn/*
b8c88ad03ce2307105215c84e42102c3,1156310000,26,*.cfniu.com.cn/*
b8cfa11409965dd055cc8119b7bb40b4,1156420100,69,*.niu100.com/*
b93d4085c6e0e171b4718701c950f1b9,1156310000,75,*.niu100.com/*
b9df756d3902338d742c34449f5b9bc7,1156441400,1,*.niu100.com/*
b9efceda49e4da812233dc1e2cf707fa,1156440100,46,*.zhang8.com.cn/*
ba90fab562de207de4835c7569874b4f,1156320200,52,*.cfniu.com.cn/*
bb38ac2832f0c1d251283f36456eefff,1156441900,88,*.zhang8.com.cn/*
bb38ac2832f0c1d251283f36456eefff,1156441900,246,*.9fanfan.com/*
bcd001f32041624236f0d3d4ec862d67,1156340800,1,*.cfniu.com.cn/*
bd2450b3acfe1a5c39de434e56155d1d,1156130600,1,*.redtrading.com.cn/*
bd366aa2b014484923a51cb22a65ece4,1156450200,1362,*.redtrading.com.cn/*
bd4cfc0d5f6599f2be021179c270d09b,1156310000,1,*.redtrading.com.cn/*
bdb5bc56b82a696638fc594f00eaba36,1156310000,1,*.cfniu.com.cn/*
bdf224c431584ffc00a3af6a1add1f5f,1156310000,1,*.cfniu.com.cn/*
be2fb1b67dd1f7171b26d635b4716af3,1156441300,28,*.cfniu.com.cn/*
bea54cb59a5baff34eb03cf38f4cef15,1156360700,145,*.9fanfan.com/*
bf800ee1bb1cef2508bf805718d0a2c1,1156310000,220,*.cfniu.com.cn/*
c103a0b7dcd357829204d9708cbef752,1156310000,1,*.zhang8.com.cn/*
c172b21a112b98ead41e6b920459fff6,1156440300,8,pz57.com/*
c17605b755a9a7653a1cefbf2b257958,1156441400,44,*.niu100.com/*
c257888a4d1615405f1f02272b651d5d,1156441900,2898,*.redtrading.com.cn/*
c39591e5d6d0606fdbb3e6b0841362c7,1156310000,11,*.cfniu.com.cn/*
c3cab9ad423982cb87d7b52f99bbd34e,1156440700,14,*.niu100.com/*
c3dd841fdbe9820fe90f1709b9bf66b8,1156310000,1,*.pdd777.com/*
c3e4f66da83af76232698c662a2d3638,1156441800,1,*.cfniu.com.cn/*
c403ff84e1d3daedfa9aeff4d916341e,1156310000,1,*.zhang8.com.cn/*
c42f441d4429b1eed77e31149a9da31f,1156430400,1,*.cfniu.com.cn/*
c42f441d4429b1eed77e31149a9da31f,1156430400,43,*.niu100.com/*
c43c72e12ac0cca03faa1441fdbb9734,1156310000,1,*.9fanfan.com/*
c47ba202e20d2b08808a803b7798056c,1156310000,2,*.zhang8.com.cn/*
c4d3be769c2a0fab69f3361820abaa7a,1156310000,1,*.9fanfan.com/*
c4fc41b170d1a363d791282592f463a6,1156310000,1,*.9fanfan.com/*
c55a7667008ae6eff0d5f120aec2af5d,1156310000,1,*.niu100.com/*
c5f93852a12cc3f79d652811d4303051,1156650100,403,*.9fanfan.com/*
c601b1b27b6cd8406e4bb24f09f614bb,1156310000,17,*.9fanfan.com/*
c64673d4f3c03f74020b5daea10dcc33,1156310000,2,*.zhang8.com.cn/*
c653360d3d3af443d31f69e9f9453ed4,1156440600,122,*.zhang8.com.cn/*
c65b9f3405b7be9d9a636cf0c9df355f,1156610900,1,*.9fanfan.com/*
c65fec1189117db714b9c7011ca8f2b1,1156310000,22,*.cfniu.com.cn/*
c69badba0954c6239dd35c39feb8cea6,1156441900,11,*.cfniu.com.cn/*
c69badba0954c6239dd35c39feb8cea6,1156441900,11,*.niu100.com/*
c6b1f9240449dbcb75874049da980de1,1156440600,1,*.9fanfan.com/*
c6ca8f7e0a4681318f3640dacb3d66a8,1156310000,1,*.cfniu.com.cn/*
c6d5bf333fc3e59fb6fac088441e3eef,1156310000,104,*.cfniu.com.cn/*
c6ef91b7533ff8f8cc94746141609bec,1156341200,1,*.cfniu.com.cn/*
c6f6e5976a13e75089e69a8131858a24,1156510100,242,*.cfniu.com.cn/*
c71dea04e720e6cedbb21a00c81ae167,1156440300,42,*.redtrading.com.cn/*
c73ac57fc9e266900580e09d0f6b3eb3,1156440300,102,*.zhang8.com.cn/*
c73ac57fc9e266900580e09d0f6b3eb3,1156440300,150,*.9fanfan.com/*
c73ac57fc9e266900580e09d0f6b3eb3,1156440300,194,*.cfniu.com.cn/*
c7677a7b83bf001b916709ea0827cce4,1156411700,19,*.9fanfan.com/*
c7eb9ac39feb17ab31156c24ee3ef3aa,1156310000,1,*.cfniu.com.cn/*
c87ebcc866cac10cc1bfbfb1857ae19a,1156310000,2,*.zhang8.com.cn/*
c91848859e0f4f82fe1e07d368db4894,1156420100,15,*.niu100.com/*
c920fdfe1416953ce2a53c2779b315a2,1156310000,1,*.redtrading.com.cn/*
c9dac3ba85c9371b79106eb102bf6c8d,1156310000,1,*.cfniu.com.cn/*
ca0e8806f116c28bc929c34f0cff0102,1156310000,1,*.zhang8.com.cn/*
cb282b34a2df91d312fb876aa0d31d05,1156310000,1,*.cfniu.com.cn/*
cbeea6f225a2f2c6ef8b544fbaf8ccff,1156310000,35,*.9fanfan.com/*
cc198563663ed3d6566606e16cc51abe,1156440700,183,*.9fanfan.com/*
cc6131c1eb66d0a86a613cd541014059,1156360100,3,*.ghypz.com/*
cd174f87258619da56dfb2a1eb005ac1,1156310000,6,*.zhang8.com.cn/*
cd5f3debdbe3c99d7908fa8f16d9543c,1156441300,2,*.cfniu.com.cn/*
cd7ac30e999c10e2e3f39209d56482ce,1156310000,1,*.9fanfan.com/*
cdcab4fcdf0e56a4390f62c4267f9bbc,1156310000,1,*.cfniu.com.cn/*
ce02cd6ec7b0dc1dcbca5c5202eab1c8,1156340100,1,*.9fanfan.com/*
ce134f6fb5f3779db8c9a8df71bd2474,1156442000,2,*.zhang8.com.cn/*
ce1aaaae54c5c0cf04a1a9553ecbc945,1156440400,63,*.cfniu.com.cn/*
ce2d10b44245bc31bc1be30f64c641ad,1156360400,1,*.cfniu.com.cn/*
ce2dc41a42c8afe1c588db50a4875efd,1156445300,6,*.zhang8.com.cn/*
ceb34219388277a37c9782848a418c0a,1156310000,1,*.zhang8.com.cn/*
cee0510934bde3283262114513002c1e,1156321100,13,*.niu100.com/*
cf19b5a90ce0042395c586521903b25a,1156310000,26,*.zhang8.com.cn/*
cf4e92fea1d10de168ec82bf4983236f,1156310000,1,*.redtrading.com.cn/*
cf6c48ecd8d82cbc00cb8592529c383d,1156440900,25,*.laohu98.com/*
cf99495b149fa48d489bb7b95d2b944d,1156440300,13,*.cfniu.com.cn/*
cfd031453619c019be457d9c69f1f27d,1156440100,49,*.zhang8.com.cn/*
cfd031453619c019be457d9c69f1f27d,1156440100,52,*.cfniu.com.cn/*
d024bba06c2d3e4bcf38f06e49730d13,1156440900,13,*.cfniu.com.cn/*
d10f1ef414ad8ad1d1356e43524eb12c,1156441900,22,*.cfniu.com.cn/*
d1609fa0bed8d769240107c58acffd15,1156440300,2,*.cfniu.com.cn/*
d1917b35fc7c2054b8bf9b18e145db84,1156310000,1,*.niu100.com/*
d246bf43efd594f1f1e40bcebb5f9682,1156440300,4,*.cfniu.com.cn/*
d2663d530d927165cae64c9acf254edb,1156320500,3,*.cfniu.com.cn/*
d35f93dbe38a8af06d16a8f6c4daf1a1,1156510700,1,*.cfniu.com.cn/*
d3cd000558e1c738a8952daf4f39211e,1156310000,15,*.cfniu.com.cn/*
d407e4b3d460b55b2f6ad1392eae9182,1156440900,256,*.cfniu.com.cn/*
d40808c5a79d607e2e67f260708c1aa8,1156440700,77,*.cfniu.com.cn/*
d40d6ec806c66c15b8be8f6c9d802b3f,1156310000,1,*.zhang8.com.cn/*
d4caf1eacd360d98e85e439e587b82c3,1156310000,1,*.cfniu.com.cn/*
d50c83718d724788c093f959429bf3c4,1156310000,1,*.zhang8.com.cn/*
d51f2e5154e32449ef1df313561e5663,1156441400,362,*.cfniu.com.cn/*
d54df7e451b2ac18cd5341f18e3005ae,1156310000,1,*.9fanfan.com/*
d5d6266ddabf0a767af656d3eeecc997,1156220100,1,*.redtrading.com.cn/*
d5e56393e264dea77e70592f55dfa944,1156320900,1,*.redtrading.com.cn/*
d6001eca9a91efa7f287f876ad332073,1156310000,2,*.cfniu.com.cn/*
d70d0a69b8666d87cb36d01287e00709,1156431200,1,*.zhang8.com.cn/*
d70d0a69b8666d87cb36d01287e00709,1156431200,2,*.cfniu.com.cn/*
d76f98014d380a48ccaeb7ff0bd7d02b,1156440300,116,*.zhang8.com.cn/*
d8361c2bdc58274f08d5d65885092f1b,1156310000,1,*.cfniu.com.cn/*
d874813a77e3363b759b051035acfa06,1156310000,1,*.zhang8.com.cn/*
d98b4d695c277171d2ed18e4cd5b4435,1156440400,1,*.9fanfan.com/*
d98b4d695c277171d2ed18e4cd5b4435,1156440400,52,*.niu100.com/*
da17d4a156bd4419399fb8b4c91d3fed,1156440300,15,*.cfniu.com.cn/*
da618d72987f3a31a261c0823c69a44f,1156310000,1,*.cfniu.com.cn/*
da831d4ff50609a88a3e7d87d5fe4550,1156210200,1,*.redtrading.com.cn/*
dae0d8a1645403d662753e4a3f68185e,1156441200,27,gp009.com/*
db0af2deac1e1f9e41fb4fdc6a1e0271,1156320100,32,*.ghypz.com/*
dbb577a55a9d5cd8c9d1e6885f3a3a9a,1156310000,1,*.redtrading.com.cn/*
dc016e4b3962e468e6939e451c25d6b1,1156440300,36,*.zhang8.com.cn/*
dc15389fd334a9cb0f05d850e955e833,1156310000,1,*.niu100.com/*
dc3fdae6e4626b71345f9b8bf1c5f9dd,1156110000,703,*.redtrading.com.cn/*
dc8518afc85c4a9e12dfdbbbf6da3a9e,1156511100,33,m.9fanfan.com/*
dc941b0439d36a35e5413beb9a007e78,1156440600,5,*.laohu98.com/*
dcbc9162e1201544862d55c1d2c33838,1156310000,1,*.cfniu.com.cn/*
dcc281709fbba4324d8e52b318cac89d,1156441700,1,*.cfniu.com.cn/*
dd0070a41a8b4a2058a1325b81c96706,1156451000,25,*.9fanfan.com/*
ddd58baadf6e43e9f74e56dbefaf7066,1156431000,28,*.niu100.com/*
ddfce81ac0ee250cecbc85a13d2f38ea,1156440500,2,*.ghypz.com/*
de1618101a509db4965e6f8362ece040,1156310000,1,*.cfniu.com.cn/*
de8e902c4769909d0f18a15fb49decc4,1156310000,1,*.9fanfan.com/*
debf997e96e1673526bc627a14785405,1156442000,14,*.cfniu.com.cn/*
df35ae381825554aa4c5d60c8afd5211,1156310000,8,*.zhang8.com.cn/*
df8f8cff732a3f425b25a8bb229696f2,1156130400,1,*.zhang8.com.cn/*
e0ef31be61e2457a352ab473fff96fe0,1156310000,1,*.redtrading.com.cn/*
e11181cf68d24a9630d4794e77f1bed4,1156440300,15,*.cfniu.com.cn/*
e113c88790c7a32946a3bdf60005b258,1156440900,1,*.9fanfan.com/*
e171d99cb951bdc563c7be3d53eee2ee,1156310000,1,*.zhang8.com.cn/*
e1e089f8d5e3477e082b2c0664611e8f,1156440100,114,*.redtrading.com.cn/*
e1f4a0c270e972dab47318044a7cb8ae,1156441600,1,*.niu100.com/*
e2a79b03ff8dcf35821ede7712516450,1156310000,16,*.cfniu.com.cn/*
e4854d85e2b2eb7e0d1558f4c1151b7d,1156431000,129,*.9fanfan.com/*
e4dead4d48adc1e9c7ec10d98752b6ef,1156310000,1,*.cfniu.com.cn/*
e54c41ba0fdcb700f31e5a2cfacf8e1c,1156440100,267,*.9fanfan.com/*
e5cca42f0848abf4a10e71cc9c1cc67f,1156510900,35,*.niu100.com/*
e5ff10903bf20af12c61bde767b3b472,1156440600,14,*.cfniu.com.cn/*
e63d8198bf374811cea3fcd42dcbdd51,1156310000,29,*.ghypz.com/*
e63e894c01766513f3bd6e8c86acc0f5,1156440300,1,*.9fanfan.com/*
e63ef73055c0506d586b3bf1942a55b7,1156440100,1,user.hhgpb.com/*
e69254172eda78f0a3b774da23adfc57,1156440400,14,*.cfniu.com.cn/*
e709614ee26a13cd6ca2c1cf595f8287,1156310000,2,*.cfniu.com.cn/*
e78ea25083801d6a267a55484bc9dfab,1156321200,1,*.cfniu.com.cn/*
e7a72b9dc56f1d869e063240abb666ce,1156410300,108,*.zhang8.com.cn/*
e81acd778a17074cc675429c34f1d2d4,1156310000,1,*.redtrading.com.cn/*
e89162491beae87f04186e35b5409fe6,1156310000,59,*.niu100.com/*
e904a0fa8ea0e7414962e274a4830776,1156310000,1,*.zhang8.com.cn/*
e95e0a31b1eedc51c1b2394bb02fcf33,1156440500,30,*.ghypz.com/*
e99e1abb0b7f0d9a9ce2258c00d15395,1156320300,11,m.9fanfan.com/*
e99e1abb0b7f0d9a9ce2258c00d15395,1156320300,888,*.9fanfan.com/*
e99eeaa60660a2afa5335f1924099bfc,1156310000,1,*.niu100.com/*
ea047424d117b02d883356b5933d30b1,1156440300,7,www.a32a.com/*
ea047424d117b02d883356b5933d30b1,1156440300,41,*.cfniu.com.cn/*
ea1489a39150291b7c24e4124d9ee8e6,1156420100,30,user.hhgpb.com/*
ea1489a39150291b7c24e4124d9ee8e6,1156420100,1,uuu.hhgpb.com/*
ea6bfb073c70e8549e78254b0290ee5f,1156310000,43,*.9fanfan.com/*
ea819bff4bd52d48a38a3937e474663d,1156441400,7,*.ghypz.com/*
eaca5d93fe1cbb8f949961cc0c897d02,1156442000,34,*.9fanfan.com/*
eae7f5f26f20102a0a0d55e1ddffb77c,1156441500,33,*.ghypz.com/*
eae7f5f26f20102a0a0d55e1ddffb77c,1156441500,76,*.niu100.com/*
eb226aa12086baf2030d95e38cf095e5,1156310000,1,*.cfniu.com.cn/*
eb61034520524bea1f3b2c963fd3079a,1156320500,1,*.zhang8.com.cn/*
eb8dc1118b2128591ae571947a06b3c4,1156440100,56,*.cfniu.com.cn/*
ec0bb5a8da0327d1654809974b9963af,1156310000,1,*.cfniu.com.cn/*
ec99da7b47d6f4759d2344ab892f10a6,1156310000,1,*.niu100.com/*
eccc8a5850f76029389b471294fc3cc4,1156320100,1,*.zhang8.com.cn/*
ecd8b5b431c7e352111b00841bd13603,1156431200,1,*.9fanfan.com/*
ecfaf5cb2aead5c8e061dc4632c28701,1156440300,308,*.cfniu.com.cn/*
ed100cec0eef41a9d0a6ac2fd794e151,1156440100,23,*.niu100.com/*
ed27fe0eb65abb9c75a4ddef094b61eb,1156650500,1,*.9fanfan.com/*
ee18ca528b60c2b020044b55b16ebafe,1156440300,4,*.ghypz.com/*
ee4020a783b4126fea92ff4bced9caee,1156421200,637,*.cfniu.com.cn/*
ee4b3ebbc6cc4b67f7da1c6bc5760cc0,1156440300,14,www.thpeizi.com/*
ee6481558405cc93ab67368cf85e3f2b,1156440300,45,*.cfniu.com.cn/*
ef344263069136565f5b7ca4bc38a45b,1156441400,39,*.niu100.com/*
ef9b6df27a355279587e4e3ba6b56807,1156440600,38,*.redtrading.com.cn/*
eff8967c5fcd04962c6ccc452a4a0868,1156310000,1,*.laohu98.com/*
f19dc93ed0cbb8d3771671e50f6a5147,1156440300,13,*.cfniu.com.cn/*
f1aa7f11df59aae6ad74cce3f28ebe0a,1156440900,1,*.cfniu.com.cn/*
f1bac77472168ff390e18a46ea30a14a,1156310000,1,*.cfniu.com.cn/*
f1e7535b6f2e7ac9e855f38d743e2f2b,1156310000,1,*.9fanfan.com/*
f22d3f1f3c9f72d20fbb99c79fee039a,1156442000,330,*.redtrading.com.cn/*
f3bf6a4cdfb85d7d90371021f7d9f7d4,1156440300,18,*.zhang8.com.cn/*
f41fe172358ef92e98014a5427533901,1156500000,1,*.cfniu.com.cn/*
f462cf7f10e502bc205ff47adc684e26,1156440700,220,*.9fanfan.com/*
f4bd6217bf8bce20e5460ba87d412bc8,1156511500,1,*.9fanfan.com/*
f4d0d09b4a3d83e5a92e30c244becaa7,1156310000,137,*.niu100.com/*
f52d20d8075d464a3f3566e211326735,1156441900,1,*.cfniu.com.cn/*
f5c5b17e99cab8b2fa650126943a02ed,1156320600,18,m.9fanfan.com/*
f5c5b17e99cab8b2fa650126943a02ed,1156320600,237,*.9fanfan.com/*
f5ef63543c946f33ef877db4c2773774,1156310000,1,*.cfniu.com.cn/*
f63b8e952c9dbf549ed578e8cc8b17f6,1156330100,1395,*.redtrading.com.cn/*
f69f1b650a0eb5804a2e29119d7a3193,1156440100,15,*.cfniu.com.cn/*
f6b38b6725daaeb302656065988ca416,1156310000,1,*.laohu98.com/*
f7178865457060194f86d583deb6ae99,1156310000,1,*.laohu98.com/*
f754d053c05a161066b71901d8a61d15,1156430700,1192,*.cfniu.com.cn/*
f79f17f7b2371f4425d40ecc7fc645a8,1156310000,1,*.niu100.com/*
f9611c14bae168aeff49c48ce0f248e5,1156310000,1,*.cfniu.com.cn/*
f9707ad96244a791f986b4d430bce28a,1156310000,1,*.cfniu.com.cn/*
f9869aba3372e41f8added518fb9748e,1156370400,1,*.zhang8.com.cn/*
f99e78251af981e3942f23ba7f2ccec0,1156440800,4,*.cfniu.com.cn/*
f9e89d73ad6adc1e8ff0a6b5c22035e8,1156441900,680,*.niu100.com/*
fa4d7cb71039d745f5ecb4247ae5560a,1156440100,26,*.9fanfan.com/*
fa6500502a88326c55a911d4f3ab9943,1156440100,388,*.9fanfan.com/*
fab40de42aaa5b8e3e03ff698318c238,1156320300,1,*.cfniu.com.cn/*
fadba4b4579fe1610d68abdacdb9fa9c,1156310000,1,*.niu100.com/*
fb0db30636b3396ff54f9a181080b5af,1156360800,13,*.niu100.com/*
fb14300e50be0c75759bb49f4c760bd5,1156441600,2,*.cfniu.com.cn/*
fb2fd06068ee4ffcf621b536c43dbef1,1156441400,34,*.ghypz.com/*
fb5c07fafd9dbeadc315d4efae93c6ad,1156440300,68,*.zhang8.com.cn/*
fc04d4747d6fa0fcb89a98bca845be02,1156440300,19,*.zhang8.com.cn/*
fc4cd3510fdf0a3fdbe245dd38837a66,1156440100,1,*.cfniu.com.cn/*
fc73eb200d4e80f2ea881ed2b6e69536,1156310000,91,*.zhang8.com.cn/*
fc873312940605bea928f25a9361f1df,1156310000,1,*.redtrading.com.cn/*
fc8be0c2c641b355a289791e7c89d937,1156330300,1,*.cfniu.com.cn/*
fcc6036adc21957f55ece0c6db375d5b,1156440300,42,*.redtrading.com.cn/*
fceda7b67514f097181b8970a416d447,1156441400,33,*.ghypz.com/*
fd53abf6be52a82bac6e480cb4669425,1156310000,9,*.niu100.com/*
fdf7efaf4443fe1f0da6e2c85237e7cc,1156310000,1,*.cfniu.com.cn/*
fdf8e9f78aa65416b0eab132f858f2fc,1156441800,1,*.zhang8.com.cn/*
ff3a813ddc40674a308e6eda5d8b749e,1156440300,34,user.hhgpb.com/*
ffb8b04bd29f57fbaf8ccc7236beed0a,1156440600,4,*.laohu98.com/*
ffe6b2cedf3edec3b5c6b5a8c44189c4,1156310000,1,*.cfniu.com.cn/*
ffe889aacc3195404637d7bc9288562b,1156442000,14,*.9fanfan.com/*
ffff38465b81d9b2962369a24834eae1,1156440100,43,*.niu100.com/*
