00008a30f2a66e7d173b032fa3563118,1156611000,14,*.520gongsi.cn/*
000f549d31fa3b8b4e3d535cb834336c,1156610100,6,*.huazhengcaiwu.com/*
0015487752a16c626ceee61c1c06d542,1156610100,17,*.taoding.cn/*
00cce6d4d78360d5786c6a9d95b3d718,1156321200,1,app.qixin.com
00f53b15d7a337dd166cacb0c98bdf08,1156610100,12,*.taoding.cn/*
015ba2ac04efbc1a4313ee03a8721dba,1156310000,5,*.jinputao.com/*
01898e3014bccb03461fac7ae23a0680,1156310000,63,app.qixin.com
01ff3fd0dfafee161eb1e344fa599a3e,1156120000,17,*.huazhengcaiwu.com/*
0212fcbbf3286e6a4824af335edddea7,1156120000,23,*.huazhengcaiwu.com/*
021d01c83cd56668017f19fa2bba7b53,1156610700,2,*.520gongsi.cn/*
021dd1398e397481fb50c1d715a40ef4,1156310000,1,app.qixin.com
0239c8772ff93876c07fcc12f9d41b9f,1156320500,10,*.huazhengcaiwu.com/*
02a28de38882cf2edd31f69e16f74f2b,1156310000,38,*.yuqijituan.com/*
0320aedb84d024d6d2314ebb252ffd99,1156610100,1,app.qixin.com
033666fe0ed911e3d340a88153308b23,1156610100,30,app.qixin.com
03380eebd58e55d3214e687e188862bc,1156610100,4,app.qixin.com
03e58f6b65832f5a4d74754c32396aa4,1156610100,21,*.taoding.cn/*
0521acc4c5560e08a0456a4d49013eb6,1156310000,17,app.qixin.com
0560bb7561efde37f0f87e8b1e928d24,1156310000,2,*.zcf.net.cn/*
05659b8eaec834ceae46e81e261eff2c,1156610100,5,*.taoding.cn/*
056963e2faa6b713ead7d4615ab1b9e4,1156360700,25,app.qixin.com
059ee719400bb5b463802aebfe78492f,1156610500,43,*.huazhengcaiwu.com/*
05bb8b3c61cf0d440537d35ce4a199a6,1156310000,43,app.qixin.com
05d3983e16808cf32c40362ea3f4547c,1156610100,1,*.huazhengcaiwu.com/*
061a514f4c55f2edcb376276aa06694c,1156610100,27,*.taoding.cn/*
0622ec32478a04c9f3059178076038d0,1156310000,6,*.520gongsi.cn/*
062426b7285f004afcfcb9b62b610a06,1156610100,1,*.jinxun888.com/*
06c280119c26ca90ab814320741e4a4d,1156610100,1,*.wzjishangtong.net/*
07458730f7fbb1800b6fe22152097fcb,1156310000,7,app.qixin.com
0778c58271c2aac17a370b1982cc347d,1156610100,3,*.520gongsi.cn/*
077d4df1cadf0a52133051e9be0c9044,1156610800,2,app.qixin.com
089e3d18f92a65565422ee7d65c827ae,1156610100,20,*.huazhengcaiwu.com/*
08dfc251f48e9ee12bae432d36b3cd97,1156610400,9,*.kuaijifuwu.cc/*
09783099b35dbfa288724c14282144b0,1156310000,2,app.qixin.com
09a757972929e500de3d4be87bdd36ca,1156310000,2,app.qixin.com
09f18c2dfe30e2096667ee08e60f21b9,1156310000,1,*.zcf.net.cn/*
0b0fd596c73938d510b3bb1639ef14e4,1156610300,2,app.qixin.com
0b37e67c676110558f47c6ff1edccef7,1156610100,1,*.taoding.cn/*
0b63e922af5567fd1fd745682242c3d7,1156610100,2,*.chuangyebaba.com/*
0bd697cfb51e2df27361db5dc80c12c4,1156310000,5,*.zcf.net.cn/*
0bf4d35d0073fe6da24dca3feb0e0df4,1156140800,16,*.huazhengcaiwu.com/*
0c1d28c3e41e3a680a5d255032960af3,1156610100,3,*.clcs888.com/m/*
0c903d33c1dbbe42032c7a08881a1773,1156110000,1,*.520gongsi.cn/*
0c9ca8794a17e5584cc96c212dead2ab,1156310000,2,app.qixin.com
0d0902d8f49f592c55896644955b25e1,1156310000,1,app.qixin.com
0d1cb8e4b5be03cd500806d522840f8e,1156310000,4,*.520gongsi.cn/*
0d36a1673178c0a3933d5e85901aac9d,1156340100,2,*.zhihuiji.com/*
0d6b140d45b694ff484f91636ae85c05,1156340100,45,app.qixin.com
0e31611bfc2eb9f2e1d9a0a0fc9bee2c,1156310000,12,m.huisuanzhang.com
0e382242a3eeb2df7ab2edad8fc0424e,1156610100,2,app.qixin.com
0e8394d238056eee3bd9546def538923,1156610300,2,*.zhihuiji.com/*
0e8ad22ed585be970961b724a7d90af1,1156320700,4,app.qixin.com
0ebc4ef0848fc482e0a9b3b386530e04,1156610800,1,*.jinxun888.com/*
0f1635e0740da561646337b7df3db427,1156310000,2,app.qixin.com
0f2f1423e516e81a34324ad464a098ac,1156310000,29,app.qixin.com
0f30631d31297ead6cccd901a2bc46a8,1156610100,1,*.520gongsi.cn/*
0f36c05aa435bc50f48c68b79f76c3a2,1156120000,1,*.homecaiwu.cn/*
0f36c05aa435bc50f48c68b79f76c3a2,1156120000,25,*.caiwuchina.com/*
0f89070ab77cc84c173369cf29bb13b3,1156130200,8,app.qixin.com
0fcdd6344a4a578a7127785188f3a43d,1156610100,1,app.qixin.com
0fe6839fd0329e290e5fb3f9fc1d0274,1156120000,1,*.520gongsi.cn/*
10548b109ba3d237c759145c76bc5649,1156310000,7,app.qixin.com
1093607454b550b689596c4a18d53f36,1156610100,11,app.qixin.com
10cebe35e761027c84896d570f58be85,1156610100,1,*.caiwuchina.com/*
10dca025df73cbcfadd639423838399f,1156610800,83,*.eyczh.com/*
10f67b8855c76de8baabb9a94972bc4a,1156310000,11,*.zcf.net.cn/*
110300a60640e7d4e41d8b8653e536e6,1156610400,4,app.qixin.com
114a2fe04041b53667674dbc2e8c8b18,1156611000,17,*.clcs888.com/m/*
1218fa2149cc509969ea30566463d254,1156310000,1,*.ezcezc.com/*
122dbf5c34106ebcdae50e48a7347fde,1156610100,37,app.qixin.com
1241a36e550992901ca95c3f72079632,1156610700,1,*.520gongsi.cn/*
12c2ba24472082c00d63a49b526a2b9e,1156610400,4,*.sxxbfw.com/m/*
12f298b6fcd1b1cc5aa0f6d5eb06931a,1156310000,10,app.qixin.com
140e7c051a9f18da108dcdd2e3ee1245,1156310000,1,app.qixin.com
1423db9b81c87b8fa2efbde59125ca0d,1156310000,1,*.zhihuiji.com/*
14b2b1c3dd10bbe55636a78ec9cdf97b,1156310000,3,*.zhihuiji.com/*
1509643307763c337d5c672f17a4a900,1156610200,79,*.zhihuiji.com/*
1588ef4225863afb8ced38234e4f228d,1156610400,1,*.taoding.cn/*
15b061b00f50aae8d0fdaedd27f305d1,1156150800,1,*.caiwuhome.cn/*
15b061b00f50aae8d0fdaedd27f305d1,1156150800,5,*.caiwuchina.com/*
15df6c981fd8a5f27f4f1ca2645118fb,1156310000,3,app.qixin.com
167b5bd8c11315c78094601cf453269e,1156610100,24,m.huisuanzhang.com
16c1a54732bcaa00d3398a9f7bb8a966,1156310000,4,app.qixin.com
16c4b6779f1daafa380e7e603738c2f4,1156610100,1,app.qixin.com
172e4c262e20339585447206707aaeb8,1156421100,58,app.qixin.com
1733265f327951a805a78fdd0a3326e9,1156310000,24,app.qixin.com
17c6d07f6f3853e7443ab73c01fdb8a2,1156130600,4,app.qixin.com
182cd800fa7ac28071dd124b52819184,1156310000,3,app.qixin.com
18a3c888149a6334feb7cc00442c6807,1156310000,18,app.qixin.com
18c64e9f11affa8669d3da88ca71d73e,1156610900,3,app.qixin.com
1909d8ce6a27db38449306020d072909,1156310000,1,app.qixin.com
199c725c86e0408ead56e1706e1da16e,1156610100,23,*.taoding.cn/*
19a5718a13185da3146daa31d4166517,1156310000,2,app.qixin.com
19c824c69377a0aa5d0dc7a950d0dc1d,1156120000,3,app.qixin.com
19ca4bc4e6fb3094d20963499f07ae30,1156140500,1,*.zhihuiji.com/*
19cb5b16a0e98d0f1dc1020e78041c36,1156610100,1,*.taoding.cn/*
19d8f301e571f5d49f97ac744847be31,1156611000,1,*.clcs888.com/m/*
1a71fea42b0fc7c90b201162662fb4d6,1156610100,1,*.jinxun888.com/*
1b0bb4175a5408b858abf7bde0f6cf88,1156610100,1,*.sxxbfw.com/m/*
1b3c13b217b7778ff0c0a9b2d2f40a4e,1156310000,4,app.qixin.com
1b5666a1ec38cb320b0f247591ff21d9,1156310000,2,app.qixin.com
1ba894e56cd40bedce275ac94de68b7d,1156610100,22,*.taoding.cn/*
1bdfc9ad9ee9ca446b03f50195c210f7,1156310000,1,app.qixin.com
1ccac75d437911ec85b15ba2babdc25d,1156611000,4,app.qixin.com
1d337d24a2672fe972389193964a1cde,1156120000,1,*.zhihuiji.com/*
1d3d90d48ae92efd2b8cf4daa2aeac2c,1156610400,2,app.qixin.com
1dbd69e54fc1c0af8a3584a3e949f6fa,1156310000,1,*.zhihuiji.com/*
1dcaff75f9caeec524175f3e1b2a68aa,1156120000,1,*.zhihuiji.com/*
1df5289dea67a64873d5d4d17fe3a3b2,1156610500,2,app.qixin.com
1e55264012ef2b99ca4a3f4d404382d7,1156610100,1,app.qixin.com
1e6fa52c807b33a0ff0079ca9435e599,1156511100,1,*.zhihuiji.com/*
1ed48a58d1f7a1a2223b5192d0f69f8e,1156310000,3,app.qixin.com
1ef91039871856083b44870648da66d0,1156310000,5,*.zhihuiji.com/*
1f0626f5c922572e14f6ece981f886ef,1156610400,6,*.taoding.cn/*
1f0f46990547ca84e594b58d473c90e5,1156120000,1,app.qixin.com
1f3c34c9bdcf9217ebac1118898f3c74,1156310000,1,app.qixin.com
1f6c87e7b57c6b6fad3063ce6a3c4e04,1156131100,1,*.huazhengcaiwu.com/*
1fbe5534dcdb941e3d6a37b18b382776,1156511300,2,*.520gongsi.cn/*
1fce137f78c6f504a93c6b85c8cc8fcb,1156310000,1,*.zhihuiji.com/*
20441baaed73355bb7879d8db1f4c054,1156310000,3,app.qixin.com
20769835e87095783704e9a72f8088dc,1156310000,1,app.qixin.com
20931df0f695a138351b81d75dec75d8,1156320400,3,app.qixin.com
20eb66b1efe6d3a033b529c65c393f9f,1156310000,1,*.zhihuiji.com/*
20eb9cfa750019089eb310ff9c74b3a0,1156310000,4,*.zcf.net.cn/*
20fb70886ea5146d1ccfaa47fac911c8,1156610100,1,*.huazhengcaiwu.com/*
21332aa07de018e3558c2e0c409c1289,1156120000,26,*.szsmxx.cn/*
21c194253b6664727fdcef4374f3849c,1156310000,1,app.qixin.com
21d79326e4832423ac392c3e968fe7c6,1156611000,3,*.520gongsi.cn/*
21f77a5e2dbb137192c8b0d92b83152a,1156310000,7,app.qixin.com
22912d172175044931e5852665370b8c,1156310000,4,app.qixin.com
22ab68ed9ff68346148cda64bfba8929,1156320500,4,*.zcf.net.cn/*
22ca75c5a919ef9ca04c9efd2806a8f4,1156310000,28,*.zcf.net.cn/*
230f3652cd70a4aceb9c86887d71df53,1156610100,1,*.taoding.cn/*
2319b314bc35b70791dd1182b4ec5cae,1156610100,1,app.qixin.com
23877a165ffd80df82c0e272c3859923,1156320500,1,app.qixin.com
23c74cd79ea3029090e9e902dfae3929,1156310000,9,app.qixin.com
249455bdaceb4611c41f80c6393b42a6,1156500000,2,app.qixin.com
24c54b0721c245e41ae1c40d2e46cc34,1156610500,25,*.caiwuchina.com/*
24cd23d9a6619af70dee9ec4d1b11276,1156120000,4,*.520gongsi.cn/*
251108871405c5a68bd8a394185c5d02,1156120000,19,*.520gongsi.cn/*
2542f66c45437727539a3d2d6d4fe29d,1156610100,2,app.qixin.com
25a18929d8ac6e13287d916553f4a45a,1156610800,42,*.zhihuiji.com/*
260ff11200d94c2b5ddef0416c0c733c,1156610500,2,app.qixin.com
2610a2109d07604715383fd9009f2d4f,1156610300,6,*.taoding.cn/*
26967786f3c210322868ccf93abf7e85,1156110000,1,app.qixin.com
26a46caf2d79afad9ac2c687ba3722e1,1156610100,1,*.taoding.cn/*
26a64d6f9517f804259ee0954a0fb5a0,1156120000,1,*.zhihuiji.com/*
26d4af4723eb6c7c5f3e413ca1020bfa,1156610100,2,*.caiwuchina.com/*
26e45a7413378947f16a885a5e19a581,1156520300,1,*.huazhengcaiwu.com/*
272a67a18279eb34a529dfa11834106e,1156610100,15,*.clcs888.com/m/*
272c8168bc545e737c2aea5413746039,1156610900,1,*.duoyoumi.com/*
27471c22f2e3b8e1b22a1310ec37982f,1156120000,1,*.zhihuiji.com/*
28331da9ebca105ab2c9127900faaf37,1156310000,4,*.huazhengcaiwu.com/*
28424f2a700b297cdf97ffa3195835c7,1156610100,3,*.taoding.cn/*
28434133983abe77a4ddd1196b8ce777,1156610100,34,*.eyczh.com/*
28434133983abe77a4ddd1196b8ce777,1156610100,12,*.taoding.cn/*
28a2fe16ff9c82d6d89ac48f7b025a69,1156310000,16,*.zcf.net.cn/*
28b6890a99a6796d7eb7d07451cce37f,1156360400,1,*.zhihuiji.com/*
28c514a1800b130969d41f5844bbdca0,1156610100,3,app.qixin.com
28cc5e23fc24dad9e79c873ea3fd63b8,1156310000,3,app.qixin.com
28d4664f88ae1796cc4c2c87c9103100,1156610100,6,*.taoding.cn/*
2957722ed02dc387f8787da57b6f70aa,1156120000,1,*.zhihuiji.com/*
29c0d36dad6bfe855a116d0e5aba14df,1156610100,6,*.taoding.cn/*
29ec29da70713c8a44a78fdc673f927f,1156130900,1,app.qixin.com
29f4f16b146b1e151452ceb95fd62d96,1156610900,4,*.520gongsi.cn/*
2a306519dad1ffa730feff7fbe9b1b0f,1156110000,11,*.wzjishangtong.net/*
2a46967444232c9f7003f30de0a0f7fa,1156310000,25,app.qixin.com
2a742c2f3781961565ca0c41a90f6578,1156120000,1,*.zhihuiji.com/*
2a8ea8844b928095c6fdba850dd75e52,1156310000,2,app.qixin.com
2ab5583766606b2ed1b2d9dbfb0249e6,1156310000,1,app.qixin.com
2abc37114c31f12c0962fdc429c8d0cc,1156120000,1,*.zhihuiji.com/*
2ae1607c802e6e8e641753accd0e020b,1156310000,1,app.qixin.com
2b19bd1e02a6868a9340d73fa9ced462,1156610100,1,app.qixin.com
2b246ff7bf40affd4a243ef9233fc884,1156310000,2,app.qixin.com
2b323eb1016205b77890fe2d9b766c66,1156610100,14,*.huazhengcaiwu.com/*
2bcae7ba1b34c712e8907aae42eeb62f,1156310000,2,app.qixin.com
2bfac5ac4d201ee3006d46512648d658,1156610100,7,app.qixin.com
2cbe3c829f0fe6eac708a765754d72e3,1156310000,1,app.qixin.com
2db5cb4afd4b084464cbd0d0de12f285,1156310000,3,app.qixin.com
2e32e6b54a2a9935c5269e6b3d48588b,1156340800,1,*.zhihuiji.com/*
2e3b92395175d60eab51d3c0ca7eb2d5,1156310000,5,app.qixin.com
2e3dcede93ae881f4fc3efb15717f353,1156610900,24,*.zhihuiji.com/*
2e6de62fd4e0ecee46b206c4ed2ad82e,1156310000,2,app.qixin.com
2e9b4abe8dac754bc3af0a3da4d61a64,1156610100,62,*.qifugou.com/*
2ea3bd02802389ff8e48e0e903adb6b6,1156310000,1,app.qixin.com
2ead20d059c851cd4bbf6c787ac55aac,1156120000,2,*.zhihuiji.com/*
2ed7a218e300844adfeefadd90ea0cbe,1156610400,14,*.jinxun888.com/*
2f225cbe0b6ce45b027cb8549047066a,1156120000,4,*.520gongsi.cn/*
30105f2ef1e3f90ffa10246a90ed8d09,1156510100,8,*.zhihuiji.com/*
30ed6796f0df49c4e30e7a42a96a02f6,1156610100,4,*.wzjishangtong.net/*
3238f3f30a77c94acb8f224bebecfdc1,1156620500,26,*.taoding.cn/*
3289ce390db3db17b67a09a5e48c6f75,1156320400,15,app.qixin.com
329c9960d284d410438f9e532bb82e5f,1156610100,6,*.clcs888.com/m/*
32ccf85d8ecf9db8800384bd1a2d041c,1156610100,1,*.taoding.cn/*
33028caede3245d44001bb12a9290101,1156610400,1,*.520gongsi.cn/*
3314f359bea5341d895660dcc69de1aa,1156610100,1,*.taoding.cn/*
336ff4ff576483bb7c80c1966d0a0183,1156610100,1,*.huazhengcaiwu.com/*
33b6a806a15b3694a64e2d123e5a0b1e,1156610100,4,*.taoding.cn/*
33efc5dd93f9593a499ca2ff48b4607c,1156610100,22,*.taoding.cn/*
33f25dbabc703b38c78dbc92bcf8f6cb,1156610600,4,*.huazhengcaiwu.com/*
341c9d55e2143f409e308110a50d02d3,1156310000,1,*.zcf.net.cn/*
34cdf949cefdb40a8b772d5fa643617c,1156610100,4,*.taoding.cn/*
350216b069150926e2fc7d0d020e6258,1156610100,58,*.taoding.cn/*
3523182bda3b68203171212da12e1626,1156520300,1,*.huazhengcaiwu.com/*
35234ce4f18a4fc52b7aab391cebf424,1156310000,1,app.qixin.com
363c79206d21f9e507642ff965ebbb5c,1156611000,58,*.wzjishangtong.net/*
363c79206d21f9e507642ff965ebbb5c,1156611000,1,*.taoding.cn/*
3653b4cc0f442ae2d7feedbee8b57e2c,1156610100,1,*.sxxbfw.com/m/*
36c6cc9dbc0ffd24926d06c02f3f0762,1156320100,1,*.wzjishangtong.net/*
37158512d1f19efdce034356c9945103,1156610100,2,app.qixin.com
3749755754fdbba32267f5615b5f372b,1156310000,50,*.chuangyebaba.com/*
3749755754fdbba32267f5615b5f372b,1156310000,6,*.77china.org.cn/*
3763e89f4ccaf1093f0eb3bdeea8755a,1156320600,1,app.qixin.com
376c5949faf9fb40a14378908bdf2c0e,1156340100,32,*.ezcezc.com/*
37767fcf53274fee68c6ad8893e47c7e,1156611000,2,*.taoding.cn/*
37843404ce9ff8628d366719f342fe74,1156150100,6,app.qixin.com
3795e867682995b5510d79a8511dab60,1156610400,1,*.sxxbfw.com/m/*
38eff3ae0b75b5558dc4bf950991226f,1156350400,15,app.qixin.com
39018c2962761921ca0ac9d6b0ae9692,1156610400,1,*.caiwuchina.com/*
39458785eaa98bf535becffa177ecbc2,1156310000,3,*.zcf.net.cn/*
3949e9f0dde427435e78337f13d3a40c,1156110000,6,app.qixin.com
398b843a0016f30b1a4f48ce0903c53b,1156610100,2,*.taoding.cn/*
39b5b449a978216bfd907d11f68bb6ba,1156310000,1,app.qixin.com
39da2d463a0643c6bbb6b3cfeaebf6da,1156130400,1,*.zhihuiji.com/*
3a90b6c71ee7a9ca0326d58eeb5b6e9f,1156610100,22,app.qixin.com
3aba1e674266a0e6d40502a3106fcbca,1156511500,18,*.zcf.net.cn/*
3ad85b3e72f4d07212b191c6cbe9bbab,1156610400,6,*.520gongsi.cn/*
3af33313424b98100d1085df9d502a15,1156610800,12,app.qixin.com
3b1253e39ef46bde889b9a21b300792a,1156310000,4,app.qixin.com
3b53edc7654ed9db4ee44fe8333c31c9,1156310000,37,app.qixin.com
3b87818f1a96108eb0a7ea27e2868c26,1156310000,3,app.qixin.com
3bd43f90c7831de8b1ebd4d792fb2c6f,1156610100,97,*.zhihuiji.com/*
3c8e2c9bda46d3ce6a029a90a1921ebd,1156610800,2,*.clcs888.com/m/*
3d036cb6e5a0b5a24e876a31775460fc,1156410900,2,*.zhihuiji.com/*
3d6c4607a6f0c3c1d6f09f7c9a7f74dd,1156610100,1,*.duoyoumi.com/*
3e56bea051747567bed94340311b7e19,1156610600,4,*.520gongsi.cn/*
3e91d48e11f31d83746b46049157fd24,1156310000,2,app.qixin.com
3e97b93c9a3aa01a187525f47d6d6bc4,1156610600,42,*.duoyoumi.com/*
3e9dfd51f5b8d41825985efc1def343a,1156610700,2,*.520gongsi.cn/*
3ed86107c306ea32dcb19e00dd7f216a,1156310000,2,app.qixin.com
3fc9d68b78d48ae6eb95ec54ca40f018,1156120000,629,*.zhihuiji.com/*
401c0c23d7f81aff14db5827b60d73c4,1156310000,22,*.taoding.cn/*
405ddba56099b0a6aa3e4bccdeebae20,1156310000,16,app.qixin.com
4060ea9c47aae1b8de5f3c115d5a2355,1156610600,3,app.qixin.com
40788c43b104a950a256de9439a7db64,1156610100,12,*.taoding.cn/*
4096903a840b620493d5700b926fc3c1,1156610700,44,*.huazhengcaiwu.com/*
428ac495b1673f8bf259023f40cb6c6b,1156310000,4,*.zcf.net.cn/*
42a46e24d3bf85d2762ff267f356cce7,1156310000,34,*.zcf.net.cn/*
42cc1cff5fd128cbbd3f346637a568c9,1156310000,1,app.qixin.com
42da1dfc4eb8553b005838bad0d64e5b,1156310000,24,app.qixin.com
4372cb7b6168dd8244387ae86b6abd40,1156610400,4,*.520gongsi.cn/*
43921e890ad5c1c2101005037c422c06,1156310000,6,*.zcf.net.cn/*
4468a91ef83d63a663ef2551360c5162,1156110000,1,*.zhihuiji.com/*
4540456c8c2947bec5dd6ca614a67c21,1156610100,1,*.taoding.cn/*
457a9cfe1b2b1f18cfa55777f3e6334a,1156310000,4,m.huisuanzhang.com
45a0a0f3dd0798c469c7ed056b8cb189,1156310000,2,app.qixin.com
4613ad343aebeacc6e29e496f8416b80,1156310000,1,*.zcf.net.cn/*
4617684a03db76a3fb3cc1847d2cc7e8,1156310000,1,*.zcf.net.cn/*
466f8adfb1f901b384e0fa92b03eeddf,1156610100,2,*.jinxun888.com/*
4698781d812f00f8f63fcf61b493cd92,1156610100,15,app.qixin.com
46a400cb62cf21ad85beb1d183893780,1156610100,32,*.ezcezc.com/*
46a400cb62cf21ad85beb1d183893780,1156610100,1,*.caiwuhome.cn/*
46a400cb62cf21ad85beb1d183893780,1156610100,1,*.e-zc.cc/*
46a400cb62cf21ad85beb1d183893780,1156610100,21,*.wzjishangtong.net/*
46a400cb62cf21ad85beb1d183893780,1156610100,22,*.caiwuchina.com/*
46c9eb5639fce1817c6c4a0b560b7a53,1156310000,2,app.qixin.com
47440416efad94584843bd30945dcebb,1156310000,42,app.qixin.com
47695095bf3a4c86f1de4e140546c154,1156310000,30,*.zcf.net.cn/*
478b3588d123de64a943570ac8e659ae,1156610100,3,app.qixin.com
479dfb0ac64c4f117a42eda652c38c55,1156120000,15,app.qixin.com
47a8f51a07a0c14dc07ae8af91d30665,1156610100,3,*.taoding.cn/*
47d016b2f06501e40e8a3d3423560c6e,1156610700,1,*.ezcezc.com/*
48203756e355d2e0fd52576d7ecf8ef0,1156610100,4,*.taoding.cn/*
482ee1a21a60fa15e91bca75ca628c5f,1156610100,4,app.qixin.com
48592452d28707f6bae4005d6e59dbe6,1156610100,2,*.taoding.cn/*
485cdad04b4f19b107a250d65112552d,1156310000,3,app.qixin.com
48e6cb33e8fd494b66d75b4805e16f8a,1156310000,14,app.qixin.com
4981abe17ec09ab606169b1b066e9b78,1156310000,7,app.qixin.com
49cb627841f345c9f492ee370be01ab2,1156610800,2,*.yixincaiwu.com/gszc*
49e0f658d4283288e08bb86195da2d2c,1156610700,19,*.520gongsi.cn/*
49e1e52c71be8b29f1ffd2ad2574cb6c,1156140200,24,*.669caishui.lsruiqi.top/*
49f9ea1debc8d2fb7a0996e59aedac4c,1156130500,1,*.zhihuiji.com/*
4a297d46e6261fde7d375bc2cd77dba5,1156310000,4,app.qixin.com
4aa8abc1e3ae4a355a89d8d287a57ef5,1156310000,2,app.qixin.com
4acbb338ef2b3b5bbec136b36b0fcb32,1156120000,4,app.qixin.com
4b0ed6fca82a5487d4679c329f807146,1156120000,1,app.qixin.com
4b18023c36fdd9ad914f335256667b34,1156610100,1556,*.zhihuiji.com/*
4b27744ca065b35f280c30219ee4d8b5,1156310000,1,app.qixin.com
4b57dba3ee91b0b50f234744d99a51b9,1156310000,10,app.qixin.com
4b78323794c5cac9e4a51cecdaa8adac,1156610100,2,*.homecaiwu.cn/*
4b78323794c5cac9e4a51cecdaa8adac,1156610100,24,*.caiwuchina.com/*
4ba4a0e90e287b862c85ae51efb8d711,1156621200,1,app.qixin.com
4bd4be07abea6490dd93036ed80b4644,1156610100,25,*.taoding.cn/*
4bd9aba7752ee9dcca022d35eaef4630,1156120000,1,*.zhihuiji.com/*
4bdad623f3269f18888de744c1d43780,1156310000,10,*.zcf.net.cn/*
4bf728207b08764e5273b840e312b221,1156510600,3,*.wzjishangtong.net/*
4c06737f62043cb80831acf4d500ce87,1156610500,1,*.caiwuchina.com/*
4c71b439b2f421ca95c7e8d9f5087a27,1156610100,853,*.zhihuiji.com/*
4c975ee34897996c9e67c2245f097d28,1156610100,1,*.ezcezc.com/*
4d0570de6cedf6ecdb1aa19bcae3f806,1156310000,1,app.qixin.com
4d763e4354ab679ea65f480dbdf9be98,1156120000,1,*.zhihuiji.com/*
4deb4c0133a05a67d44790647f7c3369,1156610100,1,*.taoding.cn/*
4e58107c699abc4e199441e81b475c6d,1156330500,1,app.qixin.com
4e630ea2ca8bb6ad1a4874cdc695730c,1156310000,4,app.qixin.com
4ef357c91e06a0162180cfe07d0031e1,1156610100,1,*.clcs888.com/m/*
4f0c60fb3f1b6d5e0e40fe474eafda5a,1156310000,1,*.chuangyebaba.com/*
4f4b43cb687a4055b18fce3a9d6d04e9,1156120000,1,*.caiwuchina.com/*
4f6ad5fa55ad99df4e89ec19772950ab,1156120000,24,*.520gongsi.cn/*
4fcc0ad599b43fe66f61277b35ea8db3,1156610400,2,app.qixin.com
4fe1d7d2b00d07c6b275a4afe3b7ada7,1156610800,1,*.huazhengcaiwu.com/*
4ff8f20475b65991f002241026414ec6,1156310000,1,app.qixin.com
506afd2e47e7c31e646e5e1721d04335,1156310000,7,app.qixin.com
50732b038e11524486a2d7f460260b8d,1156310000,3,app.qixin.com
50ae24b149f135ccca1776548989c7f5,1156610500,1,*.taoding.cn/*
50b9ad3cbb3588df66d181d4f665b5c7,1156610100,3,*.taoding.cn/*
513b833c2d66a2f9ffcbbd5d0a6ee5a9,1156120000,28,*.caiwuchina.com/*
515fc35970e6697a5d98e9d13356de2f,1156610100,4,*.520gongsi.cn/*
51a4e9953b64d6502c77f31398df754d,1156610100,2,app.qixin.com
520788aca8c1e6fb0f7bdc88fc62a51e,1156120000,1,*.zhihuiji.com/*
522c483fac2683244e630f6623a97837,1156310000,64,app.qixin.com
523b401ef505fc75b61cae1adecc3cae,1156120000,47,*.wzjishangtong.net/*
532431ff2ca6649ff8eb9fc5d4f7bf01,1156310000,1,*.zcf.net.cn/*
535afcf6761db40e443322df907d20ca,1156130700,1,*.zhihuiji.com/*
535f770f65d9683612dff2490275e3eb,1156610800,2,*.520gongsi.cn/*
5385adde7ad07c9d7554ac444a0a44f8,1156610100,16,app.qixin.com
53ce6b10437033a7edf42dba8d961b07,1156340800,12,*.zhihuiji.com/*
540d0cad49405f7ab3dabb29c23d1d30,1156610500,3,*.ezcezc.com/*
540e9c5645700ecb30a2835ed20aa464,1156610100,13,*.jinxun888.com/*
54269f2561dfba98cead8ae17b7f48ff,1156610100,24,*.e-zc.cc/*
54fca089cedc2306e43c7deb1b92dc58,1156310000,7,app.qixin.com
5592d5662b003fc96da46e026b683804,1156310000,23,*.520gongsi.cn/*
56536c02602917cdcb102ceb59ff5ecb,1156310000,1,app.qixin.com
56816962ad3aca73355a018789d1d10f,1156522600,7,*.zcf.net.cn/*
56a2463a26628e9edd75a410239e783a,1156371200,24,*.yishuiwu.com.cn/*
5701326cb885a7ae18979634d45edeed,1156610100,2,*.jinxun888.com/*
570e14480c840c97aff3e5424a8932c7,1156440100,25,m.huisuanzhang.com
57f75c533169046e6376f8b2158a07ae,1156610100,1,*.taoding.cn/*
584e637c01c01d03977416807cf86101,1156310000,11,app.qixin.com
58b39b08443440f80878eb7748d79a98,1156610100,3,*.huazhengcaiwu.com/*
58f08c92c84e6084ba20cee0b5c8b11c,1156610100,3,*.taoding.cn/*
5951271f56861979d9639446d3e5c719,1156610100,2,*.taoding.cn/*
598e2c9982fcff05eb5be0831a2abfe1,1156610400,6,m.huisuanzhang.com
5a35587f0f53244177c5013433cf86f5,1156610400,3,*.669caishui.lsruiqi.top/*
5a5ad7b244530e468fd86610dc0f5582,1156610800,2,*.520gongsi.cn/*
5a72dcf482333b19353ddd879d94a1c7,1156310000,1,app.qixin.com
5ad839c1579c4e28f20dc0c704bc441d,1156610100,2,*.taoding.cn/*
5af298d5b1e0884c7e1ebcc77ff779f9,1156610100,1,*.xaruiqian.com/*
5b3f18a8fd7bb3cc2875dd81c3b97c16,1156610100,22,*.taoding.cn/*
5c5830980ced3b2bbd2b77ba30a68e39,1156310000,11,app.qixin.com
5c60ced17e3ed5951cbe530e06e8b05b,1156610600,2,app.qixin.com
5c645cae5e17afda3a27b05e13df275f,1156610100,46,*.wzjishangtong.net/*
5c645cae5e17afda3a27b05e13df275f,1156610100,20,*.taoding.cn/*
5c71cd2ed3050acd37a1697b95ccd4a9,1156340300,19,*.ezcezc.com/*
5c71cd2ed3050acd37a1697b95ccd4a9,1156340300,5,*.chuangyebaba.com/*
5cd04b1cdcdb87eb1c8a918ddcbe4f22,1156120000,2,app.qixin.com
5d49a7cce7da92d9ba0d30c82f0acee6,1156120000,1,*.zhihuiji.com/*
5d5d69524aac3b6169090e2296f079ed,1156610100,24,*.taoding.cn/*
5df49c98f050081b565bc17861d83853,1156610100,1,*.zhihuiji.com/*
5df88e5354a413fc62ec2dc7364e83dc,1156610300,41,*.kuaijifuwu.cc/*
5e3c06a489c9095a80f8d4654de9c97c,1156310000,1,*.zhihuiji.com/*
5e3da4e6a180fe3c80965a96b1647bf1,1156310000,20,app.qixin.com
5e50731a4fc2b9be79a27fbb6868fea0,1156611000,20,*.huazhengcaiwu.com/*
5ea0c1f407a5d94f1a14cec87a88e125,1156310000,3,app.qixin.com
5ecf28cd5095f7175229011f82c896cd,1156610500,8,*.taoding.cn/*
5f1112787fbbcf7f65c7f6a0d8829c0c,1156620500,1,*.chuangyebaba.com/*
5f9098fcd8ca13d5bf8d89c4bddac38e,1156140800,19,*.taoding.cn/*
5fb764054183dd2ab048e6c2e38e739e,1156610500,3,app.qixin.com
5fe010794101d3e08a076a7436490181,1156610400,4,app.qixin.com
600d73c596d6f84e8c464ca595d3e636,1156110000,2,app.qixin.com
6011247aa1c17c29bf72c4ba28283dd8,1156120000,18,*.520gongsi.cn/*
604d52c4eefba05dd6c7e884cff8127f,1156610800,2,*.520gongsi.cn/*
6075d335a8ae00306491d7f2c4d0dc0b,1156610400,2,*.taoding.cn/*
60c0050de1ea9781dde09eb2f30640bd,1156610100,3,*.qifugou.com/*
60d5522e979f895511e45058969f8fee,1156610100,1,*.taoding.cn/*
61411bee9828e8275da45ea6a23a3cce,1156310000,5,app.qixin.com
614a78722d1e3f9aaa0f8993c8c71880,1156610100,24,*.taoding.cn/*
614d02cee3a2d6fec480bda5553eb696,1156610100,2,*.jinxun888.com/*
61ad80871d40787202310fabf9909b31,1156610400,2,*.taoding.cn/*
6218e816dc2b0ff507881c502f2358d7,1156610100,22,*.taoding.cn/*
622916fb4d0f5e345179e3a14f4291fb,1156610100,1,*.taoding.cn/*
62632480ece99da1aaca78aabce287b7,1156610100,1,*.taoding.cn/*
626e452f4f5664d066de2c5621ac1550,1156310000,1,app.qixin.com
62da3c411cee111bdc9975d3d899ba4c,1156610800,1,*.520gongsi.cn/*
62fcfce627aa4b48d193f88b988701e5,1156610400,23,*.taoding.cn/*
631790f2a7e70845118bccfbaf18c965,1156310000,2,app.qixin.com
6318e3bf1a7c4f13e162c0ca9aa2b5ca,1156610500,22,*.taoding.cn/*
635633d3f9d60e9311f94f2238531717,1156310000,9,*.wzjishangtong.net/*
63e421f25640b7bd356d835a8299da4a,1156610100,4,app.qixin.com
63fa859704719bb2e46ae4556bbcb152,1156610100,1,*.zhihuiji.com/*
64d67a8e967e75fdcab592c8d79cb71a,1156610100,1,*.taoding.cn/*
64d67a8e967e75fdcab592c8d79cb71a,1156610100,2,*.sxxbfw.com/m/*
64e7e378f45535923a799351f33ee915,1156140800,31,*.zcf.net.cn/*
651e6123f9a8cae3a791a0ba605fda46,1156610800,1,*.520gongsi.cn/*
655b1313fb93221b46e0b81614e984bb,1156610100,1,*.taoding.cn/*
658705ecbe1319b217f82a01f05a611d,1156310000,1,app.qixin.com
65877995820b516214dc759a2c2407b4,1156120000,1,*.zhihuiji.com/*
65cb32c18ced1f58c68005f7ebd93721,1156610100,1,*.taoding.cn/*
6606116b994bfe54b2f5bd0f4c2d50ea,1156610100,1,*.zhihuiji.com/*
6616b216fafd1614b3de1a1b83145109,1156610100,2,*.huazhengcaiwu.com/*
664794eaaba9b7f40caeda8cb1a6dbeb,1156360900,3,app.qixin.com
664ff132b81c661eb7f7074c24dd823d,1156610100,4,*.wzjishangtong.net/*
665d2620d5c73a7dab05e205129143c3,1156120000,2,*.homecaiwu.cn/*
665d2620d5c73a7dab05e205129143c3,1156120000,31,*.caiwuchina.com/*
66dd07b24cb786f58878b8b3292230f3,1156310000,4,app.qixin.com
66e508c5e2a98b2e84bfa094089ac4b5,1156310000,1,*.zcf.net.cn/*
6708a651fe70a1630ec80672cbd889e4,1156610100,2,app.qixin.com
6746af4787c50b1cb0c3898e84439a83,1156310000,22,*.520gongsi.cn/*
6792fa11daca2679dad522a08eab18b4,1156120000,20,*.520gongsi.cn/*
67f5cdbfdd78ecaf6e02aba7854fc7a3,1156120000,1,*.caiwuchina.com/*
67f5cdbfdd78ecaf6e02aba7854fc7a3,1156120000,1,*.zhihuiji.com/*
68180c54dbb611e1cb67aaf5ab104068,1156310000,2,app.qixin.com
681bf53b7c32ad7fd1e14f3483a0be47,1156310000,4,app.qixin.com
682b6d9ea0e5becbc02c40a83ad32d6b,1156610100,65,app.qixin.com
682e84260b71610a6271da235b121bb8,1156610100,3,*.huazhengcaiwu.com/*
683fc986831fb45b7397962b9633c184,1156610800,14,*.zhihuiji.com/*
68a36ba75bdffa9649da4ec0101f3a98,1156310000,3,app.qixin.com
68b73c169ad6df56ded1a83745282e3a,1156610100,1,app.qixin.com
68ddcb3bff86fdd27801cd5415072cc2,1156610800,45,*.huazhengcaiwu.com/*
68ec7417b728d463c926c329b9b0078d,1156610700,10,*.clcs888.com/m/*
69022f3cf500f775902adf99a201566e,1156610100,2,app.qixin.com
691a01e5430bbc257ddf6b7963a5832b,1156320500,19,*.huazhengcaiwu.com/*
696de51cb44347c09b472a79f47e3c4f,1156460100,29,*.zcf.net.cn/*
6a50f681a7ddcd0d5592fbfc4e0fac5d,1156310000,1,*.zhihuiji.com/*
6a6f88b64d1e2f1c88b4e263a4151232,1156310000,1,app.qixin.com
6abd27ce0e370ce5573580f0abf47f05,1156610900,2,*.taoding.cn/*
6ac5e5fe7affbbadfa4704500a1cdae4,1156310000,1,app.qixin.com
6ae0a8346e59246c83ef77dc3645934d,1156310000,14,app.qixin.com
6b01fe9aa1bd87eda31f5c53dd306afb,1156120000,1,*.zhihuiji.com/*
6b063f83556f60c755134fc933031247,1156120000,23,app.qixin.com
6bf6958aceeacd6f7599c843667f8078,1156610100,1,app.qixin.com
6bfdab3abaeba467ddff6a020b3d089d,1156610100,1,*.520gongsi.cn/*
6c19fcc95f3c48849e7ca5321986e17d,1156610100,1,*.taoding.cn/*
6c5cfac1b2ff2af27750a8ed9e6722a7,1156610100,1,*.taoding.cn/*
6c63edb8c8c11f19ac6a2595f954d730,1156610400,16,*.clcs888.com/m/*
6ce0c38a965e05386f3ad7eb7589e401,1156610800,17,*.520gongsi.cn/*
6cff3c5cf5e0f0cace63b5058aaf6d7d,1156610100,1,*.huazhengcaiwu.com/*
6d26664a72e66c0eb271889b56714363,1156120000,2,app.qixin.com
6e04da36b83408bf10e9e58388cb5f97,1156610100,5,*.huazhengcaiwu.com/*
6e1cd472b80a636a2b6d9f3d1291ad2f,1156610100,1,*.taoding.cn/*
6e25f735791296cfb48a2663bcf26a17,1156440300,20,*.yuqijituan.com/*
6e5b7f369fbe4a8a3ebadb69f4b90b60,1156321000,5,app.qixin.com
6e867310e93b5e936d7922f460455e74,1156310000,3,app.qixin.com
6e8956f462732ad63b79c6f1e44d11dc,1156610500,2,*.wzjishangtong.net/*
6ef349e12be0662cbfbee2f9b945600f,1156310000,11,app.qixin.com
6f663f375d272b903e7f8268065ece9c,1156350500,11,*.zhihuiji.com/*
6f9ffd824673626c312566e27be328e1,1156120000,172,app.qixin.com
6fb1b85108765afb986b6ba48d28cfbd,1156340300,4,app.qixin.com
707ae29321a05c647cbed3e259aaebd4,1156120000,1,*.zhihuiji.com/*
70a177a754097ed16f32a844336b8490,1156310000,10,*.zcf.net.cn/*
715eb6b6acd86e4ddcf605e56ac9c635,1156610100,22,*.taoding.cn/*
716733ae690bd9266f6472a8ec0d0998,1156610500,1,*.taoding.cn/*
71b099afe9f75fb3e20af607ad00741b,1156120000,24,*.520gongsi.cn/*
71b099afe9f75fb3e20af607ad00741b,1156120000,28,*.caiwuchina.com/*
71d3e5a756f571914da580348ec648eb,1156610100,4,*.eyczh.com/*
72069e2713efccea2fb7c08c53d43fa4,1156310000,13,*.zcf.net.cn/*
72f4fb1016fee90a89447e3eae896c39,1156150600,3,*.caiwuchina.com/*
72fde4c87ce913f971a6348893c9ba40,1156610100,19,*.huazhengcaiwu.com/*
737fba245b91c31ed23481e0f9317a25,1156610100,1,*.chuangyebaba.com/*
73990ad57eaa48f159bf30a7bc9d2ccf,1156310000,29,app.qixin.com
74051c75bb54c9fe1b10f0851d1c6cf4,1156610500,8,*.wzjishangtong.net/*
7433970400d119cde070a69395076902,1156310000,5,*.zcf.net.cn/*
7486945964b83d26ae0cc996e9ef9636,1156310000,29,app.qixin.com
749bfe7cc3a11f9ccb78b6ba7a9ff64c,1156610500,1,*.520gongsi.cn/*
74dbe62d0fa0a14eb937e4fb02412dbc,1156310000,1,*.zcf.net.cn/*
74e2535b634dfd77ddf1be46dc56ee11,1156310000,2,app.qixin.com
75128ed93c10df681949f69a86e91104,1156371400,1,*.zhihuiji.com/*
753bd277662399343ad9257501d37990,1156610100,13,*.huazhengcaiwu.com/*
75bea540c9ee977223e8ed47de0b1cf0,1156310000,3,*.zhihuiji.com/*
75f135a8bfc921bbcf65a98521b84bf4,1156310000,1,app.qixin.com
7600c6caac15eca06a24b941617ea7f1,1156610100,19,*.fengtengcaiwu.com/*
762bf15cae954c1cc0e057e0c01db116,1156320100,1,*.yuqijituan.com/*
763c0707fcb2266aad1955f5c62a9d60,1156310000,1,app.qixin.com
763dec62afd7626edd45d028666886fa,1156610100,2,*.taoding.cn/*
766f90b6b453d8e21b4f3cbee794646f,1156610100,1,*.clcs888.com/m/*
76970028c3e406bd928ef09f5c5ad9b6,1156310000,3,*.zhihuiji.com/*
76f3e3c6efdbfd43c18e0b165a654495,1156310000,3,*.zcf.net.cn/*
77e1cc722eeeb9d659a41550aa26da36,1156320400,1,app.qixin.com
78a50237b9322ad01180a66d603242de,1156310000,1,*.zcf.net.cn/*
792d2f3e596a7f339a06aa7f1c13070e,1156610100,1,app.qixin.com
79422c1f5bbbae98e4fb1c68ccde2d8e,1156610800,1,*.520gongsi.cn/*
79f4a9279038823304cd4e565694be50,1156610500,8,*.jinxun888.com/*
7a1b5894e408e8d36ede336892678dfd,1156610100,4,*.taoding.cn/*
7a56e0023be84e88a03e714c4308f380,1156610100,1,*.zhihuiji.com/*
7a6bff030f21d54e52e42b9901e5614e,1156610100,4,app.qixin.com
7a9a7bf5cd0857ccb51bc2cf215fe6a5,1156310000,7,*.520gongsi.cn/*
7a9a7bf5cd0857ccb51bc2cf215fe6a5,1156310000,34,*.yishuiwu.com.cn/*
7ab9410bac5dc6d24f54683228809ae7,1156610100,1,*.669caishui.lsruiqi.top/*
7b558f7638ac737a092bed39bdaa880e,1156610100,1,*.taoding.cn/*
7b5c6b00095ea832ae5c18a59b557dde,1156610100,2902,*.zhihuiji.com/*
7b6cba383be687d9b43d84f2730eb49f,1156120000,1,*.zhihuiji.com/*
7b6e4d906a0c7dfccce9932d233d8a84,1156120000,1,*.yishuiwu.com.cn/*
7bc78334b5673350d85c180d115ac314,1156610100,11,*.zhihuiji.com/*
7bef29bbe2828e6d89e5e4c150f7bb39,1156610100,18,app.qixin.com
7c7047150e35be130fd553797fc24a49,1156120000,1,*.zhihuiji.com/*
7ca24d369ba00dfe2244e13a956a7383,1156610400,3,*.huazhengcaiwu.com/*
7da2d2c58bd4714844dbd3f5fbe5e98d,1156320200,70,app.qixin.com
7dced3178131624a0333be4f75df9cf4,1156610100,39,app.qixin.com
7e33118cd4bbc9862b80f51474347088,1156610100,24,*.taoding.cn/*
7ff4bc90606975f51ba24f9d96424c24,1156310000,31,*.zcf.net.cn/*
804555e026a203311c5b1a85db49cee4,1156310000,1,*.zcf.net.cn/*
80782702c1bac8de0838baa174c241a3,1156310000,1,app.qixin.com
80b5cd71db5a3eb92b824ca9bec0d127,1156610100,1,*.ezcezc.com/*
80b5cd71db5a3eb92b824ca9bec0d127,1156610100,2,*.e-zc.cc/*
8100808af2bcced3b8d0640d07a934e0,1156610500,2,app.qixin.com
81128e8d00369bea16a5d4a329f48179,1156320300,1,app.qixin.com
81193af0efb22ccf4daa2d01bca18e7d,1156610500,4,*.520gongsi.cn/*
812807318e265b4cebcb91a6bf53bf79,1156621000,5,*.caiwuchina.com/*
81354008943d22bfa987f83bebd8a340,1156310000,2,app.qixin.com
813cc28ab501d65d794f285a12374f71,1156310000,14,*.zcf.net.cn/*
8199fa55aa4e28b8938e2920f90a4f59,1156130200,2,app.qixin.com
81a7b457586b49a591be657d83f56848,1156610700,36,*.huazhengcaiwu.com/*
81ba437ce251fb9ce975563343caed71,1156310000,4,app.qixin.com
82202fa2b81e4b340eeaf714cdfebe05,1156610700,22,*.taoding.cn/*
82435d72b224c77b4d4cdc110887ecf3,1156120000,1,*.zhihuiji.com/*
826de19996c34fb7ed38d3da6ae28bb3,1156610500,28,*.caiwuchina.com/*
82deda5e9bb2bc71710ec1bdc1b32c19,1156341300,1,*.zhihuiji.com/*
82eba8e7177d227c4a20e56d14014bdb,1156310000,1,app.qixin.com
8318bfdb2ae75a87bfb332c799f0af30,1156610700,2,*.520gongsi.cn/*
832aa44b21d10013abcb5fa0c043bb21,1156310000,32,*.zcf.net.cn/*
838c136c76d1b533fadc9f3252ac0a09,1156310000,113,app.qixin.com
83980a544782c01dc8244dade36de789,1156610100,24,*.taoding.cn/*
83d2fd78530cb2a2b9920a1f41895307,1156610100,6,app.qixin.com
84bfc911055abf77b96abbf01554344d,1156310000,1,*.zcf.net.cn/*
84fe67fb78d63df857680f34ab13e67b,1156310000,1,*.zhihuiji.com/*
8522333907ba44db771bae2505eeffb4,1156610100,4,app.qixin.com
8569d644ed69458fdca989c847689b78,1156610100,4,*.360lihua.com/*
85810ec0a171ebf26b8033c7d105f225,1156610100,1,*.taoding.cn/*
85ca85081914a2b12eb23aff07fad4f4,1156610500,1,m.huisuanzhang.com
869167be94f544e6f42a43837052a935,1156411300,31,*.zcf.net.cn/*
871d80be715be086c5a844974b51e91b,1156420100,5,app.qixin.com
871f43705fd0545bea1aed9920456ad9,1156610800,4,app.qixin.com
87294202bc6c1e3eda69238f2a36497b,1156610100,1,*.taoding.cn/*
87393dc0f027038a25ae6bfbd5689254,1156610100,4,app.qixin.com
87bcba38d0c6dd621d8186e6c07ddead,1156610700,15,m.huisuanzhang.com
882a6e1eb2e8f1c07ba81f3ce842c8f8,1156310000,27,*.zcf.net.cn/*
8837183cc875a56c1008449a85ae3eb4,1156310000,24,*.zcf.net.cn/*
8869635e4acd0e0290fe55126d8cc5e0,1156610500,1,*.homecaiwu.cn/*
8869635e4acd0e0290fe55126d8cc5e0,1156610500,21,*.caiwuchina.com/*
88c0dc01d0957cd6acf2e65071a02076,1156310000,5,*.zcf.net.cn/*
88ce90a355ae43d25b87b7fd145a616b,1156610100,1,*.taoding.cn/*
88d9aff69a12a44ce3f6ecf361c1687e,1156610300,1,*.ezcezc.com/*
8a36089355cfebd2de315aa1a9a037f5,1156610800,2,*.520gongsi.cn/*
8a3a079b247b8a80ce8ae3493478342d,1156610100,24,*.taoding.cn/*
8a831bd9b7d141c5bcfb8249816ffe8c,1156310000,1,app.qixin.com
8aa025ba9494bf75c6d53d0d0013a44d,1156310000,50,*.wzjishangtong.net/*
8ab026c4189906e60f5e68ce545470de,1156610100,1,*.clcs888.com/m/*
8b1e467fcfe0bd8189ec3a62b5600f3d,1156310000,11,app.qixin.com
8b33bbdf97bf1a32981a14dfe08aa1e2,1156310000,1,*.huazhengcaiwu.com/*
8b364cc33013d965761a6fb7d003e8a8,1156610100,70,app.qixin.com
8b6d909737bb53aaf0191642a28afa79,1156120000,18,*.520gongsi.cn/*
8b81be8b1174450e6a4585275f960937,1156310000,4,m.huisuanzhang.com
8c2ea56480189f36f5ebab5169c1acc6,1156610500,21,*.huazhengcaiwu.com/*
8c405b58c53d7e06beb892e1a7e7ae5d,1156610100,6,*.jinxun888.com/*
8c86715f9c5113159f18731c3161bd95,1156610100,1,*.huazhengcaiwu.com/*
8c885709e7479e7f7cbffbed40b2a0a5,1156420100,5,app.qixin.com
8cc8534bff0fa1138b61b77c2f1b4a2e,1156610100,22,*.zhihuiji.com/*
8cdc4d11eee64e905ec6ac2c6119db91,1156310000,1,*.huazhengcaiwu.com/*
8ce80f6c7ed9cbcb8ad319e322917fc5,1156320500,5,m.huisuanzhang.com
8d5b1c1a01beb00186e9155ee51dcb05,1156120000,1033,*.zhihuiji.com/*
8e3f90c26256446250892553804eba75,1156510100,20,app.qixin.com
8e894fa5ee0301bb2cf3fa43df5c832d,1156610100,1,*.clcs888.com/m/*
8e90a73988f38612dc13f04bc811a45a,1156610100,2,app.qixin.com
8ef1059572436b7d4e2bfd5b91c60e4d,1156420500,20,*.669caishui.lsruiqi.top/*
8f068bf865d16be01860a234bc1eb597,1156610100,2,*.eyczh.com/*
8f118e1200df77a98cf5edf13386c201,1156610700,1,*.taoding.cn/*
8f2309b2b1bd9606df78fec7ae6d6022,1156610800,2,app.qixin.com
8f7d35b9aae958d30b643e28159b15b9,1156310000,2,app.qixin.com
90257eb3cab4ba0255634ae50a7d2805,1156310000,166,app.qixin.com
905e3fa8577de6dbc74cc75d05e20dc6,1156120000,3,*.caiwuhome.cn/*
905e3fa8577de6dbc74cc75d05e20dc6,1156120000,28,*.caiwuchina.com/*
90fd6eba1f242c02ef4baab5de404242,1156610100,8,*.taoding.cn/*
9116f2419acbafccc7b5afcf88d451c5,1156310000,1,*.zcf.net.cn/*
911ad6c777ff6468b852981d5a6f97e1,1156610100,19,*.huazhengcaiwu.com/*
911fe4957061c2790e8af81aa07154bd,1156310000,4,app.qixin.com
919a18b9194b4234f0b1c600eb8a2598,1156330500,4,app.qixin.com
91e1709a25bbc73344552047da5dd1da,1156120000,1,app.qixin.com
926ff0cce0bcda97de409566f0eda4b6,1156610500,10,app.qixin.com
929a1248198282ae3a5bebc09e86baf7,1156320900,4,app.qixin.com
92a7cf5856276e0539402b5e1c973015,1156610800,3,*.caiwuchina.com/*
9382519e4873d964de30f56c9797fbb0,1156610100,24,*.taoding.cn/*
93b8da15aa2186367dd0ecb022ce853e,1156120000,4,*.zhihuiji.com/*
93f4ff312d350dcfece7eb6d049c1fe0,1156610500,4,app.qixin.com
94660ad2923b169596670ee6374faab1,1156610800,1,*.520gongsi.cn/*
946c62dfe9397fd73eddf490327cada8,1156310000,502,*.zhihuiji.com/*
94920f7d63041e950656f6a61a09b19e,1156120000,1,app.qixin.com
9502e757a0f3d838818f6749931e0835,1156610400,2,app.qixin.com
951297a31ab7a6d6094eff2e39e2e2c6,1156610500,2,*.yixincaiwu.com/gszc*
9557eead0a9b4651549b091633b9038b,1156610300,31,*.zcf.net.cn/*
9599052207ad31c25cc7e0b13c1d4b84,1156610100,8,app.qixin.com
95c788f9f3cedbe10265965e9dcc17fd,1156610100,12,*.jinxun888.com/*
960fcab9be5d0ef26a385c3ed1303fcc,1156610800,3,*.caiwuchina.com/*
9623330e941aa3df73e0cf8825f508fa,1156610100,2,*.huazhengcaiwu.com/*
9664219acb016cb7138d68ebabd8224a,1156610800,25,*.520gongsi.cn/*
9664219acb016cb7138d68ebabd8224a,1156610800,3,*.homecaiwu.cn/*
9664219acb016cb7138d68ebabd8224a,1156610800,26,*.caiwuchina.com/*
96a8561f0afea7bc4df9c7419ae737f9,1156310000,2,*.zhihuiji.com/*
973d54cb9f89c930b5f5c50e87172d9a,1156610700,2,*.zhihuiji.com/*
9746ac5651bbc5209233eaf7e2b724b6,1156610500,1,*.520gongsi.cn/*
97568417e3f9ce7987853162a47b79e1,1156341600,2,*.taoding.cn/*
97c2439bb4072bad8108a8f16c3382fd,1156610800,1,*.520gongsi.cn/*
97db32cb240b15260a2619f963c8e121,1156610100,1,*.yixincaiwu.com/gszc*
97e000f7d803a8e6c5c170e840da8b95,1156310000,7,*.zcf.net.cn/*
97fab3d3c0cf7b7e2fcfdfc66f4a7381,1156321000,3,app.qixin.com
98017f07c7b058b371acf1f42a19c0c4,1156310000,1,app.qixin.com
989417f41e0a586f11ba58e3be4f25f3,1156410100,9,app.qixin.com
98de0eaf5fcf219fc63b401ef92f0305,1156610100,4,*.e-zc.cc/*
98de0eaf5fcf219fc63b401ef92f0305,1156610100,2,*.caiwuchina.com/*
990c6d9595c6b6efbe3575dfd386ccb1,1156310000,1,app.qixin.com
9915250e9b69d18c57ec7d2ee1822f7f,1156440100,2,app.qixin.com
997956316db28d1060c9cedbb97483b2,1156120000,3,app.qixin.com
999abdbd7eca2fb80a26956ba8ea3869,1156310000,2,app.qixin.com
99e5f28eb58ef85e6ebe0a34aff1e81c,1156341700,47,*.e-zc.cc/*
99e5f28eb58ef85e6ebe0a34aff1e81c,1156341700,94,*.chuangyebaba.com/*
9a0149ad196a48cdf9f51f5f96eef810,1156610100,23,*.taoding.cn/*
9a5586901fca80632df4245ef180f9fe,1156120000,8,m.huisuanzhang.com
9a5ae3b57a5ab752a237a7b31bbe17b4,1156310000,61,app.qixin.com
9a7b9a387bae89a34afc1180ffd05ef9,1156310000,6,*.zcf.net.cn/*
9a83166d3e739b13d0fa5a1c5fe7e2f3,1156610400,24,*.520gongsi.cn/*
9af9f381d376d542dc79412d4964b815,1156610100,2,*.taoding.cn/*
9b55aa7113b5498baddf9470a603837a,1156310000,5,*.zcf.net.cn/*
9b74561e762c079a6d747df5feeda10b,1156610100,12,*.chuangyebaba.com/*
9b81dca190e6061264eb9260eb0a48d8,1156310000,2,app.qixin.com
9b881f851b86060261639dffa38cba14,1156610100,1,app.qixin.com
9bf4a77df61846d2bb9958b37f93f56b,1156120000,1,app.qixin.com
9c0ee92eeb99b7c71de8685934c32cc8,1156610800,1,*.520gongsi.cn/*
9c3b2687f1d08ed2af7c0dca2fc5f345,1156610900,2,*.jinxun888.com/*
9c3fed4acb76a8390e1629cc7018f215,1156120000,1,*.huazhengcaiwu.com/*
9d868868e71344e43785ce4764cb371d,1156610100,1,*.duoyoumi.com/*
9d8dd4d5f1f180951dd5011b7c6ee075,1156610100,3,app.qixin.com
9dcc8bfac88416d79c82e0c8b07477cc,1156610100,18,*.clcs888.com/m/*
9e05cfe53c309efa355fa556bf157de1,1156310000,3,app.qixin.com
9e1c4a3bd901577fe0f2211f2b36bba7,1156120000,1,*.zhihuiji.com/*
9fb384d82634f8f19802157a9403d92c,1156610100,1,*.jinxun888.com/*
9ffdf00260dca765d5e2522020d92773,1156610100,29,app.qixin.com
a04b7c4f88e5b16e9077e1ae70b2b76c,1156120000,65,*.qusuanzhang.com.cn/*
a0614943ea7972d3fff1832baaebf781,1156610100,2,*.jinxun888.com/*
a0726cbadbc46ff1151411211095f386,1156500000,28,app.qixin.com
a0a1c21485b068d44b05048ddcbc9661,1156610100,1,*.521gongsi.cn/*
a13234d8c60123774bab07ab40ac0298,1156310000,3,app.qixin.com
a18f7786d19c051f96b0c182741bc0d7,1156130900,2,*.caiwuhome.cn/*
a18f7786d19c051f96b0c182741bc0d7,1156130900,19,*.caiwuchina.com/*
a1eb6a0f8dfaeeb1e03cfeec2778c76c,1156120000,88,*.yishuiwu.com.cn/*
a2853511b0a1d7f09ee72af970aecff3,1156610100,24,*.taoding.cn/*
a2968e8ae350dfe314907257aa3ccdaf,1156310000,23,*.zcf.net.cn/*
a2bb17a150cb1afdd8f52fd58fc3c61e,1156310000,54,*.zcf.net.cn/*
a36c4a7fa978c4238561d46d2fdf27eb,1156310000,2,app.qixin.com
a378586f4b3faf2d771f885ee21c2a56,1156310000,3,*.zhihuiji.com/*
a38e409be4c1414ac2db6dbabf6cfbe0,1156611000,2,*.ezcezc.com/*
a442fa716634549c41335b7f8f869f06,1156610400,7,m.huisuanzhang.com
a4562320b897e360adc62a9638f466f8,1156610100,1,*.sxxbfw.com/m/*
a45a94c286290ed25f8352bfc2b7e64b,1156610100,1,*.taoding.cn/*
a467530b96c9757b6eb6043254746906,1156610100,48,*.eyczh.com/*
a49147a1999e2fb9d4d9d9538bda82ed,1156610100,4,app.qixin.com
a49fc0d70c13a93632f6646b4529bdab,1156310000,7,*.homecaiwu.cn/*
a49fc0d70c13a93632f6646b4529bdab,1156310000,64,*.caiwuchina.com/*
a4f73a9559aa66ffaa0e52fa5eb8c5e6,1156610800,2,*.520gongsi.cn/*
a55570afed0b614160ae40db20cfebe1,1156120000,1,app.qixin.com
a59b8eb53579585012b828ed9df6b766,1156610100,1,*.duoyoumi.com/*
a6f45b1e9892e96ddbe4eb90d322856e,1156310000,15,app.qixin.com
a70df710b0cd2cd177a1b569f35df52b,1156610800,6,*.taoding.cn/*
a7497397b80908ecfae6ad45400cb174,1156610100,1,*.taoding.cn/*
a756d732f2eb69927eb724edfdd47caa,1156610100,1,*.caiwuchina.com/*
a77809bbf91792e522a5f796966f0074,1156310000,32,*.zcf.net.cn/*
a7e3b28fd16de87b4e41f1abc9bcac06,1156310000,1,*.zcf.net.cn/*
a88a9ea4ae08cb541c4157afd8343a1e,1156610100,11,app.qixin.com
a8b04b7c97addf902bf558cbf115f3fd,1156440100,1,app.qixin.com
a8e4be90edf03d571599f7bdf87867cb,1156610400,20,*.huazhengcaiwu.com/*
a9885aa0d68a0f07f513e110862cee32,1156310000,1,app.qixin.com
aa0974b917e9a27a8900715b9a003388,1156610100,4,*.wzjishangtong.net/*
aa8acc6fc650dcfde0a7ca73412915bb,1156120000,2,app.qixin.com
aab7905edc43b51e07b648352923b423,1156610900,25,*.taoding.cn/*
aad4c9bb0d0bc0d2181ed6bb7f089f50,1156610100,1,*.669caishui.lsruiqi.top/*
ab43a012148bd1c46383c8d3585babe1,1156610100,27,*.duoyoumi.com/*
ab69a71d6e04c556bb86693dca334ea8,1156310000,1,app.qixin.com
ab81f25179c73b7eb9a4403418502b68,1156610100,3,*.taoding.cn/*
abbff473616a4f8705db34c636e732c8,1156120000,1,*.zhihuiji.com/*
abc39336d47927ff874312724506c01a,1156610100,2,*.taoding.cn/*
ac0fe32e01e30192e24fbbce8604e592,1156230200,1,*.e-zc.cc/*
ac5d92a90edde98caaa612e28ed71c27,1156610100,9,app.qixin.com
ac6572b4778f4544b23fffed42b681cd,1156310000,2,app.qixin.com
ac6e6880098cbf87a78bc3bee033896b,1156310000,2,app.qixin.com
aca61ab44be44b91484bd6ee3f1ed11b,1156610200,5,*.caiwuchina.com/*
aca8c74bf6bf9720021d60c19f33a12b,1156610100,26,app.qixin.com
acf123e62fbc8556bb4783d85f12f2e3,1156320200,13,*.yishuiwu.com.cn/*
acfb5acced95cc62833900dfe584ca68,1156610100,27,*.eyczh.com/*
ad99dd139509dae4d16e76a075bb8035,1156511900,1,*.taoding.cn/*
ada0ce59a4755671eea21a859919b0d4,1156610800,1,app.qixin.com
adb1f9e7e67de0d4e19bd877f3af3c9f,1156310000,1,app.qixin.com
adbea1ab7352594f3536c104890b0332,1156510100,3,app.qixin.com
adef5f600e11433947ad935eaa06c56a,1156520400,1,*.zhihuiji.com/*
ae14011ea028f042a46ffa7cc751ccf8,1156120000,1,*.zhihuiji.com/*
aeca5a13f5778a8bff96036e6ba674dc,1156340100,11,*.zcf.net.cn/*
aee28f3147e4dbf639bc1a029e32667c,1156610100,2,app.qixin.com
af2dfe703747cc0ff9819aed16ef5085,1156610100,3,*.taoding.cn/*
b00c868b70fc7430a69b561eb3269a70,1156120000,1,*.zhihuiji.com/*
b00cab28f67b10e707cc332e637fd4b7,1156610100,14,*.taoding.cn/*
b011e5c9a6137e4859b643d3462d4317,1156310000,1,*.zhihuiji.com/*
b05802a4f67da62d7e6f28b297601ffb,1156610100,2,*.taoding.cn/*
b0d0a6652e471a79e98de5492b44c183,1156610100,2,*.taoding.cn/*
b0f6c190631b403f36c8279b3c84de12,1156310000,1,*.zhihuiji.com/*
b111e657ffc9190a051e5203b347f583,1156610100,5,*.huazhengcaiwu.com/*
b14e9284ca87cb60bc8a975dee28237f,1156610100,5,*.taoding.cn/*
b16e1dbb30347c366bb8941a078fd783,1156610800,2,app.qixin.com
b294f8e2726b9752e2c2bf76b834d7f0,1156610100,2,*.taoding.cn/*
b2d53dbccfd0464e085892ca5451c657,1156610700,1,*.sxxbfw.com/m/*
b2dd384b70134e4bda74e374f227db36,1156610300,19,*.huazhengcaiwu.com/*
b2dd384b70134e4bda74e374f227db36,1156610300,2,*.taoding.cn/*
b308ecc6d183892551c9cbd2473b4c0b,1156120000,1,app.qixin.com
b3113f045ff88162142b41cfd0cbc423,1156610100,24,*.taoding.cn/*
b33ff023416c7681ecb6a4d33311e2da,1156610500,1,app.qixin.com
b3838df54da029b49858c58c0e01b830,1156310000,1,*.taoding.cn/*
b38c35df2ebf70ed834108d80109ff0a,1156610400,1,*.sxxbfw.com/m/*
b4486692b117914fb77d2b0e55a27781,1156610800,4,*.520gongsi.cn/*
b4c2d7403eabb077248c95ef7c601a6f,1156310000,1,app.qixin.com
b500b7e6415805dcbbcaa7ebad33201e,1156120000,40,*.qdqfser.com/*
b58e3f29733004866c0d3ed243e70619,1156610100,4,app.qixin.com
b608f8221324907e1ef1c25290aeb4ca,1156340300,40,app.qixin.com
b618401c7591e3e8dd21adff48826d24,1156130400,34,*.zhihuiji.com/*
b6a58ad5398ba18a18c520867eb0bcb6,1156330300,6,app.qixin.com
b6ea52a504b709e050b0d538be2ae3b0,1156610100,43,*.wzjishangtong.net/*
b702ba97eeb08b5d4cded7c4eafbdde7,1156310000,1,*.zhihuiji.com/*
b7495fbe460eae5371b328460425fb52,1156610800,2,*.qifugou.com/*
b7ccb58cd0d3f09e45125a82b59bc0cb,1156610100,1,*.eyczh.com/*
b852acfa374b36abf91fb469085ab682,1156120000,1,*.e-zc.cc/*
b85708e6dc22fdf002bd5f63241b022d,1156610100,2,app.qixin.com
b86e96095b9eb55d3b37452fdf10cf90,1156310000,2,app.qixin.com
b87de1c8ece82ff748f9ef3e1a69129e,1156350100,1,*.caiwuchina.com/*
b8c85a4fbc7ddd2ebdc106eaa41c01d7,1156610800,18,*.huazhengcaiwu.com/*
b92884c98b3264c2b466b6cd579e2dbe,1156510700,10,*.huazhengcaiwu.com/*
b9aa412d8a1c93099680165a74b0af99,1156320200,4,app.qixin.com
b9f9a33fbcdc408948b4c3f7f41aba71,1156440100,9,*.zcf.net.cn/*
ba268d7c5d7471aaeba46e324418c223,1156610100,2,*.taoding.cn/*
ba2be74388e4d9d1880ed5199b4079c5,1156310000,25,*.520gongsi.cn/*
ba6279576f38999f63d269766d8eaa57,1156610100,20,*.taoding.cn/*
ba801c1defcaf07667a64ab87809abfc,1156610100,1,*.eyczh.com/*
baa3be59dea2d9adc564f339450ac481,1156610500,1,app.qixin.com
bb1948b6de51dfd4d32ff63057360978,1156610600,51,*.taoding.cn/*
bb320c009aa91ca1d651bd31cc8bc9b6,1156610100,6,*.taoding.cn/*
bb656bccafc1d43f225d7655d6e11e3f,1156310000,1,*.zhihuiji.com/*
bc0c1f0f887e6c4a7c510582d687692e,1156520100,2,*.ezcezc.com/*
bcd83edab0e6463f0d8ddd7a8b2c8a04,1156310000,5,*.huazhengcaiwu.com/*
bd1d109980497d7deb624f61f30f6af4,1156310000,3,m.huisuanzhang.com
bd20088d6da56070686eea07af548821,1156320500,1,app.qixin.com
bd2acd31a4cd2668efe40b8495fec0bb,1156310000,1,*.caiwuchina.com/*
bdbdfcb4430e594fd5aeaa48aed463d3,1156120000,2,*.caiwuchina.com/*
be82ed770f6fe60f3884bc685b0e6160,1156610100,2,*.yixincaiwu.com/gszc*
bf1f154a839a7d7d631794ea7a580df8,1156610300,16,*.clcs888.com/m/*
bffd33cdd9ae7ac6912776d6b8a8e66e,1156610100,1,*.huazhengcaiwu.com/*
c0a5024f9e29998bc23b7a6e98c1ec42,1156610100,1,*.ezcezc.com/*
c0ad8938d98bc164568db405c0c47533,1156310000,9,*.zcf.net.cn/*
c159f3938a4f7648c17361ad7f951692,1156610100,21,*.taoding.cn/*
c192b27b3c2899b20ef0f015f3a493db,1156310000,3,app.qixin.com
c1a25aa654fcb09830aa600cead5d364,1156120000,1,*.zhihuiji.com/*
c226a4fd660d76fc90d64e856c7d7a2c,1156321200,1,*.huazhengcaiwu.com/*
c242f6e0a91b337c139f076d411cc41f,1156610800,1,*.huazhengcaiwu.com/*
c2974f065a0aaf2c76b54c730356fbfc,1156310000,2,app.qixin.com
c2b138458b39e911342329aefda66455,1156320600,3,app.qixin.com
c38c7ba2b3320a223d58b3d4f966b276,1156120000,6,*.520gongsi.cn/*
c38c7ba2b3320a223d58b3d4f966b276,1156120000,7,*.521gongsi.cn/*
c3b591d66bae85f94aebbb76ca271378,1156610100,1,*.taoding.cn/*
c3db15f301cb6e8673b585dcb6e9f136,1156310000,18,*.zcf.net.cn/*
c3f1cc7fd8ff06d137ed4ffda878f749,1156610100,6,*.taoding.cn/*
c465749e3d2a80ea62a20d0173528fac,1156310000,3,app.qixin.com
c47534610f4ab63b7e0cea0436c05523,1156130200,1,*.yishuiwu.com.cn/*
c48978b85d4d7f96f28bb7e50bdacd34,1156310000,1,*.zhihuiji.com/*
c4a1312f5f0be943c36392e1168be109,1156610100,26,*.taoding.cn/*
c55473eaae007844594ee7e663252f1b,1156310000,153,app.qixin.com
c57fa25dd0765a28eebae0231d753048,1156610800,4,*.caiwuchina.com/*
c5a3cec1ea701e2517ac64806695afd6,1156610100,3,app.qixin.com
c5b430967f8a4c96252e0a6eaee5151e,1156310000,22,*.huazhengcaiwu.com/*
c5f1d5de3d1456345b2f7fece958b484,1156130500,1,*.zhihuiji.com/*
c657f4538329e4c4139a0eb6cf3a8f38,1156310000,5,app.qixin.com
c65f3a5f59ccc898042dfdb9c030c5c7,1156120000,4,*.zhihuiji.com/*
c664bb6e57bb9bea36bac927d7f2be7d,1156610800,18,*.520gongsi.cn/*
c709620d3797ba84162f2fe22377be4f,1156310000,2,app.qixin.com
c71767752bda699e34c945fd302e33de,1156610100,3,*.taoding.cn/*
c71c3aabea6087543678c24587c7683c,1156610100,7,*.huazhengcaiwu.com/*
c8b0eb88f151e5a19e0caaaa924816ae,1156310000,1,app.qixin.com
c920fe34da91d2910111e80ac2fee8b1,1156610700,20,*.sxxbfw.com/m/*
c957aae94b2eebbc4dd87c4e1b6295c8,1156610100,27,*.taoding.cn/*
c957aae94b2eebbc4dd87c4e1b6295c8,1156610100,2,*.yixincaiwu.com/gszc*
c9979c12d033c3ed6d5dc637def9d6d8,1156310000,13,app.qixin.com
c9fb38f3c1c674cc8cde7cbadb2d4af9,1156110000,86,*.wzjishangtong.net/*
ca110f2799930295102e50e763eb3838,1156321300,1,*.zhihuiji.com/*
ca280530c21be6c638fd2f8d0c037d1a,1156310000,30,app.qixin.com
ca32b2784ae8313a87f4968af41b088a,1156610100,1,*.duoyoumi.com/*
ca7fa8ba7534ca5cdc5d90281c5b0bef,1156610500,1,app.qixin.com
cafc1659c83ba80ae61ad935d1d3acce,1156310000,1,app.qixin.com
cb6bb868824cbb587762202c4b8116f4,1156210400,1,*.zhihuiji.com/*
cbea6089067987658bd6b2cc8791c4e1,1156610100,3,app.qixin.com
cc0288d30bfa46d6331e4ff704ca5082,1156410900,27,*.kuaijifuwu.cc/*
cc0288d30bfa46d6331e4ff704ca5082,1156410900,43,*.taoding.cn/*
cc145b8e650d64d962c11a6b5c3f65d0,1156610100,17,*.huazhengcaiwu.com/*
cc350f463a12dfbf9c956c334b194c28,1156310000,1,*.zcf.net.cn/*
cc4838958538a2b5199b24d0fe06c53e,1156310000,18,app.qixin.com
cc5fe03f97ed737ae312e1472e3299e6,1156611000,2,*.520gongsi.cn/*
cc846fdc1f2e404f1259f36f6a96f92d,1156130400,1,*.zhihuiji.com/*
ccd719b1c9ac9ee10f972fe6b3370d54,1156310000,28,*.zcf.net.cn/*
cd276e6123f849f31d7cac16cd25d143,1156310000,36,*.zcf.net.cn/*
cd702862f0de760c69aa48c89c4d214b,1156361100,26,app.qixin.com
cd7bf938f62506fcda6143d52ccb3645,1156310000,55,*.wzjishangtong.net/*
cd7f1f895d2f760f0de9a1eee90a62ce,1156310000,30,app.qixin.com
cea240b77603d37c0f9602eee9ae554d,1156610100,1,*.huazhengcaiwu.com/*
cf9d945f8ac9e312c3a1eebb676ca884,1156310000,1,*.zcf.net.cn/*
cf9faa4a8d2008c240607b9cbf1387f5,1156310000,15,*.yushengsh.com/*
cfd121b31d396146b6b47bd44c59877d,1156110000,1,app.qixin.com
cfdff6c7f052fd2fcb010ce3f7cc2ec5,1156610100,5,*.taoding.cn/*
cff62c3d088fde31ac608496806111b4,1156310000,1,*.zcf.net.cn/*
d07b903503c7ca792b5cb538c09464c2,1156310000,1,*.zhihuiji.com/*
d086be9f3d007b821f5cbfbe0e36f310,1156610500,1,*.520gongsi.cn/*
d13d8c08793860a0dfc2afecd76cd894,1156370200,8,app.qixin.com
d1753e5c1e84c4174330567faba5e6e3,1156610100,1,*.520gongsi.cn/*
d1e53fe76afc9c88d4f60e5d82b40549,1156310000,1,*.huazhengcaiwu.com/*
d24f45e957a6d29a5901d38b1ca996a1,1156610100,2,*.taoding.cn/*
d2acaadb6dbfb87c70ee67c241560066,1156610200,22,app.qixin.com
d2f77efef31ff4660428a5d8ef3914cb,1156610400,1,*.zhihuiji.com/*
d43f1cb1877bfc37df28e6fa7f683ca0,1156310000,14,app.qixin.com
d46cbaddc1eadaa8706e2ba3132b31b0,1156610100,2,*.taoding.cn/*
d4f32d4774fdf7d24e0ce4f618c4ed41,1156610100,22,*.huazhengcaiwu.com/*
d51bd9154f33a3978d28cc3cd8630f08,1156120000,1,app.qixin.com
d559e42de701d9ad334da72e271ff5b3,1156230600,22,m.huisuanzhang.com
d5d0586b03f573a979d7950f69283e0f,1156310000,1,*.zhihuiji.com/*
d619cfb32a6f34d2789e7df557a7e932,1156610100,1,*.taoding.cn/*
d632863fce6bb5d04424aedb09619488,1156310000,1,app.qixin.com
d6ea12ad54b98bd2bc71f774437e5ee3,1156610100,21,*.taoding.cn/*
d76b238900e79bc933d95fedad3bcef9,1156120000,4,app.qixin.com
d77585755ae41aef6a1a86b4dace0a9f,1156610100,25,*.clcs888.com/m/*
d77f0ed9ab3d0d4082d6dce48e4412b4,1156610100,17,*.520gongsi.cn/*
d7d1b2ee658dd764062023c99f51b3e8,1156310000,3,*.zcf.net.cn/*
d8b72729d3fa0fa5cf73fbfdd38d6f5e,1156120000,1,*.caiwuhome.cn/*
d8b72729d3fa0fa5cf73fbfdd38d6f5e,1156120000,28,*.caiwuchina.com/*
d90e8b0d6d2d84a54a8d580f710b3e9e,1156610800,27,*.taoding.cn/*
d92710eb71f98fa388f5b5f049e66efa,1156610300,19,app.qixin.com
d941eeeb1fc00b1105e3590cacb8572e,1156120000,31,*.520gongsi.cn/*
d996bfc271380d716c2a3f1155c68106,1156120000,51,app.qixin.com
d9c9bdee500249a45e44aa9ff1f3a8d0,1156621200,2,*.zhihuiji.com/*
da36a5098bc90632b8a3b51b86f9943b,1156310000,3,app.qixin.com
da51e2f07ab65c21ef36f50a1e414134,1156310000,2,app.qixin.com
da91e9ba390cc4ff34cf8d284acf5ade,1156120000,2,*.huazhengcaiwu.com/*
db44facdcae603f03049222895ee92f5,1156310000,10,*.zcf.net.cn/*
dbb94c84fb7ff97d26a91af4e7a2d81e,1156610100,2,*.sxxbfw.com/m/*
dbbfdce7c46b11e7e2ac2dd88df980ab,1156610100,25,*.taoding.cn/*
dbc7bb33a8d689dac4b742b5614d0957,1156610100,25,*.taoding.cn/*
dbe8d1e638926ce12565085984b68284,1156610100,11,*.jinxun888.com/*
dc4adf7f88e8450040348c7fa5364ecf,1156610700,1,*.zhihuiji.com/*
dc595bb8932da76653671640b927b106,1156610100,1,app.qixin.com
dcc0aae73916b9414992f03a72c519ad,1156610100,1,*.huazhengcaiwu.com/*
dcddc72a7d024e01f61f4e4e70d10c64,1156610500,5,*.caiwuchina.com/*
dcf5428a3e4ba8acfd0fac60eadad755,1156610100,2,*.taoding.cn/*
dd6e2a968484c8fa8400b422171ad60a,1156610300,1,*.huazhengcaiwu.com/*
dd6e2a968484c8fa8400b422171ad60a,1156610300,3,*.669caishui.lsruiqi.top/*
dd6e2a968484c8fa8400b422171ad60a,1156610300,6,m.huisuanzhang.com
dda23bc51fcb9fa600eed71121494757,1156321200,20,app.qixin.com
ddb6e84223756c0c991e946af5839206,1156610100,12,*.clcs888.com/m/*
ddfb155c274fb9ace29cc7b149044063,1156120000,1,*.zhihuiji.com/*
def2d6b13b221d6cf74d88a479e88476,1156310000,15,app.qixin.com
defa4317f548172e0cbc5736cbfc4a35,1156310000,1,app.qixin.com
df1fd38e3adc7e20887748ebd02e8a23,1156310000,27,*.caiwuchina.com/*
df324cd7b9b1e91ddae9e8ef52786b97,1156610800,1,*.homecaiwu.cn/*
df96008c0d2fe52776a41e5dac341c69,1156120000,1,*.yishuiwu.com.cn/*
dfbb65d4a50541889af1e51a97c86d18,1156610400,2,app.qixin.com
e0d84d60f872ad15a6128f1d698d9e5b,1156310000,1,app.qixin.com
e10f8e66de9faa89494fb3546a5c6076,1156610100,24,*.taoding.cn/*
e1480d7e36466aff0e55f4dc59af9f71,1156610100,10,*.520gongsi.cn/*
e148686eb374a40c6f499a5313457a72,1156610100,1,app.qixin.com
e196ec98e0cc18f086cbf033d7cb9414,1156610100,17,*.520gongsi.cn/*
e196ec98e0cc18f086cbf033d7cb9414,1156610100,17,*.taoding.cn/*
e1a2d6e024fa4d46cb6dd2746b41f51a,1156120000,31,*.yishuiwu.com.cn/*
e1ca083af5873266bdf361b43641b1ca,1156610100,65,app.qixin.com
e1d0b64a58b612f9e546d20c1eaf7c28,1156610500,2,app.qixin.com
e1d0c5a272802f3fc4c2f4c2bf36d892,1156310000,1,app.qixin.com
e28e53fcff452e8db1e36c0a605aed82,1156610100,3,app.qixin.com
e2a17a892608e8f8f36e3b9401d24c8f,1156310000,23,app.qixin.com
e2a2ff834e19575d930641044674d008,1156610100,1,*.huazhengcaiwu.com/*
e2f8a170baa47737124acfecbcd9e206,1156120000,13,app.qixin.com
e31c1d6c9ca200f88fa9d9581b9e7f23,1156310000,5,*.zcf.net.cn/*
e32df029eae9bbc524a5c683b75de26b,1156410900,1,*.caiwuchina.com/*
e42c86aa78718c65b6e05e31845c08f4,1156610400,1,*.zcf.net.cn/*
e42cfd9dcd7d411e5cdbc9138490754d,1156310000,3,app.qixin.com
e49e304ed3ca81430a7e87d3ae8079f2,1156350100,12,app.qixin.com
e4ccd96f8c8425080d5db6377f35f699,1156310000,18,app.qixin.com
e555f26240b1d383a9bc67ffc0cf9d8e,1156610100,22,*.taoding.cn/*
e556e91955e26da94e0d969d2ce02c28,1156310000,3,app.qixin.com
e5894969fec4250fd7aef852b2bcee51,1156610100,2,*.taoding.cn/*
e5979bcd85ac6e4f1504a4fb55776b00,1156610100,1,*.taoding.cn/*
e611a1e473e2b1c483e09308764d769e,1156340400,32,*.zcf.net.cn/*
e63a2ee0eba0cf3b6dbf9e4d48e44e79,1156610100,5,*.jinxun888.com/*
e66ffc6abba196acaad6a8796237c125,1156310000,54,app.qixin.com
e678a411ee21877acfa6b4ebc86cf710,1156310000,1,*.zhihuiji.com/*
e6db7807f76ae834b2bb37a3791a403c,1156310000,4,app.qixin.com
e6e0362dc2539e90441d389482fa8705,1156610100,7,app.qixin.com
e70edb36305241daddb85b85bf7615ad,1156610100,5,*.clcs888.com/m/*
e72694205c7cbbba582a5a9743306883,1156610100,20,*.taoding.cn/*
e73d687604c6149b412ef925a483f0fc,1156610100,5,*.520gongsi.cn/*
e7545a82f78a260489f0ff4451c7e290,1156610500,15,*.520gongsi.cn/*
e7684c2a0b398b4c2accb9077ec16a0b,1156371400,5,app.qixin.com
e839855e91ec36b287916a26bdbb060c,1156610400,4,*.520gongsi.cn/*
e84e262e67a329ca8083976ec2be5eda,1156310000,9,app.qixin.com
e876ba6d400f67dc898e8437158c9878,1156310000,2,app.qixin.com
e8a96a4df125821b580c28db057163e7,1156610100,10,m.huisuanzhang.com
e8dc06c36a0bbe11f96025b1493f76fa,1156310000,1,*.520gongsi.cn/*
e8e160704ec2ab3218aabe96108a67bf,1156310000,2,app.qixin.com
e8e9d0b3d3eb4bcfeaba3486b85097c0,1156610500,18,app.qixin.com
e944939eba6b0e8a874a7aaa91292286,1156610100,1,*.clcs888.com/m/*
e966697a3d477edbb137f8e7351185d8,1156120000,4,app.qixin.com
e969cbc3b1e6d0d0a6a2a39d538b0ceb,1156611000,11,*.zcf.net.cn/*
ea02ecc87d87d00eadead94014415c8d,1156610900,2,app.qixin.com
ea763cc3675ca88861c49673ff8bc4ff,1156120000,33,*.yishuiwu.com.cn/*
ea78bc9657bbb929bdd582f0878ae7f5,1156120000,1,*.zhihuiji.com/*
ea88b49870121ca52c44be20e426bb13,1156310000,1,app.qixin.com
ea9af3d1f0009807e36ed0e8351e4825,1156120000,43,*.qdqfser.com/*
eb096e60a717dfed3d201af12388b2aa,1156310000,1,app.qixin.com
eb499aae944ae80cc680780a74945759,1156310000,1,app.qixin.com
ebfdce215d53be105747e16d1b5196a4,1156310000,2,*.zhihuiji.com/*
ec59f50c1d24fabf0461bea04c045108,1156310000,23,app.qixin.com
ec5bf9520237f3ee45d7f686103c3400,1156610100,11,*.taoding.cn/*
ec5f5a8cff66e47147ecb413746607da,1156310000,1,app.qixin.com
ecce53d7b1c808b78d3c0bf404cae61e,1156610100,25,app.qixin.com
ed081411dbe3cff631636e9bb35c70dc,1156120000,1,*.520gongsi.cn/*
ed1a9eb51badffbd57503bca5e191d65,1156310000,25,*.520gongsi.cn/*
ed394136431479ce03bbc93591a767be,1156510300,24,*.taoding.cn/*
ede882a51fb8dc390d248f130f9bf501,1156310000,1,app.qixin.com
eed7c545e4c97c534eaeee30ec3fd62f,1156330200,1,app.qixin.com
efa3ea6b63f6ce6090152d66400a8018,1156610100,17,app.qixin.com
efb209c1f187dee0affcc118f9e21dbc,1156120000,1,*.zhihuiji.com/*
efd1d77744d94c002e02aed6ccfb9773,1156610100,12,app.qixin.com
f055fa3914b27c36dabeb3da7f9f6eb1,1156610100,2,app.qixin.com
f10f1b82317ef075a705579a69bf22f1,1156131000,1,*.zhihuiji.com/*
f11013241c5ee33f9e5d19c5bc469ed1,1156431300,30,*.yishuiwu.com.cn/*
f157e1a6c238eaaf7f237068214f6025,1156310000,28,*.zcf.net.cn/*
f16a3556b021592acdd2c6de9b6b822e,1156610100,13,*.360lihua.com/*
f19884e141780065f7209dbaa5c85230,1156610700,3,*.caiwuchina.com/*
f1a6e9a5fef2367445d53463c191b761,1156610100,151,app.qixin.com
f21d203fb09b5ac0ee6d4e3242ef625d,1156610100,29,*.taoding.cn/*
f27696b6dfe30d630c11da3873d84f80,1156310000,1,*.zcf.net.cn/*
f29815d0047e87741aee7b0961cac236,1156610800,14,app.qixin.com
f2fab7f6d74f1e8221310de3a5a29f5c,1156610700,1,*.clcs888.com/m/*
f30006b6990727b198520f41533f635a,1156310000,2,app.qixin.com
f3e2b1f2dab129a7213d61cc83521b08,1156310000,20,*.duoyoumi.com/*
f442b91bad358c3996bb20b89e941e4d,1156120000,1,*.zhihuiji.com/*
f44cc3ca9b4371fc5b57201c24392848,1156310000,1,*.zhihuiji.com/*
f4703cb44d022c471c97b2f3a666bbc7,1156610100,21,*.taoding.cn/*
f4f64ecfae5ef53f30e17b035268dd4e,1156310000,160,*.zhihuiji.com/*
f573e7f163f34b4f089ccc982ad77a76,1156610100,23,*.taoding.cn/*
f575c9fdb38f49d74959ff385f5673d9,1156610100,11,*.huazhengcaiwu.com/*
f58dfa0d5508daab85a5d2ab40e6d404,1156610100,1,*.taoding.cn/*
f5ba78329df8acb1e503c5caf4936731,1156610900,1,*.homecaiwu.cn/*
f60409d638337e73745d78894c70906c,1156360800,1,*.e-zc.cc/*
f65004f8256a4cf01141a0377e8c58d1,1156610100,27,*.caiwuchina.com/*
f65004f8256a4cf01141a0377e8c58d1,1156610100,11,*.jinxun888.com/*
f71a9605563624c34375a8ccfc0265b8,1156310000,18,*.zcf.net.cn/*
f75b99492985bb93d1ebaf47152ba5f9,1156610100,18,*.taoding.cn/*
f7fe2e036b7c74dabf257f0e6ef99830,1156310000,2,app.qixin.com
f80a62e750b6d00cced0dd2440282e9a,1156310000,2,m.huisuanzhang.com
f8725641e70a5312ff52abcae4a8da8d,1156310000,24,*.zcf.net.cn/*
f8725641e70a5312ff52abcae4a8da8d,1156310000,22,m.huisuanzhang.com
f8cf332488f382a4e1bf496dff1a1810,1156310000,2,app.qixin.com
f8fdf7f6a7968fa06a487abaf7e8e4e4,1156610100,1,*.jinxun888.com/*
f97136f255ec6b2f0bd7b42573206a71,1156120000,1,*.zhihuiji.com/*
fae1664b00fb11d6ba1161f4d43b0564,1156310000,2,app.qixin.com
faf59c90cccf62cbef4a5f373ca22683,1156610400,4,*.yixincaiwu.com/gszc*
faf6e1ef68e27da134eb3090f776c0fc,1156310000,1,app.qixin.com
fb720a09f06e74e6b251edba57f42d2c,1156610300,16,*.wzjishangtong.net/*
fbb0fe09b06ab39d22f157e99cda421d,1156310000,30,*.yushengsh.com/*
fbc00dd53ab8bdfb2a30572a217815a8,1156610100,49,app.qixin.com
fbe1f8c67e6ab40cb781c2af10cf180e,1156310000,8,app.qixin.com
fc245d09c09423e43197a496e8c75f19,1156310000,2,*.zhihuiji.com/*
fc8f4c9b9dac9351ec204bf0410774db,1156610100,15,*.taoding.cn/*
fcae4b65e7af5eb86874f9bfe9e88bb3,1156610100,4,*.eyczh.com/*
fcdc47a9e212f2964961e364a79bd214,1156610100,2,app.qixin.com
fd38c09d5e5e5e5872f4927a17f5f37a,1156310000,8,*.520gongsi.cn/*
fd3ba4a5c2eb2151b43c76521983b58e,1156310000,11,*.e-zc.cc/*
fdd98a6bb6039575b232fc4599f81608,1156610200,21,*.zhihuiji.com/*
fee3b442c3f35abd3cc7aba47062c671,1156310000,2,app.qixin.com
feee114101500b95e193521c079eb338,1156511700,3,*.e-zc.cc/*
fef05eb0b56cf4a946ad4ece58460622,1156610500,2,*.taoding.cn/*
ff2fada88d998e7ad271ada3ae777543,1156610400,4,app.qixin.com
ffa9a0d1199af1a333a9326ab82006d5,1156610800,2,*.huazhengcaiwu.com/*
