00f28e093aa3d84c9b28ab227e7d8004,1156230100,24,www.cyjm23.cn/zhangyiwan-wap/*
01b41bf88ffa9403a3b6d7d27bc3ab70,1156341000,6,m.hdjztct.com/*
03749526dce7b639342ce98eca233d7a,1156610100,2,www.cyjm23.cn/zhangyiwan-wap/*
051810032e29a6f9a557e3cd24ba41ba,1156610100,1,www.jiedilia.com/*
0596cc997b5d9e75e3f6dcd1a620f1b6,1156500000,4,www.cyjm23.cn/zhangyiwan-wap/*
07aa62e9d9807be5eed09c1acc9b16be,1156510900,8,www.cyjm23.cn/zhangyiwan-wap/*
0f037290fbd3beeba102cfb1c2cb9aad,1156320500,1,www.jiedilia.com/*
12f5c5fcad21a3ee1d9b198ebd6d8967,1156511100,1,www.jiedilia.com/*
138e5d52f9aee228dbbfd05bcd7ad1a6,1156230600,2,www.cyjm23.cn/zhangyiwan-wap/*
15a3809738cf0371bfa43076ee5a34d9,1156621200,13,www.hudajie.cn/*
15a3809738cf0371bfa43076ee5a34d9,1156621200,43,www.hudajie.net/*
189af1010fef375830fec7642b763c08,1156620500,1,www.cyjm23.cn/zhangyiwan-wap/*
1d5ba999d18e9c23f8cf93ba12c6acea,1156420100,38,m.hdjztct.com/*
1d9ffbcf816b7d77245c472bc9f14069,1156150800,7,m.guodixiang.com/*
204c04b23f40d68ff9323975787273c7,1156620100,27,www.cyjm23.cn/zhangyiwan-wap/*
23ee36a93f2c12e0e509c26a29af47df,1156220100,7,m.91juyouwei.com/*
267e629095156d4ce02e0b23b4cda87b,1156610100,21,m.hdjztct.com/*
26da611e48624b34d13efb1efd77084e,1156340600,25,www.cyjm23.cn/zhangyiwan-wap/*
288fb7710163dd5cd7a5fad4220d85d9,1156370300,28,www.cyjm23.cn/zhangyiwan-wap/*
2a56cc3723fe0807420c39c583f6e084,1156500000,28,www.cyjm23.cn/zhangyiwan-wap/*
2b098d3b7e49992cc4a460a9239bc1b1,1156610600,1,m.jiediliagw.com/*
2c97f1c7b3adb7b271364bcab64416a7,1156611000,17,m.hdjztct.com/*
30869baa19f06ee502957f5ff3ae5852,1156620800,25,www.cyjm23.cn/zhangyiwan-wap/*
326229a648e1555e8e268ea98d4c2386,1156320800,11,www.cyjm23.cn/zhangyiwan-wap/*
33a8267aa0066a1cd3cca3e9837ff2ae,1156231100,25,www.cyjm23.cn/zhangyiwan-wap/*
367987d4f6128f0c13844eb897731a50,1156621000,1,m.91juyouwei.com/*
37498b6af6f8d37507b3a6ce745b56ca,1156320400,1,m.hdjztct.com/*
3dc11a3a48cc3c5649e0cabc8f38ba78,1156220200,3,vip.mlsdsf.cn/*
400fda21ee88c9d32f9c273edb7ec263,1156340400,12,m.hdjztct.com/*
4043f56a41bf22be2f5bf96bddb5a1c0,1156130100,17,m.hdjztct.com/*
40cf0517d77e0ed20fe6735a0a203b71,1156610100,1,www.hudajie.cn/*
44c04bebe026227c425a7b7f1eab15f4,1156341200,9,m.hdjztct.com/*
455024331a0d311289c027f3af464b73,1156450400,34,www.cyjm23.cn/zhangyiwan-wap/*
49d8cef5807acebd5c70c7ebd3810e96,1156150100,83,m.91juyouwei.com/*
57c17d38b4e115f533e5e43ea8331e12,1156371300,164,m.91juyouwei.com/*
5a5656cec5a9e970f894ea36dc77fd2a,1156340700,6,www.cyjm23.cn/zhangyiwan-wap/*
5a725973aa9ac0459ac6c95bdddcab0a,1156620700,26,www.cyjm23.cn/zhangyiwan-wap/*
5db1979515795e0cc0f3fed9234e2d2b,1156460100,18,www.jiedilia.com/*
676409afe0f353256db47afaed27dd30,1156210200,1,vip.mlsdsf.cn/*
6b27174a431b780de3cc5c1d44c0b24d,1156131000,1,m.hdjztct.com/*
73af92acc7e752cc1760b91816d94492,1156450100,28,www.cyjm23.cn/zhangyiwan-wap/*
7b28e63da4c39ac5d2102de74eb7c10f,1156371500,2,www.cyjm23.cn/zhangyiwan-wap/*
7d1b9ee751c96aed413d0147626d3278,1156620900,17,www.cyjm23.cn/zhangyiwan-wap/*
7fa6e2723697474cd38f0b4bf15513de,1156330200,1,www.hudajie.cn/*
895f729422cf0b88a77a882919dca4cb,1156130600,2,m.1637.com/jiedilia/company.html*
8aa98c7c63467fb015dd77d245aa8960,1156610600,18,www.cyjm23.cn/zhangyiwan-wap/*
8b69086108884b89e6aadc8c08c8eeb5,1156520400,11,www.cyjm23.cn/zhangyiwan-wap/*
8c799600e0034c3fb1083623154eb8d2,1156150400,11,vip.mlsdsf.cn/*
9488541f20baf7f5b31ed528452e0fca,1156130700,1,www.jiedilia.com/*
95fe4277d348221ec08db2355e88c4ee,1156130400,27,www.cyjm23.cn/zhangyiwan-wap/*
991d5ba8b1c8f95b8b95386e99616cf2,1156610800,16,m.hdjztct.com/*
9ae87f690a552197ea2345ce93a0f114,1156511600,14,www.cyjm23.cn/zhangyiwan-wap/*
9d109eab88f2ab4612c6de44fb9ea253,1156620100,12,www.hudajie.cn/*
a1778d448f3b4382a3cd956ca007dd60,1156360400,29,www.cyjm23.cn/zhangyiwan-wap/*
a6e151398883c8bd2529de7d1cb7483e,1156410100,27,www.jiedilia.com/*
a9560e0d1428ff8d0f5b9a410b2db860,1156370200,10,www.cyjm23.cn/zhangyiwan-wap/*
b7cf8b8d45d408994e1c4b022bf33fb5,1156341800,9,www.cyjm23.cn/zhangyiwan-wap/*
b9f8d39ec875d5a3123cae20275e8d59,1156340100,15,m.hdjztct.com/*
ba73f87d06841c5b1f350f5436f30baf,1156230800,44,m.hdjztct.com/*
baa4c87c1e589cf78aa97001d83cba8d,1156621100,9,www.cyjm23.cn/zhangyiwan-wap/*
bbdcf1338d5905c40925555ae48cf05c,1156371000,16,www.jiedilia.com/*
bc12259ad8b5e634add0f2cd1a4a6849,1156140800,4,m.hdjztct.com/*
bea03ceb39cb54185612c0853adf830c,1156370100,4,m.hdjztct.com/*
bff113cf83c6fb5f69d9de1bb86619c0,1156371400,15,www.cyjm23.cn/zhangyiwan-wap/*
c08ba380a76a3d0a99a2e712f5e7b178,1156371500,1,m.hdjztct.com/*
c1780ea3d5a46e11f1d89ba2c18a4180,1156341600,27,www.cyjm23.cn/zhangyiwan-wap/*
c3d5699fe30c81adbf621d48e040cbc5,1156640500,35,www.cyjm23.cn/zhangyiwan-wap/*
c3edefbedd5b9f3e302f7631a767eb99,1156140100,21,www.hudajie.cn/*
c4cc6ba61deb4b749eebe18a79457ba6,1156150200,72,m.91juyouwei.com/*
c4fa5c0ca2c8b893a973bf5b9e429a6a,1156230100,5,vip.mlsdsf.cn/*
c62763d55a87e6e6c83fb2539837c239,1156440600,45,www.jiedilia.com/*
d13f04e894a316dbf4f04f6764ae89c4,1156150100,1,www.jiedilia.com/*
d308a920b44f6ad687942c3657031a5d,1156510100,1,www.cyjm23.cn/zhangyiwan-wap/*
d425c2eb822957400fba57e3370e8c89,1156610700,4,www.cyjm23.cn/zhangyiwan-wap/*
d59ee0eaaa9a2b5f55d4281846cce8e6,1156620400,6,www.cyjm23.cn/zhangyiwan-wap/*
daee6db6aba8a3daad6c673320c63e16,1156341800,1,www.cyjm23.cn/zhangyiwan-wap/*
dc68e7c8f8e5847d47cf908033cd52e6,1156371100,7,www.cyjm23.cn/zhangyiwan-wap/*
dde51d6a2cc17228badff00c877f9d1e,1156420100,4,www.hudajie.cn/*
e64417c198d1e6a2ad9dca318122cf2f,1156411300,14,www.hudajie.cn/*
e717e82ec579a1c8479f6e65ba2ed67a,1156440600,1,www.cyjm23.cn/zhangyiwan-wap/*
f092d6a28be98718163d4fd7c5f4b00a,1156130100,2,m.hdjztct.com/*
f5919ddfe93650f8a43a3474093b94ac,1156500000,4,www.cyjm23.cn/zhangyiwan-wap/*
f8ae4d3febe16b0bb560c00d5392e3e1,1156340200,1,m.hdjztct.com/*
