0027fd71fac9607cc912368e7a1a23f4,1156310000,1,5777638
003766206cc769eb496888c64de0b4b9,1156310000,1,5777638
0062ada1e1495af93d8f74b2e196a1eb,1156310000,2,2658095
008e339aeeb8de9e9902e4154b41a46a,1156420100,24,2658089
00b7732f0de00fb162f7ac73532dd409,1156330300,92,2658089
00ce7878d09ffabdfa6c2a177ee35839,1156330600,621,5806257
01f8c99275c7ca28e4c661e615b55438,1156513400,80,2658089
02876c52f5a94aae7c8cb113ccf1da16,1156341200,1,5777638
03145e33e9507d531257793b82699db1,1156341700,3,2658089
035c6a40e3516de10c07dca1958f6bc8,1156340200,202,2658089
035d1cd670a5b5f1269d08ca4dd1fa0e,1156320100,79,2658095
0365d417bfbdb86c50f5e9f6a2d9477b,1156511400,688,2658095
03676c9f8d4e602434fd54e2027c73c6,1156500000,1,2658089
03b252750a21193598a4d68dd77ad829,1156330300,3,2658089
03cb80824275acd66201222a74e6fad5,1156340100,1,2658089
03cd87508cc2a6eba54db4391bcc2e12,1156341800,2,2658089
03ea174b0507dce4ee8ce7e05d0a4ea1,1156320800,1,5777638
040f3f076cc993e0509ab714ad439219,1156130600,111,2658089
044e60ef83285aaacd7d3bbb6dd8b858,1156310000,1,5777638
04553fade38e25318c2c3dcc3406f310,1156370600,1,2658089
045f4a237f0888e0233ca9e606f7ea92,1156330300,4,2658089
046544c212b5851e23a714f4bc819257,1156511000,1,2658095
049b2685442f6ef1b345453573d878f9,1156420100,12,2658089
04a104079d2b99f83585be186218f783,1156341000,1,5777638
04ce2c88ed37d92f411f44f668469327,1156210200,390,5777638
05749df947abf29d9d901d6904f72f60,1156361000,1,5777638
057793d2aca8357c657b3beb8c09edc2,1156330700,2,5777638
05c4eaf8098034aca8a75ce7f7a5b47c,1156450400,3,2658089
060b06ed998c5af41cf9a04f3395a70d,1156341500,1,5777638
0645c7dc712e9723d6b10410742621e1,1156330100,68,2658089
064dcbe1c2f3311c14e333fa618db80b,1156340600,1,2658089
06cf736f55fd3a5806037e7dc4822388,1156340800,2,5777638
06fa15c01805bacd6d28df1aee8924b3,1156510300,1625,5777638
071fb98dce193429968448331f652635,1156341200,1,5777638
073472812e3a651343e4c942603e2ab9,1156310000,1,5777638
08034d29920424518812178e40888f96,1156530100,96,2658089
0804a1b15b436b885dc553f68d0cada8,1156330100,36,5806257
08099dfa8024d73d872c27ee285f829b,1156310000,1,5777638
08a895c893aac96f64acfa5e91fc3e4b,1156330600,1,2658089
09d83481e574ca45ae194f48bde2b467,1156371400,1,5777638
0a053eaa817454cee5f17a1c5f2fb2fb,1156330600,8,2658095
0a07da545698741b27857f63d49941f9,1156330500,1,2658095
0a667f7af8c2ca500fcd7d2f6155d41c,1156340200,16,2658089
0a851a412b62eeff666eb5e9d05f44d6,1156131000,57,2658095
0ad9c3c6bc76613516ed2d584c4acbed,1156522300,1,5777638
0b0b63126f7a4ebfb3c0b6607520f490,1156340100,1,5777638
0b7d7c4e7e5f8da582502ca201f350e4,1156330300,2,2658095
0bf9e2179a055366b417673d8fc83838,1156511500,42,2658095
0bfe13ccd261b4bf261483cad39f630b,1156310000,1,5777638
0ce3700af5d86ebf9408b027cf2bfeb0,1156330200,1,2658095
0d03149b9211aef1cdd57d4ad464e06a,1156341200,1,5777638
0d3cc519989588aac48336468eb09a53,1156330200,22,2658095
0d94502cca17601a14e759fd31302c79,1156331000,2,2658095
0d9e583f71844500544ea8e43b67b02f,1156341100,1,2658089
0daaaf98e06639c157e3d579bdec5b92,1156340400,3,5777638
0ebfaa719ad95f1687bcb63575d2c98d,1156510400,187,2658089
0f15e3c55ae50f7ab9b5bf4640451488,1156331100,1,5777638
0f21825cfa53e572044bc0d5b51766bb,1156330300,3,2658095
0f2d976668e5739c0f1b3f0a0278acde,1156341500,1043,2658089
0f37a7f9dd18d6eba70ef2b3b4e5c725,1156451300,70,2658089
0ff992b25f2a131ff3af02d3fb3e850d,1156320100,42,2658089
102592ec0de74c0edbd1138417daa7f9,1156330500,116,2658089
10a75eab8cd1df5ab8b38c8a285b70aa,1156110000,16,2658089
10b3cba1b3d4ad958f834fb23078dc1a,1156360800,38,2658089
11042aad539e5e6dc116c5c7dd207b46,1156331000,2,2658095
110bb624e385782b95705ecbff2fa6e8,1156330200,15,2658095
1168d25f97ae46a61a933d6ff95f393d,1156340800,1,5777638
1169cf03b05f89dff4ede5b5b2f05a6a,1156610500,1,5777638
116c3767ef686838f5c463ebccd90f1a,1156331100,1,2658089
11cb6ff559c933ea37247e6cd273ccf7,1156341000,1,5777638
11d278955943d18a9db6a46c3e0c1b19,1156410600,1,5777638
1263191f8a66564a5a51abe062663d1c,1156340100,1,5777638
1292cd87ec356d42aefe30773aac9da1,1156430100,1,2658095
129aa6d29bf0fff4e363c77622d253ee,1156310000,22,2658089
13328bb3f755474e685df54c56fbab1c,1156511600,3,5806257
1373cf3b324295570b3a84cbe06740ff,1156330100,1,2658095
13798eb0f775eaf165076dac718a964e,1156341000,1,5777638
13a57c88bcca42f74fd0e28cf4116b1d,1156350100,25,5806257
13b772494384930223fcfd27284d4d36,1156341700,7,2658095
13bc9203d2c0c45bc334cabf988a3542,1156341300,1,5777638
140250c19f96d97a9cd43635221ddac7,1156330300,1,5777638
142002552c4f497ad8f3450524512cff,1156340100,4,5777638
149affa1cfed97117fa154918c19472c,1156320500,1059,5777638
14c272ada20e9c587a440a331397f1d5,1156420100,45,2658089
14fc4106b487e366d3f3b8f79d261d88,1156330200,1,5777638
155bde57eb358e5d0f71135b50e5075f,1156341700,24,5777638
156a3d164b53228302d55279c0eb7a90,1156341600,8549,5777638
157513545d0d4cb4095e4fdf4c2b45eb,1156330700,1,5777638
15964348c0fbd55213b99067863572a7,1156350600,57,2658089
15b603391a0cf1d03b120971580dad1b,1156350100,3,2658089
15d90415f408b3c9f1e172a3daa9a9a2,1156340100,1,2658089
15ee8b0d206e03cf92a1c0618eb5839b,1156511600,81,2658095
162c9a38515d43131bc147e99205a940,1156361000,1,2658089
162fed3ff1570e6da9b35aa36b8d646e,1156532500,1,5777638
166bf9a0cd41a470892ec95ee6f7fb49,1156510300,43,2658095
16b31c412f1954766635b476f2ce96fe,1156310000,1,5777638
16b39c3a5dde4369e7afeae8241d440c,1156310000,422,2658095
16d212e7e60ceb648dff13bbd78f62a0,1156321200,27,2658095
1721c30a7689c96de2227db8866a8045,1156360700,60,5777638
17bc61aeae35372453df4a10fdb3016f,1156341300,1,5777638
17eb11a0cdd6288477cad37f8f031d3d,1156110000,1,2658095
17f829021a604d2939899a1bcda331c5,1156340100,1,5777638
17fee2232faecffdb18268da565cf4b0,1156341800,1,5777638
189f01188b3d63b2df2d440d518aeab3,1156330100,17,5777638
192b75d7ad2fde2b93ad23e4761e149b,1156330600,1,2658095
1990adb48137012c0ae853796ff9d048,1156510800,333,2658095
199debe19569dc1a6d70595c68d622a0,1156341200,1,5777638
19ca274c86b5a284293585767e17acb3,1156330100,1,2658089
19ca536e97e08346e3b68cf2fa0b11a9,1156350500,2,2658089
19d1b88082004422a4a8e833a8b42ed6,1156330300,1,2658095
19d60ef5c768a0f55dc77f2ffc2a54f3,1156330100,23,5777638
1a21c173752e80fb95832ba771438eb8,1156511700,62,2658095
1a4119f5a8c66d0d72d81d4ca8339618,1156330100,16,2658095
1a9b54830cbbd48779fdb9a55755b7b0,1156330300,1,5777638
1acc192452d80b17a448ebea600cb35d,1156513400,207,2658095
1af9e943fd00279a9a532d102d3de784,1156310000,1,5777638
1b1c5378beff2b20c213f01f6820101e,1156331000,2,2658095
1b678f2a0429c3d880ab8d86b6bb015b,1156430100,1,2658089
1b9f072571347d29865669815a6e0bf2,1156310000,1,5777638
1ba8fafe7e70f1f8d0b5bc705faf2b26,1156450100,1,5777638
1bfdbdc18562ffb89d349039b9a9ea81,1156330700,1,5777638
1c0b09a0cdae2956239866dcb8fd2bc2,1156530100,1,2658095
1c67a095fe00d3e91546cfd951dffd59,1156330900,1,5777638
1cb4127842d190a2424e6d2815214bcd,1156510100,4,2658095
1d1f0bc6efd069fdc90409d2a8783d50,1156340100,2,5777638
1d4baaac22299ef1e486a1d1f67b618c,1156330600,1,2658095
1db51d024a79ab32b06c4b58bc3f5330,1156330400,1,2658095
1e1d64ea47fedbfdb4739539e2fd0321,1156320200,4,2658089
1e27dece1d273769af30471f6b3c9f22,1156340700,1,5777638
1e2a42b792a84ef0d23cbb15e3c7f7d4,1156340100,1,2658089
1e64fe16f359bc7660321e8aeb4ed86c,1156500000,19,2658089
1eaa664acc8d4f779ca5d729a3f9a9f4,1156341300,1,5777638
1ec442f948f4b74853cf6739fb1ff8b4,1156310000,1,5777638
1fe29035566bd270369c078695d0de4b,1156330700,7,5806257
2078b546b22b233c639fba916954e71d,1156430100,59,2658089
21559787090bbc3ed18cdb0de09abb96,1156340600,1,5777638
21596b7ca719ad86649ccf99ddccafce,1156341600,1,5777638
219f6dfc1eb59f162b3b1f5be1216f6c,1156220100,3,5777638
222c734857db32d4ccc880639c066599,1156310000,1,5777638
223f88d8472e83e954eb18474f2a57a0,1156330700,1,5777638
2263a18569fe83965390ac5b5a90d45f,1156330100,1,5777638
22893c17153384623e8a97395e18b5ef,1156360100,3,2658089
228d329d5df81260581723d32900d558,1156341600,17,2658089
22d38a9f1659b8d6169f1c677fc1eaf5,1156511100,2,2658095
22debb0a4962e006ab5ac9b507c458d1,1156320100,18,2658089
232bab0c4ef5fe19ad9e3ddf83ff0296,1156371500,1,2658089
23a0480a62d09b877dd785f42e8641fc,1156310000,1,5777638
2401ccb3a72d5e625a048c9b49ec31be,1156360100,163,2658095
248a883cde4986e2b3d5dc81f46c3da4,1156330200,3,5806257
24983623ba5715e1dd26a5260a073426,1156310000,1,5777638
249a1d9ed0e9b3ba6399079f5c157b54,1156330100,1,5777638
250097ced10996e7a87b5c497f1ef0a9,1156510700,1,5777638
2530d96d58b1bffe867d99aeca8adea3,1156320600,39,2658095
25611a8b6abd73f2315d1a5ca8bd9f91,1156460100,64,2658089
258ef445eab8dec02a4eb8fd320a3859,1156341200,1,5777638
25a599068c8cb654649b1e987b799c8b,1156341100,2,2658095
26019ffe5c17f1eee3d64e76d1483971,1156310000,121,2658089
261766a571bd18d324793f89c1d35153,1156330100,1,5777638
26bf6249aa9ae269987645baa3295d8c,1156530100,74,2658095
26d547f430bbde5707508517313761aa,1156140800,1,2658095
274436591b074a0278738c4dcdaa33e6,1156350800,2,2658095
274666ac641c89f276bfff885c4ef189,1156510600,104,2658095
27d8998b533979fd9d14a62d69280f56,1156341800,1,5777638
28052f0f94f5b16da037bb93a7cf2648,1156511700,142,2658095
280770ef04253883814e8b7db08ed9b8,1156500000,202,2658095
2811fdcc418e51e1f31d32f529a36444,1156341600,1,5777638
282cd95269aee38972045dbac7d6fd1c,1156360800,7,5777638
2870cf34017dd553df01d5f81696c945,1156310000,1,5777638
28bc439f6a21512617b86ab8ef0624d0,1156310000,2,5777638
28ca9d23501e4f491f05b35fac1f0bf3,1156310000,111,2658095
28dffad8ad39cec06588214b73ac1a1d,1156320800,19,5806257
28e5e991c95f32034a0f71262e6bdf90,1156320100,879,2658089
293f059a78d8f4c855f0c11d4b556ef4,1156340800,1,5777638
297e725153153453e4ce1404efccc0a7,1156510900,10,2658089
29ac5168232dc519f8908216743fea51,1156341600,1,5777638
2a25e23e2c9152eec846cbd53a40a445,1156610300,222,2658089
2a300895df9d8d386e5c7933e2568011,1156310000,51,2658089
2a5b3f7b28bf2dad71798e6dab815c28,1156520700,1,2658089
2afa7a7c0cb1cd85e9cf503f2c521aaa,1156130200,5,2658095
2b681114ce48ddf2197f8d0b165a8251,1156370400,1,5777638
2b852f6ec26ca825a3d6635dd697bbe7,1156330300,9,2658089
2c991454b80b13c6590e3829f8c70925,1156330700,1,2658095
2ca400623ef1c9ebd3cc88205fc34e62,1156340100,1,5777638
2cace740ebc854c76ec7c810e31a63d4,1156310000,1,5777638
2cf7733ee6568554adf695be69250b83,1156360100,62,2658095
2d13151ac8a2221c84164c846400903a,1156610300,1,5777638
2d7ed244816cf9e50d27b8caf16cae6b,1156130900,2,2658095
2daa2c4f37de9243998fa37d3d05ad70,1156330300,1,5777638
2db35ffd090656e0f034d5619e9c26ec,1156340500,1,5777638
2de7ed27fb32d1d7d2f82734bed56b43,1156341600,1,5777638
2e70c39364c473056fbd1877b5e03bd1,1156330300,1,2658095
2f50a42e69d1d9551dfcc89e00d85749,1156331000,1,2658089
2f79efccfe77c0bee5a9c52e8142640f,1156331000,65,2658095
2f911c183bbc1c6b8d74f459ec28bfb5,1156341200,1,2658089
3092c6856c3a09b9a6ced0991bd864a7,1156330100,1,5777638
30c5039105fce85caed5784f286e2456,1156330200,2,5806257
30dd774139511c32970c131ce277a549,1156330100,17,5806257
316dd866aca68b27e25dcdae7ed41e62,1156310000,1,5777638
31a19e62372dde5e556df66cb4144666,1156420100,562,2658089
31f9f92eba32cbfbd682c01a1275e962,1156330300,1,2658089
31fb7f1061c946e930b645fef77d7cb7,1156420900,1,2658095
3250d4e279dfbf82e79d24c4c85cb3d7,1156330200,101,5806257
327fd560de171125e73d1659b3f3f4ab,1156310000,2,5777638
32ab4402e265a541409076a7ab20eba3,1156510100,606,5777638
32b168a95292d66984d373266965f054,1156451100,11,2658089
32b8ee97d591d3977bebde9547662967,1156110000,3,2658095
32c03e507bd9268ce2b786dd7084527d,1156410300,224,2658089
335a0d35f54f28c280cd5273717371f5,1156340300,1,5777638
3361ef93e09bce34a8f4dfaae928b09c,1156330300,1,2658089
337e5ea90f71e3736bc2bff6101ebab8,1156340200,1,5777638
33a88dd85864d6f518f0e28e155963d1,1156330300,2,2658089
346c12ad2b72cb934da28abef0f4f391,1156320500,1,5777638
34c98f5bfe408b0172043300f7a3b8c8,1156331000,1,2658095
34eb131ec58eca0dc586e341af162868,1156330200,54,2658089
34fbbd1a0c99002784acad479d76ac68,1156110000,2,2658095
355132765647551da10951450d24bc3f,1156330200,1,2658095
35cda8acf5f14c9bbf266e64b07910f8,1156520400,1,2658095
369339795a11d023a1c5e15312114cf6,1156130400,114,2658089
36a4920ec464b4a4a167c5af4bd43bb4,1156330200,1,5777638
36daa929b3128d6e61acaa6972ed3b19,1156110000,251,2658095
36e42adaa0ee57ef9c116dc0d6e8e39d,1156330700,1,5777638
37082eb1736958ccaa28b098a2fa15fa,1156331000,1,2658089
373842d3f3e8bbcb80eef8a37c0c7039,1156341600,1,5777638
3788430ecaeff6f16f38e7168276bb3d,1156310000,1,2658095
37bcc4222410569c4e04ff29959d0485,1156310000,1,5777638
37e5ae6ea2401903a46b1483715bbfb3,1156340800,552,5806257
38da91181c1f91dc0e8634c00fa12630,1156341200,1,5777638
38ef6787d74e77f77c84f59a2d4689e6,1156350100,158,2658089
39b4e3a3dfac4f7ee35a95eed3608d36,1156310000,1,5777638
3a00554ee1f5a1afb008d61642949d97,1156130200,13,2658089
3a13630bd13602f2a7fd69511a51ed63,1156340800,1,5777638
3a231fd0af6715bde71ce1e29059f307,1156500000,110,2658095
3a292c4f8a5d4645c3b6bee515f68143,1156511100,53,2658095
3a7b1def6199a9740c8445d5269ca885,1156310000,1,5777638
3aebcd5a03748d25a71fab78cb32b425,1156341600,1,5777638
3b057e5003ed26e1162f8ebca39a95c2,1156330400,1,2658095
3b237b52bf53efb1b21ba9c4d896a879,1156320500,39,2658089
3b402ba044172cd1452da1e6a46d9597,1156420200,3,2658089
3b4ba36047ec056d9377c95d7d88d182,1156330100,118,2658089
3b5029a851e436c9af601825055bae76,1156330100,29,5806257
3bbbc73a7ed8a26fa04ddfa82c7f329d,1156330100,1,5777638
3bdc8995a0929441a2375b6aff1da5b1,1156410100,1,5777638
3c46a861df33dbbefd2a7e93d60edfea,1156340500,3,2658089
3c6c4130a5742182cc8f9bff2a8a63f9,1156130100,106,2658095
3c92921f475bc8dc210463d4c1cf255c,1156310000,1,2658089
3cc22dd076a1d9a588f3584ea931012b,1156330200,1,5777638
3cc965d8a69f76a14f4fc437c8cbf4d0,1156500000,17,5806257
3d681501524218fb16893b6d4405ad14,1156341800,1,5777638
3d6f676ae4cd6f1e4c7a0334ab401789,1156530400,33,2658089
3e52398e647f3ce70b9022f1c4e63e7b,1156340800,1,2658089
3eccc99913b9cd89a8017458376a17ab,1156310000,1,5777638
3ed5db67217f3b3bbfcea9e30ca82ff2,1156110000,2,2658089
3f7071dd0be82cac30200602e4e26b1e,1156430200,1,2658089
3f760ac33cc5ee8fc1ce4a0c21c07842,1156340200,27,2658095
3f7ab00ea787b5bdef82dbef36a48ab1,1156310000,4,5777638
4032a6e8ac08add11064ed9ddae1160e,1156110000,1,5777638
40464197b4aefc0296a02f7551580148,1156330300,22,2658089
40cfba8681c6b84025d5176fee8a7a20,1156330100,1,5777638
411ea259e5a15f94e7b6c3f2938ced45,1156330300,2,2658089
418b518946c8ecf0f64bccf14bb0ae14,1156310000,1,5777638
41a6f1e4ab82b2324cf365143e009021,1156510100,92,2658089
41c541bd53a3c81a710206cab50c81ac,1156110000,18,2658095
422d8e7296d77336d7597d23c794d7ae,1156340800,1,5777638
4236f14227e0c62cfe8494ac5aa74bd2,1156330200,1,5777638
4264200904345600c7e749281e063fd2,1156130200,190,2658095
42faeb21517e2d260a246df423d261f9,1156320500,65,2658089
431611531ed376beb10f057149c4b67c,1156310000,1,5777638
432a53c65b8007c7b2488e3e7d991c4a,1156330600,1,2658089
4347d05ab8190f74251fada283fbd0e7,1156310000,1,5777638
43ddace8507faa603add2052e92f79f2,1156320100,177,2658095
44445deb292897278604a758f9b394df,1156330100,1,5777638
44873d2d6400e5dc95ba3e7afd1b9e96,1156320400,1,2658089
44deed98129290126f37408ef14d3b44,1156331000,1,2658095
45ae2004cf149628599c8b5bb21ed277,1156330200,34,2658089
45cec0386d6ce0608e7ee210b27a8881,1156151100,86,2658089
464dd91d0f43f32a43cef7ffdbf50fa2,1156320800,1,5777638
4665f3d5eccd4959c78e73a63c27f227,1156330100,1,2658095
467e18205cecadd0363dbc210ee1867a,1156330100,3405,5777638
46944a7ec0a971eb34287039c847fc17,1156330200,1,2658095
469fc1435fb913cb466529469a662001,1156331000,4,2658089
46cbacbfb79a77197671d9b074a7f5ce,1156331000,1,2658095
4759808a1b515a65c1b8c2a156cdfb7f,1156360900,12,5777638
4774d9ab46d89266531fdc2738f48a96,1156341300,1,2658089
47b5e0a69e0d6661f684dc63a86b7f57,1156530100,1,2658095
482277617ec3fb4ba43fe0a7227c2fde,1156310000,1,5777638
483462a84e67242608c06a7f0e5ba4e1,1156341200,1,5777638
4863dbb1dbb6e8cdc4526e2e15341a2e,1156340200,1,5777638
4875b54679d4e1ae6c8b8751b678e3f8,1156500000,1,5777638
48a2a9bdc4b079072600708c03706353,1156340800,92,2658089
4956bae8b4626785d36466f4197a22db,1156510100,265,2658089
49c917809858fc4763f77921d0efbb54,1156330200,1,2658095
4a04ebf9f336d23533ed77e58636ee34,1156320400,3,2658089
4a1dfcbb1e1135001a385c55070c801b,1156331000,258,2658089
4b73bf7ea7c947409c86900f26ee5a7c,1156330700,1,2658089
4b74331c3278c387a8bf36ddf37cbd80,1156510100,259,5777638
4b7b1e9162bc1f2d0f21316a359514e1,1156341200,2136,5777638
4b836c6a94d689279cd7d57a58a5c1b1,1156512000,3,2658089
4bc8e6cb11d4bbc51a34743c6d843e69,1156341600,1,5777638
4c4af1082b5712d6a2903878437ce72f,1156341800,1,5777638
4ccf3b1f5820f73e2bb6e9a2fa945d30,1156330300,3,2658089
4d02ff8db06af91602109b1388146eef,1156310000,5,2658095
4d1aadb3e7f446c7f2de6021421df09a,1156330100,1,5777638
4dbf935b4c221e957e4ed478233bbabd,1156310000,1,5777638
4dec012697ca0392b9c8604e955ad1f6,1156420200,67,2658089
4e1a4d597be20c24afa54aa0d72a265c,1156341300,1,5777638
4e3bd3b697e3adebf48e0bb6ac383d43,1156341300,1,2658089
4f3e9a6b96c0c93ade7536993da1e0fc,1156330300,3,2658089
4f6c3b45fa89a8ef356f099225b7a121,1156340100,1,2658089
4f7977f2932f52b48b47a80c6c922676,1156330700,54,2658095
5032077128b14633af12ffe0ea28d98d,1156500000,1,5777638
51028cd990ee806fa2c4c2318e9c8893,1156430500,1,5777638
51a4f8d07d35be63790a2749c5754f02,1156350600,2,2658089
52c5ddd99172706a333f6bbe3c837fc2,1156330400,1,5806257
537d298bd31ba20eaeed3223ef69fb16,1156371700,7,5777638
53886a11634de1fbea8865042b829db4,1156500000,54,5806257
53a5604e5e9f8ec3c491bd0ba61a475d,1156330100,13,5806257
53b3b9a186eee191a816a9eaabe1c0e8,1156340200,2,5777638
54ca74852d18ff4ed9d0affa47ec3740,1156330200,1,5777638
551cf2a288e3a0eaf23968d73923c3a5,1156130400,1,2658095
55571212f46d54b73900f11aa85f297c,1156510100,41,2658089
55867321ba17ac0c70a335be2dd56524,1156340100,1,2658089
55c518113221b41c9ab925ecf918beb2,1156310000,1,5777638
55e054260131f617de75553bc6043645,1156341000,1,5777638
55ef214b649ec368d6026f1fd02bb2a1,1156500000,27,2658089
56395a069c061c1d44548e1d13f15de5,1156330400,5,5806257
5657c28d92ce2dcff0bced2a482d9ec5,1156522300,1,5777638
5663326f4014f0a4c9255a55fabc3e0d,1156420900,1,2658095
5663456f1ab6eae5801ec6ffcd833f85,1156340600,1,5777638
566f6025d0d11048fa3fd92dc416ef22,1156310000,20,5777638
57158ccc96286361749851a6d7e657f8,1156321000,1,5777638
571f01df5605306ddb0514dc2ca9c374,1156330100,1,2658089
57c158ae61cb9190f651751d1e4c3eff,1156360800,778,2658095
57f251e04af8617a1cba242e43ba35eb,1156130100,224,2658095
57f911bd931f8306d1b79a3b0e33b55e,1156340800,1,5777638
58122f9ac8513d40654fb849292c2213,1156360900,27,2658095
588493eb7a399ad7651bfbcff9d46754,1156340100,1,5777638
58c2e01c3891374624ed3fa9221fe74a,1156330300,3,2658089
58fb3e5f2cb77375876e0a586251e87b,1156320400,189,5777638
590f7d352064a972c4761aa820dd6b29,1156350600,2,2658089
59235552be40206c3032790339f413b2,1156340100,1,2658095
595a12e1b5a541b1b90c5d6b2559bdf9,1156330300,4,2658089
5973c786c5231df5927545a900cf8d1c,1156130400,1,2658089
5a0dcd86f72d0ec3fe8ce30cdf79aa42,1156340300,144,2658089
5a356889970d53753acf00b7510311f6,1156340100,1,5777638
5a43598425bf0ae03e223229048cbe3d,1156330400,6,2658095
5a4772607b3dfb71fcad28daa07e62be,1156420100,371,2658095
5a7e30b51a1b8579692c30a204296221,1156341000,1,5777638
5b2616e81d0d8716b7f36dcd0b60bf12,1156510100,22,2658089
5b2947d8dc3abb0d3b15c9806148b864,1156310000,1,5777638
5b4c583c2f247a54c22f073f7f3fd2ee,1156310000,1,5777638
5bc7db0acc86f03c69ce9bb3af783d11,1156450100,2,2658089
5be0f32561b50efd5baede0c49aff1bd,1156330300,4,2658089
5bff188d78978bcfc692eeb8ceb668c7,1156341600,60,2658089
5c22673c16f1400d2c9080fb4187e669,1156330300,1,2658095
5c2bddb6d6fccad4ba897dff0073431f,1156340400,29,2658095
5c77411eb9ef4d4a14897b141d0656ec,1156341700,1,5777638
5c93cf77bcca50a9f32fcdabedd8fdfd,1156310000,1,5777638
5cc1fc00d12ce48590272d6222fa1e0d,1156430100,416,2658089
5cf167194d3a87ca7fd5eee2339ca310,1156130400,1,2658095
5d0fc122bac5af411b104934a1b3bb31,1156330100,1,5777638
5d68257c297c0f1f7f53be69c6fd02e7,1156341300,1,5777638
5dd650ce113051059776de935dd0543e,1156330200,1,2658089
5e8453700ca25d5494d98fbea25e5199,1156510700,1,2658095
5f8ce2cbe744ec62f9a592667e8b25a7,1156320500,1,5777638
5f93449445396b9be5ef0c4a123ae9f3,1156331000,1,2658089
5fd38b5e68e185b34927f526e37c8db8,1156320500,3,2658095
6093097167ae82efb4534db64573a4b4,1156340100,1,5777638
609fd6640669431b4a97f576e8a06640,1156310000,1,5777638
60ac6631b5ac81566c650455234fa0e7,1156330100,2,2658089
60e8aa6d325e8795178c144531f4c7c9,1156340400,2,5777638
614d2f7dd5c26375f3f3f10bcbcba968,1156340500,1,5777638
6178a7ffd5288630b29d2b1bf4a38b86,1156310000,1,5777638
61a434b2b4b009346aec12e00571bcee,1156341000,3,2658095
61cf99d4e9dfbc00b0dd3e68637adce4,1156341200,1,5777638
627df7c0f14255720fad724bb9ec9b2f,1156440300,51,2658095
628e362c5d64b49bbed6d0fba8e591a7,1156420100,21,5777638
62a440873726e6cca430863a0f411753,1156310000,1,5777638
62c55d7bff054b507ec8a8722219b076,1156130600,27,2658089
63a62dbd53da7168813718079446b963,1156310000,1,5777638
63ab68903975bb187a6f6e477c449851,1156310000,1,5777638
643f40eac62de31b49bc2fb277a764c9,1156330700,1,5777638
64443c869a6afba15117aa3f5d371c12,1156331000,1,5777638
644e5f32a34953f542f1003ab1c42771,1156350600,27,2658089
648ef0c1720b0c6227c8396252776ff2,1156330200,9,2658095
64f441dcdf14b0f92484f94a752790c4,1156330100,1,5777638
6514f6ddcb8de0de06cbb27ee9a7e717,1156330100,1,2658095
6529b1dcc4739be6e82f38158a017ce3,1156330100,1,5777638
656b0dd1ae95998443b213346336b5ed,1156330700,4,2658095
658ee976025f5e13e6ab2d93d1d76349,1156340300,1,5777638
6592f59c6d2333ffe064e47b6810f7db,1156340100,1,5777638
65c5b5ce24502879001e35003d690bc4,1156330100,1,5777638
661c8907f2503557d7a1f300f737e284,1156340200,1,2658095
664e795536dd84b2c4d51cc5e2053b00,1156340100,1,2658095
66a3d8e0985450da587ddd2a2675d921,1156341600,3,5777638
6767b88fe67911bf041563595ab5cd29,1156310000,1,5777638
67d29f0287f59c15f8c78b18ad128c99,1156340100,1,5777638
67f3516fddc88cbd810fc19a5feee57c,1156130400,344,2658095
68c93c9d6a6fe649fb7d76035c5bc2dc,1156340200,1,5777638
691562c4a99b5501980e76cac127a4fd,1156321000,1,2658095
6a06cf10d27ea9efe69e72ec11d32a38,1156350100,8,2658095
6a1cb3b2ce52f00a0311dfe809a2f8ca,1156460100,4,2658089
6a62e46e9e9b691ae2bec7e1d9a6bb04,1156330300,159,2658089
6a7c4788575d9314748e83032537c612,1156330600,1,5777638
6a8556e9f30a62e6594246348b66e73e,1156130200,9,2658089
6b0da12c77f4920a61e4d1105895dff9,1156320200,14,2658089
6b2d4abb464cc4cf91785f879d26a147,1156330200,1,2658089
6b5a954094077e08478d8e4ea75206d7,1156340800,1,2658089
6ba0ec5fc554cd6741c8d17b7f0efa21,1156330200,1,2658089
6bac2a04ea09c4035e0757a476bceb98,1156330200,1,2658089
6bcc6abf8ef24e082d358c6b95f2c941,1156310000,1,5777638
6bed15d2f75fe2603507c307b36ac7f3,1156130400,2,2658089
6bfe0a02ca152281b384faabdb4b4741,1156341800,1,5777638
6c5bc235efe88b7238710097d46f3aee,1156500000,385,2658089
6c8bcd265b15fc8b9a30c810f5a8dba0,1156341300,1,5777638
6c9d0776761e2f83906ab0e5da3c8a35,1156431200,100,5777638
6cb362e3c99edc3b84bfd944f8fd9c78,1156341200,1,5777638
6cc7a831d50534e2b39e1d31767152b2,1156511300,9,2658089
6d4edaf71992e36af30597344a982e25,1156331000,231,2658089
6d9e7c74bd79d2a5afcaee2e285e6f50,1156450100,5,2658095
6da1309b2a9abf934e4145e281477fde,1156330100,298,2658089
6da82b76173246ebaacade22b420f7e4,1156511300,15,2658089
6ddbab272062b29117e83972c8f9c0a1,1156330200,1,2658089
6e0800c5dd2c0c53b7aaf12433089f56,1156330300,14,2658089
6e479b31b7eef0b49d1a15f2faf598c5,1156310000,4,5777638
6e51274e384a2f58c34530243a7bb0a3,1156340300,1,5777638
6e890b4cf1376faac5eb61de162fe8ca,1156360100,391,5777638
6e90178266dd096c7632be43da476de6,1156341800,2,2658095
6ea9824b74bc3dc69090c1a44e0fadfe,1156330100,119,5806257
6ed7304fc0185e27b3551e0baac102c4,1156330400,92,5777638
6edbbcde0206553dda913b456b1a0508,1156340200,1,5777638
6eecc1c4dc8604269a5bf89de3e89af3,1156350200,4,2658095
6f4421509145d202bb3009f488cd0ced,1156110000,35,2658095
6f4dffd9940e9ca1140ba0755080b45f,1156340800,1,5777638
6f772c679cd5d97619cf15f0f7058304,1156330100,2,5806257
6faace731d6bee85ddaecafe2ed21af7,1156450200,1,5777638
6fb5006a0af3a38c81b921cf6c988d92,1156310000,1,5777638
7046b856ae0f83346debb2bf21ee0693,1156330100,12,2658095
707e04931a0c3ee4c7ca78d8c78d2f73,1156360600,384,2658089
709a94c1f469265611c5354b84331d8d,1156330500,1,2658095
70b179cb75c988bf78edfb3ea3d24c38,1156331100,1,5777638
70be4242e0e8f50055e75fcc2e0f8f5e,1156341300,1,5777638
70dfc85bfa6f637fd5761018cb1a07b3,1156320100,2,2658089
712231aade88e5800cfccc85b56485de,1156330100,1,2658095
7138bc5c804b2101caeb0ac1b21c05f3,1156330500,1,2658089
71840922a27a70042380fed004b37b0a,1156330400,1,5777638
71d75a7862107ca52e42789e59fb490d,1156330200,1,2658095
720c773075629b3252b74489bdad4476,1156340300,1,5777638
720e4843493637139bc541b58a32f237,1156510700,19,2658089
72191507604856ebaee47da2956b03cf,1156360900,1,2658095
72a59621cca9e6a55045d5494629c8e3,1156430600,13,5806257
7310079077cb430482957a20ea75fa34,1156420100,3,2658089
732f1b84a680e4379599391925ed1d8a,1156310000,1,5777638
7339215a6578750e7a7fb58571fa204f,1156340300,1,2658089
73540051fdb26660a313cdf5f73e45d6,1156420100,245,2658089
7367d78b9b7177947042993539c24948,1156210200,41,5777638
73d8bcade996f6c369d8eebe52d1da5a,1156340700,332,2658089
73dc5882fc556efbbbad8c5c9ad54232,1156420100,35,2658095
73e675aac3e47ee27109a32578f3eede,1156320500,12,5777638
747378ad93a83429deafc7c81673c01e,1156321200,1,5777638
74766cab3d5c2d90992bb77a841aff57,1156341300,1,5777638
74fa388005d6daf81e2fb9ebd7ef86f8,1156341200,1,5777638
74fb53899962f9d4acdf30156c9dfe2d,1156431100,1,5777638
7524f531c13ce878ee3306bdb9d36bb8,1156310000,6,5777638
7543d54318db2f741adbb1241dd91d31,1156340600,1,5777638
7566adbab0476ebc287f8c3ea41e34e9,1156341800,2,2658095
7589684921f225424a446d87da085d12,1156510900,51,2658095
75d225560ae581447d87eab2a307cce6,1156341200,1,5777638
76599c133937d3801338f70906871ab9,1156330100,34,5806257
76c4647509fdd036f9f5228ee0713332,1156341200,1,5777638
76e0a5ae604c4b684064911f8886ddcd,1156341700,10,2658089
76ec1d9449e0fcb6c59b2b2e72f90526,1156331000,1,5777638
76f081e57ba30e6515ae0708b0fe58e7,1156330500,1,5777638
773039853ac415df0c860f725216b7ea,1156430200,14,2658089
774f8b45aae22d8f7cf8bf3055df657c,1156310000,1,5777638
7753320fefe3c14ba11384e262399e1d,1156340100,3,5777638
775a2bff674b57a0cdb4a69f1c785efc,1156320200,2,2658089
7798406128a0c8d5ae93ecd41f43d98c,1156340300,1,5777638
77dacf3ae3c2cd69e3d3ab9d7e170538,1156341600,1,2658089
78531957da3ab6eb762556a1198834ea,1156422800,10,2658089
786503352a47902851acfa3b54835c15,1156330700,2,2658089
78b6b1aea7ff231e30e5984b007c936e,1156310000,86,2658089
78c10dfd989c93a241670c161c7457a7,1156130600,95,2658095
7908ef38cad17c13fc3c0f20748f0b67,1156510800,7,2658095
7929cfd30f9d9673b6656ea99039398c,1156130200,307,2658095
793977f95a5a66bb25d55e268618dddc,1156341500,1,5777638
793a0d1841ba547d9e4f123a8061d959,1156330500,1,2658095
793d79d901b66ef13aeb4fcd0a2dfa96,1156520200,1,2658089
794be4e7c4978d2163e4152e600c6fa6,1156430500,76,2658089
7961371919aee61775dc134195fad297,1156341300,1,5777638
7981f8fd07f8bb9428cf53cbf113ed76,1156310000,876,5777638
79b79df2366539574f0ff25f24bdff2d,1156131100,292,2658089
7a149306b45cc8387f67cc18a07f5f6e,1156440300,3,2658095
7a1c05b5500877b25c7fd67f1070d6b9,1156330100,1,2658089
7a21142ddaefcce152ac86db3b266f9e,1156330400,1,2658089
7a8435159acd6cdec48f962e7d0823dc,1156350600,6,2658089
7ab4c83831bbc4104e5b5a9444ce30bd,1156350800,158,5777638
7c290097d78f80d59f0d6b8d9a56e579,1156340800,1,5777638
7c29fe4b50d87be52c9912f6cab215b9,1156530100,234,2658089
7c38c505ed121d0a2b989125240e064e,1156430100,20,5806257
7c6eb0a90ce6e4c33b358e74bad11b58,1156330100,1,2658095
7d13cf8f1fb71b2f4169f86ddfb5c494,1156321000,2,2658089
7d1bee48cae4761073ec913a5eb86267,1156430100,1,2658095
7d30d0bfdfceca6d31e55620df85409a,1156520400,1,2658089
7d3451a75234fffb14a5d722d552e60f,1156330100,12,2658089
7d7d6bc9ab6ec3a019aa6ce7f4f387eb,1156220100,167,2658089
7da0a0ccdef9d1dba3cb49521d5c3c1b,1156330300,94,5806257
7e621e27d8ed04e32b412055c8ef6ea7,1156532500,19,2658095
7e7d969a8b27048b319061eb45aed6d2,1156341500,1,2658089
7ee5512e4273c61366df571b1e8f6c11,1156331000,1,5777638
7f0d0224d1383b297b32a2539385979e,1156310000,1,5777638
7f214059d44bd596e15145fbf9aa3396,1156330100,2,2658095
7f30df935aa3fb9913fbd2d95c9d9fce,1156421000,2,2658089
7f34277af646939567b159543f67a95e,1156130100,175,2658095
7f4a320f6d0254cc4829e7c1e7c33830,1156420500,117,2658095
7f51b9fae94add2b4eef145cad7afc39,1156330400,1,2658089
7fb4ebdbcf8f2e2cd12e02f8f9ee5785,1156341500,1,5777638
8008de81fd080ba2afeb4d9e483ed217,1156331000,2,2658095
804a365a2b3d8b388dac6df4dadff94e,1156330500,1,5806257
818f631bb4280028c03197e3c1082df6,1156511800,59,2658089
81ad1202af990bcb0677dd3c7ce1e893,1156330100,1,5777638
81bd3e016483da1072c829d710095631,1156310000,1,5777638
81dea94a39f300c9c456ed3485d9b246,1156130200,8,2658095
8369b46f1c08c18f5b1f4518418ee263,1156430400,30,5806257
83b35b9e758b49cb3943613c72108ac3,1156340800,1,5777638
83be75e61d52e9dc4f5312148803184f,1156341000,1,5777638
84a415aeda1281599fe3be62ecac67dd,1156320100,3,2658095
84e082291558344ed422c64d1f79f42b,1156320500,1,5777638
850ba416f6fe41d251c99089412ab5b6,1156340300,1,5777638
8553321e7afc7ac8c5cb5685964e49c8,1156330300,1,5777638
85a1af27fbbfdf86dbc36365f014e9ed,1156310000,1,2658089
85c48d3cfc636c23b226788adf0fa297,1156130100,162,2658089
860833144f488afee5c869ae583f2996,1156330200,1,2658095
86181bad8f9a9ceafa1f5e1df35ec1f9,1156310000,24,2658089
8684f42136fc31e460958ddc12b91f4a,1156530100,31,2658089
868dc9bc1c7d32440d048ad543608cce,1156150100,229,2658095
87604bce6eaa0ead84146049e4f2ba95,1156450300,1,2658089
8783c6f35f4e017aeb994894a9748837,1156330300,1,5777638
87a5ed0c60827e125ab311c7f379846a,1156330300,1,5777638
87e396e8bc07f7be4106c2b670d7551d,1156341800,1,2658089
8803691529d0a06c4aafabcda38f334a,1156330100,9,2658095
884d17a3869cafc756a8d966b0e9e872,1156511100,46,2658095
892ad50edb5d98c76d6680df02332ff9,1156341600,1,5777638
897e4bc2aa250441425746a3d5a36b72,1156451100,2,2658095
8995e47e577278cdea8b90a5141f0d63,1156530500,77,2658095
89f489f9241f216465a35dff7bfb67c9,1156421500,33,2658095
8a5f0455e36fe45998c10643121fca06,1156330300,3,2658089
8a8a7f221e28319a2a571258c32b4e3e,1156340800,1,5777638
8ac9a79629752ea20e8afacb060be1b1,1156360900,356,5777638
8b270c199916480cd9588750a9a305e6,1156340100,11,2658095
8b84afc426888a7352a23012cac58563,1156320100,161,2658095
8c34281fe2da4bf792a577ec97fe6f28,1156310000,1,5777638
8cf163763d9925735d00508553850dbb,1156360900,427,2658089
8d165e86d33f2b8d750d6dad92d7e1d7,1156330300,8,2658089
8d45628e95169b98d399e8620a0bcbd3,1156310000,1,2658089
8d4b0681a84471fbdc3601e44b11ed07,1156321300,15,2658095
8d5c5b4717f5205490b033b6d59f6d2c,1156330200,1,2658089
8d92b7f8820589e4fb455d2617a76a35,1156331100,1,2658095
8d9c5b80d353eba5a53185b513f5eb98,1156330300,3,2658095
8e0af9bd9272a486e42b88ed3157798d,1156420100,11,2658089
8e457b99e6edad9b0e72ef5a2cf326fb,1156310000,1,5777638
8e48cd4a99c6cc816dbd95bd6c493b7f,1156330500,1,2658089
8e4a551c7503abdffac28904f0ff8a53,1156320200,1,2658089
8e6950f3d8abe59ae494ca2bba60eb86,1156130400,3,2658095
8e7e51d98bc5b3378bb1e0fb1d887b43,1156421000,18,2658095
8f31495cb94558930a3599282ed91b3d,1156340500,1,5777638
8f72da34db4d75a229102049ee503c8e,1156341800,1390,5777638
8fa190fd04b5c1968dde03e27a33ffc4,1156510100,508,2658089
8fb6ad799c0f5d6c3c0c4a8187855f1b,1156450300,21,5777638
8fe8625e09b1744db3357e371d6567b0,1156450300,3,2658095
9082b2d0a29b0a0ad681f14ac9d6870e,1156330200,2,2658095
90942671dd31a17cf5534455584d0919,1156340100,1,2658089
9113c2ff2971a2f1944ad3c043d03c67,1156330400,1,2658095
9190a1cd469200f44acde3639bc449d4,1156450800,1,5777638
91aabb0cf5eadf00af769cdcf8740dc6,1156340100,1,5777638
91b0c6300188beb144eb56296a7809a5,1156420100,578,2658089
91f5d382b7429ec03c3be46de3b710d9,1156330300,12,2658089
92da6f624e62b7a06727bb25cb669ae6,1156310000,1,5777638
937df6a75c87019f65da1ce6c199f3f5,1156330300,4,2658089
93db256c88abf4928ad267ac61dd525f,1156330100,7,2658089
943cb0e5433cac4d7f0eac126d8d8384,1156511300,55,2658095
9451dca8dbbdb441889b92b7211374cc,1156530100,5,2658089
9455d7e82b96c8182cfed8452e1557cf,1156340200,861,2658089
9463563b1717ab64cf88b08536595150,1156340800,1,2658089
94a33364d6c547700075c3b28ede7927,1156340100,196,2658089
94efa9278cba94175913e3dc0c008539,1156410100,32,2658089
95984abb13b82205d09c1ab7ab6cd16d,1156360100,216,2658089
95f906490c35940076efcfcef7bc1982,1156341200,1,5777638
9616c7c11c769eff4203af3d699a067d,1156330300,2,2658089
962331dca13315e9084b391f90143086,1156320500,7,5777638
968e2f346df1f07c65262f7773fc3070,1156331000,1,5806257
96bcd9f461d1408056f1a7dd11b1418e,1156330100,3,2658095
9770327a6ab4aa48b5974d574ae95c39,1156330100,1,5777638
979d737dbbd5bb943071a0331b87e7da,1156310000,2,5777638
97cabf869d03fe548c44729270c1f19b,1156421800,183,2658089
97f7b27ee1272828eef76abf499b8b1d,1156330300,5,2658095
986fa3630259adb278160f0850216488,1156310000,1,5777638
989e0465ede5c29bdc804ffa2a312f70,1156420500,59,2658089
98e51cb6fc30c7c9613e352c1ddb5c79,1156530100,69,2658095
98f819b098b2243d74ff8b89e1606889,1156330300,5,2658089
99597b7e1e54afd7848b4cb5e86ccb93,1156341500,1,2658095
997fd1afc6f1c2acaf6101e429445620,1156341200,1,2658089
9982cd056c6d93011e8e2f2e5c122eac,1156310000,1,5777638
999ae9b69fa89696eadbdf87903b013e,1156340300,3,5777638
9a669e6e394198013620fa6f16af45c0,1156310000,1,5777638
9a775f8c82c61464c8c499e94fa116b6,1156340100,16,2658095
9a79b17086971ae2a719867f158c9d6f,1156510300,1,2658089
9a9cc70ce542069c890a57a39adeaa44,1156310000,1,5777638
9a9f77033fe1a7506283978955f1dca0,1156330200,1,5777638
9ad9401ee55ed675747156f7bc7974df,1156110000,10,2658089
9ae6004f84cdc094b0e623ab53953ffd,1156130500,4,2658089
9b0bc47cf002110af367bcca30960e7a,1156330100,1,5777638
9bb1fe4db1ac9e0ef7c1faef94abbf97,1156341600,1,5777638
9c799b79db165c57d0b51f98c8e6b7b1,1156360700,18,2658089
9d37cf1c8ca1e738454bba6527b758f5,1156320100,46,5806257
9d7e929fd40683bb7e656871ff31d071,1156310000,3,2658095
9e0d7ad1408c8252de7163ea3116dabe,1156341300,1,5777638
9e58d28ba44803dff9c9a4b566625f99,1156310000,1,5777638
9edee691d39ecabfaa142f620c3f371e,1156330100,1,2658089
9f0a4862c2aba1922949e15f078235b0,1156310000,1,5777638
9f133ab828cf5725bc3e5d00640c637c,1156510500,50,2658095
9f2941708d840c80696f12992474307e,1156310000,4,5777638
9f6ac2e32a9a420e908a6f4955bd8947,1156340800,1,2658089
9ff9f3ffe6170228978655274b85f31b,1156340500,1,2658089
a0153ddd88fde8a55c18ae3da2917dec,1156330100,1,2658089
a04216c27864ad6ff709e143533af23c,1156310000,1,5777638
a052fb52e3b497edfe0cb2f34c4e1589,1156350500,2,2658095
a0fa76137e878dddc6d2ea39fd5470fc,1156500000,3,2658095
a10d8a0658c0aafc718240b94ec1cdfa,1156330300,5,2658095
a1374e3343bb8b8195e452d7811e6d9d,1156330400,1,5777638
a1765b4606234778065eb423dc9ac54a,1156130700,1,5777638
a1d385ff0397ef72f28d6354c3a8d265,1156321300,1,2658089
a218a8e9fc9a309570e5cb05fb221874,1156500000,50,2658095
a2475799a4fea13d98e23487eaf15369,1156421800,19,2658089
a255700fad5cd2fa244ec860e54e2702,1156450200,2,2658095
a2932baf26be1df1883e9225324e288a,1156330100,1,5777638
a29aa3c23b4789b89f21e11b7b8ab27d,1156330300,2,2658095
a2e210abb0a92b3fb49e6a31bfd6e9e9,1156341300,1,5777638
a34153cf6b8e6864136d744dc014bf00,1156330300,1,5777638
a34a88e05aa2fe455733e52df06d7901,1156331000,3,2658089
a3dad8843b52cd2551e3cec0c996f20c,1156330100,1,2658089
a431922dcfac1260a080518799eb13b9,1156310000,1,5777638
a48b3e5aa2ad28d8a41d4d85996ebb02,1156340100,1,5777638
a4b08bca13f920025b2eecb758742d0f,1156110000,100,2658089
a4cc87dde8bec35518f04731c97d534a,1156340600,1,5777638
a4fd69e9a7045444cc14143fa50cee75,1156330700,1,5777638
a512c9bc4c6e15bbd0910730a8f8478e,1156310000,1,5777638
a62d8a8bf5b19c2f1b941b06c7d7ddd2,1156330600,4,2658095
a67737221014deabe0b9cb03542c2573,1156310000,1,2658089
a67cdd7be833850f22b73d920d630a5d,1156330100,1,2658095
a6967c258feacac912caaac117dfd68a,1156340100,1,5777638
a6b3599139f14f47c8838cf50a7b563a,1156330200,1,2658095
a6d8259f42673f2c62b83d09a87eb422,1156340200,3,2658095
a6ea42d026ed4239393ad04aab4a6ac7,1156340500,1,5777638
a6eb738428e53828af084a8d63b72238,1156310000,1,5777638
a6f83408641708735ed8bcd564f1fc63,1156120000,2,2658089
a7af83ccdfea038ceb0e424168ac4005,1156330100,1,2658095
a7b6b8f0744f1099350e2fa5c2f02eae,1156310000,1,5777638
a82cf56c8b942b98677d4bdf9b5c2517,1156310000,1,5777638
a87bf1bd1b67abff56a57cddc9f48471,1156340200,1,2658089
a889b96623261dcd18339e572c4a8ecf,1156330200,1,5777638
a88fe6335fc9c5bd8ee603c0716c3e0a,1156310000,1,5777638
a8f3a9369d6fc7ecd613363b340071ec,1156330200,32,5777638
a9a50aaef476310d462c48fcaa601ee5,1156340100,1,2658089
a9ade050e4ac87de101034ff046b5574,1156350500,1,2658095
a9cc5d1968a7eba495fe76d834411aa9,1156330700,1,5777638
aab653d4334511264f7e01e1d1d41a1b,1156340800,1,5777638
ac17ec05e0d0fb72618aeee9f132e461,1156330200,112,2658095
ad65280cb656a423ed67afcd884e1841,1156330300,1,5777638
ad6b5acf0cd4c25d18683d173e4ba9b1,1156430100,1,2658095
ad6eb879f0554c23174bba865372d69f,1156510100,65,2658095
ad819fc1c5bb14fa1fe3a6894ed35300,1156330100,369,5806257
ae309a19dd995027e597c27ae12f5371,1156420100,129,2658089
ae4522fce6ca16b2f2a9f4eb0697ee14,1156340100,1,2658089
aea096bb0d038b21757018059f346ecb,1156340800,1,5777638
aed4a42d89dcc4cae2c256b3ded79662,1156341500,1,5777638
aeda988e7d5a29587844f9ea39ddc7d4,1156310000,1,2658095
af4ea2fb0a8df0d70fec64458f2f23c8,1156310000,1,5777638
af5ccdbdc79f7f87b01d035e663ed3c6,1156310000,1,5777638
af73ad2366b71e20ead94cac880878c4,1156341300,1,5777638
b046b8a520f2269fa48bc11ffb71c713,1156341600,1,5777638
b0690736128255e3e460996a7281b1de,1156410100,5,2658089
b0c0659926fc0456b6cea794a2f2e334,1156341600,1,5777638
b0dec087bf9b0f403e466bea5bb43502,1156310000,1,5777638
b13270d82bf8bbc1d8b6d89e37aa1293,1156361100,2,2658095
b150c8b9481b0e39b56a9790fc2a1545,1156511300,1,5777638
b183c27382f66030b97472d4fb48b8f2,1156341500,1,5777638
b208d6c509ee9de47a24d5b7627a8fae,1156331000,2,2658095
b21c5a08685cbeacff0356fa840a49da,1156450600,1,5777638
b2a226134ee48ed3a24158ded8b6c846,1156330700,2,5806257
b2a638aeb531071d4bb4b6bc0a1786be,1156451200,4,2658089
b318d8cbc8427bdd58586060d082a697,1156330100,22,5806257
b39e6d41b09c1c13bffdb48c0db5ee51,1156330100,1,5777638
b3aa451675081b0541ec5623d125a8fd,1156422800,7,2658089
b3be2d14ad57b68b2f735dc4c9b4bfaf,1156341300,1,2658089
b4e0f6f6d732ec9273176007583abc77,1156330100,377,5777638
b4eb3df7121a55496c5b1164cdd6f4d9,1156340100,1,2658095
b4f6d5ed0c774203e394ee225eb63113,1156420800,1,2658089
b52d9e56cab2d2ddfd4decbabe41f10d,1156330400,1,5777638
b5718f575b1a7dab95082547daca6f7e,1156310000,416,2658095
b5d87a0e0aa2f15728b112e70b1b5aa5,1156511600,3,2658089
b6747e29ff135f6c9727d3d671c9fe77,1156341200,61,2658089
b684044263dce585ad56f0aa850f40c4,1156511300,1,5777638
b6abe2bccae8e17cbf2b2a890c81479b,1156341100,1,2658089
b718e7d4a0c34fc3d42cd43c2b2e148c,1156440300,178,2658095
b722643250875caeeb9360d53e97f7ba,1156330100,1,2658095
b82a6cd99b2760118fd6f4f5cc532464,1156350200,6,2658089
b8fc9219e71f9c0b736699c8e62b32d1,1156310000,1,5777638
b8fe656f9bc5200b61bfea204cfd5b39,1156330300,1,5777638
b9c56270c0326ae1998254bda3d474e9,1156350600,280,2658089
b9d5720155bb8c3654660c7ad1472cf4,1156420200,85,2658095
ba17508051174d452f26cfc8e6b1c230,1156500000,171,2658095
ba2429b241c83391596084e8bae0cd4f,1156310000,2,5777638
ba5917a5eaa0547122624921f606f2d3,1156510800,280,2658095
ba6227ab096ad64cc954b2b3d862551a,1156331000,56,5806257
bb6776599c9cce2f7adc5347b24f9651,1156341200,1,5777638
bce8b4ed50057a0e1dc31790ec0a6c0a,1156330100,186,2658095
bd2eb30ededac6c14d00ec641502bc43,1156330200,1,5777638
bd41201f83cf7c020832034f6b1cfc27,1156620100,1,5777638
bd51494e369587d200bc0bb4a4ea25e2,1156330100,1,2658095
bd94556209928789120757d5e3af57b8,1156450300,1,5777638
bdf152c6f690c531539e82ab23b3fd19,1156340100,1,5777638
befe70568663464deb2b9056e34070f1,1156330300,8,2658089
bf6cd997d6cca05ddb2ace2d3bd7a18e,1156330300,1,5777638
bfab44e195b61683a8a45f6795f8ea34,1156330300,11,2658095
bfb68367b41a7c3547064acb4c42b98b,1156341300,134,2658095
bfe0b2f93e9fbbccc45dfa35637c183c,1156500000,4,5806257
c0ea56fae1e8ea86215cb5f7736fb1f1,1156330700,9,2658095
c105c07034a848256bcca2d0841e2f08,1156420900,1,2658095
c133b6cd2c8caa461118748f1bcf0afa,1156441900,1,5777638
c15d1fc6df1e22c752d06ae710490d87,1156330200,4,2658095
c168ca632a7efcaaf8ec4279cbed87b9,1156310000,1,5777638
c1c08386ea303f3b60c912087b99b2d1,1156341300,1,5777638
c1c6c7047cc4f1dde67694362ef7b02f,1156350600,110,2658089
c2a2e4cdb47b3da6ecc7976b6a2d7a27,1156341500,1,2658089
c2c1b663e582799e3c86cf92be80bdf7,1156430600,1,5777638
c31357081ecd7531125ac84920854026,1156330600,1,5777638
c32654560a0bfb65fa1580b5f47fc05c,1156411600,1,5777638
c33314dfe341eaa160a93d786b6efc8e,1156610700,1,5777638
c384754a5f6ee3a8f74ca3069e294148,1156421300,4,2658089
c39a053a18a9ca9d69aaed5cf03c55c5,1156341500,1,5777638
c3aa5693da642790b138b200a6590a8b,1156420100,10,2658089
c3af35fd9c42ec1ad4b213f1d4961f38,1156130100,223,2658095
c3b2548d186ffb8fcc74ae355a17b7b5,1156141000,1,5777638
c48a95bd51fb45e4bfa67c88484904d1,1156340100,1,5777638
c4ccf24bc5956e3e93b2f9c580900b22,1156340100,2,5777638
c62170511f1b7d3e3073a1da4ccbc960,1156340100,1,5777638
c62260afa6d5e98055736a9c61bba18a,1156450200,3,2658089
c64ed547eb1a68322881e9796ff38e30,1156340600,2,5777638
c68e4e8a4b068ab064325d620df4548e,1156330100,1,5777638
c6fb260940b3f9da2ffb03249a734dc6,1156450300,3,2658089
c77a497ab2f2c56c36321ae693244583,1156330300,1,2658095
c7b306501a328e5354f878ebc6272abd,1156340500,2,5777638
c8154aac58e1b5f1352c476d112b6873,1156532800,3,2658095
c821d23749ccdb3714e6da89e3dca60b,1156320500,226,2658089
c8f9b6e6713417b5a71efddd167f4d31,1156340500,1,5777638
c9576b0d27dee653f0a0bd4364bf3a13,1156510600,304,2658095
c9b22afcd860afe9ca338715e665b76b,1156511700,15,2658095
c9c4bc4faa59e90ed4eef4800d0ea4db,1156330300,1,2658095
c9f9a5c93cd7a9b24761f14bc611d54c,1156320800,1,5777638
ca21742bdf776a2b90b17a7eb6bb6ef6,1156331000,1,5777638
ca3d4866cb7f9fb6f7cee31b2fa41ec5,1156341800,787,2658089
ca98e8bde698d2759fa01c148909aa55,1156340300,1,2658089
cae99e9d7c83da827b0de54b58fee180,1156340800,1,5777638
cb41d2b637b970cd89271e4d2ed2b067,1156130400,3,2658095
cb76a8e853a158db4ae86a4e38bb5c00,1156340700,13,2658095
cbc938fb62b545af9c59d68740585e95,1156340100,1,5777638
cbe540948867d3a8402042d7673a33a3,1156421100,32,2658095
cc435868eec47a0d1e8d7dcc581bd89f,1156510900,1,5777638
cc4dcd46c5416191b73abfa0b6a7a86f,1156331100,1,2658089
ccd993d410b78311bf5cdea37925729f,1156310000,1,5777638
ccdc81f2596ce450fff6a5ae9476131d,1156411600,24,2658089
ccf802992b26a26ff839e37a9c618490,1156341100,1,5777638
cd3b3617e1bd5fdf3f4c4f87eb94868e,1156440300,1,5777638
cd52f2a7444e2ce8ade970ccfc7ca3a4,1156340100,38,2658089
cdbd784eab2d8cb6e68ef9745c6b5340,1156420200,102,2658095
cde7885ce782182a62934c8d6b7345c5,1156341200,1,5777638
ce1f1d3448aa0f54c9d71a9865c558f6,1156510600,3,2658095
cf278a952ae82633a5cf2564594d4c8b,1156310000,1,5777638
cf3c7e60cbaa9706b41b09f12a3d24ba,1156330600,1,2658089
cf9c3da3b61a810134f5d4b0694e1270,1156500000,48,2658089
cfabacb5743e1039cddea7a1ae908862,1156530400,21,2658089
d065af96c3b2aaab3f78312f95151b13,1156341600,1,5777638
d0ae1524aa4c5f0036420040a61b1d4a,1156330400,7,2658095
d0c1ab459534f216582464ada6c768dc,1156130100,9,2658089
d0d6acaa7cf4047cc442d61a4121e308,1156330600,1,2658095
d0dba620bb7e087ca9047d44c4833aea,1156450100,2,2658095
d11ccc69bd764288825b5a1965b83d48,1156340400,2,2658089
d12078d6d4bcba6c463b83c8331fdde4,1156310000,1,5777638
d154063ec4a2c6e7c4234e00bfb0a30f,1156310000,1,5777638
d177dedcdd769f17eb45cb1113569acf,1156360300,1,5777638
d19c9e80b76ba0247c1e36910a8b0df8,1156530900,1,2658095
d1c3bac0f44d4d79263b513c4b6d8134,1156330100,1,5777638
d2e7f6647955346ee81bda519216eb0a,1156340100,1,2658089
d31a1d50980d2da1f20444516ba8c3c8,1156341500,1,5777638
d428c98bcc6c2656c1d2615b4e6f0c2c,1156450300,20,2658095
d4c7e25efe3c0a2bfd02f871492aa42b,1156330800,468,2658095
d51aadbd171da993a4b1889adfa7dd54,1156341300,1,5777638
d566b8868b15f138104b200387001a7f,1156330500,1,2658095
d58f96725227f49f71d42d1bab21319f,1156341600,8,2658095
d5c96b4983eeed58d42bea045f87e7de,1156110000,528,2658089
d5d12b077863fe7debc6af3e604fa091,1156530100,713,2658089
d64472a832125e12a71abf644f2ee52d,1156440100,8,2658095
d650f8326045609d40fd97d851039a01,1156330100,99,5777638
d6ae164b4cb565010f056d9c7eedf426,1156360500,1,5777638
d6f5b0e561a24b4e91fae18e93a6d0f4,1156340100,3,5777638
d7892cb37299215503ec48537a90300b,1156310000,1,5777638
d88c998b22fc25c62bc97eb69d6d43c4,1156441900,1,2658089
d8b2a5d63d358d3a55f6687cd18e82df,1156510100,1,5777638
d8bb67b24910420ec6bfcaca4b1b4a53,1156330300,1,2658095
d8dfd928bb4012767acbdd510ae1b03b,1156340100,23,2658095
d9444a7c1310d88be621a4f5b0f28b4e,1156310000,10,2658089
d95765c8e89802b3f5be906d1c490305,1156330300,544,2658095
d9605154796cc005545c48cc5fd64008,1156350600,1,5806257
d9ad7aa5d18d2cee94fa63851774d592,1156340200,1,2658089
d9ad90d1a10053cdd3602cce182a4d15,1156421000,2,2658095
d9ec812732b8c236ce8237c3648bcb6b,1156310000,1,5777638
d9f9b77658555319a80fb1006f34cc3f,1156420100,111,2658089
d9fc484ad7f7312994942068c200065c,1156310000,1,5777638
da039e5a6ab8872dc7cc161fb2036cd3,1156350300,16,2658095
da06eaaa8aa2981b26706f1488847dcd,1156340600,1,5777638
da8c8056415b6bafce69126b3ffe8460,1156321300,34,2658095
dabb1419a9046b99e594b1ceba190564,1156331000,6,2658089
dac15b707d048a51a76bf0ee41f65506,1156430200,11,5806257
db03b16b9598178194ca9593146e30ff,1156330300,4,2658089
db17820d59b57158d0d8b7ba8b58b435,1156340600,1,5777638
db9c71daa7daa595d5345d09505191fe,1156340200,1,5777638
dbb089c28564077282c5d7a43c8747f3,1156420100,20,2658089
dbdea57ed7da7121f738246538ffdacb,1156330100,2,2658089
dc169f10fdf855b449af16e8e5f830db,1156510100,2,5777638
dc9069b2be5c4c32b55919fa5de04789,1156330100,3,2658089
dc937a01bccf928e9d4ac2db8294d41c,1156150800,1,5777638
dcb04abdcedba4bb23b5361dd6bc6a70,1156341600,1,5777638
dcb1e417c0443f632ea2a6574abb1101,1156341300,1,5777638
dcb81d4b14d826f557095b0f8f5244c1,1156110000,1,2658095
dcd4de30e997142a90905a6c2964aa65,1156310000,1,2658095
dd024860f4ad7791389f4f111407f50a,1156511600,1,2658095
dd24c42720da8e81b2ead2e352e8da1a,1156110000,3,2658095
dd26a5715ddbba78762d908af8fdc2ab,1156340600,1,5777638
de5802a1341f1c5eeec38c88383490ac,1156310000,1,5777638
de6b5759324307e14ecd837686a45a86,1156340600,1,2658089
de787e6e4ba27f840de0243d6b1143ef,1156310000,1,2658095
dedf1a14ad480ea01a5975da4c3cf231,1156310000,1,2658089
df158fe37394208b82db1671b6b430de,1156530100,35,5777638
e003f551c4b7b4d9fc2665c223933fc8,1156310000,1,5777638
e01a5cfa95c6663538f7f59d72059689,1156310000,1,5777638
e06d7b9f42951a7ff8fc85d8a78e3d31,1156330300,12,5806257
e0dbeb9b1ab80dbf8d544a8d62c6d1eb,1156450900,1,2658095
e10846f827267dc861b9247c2178148c,1156340200,1,5777638
e169c0770dab44efbaa77ee61a180037,1156330400,1,5777638
e181bfeddfbe1ec7f7fd80dca4a2f342,1156341600,1,5777638
e1b4b8de6fc622ca674654364756d094,1156310000,1,5777638
e2195f89c3bfbfdbf64f75cda5af6178,1156341300,54,2658089
e235581f5f203410077326fd2dc551ad,1156320500,8,2658089
e3015102870ac004704f2302e241a0d2,1156360900,49,2658095
e329ca4b3abdfc3d3f35cfd6d310de30,1156510100,7,2658089
e331acd17eeca331e5785751153969ba,1156420500,122,2658089
e33f1b724a5bef6c49c052a2c432e090,1156330300,4,2658095
e3406226c574f493289717ec114330f3,1156330800,1,2658095
e34483f9ee0f184b205dd11b18d4e11f,1156341800,1,5777638
e3e8cafba7006b69aa4645291db324dd,1156340400,1,5777638
e4854d85e2b2eb7e0d1558f4c1151b7d,1156431000,13,2658095
e5ab9675cea024661089eafc888015e9,1156330400,4,5777638
e5c6f607c8170e804a82e51503180bbb,1156340400,3,2658089
e613993ded2ca120110a8bb8e7fc74a3,1156310000,1,5777638
e6301b84d073d96ac5c4f3943ec869fe,1156310000,1,5777638
e7710287e308ed193a1350f61626ce83,1156330100,1,5777638
e7e792f58679fef790f6528a754004e6,1156330300,2,2658089
e821e1551ecbca6a76dc9e9d5c3957c1,1156330600,966,2658095
e857a5571ca66d71a9c2ba4a367447fa,1156530600,1031,2658095
e886abd8aa47edbab01cf66c6f945614,1156341300,1,5777638
e8cac3379898cd7d0d4ddbf38c953414,1156310000,1,5777638
e905b878d646bc8f62066b16831a2702,1156341000,2,2658089
e9b7998e5d7196e9a7db5b9ce88e7bca,1156330200,1,2658095
e9b81a6db54648484391e116ae433172,1156451100,21,2658095
ea106ce54e6276a55f62b6ce418452cd,1156340200,1,5777638
ea1c84b1c3cd7925c93defd57c6227e4,1156310000,1,5777638
ea310bfb7c10891a043a99f9af97a7f2,1156341200,1,5777638
ea38e99a839a33bae95d0bd3bd607241,1156330300,2,2658089
ea6bfb073c70e8549e78254b0290ee5f,1156310000,60,2658095
ead2dbc80f25487df81fd8a4a7a726a0,1156350300,177,5806257
eb5361ea6c26500816deb513b7654391,1156500000,326,2658095
eb5f46f871f6941920940c14ad2fcdbe,1156421800,1,2658095
eb86062336bdac4f094dc5cb41e2b54b,1156331000,1,5777638
ebc9fc3e4427c33ab7895c59b8e8f131,1156341700,2,2658095
ebe9d533dec3a14032937e05e138e85b,1156370100,13,2658095
ebfad8c0ff606825e0c7505355bf9d73,1156431200,30,2658095
ec32c940e0eb60d11c0fc5639668eb18,1156330200,38,2658089
ec42e59b3efa397209d62ec8ba477e2f,1156340800,1,2658089
ec57cfe9db44ab6cb603bab18e1056c2,1156130400,11,2658089
ed858784dce22317379ffc708c19558d,1156341300,1,5777638
ed91e965c69a3b770d6e861b38e11bbe,1156340300,1,2658089
ed93f7fcf782608ec734c77d3b81bd6b,1156340500,1,5777638
ee4020a783b4126fea92ff4bced9caee,1156421200,1,2658089
ee430dad928eba0c3b9cdda2c742d8f9,1156130400,4,2658089
ee79228c8687c80b8905bce1da0e4ab3,1156522700,1,5777638
ee7fb06e230c894c228d40258a78204e,1156330600,1,2658089
ee8387c976e905e5ac66b829a9ff156b,1156310000,1,5777638
ee84f7be7f2115450ef3b61bbd4dbfcc,1156341500,1,5777638
eecddb58712761d3e0c2a7ba899ddb4f,1156511500,1,2658095
ef75a6aac3812236da4b18e77ec17298,1156341800,1,5777638
efe163cf338257793b1b3fc06c85262c,1156340300,1,2658095
f087a67e9f1d8d5e40b4e6c614e6c0d0,1156130400,3,2658095
f1115d745890e1395bf6c4e7fbc6ae7c,1156340300,1,2658089
f11cb3954d2d280a333534e953e720d2,1156340100,1,5777638
f1384e4c7963a6a6fcfb6736a98e1a08,1156330400,1,5777638
f1b635bd7f66b28b9cf11bf46af54f34,1156330100,58,2658095
f1c6a014fbbb8ca674437b3d9a3843c7,1156420900,1,2658095
f1d173180ae33a3ecb9ed1902988023c,1156310000,1,5777638
f2333282ba4ebd3ebfbd664fe5cbfbf6,1156500000,27,5806257
f25e6e38c2c8348e39c582a37eb805d9,1156330100,140,5806257
f2fdd16d61f7454f1d82d1988ff3ef76,1156530500,45,2658095
f3a7545c4a8851bd9838f0eeaec117b1,1156310000,1,5777638
f40bfc482cd86feb9a2c7bff1a1357bd,1156341100,1,5777638
f451d99005d9025d6b879a8618e04d8a,1156340100,1,5777638
f463931262582c73922ebcbfd58e9205,1156310000,1,5777638
f4bf2d894c4c7562f86592f5e95c569e,1156341300,1,5777638
f5057f3623c1a6004e71fa97a0efa9cc,1156340700,1,5777638
f634dc5bf7c625ca220becbe75e779ff,1156520100,1,5777638
f644eb70990ecb1e5075a13cb06db049,1156310000,1,5777638
f6b8e082b2a360a19b2cfdfa74503d1a,1156330400,77,2658095
f6e7ba5368e9877fc2441c2559c0725d,1156510100,11,2658089
f7c1a8afdbb2748160236446a8ae0b9d,1156340100,1,5777638
f7e48df81a2e33bca38ea7b845ebc141,1156330100,1,5777638
f82a0006348b6e1bef0217570eecc1c4,1156310000,89,2658089
f82feeafb20edf21f4453f8cc0c9fe1c,1156340800,1,2658095
f8b7aa148b99ac27747e8fbe2f03cdbe,1156440100,249,2658095
f8e28bef9e471af00140324d3e613b9e,1156350200,28,2658089
f945e2f3185e07c1b077d93cfd0a852e,1156330600,589,2658089
f971a79c9beacdbad18e7e2e1c70cac7,1156341600,1,2658089
fa4d7cb71039d745f5ecb4247ae5560a,1156440100,167,2658095
fa8aaf778ae8a78e77c22632d91cc0ab,1156511000,16,2658095
faa14d32273644928e75b6d4d15efc0a,1156430500,8,2658095
fb4d645aca41a5ea1b983b6e2134b060,1156513400,52,2658095
fba05f453b3c816d9c42f3e8f36629c8,1156341600,1,5777638
fd072e17cbcd56c0ba3db4af6a3c0439,1156510300,11,5777638
fe7203ce077b5c88f623346c7609d912,1156331100,1,2658089
fe9cbed210613964cfc37ba7515a6256,1156530100,87,2658095
ff124946eb97c196f1364e3a2d3b79f6,1156341500,1,5777638
ff3a61b72bd2ce28a8f721957bc79d6a,1156310000,1,5777638
