0050b31863c66604be293cf0af49205c,1156350200,26,5817177
00be948f9b5152e0c99680e7a507d81c,1156510100,49,5871982
00ce91cdbc07f0d00601568366fca2d8,1156511700,26,5902879
00dfd5ef7f49b421fbc3658e11fee856,1156510100,25,5719845
0194cbf5ba16a3624e48ce559eb63e30,1156350200,1,5902883
027362131b3a954591dc6ba4bdbd5545,1156431100,16,5817143
04e9afba9b7b3b199bad39c9524a3b16,1156350600,1,5902885
064ab22ff533d51b575b7887b6e69037,1156431200,2,5902896
0941da89d4f13a9d7c73cca9efce6d07,1156350200,27,5902932
0aac61bf2bd7c8d4de2ab3c539263823,1156430800,25,5719845
0ba77701c6ca13d432a4662a0b06d8d8,1156350500,28,5719845
0d55f5b7bd9f5a85867f62bbc1298c72,1156511000,2,5902882
0d6a7000ee55b7f9c2b7423b873fbc9d,1156510700,1,5902938
0d80e397828fbfc4565c6cedb1d22113,1156430500,1,5719845
0e055d7d2b1b4835677d86d2db6601da,1156430900,1,5902907
10e80a56603568fc0a8b34cda7ee4303,1156513400,28,5719845
113fc27ff4bd63301c6cd1dc8d590420,1156350300,1,5902944
11547e517818081e3a1c3ac7914c4c0e,1156510100,3,5829232
117c5f3f8e803d3f3a22c5fa31f729fd,1156350100,6,5817203
120ce5d764855b0b3a456ad25ed7cb38,1156511600,1,5902950
13e7270d453c2c9e7471cd8c0bd0eb5d,1156511300,17,5817143
1485868b0f592438379d8a1f969f11e8,1156510400,28,5719845
1547b0bfcadd4233083d1da916c13285,1156350200,34,5902951
1572d5b43780fca3489a454ed1ba284f,1156431200,1,5902931
15bffccdf8980e6ca31d74a838194e87,1156510100,28,5719845
1b6d863f887e591d94a97dea96bd60f1,1156513400,3,5829232
1cfa9d15cd37ee342b11da74febdc884,1156511800,25,5719845
1f0e2763087ab40a71294d66f30ca344,1156430500,16,5817143
1f4a57887f40fbda9f4a6fcb0ba7d9fd,1156341200,5,5829232
2106ee98904be3df805247b586290c5f,1156510700,34,5902927
235a1788381290726e9aa019f84b3447,1156510700,28,5719845
239a6caf2f937b89e4e327fe92b04ddd,1156350200,25,5902903
23db474a64e49238860fbf62ef1f7de1,1156510600,1,5902879
23e49d3c929da35aff7cdb45ea5b58ec,1156420500,14,5902879
247fcb2afd543b13846e1ee983e521f8,1156510600,1,5902893
26439883a7a2ec634888d466854a3a01,1156510500,29,5719845
26b786710a0b37752294a783e8a660d1,1156431200,17,5902879
26c8473e3d377e4aaf71fc106883d44b,1156510100,1,5902917
2709dae51e7099408d58c026e73658a6,1156511700,29,5829232
28313467c0a80bae5707a7cccedd5bcf,1156350100,5,5660128
2948c64268fb08b50089cbdd876b4e54,1156350700,32,5829232
2a329287c78a36c6cb22048014b4fb20,1156511400,1,5660048
2a4b65e9eba5ce9f07de323afac1cced,1156431300,1,5902884
2ab0fd0d1c778f442145db53bbe75434,1156350900,1,5902916
2b74cd8673bcab2c9c8308f342542f25,1156510300,36,5902945
2c1fb71b46a264b83d5fc5d7d9cdc13a,1156350500,13,5817203
2cea6feb74c1a1be2cfae1ad1b552a75,1156350500,9,5817203
2f9fccf0d300f35352f7f532586e3fa3,1156511700,1,5902938
30ef8b55f00fc47cda47c8411d0a190b,1156513400,1,5719845
328cde61923db1c6312fde6319254e49,1156510100,11,5817203
34aac2b2eaecb9c90edcfb1188e656ea,1156210100,25,5902904
36b4f8b2d769db6986cb1356a715b96f,1156350500,2,5902916
38d29e812078506392d6a0e50dea0bea,1156350500,2,5829232
3a4aa514ac69d8456705922428fa15e9,1156350600,2,5902879
3bf2f997067537d35c7850f67df5d3c2,1156350500,12,5902879
3c662fef7d9227aa6683a86f7cca09da,1156431100,28,5719845
3cd3cbee7ff25dfc8b2666275e4551bf,1156511100,1,5719845
3e9b93f9325e30e6361276b708a8c570,1156350500,25,5902879
3f026c0561bd97e8fce717596729e0dd,1156510500,39,5902945
40a3bd994123b3f3739a908f09e08705,1156430700,5,5719845
414929ef646361c98a0956d8497e8009,1156350200,2,5829231
425438074719d7bceea069a248131bce,1156350500,1,5817137
426c03b7fdd2108a0a8e971cec469f86,1156310000,2,5829232
434d4b26bd61a31f2f23f3d7c3094d24,1156430200,1,5829231
43b778f0a97220b1609e2293e4f0b7c3,1156350300,1,5902883
45cfd903f23aedb89fd756e9e48060e2,1156430100,2,5902879
468b4e182dbdfe4eba3f0674ac440827,1156512000,1,5902950
474b0e282477133f45b0efcc7e6a2bc9,1156510100,1,5902883
477c58ed996636e70b67dcac9d0edd55,1156510100,27,5719845
49a7252d0f7ac03bf7affffedd51fbfa,1156350100,2,5829232
4cd13941b4ba3c726e53a9fdcbf80adf,1156350100,1,5660048
4eac083be538df541037737c75cffe0a,1156350900,1,5660048
4f965a4742cd534dd4e1c023e7ae27ce,1156350600,26,5902879
508d8a420b49496bb856ec2ee4f6b043,1156510100,17,5817143
5096ad30851227507b6b9ad1d9867d95,1156510600,29,5719845
53243959636b145f4d1ae3249f317345,1156350100,23,5719845
544f17630f80ef5e272df0513cf1ef22,1156431000,1,5719845
54e53abba331417d994623b0407e81db,1156350400,29,5817177
552394146c85b9975dd14802ee90e615,1156350100,23,5902879
564204fbf5c35db85bde73a5ddf986a6,1156510100,2,5829232
56bbfacf89b2b5a7c83b550a0e3a59ed,1156511900,30,5902873
570f5f70aaf0c8cbd8936654ed4ffabe,1156320500,1,5902876
58044b1a5128685d82b747cca80f4287,1156510100,27,5719845
587878322bcf558a67af82f5ce9aeb8c,1156350100,1,5902881
5c5fd3c61b36d032fc5fcf3bddfd274b,1156350100,34,5902927
5d37aee5ed46500703a1031de71f7372,1156431400,27,5719845
5e01cd1cc3bce3b5a5f6ba450ea71e7c,1156510600,1,5902883
5e9026e2de8ce525f39dcf85e2b79b56,1156350500,1,5660048
603341ec4decce9331610eab1097eaf6,1156430500,2,5902885
609887b5b116d43741acd0efe3c73987,1156510700,1,5660048
6174fb839bd0e841386a0af3dc509868,1156511000,49,5871982
6180fff79f77c2bac405c39cf7313f55,1156431300,27,5719845
61a644c2be1dd4eeb062138ecf245251,1156350500,1,5719845
620d6c91cf25b5ec9b384b60a338fbb9,1156511100,11,5817203
6274a5cce87af51bc668ce03c9deb6da,1156430500,30,5902885
6598f7b3f8594832da159cc32e3f2e8b,1156510100,1,5660048
67eb818d49acbaf74e06bbc691b30b11,1156510100,14,5902922
68ad6241951ae98080df37567d893ad0,1156350400,2,5829232
6915cd361bd63171e614abb37c402a6c,1156430100,26,5719845
69fcdcec1df8b0c79d6c3c4794a4dbb9,1156510900,22,5902945
6a8addcabdd8b1e3eb75f1935f40a9fd,1156430100,20,5902879
6b584b5d080cd14ecdc37c23d5fb2b1d,1156350600,2,5902947
6c637ed3f7962967108670395a7b34f1,1156510400,50,5871982
6dc8ae6f85341786022a18e189230911,1156511900,1,5902934
6e72eef721f28364d0ca302ecf14dafe,1156350500,3,5829232
6fddfea6d2f6a3854bd6d82a5886e642,1156350500,29,5817177
714eadff4c10fbe95dc186f5f8be3994,1156350900,21,5817177
73bd0e10acf0e6d9981cdbb965079b4c,1156510100,13,5902879
7603c5962a9a135932c98c12d847ba06,1156430600,29,5829231
77d3b015e00b15f698c0eb1edf0665b1,1156510100,1,5902919
783c5334666d930f2035ff8520ab2fd3,1156350700,8,5719845
79c405486100d2de63362140cb654359,1156460100,16,5902879
7a94cbda4d4ef78784bb1cba464a9b90,1156431100,4,5719845
7aadcd3952588e583e37d3f061920a8b,1156350900,27,5719845
7ad265ee853208d184d940a110f7d59d,1156430200,5,5829232
7c3994bb825c546d1d970f14c70022ff,1156350100,3,5902879
7c55c4a82a08e5935e6dcaf12424250e,1156430100,9,5902869
7d79c6daf5001d27cff541010d9e2629,1156350200,9,5902879
7e6637194be70fa4cbe32a64232bb9f3,1156330100,1,5902887
7e96f5a5138b917796d12bdb860fcd53,1156511100,1,5829231
8015f1b5d9620f9eeb80a82350fff18f,1156513300,20,5871982
8166db2a2fac2bf5f32166e1b5d1d56b,1156350100,43,5902927
818598953b7566a86aeef301521a7c8b,1156431400,18,5817137
852a7b9a918c1b5dcdc62d34f2ed8e3f,1156510600,47,5902945
856aac2c1f548e11e0f6cdd809818a39,1156431200,26,5719845
87e0bf9a9048ea6eb072cddb595fda13,1156510100,34,5902937
883aa9ab64b2848bf3daa8818a092f91,1156511800,11,5902879
89b923e14460348e6138c255e40c14fc,1156431100,1,5902885
8da7ef046fa516eb803667ec885778b9,1156510100,25,5902879
8ec417001196f76865f67c721ce693d5,1156350200,5,5817143
8f0be5caeb02b68439b28d3beaffd017,1156431100,26,5719845
8f48da954bc0353ab1eacf9159d7f1d6,1156430100,25,5719845
8fca5968d642fdb67428243b9642b09a,1156350200,27,5719845
8ff24b7f33b617f19fc28151aa2d3538,1156431100,1,5902881
91620f0c16bc2310ca257f1f72364984,1156511300,1,5660048
916e7d28c8ed46f3e71a03f5d9794cad,1156430700,1,5660048
9170456af2b9fb4605d13d770c2b2aa0,1156511900,50,5871982
9362967ee5c158a629382d723eaf06af,1156430200,16,5817143
941f9ab43c326c888fd8a8f3e1f7c3b8,1156350100,4,5817177
943d9254cdae12438ba284937790c441,1156430900,1,5902885
9545cf727caf1d4685324a9bb0f1ae0f,1156350500,47,5871982
9605665a825b1abd31a1b342103e5216,1156430200,29,5719845
97707adfa9824d691b46d0f7439dbd9f,1156350500,29,5817177
9937d811e7c7709d32020fcdae130ce7,1156510100,1,5829231
9a3e2bf4dca2eb0806e657175f5040d1,1156510100,11,5871982
9a4178e3a60b683173fec9ff50780e9a,1156430400,2,5660048
9b33746a43cb590ab8ffd6b1f1288f84,1156510100,5,5902887
9c8bf39a53ac5a2278fe6ed339bd78e2,1156430100,46,5660128
9ed037e1fe92bc5877ef0db559fa048e,1156511100,29,5719845
a07b6326f84e77d4cb9fc53e69c0b69d,1156510600,29,5902904
a23d5ae8db052fe2443f957be424df67,1156350500,4,5902869
a32b8e5f2fa2e88643a9214a872a266b,1156350500,24,5719845
a350f21e4e5af7379db773d7e8df2277,1156510900,28,5719845
a36cbfa99a673a0bc9acee07b55cf5c2,1156511700,17,5817143
a48b858358ba852314b1cbf0ad2e5b20,1156650100,27,5719845
a4a1bfca1e12395c9cdcd82f952e5c0c,1156350500,1,5902885
a4bc6cc1b820447d4aeb45511f612994,1156511400,1,5902885
a767b5520d69f2cbde88b0a6250be774,1156350100,2,5660048
aa97586c548b8fd635d55c5b85db3e6c,1156350300,1,5902885
abb8e569216b27d9f1f532edaa4530ef,1156510700,54,5902922
aca80303d045b1cd65268a9833dad0b8,1156511700,1,5902938
acd4d918afafbdfeec5383b091699b23,1156350300,1,5902881
ae14b95484a36ecb2bfe44c0b298af97,1156511300,26,5719845
b0e5e9096a227eecc5b8fea40cad5cc4,1156511100,1,5829231
b13b5290ac5f8e8ee3bffcb4667f93eb,1156510600,1,5902883
b2b7e014496b1f6c5acf6e0c573ee7bc,1156350400,2,5829231
b4496a0e2ad98feea54dc7ff735a664c,1156500000,58,5719845
b4aa4282c89697937f5f4fa78942964b,1156430100,27,5902942
b839ebc9fb7428e8bcaf3416bc56df38,1156510900,1,5902921
b90bccb7e0310833768da28abb366766,1156350900,13,5817143
b91c7a3593c25fe9bd1e5794e6181d16,1156510100,25,5719845
b9e5e83fc8180c2f1fda1410260e0c00,1156431200,54,5817177
ba8992ec1473f0475ff8789af3d287cf,1156513400,26,5719845
ba971ffdbecc983d3f17eb561da323ce,1156350600,21,5829232
bb195aa5b39633fdba3527350dd0ceeb,1156510700,14,5817203
bbc021ac5852866076712252330d7a17,1156350300,12,5817203
bc9badf8c86c45321fb359bec13cfb51,1156431000,1,5902876
bd033c28408ac34378bd31a46d608238,1156511000,26,5719845
bef162b7e4787dbeac879a1378580505,1156511900,12,5817203
bef21c7a8be924cb156063b06f2b177a,1156350500,28,5719845
c12a614bde13484d945174f058d61f8c,1156510500,1,5902883
c34d63c05c6f5c716de57116e4743173,1156430500,1,5902950
c3ee64c0a55657cf523f9667058884a7,1156510600,1,5829231
c4047feebaece1c1c08ad9d4d0e5942f,1156510900,8,5902899
c47562f06d9658fa52f3d2e12c574b30,1156350500,1,5902885
c4a383157dfe1a0e5fb99912ae180c5a,1156430800,6,5902951
c5a0585ca76810833c6454f21ed747ab,1156513400,1,5660048
c5b23b3d38c4c712cf8c1a98a010ab3a,1156510100,19,5902912
c82d7fdca986c2e41a53dd29d79d197b,1156350900,1,5829231
c8880c812e5d94d32957eccaaeb18705,1156350500,1,5660048
cb7500b917f72d876dfb4840aaad9db4,1156410900,29,5719845
cb7aee609d48b78f2ecc319dbb0f5a2a,1156350100,50,5902877
cc30a7d83b78c0ded13dd3d030de3992,1156350900,4,5817177
cd20e61fa9070f7e3442e69fc33eb133,1156511700,1,5829231
cdc021aac6a57e74c66a2ea8a0097a81,1156350500,30,5829232
ce0a460692860307fd283514c5e6e16f,1156510100,37,5902932
ce76cd89a4c22fc758566f71eec8dcf5,1156510100,28,5719845
cf222de33a4d8c9765ac18b9035cc991,1156510100,8,5902879
cf3b058958cb3ecbf5fa528566378fb5,1156511800,8,5902879
cfa5c3c1cbe04e934e8d06695f3f176c,1156430100,1,5719845
cff12b31c443441181427150abe35c5b,1156510700,12,5817203
d44d10d52ede6f732ac02c5446f206b8,1156511500,2,5817143
d66338c2bf3ee77ba086ebdbc949e98f,1156511900,1,5902934
d72a693073702ba6573e07bf2134484e,1156513400,1,5660048
d7a1a7dca9c8f526756d4edaa9128622,1156511500,25,5902879
d8ac016d07918c862bf252dd2beaee4b,1156512000,41,5902945
dbeda88c97666d088c58fc06f4f93044,1156510500,1,5660048
dc180cbda6d6bd18095b5af8c2f3579d,1156430800,1,5902935
de093859fe37936e74cc1245d39884ab,1156350100,10,5902922
dea5ec0cb5ab75a0799ae03ba7b079ba,1156350100,7,5902879
e0595b81b843e0ece81daf5f2ce75006,1156350200,5,5902899
e07d99e05e22b616f010c8cb253a9dcb,1156430700,10,5719845
e0b99b44408524c75775438f1c7706dd,1156430600,4,5719845
e2d9b0d3f6ddba4d4c2dc2fb36776151,1156510100,1,5829231
e3cb22d5df2a30d829ce3a5c15e2f84e,1156510100,29,5719845
e491cdcb3553a960e7ad52e19e24d2f6,1156350600,27,5719845
e5287f5b11c90741e1206b852f035efc,1156510100,30,5902883
e550ccad1d1922cbe6a423e4da7c0946,1156510700,1,5902917
e65bad620e74a1acd786a2db562e9ac8,1156350700,4,5902879
e6ddc5c31f774a3437072460e82f266a,1156350500,1,5902885
e713b784859754265298904fcfbeaf8f,1156430400,1,5719845
e7bd11a42530449c73201862b304e4e2,1156350500,1,5902883
ea4a387fc8895878a495d55ea27556cb,1156510100,12,5817203
ea58cbf245bb4555d9c43a7274d0e491,1156350700,1,5902883
ead8ae815af81a043a52a5d1e8e6ed7b,1156511000,28,5719845
ebeb238ba0fb5cfb86c9640ec659d0ab,1156510100,1,5660048
ec08d120bcad0e647d9928d62050beb4,1156511300,23,5902879
edc5418bcf8e5a0bf46afc4ab543954c,1156431200,20,5871979
edf0ef8b5807644dd5dc940348644678,1156440100,1,5660048
ef54c256329246cdde64a1a6d927d780,1156431400,1,5902883
efcc37ab11cc5bded5fa396e70d41eb8,1156511600,2,5902885
f0bd0d692d6ffabb0abbf2939ac07b75,1156510300,12,5817203
f0ffde1d6efecf7123a06ba927f17826,1156511300,1,5829231
f3f0c5920678f217748f6cfe557e7c77,1156510100,12,5902903
f417d3018b35ce31ebe40b59c28f9b98,1156430100,7,5902900
f51ac27a21afa6268b46589b2eb50aaa,1156350100,1,5902874
f66db1c8e19e269b206b7473031c074d,1156510100,25,5902879
f684febf5d4ed54f4fecac7a379c0531,1156510100,1,5902907
fc179eeb0b4cf4a6ca1be450e2e769ee,1156513400,11,5817203
fc34f90f72ac0ad5c8581dc2e7c6373f,1156510300,2,5902917
fd8c9e9feb81da0f2f736d97a5597f8c,1156511700,24,5902879
fdb34ac5f1a394ffcbcb9b69932bb0b7,1156510100,1,5902883
fe264294ee5f4285a2cafc5ba6d7c9f4,1156511400,1,5902926
