00310d2de3f012e9f39e609dde0ffad8,1156320500,36,wap.lotosserwis.com/*
0176b70c338c727092a8d0ee5448d76b,1156610300,2,wapbd.082808.com/96_37/Class/canyin.html*
036abc2411b73e6e74ac894a02bdfe49,1156500000,1,m.jmw.com.cn/so/i2/*
03e54d52d75e49d2537041f7c04cf90e,1156620600,27,wap.lotosserwis.com/*
05f35cb21e84c4f94d98fdb392a8e238,1156420200,53,wap.lotosserwis.com/*
0628b3af023c038ddc4cca6152a85746,1156510100,41,wap.lotosserwis.com/*
072e6e9c2c5b03d31a705b93f455f714,1156411500,5,m.jmw.com.cn/so/i2/*
07ce834838dcc454602d59731fcda3a4,1156500000,26,wap.lotosserwis.com/*
0859d340dd52a059e95e4b77d1401c02,1156410300,32,wap.lotosserwis.com/*
0a7d031ff8a3e3f98335523710722110,1156620100,36,wap.lotosserwis.com/*
0d4c61b54115a84a20c0c3a0ecac37d0,1156620400,34,wap.lotosserwis.com/*
0e2b60944e01e40c327ee68de65379ad,1156410500,1,wapbd.082808.com/37/Group/wlcy_bpcy.html*
1031d77aaa41b09c4b3129700baac3c0,1156411600,50,wap.lotosserwis.com/*
1060ae340f29884860f7f2be9559b01b,1156511500,33,wap.lotosserwis.com/*
107742f1122193542070a1741a877f16,1156510100,2,m.jmw.com.cn/so/i2/*
1159ac4b7c75c8a3f4467df14b0bad2b,1156640400,1,m.78.cn/cyyl/*
125f64cc86246dd9168791394d748398,1156510800,32,wap.lotosserwis.com/*
1360cb0b9efcb1aab9db033b5d0a0217,1156440300,3,wap.lotosserwis.com/*
13bbebf43f3bd3eb6c96da6f318ece91,1156500000,24,wap.lotosserwis.com/*
152cc536761654968a43714e130f1230,1156411700,1,m.jmw.com.cn/so/i2/*
16718e0612ce68bd19f58877d0dea4a3,1156620100,34,wap.lotosserwis.com/*
17ad0ec07cac911a59b25da9db84cd5d,1156410100,27,wap.lotosserwis.com/*
18c386a8fb6078c8ca2d9e583e964065,1156411300,120,wap.lotosserwis.com/*
1c8b7c78a83612340240fc2ef76fc247,1156610100,1,wapbd.082808.com/37/Group/wlcy_bpcy.html*
21724c02228e14fdc69159f797af4e7c,1156511500,30,wap.lotosserwis.com/*
26fb956be7e30b878342fface39ddc79,1156510100,1,m.78.cn/cyyl/*
28847749f92cbe43447121c9436735a6,1156513400,29,wap.lotosserwis.com/*
2904835e92ee9550f8f9d47f9e61fe67,1156410800,351,wap.lotosserwis.com/*
2ae0a095cfc0a6e9be39a542065caada,1156410900,50,3w.sjgh34.com/wp/hbjiwap/
2bc2212f5df874d26623cc8d655a1c1a,1156411300,37,wap.lotosserwis.com/*
2d506c9f1d4d5b65dac7f2b487b549d7,1156420800,36,wap.lotosserwis.com/*
2e6e8177ac4172bce602476c384d6c25,1156620900,1,wapbd.082808.com/96_37/Class/canyin.html*
31515b6b197c75da4a972cf9b1493696,1156420900,31,wap.lotosserwis.com/*
351f7f3b54a261136eb4a2304e257ddb,1156511000,1,m.jmw.com.cn/so/i2/*
38925975bf91a12e68e7a77f568be27e,1156511400,7,wap.lotosserwis.com/*
3912c093761b199cae5e71dace9bc5b1,1156610100,1,wapbd.082808.com/37/Group/wlcy_bpcy.html*
395d2c95d6ae047a4af5ec35468faeba,1156622900,1,wapbd.082808.com/37/Group/wlcy_bpcy.html*
3d899769079ae5f875e8bf97d052b47d,1156421000,6,wap.lotosserwis.com/*
3e3dd2ade834d440086cceafa658d3e2,1156510700,46,wap.lotosserwis.com/*
3fe79d0859cd1c09f646b36f2f6b8c06,1156410300,36,wap.lotosserwis.com/*
402ae817fa1d3d80d44303775a12f1aa,1156500000,38,wap.lotosserwis.com/*
40d6863de0b6803715a3a768f8cb5c11,1156511100,13,wap.lotosserwis.com/*
423e78f950e0486093ece61533aa4252,1156510700,38,wap.lotosserwis.com/*
4387dabc1ef676eb6482dd16608dabc5,1156230100,11,wap.lotosserwis.com/*
46fefcb0570fd0c1ba0ede7d074025a2,1156350400,1,m.jmw.com.cn/so/i2/*
494a0d9258b3c6a2f3a04c74f2f9290f,1156420300,31,wap.lotosserwis.com/*
496382d63a04355c4701c5b71d99fef1,1156511300,46,wap.lotosserwis.com/*
4e66cb7eae5b24a28957f22d2c9b777f,1156421800,83,wap.lotosserwis.com/*
4f6770d4a579d8edfa839d7dbdfa5158,1156512000,1,m.jmw.com.cn/so/i2/*
5000b3c6e8c3040df4a991a9ab705304,1156411600,1,wapbd.082808.com/96_37/Class/canyin.html*
5044c4db3bdfea46e9b146aff844b6e1,1156511700,34,wap.lotosserwis.com/*
504927847204c23991935af130c79301,1156511500,7,wap.lotosserwis.com/*
508d8cdbdb5eb3e2b1863003b56fabc5,1156511800,1,wapbd.082808.com/37/Group/wlcy_bpcy.html*
515454fe1c00bd652dee36723914d90b,1156610400,1,wapbd.082808.com/96_37/Class/canyin.html*
51a4b46190513f18da902e7dbeaaafc8,1156410300,11,wap.lotosserwis.com/*
522df15f322f7dbb8d8b870b2dcfe25d,1156511700,28,wap.lotosserwis.com/*
53205f11047b762e78b2d21c07b70d7c,1156620500,13,wap.lotosserwis.com/*
5498e8cd96f760b809b65c2dffa3bea6,1156411600,1,bdyzwl.zszx001.com/sbsds-wap-wgn/*
54ec22e6f02bf9df7f7bbb42ccb5c9f7,1156500000,52,wap.lotosserwis.com/*
5600056f1acb926c790a0bd7a576921c,1156411400,39,wap.lotosserwis.com/*
59d44591974b5cd210f7b4666ab8b3d9,1156510100,38,wap.lotosserwis.com/*
5a91677ce012f3de616bb9c99b17c752,1156500000,5,wap.lotosserwis.com/*
5b0687a5a2f6e57376e8be4140d72702,1156510700,46,wap.lotosserwis.com/*
5ee4c6b2bf0718ad5d265990cb12b8a7,1156350100,44,wap.lotosserwis.com/*
60465757d0982e9839ddb96bd2bc9b87,1156511600,1,wap.lotosserwis.com/*
608fd9f48913a6ad9c6aa7de67bb9e9b,1156510400,21,wap.lotosserwis.com/*
61031084cca62ae255ad83e8a4793d0e,1156420500,8,wap.lotosserwis.com/*
61cfd4ce450ad9e2742f65f6ca97118e,1156500000,8,wap.lotosserwis.com/*
630d39ffddebd172bd8f3c05dca0e946,1156511000,120,wap.lotosserwis.com/*
637c1e98c6c85ef3ba3411eed0dec42e,1156640100,5,wap.lotosserwis.com/*
66b74c3076feeae1a5b4bc864c22ec01,1156620300,42,wap.lotosserwis.com/*
6884f911546cb9e229a2bd899dc031db,1156620800,23,wap.lotosserwis.com/*
6a5041a531b2e245bc96d30c3c20eaa3,1156511500,1,bdyzwl.zszx001.com/sbsds-wap-wgn/*
6bd6d337e9a38216cfa358c8ac136848,1156511700,89,wap.lotosserwis.com/*
6c2790b974c89ea0482f7597f1350c72,1156640100,36,wap.lotosserwis.com/*
6f9ba35ec50c71c74fbeef7a1f95294e,1156510100,29,wap.lotosserwis.com/*
700b8ea538c7d2440bd93df566cf05a5,1156620100,15,wap.lotosserwis.com/*
7176cbd86cc9a7037d4673502791f014,1156620700,3,wap.lotosserwis.com/*
72542e216d54d88422d1208269bed85c,1156421800,1,m.jmw.com.cn/so/i2/*
7267b6a21c1b4ae0ff92bb21df0eeefa,1156510500,4,m.jmw.com.cn/so/i2/*
73062dcca81d5c3fc4945a0d2210edd2,1156421000,15,3w.sjgh34.com/wp/hbjiwap/
73463c2d4a3a7210a74c0d1da1fe2a31,1156410500,10,wap.lotosserwis.com/*
7406e8760cac57c354843fb8c4dfeaa7,1156500000,34,wap.lotosserwis.com/*
744105389089763820ee7a815d65e9a2,1156510800,5,wap.lotosserwis.com/*
75357933c3a281f9e067e747199f00dd,1156411700,42,wap.lotosserwis.com/*
7537f617308d0ad3646a7641c4f06207,1156421000,1,bdyzwl.zszx001.com/sbsds-wap-wgn/*
753de952871af9103073a1ef2aa0854d,1156440100,16,wap.lotosserwis.com/*
769024f11be934e76546bfa722224a23,1156510600,1,m.jmw.com.cn/so/i2/*
77facfd409d9a1257384878eaba9cb8c,1156620700,1,wapbd.082808.com/37/Group/wlcy_bpcy.html*
7b2b0fc6b26623039c6022e82a9102a3,1156411400,1,m.jmw.com.cn/so/i2/*
7b457bf2bdb8d5571d9b115da8b95b41,1156410800,88,wap.lotosserwis.com/*
7bce1400431e475d22de2131605f224a,1156421000,9,wap.lotosserwis.com/*
7be675968e76be534fca089f87cba391,1156410500,46,wap.lotosserwis.com/*
7c14a339a58968b7f8f6d3c3c23561c0,1156510100,31,wap.lotosserwis.com/*
7c8ca18f92ed5528c143b0ffe7b2a91a,1156411600,43,wap.lotosserwis.com/*
7d74c5743bbb440220b03e51f028c29c,1156500000,82,wap.lotosserwis.com/*
7da3d1bf268f9ca409209859cab15a08,1156150200,21,wap.lotosserwis.com/*
7e0f9246a48f621dc14e6a3affd6da15,1156522700,1,m.jmw.com.cn/so/i2/*
7f73241df62db5d209fb1efb7cea0332,1156510500,24,wap.lotosserwis.com/*
8377b1fb9d7c4feb6749fed5dd86e28f,1156410100,2,m.jmw.com.cn/so/i2/*
8473225b7b50819205a78442edbf64af,1156510500,25,wap.lotosserwis.com/*
85bf253df198bb7c3878cf999904ce87,1156411000,32,wap.lotosserwis.com/*
86aa8968e64ab8685a3e5ba1908bd19c,1156510700,1,bdyzwl.zszx001.com/sbsds-wap-wgn/*
8779c07b45d5bad320eef0a446d391e3,1156510400,41,wap.lotosserwis.com/*
8957d1e17c32b439c57d6c19b4b77535,1156520300,27,wap.lotosserwis.com/*
8966d003996594a58d657bf1f5b44084,1156511400,34,wap.lotosserwis.com/*
8bcbdbb13957a75acb2cea3a5089bf87,1156421100,19,wap.lotosserwis.com/*
8cc56a86b97bbf8cf60b592b76da8241,1156510100,1,wapbd.082808.com/96_37/Class/canyin.html*
8d3503e74afc53c5a07b8b9d62120d7a,1156610100,1,m.jmw.com.cn/so/i2/*
8ee5de00543a857864965a8db95f0384,1156410100,1,m.jmw.com.cn/so/i2/*
8f2393dbdf3027ae5d98d443401ea650,1156620200,39,wap.lotosserwis.com/*
90b997afa2ca137ad77382ff7e852224,1156410400,13,wap.lotosserwis.com/*
942e160e3e16b243c8405d0dd0a5edef,1156620100,1,bdyzwl.zszx001.com/sbsds-wap-wgn/*
94b0c620225037962c5d689651c5389d,1156421300,6,wap.lotosserwis.com/*
9769eb4c3fc1bf97e65209b3f422416f,1156620400,30,wap.lotosserwis.com/*
98f868f8a65adcdfe85500db1839acf0,1156140100,26,wap.lotosserwis.com/*
98fae41da763fffe834a6b44f67b433e,1156410300,29,wap.lotosserwis.com/*
99fe2d554a48dc3140fcb0699e7da098,1156500000,34,wap.lotosserwis.com/*
9ba3c796e3e994e8db088982b3677580,1156421500,37,wap.lotosserwis.com/*
9cc3739c5d35a442f560250bb2177047,1156610100,3,bdyzwl.zszx001.com/sbsds-wap-wgn/*
9f6f1e3b0f63b713af51dce57848deaa,1156330200,16,wap.lotosserwis.com/*
9fb15ae93c99b7921e76f5755e1f147f,1156511500,34,wap.lotosserwis.com/*
a173a519ea214ef3371456e95682094f,1156320900,26,wap.lotosserwis.com/*
a25696eab3054eb9b35031b2f640de67,1156511300,29,wap.lotosserwis.com/*
a2956b049918b79067c2f3312644557b,1156621000,1,wapbd.082808.com/96_37/Class/canyin.html*
a3ae0f81b35090e05d17c28cf949581f,1156510900,43,wap.lotosserwis.com/*
a3af25c35d813b197221a3f49ee4f420,1156421200,9,wap.lotosserwis.com/*
a7d839463829907824f371ee50492463,1156510100,35,wap.lotosserwis.com/*
a896bf797b38691663585cbab408056b,1156500000,34,wap.lotosserwis.com/*
ac808e1988c4cfe8ecf947b87a5e46af,1156410800,6,wap.lotosserwis.com/*
ae6e89cd54df81164bc74f43fc836d0f,1156620900,46,wap.lotosserwis.com/*
aea1649ed7a999c393048e4bb337f01d,1156411700,1,m.jmw.com.cn/so/i2/*
aecbdaf8269631e6f30811d106c5d901,1156420200,17,wap.lotosserwis.com/*
af08a20c3d71ac264d260ba640412ca2,1156621000,15,wap.lotosserwis.com/*
af4183a26f76379f3fe2d404465a4d5f,1156620800,36,wap.lotosserwis.com/*
afbaa664002f5763e184696e78d336c7,1156610500,38,wap.lotosserwis.com/*
b09c300769eecee12415e2deccb72f8e,1156421800,14,wap.lotosserwis.com/*
b4219174fcab6d38841e4d0c34066b88,1156511600,3,wap.lotosserwis.com/*
b5251fdfbf24fd14e27287663617abf4,1156500000,36,wap.lotosserwis.com/*
b89620239edf9a3db042f7f30ad50a97,1156510100,1,m.78.cn/cyyl/*
bb803249a9a967c1a832d3b6e2c585eb,1156621100,37,wap.lotosserwis.com/*
bbf483b36ab3994c91c21bf9ff5d2e49,1156410700,19,wap.lotosserwis.com/*
bc32f988dfdb7085a9d6ba9130ac21fd,1156410700,28,wap.lotosserwis.com/*
bd75199c2c9ee1e571e4c2908e3d977b,1156421800,30,wap.lotosserwis.com/*
bd793896a4fc2bd2009ffbc645c20edd,1156620900,72,wap.lotosserwis.com/*
be02d38b3945365d8d5b4e770888205e,1156511000,118,wap.lotosserwis.com/*
be1bbf6be8a0fd0fa2e6ce8023293df7,1156421500,1,bdyzwl.zszx001.com/sbsds-wap-wgn/*
bed696c93df972624c650f82a2cd4b96,1156513200,204,wap.lotosserwis.com/*
c009ec68dbc4f256f51b3dcbe7423000,1156620100,2,wap.lotosserwis.com/*
c0af1a1a351257677ec1ec0ea41cf626,1156411400,27,wap.lotosserwis.com/*
c17573412881ce02b40cd022a4733cc8,1156620100,1,wapbd.082808.com/96_37/Class/canyin.html*
c1758dfe02286ce789ff24a4e177c99b,1156510100,1,m.kmway.com/project/cyyl/*
c1c2505609f72a3b45c3a1a82238fd7b,1156510700,113,wap.lotosserwis.com/*
c29a2a48c72aaee385f9d42afe428a94,1156510700,1,wap.lotosserwis.com/*
c2fcf0c2815e87f46698ec6f983305f1,1156532300,1,m.jmw.com.cn/so/i2/*
c447d247d9eeeac88744ab3aba2d766c,1156420100,19,wap.lotosserwis.com/*
c64d63bc58c50d5a0656f25b306260cb,1156420100,29,wap.lotosserwis.com/*
cdf4b97a73ca477b49ec947e076ef959,1156420100,34,wap.lotosserwis.com/*
d02febefcd005d54fa59bd19a810e984,1156500000,32,wap.lotosserwis.com/*
d04bf7536100809bc5465299aedaa519,1156611000,1,wapbd.082808.com/37/Group/wlcy_bpcy.html*
d111e9cd870c565e432b10ef8b2f677e,1156511300,62,wap.lotosserwis.com/*
d1f88a3e281f53bf60cffc40d96ff454,1156522700,56,wap.lotosserwis.com/*
d272568da1e5425c9962568c44ef290a,1156620500,40,wap.lotosserwis.com/*
d496323250bd42be867b0f23b3ebac15,1156411700,48,wap.lotosserwis.com/*
d4a0a7a94a2bcd0305fdf04a55f64005,1156420100,1,wapbd.082808.com/96_37/Class/canyin.html*
d4b10254b8d01e9bc3cb15ba2fc04348,1156421800,9,wap.lotosserwis.com/*
d4e240220905249a5892eddc77dadcc4,1156411600,6,wap.lotosserwis.com/*
d52af73ebfa4e5daf9ac62eb2be39fb2,1156511700,2,wap.lotosserwis.com/*
d5310c4e2e5fb6419a2038524cef6bfd,1156140100,1,wapbd.082808.com/37/Group/wlcy_bpcy.html*
d65e1aba56b2326ebdda1ca880fcd5ba,1156620400,1,wap.lotosserwis.com/*
d6d60489ad9b8b4a98b105983bd0d305,1156530600,77,wap.lotosserwis.com/*
d8f8ca0cec8c1fce7800e2ed21a8d571,1156510700,32,wap.lotosserwis.com/*
daf392418a64fc764a7ace388d2c92c0,1156500000,22,wap.lotosserwis.com/*
dc5e5a8360655cfc507859a983ceb2fe,1156620100,21,wap.lotosserwis.com/*
e07b99f59374559324935f22911172d5,1156620900,75,wap.lotosserwis.com/*
e12274a6078e71b5db6bee7e7d52840d,1156513400,46,wap.lotosserwis.com/*
e344941d9eea099c8454010c3807e612,1156620800,37,wap.lotosserwis.com/*
e3b6d7f68d229db8f758a4b1575c49f7,1156620800,17,wap.lotosserwis.com/*
e467984e6934178db3b2b97a585eb0ba,1156511100,34,wap.lotosserwis.com/*
e481492e20129a40002a71214e1af4ef,1156623000,77,wap.lotosserwis.com/*
e511a44c548e7a8af47f88c543cc4b34,1156620500,1,wapbd.082808.com/96_37/Class/canyin.html*
e5446a593f989034d022b2a389f28d54,1156510100,24,wap.lotosserwis.com/*
e63ac85744b3f86285611098decdfe69,1156510300,39,wap.lotosserwis.com/*
e90135f2e33b06d561fcfd2e7a117e34,1156410500,4,wap.lotosserwis.com/*
ea3430f07c960678b2d72bad37bf259d,1156500000,1,bdyzwl.zszx001.com/sbsds-wap-wgn/*
eaef05c4dae1648e9ab98522e33e9d8c,1156421800,15,wap.lotosserwis.com/*
eb297356507aa5823dc3d6a0b0568d53,1156500000,1,bdyzwl.zszx001.com/sbsds-wap-wgn/*
ec06e02a9007c47840de3e6768179c80,1156440100,1,m.jmw.com.cn/so/i2/*
ec42824ba2e0edb582aea9c3f65a9fb1,1156620600,8,wap.lotosserwis.com/*
ecf1037cc70a0d3bc7af4b4d423ed1ad,1156621000,9,wap.lotosserwis.com/*
ef25937189f3139895b1d51330c03cde,1156500000,22,wap.lotosserwis.com/*
f09f57fd3309830897800cb1d7d25cf8,1156621000,5,wap.lotosserwis.com/*
f4b8af640d720138bd911ca1f5bc8bf2,1156130900,1,bdyzwl.zszx001.com/sbsds-wap-wgn/*
f4e83c68bd1b7088400c2b7c48760814,1156410900,40,wap.lotosserwis.com/*
f6d321a1fdba25b5741346bdd98ba2c0,1156510100,1,m.jmw.com.cn/so/i2/*
f71c5ce1fa61c3eedb09b3e14d71c5c8,1156510100,78,wap.lotosserwis.com/*
f8329f368aa46ce9e497b9a30ba462af,1156421200,1,wap.lotosserwis.com/*
fa674dada9e96bc355299a1d7c6d3e66,1156510900,1,m.78.cn/cyyl/*
fa6fc4cc0b5f3ee6c048e3b912db02ad,1156411000,33,wap.lotosserwis.com/*
fab9f4d26ce1b99951ab2c94ea66545e,1156620300,31,wap.lotosserwis.com/*
fada76ed57de6905207eff3569916f7d,1156140200,1,m.jmw.com.cn/so/i2/*
fdeb55d008df0303433620c719258d57,1156510800,34,wap.lotosserwis.com/*
ff86c6f0c2d1e555c42bc9c4bf5a0267,1156511900,25,wap.lotosserwis.com/*
ff95afde186bebafa351ff3774eeb33b,1156620500,33,wap.lotosserwis.com/*
ffb301733bbd948909b91adaf2049264,1156320100,45,wap.lotosserwis.com/*
