000bc8c5bb00745ff8efe7e6c04364ed,1156520200,1,m.233.com/cfe/*
00cd1b1fcb1e844230129e1d67f76622,1156420100,61,www.niceloo.com/jzs/yx/*
0110a649eaf7ac1d76a2ce128a9d7f81,1156330400,15,yidongm.zzbredu.com/*
0138bad70692d67ab360ad405be498b9,1156341500,6,www.niceloo.com/jzs/yx/*
014972bed4e9ca740779f1cd3e821cbd,1156522600,2,m.233.com/cfe/*
014e71bd1c8d5a63781bbfeee941a401,1156440900,1,www.niceloo.com/jzs/yx/*
01f8a4038659ff29e837f623996aade1,1156422800,1,xiaofang.offcn.com/zt/xiaofangh5/*
021e54ee7206c2e00f15c78205704fc9,1156150800,3,www.niceloo.com/jzs/yx/*
02487e7bd65ea15ba85395942a82d12f,1156440100,67,www.niceloo.com/jzs/yx/*
0259858da43211e9dd7ceb21597c6112,1156331000,3,www.niceloo.com/jzs/yx/*
0284727d0fa13ed590bbc89e2a253774,1156520300,1,www.niceloo.com/jzs/yx/*
028624c9b2b3ec430dda81f90185f8aa,1156431000,17,www.geedu.com/zt/jzs/yx/*
02a9a1dbce964ac76b9bc63498a3cbfd,1156330200,7,www.niceloo.com/jzs/yx/*
02c0d4b26b4ac5bea61d4cf5ce9347d8,1156430400,7,www.niceloo.com/jzs/yx/*
02d2c441c9293ba85c452de24732f11f,1156421800,2,m.233.com/cfe/*
02d2fa6ae91b93b8bf49abbd50206126,1156422800,9,www.niceloo.com/jzs/yx/*
0312973b11b3ef3c0c63a2d799658324,1156340800,2,www.youluwx.com/*
0338154b14091894da5a6946057495a3,1156370900,5,cqiedu.com/xl/xf*
03637667e61332b85701ed60ae7790e4,1156430400,12,www.niceloo.com/jzs/yx/*
0395a2c2d7f6d3560674355040c29945,1156441900,60,www.niceloo.com/jzs/yx/*
03a8183d37bcb90d6aedb41bf94c8b4b,1156331100,4,bj.hpwxb.com/xf-MB*
0401d19e50116f55d4a45e64aedb3622,1156500000,1,fudaocq.com/jiaoyu4/t2/sem/baidu/mob1/*
042d84edf3bbe1360e6a426e38e5b222,1156420200,7,www.niceloo.com/jzs/yx/*
0463b56afce73fa7bc38f22114a29774,1156500000,9,www.niceloo.com/jzs/yx/*
04cdaada384684a76d8b596bd32c34a9,1156331100,1,yidongm.zzbredu.com/*
050a4f2ee4a7f2a37b9d29635659eebb,1156420100,1,m.233.com/cfe/*
05c2d7512e18141385e059b1b01e2213,1156440100,44,bj.hqmianshou.com/xf_mb/*
05f043c73c815f6c2a084c6aaeea5f10,1156445200,18,www.youluwx.com/*
060aef62a3987e4a2206f028939ddec0,1156420500,1,www.youluwx.com/*
0623ced536627bcadef8d55bb7ec42a3,1156330300,1,www.niceloo.com/jzs/yx/*
069198f8e03ee4e29459cde27a296673,1156421000,11,www.niceloo.com/jzs/yx/*
0693d58a163c1adea849929cf328825c,1156431200,8,www.youluwx.com/*
069f7a8463cb30015d27ac881e754aac,1156310000,15,www.geedu.com/zt/jzs/yx/*
06a8eafcc86d04c41634dec466cfd472,1156500000,30,edu.yytme.net.cn/*
06d8e7dcb5bf3b1c32d5b361ffe8d582,1156431300,7,www.niceloo.com/jzs/yx/*
06e1d1e58c40215a9feeb015dcf38224,1156330300,2,www.niceloo.com/jzs/yx/*
070fbb74fdf449c47844ca9359b9fd1a,1156431400,4,www.geedu.com/zt/jzs/yx/*
072c6b76ed44af173746a12e3ccacef4,1156330100,53,www.feiyue119.com/*
074628a07f34b69a761a6973d1a86eaa,1156360300,6,www.niceloo.com/jzs/yx/*
0759fa06c73dfca6516c2873d712effc,1156330200,5,wap.senda-edu.com/xfs/*
0808f45b06cdab3d54b335ad604ba0ce,1156430300,3,www.niceloo.com/jzs/yx/*
088002cee86063ffc615602aaaa49f80,1156430100,7,www.niceloo.com/jzs/yx/*
08c7cfdb99121feb1f38f71aa91f91a0,1156430400,7,www.niceloo.com/jzs/yx/*
0960a7007f5bef8ea012c3d61937daa8,1156431000,7,www.niceloo.com/jzs/yx/*
097c01860ab3349e3b3060e2572dea92,1156330700,6,www.niceloo.com/jzs/yx/*
0998d585b27bf72adfd9d809b8d5a83e,1156420100,7,www.niceloo.com/jzs/yx/*
09a63f41aaaaf304e9e244b874bb3aab,1156421100,1,www.niceloo.com/jzs/yx/*
09e5e1c9054ce8dfee6b3ae55b0cc6ee,1156520100,1,m.233.com/cfe/*
09ead2ed7f11f8605dd37809a825574c,1156440200,3,m.233.com/cfe/*
09f13948b8ab56f8e039c5331a164cee,1156420800,1,www.geedu.com/zt/jzs/yx/*
0a13fd939e2a2d69c34d3c89d3cb7d41,1156420800,12,yidongm.zzbredu.com/*
0a24086bf220424bad72dc99ec7c6df8,1156421100,6,www.niceloo.com/jzs/yx/*
0a4ddf781fbf4cf77a9fe476bd675749,1156430300,2,www.niceloo.com/jzs/yx/*
0a652859cd6bded1a1ba334d5d12d8e1,1156431000,7,www.niceloo.com/jzs/yx/*
0aa2041d0e43db1bee4463bbd5fa7f78,1156330100,2,wap.bangkaojiaoyu.com/bjtg/xf/*
0b2d2ba889186c6750d7e0e6f9056b3f,1156331100,2,www.niceloo.com/jzs/yx/*
0b75c371eb968244a3132f34942d3a35,1156421100,11,www.niceloo.com/jzs/yx/*
0bbf7890a190d673eb6beaee11a9c9d5,1156420100,7,www.niceloo.com/jzs/yx/*
0bf46b45e572370b3ab6f1dd419f5a88,1156520300,1,www.niceloo.com/jzs/yx/*
0bf67b3387e7a55fba8ab52e78964dfd,1156421100,25,www.feiyue119.com/*
0c2bda33b0577c519eba9e7aaa03bc63,1156421100,7,www.niceloo.com/jzs/yx/*
0c487c970473821502c2478f724f62af,1156331000,12,yidongm.zzbredu.com/*
0cc5be34ff9e4d9367127f0420d56ed7,1156420100,1,www.niceloo.com/jzs/yx/*
0d11992751132d6d65693886dc3f3d14,1156331100,9,www.feiyue119.com/*
0d1fd2518f965e7edce8e687e8a080be,1156420100,7,www.niceloo.com/jzs/yx/*
0d4e5ddef2bc3dcf830a473eced849b4,1156440300,51,www.youluwx.com/*
0d8feed544adc682ac6bccb0c4f1d605,1156441600,1,www.niceloo.com/jzs/yx/*
0dbd1a33921121b31bc585619bb354c8,1156330200,2,www.niceloo.com/jzs/yx/*
0deb5c2260414c7e1aeb2c83d3c7e656,1156420500,6,cqiedu.com/xl/xf*
0e74ed77fdcc07ff5768cef933c3aae8,1156420100,11,bj.hqmianshou.com/xf_mb/*
0eee3b00119093d740f6c1a161385221,1156430100,5,www.niceloo.com/jzs/yx/*
0f238a489ced89c91b293a91193a2fa1,1156330200,9,wap.senda-edu.com/xfs/*
0f3ba0761a8a5f5eab3f13789900b8bc,1156411700,12,www.geedu.com/zt/jzs/yx/*
0f6b3698f2b85c34d92660234387ae16,1156621200,5,m.233.com/cfe/*
0f9176d312c979a178a9412c252bbb7a,1156421800,12,www.niceloo.com/jzs/yx/*
0fa7e58b76fd2ee457f46838e4e24bfe,1156420300,2,www.niceloo.com/jzs/yx/*
0fcefaaddd6f586951323014a48b97ef,1156330100,6,www.niceloo.com/jzs/yx/*
100351087cd77c4deb94611f35ef3152,1156520300,1,www.niceloo.com/yixiao/*
1005bad8bc78a471df91b8e1ed31c5ca,1156500000,37,xiaofang.offcn.com/zt/xiaofangh5/*
105a72b1d25c923f087da01327ec5deb,1156330500,1,www.niceloo.com/jzs/yx/*
1067ff13119f1efd62fe9f4f7bec3304,1156520300,4,www.niceloo.com/jzs/yx/*
106e160f746b4b22f82154f830fdf9af,1156430500,68,www.niceloo.com/jzs/yx/*
10950bf330217646181a8610bde04659,1156421800,5,www.niceloo.com/jzs/yx/*
10a6c45c26444f0d1c7a069148cbe7c2,1156445100,11,wap.bangkaojiaoyu.com/bjtg/xf/*
10de580da912dfc1e689ee76abd4782d,1156430900,7,www.youluwx.com/*
10e4d498d0e5d156bee954830adf76f2,1156440100,1,www.niceloo.com/jzs/yx/*
114c38560f84e8f4d6b8ec683e5e2c66,1156420100,20,www.niceloo.com/jzs/yx/*
11ce9be03f2606507d44f213f72389f9,1156330300,8,www.niceloo.com/jzs/yx/*
125d51675a253b29e72ee397431febce,1156520300,2,www.niceloo.com/jzs/yx/*
12b42aed6e3c3828559df691dd319400,1156420100,4,www.niceloo.com/jzs/yx/*
12ce9cb6180b42822d996f885d07baa3,1156421700,1,cqiedu.com/xl/xf*
131b7e8c64d284a5c2254396103312d8,1156421200,3,www.youluwx.com/*
1375d99391b4e69917439ee4116c605e,1156420100,6,www.niceloo.com/jzs/yx/*
1385b3fccc04423607234b63d4492c02,1156520100,1,www.niceloo.com/jzs/yx/*
13fac7be9fa85e6df303d08f3e443d1e,1156341800,1,www.niceloo.com/jzs/yx/*
14443955e8b1abda8c05a995520cd9f8,1156420100,5,www.niceloo.com/jzs/yx/*
1445a449fad0365dbd1305db734465a1,1156420500,2,www.geedu.com/zt/jzs/yx/*
14b77572e46eb30e4a94aef267aa1529,1156340200,4,www.niceloo.com/jzs/yx/*
14dbd22c17cde052c5066d9c6f045793,1156440100,1,wap.bangkaojiaoyu.com/bjtg/xf/*
1544ef0f19c3450480a681f9b05af98e,1156420100,1,www.niceloo.com/jzs/yx/*
154ba9a1b14dba485ac2a0c6dffa2493,1156520100,2,www.niceloo.com/jzs/yx/*
156019fc9abe920d097027c3a50a9c6b,1156420300,4,www.niceloo.com/jzs/yx/*
1580d8425d14eac5a510ca9ff8ffce24,1156430400,6,www.niceloo.com/jzs/yx/*
15908fcef550acc56a4e7fa9ae494f48,1156420100,3,www.niceloo.com/jzs/yx/*
1601047de674cec29c4d7d6ea4bd9835,1156411000,5,www.niceloo.com/jzs/yx/*
16236e018892e8a90f153ea1ff186c6c,1156410600,6,www.niceloo.com/jzs/yx/*
16319636a679103a06944a9542ec0f79,1156211400,2,www.yd119.cn/m/*
17a211c2fc4edbccc1826343f4a08e5f,1156440300,1,www.niceloo.com/jzs/yx/*
1898d988551927317e8119ca4fc10fb9,1156431300,15,www.geedu.com/zt/jzs/yx/*
18ba092635fa83fe9a4cfe9344ee0877,1156430700,6,www.niceloo.com/jzs/yx/*
193fe4088574ecf8f22fa3e4d4ace137,1156440100,12,www.niceloo.com/jzs/yx/*
194b5851b3037cd4bef49c1697ebec7b,1156440600,4,bj.hpwxb.com/xf-MB*
197b573aba4428c56b2cb9f9660e4ca4,1156330300,7,www.niceloo.com/jzs/yx/*
199769e73d595d2da98a5d130d13a743,1156430500,26,www.niceloo.com/jzs/yx/*
1a0be15dc71f96fe71e4702a4ea19d02,1156420100,11,cqiedu.com/xl/xf*
1a190d5289f65303dc95cb84c016140d,1156420100,1,fudaocq.com/jiaoyu4/t2/sem/baidu/mob1/*
1a2f38194185ff49d96ca7529b0bf62c,1156421800,5,www.niceloo.com/jzs/yx/*
1a52ff0f0c21bef12c4bb263f6002281,1156500000,4,www.niceloo.com/jzs/yx/*
1a5623baf49fd0bda859bbdeff071c92,1156440100,6,www.youluwx.com/*
1a6e1ecf7bf037a405c190641f33e66c,1156420100,2,www.niceloo.com/jzs/yx/*
1a7ae167fd237e55d1c7d11e8e14873f,1156430400,25,www.niceloo.com/jzs/yx/*
1a98090a38713e0075f1026a30af04ad,1156330700,7,www.niceloo.com/jzs/yx/*
1aa63e575224d8b968203ea7dbf3939c,1156420500,7,www.niceloo.com/jzs/yx/*
1ac71f3fd4424985d6f26a52475f59d9,1156420100,8,www.niceloo.com/jzs/yx/*
1b1fe13964ae4a458ec6d7885b47b7e3,1156330100,1,www.geedu.com/zt/jzs/yx/*
1b4f51d653ef0719150e020e9d0b537b,1156431100,39,xiaofang.offcn.com/zt/xiaofangh5/*
1b55bc46b920658ef9a8a58a33b68a0d,1156421800,6,www.niceloo.com/jzs/yx/*
1b87f86dfefad51cc97c6b83750e2474,1156440500,6,www.niceloo.com/jzs/yx/*
1b932db9b312cd8a53e3a348fd1748e6,1156330200,1,m.233.com/cfe/*
1bb8f1a7f3c59319c15763224d06dbf7,1156422800,1,www.niceloo.com/jzs/yx/*
1be698b60f97769ce80b31ae9d54e27b,1156341600,2,www.niceloo.com/jzs/yx/*
1c01384f4b399fe88064151f3aab15eb,1156420100,1,www.niceloo.com/jzs/yx/*
1c149add89d222d980c96a6959efd239,1156430400,6,www.niceloo.com/jzs/yx/*
1c3c4ea135c965b6e691a7f9b01ed425,1156420100,1,www.hqhwedu.com/m/*
1c50326afd7d6bcb11e80fb1792f4088,1156441900,1,www.niceloo.com/jzs/yx/*
1c5c526f2dace339b40c4f441693abc8,1156330600,2,www.niceloo.com/jzs/yx/*
1cc00eda83c84aeb166cac5654f3e073,1156440500,1,www.niceloo.com/jzs/yx/*
1cd6074788527bd246e9351423317c80,1156520100,2,m.233.com/cfe/*
1cf7b79512a56e296d384f13e35af4be,1156522400,4,www.niceloo.com/jzs/yx/*
1eba7d08fc613d2d0d02d9a7f0e4ce47,1156421000,6,www.niceloo.com/jzs/yx/*
1ec21f5b2c0dfb87e250e8776d20cada,1156431000,7,www.niceloo.com/jzs/yx/*
1f068de4b49af0748fcb4741c0f71369,1156430300,6,www.niceloo.com/jzs/yx/*
1f1b7ebfbf9848eed971d1281eb59891,1156430400,6,www.niceloo.com/jzs/yx/*
1f217916da2c756e754ddc3f36cbbb02,1156421100,2,www.niceloo.com/jzs/yx/*
1f41870c823e4e3022708d6fc8d7ec31,1156430100,17,www.niceloo.com/jzs/yx/*
1f4f6f9a313f1b1054384aaee34c7ae6,1156440300,30,www.geedu.com/zt/jzs/yx/*
1f6b60bf864170ecdc36d969386e36ca,1156330100,5,www.niceloo.com/jzs/yx/*
1fc7ac418bd62a694cbe088ffeff820e,1156421000,4,www.niceloo.com/jzs/yx/*
1fe9d7cb7c6b8eb516912a07e3105cbb,1156511700,1,www.niceloo.com/jzs/yx/*
1ff78f05bed4d5484225310c795ea0fa,1156440300,68,www.niceloo.com/jzs/yx/*
1fffcdc977653c5413113b77cf3107be,1156440300,7,www.youluwx.com/*
206f632f0c7cbca5a707e480dc6905f4,1156500000,7,www.niceloo.com/jzs/yx/*
20aaee7c233346b7e3f59b9b12590cb0,1156431200,23,yidongm.zzbredu.com/*
2103756e5609e6f4066ab71ffa24ebb6,1156330100,7,www.niceloo.com/jzs/yx/*
214cf07a3a4829cec0989a6aceda972b,1156420100,6,www.niceloo.com/jzs/yx/*
215ad7cc5cb0ae30553127bffac13bad,1156420100,1,www.niceloo.com/jzs/yx/*
2184b04403afed44e356dd1edae3db7d,1156420900,4,www.hqwx6.com/xf-MB/*
218a14416ec98570912e8074dbd689fe,1156331000,26,www.niceloo.com/jzs/yx/*
21aeda12cc35e8f44880a936f76503b1,1156440300,4,www.niceloo.com/jzs/yx/*
21bc3a2b4321d113e59fe4d832fee51a,1156420100,2,www.niceloo.com/jzs/yx/*
2216b5df9ac3f4d7ffaa223ebb7de79f,1156410100,1,www.niceloo.com/jzs/yx/*
22461ee3c179e4d474291fcd36bb77d6,1156430400,9,www.niceloo.com/jzs/yx/*
225759c26ebf4c37352cb3173d639fb4,1156510700,3,wap.bangkaojiaoyu.com/bjtg/xf/*
2266dfb4ac79488fdb24c40b75e3c0f0,1156420100,6,www.niceloo.com/jzs/yx/*
22931b970a34631b6255225085268bc8,1156420100,3,www.niceloo.com/jzs/yx/*
22a3b61069140f400546d1941f61caa2,1156430400,4,www.niceloo.com/jzs/yx/*
22ca72038235abf0b5924398d63cd4cc,1156420500,7,www.niceloo.com/jzs/yx/*
2301b6744f50141fd058b4209204c70a,1156430700,5,www.niceloo.com/jzs/yx/*
234f02bb0675352c68f91ed4d23c0607,1156420100,7,www.niceloo.com/jzs/yx/*
236c0fa0f595acec2da6c3ff13b1c98c,1156520100,63,www.niceloo.com/jzs/yx/*
2379b5f49603b09c40b58ce96c3fde79,1156431200,14,www.youluwx.com/*
23ae7d41ba4fa443ba5ea313c61e347f,1156331000,1,www.niceloo.com/jzs/yx/*
23f3e3024f312a1a3b9868cb013941ae,1156440400,1,m.233.com/cfe/*
23ff8828b044fb27c66d16ab788e4fb9,1156421100,7,www.niceloo.com/jzs/yx/*
2444ed041bdbfbec58c00b2a83be93ed,1156430600,5,www.niceloo.com/jzs/yx/*
24833b800d7b96abbe7123e3effe2163,1156420200,2,www.geedu.com/zt/jzs/yx/*
2487fd8e798d90cf02bcdfaba3061644,1156370700,1,fudaocq.com/jiaoyu4/t2/sem/baidu/mob1/*
24d5b3e8a48dec397c5b56599a3e8cc8,1156421400,13,www.niceloo.com/jzs/yx/*
24de77fd51afec795c5ee53f6bf57128,1156650500,7,www.niceloo.com/jzs/yx/*
25356aa1af4293d072ae9e2ac07377f6,1156510100,27,fudaocq.com/jiaoyu4/t2/sem/baidu/mob1/*
254a4fd52b424d1c4aad8f4960a2980f,1156640100,27,www.niceloo.com/jzs/yx/*
25b90c522cd7f677f6337634a2348ffb,1156440400,3,www.niceloo.com/jzs/yx/*
266314de32268554179c4b4073ee61b7,1156310000,7,www.niceloo.com/jzs/yx/*
2695d9a2f1df36bafed47e20161063f7,1156420500,3,cqiedu.com/xl/xf*
26e8d6ff86d842bef2edd5662f0cef49,1156440800,1,www.niceloo.com/jzs/yx/*
26fa49ddb6683a428a5b25fd629f1acc,1156441900,3,www.niceloo.com/jzs/yx/*
27411009fec3f765bf46fc1811e08582,,1,www.niceloo.com/jzs/yx/*
2774528c68a376c439dfb22b94a751d5,1156430400,34,www.niceloo.com/jzs/yx/*
27a9a6727660e673e2a8bdc7c2de2322,1156420100,5,www.youluwx.com/*
27ef875bfef935a23d947f3e4f3aa533,1156330200,1,www.niceloo.com/jzs/yx/*
285c0ec4f5ad09213d801603a097615c,1156420100,6,www.niceloo.com/jzs/yx/*
28fbaf390ee887c0b0d37838c7b80435,1156441300,12,www.niceloo.com/jzs/yx/*
290260f2d13595ce47f15396d99bf991,1156330100,3,www.geedu.com/zt/jzs/yx/*
2904277312bf902a18fde5f255232707,1156421100,5,xiaofang.offcn.com/zt/xiaofangh5/*
29c343ee220b9c6e9babfd1299ce243e,1156431300,6,www.niceloo.com/jzs/yx/*
29c8b51d98897db0d7e88dd7c120f377,1156520200,2,www.niceloo.com/jzs/yx/*
2a02717e16fd6bd4c4b33e419a8247eb,1156431200,5,www.niceloo.com/jzs/yx/*
2a3352fd5c8076165197909b1c5459eb,1156330100,10,www.niceloo.com/jzs/yx/*
2a5e95e1569e028d2f2d6e03b15a4aef,1156430500,7,www.youluwx.com/*
2a702e530d30525cd1b7fbcafb5ca312,1156450200,3,www.niceloo.com/jzs/yx/*
2a958820040d4797f0b5460449d94d0b,1156110000,4,wap.bangkaojiaoyu.com/bjtg/xf/*
2b3621dadfd43fb7ec0471f6319cf5e3,1156330100,4,www.niceloo.com/jzs/yx/*
2b634d1a3afe012a9a5f842103c43155,1156421000,16,www.niceloo.com/jzs/yx/*
2b7d1ae18d135c7ed409b8e0bfab2b11,1156420100,1,www.youluwx.com/*
2bb08802311ad06fc469adf2bff14e23,1156420100,21,www.niceloo.com/jzs/yx/*
2bfe0ce3e9812d880265eb01cb7c2cb8,1156331000,3,www.niceloo.com/jzs/yx/*
2c113bf0f6a713812ba35583b1beb78f,1156120000,45,bj.hqmianshou.com/class_xf/*
2c4330cea27cc6d84d294230993681a9,1156420100,18,www.niceloo.com/jzs/yx/*
2cddf1bb757cf321e69ba0a245eeba22,1156420100,43,www.niceloo.com/jzs/yx/*
2cfdbf94470ad0bfdd93d6594f9ef930,1156421100,1,www.niceloo.com/jzs/yx/*
2d646b99d04bc3bd8db2c10ba2e3cc5e,1156420100,7,www.niceloo.com/jzs/yx/*
2d7237939d8f5574f796ba387dc1fbc9,1156500000,4,www.niceloo.com/jzs/yx/*
2db821f95677558b181b83eb9ac9d498,1156330200,2,www.niceloo.com/jzs/yx/*
2e1dd02369e451bc4e53978a6d15661e,1156431000,4,www.feiyue119.com/*
2e63500096fc02659d4ee7f8d28be91b,1156522200,3,www.niceloo.com/jzs/yx/*
2ea1333b58cd6527194e05d3812b63de,1156421100,9,www.niceloo.com/jzs/yx/*
2f2fdf7d3d49a5c4cf3e74517712799c,1156421100,3,www.niceloo.com/jzs/yx/*
2f572a622f7599dfddc0a8106f30e3c3,1156510100,3,www.niceloo.com/jzs/yx/*
2f5b8075d60386439968792849928712,1156420300,1,www.youluwx.com/*
2f6d554605c047a9da72f6e88ecda176,1156421000,21,yidongm.zzbredu.com/*
2f708d254e9ecf864e7cef5b5fc16ae7,1156360100,6,cqiedu.com/xl/xf*
2f773afc5434d13d3c3a4a6ccc7006c6,1156430500,5,www.niceloo.com/jzs/yx/*
2fcf48efdedb0fc6e96eda4d37d57f7b,1156441900,46,www.niceloo.com/jzs/yx/*
2fe5a017421e9311f0e07a887d4e13e4,1156420100,18,www.niceloo.com/jzs/yx/*
30833d309cf28942e9fa282c12fd1436,1156431200,7,www.niceloo.com/jzs/yx/*
309ce1333ed19e7912da0c63815ca152,1156511700,5,www.niceloo.com/jzs/yx/*
30a637f5448e6d6853bf186562656d69,1156520100,2,www.niceloo.com/jzs/yx/*
30bd4abf80af3ca7fcd366b7c7767fae,1156445100,58,www.niceloo.com/jzs/yx/*
30f7bfc82696a84596276199f46ece1d,1156320500,7,www.niceloo.com/jzs/yx/*
311a926a3e1bf8de1c5377fb63051aff,1156421800,11,www.niceloo.com/jzs/yx/*
312ceca4d8bc7918133efe5e14c361f8,1156511600,5,www.niceloo.com/jzs/yx/*
31a82ca82caa5d38c28324f335e2e481,1156430100,4,www.youluwx.com/*
31c13005baea943af7ba5ed18d8a3f5d,1156420300,7,www.niceloo.com/jzs/yx/*
31dd99cd572dbf1074d627ff60b70561,1156422800,6,www.niceloo.com/jzs/yx/*
3228524625db2a65d61942ddd415cd5e,1156522300,50,www.feiyue119.com/*
322f60ba356e077b27e1f960d9942d6f,1156420800,6,www.niceloo.com/jzs/yx/*
32abace098ea2ff0547d9fcaa9d5d58d,1156421800,7,www.niceloo.com/jzs/yx/*
32dadc25529c1a4840f88abc083875a0,1156431200,6,www.niceloo.com/jzs/yx/*
33601cf57d15c0579dfc76bd5526d26b,1156431400,12,www.niceloo.com/jzs/yx/*
336060cca13d1a1b651ee19e8b6ba8ca,1156330900,3,xiaofang.offcn.com/zt/xiaofangh5/*
339050f6dc47c4125c013de36658e7aa,1156420100,2,www.youluwx.com/*
33c20509ddbd11dca4778ddb6dc5f4f6,1156330800,4,www.niceloo.com/jzs/yx/*
33c706db47a113f0b5daae94cb8af1d5,1156421500,9,wap.bangkaojiaoyu.com/bjtg/xf/*
33d96b0ac33929546938c2e7006bc535,1156433100,22,www.niceloo.com/jzs/yx/*
33fb85812f64124fc47bcc0cf608989e,1156430400,6,www.niceloo.com/jzs/yx/*
34091aaf078674bdcc24078bd9017149,1156450300,49,www.niceloo.com/jzs/yx/*
34dcf2ca5d51834a3cccffda8af23a70,1156440100,1,www.niceloo.com/jzs/yx/*
35116cb5e8c97b1ebc308c01a640a437,1156320500,1,www.niceloo.com/jzs/yx/*
3511ac452229143d14dbc6babace76c9,1156330400,8,www.geedu.com/zt/jzs/yx/*
357ec644779cea3c1feb58f3375b82e6,1156330400,1,www.niceloo.com/jzs/yx/*
362fcf3f4771ac15096d81acaed79f5d,1156431100,29,bj.hqmianshou.com/xf_mb/*
366fb35a39fd64ebaed104f15cc20025,1156430800,7,www.niceloo.com/jzs/yx/*
369e8daef993b69c584f10430dbac123,1156330200,3,www.niceloo.com/jzs/yx/*
36bac0eb4ad1ace4b1686db4a09aa156,1156430700,3,www.youluwx.com/*
36e9a031a0686e73c4dd811c13b040b3,1156430500,1,m.233.com/cfe/*
36f610434e16c56b220d9ebadeeee7a2,1156430100,8,www.niceloo.com/jzs/yx/*
372d5fbac6ad5efb4a5f67cd42b7689a,1156420100,19,www.geedu.com/zt/jzs/yx/*
3747549be4cf584480b295c2777dfecd,1156420100,1,www.youluwx.com/*
374e938b2b7a5fdf0833dbc3ff46b8e1,1156330700,5,www.niceloo.com/jzs/yx/*
376d1a7a3502e2de2a870b0ef8b12d2e,1156430700,15,www.niceloo.com/jzs/yx/*
37a66399e41ef5aafd1cddb1eb3162fe,1156420100,1,cqiedu.com/xl/xf*
37aa9fc81c3e34d4e89f55a6561874fe,1156421300,1,fudaocq.com/jiaoyu4/t2/sem/baidu/mob1/*
37f1971d15f05e014a1748b6be851f51,1156430100,1,www.niceloo.com/yixiao/*
37f99deacb58855f3c89ea4f345e851d,1156420800,21,xiaofang.offcn.com/zt/xiaofangh5/*
381e2e2844ed50c0f0f5cbd013c68eeb,1156441900,64,www.niceloo.com/jzs/yx/*
38244f0fd246fbf3a660bb4d98e39ac7,1156430400,15,www.geedu.com/zt/jzs/yx/*
384d6535fa32a3707c9700bb76444ecc,1156420900,6,www.niceloo.com/jzs/yx/*
385b7bdd0641ec7ce52790240e468c8b,1156430700,20,www.youluwx.com/*
38a1bfc2dda3504b930da25a206d422c,1156330400,2,www.niceloo.com/jzs/yx/*
38cd2d73c6b315f3c76c78606a321524,1156431000,6,www.niceloo.com/jzs/yx/*
38dab909b31278ddb6c3352988afa557,1156330300,6,www.niceloo.com/jzs/yx/*
38e7ca52fed60ea01539832c50438aef,1156431300,18,www.niceloo.com/jzs/yx/*
38ea8ad4dd5e98d41daa17f19757657e,1156330400,5,bj.hpwxb.com/xf-MB*
393506c1efda58d3e24359c01c5a8666,1156440100,5,m.233.com/cfe/*
3950a06bb31aacd86f52f34acaa3260a,1156420200,6,www.niceloo.com/jzs/yx/*
3996f31e5594c57e19a5034d4cabed55,1156421100,6,www.niceloo.com/jzs/yx/*
3a0e11e160158b70e6796039c1efe238,1156421500,4,www.niceloo.com/jzs/yx/*
3a0f7a3fef72a4c6241c164f9aa58353,1156330700,3,www.niceloo.com/jzs/yx/*
3a78d49a49ac13dde4e85d873305fedd,1156652900,2,www.niceloo.com/jzs/yx/*
3a88e95dbd826e7d930e722fc4ab0a19,1156522400,66,www.niceloo.com/jzs/yx/*
3aa3affd3493da80dee1d52885f832e9,1156410300,5,www.niceloo.com/jzs/yx/*
3ad57babe9c481bdc33e30b292c940bf,1156430700,5,www.niceloo.com/jzs/yx/*
3b1d383b3b1fd59939b0c49f78353b2f,1156431200,7,www.niceloo.com/jzs/yx/*
3b67c05da5b5138994ab12d522a561fd,1156430400,6,www.niceloo.com/jzs/yx/*
3b6ba5f3e82f69767f369a09173e5b0c,1156420100,2,fudaocq.com/jiaoyu4/t2/sem/baidu/mob1/*
3ba11bfefd4b818ea6f578693e89ce76,1156450900,7,changqiedu.com/jiaoyu1/wap/*
3c28b9b66eb9dc80657631ed7b0a39a1,1156220100,1,yidongm.zzbredu.com/*
3c307175f7295215841468b884ef20ed,1156451100,17,yidongm.zzbredu.com/*
3c3663d520ddd4b994e8dd7adc7a1fd7,1156431100,1,www.niceloo.com/jzs/yx/*
3cccbce190abdf7dbce14d1a1df2565a,1156520200,43,www.niceloo.com/jzs/yx/*
3cd29140eb79ebbde06a4556c05abbe3,1156330100,6,www.niceloo.com/jzs/yx/*
3d2762b0be9c7110a83fc083079c9832,1156430400,26,www.niceloo.com/jzs/yx/*
3d2b69ac4925d306d5438165321d92b1,1156430400,5,www.niceloo.com/jzs/yx/*
3d3fe85735d5f980e12f72b545c84112,1156420100,83,www.niceloo.com/jzs/yx/*
3d42ef3139f697b05d7c8209538d0d72,1156522200,17,www.niceloo.com/jzs/yx/*
3d52e41fea7cfb0e45cd8344be197264,1156330300,6,www.niceloo.com/jzs/yx/*
3d5cb7de430aa9ae68ad132e39a59fde,1156431000,1,www.niceloo.com/jzs/yx/*
3d9e932ebb2e54075af6c9e46c093330,1156441800,15,www.youluwx.com/*
3dac7b5bcb7e222360c54b4055401cb3,1156441300,9,www.youluwx.com/*
3dd8832782ff16e898fe396de037f5f0,1156420100,1,www.niceloo.com/jzs/yx/*
3df4e042dae6cb53bea246eca757071f,1156330100,1,m.233.com/cfe/*
3e010fe08c2424ad75d6fe57ff6113dd,1156330300,5,www.niceloo.com/jzs/yx/*
3e37bb3a639a013e5b02afb67b9333a7,1156420100,6,cqiedu.com/xl/xf*
3e42d375a0a3517c540806f230461d0c,1156431100,7,www.niceloo.com/jzs/yx/*
3e6b6b793a4e09825c8a497bb17c495a,1156510300,2,www.niceloo.com/jzs/yx/*
3ea4db6c6e843d2445c0c927d61d7b2e,1156420300,17,www.youluwx.com/*
3efcb8fd4150988a029b3f1838fe2c1c,1156330100,8,bj.hpwxb.com/xf-MB*
3f05726eef1c2af67d2d5c6bdbee2a96,1156430200,34,www.geedu.com/zt/jzs/yx/*
3f61e9948fd41218d2a42be1211a7ef8,1156120000,1,www.niceloo.com/jzs/yx/*
3f6a6340615ed1d98a1305a7d5b2e7f8,1156421800,3,cqiedu.com/xl/xf*
3f8d27b9bcd7c26d92a00f992948a0d4,1156431100,10,www.niceloo.com/jzs/yx/*
3fbbba6850810220dde75f4a784d3e16,1156430200,7,www.niceloo.com/jzs/yx/*
3fc7ab551c2446e5d3ef80cc0bda10d9,1156421300,5,www.niceloo.com/jzs/yx/*
3fec5bb52e45cdafdb87ed311972f575,1156430500,16,www.niceloo.com/jzs/yx/*
3fff820ab55758ace29b44db130e0f46,1156421100,6,www.niceloo.com/jzs/yx/*
401095b9736c89b58732ff90d16f6555,1156330200,4,wap.bangkaojiaoyu.com/bjtg/xf/*
4080c1bac11925f102069b4453ac6384,1156330600,3,www.niceloo.com/jzs/yx/*
40853974f695a79f2c672306b637ce23,1156420100,6,www.niceloo.com/jzs/yx/*
40eda16e99bb66ba3dc5e441b560c230,1156330300,6,www.niceloo.com/jzs/yx/*
4139321bc62bcaccba91e6205885bc4c,1156330200,2,www.niceloo.com/jzs/yx/*
4150857e8cb3e1028ac1878f0bf6563f,1156330100,6,www.niceloo.com/jzs/yx/*
415a5b3b9a7b368e4aee932588a76981,1156430100,6,www.niceloo.com/jzs/yx/*
4168914ce8f375e1617e59656fd23dc6,1156110000,1,m.233.com/cfe/*
41bd480171c03d8b4bf4a5bd48618253,1156420800,7,www.niceloo.com/jzs/yx/*
420013295699b3ee8a1d9945f744c7a9,1156441300,7,m.233.com/cfe/*
4208c3dcb490eda4727b0e2b7da784ef,1156330300,8,wap.bangkaojiaoyu.com/bjtg/xf/*
4209316118fe5a3939feffa2cb87f9bc,1156330500,6,www.niceloo.com/jzs/yx/*
420f83df271b7a520c2853a637f40c67,1156330700,1,www.qddfxfpx.com/*
428a6369dad0a2d0144eb3d255215d82,1156421800,2,www.youluwx.com/*
42be22b0c7a9ee7ff0847020a5e362fb,1156330200,6,www.niceloo.com/jzs/yx/*
430c184149a750e55c30ec951e161860,1156430400,6,www.niceloo.com/jzs/yx/*
431c279d9a54e787e8a51202ee1b44b3,1156422800,5,www.niceloo.com/jzs/yx/*
436e528ee6b2aec10c04b17808dce14c,1156330300,15,www.niceloo.com/jzs/yx/*
438171b9c77ffeb82fcf31f166d7fd95,1156431000,2,www.niceloo.com/jzs/yx/*
43846c09c12d85937e0de3fabe20b141,1156330500,2,www.niceloo.com/jzs/yx/*
43986e458a09e886adb05a6e687020f5,1156330500,6,www.niceloo.com/jzs/yx/*
440d863347dd695ed27024a9b770b926,1156440300,2,fudaocq.com/jiaoyu4/t2/sem/baidu/mob1/*
44674325d3ecff8a280f506192c96baa,1156430400,6,www.niceloo.com/jzs/yx/*
446f45c01889c4cdb5ac6fb7a58ff46d,1156420500,2,www.hqhwedu.com/m/*
448874842881f03a8b33c128c98e4d1d,1156421000,2,www.niceloo.com/jzs/yx/*
44a9995e6c9f614f176bd95a6eabd38a,1156330600,7,www.niceloo.com/jzs/yx/*
44aad764c2ad937eb66d6d429e3e9f42,1156431400,6,www.niceloo.com/jzs/yx/*
44ab2e7ae02c3dfa80698b097aaa8190,1156430200,23,yidongm.zzbredu.com/*
44d376d14b01249ab19b39d30cfc4486,1156420100,2,www.niceloo.com/jzs/yx/*
452a665552ec4b6e595fe2cecfa9673a,1156441400,11,www.youluwx.com/*
455052a23e105083e881d8e2bab16245,1156421000,1,www.niceloo.com/jzs/yx/*
461f90aff9914d17688e12343a3508cb,1156350600,1,www.youluwx.com/*
464e663ac60c7bb1e1ec860777fa6fac,1156422800,5,www.niceloo.com/jzs/yx/*
46ac6c74c3ea2f7c25cf4b4d36879dbd,1156330100,4,www.niceloo.com/jzs/yx/*
4716ee34ec3cda60930b7aa5de8ce6b4,1156440200,1,a.pusidun.cn/*
4769c1d1da9e47bbd3b23c2b268fe5a4,1156330700,1,www.niceloo.com/jzs/yx/*
478edb7f02f8b256e34e6d8799c3fb26,1156430400,6,www.niceloo.com/jzs/yx/*
47da03d9c480ed189d3bb4d804cdc61a,1156500000,1,www.feiyue119.com/*
4802b7c274c499790355cceb5a4f8af8,1156330300,7,www.niceloo.com/jzs/yx/*
481e3b91a749e05ce50adbe195d26232,1156421100,41,www.niceloo.com/jzs/yx/*
4884ad9d9e1a132b6fff9e69cde6a992,1156430100,5,www.youluwx.com/*
48939aeda4253b8c90229026a15c6f8d,1156440800,6,www.youluwx.com/*
48eb4d23db96c1cb9ac90563e8f62b4f,1156520700,3,xiaofang.offcn.com/zt/xiaofangh5/*
490c7aded28cb8e5b18b442a6de3de2b,1156422800,64,bj.hqmianshou.com/xf_mb/*
4922a92080b5d8a6a23bdcaebdfb4ddd,1156330200,3,www.youluwx.com/*
4956469af11a046052596cb8571a7ba7,1156431300,5,www.niceloo.com/jzs/yx/*
499cf10b02f878bf7fac8f632277519b,1156340800,1,www.youluwx.com/*
49a4d0e4c4fa3f32abe248dae1dab2fd,1156522700,2,www.niceloo.com/jzs/yx/*
49a929cda1aca1659d8164c008c28b66,1156320700,2,www.niceloo.com/jzs/yx/*
4a38d6d2252f71f36b1f7b04ae55270c,1156330300,3,www.niceloo.com/jzs/yx/*
4a58ed57632a10ab2692c8701b1d01ba,1156330300,2,www.niceloo.com/jzs/yx/*
4a88ca91f284f23ac9aaac94504bdd5d,1156330100,3,www.niceloo.com/jzs/yx/*
4a9df6e3c8a87f73d2db7d8ca97e7c26,1156520100,3,www.niceloo.com/jzs/yx/*
4abe60f158a24df037ad0428612acad7,1156330200,10,www.geedu.com/zt/jzs/yx/*
4abfadfa95087e1b7b918da010d6f3a2,1156440600,4,www.jhwx.cn/zt/m_xfgc/*
4af8d27ec1014ba86d305ea6ddc3ed34,1156331000,3,www.niceloo.com/jzs/yx/*
4b1a292e3d784a8b8f9a75760e5eeba0,1156330400,5,www.hqhwedu.com/m/*
4b1d37ae5b86e00fa02dc6ba8d71bdb1,1156360800,3,bj.hpwxb.com/xf-MB*
4b30704cc49c55c5efd9b92cbeba1fa1,1156420500,45,www.niceloo.com/jzs/yx/*
4b8d3e3f50ce12ed692da68ca16c8683,1156341500,14,www.niceloo.com/jzs/yx/*
4ba6e02cd659bbcb4bc4da4fe9624ab5,1156421800,1,www.niceloo.com/jzs/yx/*
4bd71feb1c57a4e7794f02f541769b80,1156330400,4,www.niceloo.com/jzs/yx/*
4bedb9935881abb602625787a877b8cd,1156340200,17,www.niceloo.com/jzs/yx/*
4c18732edcef48808212a8b96a617e2b,1156440700,39,xiaofang.offcn.com/zt/xiaofangh5/*
4c5c198320acfdd8aba5aa049d8f762f,1156420200,5,www.niceloo.com/jzs/yx/*
4c72fb64e2e093983614b72a2b18a633,1156421800,5,www.niceloo.com/jzs/yx/*
4c96b489c77fe0e9f108c482b2af4f91,1156330200,2,www.niceloo.com/jzs/yx/*
4ca596e861234b441e1660b59f961de4,1156420900,5,www.niceloo.com/jzs/yx/*
4cb4c204156610a18d1e2d82e1163ac9,1156520600,2,www.youluwx.com/*
4ce9227856041158103b11b57d6b5b87,1156511700,7,www.niceloo.com/jzs/yx/*
4d60b649189369afb7711a2299fddf46,1156360800,5,www.niceloo.com/jzs/yx/*
4d754b377dd000785fad130dde6b282b,1156430400,7,www.niceloo.com/jzs/yx/*
4d9623d43960ba6b33a9d73bd3af7f42,1156330200,3,www.niceloo.com/jzs/yx/*
4daa196cca1fd71db59c2c92f442145e,1156340700,3,www.niceloo.com/jzs/yx/*
4df675fcb049e5a385d97438a1130cff,1156420800,6,www.niceloo.com/jzs/yx/*
4e1b94899e667c5ed720db123fd45e83,1156330200,7,www.niceloo.com/jzs/yx/*
4e3daaff127f43df6644821cf9009bfe,1156520300,6,bj.hqmianshou.com/xf_mb/*
4e621e308cf18e0ae6e36f5b4ba0dec6,1156421800,6,www.niceloo.com/jzs/yx/*
4eb3b5cf632fc27757d3d4a1856fff6c,1156510700,4,www.niceloo.com/jzs/yx/*
4f2982a46f1cbb4df5e10349ad637d7a,1156360900,6,www.niceloo.com/jzs/yx/*
4f54777609848a1f33c62570909616d4,1156430400,1,m.233.com/cfe/*
4f69053f394277f9282af721882655ce,1156420500,9,www.niceloo.com/jzs/yx/*
4fc0aef181c20eaa126dbc5bbf201200,1156330200,7,www.niceloo.com/jzs/yx/*
4ff84ba9e4c2b87bed703ba26d954f55,1156331000,4,www.niceloo.com/jzs/yx/*
501968d2c06d902e2d343a853e955e25,1156522700,27,xiaofang.offcn.com/zt/xiaofangh5/*
501f03d0256dab0dcb23634746e46889,1156330300,24,www.niceloo.com/jzs/yx/*
503232a29499bf858e5f552c4e52a026,1156420500,6,www.niceloo.com/jzs/yx/*
506d66986fe5882eb14f58b9f426fb53,1156330700,2,www.niceloo.com/jzs/yx/*
5092f9b39d6492d8440b50c40aec397e,1156420700,1,www.niceloo.com/jzs/yx/*
50a68b40026adfe1ebbaac5ce9d54f43,1156420100,6,www.niceloo.com/jzs/yx/*
50e87a0e48cc199e5267775e50f8d4bd,1156330700,2,www.niceloo.com/jzs/yx/*
514925a3184b7b876ccd1df9bdf5fbd0,1156330900,1,www.niceloo.com/jzs/yx/*
519db86cf5b30202a89d2a2214a5a2bd,1156130100,1,www.niceloo.com/jzs/yx/*
51e65028e0e40f1b1a7dc0b8c677474d,1156520100,17,www.niceloo.com/jzs/yx/*
523c218d97073f681b87f4d13211e16e,1156420100,3,cqiedu.com/xl/xf*
52480c254c02b6092a581d9a22266747,1156420100,6,www.niceloo.com/jzs/yx/*
524aa8b688d88b7258cebf7d6f947859,1156330700,4,www.niceloo.com/jzs/yx/*
52b339b35a4085e600a6d44505b62b76,1156420100,2,www.niceloo.com/jzs/yx/*
52be63fee0597b6bb542a62ffd08f87a,1156420100,2,www.niceloo.com/jzs/yx/*
52da19cc6eb3c38d9436d15887015cd3,1156421500,2,www.niceloo.com/jzs/yx/*
52ded24f1e29a71e3ddffb6cfe98faa8,1156500000,6,www.niceloo.com/jzs/yx/*
53062e19c8d7b86620a65af58c9c3c33,1156330100,5,www.niceloo.com/jzs/yx/*
537f4afb9643468ac0cf9003cfd9739b,1156430100,7,www.niceloo.com/jzs/yx/*
5402997a5b03dc0f0f21aa6b1d596532,1156330300,3,www.niceloo.com/jzs/yx/*
54081283d503cc683b9a08f04cc45d0f,1156441300,72,www.niceloo.com/jzs/yx/*
541e17e47884d7cf697a893a3e0008df,1156420100,5,www.niceloo.com/jzs/yx/*
54370cb8282ebe6bf6eeddaad6f8443c,1156520100,1,m.233.com/cfe/*
544912a8ef511c061c08beb89dabb0db,1156421300,48,www.youluwx.com/*
5457176909a32b596e994ba78f98bd89,1156420100,6,www.niceloo.com/jzs/yx/*
547cf5ec03a6386781c272a5c6b7de7d,1156150200,16,www.niceloo.com/jzs/yx/*
547ebd819338116b255653b47374f2dd,1156430300,6,www.niceloo.com/jzs/yx/*
54851739b12b8ce3046a00cfd68f82c3,1156420900,1,www.niceloo.com/jzs/yx/*
54b5a60f6bcd8b0c5a452e3758de83d4,1156421800,5,www.niceloo.com/jzs/yx/*
54cc7a7014394e2cfe5ee1d19215ea35,1156430100,4,www.niceloo.com/jzs/yx/*
54ef26376a601883565e19c52bae4f42,1156331000,2,www.niceloo.com/jzs/yx/*
54fae64178b741bcf5a93f78531a5c9c,1156420100,3,www.niceloo.com/jzs/yx/*
54ff1238f79f5124c151e902169c11a7,1156440400,2,www.niceloo.com/jzs/yx/*
55048dfe63574b8c94631d302a045a94,1156431300,1,www.niceloo.com/jzs/yx/*
5511c9e7577af3c606477431f08d6bad,1156511600,5,www.niceloo.com/jzs/yx/*
5560317877f4cc5a44b4dcb0a37c7122,1156420500,16,bj.hpwxb.com/xf-MB*
55ab5e18561a8ef935d5dd5d6a392b38,1156330300,14,www.geedu.com/zt/jzs/yx/*
5600f6729094142b72c59f7092ae5128,1156330100,3,www.niceloo.com/jzs/yx/*
56027f07976739d65c3c514204095eba,1156421100,7,www.niceloo.com/jzs/yx/*
5602a518be39a8889f18a8477f2ea822,1156441900,3,www.niceloo.com/jzs/yx/*
56433f978f7cf1de720d9ff49b1f6b94,1156421800,2,www.niceloo.com/jzs/yx/*
567d18491172326a1c616b7f8fc869f4,1156331100,4,bj.hpwxb.com/xf-MB*
568fc37cab0673807d3610585ac2214b,1156370200,1,yidongm.zzbredu.com/*
56a55df9c6a08c1fe62cd0728e400c85,1156431000,1,www.niceloo.com/yixiao/*
56a9230d340f8ce6925a26f1de1f5a3b,1156431200,17,www.geedu.com/zt/jzs/yx/*
56b00ba20463ccd56239d0f95b88c028,1156420100,5,www.niceloo.com/jzs/yx/*
5715e46f9047479150e0623d8299e65b,1156422800,7,www.niceloo.com/jzs/yx/*
57589f961062a2f309be79e3bf1faeaa,1156420100,7,www.niceloo.com/jzs/yx/*
579761886e6d2a3e545d960b7f16729b,1156522400,3,www.niceloo.com/jzs/yx/*
57b6d1f2ae55a46d235e56964fd35632,1156420100,59,www.niceloo.com/jzs/yx/*
5883274533824dc26c688f3de296b378,1156440300,14,yidongm.zzbredu.com/*
58cfb04d901ac91af2b2943439823a8f,1156520300,1,www.youluwx.com/*
59026004e973760f5c8922e09b191db7,1156520100,1,www.niceloo.com/jzs/yx/*
5981e2f0b50a329674ddf3e931952376,1156420300,78,www.niceloo.com/jzs/yx/*
59a1a2fddfc56254f8163522f56fa1c8,1156430400,6,www.niceloo.com/jzs/yx/*
59df20b0a495a2f3beda567d9f94b0b5,1156450300,1,fudaocq.com/jiaoyu4/t2/sem/baidu/mob1/*
59f7132c60fcbfe3461f2c409b29ce1f,1156330400,2,www.geedu.com/zt/jzs/yx/*
59f7967c1d4d90437c0e654e22daf20d,1156430400,12,yidongm.zzbredu.com/*
59fc5032a239a21a65b88ef7926174de,1156330400,2,www.niceloo.com/jzs/yx/*
5a3170ce58463cc8f62becfa1f889bb8,1156430600,7,www.youluwx.com/*
5a34767b47c4090d1c3ad15011c92dfd,1156430100,2,www.niceloo.com/yixiao/*
5a7000da30a9600da5fb39b08f728857,1156420100,17,www.niceloo.com/jzs/yx/*
5a8c9aee3d44778d24f25b7860e304a4,1156420100,5,www.niceloo.com/jzs/yx/*
5ad8a181b2a853d5400a25e4811ede89,1156442000,3,www.youluwx.com/*
5ae99150a75477a07886492f963f252b,1156440100,1,www.niceloo.com/jzs/yx/*
5b155e34fd81dc99d72a87cbd835abbe,1156421300,9,www.niceloo.com/jzs/yx/*
5b53ebfc36543f9500e84ff280ee9a68,1156420100,6,www.niceloo.com/jzs/yx/*
5b78f181404b4631bee171c024129799,1156330200,4,www.youluwx.com/*
5bc4cc83c3f2ff4b0f72ac8211d2416a,1156422800,4,www.niceloo.com/jzs/yx/*
5bce94231a7bf74dead2d002aa2d8b33,1156431400,15,bj.hpwxb.com/xf-MB*
5bd43885d214d24a33356b744972709e,1156331100,1,www.niceloo.com/jzs/yx/*
5be22cbc74447dc6b9791badbd72cff2,1156331000,1,www.niceloo.com/jzs/yx/*
5bf560430a17150191c3ee60b394be59,1156420500,2,www.niceloo.com/jzs/yx/*
5c34c392c53a95aa7f17f90e1609397a,1156500000,62,www.niceloo.com/jzs/yx/*
5cb6edafdf0e837044eba2556609e495,1156420100,2,www.niceloo.com/jzs/yx/*
5cc63cc7c4b501f7a1c2ee8d58c4f998,1156520100,17,www.niceloo.com/jzs/yx/*
5d12db8e69bc29e8b9b0553b23640b5b,1156330600,1,www.niceloo.com/jzs/yx/*
5d2ff5e724efa19a161eaf780cadb8d8,1156441200,21,bj.hqmianshou.com/xf_mb/*
5db7a78bb2434a1842a08c053375a621,1156421800,7,www.niceloo.com/jzs/yx/*
5df793bb4ef96419a4e0f94263a49ab5,1156420300,56,www.feiyue119.com/*
5dfd52fb9ff72a47c591f13d8b034645,1156421100,5,cqiedu.com/xl/xf*
5e3bcd7772c26d3d47c0e4c06e7d0cf6,1156330300,4,www.niceloo.com/jzs/yx/*
5e4efce8994090ca6cc4f414a3087ef6,1156430700,3,www.youluwx.com/*
6007261908b6d28d7725ce829c2a0554,1156520100,2,www.niceloo.com/jzs/yx/*
600c7d179cf0c0995b65703885dcfd8b,1156431400,9,akg.qkwwa.net.cn/xf/*
6015ad5d940abb334f2b45164f650290,1156420100,24,zhwx.cnjunshiying.com/m/*
601e9ce79b1dff69450863fd2f6356a5,1156330700,6,www.niceloo.com/jzs/yx/*
607ebc2b0bbb20c69b8ba8a85a6c5cf2,1156420100,8,www.niceloo.com/jzs/yx/*
60bbfe1e958f7bd4ea71e258deb61c6e,1156330300,15,www.niceloo.com/jzs/yx/*
61c5aef3d18d3eecce09ae9d76eb344d,1156420100,1,m.233.com/cfe/*
620202501324a36095c6fc644adcd36f,1156330100,9,www.niceloo.com/jzs/yx/*
62646dc88d670b250bf9414838ca41f3,1156420100,6,cqiedu.com/xl/xf*
627a49d89ee11e6e07873f0b39694344,1156430100,58,www.niceloo.com/jzs/yx/*
6298309251821b00f3fca37e5488fc69,1156430400,15,www.niceloo.com/jzs/yx/*
62cef71010ea76f728da40e8eb9c53a8,1156431100,1,www.niceloo.com/yixiao/*
640ff7c0028226eef70f08b5ec65832f,1156520100,3,www.niceloo.com/jzs/yx/*
641c4e7533350ba2615c8def2d6099a6,1156430100,12,www.niceloo.com/jzs/yx/*
647e490129b459522d716c4e279bdc01,1156430100,17,www.geedu.com/zt/jzs/yx/*
64e21112785748d3e36d61a8302425f4,1156430400,14,www.niceloo.com/jzs/yx/*
64ea6c1b777026cccb546bfcd4ce9db1,1156431100,66,www.niceloo.com/jzs/yx/*
651df5fdb9e3ac93d634481bb8b0bc86,1156430600,6,www.niceloo.com/jzs/yx/*
6540317b395a20000cf956d75badd107,1156440300,2,fudaocq.com/jiaoyu4/t2/sem/baidu/mob1/*
65463564c1de5521e9007eb5d227b7df,1156422800,6,www.niceloo.com/jzs/yx/*
655880d7fc3b92436a8a3a552061f3bf,1156430500,17,www.niceloo.com/jzs/yx/*
656ddcbac4e640b57f2efc52bae45ae4,1156330100,3,www.niceloo.com/jzs/yx/*
6594d826e299cb1adf50df2a94b3504d,1156330200,4,www.niceloo.com/jzs/yx/*
6594fc7b573a32c86c80b88fbbc06f59,1156330500,4,www.niceloo.com/jzs/yx/*
65ddcbe786600372c4b60e78919ea004,1156340600,5,www.niceloo.com/jzs/yx/*
6646d7b09da2c1452093b1edf934e04c,1156110000,3,www.niceloo.com/jzs/yx/*
664cfd6959901d5c623e3a2be4a918a0,1156331000,1,www.niceloo.com/jzs/yx/*
669909ae8d2315bcd95dc7a0e19aa80c,1156330100,1,www.niceloo.com/jzs/yx/*
66b51ae55dd306f9778310c1a65c4050,1156330700,18,www.niceloo.com/jzs/yx/*
66d23b7eab0ab92573e916d43b966785,1156440300,5,www.qddfxfpx.com/*
66d8c92417536786714ec9233286cd8f,1156421200,6,www.niceloo.com/jzs/yx/*
66fd90d5e2b5f90d3b30873dfd29a562,1156522400,34,xiaofang.offcn.com/zt/xiaofangh5/*
6743a2d473f4a15d56f2f1cc4beadc70,1156420300,5,www.niceloo.com/jzs/yx/*
6746f8fca4e78144dbc74b88b941d66b,1156330200,4,www.niceloo.com/jzs/yx/*
675dfa03513004c8b38074978ceda7a3,1156430600,13,www.youluwx.com/*
677f0388d9383251b4c42f6b72d0ad1e,1156330100,2,www.niceloo.com/jzs/yx/*
678999296d466aea4bc4d6e80d031993,1156522200,2,www.niceloo.com/jzs/yx/*
67c7c4c219c508df4eca42ce68da0b47,1156411000,2,www.niceloo.com/jzs/yx/*
681c94c9784b38f5b6d0718c61f968b7,1156421800,58,www.niceloo.com/jzs/yx/*
688bd24380d3a21c3b703517a03c6f4a,1156421000,7,www.niceloo.com/jzs/yx/*
69170868d9b24051d46eb518732a2276,1156430300,2,www.niceloo.com/jzs/yx/*
696df587fbd3afbef3d6ab6caeeb4a18,1156420100,2,www.youluwx.com/*
698d718eeffb88ffdbe155de48ac892e,1156420100,6,www.niceloo.com/jzs/yx/*
69ec4ebc5a8b109aaf234edab2794384,1156430700,6,www.niceloo.com/jzs/yx/*
6a4d365d49423863201bb572d604e06b,1156511600,1,wap.wangxiao.cn/h/cfe1.html*
6a50b3706477a9fb0afa5943840cdc75,1156440100,6,bj.hqmianshou.com/class_xf/*
6ad8f9f0a9ade809a3c02a1b1830dd96,1156330600,18,www.geedu.com/zt/jzs/yx/*
6b1cc3b362c1f8992a0ce5c7293b03b7,1156330100,6,www.niceloo.com/jzs/yx/*
6b2a57da6b5e561fe6fb56964fc743ee,1156430600,19,www.niceloo.com/jzs/yx/*
6b4fd5cdc67beb0708ce7797f4a7a71e,1156430400,6,www.niceloo.com/jzs/yx/*
6b803312856ca2886eada4c8fa9bc04e,1156320600,4,www.youluwx.com/*
6b9d2748f3611e36b2302947ad3fb72d,1156420300,5,www.niceloo.com/jzs/yx/*
6badfe11d308c7ea8defc13c41640258,1156441300,47,bj.hqmianshou.com/xf_mb/*
6bc161e2c168422b091ffb4603bf5025,1156620100,3,www.niceloo.com/jzs/yx/*
6bcffb16ece49db2fdb26d14334ac055,1156421200,31,xiaofang.offcn.com/zt/xiaofangh5/*
6c38d17e7a4fd7f4a4ce4b0342750d19,1156330300,4,www.niceloo.com/jzs/yx/*
6c51037d2c777f81ad30223b15db3624,1156421800,51,www.youluwx.com/*
6c6000030d962ec47d09f62df504b228,1156420100,5,www.niceloo.com/jzs/yx/*
6c7184f3bb92566b57326fa0c9deadba,1156420100,15,www.niceloo.com/jzs/yx/*
6c99ff8a1c522c6362570820f06b7a34,1156430400,21,www.niceloo.com/jzs/yx/*
6c9f1f8fd62d966ef6798c370833af8f,1156420100,5,www.niceloo.com/jzs/yx/*
6cbae5b20c96b71d82de47bf10e55eb6,1156431400,4,www.niceloo.com/jzs/yx/*
6cbc9d3bd318a8e84cc6ad71805d7b19,1156500000,7,www.niceloo.com/jzs/yx/*
6cc863851cf55a41b5221603a1b9ca57,1156330200,5,www.niceloo.com/jzs/yx/*
6cdc24c298b2ff22ee8b44d3676b7e1e,1156330700,3,www.niceloo.com/jzs/yx/*
6cf1505d8680eaa73af67dc89f8a00df,1156430700,6,www.niceloo.com/jzs/yx/*
6d30eaf07ddbabb492c4dcb821fc876d,1156440100,5,bj.hpwxb.com/xf-MB*
6d5dd1782590d7338c325fda13150d01,1156420100,50,www.feiyue119.com/*
6d91adeb37c21146fddcce76d93c902e,1156330500,2,www.niceloo.com/jzs/yx/*
6e31af412987a019ded77e9f4faf46fc,1156420100,2,www.niceloo.com/jzs/yx/*
6e6ab458e27c601655804b4c4456bf4f,1156420100,7,www.niceloo.com/jzs/yx/*
6e719f6d1f9803f248ee125ef7018c49,1156370200,39,www.youluwx.com/*
6eb304ec97faf6ecbd2247e2eb4a917a,1156430400,16,www.niceloo.com/jzs/yx/*
6ef06c245302c7669ea55b1179083adc,1156430400,66,www.niceloo.com/jzs/yx/*
6f7ea083c33aba11b2eb3b5513e60730,1156442000,1,fudaocq.com/jiaoyu4/t2/sem/baidu/mob1/*
6fbbd534b76205bbcb21d08a131d4838,1156430700,4,www.niceloo.com/jzs/yx/*
705c023638cedb96797a0d9b9b8b10f8,1156430900,7,cqiedu.com/xl/xf*
707b200171f8f37c9158db6bb05b56b0,1156430400,7,www.niceloo.com/jzs/yx/*
710d2fd6257449369026382e57b9fdbb,1156420100,7,www.niceloo.com/jzs/yx/*
718ea1296d384b49459fd9138e95941a,1156330700,2,www.niceloo.com/jzs/yx/*
719e5717afcbdbc9f34e15812a61b1e2,1156330200,3,www.niceloo.com/jzs/yx/*
71dc79cb667bc02d2da5696b10f49f7a,1156500000,4,www.niceloo.com/jzs/yx/*
721bc273375342ac71a62ee7e39f4d20,1156430400,6,www.niceloo.com/jzs/yx/*
721d06782755c4721dcb1ec946aa5cbf,1156360900,18,www.hqwx6.com/xf-MB/*
72635c7d196719c8276be9df5c8189e9,1156420100,2,www.niceloo.com/jzs/yx/*
72d761f71a5ee7bc783dc414e93a7cb8,1156430100,7,www.niceloo.com/jzs/yx/*
72f467445f88042ba4d48e2bbbe81012,1156440100,49,www.niceloo.com/jzs/yx/*
7323e7082921b748b508c4d3bea27ddb,1156421800,2,www.niceloo.com/jzs/yx/*
733b77e8f494595ffcc7d6a335080d48,1156420100,11,www.geedu.com/zt/jzs/yx/*
736288d5f1c84877d7fdc95a50691c6a,1156420100,7,www.niceloo.com/jzs/yx/*
7379ff77112c58003eed0bd76fec083b,1156330200,2,www.niceloo.com/jzs/yx/*
73a446276e857b5ff19cf6d69fd7d245,1156330700,2,www.niceloo.com/jzs/yx/*
73e3cb93e3de81bbaad2e40b35394764,1156330100,7,www.feiyue119.com/*
740b89089d32d5d1725848a4ba576ebb,1156330100,16,www.niceloo.com/jzs/yx/*
740dc2c5892267a532a0aeb1f76b046f,1156500000,7,www.niceloo.com/jzs/yx/*
74517b8515bd15d0d172eed285cb8bf4,1156441400,24,bj.hqmianshou.com/xf_mb/*
745d5e458db36b116d27a52f5564cf74,1156421800,2,cqiedu.com/xl/xf*
74c48b30345d77add38517c3f9738bd2,1156430400,5,www.niceloo.com/jzs/yx/*
74de2f9b59da94c51bb07cb109411cb2,1156330600,6,www.niceloo.com/jzs/yx/*
74e515cbeef30f217e51600193278f98,1156420100,7,www.niceloo.com/jzs/yx/*
74e7742e0e2bfa0cb36937471182bb54,1156420100,15,www.niceloo.com/jzs/yx/*
75260a159aaf36fb1fa393d94fecd5fd,1156420100,4,changqiedu.com/jiaoyu1/wap/*
755bd32305042e8d768551544ecdfc46,1156420700,62,bj.hqmianshou.com/xf_mb/*
7568eece70bf101274b0607246cfaefc,1156341200,12,www.geedu.com/zt/jzs/yx/*
757f24cc4e299caf79a37e71b4b95594,1156430300,28,www.youluwx.com/*
75a5e3fcda6d601e926f7010b741e244,1156430200,73,www.niceloo.com/jzs/yx/*
75b19f5340b4c8d603cc9f6ed2d099cb,1156520100,4,bj.hpwxb.com/xf-MB*
75caa448ba4fc7d9289a4802a2cf3665,1156420100,1,www.niceloo.com/jzs/yx/*
75d9a9293b7a17653f0c4c86d9153357,1156431000,7,www.niceloo.com/jzs/yx/*
762856a8e2bcc726f1d355f8a51ad031,1156420100,7,www.niceloo.com/jzs/yx/*
764dd0956693672c41dc9f50bb52cd34,1156330300,2,www.niceloo.com/jzs/yx/*
768db63c432b9260d646225c6d32680f,1156440300,6,www.niceloo.com/jzs/yx/*
76d2f1b583555bdccbc205d5a72cb711,1156450300,18,www.youluwx.com/*
76d30d15b4c5519490adcadd1e426ae7,1156430400,7,www.niceloo.com/jzs/yx/*
76d4b55143e2969373991ec540c0cfc4,1156421300,5,cqiedu.com/xl/xf*
76ea4ea9a8b61776679a52fee5792176,1156430600,1,www.niceloo.com/jzs/yx/*
77506e906ed4b596a4f0bded5475406e,1156331000,3,www.niceloo.com/jzs/yx/*
77b4b8b1460af8663b250cefccb78053,1156520400,18,yidongm.zzbredu.com/*
77cebda40c3d88b7b8369d01131b27f0,1156420200,5,www.youluwx.com/*
78596cd179ab83d6272632864ee433eb,1156320900,5,www.niceloo.com/jzs/yx/*
785b5383ce134df80272906405b4a5d4,1156510300,1,www.niceloo.com/jzs/yx/*
787aca38ab807609eb73dd130ac03a9b,1156420100,5,www.niceloo.com/jzs/yx/*
78a639fb8b4449758c340c5a9ae629c7,1156420900,16,www.niceloo.com/jzs/yx/*
78dae8586e9f32bfa6b4db6d0dcd0161,1156440200,8,bj.hqmianshou.com/xf_mb/*
790be130b13d52c36634b7988845bc2e,1156420100,48,www.feiyue119.com/*
79136c88d0d2fd169e60f013381fb39b,1156431000,6,www.niceloo.com/jzs/yx/*
7971e13c0e8dd7d4f30cef09bd00be2a,1156440100,12,yidongm.zzbredu.com/*
79972a3319681edcd7623e48f82a78ce,1156421800,6,www.niceloo.com/jzs/yx/*
799caceea2bc73ddd785ed8cbb721f79,1156330300,5,www.niceloo.com/jzs/yx/*
799dc48e97f293efb7415614ef767f66,1156440600,2,www.youluwx.com/*
79cd9c5ee7ba1f01c37086a799cf088f,1156420100,46,www.niceloo.com/jzs/yx/*
79eb8e384298bbce18652f2a4e9ad5e9,1156431300,2,www.niceloo.com/jzs/yx/*
7a537b6153df8171a1b3b99fb912ea08,1156440100,2,www.youluwx.com/*
7a6ea97edbd42a07a46e7d9b48481991,1156520300,6,m.233.com/cfe/*
7aa9a8154f1dba8c4c92869024ce8c67,1156330200,4,www.feiyue119.com/*
7aacbbc9dce2645b62d2e084d5795a95,1156420500,10,bj.hpwxb.com/xf-MB*
7b1145c0da0f82474c7f1acc3630cefb,1156420100,1,a.pusidun.cn/*
7b76b8e501b75d7e87c867792230bd0e,1156330200,6,www.niceloo.com/jzs/yx/*
7bb329bee8760f951ef1e4b51d746f3d,1156420100,6,www.niceloo.com/jzs/yx/*
7bbcafe0fece6d044f9925572e4879f6,1156430400,7,www.niceloo.com/jzs/yx/*
7bc864a4bab8de132a18bc7eeba24834,1156420100,4,cqiedu.com/xl/xf*
7bca546a41d0f04574e7327ad5bd8d41,1156420700,5,www.niceloo.com/jzs/yx/*
7c2932eea95021f17953a418886305c2,1156430100,3,www.youluwx.com/*
7c3d736c03da2cb9c4e3f440e9b4ac22,1156510500,4,www.niceloo.com/jzs/yx/*
7c609e5e7e8af45da3710b0c3b68b113,1156430400,18,www.niceloo.com/jzs/yx/*
7c80264e22f13288a9612a717409eccf,1156520100,2,m.233.com/cfe/*
7cb9c1b8a24c959f81f752d050adf91c,1156361100,6,www.niceloo.com/jzs/yx/*
7cbd88d7029b6bfafde55c70316a9f1c,1156410700,7,www.niceloo.com/jzs/yx/*
7cd40394db1ce4c4867b5bd8d6b7a92c,1156341100,7,www.niceloo.com/jzs/yx/*
7cdd53dad4ead8bb8166c0df00835c19,1156430900,6,www.niceloo.com/jzs/yx/*
7d0e4c83796a976c1d446a9e8120ebf8,1156440700,3,www.youluwx.com/*
7d37be30189a8af3e6e03b1d0d1ec6c2,1156440800,4,bj.hpwxb.com/xf-MB*
7d3eb8456e48566cac64e2fd16afd0aa,1156420100,18,www.niceloo.com/jzs/yx/*
7d8da8ab17c31e8cd4dc48d2823a61db,1156440600,5,www.youluwx.com/*
7db706262dc0e64d507a7631a2d90fa8,1156430400,5,www.niceloo.com/jzs/yx/*
7dc2a7ee7a9f3e64bf7b72a1b559e274,1156430400,9,www.niceloo.com/jzs/yx/*
7dc4cc60f876a83dd807f119e84b8198,1156350500,4,cqiedu.com/xl/xf*
7df15ad98c3206157c49cfb352f88307,1156440300,3,m.233.com/cfe/*
7e320108897b4ec8eef6cf94e7bf2b56,1156510600,4,www.niceloo.com/jzs/yx/*
7e54576e634f9234eee6e3669627b9c2,1156420100,6,www.niceloo.com/jzs/yx/*
7e8bba62de85a54d8ffe52411ca94be5,1156330400,1,www.niceloo.com/jzs/yx/*
7eacf40616c9b01a5852c36c6c30dc7f,1156430100,7,www.niceloo.com/jzs/yx/*
7ece69faacbcd00cbfd314ad1c045529,1156431000,3,www.niceloo.com/jzs/yx/*
7f0dac3d3a6ac258ad981164e13b2fe7,1156330100,3,www.niceloo.com/jzs/yx/*
7f1a921419110744d9daf240e8223b4a,1156361000,3,www.feiyue119.com/*
7f74d8a99e4de84dca342a65a42603a5,1156330400,4,www.niceloo.com/jzs/yx/*
7f98dce2721739633ce71cbdce3ab0fd,1156440300,26,fudaocq.com/jiaoyu4/t2/sem/baidu/mob1/*
7fc3c776349d74ddb733500df2799ebf,1156150100,4,www.niceloo.com/jzs/yx/*
7fdf5041a7f43250761e81d58e69a8a5,1156420100,6,www.niceloo.com/jzs/yx/*
8007e3356cade145a8f61105c77f5d76,1156511300,3,www.niceloo.com/jzs/yx/*
800b1fa53791bce6a53f07df09e4083c,1156510600,55,xiaofang.offcn.com/zt/xfbkzn2019/*
804b91c27992f3a148fc6f66b80ef663,1156310000,13,www.niceloo.com/jzs/yx/*
8134472e541b7d9d7b6dc8c42a73edee,1156130400,2,cqiedu.com/xl/xf*
81580363223c230f548b0146fb1fce95,1156431200,3,bj.hpwxb.com/xf-MB*
81b8ff6700b22d465e0fe030d1edab34,1156420100,13,www.niceloo.com/jzs/yx/*
81d8526eb77e5400eedebf9b32fa7367,1156430400,13,www.niceloo.com/jzs/yx/*
81d9386760d2d41b7eff79cee17b37e7,1156431000,2,m.233.com/cfe/*
8226f04a7aa108467bfab8d24b7f1561,1156440100,19,yidongm.zzbredu.com/*
822c8477614b80dc826662e3e04015e6,1156430400,7,www.niceloo.com/jzs/yx/*
8239058dd90d662934368fea5290d3a2,1156330100,4,www.niceloo.com/jzs/yx/*
826ba1072c9307b60baf2b2b5805a076,1156500000,48,www.feiyue119.com/*
827ffb7854cb9e879f24962a49c391db,1156360500,5,www.niceloo.com/jzs/yx/*
82ebc3339c1da48f2c3034dc83839538,1156341300,2,www.niceloo.com/jzs/yx/*
82f2ec065c28e0f2cfd2ef6d356ae51d,1156430900,45,xiaofang.offcn.com/zt/xiaofangh5/*
83175f7c23ef918c50dab1434c7d8883,1156440300,7,www.youluwx.com/*
831b406e97c424833e08e46a2000fa45,1156330600,2,www.niceloo.com/jzs/yx/*
837645e391cbea976c73f945db4e5f66,1156420700,16,www.youluwx.com/*
839e3ad653049a9b67ef103e4c09b0cb,1156421000,2,www.niceloo.com/jzs/yx/*
83eeb1881194a47e908bc617a552d337,1156440600,3,www.niceloo.com/jzs/yx/*
841e0e95d5755d253797892844ade3f5,1156330100,1,www.niceloo.com/jzs/yx/*
8444b07c3e4fe235145d7bd948773fbc,1156430900,7,www.niceloo.com/jzs/yx/*
8464a4d982c9a45148e2112fb3de809c,1156420100,15,www.niceloo.com/jzs/yx/*
846faf1118a4cf942ef1a43bcd54449e,1156440100,6,www.niceloo.com/jzs/yx/*
8493e6fb57da0f3ef5b3a6618ee2e4b6,1156430100,4,www.niceloo.com/jzs/yx/*
84a894c80fa442380498f5079b419930,1156422800,6,www.niceloo.com/jzs/yx/*
84d83a3a8bd4231df03fe3d34d4bb8b9,1156420500,4,www.niceloo.com/yixiao/*
84e47b44c4056a4b9131f1a0e94deae8,1156130500,3,www.niceloo.com/jzs/yx/*
84f6ae8554a74b63ad44bf320d3604cd,1156350900,5,www.youluwx.com/*
85315bb63710efe6f5633612e2835b41,1156431000,7,www.niceloo.com/jzs/yx/*
8551f81a558f680548dcbf71d39b31b2,1156310000,1,www.niceloo.com/jzs/yx/*
85586b0b4d3b20c04a51eb75fa01dedc,1156420200,5,www.niceloo.com/jzs/yx/*
860220e19c599c250cbad213a65ee410,1156511000,1,www.niceloo.com/jzs/yx/*
8612246874a19ed1bab3d8f5131cfef9,1156430100,15,www.niceloo.com/jzs/yx/*
862b1209bbc759197dfec7aa2d232625,1156430400,6,www.niceloo.com/jzs/yx/*
8639faa05d9c81a99b6c0c66c9354ac7,1156330700,8,www.niceloo.com/jzs/yx/*
865b1768cc05d84facfcc957cd6bec16,1156330100,3,www.niceloo.com/jzs/yx/*
867248fd4c885f7484331f9955a78258,1156330200,6,www.geedu.com/zt/jzs/yx/*
869073ced45697420ee3b9c8f6aaac46,1156500000,6,www.niceloo.com/jzs/yx/*
86fb362e963a370d87610eca3568ca6b,1156410100,5,www.niceloo.com/jzs/yx/*
8707657876a65697f28d2fc0cfff83ad,1156440300,2,bj.hpwxb.com/xf-MB*
870ea1ad32f09c8f82dc74cc429df4f2,1156421800,4,cqiedu.com/xl/xf*
871881094fab1b6535287ad784dd4ff6,1156421800,8,www.niceloo.com/jzs/yx/*
872ba0e495ff23706042ad541d051222,1156430100,30,bj.hqmianshou.com/xf_mb/*
875ea5265c6822db0dbe07005f1af267,1156420200,9,www.niceloo.com/jzs/yx/*
8882a8dbbef3b2b95f8ee8b1f29a713a,1156330500,4,www.niceloo.com/jzs/yx/*
88c5e4594885b4c223f51033cf546803,1156420100,1,www.niceloo.com/jzs/yx/*
88c865f1eeb61fed54bcd4bd35bc835e,1156330400,4,www.niceloo.com/jzs/yx/*
88ef4b022e0a217b6e2b9c1f70e2b2e2,1156330400,4,www.niceloo.com/jzs/yx/*
8933448191245a3fe2aaf7836df2c0fe,1156440100,7,www.youluwx.com/*
89befacb9c76f4816a759a6f340fa41a,1156500000,1,www.niceloo.com/yixiao/*
8a22d48ab12e870d0430481f469f710c,1156330100,2,www.niceloo.com/jzs/yx/*
8a4cbfeed8ee60158abd74b890232e14,1156420100,44,www.niceloo.com/jzs/yx/*
8a68a164b399b4ff7ed034039b4f5c71,1156422800,2,m.233.com/cfe/*
8a94232a397b2580a750b2afe04e9ecc,1156330700,7,www.niceloo.com/jzs/yx/*
8a998c145027a6418a4c5b6c317e733f,1156440300,1,m.233.com/cfe/*
8ab36cac45d2b948051861185501006f,1156431000,55,www.feiyue119.com/*
8acc9efae195655cbfc4c63454313721,1156420100,13,www.geedu.com/zt/jzs/yx/*
8ace202a9e6d22c7c8fd60d3d40ce549,1156450300,1,m.233.com/cfe/*
8af68e10ce641186a22d6e23bfd18671,1156420100,22,www.niceloo.com/jzs/yx/*
8b02a08f708ca3f3d705b6be2f5466b4,1156440200,7,www.niceloo.com/jzs/yx/*
8b23b0263b60993fb9bd97fd1007ade8,1156330200,13,www.niceloo.com/jzs/yx/*
8b3ef9b818ffa865ab593bf54bd9e09b,1156430400,7,www.niceloo.com/jzs/yx/*
8b3f7616e8723fa4a83cf3304af376e8,1156421400,5,www.niceloo.com/jzs/yx/*
8b695fceebb91221908c61d3707efa38,1156430100,7,www.niceloo.com/jzs/yx/*
8b6e77bc08490b314d8c0e84a738484e,1156331000,4,www.niceloo.com/jzs/yx/*
8bbe0a6cd2b9bab6ca5e1d5a433c7d39,1156330500,2,wap.bangkaojiaoyu.com/bjtg/xf/*
8c25433c60af46a82be4441374eeb4aa,1156431000,5,www.niceloo.com/jzs/yx/*
8c4a7bbb7cf2e7d97c46b795f96527ff,1156150800,1,www.niceloo.com/jzs/yx/*
8c8a451cf509cc6f9961c3577523803e,1156360700,4,www.niceloo.com/jzs/yx/*
8cbfdc633fdc351c82b9773719e28791,1156430800,39,www.feiyue119.com/*
8ce8b644f47c21254c2a3005a57d103c,1156430200,7,www.niceloo.com/jzs/yx/*
8cfb779186832066a1d6712d8c309f02,1156430100,3,www.youluwx.com/*
8d103eb1d95261f783494d362f546b55,1156431300,7,www.niceloo.com/jzs/yx/*
8d503153082761dc6a9009f3b7746122,1156330100,1,yidongm.zzbredu.com/*
8d8b2171b936db4e5df3222249aa78e1,1156420500,1,www.niceloo.com/jzs/yx/*
8da6e34a3248c8be8c448fac38a86f5b,1156440300,4,www.youluwx.com/*
8dc37dc4d12e35ae2ce35249c87582fa,1156330100,6,www.niceloo.com/jzs/yx/*
8dd104f645b645d25e4ecb1cb80a0bc1,1156420100,13,www.niceloo.com/jzs/yx/*
8e0b8c8900b5cf73395c6f3ec0ec5383,1156431200,6,www.niceloo.com/jzs/yx/*
8e3880744d4769b1f1a2b3d910fa848a,1156520300,2,www.niceloo.com/jzs/yx/*
8e39da60536d7ef4ce1728148f87b3a8,1156430400,3,www.niceloo.com/jzs/yx/*
8e4c27114fc1a6b9183c24405107120a,1156330700,4,wap.senda-edu.com/xfs/*
8f74c0793f967ba94f833af88bb19ad8,1156430100,11,www.youluwx.com/*
8f7535c3e4f7580f7be66e8c5f75d305,1156421800,2,www.niceloo.com/jzs/yx/*
8fd5f35b233ec1ffab53eb77f7b3f8cf,1156430400,5,www.niceloo.com/jzs/yx/*
8fef3101f5fc90c010b925ed8037972f,1156430400,5,cqiedu.com/xl/xf*
8ff6959221eef63bd2af5e36dd19f980,1156540100,8,www.niceloo.com/jzs/yx/*
900b4e0b2236d8ce72ff6594ff321369,1156440300,6,www.niceloo.com/jzs/yx/*
9033fbbb1e2d91049b5debd5a764b8ed,1156330400,3,www.niceloo.com/jzs/yx/*
90599b9a8918ac91a6459e57c606c68a,1156420500,6,www.niceloo.com/jzs/yx/*
90b203160e746fb6d714de351ec8b323,1156431000,5,www.niceloo.com/jzs/yx/*
90b44dfc626db260dfb74c5de03ae18c,1156420100,2,www.geedu.com/zt/jzs/yx/*
90e50817dc197c997ededdfd803a720b,1156330300,7,www.niceloo.com/jzs/yx/*
9110fb2fff149cdcc2d247a1671a597f,1156420100,7,www.niceloo.com/jzs/yx/*
911743671984eade48379f10d31d888a,1156430400,5,www.niceloo.com/jzs/yx/*
9120f632ee0a29b187686b3e019a76e7,1156430400,20,www.geedu.com/zt/jzs/yx/*
918dd0dd12a4fa936706178fb0810fe2,1156420100,3,www.niceloo.com/jzs/yx/*
918f55ea121554fb37c08626b45934bd,1156440700,38,xiaofang.offcn.com/zt/xiaofangh5/*
91980462a708635255ec285799d1d8a3,1156330300,14,www.geedu.com/zt/jzs/yx/*
91a9ca5bb68e7e1d27d13b96f35d6c4d,1156420800,6,www.niceloo.com/jzs/yx/*
91dd0134f920c6e8367d68d8e8b3dca2,1156420100,2,www.niceloo.com/jzs/yx/*
9218964d9a563ec77ab4721c9f8672cf,1156450100,1,m.233.com/cfe/*
92e3108f9f2328325299a674824479f4,1156430400,12,www.niceloo.com/jzs/yx/*
934bb6dd7f1b66920a2be44c21fbca18,1156440400,3,www.hqhwedu.com/m/*
942018142687f729e6f1205c56c584cb,1156421100,4,www.niceloo.com/jzs/yx/*
9454e530859740a361b2479574cb92ad,1156440300,41,www.youluwx.com/*
946a7a37570c72fa62ed1dd4f48bea9b,1156330300,5,www.niceloo.com/jzs/yx/*
94baf66e7100b6903d3f7b4d7160d41d,1156331000,4,www.niceloo.com/jzs/yx/*
9567a5c1afc79c3b19363783f0e3b989,1156410400,56,bj.hqmianshou.com/class_xf/*
956b6675d979a758b4679e0cb610f67b,1156330700,6,www.niceloo.com/jzs/yx/*
95b8a7ede399474988cb6d2ccfd0dd8f,1156440300,7,www.niceloo.com/jzs/yx/*
9647ba1923fc153fa7b0142df4109895,1156431100,2,www.niceloo.com/jzs/yx/*
965e6bad9386312c1f6d01c92413bbf9,1156420700,23,www.youluwx.com/*
9682932ff0ea5082241f14488ee0e127,1156430300,2,www.niceloo.com/jzs/yx/*
968a6f3bed6f6c50e649f77989e09b7e,1156440300,6,www.feiyue119.com/*
968ea6fc662bf544a2ff20b3ddf9c311,1156431000,6,www.niceloo.com/jzs/yx/*
968fcdb94fde9684f3ade4d9b659d63f,1156420100,1,www.niceloo.com/jzs/yx/*
96f82f520910db4d9f9216483d71ef1c,1156421800,59,www.niceloo.com/jzs/yx/*
9713c186f209a4d9389554028fdf3fe4,1156431100,6,www.niceloo.com/jzs/yx/*
97671a830a4a4dceafc7fedc344b40ef,1156440400,5,www.hqhwedu.com/m/*
977c81bf3f10e90bfbd289df6bfaf7e8,1156420500,7,www.niceloo.com/jzs/yx/*
97e1aee3f8672a661ed4c1bd778b3da1,1156420100,56,www.niceloo.com/jzs/yx/*
989b5b4ad1d605c045e9ae62420a33f1,1156330300,5,www.niceloo.com/jzs/yx/*
99005747506cdb1cdfa2a8890dbb9c9c,1156341200,4,xiaofang.offcn.com/zt/xiaofangh5/*
993c86a68c4e74743d9ea2f418134565,1156430400,7,www.niceloo.com/jzs/yx/*
9962eacc9260e8d3f7bc6fe2d4a4cde6,1156430400,6,www.niceloo.com/jzs/yx/*
99728a4f17b7e5bd03ae23cfab6b4d3a,1156421800,3,www.niceloo.com/jzs/yx/*
99d24054a4de75b12f456b52184cc7e2,1156420100,5,www.niceloo.com/jzs/yx/*
99d6702d6b7938f0e19b76e7bb20e7bc,1156330200,4,www.niceloo.com/jzs/yx/*
99f32d95c61fec75528e34b49a0a5491,1156421200,5,www.niceloo.com/jzs/yx/*
9a5c28efe6b7dabb66fa5c5c5e367d47,1156420100,1,www.niceloo.com/jzs/yx/*
9a7e6855a8b474cd5ba9f96715fa3820,1156440100,5,www.youluwx.com/*
9ac572c9d12f4cf5da33b1b1a74fe18c,1156420100,7,www.niceloo.com/jzs/yx/*
9ac758253defe0805149afa4945e93f7,1156330500,4,www.niceloo.com/jzs/yx/*
9ad316e2494921748239441f970e0ee6,1156420100,17,fudaocq.com/jiaoyu4/t2/sem/baidu/mob1/*
9ad8a07f0da9e9f11751e7614e8ba49e,1156330200,14,www.geedu.com/zt/jzs/yx/*
9b37bbc557767509d4057584380b6b0c,1156341100,11,www.niceloo.com/jzs/yx/*
9b4c4e9fd9a1eb24dc9dc6f0b1a115aa,1156422800,2,www.niceloo.com/jzs/yx/*
9b816b6418809e9eef083e7c017ace68,1156330100,5,www.geedu.com/zt/jzs/yx/*
9b8ac52b81864ed6a9ffa4768f8cded5,1156420100,3,www.youluwx.com/*
9c23d507e6b1e6e19fa30422bb73939b,1156430400,11,www.niceloo.com/jzs/yx/*
9c2792bd74e8e5d32f0e81894f64836c,1156430100,5,cqiedu.com/xl/xf*
9cb1861939dddf6f70b56ecb104cab1e,1156420100,5,www.niceloo.com/jzs/yx/*
9cd1ab5db7092d0695d647e402b0e3b0,1156430500,15,www.geedu.com/zt/jzs/yx/*
9cee6dba21e8759a3e95ccb43ec8e731,1156330100,6,www.niceloo.com/jzs/yx/*
9d57091872c8783fad5f32a2ab0b5876,1156420200,1,www.niceloo.com/jzs/yx/*
9d878f4211635e5e2aa91804b7d59f5b,1156431300,15,www.geedu.com/zt/jzs/yx/*
9df1a04110f7ea57aa49d1951b53df83,1156410100,4,www.niceloo.com/jzs/yx/*
9e361bae47ca8224f5fdf06050861575,1156421800,5,www.niceloo.com/jzs/yx/*
9e6795f4d173baeeebe06f159efafe2f,1156421300,4,cqiedu.com/xl/xf*
9ed66f6d31fc8de7586a77a80851a7c4,1156420100,1,cqiedu.com/xl/xf*
9efe826193497a3b1543d63ad0b623a4,1156520100,1,m.233.com/cfe/*
9f0bded4e7f94a11e41843ac9af85d86,1156440300,2,yidongm.zzbredu.com/*
a023a71abdbf7fdab455ec62ea765398,1156430300,3,www.youluwx.com/*
a03b2560d023f05d3200411983fad067,1156330100,2,www.youluwx.com/*
a0474eea345512f23d697c89e61fa3cc,1156430500,2,www.niceloo.com/jzs/yx/*
a08229efcfcb32f5f501fbf04c95b2a3,1156421100,6,www.niceloo.com/jzs/yx/*
a1925fc55e111a7ac36bdea5ff189b99,1156430200,5,cqiedu.com/xl/xf*
a1f68ca1d0fe8fc4d7874cbcfd7d142a,1156331000,1,www.youluwx.com/*
a1faa8917420501b71d295b32c827e29,1156430400,36,www.niceloo.com/jzs/yx/*
a225a8e275ac566e21992d63cee1f9c7,1156430900,5,www.niceloo.com/jzs/yx/*
a2c4da00c9670b7dfc0c0ec75e850e5a,1156522400,55,www.feiyue119.com/*
a2f89bee2fca2976a4592d51bc27478a,1156331000,2,www.niceloo.com/jzs/yx/*
a33bca77876a2a810ce5e016eca96cba,1156440700,7,www.niceloo.com/jzs/yx/*
a343b0c53be5f51b4cecb9a21e14428d,1156140100,1,www.niceloo.com/jzs/yx/*
a3b859b7f49fa6c6e7cab33da3b8be60,1156330400,63,www.niceloo.com/jzs/yx/*
a41d58379cec2fbe0f41a05b4275b3e8,1156210500,8,www.youluwx.com/*
a443048d52e61bba57f64b68bc513117,1156450100,3,www.niceloo.com/jzs/yx/*
a48981ea26e7b164d32e3af768a6213f,1156522400,1,www.youluwx.com/*
a4b8fa97e1d8a32b22e15563b7087f59,1156431400,5,wap.bangkaojiaoyu.com/bjtg/xf/*
a4c7f4a5bd936aa47f4c35d178b129c4,1156430400,3,www.niceloo.com/jzs/yx/*
a4e11151dba1478b331fc1d94b9eebd3,1156430900,6,www.niceloo.com/jzs/yx/*
a4fb3178e0ee77763b139607dab6b32e,1156420100,1,www.niceloo.com/jzs/yx/*
a590259cf790eaf870af002a1f421b57,1156430400,2,www.niceloo.com/jzs/yx/*
a5a2b5d7d8facd1e806976a9a58cad78,1156441300,6,wap.bangkaojiaoyu.com/bjtg/xf/*
a5c5459060e271579ee39385c16e0c47,1156431200,1,www.youluwx.com/*
a5f2e2198acaddbc2addd20b38778c98,1156430500,5,wap.bangkaojiaoyu.com/bjtg/xf/*
a628bce1778ae6bd4b3feae26d16efae,1156431200,1,www.niceloo.com/jzs/yx/*
a6d67cd26bf684a6feedadeb704e2b8a,1156420100,1,www.niceloo.com/jzs/yx/*
a70558e7975e5abd4917100faf8b3043,1156420100,1,www.niceloo.com/jzs/yx/*
a7091686599c24ec98d7e87922104e9d,1156500000,4,www.niceloo.com/jzs/yx/*
a732596196e4ee91e9584b7f2606ab96,1156430100,5,cqiedu.com/xl/xf*
a73fda31bfd1dbc45d08f02545833bdf,1156330300,2,www.niceloo.com/jzs/yx/*
a74396950ecdd126989f10442af08ce9,1156522400,7,www.niceloo.com/jzs/yx/*
a7748902a810696f09c6fe3e2fde64af,1156210100,2,www.niceloo.com/jzs/yx/*
a7811d0076133ca6e392acac36961474,1156510100,14,www.youluwx.com/*
a7ba3b722e3af7a2f344546797f0ab77,1156430700,4,www.niceloo.com/jzs/yx/*
a7c82fa0ab6c9f44553cda8f898fd727,1156420100,8,cqiedu.com/xl/xf*
a7dfd8270583ec7d1ab6a30b3d868dbd,1156430900,7,www.niceloo.com/jzs/yx/*
a800a3d3feb4fe4cfd5b09554b6f4889,1156330300,1,www.geedu.com/zt/jzs/yx/*
a81a9ae9f302aff70d08d78048e93a73,1156420100,6,www.niceloo.com/jzs/yx/*
a81d0fec066ec870f15f4c591ddad9c4,1156421000,7,www.niceloo.com/jzs/yx/*
a833057cb74d4e44d8d75964202e199d,1156440700,35,cqiedu.com/xl/xf*
a88781ade3f069fae16b86f48c0b782c,1156430400,12,www.geedu.com/zt/jzs/yx/*
a88c71b32f480a5bca1d0baf1778612f,1156420100,1,www.niceloo.com/jzs/yx/*
a90c37f7c1b88191589a6d20900a6c35,1156330200,2,www.niceloo.com/jzs/yx/*
a94148ea6a395758948ca9a5c3660b4b,1156330100,4,www.niceloo.com/jzs/yx/*
a995c894ef522d53f543843cbc30326c,1156430700,6,www.niceloo.com/jzs/yx/*
a99eeec7e92f6f2247b1a7c66e9fa49c,1156440300,7,www.youluwx.com/*
aa26c081868c51ef563a8ce5a2f199b1,1156320500,2,fudaocq.com/jiaoyu4/t2/sem/baidu/mob1/*
aa360a42cfbe91e64f2a20d6b8cc6552,1156440100,6,www.youluwx.com/*
aaad61dbddc6dbd7e91b51aa5ce14e8e,1156430400,13,www.niceloo.com/jzs/yx/*
aacec089fc576e0098c60cb38773e95f,1156360400,1,www.niceloo.com/jzs/yx/*
ab4e8071eb4a31032c30c5b5e5e7749a,1156420100,7,www.niceloo.com/jzs/yx/*
ab60f68642fc667165234dce70219c33,1156420900,36,www.youluwx.com/*
ab903bedb17a54c12e668e3737d96b35,1156420100,16,yidongm.zzbredu.com/*
ab99001915488e676e9a750c8cf18ee3,1156430100,33,www.feiyue119.com/*
abea5be037a22897f937c88f6991e56e,1156330300,8,www.niceloo.com/jzs/yx/*
ac279ead86f1eeda58b64c75029b69b4,1156320900,6,www.youluwx.com/*
ac3fb11f7615e5a723a970de219b731e,1156440100,1,yidongm.zzbredu.com/*
ac80948a41068db68e7b05fadac79784,1156330100,13,www.geedu.com/zt/jzs/yx/*
ac8b1b285d9126140a4bd6bd5108b810,1156430900,6,www.niceloo.com/jzs/yx/*
acd4477a697c6fa0241a908c1b807eb1,1156330200,16,yidongm.zzbredu.com/*
acd55b38466413be0b46f9e30135a776,1156310000,1,m.dengyuanjiangong.com/zt/xf.html*
ad1f8750ab894d6f724c215ef453ba63,1156440700,5,www.niceloo.com/jzs/yx/*
addaf54abe1503eff2086fcd2d5f29cd,1156420700,7,www.niceloo.com/jzs/yx/*
ae27add3a4809031ba34f270d6716742,1156420100,5,www.niceloo.com/jzs/yx/*
ae2caab7b0bbebce3390ea21e6ce824c,1156440300,4,www.niceloo.com/jzs/yx/*
ae7bb5021977e8ee7521c9e307138510,1156441300,6,www.niceloo.com/jzs/yx/*
ae9c646e42f171d2db09aca93f3d7c84,1156420500,2,www.niceloo.com/jzs/yx/*
aeb10f89048f966a90bf97ac44a3f3d1,1156420100,5,fudaocq.com/jiaoyu4/t2/sem/baidu/mob1/*
aed79b385edbeff6bd3b8fcf843f27fc,1156430400,3,www.niceloo.com/jzs/yx/*
af04dbc13d0e15da3851cf763b87cdc9,1156420200,6,www.niceloo.com/jzs/yx/*
af3125e2a39c4855f194b5daab25a01a,1156500000,1,www.niceloo.com/jzs/yx/*
af411b80eecbe768d02b01d8d11744cb,1156331000,1,www.youluwx.com/*
af680c5c16661ae0483f274de8492843,1156420100,5,www.niceloo.com/jzs/yx/*
af9573f7d78daaad7180a5cba1c7c169,1156340200,12,www.niceloo.com/jzs/yx/*
aff6cd9ae4de9bcdc1bba538bb40bb02,1156420100,6,www.niceloo.com/jzs/yx/*
b0051ee0499ce68036d615d27986a18c,1156421800,6,www.niceloo.com/jzs/yx/*
b039a5f1db840fefb671cfc722a9b1a8,1156420700,1,www.niceloo.com/jzs/yx/*
b0ad6e3c4efa1d956c19ddec05cb2b49,1156430100,5,www.niceloo.com/jzs/yx/*
b10b8e40146d612f03bcbebeb2381928,1156440100,1,www.niceloo.com/jzs/yx/*
b1148eaa1c6cba75efcc1e210a5fc17e,1156330200,1,www.niceloo.com/jzs/yx/*
b11795c87f9b9f0d75d0d0dc081e36c2,1156420100,4,www.niceloo.com/jzs/yx/*
b1379120bfd45b3a32d887aa72785dcb,1156522200,4,bj.hpwxb.com/xf-MB*
b19c925bd2de8f7ed383bec4fee2c123,1156511300,1,www.geedu.com/zt/jzs/yx/*
b1f69b348ae1f099159427cf637a94a0,1156420100,7,www.niceloo.com/jzs/yx/*
b1f95031639a95dcb96e8fb93a026d8c,1156440500,4,wap.bangkaojiaoyu.com/bjtg/xf/*
b217b50850ad19b47bbd1e7e0f29ecb7,1156500000,16,www.niceloo.com/jzs/yx/*
b271bcb72dd42f410a059f8ecdb37ce0,1156330100,4,xiaofang.offcn.com/zt/xiaofangh5/*
b293778513f6badeede0f6713256ac17,1156430200,16,www.geedu.com/zt/jzs/yx/*
b2bfde27e47e9b722dc9c6355245945d,1156420100,2,www.niceloo.com/jzs/yx/*
b2d0612df0efeea35e6048c8a4f47164,1156421300,7,www.niceloo.com/jzs/yx/*
b30b955f1593a0faa457ec5d599865d5,1156500000,1,m.233.com/cfe/*
b35665d336723c880dfcf49988d531d7,1156330100,7,www.niceloo.com/jzs/yx/*
b3702a1a0d34892fc7667167c8913227,1156440300,50,www.feiyue119.com/*
b37964c33d5ad872e070d1c5769ce643,1156330200,4,www.niceloo.com/jzs/yx/*
b3991d38c5e706b6f664fae059b5290a,1156430300,17,www.geedu.com/zt/jzs/yx/*
b458df5808d8a8cc06fd7698cddac6cd,1156330200,5,www.niceloo.com/jzs/yx/*
b465c84b59df127f4172aaf1ff68210c,1156430400,24,www.niceloo.com/jzs/yx/*
b46942c50cfcfb466f0b685860998931,1156420100,8,www.niceloo.com/yixiao/*
b4798b669194589f211f735e1b165b04,1156330200,6,www.niceloo.com/jzs/yx/*
b51c03ccf4df9606ca0ae552eb4e17d4,1156520400,1,www.yaomiedu.com/wap.html*
b54d4f10e372f6aec4d28b2a8f7c7030,1156370200,6,www.niceloo.com/jzs/yx/*
b5c4ceb2f3323747c5ef2dcce881918f,1156430400,6,www.niceloo.com/jzs/yx/*
b5dacedba74eccadcadbcce6c8dcb031,1156410100,3,www.niceloo.com/jzs/yx/*
b5f7a818989532dd5ba3fcd6c3a57628,1156420100,7,www.niceloo.com/jzs/yx/*
b618621105b20fb097dbe3ece7a0c3c7,1156430700,12,www.niceloo.com/jzs/yx/*
b643fbb19b3f9843008b8c4a56925612,1156450100,1,www.niceloo.com/jzs/yx/*
b6a35262f2c4b7d94ebb54264b1293ed,1156430100,6,www.niceloo.com/jzs/yx/*
b6f46bd0b5d66adc0be9d5dcaa03a3ae,1156420100,32,bj.hqmianshou.com/class_xf/*
b6fcd3fb49fa7c71b40c29a1c2ddfc8a,1156330700,37,www.qddfxfpx.com/*
b76851df5351fdc6239f4e9bb5d91979,1156340300,18,www.feiyue119.com/*
b76981d048f9c442e3505d4477b3abd1,1156420800,7,www.niceloo.com/jzs/yx/*
b7cbca0aab9ae5abd7e13b09c58ab8eb,1156420100,8,www.niceloo.com/jzs/yx/*
b81ec358eaae1baa9255e4756f6e05ae,1156511000,21,www.hqhwedu.com/m/*
b843d01913786c2d4c64da1dce11a7a0,1156431100,8,www.niceloo.com/jzs/yx/*
b8691569844fcdb0faacd4fbcf22a238,1156430400,17,www.niceloo.com/jzs/yx/*
b972194fe1778124d58b833f6ddc81a5,1156430400,17,www.niceloo.com/jzs/yx/*
b9affe30156fc3cec2984d8e2a77012f,1156442000,3,www.youluwx.com/*
b9da667fe9fabbd285a80b3a068ea6f3,1156441300,1,www.feiyue119.com/*
ba5612f0dffbaf1f4b72949d4f709cf3,1156440100,9,www.niceloo.com/jzs/yx/*
ba597d471139f1bc02cdb5a026a7e74e,1156360400,1,fudaocq.com/jiaoyu4/t2/sem/baidu/mob1/*
bab0e09674e14d98042ae1098304dfc9,1156420900,8,www.youluwx.com/*
bacb885b49d895b1d3478ecade1bb04e,1156420800,4,www.niceloo.com/jzs/yx/*
bae63c268127b25512a5924a2a7bc83d,1156440100,30,bj.hqmianshou.com/xf_mb/*
bb31da7c338e83e44089ebe6dd47ff42,1156431000,4,bj.hpwxb.com/xf-MB*
bb3fe888f668d8f95a9c21c59468246f,1156330400,3,www.niceloo.com/jzs/yx/*
bb5b12726fee48c7806f94a3b3e5f901,1156420100,4,www.youluwx.com/*
bb7687536653b3c8e1c844d9f0734c83,1156430900,7,m.233.com/cfe/*
bb7d1b00a68dc82e2eefc1ea974f79bb,1156330100,1,m.233.com/cfe/*
bb801ef1f53caf242d128f78b99a78fa,1156420100,1,www.niceloo.com/jzs/yx/*
bbb25ee9e233d596aec1ec85e1e3b7da,1156420500,46,www.feiyue119.com/*
bcef0485fb224f83b085a08f21f71169,1156520100,3,www.niceloo.com/yixiao/*
bd0d30fbb11d525ac7b13424fbd86579,1156430700,6,www.niceloo.com/jzs/yx/*
bd112d7949c1bfe05c94e0613f6cb982,1156520200,4,www.niceloo.com/jzs/yx/*
bd49f416a7cbf9fede8db8cf2afcd4fe,1156440300,1,www.youluwx.com/*
bd531966cfa6a6ba7e19d5b9c5447f55,1156440500,1,fudaocq.com/jiaoyu4/t2/sem/baidu/mob1/*
bd6be8d558d625a7c3d56472f3336cf3,1156422800,6,www.niceloo.com/jzs/yx/*
bdd0ad850e5430da840c55b7bc918d28,1156330300,9,www.niceloo.com/jzs/yx/*
be464ee56b0012739a92f3c3f80e0372,1156511700,5,www.niceloo.com/jzs/yx/*
be543e0a6465e6292f4493cbb5c016bd,1156430900,15,www.geedu.com/zt/jzs/yx/*
be73f0005096411f6c6996b156f43e45,1156430800,33,xiaofang.offcn.com/zt/xiaofangh5/*
bea2a27be4222e42adc6db1f54ff8359,1156430400,7,www.niceloo.com/jzs/yx/*
bef6de7413e2f86eb5f34b817625e580,1156511500,4,www.niceloo.com/jzs/yx/*
bf9ac2aef63e8d61203bc4b0d94961d8,1156522700,1,wap.senda-edu.com/xfs/*
bfbcbe2d53be06fef91f5b894a93751a,1156320800,7,www.niceloo.com/jzs/yx/*
bfc023c94ba652cbf910824cfb00680a,1156420500,3,www.niceloo.com/jzs/yx/*
bfee30a4a39881d969569a16c7deb1b8,1156330700,1,yidongm.zzbredu.com/*
c067342ce2b90cd7b0f4f40546896aa4,1156421800,7,www.niceloo.com/jzs/yx/*
c09921ea209beb7a8aa0577bac68dcde,1156330100,1,www.niceloo.com/jzs/yx/*
c09a8ce60c856b1160554f3a4047b635,1156330500,2,www.niceloo.com/jzs/yx/*
c0a33649e3eced5c9893af7d6593896b,1156330500,1,m.233.com/cfe/*
c0b0b2ff3a038971e8a8ff1c995b43e5,1156331000,1,www.niceloo.com/jzs/yx/*
c0b2af0fc5b6914ffdfa57d4458d98e1,1156420100,4,www.niceloo.com/jzs/yx/*
c0d031182cc1290d0141ae8b510833c9,1156520700,5,bj.hqmianshou.com/xf_mb/*
c1013c6c02e88f5deea57480c74d9c15,1156420100,7,www.niceloo.com/jzs/yx/*
c17c1a3ec0193800fbe58fc49c0f48a0,1156421100,3,www.niceloo.com/jzs/yx/*
c1a3cca60491ea46384e1a13b742d078,1156330300,1,www.niceloo.com/jzs/yx/*
c1b80afa10488b82c7319289434d8752,1156421800,19,www.geedu.com/zt/jzs/yx/*
c1c3fda112b2e4dbe9ff13583dd6058c,1156422800,75,www.niceloo.com/tg/xf*
c1dab70cca77565f0273f3ba0206e140,1156361000,7,www.youluwx.com/*
c1fcc13e7b1592edf98e9791b9a85234,1156440300,4,www.niceloo.com/jzs/yx/*
c2059e9dd6a8e31f1fe61048174dffd6,1156420800,5,www.niceloo.com/jzs/yx/*
c21d1e8ac4704d76f9da7609edeb30e8,1156442000,62,www.niceloo.com/jzs/yx/*
c261a9a137a1a38940dcb0276f022970,1156330300,31,www.niceloo.com/jzs/yx/*
c283840ec252b7d3f4b04bbe2382a7f9,1156520100,12,www.geedu.com/zt/jzs/yx/*
c2a957da56cc194ca6be343dc8fa9f33,1156411300,18,www.niceloo.com/jzs/yx/*
c301113ad7750c74025dea2dbdae6ab2,1156330700,4,www.niceloo.com/jzs/yx/*
c31166dc00a984a285099f725a6c88d6,1156420100,11,www.niceloo.com/jzs/yx/*
c318cc03b7dd21a69bd0e1104e236c86,1156440300,24,www.niceloo.com/jzs/yx/*
c3621fc35688a65465fcb01c9cb65ec0,1156330200,4,www.niceloo.com/jzs/yx/*
c3f159fdb7ff98f157da4721df079e0e,1156330100,1,www.niceloo.com/jzs/yx/*
c3fc79e64646c34a29e616df677dc471,1156330800,5,www.niceloo.com/jzs/yx/*
c411dae04cb131fe7ed14665c2fa5d0d,1156441800,1,www.niceloo.com/yixiao/*
c44af7dedcf004252064004e84574a70,1156430400,2,www.geedu.com/zt/jzs/yx/*
c46a65898449ffdf0dc82b05b22d8a25,1156421000,4,www.niceloo.com/jzs/yx/*
c4c492782f8cefe688f64baa2285756f,1156440300,10,yidongm.zzbredu.com/*
c4d8d62a219b9407ce2bc2b471d77c52,1156320400,2,m.233.com/cfe/*
c54cbed8f62e32769df6a2b9dc2c9694,1156430400,30,www.niceloo.com/jzs/yx/*
c580a8fd7e73533bea4c82c9d150e4f4,1156421800,4,www.niceloo.com/jzs/yx/*
c5a0cae1a31eae960824788e35abebb7,1156420100,5,www.niceloo.com/jzs/yx/*
c5f03a026910fc89bc748089bfb967d8,1156330400,11,www.niceloo.com/jzs/yx/*
c5fb603e18de0b716b44da53151af4ac,1156330700,6,yidongm.zzbredu.com/*
c5fefb571bacbb9003aa50f61eb91ce7,1156420100,4,www.niceloo.com/jzs/yx/*
c6128720f46c78c6c5914283461d2ecc,1156441300,2,www.niceloo.com/jzs/yx/*
c66e1df140e58126d422ecf15f67fef2,1156431200,2,www.geedu.com/zt/jzs/yx/*
c6811806d3b879d1af42408e82c5a622,1156430400,1,www.niceloo.com/jzs/yx/*
c6e6754d6dcf985c78560dcdf4746003,1156310000,6,www.niceloo.com/jzs/yx/*
c70169971e978c6104d064330f22eb97,1156422800,1,www.niceloo.com/jzs/yx/*
c70a81c2494536cccc79c2655f2a06c3,1156430100,4,www.niceloo.com/jzs/yx/*
c72006efb080e9523004503f9d1a3c91,1156420500,13,www.youluwx.com/*
c72e71447fb84519d531ba1f2920f253,1156421800,22,www.youluwx.com/*
c85154d7eeb24c08a738fb6446d92050,1156421800,6,www.niceloo.com/jzs/yx/*
c864941779cb945b915e4cd561c1b468,1156420200,23,cqiedu.com/xl/xf*
c926ee8c95efe5afdea170bfb3b384ed,1156420100,13,www.feiyue119.com/*
c96408cf667b5315a271ef23fa474a2b,1156421000,1,www.niceloo.com/jzs/yx/*
c9777fdc3c954e52fa4636a97fa6617c,1156441300,1,www.niceloo.com/jzs/yx/*
c9c455a3cf8b51432b986a3b7de4f48c,1156421000,1,www.geedu.com/zt/jzs/yx/*
ca0512a80cbc8efcf70fb82a52866bfd,1156430100,7,www.niceloo.com/jzs/yx/*
ca11cb485e98f2e0a2cb33c71b19f5d8,1156320500,8,www.niceloo.com/jzs/yx/*
ca3b2f31f016d05fcf867fd7a0bd94ec,1156430400,14,www.niceloo.com/jzs/yx/*
ca3c0ed157e73424f3d65b9999a06813,1156330800,21,bj.hqmianshou.com/xf_mb/*
ca5a4bdef3bf63e51818e9e909e6d1ce,1156451000,1,wap.bangkaojiaoyu.com/xf*
cb28bf2036bf4f1a9358da3a59371f98,1156420100,1,www.niceloo.com/jzs/yx/*
cb76619a3bc2e74e04fe6e35d7dbcb25,1156431200,5,bj.hpwxb.com/xf-MB*
cc08b6cd9ab521439266ae1f487371da,1156430400,6,www.niceloo.com/jzs/yx/*
cc19052febe044211b6b4ebfc479ff86,1156430300,18,www.youluwx.com/*
cc27bd020262987fb2e3bd47b2ebfe5c,1156440300,5,bj.hpwxb.com/xf-MB*
cc4b833be4c5aa9f9026306d20381564,1156331000,1,bj.hpwxb.com/xf-MB*
cc968b5283e27d9be5728b609770b715,1156330100,1,www.niceloo.com/jzs/yx/*
cd213619fd8a875ebfcaa53d2f0fe4ca,1156450900,1,wap.bangkaojiaoyu.com/bjtg/xf/*
cd3130a20eca2732aed86bcf3c139884,1156350400,7,www.niceloo.com/jzs/yx/*
cd5f43959d058290735ba74b9c7a4b6c,1156445200,34,xiaofang.offcn.com/zt/xiaofangh5/*
cd62737ad2a5ba92851e20cfdb865f9f,1156511700,63,www.niceloo.com/jzs/yx/*
cdf45247314959746d89498728418145,1156440700,3,wap.bangkaojiaoyu.com/bjtg/xf/*
ce3143e495d5b235b6af2f3026e28e2a,1156330300,2,www.niceloo.com/jzs/yx/*
ce511945cb54a079fdab5a22b7d9c8d0,1156522400,3,www.niceloo.com/jzs/yx/*
ce6aff3115490bebfba6b9ecc1c3ee9a,1156440600,9,www.youluwx.com/*
cf451d420020546d0dadff1a6c3b3ecc,1156430100,5,www.niceloo.com/jzs/yx/*
cf4e92fea1d10de168ec82bf4983236f,1156421800,18,www.niceloo.com/jzs/yx/*
cf60b76f96a2b0da3fff387926b2397c,1156420300,1,www.niceloo.com/jzs/yx/*
d00a253b5239728072cc54741e37b510,1156330400,1,www.hqhwedu.com/m/*
d068299930f1a19318f73ce1aabfafbf,1156420100,1,yidongm.zzbredu.com/*
d07f5c4b2e39d172436b8515dab3966d,1156370800,3,www.niceloo.com/jzs/yx/*
d2baf7a6e80b966cfbf24d8ce2a6f4d3,1156430600,6,www.niceloo.com/jzs/yx/*
d2bea29822ff604aa12f8b1de5cdc327,1156420100,5,www.niceloo.com/jzs/yx/*
d2d90155487127e6cb48333f70a3bbeb,1156500000,7,www.niceloo.com/jzs/yx/*
d387d3fec81d67f0798dc47e1bef2f6c,1156431300,7,www.niceloo.com/jzs/yx/*
d399dc7a5c91b6c135af8a5368bb14d2,1156320800,56,www.niceloo.com/tg/xf*
d3af3abb3014a2e6065d69e0dba35149,1156430500,2,www.geedu.com/zt/jzs/yx/*
d449264f47898ecebb5dd332be0f9d49,1156440300,2,www.youluwx.com/*
d460676ccf22429ef6d8c77b1a9422e8,1156430100,1,bj.hqmianshou.com/xf_mb/*
d4b280c52b4999d545f2bb5cdcef14bf,1156520500,6,www.niceloo.com/jzs/yx/*
d51c7e84141b85c135785cadca9784f3,1156421800,4,bj.hpwxb.com/xf-MB*
d5353bd7a5cc0a393b390d5255071882,1156421500,6,www.niceloo.com/jzs/yx/*
d56498297edb144e98252124c85d2feb,1156421100,6,www.niceloo.com/jzs/yx/*
d5d4fa1c7e6b81728e0bfdbf3a264c05,1156431000,7,www.niceloo.com/jzs/yx/*
d5d7f22e82727426a311dff7f5db4984,1156431000,6,www.niceloo.com/jzs/yx/*
d6a29a47c5c6ad41a88853a4dce3c113,1156430400,33,www.niceloo.com/jzs/yx/*
d6a3c61f75f2e43837d91788e979d865,1156430400,6,www.niceloo.com/jzs/yx/*
d6c8be69a80828627226a16d39bb2b6d,1156420100,3,www.niceloo.com/jzs/yx/*
d72a98f2882b1e60ad76546f781261e4,1156330200,1,www.niceloo.com/jzs/yx/*
d753a94aa1fd3bd67e69f736e88dd555,1156420500,6,cqiedu.com/xl/xf*
d7a1913013fce001269d1398601c350b,1156430400,7,www.niceloo.com/jzs/yx/*
d89a03f3f3902b6b6db489435d50f2da,1156340600,14,www.niceloo.com/jzs/yx/*
d8a96c3487704059bc287783724100a7,1156441700,14,xiaofang.offcn.com/zt/xiaofangh5/*
d8b28b3e2d17f4117b50e13182d0420d,1156420200,2,cqiedu.com/xl/xf*
d8bfdf71fe02e1edb7c3ff8a640c1219,1156430400,4,www.niceloo.com/jzs/yx/*
d8e1211906eaeda3ce778273c8a99107,1156520100,5,www.niceloo.com/jzs/yx/*
d979a33e55f3e9577055e243a0382ca0,1156420500,4,www.niceloo.com/jzs/yx/*
d982acf6d2f9b0d2fdfedeff07c4bd19,1156330500,1,m.233.com/cfe/*
d9bb3d0b172a99bbf8543d87137ace42,1156430100,3,www.niceloo.com/jzs/yx/*
d9ee04c9a7e7ba71affb07b69496e526,1156430300,1,www.geedu.com/zt/jzs/yx/*
da20f617589e37d3ffab25dbb78bb483,1156420500,7,www.niceloo.com/jzs/yx/*
da956e1cf9cfd1f516ab32912840e334,1156430100,17,www.niceloo.com/jzs/yx/*
dad21b2e3f1c556062ebefb12deba83d,1156440300,27,www.niceloo.com/jzs/yx/*
dae94508f39385b2df487da58d44e981,1156420900,3,www.youluwx.com/*
daf7854845c0243f6e64ea577a1abb6d,1156510900,4,www.niceloo.com/jzs/yx/*
db35492a528dbf7cfc468091510c11a5,1156420700,5,www.niceloo.com/jzs/yx/*
db7b04dcf471b01172e11d51934fc29a,1156330200,5,www.youluwx.com/*
db83f479e96f3232b479274ff922d73d,1156420300,1,www.niceloo.com/jzs/yx/*
db9f9cc407a32203799e5b14e2ac8a8d,1156430400,30,m.233.com/cfe/*
dbe50e9a98777d7bf98d40cfbc634d21,1156330400,1,www.niceloo.com/jzs/yx/*
dbe95ce0d6e202d1d807b7f9c7336e0b,1156330200,4,www.niceloo.com/jzs/yx/*
dbf0f9dd853225bf36e78a109c7e2394,1156430600,33,xiaofang.offcn.com/zt/xiaofangh5/*
dc46a3a0ecc3287c0f394a96eb023192,1156430200,6,www.niceloo.com/jzs/yx/*
dc51ec5c91e97d4d52c7eb317b8c7215,1156420100,3,www.youluwx.com/*
dc588b0ab2082e0532c4bffbceea40b5,1156420100,4,bj.hpwxb.com/xf-MB*
dca24acce9e2e16c72d36368c1336912,1156350400,3,www.niceloo.com/jzs/yx/*
dcb68e2afb591beda7075fbfc5f0078e,1156520100,23,bj.hqmianshou.com/xf_mb/*
dcd0e44cc8e22abe03738663b5f69eb3,1156320100,7,www.niceloo.com/jzs/yx/*
dd16d1a60a1a88443b635cac30f72954,1156330700,37,xiaofang.offcn.com/zt/xiaofangh5/*
dd407b3641c18e8bcd63a037e4c14b89,1156420100,1,www.niceloo.com/yixiao/*
dd8b986e87695bd130a6b8a2ca883fe4,1156420100,5,www.niceloo.com/jzs/yx/*
dda0b80edac3480206a5fdee7c30927d,1156341600,20,www.niceloo.com/jzs/yx/*
ddf8162989e172a85013d335151854f6,1156420100,11,www.youluwx.com/*
de00e7aa696a2a676db3cf4fe4adc61d,1156421800,14,yidongm.zzbredu.com/*
de3424c41398160740bebe45400cee56,1156330100,4,www.niceloo.com/jzs/yx/*
dea13168c89d4f360e7b0342197689f7,1156330200,26,www.niceloo.com/jzs/yx/*
deaea0304abd083fd672d4f5096151d6,1156330100,4,www.niceloo.com/jzs/yx/*
deb6b3da291d35152ff7d659b3f1e688,1156331000,3,www.niceloo.com/jzs/yx/*
df25c88c3b8446cacfd29fd99c03a960,1156420100,1,cqiedu.com/xl/xf*
df3d8d59ec12c2ff43d73dddda007102,1156421100,9,www.niceloo.com/jzs/yx/*
df6d360a2bdb4145116d316d63ef69c8,1156330100,5,bj.hpwxb.com/xf-MB*
dfa47e430f063a194cb22a1e1e1f846c,1156430500,6,www.niceloo.com/jzs/yx/*
dfb23e5add7be3896e896e8de1049c01,1156520300,6,www.niceloo.com/jzs/yx/*
dfb736e06d591b16ac50a1234e147b32,1156522400,2,www.geedu.com/zt/jzs/yx/*
e0315060ccb0befea144a0efb39c637c,1156440600,1,www.niceloo.com/jzs/yx/*
e04d00c6d9b6fbf2a46b02936c146a07,1156420300,10,www.niceloo.com/yixiao/*
e050f3cbb5bfbd4e9dabc3477fd07224,1156430400,2,www.youluwx.com/*
e052a13c231b6079d825b7101d6e33f4,1156500000,2,www.niceloo.com/jzs/yx/*
e085eb3dfabb78ff4d0b05ddf70c40f9,1156421000,12,www.youluwx.com/*
e1822a8f4d52d55a95adf5618a22f1e4,1156441400,22,zhwx.cnjunshiying.com/m/*
e19c6e1768dfaec73068a6a5719301ff,1156440300,47,www.feiyue119.com/*
e1eb5d6c48bb4c422baf9cf084e1abc4,1156331000,12,www.feiyue119.com/*
e225293624f63c0c9356a560413338de,1156431300,6,www.niceloo.com/jzs/yx/*
e2345185048ff7c1baa5da841f856b8e,1156510900,7,www.niceloo.com/jzs/yx/*
e2795f1dd2a2d24624e077c7bf223360,1156430300,28,fudaocq.com/jiaoyu4/t2/sem/baidu/mob1/*
e2934144a41fa5a5e6077af5541d147a,1156420100,5,www.niceloo.com/jzs/yx/*
e2a812926ad02d09b0291f80e8a616b8,1156330200,8,xiaofang.offcn.com/zt/xfbkzn2019/*
e2f324352cb8fae3e92ba1b342594a62,1156430100,7,www.niceloo.com/jzs/yx/*
e32a9d8a78f0338f60af9010e8add83b,1156440600,1,m.233.com/cfe/*
e3a30c952e1afed9bf9d97112ed1b41d,1156430900,1,m.233.com/cfe/*
e3c4c3c41d183ef33cd53aa6b839cfec,1156431000,4,cqiedu.com/xl/xf*
e3c4c4828c24f6f1fac6e946f7885751,1156430100,16,www.niceloo.com/jzs/yx/*
e404c5381212bf9f080906d8d844b3f1,1156420700,3,www.niceloo.com/jzs/yx/*
e43c0a78c4c9b84808db5f2c54cf1697,1156430400,1,www.niceloo.com/jzs/yx/*
e46610e484dbeb9d53a8f575a808b640,1156430200,8,www.niceloo.com/jzs/yx/*
e4c6d169d16901b87374ff8d5ea021a0,1156421100,6,www.niceloo.com/jzs/yx/*
e4cd3501a30c55f97dcd80b45b4b7720,1156360900,10,www.geedu.com/zt/jzs/yx/*
e4e56389824f7cc1e1f6234245047343,1156420100,7,www.niceloo.com/jzs/yx/*
e51b82cf54bb2c059688f65060cad4a7,1156430400,2,www.niceloo.com/jzs/yx/*
e52a9849c9e343fb35834ad846860a6a,1156440300,1,zhwx.cnjunshiying.com/m/*
e54cbd24e3323533652b1a268ecda120,1156430700,87,www.niceloo.com/jzs/yx/*
e55b4d2008d088726f44156ba32b25f1,1156330100,3,www.niceloo.com/jzs/yx/*
e56a2da6790c35b031dcb87a23405fc0,1156310000,1,www.niceloo.com/jzs/yx/*
e56ca77d5879ff0f83ec36fa5f5e1fe4,1156431100,7,www.niceloo.com/jzs/yx/*
e5b03e963a067e203962cb275a2b7455,1156371000,49,www.feiyue119.com/*
e5caca442ad0d3710a9e7e4ad3cc0be3,1156500000,33,xiaofang.offcn.com/zt/xiaofangh5/*
e5d16c89475c3c117a4b7ea6bc7a2743,1156420100,1,www.feiyue119.com/*
e60189f4610d69da1491a5644244a19e,1156430500,2,www.youluwx.com/*
e6330155b0261cb299c905e1aaa4f899,1156330600,3,www.niceloo.com/jzs/yx/*
e63e00391f2565f941f28d1d93a861e0,1156450400,2,hqhwedu.yytxkj.net.cn/*
e67fbd1f1a8b15936e80c60c1d8430cb,1156360100,1,www.niceloo.com/jzs/yx/*
e68be86d399cc0eb95e2f6ef29db5856,1156330300,3,www.niceloo.com/jzs/yx/*
e69f1a295f1d449dfd8299ad0bc186b7,1156431100,6,www.niceloo.com/jzs/yx/*
e6bc83ac2472de0854dda0474850a554,1156330300,6,www.niceloo.com/jzs/yx/*
e6d58b799804753e5735b62898a87596,1156440100,5,wap.bangkaojiaoyu.com/bjtg/xf/*
e6f1208fb5b4233c115c64453480332a,1156330100,2,www.niceloo.com/jzs/yx/*
e721f61c1264f66ddcff110c44c5b935,1156420100,4,www.niceloo.com/jzs/yx/*
e724a7299debbbd3663008c97312cd70,1156420200,7,www.niceloo.com/jzs/yx/*
e7441b0904a26a538be63b6bf2d98332,1156431300,5,www.niceloo.com/jzs/yx/*
e746ac3af470933259eed2b10101500e,1156330100,11,www.niceloo.com/jzs/yx/*
e74a2b7079e3b2c3e992a70326bef0ed,1156440100,4,www.youluwx.com/*
e76474b5c6155866ac4b4f94d03481aa,1156330300,5,www.niceloo.com/jzs/yx/*
e7891154cdc151793d70b4f68c47745e,1156431200,7,www.niceloo.com/jzs/yx/*
e8551cac9bb02625f91e6f276498ec5b,1156430400,29,www.niceloo.com/jzs/yx/*
e855967028f536ea37a9056c6c9c8881,1156150800,6,www.niceloo.com/jzs/yx/*
e890a1550d71f26dc4cb0c18b37d6edc,1156421800,14,www.niceloo.com/jzs/yx/*
e89c8ca464082290ed278db1dfc6f658,1156330500,10,www.geedu.com/zt/jzs/yx/*
e8c455b7d5c63e2a2b54bab833896fc3,1156421000,7,www.niceloo.com/jzs/yx/*
e8d8bc437f095fe2bf8aeaed0f1fe45d,1156421000,37,cqiedu.com/xl/xf*
e905dbc1c39bf980d3058655b7392b30,1156420100,4,www.niceloo.com/jzs/yx/*
e925255f60a936d04e5d1ed51f570cef,1156420100,5,www.niceloo.com/jzs/yx/*
e9285b8299d448fb0c6a36a2d9d5880c,1156431200,6,www.niceloo.com/jzs/yx/*
e93a8121047a258dc887fc37d8341139,1156420100,6,www.niceloo.com/jzs/yx/*
e96f41f667afde43bf3bf978ba4fbf8f,1156421500,27,www.youluwx.com/*
e991b718ed9609f6a9332cd1a23556ca,1156341300,50,www.niceloo.com/jzs/yx/*
e9ae2d228d50384d597585031d06d3dc,1156510900,5,bj.hpwxb.com/xf-MB*
ea0d54632b2c42041259e3d114e1fa9a,1156431100,7,www.niceloo.com/jzs/yx/*
ea160eb95e6fbad111aee5cd168780d3,1156420300,3,www.niceloo.com/jzs/yx/*
ea1b421e58b7d8217366edd5cbf864a6,1156440300,1,www.qddfxfpx.com/*
ea5bb9e92355cbcfd91ae40f3b8171e6,1156621100,5,www.niceloo.com/jzs/yx/*
ea90feb3361dd343b12ef3eaeedf472e,1156440100,4,www.youluwx.com/*
eadb383b3badfc207d673e59535c8a02,1156431000,7,www.niceloo.com/jzs/yx/*
eb19243267b3b55808ad5cc85ea01a0a,1156341300,1,www.niceloo.com/jzs/yx/*
eb21785b1aa4acc35b18d62bc04153e1,1156430400,6,www.niceloo.com/jzs/yx/*
eb2f0616fd1dd399b00ff42dd3cbe261,1156420100,6,www.niceloo.com/jzs/yx/*
eb6b175426fa073bb17e99acb4802ee7,1156421100,1,www.niceloo.com/jzs/yx/*
eb9db11ec4933f41171e6f7ef7bf27f8,1156440300,82,bj.hqmianshou.com/xf_mb/*
ebb845679007a040020255a3d2bc093e,1156341200,6,www.niceloo.com/jzs/yx/*
ebeccc857275ed6bae7fc9433672971a,1156431100,3,www.geedu.com/zt/jzs/yx/*
ec13b35f1302e666dd2d3494c772e47b,1156330100,10,www.niceloo.com/jzs/yx/*
ec6186989b9277daa3667a9457b7132e,1156150800,5,www.niceloo.com/jzs/yx/*
ec8fa8b8ffa9428236d715c926a4c853,1156520500,43,xiaofang.offcn.com/zt/xiaofangh5/*
ecc62b745401cb53eaba1f02aade2cec,1156422800,2,www.niceloo.com/jzs/yx/*
ecc7ce749ea080b9d81ba93fd7e3c561,1156430700,5,www.niceloo.com/jzs/yx/*
eccd8ec858517864b65570b44bbede39,1156420900,14,www.geedu.com/zt/jzs/yx/*
ecf5526c6a09552694cc9f8f0e02431b,1156440300,20,www.niceloo.com/jzs/yx/*
edd36bd9aaf01e1ddba12a9e7eee96c4,1156430400,7,www.niceloo.com/jzs/yx/*
ee68bc162d024c38d3523c8693bdac80,1156330200,11,www.geedu.com/zt/jzs/yx/*
eea6920a74cde382de0aab3a6458452b,1156420100,6,www.niceloo.com/jzs/yx/*
eeb93175a49ef6e14701be660eb4f54d,1156330800,6,www.youluwx.com/*
eeeccece04cc463e1b605f7840ebee85,1156330100,2,www.niceloo.com/jzs/yx/*
ef049699c51050857d23ec96623a3731,1156441900,1,wap.bangkaojiaoyu.com/bjtg/xf/*
ef0c5b89ed55bd8c26c08eb182dc3a7b,1156430400,17,www.niceloo.com/jzs/yx/*
efcf0ee13d9a1c24d76d573674a156c6,1156420100,7,www.niceloo.com/jzs/yx/*
f006e3e0df90e97caf2325a2430a1e19,1156330200,3,www.niceloo.com/jzs/yx/*
f00b24820f85e1ce9bd1529dc5ed1b9e,1156511300,2,www.niceloo.com/jzs/yx/*
f00fe6f60947de4f4428b957732e02f5,1156341200,2,www.niceloo.com/jzs/yx/*
f0135d8dc9aa8f4989cc27829f21696b,1156320500,4,www.niceloo.com/jzs/yx/*
f02ed67210c07912df75bdc2cd5eea58,1156360700,6,www.niceloo.com/jzs/yx/*
f03d596074f3c77df17b597fd9085ce1,1156421700,3,www.niceloo.com/jzs/yx/*
f06bdf3f67aac7ac24302c7dc53d5901,1156330100,5,bj.hpwxb.com/xf-MB*
f0d5ec8243434872224c29b64c300365,1156420800,4,www.youluwx.com/*
f0de9781dbec8631b46d0fd819f89086,1156500000,1,fudaocq.com/jiaoyu4/t2/sem/baidu/mob1/*
f0ed57ed76b903d4ace9566ddc2ae6f1,1156420700,7,cqiedu.com/xl/xf*
f0f09b39e866acaca8fc82ea525b351f,1156330200,3,www.geedu.com/zt/jzs/yx/*
f118b0441640aca821fc42f1e965e8ac,1156420100,5,www.youluwx.com/*
f1363a3bb17adcab3d1f045887e67b23,1156420900,1,www.geedu.com/zt/jzs/yx/*
f1494504cec9d9fb519062ac6e34909d,1156422800,2,www.niceloo.com/jzs/yx/*
f190cb9939e084d547ba123e789b0aaa,1156420100,7,www.niceloo.com/jzs/yx/*
f1d3108fb871ca2b09baeed3b6b54761,1156610700,13,www.youluwx.com/*
f1da7aa0ab44c010e80a4b76d8533432,1156440300,8,www.niceloo.com/jzs/yx/*
f20132bb31b23b0b65b194b91544be69,1156421100,12,www.niceloo.com/jzs/yx/*
f22cc7975469ca9d63ff28ae164aa8b2,1156440100,14,www.youluwx.com/*
f250e15d3f44ebbac0bb9406492a7663,1156421300,16,www.niceloo.com/jzs/yx/*
f258ee8ac0c6d2a9ff7a6415b45bddc7,1156440600,17,yidongm.zzbredu.com/*
f2d71df7689936a67efa13db2e264449,1156331000,3,www.niceloo.com/jzs/yx/*
f30117d04dceb161a1e730efcbc79026,1156420800,5,www.niceloo.com/jzs/yx/*
f3632b1dfb8bf490e3b3be1c327ff24c,1156430400,7,www.niceloo.com/jzs/yx/*
f376da1b9275d9d80c06cd8cfb3dafe2,1156430100,6,www.niceloo.com/jzs/yx/*
f3a80419d139e162281bdceed12fa9b8,1156330200,2,www.niceloo.com/jzs/yx/*
f3abaeff74130beaf7d74b8b28d43318,1156330400,5,www.niceloo.com/jzs/yx/*
f3bbc3a315e3b04a8e42df06fc862c43,1156330200,6,www.niceloo.com/jzs/yx/*
f482483629617519d88f586e3791d6b0,1156330600,1,www.niceloo.com/jzs/yx/*
f4a00f2ad987f3c6abe985a82a9012d8,1156420100,16,www.youluwx.com/*
f50a0fb4febc607c29d27ecdda39f027,1156421100,4,www.niceloo.com/jzs/yx/*
f522a09caf19f1161a2272a209f90624,1156330100,2,www.geedu.com/zt/jzs/yx/*
f583bf48ab6da6027671e1ff6fc462c4,1156420100,5,wap.bangkaojiaoyu.com/xf*
f5c7c2087b6eff9b39f5049b9f211962,1156410100,3,www.niceloo.com/jzs/yx/*
f5f111b2936d6f7d83fd4f8d2c24ba4b,1156440300,48,m.233.com/cfe/*
f6638d37bf5056d7c3d8ea205c2c4e10,1156420500,6,xiaofang.offcn.com/zt/xiaofangh5/*
f6824cea053bad378ab03236dc8eb517,1156421800,54,www.niceloo.com/jzs/yx/*
f69d743ea114347551a5b4b1ffcdf71d,1156420100,7,www.niceloo.com/jzs/yx/*
f6b4da1aceb45d779f4abee5886da91a,1156430500,5,www.niceloo.com/jzs/yx/*
f6c954c17a664c125eae97097df15bd3,1156330100,2,m.233.com/cfe/*
f6d3fd663305e1ba0a7611e1dddedec3,1156340100,56,www.feiyue119.com/*
f6f90fe269e6d0a803c9cdff5a4fc7b3,1156430600,5,bj.hpwxb.com/xf-MB*
f708ee39efb04f324bef3f6209759c3a,1156440800,1,www.hqhwedu.com/m/*
f7a3ac8eb2bcb91e85f2c666c87ae934,1156440200,1,fudaocq.com/jiaoyu4/t2/sem/baidu/mob1/*
f7d1fb467c5803752bb6899f25fc3219,1156430900,5,www.niceloo.com/jzs/yx/*
f8013a5a6bce4b264c9fba25d393c2b1,1156330200,6,www.niceloo.com/jzs/yx/*
f819d8e5ceeea895e152549783ff3149,1156430400,13,www.niceloo.com/jzs/yx/*
f82f0c0786a41889767f2e41af6396c0,1156500000,18,www.niceloo.com/jzs/yx/*
f850aea7ccba842eeade5f5ce86fc6cb,1156430400,4,www.niceloo.com/jzs/yx/*
f8a478bdcc49cc224eb6a3d965a11080,1156511600,6,www.niceloo.com/jzs/yx/*
f8cd9df307c2382d1fe0ca4a6e8ab336,1156320400,4,www.geedu.com/zt/jzs/yx/*
f979519828ed5948423d5ced8c038280,1156522400,3,www.niceloo.com/jzs/yx/*
f98ad5fc58ca6f8ce4d584342adae4b7,1156431000,5,www.niceloo.com/jzs/yx/*
f9954aac2b398e8d48bf5d8c039ad617,1156330200,4,bj.hpwxb.com/xf-MB*
f9ad753253dd06ea55f84079f6586a28,1156331100,1,www.niceloo.com/jzs/yx/*
fac4ae5556e4120dd6cb42afc2f2b91b,1156440300,1,www.yaomiedu.com/wap.html*
fac57fcab47bc643bc59d110e8e3d6e1,1156350500,1,www.niceloo.com/jzs/yx/*
facc738fb3814d07885ca3bc2e9d84ed,1156330600,2,wap.senda-edu.com/xfs/*
fad52290a9be4ffc532042ef3c244f9e,1156421100,20,yidongm.zzbredu.com/*
fb4549d291fc249e8d2ac90ac9d73c77,1156430100,6,www.niceloo.com/jzs/yx/*
fb64abe9bd251445e10d53414fad038a,1156522700,3,m.233.com/cfe/*
fb6e782246ee76b6286747626161edb6,1156422800,1,www.niceloo.com/jzs/yx/*
fb81562487fc48375a55f3cc19f2c6ab,1156330100,2,bj.hpwxb.com/xf-MB*
fbb6f72bdd0f215e788ca6f72bb14c93,1156420200,10,www.geedu.com/zt/jzs/yx/*
fbd43b5c31a265801f68e8f63c0efe5b,1156370800,18,www.geedu.com/zt/jzs/yx/*
fc1528b996f9cb6e45c119bc83b4bf28,1156440400,10,www.youluwx.com/*
fc225cc37d6eb3ec01f2b826098ddbe6,1156150200,3,www.youluwx.com/*
fc35db7a0a6a5f5dff49ab34178a52fa,1156421800,60,bj.hpwxb.com/xf-MB*
fc6829d80cac6d2920434de145dfb3e9,1156420100,19,www.geedu.com/zt/jzs/yx/*
fcbc864bfdcb2108effb39df2b6e15e9,1156330700,5,bj.hpwxb.com/xf-MB*
fd183d7ad2586879e79ca52334d44fbb,1156430100,16,www.niceloo.com/jzs/yx/*
fd1df63ad248fb3f20bf2195d928c8e8,1156520600,3,www.niceloo.com/jzs/yx/*
fdac9c0bfbb915a517fbe0b4ddb0f32f,1156422800,5,bj.hpwxb.com/xf-MB*
fdd6cbc3ed99d0d739a96824eb57d378,1156440300,4,www.youluwx.com/*
fe0e09ca295c9fab2da5c431f78064c2,1156430700,12,www.niceloo.com/jzs/yx/*
fe12f151fd4eadbf5dcee504faa40a1f,1156330100,5,www.youluwx.com/*
fe139ba9bf17a958528d6b1391db658e,1156370600,6,www.niceloo.com/jzs/yx/*
fe17228bb9fd306351c48ce0607450c7,1156440800,39,xiaofang.offcn.com/zt/xiaofangh5/*
fe2dab595309b905302b39151cbc3879,1156330100,5,bj.hpwxb.com/xf-MB*
fe50cdc0a47544ac70aa9427042d0c13,1156430400,5,www.niceloo.com/jzs/yx/*
fe651a65bfcc9a3dac585143b2be6b99,1156420500,33,xiaofang.offcn.com/zt/xiaofangh5/*
fe672360e245f66167c9d7548f4d75f1,1156330200,1,www.niceloo.com/jzs/yx/*
ff2406c8df6786403f9b8558ff93c9d4,1156440300,3,m.233.com/cfe/*
ff3422d4fe9a92ef7540799174379725,1156445200,3,www.niceloo.com/jzs/yx/*
ff69906ba9f705069d4b27a43c6c142f,1156330200,4,bj.hpwxb.com/xf-MB*
ff90db5168373f0e15a72504202a1ad5,1156331000,3,www.niceloo.com/jzs/yx/*
ffbd28af36f1d5f62bf3155fb89f9b5a,1156330200,2,wap.bangkaojiaoyu.com/xf*
ffc98e222c464a2035cecfc61c40bc45,1156420100,16,www.niceloo.com/jzs/yx/*
