00045d31c02bdbf71997a1674b8099cd,1156510100,176,m.cdwyzs.cn/*
0023d6fda4124b3bdef915b71145c216,1156510100,13,m.cdlrzs.com/*
003756833dad24a9228996e4385c72b8,1156510600,4,m.shj.cn/*
0047dbdb76d53a9355fd436440a34f94,1156510100,4,m.cdwyzs.cn/*
010292393e01ac10671ee4e0121f01c4,1156511300,24,m.cdwyzs.cn/*
010c30ab24453e0ad0a5d80fde5953f5,1156512000,18,m.cdwyzs.cn/*
0146885240a9b61d1ccd99e54847bda3,1156500000,91,m.cdwyzs.cn/*
017425778a17ee6e8fcd21c90fb83ef3,1156510100,113,m.cdwyzs.cn/*
01cee406971f239acb56c2a872f37de5,1156510100,15,www.scxblzs.com/*
01e2f1828a48dcbbb85f14a946a6e390,1156510100,56,m.chuanhaozs.com/*
01fc107dedc7b49e019367e3b4181940,1156510100,25,www.cdsmhome.com/*
020cc3379880448f71ce4c7396ffe1d0,1156620900,21,www.scxblzs.com/*
023775496ae6893ea9809f6bc3ea8509,1156510100,6,m.cdlrzs.com/*
02654429a8659f750526c9024b9487ff,1156510100,7,m.shj.cn/*
02691d18bf3ecfb3a9cb0e9b2dfd72fc,1156510100,29,m.cdwyzs.cn/*
02acc787096b2689d045e93c95ec5ac1,1156510100,1,m.yzf.com.cn/*
02bad794c982e77d515197e571696551,1156510100,3,m.shj.cn/*
02fd5fa6b473ea77e6ec7c2f767fd2e2,1156510500,51,m.cdwyzs.cn/*
031898dee606824b3b905d8a0042b405,1156511400,56,www.ztxzsjt.com/*
031b762f64041cc60c11f3c9c9137acb,1156510100,2,www.wuyouzhuang.com.cn/toufang/h5/*
03653408a15ec25b2db70af89f9e18e4,1156510700,191,m.cdwyzs.cn/*
036775394ed2e482f2263509caa87317,1156510100,80,m.cdwyzs.cn/*
0421f973fc45de0624a963d87366b703,1156510100,2,m.chuanhaozs.com/*
048048dbc4d590d5f14a71f019552d61,1156510100,2,cd.m.dyrs.com.cn/*
04a3b60a97e9bece4bbfd4bcf63c0ce1,1156513400,61,m.cdzpg.com/*
050629fba6dbb5008aa0ed97b7ed1239,1156510700,2,cd.m.dyrs.com.cn/*
051a7b89d67b6e5dff130467eb221293,1156511000,48,m.chuanhaozs.com/*
05e94d9dffa4bdb4c1c642eb53f192e2,1156510100,74,m.cdwyzs.cn/*
066227a7b145645b70d919df35b532c2,1156510100,29,cd.m.dyrs.com.cn/*
067adc3fcadb0ff3f9578d227f75bee2,1156510100,44,www.lrzs.com.cn/*
0692712f4c625a72d532f21b07e90813,1156510100,69,m.cdwyzs.cn/*
06a6649d983643cae6aaf3de0b5dee4f,1156510100,2,www.ch028.net/*
06d300c6d260be7fdc1acd8deec1729e,1156511900,8,m.cdwyzs.cn/*
06db0550e18a62afbd69ec44897f7999,1156512000,1,www.ch028.net/*
06f2cfdebe48bda3859a4e1eb570722e,1156513300,9,m.cdlrzs.com/*
070d293315a438c032422487a2b40d5d,1156511300,77,m.cd.tdhjz.com/*
081f14d0cc8730c2796af6084ab9747c,1156510100,21,m.cdwyzs.cn/*
085f08e8361f220a9ca375580013b5a7,1156510100,6,m.cdwyzs.cn/*
08c3eb390cd770f25d1486fe3e53a8eb,1156510300,26,www.ztxzsjt.com/*
08eac76d218757d448934bcac2cc3c54,1156510700,6,cd.m.dyrs.com.cn/*
091ab707968fb6eb11f28408ba570bfe,1156510100,1,cd.m.dyrs.com.cn/*
0921e877e2e2d51b297c58484fef66b9,1156510100,4,cd.m.dyrs.com.cn/*
09388395ba31f03213bebcc017b4bc1d,1156510100,2,m.cdwyzs.cn/*
0999ec1d03beb36f367057647159afa8,1156510100,80,m.chuanhaozs.com/*
09b8fe5f1e4a09a2d133c3dd4ad0192f,1156511000,4,m.chuanhaozs.com/*
09d19b3f48b4432759d19179f2b4e84d,1156511500,7,m.cdzpg.com/*
09e149302b1ba94d62faed497506edff,1156510700,26,m.cdwyzs.cn/*
0a42b66c82fad1bf8bde5481c54861e5,1156510100,1,www.lrzs.com.cn/*
0a5627766f27b04996984df60b4f7ed6,1156510100,4,m.shj.cn/*
0a68f08bb36a908ca1352c6d7c3b03f7,1156510100,8,m.cdlrzs.com/*
0a88b7e781681277b648a293b38c23fc,1156511600,124,m.cdwyzs.cn/*
0a8b7fd19a8cf00883d35bddec495f81,1156510100,5,m.cdwyzs.cn/*
0a8f587383354e58e84e1e44edf1ea5c,1156510600,11,m.cdlrzs.com/*
0ad3d5540af0a7294185108987f10484,1156510800,25,m.cdwyzs.cn/*
0adbc288df9a1ab64cd1853d8d77e5f9,1156510100,29,www.ztxzsjt.com/*
0b7c738a840cc81863fd27ceb5a6f93b,1156440300,2,m.shj.cn/*
0b85f39f18935039d7d6f3235f8eef38,1156510100,20,m.cdwyzs.cn/*
0b99d5a2f22c68366a8a6dc15cfabfe4,1156511500,14,m.cdlrzs.com/*
0c0d12ab5eaca846cf9e2f45790fd1b9,1156510100,62,m.cdwyzs.cn/*
0c7577d121ef77ccaf71900a4a27414e,1156510700,61,m.cdwyzs.cn/*
0c7962f9df8e842aa2665ae34be99988,1156511300,80,m.cdwyzs.cn/*
0d10038b92290ff321c2a1c2ddce6dd0,1156511600,19,m.cdwyzs.cn/*
0d648bb7cb86488c72e69a0a80957cb0,1156510100,37,m.cdwyzs.cn/*
0e183ce72712dcfaddd65c4812b16cbe,1156510300,107,m.cdwyzs.cn/*
0e30ac483591b0566f70546560cf2f1a,1156513400,2,m.cdwyzs.cn/*
0e463aab6c88e617bd5a570ddc8a73fc,1156511900,113,m.cdwyzs.cn/*
0edbae70c3f715ce3c79362530c3bc27,1156511500,14,www.bzzss.com/*
0ef134b9a1c08b09b38948bbda25e19a,1156510100,4,m.shj.cn/*
0f0c50c22bbc48b343a2547bfdbeaba1,1156510100,2,cd.m.dyrs.com.cn/*
0f7d57d8bef57df66ee1194f35884760,1156510100,220,m.cdwyzs.cn/*
0f8c9c6677f09c455542c961ab271e14,1156510800,79,m.cdwyzs.cn/*
0f97b38ecfbe35d51e7dce37b858f016,1156510500,39,m.cdwyzs.cn/*
0fd20110ba3dccf800a96eb45e5a0566,1156511500,10,m.shj.cn/*
0fd994b31198f6d15aa8d45f92776f25,1156510100,24,m.cdwyzs.cn/*
0fe67654a3f2ebcd7d846aaeb542c2ec,1156510100,1,m.shj.cn/*
100ed5b686735912107d5a49ad51c6f9,1156510100,1,m.cdlrzs.com/*
10ba6a79bac6071e1f11abc1b7a2e813,1156510100,74,m.cdwyzs.cn/*
11b137fe192c421843fa5730c2a7ed75,1156510700,31,m.cdwyzs.cn/*
12193d53ad766e0fdbe46e51dbe4bd85,1156510100,3,m.cdwyzs.cn/*
12bf597012a963e4de7c321e959c6870,1156510700,27,m.cdwyzs.cn/*
12e72769948f8255f6673a99cee84611,1156511300,38,m.fenglizs.com/m/*
12e8024dbbf1dc262c505be1733f706f,1156510100,2,m.cdwyzs.cn/*
1314c48c25c4f65526319808f8a164e6,1156511300,35,m.cdwyzs.cn/*
134bcfcaa84091e076804a974195717a,1156510100,4,www.028dd.cn/*
1369c8ba78813d890c4f704fc6617560,1156511100,3,m.shj.cn/*
137311fb77c4dfaea2b95c68e6054f37,1156510100,32,m.cdwyzs.cn/*
13d6cc6b1aefa07f0ac51bbdd7c195f0,1156510100,59,m.cdwyzs.cn/*
1416199c92074eab636aab390875e18f,1156510100,41,m.cdwyzs.cn/*
1426fceefbe85e4354837dda705f2ab4,1156510100,145,m.cdwyzs.cn/*
14500679e1f5fa97da7e1e0ca34cf5da,1156510100,7,m.cdwyzs.cn/*
146283be257f75ffcd0881170390825a,1156513200,66,www.scltzs.cn/*
146fd2c619acb037755efe180d9b1730,1156511900,74,m.cdwyzs.cn/*
148e8dca14fe773b0e1aece49d6d92cc,1156512000,62,m.cdrhyf.com/*
148f7e5d6139dd9d625f180226dfc4ef,1156510100,30,m.cdwyzs.cn/*
14c69fccc642c6945e23d3f32e023413,1156510700,4,cd.m.dyrs.com.cn/*
14f651dd5e9afe70ee657af2b56f694e,1156510100,51,m.cdwyzs.cn/*
152aee845ec9cc056e4498cc3326c14d,1156511000,1,m.cdwyzs.cn/*
152b1f1696f9b0c83d34c0b3d15032eb,1156510100,72,m.cdwyzs.cn/*
153c813b83a89074b15ca55f7d65920f,1156510400,139,m.cdwyzs.cn/*
15a22f3b76f4ba7bc4a456e46231e358,1156510100,29,m.cdlrzs.com/*
15c4eeb1631a3ae5687af94cb0f6d9c1,1156510100,16,m.chuanhaozs.com/*
15dda41489daea227c9a208b5787b16f,1156511500,1,m.chuanhaozs.com/*
15f560c7ba4c8740ce4251926b7516e8,1156511700,84,m.chuanhaozs.com/*
1689c440b9ddd69281b785870d63648e,1156510100,13,m.cdlrzs.com/*
168c9d86e32b20d58a595ae539b2f54f,1156510100,1,www.scxblzs.com/*
16cbf6a7f6df31c2c6328f30b6a30bc7,1156510100,37,m.cdwyzs.cn/*
16da8518c83334df7600aa1b80163da7,1156511500,1,cd.m.dyrs.com.cn/*
17b4809d240f17becddd918fa15f316a,1156511300,1,cd.m.dyrs.com.cn/*
17ef7b15749d194c824fb03fa386d217,1156511000,26,m.cdwyzs.cn/*
18688199d7a0f2267e96b2dc56ce36d8,1156510700,67,m.cdwyzs.cn/*
1878dba145024ff59865459f57977466,1156511300,5,m.shj.cn/*
189fbd46354a83d6c04cca2514e676df,1156510700,2,cd.m.dyrs.com.cn/*
18c91c002111f74e2a425162b3bf4209,1156510100,13,m.cdwyzs.cn/*
18e9e8dc7ad4ded995b4bbd80e16b738,1156511500,46,m.cdwyzs.cn/*
1905e69b6f30307ef819d5d2ba57a26e,1156510800,277,www.ch028.net/*
190fcae0fb87e9ff8a4a76bd4e6f5b24,1156511300,50,m.cdwyzs.cn/*
195095b5f8a5cb2862ca407e0f2b402c,1156511400,1,m.bjlongfa.cn/*
19670dd18a5d6de7e202ac0099ab6603,1156510100,3,www.wuyouzhuang.com.cn/toufang/h5/*
196f1bd585053533903982d2968186b1,1156510500,97,m.cdwyzs.cn/*
1a09ded5e32c5c9ecabbb97337fc3cfb,1156510300,23,www.ztxzsjt.com/*
1a4becda7d8c2956c2ab262d6f64b307,1156510100,68,m.cdwyzs.cn/*
1a966c95d8207c3993745873298f5e8f,1156440600,50,cd.m.dyrs.com.cn/*
1aa280e779069a04ef3e8c7c8527abf3,1156510700,54,m.cdwyzs.cn/*
1aedf50f95a4adbe15dbc6a48b096070,1156510100,58,m.cdwyzs.cn/*
1b09ef5fe26aa3e79dd6c22f50921ae8,1156510100,4,cd.m.dyrs.com.cn/*
1bcd7697a453ac278f5957f622175b0a,1156510300,87,m.cdwyzs.cn/*
1bed067789690d5d5e197084d4e7c3d4,1156511700,22,m.shj.cn/*
1c2077c9d3992845117c96810a5fc9f8,1156511300,2,m.shj.cn/*
1d03e10afea99487a6df2e0ac5c48f22,1156510100,2,m.shj.cn/*
1d397b5ea54874f797b4780366b09b95,1156511300,65,m.cdwyzs.cn/*
1db340da08f2524655bd8041a34d319f,1156513400,3,cd.m.dyrs.com.cn/*
1dc6a5fece843bb9fda3872ef4f81400,1156510100,1,cd.m.dyrs.com.cn/*
1dca489641cc0deb5b2c640737de8a05,1156510100,7,m.cdlrzs.com/*
1df6b29ae77f5f38be8268ec776fbee2,1156511300,2,m.cdwyzs.cn/*
1e3efef82fa418cf6f7748c4e1c45a8c,1156510100,1,m.yzf.com.cn/*
1e8d60a7ccf0853f770b4e600ff07016,1156540100,2,www.scxblzs.com/*
1e934dbe0b784d9bae5135f962807902,1156510900,61,m.cdwyzs.cn/*
1edd648d44a7b86f3e2c66e637def365,1156510100,57,m.cdwyzs.cn/*
1f213d8a740d6d1cddc3b703f9eeab3e,1156510100,49,m.cdwyzs.cn/*
1f230f2a4a31f23973c46ab8e8b17144,1156513400,2,cd.m.dyrs.com.cn/*
1f3a309aeabea4670af27085b9f8acda,1156510100,77,www.cdsmhome.com/*
1fcc014908dfe85773d16fa7265d1c3c,1156511700,5,m.cdlrzs.com/*
200efd7dba4f1b573dfd2e0d1a619552,1156510100,6,m.cdwyzs.cn/*
202f731bba8ace06c4eff94ddc6f90c5,1156510100,56,www.cdsmhome.com/*
2057c59c2fc2013b7a57000eeadf4ce4,1156510700,2,cd.m.dyrs.com.cn/*
20898931c949aa61701ba0cbf758ba25,1156510100,14,m.cdwyzs.cn/*
210b0b49aaf2863e3ce85ef90cbbab48,1156510100,6,m.cdwyzs.cn/*
21bedff1d12018ae164156e43c998f21,1156510100,24,m.cdwyzs.cn/*
21d6fff371573705f8f53b708c0afba7,1156513400,85,m.cdwyzs.cn/*
21f203861c19e690cc289e1310ab2337,1156510700,2,cd.m.dyrs.com.cn/*
21f6cff14723f76b8aadc60d335d646d,1156511900,29,m.cdwyzs.cn/*
2221e1cc04a0248233f6be0e1ed9be1f,1156510100,6,m.shj.cn/*
2232495654a9fd1a623c913c16d103fc,1156511300,2,m.shj.cn/*
22a27797774e14d9bfd8169cd4d0a81a,1156510100,3,www.scxblzs.com/*
2331f23109868749b132a275ece32b25,1156511300,60,m.cdlrzs.com/*
2339f2b866738d22a1e22c371571ad0c,1156510100,214,m.cdlrzs.com/*
236d7c37b6a024c95825b75a912d28f3,1156511500,24,m.cdwyzs.cn/*
236f460b5580a1791a4142fac291dea3,1156510100,26,m.cdwyzs.cn/*
23fd81d0a8ab6b13f227460c7a033d37,1156510100,13,m.cdlrzs.com/*
2435ebdcd521f7c576a64ac64e949e28,1156510500,160,m.cdwyzs.cn/*
244aade41d33f6a169f32b983382e3ab,1156540100,14,m.cdlrzs.com/*
247eeedff68d6446ad53a69bdb3a15b2,1156510300,3,m.bjlongfa.cn/*
2550e412892d8f0a960776ee9d868e2f,1156510100,50,m.hexinju.cn/*
2560152a93c98c7e698c7255e557ecee,1156510700,2,m.cdwyzs.cn/*
2600219d24d0bfbba48b46aee4aff2c4,1156513400,17,www.ztxzsjt.com/*
2624724067ad16ee812edc2d48fbe2da,1156510500,61,m.cdwyzs.cn/*
26a7b2f452d14df0506ce3c30fbf3031,1156510100,34,m.chuanhaozs.com/*
26d4b2a427db5673291684b46677d9a1,1156510100,1,m.cdwyzs.cn/*
26fe4147b655d489eba2929ffb41668d,1156510100,58,m.cdwyzs.cn/*
2729b1be0563a0c77c853b0cac8a3060,1156510100,10,m.chuanhaozs.com/*
27516d9ddd9757463b3ffadfa586166d,1156510100,71,m.cdwyzs.cn/*
2753c754eed99c463f5b5b25336bc3dc,1156542600,23,m.cdwyzs.cn/*
27e89ad2545582864ebd3cab023974f7,1156510100,11,www.scxblzs.com/*
27f496ec8d73def9d99189fe1efdce0c,1156510100,9,m.cdwyzs.cn/*
28bf0ceddb8c9b9f97bf3a2333e3022d,1156510100,36,www.cdhxjzs.cn/*
2902f1f010940a7b9b17109d209fa0fd,1156510500,6,m.chuanhaozs.com/*
292aeb6bb00566e4d4864a332c7b80dc,1156510700,29,m.chuanhaozs.com/*
2979954774fa98dde07d1de16d16e8dd,1156511000,1,m.cdwyzs.cn/*
29948d32dfe6f27487f0b46cf84901df,1156510100,29,m.cdwyzs.cn/*
2a6a76d7a6347b2c3e076106548d6c47,1156510400,36,m.cdwyzs.cn/*
2a6ad4514dac73c2f7a8b96be5065248,1156511400,46,m.cdwyzs.cn/*
2a7d56be57680b0217f60db6bbc8af13,1156510100,1,m.shj.cn/*
2a91ddd6b514b1aa4b80b8c76eebbe5d,1156513400,26,m.sljjzs.com/*
2acd50c1a156eaf1f81d63a4d98c6406,1156510100,69,m.cdlrzs.com/*
2b1f23c6cc8cb596546b7e714c289264,1156510100,5,m.cdwyzs.cn/*
2bc2a5b6ad7a5aeeebc21e2b9bd6b1e7,1156511700,2,m.cdwyzs.cn/*
2bd8b8e486d9382b772389cd164ad317,1156510100,68,m.cdwyzs.cn/*
2c132ceace803d5c50a0c77fa0646e13,1156510100,15,m.cdlrzs.com/*
2cb02ae795f403f20987056ccb0b9997,1156530600,96,m.cdwyzs.cn/*
2d6abd0989be5d03f9db209654ccc686,1156510100,29,m.chuanhaozs.com/*
2d8e43b44f1586e8f0683e14b569e694,1156510100,56,m.cdwyzs.cn/*
2d9a41e99ae0dd3ccddfee31b1e30045,1156511100,46,m.cdwyzs.cn/*
2e10e84fa715422754836b043c7bffaf,1156513400,58,m.cdwyzs.cn/*
2e2e0dffca7a6a7ae363728033886cd1,1156512000,30,m.cdwyzs.cn/*
2e5e7201780afe8c83da9f2ae2d0aaaf,1156511900,294,m.cdwyzs.cn/*
2e6ef16511b183ad1cb037f30329828e,1156510100,25,m.cdwyzs.cn/*
2f316492097a953fa1283f1da587f77c,1156511700,18,m.cdwyzs.cn/*
2f93c391cdbf83a2258af5d4c2a65c52,1156513400,150,www.scxblzs.com/*
2fc509a03cbcce0ea40dfb20e1477fcd,1156510600,88,m.cdwyzs.cn/*
30444c2a4e271602d8c69538d49f402f,1156511400,1,www.ch028.net/*
3090270537ebd1ddcec02510537fde84,1156512000,15,m.cdwyzs.cn/*
30972ff56486cdadb3261dfe32c1ae91,1156511600,64,www.ztxzsjt.com/*
30e9a30c5d8e1110877f61925e378f23,1156510100,9,m.cdwyzs.cn/*
3110494a3e8f2ea16cfb214b9f953102,1156510100,40,m.chuanhaozs.com/*
31521d57d4f0e2760b79265c6e3f253d,1156511800,8,m.cdlrzs.com/*
31b1a7905d51df24152d882714079f7b,1156510100,8,www.wuyouzhuang.com.cn/toufang/h5/*
31cfaa2734be0e26900e1e17b616e796,1156511000,425,m.cdwyzs.cn/*
323dd1a237f5df1cd5442d1f968f0c0d,1156511300,30,m.cdwyzs.cn/*
32b5b1b2b728c8bd31d08ee4062a9bbf,1156511700,66,m.cdwyzs.cn/*
32c14bf305748cb0c18384c850ec3dfb,1156510100,9,m.cdwyzs.cn/*
32c6d5a29871e7ee890388592da6a374,1156510500,2,m.cdwyzs.cn/*
32f181370b5b366580647a2c2cc44a1d,1156510500,40,www.cdsmhome.com/*
33597e3b8eb8b64bab142666d94bd21a,1156511300,2,m.shj.cn/*
3369cae7ef800e27bef4ca99ff7a5fd7,1156510100,24,m.cdwyzs.cn/*
33e6d55a3b33d7e1051a98753d3ffc6a,1156510100,207,m.cdwyzs.cn/*
340b6891403f0407c7e99bd714480222,1156510100,1,cd.m.dyrs.com.cn/*
348e481bd60544be8ea4eceb1f810a07,1156510100,1,cd.m.dyrs.com.cn/*
34a5153293c3d7c9765cd3859764cf13,1156512000,1,m.shj.cn/*
34cb6244db01076254e9ff144a76ad57,1156510100,20,m.cdwyzs.cn/*
34e4080d3b0b1bad16b5801dbc900db4,1156510100,18,m.cdwyzs.cn/*
35181b46a94c11a6ea762f09f67c9a4c,1156510500,19,m.chuanhaozs.com/*
3576d331ceec59db51281197fbe56421,1156511300,3,m.shj.cn/*
35e120a4cdd24054775978354045913b,1156510100,12,m.cdlrzs.com/*
3626fbb89eedc693355cdbd8bfd5b06d,1156510100,33,m.cdwyzs.cn/*
364fd05a614dea4c039d1031f8c38c88,1156510100,3,m.shj.cn/*
3722a28a32b937258b1ed6d6b54cdf3b,1156510100,26,m.cdwyzs.cn/*
37821d0e1b2221b7b2899c00a3b6ba65,1156510100,8,m.cdwyzs.cn/*
386c92d61bb5364f04f439a85885c548,1156510800,52,m.cdlrzs.com/*
38d3965f35a568e74cc9a849fe9502fb,1156510100,61,m.cdwyzs.cn/*
38d7c495a5e78baf711ad86de3419dd4,1156511000,31,m.cdwyzs.cn/*
38d9ef11b5dbf55b9ffeadc4a564c579,1156510300,36,m.chuanhaozs.com/*
3980331a43d318cf5cb37b3218d9edad,1156511700,70,m.cdwyzs.cn/*
39af3b6c7a8581cbf5ff870d21548a38,1156510100,76,m.cdwyzs.cn/*
3a10ec41d398eb73569e7f7c0df8b815,1156510100,67,m.cdwyzs.cn/*
3a42325049c7fb6e85de6a74cf3655e6,1156510100,52,www.ztxzsjt.com/*
3a59bea2b7b0611986af1e8934822040,1156510100,33,m.cdwyzs.cn/*
3a63561aa701d1f2490de946419944a0,1156510100,8,m.cdwyzs.cn/*
3bbd9a117f7b5aaee399cfcb82d1913d,1156511100,16,m.cdwyzs.cn/*
3bfefb1399440eb042079540c86eb0fe,1156511600,90,m.cdwyzs.cn/*
3c25f6fa9d624e52cd7d99166b531fba,1156510700,56,m.cdwyzs.cn/*
3c58a7c0e856297ae0a80bc5bfd6c383,1156510300,52,m.cdwyzs.cn/*
3c624d3247b3478f7532112003897d48,1156510100,12,www.scxblzs.com/*
3c6aad17df8c034a444e912d4aa3feb8,1156510100,7,www.ztxzsjt.com/*
3cc26087659a0841f813bdf44c093147,1156511700,25,m.cdwyzs.cn/*
3d05670587e511a1c96069242a6a06c1,1156510100,22,m.cdwyzs.cn/*
3d0b9f9521ac06cb4a137cf50628a897,1156511600,53,www.cdsmhome.com/*
3d37b5c02865e3f1a8c3550a62429074,1156510100,3,m.cdwyzs.cn/*
3dae1c2ea0f3d4eb2f1682120efc985f,1156510100,12,m.cdlrzs.com/*
3df5fe2ecc90e69bef2fa31630db1dc2,1156511900,3,m.shj.cn/*
3e1ec104d50ded73444c5b60bbb7d24a,1156511100,6,m.cdwyzs.cn/*
3e4ee9ffd582bfe850c9734c6baae404,1156360600,4,cd.m.dyrs.com.cn/*
3e56ef5708178adfc157f36544ed33d8,1156510100,5,m.cdlrzs.com/*
3ed4f1fe7669bd7ec4e7d889ffe1dc47,1156510100,8,www.wuyouzhuang.com.cn/toufang/h5/*
3ef8ca4d9b61f2d27ba34bf8d36c6bd3,1156510100,2,m.cdlrzs.com/*
3f5d6b61feaa1f75a51d2e48c9e31ab7,1156510100,8,cd.m.dyrs.com.cn/*
3f6ef1ac6e3d0e952d99b9b08dcfe739,1156510100,6,m.cdlrzs.com/*
3f802f129ed900b6461318b7c85733e4,1156510100,163,m.cdwyzs.cn/*
3fbc555519923ac4bdd79d0c6c04ec48,1156510700,74,www.ztxzsjt.com/*
3ff852476680bfbba38f0eea000c2fa3,1156511700,101,m.cdwyzs.cn/*
403c759be9cd48ebe2f9044a6a4c9139,1156510400,46,www.ztxzsjt.com/*
4049b6aba8f75f3d98486f79d4c319ab,1156511300,70,m.cdwyzs.cn/*
406e1769cb78c71bfe81ca414c191b9a,1156512000,66,m.cdwyzs.cn/*
4087b46aa334f594a412dda9766ecddb,1156510100,2,m.cdwyzs.cn/*
40f18a8fa5b50b4196a3558d676c3ffb,1156510100,58,m.cdwyzs.cn/*
40f93975262483858198ee889abe3462,1156510700,3,m.shj.cn/*
41b36baee7d7b89e88f35894afd48e79,1156511800,1,m.chuanhaozs.com/*
41c6c96af13ec2d38b12d39c95a70602,1156510100,28,m.cdwyzs.cn/*
4218631c17c5aed2f0ff8cd2c91895c8,1156510100,4,cd.m.dyrs.com.cn/*
42986d1a82fdf17ddc2113d889f0fd88,1156513400,69,m.cdwyzs.cn/*
42c48ee5b967753d3891087baeda8d99,1156510100,6,www.scxblzs.com/*
42f7e2ce5961fbd0a9c09da6354e96d1,1156510100,37,m.chuanhaozs.com/*
43330cd3b5dc167da09f8c79962e06e5,1156510100,66,www.ztxzsjt.com/*
43536734fd222d95278bd48067881460,1156532500,1,www.falongfa.com/*
435cd23d502689bd0da410502ab12aec,1156510100,39,m.cdwyzs.cn/*
4364a42255328bfcb637efb1db2f626d,1156511600,18,m.cdwyzs.cn/*
4364c1eade71f3a18d91b67b60f618ae,1156510100,7,m.cdwyzs.cn/*
4369b25704eba9f3ede33d821b24e9c4,1156510100,6,m.shj.cn/*
437d2591ed368843a2563f076c66796c,1156510100,2,m.cdwyzs.cn/*
43cc7a3bae0ded4f13658fdd7d1c08c2,1156510700,3,m.shj.cn/*
447d9bb6a16861ed88adcb7d31a5ecb9,1156510500,27,m.cdlrzs.com/*
448eaf16583a8e559447702281317c5e,1156510100,10,m.cdwyzs.cn/*
44d37cae55c6c77df12f888eafec0c30,1156511300,4,cd.m.dyrs.com.cn/*
450cd8bc562eefb4a6a84eadca86af8f,1156510300,1,m.cdwyzs.cn/*
45255bd8228d3f2a655e2b742bba49b7,1156510500,14,m.cdlrzs.com/*
453598598852914c3e3b17dea0d792f7,1156511700,44,m.shj.cn/*
458e4672aad3487f615338bec337bbe9,1156320700,41,m.cdwyzs.cn/*
4626e6a8cba2490db26c638f553091d0,1156510100,73,m.cdwyzs.cn/*
4653951762d94b6eeedf878fec011925,1156510500,52,m.cdwyzs.cn/*
46ac721eacf3f0073bf31a7f453c8aaa,1156510100,1,www.ch028.net/*
477e01d4f80c7aff99ad0289ccb18e09,1156510100,30,m.cdwyzs.cn/*
4788992175e5d9a2aa272493819d88f2,1156511300,3,m.cdwyzs.cn/*
47945683e37624cb85f1a8218b4acde6,1156510100,2,cd.m.dyrs.com.cn/*
479a6c321f672f3229373fa8f1520a0a,1156511300,79,m.cdwyzs.cn/*
482b0ee96cbe4ba2f30030f445f0c4e9,1156510900,25,m.chuanhaozs.com/*
485860c797dc0d24246b525ed8f29b84,1156510500,7,m.cdwyzs.cn/*
486d42d08162dc6a31995bb78490c8f4,1156530900,228,m.cdwyzs.cn/*
48a30c26dd3bec729a8887754c09eec6,1156511300,181,cd.m.dyrs.com.cn/*
48ac25bbcd7f3e887ed3a315a73d0b44,1156640100,45,m.sljjzs.com/*
494706cd3c815ceccdbdeed5e6a78ae6,1156510100,43,m.cdwyzs.cn/*
499bd24c88743eb9d3cce51b413fee60,1156510100,18,m.cdwyzs.cn/*
49eb65a9db57a307a8001f3786333e21,1156513300,1,m.chuanhaozs.com/*
4a5770d980973ab07f03fd9c9f06f6de,1156510100,1,www.scxblzs.com/*
4afac697029eea189516883806543a2f,1156510500,45,m.cdwyzs.cn/*
4b1aeb53b7b2b059988a0229522560ab,1156510100,49,m.cdwyzs.cn/*
4bdd769710cf522c818b936de7b2306e,1156510100,11,www.wuyouzhuang.com.cn/toufang/h5/*
4c406f47090a05d70a44d378ba2fbed0,1156510300,14,m.cdlrzs.com/*
4c418b6ffe8598ca3c4424729410900e,1156512000,78,m.cdwyzs.cn/*
4c5de8e53c00aa6b2c54d31cd82aa681,1156511100,134,m.cdwyzs.cn/*
4c6cadc3482efb3f7f6bbb3d5395069c,1156511000,21,m.cdwyzs.cn/*
4c8dcb50893b8862d6b9709af0264e1e,1156510500,3,m.shj.cn/*
4ca0a1e98905ccd8fe95e4b8244dfaef,1156511100,47,www.ztxzsjt.com/*
4cabba53e97c382410e77391281922a4,1156510700,76,www.bzzss.com/*
4cafca71b1c7b176434170870b63710c,1156510600,50,m.cdwyzs.cn/*
4ce8a20960609aace9dc3039a1be337a,1156510100,7,www.scxblzs.com/*
4d45b10082bc4809d7c200c751f4fe4f,1156511500,29,m.cdwyzs.cn/*
4d580aef6502a3e11d05cd81191e0193,1156510500,2,m.shj.cn/*
4e2b6b38bba29c4ca8d1896800c5d21f,1156510100,131,www.scxblzs.com/*
4e9a35244afea73a07ed9ec179fb3686,1156510100,22,m.cdwyzs.cn/*
4ed08f36aa4dedf4dd61709abec58b8e,1156510100,33,m.cdwyzs.cn/*
4eef973b2b45635a1460158fc5f93f59,1156510100,49,m.cdwyzs.cn/*
4f48630091f309416a77768e9ebfbd04,1156511100,78,m.cdwyzs.cn/*
4f7e12740ac75c2d9c7d3c2842e3a866,1156511700,3,m.cdwyzs.cn/*
4fa124bfa29a68390528d2adea23c082,1156510100,36,m.cdwyzs.cn/*
508c13d43712e229f067e85287038d4e,1156510900,8,m.cdwyzs.cn/*
5118131429c1f6531e133b1e429a64ec,1156510100,73,m.cdwyzs.cn/*
51f8871f101524e7258cab192f2f54cc,1156510100,3,cd.m.dyrs.com.cn/*
52115b6a389308d72ba356eb83c843eb,1156510100,16,m.cdwyzs.cn/*
524edd14434dc67aa9cfb247d564ba1a,1156510100,1,m.cdzpg.com/*
53131bcba7a14fad64a1819445328392,1156513400,161,www.ch028.net/*
5320e0b17d2050d87150a3ea3de3f1e6,1156511500,35,m.chuanhaozs.com/*
532d6f327837bb806416f8884273f588,1156510100,60,cd.m.dyrs.com.cn/*
534cf7190ced8e73beeea17366da4259,1156510100,7,m.cdlrzs.com/*
534e8f3d2cc4084664549022ca51cc09,1156510100,32,m.cdwyzs.cn/*
53765bf67b973d11fa1d8120c358ebf9,1156513300,33,m.cdlrzs.com/*
53a040cf3e0592e8beaea6c1e9ed408a,1156510100,1,m.cdwyzs.cn/*
53f496ea7b49c7343e1485d08f97fdc9,1156510400,17,www.ztxzsjt.com/*
5460e363bb912b9cd2aaba5cba09b4ae,1156510100,213,m.cdwyzs.cn/*
5479c369446a2ce887ee13b0c8374ae5,1156510100,63,m.cdwyzs.cn/*
548626eebd92897941a15f9a51b604be,1156510100,6,m.cdlrzs.com/*
54b0677dd69530ca384285cc4e2bd193,1156511300,1,m.cdwyzs.cn/*
54b9f865a52270bd3e85679d11efd11d,1156510100,62,m.cdwyzs.cn/*
54bb379a6359dc76a908b2983d9e4b82,1156510100,1,cd.m.dyrs.com.cn/*
54f4f9478b9336ec4bcba4becd18e8e3,1156511300,7,m.cdwyzs.cn/*
5514714397af514683bc6e69af88ca8a,1156511400,3,m.shj.cn/*
5562d7efb68b7fd70f7b1dad6076db04,1156510100,26,m.cdwyzs.cn/*
55784a6ace45828dc786f186c4e75d51,1156110000,48,m.cdwyzs.cn/*
55dfb0775aae1764932e5cee68f4074a,1156513200,26,m.cdwyzs.cn/*
56125787fec5707934d70a8a26049370,1156511400,18,m.cdwyzs.cn/*
564c331cb78bd9118448a4fa33f08cb6,1156511100,110,m.cdwyzs.cn/*
56782a79008c95ac78d7f41daa1cc24c,1156511300,14,www.cdsmhome.com/*
5684498b7db682e3fbe595f710a64ba8,1156511100,3,m.shj.cn/*
56926cc4c733828a8ad80ad5c8de4758,1156510100,11,m.cdwyzs.cn/*
569308d5929869ea4c9418f1306cdce8,1156510100,9,www.wuyouzhuang.com.cn/toufang/h5/*
56aa4198d676f931f693d5915985509b,1156511300,2,m.shj.cn/*
56bf4b497caf84b80b791f4f8eb79304,1156510100,65,m.cdwyzs.cn/*
56ea99c09460b863d80fbaf2c23db5aa,1156630100,1,m.cdwyzs.cn/*
570719a6f10d3126b14b5b6c8a482c5f,1156510700,107,www.ztxzsjt.com/*
57623ffa486aae2c2074b10ed7cbdd20,1156511600,23,m.hexinju.cn/*
57a1d8059336c6282d0d9b0d2cb72e84,1156510600,78,m.chuanhaozs.com/*
57c77c63d8e4c845c233bdfcdb6729a6,1156510100,33,m.shj.cn/*
57fb33ae22d27290b93c9692d253e7a8,1156510100,2,www.scxblzs.com/*
5842d544d7ea09207d2f73f848374565,1156510100,3,cd.m.dyrs.com.cn/*
584c856cdbc519ada513eaf0b77f9762,1156510500,158,m.cdwyzs.cn/*
586dd4029d99a7557298c4c26829924c,1156510100,37,m.cdwyzs.cn/*
593d0d50fcc4c0e66c384ff4dda9b67e,1156510100,87,www.ztxzsjt.com/*
5955c7a7b5ee5ae79c9102dbf973d752,1156510100,1,cd.m.dyrs.com.cn/*
5971ce8a2b6e9f2452388b518c5431bc,1156512000,42,m.cdwyzs.cn/*
5974181dea29f1be025787796abdf6de,1156510100,51,m.cdwyzs.cn/*
597b473c9bd86461aa635003f37ad84c,1156510700,50,m.cdwyzs.cn/*
59999ebda80c3c4aa86205f649b19edb,1156511100,45,m.sljjzs.com/*
59a24864dc4525505728f8cd07f2da8d,1156511700,38,m.chuanhaozs.com/*
59af7ff092a4e348cb5b67a725f7862f,1156510100,68,m.cdwyzs.cn/*
59b9e2c6e5ad60a7d6179401be7a4b49,1156510100,1,www.lrzs.com.cn/*
59bff56f655237cb2b18d68e7ab22625,1156510100,7,m.chuanhaozs.com/*
5a0bfb198b483996a3da0a3a75fd40db,1156511700,27,m.cdwyzs.cn/*
5aa6eea9bf9859495b92dfc13eb6e92d,1156511300,27,m.cdwyzs.cn/*
5ae66ac5dcc625ac857fab02c7876db4,1156510100,37,m.chuanhaozs.com/*
5b8e25e8899ecf9a885a641bdc44d6c2,1156331000,1,www.ch028.net/*
5baf1bbc7d96c71e9d6d13d7c1df1cbc,1156110000,39,m.chuanhaozs.com/*
5beb913bcae415dedc7530ac975f9ba4,1156510100,13,m.cdlrzs.com/*
5cb978e9d15300bcb2d16aad8b807e19,1156511300,70,m.cdwyzs.cn/*
5cc780610f1b2a50536247d5f1853cf2,1156510400,23,m.chuanhaozs.com/*
5d097cfdf7ebe0d2d9940ae624a9b877,1156511600,30,m.cdwyzs.cn/*
5d195475485a3ab4fbd774f57094fb60,1156511100,8,m.shj.cn/*
5d219c4d3bfc12066610551ac8e39bd3,1156510700,70,www.ztxzsjt.com/*
5d76b5b0a21764eae6dedbe4ebe65503,1156510100,16,m.cdwyzs.cn/*
5d8957855c3f54c1031be16a48cd9725,1156510500,12,m.cdwyzs.cn/*
5d97f06a9840759c0771a7306708b33c,1156510100,2,cd.m.dyrs.com.cn/*
5dd3b0dfe8ca180783f28011c676c3e7,1156110000,2,m.cdwyzs.cn/*
5dd65e5403a341faba55d51ca7f74adb,1156510100,1,m.cdwyzs.cn/*
5e1f1461a3d01cef2cfb2c18abe8b194,1156510100,1,cd.m.dyrs.com.cn/*
5e3fa6158e46c6b74cd1a773ad082235,1156510800,74,m.cdlrzs.com/*
5e59bab1d197196d5eb28fe3ee1a7ace,1156510100,29,m.cdwyzs.cn/*
5e90a78d60719106b5d391f1b528b830,1156510100,1,cd.m.dyrs.com.cn/*
5f4f8041bc82d14b1659b0630aedfb0a,1156510100,14,m.cdlrzs.com/*
5f6c376b0717cfd8cf4be8b9b71047ba,1156510100,38,m.cdlrzs.com/*
5f74b71475fc2225cdd58add881dc752,1156510800,23,m.cdwyzs.cn/*
5f787f44d31dcc3479ef23499d6b458d,1156513400,8,m.cdlrzs.com/*
5f8f44a3db96a9314ed176401c72e37c,1156510100,11,m.cdlrzs.com/*
5f9e4a3e056adc38f272e7a53f95bb0f,1156510900,66,www.ztxzsjt.com/*
5fb382ace33f6026ee4a32eb9a4250f0,1156510700,68,m.chuanhaozs.com/*
600ad39b2f9a98d3b9b399853268ba90,1156510100,34,m.cdwyzs.cn/*
603223fa5f4d4bf83d4aef2c321d91bf,1156513200,1,m.yzf.com.cn/*
6034d4f47b5d414b4c5d5443fec14321,1156510100,27,m.cdwyzs.cn/*
604e1f9aab9c04c46054edbb3a601add,1156510100,70,m.cdlrzs.com/*
606c50c4ca245455a387205644b3cacf,1156510900,77,m.cdwyzs.cn/*
60c2501fcde299f02cfcfa32ab83999e,1156510100,3,cd.m.dyrs.com.cn/*
616961f2e493335c8f448fdae61be40b,1156510100,8,www.wuyouzhuang.com.cn/toufang/h5/*
616d11877336700b93fd1a406f2fce68,1156510100,1,www.falongfa.com/*
617760d0dfcbff347274f42b9d8f340b,1156511800,33,m.cdwyzs.cn/*
617da599be834de814f17a5f9ef8c8d9,1156512000,50,m.cdwyzs.cn/*
61aede9eb7ab25369bc6822f64e2af1e,1156510700,3,cd.m.dyrs.com.cn/*
6201dc958253ddfb822dc63ecc385a36,1156510100,7,m.cdlrzs.com/*
622eeff517fa17e403783b2635fc3999,1156510100,74,m.cdwyzs.cn/*
62bb1b9668007604948e7e0dc29bfbcc,1156510100,3,m.cdlrzs.com/*
632d201d540687747eac18b3e42c48bd,1156512000,14,m.cdwyzs.cn/*
633d47671c138bae41ac9e25864d5952,1156510100,7,www.wuyouzhuang.com.cn/toufang/h5/*
63bfaf2637f58be5196f5d86d4389cf3,1156511300,2,cd.m.dyrs.com.cn/*
63eea9d13df53fdad39f8865e4798f85,1156510100,175,m.cdwyzs.cn/*
6428dbbdea721d6036d1ca7d9f62a290,1156510700,6,m.cdlrzs.com/*
64b93c1aa2ff432b7edd7a1e21615744,1156510100,5,m.cdwyzs.cn/*
64fd57ebf48fdbe06b5fd9d51e9cfb0c,1156511300,4,m.shj.cn/*
6514c9068a72672dc1695a603527ec3d,1156511500,51,m.cdwyzs.cn/*
6571febae187c28f98a17be5df0723c3,1156511600,20,m.cdwyzs.cn/*
65971af295520231e25b7d0eaf0d1aa2,1156510500,3,cd.m.dyrs.com.cn/*
65ac74f5afced20009078c4b5512d67c,1156510100,12,m.cdlrzs.com/*
65b3362019cd7ca5c75038282a2dd633,1156510500,34,m.cdwyzs.cn/*
66168805e12042e6f76c8a838ab57b03,1156511300,98,m.cdwyzs.cn/*
663c5f76de286d810bd03461784c0193,1156510100,74,m.cdwyzs.cn/*
666164b10e1730b151aefa39490c4354,1156510700,34,m.cdwyzs.cn/*
666224ea08f285c16b2ffab128191d56,1156510100,1,cd.shj.cn/*
667865f157e540ca5505b5109bd2b330,1156510100,8,m.cdwyzs.cn/*
668598cdf35bd5785ced834d0158ee5a,1156511300,3,m.cdwyzs.cn/*
66ad99971c19ad2a78e862ab5cff4cf2,1156511100,54,m.cdwyzs.cn/*
66b786d0e4d9ae1ce583c9a51291e47c,1156510100,12,m.chuanhaozs.com/*
66c2709a3a45ed04c61d72c27a2ba164,1156510100,50,www.cdsmhome.com/*
6732dc04e1f71db9c64f8cbc48144f0d,1156511800,58,m.cdwyzs.cn/*
675f6387516a3fea35247a6b43c2e55e,1156510900,1,cd.m.dyrs.com.cn/*
679ae3404c00e27e6c557f2da34c1147,1156510100,18,m.cdwyzs.cn/*
680f7a33cba2b14164b06410fe7fcd5d,1156511000,23,m.chuanhaozs.com/*
6937bb9e8eacecf7654713ed810e065f,1156510100,20,m.cdwyzs.cn/*
696e0c6a0c356f8d080f3098f06bcd31,1156130100,100,m.cdwyzs.cn/*
69a94654e304261d7524af2f890f23c4,1156510600,2,m.shj.cn/*
69b0a84efc461be3a6429b9526cf948b,1156510100,38,m.cdlrzs.com/*
69dc8c763ccb6be660f2792396bca80d,1156510900,2,m.cdwyzs.cn/*
69fbd42c72c136953f7938ccc98dc5af,1156510100,45,m.chuanhaozs.com/*
6a0552d9eb8a8b21df17f3c2c873baa6,1156511000,13,m.cdwyzs.cn/*
6a1670344bfd34af2f99c2ee20cee6c5,1156510500,34,m.cdwyzs.cn/*
6a4a7b9034a1e9706c49f3ad2660b932,1156510600,15,m.cdlrzs.com/*
6a83b005cd6fca03e319c2141ce3967e,1156513400,31,m.cdzpg.com/*
6b3949d04997cc7646f538ebb9da3afc,1156510500,3,cd.m.dyrs.com.cn/*
6b45b419b1c7fe6f2ea3ff094ff96a29,1156510800,50,m.cdwyzs.cn/*
6bdc9280e5235f378ae005d83aa3480b,1156511900,39,m.cdlrzs.com/*
6bef45155d68c1692b6ebcc1a5fac708,1156511300,43,m.sljjzs.com/*
6bf7ac2c390822c5e36e2357fd3b6d94,1156500000,74,m.cdwyzs.cn/*
6c06d8666ff24220326b437211276d10,1156510100,31,m.cdwyzs.cn/*
6c101a2255410c15229525033f8d2e00,1156510100,1,m.cdwyzs.cn/*
6c2cf48cf5c3021b059a926859f94979,1156510700,7,m.cdwyzs.cn/*
6c8b644d9553c8d36f1285fe7dbf6103,1156510100,6,m.bzzss.com/*
6c96302ca61ff3be15c1a94886dfe31f,1156510600,4,cd.m.dyrs.com.cn/*
6cc2a9111af6d67f62cfb43d75f87139,1156510700,2,cd.m.dyrs.com.cn/*
6d191bd24a43166b1cb4f1a296321a40,1156510600,21,www.028dd.cn/*
6d1932425ac3cdee86e1080c4006a3c6,1156510100,7,m.cdlrzs.com/*
6d1f6facfb1995582a35729d156567e6,1156510800,116,m.cdwyzs.cn/*
6e898ec5cb91bd0e1b2b23ded21a3c10,1156513200,10,m.cdlrzs.com/*
6e9a01b6c4aff9934ebad291f44a54f5,1156510100,79,m.chuanhaozs.com/*
6edd27120f40708c72d0136b4dc13926,1156510500,45,m.sljjzs.com/*
6f17dd9c693ba97775cd522ea7cc63ca,1156510400,48,m.cdwyzs.cn/*
6f27699b781b56fe821f4dda23673db3,1156510100,4,www.scxblzs.com/*
6f885f7b59a4bc0ad8baa3b17d738aab,1156511100,3,cd.m.dyrs.com.cn/*
6fe3c24b9b6779fef48fd5673e71bd11,1156510100,36,m.cdzpg.com/*
702ed37a095d98ddaa0c3cc247aa7998,1156511100,4,cd.m.dyrs.com.cn/*
703bf24134dd4aa8e9a63ae40198e77b,1156510100,2,m.cdwyzs.cn/*
705678be007be086e1b17f353ad7ab45,1156510100,5,m.cdlrzs.com/*
708cc0e963a72b0ae06f1cee66e0299c,1156510400,51,m.cdwyzs.cn/*
70ab63a2ca8842bd8c12268e09fdb6d8,1156510100,29,m.cdwyzs.cn/*
70e18efa467ee4cef16883617d8c6bb8,1156511300,21,m.cdlrzs.com/*
70ee5f543c8290e7aad6d0f744530d05,1156511900,6,m.shj.cn/*
7130cf3c2fbc7887829c7c59ad30a1f8,1156513400,49,www.ztxzsjt.com/*
714bc8be3addba8063303728743dd42c,1156510500,58,m.cdlrzs.com/*
714f5e278fc3b4e84c70c668e13c5fb4,1156511700,74,m.cdwyzs.cn/*
7168604048fbddef3d10bf483dc436f4,1156510100,95,m.cdwyzs.cn/*
719c35ecd0abe33fc2a34cc0e7fea1cc,1156510500,29,m.cdlrzs.com/*
71c287819de3f69037822dcae62c3d58,1156510100,50,www.ch028.net/*
71c5b91270572fccaf367b1dd488bbf2,1156511100,60,m.sljjzs.com/*
71f34d31927da1378602f5837147674e,1156510100,25,m.cdwyzs.cn/*
723297e77db07fb36b6db5b55b12f924,1156510100,11,m.cdwyzs.cn/*
72387c9b788366d44ad08e54cba09bbe,1156510100,12,m.cdwyzs.cn/*
7251e5de1f5db118e81b49597528b316,1156510100,3,cd.m.dyrs.com.cn/*
72c2583cc5675041027a2c9e744a81be,1156511500,6,m.cdwyzs.cn/*
730e3f3c60a22b7fff11ebfc1d063c4c,1156510100,55,m.cdwyzs.cn/*
734800002a6a1a61570689e42c1aece2,1156511300,2,m.chuanhaozs.com/*
734e5541f83ff231049a7f9246ee4d6e,1156510100,106,m.cdwyzs.cn/*
735d226555062e5a537d996dac038488,1156510900,31,m.cdwyzs.cn/*
73aff2b6c571b33416cd772195b06ce9,1156510100,47,m.cdlrzs.com/*
73bfac04f17bb107dc13df111ca42a3a,1156510100,40,m.chuanhaozs.com/*
740cf5cad67d2ec07d24a836dffca0d7,1156510100,2,m.cdwyzs.cn/*
741886e1808f7a482b69182818729d1f,1156510100,1,m.cdlrzs.com/*
742d9a42d5af0d7f361bebfb49a09137,1156510100,61,m.cdwyzs.cn/*
74688926577ce6a1a5a836b082774255,1156510700,1,www.ztxzsjt.com/*
7480a2b9b4ddd50bb65aa2f938fac174,1156510100,9,www.wuyouzhuang.com.cn/toufang/h5/*
749f7854d1ec07b11534dcc3b11a3833,1156510700,51,m.cdwyzs.cn/*
74f4b3aa5a0e0d0cb9efa83a7a8cfbbe,1156511900,23,m.sljjzs.com/*
75311c632df0cdadfeb53b46e05f46c6,1156511700,23,www.ztxzsjt.com/*
75935c5e49249b00f9451e3b8e67ca1d,1156511500,1,www.scxblzs.com/*
75bf2eba73b9581636d33ea3abc5bec1,1156510300,3,m.shj.cn/*
75eb6b65a585735124358e7c2216edad,1156510100,2,www.wuyouzhuang.com.cn/toufang/h5/*
75fc957d0a781dd4c9e6d496ce5a8a6a,1156511900,56,m.cdlrzs.com/*
762edb25a97d3c4ff891e16e2d53bd28,1156510100,11,m.cdlrzs.com/*
76509a59b2dedc511fd4c35b26430d5e,1156510100,61,m.cdlrzs.com/*
7694fdae226423c3203b936129ddbfe0,1156511100,36,m.chuanhaozs.com/*
769cfeae3f6e2a6adc25d7aac6168d42,1156510800,66,www.scxblzs.com/*
76d436edc3d175b6abbb39f1af639d71,1156510100,53,m.cdwyzs.cn/*
76ec5a1241eb40ff666afa784d0bc499,1156510100,25,www.ztxzsjt.com/*
76fd2bb600899a016074247d9fb359b5,1156510100,9,m.cdwyzs.cn/*
77376ec8fbc2af0e33b6a122d5d095ae,1156510100,40,m.cdzpg.com/*
7770dcd40de26716858b29dddc4cce5d,1156513400,61,m.cdwyzs.cn/*
78022243c125681c702faead53c3c248,1156510300,20,m.cdwyzs.cn/*
78124dd842f44a2f52b9feb7cfdfe7e8,1156510100,109,www.ztxzsjt.com/*
783098cd30da1395ca736f844a0e6013,1156510100,40,cd.m.dyrs.com.cn/*
7887d3ef66417bf1464325ee22541653,1156510100,4,m.cdwyzs.cn/*
78c8e4db052e7063ee136075f421cc61,1156510100,1,m.cdwyzs.cn/*
78e6756ff7a55b6fa7f8b4815ff5cfd6,1156620100,1,m.yzf.com.cn/*
78ffa52dea917a7f0efd342db3b251a3,1156510100,19,m.hexinju.cn/*
790cb0b02c23af0f6f788cf9ce74f034,1156510400,24,m.cdwyzs.cn/*
7920d22d013ef3ed5cc5112a1420b441,1156511900,93,m.cdwyzs.cn/*
7972d2f5890577d0e87f0b739bb0a9f8,1156510100,6,www.wuyouzhuang.com.cn/toufang/h5/*
79cd0d77cb1a07e50b658e4eb3fe38b4,1156510100,41,m.cdwyzs.cn/*
79f4b6164d6fd7fc2e30dd7badb0b9a8,1156510100,1,m.shj.cn/*
7a511ab047cafadfeb0141d0bfe29106,1156510100,90,www.bzzss.com/*
7a60fcb1920bae505cc2117a70df7fb0,1156513400,67,m.chuanhaozs.com/*
7aa280dbc7bffdab45246ca0a1b5286f,1156510100,7,m.cdlrzs.com/*
7aac20df120e8d7956d5ab52ff52ce50,1156510100,114,m.cdwyzs.cn/*
7b632d0664ff2f086e37c2d21f1dcb9a,1156511100,65,m.cdwyzs.cn/*
7b9bd03f1c235d09004a886206c5a956,1156511300,3,m.shj.cn/*
7bad06a27b5efc9df1a1386505fe49ac,1156510100,10,m.shj.cn/*
7bc8b67e2e498b20554e83946d35fec3,1156500000,72,m.cdwyzs.cn/*
7bc941af949117893340b3730be6076a,1156510100,4,cd.m.dyrs.com.cn/*
7bcdd4d318fad89bdc946651d883adfd,1156510600,102,m.cdwyzs.cn/*
7c800dff9ed376aa474d1a00c0c61728,1156510100,80,m.cdwyzs.cn/*
7d18c3045bf38b30d6be9f9d091fcb91,1156510100,66,m.cdwyzs.cn/*
7d6b0ca3074478b17226aff4d841a942,1156510700,35,m.cdwyzs.cn/*
7dad45d82833c3d0d994db5797fd141f,1156510100,64,m.cdwyzs.cn/*
7dc9946e81d9a85431d13ff8c2799bc6,1156510600,38,m.cdwyzs.cn/*
7e2a02b66f611f80e41eb034dc611d02,1156510100,20,m.cdlrzs.com/*
7e6ab809cb913a8f3211eb8303791bca,1156512000,29,m.cdwyzs.cn/*
7e8ee11f201747866b3ed0e3864a3cc2,1156510100,55,m.cdwyzs.cn/*
7efa641d8ee9c84f8157e672d54ab35f,1156511500,13,m.cdlrzs.com/*
7f2374862969e57818eb8d6f74d583eb,1156510100,41,m.chuanhaozs.com/*
7f691c5c5423ff897cc5754da63bd009,1156510900,2,m.chuanhaozs.com/*
7f882e6889a4285e25bc7ce34b4b4eaf,1156510700,5,m.cdwyzs.cn/*
7faee346b5872591fe9e824f8a59e378,1156510100,6,m.cdwyzs.cn/*
7fdbdae6cd9de3c7d7a10127d1a02aa9,1156511700,4,m.cdwyzs.cn/*
7fdd7336afefc67f10cefaeee1698a95,1156510100,33,m.chuanhaozs.com/*
8006c8d6dbe88832a264ba14f74c78b0,1156330100,116,m.cdwyzs.cn/*
800c386166da5febae4e8537bb8114f5,1156510700,26,m.cdwyzs.cn/*
80773b996e081e77e7a01edd77121be3,1156511300,3,m.shj.cn/*
80b346e74d4780aec88fe1a9fcde7727,1156510100,8,m.cdlrzs.com/*
816eb61523532528ec92d507367e8fe4,1156630100,799,m.cdwyzs.cn/*
8201b456d960f9218e5d0a239789fd73,1156510600,15,www.ztxzsjt.com/*
8210012cd23c2553935bf4f6a5245563,1156510100,18,www.scxblzs.com/*
82530a8282804dcb36c3fc93dfc52505,1156510100,26,m.cdwyzs.cn/*
826ef0e9d856c6526723718dc4738d6c,1156513400,39,www.ztxzsjt.com/*
83048ef07486966911cdbae4d847823c,1156510100,64,www.ztxzsjt.com/*
834e9cadc291cbba2b9f27e785f7a154,1156510100,31,m.cdwyzs.cn/*
839bb85a32403b1d1b11ed92a5a3039c,1156510100,221,m.cdwyzs.cn/*
83c524125c54547224a1f57572da3caf,1156510100,55,m.cdwyzs.cn/*
83ccd3589cae6390f7665680858b1209,1156510100,1,m.cdlrzs.com/*
83cee900d940097db1624e3cb8920ac1,1156510100,11,m.cdwyzs.cn/*
8434d894e1cf6dcd46e7a4fa4cfd649f,1156511400,20,m.cdwyzs.cn/*
846d845d40288d98f310db3ffef617b1,1156511800,6,www.lrzs.com.cn/*
8470ca1fe18c893590fa8de04ecd7459,1156510600,72,m.cdwyzs.cn/*
84d289779978c9a2867b4031f77c2315,1156510700,4,cd.m.dyrs.com.cn/*
84d99c55a07a87dc91b5b7a71c284a71,1156510700,4,cd.m.dyrs.com.cn/*
84ec495b9ea909badfb25b152ac7334d,1156510700,3,cd.shangceng.com.cn/*
850b30c5ddf6a45dcb95ce08e1d089e7,1156510500,2,cd.m.dyrs.com.cn/*
8548fea92ae4f8ff614a426cb2d121e5,1156510300,24,m.cdwyzs.cn/*
857d57b4c6b67d3d206eb969605b6e1f,1156512000,14,m.cdwyzs.cn/*
8587a923c5747c8f30ca68ceef4f986a,1156510700,22,m.cdwyzs.cn/*
85a5348151fbca01f763eb3cb6c51549,1156630100,2,m.hexinju.cn/*
85bef139dcc311beb977c02352103697,1156511700,95,m.cdwyzs.cn/*
85d19c03992f4f1468fefaed8e81d0c8,1156511100,37,m.shj.cn/*
863967c3441e7546ea60ad59805d5730,1156522600,3,www.ch028.net/*
86a1389119ab5fbc5f45214edb21296c,1156511400,67,m.cdwyzs.cn/*
86a615a97e557128d431c38c7389ebb9,1156511000,3,m.cdwyzs.cn/*
86f5bf4cf8d0ff1897e0954494af029b,1156511700,44,m.cdwyzs.cn/*
86f90823af55e048044445c805207eca,1156510100,7,cd.m.dyrs.com.cn/*
8726bfae90529b47c6b302e517364618,1156513400,1,m.shj.cn/*
8744d1aa9f78f9f7964b477b6f1f07f0,1156511300,64,m.cdlrzs.com/*
87685314a41fadb1604cdef8c5cba756,1156510300,1,www.scxblzs.com/*
878bd0c0fa7a2072440be5eea550ddcd,1156511400,60,m.cdwyzs.cn/*
87ddd17fd02a339039f8496dad9d2d6d,1156510100,8,m.cdlrzs.com/*
87edeb2421d005d8d000c1b996725136,1156510700,82,m.cdwyzs.cn/*
87f4d192d157c53d669dc30a5eed6a2a,1156511300,1,m.yzf.com.cn/*
88693bbde9f14b1a2fc074a2f050d1c9,1156511300,26,m.chuanhaozs.com/*
88de41c8711a8f1893976abd762202b6,1156510100,3,cd.m.dyrs.com.cn/*
892ddaa547b0e598c0a2abc1955e36b7,1156511900,37,www.ztxzsjt.com/*
89b081e1636b78adbe908710934babd2,1156510100,49,m.cdwyzs.cn/*
8b2471b93879953b761000ac97638705,1156510100,1,www.ddzsjt.cc/*
8b87b98daa177ea5c47321926bb6348b,1156510100,12,m.cdwyzs.cn/*
8c142d051333d353fce2554d4237dcb4,1156511100,96,m.cdwyzs.cn/*
8c957d1d51ec41e1f7ab66ed8e8498ef,1156510100,2,m.cdwyzs.cn/*
8cffe40adf81683fced859796ea70909,1156510800,52,m.chuanhaozs.com/*
8d15c691223115330140d76b9802d67c,1156511600,24,m.cdlrzs.com/*
8d482a396b091ab476839103289f3e2d,1156511700,23,m.shj.cn/*
8d986953aefbfc0070e9eed4fed593b3,1156510100,58,www.cdsmhome.com/*
8dfe2ca1f57351713757a9f08337880c,1156510100,25,m.cdwyzs.cn/*
8e071055fe69a99a59773d4a666e8268,1156512000,1,m.cdwyzs.cn/*
8e232fdf6661eb6aa7a5359b93f6091b,1156510600,28,m.cdwyzs.cn/*
8e4d531c5ce2462c97062705c8b74a65,1156510700,12,m.cdlrzs.com/*
8ecf62f0290dd4e173362c5647336e60,1156511000,3,m.cdwyzs.cn/*
8ed88be702f36b60abd180736b46855e,1156610700,3,m.shj.cn/*
8f0e98c1ca3fb219628b01b270196737,1156511600,28,m.cdlrzs.com/*
8f5532a76add36ebb519c5904b84a1f9,1156510100,40,m.chuanhaozs.com/*
9002ca2213126c01ced5df7b7e024e35,1156510100,46,m.cdwyzs.cn/*
9029b9530972c2b9c013e2dcea3fc492,1156652200,1,cd.m.dyrs.com.cn/*
9096c5e94637c7370a667ed959a42de2,1156512000,25,m.chuanhaozs.com/*
90a85be8b9630934b4b9a471d9fb21b3,1156511600,63,m.cdlrzs.com/*
90c41c2f4e08ffcea7503ea9a53ea5cb,1156510700,2,cd.m.dyrs.com.cn/*
91767ef5fd8026995b8a7ff809e53218,1156510100,41,m.chuanhaozs.com/*
91f68c7b106e055c0431ce6509d0ca55,1156510100,73,m.cdwyzs.cn/*
920b7f004ff6acc0b6b13b274d8ae477,1156510100,27,www.bzzss.com/*
920d53aa3413e212e62ec3827a7b744f,1156510100,2,m.cdlrzs.com/*
9229d5946f49f1867f8ad782dc9bf445,1156512000,3,cd.m.dyrs.com.cn/*
923110d692ae98c52721fa21d5560b57,1156511300,33,m.chuanhaozs.com/*
9288418ee895be0583252c3dd5782a6c,1156510100,49,m.cdwyzs.cn/*
92957163938e2297cad5e2de43eeacb4,1156510100,2,cd.m.dyrs.com.cn/*
92c37069ee95f41b984e831c7f5614c1,1156510100,2,cd.m.dyrs.com.cn/*
92d1ddf2295e4f95ff973c37480e5021,1156510800,1,m.cdlrzs.com/*
92fcd18925d94a62c87567b895c1ec3c,1156520100,1,m.bzzss.com/*
9372c66db43505adb728987c72fbc7df,1156510700,94,m.cdwyzs.cn/*
93aa30d30061ca543cd8c24c388d6f6e,1156511600,1,m.cdlrzs.com/*
93af252d12a5ea27e2ae8d9b7033cc45,1156510100,8,m.cdwyzs.cn/*
93f2b88d9ab89d70af94321a34f3ba7e,1156510800,7,m.cdwyzs.cn/*
942a561da8bc49c657cf04b16c4cd83d,1156510500,57,m.cdwyzs.cn/*
942b2708dc0f73d3edbac1c7da6039cf,1156511500,1,m.cdwyzs.cn/*
9436cdd1aa45a4541de9fa038a9238d7,1156510100,72,m.cdwyzs.cn/*
9461ff727cf2d80a5e4c55e356129a9c,1156511500,1,m.cdlrzs.com/*
949006e4cf2a85734d6f8d6fcf740fa6,1156511300,2,m.cdwyzs.cn/*
94ad58d4a1a8d1024d9208c0a8af6ac8,1156510700,33,m.cdlrzs.com/*
94e659ee0dc2ba3ca67fabc4f4b34ddf,1156510700,33,m.cdwyzs.cn/*
9501afbc5eaf479eee205bc7ae8ee4b7,1156513200,40,m.chuanhaozs.com/*
9558daf098ce8fea488bdd74c6deecf4,1156511300,73,m.cdwyzs.cn/*
956d28198953ebe9a233153b887648ac,1156510100,1,m.cdwyzs.cn/*
95947a4d60e794009915f85ba0fa0c0a,1156510100,51,m.cdwyzs.cn/*
961ecc8fcb98a7ac4a601f7051ab4136,1156511300,2,m.cdwyzs.cn/*
9640fc82e817acd7ba0cbd3e26062615,1156510700,34,m.cdwyzs.cn/*
9645eb34b28b5bb1b8915b1b0c139860,1156510300,1,m.bjlongfa.cn/*
966a70e237f6f276a78e6055a9bd2632,1156511300,26,m.cdwyzs.cn/*
969442ddb5aaa3ccd43125544e434ab2,1156510100,32,m.cdzpg.com/*
9698bc5541040c30d7b162bb4f6ac867,1156511300,75,m.cdwyzs.cn/*
96a5b639b9a45e4368c24eb68ff0e6a6,1156510100,10,m.cdwyzs.cn/*
96cb20164a6eb5518ba1f2ca50deddd3,1156510100,26,m.cdwyzs.cn/*
96ee5fe536cc4c06ca76eef50ba2ed5f,1156520300,64,m.cdwyzs.cn/*
96f3124b61b1436ad3b3ac28d70f5866,1156510100,54,m.cdwyzs.cn/*
971ed7baf15f4265b6886310643cc00f,1156510100,5,www.wuyouzhuang.com.cn/toufang/h5/*
9728a2b4a151a925b1fd9e2d1db92cf0,1156511900,45,m.cdlrzs.com/*
977a853e51189d864382d0568f8397ce,1156511700,53,m.cdwyzs.cn/*
978ed887dd8d05a9b1dc30238d5d67f1,1156511000,2,cd.m.dyrs.com.cn/*
97f07deb2705b19ca2246787119b2227,1156510100,32,m.cdlrzs.com/*
98117f64a79b28b4dcf4c83d1db751c6,1156511700,23,m.cdwyzs.cn/*
9813a6c558849fef49f8b6bfc5140f5a,1156510100,56,m.cdwyzs.cn/*
9837ce0060442cdc79ffe487a43951d0,1156512000,13,m.cdlrzs.com/*
98731e5c7632cb5cf1b3409c5054bcde,1156510100,16,m.cdzpg.com/*
989498ed5dcfec61759a61940a49faef,1156513400,85,m.chuanhaozs.com/*
98bfb351a85a200719fcb34b415bd5cf,1156511100,2,m.cdwyzs.cn/*
98de1c4261ac467de0fbef4a39c84a51,1156510100,107,m.cdwyzs.cn/*
98eb9ee7babf263dec84c6484cab74a0,1156510100,3,cd.m.dyrs.com.cn/*
9900248e9a0a133c0975ac725109d47a,1156510500,125,m.cdwyzs.cn/*
995f0938fddc58a1f46babc9a5b0d317,1156510100,5,cd.m.dyrs.com.cn/*
996ee9d680f911a49cec824dbce5415c,1156510600,28,m.cdwyzs.cn/*
997cc54381763d7629559b5ae1741419,1156510600,70,m.cdwyzs.cn/*
99c2ecf6e6d1b5f6360d33eeedfb44fe,1156510100,5,m.yzfcd.com/*
99feffe07826c99a010bc645a6b9e471,1156510800,24,m.cdwyzs.cn/*
9a3fc57f125b45eab306f3b671045456,1156510100,22,m.fenglizs.com/m/*
9abd2404d4c249437e2ef81313a4e76a,1156510100,3,m.cdwyzs.cn/*
9ad8a6349763e187f6a48169cf89929d,1156510100,92,m.cdwyzs.cn/*
9adf101c46e2951c8af5c3fd86911afc,1156510100,20,m.cdwyzs.cn/*
9ae71c0a6cd6fa322fe4086649ae2945,1156510100,7,m.cdlrzs.com/*
9ae74ce03e5bbe06a991fa05651c6998,1156511500,33,m.cdwyzs.cn/*
9ae864c8b2fc66431c285ade3e0b5100,1156510100,8,m.cdzpg.com/*
9b1102afd4c08b77548851bd6db26082,1156511300,115,m.cdwyzs.cn/*
9b61e10bf6ac57f2ed94045450264a65,1156510100,15,m.cdwyzs.cn/*
9b7184fd65750c05da98067ae973ad50,1156510100,1,m.bzzss.com/*
9b7995b7c578c89a87418819a7a30078,1156511700,25,m.cdlrzs.com/*
9bb449b2c2f615e399dbab9c468a0caf,1156510100,2,cd.m.dyrs.com.cn/*
9bbcb3878f3a325aaf7d9962336fc816,1156510100,99,m.cdwyzs.cn/*
9bcbf85da2672ae8e0210960abd14b45,1156510100,126,m.cdwyzs.cn/*
9c16d89bbc64a8b071248509a44e893f,1156510700,9,m.cdwyzs.cn/*
9c2b64c733ced2dcf3264674d52caed1,1156511400,1,m.cdlrzs.com/*
9c6d366bac04257f315571bf9d33669c,1156511500,30,m.cdwyzs.cn/*
9c9a36c834cfd1be29fa0941f4edf499,1156510100,4,m.shj.cn/*
9cb9228f27b26443071e7111acacd058,1156510100,90,m.cdlrzs.com/*
9cd670139f4f32ecb873e6c2dfe98b0a,1156510100,2,m.shj.cn/*
9d12b97bb58bdc59604c72db57438cbd,1156511300,22,m.cdwyzs.cn/*
9d1c11adac57340abe98768862bb1bb2,1156510100,1,m.chuanhaozs.com/*
9d1f361672e3d61cf7d011790936207a,1156511000,1,cd.m.dyrs.com.cn/*
9db01bd3f9bb286d586d4b540e0bc7e8,1156510100,1,m.cdwyzs.cn/*
9db7ca5f205b6e5121bda73da4e954c9,1156510100,6,cd.m.dyrs.com.cn/*
9dfa2d3cdec16fa86207cc479920d09e,1156510900,16,m.cdwyzs.cn/*
9e78498b2e82c87c29bad6981fa0fa9c,1156511500,7,www.bzzss.com/*
9ea0556a2d7659c1f6b8668308f46887,1156511000,161,m.cdwyzs.cn/*
9ec1602ae507d831f803cc9e042090bb,1156510100,11,m.cdlrzs.com/*
9ed09355cdab3048f45e8a3badaa98dd,1156510100,28,m.chuanhaozs.com/*
9fc91bae9dce4d8246669dc8872d1322,1156510100,20,m.cdwyzs.cn/*
9fcd95aff0ea6fafb5af4cc12a7a7720,1156510100,11,m.cdlrzs.com/*
a018111d6b9884f8085e82271c0e7818,1156511600,73,m.cdwyzs.cn/*
a0629ca87ea2ce87d1dbd1b38f41c1d8,1156511900,14,m.cdlrzs.com/*
a07b9ef7e25ff72abe3e2255fd856acb,1156511700,73,m.cdwyzs.cn/*
a0da15f9986b86589f53cd7a9542781e,1156510800,72,m.chuanhaozs.com/*
a10c7a16ccc782051fb2af03a926c74f,1156510100,39,m.cdwyzs.cn/*
a15d63d7cd001f101b28c8ac59866b81,1156510300,17,m.cdwyzs.cn/*
a1a3b098d7190a97d75433a534d075c9,1156511600,9,www.scxblzs.com/*
a1da638d5ab374689a5a8bd6b235f56f,1156510100,2,www.scxblzs.com/*
a264c18eddef48db2ba6441ad8f67064,1156510500,533,m.cdwyzs.cn/*
a2774e410d1a3815170c78a2a9120ff4,1156511300,81,m.cdwyzs.cn/*
a3101c066cc5d21ab7f2419dcd2b09cb,1156511300,10,cd.m.dyrs.com.cn/*
a3489578a5815d430fbf02de924f9714,1156511600,77,m.cdwyzs.cn/*
a385d79d1a904a3454127a62cec738d7,1156510900,1,m.cdwyzs.cn/*
a3b30d9fff64a77cd559244baf0b24af,1156510700,37,m.chuanhaozs.com/*
a40eda1d14ab86222c83e1daa16ffd74,1156510100,32,m.cdwyzs.cn/*
a435e15bfe8c07593f5ea293a92c9add,1156510100,76,m.cdwyzs.cn/*
a44109fe530790c0feca761aee529caa,1156510100,13,www.wuyouzhuang.com.cn/toufang/h5/*
a4abff35e31ffa93a0fe60d740b2f702,1156510400,49,m.cdwyzs.cn/*
a4b804ed723b3f0ac8ce40650d3490d6,1156511000,62,m.cdwyzs.cn/*
a4f229b189154a52eea0e17d83ea7aaa,1156510100,54,m.cdwyzs.cn/*
a549ff8a638d421d07c54a5a26b127e3,1156510100,90,m.cdwyzs.cn/*
a57a6642caecd883e1a46e7c8ea9a781,1156510700,67,m.cdwyzs.cn/*
a6248864d22c95a497f121cb4ed7e648,1156510100,6,m.cdwyzs.cn/*
a696ec02d3e6d8a1c6b8c0cabe8f7a21,1156510100,4,cd.m.dyrs.com.cn/*
a72f3c4769a083079dc64b2896dda5f6,1156510100,20,m.cdwyzs.cn/*
a74bdec0f3aeaaee702f65a469b30f28,1156510100,36,m.cdwyzs.cn/*
a7544fd0a66f0c5931557985425bbdfa,1156510300,1,www.cdsmhome.com/*
a75488beccf635a823f4d0c57bf739cc,1156511400,30,m.cdwyzs.cn/*
a77a78e91d4b4548067aeaf0fed5879e,1156510800,26,www.cdsmhome.com/*
a7c185f52d73b25bf04cec5633f6aa4d,1156510100,69,m.cdwyzs.cn/*
a807357220d57ec103f0bbf1da3419b9,1156511000,18,www.cdsmhome.com/*
a80cb21fa421db2bfb7e20a4f4afd51b,1156510700,31,m.cdwyzs.cn/*
a8dacb0d5cddec3e3c406242978eab08,1156513400,88,m.cdwyzs.cn/*
a8ded30346d654048d3622e1fef16878,1156510100,13,www.cdsmhome.com/*
a946e6d86bf2d7624497a2b6ad4feaf2,1156511500,87,m.cdwyzs.cn/*
a97da0021df5d9d7108ed2d8dabaeec0,1156510100,17,m.cdwyzs.cn/*
a9835f6e9aea789cb6b7d83f4ac103a4,1156511500,2,www.cdsmhome.com/*
aa9246ff36290b00af334fd814ca7a23,1156510100,27,m.cdwyzs.cn/*
aacd7ddd8d0a30eaa4b456e31843f2e7,1156510100,2,m.shj.cn/*
ab6eb5d3ece9f5380daf5976638670b6,1156510100,62,m.cdwyzs.cn/*
abe3be9cf0bdae76acd8fe046089a951,1156510100,1,m.cdwyzs.cn/*
ac22360d1db323a5732665bd2c72f77c,1156510600,28,m.cdwyzs.cn/*
ac339994eb2dd9259a1453d17e3ca8cb,1156511400,33,m.chuanhaozs.com/*
ac47a7628a5818da7561e0e15e29ac02,1156511900,63,m.cdwyzs.cn/*
ac6ea4e38dbd516e9fea9b6fd0abc4fc,1156510800,1,m.shj.cn/*
ad1378322c618f20f748fecaa279cbf8,1156510100,7,m.cdlrzs.com/*
ad6bc43d89abeae01bc6884b5c9c6a47,1156511500,19,m.cdwyzs.cn/*
addfa5633f910b87a3a107f544c04a1d,1156510100,17,m.cdwyzs.cn/*
ae2f1914a309bcce73982b8d05b0afab,1156510100,4,m.cdwyzs.cn/*
ae3682525610896f3f8f1ebe1474777e,1156510100,3,m.shj.cn/*
ae5774a50b84ff28a70286bb64dee142,1156510100,37,m.cdwyzs.cn/*
aea27a88f099d12968d065d608e7193e,1156510500,1,m.cdwyzs.cn/*
aeacabd5825c362c1b56b36b972cdc7c,1156513400,55,m.cdwyzs.cn/*
aeb41b55b6d10f731f94be044d40d459,1156510500,1,cd.m.dyrs.com.cn/*
aeb9bcac85308b4cd6b72a54e8e3cc78,1156510100,22,m.cdlrzs.com/*
af294c4621753cd6098b59f8f05293d8,1156510100,77,m.cdlrzs.com/*
af401ccec5f7c33e29321f5bced46c34,1156510100,155,m.cdlrzs.com/*
af95490b4033623deaaa19586496845f,1156511400,76,m.cdwyzs.cn/*
afa39c9b8a1d3fb4e40f2c8e919e7a04,1156510100,3,www.ztxzsjt.com/*
afea2fc6a5019cbd466c5254438edbfe,1156511300,29,m.cdwyzs.cn/*
aff405c16ef0063e6cd94f1b7d2274f0,1156513400,3,cd.m.dyrs.com.cn/*
b079c1659bb1f26ddf3bb90410d3351a,1156510100,24,m.chuanhaozs.com/*
b07fc7acedbf925fc7088a683427eeae,1156511700,51,m.cdwyzs.cn/*
b093b9d2927539c6b8a4c1e245e0b889,1156511400,15,m.cdwyzs.cn/*
b10e1874fe0be121e092023f4b7c1ec4,1156510100,1,www.ch028.net/*
b186d2982dc5bdaaf3ce7d0f56c2b550,1156510700,28,m.cdlrzs.com/*
b19c49de94dfec38d18e35a532d6ade3,1156510100,3,m.shj.cn/*
b25a9a5bf8b8b601c188fdc1866d1e56,1156510100,20,m.cdwyzs.cn/*
b2639d7c7a6e44d09c5e019f71d95323,1156510900,68,m.cdwyzs.cn/*
b28c43ced61c74db0cc3e21136d0a266,1156510100,9,m.shj.cn/*
b297cad2a8dd205c3872ab3a7b098fe8,1156511300,4,m.cdlrzs.com/*
b315b98e01600d712fda5b6a3195e8a3,1156510900,72,m.cdwyzs.cn/*
b318aff6184f6801121b4b5400427c18,1156510700,6,m.cdlrzs.com/*
b380099da20825e84158318d3fc0f31d,1156510100,31,m.cdwyzs.cn/*
b38ad091fdde0f94f7803f8cada38a1e,1156511500,3,m.shj.cn/*
b38cf921da6e17d8b950bf1e47f3dc95,1156510100,14,m.chuanhaozs.com/*
b3a8ac16cd0002986f40249615c25078,1156510900,4,m.cdwyzs.cn/*
b3ade27e3891941ca0ba048462da0c9e,1156510400,66,www.ztxzsjt.com/*
b434836eafca46ae567df4f9a060865d,1156511100,33,m.cdwyzs.cn/*
b48280864d86f14d23ba1bb1f254bcff,1156511700,58,m.cdwyzs.cn/*
b4b3f0d07528f2e213a93e118a79b2cf,1156511500,132,m.cdwyzs.cn/*
b515b1be285e9841a83abc2f39417853,1156510100,30,m.cdwyzs.cn/*
b54f105c509d8998632c26abd284f1ad,1156511100,80,m.cdwyzs.cn/*
b598a3de1759f9c609f2c17ab163fd8b,1156150100,17,m.chuanhaozs.com/*
b59bfc3858a6e25c62aa4586fe2d45fc,1156510800,27,m.cdwyzs.cn/*
b5b6985e1a0542140cd7a1215d5d6ee7,1156510100,107,m.cdwyzs.cn/*
b5cf754457798e90a79c6fdb9ff91296,1156510100,64,m.cdwyzs.cn/*
b5df0a7c8d6e48c4e268b44a35bdd5b4,1156510100,23,m.cdwyzs.cn/*
b61c7fe0f2b9efd37d376bd8371e5d4e,1156510100,27,m.cdwyzs.cn/*
b665e022508064fd27ff0928e02c3fa0,1156511300,11,m.cdwyzs.cn/*
b6c0f193ebd19c971861261d41b63373,1156510100,40,m.cdwyzs.cn/*
b6e59c19b78286f42154d80238eecda1,1156510100,9,m.cdlrzs.com/*
b7b5d9a781e9657fc000e3c3f04fa35e,1156510700,10,m.cdwyzs.cn/*
b7bf16c84b2470743ca6246f53709179,1156511600,34,m.cdlrzs.com/*
b7c2651a65fcc8e121a85b200a95c38e,1156110000,6,cd.m.dyrs.com.cn/*
b7dbc24e2d3e9ab4989cf240910a732f,1156510600,28,m.cdwyzs.cn/*
b80d2243245db9f475f830463becdf5e,1156510100,48,m.cdwyzs.cn/*
b83776e1d3d82c34f87f473b38536fe1,1156510500,35,m.cdwyzs.cn/*
b84f636fa6a668895cf37826078c2047,1156512000,16,m.cdzpg.com/*
b873a3d75bd47804304a86ccee3e689d,1156510500,71,m.cdwyzs.cn/*
b89ad5f05c7ce11e6660f3dbbbbb6a9a,1156510100,52,m.cdwyzs.cn/*
b8c4853cc74efadf10eb2b8cf8c16885,1156511500,12,m.cdwyzs.cn/*
b8d16c20daf900c5ff8d9dd88c0d2e81,1156511900,4,cd.m.dyrs.com.cn/*
b8da5c36bee0c6468fa70d5cdf5e8b9a,1156510700,80,m.cdwyzs.cn/*
b8fd7129301b071ddcb76b1fba721e6a,1156510100,71,m.cdlrzs.com/*
b98a7c4b6dd7964d8cb22428adaf1734,1156511300,3,m.shj.cn/*
b9e058beb821c33aa9ea18cdd33f7350,1156510100,3,m.cdwyzs.cn/*
ba3136b9c77ade4ef2a5d1a7fa7e45dc,1156511000,8,m.cdwyzs.cn/*
baa8d9b535895e1b0d98277f0cf38cbd,1156511900,67,m.cdwyzs.cn/*
bae001e017ca1a9870e051f18073a732,1156510100,1,m.hexinju.cn/*
bae24c44988fb6e331e6abb90fad4634,1156511800,6,www.scxblzs.com/*
bb0304daf1010901dc0cc93f7627e150,1156510100,21,m.cdwyzs.cn/*
bbbc11aa9c5b04a3cb6e5265bbd513dc,1156511900,53,m.cdwyzs.cn/*
bc5cd352e157e9d6a0916a240617a03f,1156511300,59,m.cdwyzs.cn/*
bcbad3b99b912325aac91d4e1e07ee53,1156510100,40,m.cdwyzs.cn/*
bd740ecdb2ba8a73e43730d7f7045cd3,1156510600,4,m.cdwyzs.cn/*
bda490f26b29951206465ffe7d4eb350,1156510700,4,cd.m.dyrs.com.cn/*
bde13263a9f0e098bb652f670bf4d563,1156513400,28,m.chuanhaozs.com/*
bde3c2b96607e7b5d97c482b7c100012,1156511700,33,m.cdwyzs.cn/*
be0f468e8f3096ae4b154cea814c47d0,1156510600,4,cd.m.dyrs.com.cn/*
be6e5d1658d532276837f0dfe426b664,1156510500,16,m.cdzpg.com/*
bf4264df1b20af9d75fe04b9c9bd58b0,1156511300,18,m.cdwyzs.cn/*
bf5d6d22d24d93bf27ad116bccd69330,1156510400,57,m.cdwyzs.cn/*
bfba98971022569d12029c8ecf2e4262,1156510100,27,m.cdwyzs.cn/*
bfc7de527265135836d39f68784160bf,1156510100,2,m.cdlrzs.com/*
bfefc3adc5f2af6da7c3ddf92780cc9c,1156510100,1,m.chuanhaozs.com/*
c00494529f68fcf35dd17b8ab4bc7b79,1156510500,37,m.cdwyzs.cn/*
c044bd6b33f4a7585e8eee04d343190e,1156450100,5,m.cdlrzs.com/*
c06e4737f0a3316e5252f43091626007,1156510100,17,m.cdwyzs.cn/*
c0c3d75fc6947f707eae2f0b4dbbacfb,1156510900,35,m.cdwyzs.cn/*
c0f07b17b8d781d66798347af3cee455,1156510500,8,cd.m.dyrs.com.cn/*
c136df07c96af14a569ada35a3d16aa3,1156510100,58,m.cdwyzs.cn/*
c1650e299e4d224dac901c604c34db4c,1156510500,29,m.cdwyzs.cn/*
c19627abe7bd85d01cf3056c7eee61a0,1156350100,189,m.cdwyzs.cn/*
c1f58e9ecdceb1ef405301e3f8638a27,1156510100,13,m.cdlrzs.com/*
c20ccea5700589361a605883ab9b2f4f,1156510400,5,m.cdwyzs.cn/*
c2455f629875275de0e657f79ac3450e,1156510100,5,m.cdlrzs.com/*
c266b8a4cfff02ecdf9f3e79c23d311b,1156510100,97,m.cdwyzs.cn/*
c2c9c36a68b77cf79e6cedddd74e338f,1156510100,6,m.cdwyzs.cn/*
c2d4f9a55c67813751515d965db4cc6c,1156510700,2,cd.m.dyrs.com.cn/*
c331d84c5574fe57192370f1046b53a5,1156510100,55,m.cdwyzs.cn/*
c3cfa7259c6fcb63c05990050bfbbc9d,1156510700,31,m.cdwyzs.cn/*
c3d78e6a48d34648d242a09f738dde07,1156510100,3,cd.m.dyrs.com.cn/*
c3fb4f2cd7071de655f511465b947a26,1156513300,26,m.cdwyzs.cn/*
c3fbd432368d959fd722c06a286c179c,1156510400,38,m.chuanhaozs.com/*
c404ddbe7aca4e041a744c5e67a9c813,1156510100,9,www.wuyouzhuang.com.cn/toufang/h5/*
c41b41aa13d2fd32ca627c581a969ccb,1156510700,3,cd.m.dyrs.com.cn/*
c4676a788f7560d20d4417e084bb0c5d,1156510100,12,www.wuyouzhuang.com.cn/toufang/h5/*
c4ae804fe1894a45a1eb3e6e4caa2d8d,1156510100,1,www.wuyouzhuang.com.cn/toufang/h5/*
c4e5ae41d9792be2600d455d8239ef79,1156510100,8,m.cdlrzs.com/*
c5aa00eebe30847e743b36803943abd7,1156510100,60,m.cdwyzs.cn/*
c615ca520312b8a4f21a03c5514c2015,1156511100,52,m.cdwyzs.cn/*
c628de41620b9b46c502f5fed57e3627,1156511500,62,m.cdlrzs.com/*
c665fa56a861f841da72043521db2c97,1156511500,50,m.cdwyzs.cn/*
c67ff636d81b7c212b01435e72a5c279,1156510900,80,m.cdwyzs.cn/*
c6b3546ace82cba3125a47f02457c9f8,1156510100,4,cd.m.dyrs.com.cn/*
c787efeac5da3549ab9e5ae626e22b42,1156511300,61,www.scxblzs.com/*
c78feeb177e57bab7959de5ccd7078d8,1156510400,54,m.cdwyzs.cn/*
c7fd33586a94a427b024aea8647d1ea7,1156510100,1,cd.m.dyrs.com.cn/*
c81a4b26158284d39a23e7523282bc50,1156510100,11,m.shj.cn/*
c81c24837c5d7f4baed298968dbb8987,1156510100,4,m.cdlrzs.com/*
c88bde93a6266ecbd346b790498c50b6,1156510100,104,m.cdwyzs.cn/*
c8ce5e3a12e40d9474962694ccd80159,1156620100,201,m.cdwyzs.cn/*
c8e605382dadf9328254024d885e5e34,1156510100,28,m.cdwyzs.cn/*
c8f4a346edc634cf69a22b7a8dcfd37e,1156510100,29,m.cdwyzs.cn/*
c91c605a9bddb6ac650844164b712e3b,1156511800,3,cd.m.dyrs.com.cn/*
c9579dfdf0707abe9bdac88176509425,1156510100,66,m.cdwyzs.cn/*
c95b202f24bb39e070e1fe817cd05a7b,1156510100,124,m.cdwyzs.cn/*
c9743f22a7dd0f11e24c39742881e3f8,1156510700,29,m.cdwyzs.cn/*
c9b9c1f0c95d7412500f05c908f70412,1156511300,1,www.falongfa.com/*
c9e93292d05ae3a2e8da11e6490a0371,1156510100,25,m.cdwyzs.cn/*
ca287066b0c081a8a4655b749ba36c96,1156510100,35,www.bzzss.com/*
ca4a33da9c7fc8b6837e61ab168b15d2,1156510800,29,m.cdwyzs.cn/*
ca62c3faeac5b13b9467d6513ec6ad72,1156511500,68,www.ztxzsjt.com/*
ca719affa70ad3d109d4a23f6d7d001c,1156510100,10,www.wuyouzhuang.com.cn/toufang/h5/*
ca9d5358c40b1451025012f0fbf2b795,1156510100,114,m.cdwyzs.cn/*
caae8b9dde7af110223d5a4d58161483,1156511300,34,m.sljjzs.com/*
cb080de3beeeb7b7c87fec3cff3d433d,1156510100,39,m.cdwyzs.cn/*
cb24140b6c3cb955e88b520f6d64bc57,1156510700,61,m.chuanhaozs.com/*
cb91c6a82a0ba38d391bdeba1e8f3085,1156510100,82,m.cdwyzs.cn/*
cbafc07f8dd97101ea97f9a10ababace,1156511500,3,cd.m.dyrs.com.cn/*
cbe6bdf8a9b90a24f151f0fa1dfd3d44,1156510300,17,m.cdwyzs.cn/*
cbef77b0e1c1cd386b07f77278ed2bcf,1156510100,3,m.cdlrzs.com/*
cccb18509dd813684f25a105e84ad999,1156512000,2,m.shj.cn/*
cd24f31c24591a516521c3e9f0ef4d55,1156511500,16,m.cdwyzs.cn/*
cd2a97bb2250b6e85efe820a72c213da,1156510100,35,www.scxblzs.com/*
cd60720f967cab051b6d17dad82d7707,1156510100,51,m.cdwyzs.cn/*
cd8036e06abc0926cb6aed53fbcca671,1156513200,51,m.cdwyzs.cn/*
cda5d9262e6fd68aa399eb84d7760fb8,1156510700,17,m.cdwyzs.cn/*
cde9b46f9c30d34ad4485e4fb4d17dd0,1156510500,22,m.chuanhaozs.com/*
ce0178c5fa0cf710c39db5ca662b2024,1156510700,4,m.cdwyzs.cn/*
ce35c48730e9f2f3e355ab8cb298561e,1156510100,3,cd.m.dyrs.com.cn/*
ce568358fd63eee169c565d971ed7cd8,1156510600,41,m.cdwyzs.cn/*
cea066880a290394330ac9be7beafce6,1156511400,23,m.cdwyzs.cn/*
ceacff6d0ef2df6c04c1afbfcc266c28,1156511600,52,m.cdwyzs.cn/*
ceb01fa4de52252e4f682eaccf1fc53e,1156510100,93,m.cdwyzs.cn/*
ceb0849ea9adfe11ad510684973ed60e,1156510100,10,m.cdwyzs.cn/*
cedaaedcc3f554512d0784a6d6fd7e9b,1156510600,57,m.cdwyzs.cn/*
cef93769f185c56a2361b98d5895dece,1156510300,3,cd.m.dyrs.com.cn/*
cf0b2f0cf708c6e7dad13fc1fe435349,1156511100,1,m.bjlongfa.cn/*
cf61bcee91bb139a6be55825d1658f6a,1156510100,9,www.wuyouzhuang.com.cn/toufang/h5/*
cfb808307d25e1c11037ac7a720421ef,1156510100,24,m.chuanhaozs.com/*
cfee321a63ddaf0d38d07b0ee7aa546e,1156510700,56,m.cdwyzs.cn/*
d01ea21a6282d0080ac2f1e8f1e1607d,1156510100,9,www.wuyouzhuang.com.cn/toufang/h5/*
d022a08cc57a45bfce9b6113834dc725,1156511000,11,m.cdwyzs.cn/*
d02d13c0848471e22fd4c68180323c87,1156510100,5,m.cdwyzs.cn/*
d041f837b07b1920d38df68cd7ad6eef,1156511600,4,cd.m.dyrs.com.cn/*
d0437112f40a016bf1fae7ec17156c19,1156510100,11,cd.m.dyrs.com.cn/*
d0a309dac43c59a16b460e85a7c957f5,1156510400,16,m.cdzpg.com/*
d0c15fe99371319b38220163b5487765,1156510100,5,m.cdwyzs.cn/*
d117f66cf728eb96daaf88d45db12be0,1156510700,71,m.cdwyzs.cn/*
d1448ae249af853c9ee6eab91f96488e,1156510100,66,cd.m.dyrs.com.cn/*
d177607ceead387f89279813b064c36e,1156510700,3,cd.m.dyrs.com.cn/*
d186400c6b04d1d41bac5f0047e62b25,1156510500,21,m.cdwyzs.cn/*
d1ce3fb2c2c504f57af22f6f23af20cd,1156510100,23,m.cdwyzs.cn/*
d1d1eb0bb492965d69caec6968572245,1156511500,14,m.cdwyzs.cn/*
d1e1341a9731900395a3463d01ef216e,1156513400,43,m.cdwyzs.cn/*
d1ee047dfe575ef295136ac83d938952,1156511600,1,m.cdwyzs.cn/*
d238f5bcaca5b877c9a297c11319fe49,1156512000,132,m.cdlrzs.com/*
d2505fd6d640071c016bd8b67483c0d3,1156511100,19,www.028dd.cn/*
d3cde5353654aa6735aec261d67b5784,1156511500,47,m.cdwyzs.cn/*
d40c98a91c0ce55fe640c6dca02379d7,1156510100,10,m.cdlrzs.com/*
d41a185933d6def293bfc118309c4743,1156510100,19,m.cdwyzs.cn/*
d44d10d52ede6f732ac02c5446f206b8,1156511500,55,m.cdwyzs.cn/*
d4a6dc2a4f057f88cc97f02b0370183a,1156510100,26,m.cdwyzs.cn/*
d4acef329249160161581aa77aacb864,1156511700,65,m.cdwyzs.cn/*
d4aec07da5ff173e79d90ea63cbdb41f,1156511000,8,m.shj.cn/*
d4c073b439f43cc693d4d4d375f22b0c,1156510300,26,m.cdwyzs.cn/*
d4cf52b6639efdfff550a1bf442c0b32,1156510100,2,cd.m.dyrs.com.cn/*
d5334dbd4cdd74989608f908b31a74f5,1156511100,14,m.cdlrzs.com/*
d56c8daf77c843ab2bf385176aa1bcfa,1156510100,56,m.cdwyzs.cn/*
d57283e75171bc14dbe9fca59c5fa31c,1156510600,7,m.cdwyzs.cn/*
d5927d9fb73255bca5f88680f4efd309,1156510100,57,www.scxblzs.com/*
d6ebadb369ba9c03bac688970c82ae01,1156511300,37,www.ztxzsjt.com/*
d7101bcca4334212a38a39cfcfa74e4a,1156510100,8,m.cdlrzs.com/*
d7199c3fad1dc8351a3de54c6839c207,1156511300,1,m.shj.cn/*
d7851878c2589f8d33d8deb4041ea8a6,1156510100,10,m.cdwyzs.cn/*
d7bab4eb4bf6647cf5cca32328f6fc53,1156513400,6,m.shj.cn/*
d7d9481e41191caecbbd1dd26eea4b2d,1156510100,1,cd.m.dyrs.com.cn/*
d7f168a17ded4aaf3bf3aefa1a9739a3,1156510100,93,m.cdwyzs.cn/*
d8977b9ce71bca53c524114ca8599102,1156511500,11,www.scxblzs.com/*
d919265ed0333e4342531b31a3a1b24a,1156510100,1,m.chuanhaozs.com/*
d9226337e1208559da7ec0a03781cccc,1156510100,21,m.cdwyzs.cn/*
d9733e747822168e3a75795194c36458,1156510100,3,cd.m.dyrs.com.cn/*
d980dcbec2b54adbc3533039d337b70d,1156511000,20,m.cdwyzs.cn/*
d9fdf4d2298c625c5be353fc66a6b3cd,1156510100,1,www.ztxzsjt.com/*
da065fd853122b6fdf93f8585d61d84d,1156510100,2,cd.m.dyrs.com.cn/*
da15a07283f63683940291f94640a94b,1156510100,4,m.cdwyzs.cn/*
da17555a672722fdb2889973242acbd5,1156510100,14,m.cdlrzs.com/*
da1ac429997c3612aee065f8d4633e4b,1156510100,26,m.cdwyzs.cn/*
da2092479ef31b78610dcc0f2012fb7a,1156500000,6,m.shj.cn/*
da5a270b5b0ea89a7ff72b7d794ff1b1,1156511300,129,www.bzzss.com/*
daf63cc8da242aebcaf7b475ddd388b6,1156510300,26,m.cdwyzs.cn/*
db94e8bd0d908b8440b44aed242b70a1,1156510100,16,m.cdwyzs.cn/*
dc6c6aa442c400a6ccd79a48b89d8b6e,1156510300,25,www.ztxzsjt.com/*
dcc6fe15d124d7a118559afd606d476a,1156513200,3,m.shj.cn/*
dcc9a5c564a78900a4ca67b1dccfd999,1156511500,16,m.cdwyzs.cn/*
dcefc9fbbd0f11a146cb8f3ba8c3f8c9,1156510500,32,m.cdwyzs.cn/*
dd26a3174a226af562763df15a98cae1,1156513400,8,m.shj.cn/*
dda6127fcc2b1ee682d2017de552da57,1156500000,58,m.cdwyzs.cn/*
ddb2324c99d238ce3b464e5d1e9d9802,1156510500,2,m.cdwyzs.cn/*
dde70a87c960312fea8480faf22e071a,1156510100,12,m.cdlrzs.com/*
ddeef7d15b9bb7c6ef3d7579c389a7d1,1156511300,20,m.cdwyzs.cn/*
de485c0d93baeaaa036a1a6b785f113b,1156511900,40,m.chuanhaozs.com/*
de6bee7e64fb84b1e866bce003f5438f,1156511400,62,m.cdwyzs.cn/*
de83f145d1edd8cf48c9ff1e90d70d06,1156511300,30,m.cdwyzs.cn/*
df0220e48577067b5dc50b81d454edab,1156511700,10,m.cdwyzs.cn/*
df07a06448508152c73e4f101ddd835d,1156511000,75,www.u-workshop.com/*
df38a06baac67806a0acdc7628c1febf,1156511100,4,www.scxblzs.com/*
dfb601ceeddb4a0a069bdf2f8525d314,1156510100,7,m.cdlrzs.com/*
dfc83b0b1468b6ac214667f4f888bd78,1156510100,17,m.cdlrzs.com/*
dfec573b1c10841024876db59cf28b5b,1156310000,2,m.bjlongfa.cn/*
dfedde823072fa28c9f9a441a951fcaf,1156511500,6,m.cdwyzs.cn/*
e0075c27719b82a53e5ec18477943b0d,1156512000,20,m.chuanhaozs.com/*
e01af3e1fd1bb5cf78dcbc65064a3e40,1156511700,1,m.cdwyzs.cn/*
e03c13de75afd3cd78e54988c7fa632c,1156510500,10,www.bzzss.com/*
e044889e9c98a8deaea22aeed0bbea7e,1156511000,17,m.cdwyzs.cn/*
e06b44f67d102eb73d9b906c566743cb,1156510100,58,m.cdwyzs.cn/*
e0a0b29fa6afc6e27767e1060d644dc1,1156511600,51,m.cdwyzs.cn/*
e0b43d8564f4c6ea782093517254a5c2,1156511300,41,m.cdwyzs.cn/*
e1ef3de3bf99c64d415d406ae5d1bf2d,1156511100,78,m.cdwyzs.cn/*
e204a74adaac26113f52f8aee3ca6e8d,1156510300,24,m.cdwyzs.cn/*
e21af4b3802fa462c545032879be1d95,1156511600,45,m.chuanhaozs.com/*
e2428f04b6ac78245377a9ddfeb247dc,1156510100,3,m.shj.cn/*
e295fa020b7f9e44a3d3a3effea49f44,1156510600,69,m.cdwyzs.cn/*
e2d41a17c0b2a681834badb220e34292,1156510300,1,m.chuanhaozs.com/*
e30abcc116825d79eeb84d994ca7599d,1156510100,18,www.scxblzs.com/*
e35bb152a65a0595d83c96afb4947b58,1156510300,3,www.ch028.net/*
e3e581c1c4a2d0f280c31de1cfae84e6,1156510100,64,m.cdwyzs.cn/*
e3ef801627983db2b9ec72a0c5617c27,1156510100,9,m.cdwyzs.cn/*
e41575d31f434f8bcea1ce07570a9378,1156511400,13,m.shj.cn/*
e4a8d5e5f7abe25a3fff3ccba1829111,1156510100,26,m.cdwyzs.cn/*
e53192aa884a81707828fd0bf80abe43,1156510100,2,m.bzzss.com/*
e5362f03d3a542141230a258bebe11f4,1156511500,3,cd.m.dyrs.com.cn/*
e564379ffde880395dec1b5e42b0f7cd,1156510500,4,cd.m.dyrs.com.cn/*
e56f311db73808861bbc6e49a4f4c0d5,1156511500,52,m.cdwyzs.cn/*
e59ffa7f450b327c325272a3cda5f393,1156110000,110,m.cdwyzs.cn/*
e6c6eae6ace6c54714a35bc1d24e5712,1156511500,28,m.cdwyzs.cn/*
e6dc40d9be358a46e89c959b25421149,1156510100,23,www.scxblzs.com/*
e7116f60cd03eee1664716c7325cb857,1156511500,3,www.scxblzs.com/*
e718b42baa5621bb3a057f1a5d1948ca,1156510900,1,m.cdwyzs.cn/*
e726c290d46414ec38e235619ae3ebcf,1156510100,11,www.u-workshop.com/*
e74dc3d4d382c0c4c7542a54c0788ab4,1156510300,18,m.cdwyzs.cn/*
e7c22e94619d83c9c603c54b4bd03dd8,1156510100,66,m.cdwyzs.cn/*
e8199db735e052f8f0125513fa5d9806,1156510100,73,m.cdwyzs.cn/*
e838cad5dce7cb26b12b3f7ab7451c1b,1156510100,9,m.cdwyzs.cn/*
e85dbef5cd0b6b3735455b9fe9f5a9d1,1156511400,70,m.cdwyzs.cn/*
e9140548185c44dae6f221f2ef38b7d4,1156510400,4,cd.m.dyrs.com.cn/*
e98163514c2d98fa0a54b1ecb55748ca,1156510100,9,m.cdlrzs.com/*
ea14b3bcafa907bc9908e2d07fa03d7f,1156511700,32,m.cdwyzs.cn/*
ea3dbb48c7e74dcc1581701a7733c8ca,1156510100,8,m.cdlrzs.com/*
ea857d609c9a2fa26365893aa19b55c2,1156510100,202,m.cdwyzs.cn/*
eabadd63a10fe2054fe5320907c1b25d,1156511500,8,m.cdwyzs.cn/*
ebaee1dba603b980cbd8dc85786349c7,1156510100,68,m.cdwyzs.cn/*
ebd87484d8e8f3942cce3f3bca652d13,1156510100,1,m.cdwyzs.cn/*
ebe611eb3f4f18f2769d783f02e5c7c5,1156510100,421,m.cdwyzs.cn/*
ec287f26d9911d30d2afe88a343c5d43,1156510100,3,cd.m.dyrs.com.cn/*
ec2e5d6b3769c78b0bebe42afbf9a546,1156510700,32,m.cdwyzs.cn/*
ec84cc585660b7eeab9d32d7b2f96905,1156510600,13,m.cdwyzs.cn/*
eca26da3197e4a84a1bbd49cf7ccf540,1156510100,29,m.cdwyzs.cn/*
ecbf33b3ae4babb30f602133a083230c,1156420100,1,cd.m.dyrs.com.cn/*
ecde2db7467b893d723dd0aac6162a93,1156511600,26,m.cdwyzs.cn/*
ed265b18c2ad5a667673f26e282dabcf,1156510100,213,m.cdwyzs.cn/*
ed4c1d7bcf17ef06b73e74949ea5e963,1156510100,36,m.chuanhaozs.com/*
eddf1f6a0183319035476b2cfa031e82,1156511800,16,m.cdwyzs.cn/*
ee162a3b1e1505349adc26753f94e28a,1156510700,35,m.cdwyzs.cn/*
ee5ac09f8e76d51833c543a22fab5c3a,1156510100,71,m.cdwyzs.cn/*
ee91e8f9b82f457c444264e87ea28c55,1156510100,10,m.cdwyzs.cn/*
eefbc556eb1173f1715d5928cb7c991a,1156510300,28,m.cdwyzs.cn/*
ef03f9138727502def173592d33b7fdc,1156510100,68,m.cdwyzs.cn/*
ef1977a0690261ffc545785fa67b7657,1156510100,64,m.cdwyzs.cn/*
ef453a0dc4a4e718d45bfc8347fd1ef8,1156510100,1,cd.m.dyrs.com.cn/*
ef4dd721dc849e1ccf2fea7d03da84b4,1156510100,37,m.cdwyzs.cn/*
ef7429f5ae216a9fef81769a3942a4a4,1156510100,10,www.wuyouzhuang.com.cn/toufang/h5/*
f03f6f8acff793ec376ebe06665a4d7b,1156512000,32,m.cdwyzs.cn/*
f05d7c3d1e4de0dd1b478764bb614c93,1156510100,23,m.cdwyzs.cn/*
f07f29ce609829c3401cee07bc947509,1156511300,26,m.cdwyzs.cn/*
f0ca5f25732f043fae4aa880a7e1cbe3,1156510100,34,www.cdluban.com/*
f0fd3ce7596986a6e5c6e14083ac520b,1156512000,3,cd.m.dyrs.com.cn/*
f16537685d4268b13bae4df934f175e4,1156510100,75,m.cdwyzs.cn/*
f1696fb0d6a4ccb7b2b8619da3f360d2,1156510100,51,m.cdwyzs.cn/*
f17b22c6ffa1bda29c7cf49755f843ea,1156510100,1,m.yzf.com.cn/*
f181b9dc2f91fcf86c8b8b636996d6d0,1156510100,68,m.cdwyzs.cn/*
f1bec0ff6afa9ee913c43ffa05b3f21b,1156511300,39,www.scxblzs.com/*
f1c5c4e04458866c6fa26cf581c3d72d,1156510100,66,m.cdwyzs.cn/*
f1d221a25105a56ec52a710391e4adce,1156510100,25,m.cdwyzs.cn/*
f1d66c61dd668dd4a4f04d983c839bc4,1156510100,21,www.bzzss.com/*
f1fa26cde5f2cf01147a1596283bd921,1156510100,19,m.cdwyzs.cn/*
f222dc4606ede0d26cbbaa18eb8706be,1156510800,1,www.ch028.net/*
f286c78336539d9f9c1cc8fef2dd4851,1156513400,1,www.ch028.net/*
f29af201c7acdac143ecc7d4845a7dd3,1156511300,12,m.cdwyzs.cn/*
f2de76c16a1b29903b15dffa1a19ab72,1156510100,2,m.shj.cn/*
f31b6dc04b2c9feca3988c7d23384db2,1156510100,1,cd.m.dyrs.com.cn/*
f3786ea7f5be859a7e1fad659da5f5d9,1156511400,18,www.ztxzsjt.com/*
f3aab6f18474a1bac9a1d69f5ae0925b,1156510100,8,m.shj.cn/*
f3c59cbf503fbc3d9d81ee0955589575,1156510100,3,m.cdwyzs.cn/*
f3c86b51eec89f6472c3f3c654f0a2c6,1156510400,53,m.cdlrzs.com/*
f3e1a288f1ffe70cb2f467f70f6ec92c,1156511700,33,m.cdzpg.com/*
f3e1f91292ec81236980f2b4ff04f371,1156510300,3,m.cdwyzs.cn/*
f48f65e94d918757b41885da15d4e195,1156510600,4,m.cdwyzs.cn/*
f4a9da648db67f3f8795fb01a1810e16,1156110000,1,cd.m.dyrs.com.cn/*
f4dc8428a5ed44815306a1bd55d3e616,1156511500,12,m.cdwyzs.cn/*
f5142d51d4f004da73086c0442acf57f,1156510100,31,m.cdwyzs.cn/*
f51a37e87aaa5b2664f5a4dcd068a2ed,1156510100,6,m.cdwyzs.cn/*
f5774595c5bb444a7d1db499af2478c2,1156510100,14,m.cdlrzs.com/*
f5ec36c761dd5f9942bbb1829ccae97c,1156510700,84,m.cdwyzs.cn/*
f5faea4bb0aa4a9ac3dc7c901d8cd28a,1156510100,44,m.cdwyzs.cn/*
f65db8932a9daaca72b94b9aeadb3d83,1156510100,3,cd.m.dyrs.com.cn/*
f6900242f02287d79097a022de287a1e,1156510100,59,m.cdwyzs.cn/*
f6ee3f1b27b0a443da9cbc0d20d1c774,1156510700,18,m.cdzpg.com/*
f781d955ceae98ba9a7ef6e0856bea1e,1156510100,13,m.cdlrzs.com/*
f7f1810b6ebef9ab61626af23f1d0848,1156510100,118,m.cdwyzs.cn/*
f8d7b2be8e7804507dc500418d0de974,1156512000,56,m.cdwyzs.cn/*
f8e67d9bb63330b50e05cb9b5f74c256,1156511300,1,www.u-workshop.com/*
f8fc0b5a046e3c6cfbd259518c2b591f,1156500000,51,m.cdwyzs.cn/*
f9128e4a932f03652be87f09c7a6c819,1156511700,100,m.cdwyzs.cn/*
f9378fdc100291ce729c5e0e048f601c,1156511100,102,m.cdwyzs.cn/*
f9875bc72c90b04b81cd426eaa2f7e78,1156511100,39,m.chuanhaozs.com/*
f9afa241321b27882524d44556345dbb,1156511300,27,www.ztxzsjt.com/*
f9cb7a7a2b81f685c54b023f6d9e2b87,1156511900,10,m.cdlrzs.com/*
f9d76e3ef304c7907822d1ef2fb2e98d,1156511300,3,m.shj.cn/*
fa124ac2c5c17f345a38f36bc6a82d15,1156510100,26,m.cdwyzs.cn/*
fa3fcb46e174af15eb160d01758fbe97,1156513400,55,m.cdwyzs.cn/*
fa4aa60d4c556b966026ff66c37127d1,1156610100,77,www.ztxzsjt.com/*
fa62cae2ec96bc81f3be8b9c1cba00ff,1156510900,3,m.shj.cn/*
faa2628a920e5f57edd487f96cc805ff,1156511700,8,m.cdwyzs.cn/*
fab448f070f2b1bf3b481cf4b1a14cc6,1156512000,1,www.ch028.net/*
fb2652f5d0b792d1962d57f6a56e7507,1156510300,2,cd.m.dyrs.com.cn/*
fb5304f89208d841fe0b9d5a1967ec9f,1156510100,91,m.cdwyzs.cn/*
fbad2c59f0392b3ba78e4ff9c4ca5094,1156510100,50,m.cdwyzs.cn/*
fceac9ea787127c516ec22973057c149,1156510100,13,m.cdwyzs.cn/*
fd27da6b10816d2257ca877de216d30b,1156511300,102,m.cdwyzs.cn/*
fea60d43508f8f680f4627446ec24195,1156510100,115,m.cdwyzs.cn/*
ff3fe1d02af6b800042861fd2e9f1ef9,1156510500,2,m.cdwyzs.cn/*
ff7a41c13b4aad961cb46903419b31c6,1156510100,78,m.cdlrzs.com/*
ff956f4c7752848478b518dbd94fbddf,1156510100,14,www.wuyouzhuang.com.cn/toufang/h5/*
ffbdc5919b0e10305f7b50ed92337201,1156510100,2,cd.m.dyrs.com.cn/*
ffd55a2670156934f7c6858cd2f84873,1156512000,58,m.cdwyzs.cn/*
fff6f86fdc789580d93626265520038a,1156510400,49,www.cdsmhome.com/*
